[23/May/2023:00:00:04] UPDATING ACCOUNTS (JobID: 13943662-607b-4fdc-81ac-e568d0ce83e8)
 - New and modified: 0

[23/May/2023:00:00:04] DELETING ACCOUNTS (JobID: 13943662-607b-4fdc-81ac-e568d0ce83e8)
 - Deleted: 0

[23/May/2023:00:00:35] UPDATING PRODUCTS (JobID: 347f76b1-8f82-40f2-b1c1-59814b256d74)
 - New and modified: 0

[23/May/2023:00:00:36] UPDATING PREPAGATI (JobID: 9462e8d2-bf2e-430c-aa13-cd21387dfad3)
 - New and modified: 0

[23/May/2023:00:00:36] DELETING PREPAGATI (JobID: 9462e8d2-bf2e-430c-aa13-cd21387dfad3)
 - Deleted: 0

[23/May/2023:00:20:04] UPDATING ACCOUNTS (JobID: 3304be4f-283d-4ab3-b5d4-7f59e9548238)
 - New and modified: 0

[23/May/2023:00:20:04] DELETING ACCOUNTS (JobID: 3304be4f-283d-4ab3-b5d4-7f59e9548238)
 - Deleted: 0

[23/May/2023:00:20:36] UPDATING PRODUCTS (JobID: 4c1e1d51-44db-4d2c-ad53-a857d643446e)
 - New and modified: 0

[23/May/2023:00:20:38] UPDATING PREPAGATI (JobID: 425c0349-9cc9-4975-a9f6-a49c45d3b4a5)
 - New and modified: 0

[23/May/2023:00:20:38] DELETING PREPAGATI (JobID: 425c0349-9cc9-4975-a9f6-a49c45d3b4a5)
 - Deleted: 0

[23/May/2023:00:30:04] UPDATING ACCOUNTS (JobID: 606904d1-c1c2-4923-83f8-aeca6e4b5783)
 - New and modified: 0

[23/May/2023:00:30:04] DELETING ACCOUNTS (JobID: 606904d1-c1c2-4923-83f8-aeca6e4b5783)
 - Deleted: 0

[23/May/2023:00:30:37] UPDATING PRODUCTS (JobID: c2364fb9-992a-401b-b488-bcda271dc0cd)
 - New and modified: 0

[23/May/2023:00:30:38] UPDATING PREPAGATI (JobID: ed7b3b6a-37ea-4688-a391-7d84b6925e5b)
 - New and modified: 0

[23/May/2023:00:30:38] DELETING PREPAGATI (JobID: ed7b3b6a-37ea-4688-a391-7d84b6925e5b)
 - Deleted: 0

[23/May/2023:00:40:04] UPDATING ACCOUNTS (JobID: a559c1cd-6382-48a7-99b8-987fbb5e23ec)
 - New and modified: 0

[23/May/2023:00:40:04] DELETING ACCOUNTS (JobID: a559c1cd-6382-48a7-99b8-987fbb5e23ec)
 - Deleted: 0

[23/May/2023:00:40:36] UPDATING PRODUCTS (JobID: ce9da6ea-1a54-4f5b-9e6a-9356b1111c3a)
 - New and modified: 0

[23/May/2023:00:40:38] UPDATING PREPAGATI (JobID: b853ecd4-2b26-445d-a9df-3ebe7fc1bfeb)
 - New and modified: 0

[23/May/2023:00:40:38] DELETING PREPAGATI (JobID: b853ecd4-2b26-445d-a9df-3ebe7fc1bfeb)
 - Deleted: 0

[23/May/2023:01:00:04] UPDATING ACCOUNTS (JobID: a58ddbb2-402d-4f9f-98d5-a10efbd9c948)
 - New and modified: 0

[23/May/2023:01:00:04] DELETING ACCOUNTS (JobID: a58ddbb2-402d-4f9f-98d5-a10efbd9c948)
 - Deleted: 0

[23/May/2023:01:00:36] UPDATING PRODUCTS (JobID: d7cc7c08-4fea-4497-aae3-77e920f3b697)
 - New and modified: 0

[23/May/2023:01:00:38] UPDATING PREPAGATI (JobID: 271ba1b6-4152-4fda-aab5-7ee7fb08a673)
 - New and modified: 0

[23/May/2023:01:00:38] DELETING PREPAGATI (JobID: 271ba1b6-4152-4fda-aab5-7ee7fb08a673)
 - Deleted: 0

[23/May/2023:01:20:03] UPDATING ACCOUNTS (JobID: 83a6b6b7-4f15-43ef-aef4-177c85df0555)
 - New and modified: 0

[23/May/2023:01:20:03] DELETING ACCOUNTS (JobID: 83a6b6b7-4f15-43ef-aef4-177c85df0555)
 - Deleted: 0

[23/May/2023:01:20:35] UPDATING PRODUCTS (JobID: 2256865e-e222-4bab-8fb4-46825c0582ba)
 - New and modified: 0

[23/May/2023:01:20:37] UPDATING PREPAGATI (JobID: 8fc3d7dc-6013-4e9c-be46-4318e9b6ae32)
 - New and modified: 0

[23/May/2023:01:20:37] DELETING PREPAGATI (JobID: 8fc3d7dc-6013-4e9c-be46-4318e9b6ae32)
 - Deleted: 0

[23/May/2023:01:30:04] UPDATING ACCOUNTS (JobID: 9432e8af-2e7a-4502-88ea-11353c3ec0b7)
 - New and modified: 0

[23/May/2023:01:30:04] DELETING ACCOUNTS (JobID: 9432e8af-2e7a-4502-88ea-11353c3ec0b7)
 - Deleted: 0

[23/May/2023:01:30:36] UPDATING PRODUCTS (JobID: 70590d08-745f-4b0b-b50f-b2831611fb4e)
 - New and modified: 0

[23/May/2023:01:30:37] UPDATING PREPAGATI (JobID: c28e50f2-f52e-4aa6-a0f8-76165b9b62bb)
 - New and modified: 0

[23/May/2023:01:30:37] DELETING PREPAGATI (JobID: c28e50f2-f52e-4aa6-a0f8-76165b9b62bb)
 - Deleted: 0

[23/May/2023:01:50:04] UPDATING ACCOUNTS (JobID: 7771c2f5-7f68-4720-ba43-245e126d693a)
 - New and modified: 0

[23/May/2023:01:50:04] DELETING ACCOUNTS (JobID: 7771c2f5-7f68-4720-ba43-245e126d693a)
 - Deleted: 0

[23/May/2023:01:50:36] UPDATING PRODUCTS (JobID: dba0a773-20f2-4753-8dd8-f176a59a10de)
 - New and modified: 0

[23/May/2023:01:50:37] UPDATING PREPAGATI (JobID: ef4e02cb-5572-438f-8039-4c4d3feafe29)
 - New and modified: 0

[23/May/2023:01:50:37] DELETING PREPAGATI (JobID: ef4e02cb-5572-438f-8039-4c4d3feafe29)
 - Deleted: 0

[23/May/2023:02:10:04] UPDATING ACCOUNTS (JobID: a227692a-2f44-43ad-b71d-1e5cf49b942f)
 - New and modified: 0

[23/May/2023:02:10:04] DELETING ACCOUNTS (JobID: a227692a-2f44-43ad-b71d-1e5cf49b942f)
 - Deleted: 0

[23/May/2023:02:10:37] UPDATING PRODUCTS (JobID: 811cc0ae-576d-48db-acfc-3d595b770876)
 - New and modified: 0

[23/May/2023:02:10:39] UPDATING PREPAGATI (JobID: c17e2e95-60e1-46c0-8ed0-6b07e5b7c344)
 - New and modified: 0

[23/May/2023:02:10:39] DELETING PREPAGATI (JobID: c17e2e95-60e1-46c0-8ed0-6b07e5b7c344)
 - Deleted: 0

[23/May/2023:02:20:03] UPDATING ACCOUNTS (JobID: fbf11b16-05fd-4b3c-a2d5-718ffda97189)
 - New and modified: 0

[23/May/2023:02:20:03] DELETING ACCOUNTS (JobID: fbf11b16-05fd-4b3c-a2d5-718ffda97189)
 - Deleted: 0

[23/May/2023:02:20:36] UPDATING PRODUCTS (JobID: 272ccae8-134c-4940-ba66-b8fafec66f8e)
 - New and modified: 0

[23/May/2023:02:20:37] UPDATING PREPAGATI (JobID: 0e1ea58c-d3f2-487f-95e4-f56e1352a523)
 - New and modified: 0

[23/May/2023:02:20:37] DELETING PREPAGATI (JobID: 0e1ea58c-d3f2-487f-95e4-f56e1352a523)
 - Deleted: 0

[23/May/2023:03:00:04] UPDATING ACCOUNTS (JobID: 8049f788-11d2-436e-ad83-acc17fea612c)
 - New and modified: 0

[23/May/2023:03:00:04] DELETING ACCOUNTS (JobID: 8049f788-11d2-436e-ad83-acc17fea612c)
 - Deleted: 0

[23/May/2023:03:00:36] UPDATING PRODUCTS (JobID: 9e6ece91-43f2-4fc1-9947-dc99cc9850b7)
 - New and modified: 0

[23/May/2023:03:00:38] UPDATING PREPAGATI (JobID: aaa8acc0-29a5-434f-b564-f5c47313ff91)
 - New and modified: 0

[23/May/2023:03:00:38] DELETING PREPAGATI (JobID: aaa8acc0-29a5-434f-b564-f5c47313ff91)
 - Deleted: 0

[23/May/2023:03:30:04] UPDATING ACCOUNTS (JobID: 315ebbdb-dcfc-49a5-9a2b-5aeaebdbd20c)
 - New and modified: 0

[23/May/2023:03:30:04] DELETING ACCOUNTS (JobID: 315ebbdb-dcfc-49a5-9a2b-5aeaebdbd20c)
 - Deleted: 0

[23/May/2023:03:30:39] UPDATING PRODUCTS (JobID: 4557ed02-296b-4e6a-bb4a-9ff2875f6b91)
 - New and modified: 0

[23/May/2023:03:30:41] UPDATING PREPAGATI (JobID: 46f8efc1-9ee5-4b72-910d-9be9c0072a41)
 - New and modified: 0

[23/May/2023:03:30:41] DELETING PREPAGATI (JobID: 46f8efc1-9ee5-4b72-910d-9be9c0072a41)
 - Deleted: 0

[23/May/2023:03:40:05] UPDATING ACCOUNTS (JobID: 55fc9bfa-f1a1-401e-803e-5a1e9d860eab)
 - New and modified: 0

[23/May/2023:03:40:05] DELETING ACCOUNTS (JobID: 55fc9bfa-f1a1-401e-803e-5a1e9d860eab)
 - Deleted: 0

[23/May/2023:03:40:37] UPDATING PRODUCTS (JobID: 8b321bfa-5888-46bc-b7dd-4edc0adb06d7)
 - New and modified: 0

[23/May/2023:03:40:39] UPDATING PREPAGATI (JobID: 93c0c275-89bf-4b9d-8b47-e1ac8db1a4b7)
 - New and modified: 0

[23/May/2023:03:40:39] DELETING PREPAGATI (JobID: 93c0c275-89bf-4b9d-8b47-e1ac8db1a4b7)
 - Deleted: 0

[23/May/2023:04:20:05] UPDATING ACCOUNTS (JobID: 07eaf7c3-7868-49bf-aa11-44e62c15a6c3)
 - New and modified: 0

[23/May/2023:04:20:05] DELETING ACCOUNTS (JobID: 07eaf7c3-7868-49bf-aa11-44e62c15a6c3)
 - Deleted: 0

[23/May/2023:04:20:40] UPDATING PRODUCTS (JobID: fb085f1b-0685-429d-a7a0-d19609c83c0d)
 - New and modified: 0

[23/May/2023:04:20:42] UPDATING PREPAGATI (JobID: 7f10266c-3117-4f7b-8dc4-27084e6208eb)
 - New and modified: 0

[23/May/2023:04:20:42] DELETING PREPAGATI (JobID: 7f10266c-3117-4f7b-8dc4-27084e6208eb)
 - Deleted: 0

[23/May/2023:05:00:06] UPDATING ACCOUNTS (JobID: c797655c-2db2-4d5d-92b8-20e8e36e62c0)
 - New and modified: 0

[23/May/2023:05:00:06] DELETING ACCOUNTS (JobID: c797655c-2db2-4d5d-92b8-20e8e36e62c0)
 - Deleted: 0

[23/May/2023:05:00:42] UPDATING PRODUCTS (JobID: 18c259ca-66f9-4ff9-882e-12195aeea957)
 - New and modified: 0

[23/May/2023:05:00:43] UPDATING PREPAGATI (JobID: 76aa7e50-dc57-41ac-bb3e-cca40a176694)
 - New and modified: 0

[23/May/2023:05:00:43] DELETING PREPAGATI (JobID: 76aa7e50-dc57-41ac-bb3e-cca40a176694)
 - Deleted: 0

[23/May/2023:05:40:03] UPDATING ACCOUNTS (JobID: 91b4aadd-8381-4088-b999-b3a7cdc62cd3)
 - New and modified: 0

[23/May/2023:05:40:03] DELETING ACCOUNTS (JobID: 91b4aadd-8381-4088-b999-b3a7cdc62cd3)
 - Deleted: 0

[23/May/2023:05:40:36] UPDATING PRODUCTS (JobID: dcec1756-cdda-46ef-a720-57c9ae5282f1)
 - New and modified: 0

[23/May/2023:05:40:38] UPDATING PREPAGATI (JobID: 902916ca-bb27-45b3-a160-bcd1bf8ea343)
 - New and modified: 0

[23/May/2023:05:40:38] DELETING PREPAGATI (JobID: 902916ca-bb27-45b3-a160-bcd1bf8ea343)
 - Deleted: 0

[23/May/2023:05:50:04] UPDATING ACCOUNTS (JobID: 41d0ac4e-9f99-4078-a951-584c571bb7d5)
 - New and modified: 0

[23/May/2023:05:50:04] DELETING ACCOUNTS (JobID: 41d0ac4e-9f99-4078-a951-584c571bb7d5)
 - Deleted: 0

[23/May/2023:05:50:36] UPDATING PRODUCTS (JobID: 27869010-bc2e-45eb-86fc-4a8d374b542e)
 - New and modified: 0

[23/May/2023:05:50:37] UPDATING PREPAGATI (JobID: a24391f6-4bdc-45d1-a618-7b0b5b89c37d)
 - New and modified: 0

[23/May/2023:05:50:37] DELETING PREPAGATI (JobID: a24391f6-4bdc-45d1-a618-7b0b5b89c37d)
 - Deleted: 0

[23/May/2023:06:10:04] UPDATING ACCOUNTS (JobID: 09b4a1be-d886-4880-be31-488642bf482a)
 - New and modified: 0

[23/May/2023:06:10:04] DELETING ACCOUNTS (JobID: 09b4a1be-d886-4880-be31-488642bf482a)
 - Deleted: 0

[23/May/2023:06:10:37] UPDATING PRODUCTS (JobID: 527f119f-8c23-41ba-91aa-38e22e17df29)
 - New and modified: 0

[23/May/2023:06:10:39] UPDATING PREPAGATI (JobID: 43ea1a0d-883f-4b10-a5bc-8233b87e8fd5)
 - New and modified: 0

[23/May/2023:06:10:39] DELETING PREPAGATI (JobID: 43ea1a0d-883f-4b10-a5bc-8233b87e8fd5)
 - Deleted: 0

[23/May/2023:06:20:04] UPDATING ACCOUNTS (JobID: 0b33227b-527d-4ff7-bdfd-2b08c5923af9)
 - New and modified: 0

[23/May/2023:06:20:04] DELETING ACCOUNTS (JobID: 0b33227b-527d-4ff7-bdfd-2b08c5923af9)
 - Deleted: 0

[23/May/2023:06:20:36] UPDATING PRODUCTS (JobID: 6866023e-7506-49dd-9771-e6ed2c2f2171)
 - New and modified: 0

[23/May/2023:06:20:38] UPDATING PREPAGATI (JobID: c3bf2807-e851-4b20-8138-714a7427dc7e)
 - New and modified: 0

[23/May/2023:06:20:38] DELETING PREPAGATI (JobID: c3bf2807-e851-4b20-8138-714a7427dc7e)
 - Deleted: 0

[23/May/2023:06:30:04] UPDATING ACCOUNTS (JobID: e4e95fa8-cf43-4453-8d9a-068287c808f4)
 - New and modified: 0

[23/May/2023:06:30:04] DELETING ACCOUNTS (JobID: e4e95fa8-cf43-4453-8d9a-068287c808f4)
 - Deleted: 0

[23/May/2023:06:30:37] UPDATING PRODUCTS (JobID: e9b31bdf-41e0-4544-8671-35c524915e75)
 - New and modified: 0

[23/May/2023:06:30:39] UPDATING PREPAGATI (JobID: a5299d6d-da54-41b7-a169-eb9513c83174)
 - New and modified: 0

[23/May/2023:06:30:39] DELETING PREPAGATI (JobID: a5299d6d-da54-41b7-a169-eb9513c83174)
 - Deleted: 0

[23/May/2023:07:20:04] UPDATING ACCOUNTS (JobID: 4080943c-f088-4f11-8fc0-e6db03881a19)
 - New and modified: 0

[23/May/2023:07:20:04] DELETING ACCOUNTS (JobID: 4080943c-f088-4f11-8fc0-e6db03881a19)
 - Deleted: 0

[23/May/2023:07:20:39] UPDATING PRODUCTS (JobID: 086ab047-29d7-4415-b5dd-64a3ccd7eb49)
 - New and modified: 0

[23/May/2023:07:20:40] UPDATING PREPAGATI (JobID: 827cf603-ba31-4eef-bc66-4f028efef7fd)
 - New and modified: 0

[23/May/2023:07:20:40] DELETING PREPAGATI (JobID: 827cf603-ba31-4eef-bc66-4f028efef7fd)
 - Deleted: 0

[23/May/2023:07:30:04] UPDATING ACCOUNTS (JobID: c2c62d71-49e6-4600-9b85-cdab57212150)
 - New and modified: 0

[23/May/2023:07:30:04] DELETING ACCOUNTS (JobID: c2c62d71-49e6-4600-9b85-cdab57212150)
 - Deleted: 0

[23/May/2023:07:30:41] UPDATING PRODUCTS (JobID: 5a3d2a33-5e31-43b4-a889-e25e51ce2a26)
 - New and modified: 0

[23/May/2023:07:30:43] UPDATING PREPAGATI (JobID: c1504e07-9026-4502-be65-85436343f399)
 - New and modified: 0

[23/May/2023:07:30:43] DELETING PREPAGATI (JobID: c1504e07-9026-4502-be65-85436343f399)
 - Deleted: 0

[23/May/2023:07:40:04] UPDATING ACCOUNTS (JobID: 95966fa9-ebe4-44c7-a321-064d87fb4d7f)
 - New and modified: 0

[23/May/2023:07:40:04] DELETING ACCOUNTS (JobID: 95966fa9-ebe4-44c7-a321-064d87fb4d7f)
 - Deleted: 0

[23/May/2023:07:40:43] UPDATING PRODUCTS (JobID: 220e9e64-d8af-466b-a054-f2a63429822f)
 - New and modified: 0

[23/May/2023:07:40:45] UPDATING PREPAGATI (JobID: 032389ec-f421-4a37-be95-813b725d7c7f)
 - New and modified: 0

[23/May/2023:07:40:45] DELETING PREPAGATI (JobID: 032389ec-f421-4a37-be95-813b725d7c7f)
 - Deleted: 0

[23/May/2023:07:50:05] UPDATING ACCOUNTS (JobID: 419b185d-3639-449f-97d8-e949f7802403)
 - New and modified: 0

[23/May/2023:07:50:05] DELETING ACCOUNTS (JobID: 419b185d-3639-449f-97d8-e949f7802403)
 - Deleted: 0

[23/May/2023:07:50:45] UPDATING PRODUCTS (JobID: 5be5384c-ecbb-4318-a968-e7851f3684db)
 - New and modified: 0

[23/May/2023:07:50:47] UPDATING PREPAGATI (JobID: 96ab9ac7-51e4-4ef5-a6c5-6db0c96f298e)
 - New and modified: 0

[23/May/2023:07:50:47] DELETING PREPAGATI (JobID: 96ab9ac7-51e4-4ef5-a6c5-6db0c96f298e)
 - Deleted: 0

[23/May/2023:08:20:05] UPDATING ACCOUNTS (JobID: 8e202fda-5a36-4f8a-85b8-38b682371413)
 - New and modified: 0

[23/May/2023:08:20:05] DELETING ACCOUNTS (JobID: 8e202fda-5a36-4f8a-85b8-38b682371413)
 - Deleted: 0

[23/May/2023:08:20:43] UPDATING PRODUCTS (JobID: cb6c5366-b676-4ecd-8c95-a851ea6b4248)
 - New and modified: 0

[23/May/2023:08:20:45] UPDATING PREPAGATI (JobID: ba7182a8-6c69-4f6e-afc8-0715bb1a35e1)
 - New and modified: 0

[23/May/2023:08:20:45] DELETING PREPAGATI (JobID: ba7182a8-6c69-4f6e-afc8-0715bb1a35e1)
 - Deleted: 0

[23/May/2023:09:10:06] UPDATING ACCOUNTS (JobID: 7f270b20-7090-43ae-89fc-60f06c4eacec)
 - New and modified: 0

[23/May/2023:09:10:06] DELETING ACCOUNTS (JobID: 7f270b20-7090-43ae-89fc-60f06c4eacec)
 - Deleted: 0

[23/May/2023:09:10:51] UPDATING PRODUCTS (JobID: 09a4fa7f-be54-44fb-8a08-f0ef0123b075)
 - New and modified: 0

[23/May/2023:09:10:54] UPDATING PREPAGATI (JobID: 83a9d748-f2f7-42d6-8cc5-5c37fac2b6d2)
 - New and modified: 0

[23/May/2023:09:10:54] DELETING PREPAGATI (JobID: 83a9d748-f2f7-42d6-8cc5-5c37fac2b6d2)
 - Deleted: 0

[23/May/2023:10:00:05] UPDATING ACCOUNTS (JobID: 6b51fa67-97ec-40b0-ba45-8bd2b122798a)
 - New and modified: 0

[23/May/2023:10:00:05] DELETING ACCOUNTS (JobID: 6b51fa67-97ec-40b0-ba45-8bd2b122798a)
 - Deleted: 0

[23/May/2023:10:00:45] UPDATING PRODUCTS (JobID: 1e4060b1-9343-461e-85fa-0723b27f2eb6)
 - New and modified: 0

[23/May/2023:10:00:48] UPDATING PREPAGATI (JobID: 063fc51c-953c-4419-bbf9-634884316454)
 - New and modified: 0

[23/May/2023:10:00:48] DELETING PREPAGATI (JobID: 063fc51c-953c-4419-bbf9-634884316454)
 - Deleted: 0

[23/May/2023:10:10:05] UPDATING ACCOUNTS (JobID: e1ecef86-963e-46f0-b060-0628d90172ba)
 - New and modified: 0

[23/May/2023:10:10:05] DELETING ACCOUNTS (JobID: e1ecef86-963e-46f0-b060-0628d90172ba)
 - Deleted: 0

[23/May/2023:10:10:46] UPDATING PRODUCTS (JobID: 2802aa5f-850b-4b2a-a87d-2a90a541462f)
 - New and modified: 0

[23/May/2023:10:10:48] UPDATING PREPAGATI (JobID: 3445a3b1-2606-4554-a07b-3e870be8cb55)
 - New and modified: 0

[23/May/2023:10:10:48] DELETING PREPAGATI (JobID: 3445a3b1-2606-4554-a07b-3e870be8cb55)
 - Deleted: 0

[23/May/2023:10:20:06] UPDATING ACCOUNTS (JobID: 4628106e-f78b-441b-8275-7c56725c6c80)
 - New and modified: 0

[23/May/2023:10:20:06] DELETING ACCOUNTS (JobID: 4628106e-f78b-441b-8275-7c56725c6c80)
 - Deleted: 0

[23/May/2023:10:20:47] UPDATING PRODUCTS (JobID: 25e4fd91-4e62-4cb1-aa6f-d9eee0664ccf)
 - New and modified: 0

[23/May/2023:10:20:49] UPDATING PREPAGATI (JobID: 42ac7d32-12f2-4d83-8580-3652153bf237)
 - New and modified: 0

[23/May/2023:10:20:49] DELETING PREPAGATI (JobID: 42ac7d32-12f2-4d83-8580-3652153bf237)
 - Deleted: 0

[23/May/2023:10:40:05] UPDATING ACCOUNTS (JobID: 958e3282-309a-4e2d-8cc2-a660152b99d8)
 - New and modified: 0

[23/May/2023:10:40:05] DELETING ACCOUNTS (JobID: 958e3282-309a-4e2d-8cc2-a660152b99d8)
 - Deleted: 0

[23/May/2023:10:40:45] UPDATING PRODUCTS (JobID: cb143c54-73b7-435a-a9e8-800027e46c3c)
 - New and modified: 0

[23/May/2023:10:40:47] UPDATING PREPAGATI (JobID: 7e2d345d-3c1f-49e3-b0e4-5c4eb4fc9df5)
 - New and modified: 0

[23/May/2023:10:40:47] DELETING PREPAGATI (JobID: 7e2d345d-3c1f-49e3-b0e4-5c4eb4fc9df5)
 - Deleted: 0

[23/May/2023:11:00:05] UPDATING ACCOUNTS (JobID: d3e99f16-d710-4a26-849c-ac6ec934539b)
 - New and modified: 0

[23/May/2023:11:00:05] DELETING ACCOUNTS (JobID: d3e99f16-d710-4a26-849c-ac6ec934539b)
 - Deleted: 0

[23/May/2023:11:00:47] UPDATING PRODUCTS (JobID: 8a262bb6-95a6-4786-82d6-fded0b1f9ad4)
 - New and modified: 0

[23/May/2023:11:00:50] UPDATING PREPAGATI (JobID: 1652af99-c86c-46a6-ad38-81b6ca2ed6ef)
 - New and modified: 0

[23/May/2023:11:00:50] DELETING PREPAGATI (JobID: 1652af99-c86c-46a6-ad38-81b6ca2ed6ef)
 - Deleted: 0

[23/May/2023:11:10:05] UPDATING ACCOUNTS (JobID: aa9a5a1c-4fd0-4ea5-ab30-5f8d378aa2a9)
 - New and modified: 0

[23/May/2023:11:10:05] DELETING ACCOUNTS (JobID: aa9a5a1c-4fd0-4ea5-ab30-5f8d378aa2a9)
 - Deleted: 0

[23/May/2023:11:10:42] UPDATING PRODUCTS (JobID: 60841dd1-8ec4-4174-8cd0-e2509baba879)
 - New and modified: 0

[23/May/2023:11:10:43] UPDATING PREPAGATI (JobID: 772fdf19-c312-448d-ada1-16f17f6e7292)
 - New and modified: 0

[23/May/2023:11:10:43] DELETING PREPAGATI (JobID: 772fdf19-c312-448d-ada1-16f17f6e7292)
 - Deleted: 0

[23/May/2023:11:30:04] UPDATING ACCOUNTS (JobID: c5fa4f39-1891-4107-9e77-7e2c6eec1dae)
 - New and modified: 0

[23/May/2023:11:30:04] DELETING ACCOUNTS (JobID: c5fa4f39-1891-4107-9e77-7e2c6eec1dae)
 - Deleted: 0

[23/May/2023:11:30:40] UPDATING PRODUCTS (JobID: 3ca567dc-fac7-42fe-a4d9-77c89ca391c0)
 - New and modified: 0

[23/May/2023:11:30:42] UPDATING PREPAGATI (JobID: 653b2fd5-e9b3-4424-b28b-943fea2375dd)
 - New and modified: 0

[23/May/2023:11:30:42] DELETING PREPAGATI (JobID: 653b2fd5-e9b3-4424-b28b-943fea2375dd)
 - Deleted: 0

[23/May/2023:12:10:05] UPDATING ACCOUNTS (JobID: 388c82e7-eccf-40f7-ad69-ce6f5789da7c)
 - New and modified: 0

[23/May/2023:12:10:05] DELETING ACCOUNTS (JobID: 388c82e7-eccf-40f7-ad69-ce6f5789da7c)
 - Deleted: 0

[23/May/2023:12:10:39] UPDATING PRODUCTS (JobID: 2dc15afb-8ce9-44c1-a54c-c8bd65315c3d)
 - New and modified: 0

[23/May/2023:12:10:40] UPDATING PREPAGATI (JobID: 2f789d4d-ad19-4e6a-a56c-5fe1207ca7dd)
 - New and modified: 0

[23/May/2023:12:10:40] DELETING PREPAGATI (JobID: 2f789d4d-ad19-4e6a-a56c-5fe1207ca7dd)
 - Deleted: 0

[23/May/2023:12:30:05] UPDATING ACCOUNTS (JobID: 2fab9b03-09c5-40ab-9b65-65bd199c28f1)
 - New and modified: 0

[23/May/2023:12:30:05] DELETING ACCOUNTS (JobID: 2fab9b03-09c5-40ab-9b65-65bd199c28f1)
 - Deleted: 0

[23/May/2023:12:30:38] UPDATING PRODUCTS (JobID: 415c5afc-c9b4-4da6-b6ac-4e2b9e39f0c1)
 - New and modified: 0

[23/May/2023:12:30:40] UPDATING PREPAGATI (JobID: 390f5327-02c4-4cae-a0eb-99dd635c2f88)
 - New and modified: 0

[23/May/2023:12:30:40] DELETING PREPAGATI (JobID: 390f5327-02c4-4cae-a0eb-99dd635c2f88)
 - Deleted: 0

[23/May/2023:12:40:04] UPDATING ACCOUNTS (JobID: f176ea44-7f6e-4187-bfae-f129b3b0c178)
 - New and modified: 0

[23/May/2023:12:40:04] DELETING ACCOUNTS (JobID: f176ea44-7f6e-4187-bfae-f129b3b0c178)
 - Deleted: 0

[23/May/2023:12:40:40] UPDATING PRODUCTS (JobID: a6d4be22-362e-4f92-92e3-72e7fa14a1ce)
 - New and modified: 0

[23/May/2023:12:40:42] UPDATING PREPAGATI (JobID: e59ca2be-ce11-4cee-9edc-a4c1f857cb31)
 - New and modified: 0

[23/May/2023:12:40:42] DELETING PREPAGATI (JobID: e59ca2be-ce11-4cee-9edc-a4c1f857cb31)
 - Deleted: 0

[23/May/2023:13:10:05] UPDATING ACCOUNTS (JobID: 0808a622-cb7f-4aaf-b77e-e177952fbcc6)
 - New and modified: 0

[23/May/2023:13:10:05] DELETING ACCOUNTS (JobID: 0808a622-cb7f-4aaf-b77e-e177952fbcc6)
 - Deleted: 0

[23/May/2023:13:10:38] UPDATING PRODUCTS (JobID: 797e17e4-a5be-4f41-b6b3-da7cea7dac9f)
 - New and modified: 0

[23/May/2023:13:10:40] UPDATING PREPAGATI (JobID: 2c85281b-dcf6-429d-91c6-06e0cc9ea559)
 - New and modified: 0

[23/May/2023:13:10:40] DELETING PREPAGATI (JobID: 2c85281b-dcf6-429d-91c6-06e0cc9ea559)
 - Deleted: 0

[23/May/2023:13:20:04] UPDATING ACCOUNTS (JobID: e52cfd57-bd0b-4446-b8c5-2a092d8d8f79)
 - New and modified: 0

[23/May/2023:13:20:04] DELETING ACCOUNTS (JobID: e52cfd57-bd0b-4446-b8c5-2a092d8d8f79)
 - Deleted: 0

[23/May/2023:13:20:39] UPDATING PRODUCTS (JobID: 344f3933-5605-46a5-9023-9513794041b9)
 - New and modified: 0

[23/May/2023:13:20:42] UPDATING PREPAGATI (JobID: f834a9d8-30a5-4888-a9c7-e56f3f4980d2)
 - New and modified: 0

[23/May/2023:13:20:42] DELETING PREPAGATI (JobID: f834a9d8-30a5-4888-a9c7-e56f3f4980d2)
 - Deleted: 0

[23/May/2023:13:50:04] UPDATING ACCOUNTS (JobID: 1733bb70-1dbb-4822-84a7-bc9910e40aa1)
 - New and modified: 0

[23/May/2023:13:50:04] DELETING ACCOUNTS (JobID: 1733bb70-1dbb-4822-84a7-bc9910e40aa1)
 - Deleted: 0

[23/May/2023:13:50:40] UPDATING PRODUCTS (JobID: 28cb0355-7e3a-41fe-9f4e-a718c157e6ca)
 - New and modified: 0

[23/May/2023:13:50:42] UPDATING PREPAGATI (JobID: 3a209a54-d9d4-40d8-84e1-051f8cc45202)
 - New and modified: 0

[23/May/2023:13:50:42] DELETING PREPAGATI (JobID: 3a209a54-d9d4-40d8-84e1-051f8cc45202)
 - Deleted: 0

[23/May/2023:14:00:05] UPDATING ACCOUNTS (JobID: cdca2fb8-f36e-4676-8086-c38d9de9772c)
 - New and modified: 0

[23/May/2023:14:00:05] DELETING ACCOUNTS (JobID: cdca2fb8-f36e-4676-8086-c38d9de9772c)
 - Deleted: 0

[23/May/2023:14:00:41] UPDATING PRODUCTS (JobID: 1defeb7f-e11f-4644-b0dd-f5cbc4dd09b4)
 - New and modified: 0

[23/May/2023:14:00:43] UPDATING PREPAGATI (JobID: 4e80ec5b-633f-4972-b297-e3ab1ccba042)
 - New and modified: 0

[23/May/2023:14:00:43] DELETING PREPAGATI (JobID: 4e80ec5b-633f-4972-b297-e3ab1ccba042)
 - Deleted: 0

[23/May/2023:14:20:05] UPDATING ACCOUNTS (JobID: 8dc6fe5d-f7bf-4c49-a8f9-0ce9cb61c812)
 - New and modified: 0

[23/May/2023:14:20:05] DELETING ACCOUNTS (JobID: 8dc6fe5d-f7bf-4c49-a8f9-0ce9cb61c812)
 - Deleted: 0

[23/May/2023:14:20:40] UPDATING PRODUCTS (JobID: c011b44e-2535-44ec-846e-db449e0bcc37)
 - New and modified: 0

[23/May/2023:14:20:43] UPDATING PREPAGATI (JobID: 6eb5c693-2223-4b3d-bab3-cc4d6507cd29)
 - New and modified: 0

[23/May/2023:14:20:43] DELETING PREPAGATI (JobID: 6eb5c693-2223-4b3d-bab3-cc4d6507cd29)
 - Deleted: 0

[23/May/2023:15:10:04] UPDATING ACCOUNTS (JobID: 5b04dc96-d4c2-47f9-b86b-ab7f836504f0)
 - New and modified: 0

[23/May/2023:15:10:04] DELETING ACCOUNTS (JobID: 5b04dc96-d4c2-47f9-b86b-ab7f836504f0)
 - Deleted: 0

[23/May/2023:15:10:36] UPDATING PRODUCTS (JobID: 8b530279-a870-4935-b157-06d1e929dfbc)
 - New and modified: 0

[23/May/2023:15:10:38] UPDATING PREPAGATI (JobID: b46244c4-62de-421c-b227-e301be9d621f)
 - New and modified: 0

[23/May/2023:15:10:38] DELETING PREPAGATI (JobID: b46244c4-62de-421c-b227-e301be9d621f)
 - Deleted: 0

[23/May/2023:15:20:04] UPDATING ACCOUNTS (JobID: 93ee5a41-9af3-4775-95a5-211d24d3af13)
 - New and modified: 0

[23/May/2023:15:20:04] DELETING ACCOUNTS (JobID: 93ee5a41-9af3-4775-95a5-211d24d3af13)
 - Deleted: 0

[23/May/2023:15:20:37] UPDATING PRODUCTS (JobID: 6f383c84-de82-48b0-8b4d-cf17203abb13)
 - New and modified: 0

[23/May/2023:15:20:39] UPDATING PREPAGATI (JobID: a832d4d5-ed45-43d8-8118-9a40a57cf489)
 - New and modified: 0

[23/May/2023:15:20:39] DELETING PREPAGATI (JobID: a832d4d5-ed45-43d8-8118-9a40a57cf489)
 - Deleted: 0

[23/May/2023:15:40:05] UPDATING ACCOUNTS (JobID: 716e87b2-3b2d-4bbf-9d87-509afcb10315)
 - New and modified: 0

[23/May/2023:15:40:05] DELETING ACCOUNTS (JobID: 716e87b2-3b2d-4bbf-9d87-509afcb10315)
 - Deleted: 0

[23/May/2023:15:40:38] UPDATING PRODUCTS (JobID: 0db3c80b-b286-4259-9faa-2f96b686d558)
 - New and modified: 0

[23/May/2023:15:40:40] UPDATING PREPAGATI (JobID: fe48b94a-b707-4485-a372-b9522f72fc64)
 - New and modified: 0

[23/May/2023:15:40:40] DELETING PREPAGATI (JobID: fe48b94a-b707-4485-a372-b9522f72fc64)
 - Deleted: 0

[23/May/2023:16:00:05] UPDATING ACCOUNTS (JobID: 53f6dd79-99cb-47e4-a758-5696f613fe7a)
 - New and modified: 0

[23/May/2023:16:00:05] DELETING ACCOUNTS (JobID: 53f6dd79-99cb-47e4-a758-5696f613fe7a)
 - Deleted: 0

[23/May/2023:16:00:39] UPDATING PRODUCTS (JobID: 159ece17-bb4a-4d9f-be56-997eb08314c5)
 - New and modified: 0

[23/May/2023:16:00:40] UPDATING PREPAGATI (JobID: e21b9ec4-0748-45fe-9449-1f30cc63762c)
 - New and modified: 0

[23/May/2023:16:00:40] DELETING PREPAGATI (JobID: e21b9ec4-0748-45fe-9449-1f30cc63762c)
 - Deleted: 0

[23/May/2023:16:40:05] UPDATING ACCOUNTS (JobID: aede0295-3505-4fac-aa2a-1b37bbb0a392)
 - New and modified: 0

[23/May/2023:16:40:05] DELETING ACCOUNTS (JobID: aede0295-3505-4fac-aa2a-1b37bbb0a392)
 - Deleted: 0

[23/May/2023:16:40:38] UPDATING PRODUCTS (JobID: 54d998d0-987f-42a4-927a-713de5de5a21)
 - New and modified: 0

[23/May/2023:16:40:40] UPDATING PREPAGATI (JobID: cc68c923-d8c6-4574-92a8-caa693a740ef)
 - New and modified: 0

[23/May/2023:16:40:40] DELETING PREPAGATI (JobID: cc68c923-d8c6-4574-92a8-caa693a740ef)
 - Deleted: 0

[23/May/2023:16:50:04] UPDATING ACCOUNTS (JobID: 8b0aaa5f-abfc-48cf-ba63-36ea21bb9725)
 - New and modified: 0

[23/May/2023:16:50:04] DELETING ACCOUNTS (JobID: 8b0aaa5f-abfc-48cf-ba63-36ea21bb9725)
 - Deleted: 0

[23/May/2023:16:50:38] UPDATING PRODUCTS (JobID: 10804e3d-7667-4b83-8ec5-812ce65a5948)
 - New and modified: 0

[23/May/2023:16:50:40] UPDATING PREPAGATI (JobID: e3076360-ec83-4c18-a424-fe4442ee3c29)
 - New and modified: 0

[23/May/2023:16:50:40] DELETING PREPAGATI (JobID: e3076360-ec83-4c18-a424-fe4442ee3c29)
 - Deleted: 0

[23/May/2023:17:10:04] UPDATING ACCOUNTS (JobID: b0c1e8d6-be30-43fd-ae37-c3ff3b449afb)
 - New and modified: 0

[23/May/2023:17:10:04] DELETING ACCOUNTS (JobID: b0c1e8d6-be30-43fd-ae37-c3ff3b449afb)
 - Deleted: 0

[23/May/2023:17:10:37] UPDATING PRODUCTS (JobID: 927f50f7-7b48-4982-8dd3-0489194211fd)
 - New and modified: 0

[23/May/2023:17:10:39] UPDATING PREPAGATI (JobID: 4ac5cb9b-1b89-42a5-b168-923ed855731e)
 - New and modified: 0

[23/May/2023:17:10:39] DELETING PREPAGATI (JobID: 4ac5cb9b-1b89-42a5-b168-923ed855731e)
 - Deleted: 0

[23/May/2023:18:00:06] UPDATING ACCOUNTS (JobID: 39446da9-28d1-4543-aa0d-bd56915f12ca)
 - New and modified: 0

[23/May/2023:18:00:06] DELETING ACCOUNTS (JobID: 39446da9-28d1-4543-aa0d-bd56915f12ca)
 - Deleted: 0

[23/May/2023:18:00:42] UPDATING PRODUCTS (JobID: de601c63-9399-449e-b0d2-ef772da79345)
 - New and modified: 0

[23/May/2023:18:00:44] UPDATING PREPAGATI (JobID: cce02b96-34ca-48c1-8e10-c87f224c87ac)
 - New and modified: 0

[23/May/2023:18:00:44] DELETING PREPAGATI (JobID: cce02b96-34ca-48c1-8e10-c87f224c87ac)
 - Deleted: 0

[23/May/2023:18:20:04] UPDATING ACCOUNTS (JobID: 19173150-835a-439d-90d9-f61ccb599c5b)
 - New and modified: 0

[23/May/2023:18:20:04] DELETING ACCOUNTS (JobID: 19173150-835a-439d-90d9-f61ccb599c5b)
 - Deleted: 0

[23/May/2023:18:20:39] UPDATING PRODUCTS (JobID: 01866fa1-3230-478d-9a28-7af69d36218a)
 - New and modified: 0

[23/May/2023:18:20:41] UPDATING PREPAGATI (JobID: 7135284d-19ba-44cf-9909-bb45d7e0bf2b)
 - New and modified: 0

[23/May/2023:18:20:41] DELETING PREPAGATI (JobID: 7135284d-19ba-44cf-9909-bb45d7e0bf2b)
 - Deleted: 0

[23/May/2023:18:30:04] UPDATING ACCOUNTS (JobID: 0fdc4b49-d784-40e3-9bef-bd6c8cd5cc3e)
 - New and modified: 0

[23/May/2023:18:30:04] DELETING ACCOUNTS (JobID: 0fdc4b49-d784-40e3-9bef-bd6c8cd5cc3e)
 - Deleted: 0

[23/May/2023:18:30:40] UPDATING PRODUCTS (JobID: cba4b98a-d179-45f5-b72d-55295eb35bb1)
 - New and modified: 0

[23/May/2023:18:30:41] UPDATING PREPAGATI (JobID: 8a6daed4-1022-44e2-a275-1039afd8e8ff)
 - New and modified: 0

[23/May/2023:18:30:41] DELETING PREPAGATI (JobID: 8a6daed4-1022-44e2-a275-1039afd8e8ff)
 - Deleted: 0

[23/May/2023:19:00:16] UPDATING ACCOUNTS (JobID: bfe2e319-373e-4556-a3cc-32480a4292be)
 - New and modified: 0

[23/May/2023:19:00:16] DELETING ACCOUNTS (JobID: bfe2e319-373e-4556-a3cc-32480a4292be)
 - Deleted: 0

[23/May/2023:19:00:50] UPDATING PRODUCTS (JobID: 13bb0629-7a8c-400a-9af0-81b92e290425)
 - New and modified: 0

[23/May/2023:19:00:53] UPDATING PREPAGATI (JobID: f0b5bec2-0e9b-4056-9d27-7163611b2b40)
 - New and modified: 0

[23/May/2023:19:00:53] DELETING PREPAGATI (JobID: f0b5bec2-0e9b-4056-9d27-7163611b2b40)
 - Deleted: 0

[23/May/2023:19:10:04] UPDATING ACCOUNTS (JobID: 63d0fdbb-11a5-456e-a738-3030c7f33914)
 - New and modified: 0

[23/May/2023:19:10:04] DELETING ACCOUNTS (JobID: 63d0fdbb-11a5-456e-a738-3030c7f33914)
 - Deleted: 0

[23/May/2023:19:10:36] UPDATING PRODUCTS (JobID: f180b790-03ae-4567-ae16-161f22b5572f)
 - New and modified: 0

[23/May/2023:19:10:38] UPDATING PREPAGATI (JobID: 972af75b-2e87-44c7-a00f-f51113e00f27)
 - New and modified: 0

[23/May/2023:19:10:38] DELETING PREPAGATI (JobID: 972af75b-2e87-44c7-a00f-f51113e00f27)
 - Deleted: 0

[23/May/2023:19:20:04] UPDATING ACCOUNTS (JobID: b4eb61ec-8f9f-41f5-946b-8caf39f36753)
 - New and modified: 0

[23/May/2023:19:20:04] DELETING ACCOUNTS (JobID: b4eb61ec-8f9f-41f5-946b-8caf39f36753)
 - Deleted: 0

[23/May/2023:19:20:37] UPDATING PRODUCTS (JobID: bed94482-9e60-4c6f-b0f2-a99b7e23d427)
 - New and modified: 0

[23/May/2023:19:20:39] UPDATING PREPAGATI (JobID: c440eaaf-c463-439f-8b32-d4fbc413e977)
 - New and modified: 0

[23/May/2023:19:20:39] DELETING PREPAGATI (JobID: c440eaaf-c463-439f-8b32-d4fbc413e977)
 - Deleted: 0

[23/May/2023:19:50:03] UPDATING ACCOUNTS (JobID: 08328782-5f0f-4c9f-836c-9670fc4a6224)
 - New and modified: 0

[23/May/2023:19:50:03] DELETING ACCOUNTS (JobID: 08328782-5f0f-4c9f-836c-9670fc4a6224)
 - Deleted: 0

[23/May/2023:19:50:35] UPDATING PRODUCTS (JobID: 3e84bfde-6db9-4bb7-be92-48eb2af3dddd)
 - New and modified: 0

[23/May/2023:19:50:37] UPDATING PREPAGATI (JobID: 5d9f9c22-bdb5-4567-8ec0-8a15f6c47192)
 - New and modified: 0

[23/May/2023:19:50:37] DELETING PREPAGATI (JobID: 5d9f9c22-bdb5-4567-8ec0-8a15f6c47192)
 - Deleted: 0

[23/May/2023:20:10:04] UPDATING ACCOUNTS (JobID: 0e631a92-a19c-463f-8d23-63c0ecad15ac)
 - New and modified: 0

[23/May/2023:20:10:04] DELETING ACCOUNTS (JobID: 0e631a92-a19c-463f-8d23-63c0ecad15ac)
 - Deleted: 0

[23/May/2023:20:10:36] UPDATING PRODUCTS (JobID: 35ae734d-f228-475e-980b-3054530d0bc9)
 - New and modified: 0

[23/May/2023:20:10:37] UPDATING PREPAGATI (JobID: faf90364-a863-4e06-aa40-8f6ab520721a)
 - New and modified: 0

[23/May/2023:20:10:37] DELETING PREPAGATI (JobID: faf90364-a863-4e06-aa40-8f6ab520721a)
 - Deleted: 0

[23/May/2023:20:50:04] UPDATING ACCOUNTS (JobID: 3cfa90ca-780a-418f-82a7-1d8068469433)
 - New and modified: 0

[23/May/2023:20:50:04] DELETING ACCOUNTS (JobID: 3cfa90ca-780a-418f-82a7-1d8068469433)
 - Deleted: 0

[23/May/2023:20:50:35] UPDATING PRODUCTS (JobID: 91ae3895-3986-4233-95e0-b21eee0f5716)
 - New and modified: 0

[23/May/2023:20:50:37] UPDATING PREPAGATI (JobID: f36d0e84-356c-43f2-8265-3ea403ce896a)
 - New and modified: 0

[23/May/2023:20:50:37] DELETING PREPAGATI (JobID: f36d0e84-356c-43f2-8265-3ea403ce896a)
 - Deleted: 0

[23/May/2023:21:00:05] UPDATING ACCOUNTS (JobID: 8f3e9d05-e6e8-4d43-b846-7250ede1f77e)
 - New and modified: 0

[23/May/2023:21:00:05] DELETING ACCOUNTS (JobID: 8f3e9d05-e6e8-4d43-b846-7250ede1f77e)
 - Deleted: 0

[23/May/2023:21:00:38] UPDATING PRODUCTS (JobID: 779b40b0-3132-48a8-8ab8-b7afb86883f1)
 - New and modified: 0

[23/May/2023:21:00:39] UPDATING PREPAGATI (JobID: 1bf1dd0a-ce6a-47f4-95a4-33bf09c93b28)
 - New and modified: 0

[23/May/2023:21:00:39] DELETING PREPAGATI (JobID: 1bf1dd0a-ce6a-47f4-95a4-33bf09c93b28)
 - Deleted: 0

[23/May/2023:21:10:04] UPDATING ACCOUNTS (JobID: 961deb4a-19ac-4a8c-9199-9723ad3cdec5)
 - New and modified: 0

[23/May/2023:21:10:04] DELETING ACCOUNTS (JobID: 961deb4a-19ac-4a8c-9199-9723ad3cdec5)
 - Deleted: 0

[23/May/2023:21:10:37] UPDATING PRODUCTS (JobID: 6a818100-f145-4eef-833e-8138b9771ddc)
 - New and modified: 0

[23/May/2023:21:10:39] UPDATING PREPAGATI (JobID: 3c9d734a-b790-421d-971c-401b7b25d070)
 - New and modified: 0

[23/May/2023:21:10:39] DELETING PREPAGATI (JobID: 3c9d734a-b790-421d-971c-401b7b25d070)
 - Deleted: 0

[23/May/2023:22:00:05] UPDATING ACCOUNTS (JobID: 13cbc8c7-a7f9-4dbb-a80c-3ac44f0fc346)
 - New and modified: 0

[23/May/2023:22:00:05] DELETING ACCOUNTS (JobID: 13cbc8c7-a7f9-4dbb-a80c-3ac44f0fc346)
 - Deleted: 0

[23/May/2023:22:00:41] UPDATING PRODUCTS (JobID: 9a7f8d46-d5ed-44b4-b0a4-3ab82628f873)
 - New and modified: 0

[23/May/2023:22:00:43] UPDATING PREPAGATI (JobID: 9d8c42e7-b971-42cc-9dba-39687c614af5)
 - New and modified: 0

[23/May/2023:22:00:43] DELETING PREPAGATI (JobID: 9d8c42e7-b971-42cc-9dba-39687c614af5)
 - Deleted: 0

[23/May/2023:22:10:04] UPDATING ACCOUNTS (JobID: 74455862-d5ca-4ddb-a8a9-fbba6fe82e65)
 - New and modified: 0

[23/May/2023:22:10:04] DELETING ACCOUNTS (JobID: 74455862-d5ca-4ddb-a8a9-fbba6fe82e65)
 - Deleted: 0

[23/May/2023:22:10:41] UPDATING PRODUCTS (JobID: d1cd3d24-ff8a-48fe-bcad-e081dd4e1e87)
 - New and modified: 0

[23/May/2023:22:10:43] UPDATING PREPAGATI (JobID: 8e04f901-aeef-44c6-8941-8e41169a0ca7)
 - New and modified: 0

[23/May/2023:22:10:43] DELETING PREPAGATI (JobID: 8e04f901-aeef-44c6-8941-8e41169a0ca7)
 - Deleted: 0

[23/May/2023:22:50:05] UPDATING ACCOUNTS (JobID: b0fb0f40-3137-4fde-b9a7-0002e972bbc9)
 - New and modified: 0

[23/May/2023:22:50:05] DELETING ACCOUNTS (JobID: b0fb0f40-3137-4fde-b9a7-0002e972bbc9)
 - Deleted: 0

[23/May/2023:22:50:42] UPDATING PRODUCTS (JobID: 9e1e796f-e07e-40fc-b9f0-10eaf1681d22)
 - New and modified: 0

[23/May/2023:22:50:44] UPDATING PREPAGATI (JobID: 9c57491f-703d-4db6-84a2-43afa06d002d)
 - New and modified: 0

[23/May/2023:22:50:44] DELETING PREPAGATI (JobID: 9c57491f-703d-4db6-84a2-43afa06d002d)
 - Deleted: 0

[23/May/2023:23:00:04] UPDATING ACCOUNTS (JobID: f0b4c6dd-17e1-4f2a-bb3f-783b3bc10d75)
 - New and modified: 0

[23/May/2023:23:00:04] DELETING ACCOUNTS (JobID: f0b4c6dd-17e1-4f2a-bb3f-783b3bc10d75)
 - Deleted: 0

[23/May/2023:23:00:41] UPDATING PRODUCTS (JobID: 1ebcb679-a6a7-44fd-9acf-8ec293c9f898)
 - New and modified: 0

[23/May/2023:23:00:42] UPDATING PREPAGATI (JobID: 03022ba8-6426-46df-b357-6e8e1f8edf3f)
 - New and modified: 0

[23/May/2023:23:00:42] DELETING PREPAGATI (JobID: 03022ba8-6426-46df-b357-6e8e1f8edf3f)
 - Deleted: 0

[23/May/2023:23:10:04] UPDATING ACCOUNTS (JobID: fbbab4db-ebb1-43bc-9683-b8923a1d3b5f)
 - New and modified: 0

[23/May/2023:23:10:04] DELETING ACCOUNTS (JobID: fbbab4db-ebb1-43bc-9683-b8923a1d3b5f)
 - Deleted: 0

[23/May/2023:23:10:40] UPDATING PRODUCTS (JobID: 577a791d-a8e9-4304-b0d5-1152da7df933)
 - New and modified: 0

[23/May/2023:23:10:41] UPDATING PREPAGATI (JobID: 2aac037e-1237-48e5-9bd6-6d762fbf3c7d)
 - New and modified: 0

[23/May/2023:23:10:41] DELETING PREPAGATI (JobID: 2aac037e-1237-48e5-9bd6-6d762fbf3c7d)
 - Deleted: 0

[23/May/2023:23:20:04] UPDATING ACCOUNTS (JobID: 2ecd9620-fc08-4617-827b-087e7636cab1)
 - New and modified: 0

[23/May/2023:23:20:05] DELETING ACCOUNTS (JobID: 2ecd9620-fc08-4617-827b-087e7636cab1)
 - Deleted: 0

[23/May/2023:23:20:41] UPDATING PRODUCTS (JobID: 38255706-df7f-439a-a712-dbe890dd1a8b)
 - New and modified: 0

[23/May/2023:23:20:43] UPDATING PREPAGATI (JobID: 38cdadef-553a-4bd1-b3c2-7be8bfbd94e8)
 - New and modified: 0

[23/May/2023:23:20:43] DELETING PREPAGATI (JobID: 38cdadef-553a-4bd1-b3c2-7be8bfbd94e8)
 - Deleted: 0

[23/May/2023:23:40:04] UPDATING ACCOUNTS (JobID: 37f6e3dd-f391-4e8b-8663-fa27642e88eb)
 - New and modified: 0

[23/May/2023:23:40:04] DELETING ACCOUNTS (JobID: 37f6e3dd-f391-4e8b-8663-fa27642e88eb)
 - Deleted: 0

[23/May/2023:23:40:39] UPDATING PRODUCTS (JobID: d949d559-dc81-4603-bf3f-26b2c878fbcc)
 - New and modified: 0

[23/May/2023:23:40:40] UPDATING PREPAGATI (JobID: d8ef7bc9-8b4f-4739-8c27-af3b384d06f2)
 - New and modified: 0

[23/May/2023:23:40:40] DELETING PREPAGATI (JobID: d8ef7bc9-8b4f-4739-8c27-af3b384d06f2)
 - Deleted: 0

