[25/Apr/2023:00:00:04] UPDATING ACCOUNTS (JobID: 9bbcec97-78b6-484e-824a-66bf198ab9bb)
 - New and modified: 0

[25/Apr/2023:00:00:04] DELETING ACCOUNTS (JobID: 9bbcec97-78b6-484e-824a-66bf198ab9bb)
 - Deleted: 0

[25/Apr/2023:00:00:37] UPDATING PRODUCTS (JobID: 353ff6a3-0d11-4a6c-9afe-8ffce3926ed2)
 - New and modified: 0

[25/Apr/2023:00:00:39] UPDATING PREPAGATI (JobID: a2486f21-f7be-449c-a645-c96112705ae4)
 - New and modified: 0

[25/Apr/2023:00:00:39] DELETING PREPAGATI (JobID: a2486f21-f7be-449c-a645-c96112705ae4)
 - Deleted: 0

[25/Apr/2023:00:10:04] UPDATING ACCOUNTS (JobID: b31775ae-93e4-4828-a907-26574cc75268)
 - New and modified: 0

[25/Apr/2023:00:10:04] DELETING ACCOUNTS (JobID: b31775ae-93e4-4828-a907-26574cc75268)
 - Deleted: 0

[25/Apr/2023:00:10:39] UPDATING PRODUCTS (JobID: 4f22c031-66f8-46d5-9a00-18661292d2aa)
 - New and modified: 0

[25/Apr/2023:00:10:41] UPDATING PREPAGATI (JobID: f379ac21-6a07-4438-8870-c14e5d546fd5)
 - New and modified: 0

[25/Apr/2023:00:10:41] DELETING PREPAGATI (JobID: f379ac21-6a07-4438-8870-c14e5d546fd5)
 - Deleted: 0

[25/Apr/2023:00:20:04] UPDATING ACCOUNTS (JobID: 7504a76e-5686-428c-95a6-78aabd0e9fc2)
 - New and modified: 0

[25/Apr/2023:00:20:04] DELETING ACCOUNTS (JobID: 7504a76e-5686-428c-95a6-78aabd0e9fc2)
 - Deleted: 0

[25/Apr/2023:00:20:40] UPDATING PRODUCTS (JobID: db20b68b-b678-4084-8213-e0bb1697a000)
 - New and modified: 0

[25/Apr/2023:00:20:42] UPDATING PREPAGATI (JobID: f0c555e5-a9e9-41f7-b676-81ce09d43572)
 - New and modified: 0

[25/Apr/2023:00:20:42] DELETING PREPAGATI (JobID: f0c555e5-a9e9-41f7-b676-81ce09d43572)
 - Deleted: 0

[25/Apr/2023:00:30:05] UPDATING ACCOUNTS (JobID: 8a4cfdeb-be66-4325-a627-b2c74367fc23)
 - New and modified: 0

[25/Apr/2023:00:30:05] DELETING ACCOUNTS (JobID: 8a4cfdeb-be66-4325-a627-b2c74367fc23)
 - Deleted: 0

[25/Apr/2023:00:30:42] UPDATING PRODUCTS (JobID: e91e169e-4d0d-424d-a4dd-4f10409c44b2)
 - New and modified: 0

[25/Apr/2023:00:30:44] UPDATING PREPAGATI (JobID: fe711d9d-6b62-4b5a-88df-682877d6217e)
 - New and modified: 0

[25/Apr/2023:00:30:44] DELETING PREPAGATI (JobID: fe711d9d-6b62-4b5a-88df-682877d6217e)
 - Deleted: 0

[25/Apr/2023:00:40:04] UPDATING ACCOUNTS (JobID: a171c452-1340-4df4-9150-59db29af88e1)
 - New and modified: 0

[25/Apr/2023:00:40:04] DELETING ACCOUNTS (JobID: a171c452-1340-4df4-9150-59db29af88e1)
 - Deleted: 0

[25/Apr/2023:00:40:41] UPDATING PRODUCTS (JobID: df1f270a-be0b-41e0-b259-d522add4c7e1)
 - New and modified: 0

[25/Apr/2023:00:40:42] UPDATING PREPAGATI (JobID: 3c6beda1-30de-4ee0-94a4-162a60302b8b)
 - New and modified: 0

[25/Apr/2023:00:40:42] DELETING PREPAGATI (JobID: 3c6beda1-30de-4ee0-94a4-162a60302b8b)
 - Deleted: 0

[25/Apr/2023:00:50:03] UPDATING ACCOUNTS (JobID: 934a57bb-ca0e-4389-8d3d-e0cc49f62799)
 - New and modified: 0

[25/Apr/2023:00:50:03] DELETING ACCOUNTS (JobID: 934a57bb-ca0e-4389-8d3d-e0cc49f62799)
 - Deleted: 0

[25/Apr/2023:00:50:44] UPDATING PRODUCTS (JobID: 91745359-623b-4801-abc0-cd155af8bdba)
 - New and modified: 0

[25/Apr/2023:00:50:46] UPDATING PREPAGATI (JobID: cf57728d-15fb-47b1-952e-b1a2c2a49699)
 - New and modified: 0

[25/Apr/2023:00:50:46] DELETING PREPAGATI (JobID: cf57728d-15fb-47b1-952e-b1a2c2a49699)
 - Deleted: 0

[25/Apr/2023:01:00:04] UPDATING ACCOUNTS (JobID: 7469ee5b-81cb-4190-bd61-1f74a6a34f10)
 - New and modified: 0

[25/Apr/2023:01:00:04] DELETING ACCOUNTS (JobID: 7469ee5b-81cb-4190-bd61-1f74a6a34f10)
 - Deleted: 0

[25/Apr/2023:01:02:00] UPDATING PRODUCTS (JobID: a9759d42-ebcc-4248-bd18-73ed065618cf)
 - New and modified: 0

[25/Apr/2023:01:02:13] UPDATING PREPAGATI (JobID: d4f3d0f8-2fb5-428f-99c1-d68acf7fa2fb)
 - New and modified: 0

[25/Apr/2023:01:02:13] DELETING PREPAGATI (JobID: d4f3d0f8-2fb5-428f-99c1-d68acf7fa2fb)
 - Deleted: 0

[25/Apr/2023:01:10:09] UPDATING ACCOUNTS (JobID: 3bd15261-9b47-41b0-9348-030b0fa2f3ba)
 - New and modified: 0

[25/Apr/2023:01:10:09] DELETING ACCOUNTS (JobID: 3bd15261-9b47-41b0-9348-030b0fa2f3ba)
 - Deleted: 0

[25/Apr/2023:01:12:00] UPDATING PRODUCTS (JobID: de10969f-e865-4c0b-893e-a5a9bd57c555)
 - New and modified: 0

[25/Apr/2023:01:12:07] UPDATING PREPAGATI (JobID: 43ed4457-ad2b-47b2-bdf3-c2638e2ab030)
 - New and modified: 0

[25/Apr/2023:01:12:07] DELETING PREPAGATI (JobID: 43ed4457-ad2b-47b2-bdf3-c2638e2ab030)
 - Deleted: 0

[25/Apr/2023:01:20:10] UPDATING ACCOUNTS (JobID: 2a522a73-ec3c-4fd0-a22b-24d0d3a600a8)
 - New and modified: 0

[25/Apr/2023:01:20:10] DELETING ACCOUNTS (JobID: 2a522a73-ec3c-4fd0-a22b-24d0d3a600a8)
 - Deleted: 0

[25/Apr/2023:01:21:08] UPDATING PRODUCTS (JobID: 93e27bc5-1886-47a2-af3a-d1e6960fa3e3)
 - New and modified: 0

[25/Apr/2023:01:21:10] UPDATING PREPAGATI (JobID: 16e8d734-017b-4941-9750-aa642ebaa07c)
 - New and modified: 0

[25/Apr/2023:01:21:10] DELETING PREPAGATI (JobID: 16e8d734-017b-4941-9750-aa642ebaa07c)
 - Deleted: 0

[25/Apr/2023:01:30:05] UPDATING ACCOUNTS (JobID: cc7e71cb-63a7-455b-95cb-1596bff18fd5)
 - New and modified: 0

[25/Apr/2023:01:30:05] DELETING ACCOUNTS (JobID: cc7e71cb-63a7-455b-95cb-1596bff18fd5)
 - Deleted: 0

[25/Apr/2023:01:31:18] UPDATING PRODUCTS (JobID: af340096-9026-4a63-837f-928e3ce0e9c8)
 - New and modified: 0

[25/Apr/2023:01:31:24] UPDATING PREPAGATI (JobID: e70597f1-4bf6-4f04-8529-05e22f3ad043)
 - New and modified: 0

[25/Apr/2023:01:31:24] DELETING PREPAGATI (JobID: e70597f1-4bf6-4f04-8529-05e22f3ad043)
 - Deleted: 0

[25/Apr/2023:01:40:04] UPDATING ACCOUNTS (JobID: eb26a544-beef-475e-8bc4-7fc88db3dcc8)
 - New and modified: 0

[25/Apr/2023:01:40:04] DELETING ACCOUNTS (JobID: eb26a544-beef-475e-8bc4-7fc88db3dcc8)
 - Deleted: 0

[25/Apr/2023:01:40:42] UPDATING PRODUCTS (JobID: 48560682-3547-4326-a5e7-2a0bf95ce875)
 - New and modified: 0

[25/Apr/2023:01:40:43] UPDATING PREPAGATI (JobID: f71f9daa-beb2-478f-87bd-6984149968a5)
 - New and modified: 0

[25/Apr/2023:01:40:43] DELETING PREPAGATI (JobID: f71f9daa-beb2-478f-87bd-6984149968a5)
 - Deleted: 0

[25/Apr/2023:01:50:04] UPDATING ACCOUNTS (JobID: 53929d0e-470b-4ae5-ba20-7853c8251f54)
 - New and modified: 0

[25/Apr/2023:01:50:04] DELETING ACCOUNTS (JobID: 53929d0e-470b-4ae5-ba20-7853c8251f54)
 - Deleted: 0

[25/Apr/2023:01:50:44] UPDATING PRODUCTS (JobID: 737f1e38-5e2f-4044-a160-09795872e458)
 - New and modified: 0

[25/Apr/2023:01:50:47] UPDATING PREPAGATI (JobID: b9348a72-8c5e-4631-9f7e-2211500e7abc)
 - New and modified: 0

[25/Apr/2023:01:50:47] DELETING PREPAGATI (JobID: b9348a72-8c5e-4631-9f7e-2211500e7abc)
 - Deleted: 0

[25/Apr/2023:02:00:06] UPDATING ACCOUNTS (JobID: d8f259ad-3800-4850-a56c-230ee9d794fe)
 - New and modified: 0

[25/Apr/2023:02:00:06] DELETING ACCOUNTS (JobID: d8f259ad-3800-4850-a56c-230ee9d794fe)
 - Deleted: 0

[25/Apr/2023:02:00:43] UPDATING PRODUCTS (JobID: 5ae379bb-c047-4130-8d9a-873a9cc098cd)
 - New and modified: 0

[25/Apr/2023:02:00:45] UPDATING PREPAGATI (JobID: 5198bffc-504d-43f4-aa92-d2ed0da7d690)
 - New and modified: 0

[25/Apr/2023:02:00:45] DELETING PREPAGATI (JobID: 5198bffc-504d-43f4-aa92-d2ed0da7d690)
 - Deleted: 0

[25/Apr/2023:02:10:05] UPDATING ACCOUNTS (JobID: 64f3ad1b-7da5-438f-9da4-6014a30f6242)
 - New and modified: 0

[25/Apr/2023:02:10:05] DELETING ACCOUNTS (JobID: 64f3ad1b-7da5-438f-9da4-6014a30f6242)
 - Deleted: 0

[25/Apr/2023:02:10:42] UPDATING PRODUCTS (JobID: 25a67d5e-77e4-4bd2-aea1-d71e0c6fde8e)
 - New and modified: 0

[25/Apr/2023:02:10:44] UPDATING PREPAGATI (JobID: 041dc76c-9d92-4dd2-908f-c586ea527b02)
 - New and modified: 0

[25/Apr/2023:02:10:44] DELETING PREPAGATI (JobID: 041dc76c-9d92-4dd2-908f-c586ea527b02)
 - Deleted: 0

[25/Apr/2023:02:20:04] UPDATING ACCOUNTS (JobID: 6a81a6a5-e64f-4bd4-8720-151651a099e1)
 - New and modified: 0

[25/Apr/2023:02:20:04] DELETING ACCOUNTS (JobID: 6a81a6a5-e64f-4bd4-8720-151651a099e1)
 - Deleted: 0

[25/Apr/2023:02:20:43] UPDATING PRODUCTS (JobID: 9caeba56-ada8-4c7c-8a3a-604157e1d401)
 - New and modified: 0

[25/Apr/2023:02:20:44] UPDATING PREPAGATI (JobID: 6c0e8a6f-1064-43ca-b4f1-de2ef3d4a046)
 - New and modified: 0

[25/Apr/2023:02:20:45] DELETING PREPAGATI (JobID: 6c0e8a6f-1064-43ca-b4f1-de2ef3d4a046)
 - Deleted: 0

[25/Apr/2023:02:50:08] UPDATING ACCOUNTS (JobID: 80fc5c69-6fc9-4dd0-822f-3863fb05eadf)
 - New and modified: 0

[25/Apr/2023:02:50:08] DELETING ACCOUNTS (JobID: 80fc5c69-6fc9-4dd0-822f-3863fb05eadf)
 - Deleted: 0

[25/Apr/2023:02:50:48] UPDATING PRODUCTS (JobID: 5945d1f0-402f-4720-9f60-f9b61afac8f6)
 - New and modified: 0

[25/Apr/2023:02:50:52] UPDATING PREPAGATI (JobID: c1fe6592-6064-4a07-b969-c98b0f75d0d2)
 - New and modified: 0

[25/Apr/2023:02:50:52] DELETING PREPAGATI (JobID: c1fe6592-6064-4a07-b969-c98b0f75d0d2)
 - Deleted: 0

[25/Apr/2023:03:00:04] UPDATING ACCOUNTS (JobID: 42f30760-6e1d-4c01-aaf3-3baa904244b6)
 - New and modified: 0

[25/Apr/2023:03:00:04] DELETING ACCOUNTS (JobID: 42f30760-6e1d-4c01-aaf3-3baa904244b6)
 - Deleted: 0

[25/Apr/2023:03:00:45] UPDATING PRODUCTS (JobID: c2756cd5-f175-4d2a-8eb0-2e788947fd59)
 - New and modified: 0

[25/Apr/2023:03:00:47] UPDATING PREPAGATI (JobID: 7aff0c88-b276-476a-b50e-72dae5d43593)
 - New and modified: 0

[25/Apr/2023:03:00:47] DELETING PREPAGATI (JobID: 7aff0c88-b276-476a-b50e-72dae5d43593)
 - Deleted: 0

[25/Apr/2023:03:10:04] UPDATING ACCOUNTS (JobID: 3f830334-2d72-4453-bbdf-515cbeab5176)
 - New and modified: 0

[25/Apr/2023:03:10:04] DELETING ACCOUNTS (JobID: 3f830334-2d72-4453-bbdf-515cbeab5176)
 - Deleted: 0

[25/Apr/2023:03:10:45] UPDATING PRODUCTS (JobID: f390632b-9d34-42b1-9f7d-5d46b76e17dd)
 - New and modified: 0

[25/Apr/2023:03:10:47] UPDATING PREPAGATI (JobID: 62dcd2c0-9698-44ab-8940-bde4dfbbc339)
 - New and modified: 0

[25/Apr/2023:03:10:47] DELETING PREPAGATI (JobID: 62dcd2c0-9698-44ab-8940-bde4dfbbc339)
 - Deleted: 0

[25/Apr/2023:03:20:04] UPDATING ACCOUNTS (JobID: 05c7416c-d234-4aee-9b61-57c178c7bc5c)
 - New and modified: 0

[25/Apr/2023:03:20:04] DELETING ACCOUNTS (JobID: 05c7416c-d234-4aee-9b61-57c178c7bc5c)
 - Deleted: 0

[25/Apr/2023:03:20:42] UPDATING PRODUCTS (JobID: 0f835a01-c416-4841-9140-de21e5e62631)
 - New and modified: 0

[25/Apr/2023:03:20:43] UPDATING PREPAGATI (JobID: 5f6393fa-3ba7-4409-abab-37ad7f13a084)
 - New and modified: 0

[25/Apr/2023:03:20:43] DELETING PREPAGATI (JobID: 5f6393fa-3ba7-4409-abab-37ad7f13a084)
 - Deleted: 0

[25/Apr/2023:03:40:05] UPDATING ACCOUNTS (JobID: 8d8b3cc1-cf60-4a71-b01c-ef347454c985)
 - New and modified: 0

[25/Apr/2023:03:40:05] DELETING ACCOUNTS (JobID: 8d8b3cc1-cf60-4a71-b01c-ef347454c985)
 - Deleted: 0

[25/Apr/2023:03:40:42] UPDATING PRODUCTS (JobID: 73f1896c-4f20-42e9-9d27-1ed121d815ae)
 - New and modified: 0

[25/Apr/2023:03:40:44] UPDATING PREPAGATI (JobID: 4c40a577-d4d7-45ea-9865-c9f197d481cd)
 - New and modified: 0

[25/Apr/2023:03:40:44] DELETING PREPAGATI (JobID: 4c40a577-d4d7-45ea-9865-c9f197d481cd)
 - Deleted: 0

[25/Apr/2023:03:50:04] UPDATING ACCOUNTS (JobID: b794265b-5642-4214-b6fb-6a39e22a82d3)
 - New and modified: 0

[25/Apr/2023:03:50:04] DELETING ACCOUNTS (JobID: b794265b-5642-4214-b6fb-6a39e22a82d3)
 - Deleted: 0

[25/Apr/2023:03:50:43] UPDATING PRODUCTS (JobID: 7e326957-8484-42dd-879e-86a1fd8bd9c8)
 - New and modified: 0

[25/Apr/2023:03:50:45] UPDATING PREPAGATI (JobID: 524383fe-d098-4c5b-b334-1dcfed142dc5)
 - New and modified: 0

[25/Apr/2023:03:50:45] DELETING PREPAGATI (JobID: 524383fe-d098-4c5b-b334-1dcfed142dc5)
 - Deleted: 0

[25/Apr/2023:04:00:04] UPDATING ACCOUNTS (JobID: fed3322f-43f1-41ea-83cd-7bd1cced2282)
 - New and modified: 0

[25/Apr/2023:04:00:04] DELETING ACCOUNTS (JobID: fed3322f-43f1-41ea-83cd-7bd1cced2282)
 - Deleted: 0

[25/Apr/2023:04:00:38] UPDATING PRODUCTS (JobID: 586c752b-469c-4588-a41c-895c58a909bf)
 - New and modified: 0

[25/Apr/2023:04:00:40] UPDATING PREPAGATI (JobID: 9e75ba6a-5d6d-44b2-91d6-d1a7566a338b)
 - New and modified: 0

[25/Apr/2023:04:00:40] DELETING PREPAGATI (JobID: 9e75ba6a-5d6d-44b2-91d6-d1a7566a338b)
 - Deleted: 0

[25/Apr/2023:04:10:05] UPDATING ACCOUNTS (JobID: 5cdf52db-d815-4f18-ac83-72074bc9b374)
 - New and modified: 0

[25/Apr/2023:04:10:05] DELETING ACCOUNTS (JobID: 5cdf52db-d815-4f18-ac83-72074bc9b374)
 - Deleted: 0

[25/Apr/2023:04:10:41] UPDATING PRODUCTS (JobID: 70b173f1-0519-4e78-8137-7660b57f4cc3)
 - New and modified: 0

[25/Apr/2023:04:10:44] UPDATING PREPAGATI (JobID: 5513e903-2acf-4808-8eae-19071cdb6f83)
 - New and modified: 0

[25/Apr/2023:04:10:44] DELETING PREPAGATI (JobID: 5513e903-2acf-4808-8eae-19071cdb6f83)
 - Deleted: 0

[25/Apr/2023:04:20:04] UPDATING ACCOUNTS (JobID: 2f3f0fd4-9e4e-49cb-9339-12b45f674a79)
 - New and modified: 0

[25/Apr/2023:04:20:04] DELETING ACCOUNTS (JobID: 2f3f0fd4-9e4e-49cb-9339-12b45f674a79)
 - Deleted: 0

[25/Apr/2023:04:20:43] UPDATING PRODUCTS (JobID: 3f280150-cd71-4f3b-b9d1-491bf11a67b9)
 - New and modified: 0

[25/Apr/2023:04:20:45] UPDATING PREPAGATI (JobID: 1e6ad25d-7c9d-404a-88ec-848de5859e8f)
 - New and modified: 0

[25/Apr/2023:04:20:45] DELETING PREPAGATI (JobID: 1e6ad25d-7c9d-404a-88ec-848de5859e8f)
 - Deleted: 0

[25/Apr/2023:04:30:04] UPDATING ACCOUNTS (JobID: 4366ebe2-244e-44b4-96b3-65f6757c6b72)
 - New and modified: 0

[25/Apr/2023:04:30:04] DELETING ACCOUNTS (JobID: 4366ebe2-244e-44b4-96b3-65f6757c6b72)
 - Deleted: 0

[25/Apr/2023:04:30:43] UPDATING PRODUCTS (JobID: c9342f40-8087-4253-b9d0-2761c4555ee9)
 - New and modified: 0

[25/Apr/2023:04:30:44] UPDATING PREPAGATI (JobID: cc768a0b-1972-4cea-8fe1-f021709982ae)
 - New and modified: 0

[25/Apr/2023:04:30:44] DELETING PREPAGATI (JobID: cc768a0b-1972-4cea-8fe1-f021709982ae)
 - Deleted: 0

[25/Apr/2023:04:40:04] UPDATING ACCOUNTS (JobID: bad228c6-db39-42e6-b26e-5ac88da23988)
 - New and modified: 0

[25/Apr/2023:04:40:04] DELETING ACCOUNTS (JobID: bad228c6-db39-42e6-b26e-5ac88da23988)
 - Deleted: 0

[25/Apr/2023:04:40:43] UPDATING PRODUCTS (JobID: 2d44afc6-04ae-4b69-bd11-c5788ffb3f60)
 - New and modified: 0

[25/Apr/2023:04:40:45] UPDATING PREPAGATI (JobID: ebda2369-f427-4ae8-a710-be927c2e1319)
 - New and modified: 0

[25/Apr/2023:04:40:45] DELETING PREPAGATI (JobID: ebda2369-f427-4ae8-a710-be927c2e1319)
 - Deleted: 0

[25/Apr/2023:04:50:04] UPDATING ACCOUNTS (JobID: 5192e3ac-0216-46d8-927f-80f8dadb4570)
 - New and modified: 0

[25/Apr/2023:04:50:04] DELETING ACCOUNTS (JobID: 5192e3ac-0216-46d8-927f-80f8dadb4570)
 - Deleted: 0

[25/Apr/2023:04:50:45] UPDATING PRODUCTS (JobID: 11ba0cb3-4959-40eb-a124-4221b91fc65c)
 - New and modified: 0

[25/Apr/2023:04:50:47] UPDATING PREPAGATI (JobID: a3595d5c-8889-4165-b7dc-be163e946e8a)
 - New and modified: 0

[25/Apr/2023:04:50:47] DELETING PREPAGATI (JobID: a3595d5c-8889-4165-b7dc-be163e946e8a)
 - Deleted: 0

[25/Apr/2023:05:00:05] UPDATING ACCOUNTS (JobID: 7b89af05-d0cb-48b5-91cd-c772968c4bc4)
 - New and modified: 0

[25/Apr/2023:05:00:05] DELETING ACCOUNTS (JobID: 7b89af05-d0cb-48b5-91cd-c772968c4bc4)
 - Deleted: 0

[25/Apr/2023:05:00:40] UPDATING PRODUCTS (JobID: 69685cd4-b39d-43cb-b001-11ea152c81c7)
 - New and modified: 0

[25/Apr/2023:05:00:42] UPDATING PREPAGATI (JobID: 9706fc2f-e149-4975-8f51-7d4f5a908db5)
 - New and modified: 0

[25/Apr/2023:05:00:42] DELETING PREPAGATI (JobID: 9706fc2f-e149-4975-8f51-7d4f5a908db5)
 - Deleted: 0

[25/Apr/2023:05:10:04] UPDATING ACCOUNTS (JobID: a5ac99da-5a6b-4feb-97ad-acf4e776c9eb)
 - New and modified: 0

[25/Apr/2023:05:10:04] DELETING ACCOUNTS (JobID: a5ac99da-5a6b-4feb-97ad-acf4e776c9eb)
 - Deleted: 0

[25/Apr/2023:05:10:42] UPDATING PRODUCTS (JobID: d29ef00b-0407-49a1-b82b-29725a66cf94)
 - New and modified: 0

[25/Apr/2023:05:10:47] UPDATING PREPAGATI (JobID: 43fbb666-8a11-468d-8a65-09fc53872756)
 - New and modified: 0

[25/Apr/2023:05:10:47] DELETING PREPAGATI (JobID: 43fbb666-8a11-468d-8a65-09fc53872756)
 - Deleted: 0

[25/Apr/2023:05:20:04] UPDATING ACCOUNTS (JobID: e9e39f29-8229-4ad6-95ce-d13fa166ae1b)
 - New and modified: 0

[25/Apr/2023:05:20:04] DELETING ACCOUNTS (JobID: e9e39f29-8229-4ad6-95ce-d13fa166ae1b)
 - Deleted: 0

[25/Apr/2023:05:20:45] UPDATING PRODUCTS (JobID: 9492b0f6-ad2a-4796-b90e-7c73ff460510)
 - New and modified: 0

[25/Apr/2023:05:20:47] UPDATING PREPAGATI (JobID: 0ed1d72e-02ac-4649-b332-a9cee4b9422d)
 - New and modified: 0

[25/Apr/2023:05:20:47] DELETING PREPAGATI (JobID: 0ed1d72e-02ac-4649-b332-a9cee4b9422d)
 - Deleted: 0

[25/Apr/2023:05:30:04] UPDATING ACCOUNTS (JobID: d82ea1c5-fb00-4b9b-a9ef-f2faf8a59c11)
 - New and modified: 0

[25/Apr/2023:05:30:04] DELETING ACCOUNTS (JobID: d82ea1c5-fb00-4b9b-a9ef-f2faf8a59c11)
 - Deleted: 0

[25/Apr/2023:05:30:40] UPDATING PRODUCTS (JobID: a26eba59-c53f-4ffc-87e1-e3286fe6da33)
 - New and modified: 0

[25/Apr/2023:05:30:43] UPDATING PREPAGATI (JobID: 2b90c212-3d09-494b-9bd7-9d3946fdd0cc)
 - New and modified: 0

[25/Apr/2023:05:30:43] DELETING PREPAGATI (JobID: 2b90c212-3d09-494b-9bd7-9d3946fdd0cc)
 - Deleted: 0

[25/Apr/2023:05:40:04] UPDATING ACCOUNTS (JobID: 6a668dad-4567-42c3-b46c-f97a2ceef502)
 - New and modified: 0

[25/Apr/2023:05:40:04] DELETING ACCOUNTS (JobID: 6a668dad-4567-42c3-b46c-f97a2ceef502)
 - Deleted: 0

[25/Apr/2023:05:40:39] UPDATING PRODUCTS (JobID: 13f31d06-d56c-4134-9501-2cd2936fdd20)
 - New and modified: 0

[25/Apr/2023:05:40:41] UPDATING PREPAGATI (JobID: 354fffb1-7e36-401f-9cf7-7af5e6ee0719)
 - New and modified: 0

[25/Apr/2023:05:40:41] DELETING PREPAGATI (JobID: 354fffb1-7e36-401f-9cf7-7af5e6ee0719)
 - Deleted: 0

[25/Apr/2023:05:50:04] UPDATING ACCOUNTS (JobID: c3127f59-9881-4290-a8ba-f8a701354501)
 - New and modified: 0

[25/Apr/2023:05:50:04] DELETING ACCOUNTS (JobID: c3127f59-9881-4290-a8ba-f8a701354501)
 - Deleted: 0

[25/Apr/2023:05:50:50] UPDATING PRODUCTS (JobID: 7077538d-6348-4244-b4ea-25accc95b1ed)
 - New and modified: 0

[25/Apr/2023:05:50:52] UPDATING PREPAGATI (JobID: 6a8efc64-8f10-4de2-966b-7096df9343ce)
 - New and modified: 0

[25/Apr/2023:05:50:52] DELETING PREPAGATI (JobID: 6a8efc64-8f10-4de2-966b-7096df9343ce)
 - Deleted: 0

[25/Apr/2023:06:00:04] UPDATING ACCOUNTS (JobID: 7d398de0-d69f-4110-aa31-328a2ba3492a)
 - New and modified: 0

[25/Apr/2023:06:00:04] DELETING ACCOUNTS (JobID: 7d398de0-d69f-4110-aa31-328a2ba3492a)
 - Deleted: 0

[25/Apr/2023:06:00:54] UPDATING PRODUCTS (JobID: a622bf91-3761-49b4-bdb3-1f6cf2223123)
 - New and modified: 0

[25/Apr/2023:06:00:58] UPDATING PREPAGATI (JobID: e37e5df8-bfb1-4c8b-8c3f-16ed82441794)
 - New and modified: 0

[25/Apr/2023:06:00:58] DELETING PREPAGATI (JobID: e37e5df8-bfb1-4c8b-8c3f-16ed82441794)
 - Deleted: 0

[25/Apr/2023:06:10:04] UPDATING ACCOUNTS (JobID: 261c86be-e418-46ed-9896-17052995e4b2)
 - New and modified: 0

[25/Apr/2023:06:10:04] DELETING ACCOUNTS (JobID: 261c86be-e418-46ed-9896-17052995e4b2)
 - Deleted: 0

[25/Apr/2023:06:10:42] UPDATING PRODUCTS (JobID: 13e8ee78-ded7-4c27-bc43-15195f8a0732)
 - New and modified: 0

[25/Apr/2023:06:10:43] UPDATING PREPAGATI (JobID: fd09e7cf-2fe6-48c6-bd79-de075157ffa4)
 - New and modified: 0

[25/Apr/2023:06:10:43] DELETING PREPAGATI (JobID: fd09e7cf-2fe6-48c6-bd79-de075157ffa4)
 - Deleted: 0

[25/Apr/2023:06:20:07] UPDATING ACCOUNTS (JobID: 24715465-1200-408f-a1b4-7ecf27d0be72)
 - New and modified: 0

[25/Apr/2023:06:20:07] DELETING ACCOUNTS (JobID: 24715465-1200-408f-a1b4-7ecf27d0be72)
 - Deleted: 0

[25/Apr/2023:06:20:43] UPDATING PRODUCTS (JobID: d80e8884-1ec1-475a-af98-b95687a01fdc)
 - New and modified: 0

[25/Apr/2023:06:20:47] UPDATING PREPAGATI (JobID: 9e809090-62a0-475f-9fd7-10dd45bdaabf)
 - New and modified: 0

[25/Apr/2023:06:20:47] DELETING PREPAGATI (JobID: 9e809090-62a0-475f-9fd7-10dd45bdaabf)
 - Deleted: 0

[25/Apr/2023:06:30:52] UPDATING ACCOUNTS (JobID: 1805bd69-462d-4f23-874e-aba1bb73c71d)
 - New and modified: 0

[25/Apr/2023:06:30:52] DELETING ACCOUNTS (JobID: 1805bd69-462d-4f23-874e-aba1bb73c71d)
 - Deleted: 0

[25/Apr/2023:06:32:24] UPDATING PRODUCTS (JobID: 8bd90805-7ea8-442d-b7bf-78e3e62e32e3)
 - New and modified: 0

[25/Apr/2023:06:32:26] UPDATING PREPAGATI (JobID: bdbc06d4-37e1-40b3-a8a2-d98c6708111a)
 - New and modified: 0

[25/Apr/2023:06:32:26] DELETING PREPAGATI (JobID: bdbc06d4-37e1-40b3-a8a2-d98c6708111a)
 - Deleted: 0

[25/Apr/2023:06:40:04] UPDATING ACCOUNTS (JobID: d0cb9610-b292-499f-b71e-02473813a766)
 - New and modified: 0

[25/Apr/2023:06:40:04] DELETING ACCOUNTS (JobID: d0cb9610-b292-499f-b71e-02473813a766)
 - Deleted: 0

[25/Apr/2023:06:40:38] UPDATING PRODUCTS (JobID: 9ca5fb21-3add-4302-9ea2-cd5607b3d7f7)
 - New and modified: 0

[25/Apr/2023:06:40:40] UPDATING PREPAGATI (JobID: 5da5e9f3-35cc-4f46-b099-c89fd0fecb33)
 - New and modified: 0

[25/Apr/2023:06:40:40] DELETING PREPAGATI (JobID: 5da5e9f3-35cc-4f46-b099-c89fd0fecb33)
 - Deleted: 0

[25/Apr/2023:06:50:04] UPDATING ACCOUNTS (JobID: 29aabbd9-e8c5-4290-b265-0515bc4f3fe9)
 - New and modified: 0

[25/Apr/2023:06:50:04] DELETING ACCOUNTS (JobID: 29aabbd9-e8c5-4290-b265-0515bc4f3fe9)
 - Deleted: 0

[25/Apr/2023:06:50:45] UPDATING PRODUCTS (JobID: bf7bfd71-fb6b-40c5-afd3-00668bf9f6eb)
 - New and modified: 0

[25/Apr/2023:06:50:46] UPDATING PREPAGATI (JobID: 34acdde3-5397-4538-9afc-050f25cee383)
 - New and modified: 0

[25/Apr/2023:06:50:46] DELETING PREPAGATI (JobID: 34acdde3-5397-4538-9afc-050f25cee383)
 - Deleted: 0

[25/Apr/2023:07:00:28] UPDATING ACCOUNTS (JobID: 53bee6f3-6807-4d18-96f1-85dc788ec180)
 - New and modified: 0

[25/Apr/2023:07:00:28] DELETING ACCOUNTS (JobID: 53bee6f3-6807-4d18-96f1-85dc788ec180)
 - Deleted: 0

[25/Apr/2023:07:01:42] UPDATING PRODUCTS (JobID: cdee52f6-3f59-485b-9e97-b0ea6d670030)
 - New and modified: 0

[25/Apr/2023:07:02:45] UPDATING PREPAGATI (JobID: 3e7a5339-371a-4c77-aa6f-43d2f4670053)
 - New and modified: 0

[25/Apr/2023:07:02:45] DELETING PREPAGATI (JobID: 3e7a5339-371a-4c77-aa6f-43d2f4670053)
 - Deleted: 0

[25/Apr/2023:07:10:06] UPDATING ACCOUNTS (JobID: 20b8781b-3027-48ae-8dac-6c8a788c69b2)
 - New and modified: 0

[25/Apr/2023:07:10:06] DELETING ACCOUNTS (JobID: 20b8781b-3027-48ae-8dac-6c8a788c69b2)
 - Deleted: 0

[25/Apr/2023:07:10:53] UPDATING PRODUCTS (JobID: a752cd58-dce3-4a00-a84f-880b5c8fed2a)
 - New and modified: 0

[25/Apr/2023:07:10:56] UPDATING PREPAGATI (JobID: 29166a49-37fe-4be0-9834-3fc7b0ebc08c)
 - New and modified: 0

[25/Apr/2023:07:10:56] DELETING PREPAGATI (JobID: 29166a49-37fe-4be0-9834-3fc7b0ebc08c)
 - Deleted: 0

[25/Apr/2023:07:20:08] UPDATING ACCOUNTS (JobID: a5c52779-a2f1-4044-93f5-7e8aad8b4eca)
 - New and modified: 0

[25/Apr/2023:07:20:08] DELETING ACCOUNTS (JobID: a5c52779-a2f1-4044-93f5-7e8aad8b4eca)
 - Deleted: 0

[25/Apr/2023:07:20:57] UPDATING PRODUCTS (JobID: 24253e94-798c-4b88-b71c-d13f769ab611)
 - New and modified: 0

[25/Apr/2023:07:21:00] UPDATING PREPAGATI (JobID: 4fd79090-9fd6-44eb-8e0b-23db15fbef40)
 - New and modified: 0

[25/Apr/2023:07:21:00] DELETING PREPAGATI (JobID: 4fd79090-9fd6-44eb-8e0b-23db15fbef40)
 - Deleted: 0

