[18/Apr/2023:00:00:06] UPDATING ACCOUNTS
 - AdHocAPI connection failed.

[18/Apr/2023:00:00:09] UPDATING PRODUCTS
 - AdHocAPI connection failed.

[18/Apr/2023:00:00:12] UPDATING PREPAGATI
 - AdHocAPI connection failed.

[18/Apr/2023:00:10:05] UPDATING ACCOUNTS
 - AdHocAPI connection failed.

[18/Apr/2023:00:10:08] UPDATING PRODUCTS
 - AdHocAPI connection failed.

[18/Apr/2023:00:10:11] UPDATING PREPAGATI
 - AdHocAPI connection failed.

[18/Apr/2023:00:20:05] UPDATING ACCOUNTS
 - AdHocAPI connection failed.

[18/Apr/2023:00:20:08] UPDATING PRODUCTS
 - AdHocAPI connection failed.

[18/Apr/2023:00:20:11] UPDATING PREPAGATI
 - AdHocAPI connection failed.

[18/Apr/2023:00:30:05] UPDATING ACCOUNTS
 - AdHocAPI connection failed.

[18/Apr/2023:00:30:08] UPDATING PRODUCTS
 - AdHocAPI connection failed.

[18/Apr/2023:00:30:11] UPDATING PREPAGATI
 - AdHocAPI connection failed.

[18/Apr/2023:00:40:05] UPDATING ACCOUNTS
 - AdHocAPI connection failed.

[18/Apr/2023:00:40:08] UPDATING PRODUCTS
 - AdHocAPI connection failed.

[18/Apr/2023:00:40:11] UPDATING PREPAGATI
 - AdHocAPI connection failed.

[18/Apr/2023:00:50:05] UPDATING ACCOUNTS
 - AdHocAPI connection failed.

[18/Apr/2023:00:50:08] UPDATING PRODUCTS
 - AdHocAPI connection failed.

[18/Apr/2023:00:50:12] UPDATING PREPAGATI
 - AdHocAPI connection failed.

[18/Apr/2023:01:00:06] UPDATING ACCOUNTS
 - AdHocAPI connection failed.

[18/Apr/2023:01:00:09] UPDATING PRODUCTS
 - AdHocAPI connection failed.

[18/Apr/2023:01:00:12] UPDATING PREPAGATI
 - AdHocAPI connection failed.

[18/Apr/2023:01:10:06] UPDATING ACCOUNTS
 - AdHocAPI connection failed.

[18/Apr/2023:01:10:09] UPDATING PRODUCTS
 - AdHocAPI connection failed.

[18/Apr/2023:01:10:12] UPDATING PREPAGATI
 - AdHocAPI connection failed.

[18/Apr/2023:01:20:09] UPDATING ACCOUNTS
 - AdHocAPI connection failed.

[18/Apr/2023:01:20:13] UPDATING PRODUCTS
 - AdHocAPI connection failed.

[18/Apr/2023:01:20:16] UPDATING PREPAGATI
 - AdHocAPI connection failed.

[18/Apr/2023:01:30:05] UPDATING ACCOUNTS
 - AdHocAPI connection failed.

[18/Apr/2023:01:30:08] UPDATING PRODUCTS
 - AdHocAPI connection failed.

[18/Apr/2023:01:30:11] UPDATING PREPAGATI
 - AdHocAPI connection failed.

[18/Apr/2023:01:40:05] UPDATING ACCOUNTS
 - AdHocAPI connection failed.

[18/Apr/2023:01:40:08] UPDATING PRODUCTS
 - AdHocAPI connection failed.

[18/Apr/2023:01:40:11] UPDATING PREPAGATI
 - AdHocAPI connection failed.

[18/Apr/2023:01:50:05] UPDATING ACCOUNTS
 - AdHocAPI connection failed.

[18/Apr/2023:01:50:08] UPDATING PRODUCTS
 - AdHocAPI connection failed.

[18/Apr/2023:01:50:11] UPDATING PREPAGATI
 - AdHocAPI connection failed.

[18/Apr/2023:02:00:05] UPDATING ACCOUNTS
 - AdHocAPI connection failed.

[18/Apr/2023:02:00:08] UPDATING PRODUCTS
 - AdHocAPI connection failed.

[18/Apr/2023:02:00:11] UPDATING PREPAGATI
 - AdHocAPI connection failed.

[18/Apr/2023:02:10:05] UPDATING ACCOUNTS
 - AdHocAPI connection failed.

[18/Apr/2023:02:10:08] UPDATING PRODUCTS
 - AdHocAPI connection failed.

[18/Apr/2023:02:10:11] UPDATING PREPAGATI
 - AdHocAPI connection failed.

[18/Apr/2023:02:20:05] UPDATING ACCOUNTS
 - AdHocAPI connection failed.

[18/Apr/2023:02:20:08] UPDATING PRODUCTS
 - AdHocAPI connection failed.

[18/Apr/2023:02:20:11] UPDATING PREPAGATI
 - AdHocAPI connection failed.

[18/Apr/2023:02:30:05] UPDATING ACCOUNTS
 - AdHocAPI connection failed.

[18/Apr/2023:02:30:08] UPDATING PRODUCTS
 - AdHocAPI connection failed.

[18/Apr/2023:02:30:11] UPDATING PREPAGATI
 - AdHocAPI connection failed.

[18/Apr/2023:02:40:05] UPDATING ACCOUNTS
 - AdHocAPI connection failed.

[18/Apr/2023:02:40:08] UPDATING PRODUCTS
 - AdHocAPI connection failed.

[18/Apr/2023:02:40:11] UPDATING PREPAGATI
 - AdHocAPI connection failed.

[18/Apr/2023:02:50:05] UPDATING ACCOUNTS
 - AdHocAPI connection failed.

[18/Apr/2023:02:50:08] UPDATING PRODUCTS
 - AdHocAPI connection failed.

[18/Apr/2023:02:50:11] UPDATING PREPAGATI
 - AdHocAPI connection failed.

[18/Apr/2023:03:00:05] UPDATING ACCOUNTS
 - AdHocAPI connection failed.

[18/Apr/2023:03:00:08] UPDATING PRODUCTS
 - AdHocAPI connection failed.

[18/Apr/2023:03:00:11] UPDATING PREPAGATI
 - AdHocAPI connection failed.

[18/Apr/2023:03:10:07] UPDATING ACCOUNTS (JobID: d9bde35f-1aa2-4575-b55b-f64d55b3cc75)
 - New and modified: 0

[18/Apr/2023:03:10:07] DELETING ACCOUNTS (JobID: d9bde35f-1aa2-4575-b55b-f64d55b3cc75)
 - Deleted: 0

[18/Apr/2023:03:10:50] UPDATING PRODUCTS (JobID: c6c6e8b8-008c-451e-9bc6-798d03efdb9e)
 - New and modified: 0

[18/Apr/2023:03:10:53] UPDATING PREPAGATI (JobID: b858c1a5-76cd-4261-98a9-b5b219da5717)
 - New and modified: 0

[18/Apr/2023:03:10:53] DELETING PREPAGATI (JobID: b858c1a5-76cd-4261-98a9-b5b219da5717)
 - Deleted: 0

[18/Apr/2023:03:20:12] UPDATING ACCOUNTS
 - AdHocAPI connection failed.

[18/Apr/2023:03:20:15] UPDATING PRODUCTS
 - AdHocAPI connection failed.

[18/Apr/2023:03:20:18] UPDATING PREPAGATI
 - AdHocAPI connection failed.

[18/Apr/2023:03:30:05] UPDATING ACCOUNTS
 - AdHocAPI connection failed.

[18/Apr/2023:03:30:08] UPDATING PRODUCTS
 - AdHocAPI connection failed.

[18/Apr/2023:03:30:11] UPDATING PREPAGATI
 - AdHocAPI connection failed.

[18/Apr/2023:03:40:05] UPDATING ACCOUNTS
 - AdHocAPI connection failed.

[18/Apr/2023:03:40:08] UPDATING PRODUCTS
 - AdHocAPI connection failed.

[18/Apr/2023:03:40:11] UPDATING PREPAGATI
 - AdHocAPI connection failed.

[18/Apr/2023:03:50:05] UPDATING ACCOUNTS
 - AdHocAPI connection failed.

[18/Apr/2023:03:50:08] UPDATING PRODUCTS
 - AdHocAPI connection failed.

[18/Apr/2023:03:50:11] UPDATING PREPAGATI
 - AdHocAPI connection failed.

[18/Apr/2023:04:00:05] UPDATING ACCOUNTS
 - AdHocAPI connection failed.

[18/Apr/2023:04:00:08] UPDATING PRODUCTS
 - AdHocAPI connection failed.

[18/Apr/2023:04:00:11] UPDATING PREPAGATI
 - AdHocAPI connection failed.

[18/Apr/2023:04:10:05] UPDATING ACCOUNTS
 - AdHocAPI connection failed.

[18/Apr/2023:04:10:08] UPDATING PRODUCTS
 - AdHocAPI connection failed.

[18/Apr/2023:04:10:11] UPDATING PREPAGATI
 - AdHocAPI connection failed.

[18/Apr/2023:04:20:05] UPDATING ACCOUNTS
 - AdHocAPI connection failed.

[18/Apr/2023:04:20:08] UPDATING PRODUCTS
 - AdHocAPI connection failed.

[18/Apr/2023:04:20:11] UPDATING PREPAGATI
 - AdHocAPI connection failed.

[18/Apr/2023:04:30:05] UPDATING ACCOUNTS
 - AdHocAPI connection failed.

[18/Apr/2023:04:30:08] UPDATING PRODUCTS
 - AdHocAPI connection failed.

[18/Apr/2023:04:30:11] UPDATING PREPAGATI
 - AdHocAPI connection failed.

[18/Apr/2023:04:40:05] UPDATING ACCOUNTS
 - AdHocAPI connection failed.

[18/Apr/2023:04:40:08] UPDATING PRODUCTS
 - AdHocAPI connection failed.

[18/Apr/2023:04:40:11] UPDATING PREPAGATI
 - AdHocAPI connection failed.

[18/Apr/2023:04:50:05] UPDATING ACCOUNTS
 - AdHocAPI connection failed.

[18/Apr/2023:04:50:08] UPDATING PRODUCTS
 - AdHocAPI connection failed.

[18/Apr/2023:04:50:11] UPDATING PREPAGATI
 - AdHocAPI connection failed.

[18/Apr/2023:05:00:05] UPDATING ACCOUNTS
 - AdHocAPI connection failed.

[18/Apr/2023:05:00:08] UPDATING PRODUCTS
 - AdHocAPI connection failed.

[18/Apr/2023:05:00:11] UPDATING PREPAGATI
 - AdHocAPI connection failed.

[18/Apr/2023:05:10:08] UPDATING ACCOUNTS (JobID: 02a44fd9-5add-4672-a142-566bbfcce009)
 - New and modified: 0

[18/Apr/2023:05:10:08] DELETING ACCOUNTS (JobID: 02a44fd9-5add-4672-a142-566bbfcce009)
 - Deleted: 0

[18/Apr/2023:05:10:46] UPDATING PRODUCTS (JobID: bac162c0-1cf7-47c2-9ca6-fcf82873665a)
 - New and modified: 0

[18/Apr/2023:05:10:49] UPDATING PREPAGATI (JobID: 0c942cab-1b98-4ef3-9d33-b95cdda991ef)
 - New and modified: 0

[18/Apr/2023:05:10:49] DELETING PREPAGATI (JobID: 0c942cab-1b98-4ef3-9d33-b95cdda991ef)
 - Deleted: 0

[18/Apr/2023:05:20:04] UPDATING ACCOUNTS (JobID: dd7d4428-157f-4f84-8148-04794969c758)
 - New and modified: 0

[18/Apr/2023:05:20:04] DELETING ACCOUNTS (JobID: dd7d4428-157f-4f84-8148-04794969c758)
 - Deleted: 0

[18/Apr/2023:05:20:46] UPDATING PRODUCTS (JobID: ad318635-be74-4a6a-83bb-607e2ed8fe82)
 - New and modified: 0

[18/Apr/2023:05:20:49] UPDATING PREPAGATI (JobID: 7300d760-0850-4508-bd8c-964a366fd81f)
 - New and modified: 0

[18/Apr/2023:05:20:49] DELETING PREPAGATI (JobID: 7300d760-0850-4508-bd8c-964a366fd81f)
 - Deleted: 0

[18/Apr/2023:05:30:04] UPDATING ACCOUNTS (JobID: ac0af7cb-a953-4aff-b67b-6cdced6fa4d1)
 - New and modified: 0

[18/Apr/2023:05:30:04] DELETING ACCOUNTS (JobID: ac0af7cb-a953-4aff-b67b-6cdced6fa4d1)
 - Deleted: 0

[18/Apr/2023:05:30:41] UPDATING PRODUCTS (JobID: 1a7ab4c7-caa5-4c0e-9fc2-4412f258ef0e)
 - New and modified: 0

[18/Apr/2023:05:30:43] UPDATING PREPAGATI (JobID: dc20939c-8247-4bf4-a743-3cc53a3265e2)
 - New and modified: 0

[18/Apr/2023:05:30:43] DELETING PREPAGATI (JobID: dc20939c-8247-4bf4-a743-3cc53a3265e2)
 - Deleted: 0

[18/Apr/2023:05:40:05] UPDATING ACCOUNTS (JobID: 66781209-6845-41f6-b27d-901b4ec5162c)
 - New and modified: 0

[18/Apr/2023:05:40:05] DELETING ACCOUNTS (JobID: 66781209-6845-41f6-b27d-901b4ec5162c)
 - Deleted: 0

[18/Apr/2023:05:40:41] UPDATING PRODUCTS (JobID: ef316af6-bc8c-4fb1-85f8-be15201e12f5)
 - New and modified: 0

[18/Apr/2023:05:40:43] UPDATING PREPAGATI (JobID: ff451c47-462f-4f8e-b502-c1bc5f9446a1)
 - New and modified: 0

[18/Apr/2023:05:40:43] DELETING PREPAGATI (JobID: ff451c47-462f-4f8e-b502-c1bc5f9446a1)
 - Deleted: 0

[18/Apr/2023:05:50:04] UPDATING ACCOUNTS (JobID: 1282927d-ab09-4ba0-8a84-f703866532eb)
 - New and modified: 0

[18/Apr/2023:05:50:04] DELETING ACCOUNTS (JobID: 1282927d-ab09-4ba0-8a84-f703866532eb)
 - Deleted: 0

[18/Apr/2023:05:50:43] UPDATING PRODUCTS (JobID: 37076fea-a618-4643-a4ad-cd96c451b9f0)
 - New and modified: 0

[18/Apr/2023:05:50:45] UPDATING PREPAGATI (JobID: ef558181-35f5-4d13-8941-d22d823dadd1)
 - New and modified: 0

[18/Apr/2023:05:50:45] DELETING PREPAGATI (JobID: ef558181-35f5-4d13-8941-d22d823dadd1)
 - Deleted: 0

[18/Apr/2023:06:00:06] UPDATING ACCOUNTS (JobID: 40a2a190-c090-43ff-bb94-fa8673634269)
 - New and modified: 0

[18/Apr/2023:06:00:06] DELETING ACCOUNTS (JobID: 40a2a190-c090-43ff-bb94-fa8673634269)
 - Deleted: 0

[18/Apr/2023:06:00:51] UPDATING PRODUCTS (JobID: 48dbbadc-2d85-48b4-b207-65a25b2f93ec)
 - New and modified: 0

[18/Apr/2023:06:00:53] UPDATING PREPAGATI (JobID: bd321f1f-ad8f-4dbe-bb41-d0201e4259db)
 - New and modified: 0

[18/Apr/2023:06:00:53] DELETING PREPAGATI (JobID: bd321f1f-ad8f-4dbe-bb41-d0201e4259db)
 - Deleted: 0

[18/Apr/2023:06:10:04] UPDATING ACCOUNTS (JobID: b11d2be7-bce6-4199-a9af-e5a3f682d126)
 - New and modified: 0

[18/Apr/2023:06:10:04] DELETING ACCOUNTS (JobID: b11d2be7-bce6-4199-a9af-e5a3f682d126)
 - Deleted: 0

[18/Apr/2023:06:10:42] UPDATING PRODUCTS (JobID: 1dd0467e-1272-4c3b-a334-dd7902b355a1)
 - New and modified: 0

[18/Apr/2023:06:10:43] UPDATING PREPAGATI (JobID: 35881f64-abc7-4fb1-b47e-acd6fd7693fe)
 - New and modified: 0

[18/Apr/2023:06:10:43] DELETING PREPAGATI (JobID: 35881f64-abc7-4fb1-b47e-acd6fd7693fe)
 - Deleted: 0

[18/Apr/2023:06:20:04] UPDATING ACCOUNTS (JobID: b8d49c7e-8d20-4d98-a963-2c1be76b58cf)
 - New and modified: 0

[18/Apr/2023:06:20:04] DELETING ACCOUNTS (JobID: b8d49c7e-8d20-4d98-a963-2c1be76b58cf)
 - Deleted: 0

[18/Apr/2023:06:20:41] UPDATING PRODUCTS (JobID: 1a8998fd-2963-4fef-9ef2-1a08b9289247)
 - New and modified: 0

[18/Apr/2023:06:20:43] UPDATING PREPAGATI (JobID: 6cfad057-5cbc-4143-9b41-f9632944ba40)
 - New and modified: 0

[18/Apr/2023:06:20:43] DELETING PREPAGATI (JobID: 6cfad057-5cbc-4143-9b41-f9632944ba40)
 - Deleted: 0

[18/Apr/2023:06:30:05] UPDATING ACCOUNTS (JobID: 4548102a-245f-44aa-b9c6-fd72a862a107)
 - New and modified: 0

[18/Apr/2023:06:30:05] DELETING ACCOUNTS (JobID: 4548102a-245f-44aa-b9c6-fd72a862a107)
 - Deleted: 0

[18/Apr/2023:06:30:48] UPDATING PRODUCTS (JobID: ddeb8819-cfc8-4ae7-9246-266a50300adb)
 - New and modified: 0

[18/Apr/2023:06:30:50] UPDATING PREPAGATI (JobID: a9a44cdd-a355-4f93-8fe6-f71141e59c06)
 - New and modified: 0

[18/Apr/2023:06:30:50] DELETING PREPAGATI (JobID: a9a44cdd-a355-4f93-8fe6-f71141e59c06)
 - Deleted: 0

[18/Apr/2023:06:40:05] UPDATING ACCOUNTS (JobID: e56d92a9-e0c0-4dcc-b0ae-58481bdce52d)
 - New and modified: 0

[18/Apr/2023:06:40:05] DELETING ACCOUNTS (JobID: e56d92a9-e0c0-4dcc-b0ae-58481bdce52d)
 - Deleted: 0

[18/Apr/2023:06:40:42] UPDATING PRODUCTS (JobID: f9a55552-c030-414e-8676-6883c85f891f)
 - New and modified: 0

[18/Apr/2023:06:40:44] UPDATING PREPAGATI (JobID: 76bff54c-4815-4b16-97b7-3b32606e8938)
 - New and modified: 0

[18/Apr/2023:06:40:44] DELETING PREPAGATI (JobID: 76bff54c-4815-4b16-97b7-3b32606e8938)
 - Deleted: 0

[18/Apr/2023:06:50:04] UPDATING ACCOUNTS (JobID: d9273e56-ea86-43fb-855f-36bc87f1b485)
 - New and modified: 0

[18/Apr/2023:06:50:04] DELETING ACCOUNTS (JobID: d9273e56-ea86-43fb-855f-36bc87f1b485)
 - Deleted: 0

[18/Apr/2023:06:50:45] UPDATING PRODUCTS (JobID: 7605b291-eea4-4016-b9aa-35b162541fee)
 - New and modified: 0

[18/Apr/2023:06:50:47] UPDATING PREPAGATI (JobID: e00fc416-e16f-4b1e-b3dc-6034ac9d4300)
 - New and modified: 0

[18/Apr/2023:06:50:47] DELETING PREPAGATI (JobID: e00fc416-e16f-4b1e-b3dc-6034ac9d4300)
 - Deleted: 0

[18/Apr/2023:07:00:16] UPDATING ACCOUNTS (JobID: ca000dd1-73a5-4c01-a904-7f656f7d7e67)
 - New and modified: 0

[18/Apr/2023:07:00:16] DELETING ACCOUNTS (JobID: ca000dd1-73a5-4c01-a904-7f656f7d7e67)
 - Deleted: 0

[18/Apr/2023:07:01:23] UPDATING PRODUCTS (JobID: 4fc71ac5-9c16-4923-8502-4350c93c786d)
 - New and modified: 0

[18/Apr/2023:07:01:25] UPDATING PREPAGATI (JobID: 60cd8563-9aa3-4489-a7af-26210ae53c31)
 - New and modified: 0

[18/Apr/2023:07:01:25] DELETING PREPAGATI (JobID: 60cd8563-9aa3-4489-a7af-26210ae53c31)
 - Deleted: 0

[18/Apr/2023:07:10:04] UPDATING ACCOUNTS (JobID: 2019bb28-0ed7-4fa6-b4c9-efdbeca4816c)
 - New and modified: 0

[18/Apr/2023:07:10:04] DELETING ACCOUNTS (JobID: 2019bb28-0ed7-4fa6-b4c9-efdbeca4816c)
 - Deleted: 0

[18/Apr/2023:07:10:42] UPDATING PRODUCTS (JobID: 7aa546ef-7f96-4a9a-adb1-9e7eb23ac062)
 - New and modified: 0

[18/Apr/2023:07:10:44] UPDATING PREPAGATI (JobID: 8c4ad3c9-af53-47a7-966a-8081a5943e95)
 - New and modified: 0

[18/Apr/2023:07:10:44] DELETING PREPAGATI (JobID: 8c4ad3c9-af53-47a7-966a-8081a5943e95)
 - Deleted: 0

[18/Apr/2023:07:20:04] UPDATING ACCOUNTS (JobID: 6845d2a5-9468-4242-9576-fa6c765cbc32)
 - New and modified: 0

[18/Apr/2023:07:20:04] DELETING ACCOUNTS (JobID: 6845d2a5-9468-4242-9576-fa6c765cbc32)
 - Deleted: 0

[18/Apr/2023:07:20:40] UPDATING PRODUCTS (JobID: 577d24b3-6083-435e-a8c6-2f60a5213fe9)
 - New and modified: 0

[18/Apr/2023:07:20:41] UPDATING PREPAGATI (JobID: 84849cdf-dd26-4308-b0b1-7e3ebcf3b90d)
 - New and modified: 0

[18/Apr/2023:07:20:41] DELETING PREPAGATI (JobID: 84849cdf-dd26-4308-b0b1-7e3ebcf3b90d)
 - Deleted: 0

[18/Apr/2023:07:30:06] UPDATING ACCOUNTS (JobID: fa70f2d5-fe48-4361-82fc-3c747de73586)
 - New and modified: 0

[18/Apr/2023:07:30:06] DELETING ACCOUNTS (JobID: fa70f2d5-fe48-4361-82fc-3c747de73586)
 - Deleted: 0

[18/Apr/2023:07:30:42] UPDATING PRODUCTS (JobID: 4c606172-b6c7-44db-838a-bc7177b5b8ca)
 - New and modified: 0

[18/Apr/2023:07:30:45] UPDATING PREPAGATI (JobID: e5fe4945-a166-40c1-98e2-6da0b5ef13d8)
 - New and modified: 0

[18/Apr/2023:07:30:45] DELETING PREPAGATI (JobID: e5fe4945-a166-40c1-98e2-6da0b5ef13d8)
 - Deleted: 0

[18/Apr/2023:07:40:05] UPDATING ACCOUNTS (JobID: d359deef-3e19-44a5-80e2-59f4c74c3239)
 - New and modified: 0

[18/Apr/2023:07:40:05] DELETING ACCOUNTS (JobID: d359deef-3e19-44a5-80e2-59f4c74c3239)
 - Deleted: 0

[18/Apr/2023:07:40:43] UPDATING PRODUCTS (JobID: e38f6ce9-6391-4fee-9b95-311eeacb0a26)
 - New and modified: 0

[18/Apr/2023:07:40:45] UPDATING PREPAGATI (JobID: 84eccc07-f74c-46d3-b0fb-bcdd566bb234)
 - New and modified: 0

[18/Apr/2023:07:40:45] DELETING PREPAGATI (JobID: 84eccc07-f74c-46d3-b0fb-bcdd566bb234)
 - Deleted: 0

[18/Apr/2023:07:50:04] UPDATING ACCOUNTS (JobID: 3566e221-eaf8-4002-bfb7-b1f03bf94fd8)
 - New and modified: 0

[18/Apr/2023:07:50:04] DELETING ACCOUNTS (JobID: 3566e221-eaf8-4002-bfb7-b1f03bf94fd8)
 - Deleted: 0

[18/Apr/2023:07:50:40] UPDATING PRODUCTS (JobID: a61cd93d-cc73-4925-acdb-667290ef6891)
 - New and modified: 0

[18/Apr/2023:07:50:42] UPDATING PREPAGATI (JobID: 1cf69517-2c14-4f1a-a2fa-dd1f65587fe2)
 - New and modified: 0

[18/Apr/2023:07:50:42] DELETING PREPAGATI (JobID: 1cf69517-2c14-4f1a-a2fa-dd1f65587fe2)
 - Deleted: 0

[18/Apr/2023:08:00:04] UPDATING ACCOUNTS (JobID: bcf74c6c-ec45-4eed-b6f4-eb77b1d88771)
 - New and modified: 0

[18/Apr/2023:08:00:04] DELETING ACCOUNTS (JobID: bcf74c6c-ec45-4eed-b6f4-eb77b1d88771)
 - Deleted: 0

[18/Apr/2023:08:00:44] UPDATING PRODUCTS (JobID: cba7be40-851a-43b1-a940-ae0c8ac0d781)
 - New and modified: 0

[18/Apr/2023:08:00:45] UPDATING PREPAGATI (JobID: c02d3d65-c600-4fa0-99e9-e2537518dc65)
 - New and modified: 0

[18/Apr/2023:08:00:45] DELETING PREPAGATI (JobID: c02d3d65-c600-4fa0-99e9-e2537518dc65)
 - Deleted: 0

[18/Apr/2023:08:10:04] UPDATING ACCOUNTS (JobID: 545d5908-1557-4719-a18a-f7b9496d30b6)
 - New and modified: 0

[18/Apr/2023:08:10:04] DELETING ACCOUNTS (JobID: 545d5908-1557-4719-a18a-f7b9496d30b6)
 - Deleted: 0

[18/Apr/2023:08:10:41] UPDATING PRODUCTS (JobID: fa2eefe2-2188-4f83-b94f-930ed62b2cde)
 - New and modified: 0

[18/Apr/2023:08:10:43] UPDATING PREPAGATI (JobID: 184ebc08-99b5-483d-9092-fb32dcea9fb9)
 - New and modified: 0

[18/Apr/2023:08:10:43] DELETING PREPAGATI (JobID: 184ebc08-99b5-483d-9092-fb32dcea9fb9)
 - Deleted: 0

[18/Apr/2023:08:20:05] UPDATING ACCOUNTS (JobID: d1a5bf19-dd24-4db8-843c-a1f14bd88e25)
 - New and modified: 0

[18/Apr/2023:08:20:05] DELETING ACCOUNTS (JobID: d1a5bf19-dd24-4db8-843c-a1f14bd88e25)
 - Deleted: 0

[18/Apr/2023:08:20:42] UPDATING PRODUCTS (JobID: 93fd02b6-bcce-4f03-a586-ecc6282da398)
 - New and modified: 0

[18/Apr/2023:08:20:44] UPDATING PREPAGATI (JobID: 41afe8e6-2583-497d-b351-58f6259d7ba6)
 - New and modified: 0

[18/Apr/2023:08:20:44] DELETING PREPAGATI (JobID: 41afe8e6-2583-497d-b351-58f6259d7ba6)
 - Deleted: 0

[18/Apr/2023:08:30:05] UPDATING ACCOUNTS (JobID: 306ff8ef-8037-4612-96ba-1f9463b4492b)
 - New and modified: 0

[18/Apr/2023:08:30:05] DELETING ACCOUNTS (JobID: 306ff8ef-8037-4612-96ba-1f9463b4492b)
 - Deleted: 0

[18/Apr/2023:08:30:44] UPDATING PRODUCTS (JobID: b10c6758-7484-4dbc-bd32-d4b3c8de58b8)
 - New and modified: 0

[18/Apr/2023:08:30:46] UPDATING PREPAGATI (JobID: ed57a797-1739-427d-b4a5-19c2fb653ba8)
 - New and modified: 0

[18/Apr/2023:08:30:46] DELETING PREPAGATI (JobID: ed57a797-1739-427d-b4a5-19c2fb653ba8)
 - Deleted: 0

[18/Apr/2023:08:40:04] UPDATING ACCOUNTS (JobID: 24d7668f-bdc1-4fbd-b5b9-4c54e0afcde8)
 - New and modified: 0

[18/Apr/2023:08:40:04] DELETING ACCOUNTS (JobID: 24d7668f-bdc1-4fbd-b5b9-4c54e0afcde8)
 - Deleted: 0

[18/Apr/2023:08:40:41] UPDATING PRODUCTS (JobID: a09e1c8e-2d47-4f0e-8f38-83d704bda02a)
 - New and modified: 0

[18/Apr/2023:08:40:43] UPDATING PREPAGATI (JobID: a199a565-5046-4bc0-a464-ac20c1ccff56)
 - New and modified: 0

[18/Apr/2023:08:40:43] DELETING PREPAGATI (JobID: a199a565-5046-4bc0-a464-ac20c1ccff56)
 - Deleted: 0

[18/Apr/2023:08:50:04] UPDATING ACCOUNTS (JobID: e5c6598e-8109-411a-8b38-829777f6229a)
 - New and modified: 0

[18/Apr/2023:08:50:04] DELETING ACCOUNTS (JobID: e5c6598e-8109-411a-8b38-829777f6229a)
 - Deleted: 0

[18/Apr/2023:08:50:42] UPDATING PRODUCTS (JobID: 2108e45a-1159-4b11-8cde-3515cad00459)
 - New and modified: 0

[18/Apr/2023:08:50:43] UPDATING PREPAGATI (JobID: 535ca623-4952-4c74-b968-2e474d5f5d76)
 - New and modified: 0

[18/Apr/2023:08:50:43] DELETING PREPAGATI (JobID: 535ca623-4952-4c74-b968-2e474d5f5d76)
 - Deleted: 0

[18/Apr/2023:09:00:05] UPDATING ACCOUNTS (JobID: 5d867bae-df87-40e2-992b-cc0656e7c230)
 - New and modified: 0

[18/Apr/2023:09:00:05] DELETING ACCOUNTS (JobID: 5d867bae-df87-40e2-992b-cc0656e7c230)
 - Deleted: 0

[18/Apr/2023:09:01:04] UPDATING PRODUCTS (JobID: 4ae6c338-448d-4a5b-a3ce-ef98b79a3071)
 - New and modified: 0

[18/Apr/2023:09:01:07] UPDATING PREPAGATI (JobID: 158b65bc-69fd-4b3b-96ac-17207d0569ec)
 - New and modified: 0

[18/Apr/2023:09:01:07] DELETING PREPAGATI (JobID: 158b65bc-69fd-4b3b-96ac-17207d0569ec)
 - Deleted: 0

[18/Apr/2023:09:10:04] UPDATING ACCOUNTS (JobID: 838023c1-964a-43d5-b22a-0e8936a5e90a)
 - New and modified: 0

[18/Apr/2023:09:10:04] DELETING ACCOUNTS (JobID: 838023c1-964a-43d5-b22a-0e8936a5e90a)
 - Deleted: 0

[18/Apr/2023:09:10:38] UPDATING PRODUCTS (JobID: b71ab75b-3a68-4c4f-9dd6-f96e612dc792)
 - New and modified: 0

[18/Apr/2023:09:10:40] UPDATING PREPAGATI (JobID: eb52fb89-5685-46fe-845e-d8fc62f29b37)
 - New and modified: 0

[18/Apr/2023:09:10:40] DELETING PREPAGATI (JobID: eb52fb89-5685-46fe-845e-d8fc62f29b37)
 - Deleted: 0

[18/Apr/2023:09:20:04] UPDATING ACCOUNTS (JobID: a20a2c06-a70b-4547-a35f-d519ece2eb8a)
 - New and modified: 0

[18/Apr/2023:09:20:04] DELETING ACCOUNTS (JobID: a20a2c06-a70b-4547-a35f-d519ece2eb8a)
 - Deleted: 0

[18/Apr/2023:09:20:41] UPDATING PRODUCTS (JobID: b9cab5fa-3df2-4cb7-a048-6485b7c2535a)
 - New and modified: 0

[18/Apr/2023:09:20:43] UPDATING PREPAGATI (JobID: fe7599e5-39b9-489b-8b9d-424c7cb52cb6)
 - New and modified: 0

[18/Apr/2023:09:20:43] DELETING PREPAGATI (JobID: fe7599e5-39b9-489b-8b9d-424c7cb52cb6)
 - Deleted: 0

[18/Apr/2023:09:30:05] UPDATING ACCOUNTS (JobID: a32b216d-b2e9-4575-b557-b449046a2041)
 - New and modified: 0

[18/Apr/2023:09:30:05] DELETING ACCOUNTS (JobID: a32b216d-b2e9-4575-b557-b449046a2041)
 - Deleted: 0

[18/Apr/2023:09:30:42] UPDATING PRODUCTS (JobID: c12839f5-380c-4e7b-8279-0dbdac6089de)
 - New and modified: 0

[18/Apr/2023:09:30:44] UPDATING PREPAGATI (JobID: eb970a57-ccec-4914-a0d9-e4afc2de4621)
 - New and modified: 0

[18/Apr/2023:09:30:44] DELETING PREPAGATI (JobID: eb970a57-ccec-4914-a0d9-e4afc2de4621)
 - Deleted: 0

[18/Apr/2023:09:40:05] UPDATING ACCOUNTS (JobID: ca9d48d4-480c-40c5-a649-600a68a38041)
 - New and modified: 0

[18/Apr/2023:09:40:05] DELETING ACCOUNTS (JobID: ca9d48d4-480c-40c5-a649-600a68a38041)
 - Deleted: 0

[18/Apr/2023:09:40:42] UPDATING PRODUCTS (JobID: fbc6c7c0-8e03-48e8-a1ce-49e809628119)
 - New and modified: 0

[18/Apr/2023:09:40:43] UPDATING PREPAGATI (JobID: fb9b099f-a027-43b0-9111-81f72684fe58)
 - New and modified: 0

[18/Apr/2023:09:40:43] DELETING PREPAGATI (JobID: fb9b099f-a027-43b0-9111-81f72684fe58)
 - Deleted: 0

[18/Apr/2023:09:50:04] UPDATING ACCOUNTS (JobID: ef00093f-6a36-47dc-abc6-a0bb8eb18682)
 - New and modified: 0

[18/Apr/2023:09:50:04] DELETING ACCOUNTS (JobID: ef00093f-6a36-47dc-abc6-a0bb8eb18682)
 - Deleted: 0

[18/Apr/2023:09:50:39] UPDATING PRODUCTS (JobID: 8b494c56-9233-49dd-942e-051f748ae432)
 - New and modified: 0

[18/Apr/2023:09:50:40] UPDATING PREPAGATI (JobID: 7f5fc054-5b24-46fc-81ce-a95ecb68640d)
 - New and modified: 0

[18/Apr/2023:09:50:40] DELETING PREPAGATI (JobID: 7f5fc054-5b24-46fc-81ce-a95ecb68640d)
 - Deleted: 0

[18/Apr/2023:10:00:04] UPDATING ACCOUNTS (JobID: 15ef2501-0157-433b-8157-9c18dc6d2927)
 - New and modified: 0

[18/Apr/2023:10:00:04] DELETING ACCOUNTS (JobID: 15ef2501-0157-433b-8157-9c18dc6d2927)
 - Deleted: 0

[18/Apr/2023:10:01:05] UPDATING PRODUCTS (JobID: c8964ce6-c504-438a-930f-6a34f4fab73f)
 - New and modified: 0

[18/Apr/2023:10:01:09] UPDATING PREPAGATI (JobID: 76d1c7c6-97b0-4b39-9b7b-ba2ad01ef275)
 - New and modified: 0

[18/Apr/2023:10:01:09] DELETING PREPAGATI (JobID: 76d1c7c6-97b0-4b39-9b7b-ba2ad01ef275)
 - Deleted: 0

[18/Apr/2023:10:10:05] UPDATING ACCOUNTS (JobID: fbda467f-449f-4f7f-b1d4-33439fef343b)
 - New and modified: 0

[18/Apr/2023:10:10:05] DELETING ACCOUNTS (JobID: fbda467f-449f-4f7f-b1d4-33439fef343b)
 - Deleted: 0

[18/Apr/2023:10:10:41] UPDATING PRODUCTS (JobID: 91134b32-ab5d-4386-9a57-a2f02f58cf87)
 - New and modified: 0

[18/Apr/2023:10:10:42] UPDATING PREPAGATI (JobID: 8ab1c495-b129-45d9-8c13-a10cb97c22be)
 - New and modified: 0

[18/Apr/2023:10:10:42] DELETING PREPAGATI (JobID: 8ab1c495-b129-45d9-8c13-a10cb97c22be)
 - Deleted: 0

[18/Apr/2023:10:20:04] UPDATING ACCOUNTS (JobID: 5cae120e-6a97-49ea-b7bf-37f9b565b542)
 - New and modified: 0

[18/Apr/2023:10:20:04] DELETING ACCOUNTS (JobID: 5cae120e-6a97-49ea-b7bf-37f9b565b542)
 - Deleted: 0

[18/Apr/2023:10:20:41] UPDATING PRODUCTS (JobID: 1e8b053c-0104-443d-8830-5c6b06a8a326)
 - New and modified: 0

[18/Apr/2023:10:20:42] UPDATING PREPAGATI (JobID: f5b8f8fa-2d63-4b95-81e0-95b4c3b5c886)
 - New and modified: 0

[18/Apr/2023:10:20:42] DELETING PREPAGATI (JobID: f5b8f8fa-2d63-4b95-81e0-95b4c3b5c886)
 - Deleted: 0

[18/Apr/2023:10:30:04] UPDATING ACCOUNTS (JobID: b53f303c-4a57-47af-8cf2-9080beee64a4)
 - New and modified: 0

[18/Apr/2023:10:30:04] DELETING ACCOUNTS (JobID: b53f303c-4a57-47af-8cf2-9080beee64a4)
 - Deleted: 0

[18/Apr/2023:10:30:42] UPDATING PRODUCTS (JobID: f862ca81-cfc0-4859-b95c-445c9638f572)
 - New and modified: 2
   CR324A
   QY6-0082-010

[18/Apr/2023:10:30:43] UPDATING PREPAGATI (JobID: 32ef9a26-08bd-4f65-9baa-0830eb0a7373)
 - New and modified: 0

[18/Apr/2023:10:30:43] DELETING PREPAGATI (JobID: 32ef9a26-08bd-4f65-9baa-0830eb0a7373)
 - Deleted: 0

[18/Apr/2023:10:40:05] UPDATING ACCOUNTS (JobID: d39341b4-3568-4810-a586-cc46fc538c35)
 - New and modified: 0

[18/Apr/2023:10:40:05] DELETING ACCOUNTS (JobID: d39341b4-3568-4810-a586-cc46fc538c35)
 - Deleted: 0

[18/Apr/2023:10:40:39] UPDATING PRODUCTS (JobID: c9082246-a937-4ae9-b1e9-e1dd25cad8c2)
 - New and modified: 0

[18/Apr/2023:10:40:41] UPDATING PREPAGATI (JobID: 24a42ab8-7ac4-4f47-9033-af30ff4f6551)
 - New and modified: 0

[18/Apr/2023:10:40:41] DELETING PREPAGATI (JobID: 24a42ab8-7ac4-4f47-9033-af30ff4f6551)
 - Deleted: 0

[18/Apr/2023:10:50:05] UPDATING ACCOUNTS (JobID: 4173c634-b1f7-4fa9-bb0e-fb9f8afa581d)
 - New and modified: 0

[18/Apr/2023:10:50:05] DELETING ACCOUNTS (JobID: 4173c634-b1f7-4fa9-bb0e-fb9f8afa581d)
 - Deleted: 0

[18/Apr/2023:10:50:40] UPDATING PRODUCTS (JobID: 487cb4c8-572a-4139-82b7-c166f331f7ab)
 - New and modified: 0

[18/Apr/2023:10:50:42] UPDATING PREPAGATI (JobID: cfe79974-9b98-4ebe-8aee-26abf2f02139)
 - New and modified: 0

[18/Apr/2023:10:50:42] DELETING PREPAGATI (JobID: cfe79974-9b98-4ebe-8aee-26abf2f02139)
 - Deleted: 0

[18/Apr/2023:11:00:05] UPDATING ACCOUNTS (JobID: 79fc9af5-3408-4a26-8d06-9350d341d538)
 - New and modified: 0

[18/Apr/2023:11:00:05] DELETING ACCOUNTS (JobID: 79fc9af5-3408-4a26-8d06-9350d341d538)
 - Deleted: 0

[18/Apr/2023:11:00:41] UPDATING PRODUCTS (JobID: b54e180c-4ef2-455c-a6da-d7bca6c82481)
 - New and modified: 0

[18/Apr/2023:11:00:43] UPDATING PREPAGATI (JobID: 25ed7f3c-f42a-4db8-9ba2-65e51abf841d)
 - New and modified: 0

[18/Apr/2023:11:00:43] DELETING PREPAGATI (JobID: 25ed7f3c-f42a-4db8-9ba2-65e51abf841d)
 - Deleted: 0

[18/Apr/2023:11:10:04] UPDATING ACCOUNTS (JobID: 2b5031e7-32f6-4e5d-b4ee-1e1ec4481f4f)
 - New and modified: 0

[18/Apr/2023:11:10:04] DELETING ACCOUNTS (JobID: 2b5031e7-32f6-4e5d-b4ee-1e1ec4481f4f)
 - Deleted: 0

[18/Apr/2023:11:10:42] UPDATING PRODUCTS (JobID: 1b115e0b-39d3-485a-8725-313b3c0f6947)
 - New and modified: 0

[18/Apr/2023:11:10:43] UPDATING PREPAGATI (JobID: 83e6b035-5187-496b-9a49-468d26f01433)
 - New and modified: 0

[18/Apr/2023:11:10:43] DELETING PREPAGATI (JobID: 83e6b035-5187-496b-9a49-468d26f01433)
 - Deleted: 0

[18/Apr/2023:11:20:04] UPDATING ACCOUNTS (JobID: 6a664ee6-2caa-4869-9d4b-133c32d74451)
 - New and modified: 0

[18/Apr/2023:11:20:04] DELETING ACCOUNTS (JobID: 6a664ee6-2caa-4869-9d4b-133c32d74451)
 - Deleted: 0

[18/Apr/2023:11:20:40] UPDATING PRODUCTS (JobID: 4ea119fa-3778-4143-a036-4f21229f2445)
 - New and modified: 0

[18/Apr/2023:11:20:42] UPDATING PREPAGATI (JobID: c8bcfaab-cd88-417a-8f41-f2bd182d6537)
 - New and modified: 0

[18/Apr/2023:11:20:42] DELETING PREPAGATI (JobID: c8bcfaab-cd88-417a-8f41-f2bd182d6537)
 - Deleted: 0

[18/Apr/2023:11:30:04] UPDATING ACCOUNTS (JobID: f6aabcbe-9185-4b8b-b3ce-ddfb2f5f42b9)
 - New and modified: 0

[18/Apr/2023:11:30:04] DELETING ACCOUNTS (JobID: f6aabcbe-9185-4b8b-b3ce-ddfb2f5f42b9)
 - Deleted: 0

[18/Apr/2023:11:30:40] UPDATING PRODUCTS (JobID: d6c55029-926c-4d83-8e37-b9bd54a9c9c9)
 - New and modified: 0

[18/Apr/2023:11:30:42] UPDATING PREPAGATI (JobID: 872205a4-321b-4fd0-9018-787f87657009)
 - New and modified: 0

[18/Apr/2023:11:30:42] DELETING PREPAGATI (JobID: 872205a4-321b-4fd0-9018-787f87657009)
 - Deleted: 0

[18/Apr/2023:11:40:04] UPDATING ACCOUNTS (JobID: fc269d47-b346-4fdb-a33b-0929e4490026)
 - New and modified: 0

[18/Apr/2023:11:40:04] DELETING ACCOUNTS (JobID: fc269d47-b346-4fdb-a33b-0929e4490026)
 - Deleted: 0

[18/Apr/2023:11:40:40] UPDATING PRODUCTS (JobID: e8723349-d4c0-455f-bc3a-4950ef750abd)
 - New and modified: 0

[18/Apr/2023:11:40:42] UPDATING PREPAGATI (JobID: de599d27-145c-4ef8-b83a-b8e48336e60b)
 - New and modified: 0

[18/Apr/2023:11:40:42] DELETING PREPAGATI (JobID: de599d27-145c-4ef8-b83a-b8e48336e60b)
 - Deleted: 0

[18/Apr/2023:11:50:04] UPDATING ACCOUNTS (JobID: aa710a83-d244-4d41-8766-bb779ff2a655)
 - New and modified: 0

[18/Apr/2023:11:50:04] DELETING ACCOUNTS (JobID: aa710a83-d244-4d41-8766-bb779ff2a655)
 - Deleted: 0

[18/Apr/2023:11:50:40] UPDATING PRODUCTS (JobID: 2016a194-e6da-475c-8c9b-6a2919e88711)
 - New and modified: 0

[18/Apr/2023:11:50:42] UPDATING PREPAGATI (JobID: 6ef57b30-7ed7-4270-ab4b-cd28b6111f66)
 - New and modified: 0

[18/Apr/2023:11:50:42] DELETING PREPAGATI (JobID: 6ef57b30-7ed7-4270-ab4b-cd28b6111f66)
 - Deleted: 0

[18/Apr/2023:12:00:04] UPDATING ACCOUNTS (JobID: df363ebd-99e3-43a3-9b6b-45a8c6e11d5a)
 - New and modified: 0

[18/Apr/2023:12:00:04] DELETING ACCOUNTS (JobID: df363ebd-99e3-43a3-9b6b-45a8c6e11d5a)
 - Deleted: 0

[18/Apr/2023:12:00:38] UPDATING PRODUCTS (JobID: 09fce9d8-adde-4beb-b530-e88d9764e786)
 - New and modified: 0

[18/Apr/2023:12:00:40] UPDATING PREPAGATI (JobID: fff7d30c-e33a-49a2-83e7-6a4c753599eb)
 - New and modified: 0

[18/Apr/2023:12:00:40] DELETING PREPAGATI (JobID: fff7d30c-e33a-49a2-83e7-6a4c753599eb)
 - Deleted: 0

[18/Apr/2023:12:10:04] UPDATING ACCOUNTS (JobID: 09719e2c-752a-43ab-92be-677611f50f6d)
 - New and modified: 0

[18/Apr/2023:12:10:04] DELETING ACCOUNTS (JobID: 09719e2c-752a-43ab-92be-677611f50f6d)
 - Deleted: 0

[18/Apr/2023:12:10:38] UPDATING PRODUCTS (JobID: 68e224de-284f-4070-abe2-0d8e0ce228bf)
 - New and modified: 0

[18/Apr/2023:12:10:40] UPDATING PREPAGATI (JobID: dc7c8f39-f7dc-429a-9349-8dfd2099b37d)
 - New and modified: 0

[18/Apr/2023:12:10:40] DELETING PREPAGATI (JobID: dc7c8f39-f7dc-429a-9349-8dfd2099b37d)
 - Deleted: 0

[18/Apr/2023:12:20:04] UPDATING ACCOUNTS (JobID: 351bab31-6331-4a9e-bb93-60392fd3cf3a)
 - New and modified: 0

[18/Apr/2023:12:20:04] DELETING ACCOUNTS (JobID: 351bab31-6331-4a9e-bb93-60392fd3cf3a)
 - Deleted: 0

[18/Apr/2023:12:20:40] UPDATING PRODUCTS (JobID: a584e584-f095-4e7f-b6cc-bffa7cfc7c94)
 - New and modified: 0

[18/Apr/2023:12:20:42] UPDATING PREPAGATI (JobID: 13d218ab-e188-46e6-92c3-96f10cbebaf6)
 - New and modified: 0

[18/Apr/2023:12:20:42] DELETING PREPAGATI (JobID: 13d218ab-e188-46e6-92c3-96f10cbebaf6)
 - Deleted: 0

[18/Apr/2023:12:30:04] UPDATING ACCOUNTS (JobID: 3dcf8607-d4cb-4554-8e16-b78cfe35d6fc)
 - New and modified: 0

[18/Apr/2023:12:30:04] DELETING ACCOUNTS (JobID: 3dcf8607-d4cb-4554-8e16-b78cfe35d6fc)
 - Deleted: 0

[18/Apr/2023:12:30:43] UPDATING PRODUCTS (JobID: d62f1128-5d72-454f-8b1e-72b02667f169)
 - New and modified: 0

[18/Apr/2023:12:30:45] UPDATING PREPAGATI (JobID: d9bc3119-4483-4a29-95ac-fdce5b566311)
 - New and modified: 0

[18/Apr/2023:12:30:45] DELETING PREPAGATI (JobID: d9bc3119-4483-4a29-95ac-fdce5b566311)
 - Deleted: 0

[18/Apr/2023:12:40:04] UPDATING ACCOUNTS (JobID: b81a50ef-2ee9-486f-8501-cd564e40dcb3)
 - New and modified: 0

[18/Apr/2023:12:40:04] DELETING ACCOUNTS (JobID: b81a50ef-2ee9-486f-8501-cd564e40dcb3)
 - Deleted: 0

[18/Apr/2023:12:40:37] UPDATING PRODUCTS (JobID: 09c14daa-3cf8-44c4-b00b-9183f5a5af1d)
 - New and modified: 0

[18/Apr/2023:12:40:39] UPDATING PREPAGATI (JobID: ca065d68-ef69-4d39-94da-98d08a92879d)
 - New and modified: 0

[18/Apr/2023:12:40:39] DELETING PREPAGATI (JobID: ca065d68-ef69-4d39-94da-98d08a92879d)
 - Deleted: 0

[18/Apr/2023:12:50:04] UPDATING ACCOUNTS (JobID: 879609ed-9b9e-4b5b-bd93-22b6f9c0b337)
 - New and modified: 0

[18/Apr/2023:12:50:04] DELETING ACCOUNTS (JobID: 879609ed-9b9e-4b5b-bd93-22b6f9c0b337)
 - Deleted: 0

[18/Apr/2023:12:50:38] UPDATING PRODUCTS (JobID: 917e4799-9865-4ba0-9666-8210f4b47a05)
 - New and modified: 0

[18/Apr/2023:12:50:40] UPDATING PREPAGATI (JobID: be8b88ca-1dae-474d-90a9-3023fbe17970)
 - New and modified: 0

[18/Apr/2023:12:50:40] DELETING PREPAGATI (JobID: be8b88ca-1dae-474d-90a9-3023fbe17970)
 - Deleted: 0

[18/Apr/2023:13:00:04] UPDATING ACCOUNTS (JobID: a7a0e13c-63ec-4c9f-b60f-244a7b91deac)
 - New and modified: 0

[18/Apr/2023:13:00:04] DELETING ACCOUNTS (JobID: a7a0e13c-63ec-4c9f-b60f-244a7b91deac)
 - Deleted: 0

[18/Apr/2023:13:00:45] UPDATING PRODUCTS (JobID: a606115f-103f-43b0-94ef-be58c0fe7eab)
 - New and modified: 0

[18/Apr/2023:13:00:48] UPDATING PREPAGATI (JobID: 3c75dfae-56a3-4a14-b313-e7def0d0c9fe)
 - New and modified: 0

[18/Apr/2023:13:00:48] DELETING PREPAGATI (JobID: 3c75dfae-56a3-4a14-b313-e7def0d0c9fe)
 - Deleted: 0

[18/Apr/2023:13:10:04] UPDATING ACCOUNTS (JobID: d63af4e9-e485-4e6c-95c6-d074be1fbc9f)
 - New and modified: 0

[18/Apr/2023:13:10:04] DELETING ACCOUNTS (JobID: d63af4e9-e485-4e6c-95c6-d074be1fbc9f)
 - Deleted: 0

[18/Apr/2023:13:10:39] UPDATING PRODUCTS (JobID: 89f8637a-efb0-4074-91c6-fd14ddca4e21)
 - New and modified: 0

[18/Apr/2023:13:10:41] UPDATING PREPAGATI (JobID: 84c753cf-eb7e-44bd-af22-cb160dd21e1e)
 - New and modified: 0

[18/Apr/2023:13:10:41] DELETING PREPAGATI (JobID: 84c753cf-eb7e-44bd-af22-cb160dd21e1e)
 - Deleted: 0

[18/Apr/2023:13:20:05] UPDATING ACCOUNTS (JobID: cbd7f0e3-5744-4e77-83db-b3f7a972cd8d)
 - New and modified: 0

[18/Apr/2023:13:20:05] DELETING ACCOUNTS (JobID: cbd7f0e3-5744-4e77-83db-b3f7a972cd8d)
 - Deleted: 0

[18/Apr/2023:13:20:41] UPDATING PRODUCTS (JobID: 26b233cc-0fc3-4b60-b778-629f1f01683d)
 - New and modified: 0

[18/Apr/2023:13:20:43] UPDATING PREPAGATI (JobID: 28656fb2-43c9-4bb8-87fa-cb1621867c88)
 - New and modified: 0

[18/Apr/2023:13:20:43] DELETING PREPAGATI (JobID: 28656fb2-43c9-4bb8-87fa-cb1621867c88)
 - Deleted: 0

[18/Apr/2023:13:30:04] UPDATING ACCOUNTS (JobID: fa94bfc2-2c88-4437-a2af-4f7b7ecfed61)
 - New and modified: 0

[18/Apr/2023:13:30:04] DELETING ACCOUNTS (JobID: fa94bfc2-2c88-4437-a2af-4f7b7ecfed61)
 - Deleted: 0

[18/Apr/2023:13:30:37] UPDATING PRODUCTS (JobID: f88da325-818d-4157-93d2-722dd0f3e56e)
 - New and modified: 0

[18/Apr/2023:13:30:39] UPDATING PREPAGATI (JobID: 104e9d33-9be7-4b9b-8cd2-7b8ea7a0c8f1)
 - New and modified: 0

[18/Apr/2023:13:30:39] DELETING PREPAGATI (JobID: 104e9d33-9be7-4b9b-8cd2-7b8ea7a0c8f1)
 - Deleted: 0

[18/Apr/2023:13:40:07] UPDATING ACCOUNTS (JobID: b745c667-776a-45d9-9489-27ff7f93d539)
 - New and modified: 0

[18/Apr/2023:13:40:07] DELETING ACCOUNTS (JobID: b745c667-776a-45d9-9489-27ff7f93d539)
 - Deleted: 0

[18/Apr/2023:13:40:41] UPDATING PRODUCTS (JobID: 39929cef-d567-409a-9def-93d2c6bca399)
 - New and modified: 0

[18/Apr/2023:13:40:43] UPDATING PREPAGATI (JobID: 9d3be1d1-de43-4117-b846-a0774a631063)
 - New and modified: 0

[18/Apr/2023:13:40:43] DELETING PREPAGATI (JobID: 9d3be1d1-de43-4117-b846-a0774a631063)
 - Deleted: 0

[18/Apr/2023:13:50:04] UPDATING ACCOUNTS (JobID: 31bf67aa-f736-46c9-8815-d123717527c6)
 - New and modified: 0

[18/Apr/2023:13:50:04] DELETING ACCOUNTS (JobID: 31bf67aa-f736-46c9-8815-d123717527c6)
 - Deleted: 0

[18/Apr/2023:13:50:40] UPDATING PRODUCTS (JobID: aeb7df5f-62e0-43ec-a3f9-2a088d4761fc)
 - New and modified: 0

[18/Apr/2023:13:50:42] UPDATING PREPAGATI (JobID: c1b1990f-d9b6-451e-a280-47ac4f3511de)
 - New and modified: 0

[18/Apr/2023:13:50:42] DELETING PREPAGATI (JobID: c1b1990f-d9b6-451e-a280-47ac4f3511de)
 - Deleted: 0

[18/Apr/2023:14:00:04] UPDATING ACCOUNTS (JobID: 655f28a3-a7f7-479e-9d2d-26b28163c0d8)
 - New and modified: 0

[18/Apr/2023:14:00:04] DELETING ACCOUNTS (JobID: 655f28a3-a7f7-479e-9d2d-26b28163c0d8)
 - Deleted: 0

[18/Apr/2023:14:00:41] UPDATING PRODUCTS (JobID: 55900325-1b8b-4e46-b11f-014cfd6ceeb0)
 - New and modified: 0

[18/Apr/2023:14:00:43] UPDATING PREPAGATI (JobID: 5d318313-dd44-4ecf-8750-442b24e69db8)
 - New and modified: 0

[18/Apr/2023:14:00:43] DELETING PREPAGATI (JobID: 5d318313-dd44-4ecf-8750-442b24e69db8)
 - Deleted: 0

[18/Apr/2023:14:10:04] UPDATING ACCOUNTS (JobID: ed57c4f0-f7fb-48f3-b5eb-02fc1315c526)
 - New and modified: 0

[18/Apr/2023:14:10:04] DELETING ACCOUNTS (JobID: ed57c4f0-f7fb-48f3-b5eb-02fc1315c526)
 - Deleted: 0

[18/Apr/2023:14:10:39] UPDATING PRODUCTS (JobID: c0b0f9c7-09c0-49be-9f37-322d73c9408d)
 - New and modified: 0

[18/Apr/2023:14:10:42] UPDATING PREPAGATI (JobID: 05acbe24-6733-4b18-a41c-18ce8b2442ce)
 - New and modified: 0

[18/Apr/2023:14:10:42] DELETING PREPAGATI (JobID: 05acbe24-6733-4b18-a41c-18ce8b2442ce)
 - Deleted: 0

[18/Apr/2023:14:20:04] UPDATING ACCOUNTS (JobID: c4e24408-c2fa-49c2-8e6c-e0161055f4bc)
 - New and modified: 0

[18/Apr/2023:14:20:04] DELETING ACCOUNTS (JobID: c4e24408-c2fa-49c2-8e6c-e0161055f4bc)
 - Deleted: 0

[18/Apr/2023:14:20:40] UPDATING PRODUCTS (JobID: ad3a7aea-7d50-473a-b9d9-42634aa2e07a)
 - New and modified: 0

[18/Apr/2023:14:20:42] UPDATING PREPAGATI (JobID: a62a64d6-7474-4344-8672-f0460f87cc7b)
 - New and modified: 0

[18/Apr/2023:14:20:42] DELETING PREPAGATI (JobID: a62a64d6-7474-4344-8672-f0460f87cc7b)
 - Deleted: 0

[18/Apr/2023:14:30:04] UPDATING ACCOUNTS (JobID: 4dae2e00-8521-4ff2-ac40-42d626fc9307)
 - New and modified: 0

[18/Apr/2023:14:30:04] DELETING ACCOUNTS (JobID: 4dae2e00-8521-4ff2-ac40-42d626fc9307)
 - Deleted: 0

[18/Apr/2023:14:30:41] UPDATING PRODUCTS (JobID: 7549002e-d859-4f4f-b4fe-0ed2e5c6dd54)
 - New and modified: 0

[18/Apr/2023:14:30:43] UPDATING PREPAGATI (JobID: d25b5faf-69cb-4726-9030-672e079950c4)
 - New and modified: 0

[18/Apr/2023:14:30:43] DELETING PREPAGATI (JobID: d25b5faf-69cb-4726-9030-672e079950c4)
 - Deleted: 0

[18/Apr/2023:14:40:03] UPDATING ACCOUNTS (JobID: 370fe48f-b9ef-4b42-9f2e-b2a2ce2ff0f1)
 - New and modified: 0

[18/Apr/2023:14:40:03] DELETING ACCOUNTS (JobID: 370fe48f-b9ef-4b42-9f2e-b2a2ce2ff0f1)
 - Deleted: 0

[18/Apr/2023:14:40:38] UPDATING PRODUCTS (JobID: b35b76a6-9460-44fd-aa19-7a09921e2cd1)
 - New and modified: 0

[18/Apr/2023:14:40:40] UPDATING PREPAGATI (JobID: 77c9ae19-2342-4c9e-93da-45aafcb3c1a0)
 - New and modified: 0

[18/Apr/2023:14:40:40] DELETING PREPAGATI (JobID: 77c9ae19-2342-4c9e-93da-45aafcb3c1a0)
 - Deleted: 0

[18/Apr/2023:14:50:04] UPDATING ACCOUNTS (JobID: 3178c324-b464-46eb-9dfc-c5c5fdb218e6)
 - New and modified: 0

[18/Apr/2023:14:50:04] DELETING ACCOUNTS (JobID: 3178c324-b464-46eb-9dfc-c5c5fdb218e6)
 - Deleted: 0

[18/Apr/2023:14:50:39] UPDATING PRODUCTS (JobID: e114701d-dbc4-47ea-9be2-8966d7d2025a)
 - New and modified: 0

[18/Apr/2023:14:50:40] UPDATING PREPAGATI (JobID: 5dc0fa31-e5ec-427e-adfb-da7c102376f8)
 - New and modified: 0

[18/Apr/2023:14:50:40] DELETING PREPAGATI (JobID: 5dc0fa31-e5ec-427e-adfb-da7c102376f8)
 - Deleted: 0

[18/Apr/2023:15:10:04] UPDATING ACCOUNTS (JobID: 0d969a56-b70d-4f06-8ec2-3daec940bff3)
 - New and modified: 0

[18/Apr/2023:15:10:04] DELETING ACCOUNTS (JobID: 0d969a56-b70d-4f06-8ec2-3daec940bff3)
 - Deleted: 0

[18/Apr/2023:15:10:39] UPDATING PRODUCTS (JobID: df1ebe67-74f8-4f4b-90a1-70396d2a649e)
 - New and modified: 0

[18/Apr/2023:15:10:41] UPDATING PREPAGATI (JobID: 84b3cd25-70de-4129-b376-12d159bc8463)
 - New and modified: 0

[18/Apr/2023:15:10:41] DELETING PREPAGATI (JobID: 84b3cd25-70de-4129-b376-12d159bc8463)
 - Deleted: 0

[18/Apr/2023:15:20:04] UPDATING ACCOUNTS (JobID: 64405524-500b-4ba0-9706-3b6fa2bb085c)
 - New and modified: 0

[18/Apr/2023:15:20:04] DELETING ACCOUNTS (JobID: 64405524-500b-4ba0-9706-3b6fa2bb085c)
 - Deleted: 0

[18/Apr/2023:15:20:39] UPDATING PRODUCTS (JobID: 086ce9fd-0092-44d6-9158-2a7575f17805)
 - New and modified: 0

[18/Apr/2023:15:20:41] UPDATING PREPAGATI (JobID: 1aceb63f-4c1e-45b3-abde-8375fd1c0311)
 - New and modified: 0

[18/Apr/2023:15:20:41] DELETING PREPAGATI (JobID: 1aceb63f-4c1e-45b3-abde-8375fd1c0311)
 - Deleted: 0

[18/Apr/2023:15:30:04] UPDATING ACCOUNTS (JobID: 92b45bc4-9e8b-415d-ba51-540532dcedc9)
 - New and modified: 0

[18/Apr/2023:15:30:04] DELETING ACCOUNTS (JobID: 92b45bc4-9e8b-415d-ba51-540532dcedc9)
 - Deleted: 0

[18/Apr/2023:15:30:39] UPDATING PRODUCTS (JobID: 74048c55-e205-4c82-95b1-11af0e45b269)
 - New and modified: 0

[18/Apr/2023:15:30:41] UPDATING PREPAGATI (JobID: 4f05412e-2ded-4fbf-a234-bc50f29ff557)
 - New and modified: 0

[18/Apr/2023:15:30:41] DELETING PREPAGATI (JobID: 4f05412e-2ded-4fbf-a234-bc50f29ff557)
 - Deleted: 0

[18/Apr/2023:15:40:04] UPDATING ACCOUNTS (JobID: 85032f1d-8020-4f79-8b52-2b381961708b)
 - New and modified: 0

[18/Apr/2023:15:40:04] DELETING ACCOUNTS (JobID: 85032f1d-8020-4f79-8b52-2b381961708b)
 - Deleted: 0

[18/Apr/2023:15:40:41] UPDATING PRODUCTS (JobID: 53736b8c-dba2-4f17-98b9-552018f2ddf0)
 - New and modified: 0

[18/Apr/2023:15:40:43] UPDATING PREPAGATI (JobID: a6420f15-efd9-4d6e-9c16-3e1c31be260c)
 - New and modified: 0

[18/Apr/2023:15:40:43] DELETING PREPAGATI (JobID: a6420f15-efd9-4d6e-9c16-3e1c31be260c)
 - Deleted: 0

[18/Apr/2023:15:50:04] UPDATING ACCOUNTS (JobID: 22362590-a8e3-44e8-aef6-c153f9a902a0)
 - New and modified: 0

[18/Apr/2023:15:50:04] DELETING ACCOUNTS (JobID: 22362590-a8e3-44e8-aef6-c153f9a902a0)
 - Deleted: 0

[18/Apr/2023:15:50:39] UPDATING PRODUCTS (JobID: 38614b5c-0594-4ace-b84d-9d1fd7e466d8)
 - New and modified: 0

[18/Apr/2023:15:50:40] UPDATING PREPAGATI (JobID: 74b55436-2953-424d-8dd7-15039d7a0ded)
 - New and modified: 0

[18/Apr/2023:15:50:40] DELETING PREPAGATI (JobID: 74b55436-2953-424d-8dd7-15039d7a0ded)
 - Deleted: 0

[18/Apr/2023:16:00:05] UPDATING ACCOUNTS (JobID: edd1b581-6a8f-4676-978f-58a9d702efe1)
 - New and modified: 0

[18/Apr/2023:16:00:05] DELETING ACCOUNTS (JobID: edd1b581-6a8f-4676-978f-58a9d702efe1)
 - Deleted: 0

[18/Apr/2023:16:00:44] UPDATING PRODUCTS (JobID: 98d4a008-ddd2-4cf7-8c3f-02252d89b508)
 - New and modified: 0

[18/Apr/2023:16:00:47] UPDATING PREPAGATI (JobID: ce7bed33-ce39-41d9-8c98-040481ebb255)
 - New and modified: 0

[18/Apr/2023:16:00:47] DELETING PREPAGATI (JobID: ce7bed33-ce39-41d9-8c98-040481ebb255)
 - Deleted: 0

[18/Apr/2023:16:10:04] UPDATING ACCOUNTS (JobID: 619c932a-e631-482a-8c1c-a46497a4339d)
 - New and modified: 0

[18/Apr/2023:16:10:04] DELETING ACCOUNTS (JobID: 619c932a-e631-482a-8c1c-a46497a4339d)
 - Deleted: 0

[18/Apr/2023:16:10:39] UPDATING PRODUCTS (JobID: 923bac52-cb36-457c-b94d-f031d4e379a6)
 - New and modified: 0

[18/Apr/2023:16:10:41] UPDATING PREPAGATI (JobID: 168c4d6a-f4c0-4070-8bea-2918e364b120)
 - New and modified: 0

[18/Apr/2023:16:10:41] DELETING PREPAGATI (JobID: 168c4d6a-f4c0-4070-8bea-2918e364b120)
 - Deleted: 0

[18/Apr/2023:16:20:04] UPDATING ACCOUNTS (JobID: 115bd56e-c4c6-4b51-8cbc-c987fab3896e)
 - New and modified: 0

[18/Apr/2023:16:20:04] DELETING ACCOUNTS (JobID: 115bd56e-c4c6-4b51-8cbc-c987fab3896e)
 - Deleted: 0

[18/Apr/2023:16:20:41] UPDATING PRODUCTS (JobID: 5c498e19-5910-461a-95c1-00dd0bd66249)
 - New and modified: 0

[18/Apr/2023:16:20:42] UPDATING PREPAGATI (JobID: a65521d6-6327-4e90-9648-f90c1b56c118)
 - New and modified: 0

[18/Apr/2023:16:20:42] DELETING PREPAGATI (JobID: a65521d6-6327-4e90-9648-f90c1b56c118)
 - Deleted: 0

[18/Apr/2023:16:30:04] UPDATING ACCOUNTS (JobID: 08a1e25b-1969-4b07-9abd-6f03e70d784c)
 - New and modified: 0

[18/Apr/2023:16:30:04] DELETING ACCOUNTS (JobID: 08a1e25b-1969-4b07-9abd-6f03e70d784c)
 - Deleted: 0

[18/Apr/2023:16:30:41] UPDATING PRODUCTS (JobID: 292b4f26-9022-4065-ad4c-96f7d5c55601)
 - New and modified: 0

[18/Apr/2023:16:30:42] UPDATING PREPAGATI (JobID: 85e73ac4-883a-477d-b0c0-8d8455248dd8)
 - New and modified: 0

[18/Apr/2023:16:30:42] DELETING PREPAGATI (JobID: 85e73ac4-883a-477d-b0c0-8d8455248dd8)
 - Deleted: 0

[18/Apr/2023:16:40:04] UPDATING ACCOUNTS (JobID: 28c56ec6-c866-435b-9770-deeaf2e3f3a7)
 - New and modified: 0

[18/Apr/2023:16:40:04] DELETING ACCOUNTS (JobID: 28c56ec6-c866-435b-9770-deeaf2e3f3a7)
 - Deleted: 0

[18/Apr/2023:16:40:40] UPDATING PRODUCTS (JobID: 0e614c3c-94a4-4922-b0cf-b80897096eb4)
 - New and modified: 0

[18/Apr/2023:16:40:42] UPDATING PREPAGATI (JobID: 6df68763-2ba1-429d-b553-f71005a065c0)
 - New and modified: 0

[18/Apr/2023:16:40:42] DELETING PREPAGATI (JobID: 6df68763-2ba1-429d-b553-f71005a065c0)
 - Deleted: 0

[18/Apr/2023:16:50:05] UPDATING ACCOUNTS (JobID: a0dc9147-1393-4e88-8649-6c16d679ac9d)
 - New and modified: 0

[18/Apr/2023:16:50:05] DELETING ACCOUNTS (JobID: a0dc9147-1393-4e88-8649-6c16d679ac9d)
 - Deleted: 0

[18/Apr/2023:16:50:43] UPDATING PRODUCTS (JobID: 395f532a-6c42-4c47-b2a1-be1ca346ab99)
 - New and modified: 0

[18/Apr/2023:16:50:45] UPDATING PREPAGATI (JobID: 6044df92-6f1b-45ba-b9b9-f3ad31ac9e85)
 - New and modified: 0

[18/Apr/2023:16:50:45] DELETING PREPAGATI (JobID: 6044df92-6f1b-45ba-b9b9-f3ad31ac9e85)
 - Deleted: 0

[18/Apr/2023:17:00:06] UPDATING ACCOUNTS (JobID: 115c48e2-030f-4dd0-a010-8cf77a21b662)
 - New and modified: 0

[18/Apr/2023:17:00:06] DELETING ACCOUNTS (JobID: 115c48e2-030f-4dd0-a010-8cf77a21b662)
 - Deleted: 0

[18/Apr/2023:17:00:42] UPDATING PRODUCTS (JobID: 1b1bdae8-6458-412f-9481-01ddb0adeb3b)
 - New and modified: 0

[18/Apr/2023:17:00:44] UPDATING PREPAGATI (JobID: f6d58d5e-e7d0-420f-b8a8-22ac44f9c8b4)
 - New and modified: 0

[18/Apr/2023:17:00:44] DELETING PREPAGATI (JobID: f6d58d5e-e7d0-420f-b8a8-22ac44f9c8b4)
 - Deleted: 0

[18/Apr/2023:17:10:04] UPDATING ACCOUNTS (JobID: 83dbc5cd-3485-4733-a5fe-a0b95098f60a)
 - New and modified: 0

[18/Apr/2023:17:10:04] DELETING ACCOUNTS (JobID: 83dbc5cd-3485-4733-a5fe-a0b95098f60a)
 - Deleted: 0

[18/Apr/2023:17:10:40] UPDATING PRODUCTS (JobID: 2e6d282c-14bb-49c9-97ec-19256feb3b86)
 - New and modified: 0

[18/Apr/2023:17:10:41] UPDATING PREPAGATI (JobID: caa88397-406a-4b5f-878a-fb36a043abb7)
 - New and modified: 0

[18/Apr/2023:17:10:41] DELETING PREPAGATI (JobID: caa88397-406a-4b5f-878a-fb36a043abb7)
 - Deleted: 0

[18/Apr/2023:17:20:04] UPDATING ACCOUNTS (JobID: e1532d49-0df8-4eab-9c7a-5e1da1a5f1ab)
 - New and modified: 0

[18/Apr/2023:17:20:04] DELETING ACCOUNTS (JobID: e1532d49-0df8-4eab-9c7a-5e1da1a5f1ab)
 - Deleted: 0

[18/Apr/2023:17:20:41] UPDATING PRODUCTS (JobID: 8747ace9-f399-4f59-aff3-235eba44327c)
 - New and modified: 0

[18/Apr/2023:17:20:43] UPDATING PREPAGATI (JobID: 7eb15750-1a48-46bb-9161-d618305e00e4)
 - New and modified: 0

[18/Apr/2023:17:20:43] DELETING PREPAGATI (JobID: 7eb15750-1a48-46bb-9161-d618305e00e4)
 - Deleted: 0

[18/Apr/2023:17:30:04] UPDATING ACCOUNTS (JobID: 24498dfb-791c-4b95-8433-404f840fa950)
 - New and modified: 0

[18/Apr/2023:17:30:04] DELETING ACCOUNTS (JobID: 24498dfb-791c-4b95-8433-404f840fa950)
 - Deleted: 0

[18/Apr/2023:17:30:39] UPDATING PRODUCTS (JobID: ca90d7e9-dcc4-4c5a-aeb5-fcf6987aced5)
 - New and modified: 0

[18/Apr/2023:17:30:41] UPDATING PREPAGATI (JobID: 79b36923-6a16-48ec-a2c4-fc26c924152f)
 - New and modified: 0

[18/Apr/2023:17:30:41] DELETING PREPAGATI (JobID: 79b36923-6a16-48ec-a2c4-fc26c924152f)
 - Deleted: 0

[18/Apr/2023:17:40:03] UPDATING ACCOUNTS (JobID: db4eb34a-eac9-4a90-9953-0583543df54c)
 - New and modified: 0

[18/Apr/2023:17:40:03] DELETING ACCOUNTS (JobID: db4eb34a-eac9-4a90-9953-0583543df54c)
 - Deleted: 0

[18/Apr/2023:17:40:39] UPDATING PRODUCTS (JobID: d2624265-6236-45cb-96cf-94e561dbdfad)
 - New and modified: 0

[18/Apr/2023:17:40:40] UPDATING PREPAGATI (JobID: 71e726d8-cd3d-49ac-be7c-e129e5a4b4e8)
 - New and modified: 0

[18/Apr/2023:17:40:40] DELETING PREPAGATI (JobID: 71e726d8-cd3d-49ac-be7c-e129e5a4b4e8)
 - Deleted: 0

[18/Apr/2023:17:50:04] UPDATING ACCOUNTS (JobID: 63c84348-8b6e-484d-be9b-54ffb55488cf)
 - New and modified: 0

[18/Apr/2023:17:50:04] DELETING ACCOUNTS (JobID: 63c84348-8b6e-484d-be9b-54ffb55488cf)
 - Deleted: 0

[18/Apr/2023:17:50:39] UPDATING PRODUCTS (JobID: cca5f264-b6b7-442f-a2ed-1200e2f04729)
 - New and modified: 0

[18/Apr/2023:17:50:40] UPDATING PREPAGATI (JobID: 1a4e2b75-01f5-49c1-8545-b0e3bba84f2f)
 - New and modified: 0

[18/Apr/2023:17:50:40] DELETING PREPAGATI (JobID: 1a4e2b75-01f5-49c1-8545-b0e3bba84f2f)
 - Deleted: 0

[18/Apr/2023:18:00:17] UPDATING ACCOUNTS (JobID: 6080ba00-ea1e-404e-aa26-be7069080268)
 - New and modified: 0

[18/Apr/2023:18:00:17] DELETING ACCOUNTS (JobID: 6080ba00-ea1e-404e-aa26-be7069080268)
 - Deleted: 0

[18/Apr/2023:18:01:02] UPDATING PRODUCTS (JobID: 8cc06333-abed-4572-a26f-9fac7719eda6)
 - New and modified: 0

[18/Apr/2023:18:01:04] UPDATING PREPAGATI (JobID: 8cfc871b-db38-42f5-be62-4032a33a6171)
 - New and modified: 0

[18/Apr/2023:18:01:04] DELETING PREPAGATI (JobID: 8cfc871b-db38-42f5-be62-4032a33a6171)
 - Deleted: 0

[18/Apr/2023:18:10:04] UPDATING ACCOUNTS (JobID: b7c5cc1b-4941-4bfe-b84b-a9ff82b85696)
 - New and modified: 0

[18/Apr/2023:18:10:04] DELETING ACCOUNTS (JobID: b7c5cc1b-4941-4bfe-b84b-a9ff82b85696)
 - Deleted: 0

[18/Apr/2023:18:10:40] UPDATING PRODUCTS (JobID: e392d972-8a16-4508-a65f-fe661422343e)
 - New and modified: 0

[18/Apr/2023:18:10:42] UPDATING PREPAGATI (JobID: 0aab0715-5359-40ea-b929-b4a37d7116b7)
 - New and modified: 0

[18/Apr/2023:18:10:42] DELETING PREPAGATI (JobID: 0aab0715-5359-40ea-b929-b4a37d7116b7)
 - Deleted: 0

[18/Apr/2023:18:20:04] UPDATING ACCOUNTS (JobID: f5946749-4b9b-498c-b706-1dc105aa426c)
 - New and modified: 0

[18/Apr/2023:18:20:04] DELETING ACCOUNTS (JobID: f5946749-4b9b-498c-b706-1dc105aa426c)
 - Deleted: 0

[18/Apr/2023:18:20:40] UPDATING PRODUCTS (JobID: 697acfbb-8b4d-4f98-8040-60d38877b362)
 - New and modified: 0

[18/Apr/2023:18:20:42] UPDATING PREPAGATI (JobID: 17db42cb-1001-4b08-b185-3ebbb5111f70)
 - New and modified: 0

[18/Apr/2023:18:20:42] DELETING PREPAGATI (JobID: 17db42cb-1001-4b08-b185-3ebbb5111f70)
 - Deleted: 0

[18/Apr/2023:18:30:04] UPDATING ACCOUNTS (JobID: 26995af0-a23c-457a-b9f9-594e86c349c8)
 - New and modified: 0

[18/Apr/2023:18:30:04] DELETING ACCOUNTS (JobID: 26995af0-a23c-457a-b9f9-594e86c349c8)
 - Deleted: 0

[18/Apr/2023:18:30:42] UPDATING PRODUCTS (JobID: 9d110adc-480c-4d6b-8f81-4327bdca838f)
 - New and modified: 0

[18/Apr/2023:18:30:44] UPDATING PREPAGATI (JobID: 55ce018d-5db0-4667-91cf-434bb2d84baf)
 - New and modified: 0

[18/Apr/2023:18:30:44] DELETING PREPAGATI (JobID: 55ce018d-5db0-4667-91cf-434bb2d84baf)
 - Deleted: 0

[18/Apr/2023:18:40:04] UPDATING ACCOUNTS (JobID: 497dd1d6-26f0-4053-aee0-ff5fdc5d5cb0)
 - New and modified: 0

[18/Apr/2023:18:40:04] DELETING ACCOUNTS (JobID: 497dd1d6-26f0-4053-aee0-ff5fdc5d5cb0)
 - Deleted: 0

[18/Apr/2023:18:40:41] UPDATING PRODUCTS (JobID: 5dd1fb4d-c375-4127-b6e4-ba5597868832)
 - New and modified: 0

[18/Apr/2023:18:40:43] UPDATING PREPAGATI (JobID: ae7467c2-a6c8-4765-b3af-91fcc55e580c)
 - New and modified: 0

[18/Apr/2023:18:40:43] DELETING PREPAGATI (JobID: ae7467c2-a6c8-4765-b3af-91fcc55e580c)
 - Deleted: 0

[18/Apr/2023:18:50:06] UPDATING ACCOUNTS (JobID: 83cf3c1b-14ed-4d60-8e7c-dd0463077d19)
 - New and modified: 0

[18/Apr/2023:18:50:06] DELETING ACCOUNTS (JobID: 83cf3c1b-14ed-4d60-8e7c-dd0463077d19)
 - Deleted: 0

[18/Apr/2023:18:50:41] UPDATING PRODUCTS (JobID: 0bc54b59-8193-4c77-9f90-4759b528d75a)
 - New and modified: 0

[18/Apr/2023:18:50:43] UPDATING PREPAGATI (JobID: 90e5efdb-2d80-4277-8e14-1017541f34f4)
 - New and modified: 0

[18/Apr/2023:18:50:43] DELETING PREPAGATI (JobID: 90e5efdb-2d80-4277-8e14-1017541f34f4)
 - Deleted: 0

[18/Apr/2023:19:00:16] UPDATING ACCOUNTS (JobID: 79779dd7-5315-4126-b618-2489c3903396)
 - New and modified: 0

[18/Apr/2023:19:00:16] DELETING ACCOUNTS (JobID: 79779dd7-5315-4126-b618-2489c3903396)
 - Deleted: 0

[18/Apr/2023:19:00:54] UPDATING PRODUCTS (JobID: 71bf5db9-c902-4b17-8653-f1ee8c074172)
 - New and modified: 0

[18/Apr/2023:19:00:56] UPDATING PREPAGATI (JobID: 90245fbf-2bf2-4220-9ceb-d8b92618d3f1)
 - New and modified: 0

[18/Apr/2023:19:00:56] DELETING PREPAGATI (JobID: 90245fbf-2bf2-4220-9ceb-d8b92618d3f1)
 - Deleted: 0

[18/Apr/2023:19:10:04] UPDATING ACCOUNTS (JobID: 5679359d-bf2b-465e-a026-8675c64668b7)
 - New and modified: 0

[18/Apr/2023:19:10:04] DELETING ACCOUNTS (JobID: 5679359d-bf2b-465e-a026-8675c64668b7)
 - Deleted: 0

[18/Apr/2023:19:10:39] UPDATING PRODUCTS (JobID: 740e7ff8-4f4e-4e54-b31d-a5a7c80d775c)
 - New and modified: 0

[18/Apr/2023:19:10:41] UPDATING PREPAGATI (JobID: ef4b0785-4363-49cc-b211-e58362f6705c)
 - New and modified: 0

[18/Apr/2023:19:10:41] DELETING PREPAGATI (JobID: ef4b0785-4363-49cc-b211-e58362f6705c)
 - Deleted: 0

[18/Apr/2023:19:20:04] UPDATING ACCOUNTS (JobID: 7fa1d741-d64c-4be3-a560-b615f656603e)
 - New and modified: 0

[18/Apr/2023:19:20:04] DELETING ACCOUNTS (JobID: 7fa1d741-d64c-4be3-a560-b615f656603e)
 - Deleted: 0

[18/Apr/2023:19:20:39] UPDATING PRODUCTS (JobID: f6dbbbe3-1022-42ab-9e2a-d3d5f9e97dcc)
 - New and modified: 0

[18/Apr/2023:19:20:41] UPDATING PREPAGATI (JobID: 32bb750c-7b78-40e8-b82e-f57ee041ff72)
 - New and modified: 0

[18/Apr/2023:19:20:41] DELETING PREPAGATI (JobID: 32bb750c-7b78-40e8-b82e-f57ee041ff72)
 - Deleted: 0

[18/Apr/2023:19:30:04] UPDATING ACCOUNTS (JobID: 4daa8de5-f791-4a92-940f-09e58d072f32)
 - New and modified: 0

[18/Apr/2023:19:30:04] DELETING ACCOUNTS (JobID: 4daa8de5-f791-4a92-940f-09e58d072f32)
 - Deleted: 0

[18/Apr/2023:19:30:40] UPDATING PRODUCTS (JobID: b60f18fa-a16e-40e8-b255-9c7ce629b6ec)
 - New and modified: 0

[18/Apr/2023:19:30:42] UPDATING PREPAGATI (JobID: 5cf3528b-002d-471a-83e7-e94aa4b03de4)
 - New and modified: 0

[18/Apr/2023:19:30:42] DELETING PREPAGATI (JobID: 5cf3528b-002d-471a-83e7-e94aa4b03de4)
 - Deleted: 0

[18/Apr/2023:19:40:04] UPDATING ACCOUNTS (JobID: bf1c2c28-d673-4ed8-94fa-44379ec337cc)
 - New and modified: 0

[18/Apr/2023:19:40:04] DELETING ACCOUNTS (JobID: bf1c2c28-d673-4ed8-94fa-44379ec337cc)
 - Deleted: 0

[18/Apr/2023:19:40:39] UPDATING PRODUCTS (JobID: fed772ad-7c49-4eee-8f75-724752e23e92)
 - New and modified: 0

[18/Apr/2023:19:40:41] UPDATING PREPAGATI (JobID: cc8b7bd0-9709-4d5b-8e61-5e75d437cd69)
 - New and modified: 0

[18/Apr/2023:19:40:41] DELETING PREPAGATI (JobID: cc8b7bd0-9709-4d5b-8e61-5e75d437cd69)
 - Deleted: 0

[18/Apr/2023:19:50:04] UPDATING ACCOUNTS (JobID: 4b46e887-52aa-4e6b-bf34-8afaab52c705)
 - New and modified: 0

[18/Apr/2023:19:50:04] DELETING ACCOUNTS (JobID: 4b46e887-52aa-4e6b-bf34-8afaab52c705)
 - Deleted: 0

[18/Apr/2023:19:50:40] UPDATING PRODUCTS (JobID: 0d85a1a0-73dd-4d6f-bc86-f3b07119a551)
 - New and modified: 0

[18/Apr/2023:19:50:42] UPDATING PREPAGATI (JobID: a15e1ba1-1a52-4db6-9c8c-254c48dea6db)
 - New and modified: 0

[18/Apr/2023:19:50:42] DELETING PREPAGATI (JobID: a15e1ba1-1a52-4db6-9c8c-254c48dea6db)
 - Deleted: 0

[18/Apr/2023:20:00:04] UPDATING ACCOUNTS (JobID: f3ab707d-aa1b-4887-bff4-f6818d493dbd)
 - New and modified: 0

[18/Apr/2023:20:00:04] DELETING ACCOUNTS (JobID: f3ab707d-aa1b-4887-bff4-f6818d493dbd)
 - Deleted: 0

[18/Apr/2023:20:00:41] UPDATING PRODUCTS (JobID: 4d4e3b3a-2fe8-4440-ace2-78be7278b1b9)
 - New and modified: 0

[18/Apr/2023:20:00:42] UPDATING PREPAGATI (JobID: fdca99e7-2931-43c3-a167-94ca0aba0925)
 - New and modified: 0

[18/Apr/2023:20:00:42] DELETING PREPAGATI (JobID: fdca99e7-2931-43c3-a167-94ca0aba0925)
 - Deleted: 0

[18/Apr/2023:20:10:05] UPDATING ACCOUNTS (JobID: 7489adca-e410-48b7-9f58-f99d53825203)
 - New and modified: 0

[18/Apr/2023:20:10:05] DELETING ACCOUNTS (JobID: 7489adca-e410-48b7-9f58-f99d53825203)
 - Deleted: 0

[18/Apr/2023:20:10:40] UPDATING PRODUCTS (JobID: a1bf9f35-3bb7-4087-97cb-aa61faf2f301)
 - New and modified: 0

[18/Apr/2023:20:10:41] UPDATING PREPAGATI (JobID: 013c57af-85cf-4335-b1e6-630cd74862b4)
 - New and modified: 0

[18/Apr/2023:20:10:41] DELETING PREPAGATI (JobID: 013c57af-85cf-4335-b1e6-630cd74862b4)
 - Deleted: 0

[18/Apr/2023:20:20:04] UPDATING ACCOUNTS (JobID: 4c6879e4-0784-481f-9e41-1f334f55ff17)
 - New and modified: 0

[18/Apr/2023:20:20:04] DELETING ACCOUNTS (JobID: 4c6879e4-0784-481f-9e41-1f334f55ff17)
 - Deleted: 0

[18/Apr/2023:20:20:40] UPDATING PRODUCTS (JobID: 2143aad9-5fd3-41c2-82c7-da5b566e8eb1)
 - New and modified: 0

[18/Apr/2023:20:20:42] UPDATING PREPAGATI (JobID: 2a88aa0a-9a33-4d8f-9035-f2d4a1d310c3)
 - New and modified: 0

[18/Apr/2023:20:20:42] DELETING PREPAGATI (JobID: 2a88aa0a-9a33-4d8f-9035-f2d4a1d310c3)
 - Deleted: 0

[18/Apr/2023:20:30:05] UPDATING ACCOUNTS (JobID: bb4921a7-cada-415a-b052-8a073dd68cbe)
 - New and modified: 0

[18/Apr/2023:20:30:05] DELETING ACCOUNTS (JobID: bb4921a7-cada-415a-b052-8a073dd68cbe)
 - Deleted: 0

[18/Apr/2023:20:30:47] UPDATING PRODUCTS (JobID: 8fc13e84-9a36-4369-aefe-7bb9945bd8c8)
 - New and modified: 0

[18/Apr/2023:20:30:49] UPDATING PREPAGATI (JobID: 6ab0765d-3665-48d2-b95b-4fcf794a5ae3)
 - New and modified: 0

[18/Apr/2023:20:30:49] DELETING PREPAGATI (JobID: 6ab0765d-3665-48d2-b95b-4fcf794a5ae3)
 - Deleted: 0

[18/Apr/2023:20:40:04] UPDATING ACCOUNTS (JobID: b6c7198a-2bdc-4a5a-bef4-c9a008a686ce)
 - New and modified: 0

[18/Apr/2023:20:40:04] DELETING ACCOUNTS (JobID: b6c7198a-2bdc-4a5a-bef4-c9a008a686ce)
 - Deleted: 0

[18/Apr/2023:20:40:47] UPDATING PRODUCTS (JobID: 822bfa2b-ad3a-41cd-8e3a-bcb303a9049a)
 - New and modified: 0

[18/Apr/2023:20:40:49] UPDATING PREPAGATI (JobID: 0b2d9e8b-6d3b-4b6f-bafe-3960150e6e38)
 - New and modified: 0

[18/Apr/2023:20:40:49] DELETING PREPAGATI (JobID: 0b2d9e8b-6d3b-4b6f-bafe-3960150e6e38)
 - Deleted: 0

[18/Apr/2023:20:50:06] UPDATING ACCOUNTS (JobID: ac8b43e6-45a9-468c-b7e6-d3396b6d05d7)
 - New and modified: 0

[18/Apr/2023:20:50:06] DELETING ACCOUNTS (JobID: ac8b43e6-45a9-468c-b7e6-d3396b6d05d7)
 - Deleted: 0

[18/Apr/2023:20:50:41] UPDATING PRODUCTS (JobID: 0d39fe43-051a-4559-a5a8-6376b590232b)
 - New and modified: 0

[18/Apr/2023:20:50:43] UPDATING PREPAGATI (JobID: 3ece3008-a4d6-45ac-8e98-eff53c0b3399)
 - New and modified: 0

[18/Apr/2023:20:50:43] DELETING PREPAGATI (JobID: 3ece3008-a4d6-45ac-8e98-eff53c0b3399)
 - Deleted: 0

[18/Apr/2023:21:00:05] UPDATING ACCOUNTS (JobID: 9b31553d-b327-44f2-937c-2ee63157140a)
 - New and modified: 0

[18/Apr/2023:21:00:05] DELETING ACCOUNTS (JobID: 9b31553d-b327-44f2-937c-2ee63157140a)
 - Deleted: 0

[18/Apr/2023:21:00:45] UPDATING PRODUCTS (JobID: 96bab06e-446b-49ac-8607-c5834453dfd7)
 - New and modified: 0

[18/Apr/2023:21:00:47] UPDATING PREPAGATI (JobID: e64d17bc-2976-4cef-af11-72b3de53e5b7)
 - New and modified: 0

[18/Apr/2023:21:00:47] DELETING PREPAGATI (JobID: e64d17bc-2976-4cef-af11-72b3de53e5b7)
 - Deleted: 0

[18/Apr/2023:21:10:05] UPDATING ACCOUNTS (JobID: efe6dd9c-9d5e-444f-b9eb-628769e680f1)
 - New and modified: 0

[18/Apr/2023:21:10:05] DELETING ACCOUNTS (JobID: efe6dd9c-9d5e-444f-b9eb-628769e680f1)
 - Deleted: 0

[18/Apr/2023:21:10:43] UPDATING PRODUCTS (JobID: 748362c0-210a-4fa4-b9ee-719f8381025c)
 - New and modified: 0

[18/Apr/2023:21:10:45] UPDATING PREPAGATI (JobID: 0ea6d768-8ce0-4918-82b0-4faeab86c1d2)
 - New and modified: 0

[18/Apr/2023:21:10:45] DELETING PREPAGATI (JobID: 0ea6d768-8ce0-4918-82b0-4faeab86c1d2)
 - Deleted: 0

[18/Apr/2023:21:20:04] UPDATING ACCOUNTS (JobID: 1f9df0b5-c868-403e-a330-982e45b44900)
 - New and modified: 0

[18/Apr/2023:21:20:04] DELETING ACCOUNTS (JobID: 1f9df0b5-c868-403e-a330-982e45b44900)
 - Deleted: 0

[18/Apr/2023:21:20:42] UPDATING PRODUCTS (JobID: 51ddda26-0344-4053-95cd-243e212006a3)
 - New and modified: 0

[18/Apr/2023:21:20:44] UPDATING PREPAGATI (JobID: 7c8d6c12-ca69-4611-93f7-28b257065f6d)
 - New and modified: 0

[18/Apr/2023:21:20:44] DELETING PREPAGATI (JobID: 7c8d6c12-ca69-4611-93f7-28b257065f6d)
 - Deleted: 0

[18/Apr/2023:21:30:05] UPDATING ACCOUNTS (JobID: 1eeb8283-8b2f-4431-a279-e256ed0113b2)
 - New and modified: 0

[18/Apr/2023:21:30:05] DELETING ACCOUNTS (JobID: 1eeb8283-8b2f-4431-a279-e256ed0113b2)
 - Deleted: 0

[18/Apr/2023:21:30:40] UPDATING PRODUCTS (JobID: c4e7bf32-c552-4241-8946-6bda56aa0d08)
 - New and modified: 0

[18/Apr/2023:21:30:42] UPDATING PREPAGATI (JobID: b2ea9591-9799-451d-9669-2f6c64ee5c15)
 - New and modified: 0

[18/Apr/2023:21:30:42] DELETING PREPAGATI (JobID: b2ea9591-9799-451d-9669-2f6c64ee5c15)
 - Deleted: 0

[18/Apr/2023:21:40:04] UPDATING ACCOUNTS (JobID: 484f7703-2536-4c9a-a10f-772a1145df7e)
 - New and modified: 0

[18/Apr/2023:21:40:04] DELETING ACCOUNTS (JobID: 484f7703-2536-4c9a-a10f-772a1145df7e)
 - Deleted: 0

[18/Apr/2023:21:40:41] UPDATING PRODUCTS (JobID: 8d8e3505-7302-4c66-b6dd-c3aee4ddf074)
 - New and modified: 0

[18/Apr/2023:21:40:43] UPDATING PREPAGATI (JobID: 05c7a81d-d9c4-41a0-a2ff-ba8fc2e60822)
 - New and modified: 0

[18/Apr/2023:21:40:43] DELETING PREPAGATI (JobID: 05c7a81d-d9c4-41a0-a2ff-ba8fc2e60822)
 - Deleted: 0

[18/Apr/2023:21:50:05] UPDATING ACCOUNTS (JobID: 5f8756e2-2f7f-4f6a-bcd3-a53d4d8af6d6)
 - New and modified: 0

[18/Apr/2023:21:50:05] DELETING ACCOUNTS (JobID: 5f8756e2-2f7f-4f6a-bcd3-a53d4d8af6d6)
 - Deleted: 0

[18/Apr/2023:21:50:42] UPDATING PRODUCTS (JobID: 56ca5708-5269-43a4-90a0-10ac02db768e)
 - New and modified: 0

[18/Apr/2023:21:50:44] UPDATING PREPAGATI (JobID: 81446e5a-7914-4d9a-a504-34726166da58)
 - New and modified: 0

[18/Apr/2023:21:50:44] DELETING PREPAGATI (JobID: 81446e5a-7914-4d9a-a504-34726166da58)
 - Deleted: 0

[18/Apr/2023:22:10:14] UPDATING ACCOUNTS (JobID: df25efc4-c1a1-4089-9851-44875979ffa2)
 - New and modified: 0

[18/Apr/2023:22:10:14] DELETING ACCOUNTS (JobID: df25efc4-c1a1-4089-9851-44875979ffa2)
 - Deleted: 0

[18/Apr/2023:22:12:22] UPDATING PRODUCTS (JobID: 325d6ee8-e2ec-46a4-9418-123a464d9bb3)
 - New and modified: 0

[18/Apr/2023:22:12:28] UPDATING PREPAGATI (JobID: 39f0d419-5c6e-4352-8806-9d1ec8be7c50)
 - New and modified: 0

[18/Apr/2023:22:12:28] DELETING PREPAGATI (JobID: 39f0d419-5c6e-4352-8806-9d1ec8be7c50)
 - Deleted: 0

[18/Apr/2023:22:20:04] UPDATING ACCOUNTS (JobID: ef3b6603-3922-476a-8f85-bec13ec8e9e2)
 - New and modified: 0

[18/Apr/2023:22:20:04] DELETING ACCOUNTS (JobID: ef3b6603-3922-476a-8f85-bec13ec8e9e2)
 - Deleted: 0

[18/Apr/2023:22:20:41] UPDATING PRODUCTS (JobID: 3d853430-7bf0-4cfb-b689-beec0492cf24)
 - New and modified: 0

[18/Apr/2023:22:20:44] UPDATING PREPAGATI (JobID: 0aa5f697-e2a2-4583-86b1-bd88a2ae2dd0)
 - New and modified: 0

[18/Apr/2023:22:20:44] DELETING PREPAGATI (JobID: 0aa5f697-e2a2-4583-86b1-bd88a2ae2dd0)
 - Deleted: 0

[18/Apr/2023:22:30:06] UPDATING ACCOUNTS (JobID: 6a5c36ee-f154-4263-8d95-c12ec5dd072e)
 - New and modified: 0

[18/Apr/2023:22:30:06] DELETING ACCOUNTS (JobID: 6a5c36ee-f154-4263-8d95-c12ec5dd072e)
 - Deleted: 0

[18/Apr/2023:22:30:43] UPDATING PRODUCTS (JobID: 6ae4dd26-2ce7-4df2-b535-41af43f911de)
 - New and modified: 0

[18/Apr/2023:22:30:45] UPDATING PREPAGATI (JobID: 59389a0d-6944-4010-87be-eff9214226d5)
 - New and modified: 0

[18/Apr/2023:22:30:45] DELETING PREPAGATI (JobID: 59389a0d-6944-4010-87be-eff9214226d5)
 - Deleted: 0

[18/Apr/2023:22:40:05] UPDATING ACCOUNTS (JobID: 8ceb2e53-ab49-45fd-8dd0-99a156487753)
 - New and modified: 0

[18/Apr/2023:22:40:05] DELETING ACCOUNTS (JobID: 8ceb2e53-ab49-45fd-8dd0-99a156487753)
 - Deleted: 0

[18/Apr/2023:22:40:42] UPDATING PRODUCTS (JobID: 6599fb13-f6f0-40fa-bcd4-a8c961463062)
 - New and modified: 0

[18/Apr/2023:22:40:44] UPDATING PREPAGATI (JobID: e57e6cec-4f18-42fa-b023-e37959e1cf5d)
 - New and modified: 0

[18/Apr/2023:22:40:44] DELETING PREPAGATI (JobID: e57e6cec-4f18-42fa-b023-e37959e1cf5d)
 - Deleted: 0

[18/Apr/2023:22:50:04] UPDATING ACCOUNTS (JobID: b5a81ae6-86be-4641-8d10-4d6f8fcdfe8a)
 - New and modified: 0

[18/Apr/2023:22:50:04] DELETING ACCOUNTS (JobID: b5a81ae6-86be-4641-8d10-4d6f8fcdfe8a)
 - Deleted: 0

[18/Apr/2023:22:50:42] UPDATING PRODUCTS (JobID: 8517c556-8c38-4dc0-8e8f-6527798af066)
 - New and modified: 0

[18/Apr/2023:22:50:45] UPDATING PREPAGATI (JobID: 7b30b25a-59f3-4ec7-890d-bdb3c61e1b20)
 - New and modified: 0

[18/Apr/2023:22:50:45] DELETING PREPAGATI (JobID: 7b30b25a-59f3-4ec7-890d-bdb3c61e1b20)
 - Deleted: 0

[18/Apr/2023:23:00:05] UPDATING ACCOUNTS (JobID: f27958d6-92d5-425e-a8da-a784214725e5)
 - New and modified: 0

[18/Apr/2023:23:00:05] DELETING ACCOUNTS (JobID: f27958d6-92d5-425e-a8da-a784214725e5)
 - Deleted: 0

[18/Apr/2023:23:00:45] UPDATING PRODUCTS (JobID: 74aeecae-1139-450b-9580-c136a01f6e41)
 - New and modified: 0

[18/Apr/2023:23:00:47] UPDATING PREPAGATI (JobID: ef629780-6bd9-4487-a638-57f41ef65fa1)
 - New and modified: 0

[18/Apr/2023:23:00:47] DELETING PREPAGATI (JobID: ef629780-6bd9-4487-a638-57f41ef65fa1)
 - Deleted: 0

[18/Apr/2023:23:10:04] UPDATING ACCOUNTS (JobID: 5373fa6e-9184-4023-97f8-2a4f7a7a0ed6)
 - New and modified: 0

[18/Apr/2023:23:10:04] DELETING ACCOUNTS (JobID: 5373fa6e-9184-4023-97f8-2a4f7a7a0ed6)
 - Deleted: 0

[18/Apr/2023:23:10:41] UPDATING PRODUCTS (JobID: 9bcfe7f0-4b4e-47ef-a431-312d23294307)
 - New and modified: 0

[18/Apr/2023:23:10:43] UPDATING PREPAGATI (JobID: c7ffef06-08bb-4067-a5bf-e16011f64a05)
 - New and modified: 0

[18/Apr/2023:23:10:43] DELETING PREPAGATI (JobID: c7ffef06-08bb-4067-a5bf-e16011f64a05)
 - Deleted: 0

[18/Apr/2023:23:20:04] UPDATING ACCOUNTS (JobID: ccbaec7d-ec9a-476a-a139-80f6d406f425)
 - New and modified: 0

[18/Apr/2023:23:20:04] DELETING ACCOUNTS (JobID: ccbaec7d-ec9a-476a-a139-80f6d406f425)
 - Deleted: 0

[18/Apr/2023:23:20:47] UPDATING PRODUCTS (JobID: a6eaba10-6481-478f-b597-6bbb23836ea9)
 - New and modified: 0

[18/Apr/2023:23:20:50] UPDATING PREPAGATI (JobID: 57371896-b297-47bb-982b-a20274f75164)
 - New and modified: 0

[18/Apr/2023:23:20:50] DELETING PREPAGATI (JobID: 57371896-b297-47bb-982b-a20274f75164)
 - Deleted: 0

[18/Apr/2023:23:30:04] UPDATING ACCOUNTS (JobID: b2280a80-64b6-4b17-8071-b5edb60cf32e)
 - New and modified: 0

[18/Apr/2023:23:30:04] DELETING ACCOUNTS (JobID: b2280a80-64b6-4b17-8071-b5edb60cf32e)
 - Deleted: 0

[18/Apr/2023:23:30:41] UPDATING PRODUCTS (JobID: 3fb63b5b-ab04-4bb7-8bca-39655a94bcae)
 - New and modified: 0

[18/Apr/2023:23:30:42] UPDATING PREPAGATI (JobID: 5788628f-20d3-40a2-9b16-4532670c47c6)
 - New and modified: 0

[18/Apr/2023:23:30:42] DELETING PREPAGATI (JobID: 5788628f-20d3-40a2-9b16-4532670c47c6)
 - Deleted: 0

[18/Apr/2023:23:40:04] UPDATING ACCOUNTS (JobID: 79958710-d78c-41c3-855c-f131b6cfec3d)
 - New and modified: 0

[18/Apr/2023:23:40:04] DELETING ACCOUNTS (JobID: 79958710-d78c-41c3-855c-f131b6cfec3d)
 - Deleted: 0

[18/Apr/2023:23:40:39] UPDATING PRODUCTS (JobID: bf29b9a6-166b-4bbe-86da-50a22875d433)
 - New and modified: 0

[18/Apr/2023:23:40:43] UPDATING PREPAGATI (JobID: 6e158f11-5102-4757-aa88-4c9ffe3c8001)
 - New and modified: 0

[18/Apr/2023:23:40:43] DELETING PREPAGATI (JobID: 6e158f11-5102-4757-aa88-4c9ffe3c8001)
 - Deleted: 0

[18/Apr/2023:23:50:05] UPDATING ACCOUNTS (JobID: 89fbf2b7-3ff5-4b42-887b-b6a48ef57b7a)
 - New and modified: 0

[18/Apr/2023:23:50:05] DELETING ACCOUNTS (JobID: 89fbf2b7-3ff5-4b42-887b-b6a48ef57b7a)
 - Deleted: 0

[18/Apr/2023:23:50:44] UPDATING PRODUCTS (JobID: e44ae358-5719-47cf-be91-8f796c5d7acc)
 - New and modified: 0

[18/Apr/2023:23:50:46] UPDATING PREPAGATI (JobID: c7c55228-f165-487a-87ec-65f0bf20f804)
 - New and modified: 0

[18/Apr/2023:23:50:46] DELETING PREPAGATI (JobID: c7c55228-f165-487a-87ec-65f0bf20f804)
 - Deleted: 0

