[20/Apr/2023:00:00:04] UPDATING ACCOUNTS (JobID: 157a019e-3c5f-4ff5-842e-5a4f5ee09ddc)
 - New and modified: 0

[20/Apr/2023:00:00:04] DELETING ACCOUNTS (JobID: 157a019e-3c5f-4ff5-842e-5a4f5ee09ddc)
 - Deleted: 0

[20/Apr/2023:00:00:42] UPDATING PRODUCTS (JobID: 92f203dc-c589-47b8-9e3e-9ced5c2d3341)
 - New and modified: 0

[20/Apr/2023:00:00:43] UPDATING PREPAGATI (JobID: 24a5a327-ec6f-4da0-9305-d34c20d525d4)
 - New and modified: 0

[20/Apr/2023:00:00:43] DELETING PREPAGATI (JobID: 24a5a327-ec6f-4da0-9305-d34c20d525d4)
 - Deleted: 0

[20/Apr/2023:00:10:04] UPDATING ACCOUNTS (JobID: ba135f57-b94e-4f59-8ec3-96687e3b8b00)
 - New and modified: 0

[20/Apr/2023:00:10:04] DELETING ACCOUNTS (JobID: ba135f57-b94e-4f59-8ec3-96687e3b8b00)
 - Deleted: 0

[20/Apr/2023:00:10:38] UPDATING PRODUCTS (JobID: 0a851e07-84d2-4bd4-8a5e-ab94f4a7cd32)
 - New and modified: 0

[20/Apr/2023:00:10:40] UPDATING PREPAGATI (JobID: 980b75fb-1510-4c2c-8268-d88f7e3d73ba)
 - New and modified: 0

[20/Apr/2023:00:10:40] DELETING PREPAGATI (JobID: 980b75fb-1510-4c2c-8268-d88f7e3d73ba)
 - Deleted: 0

[20/Apr/2023:00:20:04] UPDATING ACCOUNTS (JobID: 5da933f4-7f27-4595-a050-0bdbbe72496e)
 - New and modified: 0

[20/Apr/2023:00:20:04] DELETING ACCOUNTS (JobID: 5da933f4-7f27-4595-a050-0bdbbe72496e)
 - Deleted: 0

[20/Apr/2023:00:20:40] UPDATING PRODUCTS (JobID: 72c9b860-3721-4b5d-8c2e-f326398b20e2)
 - New and modified: 0

[20/Apr/2023:00:20:42] UPDATING PREPAGATI (JobID: b84ce6bc-af91-450d-a6de-5e232aa092bc)
 - New and modified: 0

[20/Apr/2023:00:20:42] DELETING PREPAGATI (JobID: b84ce6bc-af91-450d-a6de-5e232aa092bc)
 - Deleted: 0

[20/Apr/2023:00:30:03] UPDATING ACCOUNTS (JobID: d4b58afe-7d26-4461-90c7-b5c764375910)
 - New and modified: 0

[20/Apr/2023:00:30:03] DELETING ACCOUNTS (JobID: d4b58afe-7d26-4461-90c7-b5c764375910)
 - Deleted: 0

[20/Apr/2023:00:30:38] UPDATING PRODUCTS (JobID: c9e4e05c-0421-4869-8c78-c2b9db0390a4)
 - New and modified: 0

[20/Apr/2023:00:30:40] UPDATING PREPAGATI (JobID: 5c339ad7-4bd7-4afd-a349-8c4a553fe4c9)
 - New and modified: 0

[20/Apr/2023:00:30:40] DELETING PREPAGATI (JobID: 5c339ad7-4bd7-4afd-a349-8c4a553fe4c9)
 - Deleted: 0

[20/Apr/2023:00:40:04] UPDATING ACCOUNTS (JobID: f6d34782-59ec-4d95-9e2c-23db977ba5f2)
 - New and modified: 0

[20/Apr/2023:00:40:04] DELETING ACCOUNTS (JobID: f6d34782-59ec-4d95-9e2c-23db977ba5f2)
 - Deleted: 0

[20/Apr/2023:00:40:38] UPDATING PRODUCTS (JobID: 9a754852-f1e6-460b-9c07-c702ef6ed12e)
 - New and modified: 0

[20/Apr/2023:00:40:39] UPDATING PREPAGATI (JobID: a1590288-1708-4323-b8ae-01e5172852b5)
 - New and modified: 0

[20/Apr/2023:00:40:39] DELETING PREPAGATI (JobID: a1590288-1708-4323-b8ae-01e5172852b5)
 - Deleted: 0

[20/Apr/2023:00:50:03] UPDATING ACCOUNTS (JobID: 676b431f-07bf-4cc4-92bf-6e1dcb809ffd)
 - New and modified: 0

[20/Apr/2023:00:50:03] DELETING ACCOUNTS (JobID: 676b431f-07bf-4cc4-92bf-6e1dcb809ffd)
 - Deleted: 0

[20/Apr/2023:00:50:36] UPDATING PRODUCTS (JobID: 1c29b6cb-271f-45d0-9fc8-48e92480703c)
 - New and modified: 0

[20/Apr/2023:00:50:37] UPDATING PREPAGATI (JobID: 4787459f-661b-405f-9679-78f4d4814443)
 - New and modified: 0

[20/Apr/2023:00:50:37] DELETING PREPAGATI (JobID: 4787459f-661b-405f-9679-78f4d4814443)
 - Deleted: 0

[20/Apr/2023:01:00:05] UPDATING ACCOUNTS (JobID: 1df97025-31b2-4238-b872-3098c4c1ce06)
 - New and modified: 0

[20/Apr/2023:01:00:05] DELETING ACCOUNTS (JobID: 1df97025-31b2-4238-b872-3098c4c1ce06)
 - Deleted: 0

[20/Apr/2023:01:01:29] UPDATING PRODUCTS (JobID: 9b50eab7-5250-4eaf-bcd2-9efd1416bad3)
 - New and modified: 0

[20/Apr/2023:01:01:33] UPDATING PREPAGATI (JobID: f20a0ddb-8ab6-44d7-8f80-f6766f010540)
 - New and modified: 0

[20/Apr/2023:01:01:33] DELETING PREPAGATI (JobID: f20a0ddb-8ab6-44d7-8f80-f6766f010540)
 - Deleted: 0

[20/Apr/2023:01:10:06] UPDATING ACCOUNTS (JobID: aae196d0-eb22-4c2a-80f7-e760fc1e6390)
 - New and modified: 0

[20/Apr/2023:01:10:06] DELETING ACCOUNTS (JobID: aae196d0-eb22-4c2a-80f7-e760fc1e6390)
 - Deleted: 0

[20/Apr/2023:01:11:07] UPDATING PRODUCTS (JobID: 5effe21c-72f0-4b9e-b8ce-7ffad4898708)
 - New and modified: 0

[20/Apr/2023:01:11:09] UPDATING PREPAGATI (JobID: af7ed6f8-34d9-47c2-8812-607db38bdce3)
 - New and modified: 0

[20/Apr/2023:01:11:09] DELETING PREPAGATI (JobID: af7ed6f8-34d9-47c2-8812-607db38bdce3)
 - Deleted: 0

[20/Apr/2023:01:20:04] UPDATING ACCOUNTS (JobID: 2f9963de-417c-4ac1-9984-443644dd4635)
 - New and modified: 0

[20/Apr/2023:01:20:04] DELETING ACCOUNTS (JobID: 2f9963de-417c-4ac1-9984-443644dd4635)
 - Deleted: 0

[20/Apr/2023:01:21:01] UPDATING PRODUCTS (JobID: 64370210-4625-49eb-b568-f62ab986b674)
 - New and modified: 0

[20/Apr/2023:01:21:03] UPDATING PREPAGATI (JobID: 7f9b3a8b-49af-4d2c-b80b-0db0892b8de3)
 - New and modified: 0

[20/Apr/2023:01:21:03] DELETING PREPAGATI (JobID: 7f9b3a8b-49af-4d2c-b80b-0db0892b8de3)
 - Deleted: 0

[20/Apr/2023:01:30:05] UPDATING ACCOUNTS (JobID: 33102320-f9d2-4662-b4f3-794cc65e148c)
 - New and modified: 0

[20/Apr/2023:01:30:05] DELETING ACCOUNTS (JobID: 33102320-f9d2-4662-b4f3-794cc65e148c)
 - Deleted: 0

[20/Apr/2023:01:31:04] UPDATING PRODUCTS (JobID: e67cc25e-912e-4914-8d55-87a4d6b2b30f)
 - New and modified: 0

[20/Apr/2023:01:31:06] UPDATING PREPAGATI (JobID: 68900e81-2196-4802-8a24-ca69f5232551)
 - New and modified: 0

[20/Apr/2023:01:31:06] DELETING PREPAGATI (JobID: 68900e81-2196-4802-8a24-ca69f5232551)
 - Deleted: 0

[20/Apr/2023:01:40:04] UPDATING ACCOUNTS (JobID: 6a7fa48e-9db1-4867-867b-8f1bb7885eff)
 - New and modified: 0

[20/Apr/2023:01:40:04] DELETING ACCOUNTS (JobID: 6a7fa48e-9db1-4867-867b-8f1bb7885eff)
 - Deleted: 0

[20/Apr/2023:01:40:42] UPDATING PRODUCTS (JobID: b7e5e828-694c-4da1-b791-8cd527d5e732)
 - New and modified: 0

[20/Apr/2023:01:40:44] UPDATING PREPAGATI (JobID: 3c693a88-e305-4b84-af99-378653413c9e)
 - New and modified: 0

[20/Apr/2023:01:40:44] DELETING PREPAGATI (JobID: 3c693a88-e305-4b84-af99-378653413c9e)
 - Deleted: 0

[20/Apr/2023:01:50:05] UPDATING ACCOUNTS (JobID: 4157df8f-92a2-49ec-98ea-79021cedee6a)
 - New and modified: 0

[20/Apr/2023:01:50:05] DELETING ACCOUNTS (JobID: 4157df8f-92a2-49ec-98ea-79021cedee6a)
 - Deleted: 0

[20/Apr/2023:01:50:40] UPDATING PRODUCTS (JobID: bd87b378-47df-44ec-b898-b3d75a52bc9b)
 - New and modified: 0

[20/Apr/2023:01:50:42] UPDATING PREPAGATI (JobID: 8843f052-9924-4ab8-97ee-55e8eb4847aa)
 - New and modified: 0

[20/Apr/2023:01:50:42] DELETING PREPAGATI (JobID: 8843f052-9924-4ab8-97ee-55e8eb4847aa)
 - Deleted: 0

[20/Apr/2023:02:00:06] UPDATING ACCOUNTS (JobID: db09b642-34ef-4e2a-a544-19788eb79bfd)
 - New and modified: 0

[20/Apr/2023:02:00:06] DELETING ACCOUNTS (JobID: db09b642-34ef-4e2a-a544-19788eb79bfd)
 - Deleted: 0

[20/Apr/2023:02:00:42] UPDATING PRODUCTS (JobID: 3d3d21ed-1d2e-4a00-a71d-fd1d2e75a599)
 - New and modified: 0

[20/Apr/2023:02:00:44] UPDATING PREPAGATI (JobID: 40994dd8-9fb8-48d9-a619-dfb5dc22fef3)
 - New and modified: 0

[20/Apr/2023:02:00:44] DELETING PREPAGATI (JobID: 40994dd8-9fb8-48d9-a619-dfb5dc22fef3)
 - Deleted: 0

[20/Apr/2023:02:10:04] UPDATING ACCOUNTS (JobID: 0a03df54-5de3-4730-b7a7-2f56a522b9e0)
 - New and modified: 0

[20/Apr/2023:02:10:04] DELETING ACCOUNTS (JobID: 0a03df54-5de3-4730-b7a7-2f56a522b9e0)
 - Deleted: 0

[20/Apr/2023:02:10:41] UPDATING PRODUCTS (JobID: 919ff6d3-06d7-4dfc-bc9a-42e871dbe38e)
 - New and modified: 0

[20/Apr/2023:02:10:42] UPDATING PREPAGATI (JobID: dffa7611-b3ca-4875-a066-961dac20c266)
 - New and modified: 0

[20/Apr/2023:02:10:42] DELETING PREPAGATI (JobID: dffa7611-b3ca-4875-a066-961dac20c266)
 - Deleted: 0

[20/Apr/2023:02:20:06] UPDATING ACCOUNTS (JobID: 1b653200-9485-4ab8-ad9f-f79f1c227833)
 - New and modified: 0

[20/Apr/2023:02:20:06] DELETING ACCOUNTS (JobID: 1b653200-9485-4ab8-ad9f-f79f1c227833)
 - Deleted: 0

[20/Apr/2023:02:20:40] UPDATING PRODUCTS (JobID: 90d2755d-16dd-4543-8907-e64e7d48b9ad)
 - New and modified: 0

[20/Apr/2023:02:20:42] UPDATING PREPAGATI (JobID: 314ca07c-7a96-4d9e-82ac-6d8fa6c27361)
 - New and modified: 0

[20/Apr/2023:02:20:42] DELETING PREPAGATI (JobID: 314ca07c-7a96-4d9e-82ac-6d8fa6c27361)
 - Deleted: 0

[20/Apr/2023:02:30:04] UPDATING ACCOUNTS (JobID: 7756e96f-d3e7-4752-aa9d-329f9a756081)
 - New and modified: 0

[20/Apr/2023:02:30:04] DELETING ACCOUNTS (JobID: 7756e96f-d3e7-4752-aa9d-329f9a756081)
 - Deleted: 0

[20/Apr/2023:02:30:40] UPDATING PRODUCTS (JobID: 7df6e895-1f66-46dc-a033-ade18cdeec00)
 - New and modified: 0

[20/Apr/2023:02:30:42] UPDATING PREPAGATI (JobID: 9f19ff1b-6cdf-4a96-9ec1-0102b3740b78)
 - New and modified: 0

[20/Apr/2023:02:30:42] DELETING PREPAGATI (JobID: 9f19ff1b-6cdf-4a96-9ec1-0102b3740b78)
 - Deleted: 0

[20/Apr/2023:02:40:05] UPDATING ACCOUNTS (JobID: e1ca3037-81b3-45cc-bb79-3e549703f8f9)
 - New and modified: 0

[20/Apr/2023:02:40:05] DELETING ACCOUNTS (JobID: e1ca3037-81b3-45cc-bb79-3e549703f8f9)
 - Deleted: 0

[20/Apr/2023:02:40:40] UPDATING PRODUCTS (JobID: 84775414-21c9-4628-9126-5a435bc3e5e7)
 - New and modified: 0

[20/Apr/2023:02:40:42] UPDATING PREPAGATI (JobID: eacdcc5a-7b92-4019-9231-77480062e718)
 - New and modified: 0

[20/Apr/2023:02:40:42] DELETING PREPAGATI (JobID: eacdcc5a-7b92-4019-9231-77480062e718)
 - Deleted: 0

[20/Apr/2023:02:50:06] UPDATING ACCOUNTS (JobID: e50be532-b271-4665-9307-28b6de3cbcd2)
 - New and modified: 0

[20/Apr/2023:02:50:06] DELETING ACCOUNTS (JobID: e50be532-b271-4665-9307-28b6de3cbcd2)
 - Deleted: 0

[20/Apr/2023:02:50:42] UPDATING PRODUCTS (JobID: c1b0f05a-78e0-4b9d-8809-1f8bae3944a3)
 - New and modified: 0

[20/Apr/2023:02:50:46] UPDATING PREPAGATI (JobID: 946ebac2-01e4-4cf7-b2c5-0e9683413fd1)
 - New and modified: 0

[20/Apr/2023:02:50:46] DELETING PREPAGATI (JobID: 946ebac2-01e4-4cf7-b2c5-0e9683413fd1)
 - Deleted: 0

[20/Apr/2023:03:00:04] UPDATING ACCOUNTS (JobID: da1e7c25-b459-49a0-93f3-6d435cd4d339)
 - New and modified: 0

[20/Apr/2023:03:00:04] DELETING ACCOUNTS (JobID: da1e7c25-b459-49a0-93f3-6d435cd4d339)
 - Deleted: 0

[20/Apr/2023:03:00:41] UPDATING PRODUCTS (JobID: 680019b0-d56a-4282-b1a9-119aeb6e546d)
 - New and modified: 0

[20/Apr/2023:03:00:43] UPDATING PREPAGATI (JobID: 4f15f025-e06f-406c-894c-8095bf86ef59)
 - New and modified: 0

[20/Apr/2023:03:00:43] DELETING PREPAGATI (JobID: 4f15f025-e06f-406c-894c-8095bf86ef59)
 - Deleted: 0

[20/Apr/2023:03:10:04] UPDATING ACCOUNTS (JobID: d366f755-bc02-49fc-8875-923131a45edb)
 - New and modified: 0

[20/Apr/2023:03:10:04] DELETING ACCOUNTS (JobID: d366f755-bc02-49fc-8875-923131a45edb)
 - Deleted: 0

[20/Apr/2023:03:10:40] UPDATING PRODUCTS (JobID: 74933af9-d615-4ad0-93a2-173b835611f5)
 - New and modified: 0

[20/Apr/2023:03:10:41] UPDATING PREPAGATI (JobID: 23fed6d5-a061-4075-9022-563e0200ed1e)
 - New and modified: 0

[20/Apr/2023:03:10:41] DELETING PREPAGATI (JobID: 23fed6d5-a061-4075-9022-563e0200ed1e)
 - Deleted: 0

[20/Apr/2023:03:20:04] UPDATING ACCOUNTS (JobID: 72aa4bb5-d2e8-466e-b48e-f3d56bd3237d)
 - New and modified: 0

[20/Apr/2023:03:20:04] DELETING ACCOUNTS (JobID: 72aa4bb5-d2e8-466e-b48e-f3d56bd3237d)
 - Deleted: 0

[20/Apr/2023:03:20:40] UPDATING PRODUCTS (JobID: 2d66fd84-2756-4ed9-a215-a328853bb923)
 - New and modified: 0

[20/Apr/2023:03:20:42] UPDATING PREPAGATI (JobID: 62344539-7f0d-4ddd-b4f4-32b856ab9a90)
 - New and modified: 0

[20/Apr/2023:03:20:42] DELETING PREPAGATI (JobID: 62344539-7f0d-4ddd-b4f4-32b856ab9a90)
 - Deleted: 0

[20/Apr/2023:03:30:03] UPDATING ACCOUNTS (JobID: 8fb8b2ae-4fb2-4a90-a756-6c15d6243305)
 - New and modified: 0

[20/Apr/2023:03:30:03] DELETING ACCOUNTS (JobID: 8fb8b2ae-4fb2-4a90-a756-6c15d6243305)
 - Deleted: 0

[20/Apr/2023:03:30:39] UPDATING PRODUCTS (JobID: ec45f03b-2cc9-4953-9801-ce203d7c7b8c)
 - New and modified: 0

[20/Apr/2023:03:30:41] UPDATING PREPAGATI (JobID: 2aec6332-11d0-4d1f-97ba-94025810eb1b)
 - New and modified: 0

[20/Apr/2023:03:30:41] DELETING PREPAGATI (JobID: 2aec6332-11d0-4d1f-97ba-94025810eb1b)
 - Deleted: 0

[20/Apr/2023:03:40:04] UPDATING ACCOUNTS (JobID: 27ad3239-737e-4a13-bff3-e819be359084)
 - New and modified: 0

[20/Apr/2023:03:40:04] DELETING ACCOUNTS (JobID: 27ad3239-737e-4a13-bff3-e819be359084)
 - Deleted: 0

[20/Apr/2023:03:40:40] UPDATING PRODUCTS (JobID: 5d22d367-584f-4843-8c1e-eb7839f14b48)
 - New and modified: 0

[20/Apr/2023:03:40:44] UPDATING PREPAGATI (JobID: 3d3b28d2-6bbb-4af0-946d-3f9a7cd9e271)
 - New and modified: 0

[20/Apr/2023:03:40:44] DELETING PREPAGATI (JobID: 3d3b28d2-6bbb-4af0-946d-3f9a7cd9e271)
 - Deleted: 0

[20/Apr/2023:03:50:04] UPDATING ACCOUNTS (JobID: aa582468-05d5-4cad-a9d6-18ca447b5de4)
 - New and modified: 0

[20/Apr/2023:03:50:04] DELETING ACCOUNTS (JobID: aa582468-05d5-4cad-a9d6-18ca447b5de4)
 - Deleted: 0

[20/Apr/2023:03:50:41] UPDATING PRODUCTS (JobID: 66c8fdf8-e20c-46a0-b14a-44c09037a118)
 - New and modified: 0

[20/Apr/2023:03:50:44] UPDATING PREPAGATI (JobID: 050cef19-3ce4-433a-9248-d619f951ea07)
 - New and modified: 0

[20/Apr/2023:03:50:44] DELETING PREPAGATI (JobID: 050cef19-3ce4-433a-9248-d619f951ea07)
 - Deleted: 0

[20/Apr/2023:04:00:04] UPDATING ACCOUNTS (JobID: 3b6bcf8f-0321-4ab3-b0fb-303efa169033)
 - New and modified: 0

[20/Apr/2023:04:00:04] DELETING ACCOUNTS (JobID: 3b6bcf8f-0321-4ab3-b0fb-303efa169033)
 - Deleted: 0

[20/Apr/2023:04:00:40] UPDATING PRODUCTS (JobID: 138b75ab-8b85-4e34-b1c7-ff856ec65471)
 - New and modified: 0

[20/Apr/2023:04:00:43] UPDATING PREPAGATI (JobID: 4a271a40-83f0-4477-a8b3-d7ea1e209646)
 - New and modified: 0

[20/Apr/2023:04:00:43] DELETING PREPAGATI (JobID: 4a271a40-83f0-4477-a8b3-d7ea1e209646)
 - Deleted: 0

[20/Apr/2023:04:10:04] UPDATING ACCOUNTS (JobID: 6fb3c364-fba4-490d-86d2-67926a124016)
 - New and modified: 0

[20/Apr/2023:04:10:04] DELETING ACCOUNTS (JobID: 6fb3c364-fba4-490d-86d2-67926a124016)
 - Deleted: 0

[20/Apr/2023:04:10:38] UPDATING PRODUCTS (JobID: c93db08d-d65b-472a-907d-5fdf18212976)
 - New and modified: 0

[20/Apr/2023:04:10:40] UPDATING PREPAGATI (JobID: 98020f74-11d0-46f1-9c5b-daa1a4344eba)
 - New and modified: 0

[20/Apr/2023:04:10:40] DELETING PREPAGATI (JobID: 98020f74-11d0-46f1-9c5b-daa1a4344eba)
 - Deleted: 0

[20/Apr/2023:04:20:04] UPDATING ACCOUNTS (JobID: a615a413-ae14-4d06-a686-30d8ec65072d)
 - New and modified: 0

[20/Apr/2023:04:20:04] DELETING ACCOUNTS (JobID: a615a413-ae14-4d06-a686-30d8ec65072d)
 - Deleted: 0

[20/Apr/2023:04:20:40] UPDATING PRODUCTS (JobID: b46cc29a-2a58-4545-8247-43c78e039a29)
 - New and modified: 0

[20/Apr/2023:04:20:42] UPDATING PREPAGATI (JobID: e9596c2e-338f-4a67-92e3-133ef5eadb5d)
 - New and modified: 0

[20/Apr/2023:04:20:42] DELETING PREPAGATI (JobID: e9596c2e-338f-4a67-92e3-133ef5eadb5d)
 - Deleted: 0

[20/Apr/2023:04:30:04] UPDATING ACCOUNTS (JobID: f357fcda-66d2-4973-9bfa-d146e4694a16)
 - New and modified: 0

[20/Apr/2023:04:30:04] DELETING ACCOUNTS (JobID: f357fcda-66d2-4973-9bfa-d146e4694a16)
 - Deleted: 0

[20/Apr/2023:04:30:41] UPDATING PRODUCTS (JobID: b7e4e78a-d647-4e7d-995d-7341ee7ffde7)
 - New and modified: 0

[20/Apr/2023:04:30:43] UPDATING PREPAGATI (JobID: 61c67b5f-e48a-496d-8baf-5fd6d82e07c9)
 - New and modified: 0

[20/Apr/2023:04:30:43] DELETING PREPAGATI (JobID: 61c67b5f-e48a-496d-8baf-5fd6d82e07c9)
 - Deleted: 0

[20/Apr/2023:04:40:04] UPDATING ACCOUNTS (JobID: 68cd6164-57d6-4308-a32f-3df0c209ec63)
 - New and modified: 0

[20/Apr/2023:04:40:04] DELETING ACCOUNTS (JobID: 68cd6164-57d6-4308-a32f-3df0c209ec63)
 - Deleted: 0

[20/Apr/2023:04:40:45] UPDATING PRODUCTS (JobID: eac49f28-dc62-41ca-afa5-3c8f4887a970)
 - New and modified: 0

[20/Apr/2023:04:40:47] UPDATING PREPAGATI (JobID: a7b2253c-2db3-4b80-bc07-8f6565f7727c)
 - New and modified: 0

[20/Apr/2023:04:40:47] DELETING PREPAGATI (JobID: a7b2253c-2db3-4b80-bc07-8f6565f7727c)
 - Deleted: 0

[20/Apr/2023:04:50:04] UPDATING ACCOUNTS (JobID: ece50971-3661-430e-8eaf-6a27c1158c85)
 - New and modified: 0

[20/Apr/2023:04:50:04] DELETING ACCOUNTS (JobID: ece50971-3661-430e-8eaf-6a27c1158c85)
 - Deleted: 0

[20/Apr/2023:04:50:39] UPDATING PRODUCTS (JobID: 139353ad-1364-4a21-bdd8-13982c427f88)
 - New and modified: 0

[20/Apr/2023:04:50:41] UPDATING PREPAGATI (JobID: c75db21d-88d9-4cfa-acb9-8afb48e32d69)
 - New and modified: 0

[20/Apr/2023:04:50:41] DELETING PREPAGATI (JobID: c75db21d-88d9-4cfa-acb9-8afb48e32d69)
 - Deleted: 0

[20/Apr/2023:05:00:04] UPDATING ACCOUNTS (JobID: 9e49e2ea-cb74-4b44-895e-376765ac20cf)
 - New and modified: 0

[20/Apr/2023:05:00:04] DELETING ACCOUNTS (JobID: 9e49e2ea-cb74-4b44-895e-376765ac20cf)
 - Deleted: 0

[20/Apr/2023:05:00:34] UPDATING PRODUCTS (JobID: 74ac6563-fbd6-49d1-9131-773fcd60829b)
 - New and modified: 0

[20/Apr/2023:05:00:36] UPDATING PREPAGATI (JobID: 742c1ff6-26fd-4bee-bbc9-85603972dddb)
 - New and modified: 0

[20/Apr/2023:05:00:36] DELETING PREPAGATI (JobID: 742c1ff6-26fd-4bee-bbc9-85603972dddb)
 - Deleted: 0

[20/Apr/2023:05:10:04] UPDATING ACCOUNTS (JobID: 27f8ce68-75fb-4e56-993b-6b16bfedece4)
 - New and modified: 0

[20/Apr/2023:05:10:04] DELETING ACCOUNTS (JobID: 27f8ce68-75fb-4e56-993b-6b16bfedece4)
 - Deleted: 0

[20/Apr/2023:05:10:38] UPDATING PRODUCTS (JobID: da296b7e-b3ba-4d41-97b4-0297f35e442b)
 - New and modified: 0

[20/Apr/2023:05:10:40] UPDATING PREPAGATI (JobID: dea58698-c355-4f1c-af81-0f1d602f87e7)
 - New and modified: 0

[20/Apr/2023:05:10:40] DELETING PREPAGATI (JobID: dea58698-c355-4f1c-af81-0f1d602f87e7)
 - Deleted: 0

[20/Apr/2023:05:20:04] UPDATING ACCOUNTS (JobID: 032906d3-2587-4111-8b12-1476579c3823)
 - New and modified: 0

[20/Apr/2023:05:20:04] DELETING ACCOUNTS (JobID: 032906d3-2587-4111-8b12-1476579c3823)
 - Deleted: 0

[20/Apr/2023:05:20:39] UPDATING PRODUCTS (JobID: 759cdd9e-19e2-4f85-80fd-7c09fc5586f1)
 - New and modified: 0

[20/Apr/2023:05:20:41] UPDATING PREPAGATI (JobID: 72e64f2c-87ed-4b9d-80a7-3232a641da51)
 - New and modified: 0

[20/Apr/2023:05:20:41] DELETING PREPAGATI (JobID: 72e64f2c-87ed-4b9d-80a7-3232a641da51)
 - Deleted: 0

[20/Apr/2023:05:30:04] UPDATING ACCOUNTS (JobID: af8376cc-a6df-4330-8c7b-7ed2e745503b)
 - New and modified: 0

[20/Apr/2023:05:30:04] DELETING ACCOUNTS (JobID: af8376cc-a6df-4330-8c7b-7ed2e745503b)
 - Deleted: 0

[20/Apr/2023:05:30:42] UPDATING PRODUCTS (JobID: fbf4b8ed-e1db-4ef0-b3c3-0e70d182850a)
 - New and modified: 0

[20/Apr/2023:05:30:44] UPDATING PREPAGATI (JobID: cbaf657f-b43e-4ef6-ba0a-2ef756e55611)
 - New and modified: 0

[20/Apr/2023:05:30:44] DELETING PREPAGATI (JobID: cbaf657f-b43e-4ef6-ba0a-2ef756e55611)
 - Deleted: 0

[20/Apr/2023:05:40:04] UPDATING ACCOUNTS (JobID: 04acf98e-48a9-42d3-8765-c9656009894a)
 - New and modified: 0

[20/Apr/2023:05:40:04] DELETING ACCOUNTS (JobID: 04acf98e-48a9-42d3-8765-c9656009894a)
 - Deleted: 0

[20/Apr/2023:05:40:39] UPDATING PRODUCTS (JobID: c1dcd528-2754-4235-ae0b-557684fbc45a)
 - New and modified: 0

[20/Apr/2023:05:40:41] UPDATING PREPAGATI (JobID: 8d1e9d3e-3d8c-469a-9bf4-c4805808474b)
 - New and modified: 0

[20/Apr/2023:05:40:41] DELETING PREPAGATI (JobID: 8d1e9d3e-3d8c-469a-9bf4-c4805808474b)
 - Deleted: 0

[20/Apr/2023:05:50:05] UPDATING ACCOUNTS (JobID: 8d54a709-2924-4cac-b6ca-e1f2b98ccec3)
 - New and modified: 0

[20/Apr/2023:05:50:05] DELETING ACCOUNTS (JobID: 8d54a709-2924-4cac-b6ca-e1f2b98ccec3)
 - Deleted: 0

[20/Apr/2023:05:50:40] UPDATING PRODUCTS (JobID: b8763657-dd5b-46ac-a4d8-803ad3dd1fd7)
 - New and modified: 0

[20/Apr/2023:05:50:42] UPDATING PREPAGATI (JobID: c21d2a37-052f-4ba8-b1e1-552b3f0e3641)
 - New and modified: 0

[20/Apr/2023:05:50:42] DELETING PREPAGATI (JobID: c21d2a37-052f-4ba8-b1e1-552b3f0e3641)
 - Deleted: 0

[20/Apr/2023:06:00:05] UPDATING ACCOUNTS (JobID: 996ab7ba-5e97-4b52-beab-92b0c842ee95)
 - New and modified: 0

[20/Apr/2023:06:00:05] DELETING ACCOUNTS (JobID: 996ab7ba-5e97-4b52-beab-92b0c842ee95)
 - Deleted: 0

[20/Apr/2023:06:00:40] UPDATING PRODUCTS (JobID: e3ec9244-869c-42e6-8b6e-edf9a783d58a)
 - New and modified: 0

[20/Apr/2023:06:00:42] UPDATING PREPAGATI (JobID: d4f796d6-15ae-44d9-bcfc-058bbe8bfc2e)
 - New and modified: 0

[20/Apr/2023:06:00:42] DELETING PREPAGATI (JobID: d4f796d6-15ae-44d9-bcfc-058bbe8bfc2e)
 - Deleted: 0

[20/Apr/2023:06:10:06] UPDATING ACCOUNTS (JobID: 97337d49-378c-474f-8ae2-b0ce291cfd4e)
 - New and modified: 0

[20/Apr/2023:06:10:06] DELETING ACCOUNTS (JobID: 97337d49-378c-474f-8ae2-b0ce291cfd4e)
 - Deleted: 0

[20/Apr/2023:06:10:41] UPDATING PRODUCTS (JobID: 2295d996-7be8-473c-9c5c-dd054de8715d)
 - New and modified: 0

[20/Apr/2023:06:10:43] UPDATING PREPAGATI (JobID: bebcb375-a8af-4e78-8d8b-aea5dc28ae0e)
 - New and modified: 0

[20/Apr/2023:06:10:43] DELETING PREPAGATI (JobID: bebcb375-a8af-4e78-8d8b-aea5dc28ae0e)
 - Deleted: 0

[20/Apr/2023:06:20:04] UPDATING ACCOUNTS (JobID: dedf0e50-9221-42ca-a1df-bdf7774473f8)
 - New and modified: 0

[20/Apr/2023:06:20:04] DELETING ACCOUNTS (JobID: dedf0e50-9221-42ca-a1df-bdf7774473f8)
 - Deleted: 0

[20/Apr/2023:06:20:41] UPDATING PRODUCTS (JobID: 1933e20c-6a18-4029-8b67-0c6b8cd78e52)
 - New and modified: 0

[20/Apr/2023:06:20:43] UPDATING PREPAGATI (JobID: 4781af1a-2209-4797-9cca-f607c1fa5842)
 - New and modified: 0

[20/Apr/2023:06:20:43] DELETING PREPAGATI (JobID: 4781af1a-2209-4797-9cca-f607c1fa5842)
 - Deleted: 0

[20/Apr/2023:06:30:04] UPDATING ACCOUNTS (JobID: 523e2842-0a6d-46db-a984-38e5fa249000)
 - New and modified: 0

[20/Apr/2023:06:30:04] DELETING ACCOUNTS (JobID: 523e2842-0a6d-46db-a984-38e5fa249000)
 - Deleted: 0

[20/Apr/2023:06:30:44] UPDATING PRODUCTS (JobID: 388004bf-df6d-4e1d-b106-c4c690c9df34)
 - New and modified: 0

[20/Apr/2023:06:30:45] UPDATING PREPAGATI (JobID: e44bf0ac-7b69-4bc4-8cc1-553d097274c7)
 - New and modified: 0

[20/Apr/2023:06:30:45] DELETING PREPAGATI (JobID: e44bf0ac-7b69-4bc4-8cc1-553d097274c7)
 - Deleted: 0

[20/Apr/2023:06:40:04] UPDATING ACCOUNTS (JobID: f2a685d1-a5c4-478c-bd16-7eadcc9dc38c)
 - New and modified: 0

[20/Apr/2023:06:40:04] DELETING ACCOUNTS (JobID: f2a685d1-a5c4-478c-bd16-7eadcc9dc38c)
 - Deleted: 0

[20/Apr/2023:06:40:38] UPDATING PRODUCTS (JobID: c94f2aa9-2049-4521-bbfa-f56abe3baa73)
 - New and modified: 0

[20/Apr/2023:06:40:39] UPDATING PREPAGATI (JobID: 27283b0b-11bd-4b57-b154-d97f05b0dd8a)
 - New and modified: 0

[20/Apr/2023:06:40:39] DELETING PREPAGATI (JobID: 27283b0b-11bd-4b57-b154-d97f05b0dd8a)
 - Deleted: 0

[20/Apr/2023:06:50:04] UPDATING ACCOUNTS (JobID: 1f452e42-8abd-461c-b14a-26b43af532ec)
 - New and modified: 0

[20/Apr/2023:06:50:04] DELETING ACCOUNTS (JobID: 1f452e42-8abd-461c-b14a-26b43af532ec)
 - Deleted: 0

[20/Apr/2023:06:50:38] UPDATING PRODUCTS (JobID: ceb904e2-7b4d-48ff-b76d-f2290652a478)
 - New and modified: 0

[20/Apr/2023:06:50:40] UPDATING PREPAGATI (JobID: c8d71ccc-3474-4d86-9e7a-dbf78c11cbb4)
 - New and modified: 0

[20/Apr/2023:06:50:40] DELETING PREPAGATI (JobID: c8d71ccc-3474-4d86-9e7a-dbf78c11cbb4)
 - Deleted: 0

[20/Apr/2023:07:00:16] UPDATING ACCOUNTS (JobID: 514748f7-eb20-4ff2-8e30-8150dce98d78)
 - New and modified: 0

[20/Apr/2023:07:00:16] DELETING ACCOUNTS (JobID: 514748f7-eb20-4ff2-8e30-8150dce98d78)
 - Deleted: 0

[20/Apr/2023:07:01:25] UPDATING PRODUCTS (JobID: c97d372d-a74a-4921-bb75-2806c2272992)
 - New and modified: 0

[20/Apr/2023:07:01:30] UPDATING PREPAGATI (JobID: e0ba3694-0abf-4ccf-849c-a33697b110c9)
 - New and modified: 0

[20/Apr/2023:07:01:30] DELETING PREPAGATI (JobID: e0ba3694-0abf-4ccf-849c-a33697b110c9)
 - Deleted: 0

[20/Apr/2023:07:10:04] UPDATING ACCOUNTS (JobID: 3b25d900-3a05-49f4-bee9-a2ea248cf5d0)
 - New and modified: 0

[20/Apr/2023:07:10:04] DELETING ACCOUNTS (JobID: 3b25d900-3a05-49f4-bee9-a2ea248cf5d0)
 - Deleted: 0

[20/Apr/2023:07:10:39] UPDATING PRODUCTS (JobID: 1f148a7b-53a7-4748-8698-25aed4f6016f)
 - New and modified: 0

[20/Apr/2023:07:10:40] UPDATING PREPAGATI (JobID: ccce5bc0-360c-4358-9883-3d5353c47b90)
 - New and modified: 0

[20/Apr/2023:07:10:40] DELETING PREPAGATI (JobID: ccce5bc0-360c-4358-9883-3d5353c47b90)
 - Deleted: 0

[20/Apr/2023:07:20:04] UPDATING ACCOUNTS (JobID: cd1913eb-a732-40f4-b8f1-fa5fe3c000f1)
 - New and modified: 0

[20/Apr/2023:07:20:04] DELETING ACCOUNTS (JobID: cd1913eb-a732-40f4-b8f1-fa5fe3c000f1)
 - Deleted: 0

[20/Apr/2023:07:20:43] UPDATING PRODUCTS (JobID: 765764a3-241a-410f-a0e9-c836ba703730)
 - New and modified: 0

[20/Apr/2023:07:20:45] UPDATING PREPAGATI (JobID: 0f37d6d7-a4ca-44cf-ab9a-63aa13fa0bee)
 - New and modified: 0

[20/Apr/2023:07:20:45] DELETING PREPAGATI (JobID: 0f37d6d7-a4ca-44cf-ab9a-63aa13fa0bee)
 - Deleted: 0

[20/Apr/2023:07:30:04] UPDATING ACCOUNTS (JobID: 7ef318c2-0125-4d63-ab53-53bfa9f571fe)
 - New and modified: 0

[20/Apr/2023:07:30:04] DELETING ACCOUNTS (JobID: 7ef318c2-0125-4d63-ab53-53bfa9f571fe)
 - Deleted: 0

[20/Apr/2023:07:30:39] UPDATING PRODUCTS (JobID: b9932db8-40ed-41cb-87e4-ec0bc446f44b)
 - New and modified: 0

[20/Apr/2023:07:30:41] UPDATING PREPAGATI (JobID: 36ec67a4-03d0-4d3e-bfa6-df513faa9112)
 - New and modified: 0

[20/Apr/2023:07:30:41] DELETING PREPAGATI (JobID: 36ec67a4-03d0-4d3e-bfa6-df513faa9112)
 - Deleted: 0

[20/Apr/2023:07:40:04] UPDATING ACCOUNTS (JobID: 85a4d9fc-baaf-457f-966c-7ddf487c5624)
 - New and modified: 0

[20/Apr/2023:07:40:04] DELETING ACCOUNTS (JobID: 85a4d9fc-baaf-457f-966c-7ddf487c5624)
 - Deleted: 0

[20/Apr/2023:07:40:39] UPDATING PRODUCTS (JobID: 56e94b29-3573-4350-806a-398178dc6561)
 - New and modified: 0

[20/Apr/2023:07:40:41] UPDATING PREPAGATI (JobID: e682eff2-b265-404c-8063-0630e9fef739)
 - New and modified: 0

[20/Apr/2023:07:40:41] DELETING PREPAGATI (JobID: e682eff2-b265-404c-8063-0630e9fef739)
 - Deleted: 0

[20/Apr/2023:07:50:05] UPDATING ACCOUNTS (JobID: 2fe4d947-8364-4f62-b66a-1e2818bff2e0)
 - New and modified: 0

[20/Apr/2023:07:50:05] DELETING ACCOUNTS (JobID: 2fe4d947-8364-4f62-b66a-1e2818bff2e0)
 - Deleted: 0

[20/Apr/2023:07:50:43] UPDATING PRODUCTS (JobID: f9f5106b-e9ac-4365-b86c-236309564ff6)
 - New and modified: 0

[20/Apr/2023:07:50:44] UPDATING PREPAGATI (JobID: 29227d09-5b21-4496-ae96-2e9def55f6ee)
 - New and modified: 0

[20/Apr/2023:07:50:44] DELETING PREPAGATI (JobID: 29227d09-5b21-4496-ae96-2e9def55f6ee)
 - Deleted: 0

[20/Apr/2023:08:00:05] UPDATING ACCOUNTS (JobID: 84eb05f8-3be0-4dbb-be6d-1ef618f3ce0f)
 - New and modified: 0

[20/Apr/2023:08:00:05] DELETING ACCOUNTS (JobID: 84eb05f8-3be0-4dbb-be6d-1ef618f3ce0f)
 - Deleted: 0

[20/Apr/2023:08:00:44] UPDATING PRODUCTS (JobID: d55f08e2-8fd2-49cb-bc52-5d65b1ab323c)
 - New and modified: 0

[20/Apr/2023:08:00:46] UPDATING PREPAGATI (JobID: 0290b1a8-e357-4472-b0f1-942a3c15700a)
 - New and modified: 0

[20/Apr/2023:08:00:46] DELETING PREPAGATI (JobID: 0290b1a8-e357-4472-b0f1-942a3c15700a)
 - Deleted: 0

[20/Apr/2023:08:10:04] UPDATING ACCOUNTS (JobID: 7fb885e4-a2c9-4f00-bd40-1746cccbb02e)
 - New and modified: 0

[20/Apr/2023:08:10:04] DELETING ACCOUNTS (JobID: 7fb885e4-a2c9-4f00-bd40-1746cccbb02e)
 - Deleted: 0

[20/Apr/2023:08:10:40] UPDATING PRODUCTS (JobID: ae6a9824-2298-44bf-8c12-77708ce05aee)
 - New and modified: 0

[20/Apr/2023:08:10:42] UPDATING PREPAGATI (JobID: 16501aa2-b5e9-4e26-9571-b7942ef3c464)
 - New and modified: 0

[20/Apr/2023:08:10:42] DELETING PREPAGATI (JobID: 16501aa2-b5e9-4e26-9571-b7942ef3c464)
 - Deleted: 0

[20/Apr/2023:08:20:04] UPDATING ACCOUNTS (JobID: 74dadf66-bc99-46f5-9050-d6aec95d835a)
 - New and modified: 0

[20/Apr/2023:08:20:04] DELETING ACCOUNTS (JobID: 74dadf66-bc99-46f5-9050-d6aec95d835a)
 - Deleted: 0

[20/Apr/2023:08:20:43] UPDATING PRODUCTS (JobID: ef4c4e3e-aa93-46a6-87f1-d7419bef67ac)
 - New and modified: 0

[20/Apr/2023:08:20:45] UPDATING PREPAGATI (JobID: ca1f8cd9-d69c-4506-b596-b6816e402b84)
 - New and modified: 0

[20/Apr/2023:08:20:45] DELETING PREPAGATI (JobID: ca1f8cd9-d69c-4506-b596-b6816e402b84)
 - Deleted: 0

[20/Apr/2023:08:30:04] UPDATING ACCOUNTS (JobID: 90795d8c-1c52-4e80-8000-d6bafab61a75)
 - New and modified: 0

[20/Apr/2023:08:30:04] DELETING ACCOUNTS (JobID: 90795d8c-1c52-4e80-8000-d6bafab61a75)
 - Deleted: 0

[20/Apr/2023:08:30:40] UPDATING PRODUCTS (JobID: e36f1d3b-b593-4d80-ab73-bdf9f8c202b8)
 - New and modified: 0

[20/Apr/2023:08:30:42] UPDATING PREPAGATI (JobID: 00da619c-3fa4-4e53-9610-f78a65f9a31d)
 - New and modified: 0

[20/Apr/2023:08:30:42] DELETING PREPAGATI (JobID: 00da619c-3fa4-4e53-9610-f78a65f9a31d)
 - Deleted: 0

[20/Apr/2023:08:40:04] UPDATING ACCOUNTS (JobID: 9aece82d-1e29-4eb9-ba11-9ceae233b1c2)
 - New and modified: 0

[20/Apr/2023:08:40:04] DELETING ACCOUNTS (JobID: 9aece82d-1e29-4eb9-ba11-9ceae233b1c2)
 - Deleted: 0

[20/Apr/2023:08:40:38] UPDATING PRODUCTS (JobID: fb2bbf76-9c98-4c07-93cf-913aa01207c2)
 - New and modified: 0

[20/Apr/2023:08:40:39] UPDATING PREPAGATI (JobID: 0e9b2d3c-cd9c-4d62-bc69-91937d30aa82)
 - New and modified: 0

[20/Apr/2023:08:40:39] DELETING PREPAGATI (JobID: 0e9b2d3c-cd9c-4d62-bc69-91937d30aa82)
 - Deleted: 0

[20/Apr/2023:08:50:04] UPDATING ACCOUNTS (JobID: 38c9cfc7-bf99-4e45-910a-d143019bede8)
 - New and modified: 0

[20/Apr/2023:08:50:04] DELETING ACCOUNTS (JobID: 38c9cfc7-bf99-4e45-910a-d143019bede8)
 - Deleted: 0

[20/Apr/2023:08:50:43] UPDATING PRODUCTS (JobID: 0e0234f2-e383-4c2f-9aa3-14f0e14f2c3d)
 - New and modified: 0

[20/Apr/2023:08:50:44] UPDATING PREPAGATI (JobID: 62cf81d7-6b0d-4219-87c4-f05b847d3ab1)
 - New and modified: 0

[20/Apr/2023:08:50:44] DELETING PREPAGATI (JobID: 62cf81d7-6b0d-4219-87c4-f05b847d3ab1)
 - Deleted: 0

[20/Apr/2023:09:00:04] UPDATING ACCOUNTS (JobID: 36062b72-fc33-4272-93d7-a5125798d7d4)
 - New and modified: 0

[20/Apr/2023:09:00:04] DELETING ACCOUNTS (JobID: 36062b72-fc33-4272-93d7-a5125798d7d4)
 - Deleted: 0

[20/Apr/2023:09:00:42] UPDATING PRODUCTS (JobID: ca0233ce-1266-4051-8cf1-fe86c9545155)
 - New and modified: 0

[20/Apr/2023:09:00:43] UPDATING PREPAGATI (JobID: 4229e8e4-c898-4b72-aa96-d5e929ba972b)
 - New and modified: 0

[20/Apr/2023:09:00:43] DELETING PREPAGATI (JobID: 4229e8e4-c898-4b72-aa96-d5e929ba972b)
 - Deleted: 0

[20/Apr/2023:09:10:04] UPDATING ACCOUNTS (JobID: bbc5b1f4-18dc-45a4-af2d-409574e89477)
 - New and modified: 0

[20/Apr/2023:09:10:04] DELETING ACCOUNTS (JobID: bbc5b1f4-18dc-45a4-af2d-409574e89477)
 - Deleted: 0

[20/Apr/2023:09:10:38] UPDATING PRODUCTS (JobID: 65010dd8-92a1-40da-81b2-5a6b1fe51e0c)
 - New and modified: 0

[20/Apr/2023:09:10:39] UPDATING PREPAGATI (JobID: 2db09872-a877-4aa2-8d62-81ec33ee0d12)
 - New and modified: 0

[20/Apr/2023:09:10:39] DELETING PREPAGATI (JobID: 2db09872-a877-4aa2-8d62-81ec33ee0d12)
 - Deleted: 0

[20/Apr/2023:09:20:05] UPDATING ACCOUNTS (JobID: 2c063e99-520a-49fc-9415-db40f1deff64)
 - New and modified: 0

[20/Apr/2023:09:20:05] DELETING ACCOUNTS (JobID: 2c063e99-520a-49fc-9415-db40f1deff64)
 - Deleted: 0

[20/Apr/2023:09:20:41] UPDATING PRODUCTS (JobID: 451fe286-012d-4b50-8e09-440cc5265fb2)
 - New and modified: 0

[20/Apr/2023:09:20:43] UPDATING PREPAGATI (JobID: c4deb1a2-aa0a-4dcc-8254-32b9ca7d3c57)
 - New and modified: 0

[20/Apr/2023:09:20:43] DELETING PREPAGATI (JobID: c4deb1a2-aa0a-4dcc-8254-32b9ca7d3c57)
 - Deleted: 0

[20/Apr/2023:09:30:04] UPDATING ACCOUNTS (JobID: e465ee46-5325-4617-9ac0-69669e8ab76c)
 - New and modified: 0

[20/Apr/2023:09:30:04] DELETING ACCOUNTS (JobID: e465ee46-5325-4617-9ac0-69669e8ab76c)
 - Deleted: 0

[20/Apr/2023:09:30:39] UPDATING PRODUCTS (JobID: d84f73f4-89aa-4103-af6b-552937144d73)
 - New and modified: 0

[20/Apr/2023:09:30:40] UPDATING PREPAGATI (JobID: 2040ba9e-5edc-4b9b-9d93-1cd042cc0395)
 - New and modified: 0

[20/Apr/2023:09:30:40] DELETING PREPAGATI (JobID: 2040ba9e-5edc-4b9b-9d93-1cd042cc0395)
 - Deleted: 0

[20/Apr/2023:09:40:04] UPDATING ACCOUNTS (JobID: 4ea09d37-42b9-4ee4-a37e-3a96aa4b8f29)
 - New and modified: 0

[20/Apr/2023:09:40:04] DELETING ACCOUNTS (JobID: 4ea09d37-42b9-4ee4-a37e-3a96aa4b8f29)
 - Deleted: 0

[20/Apr/2023:09:40:39] UPDATING PRODUCTS (JobID: 0e22ac30-da0b-424b-9a44-60c579ae40c1)
 - New and modified: 0

[20/Apr/2023:09:40:41] UPDATING PREPAGATI (JobID: 0b2651b7-7c5f-4920-9926-8dc37073b0d5)
 - New and modified: 0

[20/Apr/2023:09:40:41] DELETING PREPAGATI (JobID: 0b2651b7-7c5f-4920-9926-8dc37073b0d5)
 - Deleted: 0

[20/Apr/2023:09:50:06] UPDATING ACCOUNTS (JobID: 92e63617-9702-4a4c-a236-7d84793548b4)
 - New and modified: 0

[20/Apr/2023:09:50:06] DELETING ACCOUNTS (JobID: 92e63617-9702-4a4c-a236-7d84793548b4)
 - Deleted: 0

[20/Apr/2023:09:50:40] UPDATING PRODUCTS (JobID: 34c7380b-657b-4c5f-b206-1af9592a70f0)
 - New and modified: 0

[20/Apr/2023:09:50:42] UPDATING PREPAGATI (JobID: 69dbfb4f-d404-4113-9daf-16f6169f3d81)
 - New and modified: 0

[20/Apr/2023:09:50:42] DELETING PREPAGATI (JobID: 69dbfb4f-d404-4113-9daf-16f6169f3d81)
 - Deleted: 0

[20/Apr/2023:10:00:09] UPDATING ACCOUNTS (JobID: 794858d4-a502-4708-bc1c-ad2d30f67a75)
 - New and modified: 0

[20/Apr/2023:10:00:09] DELETING ACCOUNTS (JobID: 794858d4-a502-4708-bc1c-ad2d30f67a75)
 - Deleted: 0

[20/Apr/2023:10:00:41] UPDATING PRODUCTS (JobID: e62f30d7-228c-4c9a-a043-64d86814be3d)
 - New and modified: 0

[20/Apr/2023:10:00:43] UPDATING PREPAGATI (JobID: 15795939-bc1a-48f9-b557-7ae358f5afc8)
 - New and modified: 0

[20/Apr/2023:10:00:43] DELETING PREPAGATI (JobID: 15795939-bc1a-48f9-b557-7ae358f5afc8)
 - Deleted: 0

[20/Apr/2023:10:10:05] UPDATING ACCOUNTS (JobID: 1762d33f-eda8-4f70-9b9b-4692a97be39f)
 - New and modified: 0

[20/Apr/2023:10:10:05] DELETING ACCOUNTS (JobID: 1762d33f-eda8-4f70-9b9b-4692a97be39f)
 - Deleted: 0

[20/Apr/2023:10:10:41] UPDATING PRODUCTS (JobID: 364916d7-4f57-4cee-9c7e-c88772885251)
 - New and modified: 0

[20/Apr/2023:10:10:43] UPDATING PREPAGATI (JobID: c5bd18a2-310a-4d3a-8bcf-5b008693f377)
 - New and modified: 0

[20/Apr/2023:10:10:43] DELETING PREPAGATI (JobID: c5bd18a2-310a-4d3a-8bcf-5b008693f377)
 - Deleted: 0

[20/Apr/2023:10:20:04] UPDATING ACCOUNTS (JobID: 00c93cbb-4d55-4321-90be-898a4939f20b)
 - New and modified: 0

[20/Apr/2023:10:20:04] DELETING ACCOUNTS (JobID: 00c93cbb-4d55-4321-90be-898a4939f20b)
 - Deleted: 0

[20/Apr/2023:10:20:40] UPDATING PRODUCTS (JobID: 0d188740-1aa4-4f79-92eb-28ffe72db1f8)
 - New and modified: 0

[20/Apr/2023:10:20:42] UPDATING PREPAGATI (JobID: 1b4d032f-bb2f-49ae-9334-4a5dbc04ebb3)
 - New and modified: 0

[20/Apr/2023:10:20:42] DELETING PREPAGATI (JobID: 1b4d032f-bb2f-49ae-9334-4a5dbc04ebb3)
 - Deleted: 0

[20/Apr/2023:10:30:04] UPDATING ACCOUNTS (JobID: 062324ba-cbc8-4239-b44c-5636f2152ab3)
 - New and modified: 0

[20/Apr/2023:10:30:04] DELETING ACCOUNTS (JobID: 062324ba-cbc8-4239-b44c-5636f2152ab3)
 - Deleted: 0

[20/Apr/2023:10:30:39] UPDATING PRODUCTS (JobID: 2dfd7629-08ec-4a97-a3b6-ebd77a17b1e5)
 - New and modified: 0

[20/Apr/2023:10:30:41] UPDATING PREPAGATI (JobID: 8665c5be-4c87-4e84-93aa-97f6e2e0fd73)
 - New and modified: 0

[20/Apr/2023:10:30:41] DELETING PREPAGATI (JobID: 8665c5be-4c87-4e84-93aa-97f6e2e0fd73)
 - Deleted: 0

[20/Apr/2023:10:40:05] UPDATING ACCOUNTS (JobID: a6dee9e2-63b4-44d3-ba49-5cac5d834133)
 - New and modified: 0

[20/Apr/2023:10:40:05] DELETING ACCOUNTS (JobID: a6dee9e2-63b4-44d3-ba49-5cac5d834133)
 - Deleted: 0

[20/Apr/2023:10:40:43] UPDATING PRODUCTS (JobID: a3179c3a-1d26-4381-b56c-f704b4a05d3a)
 - New and modified: 0

[20/Apr/2023:10:40:45] UPDATING PREPAGATI (JobID: 86b36589-ce0a-4eee-ac15-3c6910d255be)
 - New and modified: 0

[20/Apr/2023:10:40:45] DELETING PREPAGATI (JobID: 86b36589-ce0a-4eee-ac15-3c6910d255be)
 - Deleted: 0

[20/Apr/2023:10:50:04] UPDATING ACCOUNTS (JobID: 03e5ac07-8bda-4545-941f-e7e901f6ab2d)
 - New and modified: 0

[20/Apr/2023:10:50:04] DELETING ACCOUNTS (JobID: 03e5ac07-8bda-4545-941f-e7e901f6ab2d)
 - Deleted: 0

[20/Apr/2023:10:50:41] UPDATING PRODUCTS (JobID: 9615af3e-9954-45c2-8755-fca466f3e457)
 - New and modified: 0

[20/Apr/2023:10:50:42] UPDATING PREPAGATI (JobID: 44a4f218-4c52-4b27-9f1a-7a3abf1eb210)
 - New and modified: 0

[20/Apr/2023:10:50:42] DELETING PREPAGATI (JobID: 44a4f218-4c52-4b27-9f1a-7a3abf1eb210)
 - Deleted: 0

[20/Apr/2023:11:00:05] UPDATING ACCOUNTS (JobID: 60a9a8f2-c1f1-4f7c-870e-8e205ff912d1)
 - New and modified: 0

[20/Apr/2023:11:00:05] DELETING ACCOUNTS (JobID: 60a9a8f2-c1f1-4f7c-870e-8e205ff912d1)
 - Deleted: 0

[20/Apr/2023:11:00:50] UPDATING PRODUCTS (JobID: afc8b13c-a7b9-47ff-b291-8f10347f622e)
 - New and modified: 0

[20/Apr/2023:11:00:52] UPDATING PREPAGATI (JobID: a7f10f3c-0bc7-429e-88bb-cc6835b03682)
 - New and modified: 0

[20/Apr/2023:11:00:52] DELETING PREPAGATI (JobID: a7f10f3c-0bc7-429e-88bb-cc6835b03682)
 - Deleted: 0

[20/Apr/2023:11:10:04] UPDATING ACCOUNTS (JobID: 683be4dd-e5d9-404d-a00b-2df2fdf04435)
 - New and modified: 0

[20/Apr/2023:11:10:04] DELETING ACCOUNTS (JobID: 683be4dd-e5d9-404d-a00b-2df2fdf04435)
 - Deleted: 0

[20/Apr/2023:11:10:41] UPDATING PRODUCTS (JobID: 17975463-ae48-4aa0-90ff-e691d4b82014)
 - New and modified: 0

[20/Apr/2023:11:10:42] UPDATING PREPAGATI (JobID: f1f57ec0-26ca-4e49-8695-57f689f7c58a)
 - New and modified: 0

[20/Apr/2023:11:10:42] DELETING PREPAGATI (JobID: f1f57ec0-26ca-4e49-8695-57f689f7c58a)
 - Deleted: 0

[20/Apr/2023:11:20:04] UPDATING ACCOUNTS (JobID: 6d915064-f802-4df0-b60e-1bf5d9fe29e5)
 - New and modified: 0

[20/Apr/2023:11:20:04] DELETING ACCOUNTS (JobID: 6d915064-f802-4df0-b60e-1bf5d9fe29e5)
 - Deleted: 0

[20/Apr/2023:11:20:42] UPDATING PRODUCTS (JobID: 7f5b1f30-9921-443b-a2c8-213269a7f3e9)
 - New and modified: 0

[20/Apr/2023:11:20:44] UPDATING PREPAGATI (JobID: a0fbda70-587a-4874-a181-50c2fc65aec9)
 - New and modified: 0

[20/Apr/2023:11:20:44] DELETING PREPAGATI (JobID: a0fbda70-587a-4874-a181-50c2fc65aec9)
 - Deleted: 0

[20/Apr/2023:11:30:05] UPDATING ACCOUNTS (JobID: e7596b11-898e-43b9-a111-c7d0b67e1127)
 - New and modified: 0

[20/Apr/2023:11:30:05] DELETING ACCOUNTS (JobID: e7596b11-898e-43b9-a111-c7d0b67e1127)
 - Deleted: 0

[20/Apr/2023:11:30:48] UPDATING PRODUCTS (JobID: c1a3fc09-5308-475d-b4a8-5c6390b877b9)
 - New and modified: 0

[20/Apr/2023:11:30:50] UPDATING PREPAGATI (JobID: 04510681-7ee7-42a5-9bed-430727fc75eb)
 - New and modified: 0

[20/Apr/2023:11:30:50] DELETING PREPAGATI (JobID: 04510681-7ee7-42a5-9bed-430727fc75eb)
 - Deleted: 0

[20/Apr/2023:11:40:04] UPDATING ACCOUNTS (JobID: 691912fe-c1da-4a60-96da-f29440512bdd)
 - New and modified: 0

[20/Apr/2023:11:40:04] DELETING ACCOUNTS (JobID: 691912fe-c1da-4a60-96da-f29440512bdd)
 - Deleted: 0

[20/Apr/2023:11:40:39] UPDATING PRODUCTS (JobID: a227f40f-fac0-40af-a308-4d7887b97f7c)
 - New and modified: 0

[20/Apr/2023:11:40:40] UPDATING PREPAGATI (JobID: bb447066-8a05-42d0-8aa3-f40dfa148ad2)
 - New and modified: 0

[20/Apr/2023:11:40:40] DELETING PREPAGATI (JobID: bb447066-8a05-42d0-8aa3-f40dfa148ad2)
 - Deleted: 0

[20/Apr/2023:11:50:04] UPDATING ACCOUNTS (JobID: 27cd4781-0ff3-4396-8318-cacda9dc40fd)
 - New and modified: 0

[20/Apr/2023:11:50:04] DELETING ACCOUNTS (JobID: 27cd4781-0ff3-4396-8318-cacda9dc40fd)
 - Deleted: 0

[20/Apr/2023:11:50:41] UPDATING PRODUCTS (JobID: af2211e1-c187-43fd-9294-f0bae616ee54)
 - New and modified: 0

[20/Apr/2023:11:50:43] UPDATING PREPAGATI (JobID: 549ba997-f7d5-4710-93d4-8b1567ea13f8)
 - New and modified: 0

[20/Apr/2023:11:50:43] DELETING PREPAGATI (JobID: 549ba997-f7d5-4710-93d4-8b1567ea13f8)
 - Deleted: 0

[20/Apr/2023:12:00:05] UPDATING ACCOUNTS (JobID: af2c326a-1db1-4cfc-ab5c-8773c7b7cd7c)
 - New and modified: 0

[20/Apr/2023:12:00:05] DELETING ACCOUNTS (JobID: af2c326a-1db1-4cfc-ab5c-8773c7b7cd7c)
 - Deleted: 0

[20/Apr/2023:12:00:41] UPDATING PRODUCTS (JobID: a3a23c39-5caf-48d9-8618-a33b1c4c0def)
 - New and modified: 0

[20/Apr/2023:12:00:42] UPDATING PREPAGATI (JobID: 0070f75a-7c8b-45ba-896e-721e6f6fe81e)
 - New and modified: 0

[20/Apr/2023:12:00:42] DELETING PREPAGATI (JobID: 0070f75a-7c8b-45ba-896e-721e6f6fe81e)
 - Deleted: 0

[20/Apr/2023:12:10:04] UPDATING ACCOUNTS (JobID: 7f2fbc90-52a0-4e99-a57c-29c91f78af10)
 - New and modified: 0

[20/Apr/2023:12:10:04] DELETING ACCOUNTS (JobID: 7f2fbc90-52a0-4e99-a57c-29c91f78af10)
 - Deleted: 0

[20/Apr/2023:12:10:38] UPDATING PRODUCTS (JobID: 03a3ce9f-9e8a-4a07-a965-042ebf5f9e49)
 - New and modified: 0

[20/Apr/2023:12:10:40] UPDATING PREPAGATI (JobID: c5841e19-86c1-4c5d-bb2f-1cb1186f9583)
 - New and modified: 0

[20/Apr/2023:12:10:40] DELETING PREPAGATI (JobID: c5841e19-86c1-4c5d-bb2f-1cb1186f9583)
 - Deleted: 0

[20/Apr/2023:12:20:04] UPDATING ACCOUNTS (JobID: 4ab62336-fcf6-43d1-a8ce-338d9a396450)
 - New and modified: 0

[20/Apr/2023:12:20:04] DELETING ACCOUNTS (JobID: 4ab62336-fcf6-43d1-a8ce-338d9a396450)
 - Deleted: 0

[20/Apr/2023:12:20:42] UPDATING PRODUCTS (JobID: 62035a3f-1c68-4ae2-aceb-5e11ea441b10)
 - New and modified: 0

[20/Apr/2023:12:20:43] UPDATING PREPAGATI (JobID: 58ed9409-ceab-42a7-b4de-35794c11d4cb)
 - New and modified: 0

[20/Apr/2023:12:20:43] DELETING PREPAGATI (JobID: 58ed9409-ceab-42a7-b4de-35794c11d4cb)
 - Deleted: 0

[20/Apr/2023:12:30:04] UPDATING ACCOUNTS (JobID: e3e9d4fc-610b-4690-83b8-a736fc0c12d1)
 - New and modified: 0

[20/Apr/2023:12:30:04] DELETING ACCOUNTS (JobID: e3e9d4fc-610b-4690-83b8-a736fc0c12d1)
 - Deleted: 0

[20/Apr/2023:12:30:38] UPDATING PRODUCTS (JobID: ff4be7e2-c00f-4dad-9086-4e299a394889)
 - New and modified: 0

[20/Apr/2023:12:30:40] UPDATING PREPAGATI (JobID: df6419bb-3458-46d7-a79b-06b99c21e8ff)
 - New and modified: 0

[20/Apr/2023:12:30:40] DELETING PREPAGATI (JobID: df6419bb-3458-46d7-a79b-06b99c21e8ff)
 - Deleted: 0

[20/Apr/2023:12:40:06] UPDATING ACCOUNTS (JobID: 994246e1-2e4f-4d92-8435-5ea2884983be)
 - New and modified: 0

[20/Apr/2023:12:40:06] DELETING ACCOUNTS (JobID: 994246e1-2e4f-4d92-8435-5ea2884983be)
 - Deleted: 0

[20/Apr/2023:12:40:39] UPDATING PRODUCTS (JobID: d8f39cd3-c5e4-414d-b36a-728d28b11ad0)
 - New and modified: 0

[20/Apr/2023:12:40:41] UPDATING PREPAGATI (JobID: 2b3a309d-e79c-4193-8b2e-95d584fb1b0a)
 - New and modified: 0

[20/Apr/2023:12:40:41] DELETING PREPAGATI (JobID: 2b3a309d-e79c-4193-8b2e-95d584fb1b0a)
 - Deleted: 0

[20/Apr/2023:12:50:06] UPDATING ACCOUNTS (JobID: 4bf77dd3-e763-412d-b671-2427b21480bc)
 - New and modified: 0

[20/Apr/2023:12:50:06] DELETING ACCOUNTS (JobID: 4bf77dd3-e763-412d-b671-2427b21480bc)
 - Deleted: 0

[20/Apr/2023:12:50:44] UPDATING PRODUCTS (JobID: f0b92c6d-fcc8-4e6d-816a-69862cdadbd7)
 - New and modified: 0

[20/Apr/2023:12:50:46] UPDATING PREPAGATI (JobID: 752e64a7-a74c-48c3-889f-6da084737366)
 - New and modified: 0

[20/Apr/2023:12:50:46] DELETING PREPAGATI (JobID: 752e64a7-a74c-48c3-889f-6da084737366)
 - Deleted: 0

[20/Apr/2023:13:00:07] UPDATING ACCOUNTS (JobID: 9aa06a84-8cf6-45a2-b391-1e739d15dc8a)
 - New and modified: 0

[20/Apr/2023:13:00:07] DELETING ACCOUNTS (JobID: 9aa06a84-8cf6-45a2-b391-1e739d15dc8a)
 - Deleted: 0

[20/Apr/2023:13:00:47] UPDATING PRODUCTS (JobID: 59234ad5-e7ad-4091-82e0-ad765235335d)
 - New and modified: 0

[20/Apr/2023:13:01:02] UPDATING PREPAGATI (JobID: 0b2df6d8-d5a5-44e2-8939-58bc908c4fb9)
 - New and modified: 0

[20/Apr/2023:13:01:02] DELETING PREPAGATI (JobID: 0b2df6d8-d5a5-44e2-8939-58bc908c4fb9)
 - Deleted: 0

[20/Apr/2023:13:10:04] UPDATING ACCOUNTS (JobID: bb18a280-fd3a-4f8b-8a07-c803db211829)
 - New and modified: 0

[20/Apr/2023:13:10:04] DELETING ACCOUNTS (JobID: bb18a280-fd3a-4f8b-8a07-c803db211829)
 - Deleted: 0

[20/Apr/2023:13:10:39] UPDATING PRODUCTS (JobID: 0e195607-bf5f-4793-b15c-47e011f2ec52)
 - New and modified: 0

[20/Apr/2023:13:10:41] UPDATING PREPAGATI (JobID: 9c9f501d-f052-4f7d-9855-a6fa6efa95a7)
 - New and modified: 0

[20/Apr/2023:13:10:41] DELETING PREPAGATI (JobID: 9c9f501d-f052-4f7d-9855-a6fa6efa95a7)
 - Deleted: 0

[20/Apr/2023:13:20:04] UPDATING ACCOUNTS (JobID: dfc6f790-c0d4-4a56-868e-019f10476bd7)
 - New and modified: 0

[20/Apr/2023:13:20:04] DELETING ACCOUNTS (JobID: dfc6f790-c0d4-4a56-868e-019f10476bd7)
 - Deleted: 0

[20/Apr/2023:13:20:39] UPDATING PRODUCTS (JobID: 7c66a937-e986-43bf-a2f0-4e5e5003f29a)
 - New and modified: 0

[20/Apr/2023:13:20:41] UPDATING PREPAGATI (JobID: c04a484b-bdcd-4acd-be22-cb8ab58cb897)
 - New and modified: 0

[20/Apr/2023:13:20:41] DELETING PREPAGATI (JobID: c04a484b-bdcd-4acd-be22-cb8ab58cb897)
 - Deleted: 0

[20/Apr/2023:13:30:04] UPDATING ACCOUNTS (JobID: 30d8e1e6-9e6a-4f64-8916-6cc3121595b1)
 - New and modified: 0

[20/Apr/2023:13:30:04] DELETING ACCOUNTS (JobID: 30d8e1e6-9e6a-4f64-8916-6cc3121595b1)
 - Deleted: 0

[20/Apr/2023:13:30:40] UPDATING PRODUCTS (JobID: 4ae5c3e0-f0a3-4d90-9de6-634ccc31546c)
 - New and modified: 0

[20/Apr/2023:13:30:42] UPDATING PREPAGATI (JobID: 1e1a9427-98f6-4dd6-b224-9e030bafc5dc)
 - New and modified: 0

[20/Apr/2023:13:30:42] DELETING PREPAGATI (JobID: 1e1a9427-98f6-4dd6-b224-9e030bafc5dc)
 - Deleted: 0

[20/Apr/2023:13:40:04] UPDATING ACCOUNTS (JobID: 364d95d8-d86c-456a-b4a0-70f3bfe5f511)
 - New and modified: 0

[20/Apr/2023:13:40:04] DELETING ACCOUNTS (JobID: 364d95d8-d86c-456a-b4a0-70f3bfe5f511)
 - Deleted: 0

[20/Apr/2023:13:40:39] UPDATING PRODUCTS (JobID: ae8b0dd0-90d6-4d92-b2de-c670eb00e229)
 - New and modified: 0

[20/Apr/2023:13:40:40] UPDATING PREPAGATI (JobID: d65e89b2-6fa2-489a-bcf4-0a81fa4bdb5a)
 - New and modified: 0

[20/Apr/2023:13:40:40] DELETING PREPAGATI (JobID: d65e89b2-6fa2-489a-bcf4-0a81fa4bdb5a)
 - Deleted: 0

[20/Apr/2023:13:50:05] UPDATING ACCOUNTS (JobID: 722f9555-798e-4f40-9cb0-8d7f955c6f8b)
 - New and modified: 0

[20/Apr/2023:13:50:05] DELETING ACCOUNTS (JobID: 722f9555-798e-4f40-9cb0-8d7f955c6f8b)
 - Deleted: 0

[20/Apr/2023:13:50:41] UPDATING PRODUCTS (JobID: 135a2ff9-3385-4a2b-9a7d-487df907536d)
 - New and modified: 0

[20/Apr/2023:13:50:43] UPDATING PREPAGATI (JobID: 631e9960-b84f-4ecb-9d72-99861fffc2c9)
 - New and modified: 0

[20/Apr/2023:13:50:43] DELETING PREPAGATI (JobID: 631e9960-b84f-4ecb-9d72-99861fffc2c9)
 - Deleted: 0

[20/Apr/2023:14:00:05] UPDATING ACCOUNTS (JobID: 7b0370ac-7b8d-4628-b4f7-85f387d58ae7)
 - New and modified: 0

[20/Apr/2023:14:00:05] DELETING ACCOUNTS (JobID: 7b0370ac-7b8d-4628-b4f7-85f387d58ae7)
 - Deleted: 0

[20/Apr/2023:14:00:44] UPDATING PRODUCTS (JobID: 27f3fa79-66c5-491f-b79c-9e0c26216b7b)
 - New and modified: 0

[20/Apr/2023:14:00:47] UPDATING PREPAGATI (JobID: f972d557-8cca-45db-b193-49ce3a8e4cd7)
 - New and modified: 0

[20/Apr/2023:14:00:47] DELETING PREPAGATI (JobID: f972d557-8cca-45db-b193-49ce3a8e4cd7)
 - Deleted: 0

[20/Apr/2023:14:10:04] UPDATING ACCOUNTS (JobID: a4ab6ef4-c53c-43c9-a8fd-b242c6749272)
 - New and modified: 0

[20/Apr/2023:14:10:04] DELETING ACCOUNTS (JobID: a4ab6ef4-c53c-43c9-a8fd-b242c6749272)
 - Deleted: 0

[20/Apr/2023:14:10:41] UPDATING PRODUCTS (JobID: 0adc4994-192f-4e25-8f6e-770139fb41e0)
 - New and modified: 0

[20/Apr/2023:14:10:43] UPDATING PREPAGATI (JobID: 361f0646-7de6-4b06-9ddc-1ae878875a2a)
 - New and modified: 0

[20/Apr/2023:14:10:43] DELETING PREPAGATI (JobID: 361f0646-7de6-4b06-9ddc-1ae878875a2a)
 - Deleted: 0

[20/Apr/2023:14:20:06] UPDATING ACCOUNTS (JobID: fbe82062-43e2-4ca2-8b2d-c38f71f34a82)
 - New and modified: 0

[20/Apr/2023:14:20:06] DELETING ACCOUNTS (JobID: fbe82062-43e2-4ca2-8b2d-c38f71f34a82)
 - Deleted: 0

[20/Apr/2023:14:20:41] UPDATING PRODUCTS (JobID: 0620e342-38dd-4b47-b072-f571b85ec9ae)
 - New and modified: 0

[20/Apr/2023:14:20:43] UPDATING PREPAGATI (JobID: d04306ad-8f3d-47dd-b2fb-3aacef5d0686)
 - New and modified: 0

[20/Apr/2023:14:20:43] DELETING PREPAGATI (JobID: d04306ad-8f3d-47dd-b2fb-3aacef5d0686)
 - Deleted: 0

[20/Apr/2023:14:40:05] UPDATING ACCOUNTS (JobID: 24463c53-d9bb-4f5f-ad12-c6ae7655be55)
 - New and modified: 0

[20/Apr/2023:14:40:05] DELETING ACCOUNTS (JobID: 24463c53-d9bb-4f5f-ad12-c6ae7655be55)
 - Deleted: 0

[20/Apr/2023:14:40:42] UPDATING PRODUCTS (JobID: 04333238-42b0-4551-bd3d-7b9528bfec37)
 - New and modified: 0

[20/Apr/2023:14:40:43] UPDATING PREPAGATI (JobID: e2ce427f-afcb-434d-a23d-9d16ee649a92)
 - New and modified: 0

[20/Apr/2023:14:40:43] DELETING PREPAGATI (JobID: e2ce427f-afcb-434d-a23d-9d16ee649a92)
 - Deleted: 0

[20/Apr/2023:14:50:06] UPDATING ACCOUNTS (JobID: 831104e4-7713-45bc-8cef-193d07d9e525)
 - New and modified: 0

[20/Apr/2023:14:50:06] DELETING ACCOUNTS (JobID: 831104e4-7713-45bc-8cef-193d07d9e525)
 - Deleted: 0

[20/Apr/2023:14:50:40] UPDATING PRODUCTS (JobID: 2cb45b52-cfac-4a33-98f7-9695e0c81929)
 - New and modified: 0

[20/Apr/2023:14:50:42] UPDATING PREPAGATI (JobID: 04a8b7f6-7914-4ef6-9f93-70114188b882)
 - New and modified: 0

[20/Apr/2023:14:50:42] DELETING PREPAGATI (JobID: 04a8b7f6-7914-4ef6-9f93-70114188b882)
 - Deleted: 0

[20/Apr/2023:15:00:09] UPDATING ACCOUNTS (JobID: a08c736c-7c1d-4d54-9f28-71c7d264a9f6)
 - New and modified: 0

[20/Apr/2023:15:00:09] DELETING ACCOUNTS (JobID: a08c736c-7c1d-4d54-9f28-71c7d264a9f6)
 - Deleted: 0

[20/Apr/2023:15:00:50] UPDATING PRODUCTS (JobID: 1018e038-fc3a-49bd-96b9-de069ce549e3)
 - New and modified: 0

[20/Apr/2023:15:00:56] UPDATING PREPAGATI (JobID: a5593b63-ea2e-4c45-8e42-53a46590e73e)
 - New and modified: 0

[20/Apr/2023:15:00:56] DELETING PREPAGATI (JobID: a5593b63-ea2e-4c45-8e42-53a46590e73e)
 - Deleted: 0

[20/Apr/2023:15:10:04] UPDATING ACCOUNTS (JobID: dd5209b4-6b4d-48e0-b57c-9fba49f7e3f7)
 - New and modified: 0

[20/Apr/2023:15:10:04] DELETING ACCOUNTS (JobID: dd5209b4-6b4d-48e0-b57c-9fba49f7e3f7)
 - Deleted: 0

[20/Apr/2023:15:10:39] UPDATING PRODUCTS (JobID: ebb0b4da-1f1f-460a-8024-9b2403a83c57)
 - New and modified: 0

[20/Apr/2023:15:10:40] UPDATING PREPAGATI (JobID: 6e0f77a5-f974-4d91-a690-0bdbf0785f19)
 - New and modified: 0

[20/Apr/2023:15:10:40] DELETING PREPAGATI (JobID: 6e0f77a5-f974-4d91-a690-0bdbf0785f19)
 - Deleted: 0

[20/Apr/2023:15:20:04] UPDATING ACCOUNTS (JobID: be6d118c-3870-496c-bb31-b1bbc00fef7b)
 - New and modified: 0

[20/Apr/2023:15:20:04] DELETING ACCOUNTS (JobID: be6d118c-3870-496c-bb31-b1bbc00fef7b)
 - Deleted: 0

[20/Apr/2023:15:20:40] UPDATING PRODUCTS (JobID: 2159d7fc-14f1-449c-95f2-f2290c1f8df7)
 - New and modified: 0

[20/Apr/2023:15:20:42] UPDATING PREPAGATI (JobID: f422ee76-7012-43dc-b6c0-683861957b75)
 - New and modified: 0

[20/Apr/2023:15:20:42] DELETING PREPAGATI (JobID: f422ee76-7012-43dc-b6c0-683861957b75)
 - Deleted: 0

[20/Apr/2023:15:30:04] UPDATING ACCOUNTS (JobID: e364929e-0358-4689-855a-e11a92d4c99c)
 - New and modified: 0

[20/Apr/2023:15:30:04] DELETING ACCOUNTS (JobID: e364929e-0358-4689-855a-e11a92d4c99c)
 - Deleted: 0

[20/Apr/2023:15:30:39] UPDATING PRODUCTS (JobID: bfd413ef-603d-41da-923a-93f2692bae9c)
 - New and modified: 0

[20/Apr/2023:15:30:42] UPDATING PREPAGATI (JobID: 2d9655f7-eb2a-463a-9a1d-553fea9bf20a)
 - New and modified: 0

[20/Apr/2023:15:30:42] DELETING PREPAGATI (JobID: 2d9655f7-eb2a-463a-9a1d-553fea9bf20a)
 - Deleted: 0

[20/Apr/2023:15:40:05] UPDATING ACCOUNTS (JobID: e7b65959-825c-49c2-a9dd-dad75b3df693)
 - New and modified: 0

[20/Apr/2023:15:40:05] DELETING ACCOUNTS (JobID: e7b65959-825c-49c2-a9dd-dad75b3df693)
 - Deleted: 0

[20/Apr/2023:15:40:40] UPDATING PRODUCTS (JobID: 635716b2-f12b-4fc1-bfeb-a6b4ad7cdc31)
 - New and modified: 0

[20/Apr/2023:15:40:42] UPDATING PREPAGATI (JobID: d2a6abe2-5719-43b4-baf3-5451eb1941e9)
 - New and modified: 0

[20/Apr/2023:15:40:42] DELETING PREPAGATI (JobID: d2a6abe2-5719-43b4-baf3-5451eb1941e9)
 - Deleted: 0

[20/Apr/2023:15:50:04] UPDATING ACCOUNTS (JobID: e0663f00-06b8-46ca-848e-725f3c8eb98b)
 - New and modified: 0

[20/Apr/2023:15:50:04] DELETING ACCOUNTS (JobID: e0663f00-06b8-46ca-848e-725f3c8eb98b)
 - Deleted: 0

[20/Apr/2023:15:50:42] UPDATING PRODUCTS (JobID: 5441ef8f-668c-4cce-a099-946f6e0a73d7)
 - New and modified: 0

[20/Apr/2023:15:50:43] UPDATING PREPAGATI (JobID: 35e4c4af-8b13-4f89-8545-aeb63b7ab87d)
 - New and modified: 0

[20/Apr/2023:15:50:43] DELETING PREPAGATI (JobID: 35e4c4af-8b13-4f89-8545-aeb63b7ab87d)
 - Deleted: 0

[20/Apr/2023:16:00:04] UPDATING ACCOUNTS (JobID: 725a61ff-1971-438f-b429-d9759cae69eb)
 - New and modified: 0

[20/Apr/2023:16:00:04] DELETING ACCOUNTS (JobID: 725a61ff-1971-438f-b429-d9759cae69eb)
 - Deleted: 0

[20/Apr/2023:16:00:46] UPDATING PRODUCTS (JobID: e88cd04d-593d-47db-b523-bfa8979655bd)
 - New and modified: 0

[20/Apr/2023:16:00:48] UPDATING PREPAGATI (JobID: e5d73cb2-2d02-4794-b906-274a06404e9c)
 - New and modified: 0

[20/Apr/2023:16:00:48] DELETING PREPAGATI (JobID: e5d73cb2-2d02-4794-b906-274a06404e9c)
 - Deleted: 0

[20/Apr/2023:16:10:06] UPDATING ACCOUNTS (JobID: 7348acfe-f464-44c6-be1a-1df5d8694eda)
 - New and modified: 0

[20/Apr/2023:16:10:06] DELETING ACCOUNTS (JobID: 7348acfe-f464-44c6-be1a-1df5d8694eda)
 - Deleted: 0

[20/Apr/2023:16:10:39] UPDATING PRODUCTS (JobID: c5ca63d9-14ab-438b-9112-c098d2674bf3)
 - New and modified: 0

[20/Apr/2023:16:10:41] UPDATING PREPAGATI (JobID: da3cb144-c2b4-483b-9195-b07174e8643a)
 - New and modified: 0

[20/Apr/2023:16:10:41] DELETING PREPAGATI (JobID: da3cb144-c2b4-483b-9195-b07174e8643a)
 - Deleted: 0

[20/Apr/2023:16:30:04] UPDATING ACCOUNTS (JobID: 23ba2f1c-7ccf-4a22-8261-794b1ba26a9e)
 - New and modified: 0

[20/Apr/2023:16:30:04] DELETING ACCOUNTS (JobID: 23ba2f1c-7ccf-4a22-8261-794b1ba26a9e)
 - Deleted: 0

[20/Apr/2023:16:30:44] UPDATING PRODUCTS (JobID: eafd2585-18e9-4fb3-ba1b-a8ecbc4c5c53)
 - New and modified: 0

[20/Apr/2023:16:30:46] UPDATING PREPAGATI (JobID: 4e1365fe-c089-4a69-acc3-37d5919057b6)
 - New and modified: 0

[20/Apr/2023:16:30:46] DELETING PREPAGATI (JobID: 4e1365fe-c089-4a69-acc3-37d5919057b6)
 - Deleted: 0

[20/Apr/2023:16:40:04] UPDATING ACCOUNTS (JobID: b1b40018-a2eb-463b-b4fd-99bd75526dfd)
 - New and modified: 0

[20/Apr/2023:16:40:04] DELETING ACCOUNTS (JobID: b1b40018-a2eb-463b-b4fd-99bd75526dfd)
 - Deleted: 0

[20/Apr/2023:16:40:38] UPDATING PRODUCTS (JobID: 195747ea-ab99-4abe-916b-19855f278e94)
 - New and modified: 0

[20/Apr/2023:16:40:39] UPDATING PREPAGATI (JobID: dac3dd4c-03dd-4c72-ab85-9aa156da3eeb)
 - New and modified: 0

[20/Apr/2023:16:40:39] DELETING PREPAGATI (JobID: dac3dd4c-03dd-4c72-ab85-9aa156da3eeb)
 - Deleted: 0

[20/Apr/2023:16:50:04] UPDATING ACCOUNTS (JobID: a2b1213d-cf22-4394-9a5e-b3293a7aa062)
 - New and modified: 0

[20/Apr/2023:16:50:04] DELETING ACCOUNTS (JobID: a2b1213d-cf22-4394-9a5e-b3293a7aa062)
 - Deleted: 0

[20/Apr/2023:16:50:38] UPDATING PRODUCTS (JobID: 61e110ce-029b-40e5-b718-41586eb74e1e)
 - New and modified: 0

[20/Apr/2023:16:50:40] UPDATING PREPAGATI (JobID: 9d08d274-6c12-4c34-956d-9c077db04e46)
 - New and modified: 0

[20/Apr/2023:16:50:40] DELETING PREPAGATI (JobID: 9d08d274-6c12-4c34-956d-9c077db04e46)
 - Deleted: 0

[20/Apr/2023:17:00:04] UPDATING ACCOUNTS (JobID: 702fb401-f232-4563-8821-4a6a65b14921)
 - New and modified: 0

[20/Apr/2023:17:00:04] DELETING ACCOUNTS (JobID: 702fb401-f232-4563-8821-4a6a65b14921)
 - Deleted: 0

[20/Apr/2023:17:00:54] UPDATING PRODUCTS (JobID: 3468981f-beab-4667-8a9d-20827f2148d6)
 - New and modified: 0

[20/Apr/2023:17:00:58] UPDATING PREPAGATI (JobID: 4965f84b-9feb-4c28-8d21-eaf413d1678e)
 - New and modified: 0

[20/Apr/2023:17:00:58] DELETING PREPAGATI (JobID: 4965f84b-9feb-4c28-8d21-eaf413d1678e)
 - Deleted: 0

[20/Apr/2023:17:10:04] UPDATING ACCOUNTS (JobID: d719ab9e-ceaa-42ef-99b8-28e2d6b6337f)
 - New and modified: 0

[20/Apr/2023:17:10:04] DELETING ACCOUNTS (JobID: d719ab9e-ceaa-42ef-99b8-28e2d6b6337f)
 - Deleted: 0

[20/Apr/2023:17:10:40] UPDATING PRODUCTS (JobID: 118bdb0d-8d49-46ae-9728-ad01054df960)
 - New and modified: 0

[20/Apr/2023:17:10:42] UPDATING PREPAGATI (JobID: cd22874b-5feb-48e3-984b-fcce75dcd107)
 - New and modified: 0

[20/Apr/2023:17:10:42] DELETING PREPAGATI (JobID: cd22874b-5feb-48e3-984b-fcce75dcd107)
 - Deleted: 0

[20/Apr/2023:17:20:04] UPDATING ACCOUNTS (JobID: 42a97fbc-93e7-4636-9226-18a49d633816)
 - New and modified: 0

[20/Apr/2023:17:20:04] DELETING ACCOUNTS (JobID: 42a97fbc-93e7-4636-9226-18a49d633816)
 - Deleted: 0

[20/Apr/2023:17:20:38] UPDATING PRODUCTS (JobID: 6a47c7ba-3536-4cd7-94be-99d89520ba13)
 - New and modified: 0

[20/Apr/2023:17:20:40] UPDATING PREPAGATI (JobID: 646e2468-9007-49b4-afc6-d9695fbb854b)
 - New and modified: 0

[20/Apr/2023:17:20:40] DELETING PREPAGATI (JobID: 646e2468-9007-49b4-afc6-d9695fbb854b)
 - Deleted: 0

[20/Apr/2023:17:30:03] UPDATING ACCOUNTS (JobID: 3d520a4d-df20-4a9b-ae37-bf49a9fa4661)
 - New and modified: 0

[20/Apr/2023:17:30:03] DELETING ACCOUNTS (JobID: 3d520a4d-df20-4a9b-ae37-bf49a9fa4661)
 - Deleted: 0

[20/Apr/2023:17:30:37] UPDATING PRODUCTS (JobID: 8e19564c-c9bb-4f09-acee-67966d083eb9)
 - New and modified: 0

[20/Apr/2023:17:30:39] UPDATING PREPAGATI (JobID: 53b94d2a-6660-45f0-a3a1-7a9d6e5a91e1)
 - New and modified: 0

[20/Apr/2023:17:30:39] DELETING PREPAGATI (JobID: 53b94d2a-6660-45f0-a3a1-7a9d6e5a91e1)
 - Deleted: 0

[20/Apr/2023:17:40:04] UPDATING ACCOUNTS (JobID: 95916f06-10ff-4395-aba0-85a5606b805c)
 - New and modified: 0

[20/Apr/2023:17:40:04] DELETING ACCOUNTS (JobID: 95916f06-10ff-4395-aba0-85a5606b805c)
 - Deleted: 0

[20/Apr/2023:17:40:39] UPDATING PRODUCTS (JobID: d1f78315-9dbe-4ffc-9b55-7f9274ea50b5)
 - New and modified: 0

[20/Apr/2023:17:40:41] UPDATING PREPAGATI (JobID: eb2e2d71-bd1b-4ed5-a668-ec837c1bc34b)
 - New and modified: 0

[20/Apr/2023:17:40:41] DELETING PREPAGATI (JobID: eb2e2d71-bd1b-4ed5-a668-ec837c1bc34b)
 - Deleted: 0

[20/Apr/2023:17:50:04] UPDATING ACCOUNTS (JobID: 1717b8fb-4750-4911-9bc9-0eb7100397ef)
 - New and modified: 0

[20/Apr/2023:17:50:04] DELETING ACCOUNTS (JobID: 1717b8fb-4750-4911-9bc9-0eb7100397ef)
 - Deleted: 0

[20/Apr/2023:17:50:38] UPDATING PRODUCTS (JobID: 2fd0f2ec-eead-4128-b282-3eace7c8afb5)
 - New and modified: 0

[20/Apr/2023:17:50:39] UPDATING PREPAGATI (JobID: 38d0a4b2-6c6c-44ee-9a2b-0ef13b8c4c58)
 - New and modified: 0

[20/Apr/2023:17:50:39] DELETING PREPAGATI (JobID: 38d0a4b2-6c6c-44ee-9a2b-0ef13b8c4c58)
 - Deleted: 0

[20/Apr/2023:18:00:28] UPDATING ACCOUNTS (JobID: e888aa39-b49e-461e-ada1-75d638ed9aa6)
 - New and modified: 0

[20/Apr/2023:18:00:28] DELETING ACCOUNTS (JobID: e888aa39-b49e-461e-ada1-75d638ed9aa6)
 - Deleted: 0

[20/Apr/2023:18:01:30] UPDATING PRODUCTS (JobID: 9cc5dcdf-933f-4452-bb2a-faaf853f2791)
 - New and modified: 0

[20/Apr/2023:18:01:32] UPDATING PREPAGATI (JobID: 06a238dd-0795-48ad-a88f-a94ea65be519)
 - New and modified: 0

[20/Apr/2023:18:01:32] DELETING PREPAGATI (JobID: 06a238dd-0795-48ad-a88f-a94ea65be519)
 - Deleted: 0

[20/Apr/2023:18:10:04] UPDATING ACCOUNTS (JobID: 5c844e6b-30b5-4e70-a3f8-2b6c1060d5d3)
 - New and modified: 0

[20/Apr/2023:18:10:04] DELETING ACCOUNTS (JobID: 5c844e6b-30b5-4e70-a3f8-2b6c1060d5d3)
 - Deleted: 0

[20/Apr/2023:18:10:40] UPDATING PRODUCTS (JobID: ecd8f36a-306c-41b4-a272-4daabbbb9836)
 - New and modified: 0

[20/Apr/2023:18:10:43] UPDATING PREPAGATI (JobID: 7b78cb11-1552-46a8-80f6-9f06dbd3a1ac)
 - New and modified: 0

[20/Apr/2023:18:10:43] DELETING PREPAGATI (JobID: 7b78cb11-1552-46a8-80f6-9f06dbd3a1ac)
 - Deleted: 0

[20/Apr/2023:18:20:04] UPDATING ACCOUNTS (JobID: ca127a48-9263-4b32-b0a5-cf2ead09ef71)
 - New and modified: 0

[20/Apr/2023:18:20:04] DELETING ACCOUNTS (JobID: ca127a48-9263-4b32-b0a5-cf2ead09ef71)
 - Deleted: 0

[20/Apr/2023:18:20:40] UPDATING PRODUCTS (JobID: 07fe75f0-3fe3-4a67-b4b8-2fa491298f44)
 - New and modified: 0

[20/Apr/2023:18:20:42] UPDATING PREPAGATI (JobID: bda065af-4d21-4beb-a9cc-24ef2572a402)
 - New and modified: 0

[20/Apr/2023:18:20:42] DELETING PREPAGATI (JobID: bda065af-4d21-4beb-a9cc-24ef2572a402)
 - Deleted: 0

[20/Apr/2023:18:30:04] UPDATING ACCOUNTS (JobID: 115a37df-1e9a-4c99-86ba-e053c5abc710)
 - New and modified: 0

[20/Apr/2023:18:30:04] DELETING ACCOUNTS (JobID: 115a37df-1e9a-4c99-86ba-e053c5abc710)
 - Deleted: 0

[20/Apr/2023:18:30:39] UPDATING PRODUCTS (JobID: 7fc32512-a713-4d2b-86cc-2083144beadf)
 - New and modified: 0

[20/Apr/2023:18:30:41] UPDATING PREPAGATI (JobID: 8c64155a-8bdd-4a43-90c3-7fa8e0853eb0)
 - New and modified: 0

[20/Apr/2023:18:30:41] DELETING PREPAGATI (JobID: 8c64155a-8bdd-4a43-90c3-7fa8e0853eb0)
 - Deleted: 0

[20/Apr/2023:18:40:04] UPDATING ACCOUNTS (JobID: 2642bf8a-e492-40c5-82aa-98b7a046c1f5)
 - New and modified: 0

[20/Apr/2023:18:40:04] DELETING ACCOUNTS (JobID: 2642bf8a-e492-40c5-82aa-98b7a046c1f5)
 - Deleted: 0

[20/Apr/2023:18:40:39] UPDATING PRODUCTS (JobID: 60edca79-04a1-41f2-b717-a582ba875a70)
 - New and modified: 0

[20/Apr/2023:18:40:41] UPDATING PREPAGATI (JobID: 703a2a89-673a-4dc5-b288-2d0ad139347b)
 - New and modified: 0

[20/Apr/2023:18:40:41] DELETING PREPAGATI (JobID: 703a2a89-673a-4dc5-b288-2d0ad139347b)
 - Deleted: 0

[20/Apr/2023:18:50:05] UPDATING ACCOUNTS (JobID: 464b9db1-aa2a-4040-82e7-5a0021d43af5)
 - New and modified: 0

[20/Apr/2023:18:50:05] DELETING ACCOUNTS (JobID: 464b9db1-aa2a-4040-82e7-5a0021d43af5)
 - Deleted: 0

[20/Apr/2023:18:50:41] UPDATING PRODUCTS (JobID: 994a86cb-0c99-483c-8d5c-4c136cd50dd0)
 - New and modified: 0

[20/Apr/2023:18:50:42] UPDATING PREPAGATI (JobID: c73492b8-3f6b-4f78-b9dd-a1c131513186)
 - New and modified: 0

[20/Apr/2023:18:50:42] DELETING PREPAGATI (JobID: c73492b8-3f6b-4f78-b9dd-a1c131513186)
 - Deleted: 0

[20/Apr/2023:19:00:16] UPDATING ACCOUNTS (JobID: dbcc12de-1b3e-48dc-a2a6-76f997237afc)
 - New and modified: 0

[20/Apr/2023:19:00:16] DELETING ACCOUNTS (JobID: dbcc12de-1b3e-48dc-a2a6-76f997237afc)
 - Deleted: 0

[20/Apr/2023:19:00:55] UPDATING PRODUCTS (JobID: a00830ee-1d4a-4bfd-ac58-2fd3512479be)
 - New and modified: 0

[20/Apr/2023:19:00:57] UPDATING PREPAGATI (JobID: 7cfc1860-4b28-4b97-828a-db0a2455e9e0)
 - New and modified: 0

[20/Apr/2023:19:00:57] DELETING PREPAGATI (JobID: 7cfc1860-4b28-4b97-828a-db0a2455e9e0)
 - Deleted: 0

[20/Apr/2023:19:10:04] UPDATING ACCOUNTS (JobID: be74f839-c503-4ea0-bdd0-4996f3c58591)
 - New and modified: 0

[20/Apr/2023:19:10:04] DELETING ACCOUNTS (JobID: be74f839-c503-4ea0-bdd0-4996f3c58591)
 - Deleted: 0

[20/Apr/2023:19:10:41] UPDATING PRODUCTS (JobID: 046a524a-9987-442d-9952-2f877fc725cc)
 - New and modified: 0

[20/Apr/2023:19:10:43] UPDATING PREPAGATI (JobID: c8e0ce62-d416-4948-84c0-0391cf5593a4)
 - New and modified: 0

[20/Apr/2023:19:10:43] DELETING PREPAGATI (JobID: c8e0ce62-d416-4948-84c0-0391cf5593a4)
 - Deleted: 0

[20/Apr/2023:19:20:04] UPDATING ACCOUNTS (JobID: a4399d78-57a4-43f6-bf02-360cc085a644)
 - New and modified: 0

[20/Apr/2023:19:20:04] DELETING ACCOUNTS (JobID: a4399d78-57a4-43f6-bf02-360cc085a644)
 - Deleted: 0

[20/Apr/2023:19:20:41] UPDATING PRODUCTS (JobID: 225837dd-a62f-47a4-a085-b85b86361601)
 - New and modified: 0

[20/Apr/2023:19:20:43] UPDATING PREPAGATI (JobID: 3cdeec8b-c563-4460-ab36-eb42dfd67197)
 - New and modified: 0

[20/Apr/2023:19:20:43] DELETING PREPAGATI (JobID: 3cdeec8b-c563-4460-ab36-eb42dfd67197)
 - Deleted: 0

[20/Apr/2023:19:30:07] UPDATING ACCOUNTS (JobID: f5a3d8b0-4c3f-456a-aa06-cc19a602bf34)
 - New and modified: 0

[20/Apr/2023:19:30:07] DELETING ACCOUNTS (JobID: f5a3d8b0-4c3f-456a-aa06-cc19a602bf34)
 - Deleted: 0

[20/Apr/2023:19:30:43] UPDATING PRODUCTS (JobID: 0c7c3172-c6f6-4e68-9239-9fd2fac405de)
 - New and modified: 0

[20/Apr/2023:19:30:45] UPDATING PREPAGATI (JobID: 449ee17a-d833-47f1-8a5c-dd18fa1c1572)
 - New and modified: 0

[20/Apr/2023:19:30:45] DELETING PREPAGATI (JobID: 449ee17a-d833-47f1-8a5c-dd18fa1c1572)
 - Deleted: 0

[20/Apr/2023:19:40:04] UPDATING ACCOUNTS (JobID: 08d59a40-afed-45b1-b215-4e9547b252a8)
 - New and modified: 0

[20/Apr/2023:19:40:04] DELETING ACCOUNTS (JobID: 08d59a40-afed-45b1-b215-4e9547b252a8)
 - Deleted: 0

[20/Apr/2023:19:40:40] UPDATING PRODUCTS (JobID: 9399fd4f-67bc-4e6d-a658-f80aadf56ee9)
 - New and modified: 0

[20/Apr/2023:19:40:41] UPDATING PREPAGATI (JobID: a9d32af7-1d82-4500-8989-909a14ac0769)
 - New and modified: 0

[20/Apr/2023:19:40:41] DELETING PREPAGATI (JobID: a9d32af7-1d82-4500-8989-909a14ac0769)
 - Deleted: 0

[20/Apr/2023:19:50:04] UPDATING ACCOUNTS (JobID: a5af9eb3-6dde-41a8-ba31-b49662aa183c)
 - New and modified: 0

[20/Apr/2023:19:50:04] DELETING ACCOUNTS (JobID: a5af9eb3-6dde-41a8-ba31-b49662aa183c)
 - Deleted: 0

[20/Apr/2023:19:50:40] UPDATING PRODUCTS (JobID: 860b9ce2-51bf-4524-ba6d-63ef4f05a617)
 - New and modified: 0

[20/Apr/2023:19:50:42] UPDATING PREPAGATI (JobID: a299df3e-34be-482d-aa3a-4b5475b94a2d)
 - New and modified: 0

[20/Apr/2023:19:50:42] DELETING PREPAGATI (JobID: a299df3e-34be-482d-aa3a-4b5475b94a2d)
 - Deleted: 0

[20/Apr/2023:20:00:04] UPDATING ACCOUNTS (JobID: 8f5299d4-26b9-4ee4-9726-e4c0d873809a)
 - New and modified: 0

[20/Apr/2023:20:00:04] DELETING ACCOUNTS (JobID: 8f5299d4-26b9-4ee4-9726-e4c0d873809a)
 - Deleted: 0

[20/Apr/2023:20:00:41] UPDATING PRODUCTS (JobID: f83c3aa6-4819-42b9-b67e-2281ae9366ad)
 - New and modified: 0

[20/Apr/2023:20:00:43] UPDATING PREPAGATI (JobID: 17a3d806-0895-4c68-8050-d94f73828812)
 - New and modified: 0

[20/Apr/2023:20:00:43] DELETING PREPAGATI (JobID: 17a3d806-0895-4c68-8050-d94f73828812)
 - Deleted: 0

[20/Apr/2023:20:10:04] UPDATING ACCOUNTS (JobID: 612a0824-83fa-421e-be93-4b099d86db24)
 - New and modified: 0

[20/Apr/2023:20:10:04] DELETING ACCOUNTS (JobID: 612a0824-83fa-421e-be93-4b099d86db24)
 - Deleted: 0

[20/Apr/2023:20:10:41] UPDATING PRODUCTS (JobID: 6811fb01-e5b7-46b5-aa3d-70e6b290a467)
 - New and modified: 0

[20/Apr/2023:20:10:43] UPDATING PREPAGATI (JobID: ebf1c287-52d3-4f52-a100-2d67da411496)
 - New and modified: 0

[20/Apr/2023:20:10:43] DELETING PREPAGATI (JobID: ebf1c287-52d3-4f52-a100-2d67da411496)
 - Deleted: 0

[20/Apr/2023:20:20:06] UPDATING ACCOUNTS (JobID: 76f0b3e1-53a8-4038-9955-81afe471f79a)
 - New and modified: 0

[20/Apr/2023:20:20:06] DELETING ACCOUNTS (JobID: 76f0b3e1-53a8-4038-9955-81afe471f79a)
 - Deleted: 0

[20/Apr/2023:20:20:40] UPDATING PRODUCTS (JobID: 1f1fcfd7-3619-4fcf-8c54-81276fa557b2)
 - New and modified: 0

[20/Apr/2023:20:20:42] UPDATING PREPAGATI (JobID: b1cc554f-be52-417a-b5fe-4d590bac8ef7)
 - New and modified: 0

[20/Apr/2023:20:20:42] DELETING PREPAGATI (JobID: b1cc554f-be52-417a-b5fe-4d590bac8ef7)
 - Deleted: 0

[20/Apr/2023:20:30:04] UPDATING ACCOUNTS (JobID: 33b39dbf-398a-4699-ac9c-9f9768308365)
 - New and modified: 0

[20/Apr/2023:20:30:04] DELETING ACCOUNTS (JobID: 33b39dbf-398a-4699-ac9c-9f9768308365)
 - Deleted: 0

[20/Apr/2023:20:30:42] UPDATING PRODUCTS (JobID: 90cc3fd7-a870-49d6-907d-0b2f12fcb8f3)
 - New and modified: 0

[20/Apr/2023:20:30:43] UPDATING PREPAGATI (JobID: 19ced74c-b107-42d8-b44f-8959fb63ddca)
 - New and modified: 0

[20/Apr/2023:20:30:43] DELETING PREPAGATI (JobID: 19ced74c-b107-42d8-b44f-8959fb63ddca)
 - Deleted: 0

[20/Apr/2023:20:40:04] UPDATING ACCOUNTS (JobID: 577c8b95-d5e2-426e-84f6-cebf02e5bfd2)
 - New and modified: 0

[20/Apr/2023:20:40:04] DELETING ACCOUNTS (JobID: 577c8b95-d5e2-426e-84f6-cebf02e5bfd2)
 - Deleted: 0

[20/Apr/2023:20:40:40] UPDATING PRODUCTS (JobID: e9076f72-73b4-41f1-a226-04425ee2ec94)
 - New and modified: 0

[20/Apr/2023:20:40:42] UPDATING PREPAGATI (JobID: c3a4c302-d4a6-4308-8f93-80ea03d31f09)
 - New and modified: 0

[20/Apr/2023:20:40:42] DELETING PREPAGATI (JobID: c3a4c302-d4a6-4308-8f93-80ea03d31f09)
 - Deleted: 0

[20/Apr/2023:20:50:03] UPDATING ACCOUNTS (JobID: 178453e2-4851-43cb-a139-e57f5cef3661)
 - New and modified: 0

[20/Apr/2023:20:50:03] DELETING ACCOUNTS (JobID: 178453e2-4851-43cb-a139-e57f5cef3661)
 - Deleted: 0

[20/Apr/2023:20:50:38] UPDATING PRODUCTS (JobID: c1ea6186-c916-4653-b7b7-a386fce5a2c8)
 - New and modified: 0

[20/Apr/2023:20:50:40] UPDATING PREPAGATI (JobID: aa49ab95-a3c0-4033-980a-6ee8452bb8ef)
 - New and modified: 0

[20/Apr/2023:20:50:40] DELETING PREPAGATI (JobID: aa49ab95-a3c0-4033-980a-6ee8452bb8ef)
 - Deleted: 0

[20/Apr/2023:21:00:04] UPDATING ACCOUNTS (JobID: 50686de2-5793-456c-bca1-cd61ec45db37)
 - New and modified: 0

[20/Apr/2023:21:00:04] DELETING ACCOUNTS (JobID: 50686de2-5793-456c-bca1-cd61ec45db37)
 - Deleted: 0

[20/Apr/2023:21:00:47] UPDATING PRODUCTS (JobID: d126f1c7-aa61-4c09-903f-1eb2dd89355f)
 - New and modified: 0

[20/Apr/2023:21:00:53] UPDATING PREPAGATI (JobID: 28635672-336d-4af6-858f-9be2ff39d67f)
 - New and modified: 0

[20/Apr/2023:21:00:53] DELETING PREPAGATI (JobID: 28635672-336d-4af6-858f-9be2ff39d67f)
 - Deleted: 0

[20/Apr/2023:21:10:04] UPDATING ACCOUNTS (JobID: 9e181f5f-d3e4-4756-86cc-5e4f76df73c7)
 - New and modified: 0

[20/Apr/2023:21:10:04] DELETING ACCOUNTS (JobID: 9e181f5f-d3e4-4756-86cc-5e4f76df73c7)
 - Deleted: 0

[20/Apr/2023:21:10:40] UPDATING PRODUCTS (JobID: aa1e9d61-0231-4c3a-bdf1-37d7f88a610a)
 - New and modified: 0

[20/Apr/2023:21:10:42] UPDATING PREPAGATI (JobID: 56bd256d-f793-4c1e-8c97-0bf11a9ae1d7)
 - New and modified: 0

[20/Apr/2023:21:10:42] DELETING PREPAGATI (JobID: 56bd256d-f793-4c1e-8c97-0bf11a9ae1d7)
 - Deleted: 0

[20/Apr/2023:21:20:04] UPDATING ACCOUNTS (JobID: 31643507-440d-43c6-9ee8-b08149ad2221)
 - New and modified: 0

[20/Apr/2023:21:20:04] DELETING ACCOUNTS (JobID: 31643507-440d-43c6-9ee8-b08149ad2221)
 - Deleted: 0

[20/Apr/2023:21:20:41] UPDATING PRODUCTS (JobID: 83dd7eab-1801-4485-9f8c-9687e4f1665b)
 - New and modified: 0

[20/Apr/2023:21:20:42] UPDATING PREPAGATI (JobID: f7c72388-a429-413e-af9a-844e11631e64)
 - New and modified: 0

[20/Apr/2023:21:20:42] DELETING PREPAGATI (JobID: f7c72388-a429-413e-af9a-844e11631e64)
 - Deleted: 0

[20/Apr/2023:21:30:04] UPDATING ACCOUNTS (JobID: ef8bc435-7d58-49ec-b508-8d9f8542fadd)
 - New and modified: 0

[20/Apr/2023:21:30:04] DELETING ACCOUNTS (JobID: ef8bc435-7d58-49ec-b508-8d9f8542fadd)
 - Deleted: 0

[20/Apr/2023:21:30:39] UPDATING PRODUCTS (JobID: 6db7f8c9-ccd0-40ab-9eef-263e3d217852)
 - New and modified: 0

[20/Apr/2023:21:30:41] UPDATING PREPAGATI (JobID: b01e6106-6bfb-46e1-875f-c358d5c89ef7)
 - New and modified: 0

[20/Apr/2023:21:30:41] DELETING PREPAGATI (JobID: b01e6106-6bfb-46e1-875f-c358d5c89ef7)
 - Deleted: 0

[20/Apr/2023:21:40:05] UPDATING ACCOUNTS (JobID: 61e9c64c-fec0-4640-9677-fc0f78ca91eb)
 - New and modified: 0

[20/Apr/2023:21:40:05] DELETING ACCOUNTS (JobID: 61e9c64c-fec0-4640-9677-fc0f78ca91eb)
 - Deleted: 0

[20/Apr/2023:21:40:40] UPDATING PRODUCTS (JobID: b7a9ef07-aaad-4d3f-a56c-85729affc323)
 - New and modified: 0

[20/Apr/2023:21:40:42] UPDATING PREPAGATI (JobID: 1b76261f-22a4-49e5-ba14-9de0cbec7387)
 - New and modified: 0

[20/Apr/2023:21:40:42] DELETING PREPAGATI (JobID: 1b76261f-22a4-49e5-ba14-9de0cbec7387)
 - Deleted: 0

[20/Apr/2023:21:50:04] UPDATING ACCOUNTS (JobID: 5e944c57-0c53-444e-a04a-027540852836)
 - New and modified: 0

[20/Apr/2023:21:50:04] DELETING ACCOUNTS (JobID: 5e944c57-0c53-444e-a04a-027540852836)
 - Deleted: 0

[20/Apr/2023:21:50:38] UPDATING PRODUCTS (JobID: 2a3c18a5-1e9f-46f1-9452-ed6f4a8a9cd2)
 - New and modified: 0

[20/Apr/2023:21:50:40] UPDATING PREPAGATI (JobID: 86f48882-3242-483b-963a-ac7f6e92fbed)
 - New and modified: 0

[20/Apr/2023:21:50:40] DELETING PREPAGATI (JobID: 86f48882-3242-483b-963a-ac7f6e92fbed)
 - Deleted: 0

[20/Apr/2023:22:00:06] UPDATING ACCOUNTS (JobID: a524703b-5928-42ae-8bdf-0fbe9372ab32)
 - New and modified: 0

[20/Apr/2023:22:00:06] DELETING ACCOUNTS (JobID: a524703b-5928-42ae-8bdf-0fbe9372ab32)
 - Deleted: 0

[20/Apr/2023:22:00:47] UPDATING PRODUCTS (JobID: 366be411-4562-479e-80eb-0f5712c6510f)
 - New and modified: 0

[20/Apr/2023:22:00:48] UPDATING PREPAGATI (JobID: d3e18d0d-3afc-4629-9527-9b8ea4e27c86)
 - New and modified: 0

[20/Apr/2023:22:00:48] DELETING PREPAGATI (JobID: d3e18d0d-3afc-4629-9527-9b8ea4e27c86)
 - Deleted: 0

[20/Apr/2023:22:10:04] UPDATING ACCOUNTS (JobID: 016f527b-f274-4028-97e5-785c8a1fb4f8)
 - New and modified: 0

[20/Apr/2023:22:10:04] DELETING ACCOUNTS (JobID: 016f527b-f274-4028-97e5-785c8a1fb4f8)
 - Deleted: 0

[20/Apr/2023:22:10:40] UPDATING PRODUCTS (JobID: 6d6e5c8f-a887-4911-8b9e-6c376c830d9e)
 - New and modified: 0

[20/Apr/2023:22:10:42] UPDATING PREPAGATI (JobID: 6ea4a423-7c69-4b4f-8d25-0d15ca96f60e)
 - New and modified: 0

[20/Apr/2023:22:10:42] DELETING PREPAGATI (JobID: 6ea4a423-7c69-4b4f-8d25-0d15ca96f60e)
 - Deleted: 0

[20/Apr/2023:22:20:04] UPDATING ACCOUNTS (JobID: 931f1288-f6ed-43dd-905a-3edd4f140cec)
 - New and modified: 0

[20/Apr/2023:22:20:04] DELETING ACCOUNTS (JobID: 931f1288-f6ed-43dd-905a-3edd4f140cec)
 - Deleted: 0

[20/Apr/2023:22:20:41] UPDATING PRODUCTS (JobID: 82a0ad02-78cc-408a-9f89-689c8afd237d)
 - New and modified: 0

[20/Apr/2023:22:20:42] UPDATING PREPAGATI (JobID: 90044318-5c38-4298-b112-48161a809d30)
 - New and modified: 0

[20/Apr/2023:22:20:42] DELETING PREPAGATI (JobID: 90044318-5c38-4298-b112-48161a809d30)
 - Deleted: 0

[20/Apr/2023:22:30:04] UPDATING ACCOUNTS (JobID: e92e6adc-babe-42d2-94f9-233f4230a8a7)
 - New and modified: 0

[20/Apr/2023:22:30:04] DELETING ACCOUNTS (JobID: e92e6adc-babe-42d2-94f9-233f4230a8a7)
 - Deleted: 0

[20/Apr/2023:22:30:41] UPDATING PRODUCTS (JobID: 39c48194-57b7-4399-8eb8-fd8fb9cdc303)
 - New and modified: 0

[20/Apr/2023:22:30:42] UPDATING PREPAGATI (JobID: 0e8ccfc9-5c4c-43d1-9445-0c67c3e12fb2)
 - New and modified: 0

[20/Apr/2023:22:30:42] DELETING PREPAGATI (JobID: 0e8ccfc9-5c4c-43d1-9445-0c67c3e12fb2)
 - Deleted: 0

[20/Apr/2023:22:40:04] UPDATING ACCOUNTS (JobID: 4375b4ac-ccc1-4633-9019-414703a23244)
 - New and modified: 0

[20/Apr/2023:22:40:04] DELETING ACCOUNTS (JobID: 4375b4ac-ccc1-4633-9019-414703a23244)
 - Deleted: 0

[20/Apr/2023:22:40:39] UPDATING PRODUCTS (JobID: 63eb4e80-c293-437d-99be-7b61674204b3)
 - New and modified: 0

[20/Apr/2023:22:40:41] UPDATING PREPAGATI (JobID: cde28d9d-f091-419a-be9c-aecdc7b6977c)
 - New and modified: 0

[20/Apr/2023:22:40:41] DELETING PREPAGATI (JobID: cde28d9d-f091-419a-be9c-aecdc7b6977c)
 - Deleted: 0

[20/Apr/2023:23:00:05] UPDATING ACCOUNTS (JobID: 1c4cd31e-2990-4b1e-85c2-696f1e27394e)
 - New and modified: 0

[20/Apr/2023:23:00:05] DELETING ACCOUNTS (JobID: 1c4cd31e-2990-4b1e-85c2-696f1e27394e)
 - Deleted: 0

[20/Apr/2023:23:00:42] UPDATING PRODUCTS (JobID: 43f3c7ce-9f96-469a-b184-129ef20971a6)
 - New and modified: 0

[20/Apr/2023:23:00:44] UPDATING PREPAGATI (JobID: af028126-272f-460a-80cd-988a786c42be)
 - New and modified: 0

[20/Apr/2023:23:00:44] DELETING PREPAGATI (JobID: af028126-272f-460a-80cd-988a786c42be)
 - Deleted: 0

[20/Apr/2023:23:10:04] UPDATING ACCOUNTS (JobID: 351487a8-dd5e-4bca-adf3-277d9e54a9d8)
 - New and modified: 0

[20/Apr/2023:23:10:04] DELETING ACCOUNTS (JobID: 351487a8-dd5e-4bca-adf3-277d9e54a9d8)
 - Deleted: 0

[20/Apr/2023:23:10:38] UPDATING PRODUCTS (JobID: cb3120e2-daec-4e1d-8671-9b44e8e2f152)
 - New and modified: 0

[20/Apr/2023:23:10:39] UPDATING PREPAGATI (JobID: f9d15457-d6ba-44d2-bff8-00c48d691645)
 - New and modified: 0

[20/Apr/2023:23:10:39] DELETING PREPAGATI (JobID: f9d15457-d6ba-44d2-bff8-00c48d691645)
 - Deleted: 0

[20/Apr/2023:23:20:03] UPDATING ACCOUNTS (JobID: 8da5885c-fd62-4ba7-9874-c5c008cb7006)
 - New and modified: 0

[20/Apr/2023:23:20:03] DELETING ACCOUNTS (JobID: 8da5885c-fd62-4ba7-9874-c5c008cb7006)
 - Deleted: 0

[20/Apr/2023:23:20:37] UPDATING PRODUCTS (JobID: c8ff227c-35b3-4942-ae4e-81e43dbd369f)
 - New and modified: 0

[20/Apr/2023:23:20:39] UPDATING PREPAGATI (JobID: d16378a0-5ee2-429c-a36f-d6c9cb78c9e2)
 - New and modified: 0

[20/Apr/2023:23:20:39] DELETING PREPAGATI (JobID: d16378a0-5ee2-429c-a36f-d6c9cb78c9e2)
 - Deleted: 0

[20/Apr/2023:23:30:04] UPDATING ACCOUNTS (JobID: 80a36846-1f44-4e61-8745-2131eb25020b)
 - New and modified: 0

[20/Apr/2023:23:30:04] DELETING ACCOUNTS (JobID: 80a36846-1f44-4e61-8745-2131eb25020b)
 - Deleted: 0

[20/Apr/2023:23:30:37] UPDATING PRODUCTS (JobID: 380ac2fc-06de-44c4-98cb-ff154ce6b918)
 - New and modified: 0

[20/Apr/2023:23:30:39] UPDATING PREPAGATI (JobID: 2ceddc67-36c9-41c6-bbcf-f10e625c0699)
 - New and modified: 0

[20/Apr/2023:23:30:39] DELETING PREPAGATI (JobID: 2ceddc67-36c9-41c6-bbcf-f10e625c0699)
 - Deleted: 0

[20/Apr/2023:23:40:04] UPDATING ACCOUNTS (JobID: b01b5974-5939-4f06-9a8c-9b521abecf0b)
 - New and modified: 0

[20/Apr/2023:23:40:04] DELETING ACCOUNTS (JobID: b01b5974-5939-4f06-9a8c-9b521abecf0b)
 - Deleted: 0

[20/Apr/2023:23:40:38] UPDATING PRODUCTS (JobID: 9567b0e1-5403-448d-9840-66782d8db762)
 - New and modified: 0

[20/Apr/2023:23:40:39] UPDATING PREPAGATI (JobID: 987ff234-1b4d-4008-9ed3-a90f3d65fa36)
 - New and modified: 0

[20/Apr/2023:23:40:39] DELETING PREPAGATI (JobID: 987ff234-1b4d-4008-9ed3-a90f3d65fa36)
 - Deleted: 0

[20/Apr/2023:23:50:04] UPDATING ACCOUNTS (JobID: a00f0b00-88f7-48a4-a346-b3eb42611192)
 - New and modified: 0

[20/Apr/2023:23:50:04] DELETING ACCOUNTS (JobID: a00f0b00-88f7-48a4-a346-b3eb42611192)
 - Deleted: 0

[20/Apr/2023:23:50:38] UPDATING PRODUCTS (JobID: 8fe2f3ec-ffdf-4a53-92ed-118512382fd9)
 - New and modified: 0

[20/Apr/2023:23:50:42] UPDATING PREPAGATI (JobID: 33b87854-3d13-4021-a901-2c97648a4765)
 - New and modified: 0

[20/Apr/2023:23:50:42] DELETING PREPAGATI (JobID: 33b87854-3d13-4021-a901-2c97648a4765)
 - Deleted: 0

