[17/Sep/2023:00:00:11] UPDATING ACCOUNTS (JobID: 8b1d9a3c-e066-4a99-b597-f0657aef2a78)
 - New and modified: 0

[17/Sep/2023:00:00:11] DELETING ACCOUNTS (JobID: 8b1d9a3c-e066-4a99-b597-f0657aef2a78)
 - Deleted: 0

[17/Sep/2023:00:00:43] UPDATING PRODUCTS (JobID: 073bc957-5fef-4018-953e-5b16ea34f60b)
 - New and modified: 0

[17/Sep/2023:00:00:46] UPDATING PREPAGATI (JobID: a5839304-2a49-40fc-bf0c-bc74e3f20771)
 - New and modified: 0

[17/Sep/2023:00:00:46] DELETING PREPAGATI (JobID: a5839304-2a49-40fc-bf0c-bc74e3f20771)
 - Deleted: 0

[17/Sep/2023:00:30:09] UPDATING ACCOUNTS (JobID: dc3ef891-7761-48d7-ace3-8a917225092f)
 - New and modified: 0

[17/Sep/2023:00:30:09] DELETING ACCOUNTS (JobID: dc3ef891-7761-48d7-ace3-8a917225092f)
 - Deleted: 0

[17/Sep/2023:00:30:40] UPDATING PRODUCTS (JobID: 36c6faae-d63f-46f2-98fd-3bfd23b0be29)
 - New and modified: 0

[17/Sep/2023:00:30:44] UPDATING PREPAGATI (JobID: 70709836-9182-4728-9aff-358e4c92bf41)
 - New and modified: 0

[17/Sep/2023:00:30:44] DELETING PREPAGATI (JobID: 70709836-9182-4728-9aff-358e4c92bf41)
 - Deleted: 0

[17/Sep/2023:01:00:04] UPDATING ACCOUNTS (JobID: 1999d7fd-49a0-4992-b32f-7b50dee91883)
 - New and modified: 0

[17/Sep/2023:01:00:04] DELETING ACCOUNTS (JobID: 1999d7fd-49a0-4992-b32f-7b50dee91883)
 - Deleted: 0

[17/Sep/2023:01:00:37] UPDATING PRODUCTS (JobID: 1bfa4f69-9bdc-4087-9a7a-7be13ced6e5f)
 - New and modified: 0

[17/Sep/2023:01:00:38] UPDATING PREPAGATI (JobID: e9614b93-f2e3-4f66-80bc-b51a6b59c983)
 - New and modified: 0

[17/Sep/2023:01:00:38] DELETING PREPAGATI (JobID: e9614b93-f2e3-4f66-80bc-b51a6b59c983)
 - Deleted: 0

[17/Sep/2023:01:30:04] UPDATING ACCOUNTS (JobID: b4d29f93-bbcc-477b-8044-3ef598f1b058)
 - New and modified: 0

[17/Sep/2023:01:30:04] DELETING ACCOUNTS (JobID: b4d29f93-bbcc-477b-8044-3ef598f1b058)
 - Deleted: 0

[17/Sep/2023:01:30:37] UPDATING PRODUCTS (JobID: 064def2b-4b4b-4fbe-9b31-8035a5a4b96a)
 - New and modified: 0

[17/Sep/2023:01:30:39] UPDATING PREPAGATI (JobID: b500dc17-7e0e-4fbc-b22d-8fd798c40f24)
 - New and modified: 0

[17/Sep/2023:01:30:39] DELETING PREPAGATI (JobID: b500dc17-7e0e-4fbc-b22d-8fd798c40f24)
 - Deleted: 0

[17/Sep/2023:02:00:04] UPDATING ACCOUNTS (JobID: b6eef4bd-d1e2-4c4e-9329-1a980f341ae2)
 - New and modified: 0

[17/Sep/2023:02:00:04] DELETING ACCOUNTS (JobID: b6eef4bd-d1e2-4c4e-9329-1a980f341ae2)
 - Deleted: 0

[17/Sep/2023:02:00:35] UPDATING PRODUCTS (JobID: b29603f5-c6e6-4795-af65-7309de9f9a83)
 - New and modified: 0

[17/Sep/2023:02:00:37] UPDATING PREPAGATI (JobID: a928aa37-2619-4516-9cce-31806baf9d71)
 - New and modified: 0

[17/Sep/2023:02:00:37] DELETING PREPAGATI (JobID: a928aa37-2619-4516-9cce-31806baf9d71)
 - Deleted: 0

[17/Sep/2023:02:30:09] UPDATING ACCOUNTS (JobID: 13940ece-12be-4361-aa39-ac26bff7631b)
 - New and modified: 0

[17/Sep/2023:02:30:09] DELETING ACCOUNTS (JobID: 13940ece-12be-4361-aa39-ac26bff7631b)
 - Deleted: 0

[17/Sep/2023:02:30:41] UPDATING PRODUCTS (JobID: f411ff1f-6049-489f-a661-dfb603229420)
 - New and modified: 0

[17/Sep/2023:02:30:45] UPDATING PREPAGATI (JobID: 64f70fc9-aeff-458c-9f9a-922eed0d0605)
 - New and modified: 0

[17/Sep/2023:02:30:45] DELETING PREPAGATI (JobID: 64f70fc9-aeff-458c-9f9a-922eed0d0605)
 - Deleted: 0

[17/Sep/2023:03:00:04] UPDATING ACCOUNTS (JobID: 5cae486f-2526-4c26-9450-dd8f253a3f2c)
 - New and modified: 0

[17/Sep/2023:03:00:04] DELETING ACCOUNTS (JobID: 5cae486f-2526-4c26-9450-dd8f253a3f2c)
 - Deleted: 0

[17/Sep/2023:03:00:35] UPDATING PRODUCTS (JobID: be91b0c8-884c-4b07-9271-a01f661fe80d)
 - New and modified: 0

[17/Sep/2023:03:00:37] UPDATING PREPAGATI (JobID: d3f6a7f7-2b57-4a9c-b1ec-537e55728df1)
 - New and modified: 0

[17/Sep/2023:03:00:37] DELETING PREPAGATI (JobID: d3f6a7f7-2b57-4a9c-b1ec-537e55728df1)
 - Deleted: 0

[17/Sep/2023:03:30:07] UPDATING ACCOUNTS (JobID: e25e9a5d-7fb8-4535-9227-a74d9580e159)
 - New and modified: 0

[17/Sep/2023:03:30:07] DELETING ACCOUNTS (JobID: e25e9a5d-7fb8-4535-9227-a74d9580e159)
 - Deleted: 0

[17/Sep/2023:03:30:37] UPDATING PRODUCTS (JobID: 8c716d71-e5d8-47ef-b0c0-aa2896315b4d)
 - New and modified: 0

[17/Sep/2023:03:30:40] UPDATING PREPAGATI (JobID: 4120ec24-29fc-4522-8a13-67c4c0dcb221)
 - New and modified: 0

[17/Sep/2023:03:30:40] DELETING PREPAGATI (JobID: 4120ec24-29fc-4522-8a13-67c4c0dcb221)
 - Deleted: 0

[17/Sep/2023:05:30:08] UPDATING ACCOUNTS (JobID: 47c242bd-bae4-4a7e-94e0-885a9bf7a607)
 - New and modified: 0

[17/Sep/2023:05:30:08] DELETING ACCOUNTS (JobID: 47c242bd-bae4-4a7e-94e0-885a9bf7a607)
 - Deleted: 0

[17/Sep/2023:05:30:38] UPDATING PRODUCTS (JobID: 15faa0d7-15d3-4281-8dc0-24755a809586)
 - New and modified: 0

[17/Sep/2023:05:30:41] UPDATING PREPAGATI (JobID: 741c5d46-39f9-4987-8b83-eb5a5ffb7dbd)
 - New and modified: 0

[17/Sep/2023:05:30:41] DELETING PREPAGATI (JobID: 741c5d46-39f9-4987-8b83-eb5a5ffb7dbd)
 - Deleted: 0

[17/Sep/2023:06:00:04] UPDATING ACCOUNTS (JobID: 7cbc69e6-e5a1-4c08-adc9-ccecc397bb54)
 - New and modified: 0

[17/Sep/2023:06:00:04] DELETING ACCOUNTS (JobID: 7cbc69e6-e5a1-4c08-adc9-ccecc397bb54)
 - Deleted: 0

[17/Sep/2023:06:00:34] UPDATING PRODUCTS (JobID: 251dea1a-d2ba-4e9a-94a0-818d9b552209)
 - New and modified: 0

[17/Sep/2023:06:00:36] UPDATING PREPAGATI (JobID: 48c49fce-e15e-45a9-a61d-e93dd658c0ab)
 - New and modified: 0

[17/Sep/2023:06:00:36] DELETING PREPAGATI (JobID: 48c49fce-e15e-45a9-a61d-e93dd658c0ab)
 - Deleted: 0

[17/Sep/2023:06:30:10] UPDATING ACCOUNTS (JobID: 7123a3c8-eba7-4184-9180-a7b2749d3055)
 - New and modified: 0

[17/Sep/2023:06:30:10] DELETING ACCOUNTS (JobID: 7123a3c8-eba7-4184-9180-a7b2749d3055)
 - Deleted: 0

[17/Sep/2023:06:30:43] UPDATING PRODUCTS (JobID: 3542c6b2-5df2-450d-a716-3f080a0b0477)
 - New and modified: 0

[17/Sep/2023:06:30:46] UPDATING PREPAGATI (JobID: 8e3f148d-5aee-4dde-b971-042e4e04efb9)
 - New and modified: 0

[17/Sep/2023:06:30:46] DELETING PREPAGATI (JobID: 8e3f148d-5aee-4dde-b971-042e4e04efb9)
 - Deleted: 0

[17/Sep/2023:07:30:08] UPDATING ACCOUNTS (JobID: 1554c942-4cc8-454d-b320-38ac614ca5cc)
 - New and modified: 0

[17/Sep/2023:07:30:08] DELETING ACCOUNTS (JobID: 1554c942-4cc8-454d-b320-38ac614ca5cc)
 - Deleted: 0

[17/Sep/2023:07:30:38] UPDATING PRODUCTS (JobID: 3550eb64-2f4e-40ad-ad99-48cfc8a99661)
 - New and modified: 0

[17/Sep/2023:07:30:42] UPDATING PREPAGATI (JobID: 504a4f68-ddab-4c2c-95c0-142fe9f652a7)
 - New and modified: 0

[17/Sep/2023:07:30:42] DELETING PREPAGATI (JobID: 504a4f68-ddab-4c2c-95c0-142fe9f652a7)
 - Deleted: 0

[17/Sep/2023:08:00:04] UPDATING ACCOUNTS (JobID: 09e2e23c-e2ae-452d-83b9-0b4bae3a5f38)
 - New and modified: 0

[17/Sep/2023:08:00:04] DELETING ACCOUNTS (JobID: 09e2e23c-e2ae-452d-83b9-0b4bae3a5f38)
 - Deleted: 0

[17/Sep/2023:08:00:34] UPDATING PRODUCTS (JobID: 05fcff9f-7b1b-4647-8926-7883b4bbfaf3)
 - New and modified: 0

[17/Sep/2023:08:00:36] UPDATING PREPAGATI (JobID: a75e5865-6dee-4188-a432-d411aebad758)
 - New and modified: 0

[17/Sep/2023:08:00:36] DELETING PREPAGATI (JobID: a75e5865-6dee-4188-a432-d411aebad758)
 - Deleted: 0

[17/Sep/2023:08:30:09] UPDATING ACCOUNTS (JobID: 167ed680-cfa3-4c59-83bc-f99bb8a83298)
 - New and modified: 0

[17/Sep/2023:08:30:09] DELETING ACCOUNTS (JobID: 167ed680-cfa3-4c59-83bc-f99bb8a83298)
 - Deleted: 0

[17/Sep/2023:08:30:40] UPDATING PRODUCTS (JobID: f500e99c-a7ec-45a2-9d0e-41f1cef1517d)
 - New and modified: 0

[17/Sep/2023:08:30:43] UPDATING PREPAGATI (JobID: 8b679349-9f94-404e-a9df-2ef95d44be5c)
 - New and modified: 0

[17/Sep/2023:08:30:43] DELETING PREPAGATI (JobID: 8b679349-9f94-404e-a9df-2ef95d44be5c)
 - Deleted: 0

[17/Sep/2023:09:00:04] UPDATING ACCOUNTS (JobID: 40901c78-832a-4545-8ecd-d66b9e10298b)
 - New and modified: 0

[17/Sep/2023:09:00:04] DELETING ACCOUNTS (JobID: 40901c78-832a-4545-8ecd-d66b9e10298b)
 - Deleted: 0

[17/Sep/2023:09:00:34] UPDATING PRODUCTS (JobID: 1f7481c7-83af-4544-92d0-3b8016347073)
 - New and modified: 0

[17/Sep/2023:09:00:36] UPDATING PREPAGATI (JobID: 3bae1d17-9a78-4496-bade-b7edf9680d8e)
 - New and modified: 0

[17/Sep/2023:09:00:36] DELETING PREPAGATI (JobID: 3bae1d17-9a78-4496-bade-b7edf9680d8e)
 - Deleted: 0

[17/Sep/2023:09:30:09] UPDATING ACCOUNTS (JobID: c4401990-6725-4300-a42a-7fabc936f9be)
 - New and modified: 0

[17/Sep/2023:09:30:09] DELETING ACCOUNTS (JobID: c4401990-6725-4300-a42a-7fabc936f9be)
 - Deleted: 0

[17/Sep/2023:09:30:41] UPDATING PRODUCTS (JobID: 847becc1-38cb-4a05-b436-011df2fe20bd)
 - New and modified: 0

[17/Sep/2023:09:30:44] UPDATING PREPAGATI (JobID: 4b585ac2-4ed4-4323-8dc4-f2ebc6b6e656)
 - New and modified: 0

[17/Sep/2023:09:30:44] DELETING PREPAGATI (JobID: 4b585ac2-4ed4-4323-8dc4-f2ebc6b6e656)
 - Deleted: 0

[17/Sep/2023:10:00:09] UPDATING ACCOUNTS (JobID: 86fa65d1-6bd8-4c65-980b-ab631ac05626)
 - New and modified: 0

[17/Sep/2023:10:00:09] DELETING ACCOUNTS (JobID: 86fa65d1-6bd8-4c65-980b-ab631ac05626)
 - Deleted: 0

[17/Sep/2023:10:00:39] UPDATING PRODUCTS (JobID: 4ab076a9-88a8-48cf-8391-0a6bf012e3d8)
 - New and modified: 0

[17/Sep/2023:10:00:42] UPDATING PREPAGATI (JobID: c7e6dcd6-dfa7-44bf-afbe-ab7cfc59430b)
 - New and modified: 0

[17/Sep/2023:10:00:42] DELETING PREPAGATI (JobID: c7e6dcd6-dfa7-44bf-afbe-ab7cfc59430b)
 - Deleted: 0

[17/Sep/2023:10:30:07] UPDATING ACCOUNTS (JobID: 553723ae-39d6-4c44-af44-e61fbac0aa2e)
 - New and modified: 0

[17/Sep/2023:10:30:07] DELETING ACCOUNTS (JobID: 553723ae-39d6-4c44-af44-e61fbac0aa2e)
 - Deleted: 0

[17/Sep/2023:10:30:38] UPDATING PRODUCTS (JobID: fb90f09e-6d7d-4370-ac62-4476b6f0ebb8)
 - New and modified: 0

[17/Sep/2023:10:30:42] UPDATING PREPAGATI (JobID: 84316c48-28dc-48d5-ac9a-f0a869081069)
 - New and modified: 0

[17/Sep/2023:10:30:42] DELETING PREPAGATI (JobID: 84316c48-28dc-48d5-ac9a-f0a869081069)
 - Deleted: 0

[17/Sep/2023:11:00:09] UPDATING ACCOUNTS (JobID: 5b82ac91-a48c-4844-82da-2542e03e9a42)
 - New and modified: 0

[17/Sep/2023:11:00:09] DELETING ACCOUNTS (JobID: 5b82ac91-a48c-4844-82da-2542e03e9a42)
 - Deleted: 0

[17/Sep/2023:11:00:41] UPDATING PRODUCTS (JobID: 374c79ea-195c-4e7e-b11d-3de9210f3137)
 - New and modified: 0

[17/Sep/2023:11:00:44] UPDATING PREPAGATI (JobID: fbc70453-3d7d-452d-a667-6b6ff1aa0d57)
 - New and modified: 0

[17/Sep/2023:11:00:44] DELETING PREPAGATI (JobID: fbc70453-3d7d-452d-a667-6b6ff1aa0d57)
 - Deleted: 0

[17/Sep/2023:11:30:07] UPDATING ACCOUNTS (JobID: 9fa18256-0440-4930-a102-5a00068abb5d)
 - New and modified: 0

[17/Sep/2023:11:30:07] DELETING ACCOUNTS (JobID: 9fa18256-0440-4930-a102-5a00068abb5d)
 - Deleted: 0

[17/Sep/2023:11:30:39] UPDATING PRODUCTS (JobID: 9e4454ee-7d65-4a74-ab39-141dbed33a43)
 - New and modified: 0

[17/Sep/2023:11:30:42] UPDATING PREPAGATI (JobID: 339ed655-23d6-48d6-bfc9-5be547ef6cb1)
 - New and modified: 0

[17/Sep/2023:11:30:42] DELETING PREPAGATI (JobID: 339ed655-23d6-48d6-bfc9-5be547ef6cb1)
 - Deleted: 0

[17/Sep/2023:12:00:09] UPDATING ACCOUNTS (JobID: 83079143-d63e-4786-9174-f3c504494df5)
 - New and modified: 0

[17/Sep/2023:12:00:09] DELETING ACCOUNTS (JobID: 83079143-d63e-4786-9174-f3c504494df5)
 - Deleted: 0

[17/Sep/2023:12:00:39] UPDATING PRODUCTS (JobID: edb67591-5098-450f-8b28-e276d75bcd86)
 - New and modified: 0

[17/Sep/2023:12:00:42] UPDATING PREPAGATI (JobID: 98617fb2-edde-49e8-80ca-36166d0ccf6a)
 - New and modified: 0

[17/Sep/2023:12:00:42] DELETING PREPAGATI (JobID: 98617fb2-edde-49e8-80ca-36166d0ccf6a)
 - Deleted: 0

[17/Sep/2023:12:30:11] UPDATING ACCOUNTS (JobID: 834b6753-2640-47b1-a336-3ef4911d56ef)
 - New and modified: 0

[17/Sep/2023:12:30:11] DELETING ACCOUNTS (JobID: 834b6753-2640-47b1-a336-3ef4911d56ef)
 - Deleted: 0

[17/Sep/2023:12:30:42] UPDATING PRODUCTS (JobID: 4c87ac56-9716-4323-823f-68ebd17a28ad)
 - New and modified: 0

[17/Sep/2023:12:30:45] UPDATING PREPAGATI (JobID: 1461c433-ef7e-44d7-89f7-0e5d71724450)
 - New and modified: 0

[17/Sep/2023:12:30:45] DELETING PREPAGATI (JobID: 1461c433-ef7e-44d7-89f7-0e5d71724450)
 - Deleted: 0

[17/Sep/2023:13:00:09] UPDATING ACCOUNTS (JobID: 9b7d0b40-ae23-44b4-b45c-12d154eac457)
 - New and modified: 0

[17/Sep/2023:13:00:09] DELETING ACCOUNTS (JobID: 9b7d0b40-ae23-44b4-b45c-12d154eac457)
 - Deleted: 0

[17/Sep/2023:13:00:40] UPDATING PRODUCTS (JobID: 6ab87184-f049-486f-b78d-a70e43faf988)
 - New and modified: 0

[17/Sep/2023:13:00:43] UPDATING PREPAGATI (JobID: 31856386-cab0-4933-825a-e557f4a0b191)
 - New and modified: 0

[17/Sep/2023:13:00:43] DELETING PREPAGATI (JobID: 31856386-cab0-4933-825a-e557f4a0b191)
 - Deleted: 0

[17/Sep/2023:13:30:03] UPDATING ACCOUNTS (JobID: 2ab6da25-acad-41b1-9c5f-4abf5c31bad5)
 - New and modified: 0

[17/Sep/2023:13:30:03] DELETING ACCOUNTS (JobID: 2ab6da25-acad-41b1-9c5f-4abf5c31bad5)
 - Deleted: 0

[17/Sep/2023:13:30:34] UPDATING PRODUCTS (JobID: 2ce7b5ea-ef52-4e5f-9eeb-6b416a922d28)
 - New and modified: 0

[17/Sep/2023:13:30:36] UPDATING PREPAGATI (JobID: 9e5fc125-bd2f-4377-8083-6ba717d0b1ce)
 - New and modified: 0

[17/Sep/2023:13:30:36] DELETING PREPAGATI (JobID: 9e5fc125-bd2f-4377-8083-6ba717d0b1ce)
 - Deleted: 0

[17/Sep/2023:14:00:04] UPDATING ACCOUNTS (JobID: ed78785d-2014-4f3a-b4ec-e17024ad3872)
 - New and modified: 0

[17/Sep/2023:14:00:04] DELETING ACCOUNTS (JobID: ed78785d-2014-4f3a-b4ec-e17024ad3872)
 - Deleted: 0

[17/Sep/2023:14:00:34] UPDATING PRODUCTS (JobID: d1068ae9-bfca-43dc-b66d-306b3b7ef2f1)
 - New and modified: 0

[17/Sep/2023:14:00:36] UPDATING PREPAGATI (JobID: 633fceb2-f774-4439-9b45-a6230780a37f)
 - New and modified: 0

[17/Sep/2023:14:00:36] DELETING PREPAGATI (JobID: 633fceb2-f774-4439-9b45-a6230780a37f)
 - Deleted: 0

[17/Sep/2023:14:30:09] UPDATING ACCOUNTS (JobID: 949f425a-d5c7-470b-9eae-dc8075083565)
 - New and modified: 0

[17/Sep/2023:14:30:09] DELETING ACCOUNTS (JobID: 949f425a-d5c7-470b-9eae-dc8075083565)
 - Deleted: 0

[17/Sep/2023:14:30:40] UPDATING PRODUCTS (JobID: 91b6f6ca-c0d3-4a18-a636-1c56182da4a5)
 - New and modified: 0

[17/Sep/2023:14:30:43] UPDATING PREPAGATI (JobID: c2d89e31-6a2e-49ff-a62c-a43073b74606)
 - New and modified: 0

[17/Sep/2023:14:30:43] DELETING PREPAGATI (JobID: c2d89e31-6a2e-49ff-a62c-a43073b74606)
 - Deleted: 0

[17/Sep/2023:15:00:09] UPDATING ACCOUNTS (JobID: d4d16e3b-76d6-4673-99b9-c30e0b1054db)
 - New and modified: 0

[17/Sep/2023:15:00:09] DELETING ACCOUNTS (JobID: d4d16e3b-76d6-4673-99b9-c30e0b1054db)
 - Deleted: 0

[17/Sep/2023:15:00:40] UPDATING PRODUCTS (JobID: c8ec8de2-507b-4569-8fab-be11d0bfa2b9)
 - New and modified: 0

[17/Sep/2023:15:00:44] UPDATING PREPAGATI (JobID: ffc5ddb7-5c73-4ba3-941e-a99778fd499c)
 - New and modified: 0

[17/Sep/2023:15:00:44] DELETING PREPAGATI (JobID: ffc5ddb7-5c73-4ba3-941e-a99778fd499c)
 - Deleted: 0

[17/Sep/2023:15:30:03] UPDATING ACCOUNTS (JobID: 8d99f38a-0a70-491f-8a36-d1e079b5235f)
 - New and modified: 0

[17/Sep/2023:15:30:03] DELETING ACCOUNTS (JobID: 8d99f38a-0a70-491f-8a36-d1e079b5235f)
 - Deleted: 0

[17/Sep/2023:15:30:34] UPDATING PRODUCTS (JobID: 51d8f031-e8d2-4dbe-ab2a-20e9e8fa8fd0)
 - New and modified: 0

[17/Sep/2023:15:30:36] UPDATING PREPAGATI (JobID: 5b626552-fc04-427c-a5d7-cf56ef3481cf)
 - New and modified: 0

[17/Sep/2023:15:30:36] DELETING PREPAGATI (JobID: 5b626552-fc04-427c-a5d7-cf56ef3481cf)
 - Deleted: 0

[17/Sep/2023:16:00:09] UPDATING ACCOUNTS (JobID: d1483d95-7abe-48cd-815b-e02b4e67114c)
 - New and modified: 0

[17/Sep/2023:16:00:09] DELETING ACCOUNTS (JobID: d1483d95-7abe-48cd-815b-e02b4e67114c)
 - Deleted: 0

[17/Sep/2023:16:00:39] UPDATING PRODUCTS (JobID: d08c9e08-303c-4d44-8d3c-476bc5fd9bc2)
 - New and modified: 0

[17/Sep/2023:16:00:42] UPDATING PREPAGATI (JobID: 38307884-ff16-49f2-bb2f-7cf856692f82)
 - New and modified: 0

[17/Sep/2023:16:00:42] DELETING PREPAGATI (JobID: 38307884-ff16-49f2-bb2f-7cf856692f82)
 - Deleted: 0

[17/Sep/2023:16:30:09] UPDATING ACCOUNTS (JobID: 260fa9ca-f9b9-48b4-ae72-62a71116c163)
 - New and modified: 0

[17/Sep/2023:16:30:09] DELETING ACCOUNTS (JobID: 260fa9ca-f9b9-48b4-ae72-62a71116c163)
 - Deleted: 0

[17/Sep/2023:16:30:39] UPDATING PRODUCTS (JobID: a805a040-a204-4ad7-83e6-b48161a7dc26)
 - New and modified: 0

[17/Sep/2023:16:30:42] UPDATING PREPAGATI (JobID: 79fe1e8c-02c5-4c4b-9aa0-78deb980c1ed)
 - New and modified: 0

[17/Sep/2023:16:30:42] DELETING PREPAGATI (JobID: 79fe1e8c-02c5-4c4b-9aa0-78deb980c1ed)
 - Deleted: 0

[17/Sep/2023:17:00:04] UPDATING ACCOUNTS (JobID: 6b4f7b9f-96ff-4d11-9836-41348d1339c6)
 - New and modified: 0

[17/Sep/2023:17:00:04] DELETING ACCOUNTS (JobID: 6b4f7b9f-96ff-4d11-9836-41348d1339c6)
 - Deleted: 0

[17/Sep/2023:17:00:35] UPDATING PRODUCTS (JobID: 5b453486-26c5-41fc-b684-7319e0b971fc)
 - New and modified: 0

[17/Sep/2023:17:00:36] UPDATING PREPAGATI (JobID: c850887d-2faf-4eee-8bcb-c6b0fa06d386)
 - New and modified: 0

[17/Sep/2023:17:00:36] DELETING PREPAGATI (JobID: c850887d-2faf-4eee-8bcb-c6b0fa06d386)
 - Deleted: 0

[17/Sep/2023:17:30:07] UPDATING ACCOUNTS (JobID: dc972df7-232d-4173-9056-5a95db440030)
 - New and modified: 0

[17/Sep/2023:17:30:07] DELETING ACCOUNTS (JobID: dc972df7-232d-4173-9056-5a95db440030)
 - Deleted: 0

[17/Sep/2023:17:30:38] UPDATING PRODUCTS (JobID: 0083bf7e-897a-4dd7-b3ff-fbd80d73b1e5)
 - New and modified: 0

[17/Sep/2023:17:30:41] UPDATING PREPAGATI (JobID: 66909a33-1129-41c0-bf4c-93e04c851950)
 - New and modified: 0

[17/Sep/2023:17:30:41] DELETING PREPAGATI (JobID: 66909a33-1129-41c0-bf4c-93e04c851950)
 - Deleted: 0

[17/Sep/2023:18:00:11] UPDATING ACCOUNTS (JobID: 8254d152-820f-4ba3-a497-23656d892b6a)
 - New and modified: 0

[17/Sep/2023:18:00:11] DELETING ACCOUNTS (JobID: 8254d152-820f-4ba3-a497-23656d892b6a)
 - Deleted: 0

[17/Sep/2023:18:00:49] UPDATING PRODUCTS (JobID: f25c4d2e-7310-4a09-96b1-9dee9aae8989)
 - New and modified: 0

[17/Sep/2023:18:00:53] UPDATING PREPAGATI (JobID: 8910a002-28b3-496a-ba92-ad5d6e223a2c)
 - New and modified: 0

[17/Sep/2023:18:00:53] DELETING PREPAGATI (JobID: 8910a002-28b3-496a-ba92-ad5d6e223a2c)
 - Deleted: 0

[17/Sep/2023:19:00:07] UPDATING ACCOUNTS (JobID: 6fbc2fc9-d8f8-4f49-8005-139e0072ef1f)
 - New and modified: 0

[17/Sep/2023:19:00:07] DELETING ACCOUNTS (JobID: 6fbc2fc9-d8f8-4f49-8005-139e0072ef1f)
 - Deleted: 0

[17/Sep/2023:19:00:37] UPDATING PRODUCTS (JobID: edfae0ac-a01c-4840-9247-f1edb291e88b)
 - New and modified: 0

[17/Sep/2023:19:00:40] UPDATING PREPAGATI (JobID: ebb2b0b8-e4f9-4289-944b-6e42a2d103f9)
 - New and modified: 0

[17/Sep/2023:19:00:40] DELETING PREPAGATI (JobID: ebb2b0b8-e4f9-4289-944b-6e42a2d103f9)
 - Deleted: 0

[17/Sep/2023:19:30:09] UPDATING ACCOUNTS (JobID: 01d3bc46-7418-4d2d-b557-8bc6052e2ac2)
 - New and modified: 0

[17/Sep/2023:19:30:09] DELETING ACCOUNTS (JobID: 01d3bc46-7418-4d2d-b557-8bc6052e2ac2)
 - Deleted: 0

[17/Sep/2023:19:30:39] UPDATING PRODUCTS (JobID: 42351428-b2bd-4450-ad17-d2d1db0fb6fc)
 - New and modified: 0

[17/Sep/2023:19:30:42] UPDATING PREPAGATI (JobID: 27fb4f1d-50ee-4465-aba8-e5dde7ee0137)
 - New and modified: 0

[17/Sep/2023:19:30:42] DELETING PREPAGATI (JobID: 27fb4f1d-50ee-4465-aba8-e5dde7ee0137)
 - Deleted: 0

[17/Sep/2023:20:00:04] UPDATING ACCOUNTS (JobID: 543c1879-49be-4145-801c-47b28173c24b)
 - New and modified: 0

[17/Sep/2023:20:00:04] DELETING ACCOUNTS (JobID: 543c1879-49be-4145-801c-47b28173c24b)
 - Deleted: 0

[17/Sep/2023:20:00:35] UPDATING PRODUCTS (JobID: d5d46edc-096c-4be3-9703-1e73836766da)
 - New and modified: 0

[17/Sep/2023:20:00:37] UPDATING PREPAGATI (JobID: fe63dbd4-e71c-4a17-a6a5-7d18f875a89b)
 - New and modified: 0

[17/Sep/2023:20:00:37] DELETING PREPAGATI (JobID: fe63dbd4-e71c-4a17-a6a5-7d18f875a89b)
 - Deleted: 0

[17/Sep/2023:21:00:07] UPDATING ACCOUNTS (JobID: dc6b0cd8-8e60-43e2-b891-5d7714ded44a)
 - New and modified: 0

[17/Sep/2023:21:00:07] DELETING ACCOUNTS (JobID: dc6b0cd8-8e60-43e2-b891-5d7714ded44a)
 - Deleted: 0

[17/Sep/2023:21:00:38] UPDATING PRODUCTS (JobID: d64dcf94-b9df-41b2-9d29-6b455f1d1fe2)
 - New and modified: 0

[17/Sep/2023:21:00:41] UPDATING PREPAGATI (JobID: 4a86c2dd-105c-42be-ad73-5ef408eeae30)
 - New and modified: 0

[17/Sep/2023:21:00:41] DELETING PREPAGATI (JobID: 4a86c2dd-105c-42be-ad73-5ef408eeae30)
 - Deleted: 0

[17/Sep/2023:21:30:07] UPDATING ACCOUNTS (JobID: 7238f493-8925-4c75-9832-0409bffeb112)
 - New and modified: 0

[17/Sep/2023:21:30:07] DELETING ACCOUNTS (JobID: 7238f493-8925-4c75-9832-0409bffeb112)
 - Deleted: 0

[17/Sep/2023:21:30:37] UPDATING PRODUCTS (JobID: 14a00dc3-795e-4236-9773-1106bf944a18)
 - New and modified: 0

[17/Sep/2023:21:30:41] UPDATING PREPAGATI (JobID: b70ef244-c6ce-4a55-8c2d-f962f08a90fb)
 - New and modified: 0

[17/Sep/2023:21:30:41] DELETING PREPAGATI (JobID: b70ef244-c6ce-4a55-8c2d-f962f08a90fb)
 - Deleted: 0

[17/Sep/2023:22:00:09] UPDATING ACCOUNTS (JobID: ebb64c9c-2b9e-47e9-bca4-47abeb754ded)
 - New and modified: 0

[17/Sep/2023:22:00:09] DELETING ACCOUNTS (JobID: ebb64c9c-2b9e-47e9-bca4-47abeb754ded)
 - Deleted: 0

[17/Sep/2023:22:00:43] UPDATING PRODUCTS (JobID: f7f34636-e99d-4d2a-ac95-4d54fb7cafc2)
 - New and modified: 0

[17/Sep/2023:22:00:46] UPDATING PREPAGATI (JobID: a39ac72c-cb6b-40f2-bc52-4edca8a13505)
 - New and modified: 0

[17/Sep/2023:22:00:46] DELETING PREPAGATI (JobID: a39ac72c-cb6b-40f2-bc52-4edca8a13505)
 - Deleted: 0

[17/Sep/2023:22:30:08] UPDATING ACCOUNTS (JobID: 00f20bf7-2620-4bc0-a2e2-4e4261d88376)
 - New and modified: 0

[17/Sep/2023:22:30:08] DELETING ACCOUNTS (JobID: 00f20bf7-2620-4bc0-a2e2-4e4261d88376)
 - Deleted: 0

[17/Sep/2023:22:30:39] UPDATING PRODUCTS (JobID: 2ab816bd-7ecf-4436-853a-854ec24619b2)
 - New and modified: 0

[17/Sep/2023:22:30:42] UPDATING PREPAGATI (JobID: b37c1d41-e9c0-49d0-98ea-ac01a86fc2cd)
 - New and modified: 0

[17/Sep/2023:22:30:42] DELETING PREPAGATI (JobID: b37c1d41-e9c0-49d0-98ea-ac01a86fc2cd)
 - Deleted: 0

[17/Sep/2023:23:00:09] UPDATING ACCOUNTS (JobID: 9a2373af-1fe4-49f9-8300-0c05ae6990ff)
 - New and modified: 0

[17/Sep/2023:23:00:09] DELETING ACCOUNTS (JobID: 9a2373af-1fe4-49f9-8300-0c05ae6990ff)
 - Deleted: 0

[17/Sep/2023:23:00:39] UPDATING PRODUCTS (JobID: abde96f1-f511-4592-8491-cdf366f83105)
 - New and modified: 0

[17/Sep/2023:23:00:43] UPDATING PREPAGATI (JobID: 8922565c-f55a-459b-86a5-915c8807027a)
 - New and modified: 0

[17/Sep/2023:23:00:43] DELETING PREPAGATI (JobID: 8922565c-f55a-459b-86a5-915c8807027a)
 - Deleted: 0

[17/Sep/2023:23:30:09] UPDATING ACCOUNTS (JobID: 1e6e57bc-6c79-45ec-b15f-883533487b96)
 - New and modified: 0

[17/Sep/2023:23:30:09] DELETING ACCOUNTS (JobID: 1e6e57bc-6c79-45ec-b15f-883533487b96)
 - Deleted: 0

[17/Sep/2023:23:30:40] UPDATING PRODUCTS (JobID: 5da76084-84a9-4212-a649-099e1864bb52)
 - New and modified: 0

[17/Sep/2023:23:30:43] UPDATING PREPAGATI (JobID: 7aed8a91-966f-412d-990f-236581fb536b)
 - New and modified: 0

[17/Sep/2023:23:30:43] DELETING PREPAGATI (JobID: 7aed8a91-966f-412d-990f-236581fb536b)
 - Deleted: 0

