[23/Jun/2023:00:00:04] UPDATING ACCOUNTS (JobID: 414b6201-a5a7-4d6c-b4fa-f138da78971b)
 - New and modified: 0

[23/Jun/2023:00:00:04] DELETING ACCOUNTS (JobID: 414b6201-a5a7-4d6c-b4fa-f138da78971b)
 - Deleted: 0

[23/Jun/2023:00:00:35] UPDATING PRODUCTS (JobID: d8f57660-ef00-4dbe-859d-ca678f98712e)
 - New and modified: 0

[23/Jun/2023:00:00:37] UPDATING PREPAGATI (JobID: 7d13f033-3255-4e6d-a56d-1ef4c0c7ec0f)
 - New and modified: 0

[23/Jun/2023:00:00:37] DELETING PREPAGATI (JobID: 7d13f033-3255-4e6d-a56d-1ef4c0c7ec0f)
 - Deleted: 0

[23/Jun/2023:00:20:04] UPDATING ACCOUNTS (JobID: 0a0a11dd-18a8-4542-bcf6-421fc2597a63)
 - New and modified: 0

[23/Jun/2023:00:20:04] DELETING ACCOUNTS (JobID: 0a0a11dd-18a8-4542-bcf6-421fc2597a63)
 - Deleted: 0

[23/Jun/2023:00:20:35] UPDATING PRODUCTS (JobID: 8d63167c-0dd1-44c2-bcff-9ea61effc608)
 - New and modified: 0

[23/Jun/2023:00:20:37] UPDATING PREPAGATI (JobID: eccb3ae8-fcb0-4ce1-9cfc-dd7db61a894a)
 - New and modified: 0

[23/Jun/2023:00:20:37] DELETING PREPAGATI (JobID: eccb3ae8-fcb0-4ce1-9cfc-dd7db61a894a)
 - Deleted: 0

[23/Jun/2023:01:00:04] UPDATING ACCOUNTS (JobID: 2d92cb37-8632-4319-a13b-26f7f5c954c4)
 - New and modified: 0

[23/Jun/2023:01:00:04] DELETING ACCOUNTS (JobID: 2d92cb37-8632-4319-a13b-26f7f5c954c4)
 - Deleted: 0

[23/Jun/2023:01:00:36] UPDATING PRODUCTS (JobID: 99c2accf-ff2a-45be-a9e9-f4da9834e51e)
 - New and modified: 0

[23/Jun/2023:01:00:37] UPDATING PREPAGATI (JobID: 36c7c827-b48d-4e59-a6b4-38463ca94d46)
 - New and modified: 0

[23/Jun/2023:01:00:37] DELETING PREPAGATI (JobID: 36c7c827-b48d-4e59-a6b4-38463ca94d46)
 - Deleted: 0

[23/Jun/2023:01:10:05] UPDATING ACCOUNTS (JobID: 94e7df6a-b467-40ff-977c-a689b2342432)
 - New and modified: 0

[23/Jun/2023:01:10:05] DELETING ACCOUNTS (JobID: 94e7df6a-b467-40ff-977c-a689b2342432)
 - Deleted: 0

[23/Jun/2023:01:10:41] UPDATING PRODUCTS (JobID: 3fd11871-f201-4bf6-9e5f-17df5dd3f0ad)
 - New and modified: 0

[23/Jun/2023:01:10:43] UPDATING PREPAGATI (JobID: a594405c-03ba-4fee-bbe0-0ea66b550245)
 - New and modified: 0

[23/Jun/2023:01:10:43] DELETING PREPAGATI (JobID: a594405c-03ba-4fee-bbe0-0ea66b550245)
 - Deleted: 0

[23/Jun/2023:01:20:04] UPDATING ACCOUNTS (JobID: 85d39f7f-8762-4490-9c8a-da8ae6f23c94)
 - New and modified: 0

[23/Jun/2023:01:20:04] DELETING ACCOUNTS (JobID: 85d39f7f-8762-4490-9c8a-da8ae6f23c94)
 - Deleted: 0

[23/Jun/2023:01:20:38] UPDATING PRODUCTS (JobID: 4cd95805-64cb-4112-a9e3-c83b9e481978)
 - New and modified: 0

[23/Jun/2023:01:20:39] UPDATING PREPAGATI (JobID: e60b7ada-4bfc-4c8d-bfcf-447b46c1621d)
 - New and modified: 0

[23/Jun/2023:01:20:39] DELETING PREPAGATI (JobID: e60b7ada-4bfc-4c8d-bfcf-447b46c1621d)
 - Deleted: 0

[23/Jun/2023:01:40:04] UPDATING ACCOUNTS (JobID: c4bb3cbe-22f2-42cd-befe-80cfd06dafa5)
 - New and modified: 0

[23/Jun/2023:01:40:04] DELETING ACCOUNTS (JobID: c4bb3cbe-22f2-42cd-befe-80cfd06dafa5)
 - Deleted: 0

[23/Jun/2023:01:40:38] UPDATING PRODUCTS (JobID: 3ee9605b-f6c9-4475-bf56-37dd64a2ce80)
 - New and modified: 0

[23/Jun/2023:01:40:40] UPDATING PREPAGATI (JobID: 25888a26-54f7-49b9-aa26-4b7d67faf995)
 - New and modified: 0

[23/Jun/2023:01:40:40] DELETING PREPAGATI (JobID: 25888a26-54f7-49b9-aa26-4b7d67faf995)
 - Deleted: 0

[23/Jun/2023:02:00:05] UPDATING ACCOUNTS (JobID: 0feee172-7784-4774-804e-4459309f4f78)
 - New and modified: 0

[23/Jun/2023:02:00:05] DELETING ACCOUNTS (JobID: 0feee172-7784-4774-804e-4459309f4f78)
 - Deleted: 0

[23/Jun/2023:02:00:38] UPDATING PRODUCTS (JobID: 17efe42f-9400-42eb-b33c-30c4b415a199)
 - New and modified: 0

[23/Jun/2023:02:00:40] UPDATING PREPAGATI (JobID: 26d683a1-a8a5-4e4f-a091-b6e4189cf534)
 - New and modified: 0

[23/Jun/2023:02:00:40] DELETING PREPAGATI (JobID: 26d683a1-a8a5-4e4f-a091-b6e4189cf534)
 - Deleted: 0

[23/Jun/2023:02:30:04] UPDATING ACCOUNTS (JobID: 389f08b3-b87d-48dc-92b1-372c7344a2a7)
 - New and modified: 0

[23/Jun/2023:02:30:04] DELETING ACCOUNTS (JobID: 389f08b3-b87d-48dc-92b1-372c7344a2a7)
 - Deleted: 0

[23/Jun/2023:02:30:39] UPDATING PRODUCTS (JobID: d9052786-6b9a-4209-8341-366504679ac7)
 - New and modified: 0

[23/Jun/2023:02:30:41] UPDATING PREPAGATI (JobID: bde98815-ef0b-4ab1-adea-e9da7da1d10c)
 - New and modified: 0

[23/Jun/2023:02:30:41] DELETING PREPAGATI (JobID: bde98815-ef0b-4ab1-adea-e9da7da1d10c)
 - Deleted: 0

[23/Jun/2023:02:50:05] UPDATING ACCOUNTS (JobID: 7de82a48-e6be-4e6d-8a82-ff08ee02f536)
 - New and modified: 0

[23/Jun/2023:02:50:05] DELETING ACCOUNTS (JobID: 7de82a48-e6be-4e6d-8a82-ff08ee02f536)
 - Deleted: 0

[23/Jun/2023:02:50:38] UPDATING PRODUCTS (JobID: cc18e4e5-508f-47a0-b53e-3f88d5373aab)
 - New and modified: 0

[23/Jun/2023:02:50:40] UPDATING PREPAGATI (JobID: 83171cb1-f72b-4cea-b80b-e2ce931ddb15)
 - New and modified: 0

[23/Jun/2023:02:50:40] DELETING PREPAGATI (JobID: 83171cb1-f72b-4cea-b80b-e2ce931ddb15)
 - Deleted: 0

[23/Jun/2023:03:30:05] UPDATING ACCOUNTS (JobID: b12c959a-af51-4859-af6d-5795f7e16351)
 - New and modified: 0

[23/Jun/2023:03:30:05] DELETING ACCOUNTS (JobID: b12c959a-af51-4859-af6d-5795f7e16351)
 - Deleted: 0

[23/Jun/2023:03:30:41] UPDATING PRODUCTS (JobID: e04a8d8a-eb82-4600-8d49-fe2f91b735d6)
 - New and modified: 0

[23/Jun/2023:03:30:44] UPDATING PREPAGATI (JobID: cae5cc8c-3d44-4046-b397-cf829ec1d29e)
 - New and modified: 0

[23/Jun/2023:03:30:44] DELETING PREPAGATI (JobID: cae5cc8c-3d44-4046-b397-cf829ec1d29e)
 - Deleted: 0

[23/Jun/2023:04:00:04] UPDATING ACCOUNTS (JobID: f26bca02-4252-4caa-b8f4-ce3533cbd1ce)
 - New and modified: 0

[23/Jun/2023:04:00:04] DELETING ACCOUNTS (JobID: f26bca02-4252-4caa-b8f4-ce3533cbd1ce)
 - Deleted: 0

[23/Jun/2023:04:00:39] UPDATING PRODUCTS (JobID: 4d119cd7-8da0-4434-b6e2-0516141438c8)
 - New and modified: 0

[23/Jun/2023:04:00:40] UPDATING PREPAGATI (JobID: dadd198f-86a9-469f-bb6a-dd929b9ed0b0)
 - New and modified: 0

[23/Jun/2023:04:00:40] DELETING PREPAGATI (JobID: dadd198f-86a9-469f-bb6a-dd929b9ed0b0)
 - Deleted: 0

[23/Jun/2023:04:20:04] UPDATING ACCOUNTS (JobID: 9468e4a2-5319-40cb-83bc-afd5645b213d)
 - New and modified: 0

[23/Jun/2023:04:20:04] DELETING ACCOUNTS (JobID: 9468e4a2-5319-40cb-83bc-afd5645b213d)
 - Deleted: 0

[23/Jun/2023:04:20:37] UPDATING PRODUCTS (JobID: a09e1ed4-8568-4684-84d0-c40b49b89119)
 - New and modified: 0

[23/Jun/2023:04:20:38] UPDATING PREPAGATI (JobID: 125ecd0c-faa0-4653-a907-8ba42bcd7466)
 - New and modified: 0

[23/Jun/2023:04:20:38] DELETING PREPAGATI (JobID: 125ecd0c-faa0-4653-a907-8ba42bcd7466)
 - Deleted: 0

[23/Jun/2023:04:50:04] UPDATING ACCOUNTS (JobID: a95d7b0e-7957-429a-905f-f7966ce8dccd)
 - New and modified: 0

[23/Jun/2023:04:50:04] DELETING ACCOUNTS (JobID: a95d7b0e-7957-429a-905f-f7966ce8dccd)
 - Deleted: 0

[23/Jun/2023:04:50:37] UPDATING PRODUCTS (JobID: 2315a24b-5c29-4f95-8d50-7d20737e759c)
 - New and modified: 0

[23/Jun/2023:04:50:39] UPDATING PREPAGATI (JobID: eeca99dc-67d6-4036-8414-2e25240d3fa8)
 - New and modified: 0

[23/Jun/2023:04:50:39] DELETING PREPAGATI (JobID: eeca99dc-67d6-4036-8414-2e25240d3fa8)
 - Deleted: 0

[23/Jun/2023:05:10:04] UPDATING ACCOUNTS (JobID: 634f3aac-0614-4243-a562-ec8566d5636a)
 - New and modified: 0

[23/Jun/2023:05:10:04] DELETING ACCOUNTS (JobID: 634f3aac-0614-4243-a562-ec8566d5636a)
 - Deleted: 0

[23/Jun/2023:05:10:37] UPDATING PRODUCTS (JobID: a342a82f-1ab4-4c31-a515-30f1cbc86d8c)
 - New and modified: 0

[23/Jun/2023:05:10:39] UPDATING PREPAGATI (JobID: 5885db50-2c04-4995-b6e1-7dc0c9ddc0a8)
 - New and modified: 0

[23/Jun/2023:05:10:39] DELETING PREPAGATI (JobID: 5885db50-2c04-4995-b6e1-7dc0c9ddc0a8)
 - Deleted: 0

[23/Jun/2023:05:20:04] UPDATING ACCOUNTS (JobID: 222e5205-e998-4ae8-866f-034e3d3d3ef3)
 - New and modified: 0

[23/Jun/2023:05:20:04] DELETING ACCOUNTS (JobID: 222e5205-e998-4ae8-866f-034e3d3d3ef3)
 - Deleted: 0

[23/Jun/2023:05:20:37] UPDATING PRODUCTS (JobID: 2c2d0718-be6c-484b-a469-251dbd0407a7)
 - New and modified: 0

[23/Jun/2023:05:20:39] UPDATING PREPAGATI (JobID: 8236a4f5-399e-4b07-a2ed-516af9398894)
 - New and modified: 0

[23/Jun/2023:05:20:39] DELETING PREPAGATI (JobID: 8236a4f5-399e-4b07-a2ed-516af9398894)
 - Deleted: 0

[23/Jun/2023:05:50:04] UPDATING ACCOUNTS (JobID: e4864ae5-60eb-428a-8ccf-4b44a40349f7)
 - New and modified: 0

[23/Jun/2023:05:50:04] DELETING ACCOUNTS (JobID: e4864ae5-60eb-428a-8ccf-4b44a40349f7)
 - Deleted: 0

[23/Jun/2023:05:50:38] UPDATING PRODUCTS (JobID: e8ec3afb-2de3-4dbe-ba1d-f590784d9c1e)
 - New and modified: 0

[23/Jun/2023:05:50:40] UPDATING PREPAGATI (JobID: 7018d36c-cfa5-40da-b704-683fccee6e31)
 - New and modified: 0

[23/Jun/2023:05:50:40] DELETING PREPAGATI (JobID: 7018d36c-cfa5-40da-b704-683fccee6e31)
 - Deleted: 0

[23/Jun/2023:06:20:05] UPDATING ACCOUNTS (JobID: c0b7db54-0dc0-494d-af20-62d607ce3abf)
 - New and modified: 0

[23/Jun/2023:06:20:05] DELETING ACCOUNTS (JobID: c0b7db54-0dc0-494d-af20-62d607ce3abf)
 - Deleted: 0

[23/Jun/2023:06:20:38] UPDATING PRODUCTS (JobID: 1fedb57e-8f6b-402c-b9c1-a6283db2716b)
 - New and modified: 0

[23/Jun/2023:06:20:40] UPDATING PREPAGATI (JobID: 00b611db-c678-4f93-9619-e40825b02c20)
 - New and modified: 0

[23/Jun/2023:06:20:40] DELETING PREPAGATI (JobID: 00b611db-c678-4f93-9619-e40825b02c20)
 - Deleted: 0

[23/Jun/2023:06:30:04] UPDATING ACCOUNTS (JobID: 88d6f36b-1980-4344-b30d-3ce85bac49d9)
 - New and modified: 0

[23/Jun/2023:06:30:04] DELETING ACCOUNTS (JobID: 88d6f36b-1980-4344-b30d-3ce85bac49d9)
 - Deleted: 0

[23/Jun/2023:06:30:40] UPDATING PRODUCTS (JobID: 1dbfbf35-f70e-42b1-9b83-58bb4df42d42)
 - New and modified: 0

[23/Jun/2023:06:30:42] UPDATING PREPAGATI (JobID: db9387ec-5097-4eff-910f-a7f76db8609d)
 - New and modified: 0

[23/Jun/2023:06:30:42] DELETING PREPAGATI (JobID: db9387ec-5097-4eff-910f-a7f76db8609d)
 - Deleted: 0

[23/Jun/2023:06:40:04] UPDATING ACCOUNTS (JobID: 0a2b1477-8e28-4cf3-a011-7bcc586ec3d4)
 - New and modified: 0

[23/Jun/2023:06:40:04] DELETING ACCOUNTS (JobID: 0a2b1477-8e28-4cf3-a011-7bcc586ec3d4)
 - Deleted: 0

[23/Jun/2023:06:40:37] UPDATING PRODUCTS (JobID: 2549c17e-479e-4941-850d-40581e4601a4)
 - New and modified: 0

[23/Jun/2023:06:40:39] UPDATING PREPAGATI (JobID: fabb9906-8925-474e-a396-727112a79fc9)
 - New and modified: 0

[23/Jun/2023:06:40:39] DELETING PREPAGATI (JobID: fabb9906-8925-474e-a396-727112a79fc9)
 - Deleted: 0

[23/Jun/2023:07:00:16] UPDATING ACCOUNTS (JobID: ba24c74a-6a87-4be7-a092-2ea120e0749a)
 - New and modified: 0

[23/Jun/2023:07:00:16] DELETING ACCOUNTS (JobID: ba24c74a-6a87-4be7-a092-2ea120e0749a)
 - Deleted: 0

[23/Jun/2023:07:00:48] UPDATING PRODUCTS (JobID: 1d66291c-0568-4dc2-b066-a9e7c999471d)
 - New and modified: 0

[23/Jun/2023:07:00:49] UPDATING PREPAGATI (JobID: f2cccc5a-313b-4c35-9804-70a83e85b751)
 - New and modified: 0

[23/Jun/2023:07:00:49] DELETING PREPAGATI (JobID: f2cccc5a-313b-4c35-9804-70a83e85b751)
 - Deleted: 0

[23/Jun/2023:07:10:04] UPDATING ACCOUNTS (JobID: dfcaf81e-4ca2-4779-8708-71a11705209d)
 - New and modified: 0

[23/Jun/2023:07:10:04] DELETING ACCOUNTS (JobID: dfcaf81e-4ca2-4779-8708-71a11705209d)
 - Deleted: 0

[23/Jun/2023:07:10:38] UPDATING PRODUCTS (JobID: b730e272-e465-44cd-a104-6d06f476d4b1)
 - New and modified: 0

[23/Jun/2023:07:10:40] UPDATING PREPAGATI (JobID: 887096c3-ced4-4d8f-ac5b-364c29597c76)
 - New and modified: 0

[23/Jun/2023:07:10:40] DELETING PREPAGATI (JobID: 887096c3-ced4-4d8f-ac5b-364c29597c76)
 - Deleted: 0

[23/Jun/2023:07:30:04] UPDATING ACCOUNTS (JobID: 52cb8669-2835-4401-b342-bdaa10002cba)
 - New and modified: 0

[23/Jun/2023:07:30:04] DELETING ACCOUNTS (JobID: 52cb8669-2835-4401-b342-bdaa10002cba)
 - Deleted: 0

[23/Jun/2023:07:30:38] UPDATING PRODUCTS (JobID: 90a650de-a348-46b0-b6aa-b53298e50d4c)
 - New and modified: 0

[23/Jun/2023:07:30:40] UPDATING PREPAGATI (JobID: 46d75418-0fe5-4d8b-bee0-0c7390f5924e)
 - New and modified: 0

[23/Jun/2023:07:30:40] DELETING PREPAGATI (JobID: 46d75418-0fe5-4d8b-bee0-0c7390f5924e)
 - Deleted: 0

[23/Jun/2023:07:40:04] UPDATING ACCOUNTS (JobID: 71474c2c-f451-4832-81c1-0bf300a8bd8b)
 - New and modified: 0

[23/Jun/2023:07:40:04] DELETING ACCOUNTS (JobID: 71474c2c-f451-4832-81c1-0bf300a8bd8b)
 - Deleted: 0

[23/Jun/2023:07:40:38] UPDATING PRODUCTS (JobID: c5e8af2b-5ae1-4ad4-bd3b-da7d37317320)
 - New and modified: 0

[23/Jun/2023:07:40:40] UPDATING PREPAGATI (JobID: 6853a84c-6998-42cd-b4bf-242b5fbfaee8)
 - New and modified: 0

[23/Jun/2023:07:40:40] DELETING PREPAGATI (JobID: 6853a84c-6998-42cd-b4bf-242b5fbfaee8)
 - Deleted: 0

[23/Jun/2023:08:20:04] UPDATING ACCOUNTS (JobID: 7aba3b1d-7cc3-44d8-bb48-49077f10afa2)
 - New and modified: 0

[23/Jun/2023:08:20:04] DELETING ACCOUNTS (JobID: 7aba3b1d-7cc3-44d8-bb48-49077f10afa2)
 - Deleted: 0

[23/Jun/2023:08:20:37] UPDATING PRODUCTS (JobID: 0e7802f3-b048-42b3-aba8-b77fe3047638)
 - New and modified: 0

[23/Jun/2023:08:20:39] UPDATING PREPAGATI (JobID: 340c6b40-50f1-4a92-9b86-5bc82294d236)
 - New and modified: 0

[23/Jun/2023:08:20:39] DELETING PREPAGATI (JobID: 340c6b40-50f1-4a92-9b86-5bc82294d236)
 - Deleted: 0

[23/Jun/2023:08:40:04] UPDATING ACCOUNTS (JobID: 0ff14ee6-d41a-4d0b-88df-66c81ccdabfb)
 - New and modified: 0

[23/Jun/2023:08:40:04] DELETING ACCOUNTS (JobID: 0ff14ee6-d41a-4d0b-88df-66c81ccdabfb)
 - Deleted: 0

[23/Jun/2023:08:40:38] UPDATING PRODUCTS (JobID: c1205451-41e4-4bd6-b0f5-37f863d74eb2)
 - New and modified: 0

[23/Jun/2023:08:40:40] UPDATING PREPAGATI (JobID: 132c510e-9797-49f8-830f-0621d36e64ba)
 - New and modified: 0

[23/Jun/2023:08:40:40] DELETING PREPAGATI (JobID: 132c510e-9797-49f8-830f-0621d36e64ba)
 - Deleted: 0

[23/Jun/2023:08:50:04] UPDATING ACCOUNTS (JobID: a8f1c416-cf93-4991-9460-49faec8e78b4)
 - New and modified: 0

[23/Jun/2023:08:50:04] DELETING ACCOUNTS (JobID: a8f1c416-cf93-4991-9460-49faec8e78b4)
 - Deleted: 0

[23/Jun/2023:08:50:34] UPDATING PRODUCTS (JobID: 6b6da33a-b988-4b5f-815a-61b236dd2422)
 - New and modified: 0

[23/Jun/2023:08:50:36] UPDATING PREPAGATI (JobID: 5160d009-f4b2-41d8-abbf-0d94a1be32e3)
 - New and modified: 0

[23/Jun/2023:08:50:36] DELETING PREPAGATI (JobID: 5160d009-f4b2-41d8-abbf-0d94a1be32e3)
 - Deleted: 0

[23/Jun/2023:09:00:04] UPDATING ACCOUNTS (JobID: 7a11d7c0-8188-4899-9e5e-7c7eb8f619da)
 - New and modified: 0

[23/Jun/2023:09:00:04] DELETING ACCOUNTS (JobID: 7a11d7c0-8188-4899-9e5e-7c7eb8f619da)
 - Deleted: 0

[23/Jun/2023:09:00:35] UPDATING PRODUCTS (JobID: aa36de5b-2b69-4aaa-9106-0e82960c7176)
 - New and modified: 0

[23/Jun/2023:09:00:36] UPDATING PREPAGATI (JobID: 22832871-86e6-4bab-8af9-3eb2ddd01a0a)
 - New and modified: 0

[23/Jun/2023:09:00:36] DELETING PREPAGATI (JobID: 22832871-86e6-4bab-8af9-3eb2ddd01a0a)
 - Deleted: 0

[23/Jun/2023:09:20:05] UPDATING ACCOUNTS (JobID: 327d299a-b902-4306-85e0-de6e4b26c6b1)
 - New and modified: 0

[23/Jun/2023:09:20:05] DELETING ACCOUNTS (JobID: 327d299a-b902-4306-85e0-de6e4b26c6b1)
 - Deleted: 0

[23/Jun/2023:09:20:36] UPDATING PRODUCTS (JobID: 22d70fd8-ae79-4bbf-8bbc-d1416d8ac108)
 - New and modified: 0

[23/Jun/2023:09:20:38] UPDATING PREPAGATI (JobID: cf6f114e-cff3-42e4-b7df-be95c477526d)
 - New and modified: 0

[23/Jun/2023:09:20:38] DELETING PREPAGATI (JobID: cf6f114e-cff3-42e4-b7df-be95c477526d)
 - Deleted: 0

[23/Jun/2023:09:30:05] UPDATING ACCOUNTS (JobID: 8a908bfc-e007-4f7d-8c27-db41e0e2854b)
 - New and modified: 0

[23/Jun/2023:09:30:05] DELETING ACCOUNTS (JobID: 8a908bfc-e007-4f7d-8c27-db41e0e2854b)
 - Deleted: 0

[23/Jun/2023:09:30:35] UPDATING PRODUCTS (JobID: c2c3825d-011a-47a3-bf10-ef6cfe752673)
 - New and modified: 0

[23/Jun/2023:09:30:37] UPDATING PREPAGATI (JobID: e7f210ab-5e2f-4c6e-b834-a2e6598b01c6)
 - New and modified: 0

[23/Jun/2023:09:30:37] DELETING PREPAGATI (JobID: e7f210ab-5e2f-4c6e-b834-a2e6598b01c6)
 - Deleted: 0

[23/Jun/2023:09:50:07] UPDATING ACCOUNTS (JobID: a2471f24-5bea-4742-8be0-8abc03edde7c)
 - New and modified: 0

[23/Jun/2023:09:50:07] DELETING ACCOUNTS (JobID: a2471f24-5bea-4742-8be0-8abc03edde7c)
 - Deleted: 0

[23/Jun/2023:09:50:38] UPDATING PRODUCTS (JobID: 2fa9e904-9f3e-43e2-8b8a-220e93ec4c9f)
 - New and modified: 0

[23/Jun/2023:09:50:41] UPDATING PREPAGATI (JobID: 4538914e-779a-4092-9a90-0865ba009ce3)
 - New and modified: 0

[23/Jun/2023:09:50:41] DELETING PREPAGATI (JobID: 4538914e-779a-4092-9a90-0865ba009ce3)
 - Deleted: 0

[23/Jun/2023:10:20:05] UPDATING ACCOUNTS (JobID: 86b217b3-ed19-436e-a149-eb549d79acc0)
 - New and modified: 0

[23/Jun/2023:10:20:05] DELETING ACCOUNTS (JobID: 86b217b3-ed19-436e-a149-eb549d79acc0)
 - Deleted: 0

[23/Jun/2023:10:20:39] UPDATING PRODUCTS (JobID: f5a5c1ce-84c4-4a40-859d-770f07bc23ae)
 - New and modified: 0

[23/Jun/2023:10:20:41] UPDATING PREPAGATI (JobID: cb5c05a7-cc7b-4d27-8b8b-228666fb7479)
 - New and modified: 0

[23/Jun/2023:10:20:41] DELETING PREPAGATI (JobID: cb5c05a7-cc7b-4d27-8b8b-228666fb7479)
 - Deleted: 0

[23/Jun/2023:11:10:04] UPDATING ACCOUNTS (JobID: 1da238d2-8457-441c-b0a1-06f969e46825)
 - New and modified: 0

[23/Jun/2023:11:10:04] DELETING ACCOUNTS (JobID: 1da238d2-8457-441c-b0a1-06f969e46825)
 - Deleted: 0

[23/Jun/2023:11:10:36] UPDATING PRODUCTS (JobID: b9238cd6-ff3e-4f02-a02c-0f4a1b4c237b)
 - New and modified: 0

[23/Jun/2023:11:10:38] UPDATING PREPAGATI (JobID: 72bd143d-e413-40ba-a159-02f1357502a9)
 - New and modified: 0

[23/Jun/2023:11:10:38] DELETING PREPAGATI (JobID: 72bd143d-e413-40ba-a159-02f1357502a9)
 - Deleted: 0

[23/Jun/2023:11:50:04] UPDATING ACCOUNTS (JobID: 63b259ac-4f11-4699-8860-9185b27a25d7)
 - New and modified: 0

[23/Jun/2023:11:50:04] DELETING ACCOUNTS (JobID: 63b259ac-4f11-4699-8860-9185b27a25d7)
 - Deleted: 0

[23/Jun/2023:11:50:35] UPDATING PRODUCTS (JobID: 46610e1c-fac3-46a9-ada6-9c3a830c88d2)
 - New and modified: 0

[23/Jun/2023:11:50:37] UPDATING PREPAGATI (JobID: d3ab941b-0509-43da-8110-b3de7a2ac214)
 - New and modified: 0

[23/Jun/2023:11:50:37] DELETING PREPAGATI (JobID: d3ab941b-0509-43da-8110-b3de7a2ac214)
 - Deleted: 0

[23/Jun/2023:12:10:04] UPDATING ACCOUNTS (JobID: 011b3891-fbfb-423e-84df-d9d710b31d17)
 - New and modified: 0

[23/Jun/2023:12:10:04] DELETING ACCOUNTS (JobID: 011b3891-fbfb-423e-84df-d9d710b31d17)
 - Deleted: 0

[23/Jun/2023:12:10:36] UPDATING PRODUCTS (JobID: a981eb6d-e7b3-48ce-9e0c-42c3584eff76)
 - New and modified: 0

[23/Jun/2023:12:10:38] UPDATING PREPAGATI (JobID: 32f5ce0b-fb64-4682-bee6-e6ecfd2565fb)
 - New and modified: 0

[23/Jun/2023:12:10:38] DELETING PREPAGATI (JobID: 32f5ce0b-fb64-4682-bee6-e6ecfd2565fb)
 - Deleted: 0

[23/Jun/2023:13:00:04] UPDATING ACCOUNTS (JobID: d135be1b-6937-4e72-992b-2627e5bc3125)
 - New and modified: 0

[23/Jun/2023:13:00:04] DELETING ACCOUNTS (JobID: d135be1b-6937-4e72-992b-2627e5bc3125)
 - Deleted: 0

[23/Jun/2023:13:00:35] UPDATING PRODUCTS (JobID: 6ccf2803-e4b1-4ed5-bf22-81ed5d04b75e)
 - New and modified: 0

[23/Jun/2023:13:00:37] UPDATING PREPAGATI (JobID: d96131e3-e76d-48e3-9d84-d427f7d6db7b)
 - New and modified: 0

[23/Jun/2023:13:00:37] DELETING PREPAGATI (JobID: d96131e3-e76d-48e3-9d84-d427f7d6db7b)
 - Deleted: 0

[23/Jun/2023:13:10:04] UPDATING ACCOUNTS (JobID: 9a5d3e22-856c-4e89-8534-0f77a1a8f00c)
 - New and modified: 0

[23/Jun/2023:13:10:04] DELETING ACCOUNTS (JobID: 9a5d3e22-856c-4e89-8534-0f77a1a8f00c)
 - Deleted: 0

[23/Jun/2023:13:10:34] UPDATING PRODUCTS (JobID: 35b0cb64-63d9-4010-8581-881eba3c322e)
 - New and modified: 0

[23/Jun/2023:13:10:36] UPDATING PREPAGATI (JobID: 145d7423-4c16-44e8-9fb2-d9f5ad92de06)
 - New and modified: 0

[23/Jun/2023:13:10:36] DELETING PREPAGATI (JobID: 145d7423-4c16-44e8-9fb2-d9f5ad92de06)
 - Deleted: 0

[23/Jun/2023:13:20:05] UPDATING ACCOUNTS (JobID: bd6f5402-7b70-4815-a763-f569e23561f6)
 - New and modified: 0

[23/Jun/2023:13:20:05] DELETING ACCOUNTS (JobID: bd6f5402-7b70-4815-a763-f569e23561f6)
 - Deleted: 0

[23/Jun/2023:13:20:38] UPDATING PRODUCTS (JobID: db42120a-b8d5-43d0-837c-a34f72742827)
 - New and modified: 0

[23/Jun/2023:13:20:40] UPDATING PREPAGATI (JobID: b3b28d89-bcd5-463b-847f-97351e2ae466)
 - New and modified: 0

[23/Jun/2023:13:20:40] DELETING PREPAGATI (JobID: b3b28d89-bcd5-463b-847f-97351e2ae466)
 - Deleted: 0

[23/Jun/2023:13:30:04] UPDATING ACCOUNTS (JobID: f8e63d28-dff6-4c8a-95e6-b896fb1ed298)
 - New and modified: 0

[23/Jun/2023:13:30:04] DELETING ACCOUNTS (JobID: f8e63d28-dff6-4c8a-95e6-b896fb1ed298)
 - Deleted: 0

[23/Jun/2023:13:30:36] UPDATING PRODUCTS (JobID: cd2fa76f-782e-4ec0-b9b4-07096bdd1825)
 - New and modified: 0

[23/Jun/2023:13:30:37] UPDATING PREPAGATI (JobID: 6c51fa41-8c10-473b-90cb-a19f475d2ab6)
 - New and modified: 0

[23/Jun/2023:13:30:37] DELETING PREPAGATI (JobID: 6c51fa41-8c10-473b-90cb-a19f475d2ab6)
 - Deleted: 0

[23/Jun/2023:14:20:05] UPDATING ACCOUNTS (JobID: 0250ba22-d4a3-4ecc-95b0-9dc0251b2d78)
 - New and modified: 0

[23/Jun/2023:14:20:05] DELETING ACCOUNTS (JobID: 0250ba22-d4a3-4ecc-95b0-9dc0251b2d78)
 - Deleted: 0

[23/Jun/2023:14:20:37] UPDATING PRODUCTS (JobID: e453d0ec-6770-4c42-b229-4ca175b4f846)
 - New and modified: 0

[23/Jun/2023:14:20:38] UPDATING PREPAGATI (JobID: f7664158-110a-481c-855f-063ec3fcf283)
 - New and modified: 0

[23/Jun/2023:14:20:38] DELETING PREPAGATI (JobID: f7664158-110a-481c-855f-063ec3fcf283)
 - Deleted: 0

[23/Jun/2023:14:30:04] UPDATING ACCOUNTS (JobID: 5a0120a2-04da-4884-a681-fd986dca424c)
 - New and modified: 0

[23/Jun/2023:14:30:04] DELETING ACCOUNTS (JobID: 5a0120a2-04da-4884-a681-fd986dca424c)
 - Deleted: 0

[23/Jun/2023:14:30:38] UPDATING PRODUCTS (JobID: 3ccdd195-e158-42be-924a-d67b667b2925)
 - New and modified: 0

[23/Jun/2023:14:30:40] UPDATING PREPAGATI (JobID: e0c7c510-642d-4b2c-9358-d8b04c7a1fed)
 - New and modified: 0

[23/Jun/2023:14:30:40] DELETING PREPAGATI (JobID: e0c7c510-642d-4b2c-9358-d8b04c7a1fed)
 - Deleted: 0

[23/Jun/2023:14:50:04] UPDATING ACCOUNTS (JobID: 6f21a357-9ec5-4349-a9db-35e748363678)
 - New and modified: 0

[23/Jun/2023:14:50:04] DELETING ACCOUNTS (JobID: 6f21a357-9ec5-4349-a9db-35e748363678)
 - Deleted: 0

[23/Jun/2023:14:50:33] UPDATING PRODUCTS (JobID: 9a5b7f01-365a-4a80-a747-f44913a63526)
 - New and modified: 0

[23/Jun/2023:14:50:35] UPDATING PREPAGATI (JobID: d31b68b9-cc5e-4892-a248-f149d16d668d)
 - New and modified: 0

[23/Jun/2023:14:50:35] DELETING PREPAGATI (JobID: d31b68b9-cc5e-4892-a248-f149d16d668d)
 - Deleted: 0

[23/Jun/2023:15:00:04] UPDATING ACCOUNTS (JobID: 50e802e9-944f-49a1-8265-7b79216d2753)
 - New and modified: 0

[23/Jun/2023:15:00:04] DELETING ACCOUNTS (JobID: 50e802e9-944f-49a1-8265-7b79216d2753)
 - Deleted: 0

[23/Jun/2023:15:00:35] UPDATING PRODUCTS (JobID: b65e1632-31a4-4663-92c3-32127f120f1f)
 - New and modified: 0

[23/Jun/2023:15:00:36] UPDATING PREPAGATI (JobID: cb873a7e-c56f-45a4-ac06-8ad2f6c0258b)
 - New and modified: 0

[23/Jun/2023:15:00:36] DELETING PREPAGATI (JobID: cb873a7e-c56f-45a4-ac06-8ad2f6c0258b)
 - Deleted: 0

[23/Jun/2023:16:00:04] UPDATING ACCOUNTS (JobID: 91d03b81-e5e8-40ec-a028-c4f041966a9d)
 - New and modified: 0

[23/Jun/2023:16:00:04] DELETING ACCOUNTS (JobID: 91d03b81-e5e8-40ec-a028-c4f041966a9d)
 - Deleted: 0

[23/Jun/2023:16:00:36] UPDATING PRODUCTS (JobID: 406f6f16-4d7e-4c49-a006-fd06db44f26e)
 - New and modified: 0

[23/Jun/2023:16:00:38] UPDATING PREPAGATI (JobID: 083dc657-c324-4ef0-bb64-f6c7e60f788c)
 - New and modified: 0

[23/Jun/2023:16:00:38] DELETING PREPAGATI (JobID: 083dc657-c324-4ef0-bb64-f6c7e60f788c)
 - Deleted: 0

[23/Jun/2023:16:10:04] UPDATING ACCOUNTS (JobID: 1dcc35d3-d98f-4164-bf52-75c18311608b)
 - New and modified: 0

[23/Jun/2023:16:10:04] DELETING ACCOUNTS (JobID: 1dcc35d3-d98f-4164-bf52-75c18311608b)
 - Deleted: 0

[23/Jun/2023:16:10:36] UPDATING PRODUCTS (JobID: b0260599-5b14-4bd2-b9bb-8c1bc9064b21)
 - New and modified: 0

[23/Jun/2023:16:10:37] UPDATING PREPAGATI (JobID: 442997e1-8347-4233-8162-2c8b23d619f2)
 - New and modified: 0

[23/Jun/2023:16:10:37] DELETING PREPAGATI (JobID: 442997e1-8347-4233-8162-2c8b23d619f2)
 - Deleted: 0

[23/Jun/2023:16:20:04] UPDATING ACCOUNTS (JobID: 45d335db-c4a8-4f1d-b06f-017dd6fe342b)
 - New and modified: 0

[23/Jun/2023:16:20:04] DELETING ACCOUNTS (JobID: 45d335db-c4a8-4f1d-b06f-017dd6fe342b)
 - Deleted: 0

[23/Jun/2023:16:20:34] UPDATING PRODUCTS (JobID: b1db35ed-cca6-4d8a-9199-3d409c9d68f9)
 - New and modified: 0

[23/Jun/2023:16:20:36] UPDATING PREPAGATI (JobID: 4024c6bb-a1f5-49c1-a6d9-3daf248adfa7)
 - New and modified: 0

[23/Jun/2023:16:20:36] DELETING PREPAGATI (JobID: 4024c6bb-a1f5-49c1-a6d9-3daf248adfa7)
 - Deleted: 0

[23/Jun/2023:16:30:04] UPDATING ACCOUNTS (JobID: d9c7fc6f-a650-4413-b26d-dad8f966dd2e)
 - New and modified: 0

[23/Jun/2023:16:30:04] DELETING ACCOUNTS (JobID: d9c7fc6f-a650-4413-b26d-dad8f966dd2e)
 - Deleted: 0

[23/Jun/2023:16:30:35] UPDATING PRODUCTS (JobID: e087669d-b9f8-4224-aa80-a76c233e400e)
 - New and modified: 0

[23/Jun/2023:16:30:37] UPDATING PREPAGATI (JobID: 2712da66-cd47-4a1f-879f-06e74a3256a7)
 - New and modified: 0

[23/Jun/2023:16:30:37] DELETING PREPAGATI (JobID: 2712da66-cd47-4a1f-879f-06e74a3256a7)
 - Deleted: 0

[23/Jun/2023:16:50:04] UPDATING ACCOUNTS (JobID: a47b58ee-f18b-43e1-882d-fa6e6c3b687c)
 - New and modified: 0

[23/Jun/2023:16:50:04] DELETING ACCOUNTS (JobID: a47b58ee-f18b-43e1-882d-fa6e6c3b687c)
 - Deleted: 0

[23/Jun/2023:16:50:34] UPDATING PRODUCTS (JobID: 14d00d77-47ea-459a-b90f-b8ba024ebac5)
 - New and modified: 0

[23/Jun/2023:16:50:36] UPDATING PREPAGATI (JobID: 05b5470e-7c5d-4c3b-93d7-178800a69cd7)
 - New and modified: 0

[23/Jun/2023:16:50:36] DELETING PREPAGATI (JobID: 05b5470e-7c5d-4c3b-93d7-178800a69cd7)
 - Deleted: 0

[23/Jun/2023:17:00:04] UPDATING ACCOUNTS (JobID: 150d9002-d3e2-42d2-971d-c50409ffb739)
 - New and modified: 0

[23/Jun/2023:17:00:04] DELETING ACCOUNTS (JobID: 150d9002-d3e2-42d2-971d-c50409ffb739)
 - Deleted: 0

[23/Jun/2023:17:00:34] UPDATING PRODUCTS (JobID: 38a4a9b9-c9c2-46ce-aaaf-81d35bd02ca5)
 - New and modified: 0

[23/Jun/2023:17:00:36] UPDATING PREPAGATI (JobID: 5291802f-9e5b-4326-8296-d96479c76d4c)
 - New and modified: 0

[23/Jun/2023:17:00:36] DELETING PREPAGATI (JobID: 5291802f-9e5b-4326-8296-d96479c76d4c)
 - Deleted: 0

[23/Jun/2023:17:30:04] UPDATING ACCOUNTS (JobID: eb087449-1be1-44a8-8dc4-e73294248fd0)
 - New and modified: 0

[23/Jun/2023:17:30:04] DELETING ACCOUNTS (JobID: eb087449-1be1-44a8-8dc4-e73294248fd0)
 - Deleted: 0

[23/Jun/2023:17:30:35] UPDATING PRODUCTS (JobID: e90a6e6b-1492-4c07-bc8d-2b27fd44e81e)
 - New and modified: 0

[23/Jun/2023:17:30:37] UPDATING PREPAGATI (JobID: 3b6eea5b-0f70-475d-956f-ea9ffd023aa5)
 - New and modified: 0

[23/Jun/2023:17:30:37] DELETING PREPAGATI (JobID: 3b6eea5b-0f70-475d-956f-ea9ffd023aa5)
 - Deleted: 0

[23/Jun/2023:17:50:03] UPDATING ACCOUNTS (JobID: cbf7efcd-c368-4b3f-ae60-5b7176ffae39)
 - New and modified: 0

[23/Jun/2023:17:50:03] DELETING ACCOUNTS (JobID: cbf7efcd-c368-4b3f-ae60-5b7176ffae39)
 - Deleted: 0

[23/Jun/2023:17:50:34] UPDATING PRODUCTS (JobID: 112e9457-0879-4e43-b212-438d2fc9db9b)
 - New and modified: 0

[23/Jun/2023:17:50:36] UPDATING PREPAGATI (JobID: 824de09f-cb5f-48b1-b8a3-4c079e58af01)
 - New and modified: 0

[23/Jun/2023:17:50:36] DELETING PREPAGATI (JobID: 824de09f-cb5f-48b1-b8a3-4c079e58af01)
 - Deleted: 0

[23/Jun/2023:18:20:04] UPDATING ACCOUNTS (JobID: 3503c3d5-401c-463d-9086-b5c443fd6d7b)
 - New and modified: 0

[23/Jun/2023:18:20:04] DELETING ACCOUNTS (JobID: 3503c3d5-401c-463d-9086-b5c443fd6d7b)
 - Deleted: 0

[23/Jun/2023:18:20:38] UPDATING PRODUCTS (JobID: c15692c1-5a2c-4cd1-9de1-1854bcad994a)
 - New and modified: 0

[23/Jun/2023:18:20:40] UPDATING PREPAGATI (JobID: ba849b38-2ba3-4353-8f5d-caaf60575e60)
 - New and modified: 0

[23/Jun/2023:18:20:40] DELETING PREPAGATI (JobID: ba849b38-2ba3-4353-8f5d-caaf60575e60)
 - Deleted: 0

[23/Jun/2023:18:30:05] UPDATING ACCOUNTS (JobID: 31f9e9d1-e292-45f0-ad0f-5f3cc4b655e9)
 - New and modified: 0

[23/Jun/2023:18:30:05] DELETING ACCOUNTS (JobID: 31f9e9d1-e292-45f0-ad0f-5f3cc4b655e9)
 - Deleted: 0

[23/Jun/2023:18:30:40] UPDATING PRODUCTS (JobID: b835f92e-fb12-468c-9c7d-0c02b289dd82)
 - New and modified: 0

[23/Jun/2023:18:30:42] UPDATING PREPAGATI (JobID: 089c7b83-9561-4077-828e-ced1fa73fadc)
 - New and modified: 0

[23/Jun/2023:18:30:42] DELETING PREPAGATI (JobID: 089c7b83-9561-4077-828e-ced1fa73fadc)
 - Deleted: 0

[23/Jun/2023:18:40:04] UPDATING ACCOUNTS (JobID: 69da1c9c-17eb-4bf9-a927-4d7bfbef6527)
 - New and modified: 0

[23/Jun/2023:18:40:04] DELETING ACCOUNTS (JobID: 69da1c9c-17eb-4bf9-a927-4d7bfbef6527)
 - Deleted: 0

[23/Jun/2023:18:40:35] UPDATING PRODUCTS (JobID: 336acbe3-2224-41fb-a3ed-3243fe5cf908)
 - New and modified: 0

[23/Jun/2023:18:40:37] UPDATING PREPAGATI (JobID: f92318f1-1f12-4f11-a1c1-37009edc05af)
 - New and modified: 0

[23/Jun/2023:18:40:37] DELETING PREPAGATI (JobID: f92318f1-1f12-4f11-a1c1-37009edc05af)
 - Deleted: 0

[23/Jun/2023:19:00:17] UPDATING ACCOUNTS (JobID: 906582ee-fa27-4eb6-9019-b2015cc2f38b)
 - New and modified: 0

[23/Jun/2023:19:00:17] DELETING ACCOUNTS (JobID: 906582ee-fa27-4eb6-9019-b2015cc2f38b)
 - Deleted: 0

[23/Jun/2023:19:00:50] UPDATING PRODUCTS (JobID: 4b0e73b2-64de-4a82-ae07-cc677af9f120)
 - New and modified: 0

[23/Jun/2023:19:00:52] UPDATING PREPAGATI (JobID: 1de31914-839a-4b20-9ca4-7753e02896cf)
 - New and modified: 0

[23/Jun/2023:19:00:52] DELETING PREPAGATI (JobID: 1de31914-839a-4b20-9ca4-7753e02896cf)
 - Deleted: 0

[23/Jun/2023:19:10:05] UPDATING ACCOUNTS (JobID: 4029cdd9-e2de-4c88-b2c9-04aec7abeb5b)
 - New and modified: 0

[23/Jun/2023:19:10:05] DELETING ACCOUNTS (JobID: 4029cdd9-e2de-4c88-b2c9-04aec7abeb5b)
 - Deleted: 0

[23/Jun/2023:19:10:36] UPDATING PRODUCTS (JobID: 8468183c-b186-4942-82f4-eb5c2148c1b2)
 - New and modified: 0

[23/Jun/2023:19:10:38] UPDATING PREPAGATI (JobID: 5b61bcde-8684-4693-b007-d3a6c3841c0e)
 - New and modified: 0

[23/Jun/2023:19:10:38] DELETING PREPAGATI (JobID: 5b61bcde-8684-4693-b007-d3a6c3841c0e)
 - Deleted: 0

[23/Jun/2023:19:20:04] UPDATING ACCOUNTS (JobID: 39b9ce46-07a9-4695-8323-b17b6b219339)
 - New and modified: 0

[23/Jun/2023:19:20:04] DELETING ACCOUNTS (JobID: 39b9ce46-07a9-4695-8323-b17b6b219339)
 - Deleted: 0

[23/Jun/2023:19:20:38] UPDATING PRODUCTS (JobID: 4ea87b4f-db4f-4d88-a7fe-c8e02a79ccbc)
 - New and modified: 0

[23/Jun/2023:19:20:40] UPDATING PREPAGATI (JobID: c8593706-5565-447a-ad57-6f56fb8801ec)
 - New and modified: 0

[23/Jun/2023:19:20:40] DELETING PREPAGATI (JobID: c8593706-5565-447a-ad57-6f56fb8801ec)
 - Deleted: 0

[23/Jun/2023:19:30:04] UPDATING ACCOUNTS (JobID: 05d90c74-f37d-4950-84a6-975acbab6496)
 - New and modified: 0

[23/Jun/2023:19:30:04] DELETING ACCOUNTS (JobID: 05d90c74-f37d-4950-84a6-975acbab6496)
 - Deleted: 0

[23/Jun/2023:19:30:38] UPDATING PRODUCTS (JobID: b576a623-4b0f-4795-b184-b8b91d62c513)
 - New and modified: 0

[23/Jun/2023:19:30:39] UPDATING PREPAGATI (JobID: b69d2536-89ef-47fa-ad19-f106e789dd33)
 - New and modified: 0

[23/Jun/2023:19:30:39] DELETING PREPAGATI (JobID: b69d2536-89ef-47fa-ad19-f106e789dd33)
 - Deleted: 0

[23/Jun/2023:19:40:04] UPDATING ACCOUNTS (JobID: 97f0511b-fa20-4ce2-b04b-87d83e8b1075)
 - New and modified: 0

[23/Jun/2023:19:40:04] DELETING ACCOUNTS (JobID: 97f0511b-fa20-4ce2-b04b-87d83e8b1075)
 - Deleted: 0

[23/Jun/2023:19:40:36] UPDATING PRODUCTS (JobID: 210e7dff-db4f-4dca-aedf-c7876a24b42e)
 - New and modified: 0

[23/Jun/2023:19:40:38] UPDATING PREPAGATI (JobID: 5601ad8f-ecda-46ef-876d-6167454a34ae)
 - New and modified: 0

[23/Jun/2023:19:40:38] DELETING PREPAGATI (JobID: 5601ad8f-ecda-46ef-876d-6167454a34ae)
 - Deleted: 0

[23/Jun/2023:19:50:04] UPDATING ACCOUNTS (JobID: 7f2da8ae-85d2-43ec-aeb6-4d0dc028b20b)
 - New and modified: 0

[23/Jun/2023:19:50:04] DELETING ACCOUNTS (JobID: 7f2da8ae-85d2-43ec-aeb6-4d0dc028b20b)
 - Deleted: 0

[23/Jun/2023:19:50:35] UPDATING PRODUCTS (JobID: e1aea927-d2aa-41b1-a633-7e35953606c6)
 - New and modified: 0

[23/Jun/2023:19:50:37] UPDATING PREPAGATI (JobID: c4b4cb17-53e2-4ce8-b84d-72b49ec708b7)
 - New and modified: 0

[23/Jun/2023:19:50:37] DELETING PREPAGATI (JobID: c4b4cb17-53e2-4ce8-b84d-72b49ec708b7)
 - Deleted: 0

[23/Jun/2023:21:20:04] UPDATING ACCOUNTS (JobID: 5d14de95-0a61-4d47-a98e-b15aff1bbde9)
 - New and modified: 0

[23/Jun/2023:21:20:04] DELETING ACCOUNTS (JobID: 5d14de95-0a61-4d47-a98e-b15aff1bbde9)
 - Deleted: 0

[23/Jun/2023:21:20:35] UPDATING PRODUCTS (JobID: d1c86a23-7571-4150-bfa5-8a9b9aaf6535)
 - New and modified: 0

[23/Jun/2023:21:20:37] UPDATING PREPAGATI (JobID: a9d9e0f1-192b-4a76-84e3-606e0da168a9)
 - New and modified: 0

[23/Jun/2023:21:20:37] DELETING PREPAGATI (JobID: a9d9e0f1-192b-4a76-84e3-606e0da168a9)
 - Deleted: 0

[23/Jun/2023:21:30:04] UPDATING ACCOUNTS (JobID: 7b2cd696-eea2-4761-8e93-04d31a9ac06f)
 - New and modified: 0

[23/Jun/2023:21:30:04] DELETING ACCOUNTS (JobID: 7b2cd696-eea2-4761-8e93-04d31a9ac06f)
 - Deleted: 0

[23/Jun/2023:21:30:35] UPDATING PRODUCTS (JobID: e2c820a2-686f-4460-923d-adbaf17140a1)
 - New and modified: 0

[23/Jun/2023:21:30:37] UPDATING PREPAGATI (JobID: a7a70e14-2c01-4d5f-8212-6da7fbc6b931)
 - New and modified: 0

[23/Jun/2023:21:30:37] DELETING PREPAGATI (JobID: a7a70e14-2c01-4d5f-8212-6da7fbc6b931)
 - Deleted: 0

[23/Jun/2023:22:30:04] UPDATING ACCOUNTS (JobID: fc04b1f3-469f-43f2-b571-e79d5bcc4351)
 - New and modified: 0

[23/Jun/2023:22:30:04] DELETING ACCOUNTS (JobID: fc04b1f3-469f-43f2-b571-e79d5bcc4351)
 - Deleted: 0

[23/Jun/2023:22:30:38] UPDATING PRODUCTS (JobID: 28ee2b10-47cd-4c51-b55e-8d730b96a273)
 - New and modified: 0

[23/Jun/2023:22:30:39] UPDATING PREPAGATI (JobID: 99ab648c-164f-482c-a81f-9e8f95026dc7)
 - New and modified: 0

[23/Jun/2023:22:30:39] DELETING PREPAGATI (JobID: 99ab648c-164f-482c-a81f-9e8f95026dc7)
 - Deleted: 0

[23/Jun/2023:22:50:04] UPDATING ACCOUNTS (JobID: a056ee12-01a8-422b-96ab-73354f09f6a5)
 - New and modified: 0

[23/Jun/2023:22:50:04] DELETING ACCOUNTS (JobID: a056ee12-01a8-422b-96ab-73354f09f6a5)
 - Deleted: 0

[23/Jun/2023:22:50:36] UPDATING PRODUCTS (JobID: 676834bd-5329-40f8-833d-75b63421591b)
 - New and modified: 0

[23/Jun/2023:22:50:37] UPDATING PREPAGATI (JobID: bf52c1e1-6ff9-41e2-a4b4-031feb9a8ba6)
 - New and modified: 0

[23/Jun/2023:22:50:37] DELETING PREPAGATI (JobID: bf52c1e1-6ff9-41e2-a4b4-031feb9a8ba6)
 - Deleted: 0

[23/Jun/2023:23:40:04] UPDATING ACCOUNTS (JobID: e4a27f58-cf3e-4ba3-817c-af4c0a027556)
 - New and modified: 0

[23/Jun/2023:23:40:04] DELETING ACCOUNTS (JobID: e4a27f58-cf3e-4ba3-817c-af4c0a027556)
 - Deleted: 0

[23/Jun/2023:23:40:38] UPDATING PRODUCTS (JobID: 4e8328f1-816e-48a0-bc59-52c538be9e5d)
 - New and modified: 0

[23/Jun/2023:23:40:40] UPDATING PREPAGATI (JobID: 97346c80-6b69-43ea-8a90-fc9b76b36e25)
 - New and modified: 0

[23/Jun/2023:23:40:40] DELETING PREPAGATI (JobID: 97346c80-6b69-43ea-8a90-fc9b76b36e25)
 - Deleted: 0

