[25/Sep/2023:00:00:08] UPDATING ACCOUNTS (JobID: fa8c95f9-3590-40cd-a687-71dec28b52a9)
 - New and modified: 0

[25/Sep/2023:00:00:08] DELETING ACCOUNTS (JobID: fa8c95f9-3590-40cd-a687-71dec28b52a9)
 - Deleted: 0

[25/Sep/2023:00:00:40] UPDATING PRODUCTS (JobID: 8da0ea27-ed48-41f0-a994-938e30689bd7)
 - New and modified: 0

[25/Sep/2023:00:00:44] UPDATING PREPAGATI (JobID: 0a35b5c2-ce1f-42ab-b79d-38f261baa6e3)
 - New and modified: 0

[25/Sep/2023:00:00:44] DELETING PREPAGATI (JobID: 0a35b5c2-ce1f-42ab-b79d-38f261baa6e3)
 - Deleted: 0

[25/Sep/2023:00:30:07] UPDATING ACCOUNTS (JobID: 32b4181e-288b-4eee-8fa2-5b4dde922b91)
 - New and modified: 0

[25/Sep/2023:00:30:07] DELETING ACCOUNTS (JobID: 32b4181e-288b-4eee-8fa2-5b4dde922b91)
 - Deleted: 0

[25/Sep/2023:00:30:42] UPDATING PRODUCTS (JobID: dc0ba913-f85a-4f9d-a74d-95b86fcb3e7d)
 - New and modified: 0

[25/Sep/2023:00:30:45] UPDATING PREPAGATI (JobID: b432ae63-6d1d-48a8-9f51-061042e6e14a)
 - New and modified: 0

[25/Sep/2023:00:30:45] DELETING PREPAGATI (JobID: b432ae63-6d1d-48a8-9f51-061042e6e14a)
 - Deleted: 0

[25/Sep/2023:01:00:08] UPDATING ACCOUNTS (JobID: 3c8d83ac-c89c-42c3-a298-d17930142126)
 - New and modified: 0

[25/Sep/2023:01:00:08] DELETING ACCOUNTS (JobID: 3c8d83ac-c89c-42c3-a298-d17930142126)
 - Deleted: 0

[25/Sep/2023:01:00:40] UPDATING PRODUCTS (JobID: f2a25e4c-df07-447f-ad93-f5ba66c031aa)
 - New and modified: 0

[25/Sep/2023:01:00:43] UPDATING PREPAGATI (JobID: ffd44ade-9876-48fd-9470-97855e5914e9)
 - New and modified: 0

[25/Sep/2023:01:00:43] DELETING PREPAGATI (JobID: ffd44ade-9876-48fd-9470-97855e5914e9)
 - Deleted: 0

[25/Sep/2023:01:30:07] UPDATING ACCOUNTS (JobID: 8a004744-ae7a-4199-b2ae-90c6044bf89e)
 - New and modified: 0

[25/Sep/2023:01:30:07] DELETING ACCOUNTS (JobID: 8a004744-ae7a-4199-b2ae-90c6044bf89e)
 - Deleted: 0

[25/Sep/2023:01:30:32] UPDATING PRODUCTS (JobID: f15ed994-be44-4caa-9098-b84e36f9e1fc)
 - New and modified: 0

[25/Sep/2023:01:30:35] UPDATING PREPAGATI (JobID: 05aad5be-982a-4d53-ac79-827f7673173c)
 - New and modified: 0

[25/Sep/2023:01:30:35] DELETING PREPAGATI (JobID: 05aad5be-982a-4d53-ac79-827f7673173c)
 - Deleted: 0

[25/Sep/2023:02:00:04] UPDATING ACCOUNTS (JobID: e776bdc5-b83c-47ef-a23a-7f871cc33682)
 - New and modified: 0

[25/Sep/2023:02:00:04] DELETING ACCOUNTS (JobID: e776bdc5-b83c-47ef-a23a-7f871cc33682)
 - Deleted: 0

[25/Sep/2023:02:00:40] UPDATING PRODUCTS (JobID: 85625899-0ae5-446b-bf0a-fc5226bd01d5)
 - New and modified: 0

[25/Sep/2023:02:00:42] UPDATING PREPAGATI (JobID: 57a46c5e-1422-4f3d-a1d9-ed240a6e89cf)
 - New and modified: 0

[25/Sep/2023:02:00:42] DELETING PREPAGATI (JobID: 57a46c5e-1422-4f3d-a1d9-ed240a6e89cf)
 - Deleted: 0

[25/Sep/2023:02:30:09] UPDATING ACCOUNTS (JobID: 1bccf177-afef-432b-8619-dd5430e85bca)
 - New and modified: 0

[25/Sep/2023:02:30:09] DELETING ACCOUNTS (JobID: 1bccf177-afef-432b-8619-dd5430e85bca)
 - Deleted: 0

[25/Sep/2023:02:30:40] UPDATING PRODUCTS (JobID: ee9246cb-422d-4ead-988b-7f8b8aef7e0e)
 - New and modified: 0

[25/Sep/2023:02:30:43] UPDATING PREPAGATI (JobID: a19a8130-8eab-418e-92af-2f661daa2659)
 - New and modified: 0

[25/Sep/2023:02:30:43] DELETING PREPAGATI (JobID: a19a8130-8eab-418e-92af-2f661daa2659)
 - Deleted: 0

[25/Sep/2023:03:00:04] UPDATING ACCOUNTS (JobID: 0f13a367-100b-429f-93ae-34a49ce624d6)
 - New and modified: 0

[25/Sep/2023:03:00:04] DELETING ACCOUNTS (JobID: 0f13a367-100b-429f-93ae-34a49ce624d6)
 - Deleted: 0

[25/Sep/2023:03:00:40] UPDATING PRODUCTS (JobID: 165c62b9-fe8a-4006-b2af-ed382336009f)
 - New and modified: 0

[25/Sep/2023:03:00:42] UPDATING PREPAGATI (JobID: 6b3d71b6-620e-4b4c-8683-d3a14453cd09)
 - New and modified: 0

[25/Sep/2023:03:00:42] DELETING PREPAGATI (JobID: 6b3d71b6-620e-4b4c-8683-d3a14453cd09)
 - Deleted: 0

[25/Sep/2023:03:30:05] UPDATING ACCOUNTS (JobID: ec318671-3ee8-4aa4-8406-57527e494a7c)
 - New and modified: 0

[25/Sep/2023:03:30:05] DELETING ACCOUNTS (JobID: ec318671-3ee8-4aa4-8406-57527e494a7c)
 - Deleted: 0

[25/Sep/2023:03:30:35] UPDATING PRODUCTS (JobID: 7ccffacc-ba81-4641-afa0-241598372cb0)
 - New and modified: 0

[25/Sep/2023:03:30:37] UPDATING PREPAGATI (JobID: e21ef4a7-e1b9-4ab3-a486-8a649f45a6ba)
 - New and modified: 0

[25/Sep/2023:03:30:37] DELETING PREPAGATI (JobID: e21ef4a7-e1b9-4ab3-a486-8a649f45a6ba)
 - Deleted: 0

[25/Sep/2023:04:00:09] UPDATING ACCOUNTS (JobID: 5066fe72-9f45-4c41-8c54-552fe2cad8b6)
 - New and modified: 0

[25/Sep/2023:04:00:09] DELETING ACCOUNTS (JobID: 5066fe72-9f45-4c41-8c54-552fe2cad8b6)
 - Deleted: 0

[25/Sep/2023:04:00:43] UPDATING PRODUCTS (JobID: 496c6711-40af-4aeb-a29b-95342670c1e8)
 - New and modified: 0

[25/Sep/2023:04:00:46] UPDATING PREPAGATI (JobID: 46c97a7e-60b1-4024-956a-e4171d46be03)
 - New and modified: 0

[25/Sep/2023:04:00:46] DELETING PREPAGATI (JobID: 46c97a7e-60b1-4024-956a-e4171d46be03)
 - Deleted: 0

[25/Sep/2023:04:30:09] UPDATING ACCOUNTS (JobID: 6b715136-c281-4624-8006-6be458374145)
 - New and modified: 0

[25/Sep/2023:04:30:09] DELETING ACCOUNTS (JobID: 6b715136-c281-4624-8006-6be458374145)
 - Deleted: 0

[25/Sep/2023:04:30:41] UPDATING PRODUCTS (JobID: 6a85333d-1a96-4c7a-b304-f69fd7265b6d)
 - New and modified: 0

[25/Sep/2023:04:30:44] UPDATING PREPAGATI (JobID: 8e81d2eb-408d-49f5-a9c7-9e1bc62e0897)
 - New and modified: 0

[25/Sep/2023:04:30:44] DELETING PREPAGATI (JobID: 8e81d2eb-408d-49f5-a9c7-9e1bc62e0897)
 - Deleted: 0

[25/Sep/2023:05:00:04] UPDATING ACCOUNTS (JobID: 2547ec6d-d0bb-47fe-94fe-a0ebda32b618)
 - New and modified: 0

[25/Sep/2023:05:00:04] DELETING ACCOUNTS (JobID: 2547ec6d-d0bb-47fe-94fe-a0ebda32b618)
 - Deleted: 0

[25/Sep/2023:05:00:36] UPDATING PRODUCTS (JobID: d6500fb4-1d30-499b-933e-8a0b816f19bc)
 - New and modified: 0

[25/Sep/2023:05:00:37] UPDATING PREPAGATI (JobID: 50237314-fd27-4eb4-997f-5102dd48b3a7)
 - New and modified: 0

[25/Sep/2023:05:00:37] DELETING PREPAGATI (JobID: 50237314-fd27-4eb4-997f-5102dd48b3a7)
 - Deleted: 0

[25/Sep/2023:05:30:05] UPDATING ACCOUNTS (JobID: 4368c63d-6c38-4176-8f5a-3c9cd3826a18)
 - New and modified: 0

[25/Sep/2023:05:30:05] DELETING ACCOUNTS (JobID: 4368c63d-6c38-4176-8f5a-3c9cd3826a18)
 - Deleted: 0

[25/Sep/2023:05:30:41] UPDATING PRODUCTS (JobID: 9a516edf-437d-4dbf-baa7-b8e599ae8cc8)
 - New and modified: 0

[25/Sep/2023:05:30:43] UPDATING PREPAGATI (JobID: bd49d84d-6ee6-4903-ba3d-fc1b5d6fea0c)
 - New and modified: 0

[25/Sep/2023:05:30:43] DELETING PREPAGATI (JobID: bd49d84d-6ee6-4903-ba3d-fc1b5d6fea0c)
 - Deleted: 0

[25/Sep/2023:06:00:09] UPDATING ACCOUNTS (JobID: 9a1b590c-22b5-4863-abbb-1df45dbef76d)
 - New and modified: 0

[25/Sep/2023:06:00:09] DELETING ACCOUNTS (JobID: 9a1b590c-22b5-4863-abbb-1df45dbef76d)
 - Deleted: 0

[25/Sep/2023:06:00:39] UPDATING PRODUCTS (JobID: 867d61b3-f2bd-497f-a6fa-75d3163f9bbf)
 - New and modified: 0

[25/Sep/2023:06:00:42] UPDATING PREPAGATI (JobID: 6633e2fb-f039-4a05-8368-cb6f99ec6dcc)
 - New and modified: 0

[25/Sep/2023:06:00:42] DELETING PREPAGATI (JobID: 6633e2fb-f039-4a05-8368-cb6f99ec6dcc)
 - Deleted: 0

[25/Sep/2023:06:30:04] UPDATING ACCOUNTS (JobID: 8364547e-e5d8-4e4e-81f6-ae4481115bab)
 - New and modified: 0

[25/Sep/2023:06:30:04] DELETING ACCOUNTS (JobID: 8364547e-e5d8-4e4e-81f6-ae4481115bab)
 - Deleted: 0

[25/Sep/2023:06:30:38] UPDATING PRODUCTS (JobID: 1c9415c2-3eee-4def-84bf-c409930f2cf5)
 - New and modified: 0

[25/Sep/2023:06:30:40] UPDATING PREPAGATI (JobID: 92fa0d19-d8d3-454a-99d1-29af542403c6)
 - New and modified: 0

[25/Sep/2023:06:30:40] DELETING PREPAGATI (JobID: 92fa0d19-d8d3-454a-99d1-29af542403c6)
 - Deleted: 0

[25/Sep/2023:07:00:23] UPDATING ACCOUNTS (JobID: bb5ef288-9c3a-466e-ad37-15db84933def)
 - New and modified: 0

[25/Sep/2023:07:00:23] DELETING ACCOUNTS (JobID: bb5ef288-9c3a-466e-ad37-15db84933def)
 - Deleted: 0

[25/Sep/2023:07:00:58] UPDATING PRODUCTS (JobID: d02b3700-47a6-4873-9005-e9a5f85d3981)
 - New and modified: 0

[25/Sep/2023:07:01:02] UPDATING PREPAGATI (JobID: 53e4cdc4-3a4c-450b-9cf8-35c30be8da9d)
 - New and modified: 0

[25/Sep/2023:07:01:02] DELETING PREPAGATI (JobID: 53e4cdc4-3a4c-450b-9cf8-35c30be8da9d)
 - Deleted: 0

[25/Sep/2023:07:30:04] UPDATING ACCOUNTS (JobID: a4bfc594-168f-4c86-8c65-19f48ee8ac5a)
 - New and modified: 0

[25/Sep/2023:07:30:04] DELETING ACCOUNTS (JobID: a4bfc594-168f-4c86-8c65-19f48ee8ac5a)
 - Deleted: 0

[25/Sep/2023:07:30:37] UPDATING PRODUCTS (JobID: 20262850-d635-43f4-a497-21857e1518d5)
 - New and modified: 0

[25/Sep/2023:07:30:39] UPDATING PREPAGATI (JobID: 793b1d1e-d2cf-40cc-a0fd-fb9bfb773ef6)
 - New and modified: 0

[25/Sep/2023:07:30:39] DELETING PREPAGATI (JobID: 793b1d1e-d2cf-40cc-a0fd-fb9bfb773ef6)
 - Deleted: 0

[25/Sep/2023:08:00:03] UPDATING ACCOUNTS (JobID: 79f46499-1020-4ea1-ade9-9358433a08f4)
 - New and modified: 0

[25/Sep/2023:08:00:03] DELETING ACCOUNTS (JobID: 79f46499-1020-4ea1-ade9-9358433a08f4)
 - Deleted: 0

[25/Sep/2023:08:00:34] UPDATING PRODUCTS (JobID: dc04b5a8-5640-4726-bf13-1cebdb15cc08)
 - New and modified: 0

[25/Sep/2023:08:00:36] UPDATING PREPAGATI (JobID: b335dbee-6437-4d1e-9326-628bb8fc04b2)
 - New and modified: 0

[25/Sep/2023:08:00:36] DELETING PREPAGATI (JobID: b335dbee-6437-4d1e-9326-628bb8fc04b2)
 - Deleted: 0

[25/Sep/2023:08:30:04] UPDATING ACCOUNTS (JobID: f3367b34-cb1e-47fd-b374-a4c937f43376)
 - New and modified: 0

[25/Sep/2023:08:30:04] DELETING ACCOUNTS (JobID: f3367b34-cb1e-47fd-b374-a4c937f43376)
 - Deleted: 0

[25/Sep/2023:08:30:35] UPDATING PRODUCTS (JobID: 7ef54b8c-9307-4fb9-b778-079008c494e1)
 - New and modified: 0

[25/Sep/2023:08:30:37] UPDATING PREPAGATI (JobID: ad85175d-7265-49eb-a21e-3f5a52208c2b)
 - New and modified: 0

[25/Sep/2023:08:30:37] DELETING PREPAGATI (JobID: ad85175d-7265-49eb-a21e-3f5a52208c2b)
 - Deleted: 0

[25/Sep/2023:09:00:04] UPDATING ACCOUNTS (JobID: f30b9960-8950-4c14-ae28-d42794298c69)
 - New and modified: 0

[25/Sep/2023:09:00:04] DELETING ACCOUNTS (JobID: f30b9960-8950-4c14-ae28-d42794298c69)
 - Deleted: 0

[25/Sep/2023:09:00:36] UPDATING PRODUCTS (JobID: f6d78f9a-b099-48af-bb89-61100cf94414)
 - New and modified: 0

[25/Sep/2023:09:00:37] UPDATING PREPAGATI (JobID: c070bde2-15cc-4937-8ea4-98b728cd9b31)
 - New and modified: 0

[25/Sep/2023:09:00:37] DELETING PREPAGATI (JobID: c070bde2-15cc-4937-8ea4-98b728cd9b31)
 - Deleted: 0

[25/Sep/2023:09:30:04] UPDATING ACCOUNTS (JobID: 82701e9a-863c-43b2-9dd5-c853fbce0dc7)
 - New and modified: 0

[25/Sep/2023:09:30:04] DELETING ACCOUNTS (JobID: 82701e9a-863c-43b2-9dd5-c853fbce0dc7)
 - Deleted: 0

[25/Sep/2023:09:30:35] UPDATING PRODUCTS (JobID: c04d78fa-3f41-4c1d-86b3-d0eabcab976d)
 - New and modified: 0

[25/Sep/2023:09:30:37] UPDATING PREPAGATI (JobID: 8bc3b2d2-a72f-43cf-bdde-e563781d888e)
 - New and modified: 0

[25/Sep/2023:09:30:37] DELETING PREPAGATI (JobID: 8bc3b2d2-a72f-43cf-bdde-e563781d888e)
 - Deleted: 0

[25/Sep/2023:10:00:04] UPDATING ACCOUNTS (JobID: 00a6af70-d5bd-4138-aafb-ade3c35516bc)
 - New and modified: 0

[25/Sep/2023:10:00:04] DELETING ACCOUNTS (JobID: 00a6af70-d5bd-4138-aafb-ade3c35516bc)
 - Deleted: 0

[25/Sep/2023:10:00:37] UPDATING PRODUCTS (JobID: 30490e72-d269-40a3-b3bd-e92b001d73fd)
 - New and modified: 0

[25/Sep/2023:10:00:39] UPDATING PREPAGATI (JobID: f3cf9a27-1b61-4714-b2ac-285ea125bfad)
 - New and modified: 0

[25/Sep/2023:10:00:39] DELETING PREPAGATI (JobID: f3cf9a27-1b61-4714-b2ac-285ea125bfad)
 - Deleted: 0

[25/Sep/2023:10:30:09] UPDATING ACCOUNTS (JobID: a4c4044c-8c0e-4af5-bcdf-0e1e9956528a)
 - New and modified: 0

[25/Sep/2023:10:30:09] DELETING ACCOUNTS (JobID: a4c4044c-8c0e-4af5-bcdf-0e1e9956528a)
 - Deleted: 0

[25/Sep/2023:10:30:40] UPDATING PRODUCTS (JobID: 9935b16f-c81a-4cd4-b79a-8274848e0eac)
 - New and modified: 0

[25/Sep/2023:10:30:43] UPDATING PREPAGATI (JobID: a6d148ee-d4d2-44d3-8f7d-ec4c9d155bae)
 - New and modified: 0

[25/Sep/2023:10:30:43] DELETING PREPAGATI (JobID: a6d148ee-d4d2-44d3-8f7d-ec4c9d155bae)
 - Deleted: 0

[25/Sep/2023:11:00:04] UPDATING ACCOUNTS (JobID: d4020960-4193-49d9-82a6-f18c0b72a2bd)
 - New and modified: 0

[25/Sep/2023:11:00:04] DELETING ACCOUNTS (JobID: d4020960-4193-49d9-82a6-f18c0b72a2bd)
 - Deleted: 0

[25/Sep/2023:11:00:36] UPDATING PRODUCTS (JobID: c3e1acb7-9ee0-441b-bcdc-1b7102ec126f)
 - New and modified: 0

[25/Sep/2023:11:00:38] UPDATING PREPAGATI (JobID: 08d79aaa-b64a-4b07-bc31-77d7b3339e73)
 - New and modified: 0

[25/Sep/2023:11:00:38] DELETING PREPAGATI (JobID: 08d79aaa-b64a-4b07-bc31-77d7b3339e73)
 - Deleted: 0

[25/Sep/2023:12:00:08] UPDATING ACCOUNTS (JobID: e22f7ae4-3e66-46bf-802c-0cf8b4df143e)
 - New and modified: 0

[25/Sep/2023:12:00:08] DELETING ACCOUNTS (JobID: e22f7ae4-3e66-46bf-802c-0cf8b4df143e)
 - Deleted: 0

[25/Sep/2023:12:00:41] UPDATING PRODUCTS (JobID: 3033b615-95ef-4d6d-8c2d-cb68e04e88b4)
 - New and modified: 0

[25/Sep/2023:12:00:45] UPDATING PREPAGATI (JobID: a2c2270d-cacf-4902-ba90-09f458a6f17e)
 - New and modified: 0

[25/Sep/2023:12:00:45] DELETING PREPAGATI (JobID: a2c2270d-cacf-4902-ba90-09f458a6f17e)
 - Deleted: 0

[25/Sep/2023:12:30:04] UPDATING ACCOUNTS (JobID: fa6fd6bd-d9a1-41fa-bb1f-ecb4c1ebf77e)
 - New and modified: 0

[25/Sep/2023:12:30:04] DELETING ACCOUNTS (JobID: fa6fd6bd-d9a1-41fa-bb1f-ecb4c1ebf77e)
 - Deleted: 0

[25/Sep/2023:12:30:37] UPDATING PRODUCTS (JobID: 44b44444-fcfd-4806-8aea-63e56df2ea81)
 - New and modified: 0

[25/Sep/2023:12:30:39] UPDATING PREPAGATI (JobID: d10cefe5-c167-4f80-88c8-7870b0aaa476)
 - New and modified: 0

[25/Sep/2023:12:30:39] DELETING PREPAGATI (JobID: d10cefe5-c167-4f80-88c8-7870b0aaa476)
 - Deleted: 0

[25/Sep/2023:13:00:09] UPDATING ACCOUNTS (JobID: dd70f903-067d-44fa-8722-7a9610af76f8)
 - New and modified: 0

[25/Sep/2023:13:00:09] DELETING ACCOUNTS (JobID: dd70f903-067d-44fa-8722-7a9610af76f8)
 - Deleted: 0

[25/Sep/2023:13:00:41] UPDATING PRODUCTS (JobID: 3972b434-192f-4b51-8896-803634a23a6d)
 - New and modified: 0

[25/Sep/2023:13:00:44] UPDATING PREPAGATI (JobID: b148441a-1396-425c-a81c-4666c0d3a922)
 - New and modified: 0

[25/Sep/2023:13:00:44] DELETING PREPAGATI (JobID: b148441a-1396-425c-a81c-4666c0d3a922)
 - Deleted: 0

[25/Sep/2023:13:30:09] UPDATING ACCOUNTS (JobID: 0ea56cea-5b24-4544-a55a-19b712bab954)
 - New and modified: 0

[25/Sep/2023:13:30:09] DELETING ACCOUNTS (JobID: 0ea56cea-5b24-4544-a55a-19b712bab954)
 - Deleted: 0

[25/Sep/2023:13:30:41] UPDATING PRODUCTS (JobID: fbfedef9-12a7-4a7e-85f7-2fc319fec0ec)
 - New and modified: 0

[25/Sep/2023:13:30:44] UPDATING PREPAGATI (JobID: 32cb5617-f704-4c3e-97b6-830f3719e19b)
 - New and modified: 0

[25/Sep/2023:13:30:44] DELETING PREPAGATI (JobID: 32cb5617-f704-4c3e-97b6-830f3719e19b)
 - Deleted: 0

[25/Sep/2023:14:00:04] UPDATING ACCOUNTS (JobID: 983600ed-0bda-45eb-9344-8d267795915d)
 - New and modified: 0

[25/Sep/2023:14:00:04] DELETING ACCOUNTS (JobID: 983600ed-0bda-45eb-9344-8d267795915d)
 - Deleted: 0

[25/Sep/2023:14:00:36] UPDATING PRODUCTS (JobID: be23027d-39c2-4de5-96eb-de53a6faa313)
 - New and modified: 0

[25/Sep/2023:14:00:38] UPDATING PREPAGATI (JobID: 71faf26e-bb32-4090-ad71-fe448ed15e31)
 - New and modified: 0

[25/Sep/2023:14:00:38] DELETING PREPAGATI (JobID: 71faf26e-bb32-4090-ad71-fe448ed15e31)
 - Deleted: 0

[25/Sep/2023:14:30:09] UPDATING ACCOUNTS (JobID: 068306ab-42df-4898-af9a-a4012cd2eab9)
 - New and modified: 0

[25/Sep/2023:14:30:09] DELETING ACCOUNTS (JobID: 068306ab-42df-4898-af9a-a4012cd2eab9)
 - Deleted: 0

[25/Sep/2023:14:30:43] UPDATING PRODUCTS (JobID: 369a2237-f98b-4c5b-b9be-b3ff17729514)
 - New and modified: 0

[25/Sep/2023:14:30:46] UPDATING PREPAGATI (JobID: 0a989a83-eaad-4c06-98dc-47dfdb4dd61a)
 - New and modified: 0

[25/Sep/2023:14:30:46] DELETING PREPAGATI (JobID: 0a989a83-eaad-4c06-98dc-47dfdb4dd61a)
 - Deleted: 0

[25/Sep/2023:15:00:09] UPDATING ACCOUNTS (JobID: 4ef4dea8-35c7-4338-b674-2c3e837bdfe2)
 - New and modified: 0

[25/Sep/2023:15:00:09] DELETING ACCOUNTS (JobID: 4ef4dea8-35c7-4338-b674-2c3e837bdfe2)
 - Deleted: 0

[25/Sep/2023:15:00:41] UPDATING PRODUCTS (JobID: 9cefdf9f-34a6-4f95-a3cf-a1e6cae1451d)
 - New and modified: 0

[25/Sep/2023:15:00:45] UPDATING PREPAGATI (JobID: 080bae7a-7d37-4935-9303-1da0e5565162)
 - New and modified: 0

[25/Sep/2023:15:00:45] DELETING PREPAGATI (JobID: 080bae7a-7d37-4935-9303-1da0e5565162)
 - Deleted: 0

[25/Sep/2023:15:30:08] UPDATING ACCOUNTS (JobID: 347e9d33-b107-47b1-a6da-7d10fed5860c)
 - New and modified: 0

[25/Sep/2023:15:30:08] DELETING ACCOUNTS (JobID: 347e9d33-b107-47b1-a6da-7d10fed5860c)
 - Deleted: 0

[25/Sep/2023:15:30:42] UPDATING PRODUCTS (JobID: 933ae582-b989-446b-8dda-a5ff8914b647)
 - New and modified: 0

[25/Sep/2023:15:30:46] UPDATING PREPAGATI (JobID: 0d51c4ea-e4aa-484f-8a94-487e0c4aca48)
 - New and modified: 0

[25/Sep/2023:15:30:46] DELETING PREPAGATI (JobID: 0d51c4ea-e4aa-484f-8a94-487e0c4aca48)
 - Deleted: 0

[25/Sep/2023:16:00:04] UPDATING ACCOUNTS (JobID: df6d8d0d-b117-4def-9d9a-bf1d61a652dc)
 - New and modified: 0

[25/Sep/2023:16:00:04] DELETING ACCOUNTS (JobID: df6d8d0d-b117-4def-9d9a-bf1d61a652dc)
 - Deleted: 0

[25/Sep/2023:16:00:37] UPDATING PRODUCTS (JobID: d36c2a93-486a-4e08-82ed-b93768d5d22e)
 - New and modified: 0

[25/Sep/2023:16:00:39] UPDATING PREPAGATI (JobID: 0af9a112-3540-4cdc-9995-4c1a7fe7fac3)
 - New and modified: 0

[25/Sep/2023:16:00:39] DELETING PREPAGATI (JobID: 0af9a112-3540-4cdc-9995-4c1a7fe7fac3)
 - Deleted: 0

[25/Sep/2023:16:30:10] UPDATING ACCOUNTS (JobID: cacbb778-cf3b-49e3-b459-f63f25d4e291)
 - New and modified: 0

[25/Sep/2023:16:30:10] DELETING ACCOUNTS (JobID: cacbb778-cf3b-49e3-b459-f63f25d4e291)
 - Deleted: 0

[25/Sep/2023:16:30:44] UPDATING PRODUCTS (JobID: f8368cd8-0c87-43eb-b981-fc1253229208)
 - New and modified: 0

[25/Sep/2023:16:30:48] UPDATING PREPAGATI (JobID: d450a730-604a-4ed2-b61c-31d61da44fbe)
 - New and modified: 0

[25/Sep/2023:16:30:48] DELETING PREPAGATI (JobID: d450a730-604a-4ed2-b61c-31d61da44fbe)
 - Deleted: 0

[25/Sep/2023:17:00:08] UPDATING ACCOUNTS (JobID: e30aab14-3197-4b51-9695-caabcfb372d0)
 - New and modified: 0

[25/Sep/2023:17:00:08] DELETING ACCOUNTS (JobID: e30aab14-3197-4b51-9695-caabcfb372d0)
 - Deleted: 0

[25/Sep/2023:17:00:42] UPDATING PRODUCTS (JobID: 996266fa-0ebb-4bef-8db7-995ce9cc163d)
 - New and modified: 0

[25/Sep/2023:17:00:45] UPDATING PREPAGATI (JobID: 7018c1f9-12bc-426d-abb9-d4064ccc16ea)
 - New and modified: 0

[25/Sep/2023:17:00:45] DELETING PREPAGATI (JobID: 7018c1f9-12bc-426d-abb9-d4064ccc16ea)
 - Deleted: 0

[25/Sep/2023:17:30:08] UPDATING ACCOUNTS (JobID: 400f4069-65df-4326-aa03-cd73aee2ebfe)
 - New and modified: 0

[25/Sep/2023:17:30:08] DELETING ACCOUNTS (JobID: 400f4069-65df-4326-aa03-cd73aee2ebfe)
 - Deleted: 0

[25/Sep/2023:17:30:42] UPDATING PRODUCTS (JobID: 48842962-8895-479f-916d-cb16360b6f78)
 - New and modified: 0

[25/Sep/2023:17:30:45] UPDATING PREPAGATI (JobID: d6c62f49-89d4-4201-8d5f-61ac9a1a91bf)
 - New and modified: 0

[25/Sep/2023:17:30:45] DELETING PREPAGATI (JobID: d6c62f49-89d4-4201-8d5f-61ac9a1a91bf)
 - Deleted: 0

[25/Sep/2023:18:00:08] UPDATING ACCOUNTS (JobID: 002fe10a-a456-4ceb-8c11-7979ed96c0b9)
 - New and modified: 0

[25/Sep/2023:18:00:08] DELETING ACCOUNTS (JobID: 002fe10a-a456-4ceb-8c11-7979ed96c0b9)
 - Deleted: 0

[25/Sep/2023:18:00:45] UPDATING PRODUCTS (JobID: f1e38ced-0fa7-44ec-9949-1f4a8c1b4622)
 - New and modified: 0

[25/Sep/2023:18:00:48] UPDATING PREPAGATI (JobID: 089a9829-ba9f-4657-9c3f-b06a5ad182cd)
 - New and modified: 0

[25/Sep/2023:18:00:48] DELETING PREPAGATI (JobID: 089a9829-ba9f-4657-9c3f-b06a5ad182cd)
 - Deleted: 0

[25/Sep/2023:18:30:08] UPDATING ACCOUNTS (JobID: 242188cb-436d-41cd-a34a-4a686b7b0b44)
 - New and modified: 0

[25/Sep/2023:18:30:08] DELETING ACCOUNTS (JobID: 242188cb-436d-41cd-a34a-4a686b7b0b44)
 - Deleted: 0

[25/Sep/2023:18:30:41] UPDATING PRODUCTS (JobID: bdd5d6a7-14ce-4ed2-9ea5-139a3f59c51c)
 - New and modified: 0

[25/Sep/2023:18:30:44] UPDATING PREPAGATI (JobID: d3beda6f-82d5-4815-bc91-f20bf78f8080)
 - New and modified: 0

[25/Sep/2023:18:30:44] DELETING PREPAGATI (JobID: d3beda6f-82d5-4815-bc91-f20bf78f8080)
 - Deleted: 0

[25/Sep/2023:19:00:23] UPDATING ACCOUNTS (JobID: 7954207e-3ceb-4da6-bf00-a409aaccd03a)
 - New and modified: 0

[25/Sep/2023:19:00:23] DELETING ACCOUNTS (JobID: 7954207e-3ceb-4da6-bf00-a409aaccd03a)
 - Deleted: 0

[25/Sep/2023:19:00:55] UPDATING PRODUCTS (JobID: 33b7037d-0fe9-4c8c-814b-50006a3903f8)
 - New and modified: 0

[25/Sep/2023:19:00:58] UPDATING PREPAGATI (JobID: e9c5b3bd-e000-434d-8ff6-39ec45262b91)
 - New and modified: 0

[25/Sep/2023:19:00:58] DELETING PREPAGATI (JobID: e9c5b3bd-e000-434d-8ff6-39ec45262b91)
 - Deleted: 0

[25/Sep/2023:19:30:04] UPDATING ACCOUNTS (JobID: 75d27e32-77e0-462f-8f8c-65fd70720d24)
 - New and modified: 0

[25/Sep/2023:19:30:04] DELETING ACCOUNTS (JobID: 75d27e32-77e0-462f-8f8c-65fd70720d24)
 - Deleted: 0

[25/Sep/2023:19:30:36] UPDATING PRODUCTS (JobID: efdf27b8-b0cc-4891-9a8c-91c5cd0cd9f5)
 - New and modified: 0

[25/Sep/2023:19:30:38] UPDATING PREPAGATI (JobID: e9803f8f-0d1f-4207-9876-0dbaeb90ad74)
 - New and modified: 0

[25/Sep/2023:19:30:38] DELETING PREPAGATI (JobID: e9803f8f-0d1f-4207-9876-0dbaeb90ad74)
 - Deleted: 0

[25/Sep/2023:20:00:10] UPDATING ACCOUNTS (JobID: 672873b0-df3b-4bf2-ad2a-63bdb2733fe8)
 - New and modified: 0

[25/Sep/2023:20:00:10] DELETING ACCOUNTS (JobID: 672873b0-df3b-4bf2-ad2a-63bdb2733fe8)
 - Deleted: 0

[25/Sep/2023:20:00:43] UPDATING PRODUCTS (JobID: c1147940-743d-4fe2-97d1-681ee3c633e2)
 - New and modified: 0

[25/Sep/2023:20:00:47] UPDATING PREPAGATI (JobID: bda0133e-891c-46bb-93da-043361e28d27)
 - New and modified: 0

[25/Sep/2023:20:00:47] DELETING PREPAGATI (JobID: bda0133e-891c-46bb-93da-043361e28d27)
 - Deleted: 0

[25/Sep/2023:20:30:04] UPDATING ACCOUNTS (JobID: 2f0c373f-fb41-4093-be22-be6740a85ef7)
 - New and modified: 0

[25/Sep/2023:20:30:04] DELETING ACCOUNTS (JobID: 2f0c373f-fb41-4093-be22-be6740a85ef7)
 - Deleted: 0

[25/Sep/2023:20:30:37] UPDATING PRODUCTS (JobID: 455af6c9-b621-459a-8cbd-c0b37e871ca7)
 - New and modified: 0

[25/Sep/2023:20:30:39] UPDATING PREPAGATI (JobID: 1afb9c83-3395-4731-a95f-d899d386079d)
 - New and modified: 0

[25/Sep/2023:20:30:39] DELETING PREPAGATI (JobID: 1afb9c83-3395-4731-a95f-d899d386079d)
 - Deleted: 0

[25/Sep/2023:21:00:10] UPDATING ACCOUNTS (JobID: 582f9518-2653-43c0-acaa-0269ce9b8c12)
 - New and modified: 0

[25/Sep/2023:21:00:10] DELETING ACCOUNTS (JobID: 582f9518-2653-43c0-acaa-0269ce9b8c12)
 - Deleted: 0

[25/Sep/2023:21:00:44] UPDATING PRODUCTS (JobID: 86f413cf-e3c9-4c04-9cdb-6f22c83154d4)
 - New and modified: 0

[25/Sep/2023:21:00:47] UPDATING PREPAGATI (JobID: 88f1c4fa-81b8-410b-8627-9a900e34e91b)
 - New and modified: 0

[25/Sep/2023:21:00:47] DELETING PREPAGATI (JobID: 88f1c4fa-81b8-410b-8627-9a900e34e91b)
 - Deleted: 0

[25/Sep/2023:21:30:05] UPDATING ACCOUNTS (JobID: d2e2ad6d-850f-4f02-a792-824f2e880d2f)
 - New and modified: 0

[25/Sep/2023:21:30:05] DELETING ACCOUNTS (JobID: d2e2ad6d-850f-4f02-a792-824f2e880d2f)
 - Deleted: 0

[25/Sep/2023:21:30:39] UPDATING PRODUCTS (JobID: 96fa9a49-15e2-4ee3-9a62-42d6a8c982d0)
 - New and modified: 0

[25/Sep/2023:21:30:41] UPDATING PREPAGATI (JobID: 3dd0aab9-b687-4a2e-989c-2520017f68b0)
 - New and modified: 0

[25/Sep/2023:21:30:41] DELETING PREPAGATI (JobID: 3dd0aab9-b687-4a2e-989c-2520017f68b0)
 - Deleted: 0

[25/Sep/2023:22:00:10] UPDATING ACCOUNTS (JobID: 4a8cc665-f9c2-4cb9-beeb-cb1bdbd5cc40)
 - New and modified: 0

[25/Sep/2023:22:00:10] DELETING ACCOUNTS (JobID: 4a8cc665-f9c2-4cb9-beeb-cb1bdbd5cc40)
 - Deleted: 0

[25/Sep/2023:22:00:44] UPDATING PRODUCTS (JobID: a12fdf63-3be5-4e45-b74f-c18a3f20d19c)
 - New and modified: 0

[25/Sep/2023:22:00:48] UPDATING PREPAGATI (JobID: 9c15a862-0044-41c3-8382-96372242ee63)
 - New and modified: 0

[25/Sep/2023:22:00:48] DELETING PREPAGATI (JobID: 9c15a862-0044-41c3-8382-96372242ee63)
 - Deleted: 0

[25/Sep/2023:22:30:10] UPDATING ACCOUNTS (JobID: b50fafb4-6522-43ae-bd84-4c0c97898684)
 - New and modified: 0

[25/Sep/2023:22:30:10] DELETING ACCOUNTS (JobID: b50fafb4-6522-43ae-bd84-4c0c97898684)
 - Deleted: 0

[25/Sep/2023:22:30:43] UPDATING PRODUCTS (JobID: fe7afbe8-f572-4928-835a-46ae71f704fb)
 - New and modified: 0

[25/Sep/2023:22:30:47] UPDATING PREPAGATI (JobID: 691abc66-002c-45a8-a222-6064fde03b10)
 - New and modified: 0

[25/Sep/2023:22:30:47] DELETING PREPAGATI (JobID: 691abc66-002c-45a8-a222-6064fde03b10)
 - Deleted: 0

[25/Sep/2023:23:00:08] UPDATING ACCOUNTS (JobID: 7f4b09de-6eeb-4296-bfc0-c4b978ac0924)
 - New and modified: 0

[25/Sep/2023:23:00:08] DELETING ACCOUNTS (JobID: 7f4b09de-6eeb-4296-bfc0-c4b978ac0924)
 - Deleted: 0

[25/Sep/2023:23:00:42] UPDATING PRODUCTS (JobID: 360fea69-3b61-499c-82a3-ecf3460c4671)
 - New and modified: 0

[25/Sep/2023:23:00:45] UPDATING PREPAGATI (JobID: b582c25b-53c8-4a72-818d-b5bfb5e2883e)
 - New and modified: 0

[25/Sep/2023:23:00:45] DELETING PREPAGATI (JobID: b582c25b-53c8-4a72-818d-b5bfb5e2883e)
 - Deleted: 0

[25/Sep/2023:23:30:04] UPDATING ACCOUNTS (JobID: 12edcfeb-fd4c-404a-aae4-ca41097b4d7f)
 - New and modified: 0

[25/Sep/2023:23:30:04] DELETING ACCOUNTS (JobID: 12edcfeb-fd4c-404a-aae4-ca41097b4d7f)
 - Deleted: 0

[25/Sep/2023:23:30:36] UPDATING PRODUCTS (JobID: 7925e6fa-eaab-48ae-a49c-75fe8ed85821)
 - New and modified: 0

[25/Sep/2023:23:30:38] UPDATING PREPAGATI (JobID: 6e28c416-f23e-4655-bc69-3cb2a7e21675)
 - New and modified: 0

[25/Sep/2023:23:30:38] DELETING PREPAGATI (JobID: 6e28c416-f23e-4655-bc69-3cb2a7e21675)
 - Deleted: 0

