[17/May/2023:00:00:04] UPDATING ACCOUNTS (JobID: a89d5abf-4bac-4dae-844a-6ccfea2975e5)
 - New and modified: 0

[17/May/2023:00:00:04] DELETING ACCOUNTS (JobID: a89d5abf-4bac-4dae-844a-6ccfea2975e5)
 - Deleted: 0

[17/May/2023:00:00:36] UPDATING PRODUCTS (JobID: 44babd96-2f86-4871-9411-42a6f9066b17)
 - New and modified: 0

[17/May/2023:00:00:37] UPDATING PREPAGATI (JobID: 5408f58e-2d2f-4b60-a563-b6f65681c2c0)
 - New and modified: 0

[17/May/2023:00:00:37] DELETING PREPAGATI (JobID: 5408f58e-2d2f-4b60-a563-b6f65681c2c0)
 - Deleted: 0

[17/May/2023:00:10:04] UPDATING ACCOUNTS (JobID: d0b4f762-e03e-4d3d-9ef2-620d9bd5a63e)
 - New and modified: 0

[17/May/2023:00:10:04] DELETING ACCOUNTS (JobID: d0b4f762-e03e-4d3d-9ef2-620d9bd5a63e)
 - Deleted: 0

[17/May/2023:00:10:36] UPDATING PRODUCTS (JobID: 24bba259-b0e8-48c5-b0e6-122376695442)
 - New and modified: 0

[17/May/2023:00:10:38] UPDATING PREPAGATI (JobID: 42547d94-0fb4-43d8-a588-dde3d968c18e)
 - New and modified: 0

[17/May/2023:00:10:38] DELETING PREPAGATI (JobID: 42547d94-0fb4-43d8-a588-dde3d968c18e)
 - Deleted: 0

[17/May/2023:00:20:04] UPDATING ACCOUNTS (JobID: 68dc9b74-e09e-405c-ba2c-e0af47d14272)
 - New and modified: 0

[17/May/2023:00:20:04] DELETING ACCOUNTS (JobID: 68dc9b74-e09e-405c-ba2c-e0af47d14272)
 - Deleted: 0

[17/May/2023:00:20:39] UPDATING PRODUCTS (JobID: db312a3e-6fa1-40a3-ae76-cef95c455a87)
 - New and modified: 0

[17/May/2023:00:20:41] UPDATING PREPAGATI (JobID: de346edb-2eca-482c-b357-6f6d977e9006)
 - New and modified: 0

[17/May/2023:00:20:41] DELETING PREPAGATI (JobID: de346edb-2eca-482c-b357-6f6d977e9006)
 - Deleted: 0

[17/May/2023:00:30:06] UPDATING ACCOUNTS (JobID: a3ffbe31-a344-42d8-affb-c31ed8a6b20e)
 - New and modified: 0

[17/May/2023:00:30:06] DELETING ACCOUNTS (JobID: a3ffbe31-a344-42d8-affb-c31ed8a6b20e)
 - Deleted: 0

[17/May/2023:00:30:41] UPDATING PRODUCTS (JobID: 00171732-9dfe-46a5-a480-41a8731f7639)
 - New and modified: 0

[17/May/2023:00:30:43] UPDATING PREPAGATI (JobID: f4d60a43-de22-4960-82a7-3ed0f7a8cae7)
 - New and modified: 0

[17/May/2023:00:30:43] DELETING PREPAGATI (JobID: f4d60a43-de22-4960-82a7-3ed0f7a8cae7)
 - Deleted: 0

[17/May/2023:00:40:05] UPDATING ACCOUNTS (JobID: f4337f64-3adf-4774-a8ef-29a00b774aa3)
 - New and modified: 0

[17/May/2023:00:40:05] DELETING ACCOUNTS (JobID: f4337f64-3adf-4774-a8ef-29a00b774aa3)
 - Deleted: 0

[17/May/2023:00:40:37] UPDATING PRODUCTS (JobID: b1a57b46-4ffd-462e-a118-ea616d10d7fe)
 - New and modified: 0

[17/May/2023:00:40:39] UPDATING PREPAGATI (JobID: e5828d03-4c22-4e9b-9ee5-9453ca537d93)
 - New and modified: 0

[17/May/2023:00:40:39] DELETING PREPAGATI (JobID: e5828d03-4c22-4e9b-9ee5-9453ca537d93)
 - Deleted: 0

[17/May/2023:00:50:04] UPDATING ACCOUNTS (JobID: 818fc4d0-53fe-45a9-b800-79de9dee363f)
 - New and modified: 0

[17/May/2023:00:50:04] DELETING ACCOUNTS (JobID: 818fc4d0-53fe-45a9-b800-79de9dee363f)
 - Deleted: 0

[17/May/2023:00:50:36] UPDATING PRODUCTS (JobID: 37b3b59e-946d-4897-88b8-3d3b8b7cbb40)
 - New and modified: 0

[17/May/2023:00:50:37] UPDATING PREPAGATI (JobID: 499822fe-e485-4c01-ad1b-0f6e8f7a9ee8)
 - New and modified: 0

[17/May/2023:00:50:37] DELETING PREPAGATI (JobID: 499822fe-e485-4c01-ad1b-0f6e8f7a9ee8)
 - Deleted: 0

[17/May/2023:01:00:05] UPDATING ACCOUNTS (JobID: 5dcf1bb9-3e96-48f4-b771-f622efe0c23b)
 - New and modified: 0

[17/May/2023:01:00:05] DELETING ACCOUNTS (JobID: 5dcf1bb9-3e96-48f4-b771-f622efe0c23b)
 - Deleted: 0

[17/May/2023:01:00:43] UPDATING PRODUCTS (JobID: f7d043cf-2d55-43fb-812a-cbf6d98ee8c6)
 - New and modified: 0

[17/May/2023:01:00:44] UPDATING PREPAGATI (JobID: 2823a305-ea8f-45af-8199-da145a2c667a)
 - New and modified: 0

[17/May/2023:01:00:44] DELETING PREPAGATI (JobID: 2823a305-ea8f-45af-8199-da145a2c667a)
 - Deleted: 0

[17/May/2023:01:10:06] UPDATING ACCOUNTS (JobID: 4c9bf997-d8e1-428b-81b6-4cfa9dda0a77)
 - New and modified: 0

[17/May/2023:01:10:06] DELETING ACCOUNTS (JobID: 4c9bf997-d8e1-428b-81b6-4cfa9dda0a77)
 - Deleted: 0

[17/May/2023:01:10:42] UPDATING PRODUCTS (JobID: e26facbd-25e0-4d28-b1d9-bbaf47c31b44)
 - New and modified: 0

[17/May/2023:01:10:44] UPDATING PREPAGATI (JobID: 6d0362c6-458b-49f9-989d-007e05261a34)
 - New and modified: 0

[17/May/2023:01:10:44] DELETING PREPAGATI (JobID: 6d0362c6-458b-49f9-989d-007e05261a34)
 - Deleted: 0

[17/May/2023:01:20:05] UPDATING ACCOUNTS (JobID: 7a6ca24a-dcf4-48c7-8c5f-ae32cb0def13)
 - New and modified: 0

[17/May/2023:01:20:05] DELETING ACCOUNTS (JobID: 7a6ca24a-dcf4-48c7-8c5f-ae32cb0def13)
 - Deleted: 0

[17/May/2023:01:20:39] UPDATING PRODUCTS (JobID: 2596c83f-8bd7-4668-a26a-76f6461098a8)
 - New and modified: 0

[17/May/2023:01:20:41] UPDATING PREPAGATI (JobID: 44a1272c-d061-40ff-b6ff-a84b7f84212a)
 - New and modified: 0

[17/May/2023:01:20:41] DELETING PREPAGATI (JobID: 44a1272c-d061-40ff-b6ff-a84b7f84212a)
 - Deleted: 0

[17/May/2023:01:30:05] UPDATING ACCOUNTS (JobID: 37a05f74-c38d-48bc-8eaa-1ce4148a3fd5)
 - New and modified: 0

[17/May/2023:01:30:05] DELETING ACCOUNTS (JobID: 37a05f74-c38d-48bc-8eaa-1ce4148a3fd5)
 - Deleted: 0

[17/May/2023:01:30:46] UPDATING PRODUCTS (JobID: d32e13ef-244e-43f5-a0b2-283009f5082c)
 - New and modified: 0

[17/May/2023:01:30:49] UPDATING PREPAGATI (JobID: a334bb73-30c4-4fe3-96e4-83051165ec9c)
 - New and modified: 0

[17/May/2023:01:30:49] DELETING PREPAGATI (JobID: a334bb73-30c4-4fe3-96e4-83051165ec9c)
 - Deleted: 0

[17/May/2023:01:40:04] UPDATING ACCOUNTS (JobID: 92aa5d71-9dc6-45b3-ae89-d2062c84ef01)
 - New and modified: 0

[17/May/2023:01:40:04] DELETING ACCOUNTS (JobID: 92aa5d71-9dc6-45b3-ae89-d2062c84ef01)
 - Deleted: 0

[17/May/2023:01:40:40] UPDATING PRODUCTS (JobID: b65468a9-8e42-4980-8c31-ac0c06caf6a4)
 - New and modified: 0

[17/May/2023:01:40:42] UPDATING PREPAGATI (JobID: 40235be4-cd8e-41da-9400-8e34f9fb63d3)
 - New and modified: 0

[17/May/2023:01:40:42] DELETING PREPAGATI (JobID: 40235be4-cd8e-41da-9400-8e34f9fb63d3)
 - Deleted: 0

[17/May/2023:01:50:05] UPDATING ACCOUNTS (JobID: 9accbf16-4938-44f9-8d24-773c608e6fb3)
 - New and modified: 0

[17/May/2023:01:50:05] DELETING ACCOUNTS (JobID: 9accbf16-4938-44f9-8d24-773c608e6fb3)
 - Deleted: 0

[17/May/2023:01:50:37] UPDATING PRODUCTS (JobID: 4c98df4f-29cd-42e8-82be-b84231944a66)
 - New and modified: 0

[17/May/2023:01:50:39] UPDATING PREPAGATI (JobID: 1a7bdecc-950f-4c1a-8e64-e811135355d3)
 - New and modified: 0

[17/May/2023:01:50:39] DELETING PREPAGATI (JobID: 1a7bdecc-950f-4c1a-8e64-e811135355d3)
 - Deleted: 0

[17/May/2023:02:00:04] UPDATING ACCOUNTS (JobID: 07d30ba5-08d8-4d60-a3b6-f2ee9d9bf019)
 - New and modified: 0

[17/May/2023:02:00:04] DELETING ACCOUNTS (JobID: 07d30ba5-08d8-4d60-a3b6-f2ee9d9bf019)
 - Deleted: 0

[17/May/2023:02:00:40] UPDATING PRODUCTS (JobID: f8bfde37-fb78-47b0-8339-9e10a9f1d7ab)
 - New and modified: 0

[17/May/2023:02:00:42] UPDATING PREPAGATI (JobID: fec9060a-bc64-4b18-a470-54b5a3b0af4a)
 - New and modified: 0

[17/May/2023:02:00:42] DELETING PREPAGATI (JobID: fec9060a-bc64-4b18-a470-54b5a3b0af4a)
 - Deleted: 0

[17/May/2023:02:10:04] UPDATING ACCOUNTS (JobID: 1e44bca2-84e3-4be0-8b8c-f32bca394f8d)
 - New and modified: 0

[17/May/2023:02:10:04] DELETING ACCOUNTS (JobID: 1e44bca2-84e3-4be0-8b8c-f32bca394f8d)
 - Deleted: 0

[17/May/2023:02:10:36] UPDATING PRODUCTS (JobID: 9ec2b5aa-e94c-41cf-aa11-615e7622a602)
 - New and modified: 0

[17/May/2023:02:10:38] UPDATING PREPAGATI (JobID: 0920560e-04e3-4c14-bb0e-17ab884bf999)
 - New and modified: 0

[17/May/2023:02:10:38] DELETING PREPAGATI (JobID: 0920560e-04e3-4c14-bb0e-17ab884bf999)
 - Deleted: 0

[17/May/2023:02:20:04] UPDATING ACCOUNTS (JobID: f4c3bae8-9560-41a1-b0bb-34eeb7c76891)
 - New and modified: 0

[17/May/2023:02:20:04] DELETING ACCOUNTS (JobID: f4c3bae8-9560-41a1-b0bb-34eeb7c76891)
 - Deleted: 0

[17/May/2023:02:20:37] UPDATING PRODUCTS (JobID: 30eedbb6-57a7-4fe5-ba0f-0c62604daf45)
 - New and modified: 0

[17/May/2023:02:20:39] UPDATING PREPAGATI (JobID: 5f05bd2e-31c9-49c4-b68f-d107d333bd41)
 - New and modified: 0

[17/May/2023:02:20:39] DELETING PREPAGATI (JobID: 5f05bd2e-31c9-49c4-b68f-d107d333bd41)
 - Deleted: 0

[17/May/2023:02:30:04] UPDATING ACCOUNTS (JobID: 097bf9fc-27ff-455b-a012-0e431e2d708d)
 - New and modified: 0

[17/May/2023:02:30:04] DELETING ACCOUNTS (JobID: 097bf9fc-27ff-455b-a012-0e431e2d708d)
 - Deleted: 0

[17/May/2023:02:30:38] UPDATING PRODUCTS (JobID: c201243c-2f99-445c-a235-79594c716fcd)
 - New and modified: 0

[17/May/2023:02:30:40] UPDATING PREPAGATI (JobID: 11a3753d-58d5-4687-bc53-eb615d2fe11d)
 - New and modified: 0

[17/May/2023:02:30:40] DELETING PREPAGATI (JobID: 11a3753d-58d5-4687-bc53-eb615d2fe11d)
 - Deleted: 0

[17/May/2023:02:40:04] UPDATING ACCOUNTS (JobID: 5e87ceec-fbf9-4707-9224-52b8c83877b4)
 - New and modified: 0

[17/May/2023:02:40:04] DELETING ACCOUNTS (JobID: 5e87ceec-fbf9-4707-9224-52b8c83877b4)
 - Deleted: 0

[17/May/2023:02:40:37] UPDATING PRODUCTS (JobID: 15aea141-b3ee-4f82-a635-a964221e12c1)
 - New and modified: 0

[17/May/2023:02:40:38] UPDATING PREPAGATI (JobID: fd33c8d1-1788-4fa9-98e1-11a2a5e43eff)
 - New and modified: 0

[17/May/2023:02:40:38] DELETING PREPAGATI (JobID: fd33c8d1-1788-4fa9-98e1-11a2a5e43eff)
 - Deleted: 0

[17/May/2023:02:50:04] UPDATING ACCOUNTS (JobID: 75649cac-851a-4f69-96fe-e340b0c7c726)
 - New and modified: 0

[17/May/2023:02:50:04] DELETING ACCOUNTS (JobID: 75649cac-851a-4f69-96fe-e340b0c7c726)
 - Deleted: 0

[17/May/2023:02:50:37] UPDATING PRODUCTS (JobID: bb08b0ed-96b2-48f2-a744-752d0a3c7d56)
 - New and modified: 0

[17/May/2023:02:50:39] UPDATING PREPAGATI (JobID: 7ba7ceb6-dacd-4917-a11c-ec20d2f750e5)
 - New and modified: 0

[17/May/2023:02:50:39] DELETING PREPAGATI (JobID: 7ba7ceb6-dacd-4917-a11c-ec20d2f750e5)
 - Deleted: 0

[17/May/2023:03:00:05] UPDATING ACCOUNTS (JobID: 15f9e8ac-06bf-4d49-a09f-998d4fb62243)
 - New and modified: 0

[17/May/2023:03:00:05] DELETING ACCOUNTS (JobID: 15f9e8ac-06bf-4d49-a09f-998d4fb62243)
 - Deleted: 0

[17/May/2023:03:00:38] UPDATING PRODUCTS (JobID: 0ff3ea11-a80b-4685-aabd-d7d9d9dc6404)
 - New and modified: 0

[17/May/2023:03:00:39] UPDATING PREPAGATI (JobID: 558c7090-d178-4e6e-8264-0a51b898d268)
 - New and modified: 0

[17/May/2023:03:00:39] DELETING PREPAGATI (JobID: 558c7090-d178-4e6e-8264-0a51b898d268)
 - Deleted: 0

[17/May/2023:03:10:04] UPDATING ACCOUNTS (JobID: 0060cfaf-2e3f-4b9f-bbc5-2a1aa8edd10f)
 - New and modified: 0

[17/May/2023:03:10:04] DELETING ACCOUNTS (JobID: 0060cfaf-2e3f-4b9f-bbc5-2a1aa8edd10f)
 - Deleted: 0

[17/May/2023:03:10:37] UPDATING PRODUCTS (JobID: 5529dc32-cd27-4240-a5d8-279d4749eb8c)
 - New and modified: 0

[17/May/2023:03:10:40] UPDATING PREPAGATI (JobID: e6e8d7b7-66ae-4b56-8803-60c256fd25a1)
 - New and modified: 0

[17/May/2023:03:10:40] DELETING PREPAGATI (JobID: e6e8d7b7-66ae-4b56-8803-60c256fd25a1)
 - Deleted: 0

[17/May/2023:03:20:05] UPDATING ACCOUNTS (JobID: 26ac7d0d-80be-4d3c-a60c-2f5f94fbb5dc)
 - New and modified: 0

[17/May/2023:03:20:05] DELETING ACCOUNTS (JobID: 26ac7d0d-80be-4d3c-a60c-2f5f94fbb5dc)
 - Deleted: 0

[17/May/2023:03:20:40] UPDATING PRODUCTS (JobID: 88133eaa-8240-429e-9ca3-27cb82c8aa60)
 - New and modified: 0

[17/May/2023:03:20:42] UPDATING PREPAGATI (JobID: 6012602a-46cd-408e-bf23-79f40ca66f6a)
 - New and modified: 0

[17/May/2023:03:20:42] DELETING PREPAGATI (JobID: 6012602a-46cd-408e-bf23-79f40ca66f6a)
 - Deleted: 0

[17/May/2023:03:30:04] UPDATING ACCOUNTS (JobID: 9f0fa793-ab9b-42b4-bca2-fb6d566b4dfb)
 - New and modified: 0

[17/May/2023:03:30:04] DELETING ACCOUNTS (JobID: 9f0fa793-ab9b-42b4-bca2-fb6d566b4dfb)
 - Deleted: 0

[17/May/2023:03:30:39] UPDATING PRODUCTS (JobID: 9abbd54b-0128-45d8-b7e1-22f77904ed6f)
 - New and modified: 0

[17/May/2023:03:30:40] UPDATING PREPAGATI (JobID: 72daae78-8a4a-4745-bc16-06c146711334)
 - New and modified: 0

[17/May/2023:03:30:40] DELETING PREPAGATI (JobID: 72daae78-8a4a-4745-bc16-06c146711334)
 - Deleted: 0

[17/May/2023:03:40:05] UPDATING ACCOUNTS (JobID: 392cc9bd-8caa-4ce3-bbbe-2a55abc6d057)
 - New and modified: 0

[17/May/2023:03:40:05] DELETING ACCOUNTS (JobID: 392cc9bd-8caa-4ce3-bbbe-2a55abc6d057)
 - Deleted: 0

[17/May/2023:03:40:39] UPDATING PRODUCTS (JobID: 47b67154-3f36-4797-b56c-b482f7b8796a)
 - New and modified: 0

[17/May/2023:03:40:41] UPDATING PREPAGATI (JobID: 7863ccc3-4e29-48ef-9c26-a28046e69282)
 - New and modified: 0

[17/May/2023:03:40:41] DELETING PREPAGATI (JobID: 7863ccc3-4e29-48ef-9c26-a28046e69282)
 - Deleted: 0

[17/May/2023:03:50:05] UPDATING ACCOUNTS (JobID: e10f046c-5a2e-4404-bd44-4034cd34af27)
 - New and modified: 0

[17/May/2023:03:50:05] DELETING ACCOUNTS (JobID: e10f046c-5a2e-4404-bd44-4034cd34af27)
 - Deleted: 0

[17/May/2023:03:50:38] UPDATING PRODUCTS (JobID: fa7e0373-cf4e-44b9-900b-e4df5fc72905)
 - New and modified: 0

[17/May/2023:03:50:40] UPDATING PREPAGATI (JobID: 7545e8a3-6736-4ffe-8125-67449d755b92)
 - New and modified: 0

[17/May/2023:03:50:40] DELETING PREPAGATI (JobID: 7545e8a3-6736-4ffe-8125-67449d755b92)
 - Deleted: 0

[17/May/2023:04:00:04] UPDATING ACCOUNTS (JobID: a217cbaf-3e08-4bab-b161-33cf841cea8a)
 - New and modified: 0

[17/May/2023:04:00:04] DELETING ACCOUNTS (JobID: a217cbaf-3e08-4bab-b161-33cf841cea8a)
 - Deleted: 0

[17/May/2023:04:00:37] UPDATING PRODUCTS (JobID: 8b370f62-f82e-4cd4-8d91-de18ee4226bf)
 - New and modified: 0

[17/May/2023:04:00:39] UPDATING PREPAGATI (JobID: 80f5242a-7dac-4871-8e1b-7435a2974345)
 - New and modified: 0

[17/May/2023:04:00:39] DELETING PREPAGATI (JobID: 80f5242a-7dac-4871-8e1b-7435a2974345)
 - Deleted: 0

[17/May/2023:04:10:04] UPDATING ACCOUNTS (JobID: 1b000fa0-414a-41fc-bf42-dbf77721b9ec)
 - New and modified: 0

[17/May/2023:04:10:04] DELETING ACCOUNTS (JobID: 1b000fa0-414a-41fc-bf42-dbf77721b9ec)
 - Deleted: 0

[17/May/2023:04:10:36] UPDATING PRODUCTS (JobID: 43ccb871-66cf-42f5-9257-db61ee92bf30)
 - New and modified: 0

[17/May/2023:04:10:38] UPDATING PREPAGATI (JobID: c29213eb-903a-4132-b0dc-efbbb04264b0)
 - New and modified: 0

[17/May/2023:04:10:38] DELETING PREPAGATI (JobID: c29213eb-903a-4132-b0dc-efbbb04264b0)
 - Deleted: 0

[17/May/2023:04:20:04] UPDATING ACCOUNTS (JobID: b98154ac-41e4-455e-b0d3-f43bc2696ef7)
 - New and modified: 0

[17/May/2023:04:20:04] DELETING ACCOUNTS (JobID: b98154ac-41e4-455e-b0d3-f43bc2696ef7)
 - Deleted: 0

[17/May/2023:04:20:36] UPDATING PRODUCTS (JobID: f86e837b-91c5-4ff2-a48b-214809b39a48)
 - New and modified: 0

[17/May/2023:04:20:37] UPDATING PREPAGATI (JobID: 1fd11b12-928e-492d-b555-f8ecaf91f73c)
 - New and modified: 0

[17/May/2023:04:20:37] DELETING PREPAGATI (JobID: 1fd11b12-928e-492d-b555-f8ecaf91f73c)
 - Deleted: 0

[17/May/2023:04:30:04] UPDATING ACCOUNTS (JobID: d5af1a0a-77ed-49d2-a23f-26e41bef50b1)
 - New and modified: 0

[17/May/2023:04:30:04] DELETING ACCOUNTS (JobID: d5af1a0a-77ed-49d2-a23f-26e41bef50b1)
 - Deleted: 0

[17/May/2023:04:30:36] UPDATING PRODUCTS (JobID: f6ee6893-cddc-429f-8ad7-5c06166fb045)
 - New and modified: 0

[17/May/2023:04:30:37] UPDATING PREPAGATI (JobID: 27f11258-96f6-4dea-92cd-a21ccd772114)
 - New and modified: 0

[17/May/2023:04:30:37] DELETING PREPAGATI (JobID: 27f11258-96f6-4dea-92cd-a21ccd772114)
 - Deleted: 0

[17/May/2023:04:40:04] UPDATING ACCOUNTS (JobID: d1687105-05bb-4450-9e4e-b713bb3bb3bf)
 - New and modified: 0

[17/May/2023:04:40:04] DELETING ACCOUNTS (JobID: d1687105-05bb-4450-9e4e-b713bb3bb3bf)
 - Deleted: 0

[17/May/2023:04:40:36] UPDATING PRODUCTS (JobID: 8dd34145-10ec-4822-b7a1-d1f6c53e605c)
 - New and modified: 0

[17/May/2023:04:40:38] UPDATING PREPAGATI (JobID: 50fd0eb3-8258-48b9-8d51-afcfc13399ef)
 - New and modified: 0

[17/May/2023:04:40:38] DELETING PREPAGATI (JobID: 50fd0eb3-8258-48b9-8d51-afcfc13399ef)
 - Deleted: 0

[17/May/2023:04:50:04] UPDATING ACCOUNTS (JobID: 1a67905e-737e-4a4c-871c-9142d3529042)
 - New and modified: 0

[17/May/2023:04:50:04] DELETING ACCOUNTS (JobID: 1a67905e-737e-4a4c-871c-9142d3529042)
 - Deleted: 0

[17/May/2023:04:50:35] UPDATING PRODUCTS (JobID: 47c854f0-ca64-4a36-be3c-79442dbdfc89)
 - New and modified: 0

[17/May/2023:04:50:37] UPDATING PREPAGATI (JobID: 23f411cc-9b6c-428c-943c-d2c44e9499d8)
 - New and modified: 0

[17/May/2023:04:50:37] DELETING PREPAGATI (JobID: 23f411cc-9b6c-428c-943c-d2c44e9499d8)
 - Deleted: 0

[17/May/2023:05:00:05] UPDATING ACCOUNTS (JobID: b6f0cb39-3bb2-45f3-bdb8-8852efedd8de)
 - New and modified: 0

[17/May/2023:05:00:05] DELETING ACCOUNTS (JobID: b6f0cb39-3bb2-45f3-bdb8-8852efedd8de)
 - Deleted: 0

[17/May/2023:05:00:37] UPDATING PRODUCTS (JobID: 5d8ee535-3fee-482b-85f3-986534db5137)
 - New and modified: 0

[17/May/2023:05:00:39] UPDATING PREPAGATI (JobID: d2c178ee-a9fd-45b9-878b-7d68084ac1a8)
 - New and modified: 0

[17/May/2023:05:00:39] DELETING PREPAGATI (JobID: d2c178ee-a9fd-45b9-878b-7d68084ac1a8)
 - Deleted: 0

[17/May/2023:05:10:05] UPDATING ACCOUNTS (JobID: feffbdce-14fb-4d1f-a6f6-a284489758b1)
 - New and modified: 0

[17/May/2023:05:10:05] DELETING ACCOUNTS (JobID: feffbdce-14fb-4d1f-a6f6-a284489758b1)
 - Deleted: 0

[17/May/2023:05:10:37] UPDATING PRODUCTS (JobID: e30b66de-d7c9-4faa-8bb0-d6aebc5f02e6)
 - New and modified: 0

[17/May/2023:05:10:38] UPDATING PREPAGATI (JobID: 0afdcc74-ffb5-4f61-a629-9f46ee762781)
 - New and modified: 0

[17/May/2023:05:10:38] DELETING PREPAGATI (JobID: 0afdcc74-ffb5-4f61-a629-9f46ee762781)
 - Deleted: 0

[17/May/2023:05:20:05] UPDATING ACCOUNTS (JobID: 34e6c92f-7c22-4e68-b3bd-2cfee82f3b9a)
 - New and modified: 0

[17/May/2023:05:20:05] DELETING ACCOUNTS (JobID: 34e6c92f-7c22-4e68-b3bd-2cfee82f3b9a)
 - Deleted: 0

[17/May/2023:05:20:37] UPDATING PRODUCTS (JobID: 05b7faff-6386-4b82-919d-c4f40ec9b28d)
 - New and modified: 0

[17/May/2023:05:20:38] UPDATING PREPAGATI (JobID: 983a2057-32fe-4ccf-8738-50e726556839)
 - New and modified: 0

[17/May/2023:05:20:38] DELETING PREPAGATI (JobID: 983a2057-32fe-4ccf-8738-50e726556839)
 - Deleted: 0

[17/May/2023:05:30:04] UPDATING ACCOUNTS (JobID: 21c6a46f-ce7d-4ac6-87fd-fb5124610297)
 - New and modified: 0

[17/May/2023:05:30:04] DELETING ACCOUNTS (JobID: 21c6a46f-ce7d-4ac6-87fd-fb5124610297)
 - Deleted: 0

[17/May/2023:05:30:35] UPDATING PRODUCTS (JobID: 02cc9c3c-6f87-444d-932e-29f098fd20a1)
 - New and modified: 0

[17/May/2023:05:30:37] UPDATING PREPAGATI (JobID: 37697137-7b5d-4542-bc95-d21e27935f54)
 - New and modified: 0

[17/May/2023:05:30:37] DELETING PREPAGATI (JobID: 37697137-7b5d-4542-bc95-d21e27935f54)
 - Deleted: 0

[17/May/2023:05:40:05] UPDATING ACCOUNTS (JobID: a99a3e10-ecb4-4fee-97c6-47754076da78)
 - New and modified: 0

[17/May/2023:05:40:05] DELETING ACCOUNTS (JobID: a99a3e10-ecb4-4fee-97c6-47754076da78)
 - Deleted: 0

[17/May/2023:05:40:36] UPDATING PRODUCTS (JobID: 7329cc54-47ea-4788-926d-5458ab34f19d)
 - New and modified: 0

[17/May/2023:05:40:37] UPDATING PREPAGATI (JobID: c620e5e6-5cc2-49df-9e51-fd74a48a1c12)
 - New and modified: 0

[17/May/2023:05:40:37] DELETING PREPAGATI (JobID: c620e5e6-5cc2-49df-9e51-fd74a48a1c12)
 - Deleted: 0

[17/May/2023:05:50:05] UPDATING ACCOUNTS (JobID: fb328f32-7ba2-4698-9a1c-9689523a19df)
 - New and modified: 0

[17/May/2023:05:50:05] DELETING ACCOUNTS (JobID: fb328f32-7ba2-4698-9a1c-9689523a19df)
 - Deleted: 0

[17/May/2023:05:50:35] UPDATING PRODUCTS (JobID: dc283bac-2972-4851-97be-6dd77347e5c5)
 - New and modified: 0

[17/May/2023:05:50:37] UPDATING PREPAGATI (JobID: 3927e4c1-172f-423b-8134-0e07ecee1249)
 - New and modified: 0

[17/May/2023:05:50:37] DELETING PREPAGATI (JobID: 3927e4c1-172f-423b-8134-0e07ecee1249)
 - Deleted: 0

[17/May/2023:06:00:04] UPDATING ACCOUNTS (JobID: 24b840a6-bfe0-45c4-997b-413ef53a3a44)
 - New and modified: 0

[17/May/2023:06:00:04] DELETING ACCOUNTS (JobID: 24b840a6-bfe0-45c4-997b-413ef53a3a44)
 - Deleted: 0

[17/May/2023:06:00:39] UPDATING PRODUCTS (JobID: 259fbf50-2a72-4c02-9289-c0bc361f743b)
 - New and modified: 0

[17/May/2023:06:00:42] UPDATING PREPAGATI (JobID: edf8597b-c58f-4a22-b689-a18b8a7cb4a8)
 - New and modified: 0

[17/May/2023:06:00:42] DELETING PREPAGATI (JobID: edf8597b-c58f-4a22-b689-a18b8a7cb4a8)
 - Deleted: 0

[17/May/2023:06:10:04] UPDATING ACCOUNTS (JobID: 3fd0b844-0be0-4438-9082-5d23b7f91783)
 - New and modified: 0

[17/May/2023:06:10:04] DELETING ACCOUNTS (JobID: 3fd0b844-0be0-4438-9082-5d23b7f91783)
 - Deleted: 0

[17/May/2023:06:10:39] UPDATING PRODUCTS (JobID: 146c8abf-69b5-4012-8e2b-094aef82a906)
 - New and modified: 0

[17/May/2023:06:10:41] UPDATING PREPAGATI (JobID: 870b8b17-5409-4813-8d44-dd709747ff32)
 - New and modified: 0

[17/May/2023:06:10:41] DELETING PREPAGATI (JobID: 870b8b17-5409-4813-8d44-dd709747ff32)
 - Deleted: 0

[17/May/2023:06:20:05] UPDATING ACCOUNTS (JobID: eb450a46-5eeb-4b51-907c-2cf4fab4f571)
 - New and modified: 0

[17/May/2023:06:20:05] DELETING ACCOUNTS (JobID: eb450a46-5eeb-4b51-907c-2cf4fab4f571)
 - Deleted: 0

[17/May/2023:06:20:39] UPDATING PRODUCTS (JobID: b0da4876-bf5d-4d1f-9ffc-5a05e5817bed)
 - New and modified: 0

[17/May/2023:06:20:41] UPDATING PREPAGATI (JobID: 0d8d516b-27e2-4426-816c-23475eb91fe5)
 - New and modified: 0

[17/May/2023:06:20:41] DELETING PREPAGATI (JobID: 0d8d516b-27e2-4426-816c-23475eb91fe5)
 - Deleted: 0

[17/May/2023:06:30:04] UPDATING ACCOUNTS (JobID: aa0a1748-a2c1-4e46-bf79-04131029f134)
 - New and modified: 0

[17/May/2023:06:30:04] DELETING ACCOUNTS (JobID: aa0a1748-a2c1-4e46-bf79-04131029f134)
 - Deleted: 0

[17/May/2023:06:30:43] UPDATING PRODUCTS (JobID: 2e48d1aa-66de-464d-8f51-a33c407dc484)
 - New and modified: 0

[17/May/2023:06:30:45] UPDATING PREPAGATI (JobID: 9fa7c173-9e81-4225-ba21-26ab1a3757ad)
 - New and modified: 0

[17/May/2023:06:30:45] DELETING PREPAGATI (JobID: 9fa7c173-9e81-4225-ba21-26ab1a3757ad)
 - Deleted: 0

[17/May/2023:06:40:04] UPDATING ACCOUNTS (JobID: fbfd4341-6988-48fb-8e48-3b90a8d4ea3c)
 - New and modified: 0

[17/May/2023:06:40:04] DELETING ACCOUNTS (JobID: fbfd4341-6988-48fb-8e48-3b90a8d4ea3c)
 - Deleted: 0

[17/May/2023:06:40:38] UPDATING PRODUCTS (JobID: 18416fd5-c2a7-4e88-b1df-64271836707e)
 - New and modified: 0

[17/May/2023:06:40:40] UPDATING PREPAGATI (JobID: 01feaf83-af5e-47c9-a185-36bd3300ce59)
 - New and modified: 0

[17/May/2023:06:40:40] DELETING PREPAGATI (JobID: 01feaf83-af5e-47c9-a185-36bd3300ce59)
 - Deleted: 0

[17/May/2023:06:50:04] UPDATING ACCOUNTS (JobID: 0bb96f6c-8d85-4da8-8c7b-b68faa971333)
 - New and modified: 0

[17/May/2023:06:50:04] DELETING ACCOUNTS (JobID: 0bb96f6c-8d85-4da8-8c7b-b68faa971333)
 - Deleted: 0

[17/May/2023:06:50:39] UPDATING PRODUCTS (JobID: f56647cd-13e0-43bd-84a6-7075ea623af0)
 - New and modified: 0

[17/May/2023:06:50:42] UPDATING PREPAGATI (JobID: 9b4df757-90ad-45d2-93fd-4529e06e78fa)
 - New and modified: 0

[17/May/2023:06:50:42] DELETING PREPAGATI (JobID: 9b4df757-90ad-45d2-93fd-4529e06e78fa)
 - Deleted: 0

[17/May/2023:07:00:16] UPDATING ACCOUNTS (JobID: e1e8f578-b5c2-4077-b99c-2bad8d84c11c)
 - New and modified: 0

[17/May/2023:07:00:16] DELETING ACCOUNTS (JobID: e1e8f578-b5c2-4077-b99c-2bad8d84c11c)
 - Deleted: 0

[17/May/2023:07:00:56] UPDATING PRODUCTS (JobID: 46f9c542-6cf1-4824-9e9c-fb7224376b20)
 - New and modified: 0

[17/May/2023:07:00:58] UPDATING PREPAGATI (JobID: 754a316f-6b79-4008-8388-fe8e712fb1e1)
 - New and modified: 0

[17/May/2023:07:00:58] DELETING PREPAGATI (JobID: 754a316f-6b79-4008-8388-fe8e712fb1e1)
 - Deleted: 0

[17/May/2023:07:10:04] UPDATING ACCOUNTS (JobID: 9af1e767-218f-4a34-b73d-13dbe58fc0ed)
 - New and modified: 0

[17/May/2023:07:10:04] DELETING ACCOUNTS (JobID: 9af1e767-218f-4a34-b73d-13dbe58fc0ed)
 - Deleted: 0

[17/May/2023:07:10:46] UPDATING PRODUCTS (JobID: 5c771e07-6753-4f7b-9c51-497ca1ab1114)
 - New and modified: 0

[17/May/2023:07:10:49] UPDATING PREPAGATI (JobID: f42a1ebf-3d05-4743-93b9-90120dbc759e)
 - New and modified: 0

[17/May/2023:07:10:49] DELETING PREPAGATI (JobID: f42a1ebf-3d05-4743-93b9-90120dbc759e)
 - Deleted: 0

[17/May/2023:07:20:04] UPDATING ACCOUNTS (JobID: 2dc88146-375d-4c84-ba2d-2cea5f3f1e2b)
 - New and modified: 0

[17/May/2023:07:20:04] DELETING ACCOUNTS (JobID: 2dc88146-375d-4c84-ba2d-2cea5f3f1e2b)
 - Deleted: 0

[17/May/2023:07:20:41] UPDATING PRODUCTS (JobID: bfb73e9e-476a-48a7-ab48-e3d1685be9fc)
 - New and modified: 0

[17/May/2023:07:20:44] UPDATING PREPAGATI (JobID: 7e7a69d2-18bb-43d0-8b3f-080151f87253)
 - New and modified: 0

[17/May/2023:07:20:44] DELETING PREPAGATI (JobID: 7e7a69d2-18bb-43d0-8b3f-080151f87253)
 - Deleted: 0

[17/May/2023:07:30:05] UPDATING ACCOUNTS (JobID: 142ca68b-7f53-4502-be11-a69f59c1ddfb)
 - New and modified: 0

[17/May/2023:07:30:05] DELETING ACCOUNTS (JobID: 142ca68b-7f53-4502-be11-a69f59c1ddfb)
 - Deleted: 0

[17/May/2023:07:30:42] UPDATING PRODUCTS (JobID: 95c2347f-8322-41cc-96d4-b80bd0c4d80d)
 - New and modified: 0

[17/May/2023:07:30:44] UPDATING PREPAGATI (JobID: 2ea685df-ba00-4e9f-b586-d86226076b69)
 - New and modified: 0

[17/May/2023:07:30:44] DELETING PREPAGATI (JobID: 2ea685df-ba00-4e9f-b586-d86226076b69)
 - Deleted: 0

[17/May/2023:07:40:05] UPDATING ACCOUNTS (JobID: 1f51b831-4a79-42bd-a037-9c482dafe014)
 - New and modified: 0

[17/May/2023:07:40:05] DELETING ACCOUNTS (JobID: 1f51b831-4a79-42bd-a037-9c482dafe014)
 - Deleted: 0

[17/May/2023:07:40:42] UPDATING PRODUCTS (JobID: f921827a-2f78-4507-8f3c-78784816141b)
 - New and modified: 0

[17/May/2023:07:40:44] UPDATING PREPAGATI (JobID: cbaf2882-2986-4d9b-b789-8be8bbf37056)
 - New and modified: 0

[17/May/2023:07:40:44] DELETING PREPAGATI (JobID: cbaf2882-2986-4d9b-b789-8be8bbf37056)
 - Deleted: 0

[17/May/2023:07:50:04] UPDATING ACCOUNTS (JobID: e095ff54-7cf3-4ed3-9601-11b5f212bd19)
 - New and modified: 0

[17/May/2023:07:50:04] DELETING ACCOUNTS (JobID: e095ff54-7cf3-4ed3-9601-11b5f212bd19)
 - Deleted: 0

[17/May/2023:07:50:37] UPDATING PRODUCTS (JobID: 7289fac0-4944-460a-ad7e-c0ead3d7ecab)
 - New and modified: 0

[17/May/2023:07:50:39] UPDATING PREPAGATI (JobID: 0b0fafcf-29d9-4971-a70f-a9a8d2494b34)
 - New and modified: 0

[17/May/2023:07:50:39] DELETING PREPAGATI (JobID: 0b0fafcf-29d9-4971-a70f-a9a8d2494b34)
 - Deleted: 0

[17/May/2023:08:00:04] UPDATING ACCOUNTS (JobID: e083dbdb-6ac4-4346-acaa-0d2a0d03c780)
 - New and modified: 0

[17/May/2023:08:00:04] DELETING ACCOUNTS (JobID: e083dbdb-6ac4-4346-acaa-0d2a0d03c780)
 - Deleted: 0

[17/May/2023:08:00:41] UPDATING PRODUCTS (JobID: b5ac6079-5e70-45b9-b05f-d15c04b4d40b)
 - New and modified: 0

[17/May/2023:08:00:43] UPDATING PREPAGATI (JobID: 2f613fe2-e631-4468-8453-be207332e3d8)
 - New and modified: 0

[17/May/2023:08:00:43] DELETING PREPAGATI (JobID: 2f613fe2-e631-4468-8453-be207332e3d8)
 - Deleted: 0

[17/May/2023:08:10:04] UPDATING ACCOUNTS (JobID: e1de1fb5-05b1-4d7c-ac14-236d3f438c14)
 - New and modified: 0

[17/May/2023:08:10:04] DELETING ACCOUNTS (JobID: e1de1fb5-05b1-4d7c-ac14-236d3f438c14)
 - Deleted: 0

[17/May/2023:08:10:38] UPDATING PRODUCTS (JobID: 6d9d70b0-0c54-4dcf-a72e-29ca071cdb10)
 - New and modified: 0

[17/May/2023:08:10:40] UPDATING PREPAGATI (JobID: 1f593930-519d-4db5-9971-6241925d77ed)
 - New and modified: 0

[17/May/2023:08:10:40] DELETING PREPAGATI (JobID: 1f593930-519d-4db5-9971-6241925d77ed)
 - Deleted: 0

[17/May/2023:08:20:04] UPDATING ACCOUNTS (JobID: 00065743-0f1d-4984-8b4d-ddfeabc749f9)
 - New and modified: 0

[17/May/2023:08:20:04] DELETING ACCOUNTS (JobID: 00065743-0f1d-4984-8b4d-ddfeabc749f9)
 - Deleted: 0

[17/May/2023:08:20:39] UPDATING PRODUCTS (JobID: d4592b13-7034-4223-be6a-657bc64c7e57)
 - New and modified: 0

[17/May/2023:08:20:41] UPDATING PREPAGATI (JobID: 75de9ed0-ac6b-47c8-bee1-29bf28740af9)
 - New and modified: 0

[17/May/2023:08:20:41] DELETING PREPAGATI (JobID: 75de9ed0-ac6b-47c8-bee1-29bf28740af9)
 - Deleted: 0

[17/May/2023:08:30:04] UPDATING ACCOUNTS (JobID: a0c70202-e86c-4345-a8d1-8a6bd6a55019)
 - New and modified: 0

[17/May/2023:08:30:04] DELETING ACCOUNTS (JobID: a0c70202-e86c-4345-a8d1-8a6bd6a55019)
 - Deleted: 0

[17/May/2023:08:30:39] UPDATING PRODUCTS (JobID: 2f990410-7a6a-431d-ad5d-21fd2f99f43a)
 - New and modified: 0

[17/May/2023:08:30:41] UPDATING PREPAGATI (JobID: c0cd01dc-572d-405d-99b2-678b0a50cb8d)
 - New and modified: 0

[17/May/2023:08:30:41] DELETING PREPAGATI (JobID: c0cd01dc-572d-405d-99b2-678b0a50cb8d)
 - Deleted: 0

[17/May/2023:08:40:04] UPDATING ACCOUNTS (JobID: 3f02d9d9-ef8f-438a-a556-7b8efa670f9b)
 - New and modified: 0

[17/May/2023:08:40:04] DELETING ACCOUNTS (JobID: 3f02d9d9-ef8f-438a-a556-7b8efa670f9b)
 - Deleted: 0

[17/May/2023:08:40:37] UPDATING PRODUCTS (JobID: 2e38929c-42d9-4571-a9f0-8ea1b1eb1873)
 - New and modified: 0

[17/May/2023:08:40:39] UPDATING PREPAGATI (JobID: c14b6246-1f81-4ce7-bcfc-63f7e3001e4d)
 - New and modified: 0

[17/May/2023:08:40:39] DELETING PREPAGATI (JobID: c14b6246-1f81-4ce7-bcfc-63f7e3001e4d)
 - Deleted: 0

[17/May/2023:08:50:04] UPDATING ACCOUNTS (JobID: 260eaba0-46b5-40ff-8db4-177cfea45c9e)
 - New and modified: 0

[17/May/2023:08:50:04] DELETING ACCOUNTS (JobID: 260eaba0-46b5-40ff-8db4-177cfea45c9e)
 - Deleted: 0

[17/May/2023:08:50:39] UPDATING PRODUCTS (JobID: d7e557af-5496-4e2a-a1d1-b0e35dab0cc2)
 - New and modified: 0

[17/May/2023:08:50:41] UPDATING PREPAGATI (JobID: 3d064dc2-da6c-4789-90ad-dddce943e353)
 - New and modified: 0

[17/May/2023:08:50:41] DELETING PREPAGATI (JobID: 3d064dc2-da6c-4789-90ad-dddce943e353)
 - Deleted: 0

[17/May/2023:09:00:04] UPDATING ACCOUNTS (JobID: 2e28b10d-a9d9-49e4-b666-b0ed257bc757)
 - New and modified: 0

[17/May/2023:09:00:04] DELETING ACCOUNTS (JobID: 2e28b10d-a9d9-49e4-b666-b0ed257bc757)
 - Deleted: 0

[17/May/2023:09:00:40] UPDATING PRODUCTS (JobID: 30e49b44-c798-4d55-bacb-b532200b2dc3)
 - New and modified: 0

[17/May/2023:09:00:42] UPDATING PREPAGATI (JobID: 35abd9c1-6371-40bd-b89f-bcb31df2c95c)
 - New and modified: 0

[17/May/2023:09:00:42] DELETING PREPAGATI (JobID: 35abd9c1-6371-40bd-b89f-bcb31df2c95c)
 - Deleted: 0

[17/May/2023:09:10:04] UPDATING ACCOUNTS (JobID: 4a09dfca-d378-4b4a-881a-22c13e205341)
 - New and modified: 0

[17/May/2023:09:10:05] DELETING ACCOUNTS (JobID: 4a09dfca-d378-4b4a-881a-22c13e205341)
 - Deleted: 0

[17/May/2023:09:10:41] UPDATING PRODUCTS (JobID: b977a2b9-683c-4c0a-8e50-25076c95bd31)
 - New and modified: 0

[17/May/2023:09:10:43] UPDATING PREPAGATI (JobID: d6077913-2eaa-4483-9b6e-27399845cdf5)
 - New and modified: 0

[17/May/2023:09:10:43] DELETING PREPAGATI (JobID: d6077913-2eaa-4483-9b6e-27399845cdf5)
 - Deleted: 0

[17/May/2023:09:20:05] UPDATING ACCOUNTS (JobID: 3d6d3af4-993b-429b-ae27-1cacf1a15596)
 - New and modified: 0

[17/May/2023:09:20:05] DELETING ACCOUNTS (JobID: 3d6d3af4-993b-429b-ae27-1cacf1a15596)
 - Deleted: 0

[17/May/2023:09:20:38] UPDATING PRODUCTS (JobID: fdb5d5e0-ef12-4bcc-88e1-efdbd108b704)
 - New and modified: 0

[17/May/2023:09:20:40] UPDATING PREPAGATI (JobID: 11cd2c5c-d14a-4359-959b-3c4fef392ee8)
 - New and modified: 0

[17/May/2023:09:20:40] DELETING PREPAGATI (JobID: 11cd2c5c-d14a-4359-959b-3c4fef392ee8)
 - Deleted: 0

[17/May/2023:09:30:04] UPDATING ACCOUNTS (JobID: 53ba7d33-302c-4881-81fb-e6065acca5ba)
 - New and modified: 0

[17/May/2023:09:30:04] DELETING ACCOUNTS (JobID: 53ba7d33-302c-4881-81fb-e6065acca5ba)
 - Deleted: 0

[17/May/2023:09:30:42] UPDATING PRODUCTS (JobID: 47f071da-2415-4b4d-88c7-30f20e68c87d)
 - New and modified: 0

[17/May/2023:09:30:43] UPDATING PREPAGATI (JobID: 38bb4e88-5f74-48db-ad75-8c838a7327e5)
 - New and modified: 0

[17/May/2023:09:30:43] DELETING PREPAGATI (JobID: 38bb4e88-5f74-48db-ad75-8c838a7327e5)
 - Deleted: 0

[17/May/2023:09:40:04] UPDATING ACCOUNTS (JobID: e05de61b-04de-4437-a442-e86fdcd36308)
 - New and modified: 0

[17/May/2023:09:40:04] DELETING ACCOUNTS (JobID: e05de61b-04de-4437-a442-e86fdcd36308)
 - Deleted: 0

[17/May/2023:09:40:39] UPDATING PRODUCTS (JobID: 13c7da1a-b6ea-4919-bbd2-9fe1b2c4d3c4)
 - New and modified: 0

[17/May/2023:09:40:41] UPDATING PREPAGATI (JobID: 37ad15b6-5128-45af-9501-484bca1aca87)
 - New and modified: 0

[17/May/2023:09:40:41] DELETING PREPAGATI (JobID: 37ad15b6-5128-45af-9501-484bca1aca87)
 - Deleted: 0

[17/May/2023:09:50:04] UPDATING ACCOUNTS (JobID: d6dcc802-89f3-4c44-a318-617c5fadd9c3)
 - New and modified: 0

[17/May/2023:09:50:04] DELETING ACCOUNTS (JobID: d6dcc802-89f3-4c44-a318-617c5fadd9c3)
 - Deleted: 0

[17/May/2023:09:50:39] UPDATING PRODUCTS (JobID: 0b6f93a0-0f35-47fa-9f59-23456c7e1259)
 - New and modified: 0

[17/May/2023:09:50:40] UPDATING PREPAGATI (JobID: 6e04eeed-9732-4127-8220-0a0a8eddb2bf)
 - New and modified: 0

[17/May/2023:09:50:40] DELETING PREPAGATI (JobID: 6e04eeed-9732-4127-8220-0a0a8eddb2bf)
 - Deleted: 0

[17/May/2023:10:00:05] UPDATING ACCOUNTS (JobID: 46513e97-784f-4d9b-b433-2435a947aa4e)
 - New and modified: 0

[17/May/2023:10:00:05] DELETING ACCOUNTS (JobID: 46513e97-784f-4d9b-b433-2435a947aa4e)
 - Deleted: 0

[17/May/2023:10:00:40] UPDATING PRODUCTS (JobID: 48aaad58-c61f-495a-964f-5ef116378fe2)
 - New and modified: 0

[17/May/2023:10:00:41] UPDATING PREPAGATI (JobID: 2e79677a-c25d-4af3-b51b-5f4dec011614)
 - New and modified: 0

[17/May/2023:10:00:41] DELETING PREPAGATI (JobID: 2e79677a-c25d-4af3-b51b-5f4dec011614)
 - Deleted: 0

[17/May/2023:10:10:04] UPDATING ACCOUNTS (JobID: a97a5aa2-0d27-4816-8f93-d8e0a7f24929)
 - New and modified: 0

[17/May/2023:10:10:04] DELETING ACCOUNTS (JobID: a97a5aa2-0d27-4816-8f93-d8e0a7f24929)
 - Deleted: 0

[17/May/2023:10:10:40] UPDATING PRODUCTS (JobID: a5df3038-7ae3-48a1-963b-1f3c5576e9f9)
 - New and modified: 0

[17/May/2023:10:10:43] UPDATING PREPAGATI (JobID: 0d62636a-6f65-4bc4-a183-9ca985cb11e9)
 - New and modified: 0

[17/May/2023:10:10:43] DELETING PREPAGATI (JobID: 0d62636a-6f65-4bc4-a183-9ca985cb11e9)
 - Deleted: 0

[17/May/2023:10:20:05] UPDATING ACCOUNTS (JobID: f80b3eed-6c48-4d91-bf1d-c7ee03ba716e)
 - New and modified: 0

[17/May/2023:10:20:05] DELETING ACCOUNTS (JobID: f80b3eed-6c48-4d91-bf1d-c7ee03ba716e)
 - Deleted: 0

[17/May/2023:10:20:41] UPDATING PRODUCTS (JobID: c6df0464-9fdb-4133-9be8-6ba492662ff6)
 - New and modified: 1
   SMTP 12884

[17/May/2023:10:20:43] UPDATING PREPAGATI (JobID: 3e0ee529-4d8d-46dc-b0ad-32cf42dcd00c)
 - New and modified: 0

[17/May/2023:10:20:43] DELETING PREPAGATI (JobID: 3e0ee529-4d8d-46dc-b0ad-32cf42dcd00c)
 - Deleted: 0

[17/May/2023:10:30:05] UPDATING ACCOUNTS (JobID: b152f086-34e6-4a6e-9474-ba1585c67801)
 - New and modified: 0

[17/May/2023:10:30:05] DELETING ACCOUNTS (JobID: b152f086-34e6-4a6e-9474-ba1585c67801)
 - Deleted: 0

[17/May/2023:10:30:39] UPDATING PRODUCTS (JobID: 392bb045-fcd2-41c5-8b62-97b4f7b0223b)
 - New and modified: 0

[17/May/2023:10:30:41] UPDATING PREPAGATI (JobID: 376a90b3-5dbb-492a-8cc2-1265644c14de)
 - New and modified: 0

[17/May/2023:10:30:41] DELETING PREPAGATI (JobID: 376a90b3-5dbb-492a-8cc2-1265644c14de)
 - Deleted: 0

[17/May/2023:10:40:05] UPDATING ACCOUNTS (JobID: afc6636c-b25d-4038-b58e-818aa3e2b53e)
 - New and modified: 0

[17/May/2023:10:40:05] DELETING ACCOUNTS (JobID: afc6636c-b25d-4038-b58e-818aa3e2b53e)
 - Deleted: 0

[17/May/2023:10:40:42] UPDATING PRODUCTS (JobID: 105b3345-e845-4554-b52a-92c941c47a35)
 - New and modified: 0

[17/May/2023:10:40:43] UPDATING PREPAGATI (JobID: 479c920a-ccd4-45d3-9fbf-7cfc7f0abb8b)
 - New and modified: 0

[17/May/2023:10:40:43] DELETING PREPAGATI (JobID: 479c920a-ccd4-45d3-9fbf-7cfc7f0abb8b)
 - Deleted: 0

[17/May/2023:10:50:04] UPDATING ACCOUNTS (JobID: 0d74b6a4-f35b-4937-b476-fb14031740bc)
 - New and modified: 0

[17/May/2023:10:50:04] DELETING ACCOUNTS (JobID: 0d74b6a4-f35b-4937-b476-fb14031740bc)
 - Deleted: 0

[17/May/2023:10:50:39] UPDATING PRODUCTS (JobID: b0a4cf9b-800b-467e-8687-66b419651aee)
 - New and modified: 0

[17/May/2023:10:50:41] UPDATING PREPAGATI (JobID: 9d9566af-af79-4e34-829d-fb67e3413d05)
 - New and modified: 0

[17/May/2023:10:50:41] DELETING PREPAGATI (JobID: 9d9566af-af79-4e34-829d-fb67e3413d05)
 - Deleted: 0

[17/May/2023:11:00:04] UPDATING ACCOUNTS (JobID: 5f0454de-403d-4d95-8c30-19699a99c36b)
 - New and modified: 0

[17/May/2023:11:00:04] DELETING ACCOUNTS (JobID: 5f0454de-403d-4d95-8c30-19699a99c36b)
 - Deleted: 0

[17/May/2023:11:00:41] UPDATING PRODUCTS (JobID: d0a210a5-b1b0-4069-9bf3-b97fb91922c7)
 - New and modified: 0

[17/May/2023:11:00:43] UPDATING PREPAGATI (JobID: c31477c3-e749-4395-ac2e-b54d3685d96e)
 - New and modified: 0

[17/May/2023:11:00:43] DELETING PREPAGATI (JobID: c31477c3-e749-4395-ac2e-b54d3685d96e)
 - Deleted: 0

[17/May/2023:11:10:04] UPDATING ACCOUNTS (JobID: 1c20f87b-f590-4624-b3d9-d08d8c6b4655)
 - New and modified: 0

[17/May/2023:11:10:04] DELETING ACCOUNTS (JobID: 1c20f87b-f590-4624-b3d9-d08d8c6b4655)
 - Deleted: 0

[17/May/2023:11:10:40] UPDATING PRODUCTS (JobID: fb4dfee6-f8ad-4310-9128-f722d4b105f6)
 - New and modified: 0

[17/May/2023:11:10:42] UPDATING PREPAGATI (JobID: 81de996f-d20a-482e-a464-c1787ecd49f6)
 - New and modified: 0

[17/May/2023:11:10:42] DELETING PREPAGATI (JobID: 81de996f-d20a-482e-a464-c1787ecd49f6)
 - Deleted: 0

[17/May/2023:11:20:04] UPDATING ACCOUNTS (JobID: bc7df21e-ce70-49e0-9f98-191d7cb36b89)
 - New and modified: 0

[17/May/2023:11:20:04] DELETING ACCOUNTS (JobID: bc7df21e-ce70-49e0-9f98-191d7cb36b89)
 - Deleted: 0

[17/May/2023:11:20:40] UPDATING PRODUCTS (JobID: 292f65a1-da31-438b-953a-7637e49af88e)
 - New and modified: 0

[17/May/2023:11:20:42] UPDATING PREPAGATI (JobID: 010a52f5-ed0f-4c60-a07c-bf5ba9f32216)
 - New and modified: 0

[17/May/2023:11:20:42] DELETING PREPAGATI (JobID: 010a52f5-ed0f-4c60-a07c-bf5ba9f32216)
 - Deleted: 0

[17/May/2023:11:30:05] UPDATING ACCOUNTS (JobID: 739f74fe-6302-482a-a891-7fa0640db756)
 - New and modified: 0

[17/May/2023:11:30:05] DELETING ACCOUNTS (JobID: 739f74fe-6302-482a-a891-7fa0640db756)
 - Deleted: 0

[17/May/2023:11:30:39] UPDATING PRODUCTS (JobID: b6ea8b4d-b929-4d35-8aba-3f409c9294f4)
 - New and modified: 0

[17/May/2023:11:30:41] UPDATING PREPAGATI (JobID: 0160277c-567e-4f7b-8d19-b2913c3a7862)
 - New and modified: 0

[17/May/2023:11:30:41] DELETING PREPAGATI (JobID: 0160277c-567e-4f7b-8d19-b2913c3a7862)
 - Deleted: 0

[17/May/2023:11:40:04] UPDATING ACCOUNTS (JobID: a572066b-1a28-4734-a01c-4ab89347905c)
 - New and modified: 0

[17/May/2023:11:40:04] DELETING ACCOUNTS (JobID: a572066b-1a28-4734-a01c-4ab89347905c)
 - Deleted: 0

[17/May/2023:11:40:38] UPDATING PRODUCTS (JobID: 27a8d970-6e29-4212-b16f-201640b957d9)
 - New and modified: 0

[17/May/2023:11:40:40] UPDATING PREPAGATI (JobID: bcd7ecb0-08f6-41d8-a4e7-1f1a3bef58bd)
 - New and modified: 0

[17/May/2023:11:40:40] DELETING PREPAGATI (JobID: bcd7ecb0-08f6-41d8-a4e7-1f1a3bef58bd)
 - Deleted: 0

[17/May/2023:11:50:04] UPDATING ACCOUNTS (JobID: 1750ebcf-da81-4666-8329-853643bd3bbb)
 - New and modified: 0

[17/May/2023:11:50:04] DELETING ACCOUNTS (JobID: 1750ebcf-da81-4666-8329-853643bd3bbb)
 - Deleted: 0

[17/May/2023:11:50:40] UPDATING PRODUCTS (JobID: 426f5c4e-e045-4da9-8f96-7cb9be77da3c)
 - New and modified: 0

[17/May/2023:11:50:42] UPDATING PREPAGATI (JobID: 14969c16-1395-43e5-a36c-4ab5ea253334)
 - New and modified: 0

[17/May/2023:11:50:42] DELETING PREPAGATI (JobID: 14969c16-1395-43e5-a36c-4ab5ea253334)
 - Deleted: 0

[17/May/2023:12:00:04] UPDATING ACCOUNTS (JobID: a512faad-a494-4c27-a92d-1f918cda6251)
 - New and modified: 0

[17/May/2023:12:00:04] DELETING ACCOUNTS (JobID: a512faad-a494-4c27-a92d-1f918cda6251)
 - Deleted: 0

[17/May/2023:12:00:38] UPDATING PRODUCTS (JobID: c216364d-ebe5-4aa4-b779-f8e19175cd3e)
 - New and modified: 0

[17/May/2023:12:00:40] UPDATING PREPAGATI (JobID: 97035ece-4dac-427d-a2b1-3f2aa1d4a129)
 - New and modified: 0

[17/May/2023:12:00:40] DELETING PREPAGATI (JobID: 97035ece-4dac-427d-a2b1-3f2aa1d4a129)
 - Deleted: 0

[17/May/2023:12:10:04] UPDATING ACCOUNTS (JobID: 6ce00161-65dc-42e2-b04c-8ca16bc9cb6b)
 - New and modified: 0

[17/May/2023:12:10:04] DELETING ACCOUNTS (JobID: 6ce00161-65dc-42e2-b04c-8ca16bc9cb6b)
 - Deleted: 0

[17/May/2023:12:10:38] UPDATING PRODUCTS (JobID: 312bded0-ec29-442b-9a11-50fc02f88b23)
 - New and modified: 0

[17/May/2023:12:10:40] UPDATING PREPAGATI (JobID: 73bde4b9-9188-475b-8fae-afd9d8ae3f1a)
 - New and modified: 0

[17/May/2023:12:10:40] DELETING PREPAGATI (JobID: 73bde4b9-9188-475b-8fae-afd9d8ae3f1a)
 - Deleted: 0

[17/May/2023:12:20:04] UPDATING ACCOUNTS (JobID: ee89ce39-0138-433e-bdea-467da412ce3b)
 - New and modified: 0

[17/May/2023:12:20:04] DELETING ACCOUNTS (JobID: ee89ce39-0138-433e-bdea-467da412ce3b)
 - Deleted: 0

[17/May/2023:12:20:39] UPDATING PRODUCTS (JobID: ace35d1a-9c3b-40b5-9eb0-7d2e7143c0db)
 - New and modified: 0

[17/May/2023:12:20:41] UPDATING PREPAGATI (JobID: 56ef0730-ef57-4b7a-80d7-5d36a454876c)
 - New and modified: 0

[17/May/2023:12:20:41] DELETING PREPAGATI (JobID: 56ef0730-ef57-4b7a-80d7-5d36a454876c)
 - Deleted: 0

[17/May/2023:12:30:05] UPDATING ACCOUNTS (JobID: 422abaec-9997-4e98-9e40-59aae728336e)
 - New and modified: 0

[17/May/2023:12:30:05] DELETING ACCOUNTS (JobID: 422abaec-9997-4e98-9e40-59aae728336e)
 - Deleted: 0

[17/May/2023:12:30:39] UPDATING PRODUCTS (JobID: 86f5dbe5-6be8-41e0-bd73-8c3b74351e33)
 - New and modified: 0

[17/May/2023:12:30:41] UPDATING PREPAGATI (JobID: e46e8a29-a7c1-4740-a2ad-d15a5cf20f71)
 - New and modified: 0

[17/May/2023:12:30:41] DELETING PREPAGATI (JobID: e46e8a29-a7c1-4740-a2ad-d15a5cf20f71)
 - Deleted: 0

[17/May/2023:12:40:04] UPDATING ACCOUNTS (JobID: 95417c8b-eedd-44e1-9bee-3ba4bb4f76ed)
 - New and modified: 0

[17/May/2023:12:40:04] DELETING ACCOUNTS (JobID: 95417c8b-eedd-44e1-9bee-3ba4bb4f76ed)
 - Deleted: 0

[17/May/2023:12:40:36] UPDATING PRODUCTS (JobID: ad5208ae-5352-49b2-a54d-1969bf0872de)
 - New and modified: 0

[17/May/2023:12:40:38] UPDATING PREPAGATI (JobID: 0faec63e-8cae-4af9-aeae-8f54e293cd3c)
 - New and modified: 0

[17/May/2023:12:40:38] DELETING PREPAGATI (JobID: 0faec63e-8cae-4af9-aeae-8f54e293cd3c)
 - Deleted: 0

[17/May/2023:12:50:04] UPDATING ACCOUNTS (JobID: ece85558-0a46-4f0b-9341-8480df5f2f5c)
 - New and modified: 0

[17/May/2023:12:50:04] DELETING ACCOUNTS (JobID: ece85558-0a46-4f0b-9341-8480df5f2f5c)
 - Deleted: 0

[17/May/2023:12:50:39] UPDATING PRODUCTS (JobID: 499a2fae-4841-49d0-af54-f1e364c9a64c)
 - New and modified: 0

[17/May/2023:12:50:41] UPDATING PREPAGATI (JobID: a34923f4-29af-43d0-8371-d71c18d9b753)
 - New and modified: 0

[17/May/2023:12:50:41] DELETING PREPAGATI (JobID: a34923f4-29af-43d0-8371-d71c18d9b753)
 - Deleted: 0

[17/May/2023:13:00:05] UPDATING ACCOUNTS (JobID: 28475350-3a95-4a5f-b04a-b78cc699bf51)
 - New and modified: 0

[17/May/2023:13:00:05] DELETING ACCOUNTS (JobID: 28475350-3a95-4a5f-b04a-b78cc699bf51)
 - Deleted: 0

[17/May/2023:13:00:41] UPDATING PRODUCTS (JobID: bf228c15-0f03-4993-9d3f-6f6068e0eacc)
 - New and modified: 0

[17/May/2023:13:00:43] UPDATING PREPAGATI (JobID: abafd169-103a-4dc4-8efc-6c50cda38836)
 - New and modified: 0

[17/May/2023:13:00:43] DELETING PREPAGATI (JobID: abafd169-103a-4dc4-8efc-6c50cda38836)
 - Deleted: 0

[17/May/2023:13:10:05] UPDATING ACCOUNTS (JobID: 6e61d55b-de48-4a91-8f0b-a4e6886fe862)
 - New and modified: 0

[17/May/2023:13:10:05] DELETING ACCOUNTS (JobID: 6e61d55b-de48-4a91-8f0b-a4e6886fe862)
 - Deleted: 0

[17/May/2023:13:10:40] UPDATING PRODUCTS (JobID: 5b525e56-c977-42ee-afc7-1572bdff66d5)
 - New and modified: 0

[17/May/2023:13:10:43] UPDATING PREPAGATI (JobID: a9e98c39-39b3-4899-979f-f36d86d1cc45)
 - New and modified: 0

[17/May/2023:13:10:43] DELETING PREPAGATI (JobID: a9e98c39-39b3-4899-979f-f36d86d1cc45)
 - Deleted: 0

[17/May/2023:13:20:05] UPDATING ACCOUNTS (JobID: 35367f2e-b54e-434d-a564-7864058f1d3a)
 - New and modified: 0

[17/May/2023:13:20:05] DELETING ACCOUNTS (JobID: 35367f2e-b54e-434d-a564-7864058f1d3a)
 - Deleted: 0

[17/May/2023:13:20:39] UPDATING PRODUCTS (JobID: 7fcfde91-0226-40a8-8def-d1bedc3c5b34)
 - New and modified: 0

[17/May/2023:13:20:41] UPDATING PREPAGATI (JobID: 1004b83e-3e3a-4faf-8495-7e6c6dfa2f00)
 - New and modified: 0

[17/May/2023:13:20:41] DELETING PREPAGATI (JobID: 1004b83e-3e3a-4faf-8495-7e6c6dfa2f00)
 - Deleted: 0

[17/May/2023:13:30:04] UPDATING ACCOUNTS (JobID: 42ac2e12-ace6-4216-9669-dd846d6376df)
 - New and modified: 0

[17/May/2023:13:30:04] DELETING ACCOUNTS (JobID: 42ac2e12-ace6-4216-9669-dd846d6376df)
 - Deleted: 0

[17/May/2023:13:30:38] UPDATING PRODUCTS (JobID: bde706a9-2abc-4830-ac31-99462ea4d797)
 - New and modified: 0

[17/May/2023:13:30:40] UPDATING PREPAGATI (JobID: ba5ccf89-c56b-4707-81af-65a449921b68)
 - New and modified: 0

[17/May/2023:13:30:40] DELETING PREPAGATI (JobID: ba5ccf89-c56b-4707-81af-65a449921b68)
 - Deleted: 0

[17/May/2023:13:40:04] UPDATING ACCOUNTS (JobID: e81a588f-6983-4e9d-8ad0-bef339a2633c)
 - New and modified: 0

[17/May/2023:13:40:04] DELETING ACCOUNTS (JobID: e81a588f-6983-4e9d-8ad0-bef339a2633c)
 - Deleted: 0

[17/May/2023:13:40:40] UPDATING PRODUCTS (JobID: cda2f4c7-ab1e-4835-b5f8-de2ba26b5991)
 - New and modified: 0

[17/May/2023:13:40:42] UPDATING PREPAGATI (JobID: 173fc3f1-6ed1-4550-bd72-03940b3d903b)
 - New and modified: 0

[17/May/2023:13:40:42] DELETING PREPAGATI (JobID: 173fc3f1-6ed1-4550-bd72-03940b3d903b)
 - Deleted: 0

[17/May/2023:13:50:04] UPDATING ACCOUNTS (JobID: 2c4d57f0-f227-44b2-b892-8bfc267ba569)
 - New and modified: 0

[17/May/2023:13:50:04] DELETING ACCOUNTS (JobID: 2c4d57f0-f227-44b2-b892-8bfc267ba569)
 - Deleted: 0

[17/May/2023:13:50:40] UPDATING PRODUCTS (JobID: 2a0aa439-adaf-4a1a-abd7-f5f1b8b75b00)
 - New and modified: 0

[17/May/2023:13:50:42] UPDATING PREPAGATI (JobID: 3434d859-dece-490f-bece-0e4e0effb69f)
 - New and modified: 0

[17/May/2023:13:50:42] DELETING PREPAGATI (JobID: 3434d859-dece-490f-bece-0e4e0effb69f)
 - Deleted: 0

[17/May/2023:14:00:05] UPDATING ACCOUNTS (JobID: b65fdfc4-f142-4576-9067-c770ec265732)
 - New and modified: 0

[17/May/2023:14:00:05] DELETING ACCOUNTS (JobID: b65fdfc4-f142-4576-9067-c770ec265732)
 - Deleted: 0

[17/May/2023:14:00:40] UPDATING PRODUCTS (JobID: 0fd99d2e-869d-41b3-a313-95f1226b80ed)
 - New and modified: 0

[17/May/2023:14:00:42] UPDATING PREPAGATI (JobID: eb04edb5-71e6-4c14-9fc1-2737db052fce)
 - New and modified: 0

[17/May/2023:14:00:42] DELETING PREPAGATI (JobID: eb04edb5-71e6-4c14-9fc1-2737db052fce)
 - Deleted: 0

[17/May/2023:14:10:04] UPDATING ACCOUNTS (JobID: 7812f752-70dd-4694-bb69-05c711c06a4e)
 - New and modified: 0

[17/May/2023:14:10:04] DELETING ACCOUNTS (JobID: 7812f752-70dd-4694-bb69-05c711c06a4e)
 - Deleted: 0

[17/May/2023:14:10:40] UPDATING PRODUCTS (JobID: 666f54d9-964a-4635-91de-2470d24d315f)
 - New and modified: 0

[17/May/2023:14:10:43] UPDATING PREPAGATI (JobID: 56f74658-e373-482b-8c6e-04fca2832925)
 - New and modified: 0

[17/May/2023:14:10:43] DELETING PREPAGATI (JobID: 56f74658-e373-482b-8c6e-04fca2832925)
 - Deleted: 0

[17/May/2023:14:20:04] UPDATING ACCOUNTS (JobID: 505cc9bd-25bb-4a10-abe5-e9779ed96253)
 - New and modified: 0

[17/May/2023:14:20:04] DELETING ACCOUNTS (JobID: 505cc9bd-25bb-4a10-abe5-e9779ed96253)
 - Deleted: 0

[17/May/2023:14:20:40] UPDATING PRODUCTS (JobID: 7f1d71ff-79e7-48b0-b163-bbbc1105ab98)
 - New and modified: 0

[17/May/2023:14:20:42] UPDATING PREPAGATI (JobID: 0736b623-e27c-4cdd-9a46-19ca8538a6ae)
 - New and modified: 0

[17/May/2023:14:20:42] DELETING PREPAGATI (JobID: 0736b623-e27c-4cdd-9a46-19ca8538a6ae)
 - Deleted: 0

[17/May/2023:14:30:04] UPDATING ACCOUNTS (JobID: 8f36e6cb-bd97-427d-bddb-dd0963aee7e3)
 - New and modified: 0

[17/May/2023:14:30:04] DELETING ACCOUNTS (JobID: 8f36e6cb-bd97-427d-bddb-dd0963aee7e3)
 - Deleted: 0

[17/May/2023:14:30:39] UPDATING PRODUCTS (JobID: da3e0f63-cfb2-4749-ab3b-627d402de48f)
 - New and modified: 0

[17/May/2023:14:30:40] UPDATING PREPAGATI (JobID: acc9e0b5-8fdd-4f50-b9b8-7c7a1e78829d)
 - New and modified: 0

[17/May/2023:14:30:40] DELETING PREPAGATI (JobID: acc9e0b5-8fdd-4f50-b9b8-7c7a1e78829d)
 - Deleted: 0

[17/May/2023:14:40:05] UPDATING ACCOUNTS (JobID: 495dc9bd-7fbb-45fc-83a0-4f9d3518b5e5)
 - New and modified: 0

[17/May/2023:14:40:05] DELETING ACCOUNTS (JobID: 495dc9bd-7fbb-45fc-83a0-4f9d3518b5e5)
 - Deleted: 0

[17/May/2023:14:40:39] UPDATING PRODUCTS (JobID: 37ba16e1-c483-448e-8ffd-5a0b56444755)
 - New and modified: 0

[17/May/2023:14:40:41] UPDATING PREPAGATI (JobID: 5c1933d0-49d7-4862-a6b6-ab1b9c311bde)
 - New and modified: 0

[17/May/2023:14:40:41] DELETING PREPAGATI (JobID: 5c1933d0-49d7-4862-a6b6-ab1b9c311bde)
 - Deleted: 0

[17/May/2023:14:50:04] UPDATING ACCOUNTS (JobID: 51fe3a88-a27f-4686-9128-9352982b1615)
 - New and modified: 0

[17/May/2023:14:50:04] DELETING ACCOUNTS (JobID: 51fe3a88-a27f-4686-9128-9352982b1615)
 - Deleted: 0

[17/May/2023:14:50:38] UPDATING PRODUCTS (JobID: 6976518a-f522-4bb1-9bae-b8539bdeb70a)
 - New and modified: 0

[17/May/2023:14:50:40] UPDATING PREPAGATI (JobID: 6cb9b176-9b8b-49f9-be28-017167347411)
 - New and modified: 0

[17/May/2023:14:50:40] DELETING PREPAGATI (JobID: 6cb9b176-9b8b-49f9-be28-017167347411)
 - Deleted: 0

[17/May/2023:15:00:04] UPDATING ACCOUNTS (JobID: 21ee3f29-fc1e-449e-85c2-18cffcd10052)
 - New and modified: 0

[17/May/2023:15:00:04] DELETING ACCOUNTS (JobID: 21ee3f29-fc1e-449e-85c2-18cffcd10052)
 - Deleted: 0

[17/May/2023:15:00:41] UPDATING PRODUCTS (JobID: b97349ee-1fac-4178-84bf-590c120b2713)
 - New and modified: 0

[17/May/2023:15:00:42] UPDATING PREPAGATI (JobID: 1a96df18-e4d8-4a51-a9ff-ff28daf851ac)
 - New and modified: 0

[17/May/2023:15:00:42] DELETING PREPAGATI (JobID: 1a96df18-e4d8-4a51-a9ff-ff28daf851ac)
 - Deleted: 0

[17/May/2023:15:10:05] UPDATING ACCOUNTS (JobID: fc892b4a-8f4f-435f-8722-6816040fa50b)
 - New and modified: 0

[17/May/2023:15:10:05] DELETING ACCOUNTS (JobID: fc892b4a-8f4f-435f-8722-6816040fa50b)
 - Deleted: 0

[17/May/2023:15:10:41] UPDATING PRODUCTS (JobID: 1a865695-0a9d-4eee-96e3-5e49797f5148)
 - New and modified: 0

[17/May/2023:15:10:43] UPDATING PREPAGATI (JobID: 1eae160e-8fe8-4238-87e8-8c922401b290)
 - New and modified: 0

[17/May/2023:15:10:43] DELETING PREPAGATI (JobID: 1eae160e-8fe8-4238-87e8-8c922401b290)
 - Deleted: 0

[17/May/2023:15:20:04] UPDATING ACCOUNTS (JobID: 99dfb934-caec-41cb-9958-ce38110f2586)
 - New and modified: 0

[17/May/2023:15:20:04] DELETING ACCOUNTS (JobID: 99dfb934-caec-41cb-9958-ce38110f2586)
 - Deleted: 0

[17/May/2023:15:20:42] UPDATING PRODUCTS (JobID: 41b63968-dad2-4609-a404-9453fa761bc0)
 - New and modified: 0

[17/May/2023:15:20:44] UPDATING PREPAGATI (JobID: fb980cce-fffc-48be-b45a-54d08c0b0eee)
 - New and modified: 0

[17/May/2023:15:20:44] DELETING PREPAGATI (JobID: fb980cce-fffc-48be-b45a-54d08c0b0eee)
 - Deleted: 0

[17/May/2023:15:30:04] UPDATING ACCOUNTS (JobID: 6b573c08-30b4-47ef-a60f-e042d8f4b571)
 - New and modified: 0

[17/May/2023:15:30:04] DELETING ACCOUNTS (JobID: 6b573c08-30b4-47ef-a60f-e042d8f4b571)
 - Deleted: 0

[17/May/2023:15:30:40] UPDATING PRODUCTS (JobID: 1d25a4d6-535e-4804-8269-1938f1771fc8)
 - New and modified: 0

[17/May/2023:15:30:41] UPDATING PREPAGATI (JobID: 69b85ef4-12ab-4313-a0a7-0e45e18216a0)
 - New and modified: 0

[17/May/2023:15:30:41] DELETING PREPAGATI (JobID: 69b85ef4-12ab-4313-a0a7-0e45e18216a0)
 - Deleted: 0

[17/May/2023:15:40:04] UPDATING ACCOUNTS (JobID: 30eec993-e9d9-49f3-b7ee-e375b5b5d78f)
 - New and modified: 0

[17/May/2023:15:40:04] DELETING ACCOUNTS (JobID: 30eec993-e9d9-49f3-b7ee-e375b5b5d78f)
 - Deleted: 0

[17/May/2023:15:40:37] UPDATING PRODUCTS (JobID: 2fdff403-0466-4da2-9138-7dfb3884f5fd)
 - New and modified: 0

[17/May/2023:15:40:39] UPDATING PREPAGATI (JobID: 90531029-2c20-4f2a-8d02-4abbdd88971f)
 - New and modified: 0

[17/May/2023:15:40:39] DELETING PREPAGATI (JobID: 90531029-2c20-4f2a-8d02-4abbdd88971f)
 - Deleted: 0

[17/May/2023:15:50:04] UPDATING ACCOUNTS (JobID: 10fc5bd5-fffb-4fe9-8065-d4a7d7a7fa2b)
 - New and modified: 0

[17/May/2023:15:50:04] DELETING ACCOUNTS (JobID: 10fc5bd5-fffb-4fe9-8065-d4a7d7a7fa2b)
 - Deleted: 0

[17/May/2023:15:50:39] UPDATING PRODUCTS (JobID: 002a7432-b733-4055-a876-e4253ce83474)
 - New and modified: 0

[17/May/2023:15:50:41] UPDATING PREPAGATI (JobID: 653f05db-85c7-4b81-b100-3ab199d41283)
 - New and modified: 0

[17/May/2023:15:50:41] DELETING PREPAGATI (JobID: 653f05db-85c7-4b81-b100-3ab199d41283)
 - Deleted: 0

[17/May/2023:16:00:04] UPDATING ACCOUNTS (JobID: 683974eb-986e-42d7-a3c1-d4f49344fd61)
 - New and modified: 0

[17/May/2023:16:00:04] DELETING ACCOUNTS (JobID: 683974eb-986e-42d7-a3c1-d4f49344fd61)
 - Deleted: 0

[17/May/2023:16:00:40] UPDATING PRODUCTS (JobID: a164e91a-8f70-483a-8f85-82bf4d952388)
 - New and modified: 0

[17/May/2023:16:00:43] UPDATING PREPAGATI (JobID: cb13f7f1-9676-4c6b-83d6-765ad3060538)
 - New and modified: 0

[17/May/2023:16:00:43] DELETING PREPAGATI (JobID: cb13f7f1-9676-4c6b-83d6-765ad3060538)
 - Deleted: 0

[17/May/2023:16:10:04] UPDATING ACCOUNTS (JobID: 5c01e98a-d136-44a5-ba7e-d92f6c2b027e)
 - New and modified: 0

[17/May/2023:16:10:04] DELETING ACCOUNTS (JobID: 5c01e98a-d136-44a5-ba7e-d92f6c2b027e)
 - Deleted: 0

[17/May/2023:16:10:40] UPDATING PRODUCTS (JobID: 042b351e-6f9a-497b-b1e4-e923e7ebfb28)
 - New and modified: 0

[17/May/2023:16:10:42] UPDATING PREPAGATI (JobID: 06ba3f39-a708-4afd-a9db-70a60f2cc8f5)
 - New and modified: 0

[17/May/2023:16:10:42] DELETING PREPAGATI (JobID: 06ba3f39-a708-4afd-a9db-70a60f2cc8f5)
 - Deleted: 0

[17/May/2023:16:20:05] UPDATING ACCOUNTS (JobID: 64121ec8-9c0b-4324-805d-f4b37bff9a73)
 - New and modified: 0

[17/May/2023:16:20:05] DELETING ACCOUNTS (JobID: 64121ec8-9c0b-4324-805d-f4b37bff9a73)
 - Deleted: 0

[17/May/2023:16:20:40] UPDATING PRODUCTS (JobID: 3492dc39-a2b7-40c4-b35f-7c81f85b20ca)
 - New and modified: 0

[17/May/2023:16:20:43] UPDATING PREPAGATI (JobID: cb07cde1-ded3-4e43-b21d-aea194a1b681)
 - New and modified: 0

[17/May/2023:16:20:43] DELETING PREPAGATI (JobID: cb07cde1-ded3-4e43-b21d-aea194a1b681)
 - Deleted: 0

[17/May/2023:16:30:05] UPDATING ACCOUNTS (JobID: 8575aadb-8783-4d8c-a7b5-c5fade6c4efc)
 - New and modified: 0

[17/May/2023:16:30:05] DELETING ACCOUNTS (JobID: 8575aadb-8783-4d8c-a7b5-c5fade6c4efc)
 - Deleted: 0

[17/May/2023:16:30:40] UPDATING PRODUCTS (JobID: 4d7c0480-8eb5-439e-b1b3-814ea677f3a4)
 - New and modified: 0

[17/May/2023:16:30:42] UPDATING PREPAGATI (JobID: a3efd031-5812-4cd0-901c-3afd8fe2e658)
 - New and modified: 0

[17/May/2023:16:30:42] DELETING PREPAGATI (JobID: a3efd031-5812-4cd0-901c-3afd8fe2e658)
 - Deleted: 0

[17/May/2023:16:40:04] UPDATING ACCOUNTS (JobID: 54afcca1-f706-4bc0-a005-2550a42186a5)
 - New and modified: 0

[17/May/2023:16:40:04] DELETING ACCOUNTS (JobID: 54afcca1-f706-4bc0-a005-2550a42186a5)
 - Deleted: 0

[17/May/2023:16:40:38] UPDATING PRODUCTS (JobID: a1a74100-d63d-4244-bf44-9d24590911c2)
 - New and modified: 0

[17/May/2023:16:40:39] UPDATING PREPAGATI (JobID: 6c16c3cc-16a7-4ad4-b13c-1d188a4bd99f)
 - New and modified: 0

[17/May/2023:16:40:39] DELETING PREPAGATI (JobID: 6c16c3cc-16a7-4ad4-b13c-1d188a4bd99f)
 - Deleted: 0

[17/May/2023:16:50:04] UPDATING ACCOUNTS (JobID: cf5ddcb2-b07d-4e36-81b7-0b82ea0f9b2d)
 - New and modified: 0

[17/May/2023:16:50:04] DELETING ACCOUNTS (JobID: cf5ddcb2-b07d-4e36-81b7-0b82ea0f9b2d)
 - Deleted: 0

[17/May/2023:16:50:37] UPDATING PRODUCTS (JobID: 46668fe2-7df2-48d6-af98-25016bb7ac60)
 - New and modified: 0

[17/May/2023:16:50:39] UPDATING PREPAGATI (JobID: e6c55eea-2831-4a9b-95f7-ea58134d4704)
 - New and modified: 0

[17/May/2023:16:50:39] DELETING PREPAGATI (JobID: e6c55eea-2831-4a9b-95f7-ea58134d4704)
 - Deleted: 0

[17/May/2023:17:00:04] UPDATING ACCOUNTS (JobID: cc5b5682-75f7-4739-a6f6-8f4e03e1e779)
 - New and modified: 0

[17/May/2023:17:00:04] DELETING ACCOUNTS (JobID: cc5b5682-75f7-4739-a6f6-8f4e03e1e779)
 - Deleted: 0

[17/May/2023:17:00:38] UPDATING PRODUCTS (JobID: 3c2cd96e-dbb3-4293-8946-95f55fd3c881)
 - New and modified: 0

[17/May/2023:17:00:40] UPDATING PREPAGATI (JobID: 5d5f93df-2c45-4275-85cb-f1b60d16ce7b)
 - New and modified: 0

[17/May/2023:17:00:40] DELETING PREPAGATI (JobID: 5d5f93df-2c45-4275-85cb-f1b60d16ce7b)
 - Deleted: 0

[17/May/2023:17:10:04] UPDATING ACCOUNTS (JobID: 0209256b-2210-4df9-a78e-6cce19ad9bd2)
 - New and modified: 0

[17/May/2023:17:10:04] DELETING ACCOUNTS (JobID: 0209256b-2210-4df9-a78e-6cce19ad9bd2)
 - Deleted: 0

[17/May/2023:17:10:39] UPDATING PRODUCTS (JobID: 3d454b3b-e1e0-4a60-ab22-7b3c4879f065)
 - New and modified: 0

[17/May/2023:17:10:40] UPDATING PREPAGATI (JobID: eb3ee067-8a85-444c-8f44-7e95edfcb785)
 - New and modified: 0

[17/May/2023:17:10:40] DELETING PREPAGATI (JobID: eb3ee067-8a85-444c-8f44-7e95edfcb785)
 - Deleted: 0

[17/May/2023:17:20:02] UPDATING ACCOUNTS
 - AdHocAPI connection failed.

[17/May/2023:17:20:02] UPDATING PRODUCTS
 - AdHocAPI connection failed.

[17/May/2023:17:20:02] UPDATING PREPAGATI
 - AdHocAPI connection failed.

[17/May/2023:17:30:17] UPDATING ACCOUNTS (JobID: d4217abb-5961-46a8-ab30-aab927813f12)
 - New and modified: 0

[17/May/2023:17:30:17] DELETING ACCOUNTS (JobID: d4217abb-5961-46a8-ab30-aab927813f12)
 - Deleted: 0

[17/May/2023:17:30:51] UPDATING PRODUCTS (JobID: 9050f4cf-a6c8-41e5-b3d1-830a336de1f1)
 - New and modified: 0

[17/May/2023:17:30:58] UPDATING PREPAGATI (JobID: 4a0aa7c8-66a2-4b72-b020-81702e8b6adb)
 - New and modified: 0

[17/May/2023:17:30:58] DELETING PREPAGATI (JobID: 4a0aa7c8-66a2-4b72-b020-81702e8b6adb)
 - Deleted: 0

[17/May/2023:17:40:04] UPDATING ACCOUNTS (JobID: 34ca1f80-8cac-43f4-8f22-fbfb343ea441)
 - New and modified: 0

[17/May/2023:17:40:04] DELETING ACCOUNTS (JobID: 34ca1f80-8cac-43f4-8f22-fbfb343ea441)
 - Deleted: 0

[17/May/2023:17:40:37] UPDATING PRODUCTS (JobID: eaedaa33-c2ad-4b15-9100-a4504f7ce805)
 - New and modified: 0

[17/May/2023:17:40:39] UPDATING PREPAGATI (JobID: ef95db2a-9c9b-44c8-ace3-edd16f66b085)
 - New and modified: 0

[17/May/2023:17:40:39] DELETING PREPAGATI (JobID: ef95db2a-9c9b-44c8-ace3-edd16f66b085)
 - Deleted: 0

[17/May/2023:17:50:04] UPDATING ACCOUNTS (JobID: 48f459fb-5fd2-4b9b-b46d-44d7431f3f18)
 - New and modified: 0

[17/May/2023:17:50:04] DELETING ACCOUNTS (JobID: 48f459fb-5fd2-4b9b-b46d-44d7431f3f18)
 - Deleted: 0

[17/May/2023:17:50:37] UPDATING PRODUCTS (JobID: 7249aa25-1b65-4d80-b840-1c91026819a3)
 - New and modified: 0

[17/May/2023:17:50:39] UPDATING PREPAGATI (JobID: 96962bc4-45e1-4e61-aa82-f3ffae368eab)
 - New and modified: 0

[17/May/2023:17:50:39] DELETING PREPAGATI (JobID: 96962bc4-45e1-4e61-aa82-f3ffae368eab)
 - Deleted: 0

[17/May/2023:18:00:08] UPDATING ACCOUNTS (JobID: 6d64be6e-844c-4416-a23d-977d60e9da32)
 - New and modified: 0

[17/May/2023:18:00:08] DELETING ACCOUNTS (JobID: 6d64be6e-844c-4416-a23d-977d60e9da32)
 - Deleted: 0

[17/May/2023:18:00:47] UPDATING PRODUCTS (JobID: 45fd0523-08db-48b5-b7e7-091801c3ff89)
 - New and modified: 0

[17/May/2023:18:00:48] UPDATING PREPAGATI (JobID: 38c16f00-6a94-4b31-9a9d-cbd282052135)
 - New and modified: 0

[17/May/2023:18:00:48] DELETING PREPAGATI (JobID: 38c16f00-6a94-4b31-9a9d-cbd282052135)
 - Deleted: 0

[17/May/2023:18:10:05] UPDATING ACCOUNTS (JobID: 27f8bd14-ced1-4e14-8c9f-a8fe43e65cc1)
 - New and modified: 0

[17/May/2023:18:10:05] DELETING ACCOUNTS (JobID: 27f8bd14-ced1-4e14-8c9f-a8fe43e65cc1)
 - Deleted: 0

[17/May/2023:18:10:41] UPDATING PRODUCTS (JobID: b5b2a142-457f-47a8-8fd7-3ddc7116060c)
 - New and modified: 0

[17/May/2023:18:10:44] UPDATING PREPAGATI (JobID: 6c539616-5b3b-4a9b-8523-2b4495760742)
 - New and modified: 0

[17/May/2023:18:10:44] DELETING PREPAGATI (JobID: 6c539616-5b3b-4a9b-8523-2b4495760742)
 - Deleted: 0

[17/May/2023:18:20:04] UPDATING ACCOUNTS (JobID: 88cda1be-2282-4c77-8c2c-d4cd57c76dec)
 - New and modified: 0

[17/May/2023:18:20:04] DELETING ACCOUNTS (JobID: 88cda1be-2282-4c77-8c2c-d4cd57c76dec)
 - Deleted: 0

[17/May/2023:18:20:39] UPDATING PRODUCTS (JobID: 5256b8c2-4d3c-486a-addf-fe036be0b5e8)
 - New and modified: 0

[17/May/2023:18:20:41] UPDATING PREPAGATI (JobID: c663c388-f629-487c-af47-601b939a8018)
 - New and modified: 0

[17/May/2023:18:20:41] DELETING PREPAGATI (JobID: c663c388-f629-487c-af47-601b939a8018)
 - Deleted: 0

[17/May/2023:18:30:04] UPDATING ACCOUNTS (JobID: c10f3455-1c48-4f3a-ad39-707e1f4a3cf4)
 - New and modified: 0

[17/May/2023:18:30:04] DELETING ACCOUNTS (JobID: c10f3455-1c48-4f3a-ad39-707e1f4a3cf4)
 - Deleted: 0

[17/May/2023:18:30:41] UPDATING PRODUCTS (JobID: 5f4364c9-84fb-4819-9403-23d8e3900eb3)
 - New and modified: 0

[17/May/2023:18:30:43] UPDATING PREPAGATI (JobID: 2fb82940-5776-4669-a4be-60e8aaefce83)
 - New and modified: 0

[17/May/2023:18:30:43] DELETING PREPAGATI (JobID: 2fb82940-5776-4669-a4be-60e8aaefce83)
 - Deleted: 0

[17/May/2023:18:40:04] UPDATING ACCOUNTS (JobID: b7f8b1df-fed3-4542-af71-3bcbb91801bd)
 - New and modified: 0

[17/May/2023:18:40:04] DELETING ACCOUNTS (JobID: b7f8b1df-fed3-4542-af71-3bcbb91801bd)
 - Deleted: 0

[17/May/2023:18:40:36] UPDATING PRODUCTS (JobID: 0ce81a2f-3d21-4506-8817-4cf43fb6dc6a)
 - New and modified: 0

[17/May/2023:18:40:37] UPDATING PREPAGATI (JobID: 801d4964-e4ec-4266-876c-8c0ce1e0e56a)
 - New and modified: 0

[17/May/2023:18:40:37] DELETING PREPAGATI (JobID: 801d4964-e4ec-4266-876c-8c0ce1e0e56a)
 - Deleted: 0

[17/May/2023:18:50:04] UPDATING ACCOUNTS (JobID: 356f8d78-94e4-4ca3-a615-1d5fc5d40b4c)
 - New and modified: 0

[17/May/2023:18:50:04] DELETING ACCOUNTS (JobID: 356f8d78-94e4-4ca3-a615-1d5fc5d40b4c)
 - Deleted: 0

[17/May/2023:18:50:36] UPDATING PRODUCTS (JobID: 8dfe17b5-b870-4104-a1d7-f3c9a20b2b13)
 - New and modified: 0

[17/May/2023:18:50:38] UPDATING PREPAGATI (JobID: 9ada5fef-fca3-48d8-b86d-d46495b0b2db)
 - New and modified: 0

[17/May/2023:18:50:38] DELETING PREPAGATI (JobID: 9ada5fef-fca3-48d8-b86d-d46495b0b2db)
 - Deleted: 0

[17/May/2023:19:00:16] UPDATING ACCOUNTS (JobID: a69c70c1-2f13-46f0-bce2-524099516808)
 - New and modified: 0

[17/May/2023:19:00:16] DELETING ACCOUNTS (JobID: a69c70c1-2f13-46f0-bce2-524099516808)
 - Deleted: 0

[17/May/2023:19:00:51] UPDATING PRODUCTS (JobID: f924842a-852f-4b88-b10f-0f874ee7829a)
 - New and modified: 0

[17/May/2023:19:00:52] UPDATING PREPAGATI (JobID: 4fef53f2-599b-45ee-ab60-52b83e7aa006)
 - New and modified: 0

[17/May/2023:19:00:52] DELETING PREPAGATI (JobID: 4fef53f2-599b-45ee-ab60-52b83e7aa006)
 - Deleted: 0

[17/May/2023:19:10:05] UPDATING ACCOUNTS (JobID: 532c6355-968e-4273-80d8-ac149c8e618d)
 - New and modified: 0

[17/May/2023:19:10:05] DELETING ACCOUNTS (JobID: 532c6355-968e-4273-80d8-ac149c8e618d)
 - Deleted: 0

[17/May/2023:19:10:38] UPDATING PRODUCTS (JobID: 058369c1-6389-47c6-af1b-70204912e38e)
 - New and modified: 0

[17/May/2023:19:10:40] UPDATING PREPAGATI (JobID: 558b0075-69c2-457b-9ffa-a0d1e24945d1)
 - New and modified: 0

[17/May/2023:19:10:40] DELETING PREPAGATI (JobID: 558b0075-69c2-457b-9ffa-a0d1e24945d1)
 - Deleted: 0

[17/May/2023:19:20:06] UPDATING ACCOUNTS (JobID: 191abe2c-fbff-49ba-ad86-b50d4ec0c37f)
 - New and modified: 0

[17/May/2023:19:20:06] DELETING ACCOUNTS (JobID: 191abe2c-fbff-49ba-ad86-b50d4ec0c37f)
 - Deleted: 0

[17/May/2023:19:20:42] UPDATING PRODUCTS (JobID: 8d89a801-1d75-4691-8f2a-35fea6c036ad)
 - New and modified: 0

[17/May/2023:19:20:45] UPDATING PREPAGATI (JobID: bbb4653d-9146-4676-9755-79f29b0502b4)
 - New and modified: 0

[17/May/2023:19:20:45] DELETING PREPAGATI (JobID: bbb4653d-9146-4676-9755-79f29b0502b4)
 - Deleted: 0

[17/May/2023:19:30:05] UPDATING ACCOUNTS (JobID: 29905b1a-af93-4e7b-89ad-239f3f08ba50)
 - New and modified: 0

[17/May/2023:19:30:05] DELETING ACCOUNTS (JobID: 29905b1a-af93-4e7b-89ad-239f3f08ba50)
 - Deleted: 0

[17/May/2023:19:30:40] UPDATING PRODUCTS (JobID: 9440c14e-eebd-4576-9e5f-e5a83e225b1f)
 - New and modified: 0

[17/May/2023:19:30:42] UPDATING PREPAGATI (JobID: a430136b-ec3f-4bde-82b3-67adb77a07b7)
 - New and modified: 0

[17/May/2023:19:30:42] DELETING PREPAGATI (JobID: a430136b-ec3f-4bde-82b3-67adb77a07b7)
 - Deleted: 0

[17/May/2023:19:40:04] UPDATING ACCOUNTS (JobID: aa55a53d-bb67-420a-a568-637fdbd08277)
 - New and modified: 0

[17/May/2023:19:40:04] DELETING ACCOUNTS (JobID: aa55a53d-bb67-420a-a568-637fdbd08277)
 - Deleted: 0

[17/May/2023:19:40:37] UPDATING PRODUCTS (JobID: a9908eb7-70ca-46f5-87f7-42ce35bf5231)
 - New and modified: 0

[17/May/2023:19:40:38] UPDATING PREPAGATI (JobID: 05943885-6995-4197-a7b6-7b8838786e7b)
 - New and modified: 0

[17/May/2023:19:40:38] DELETING PREPAGATI (JobID: 05943885-6995-4197-a7b6-7b8838786e7b)
 - Deleted: 0

[17/May/2023:19:50:04] UPDATING ACCOUNTS (JobID: d91ded5a-13f5-4d44-9b39-45f6498a881c)
 - New and modified: 0

[17/May/2023:19:50:04] DELETING ACCOUNTS (JobID: d91ded5a-13f5-4d44-9b39-45f6498a881c)
 - Deleted: 0

[17/May/2023:19:50:36] UPDATING PRODUCTS (JobID: 3dacc57c-38ca-44da-8ffd-15d87f0d5fec)
 - New and modified: 0

[17/May/2023:19:50:38] UPDATING PREPAGATI (JobID: 978cc6c1-6933-4d98-9509-551135e9173f)
 - New and modified: 0

[17/May/2023:19:50:38] DELETING PREPAGATI (JobID: 978cc6c1-6933-4d98-9509-551135e9173f)
 - Deleted: 0

[17/May/2023:20:00:04] UPDATING ACCOUNTS (JobID: 19a2d8e3-bf34-4585-80bf-e10cafd95f90)
 - New and modified: 0

[17/May/2023:20:00:04] DELETING ACCOUNTS (JobID: 19a2d8e3-bf34-4585-80bf-e10cafd95f90)
 - Deleted: 0

[17/May/2023:20:00:39] UPDATING PRODUCTS (JobID: e476a4b1-1487-4905-932f-45fec7f6f927)
 - New and modified: 0

[17/May/2023:20:00:41] UPDATING PREPAGATI (JobID: ef13392a-6d48-4440-ac89-fb2caaff36d2)
 - New and modified: 0

[17/May/2023:20:00:41] DELETING PREPAGATI (JobID: ef13392a-6d48-4440-ac89-fb2caaff36d2)
 - Deleted: 0

[17/May/2023:20:10:04] UPDATING ACCOUNTS (JobID: 760bdd71-5819-404b-9e61-1326a5ed3ca1)
 - New and modified: 0

[17/May/2023:20:10:04] DELETING ACCOUNTS (JobID: 760bdd71-5819-404b-9e61-1326a5ed3ca1)
 - Deleted: 0

[17/May/2023:20:10:37] UPDATING PRODUCTS (JobID: 6bbd212e-4c6e-4e58-9267-1cc7ecf13788)
 - New and modified: 0

[17/May/2023:20:10:39] UPDATING PREPAGATI (JobID: ba771c4e-91c9-4b3e-8d68-e67bfc5921d2)
 - New and modified: 0

[17/May/2023:20:10:39] DELETING PREPAGATI (JobID: ba771c4e-91c9-4b3e-8d68-e67bfc5921d2)
 - Deleted: 0

[17/May/2023:20:20:05] UPDATING ACCOUNTS (JobID: d5c84daf-22f5-4d62-b242-dca4563d47cb)
 - New and modified: 0

[17/May/2023:20:20:05] DELETING ACCOUNTS (JobID: d5c84daf-22f5-4d62-b242-dca4563d47cb)
 - Deleted: 0

[17/May/2023:20:20:38] UPDATING PRODUCTS (JobID: 2c45e3da-e087-4edc-a796-dbc89670dd8d)
 - New and modified: 0

[17/May/2023:20:20:40] UPDATING PREPAGATI (JobID: 5061f261-34b3-4fe4-9f49-01082b95645a)
 - New and modified: 0

[17/May/2023:20:20:40] DELETING PREPAGATI (JobID: 5061f261-34b3-4fe4-9f49-01082b95645a)
 - Deleted: 0

[17/May/2023:20:30:04] UPDATING ACCOUNTS (JobID: aba771de-853e-4f6a-9816-cb31275ae1eb)
 - New and modified: 0

[17/May/2023:20:30:04] DELETING ACCOUNTS (JobID: aba771de-853e-4f6a-9816-cb31275ae1eb)
 - Deleted: 0

[17/May/2023:20:30:40] UPDATING PRODUCTS (JobID: 11145717-6612-48ec-9e5b-f2a539666cac)
 - New and modified: 0

[17/May/2023:20:30:42] UPDATING PREPAGATI (JobID: 340295a0-99fc-4b7b-8951-dfe32b71fd63)
 - New and modified: 0

[17/May/2023:20:30:42] DELETING PREPAGATI (JobID: 340295a0-99fc-4b7b-8951-dfe32b71fd63)
 - Deleted: 0

[17/May/2023:20:40:04] UPDATING ACCOUNTS (JobID: 5f86946e-4245-40fb-b3de-08070f7b56a6)
 - New and modified: 0

[17/May/2023:20:40:04] DELETING ACCOUNTS (JobID: 5f86946e-4245-40fb-b3de-08070f7b56a6)
 - Deleted: 0

[17/May/2023:20:40:38] UPDATING PRODUCTS (JobID: 6655e590-f603-4140-a1bd-3c291ca8b0b1)
 - New and modified: 0

[17/May/2023:20:40:40] UPDATING PREPAGATI (JobID: 30138eff-a6cc-4d09-9e93-63aabf4cc32f)
 - New and modified: 0

[17/May/2023:20:40:40] DELETING PREPAGATI (JobID: 30138eff-a6cc-4d09-9e93-63aabf4cc32f)
 - Deleted: 0

[17/May/2023:20:50:04] UPDATING ACCOUNTS (JobID: 8a8f111b-2221-42b5-9de4-a48053477967)
 - New and modified: 0

[17/May/2023:20:50:04] DELETING ACCOUNTS (JobID: 8a8f111b-2221-42b5-9de4-a48053477967)
 - Deleted: 0

[17/May/2023:20:50:37] UPDATING PRODUCTS (JobID: d571dfed-3779-4827-a92d-0551c2aece86)
 - New and modified: 0

[17/May/2023:20:50:38] UPDATING PREPAGATI (JobID: 8b236e28-8866-4d17-949c-1e1c09588598)
 - New and modified: 0

[17/May/2023:20:50:38] DELETING PREPAGATI (JobID: 8b236e28-8866-4d17-949c-1e1c09588598)
 - Deleted: 0

[17/May/2023:21:00:04] UPDATING ACCOUNTS (JobID: 92de40b3-0f6a-44cd-9aec-30e7599e9a0e)
 - New and modified: 0

[17/May/2023:21:00:04] DELETING ACCOUNTS (JobID: 92de40b3-0f6a-44cd-9aec-30e7599e9a0e)
 - Deleted: 0

[17/May/2023:21:00:36] UPDATING PRODUCTS (JobID: 3232d413-656a-4f70-a22f-76b22066a722)
 - New and modified: 0

[17/May/2023:21:00:38] UPDATING PREPAGATI (JobID: 3a2ea1c4-be61-4c49-ae70-3f682b2974a0)
 - New and modified: 0

[17/May/2023:21:00:38] DELETING PREPAGATI (JobID: 3a2ea1c4-be61-4c49-ae70-3f682b2974a0)
 - Deleted: 0

[17/May/2023:21:10:04] UPDATING ACCOUNTS (JobID: 4bad40a6-4fd8-4fe5-bcca-748107d64156)
 - New and modified: 0

[17/May/2023:21:10:04] DELETING ACCOUNTS (JobID: 4bad40a6-4fd8-4fe5-bcca-748107d64156)
 - Deleted: 0

[17/May/2023:21:10:37] UPDATING PRODUCTS (JobID: 8db920c2-6e32-4714-b29c-7de66b577435)
 - New and modified: 0

[17/May/2023:21:10:39] UPDATING PREPAGATI (JobID: 309dd508-244c-412d-8b72-b8eff6349737)
 - New and modified: 0

[17/May/2023:21:10:39] DELETING PREPAGATI (JobID: 309dd508-244c-412d-8b72-b8eff6349737)
 - Deleted: 0

[17/May/2023:21:20:04] UPDATING ACCOUNTS (JobID: 27378cba-f656-4a0f-9265-7aea55ae78d5)
 - New and modified: 0

[17/May/2023:21:20:04] DELETING ACCOUNTS (JobID: 27378cba-f656-4a0f-9265-7aea55ae78d5)
 - Deleted: 0

[17/May/2023:21:20:36] UPDATING PRODUCTS (JobID: 3c51212b-6459-4447-a5eb-cddd56b80cb9)
 - New and modified: 0

[17/May/2023:21:20:38] UPDATING PREPAGATI (JobID: 638bb5a8-c3a8-4c4d-af64-d2707dbc2070)
 - New and modified: 0

[17/May/2023:21:20:38] DELETING PREPAGATI (JobID: 638bb5a8-c3a8-4c4d-af64-d2707dbc2070)
 - Deleted: 0

[17/May/2023:21:40:04] UPDATING ACCOUNTS (JobID: 7e01f854-399a-47f7-8a56-8476542386cb)
 - New and modified: 0

[17/May/2023:21:40:04] DELETING ACCOUNTS (JobID: 7e01f854-399a-47f7-8a56-8476542386cb)
 - Deleted: 0

[17/May/2023:21:40:41] UPDATING PRODUCTS (JobID: 98440a64-66fb-4d4b-8f70-759cdac0eff4)
 - New and modified: 0

[17/May/2023:21:40:42] UPDATING PREPAGATI (JobID: 5a58cef3-805d-4cdc-a1b0-cb4e24eacaa7)
 - New and modified: 0

[17/May/2023:21:40:42] DELETING PREPAGATI (JobID: 5a58cef3-805d-4cdc-a1b0-cb4e24eacaa7)
 - Deleted: 0

[17/May/2023:21:50:04] UPDATING ACCOUNTS (JobID: 04d92d44-9f44-4076-82c8-db563687e392)
 - New and modified: 0

[17/May/2023:21:50:04] DELETING ACCOUNTS (JobID: 04d92d44-9f44-4076-82c8-db563687e392)
 - Deleted: 0

[17/May/2023:21:50:40] UPDATING PRODUCTS (JobID: d13ee04e-9fe8-4f3b-ad53-bc5244e41260)
 - New and modified: 0

[17/May/2023:21:50:41] UPDATING PREPAGATI (JobID: 1f3305c5-5aac-42a5-b98f-75da0c4f310d)
 - New and modified: 0

[17/May/2023:21:50:41] DELETING PREPAGATI (JobID: 1f3305c5-5aac-42a5-b98f-75da0c4f310d)
 - Deleted: 0

[17/May/2023:22:00:05] UPDATING ACCOUNTS (JobID: 19fe8494-b4ba-4cc6-90fb-6336759fed09)
 - New and modified: 0

[17/May/2023:22:00:05] DELETING ACCOUNTS (JobID: 19fe8494-b4ba-4cc6-90fb-6336759fed09)
 - Deleted: 0

[17/May/2023:22:00:40] UPDATING PRODUCTS (JobID: e69e2c66-de12-4af5-b74b-c701b08337ee)
 - New and modified: 0

[17/May/2023:22:00:42] UPDATING PREPAGATI (JobID: 946e6c06-4bf8-4243-b310-d82e2c587bc9)
 - New and modified: 0

[17/May/2023:22:00:42] DELETING PREPAGATI (JobID: 946e6c06-4bf8-4243-b310-d82e2c587bc9)
 - Deleted: 0

[17/May/2023:22:10:05] UPDATING ACCOUNTS (JobID: 110de582-37a1-439d-a7c2-0d7c26330c8a)
 - New and modified: 0

[17/May/2023:22:10:05] DELETING ACCOUNTS (JobID: 110de582-37a1-439d-a7c2-0d7c26330c8a)
 - Deleted: 0

[17/May/2023:22:10:42] UPDATING PRODUCTS (JobID: 0750dd63-bfed-4d58-aaf6-860a5186b259)
 - New and modified: 0

[17/May/2023:22:10:44] UPDATING PREPAGATI (JobID: c5ee7d6a-c2b4-4e56-866e-30a16c90c165)
 - New and modified: 0

[17/May/2023:22:10:44] DELETING PREPAGATI (JobID: c5ee7d6a-c2b4-4e56-866e-30a16c90c165)
 - Deleted: 0

[17/May/2023:22:20:04] UPDATING ACCOUNTS (JobID: 12b7f1e2-feaf-4078-88c3-394f0c386f86)
 - New and modified: 0

[17/May/2023:22:20:04] DELETING ACCOUNTS (JobID: 12b7f1e2-feaf-4078-88c3-394f0c386f86)
 - Deleted: 0

[17/May/2023:22:20:40] UPDATING PRODUCTS (JobID: 671a4843-094e-4875-aadb-c23296d16488)
 - New and modified: 0

[17/May/2023:22:20:42] UPDATING PREPAGATI (JobID: 0a723411-86fb-4645-ac59-84c37fcf65f1)
 - New and modified: 0

[17/May/2023:22:20:42] DELETING PREPAGATI (JobID: 0a723411-86fb-4645-ac59-84c37fcf65f1)
 - Deleted: 0

[17/May/2023:22:30:05] UPDATING ACCOUNTS (JobID: 3f18c54a-feae-4a0c-a6f0-e14e46cae0e6)
 - New and modified: 0

[17/May/2023:22:30:05] DELETING ACCOUNTS (JobID: 3f18c54a-feae-4a0c-a6f0-e14e46cae0e6)
 - Deleted: 0

[17/May/2023:22:30:40] UPDATING PRODUCTS (JobID: 1e139557-f9ec-4839-8cb0-06e9b8ee0842)
 - New and modified: 0

[17/May/2023:22:30:42] UPDATING PREPAGATI (JobID: f6a89876-7410-4fa6-be66-a4644fc11288)
 - New and modified: 0

[17/May/2023:22:30:42] DELETING PREPAGATI (JobID: f6a89876-7410-4fa6-be66-a4644fc11288)
 - Deleted: 0

[17/May/2023:22:40:05] UPDATING ACCOUNTS (JobID: df1071fb-2cdb-4aca-a701-fcde7b819e0c)
 - New and modified: 0

[17/May/2023:22:40:05] DELETING ACCOUNTS (JobID: df1071fb-2cdb-4aca-a701-fcde7b819e0c)
 - Deleted: 0

[17/May/2023:22:40:40] UPDATING PRODUCTS (JobID: f1171585-5541-4402-b9b2-6347c7aaffe0)
 - New and modified: 0

[17/May/2023:22:40:42] UPDATING PREPAGATI (JobID: dace62fc-03a3-43bf-99c3-1b0c0a375ac3)
 - New and modified: 0

[17/May/2023:22:40:42] DELETING PREPAGATI (JobID: dace62fc-03a3-43bf-99c3-1b0c0a375ac3)
 - Deleted: 0

[17/May/2023:22:50:04] UPDATING ACCOUNTS (JobID: ca942751-05d3-4ecd-9a6b-af1bd346e906)
 - New and modified: 0

[17/May/2023:22:50:04] DELETING ACCOUNTS (JobID: ca942751-05d3-4ecd-9a6b-af1bd346e906)
 - Deleted: 0

[17/May/2023:22:50:36] UPDATING PRODUCTS (JobID: d2b856c0-31f7-487b-8134-6bd20a3aeef2)
 - New and modified: 0

[17/May/2023:22:50:37] UPDATING PREPAGATI (JobID: 04a938b0-afc7-4fde-b042-c4f0414b52f7)
 - New and modified: 0

[17/May/2023:22:50:37] DELETING PREPAGATI (JobID: 04a938b0-afc7-4fde-b042-c4f0414b52f7)
 - Deleted: 0

[17/May/2023:23:00:04] UPDATING ACCOUNTS (JobID: 2bc12684-5dd0-462f-abdc-f94097450b0f)
 - New and modified: 0

[17/May/2023:23:00:04] DELETING ACCOUNTS (JobID: 2bc12684-5dd0-462f-abdc-f94097450b0f)
 - Deleted: 0

[17/May/2023:23:00:38] UPDATING PRODUCTS (JobID: 985882fb-7197-4f48-bdcb-b62cfdff93a3)
 - New and modified: 0

[17/May/2023:23:00:40] UPDATING PREPAGATI (JobID: b6e0089f-5962-43a6-95bf-b4adb0a9f72a)
 - New and modified: 0

[17/May/2023:23:00:40] DELETING PREPAGATI (JobID: b6e0089f-5962-43a6-95bf-b4adb0a9f72a)
 - Deleted: 0

[17/May/2023:23:10:04] UPDATING ACCOUNTS (JobID: 85a3a225-16af-4cd4-81ba-fb35f81c9b92)
 - New and modified: 0

[17/May/2023:23:10:04] DELETING ACCOUNTS (JobID: 85a3a225-16af-4cd4-81ba-fb35f81c9b92)
 - Deleted: 0

[17/May/2023:23:10:38] UPDATING PRODUCTS (JobID: 666f91bc-073e-4eef-9c74-3efa53640325)
 - New and modified: 0

[17/May/2023:23:10:39] UPDATING PREPAGATI (JobID: 87f8c920-1dc5-44fc-8e37-088785392607)
 - New and modified: 0

[17/May/2023:23:10:39] DELETING PREPAGATI (JobID: 87f8c920-1dc5-44fc-8e37-088785392607)
 - Deleted: 0

[17/May/2023:23:20:04] UPDATING ACCOUNTS (JobID: 17ccf364-8d31-4899-9ce5-00b9758ff4a8)
 - New and modified: 0

[17/May/2023:23:20:04] DELETING ACCOUNTS (JobID: 17ccf364-8d31-4899-9ce5-00b9758ff4a8)
 - Deleted: 0

[17/May/2023:23:20:35] UPDATING PRODUCTS (JobID: 0f9931c7-f1f7-4f39-8c27-4d512220eff1)
 - New and modified: 0

[17/May/2023:23:20:37] UPDATING PREPAGATI (JobID: 4bfabc98-5f54-48a1-b41e-3570145f5908)
 - New and modified: 0

[17/May/2023:23:20:37] DELETING PREPAGATI (JobID: 4bfabc98-5f54-48a1-b41e-3570145f5908)
 - Deleted: 0

[17/May/2023:23:30:05] UPDATING ACCOUNTS (JobID: b6597b77-31e6-40fc-89ab-be67239678a4)
 - New and modified: 0

[17/May/2023:23:30:05] DELETING ACCOUNTS (JobID: b6597b77-31e6-40fc-89ab-be67239678a4)
 - Deleted: 0

[17/May/2023:23:30:38] UPDATING PRODUCTS (JobID: a1e5b330-1798-485a-9836-8289c13bb8c3)
 - New and modified: 0

[17/May/2023:23:30:40] UPDATING PREPAGATI (JobID: 98569f4c-5b8e-4051-aeac-624d954da0c3)
 - New and modified: 0

[17/May/2023:23:30:40] DELETING PREPAGATI (JobID: 98569f4c-5b8e-4051-aeac-624d954da0c3)
 - Deleted: 0

[17/May/2023:23:40:05] UPDATING ACCOUNTS (JobID: 00029d7a-62fd-4725-8b42-f250a94c6033)
 - New and modified: 0

[17/May/2023:23:40:05] DELETING ACCOUNTS (JobID: 00029d7a-62fd-4725-8b42-f250a94c6033)
 - Deleted: 0

[17/May/2023:23:40:39] UPDATING PRODUCTS (JobID: 1e02c0ea-593f-4798-be4d-93ac751387c3)
 - New and modified: 0

[17/May/2023:23:40:41] UPDATING PREPAGATI (JobID: 94159046-fae4-4f06-818a-14db86b6ec3c)
 - New and modified: 0

[17/May/2023:23:40:41] DELETING PREPAGATI (JobID: 94159046-fae4-4f06-818a-14db86b6ec3c)
 - Deleted: 0

[17/May/2023:23:50:04] UPDATING ACCOUNTS (JobID: 567eee02-0609-450b-ab16-27ed4be6a716)
 - New and modified: 0

[17/May/2023:23:50:04] DELETING ACCOUNTS (JobID: 567eee02-0609-450b-ab16-27ed4be6a716)
 - Deleted: 0

[17/May/2023:23:50:36] UPDATING PRODUCTS (JobID: 708682c4-ac6c-44b0-bbd7-b0c8dd8552d7)
 - New and modified: 0

[17/May/2023:23:50:38] UPDATING PREPAGATI (JobID: fd7d6827-8c7b-4309-ad07-2e658b7367f1)
 - New and modified: 0

[17/May/2023:23:50:38] DELETING PREPAGATI (JobID: fd7d6827-8c7b-4309-ad07-2e658b7367f1)
 - Deleted: 0

