[07/Jul/2023:00:00:04] UPDATING ACCOUNTS (JobID: af829f88-10e5-4f19-9e30-666e46b5a683)
 - New and modified: 0

[07/Jul/2023:00:00:04] DELETING ACCOUNTS (JobID: af829f88-10e5-4f19-9e30-666e46b5a683)
 - Deleted: 0

[07/Jul/2023:00:00:36] UPDATING PRODUCTS (JobID: 507a22e7-3bd6-4934-aaa0-d335b6e22d45)
 - New and modified: 0

[07/Jul/2023:00:00:37] UPDATING PREPAGATI (JobID: f05c351e-e968-4c6c-9297-a6bf3d2c30f6)
 - New and modified: 0

[07/Jul/2023:00:00:37] DELETING PREPAGATI (JobID: f05c351e-e968-4c6c-9297-a6bf3d2c30f6)
 - Deleted: 0

[07/Jul/2023:00:20:04] UPDATING ACCOUNTS (JobID: 7c4d63b9-7b61-4494-8454-325b4282cbd2)
 - New and modified: 0

[07/Jul/2023:00:20:04] DELETING ACCOUNTS (JobID: 7c4d63b9-7b61-4494-8454-325b4282cbd2)
 - Deleted: 0

[07/Jul/2023:00:20:36] UPDATING PRODUCTS (JobID: 3b467052-abfb-4e9b-b053-9ee1aa704bed)
 - New and modified: 0

[07/Jul/2023:00:20:38] UPDATING PREPAGATI (JobID: 23cb9ec6-4f21-43c1-85d9-38a1a76d657f)
 - New and modified: 0

[07/Jul/2023:00:20:38] DELETING PREPAGATI (JobID: 23cb9ec6-4f21-43c1-85d9-38a1a76d657f)
 - Deleted: 0

[07/Jul/2023:00:40:04] UPDATING ACCOUNTS (JobID: c4ebbb8a-c483-425e-ab28-ca211db43327)
 - New and modified: 0

[07/Jul/2023:00:40:04] DELETING ACCOUNTS (JobID: c4ebbb8a-c483-425e-ab28-ca211db43327)
 - Deleted: 0

[07/Jul/2023:00:40:35] UPDATING PRODUCTS (JobID: 1115cc51-1be3-4925-9c16-7e07a18ad73f)
 - New and modified: 0

[07/Jul/2023:00:40:37] UPDATING PREPAGATI (JobID: fa505c91-3ed0-464a-a2ce-be31165a5110)
 - New and modified: 0

[07/Jul/2023:00:40:37] DELETING PREPAGATI (JobID: fa505c91-3ed0-464a-a2ce-be31165a5110)
 - Deleted: 0

[07/Jul/2023:00:50:04] UPDATING ACCOUNTS (JobID: a1dc3682-0517-47e2-bd81-1d9ca5f62789)
 - New and modified: 0

[07/Jul/2023:00:50:04] DELETING ACCOUNTS (JobID: a1dc3682-0517-47e2-bd81-1d9ca5f62789)
 - Deleted: 0

[07/Jul/2023:00:50:34] UPDATING PRODUCTS (JobID: e40987cc-128b-4c0b-99d1-572c7a652ed3)
 - New and modified: 0

[07/Jul/2023:00:50:36] UPDATING PREPAGATI (JobID: 146a85b7-3239-443b-9a7a-108228eb7631)
 - New and modified: 0

[07/Jul/2023:00:50:36] DELETING PREPAGATI (JobID: 146a85b7-3239-443b-9a7a-108228eb7631)
 - Deleted: 0

[07/Jul/2023:01:00:04] UPDATING ACCOUNTS (JobID: 53ec10d9-bf28-4fd9-adfe-cbae2d84dd72)
 - New and modified: 0

[07/Jul/2023:01:00:04] DELETING ACCOUNTS (JobID: 53ec10d9-bf28-4fd9-adfe-cbae2d84dd72)
 - Deleted: 0

[07/Jul/2023:01:00:36] UPDATING PRODUCTS (JobID: 2bd54ec1-3d47-447d-9c95-bf1453d01867)
 - New and modified: 0

[07/Jul/2023:01:00:37] UPDATING PREPAGATI (JobID: c7c0d161-33ff-4aab-8533-546e621bca3d)
 - New and modified: 0

[07/Jul/2023:01:00:37] DELETING PREPAGATI (JobID: c7c0d161-33ff-4aab-8533-546e621bca3d)
 - Deleted: 0

[07/Jul/2023:01:10:04] UPDATING ACCOUNTS (JobID: dc2f5f66-65a9-493c-a65b-30b8a9a2bd00)
 - New and modified: 0

[07/Jul/2023:01:10:04] DELETING ACCOUNTS (JobID: dc2f5f66-65a9-493c-a65b-30b8a9a2bd00)
 - Deleted: 0

[07/Jul/2023:01:10:40] UPDATING PRODUCTS (JobID: 3ec56cff-c2d1-4544-a6ec-1e5ec38c44ec)
 - New and modified: 0

[07/Jul/2023:01:10:42] UPDATING PREPAGATI (JobID: b2e7b3a7-c8f7-47c5-b5dd-c2918ee2582b)
 - New and modified: 0

[07/Jul/2023:01:10:42] DELETING PREPAGATI (JobID: b2e7b3a7-c8f7-47c5-b5dd-c2918ee2582b)
 - Deleted: 0

[07/Jul/2023:01:20:04] UPDATING ACCOUNTS (JobID: 43df972b-a8e1-49b2-bb07-d310167ded02)
 - New and modified: 0

[07/Jul/2023:01:20:04] DELETING ACCOUNTS (JobID: 43df972b-a8e1-49b2-bb07-d310167ded02)
 - Deleted: 0

[07/Jul/2023:01:20:40] UPDATING PRODUCTS (JobID: 2214b15f-5289-48f1-b966-8bebb0684201)
 - New and modified: 0

[07/Jul/2023:01:20:42] UPDATING PREPAGATI (JobID: 21479b43-a853-41db-9c72-8d09c8fd8bfd)
 - New and modified: 0

[07/Jul/2023:01:20:42] DELETING PREPAGATI (JobID: 21479b43-a853-41db-9c72-8d09c8fd8bfd)
 - Deleted: 0

[07/Jul/2023:01:30:04] UPDATING ACCOUNTS (JobID: 5e02fbc7-d3a8-4673-b8e4-eeff340d2dff)
 - New and modified: 0

[07/Jul/2023:01:30:04] DELETING ACCOUNTS (JobID: 5e02fbc7-d3a8-4673-b8e4-eeff340d2dff)
 - Deleted: 0

[07/Jul/2023:01:30:42] UPDATING PRODUCTS (JobID: 79b7d6d9-835e-49c7-9f80-f39f9d61c663)
 - New and modified: 0

[07/Jul/2023:01:30:44] UPDATING PREPAGATI (JobID: 1c8e2cf1-68c5-4ae4-8c8d-384a147cdf67)
 - New and modified: 0

[07/Jul/2023:01:30:44] DELETING PREPAGATI (JobID: 1c8e2cf1-68c5-4ae4-8c8d-384a147cdf67)
 - Deleted: 0

[07/Jul/2023:02:00:04] UPDATING ACCOUNTS (JobID: ec2207c8-e987-4fc1-befe-407e6b080cf2)
 - New and modified: 0

[07/Jul/2023:02:00:04] DELETING ACCOUNTS (JobID: ec2207c8-e987-4fc1-befe-407e6b080cf2)
 - Deleted: 0

[07/Jul/2023:02:00:39] UPDATING PRODUCTS (JobID: 29332cc0-37d4-440e-a0cf-1a12c664695c)
 - New and modified: 0

[07/Jul/2023:02:00:41] UPDATING PREPAGATI (JobID: 82642f7f-38da-47cb-8dc6-c3f34d1005e0)
 - New and modified: 0

[07/Jul/2023:02:00:41] DELETING PREPAGATI (JobID: 82642f7f-38da-47cb-8dc6-c3f34d1005e0)
 - Deleted: 0

[07/Jul/2023:02:20:04] UPDATING ACCOUNTS (JobID: eb402218-41c2-42a6-9a88-094ffb1f7baa)
 - New and modified: 0

[07/Jul/2023:02:20:04] DELETING ACCOUNTS (JobID: eb402218-41c2-42a6-9a88-094ffb1f7baa)
 - Deleted: 0

[07/Jul/2023:02:20:38] UPDATING PRODUCTS (JobID: 2e991756-3c25-4c61-b39f-68706aec4f13)
 - New and modified: 0

[07/Jul/2023:02:20:40] UPDATING PREPAGATI (JobID: 6f5064a8-9da2-40a9-9b5d-3f71dddaf757)
 - New and modified: 0

[07/Jul/2023:02:20:40] DELETING PREPAGATI (JobID: 6f5064a8-9da2-40a9-9b5d-3f71dddaf757)
 - Deleted: 0

[07/Jul/2023:02:30:04] UPDATING ACCOUNTS (JobID: 29be916d-28db-40c6-926c-500098d43e3a)
 - New and modified: 0

[07/Jul/2023:02:30:04] DELETING ACCOUNTS (JobID: 29be916d-28db-40c6-926c-500098d43e3a)
 - Deleted: 0

[07/Jul/2023:02:30:38] UPDATING PRODUCTS (JobID: 800cbbef-9e3d-44fa-b47e-cf26be4652bf)
 - New and modified: 0

[07/Jul/2023:02:30:40] UPDATING PREPAGATI (JobID: be5e3e43-a87a-4421-bcdc-8499d0659d76)
 - New and modified: 0

[07/Jul/2023:02:30:40] DELETING PREPAGATI (JobID: be5e3e43-a87a-4421-bcdc-8499d0659d76)
 - Deleted: 0

[07/Jul/2023:03:10:04] UPDATING ACCOUNTS (JobID: 746a83d6-0e38-4ff2-a316-53f9f62bd019)
 - New and modified: 0

[07/Jul/2023:03:10:04] DELETING ACCOUNTS (JobID: 746a83d6-0e38-4ff2-a316-53f9f62bd019)
 - Deleted: 0

[07/Jul/2023:03:10:39] UPDATING PRODUCTS (JobID: 668f8c81-d56f-4b43-9f18-c07d7bb51a18)
 - New and modified: 0

[07/Jul/2023:03:10:46] UPDATING PREPAGATI (JobID: a5fd8b63-46e7-48f3-b663-b70796237be0)
 - New and modified: 0

[07/Jul/2023:03:10:46] DELETING PREPAGATI (JobID: a5fd8b63-46e7-48f3-b663-b70796237be0)
 - Deleted: 0

[07/Jul/2023:03:20:04] UPDATING ACCOUNTS (JobID: b96a9e41-0679-4671-9d73-08304b677335)
 - New and modified: 0

[07/Jul/2023:03:20:04] DELETING ACCOUNTS (JobID: b96a9e41-0679-4671-9d73-08304b677335)
 - Deleted: 0

[07/Jul/2023:03:20:38] UPDATING PRODUCTS (JobID: b46fb17c-6c3e-457d-a8fe-c94379c0b605)
 - New and modified: 0

[07/Jul/2023:03:20:40] UPDATING PREPAGATI (JobID: bb92d777-81a2-440e-b53e-61a09907a73c)
 - New and modified: 0

[07/Jul/2023:03:20:40] DELETING PREPAGATI (JobID: bb92d777-81a2-440e-b53e-61a09907a73c)
 - Deleted: 0

[07/Jul/2023:03:40:05] UPDATING ACCOUNTS (JobID: 3a632cd2-bf20-482f-9d67-60107b886f83)
 - New and modified: 0

[07/Jul/2023:03:40:05] DELETING ACCOUNTS (JobID: 3a632cd2-bf20-482f-9d67-60107b886f83)
 - Deleted: 0

[07/Jul/2023:03:40:39] UPDATING PRODUCTS (JobID: 7eb09415-d00f-4073-b545-8df23c9876a1)
 - New and modified: 0

[07/Jul/2023:03:40:41] UPDATING PREPAGATI (JobID: fdbd3350-4e44-4cb5-a921-f070615be5fb)
 - New and modified: 0

[07/Jul/2023:03:40:41] DELETING PREPAGATI (JobID: fdbd3350-4e44-4cb5-a921-f070615be5fb)
 - Deleted: 0

[07/Jul/2023:03:50:04] UPDATING ACCOUNTS (JobID: 2546d4b8-7c5c-459d-89cc-8719b4284120)
 - New and modified: 0

[07/Jul/2023:03:50:04] DELETING ACCOUNTS (JobID: 2546d4b8-7c5c-459d-89cc-8719b4284120)
 - Deleted: 0

[07/Jul/2023:03:50:38] UPDATING PRODUCTS (JobID: 629a5efc-03d4-49e2-85ad-1d6bae5de088)
 - New and modified: 0

[07/Jul/2023:03:50:40] UPDATING PREPAGATI (JobID: b7f059dd-f80d-49dc-8ce7-d81686b141ca)
 - New and modified: 0

[07/Jul/2023:03:50:40] DELETING PREPAGATI (JobID: b7f059dd-f80d-49dc-8ce7-d81686b141ca)
 - Deleted: 0

[07/Jul/2023:04:20:04] UPDATING ACCOUNTS (JobID: 21eba569-ee0c-4714-951b-18a6e0278e05)
 - New and modified: 0

[07/Jul/2023:04:20:04] DELETING ACCOUNTS (JobID: 21eba569-ee0c-4714-951b-18a6e0278e05)
 - Deleted: 0

[07/Jul/2023:04:20:43] UPDATING PRODUCTS (JobID: db79c1fa-6c4d-4a4b-9a27-a7462f77e366)
 - New and modified: 0

[07/Jul/2023:04:20:46] UPDATING PREPAGATI (JobID: ccc4a343-cb12-4caa-ad3e-006047401947)
 - New and modified: 0

[07/Jul/2023:04:20:46] DELETING PREPAGATI (JobID: ccc4a343-cb12-4caa-ad3e-006047401947)
 - Deleted: 0

[07/Jul/2023:04:30:05] UPDATING ACCOUNTS (JobID: d3ec0401-4896-4a83-a6e1-4122531fc331)
 - New and modified: 0

[07/Jul/2023:04:30:05] DELETING ACCOUNTS (JobID: d3ec0401-4896-4a83-a6e1-4122531fc331)
 - Deleted: 0

[07/Jul/2023:04:30:39] UPDATING PRODUCTS (JobID: c8970e3d-5304-429c-a867-d40c4b22236f)
 - New and modified: 0

[07/Jul/2023:04:30:42] UPDATING PREPAGATI (JobID: cab67d5a-e895-4a06-823d-86af5ad7b97c)
 - New and modified: 0

[07/Jul/2023:04:30:42] DELETING PREPAGATI (JobID: cab67d5a-e895-4a06-823d-86af5ad7b97c)
 - Deleted: 0

[07/Jul/2023:05:10:04] UPDATING ACCOUNTS (JobID: fcc8ac13-bbdc-4c7a-a01a-65fc58b6585f)
 - New and modified: 0

[07/Jul/2023:05:10:04] DELETING ACCOUNTS (JobID: fcc8ac13-bbdc-4c7a-a01a-65fc58b6585f)
 - Deleted: 0

[07/Jul/2023:05:10:38] UPDATING PRODUCTS (JobID: 2f9398a6-48e5-4e63-97de-7c1c9078b6f4)
 - New and modified: 0

[07/Jul/2023:05:10:40] UPDATING PREPAGATI (JobID: c8277900-61b6-45b6-bf99-a69847be53e1)
 - New and modified: 0

[07/Jul/2023:05:10:40] DELETING PREPAGATI (JobID: c8277900-61b6-45b6-bf99-a69847be53e1)
 - Deleted: 0

[07/Jul/2023:05:20:04] UPDATING ACCOUNTS (JobID: e0e9e174-7743-468f-a684-144777115d16)
 - New and modified: 0

[07/Jul/2023:05:20:04] DELETING ACCOUNTS (JobID: e0e9e174-7743-468f-a684-144777115d16)
 - Deleted: 0

[07/Jul/2023:05:20:37] UPDATING PRODUCTS (JobID: 360cd0bf-791b-4be9-af28-7b6f3922170d)
 - New and modified: 0

[07/Jul/2023:05:20:38] UPDATING PREPAGATI (JobID: 9d245f95-8ecc-4984-9448-1b51604b2300)
 - New and modified: 0

[07/Jul/2023:05:20:38] DELETING PREPAGATI (JobID: 9d245f95-8ecc-4984-9448-1b51604b2300)
 - Deleted: 0

[07/Jul/2023:05:30:04] UPDATING ACCOUNTS (JobID: 963e8e1c-04e4-41db-b1dd-2af30d8c38ea)
 - New and modified: 0

[07/Jul/2023:05:30:04] DELETING ACCOUNTS (JobID: 963e8e1c-04e4-41db-b1dd-2af30d8c38ea)
 - Deleted: 0

[07/Jul/2023:05:30:38] UPDATING PRODUCTS (JobID: 2545fa8d-00cb-4558-bd10-f65429c0e671)
 - New and modified: 0

[07/Jul/2023:05:30:40] UPDATING PREPAGATI (JobID: 37bdd27d-4bc5-4b47-bdf6-5e67a1b97794)
 - New and modified: 0

[07/Jul/2023:05:30:40] DELETING PREPAGATI (JobID: 37bdd27d-4bc5-4b47-bdf6-5e67a1b97794)
 - Deleted: 0

[07/Jul/2023:05:40:04] UPDATING ACCOUNTS (JobID: d1daaf47-7ad1-44b3-976a-85b0543b89a8)
 - New and modified: 0

[07/Jul/2023:05:40:04] DELETING ACCOUNTS (JobID: d1daaf47-7ad1-44b3-976a-85b0543b89a8)
 - Deleted: 0

[07/Jul/2023:05:40:38] UPDATING PRODUCTS (JobID: 6984c306-56b0-4ede-adb3-588f88a938e4)
 - New and modified: 0

[07/Jul/2023:05:40:39] UPDATING PREPAGATI (JobID: 83d89788-7bd0-4710-b18e-9096976954c4)
 - New and modified: 0

[07/Jul/2023:05:40:39] DELETING PREPAGATI (JobID: 83d89788-7bd0-4710-b18e-9096976954c4)
 - Deleted: 0

[07/Jul/2023:06:40:04] UPDATING ACCOUNTS (JobID: 126589ca-40a5-4a05-863d-d725cd33848d)
 - New and modified: 0

[07/Jul/2023:06:40:04] DELETING ACCOUNTS (JobID: 126589ca-40a5-4a05-863d-d725cd33848d)
 - Deleted: 0

[07/Jul/2023:06:40:39] UPDATING PRODUCTS (JobID: c98e18b5-ce83-447d-a3f2-1ad160a57418)
 - New and modified: 0

[07/Jul/2023:06:40:41] UPDATING PREPAGATI (JobID: 56307436-50b5-4324-ab68-d385994ea48d)
 - New and modified: 0

[07/Jul/2023:06:40:41] DELETING PREPAGATI (JobID: 56307436-50b5-4324-ab68-d385994ea48d)
 - Deleted: 0

[07/Jul/2023:07:10:04] UPDATING ACCOUNTS (JobID: 07157667-892b-4d65-abd1-5035703588b7)
 - New and modified: 0

[07/Jul/2023:07:10:04] DELETING ACCOUNTS (JobID: 07157667-892b-4d65-abd1-5035703588b7)
 - Deleted: 0

[07/Jul/2023:07:10:39] UPDATING PRODUCTS (JobID: 2fdd19cf-e927-4076-9c97-a850be742acd)
 - New and modified: 0

[07/Jul/2023:07:10:41] UPDATING PREPAGATI (JobID: b6164f7c-f0dc-43bf-ac2b-ae891756bf26)
 - New and modified: 0

[07/Jul/2023:07:10:41] DELETING PREPAGATI (JobID: b6164f7c-f0dc-43bf-ac2b-ae891756bf26)
 - Deleted: 0

[07/Jul/2023:07:20:04] UPDATING ACCOUNTS (JobID: c41a4635-c398-486c-8a01-5a4d40090dfd)
 - New and modified: 0

[07/Jul/2023:07:20:04] DELETING ACCOUNTS (JobID: c41a4635-c398-486c-8a01-5a4d40090dfd)
 - Deleted: 0

[07/Jul/2023:07:20:40] UPDATING PRODUCTS (JobID: 4f7cdbc4-3677-46c5-b9f9-f40970b051c9)
 - New and modified: 0

[07/Jul/2023:07:20:42] UPDATING PREPAGATI (JobID: 2672c2ef-c2c7-4eba-a63f-e1f442cc97b7)
 - New and modified: 0

[07/Jul/2023:07:20:42] DELETING PREPAGATI (JobID: 2672c2ef-c2c7-4eba-a63f-e1f442cc97b7)
 - Deleted: 0

[07/Jul/2023:07:50:05] UPDATING ACCOUNTS (JobID: d0c4ce33-44fe-487d-8709-9cfefbba9eb4)
 - New and modified: 0

[07/Jul/2023:07:50:05] DELETING ACCOUNTS (JobID: d0c4ce33-44fe-487d-8709-9cfefbba9eb4)
 - Deleted: 0

[07/Jul/2023:07:50:42] UPDATING PRODUCTS (JobID: 269161d3-84d6-45ad-ae24-f094d5f2eb85)
 - New and modified: 0

[07/Jul/2023:07:50:44] UPDATING PREPAGATI (JobID: 10bd9791-91f9-4a00-84b2-9eaf0f868af7)
 - New and modified: 0

[07/Jul/2023:07:50:44] DELETING PREPAGATI (JobID: 10bd9791-91f9-4a00-84b2-9eaf0f868af7)
 - Deleted: 0

[07/Jul/2023:08:00:04] UPDATING ACCOUNTS (JobID: b05c40d1-69a4-4578-80e0-25efbc8c19af)
 - New and modified: 0

[07/Jul/2023:08:00:04] DELETING ACCOUNTS (JobID: b05c40d1-69a4-4578-80e0-25efbc8c19af)
 - Deleted: 0

[07/Jul/2023:08:00:40] UPDATING PRODUCTS (JobID: e99212e3-aa8d-4af2-8000-2cf794362c85)
 - New and modified: 0

[07/Jul/2023:08:00:43] UPDATING PREPAGATI (JobID: fd6be02f-da77-4947-aab0-773e304931b2)
 - New and modified: 0

[07/Jul/2023:08:00:43] DELETING PREPAGATI (JobID: fd6be02f-da77-4947-aab0-773e304931b2)
 - Deleted: 0

[07/Jul/2023:08:20:04] UPDATING ACCOUNTS (JobID: 181f6e96-9950-4e72-bcfa-1abe66a6c2c6)
 - New and modified: 0

[07/Jul/2023:08:20:04] DELETING ACCOUNTS (JobID: 181f6e96-9950-4e72-bcfa-1abe66a6c2c6)
 - Deleted: 0

[07/Jul/2023:08:20:38] UPDATING PRODUCTS (JobID: e79eadd8-9c65-47be-a588-a163a3c84fae)
 - New and modified: 0

[07/Jul/2023:08:20:40] UPDATING PREPAGATI (JobID: 21368574-35bf-424b-b7ab-5fd747e5799f)
 - New and modified: 0

[07/Jul/2023:08:20:40] DELETING PREPAGATI (JobID: 21368574-35bf-424b-b7ab-5fd747e5799f)
 - Deleted: 0

[07/Jul/2023:08:50:08] UPDATING ACCOUNTS (JobID: 2a380e2b-cc6c-4f02-9e67-9cfa46af1890)
 - New and modified: 0

[07/Jul/2023:08:50:08] DELETING ACCOUNTS (JobID: 2a380e2b-cc6c-4f02-9e67-9cfa46af1890)
 - Deleted: 0

[07/Jul/2023:08:50:43] UPDATING PRODUCTS (JobID: 5eeae0d5-313d-49f6-8df5-0a0a51ee7dbb)
 - New and modified: 0

[07/Jul/2023:08:50:45] UPDATING PREPAGATI (JobID: 9027eb87-dcbd-4ff1-8046-b8bbf79907c2)
 - New and modified: 0

[07/Jul/2023:08:50:45] DELETING PREPAGATI (JobID: 9027eb87-dcbd-4ff1-8046-b8bbf79907c2)
 - Deleted: 0

[07/Jul/2023:09:30:04] UPDATING ACCOUNTS (JobID: f3bf1b48-1018-42bf-a167-f64fb7ca4161)
 - New and modified: 0

[07/Jul/2023:09:30:04] DELETING ACCOUNTS (JobID: f3bf1b48-1018-42bf-a167-f64fb7ca4161)
 - Deleted: 0

[07/Jul/2023:09:30:34] UPDATING PRODUCTS (JobID: f488e352-d9c6-4979-88fb-ea72a859927f)
 - New and modified: 0

[07/Jul/2023:09:30:36] UPDATING PREPAGATI (JobID: 674cdafc-cd37-46d9-ac5d-655bcbf1fb69)
 - New and modified: 0

[07/Jul/2023:09:30:36] DELETING PREPAGATI (JobID: 674cdafc-cd37-46d9-ac5d-655bcbf1fb69)
 - Deleted: 0

[07/Jul/2023:10:00:05] UPDATING ACCOUNTS (JobID: 7e11fac1-6ae3-4c02-88d4-c8d978da922c)
 - New and modified: 0

[07/Jul/2023:10:00:05] DELETING ACCOUNTS (JobID: 7e11fac1-6ae3-4c02-88d4-c8d978da922c)
 - Deleted: 0

[07/Jul/2023:10:00:40] UPDATING PRODUCTS (JobID: 6411ae2a-2048-4d11-8f31-1c92f5814a68)
 - New and modified: 0

[07/Jul/2023:10:00:42] UPDATING PREPAGATI (JobID: 70c48d07-3239-448a-9107-e998fdb37d42)
 - New and modified: 0

[07/Jul/2023:10:00:42] DELETING PREPAGATI (JobID: 70c48d07-3239-448a-9107-e998fdb37d42)
 - Deleted: 0

[07/Jul/2023:10:10:04] UPDATING ACCOUNTS (JobID: 1e10c246-9ff4-41cd-a22e-e2f70a143947)
 - New and modified: 0

[07/Jul/2023:10:10:04] DELETING ACCOUNTS (JobID: 1e10c246-9ff4-41cd-a22e-e2f70a143947)
 - Deleted: 0

[07/Jul/2023:10:10:38] UPDATING PRODUCTS (JobID: b0c3eb73-141c-4f85-bfdb-34fcd35d55d5)
 - New and modified: 0

[07/Jul/2023:10:10:40] UPDATING PREPAGATI (JobID: a303b5ce-6665-4884-bc80-383b0df62189)
 - New and modified: 0

[07/Jul/2023:10:10:40] DELETING PREPAGATI (JobID: a303b5ce-6665-4884-bc80-383b0df62189)
 - Deleted: 0

[07/Jul/2023:10:20:05] UPDATING ACCOUNTS (JobID: b7ba1216-0883-42ef-85f0-f4da50b0998e)
 - New and modified: 0

[07/Jul/2023:10:20:05] DELETING ACCOUNTS (JobID: b7ba1216-0883-42ef-85f0-f4da50b0998e)
 - Deleted: 0

[07/Jul/2023:10:20:38] UPDATING PRODUCTS (JobID: 7e2e64c7-dbd4-4872-b93e-2dd64290f7c5)
 - New and modified: 0

[07/Jul/2023:10:20:40] UPDATING PREPAGATI (JobID: 2f2d8d94-bbb0-4f11-b77b-71511bc6cef8)
 - New and modified: 0

[07/Jul/2023:10:20:40] DELETING PREPAGATI (JobID: 2f2d8d94-bbb0-4f11-b77b-71511bc6cef8)
 - Deleted: 0

[07/Jul/2023:10:50:04] UPDATING ACCOUNTS (JobID: 0c9de8ce-9cca-46ff-bf5d-9903352eee57)
 - New and modified: 0

[07/Jul/2023:10:50:04] DELETING ACCOUNTS (JobID: 0c9de8ce-9cca-46ff-bf5d-9903352eee57)
 - Deleted: 0

[07/Jul/2023:10:50:36] UPDATING PRODUCTS (JobID: 6936507b-08e1-44ce-ade9-7083da1a37e7)
 - New and modified: 0

[07/Jul/2023:10:50:38] UPDATING PREPAGATI (JobID: 47f2f8ff-25e6-4884-9c41-5bd54e76ff0f)
 - New and modified: 0

[07/Jul/2023:10:50:38] DELETING PREPAGATI (JobID: 47f2f8ff-25e6-4884-9c41-5bd54e76ff0f)
 - Deleted: 0

[07/Jul/2023:11:00:04] UPDATING ACCOUNTS (JobID: 1b651629-c2fc-4cef-8e84-e060a798e18f)
 - New and modified: 0

[07/Jul/2023:11:00:04] DELETING ACCOUNTS (JobID: 1b651629-c2fc-4cef-8e84-e060a798e18f)
 - Deleted: 0

[07/Jul/2023:11:00:39] UPDATING PRODUCTS (JobID: f1907ad9-6847-4594-9c23-6ebc13cb78d2)
 - New and modified: 0

[07/Jul/2023:11:00:41] UPDATING PREPAGATI (JobID: dadbfc2d-53e5-4c12-8eba-cb58847cb48b)
 - New and modified: 0

[07/Jul/2023:11:00:41] DELETING PREPAGATI (JobID: dadbfc2d-53e5-4c12-8eba-cb58847cb48b)
 - Deleted: 0

[07/Jul/2023:11:20:05] UPDATING ACCOUNTS (JobID: 4d96271f-c4f6-4a28-b487-3c88d20c06b9)
 - New and modified: 0

[07/Jul/2023:11:20:05] DELETING ACCOUNTS (JobID: 4d96271f-c4f6-4a28-b487-3c88d20c06b9)
 - Deleted: 0

[07/Jul/2023:11:20:40] UPDATING PRODUCTS (JobID: 95b0cb59-0b48-4282-99ba-21332e3f54b9)
 - New and modified: 0

[07/Jul/2023:11:20:42] UPDATING PREPAGATI (JobID: 0046e468-23a4-4448-a4f9-defe71de601c)
 - New and modified: 0

[07/Jul/2023:11:20:42] DELETING PREPAGATI (JobID: 0046e468-23a4-4448-a4f9-defe71de601c)
 - Deleted: 0

[07/Jul/2023:11:30:04] UPDATING ACCOUNTS (JobID: 2a013ed7-91f6-4aec-8546-b50b6a30b329)
 - New and modified: 0

[07/Jul/2023:11:30:04] DELETING ACCOUNTS (JobID: 2a013ed7-91f6-4aec-8546-b50b6a30b329)
 - Deleted: 0

[07/Jul/2023:11:30:36] UPDATING PRODUCTS (JobID: a0cab6e0-1b39-41cc-b3e0-84868c3508ac)
 - New and modified: 0

[07/Jul/2023:11:30:38] UPDATING PREPAGATI (JobID: ff698721-1250-47cc-803c-9f7909fcc15b)
 - New and modified: 0

[07/Jul/2023:11:30:38] DELETING PREPAGATI (JobID: ff698721-1250-47cc-803c-9f7909fcc15b)
 - Deleted: 0

[07/Jul/2023:11:40:04] UPDATING ACCOUNTS (JobID: 891af510-7a19-4a01-86d1-9ecda1ec9b5b)
 - New and modified: 0

[07/Jul/2023:11:40:04] DELETING ACCOUNTS (JobID: 891af510-7a19-4a01-86d1-9ecda1ec9b5b)
 - Deleted: 0

[07/Jul/2023:11:40:36] UPDATING PRODUCTS (JobID: 52ccde53-563e-47e2-9475-6ef937aff14a)
 - New and modified: 0

[07/Jul/2023:11:40:37] UPDATING PREPAGATI (JobID: 27c90cc5-02bf-40c9-8040-e3ec56ad73eb)
 - New and modified: 0

[07/Jul/2023:11:40:37] DELETING PREPAGATI (JobID: 27c90cc5-02bf-40c9-8040-e3ec56ad73eb)
 - Deleted: 0

[07/Jul/2023:11:50:03] UPDATING ACCOUNTS (JobID: b17f3d5b-26a8-4ec4-9c92-8a8792ce76c5)
 - New and modified: 0

[07/Jul/2023:11:50:03] DELETING ACCOUNTS (JobID: b17f3d5b-26a8-4ec4-9c92-8a8792ce76c5)
 - Deleted: 0

[07/Jul/2023:11:50:36] UPDATING PRODUCTS (JobID: 5c967e9d-a053-43c3-bc07-7b2afa45f344)
 - New and modified: 0

[07/Jul/2023:11:50:37] UPDATING PREPAGATI (JobID: 4a89b387-090d-4547-bd4c-63e8ec28c23b)
 - New and modified: 0

[07/Jul/2023:11:50:37] DELETING PREPAGATI (JobID: 4a89b387-090d-4547-bd4c-63e8ec28c23b)
 - Deleted: 0

[07/Jul/2023:12:20:04] UPDATING ACCOUNTS (JobID: 9327a554-d6ad-4bcc-86b4-71a3e2c677bf)
 - New and modified: 0

[07/Jul/2023:12:20:04] DELETING ACCOUNTS (JobID: 9327a554-d6ad-4bcc-86b4-71a3e2c677bf)
 - Deleted: 0

[07/Jul/2023:12:20:40] UPDATING PRODUCTS (JobID: db75dab8-40ae-47a5-b8dd-aa554f6a0bbc)
 - New and modified: 0

[07/Jul/2023:12:20:42] UPDATING PREPAGATI (JobID: b7dc4cb1-8081-42f9-85e2-744f5eb95f5a)
 - New and modified: 0

[07/Jul/2023:12:20:42] DELETING PREPAGATI (JobID: b7dc4cb1-8081-42f9-85e2-744f5eb95f5a)
 - Deleted: 0

[07/Jul/2023:13:00:03] UPDATING ACCOUNTS (JobID: 48c88af5-aad3-4f41-ae3c-451460ce7788)
 - New and modified: 0

[07/Jul/2023:13:00:03] DELETING ACCOUNTS (JobID: 48c88af5-aad3-4f41-ae3c-451460ce7788)
 - Deleted: 0

[07/Jul/2023:13:00:37] UPDATING PRODUCTS (JobID: f051f0c6-1883-45c6-b5cf-42c7bc095a33)
 - New and modified: 0

[07/Jul/2023:13:00:39] UPDATING PREPAGATI (JobID: bb3b3c77-251e-41eb-be6d-5f7c10bbb166)
 - New and modified: 0

[07/Jul/2023:13:00:39] DELETING PREPAGATI (JobID: bb3b3c77-251e-41eb-be6d-5f7c10bbb166)
 - Deleted: 0

[07/Jul/2023:13:10:05] UPDATING ACCOUNTS (JobID: 17a2e37b-8305-4d19-b016-8d52c19437b2)
 - New and modified: 0

[07/Jul/2023:13:10:05] DELETING ACCOUNTS (JobID: 17a2e37b-8305-4d19-b016-8d52c19437b2)
 - Deleted: 0

[07/Jul/2023:13:10:38] UPDATING PRODUCTS (JobID: c55750cc-3954-4eb9-8a0d-da88173cacf9)
 - New and modified: 0

[07/Jul/2023:13:10:40] UPDATING PREPAGATI (JobID: 25e16781-84cc-4e99-9114-7d6758e74b7c)
 - New and modified: 0

[07/Jul/2023:13:10:40] DELETING PREPAGATI (JobID: 25e16781-84cc-4e99-9114-7d6758e74b7c)
 - Deleted: 0

[07/Jul/2023:13:20:04] UPDATING ACCOUNTS (JobID: 1835d267-f8f8-4fb6-ad1f-84d44c2bbeae)
 - New and modified: 0

[07/Jul/2023:13:20:04] DELETING ACCOUNTS (JobID: 1835d267-f8f8-4fb6-ad1f-84d44c2bbeae)
 - Deleted: 0

[07/Jul/2023:13:20:39] UPDATING PRODUCTS (JobID: 4eac681c-b3f6-485c-8069-ef278cd35743)
 - New and modified: 0

[07/Jul/2023:13:20:41] UPDATING PREPAGATI (JobID: d1fc7d09-b85f-4e47-ad10-528bebaa6b81)
 - New and modified: 0

[07/Jul/2023:13:20:41] DELETING PREPAGATI (JobID: d1fc7d09-b85f-4e47-ad10-528bebaa6b81)
 - Deleted: 0

[07/Jul/2023:13:30:04] UPDATING ACCOUNTS (JobID: a7a5da86-573a-4c0c-8527-c332a15968bd)
 - New and modified: 0

[07/Jul/2023:13:30:04] DELETING ACCOUNTS (JobID: a7a5da86-573a-4c0c-8527-c332a15968bd)
 - Deleted: 0

[07/Jul/2023:13:30:36] UPDATING PRODUCTS (JobID: 4901b5bc-193e-4b16-a8c8-0a8ce361b5de)
 - New and modified: 0

[07/Jul/2023:13:30:38] UPDATING PREPAGATI (JobID: 158205eb-3bd3-46ca-8380-cd0c27b923dd)
 - New and modified: 0

[07/Jul/2023:13:30:38] DELETING PREPAGATI (JobID: 158205eb-3bd3-46ca-8380-cd0c27b923dd)
 - Deleted: 0

[07/Jul/2023:14:30:04] UPDATING ACCOUNTS (JobID: 20ed0315-14c4-4e5c-aab8-c8283811a730)
 - New and modified: 0

[07/Jul/2023:14:30:04] DELETING ACCOUNTS (JobID: 20ed0315-14c4-4e5c-aab8-c8283811a730)
 - Deleted: 0

[07/Jul/2023:14:30:38] UPDATING PRODUCTS (JobID: 041d6755-7258-4f16-8495-4341f2fe569e)
 - New and modified: 0

[07/Jul/2023:14:30:40] UPDATING PREPAGATI (JobID: d421d8aa-4918-4acd-b32a-0f676a1745f2)
 - New and modified: 0

[07/Jul/2023:14:30:40] DELETING PREPAGATI (JobID: d421d8aa-4918-4acd-b32a-0f676a1745f2)
 - Deleted: 0

[07/Jul/2023:14:40:04] UPDATING ACCOUNTS (JobID: 88e8388a-bb2b-4322-aed4-7213dd52bfa1)
 - New and modified: 0

[07/Jul/2023:14:40:04] DELETING ACCOUNTS (JobID: 88e8388a-bb2b-4322-aed4-7213dd52bfa1)
 - Deleted: 0

[07/Jul/2023:14:40:36] UPDATING PRODUCTS (JobID: d2a15214-c152-4a3f-b889-d9b384746bc2)
 - New and modified: 0

[07/Jul/2023:14:40:37] UPDATING PREPAGATI (JobID: 00210535-e93d-4478-a997-05bd93609354)
 - New and modified: 0

[07/Jul/2023:14:40:37] DELETING PREPAGATI (JobID: 00210535-e93d-4478-a997-05bd93609354)
 - Deleted: 0

[07/Jul/2023:15:00:04] UPDATING ACCOUNTS (JobID: 10361615-ab9c-47d1-93fe-961c476b8bc3)
 - New and modified: 0

[07/Jul/2023:15:00:04] DELETING ACCOUNTS (JobID: 10361615-ab9c-47d1-93fe-961c476b8bc3)
 - Deleted: 0

[07/Jul/2023:15:00:38] UPDATING PRODUCTS (JobID: 139c8551-d77a-4af8-89d9-d59c80847744)
 - New and modified: 0

[07/Jul/2023:15:00:40] UPDATING PREPAGATI (JobID: 8febf9ca-50bf-41c2-a56a-dc96302382ce)
 - New and modified: 0

[07/Jul/2023:15:00:40] DELETING PREPAGATI (JobID: 8febf9ca-50bf-41c2-a56a-dc96302382ce)
 - Deleted: 0

[07/Jul/2023:15:10:04] UPDATING ACCOUNTS (JobID: ab7f5f29-2715-4426-af25-3d7166106c44)
 - New and modified: 0

[07/Jul/2023:15:10:04] DELETING ACCOUNTS (JobID: ab7f5f29-2715-4426-af25-3d7166106c44)
 - Deleted: 0

[07/Jul/2023:15:10:37] UPDATING PRODUCTS (JobID: 4288e593-a2ef-467e-b919-58f1c0d0e5f7)
 - New and modified: 0

[07/Jul/2023:15:10:39] UPDATING PREPAGATI (JobID: cdae5605-5e84-494e-99ab-350a09051e7e)
 - New and modified: 0

[07/Jul/2023:15:10:39] DELETING PREPAGATI (JobID: cdae5605-5e84-494e-99ab-350a09051e7e)
 - Deleted: 0

[07/Jul/2023:15:20:04] UPDATING ACCOUNTS (JobID: 0f5ed7ac-294e-473d-8554-d177dd5585f9)
 - New and modified: 0

[07/Jul/2023:15:20:04] DELETING ACCOUNTS (JobID: 0f5ed7ac-294e-473d-8554-d177dd5585f9)
 - Deleted: 0

[07/Jul/2023:15:20:36] UPDATING PRODUCTS (JobID: db9b124c-7029-471c-bce2-cd6d7947b3cc)
 - New and modified: 0

[07/Jul/2023:15:20:38] UPDATING PREPAGATI (JobID: 61f08721-a60c-44b2-8e7a-d737d59d3778)
 - New and modified: 0

[07/Jul/2023:15:20:38] DELETING PREPAGATI (JobID: 61f08721-a60c-44b2-8e7a-d737d59d3778)
 - Deleted: 0

[07/Jul/2023:15:30:04] UPDATING ACCOUNTS (JobID: f088b2ce-8b6b-4444-b89b-41b286d4f0ce)
 - New and modified: 0

[07/Jul/2023:15:30:04] DELETING ACCOUNTS (JobID: f088b2ce-8b6b-4444-b89b-41b286d4f0ce)
 - Deleted: 0

[07/Jul/2023:15:30:37] UPDATING PRODUCTS (JobID: 5faf05e4-b947-4b72-a561-8aa765ef43ae)
 - New and modified: 0

[07/Jul/2023:15:30:38] UPDATING PREPAGATI (JobID: 9c79168e-e2e9-4976-8f51-a274b8735c65)
 - New and modified: 0

[07/Jul/2023:15:30:38] DELETING PREPAGATI (JobID: 9c79168e-e2e9-4976-8f51-a274b8735c65)
 - Deleted: 0

[07/Jul/2023:16:00:04] UPDATING ACCOUNTS (JobID: d5f9083d-6672-4588-a351-db1f3abf69ad)
 - New and modified: 0

[07/Jul/2023:16:00:04] DELETING ACCOUNTS (JobID: d5f9083d-6672-4588-a351-db1f3abf69ad)
 - Deleted: 0

[07/Jul/2023:16:00:37] UPDATING PRODUCTS (JobID: 6fec8f0b-c712-4742-a639-ee31daaadad6)
 - New and modified: 0

[07/Jul/2023:16:00:39] UPDATING PREPAGATI (JobID: 22e81d89-58d8-4e54-a0d0-b55c6eed1535)
 - New and modified: 0

[07/Jul/2023:16:00:39] DELETING PREPAGATI (JobID: 22e81d89-58d8-4e54-a0d0-b55c6eed1535)
 - Deleted: 0

[07/Jul/2023:16:10:04] UPDATING ACCOUNTS (JobID: eba8ec10-1667-400b-911c-9b2e98d26ef0)
 - New and modified: 0

[07/Jul/2023:16:10:04] DELETING ACCOUNTS (JobID: eba8ec10-1667-400b-911c-9b2e98d26ef0)
 - Deleted: 0

[07/Jul/2023:16:10:36] UPDATING PRODUCTS (JobID: a72975e6-1696-4f0b-b8b3-ac71ccd376c8)
 - New and modified: 0

[07/Jul/2023:16:10:38] UPDATING PREPAGATI (JobID: 3bf102da-8b9b-4e1c-87c2-ae3dd898298a)
 - New and modified: 0

[07/Jul/2023:16:10:38] DELETING PREPAGATI (JobID: 3bf102da-8b9b-4e1c-87c2-ae3dd898298a)
 - Deleted: 0

[07/Jul/2023:16:30:04] UPDATING ACCOUNTS (JobID: 7165e67c-2364-4e2e-a5a4-5b62e607061c)
 - New and modified: 0

[07/Jul/2023:16:30:04] DELETING ACCOUNTS (JobID: 7165e67c-2364-4e2e-a5a4-5b62e607061c)
 - Deleted: 0

[07/Jul/2023:16:30:38] UPDATING PRODUCTS (JobID: e160d950-09e6-4ac8-82f4-07f2ca950633)
 - New and modified: 0

[07/Jul/2023:16:30:40] UPDATING PREPAGATI (JobID: ba5808a5-ea1d-46ab-85f8-2d58c5cdd288)
 - New and modified: 0

[07/Jul/2023:16:30:40] DELETING PREPAGATI (JobID: ba5808a5-ea1d-46ab-85f8-2d58c5cdd288)
 - Deleted: 0

[07/Jul/2023:16:50:04] UPDATING ACCOUNTS (JobID: 30679ab2-ae5b-470d-86cc-12ed22d2c35a)
 - New and modified: 0

[07/Jul/2023:16:50:04] DELETING ACCOUNTS (JobID: 30679ab2-ae5b-470d-86cc-12ed22d2c35a)
 - Deleted: 0

[07/Jul/2023:16:50:36] UPDATING PRODUCTS (JobID: 5bbe5165-2c2b-4d4b-b04a-c8d8f682f561)
 - New and modified: 0

[07/Jul/2023:16:50:38] UPDATING PREPAGATI (JobID: 41a897ec-d856-491b-b50f-f14273ef3dac)
 - New and modified: 0

[07/Jul/2023:16:50:38] DELETING PREPAGATI (JobID: 41a897ec-d856-491b-b50f-f14273ef3dac)
 - Deleted: 0

[07/Jul/2023:17:00:04] UPDATING ACCOUNTS (JobID: 7f0bcfca-2507-4fd3-847d-a719d00e093d)
 - New and modified: 0

[07/Jul/2023:17:00:04] DELETING ACCOUNTS (JobID: 7f0bcfca-2507-4fd3-847d-a719d00e093d)
 - Deleted: 0

[07/Jul/2023:17:00:36] UPDATING PRODUCTS (JobID: 13b4523f-8585-408d-b808-4e6ebd1fd188)
 - New and modified: 0

[07/Jul/2023:17:00:38] UPDATING PREPAGATI (JobID: 508211a4-9675-478f-9eda-91b75d4feb53)
 - New and modified: 0

[07/Jul/2023:17:00:38] DELETING PREPAGATI (JobID: 508211a4-9675-478f-9eda-91b75d4feb53)
 - Deleted: 0

[07/Jul/2023:17:30:04] UPDATING ACCOUNTS (JobID: 5225c055-c315-4d45-b900-08734224fee2)
 - New and modified: 0

[07/Jul/2023:17:30:04] DELETING ACCOUNTS (JobID: 5225c055-c315-4d45-b900-08734224fee2)
 - Deleted: 0

[07/Jul/2023:17:30:38] UPDATING PRODUCTS (JobID: c94991ae-1d0f-462e-afcb-a2dbb831178b)
 - New and modified: 0

[07/Jul/2023:17:30:39] UPDATING PREPAGATI (JobID: 3e199dc0-7861-4409-acde-1abbdfd2e788)
 - New and modified: 0

[07/Jul/2023:17:30:39] DELETING PREPAGATI (JobID: 3e199dc0-7861-4409-acde-1abbdfd2e788)
 - Deleted: 0

[07/Jul/2023:17:50:04] UPDATING ACCOUNTS (JobID: 0e7d7a0a-949f-4dd3-b543-346e45fb322b)
 - New and modified: 0

[07/Jul/2023:17:50:04] DELETING ACCOUNTS (JobID: 0e7d7a0a-949f-4dd3-b543-346e45fb322b)
 - Deleted: 0

[07/Jul/2023:17:50:35] UPDATING PRODUCTS (JobID: e5e9f712-90d0-4e7e-b647-9118a947fa65)
 - New and modified: 0

[07/Jul/2023:17:50:37] UPDATING PREPAGATI (JobID: 97cbc174-74c8-449e-bc63-b9f04f37a430)
 - New and modified: 0

[07/Jul/2023:17:50:37] DELETING PREPAGATI (JobID: 97cbc174-74c8-449e-bc63-b9f04f37a430)
 - Deleted: 0

[07/Jul/2023:18:10:04] UPDATING ACCOUNTS (JobID: 27b6447f-3d29-4768-82af-c8e9b2812cd2)
 - New and modified: 0

[07/Jul/2023:18:10:04] DELETING ACCOUNTS (JobID: 27b6447f-3d29-4768-82af-c8e9b2812cd2)
 - Deleted: 0

[07/Jul/2023:18:10:38] UPDATING PRODUCTS (JobID: 3e679672-8726-4ad1-9abd-55788fabc97a)
 - New and modified: 0

[07/Jul/2023:18:10:40] UPDATING PREPAGATI (JobID: 0403208f-6e81-4843-9614-42ab8cd57f9d)
 - New and modified: 0

[07/Jul/2023:18:10:40] DELETING PREPAGATI (JobID: 0403208f-6e81-4843-9614-42ab8cd57f9d)
 - Deleted: 0

[07/Jul/2023:18:30:04] UPDATING ACCOUNTS (JobID: b36f1123-0cd3-4026-b521-cdf304852ab5)
 - New and modified: 0

[07/Jul/2023:18:30:04] DELETING ACCOUNTS (JobID: b36f1123-0cd3-4026-b521-cdf304852ab5)
 - Deleted: 0

[07/Jul/2023:18:30:36] UPDATING PRODUCTS (JobID: 6787413c-ffa3-46ff-9c7f-0dfc1c1b7c20)
 - New and modified: 0

[07/Jul/2023:18:30:38] UPDATING PREPAGATI (JobID: 7fc45f64-496c-472f-ba1d-8ff908e089f7)
 - New and modified: 0

[07/Jul/2023:18:30:38] DELETING PREPAGATI (JobID: 7fc45f64-496c-472f-ba1d-8ff908e089f7)
 - Deleted: 0

[07/Jul/2023:19:00:17] UPDATING ACCOUNTS (JobID: a2b28c5e-9389-4ad3-8db2-3fb94bc3abff)
 - New and modified: 0

[07/Jul/2023:19:00:17] DELETING ACCOUNTS (JobID: a2b28c5e-9389-4ad3-8db2-3fb94bc3abff)
 - Deleted: 0

[07/Jul/2023:19:00:48] UPDATING PRODUCTS (JobID: e0b3cacc-5b7f-4667-bf9a-8094adbc5b9e)
 - New and modified: 0

[07/Jul/2023:19:00:50] UPDATING PREPAGATI (JobID: 3368803a-c985-4a0f-af91-d09a1ee439cc)
 - New and modified: 0

[07/Jul/2023:19:00:50] DELETING PREPAGATI (JobID: 3368803a-c985-4a0f-af91-d09a1ee439cc)
 - Deleted: 0

[07/Jul/2023:19:20:04] UPDATING ACCOUNTS (JobID: d49ffed7-4d25-4d70-a1d8-e288683f1291)
 - New and modified: 0

[07/Jul/2023:19:20:04] DELETING ACCOUNTS (JobID: d49ffed7-4d25-4d70-a1d8-e288683f1291)
 - Deleted: 0

[07/Jul/2023:19:20:39] UPDATING PRODUCTS (JobID: 57b2a5a6-48c1-4994-8bbd-5b77d1eff865)
 - New and modified: 0

[07/Jul/2023:19:20:41] UPDATING PREPAGATI (JobID: 5375884d-a4a6-426e-af61-c231e4c2a6c0)
 - New and modified: 0

[07/Jul/2023:19:20:41] DELETING PREPAGATI (JobID: 5375884d-a4a6-426e-af61-c231e4c2a6c0)
 - Deleted: 0

[07/Jul/2023:19:30:04] UPDATING ACCOUNTS (JobID: 08598a69-c8c6-4e70-b86a-1a324a979da2)
 - New and modified: 0

[07/Jul/2023:19:30:04] DELETING ACCOUNTS (JobID: 08598a69-c8c6-4e70-b86a-1a324a979da2)
 - Deleted: 0

[07/Jul/2023:19:30:37] UPDATING PRODUCTS (JobID: ae7e9f17-0cae-43a2-a38f-70396ab514a8)
 - New and modified: 0

[07/Jul/2023:19:30:39] UPDATING PREPAGATI (JobID: 0cc07e4b-a29b-45f7-8a46-8667a8d19e90)
 - New and modified: 0

[07/Jul/2023:19:30:39] DELETING PREPAGATI (JobID: 0cc07e4b-a29b-45f7-8a46-8667a8d19e90)
 - Deleted: 0

[07/Jul/2023:19:40:05] UPDATING ACCOUNTS (JobID: 6f318f1c-6ae5-4785-98dd-da295d0f6d65)
 - New and modified: 0

[07/Jul/2023:19:40:05] DELETING ACCOUNTS (JobID: 6f318f1c-6ae5-4785-98dd-da295d0f6d65)
 - Deleted: 0

[07/Jul/2023:19:40:38] UPDATING PRODUCTS (JobID: 400122c5-cb3a-4572-a730-11698a175c6e)
 - New and modified: 0

[07/Jul/2023:19:40:40] UPDATING PREPAGATI (JobID: 0c51e3de-b5fb-4672-a851-3a2187d3f497)
 - New and modified: 0

[07/Jul/2023:19:40:40] DELETING PREPAGATI (JobID: 0c51e3de-b5fb-4672-a851-3a2187d3f497)
 - Deleted: 0

[07/Jul/2023:20:00:04] UPDATING ACCOUNTS (JobID: 2eb1cf41-c4d9-4fa5-9b26-83b4e965e9fc)
 - New and modified: 0

[07/Jul/2023:20:00:04] DELETING ACCOUNTS (JobID: 2eb1cf41-c4d9-4fa5-9b26-83b4e965e9fc)
 - Deleted: 0

[07/Jul/2023:20:00:38] UPDATING PRODUCTS (JobID: d331bd45-5ae2-4a5f-a977-048c9688d7a4)
 - New and modified: 0

[07/Jul/2023:20:00:40] UPDATING PREPAGATI (JobID: 2c318c12-19be-4c2e-bcd2-8edb69c4fc0f)
 - New and modified: 0

[07/Jul/2023:20:00:40] DELETING PREPAGATI (JobID: 2c318c12-19be-4c2e-bcd2-8edb69c4fc0f)
 - Deleted: 0

[07/Jul/2023:20:20:04] UPDATING ACCOUNTS (JobID: 0942c4fd-fd63-4ea3-bd58-58411cff2310)
 - New and modified: 0

[07/Jul/2023:20:20:05] DELETING ACCOUNTS (JobID: 0942c4fd-fd63-4ea3-bd58-58411cff2310)
 - Deleted: 0

[07/Jul/2023:20:20:37] UPDATING PRODUCTS (JobID: 6faf7b5c-48cb-49ce-9678-063bef44c750)
 - New and modified: 0

[07/Jul/2023:20:20:39] UPDATING PREPAGATI (JobID: 240c9ea8-d0ca-4355-840e-11162ee389b1)
 - New and modified: 0

[07/Jul/2023:20:20:39] DELETING PREPAGATI (JobID: 240c9ea8-d0ca-4355-840e-11162ee389b1)
 - Deleted: 0

[07/Jul/2023:20:40:04] UPDATING ACCOUNTS (JobID: e69fa303-71be-4a93-b0eb-6d0d3503cf48)
 - New and modified: 0

[07/Jul/2023:20:40:04] DELETING ACCOUNTS (JobID: e69fa303-71be-4a93-b0eb-6d0d3503cf48)
 - Deleted: 0

[07/Jul/2023:20:40:38] UPDATING PRODUCTS (JobID: be62bf99-4857-47f0-825f-f1d6e81d9550)
 - New and modified: 0

[07/Jul/2023:20:40:40] UPDATING PREPAGATI (JobID: 91a8a9b4-03d5-4f42-b766-bc8c0db43123)
 - New and modified: 0

[07/Jul/2023:20:40:40] DELETING PREPAGATI (JobID: 91a8a9b4-03d5-4f42-b766-bc8c0db43123)
 - Deleted: 0

[07/Jul/2023:20:50:04] UPDATING ACCOUNTS (JobID: 5f399582-7fe9-4ef5-8191-752acdb594ef)
 - New and modified: 0

[07/Jul/2023:20:50:04] DELETING ACCOUNTS (JobID: 5f399582-7fe9-4ef5-8191-752acdb594ef)
 - Deleted: 0

[07/Jul/2023:20:50:39] UPDATING PRODUCTS (JobID: 51d5883a-f3fd-49ce-8e4d-989f57c7b82f)
 - New and modified: 0

[07/Jul/2023:20:50:41] UPDATING PREPAGATI (JobID: 5eef1ffa-78d5-4a6d-bcee-94cf52b6a1e4)
 - New and modified: 0

[07/Jul/2023:20:50:41] DELETING PREPAGATI (JobID: 5eef1ffa-78d5-4a6d-bcee-94cf52b6a1e4)
 - Deleted: 0

[07/Jul/2023:21:00:04] UPDATING ACCOUNTS (JobID: 9afb75c6-73fc-4126-b352-f6a03385a8b1)
 - New and modified: 0

[07/Jul/2023:21:00:04] DELETING ACCOUNTS (JobID: 9afb75c6-73fc-4126-b352-f6a03385a8b1)
 - Deleted: 0

[07/Jul/2023:21:00:38] UPDATING PRODUCTS (JobID: 8e881b40-792a-4225-8fb9-1f210db9d2a1)
 - New and modified: 0

[07/Jul/2023:21:00:40] UPDATING PREPAGATI (JobID: f8b7186b-72e4-4e8e-bc6a-a279770b2b15)
 - New and modified: 0

[07/Jul/2023:21:00:40] DELETING PREPAGATI (JobID: f8b7186b-72e4-4e8e-bc6a-a279770b2b15)
 - Deleted: 0

[07/Jul/2023:21:50:04] UPDATING ACCOUNTS (JobID: 1caa1ea9-e085-43cb-8be1-58e37cab2340)
 - New and modified: 0

[07/Jul/2023:21:50:04] DELETING ACCOUNTS (JobID: 1caa1ea9-e085-43cb-8be1-58e37cab2340)
 - Deleted: 0

[07/Jul/2023:21:50:37] UPDATING PRODUCTS (JobID: b7dfe7fa-833e-464d-af44-79d6b4fe87ae)
 - New and modified: 0

[07/Jul/2023:21:50:39] UPDATING PREPAGATI (JobID: d3ad7431-5ba4-4b8c-950e-961fa3ef5412)
 - New and modified: 0

[07/Jul/2023:21:50:39] DELETING PREPAGATI (JobID: d3ad7431-5ba4-4b8c-950e-961fa3ef5412)
 - Deleted: 0

[07/Jul/2023:22:40:04] UPDATING ACCOUNTS (JobID: 10c0a2e8-6824-41da-961f-ba033293d9ad)
 - New and modified: 0

[07/Jul/2023:22:40:04] DELETING ACCOUNTS (JobID: 10c0a2e8-6824-41da-961f-ba033293d9ad)
 - Deleted: 0

[07/Jul/2023:22:40:39] UPDATING PRODUCTS (JobID: 842d338e-ca04-47b2-babe-e5683ba87da4)
 - New and modified: 0

[07/Jul/2023:22:40:41] UPDATING PREPAGATI (JobID: 36521e04-df81-4671-bef3-070542d89a1b)
 - New and modified: 0

[07/Jul/2023:22:40:41] DELETING PREPAGATI (JobID: 36521e04-df81-4671-bef3-070542d89a1b)
 - Deleted: 0

[07/Jul/2023:22:50:04] UPDATING ACCOUNTS (JobID: 692663af-2f20-4004-8174-16c51b351601)
 - New and modified: 0

[07/Jul/2023:22:50:04] DELETING ACCOUNTS (JobID: 692663af-2f20-4004-8174-16c51b351601)
 - Deleted: 0

[07/Jul/2023:22:50:37] UPDATING PRODUCTS (JobID: 0a8d18b0-a229-45b1-aaa4-b2857bef931a)
 - New and modified: 0

[07/Jul/2023:22:50:39] UPDATING PREPAGATI (JobID: 448769ab-700e-4218-b4bd-9236541860f4)
 - New and modified: 0

[07/Jul/2023:22:50:39] DELETING PREPAGATI (JobID: 448769ab-700e-4218-b4bd-9236541860f4)
 - Deleted: 0

[07/Jul/2023:23:10:04] UPDATING ACCOUNTS (JobID: 78c7cae6-8a31-40d7-ae83-9d1608105858)
 - New and modified: 0

[07/Jul/2023:23:10:04] DELETING ACCOUNTS (JobID: 78c7cae6-8a31-40d7-ae83-9d1608105858)
 - Deleted: 0

[07/Jul/2023:23:10:37] UPDATING PRODUCTS (JobID: e39d28ec-4a55-49b6-a278-e02c0743ce8d)
 - New and modified: 0

[07/Jul/2023:23:10:39] UPDATING PREPAGATI (JobID: 2c2a2ad7-33be-4f6e-bc25-6cd2b968f308)
 - New and modified: 0

[07/Jul/2023:23:10:39] DELETING PREPAGATI (JobID: 2c2a2ad7-33be-4f6e-bc25-6cd2b968f308)
 - Deleted: 0

[07/Jul/2023:23:20:04] UPDATING ACCOUNTS (JobID: 5550ff71-3d27-4fcd-929e-136899baf59a)
 - New and modified: 0

[07/Jul/2023:23:20:04] DELETING ACCOUNTS (JobID: 5550ff71-3d27-4fcd-929e-136899baf59a)
 - Deleted: 0

[07/Jul/2023:23:20:36] UPDATING PRODUCTS (JobID: 7656e094-caac-48d3-8845-08346441d68c)
 - New and modified: 0

[07/Jul/2023:23:20:38] UPDATING PREPAGATI (JobID: 25a44ea8-2964-45c8-ac5a-571c6abc364c)
 - New and modified: 0

[07/Jul/2023:23:20:38] DELETING PREPAGATI (JobID: 25a44ea8-2964-45c8-ac5a-571c6abc364c)
 - Deleted: 0

[07/Jul/2023:23:50:05] UPDATING ACCOUNTS (JobID: 6dd2e766-5047-4936-ae4e-c9d14f209d10)
 - New and modified: 0

[07/Jul/2023:23:50:05] DELETING ACCOUNTS (JobID: 6dd2e766-5047-4936-ae4e-c9d14f209d10)
 - Deleted: 0

[07/Jul/2023:23:50:40] UPDATING PRODUCTS (JobID: a04f6140-6146-4b65-84e7-50bd846de62d)
 - New and modified: 0

[07/Jul/2023:23:50:42] UPDATING PREPAGATI (JobID: 4377727b-9a81-4e24-b5c5-005433fd7910)
 - New and modified: 0

[07/Jul/2023:23:50:42] DELETING PREPAGATI (JobID: 4377727b-9a81-4e24-b5c5-005433fd7910)
 - Deleted: 0

