[26/May/2023:00:00:04] UPDATING ACCOUNTS (JobID: 6f88b045-5f02-4f31-8cf7-67e775548a22)
 - New and modified: 0

[26/May/2023:00:00:04] DELETING ACCOUNTS (JobID: 6f88b045-5f02-4f31-8cf7-67e775548a22)
 - Deleted: 0

[26/May/2023:00:00:36] UPDATING PRODUCTS (JobID: 0fa3e4c8-7565-4444-ad1d-254978a0f7b0)
 - New and modified: 0

[26/May/2023:00:00:38] UPDATING PREPAGATI (JobID: d24f9372-5646-4e11-bf7b-5521a181aceb)
 - New and modified: 0

[26/May/2023:00:00:38] DELETING PREPAGATI (JobID: d24f9372-5646-4e11-bf7b-5521a181aceb)
 - Deleted: 0

[26/May/2023:00:10:04] UPDATING ACCOUNTS (JobID: aaf8865e-7dc3-4282-ba2a-bbdd1cb13aa6)
 - New and modified: 0

[26/May/2023:00:10:04] DELETING ACCOUNTS (JobID: aaf8865e-7dc3-4282-ba2a-bbdd1cb13aa6)
 - Deleted: 0

[26/May/2023:00:10:36] UPDATING PRODUCTS (JobID: b3bcf0f0-9340-42f5-a8a3-be1d26bcef3c)
 - New and modified: 0

[26/May/2023:00:10:38] UPDATING PREPAGATI (JobID: 1bb75030-e4d9-4eee-935e-3578b7e3e019)
 - New and modified: 0

[26/May/2023:00:10:38] DELETING PREPAGATI (JobID: 1bb75030-e4d9-4eee-935e-3578b7e3e019)
 - Deleted: 0

[26/May/2023:00:20:04] UPDATING ACCOUNTS (JobID: 84cc8798-1961-4b68-ab04-900428a0c640)
 - New and modified: 0

[26/May/2023:00:20:04] DELETING ACCOUNTS (JobID: 84cc8798-1961-4b68-ab04-900428a0c640)
 - Deleted: 0

[26/May/2023:00:20:37] UPDATING PRODUCTS (JobID: 389f2d21-ff50-44fe-a098-d3041297f2af)
 - New and modified: 0

[26/May/2023:00:20:38] UPDATING PREPAGATI (JobID: 5fa0bdd9-0bed-49da-9bb3-4674a3720827)
 - New and modified: 0

[26/May/2023:00:20:38] DELETING PREPAGATI (JobID: 5fa0bdd9-0bed-49da-9bb3-4674a3720827)
 - Deleted: 0

[26/May/2023:00:50:04] UPDATING ACCOUNTS (JobID: 7f982fde-3e78-4419-87db-c6062292b434)
 - New and modified: 0

[26/May/2023:00:50:04] DELETING ACCOUNTS (JobID: 7f982fde-3e78-4419-87db-c6062292b434)
 - Deleted: 0

[26/May/2023:00:50:37] UPDATING PRODUCTS (JobID: f9fe5ee2-9656-404b-8b17-bca555a704be)
 - New and modified: 0

[26/May/2023:00:50:39] UPDATING PREPAGATI (JobID: 1df9f013-16c0-4057-9e7b-75e2f97f0de8)
 - New and modified: 0

[26/May/2023:00:50:39] DELETING PREPAGATI (JobID: 1df9f013-16c0-4057-9e7b-75e2f97f0de8)
 - Deleted: 0

[26/May/2023:01:10:04] UPDATING ACCOUNTS (JobID: b0d8a776-6d98-4ec9-90a8-bef724a140d7)
 - New and modified: 0

[26/May/2023:01:10:04] DELETING ACCOUNTS (JobID: b0d8a776-6d98-4ec9-90a8-bef724a140d7)
 - Deleted: 0

[26/May/2023:01:10:43] UPDATING PRODUCTS (JobID: e0114477-e267-49ec-ad84-73a65408e065)
 - New and modified: 0

[26/May/2023:01:10:45] UPDATING PREPAGATI (JobID: be6eaa98-8cbb-419e-a6d6-5dc21fddae56)
 - New and modified: 0

[26/May/2023:01:10:45] DELETING PREPAGATI (JobID: be6eaa98-8cbb-419e-a6d6-5dc21fddae56)
 - Deleted: 0

[26/May/2023:01:50:05] UPDATING ACCOUNTS (JobID: 43724831-5a3b-4fdb-9626-8fb0c0dd9a8d)
 - New and modified: 0

[26/May/2023:01:50:05] DELETING ACCOUNTS (JobID: 43724831-5a3b-4fdb-9626-8fb0c0dd9a8d)
 - Deleted: 0

[26/May/2023:01:50:42] UPDATING PRODUCTS (JobID: 19e06a8d-a2c8-4a89-8e88-7a36fc4106a8)
 - New and modified: 0

[26/May/2023:01:50:44] UPDATING PREPAGATI (JobID: 0884f5b7-d1f2-49df-af83-9396eef96449)
 - New and modified: 0

[26/May/2023:01:50:44] DELETING PREPAGATI (JobID: 0884f5b7-d1f2-49df-af83-9396eef96449)
 - Deleted: 0

[26/May/2023:02:00:05] UPDATING ACCOUNTS (JobID: debaf3fd-86b5-4dfe-9252-80ec9a87e82c)
 - New and modified: 0

[26/May/2023:02:00:05] DELETING ACCOUNTS (JobID: debaf3fd-86b5-4dfe-9252-80ec9a87e82c)
 - Deleted: 0

[26/May/2023:02:00:43] UPDATING PRODUCTS (JobID: f6827daf-bfe1-49b6-a30a-b9fa738e5b4f)
 - New and modified: 0

[26/May/2023:02:00:45] UPDATING PREPAGATI (JobID: b50355c1-9425-41ae-a687-a74920a31a2e)
 - New and modified: 0

[26/May/2023:02:00:45] DELETING PREPAGATI (JobID: b50355c1-9425-41ae-a687-a74920a31a2e)
 - Deleted: 0

[26/May/2023:02:20:05] UPDATING ACCOUNTS (JobID: 4e457a53-9586-4f62-a17c-8294cf18a5d3)
 - New and modified: 0

[26/May/2023:02:20:05] DELETING ACCOUNTS (JobID: 4e457a53-9586-4f62-a17c-8294cf18a5d3)
 - Deleted: 0

[26/May/2023:02:20:41] UPDATING PRODUCTS (JobID: 8d059809-cda4-4fe2-8b71-d32cd7a51828)
 - New and modified: 0

[26/May/2023:02:20:43] UPDATING PREPAGATI (JobID: 34e90c3c-913b-44b5-b634-c86741b18b9f)
 - New and modified: 0

[26/May/2023:02:20:43] DELETING PREPAGATI (JobID: 34e90c3c-913b-44b5-b634-c86741b18b9f)
 - Deleted: 0

[26/May/2023:02:40:04] UPDATING ACCOUNTS (JobID: 0a5b3d95-afb9-4af5-85e1-a73570cd174d)
 - New and modified: 0

[26/May/2023:02:40:04] DELETING ACCOUNTS (JobID: 0a5b3d95-afb9-4af5-85e1-a73570cd174d)
 - Deleted: 0

[26/May/2023:02:40:40] UPDATING PRODUCTS (JobID: e07f716a-d533-4c36-9eee-ce45aae1d09f)
 - New and modified: 0

[26/May/2023:02:40:41] UPDATING PREPAGATI (JobID: 7702e980-7af1-4f45-86ff-57928e595a75)
 - New and modified: 0

[26/May/2023:02:40:41] DELETING PREPAGATI (JobID: 7702e980-7af1-4f45-86ff-57928e595a75)
 - Deleted: 0

[26/May/2023:02:50:04] UPDATING ACCOUNTS (JobID: 31579f67-f490-4e33-a7fa-e319b989a4f0)
 - New and modified: 0

[26/May/2023:02:50:04] DELETING ACCOUNTS (JobID: 31579f67-f490-4e33-a7fa-e319b989a4f0)
 - Deleted: 0

[26/May/2023:02:50:38] UPDATING PRODUCTS (JobID: 20bdf531-5803-4e3d-afbd-61f2f023f70b)
 - New and modified: 0

[26/May/2023:02:50:40] UPDATING PREPAGATI (JobID: 20a29983-e51e-4a93-90e6-3a4ad2e7e467)
 - New and modified: 0

[26/May/2023:02:50:40] DELETING PREPAGATI (JobID: 20a29983-e51e-4a93-90e6-3a4ad2e7e467)
 - Deleted: 0

[26/May/2023:03:20:04] UPDATING ACCOUNTS (JobID: 264b0fef-6568-40cf-8e84-5a9fedd4d0ea)
 - New and modified: 0

[26/May/2023:03:20:04] DELETING ACCOUNTS (JobID: 264b0fef-6568-40cf-8e84-5a9fedd4d0ea)
 - Deleted: 0

[26/May/2023:03:20:43] UPDATING PRODUCTS (JobID: ffa229d8-c44c-4ad9-9b5f-e000567a2e6a)
 - New and modified: 0

[26/May/2023:03:20:45] UPDATING PREPAGATI (JobID: 53b484c9-ff41-4ed0-92db-61ed7f8ff2d3)
 - New and modified: 0

[26/May/2023:03:20:45] DELETING PREPAGATI (JobID: 53b484c9-ff41-4ed0-92db-61ed7f8ff2d3)
 - Deleted: 0

[26/May/2023:04:40:04] UPDATING ACCOUNTS (JobID: b0e99e76-f9cb-4f00-993d-4deced7e3375)
 - New and modified: 0

[26/May/2023:04:40:04] DELETING ACCOUNTS (JobID: b0e99e76-f9cb-4f00-993d-4deced7e3375)
 - Deleted: 0

[26/May/2023:04:40:38] UPDATING PRODUCTS (JobID: 43364544-aa61-4657-8e99-ea6164f28009)
 - New and modified: 0

[26/May/2023:04:40:41] UPDATING PREPAGATI (JobID: db9e3a26-dbfa-49b7-9f75-a20a108a7292)
 - New and modified: 0

[26/May/2023:04:40:41] DELETING PREPAGATI (JobID: db9e3a26-dbfa-49b7-9f75-a20a108a7292)
 - Deleted: 0

[26/May/2023:05:00:05] UPDATING ACCOUNTS (JobID: 988a1cd0-cf4c-47e4-8b06-f0999e4bfb5b)
 - New and modified: 0

[26/May/2023:05:00:05] DELETING ACCOUNTS (JobID: 988a1cd0-cf4c-47e4-8b06-f0999e4bfb5b)
 - Deleted: 0

[26/May/2023:05:00:40] UPDATING PRODUCTS (JobID: 73dade30-2c15-427d-8af6-f455f2a9a2af)
 - New and modified: 0

[26/May/2023:05:00:43] UPDATING PREPAGATI (JobID: a10fd10f-d621-439e-a7ae-f1ebf14512fc)
 - New and modified: 0

[26/May/2023:05:00:43] DELETING PREPAGATI (JobID: a10fd10f-d621-439e-a7ae-f1ebf14512fc)
 - Deleted: 0

[26/May/2023:05:20:04] UPDATING ACCOUNTS (JobID: dd767606-b8c4-4d22-949c-cfb0bdb2fc2e)
 - New and modified: 0

[26/May/2023:05:20:04] DELETING ACCOUNTS (JobID: dd767606-b8c4-4d22-949c-cfb0bdb2fc2e)
 - Deleted: 0

[26/May/2023:05:20:37] UPDATING PRODUCTS (JobID: 4f421d19-e334-44f9-8338-576c241f7a52)
 - New and modified: 0

[26/May/2023:05:20:39] UPDATING PREPAGATI (JobID: b9efffb7-4a74-40c5-9dba-caa760526764)
 - New and modified: 0

[26/May/2023:05:20:39] DELETING PREPAGATI (JobID: b9efffb7-4a74-40c5-9dba-caa760526764)
 - Deleted: 0

[26/May/2023:05:30:04] UPDATING ACCOUNTS (JobID: 26087078-bd9f-43d1-8eb2-97295404c7b6)
 - New and modified: 0

[26/May/2023:05:30:04] DELETING ACCOUNTS (JobID: 26087078-bd9f-43d1-8eb2-97295404c7b6)
 - Deleted: 0

[26/May/2023:05:30:37] UPDATING PRODUCTS (JobID: ddfa9e09-305a-417a-b66c-32d019898d21)
 - New and modified: 0

[26/May/2023:05:30:38] UPDATING PREPAGATI (JobID: e2e83823-1c41-4ad2-8f6f-0ae685c12d26)
 - New and modified: 0

[26/May/2023:05:30:38] DELETING PREPAGATI (JobID: e2e83823-1c41-4ad2-8f6f-0ae685c12d26)
 - Deleted: 0

[26/May/2023:05:40:05] UPDATING ACCOUNTS (JobID: 3c7fe6fd-5350-461a-9958-0699e8b40497)
 - New and modified: 0

[26/May/2023:05:40:05] DELETING ACCOUNTS (JobID: 3c7fe6fd-5350-461a-9958-0699e8b40497)
 - Deleted: 0

[26/May/2023:05:40:37] UPDATING PRODUCTS (JobID: 903552bd-c6e4-4e99-8217-3abb286f8198)
 - New and modified: 0

[26/May/2023:05:40:38] UPDATING PREPAGATI (JobID: e5aa1c1d-9aff-4e0d-948c-054c99b906a9)
 - New and modified: 0

[26/May/2023:05:40:38] DELETING PREPAGATI (JobID: e5aa1c1d-9aff-4e0d-948c-054c99b906a9)
 - Deleted: 0

[26/May/2023:05:50:04] UPDATING ACCOUNTS (JobID: 8e173075-6f59-49b6-bd94-c41cdea550d6)
 - New and modified: 0

[26/May/2023:05:50:04] DELETING ACCOUNTS (JobID: 8e173075-6f59-49b6-bd94-c41cdea550d6)
 - Deleted: 0

[26/May/2023:05:50:36] UPDATING PRODUCTS (JobID: 61e333a2-e517-494b-98bd-d78de459b769)
 - New and modified: 0

[26/May/2023:05:50:38] UPDATING PREPAGATI (JobID: 35538bb0-4a08-4ded-9ade-4392ec34c219)
 - New and modified: 0

[26/May/2023:05:50:38] DELETING PREPAGATI (JobID: 35538bb0-4a08-4ded-9ade-4392ec34c219)
 - Deleted: 0

[26/May/2023:06:10:04] UPDATING ACCOUNTS (JobID: 4ec63be3-c9d9-4ddd-bec5-db00eba0bbaa)
 - New and modified: 0

[26/May/2023:06:10:04] DELETING ACCOUNTS (JobID: 4ec63be3-c9d9-4ddd-bec5-db00eba0bbaa)
 - Deleted: 0

[26/May/2023:06:10:38] UPDATING PRODUCTS (JobID: 570efdef-4471-4aea-a136-0ec524841790)
 - New and modified: 0

[26/May/2023:06:10:40] UPDATING PREPAGATI (JobID: f29aba8c-0940-45e9-a6d2-d25600593984)
 - New and modified: 0

[26/May/2023:06:10:40] DELETING PREPAGATI (JobID: f29aba8c-0940-45e9-a6d2-d25600593984)
 - Deleted: 0

[26/May/2023:07:30:05] UPDATING ACCOUNTS (JobID: 37017b26-d59b-4f91-87bd-f8ab9a00327e)
 - New and modified: 0

[26/May/2023:07:30:05] DELETING ACCOUNTS (JobID: 37017b26-d59b-4f91-87bd-f8ab9a00327e)
 - Deleted: 0

[26/May/2023:07:30:41] UPDATING PRODUCTS (JobID: 5ce625ad-6fff-4f62-b30d-657235f731f0)
 - New and modified: 0

[26/May/2023:07:30:43] UPDATING PREPAGATI (JobID: c80d1a32-ee26-4afd-b88c-aee0455c8878)
 - New and modified: 0

[26/May/2023:07:30:43] DELETING PREPAGATI (JobID: c80d1a32-ee26-4afd-b88c-aee0455c8878)
 - Deleted: 0

[26/May/2023:07:40:04] UPDATING ACCOUNTS (JobID: 4d020836-1fd2-48f0-b16d-c81a17bfe025)
 - New and modified: 0

[26/May/2023:07:40:04] DELETING ACCOUNTS (JobID: 4d020836-1fd2-48f0-b16d-c81a17bfe025)
 - Deleted: 0

[26/May/2023:07:40:39] UPDATING PRODUCTS (JobID: 38da897e-e757-4f63-8a7e-90c88f4079b3)
 - New and modified: 0

[26/May/2023:07:40:41] UPDATING PREPAGATI (JobID: 64e0734e-20e4-49e1-9d6a-641fc7682dae)
 - New and modified: 0

[26/May/2023:07:40:41] DELETING PREPAGATI (JobID: 64e0734e-20e4-49e1-9d6a-641fc7682dae)
 - Deleted: 0

[26/May/2023:09:00:05] UPDATING ACCOUNTS (JobID: 3041d13d-c245-4aa4-b29d-946deba68037)
 - New and modified: 0

[26/May/2023:09:00:05] DELETING ACCOUNTS (JobID: 3041d13d-c245-4aa4-b29d-946deba68037)
 - Deleted: 0

[26/May/2023:09:01:06] UPDATING PRODUCTS (JobID: 4324591c-bcca-405d-b80f-77f39edf3791)
 - New and modified: 0

[26/May/2023:09:01:09] UPDATING PREPAGATI (JobID: 493dd0c0-bc62-45e9-9ad6-4e27369c1f62)
 - New and modified: 0

[26/May/2023:09:01:09] DELETING PREPAGATI (JobID: 493dd0c0-bc62-45e9-9ad6-4e27369c1f62)
 - Deleted: 0

[26/May/2023:09:10:04] UPDATING ACCOUNTS (JobID: 67ee4dad-378e-412a-8065-02daefc8e372)
 - New and modified: 0

[26/May/2023:09:10:04] DELETING ACCOUNTS (JobID: 67ee4dad-378e-412a-8065-02daefc8e372)
 - Deleted: 0

[26/May/2023:09:10:39] UPDATING PRODUCTS (JobID: eb74e047-8792-4c01-9de2-5b656a2a3188)
 - New and modified: 0

[26/May/2023:09:10:41] UPDATING PREPAGATI (JobID: fbcd96f0-b22f-4bd9-850f-70d48a550d39)
 - New and modified: 0

[26/May/2023:09:10:41] DELETING PREPAGATI (JobID: fbcd96f0-b22f-4bd9-850f-70d48a550d39)
 - Deleted: 0

[26/May/2023:09:20:04] UPDATING ACCOUNTS (JobID: 2f0a3354-e197-44e9-9c85-2be12fc7ae11)
 - New and modified: 0

[26/May/2023:09:20:04] DELETING ACCOUNTS (JobID: 2f0a3354-e197-44e9-9c85-2be12fc7ae11)
 - Deleted: 0

[26/May/2023:09:20:40] UPDATING PRODUCTS (JobID: c632e561-29a5-4ef0-9942-7aa750bc7b19)
 - New and modified: 0

[26/May/2023:09:20:42] UPDATING PREPAGATI (JobID: c490400d-8de1-41c3-92ee-a05f198ece18)
 - New and modified: 0

[26/May/2023:09:20:42] DELETING PREPAGATI (JobID: c490400d-8de1-41c3-92ee-a05f198ece18)
 - Deleted: 0

[26/May/2023:09:50:04] UPDATING ACCOUNTS (JobID: ec994d0a-526e-4a83-93eb-6e66592876b0)
 - New and modified: 0

[26/May/2023:09:50:04] DELETING ACCOUNTS (JobID: ec994d0a-526e-4a83-93eb-6e66592876b0)
 - Deleted: 0

[26/May/2023:09:50:37] UPDATING PRODUCTS (JobID: 1700669c-0d29-4532-82d4-2cc76174ec89)
 - New and modified: 0

[26/May/2023:09:50:39] UPDATING PREPAGATI (JobID: 008bb5a1-6ecb-45c5-8ef4-c588ca3a8fa9)
 - New and modified: 0

[26/May/2023:09:50:39] DELETING PREPAGATI (JobID: 008bb5a1-6ecb-45c5-8ef4-c588ca3a8fa9)
 - Deleted: 0

[26/May/2023:10:50:04] UPDATING ACCOUNTS (JobID: 5f127c89-e0b9-49fe-8f64-c062ebbb0232)
 - New and modified: 0

[26/May/2023:10:50:04] DELETING ACCOUNTS (JobID: 5f127c89-e0b9-49fe-8f64-c062ebbb0232)
 - Deleted: 0

[26/May/2023:10:50:38] UPDATING PRODUCTS (JobID: 5b3af2ba-a0a9-4031-85b0-0b877e0947c3)
 - New and modified: 0

[26/May/2023:10:50:40] UPDATING PREPAGATI (JobID: b0cc7725-5556-4435-84bb-351ff471e165)
 - New and modified: 0

[26/May/2023:10:50:40] DELETING PREPAGATI (JobID: b0cc7725-5556-4435-84bb-351ff471e165)
 - Deleted: 0

[26/May/2023:11:00:04] UPDATING ACCOUNTS (JobID: 6044c95f-5471-4c72-8d8f-e73e3ff9f9db)
 - New and modified: 0

[26/May/2023:11:00:04] DELETING ACCOUNTS (JobID: 6044c95f-5471-4c72-8d8f-e73e3ff9f9db)
 - Deleted: 0

[26/May/2023:11:00:45] UPDATING PRODUCTS (JobID: 88244240-7a9b-4c8e-b3b4-c5f5dc1ba865)
 - New and modified: 0

[26/May/2023:11:00:47] UPDATING PREPAGATI (JobID: 739bc4c9-fda3-4e70-a7c0-71931cfdbbc1)
 - New and modified: 0

[26/May/2023:11:00:47] DELETING PREPAGATI (JobID: 739bc4c9-fda3-4e70-a7c0-71931cfdbbc1)
 - Deleted: 0

[26/May/2023:11:10:04] UPDATING ACCOUNTS (JobID: 39ae69dc-c452-45e2-bdab-2e9d92bb9169)
 - New and modified: 0

[26/May/2023:11:10:04] DELETING ACCOUNTS (JobID: 39ae69dc-c452-45e2-bdab-2e9d92bb9169)
 - Deleted: 0

[26/May/2023:11:10:38] UPDATING PRODUCTS (JobID: 5c5aa8b1-a883-420a-a835-290dcaf2cf74)
 - New and modified: 0

[26/May/2023:11:10:39] UPDATING PREPAGATI (JobID: 07b3189a-5eee-4c8e-8919-a1bcfb570cba)
 - New and modified: 0

[26/May/2023:11:10:39] DELETING PREPAGATI (JobID: 07b3189a-5eee-4c8e-8919-a1bcfb570cba)
 - Deleted: 0

[26/May/2023:11:20:04] UPDATING ACCOUNTS (JobID: 7875fba7-e810-4536-88a2-16c091f655a7)
 - New and modified: 0

[26/May/2023:11:20:04] DELETING ACCOUNTS (JobID: 7875fba7-e810-4536-88a2-16c091f655a7)
 - Deleted: 0

[26/May/2023:11:20:38] UPDATING PRODUCTS (JobID: c3616a3c-0536-42ed-93b9-c00c34a5f24f)
 - New and modified: 0

[26/May/2023:11:20:39] UPDATING PREPAGATI (JobID: 216384e5-5d4f-413e-a972-e0fd819a508f)
 - New and modified: 0

[26/May/2023:11:20:39] DELETING PREPAGATI (JobID: 216384e5-5d4f-413e-a972-e0fd819a508f)
 - Deleted: 0

[26/May/2023:11:40:04] UPDATING ACCOUNTS (JobID: e73ba19a-d9d3-4e3d-b77f-eaa5b75fd95b)
 - New and modified: 0

[26/May/2023:11:40:04] DELETING ACCOUNTS (JobID: e73ba19a-d9d3-4e3d-b77f-eaa5b75fd95b)
 - Deleted: 0

[26/May/2023:11:40:36] UPDATING PRODUCTS (JobID: 6d4f1731-1478-42ec-bcac-86f09b7fe826)
 - New and modified: 0

[26/May/2023:11:40:38] UPDATING PREPAGATI (JobID: b84fc425-31da-4e78-bc73-9cd26354a236)
 - New and modified: 0

[26/May/2023:11:40:38] DELETING PREPAGATI (JobID: b84fc425-31da-4e78-bc73-9cd26354a236)
 - Deleted: 0

[26/May/2023:12:10:04] UPDATING ACCOUNTS (JobID: 3c6c6b9f-e472-4a50-9607-7982f28d4195)
 - New and modified: 0

[26/May/2023:12:10:04] DELETING ACCOUNTS (JobID: 3c6c6b9f-e472-4a50-9607-7982f28d4195)
 - Deleted: 0

[26/May/2023:12:10:38] UPDATING PRODUCTS (JobID: 508c66ae-e4d4-4a4d-b325-83797aef5755)
 - New and modified: 0

[26/May/2023:12:10:40] UPDATING PREPAGATI (JobID: ae5f8804-ee57-478c-be15-35fb216f3082)
 - New and modified: 0

[26/May/2023:12:10:40] DELETING PREPAGATI (JobID: ae5f8804-ee57-478c-be15-35fb216f3082)
 - Deleted: 0

[26/May/2023:12:20:05] UPDATING ACCOUNTS (JobID: c128ea9c-936e-47a8-8afb-0d3986cfb7dc)
 - New and modified: 0

[26/May/2023:12:20:05] DELETING ACCOUNTS (JobID: c128ea9c-936e-47a8-8afb-0d3986cfb7dc)
 - Deleted: 0

[26/May/2023:12:20:37] UPDATING PRODUCTS (JobID: ea58f022-bf60-45fb-9d22-686ff66c1cce)
 - New and modified: 0

[26/May/2023:12:20:39] UPDATING PREPAGATI (JobID: ad101c5d-9877-4909-ab9a-3c0fde608d0f)
 - New and modified: 0

[26/May/2023:12:20:39] DELETING PREPAGATI (JobID: ad101c5d-9877-4909-ab9a-3c0fde608d0f)
 - Deleted: 0

[26/May/2023:12:40:04] UPDATING ACCOUNTS (JobID: a7a68437-a007-4ea1-ae1a-67e903a92a9c)
 - New and modified: 0

[26/May/2023:12:40:04] DELETING ACCOUNTS (JobID: a7a68437-a007-4ea1-ae1a-67e903a92a9c)
 - Deleted: 0

[26/May/2023:12:40:39] UPDATING PRODUCTS (JobID: 00b1cc56-8e26-4d57-8e9f-73071aed968c)
 - New and modified: 0

[26/May/2023:12:40:40] UPDATING PREPAGATI (JobID: 7730330e-fb49-42e1-82dc-b78547e9e95f)
 - New and modified: 0

[26/May/2023:12:40:40] DELETING PREPAGATI (JobID: 7730330e-fb49-42e1-82dc-b78547e9e95f)
 - Deleted: 0

[26/May/2023:12:50:05] UPDATING ACCOUNTS (JobID: 08f460fa-fae8-4652-9d7a-f9bd4dd62026)
 - New and modified: 0

[26/May/2023:12:50:05] DELETING ACCOUNTS (JobID: 08f460fa-fae8-4652-9d7a-f9bd4dd62026)
 - Deleted: 0

[26/May/2023:12:50:37] UPDATING PRODUCTS (JobID: 33720f3b-01a4-4aa3-ab40-4cb70397f64c)
 - New and modified: 0

[26/May/2023:12:50:39] UPDATING PREPAGATI (JobID: 27a6066b-bc75-405a-b6ff-f17d5b78070d)
 - New and modified: 0

[26/May/2023:12:50:39] DELETING PREPAGATI (JobID: 27a6066b-bc75-405a-b6ff-f17d5b78070d)
 - Deleted: 0

[26/May/2023:13:10:04] UPDATING ACCOUNTS (JobID: 306f1b8b-db3e-449f-bfbf-32fbd9a1ee33)
 - New and modified: 0

[26/May/2023:13:10:04] DELETING ACCOUNTS (JobID: 306f1b8b-db3e-449f-bfbf-32fbd9a1ee33)
 - Deleted: 0

[26/May/2023:13:10:37] UPDATING PRODUCTS (JobID: d44c69f4-dd06-45f7-b144-8c74049cdfcd)
 - New and modified: 0

[26/May/2023:13:10:39] UPDATING PREPAGATI (JobID: bd31c062-d116-4b39-8bba-3f1cee553f04)
 - New and modified: 0

[26/May/2023:13:10:39] DELETING PREPAGATI (JobID: bd31c062-d116-4b39-8bba-3f1cee553f04)
 - Deleted: 0

[26/May/2023:13:30:04] UPDATING ACCOUNTS (JobID: 0070eb5a-8641-4889-9801-e34adb5d1667)
 - New and modified: 0

[26/May/2023:13:30:04] DELETING ACCOUNTS (JobID: 0070eb5a-8641-4889-9801-e34adb5d1667)
 - Deleted: 0

[26/May/2023:13:30:38] UPDATING PRODUCTS (JobID: c8686e20-b4aa-4bed-abc5-482957273ffe)
 - New and modified: 0

[26/May/2023:13:30:40] UPDATING PREPAGATI (JobID: 61e0ab40-314a-4ab6-af1e-dc2a3502467c)
 - New and modified: 0

[26/May/2023:13:30:40] DELETING PREPAGATI (JobID: 61e0ab40-314a-4ab6-af1e-dc2a3502467c)
 - Deleted: 0

[26/May/2023:14:10:04] UPDATING ACCOUNTS (JobID: 59150005-bfce-4ff3-ae08-26b3245d2163)
 - New and modified: 0

[26/May/2023:14:10:04] DELETING ACCOUNTS (JobID: 59150005-bfce-4ff3-ae08-26b3245d2163)
 - Deleted: 0

[26/May/2023:14:10:38] UPDATING PRODUCTS (JobID: d01be239-1e54-41e1-9408-51f41b442119)
 - New and modified: 0

[26/May/2023:14:10:41] UPDATING PREPAGATI (JobID: 9417859d-41c7-412e-b3d4-e3da3f4a3ee0)
 - New and modified: 0

[26/May/2023:14:10:41] DELETING PREPAGATI (JobID: 9417859d-41c7-412e-b3d4-e3da3f4a3ee0)
 - Deleted: 0

[26/May/2023:14:40:04] UPDATING ACCOUNTS (JobID: d3b6d8a6-9225-480a-a5fa-b21f6b38cd52)
 - New and modified: 0

[26/May/2023:14:40:04] DELETING ACCOUNTS (JobID: d3b6d8a6-9225-480a-a5fa-b21f6b38cd52)
 - Deleted: 0

[26/May/2023:14:40:37] UPDATING PRODUCTS (JobID: 3d6c0769-33ac-4f93-b59c-34dfd912f189)
 - New and modified: 0

[26/May/2023:14:40:39] UPDATING PREPAGATI (JobID: 3ca02e33-1e55-4ce8-92ea-347c5056c9f0)
 - New and modified: 0

[26/May/2023:14:40:39] DELETING PREPAGATI (JobID: 3ca02e33-1e55-4ce8-92ea-347c5056c9f0)
 - Deleted: 0

[26/May/2023:15:00:04] UPDATING ACCOUNTS (JobID: f07448e3-b6c7-4fc8-9deb-126de4d6f1cc)
 - New and modified: 0

[26/May/2023:15:00:04] DELETING ACCOUNTS (JobID: f07448e3-b6c7-4fc8-9deb-126de4d6f1cc)
 - Deleted: 0

[26/May/2023:15:00:41] UPDATING PRODUCTS (JobID: 8545e4c8-e31a-436b-bcc6-8a0a2f3b10f7)
 - New and modified: 0

[26/May/2023:15:00:42] UPDATING PREPAGATI (JobID: fd7c9a04-7b2d-4e9a-a672-eef4c8a5ea92)
 - New and modified: 0

[26/May/2023:15:00:42] DELETING PREPAGATI (JobID: fd7c9a04-7b2d-4e9a-a672-eef4c8a5ea92)
 - Deleted: 0

[26/May/2023:15:10:04] UPDATING ACCOUNTS (JobID: ffc1414e-ca4a-4668-8f45-0ec29f527c76)
 - New and modified: 0

[26/May/2023:15:10:04] DELETING ACCOUNTS (JobID: ffc1414e-ca4a-4668-8f45-0ec29f527c76)
 - Deleted: 0

[26/May/2023:15:10:38] UPDATING PRODUCTS (JobID: e59bdd56-0ab4-43a8-8d2f-abb216d794dd)
 - New and modified: 0

[26/May/2023:15:10:40] UPDATING PREPAGATI (JobID: 3ad4111f-b025-4f19-bd73-da10b4a8a65b)
 - New and modified: 0

[26/May/2023:15:10:40] DELETING PREPAGATI (JobID: 3ad4111f-b025-4f19-bd73-da10b4a8a65b)
 - Deleted: 0

[26/May/2023:15:30:04] UPDATING ACCOUNTS (JobID: 028f2483-eb74-4a20-8eb2-1d306ac4a701)
 - New and modified: 0

[26/May/2023:15:30:04] DELETING ACCOUNTS (JobID: 028f2483-eb74-4a20-8eb2-1d306ac4a701)
 - Deleted: 0

[26/May/2023:15:30:38] UPDATING PRODUCTS (JobID: 0ac17112-c3a9-41db-8f0a-39244d0d3e95)
 - New and modified: 0

[26/May/2023:15:30:39] UPDATING PREPAGATI (JobID: 7ced37e2-ff82-4c05-9bd8-47c91a997d7c)
 - New and modified: 0

[26/May/2023:15:30:39] DELETING PREPAGATI (JobID: 7ced37e2-ff82-4c05-9bd8-47c91a997d7c)
 - Deleted: 0

[26/May/2023:15:40:04] UPDATING ACCOUNTS (JobID: a55082b3-ebbc-4318-a4bf-1145149dac03)
 - New and modified: 0

[26/May/2023:15:40:04] DELETING ACCOUNTS (JobID: a55082b3-ebbc-4318-a4bf-1145149dac03)
 - Deleted: 0

[26/May/2023:15:40:37] UPDATING PRODUCTS (JobID: 2d7055ff-80b5-40d2-b475-3b1473b43256)
 - New and modified: 0

[26/May/2023:15:40:39] UPDATING PREPAGATI (JobID: 67da6214-ae5d-4ad1-9707-420f16957884)
 - New and modified: 0

[26/May/2023:15:40:39] DELETING PREPAGATI (JobID: 67da6214-ae5d-4ad1-9707-420f16957884)
 - Deleted: 0

[26/May/2023:16:10:04] UPDATING ACCOUNTS (JobID: 7e74e092-3083-40d4-a2f6-14a7e4406263)
 - New and modified: 0

[26/May/2023:16:10:04] DELETING ACCOUNTS (JobID: 7e74e092-3083-40d4-a2f6-14a7e4406263)
 - Deleted: 0

[26/May/2023:16:10:39] UPDATING PRODUCTS (JobID: c1b5b223-aa66-4a0b-bd13-cd9cd97b474d)
 - New and modified: 0

[26/May/2023:16:10:40] UPDATING PREPAGATI (JobID: e5cf1547-20ef-4f7d-9ad5-f7a597d7bc2f)
 - New and modified: 0

[26/May/2023:16:10:40] DELETING PREPAGATI (JobID: e5cf1547-20ef-4f7d-9ad5-f7a597d7bc2f)
 - Deleted: 0

[26/May/2023:16:30:04] UPDATING ACCOUNTS (JobID: 30ec6214-5fef-4b6e-a33d-c194ceaf85b9)
 - New and modified: 0

[26/May/2023:16:30:04] DELETING ACCOUNTS (JobID: 30ec6214-5fef-4b6e-a33d-c194ceaf85b9)
 - Deleted: 0

[26/May/2023:16:30:37] UPDATING PRODUCTS (JobID: e510847c-f5d7-40aa-9751-981a44f97391)
 - New and modified: 0

[26/May/2023:16:30:39] UPDATING PREPAGATI (JobID: 81d78d07-1778-4e20-ae6a-52a07b18d076)
 - New and modified: 0

[26/May/2023:16:30:39] DELETING PREPAGATI (JobID: 81d78d07-1778-4e20-ae6a-52a07b18d076)
 - Deleted: 0

[26/May/2023:17:00:04] UPDATING ACCOUNTS (JobID: bbf2bb45-f21e-43a3-bf53-4d797ab7e50d)
 - New and modified: 0

[26/May/2023:17:00:04] DELETING ACCOUNTS (JobID: bbf2bb45-f21e-43a3-bf53-4d797ab7e50d)
 - Deleted: 0

[26/May/2023:17:00:36] UPDATING PRODUCTS (JobID: 13c433f5-438a-4c31-8726-e4fe6f292ef2)
 - New and modified: 0

[26/May/2023:17:00:38] UPDATING PREPAGATI (JobID: d8a91a27-f332-4369-8fd6-a8d7333335c9)
 - New and modified: 0

[26/May/2023:17:00:38] DELETING PREPAGATI (JobID: d8a91a27-f332-4369-8fd6-a8d7333335c9)
 - Deleted: 0

[26/May/2023:17:10:04] UPDATING ACCOUNTS (JobID: ca0b3065-fb85-444f-bef7-8e684a4cb13e)
 - New and modified: 0

[26/May/2023:17:10:04] DELETING ACCOUNTS (JobID: ca0b3065-fb85-444f-bef7-8e684a4cb13e)
 - Deleted: 0

[26/May/2023:17:10:38] UPDATING PRODUCTS (JobID: a7a5cd34-3bc9-4359-b56f-70827995e164)
 - New and modified: 0

[26/May/2023:17:10:39] UPDATING PREPAGATI (JobID: 39768f5f-cb9a-4b96-ae2b-79946fd3fe14)
 - New and modified: 0

[26/May/2023:17:10:39] DELETING PREPAGATI (JobID: 39768f5f-cb9a-4b96-ae2b-79946fd3fe14)
 - Deleted: 0

[26/May/2023:17:40:04] UPDATING ACCOUNTS (JobID: 25c58731-8cfd-4465-a8c8-f6b5d481ecf8)
 - New and modified: 0

[26/May/2023:17:40:04] DELETING ACCOUNTS (JobID: 25c58731-8cfd-4465-a8c8-f6b5d481ecf8)
 - Deleted: 0

[26/May/2023:17:40:36] UPDATING PRODUCTS (JobID: 9ffe94e9-7a60-4ca1-b7e4-567d0f7f979f)
 - New and modified: 0

[26/May/2023:17:40:38] UPDATING PREPAGATI (JobID: dfd5e499-fe79-46f8-a55c-3409f3b0cddf)
 - New and modified: 0

[26/May/2023:17:40:38] DELETING PREPAGATI (JobID: dfd5e499-fe79-46f8-a55c-3409f3b0cddf)
 - Deleted: 0

[26/May/2023:18:00:06] UPDATING ACCOUNTS (JobID: 594fdd24-beba-4070-a3d4-28d8eb120c6f)
 - New and modified: 0

[26/May/2023:18:00:06] DELETING ACCOUNTS (JobID: 594fdd24-beba-4070-a3d4-28d8eb120c6f)
 - Deleted: 0

[26/May/2023:18:00:41] UPDATING PRODUCTS (JobID: 01459adf-1ddf-48a0-8a76-67d02833422e)
 - New and modified: 0

[26/May/2023:18:00:42] UPDATING PREPAGATI (JobID: 3690a496-7736-4c04-b212-ab1321f8ccdb)
 - New and modified: 0

[26/May/2023:18:00:42] DELETING PREPAGATI (JobID: 3690a496-7736-4c04-b212-ab1321f8ccdb)
 - Deleted: 0

[26/May/2023:18:10:04] UPDATING ACCOUNTS (JobID: 5a24f467-0285-4d05-a894-c7ec00611ae7)
 - New and modified: 0

[26/May/2023:18:10:04] DELETING ACCOUNTS (JobID: 5a24f467-0285-4d05-a894-c7ec00611ae7)
 - Deleted: 0

[26/May/2023:18:10:37] UPDATING PRODUCTS (JobID: b2c68c9e-043d-4372-863d-2bcf775e2797)
 - New and modified: 0

[26/May/2023:18:10:39] UPDATING PREPAGATI (JobID: 0e1bbee8-6b03-4bae-b564-2872072bd127)
 - New and modified: 0

[26/May/2023:18:10:39] DELETING PREPAGATI (JobID: 0e1bbee8-6b03-4bae-b564-2872072bd127)
 - Deleted: 0

[26/May/2023:18:20:04] UPDATING ACCOUNTS (JobID: 17d0d2f2-0b74-4382-a4d6-07cff0198d05)
 - New and modified: 0

[26/May/2023:18:20:04] DELETING ACCOUNTS (JobID: 17d0d2f2-0b74-4382-a4d6-07cff0198d05)
 - Deleted: 0

[26/May/2023:18:20:40] UPDATING PRODUCTS (JobID: 4769a293-8174-41ca-851b-1a86c3bd2844)
 - New and modified: 0

[26/May/2023:18:20:42] UPDATING PREPAGATI (JobID: 9c0e3786-869c-4a39-8e8c-2519fab0bf71)
 - New and modified: 0

[26/May/2023:18:20:42] DELETING PREPAGATI (JobID: 9c0e3786-869c-4a39-8e8c-2519fab0bf71)
 - Deleted: 0

[26/May/2023:18:30:04] UPDATING ACCOUNTS (JobID: c7809c09-b7c2-4355-85d0-6ea914ee9be2)
 - New and modified: 0

[26/May/2023:18:30:04] DELETING ACCOUNTS (JobID: c7809c09-b7c2-4355-85d0-6ea914ee9be2)
 - Deleted: 0

[26/May/2023:18:30:38] UPDATING PRODUCTS (JobID: 4a06a52e-220f-48f7-bdaf-2e7663ba835b)
 - New and modified: 0

[26/May/2023:18:30:39] UPDATING PREPAGATI (JobID: 2ed89a0a-4261-4b22-80ce-1c8ea89d07c8)
 - New and modified: 0

[26/May/2023:18:30:39] DELETING PREPAGATI (JobID: 2ed89a0a-4261-4b22-80ce-1c8ea89d07c8)
 - Deleted: 0

[26/May/2023:18:40:04] UPDATING ACCOUNTS (JobID: 0c2bb807-9b42-486a-bca1-8440003525d7)
 - New and modified: 0

[26/May/2023:18:40:04] DELETING ACCOUNTS (JobID: 0c2bb807-9b42-486a-bca1-8440003525d7)
 - Deleted: 0

[26/May/2023:18:40:37] UPDATING PRODUCTS (JobID: 3ede31c8-0a49-4c41-b3ce-8ea105860fab)
 - New and modified: 0

[26/May/2023:18:40:38] UPDATING PREPAGATI (JobID: cf154968-6b59-4537-948f-09c33a63637e)
 - New and modified: 0

[26/May/2023:18:40:38] DELETING PREPAGATI (JobID: cf154968-6b59-4537-948f-09c33a63637e)
 - Deleted: 0

[26/May/2023:18:50:05] UPDATING ACCOUNTS (JobID: 5e10509a-01cc-435e-8dd4-198ec358477f)
 - New and modified: 0

[26/May/2023:18:50:05] DELETING ACCOUNTS (JobID: 5e10509a-01cc-435e-8dd4-198ec358477f)
 - Deleted: 0

[26/May/2023:18:50:37] UPDATING PRODUCTS (JobID: d515670c-9c5d-4bce-b999-4f350be92836)
 - New and modified: 0

[26/May/2023:18:50:39] UPDATING PREPAGATI (JobID: 01d8106b-a258-42cb-b5f6-66b3cf351e2c)
 - New and modified: 0

[26/May/2023:18:50:39] DELETING PREPAGATI (JobID: 01d8106b-a258-42cb-b5f6-66b3cf351e2c)
 - Deleted: 0

[26/May/2023:19:10:04] UPDATING ACCOUNTS (JobID: 74a72a95-d4ef-44d3-a845-9d499c717b17)
 - New and modified: 0

[26/May/2023:19:10:04] DELETING ACCOUNTS (JobID: 74a72a95-d4ef-44d3-a845-9d499c717b17)
 - Deleted: 0

[26/May/2023:19:10:37] UPDATING PRODUCTS (JobID: f3686257-e49a-4a8c-aabe-584e72ce122e)
 - New and modified: 0

[26/May/2023:19:10:39] UPDATING PREPAGATI (JobID: ba969f89-4899-459e-b950-a39726270e47)
 - New and modified: 0

[26/May/2023:19:10:39] DELETING PREPAGATI (JobID: ba969f89-4899-459e-b950-a39726270e47)
 - Deleted: 0

[26/May/2023:19:40:04] UPDATING ACCOUNTS (JobID: 9113da86-ae6f-4aec-83c8-92f6461d94f8)
 - New and modified: 0

[26/May/2023:19:40:04] DELETING ACCOUNTS (JobID: 9113da86-ae6f-4aec-83c8-92f6461d94f8)
 - Deleted: 0

[26/May/2023:19:40:36] UPDATING PRODUCTS (JobID: c64fe6d9-11ff-48ee-bf0d-f1464f8a5521)
 - New and modified: 0

[26/May/2023:19:40:38] UPDATING PREPAGATI (JobID: a0c47e02-8129-4b2d-b8ce-6cd795d3a662)
 - New and modified: 0

[26/May/2023:19:40:38] DELETING PREPAGATI (JobID: a0c47e02-8129-4b2d-b8ce-6cd795d3a662)
 - Deleted: 0

[26/May/2023:20:00:05] UPDATING ACCOUNTS (JobID: 5e150e73-53b3-4f57-ae06-742c18d00ae5)
 - New and modified: 0

[26/May/2023:20:00:05] DELETING ACCOUNTS (JobID: 5e150e73-53b3-4f57-ae06-742c18d00ae5)
 - Deleted: 0

[26/May/2023:20:00:36] UPDATING PRODUCTS (JobID: 72ef57aa-59a5-4ebb-93ad-4652ebfad33f)
 - New and modified: 0

[26/May/2023:20:00:38] UPDATING PREPAGATI (JobID: 8020d55b-2347-433c-b719-e94c16fdf5a5)
 - New and modified: 0

[26/May/2023:20:00:38] DELETING PREPAGATI (JobID: 8020d55b-2347-433c-b719-e94c16fdf5a5)
 - Deleted: 0

[26/May/2023:20:30:05] UPDATING ACCOUNTS (JobID: 9a44aabd-f3d7-4c6a-af46-0d4e4b20ce9b)
 - New and modified: 0

[26/May/2023:20:30:05] DELETING ACCOUNTS (JobID: 9a44aabd-f3d7-4c6a-af46-0d4e4b20ce9b)
 - Deleted: 0

[26/May/2023:20:30:37] UPDATING PRODUCTS (JobID: 91f83725-3b4c-4f85-8e2c-f314bb92a812)
 - New and modified: 0

[26/May/2023:20:30:39] UPDATING PREPAGATI (JobID: 4ab37ab9-0e6e-4c8c-aba3-c418faead189)
 - New and modified: 0

[26/May/2023:20:30:39] DELETING PREPAGATI (JobID: 4ab37ab9-0e6e-4c8c-aba3-c418faead189)
 - Deleted: 0

[26/May/2023:20:40:04] UPDATING ACCOUNTS (JobID: e2108f88-57d7-444d-b927-595205a5f81b)
 - New and modified: 0

[26/May/2023:20:40:04] DELETING ACCOUNTS (JobID: e2108f88-57d7-444d-b927-595205a5f81b)
 - Deleted: 0

[26/May/2023:20:40:40] UPDATING PRODUCTS (JobID: a8811c94-bec9-4311-83a0-cfbfce598752)
 - New and modified: 0

[26/May/2023:20:40:42] UPDATING PREPAGATI (JobID: bf20809f-4833-4981-b548-b8c4c20b5ddb)
 - New and modified: 0

[26/May/2023:20:40:42] DELETING PREPAGATI (JobID: bf20809f-4833-4981-b548-b8c4c20b5ddb)
 - Deleted: 0

[26/May/2023:20:50:04] UPDATING ACCOUNTS (JobID: 40b18912-1661-44ff-b1d4-32cecf332b8c)
 - New and modified: 0

[26/May/2023:20:50:04] DELETING ACCOUNTS (JobID: 40b18912-1661-44ff-b1d4-32cecf332b8c)
 - Deleted: 0

[26/May/2023:20:50:38] UPDATING PRODUCTS (JobID: 401d001c-c684-4efb-8551-c8e7d6a669fd)
 - New and modified: 0

[26/May/2023:20:50:40] UPDATING PREPAGATI (JobID: 0924e8ba-0a38-4450-8987-27bf5b5fd21b)
 - New and modified: 0

[26/May/2023:20:50:40] DELETING PREPAGATI (JobID: 0924e8ba-0a38-4450-8987-27bf5b5fd21b)
 - Deleted: 0

[26/May/2023:21:10:04] UPDATING ACCOUNTS (JobID: 8a49032a-607c-4aa0-971d-c2fa6b73f709)
 - New and modified: 0

[26/May/2023:21:10:04] DELETING ACCOUNTS (JobID: 8a49032a-607c-4aa0-971d-c2fa6b73f709)
 - Deleted: 0

[26/May/2023:21:10:40] UPDATING PRODUCTS (JobID: 12a6cd99-7e0a-4bfa-acc7-104c7226c108)
 - New and modified: 0

[26/May/2023:21:10:42] UPDATING PREPAGATI (JobID: f506f390-7ffa-4195-bae7-2b33a6e32720)
 - New and modified: 0

[26/May/2023:21:10:42] DELETING PREPAGATI (JobID: f506f390-7ffa-4195-bae7-2b33a6e32720)
 - Deleted: 0

[26/May/2023:22:00:05] UPDATING ACCOUNTS (JobID: de878e8e-0cb3-4656-bf0e-d33ccba81126)
 - New and modified: 0

[26/May/2023:22:00:05] DELETING ACCOUNTS (JobID: de878e8e-0cb3-4656-bf0e-d33ccba81126)
 - Deleted: 0

[26/May/2023:22:00:41] UPDATING PRODUCTS (JobID: dab24bc8-ac09-427e-be4a-59aae7fba339)
 - New and modified: 0

[26/May/2023:22:00:43] UPDATING PREPAGATI (JobID: 21cb7469-20fb-4090-85f5-634fc023a619)
 - New and modified: 0

[26/May/2023:22:00:43] DELETING PREPAGATI (JobID: 21cb7469-20fb-4090-85f5-634fc023a619)
 - Deleted: 0

[26/May/2023:22:10:04] UPDATING ACCOUNTS (JobID: 189547e1-cb48-40de-852b-c71872436489)
 - New and modified: 0

[26/May/2023:22:10:04] DELETING ACCOUNTS (JobID: 189547e1-cb48-40de-852b-c71872436489)
 - Deleted: 0

[26/May/2023:22:10:40] UPDATING PRODUCTS (JobID: e35a693e-9578-4b02-8dd8-97adf6a59586)
 - New and modified: 0

[26/May/2023:22:10:42] UPDATING PREPAGATI (JobID: 032e4ffb-3611-4416-b8f9-bd45dbc157e9)
 - New and modified: 0

[26/May/2023:22:10:42] DELETING PREPAGATI (JobID: 032e4ffb-3611-4416-b8f9-bd45dbc157e9)
 - Deleted: 0

[26/May/2023:22:40:05] UPDATING ACCOUNTS (JobID: 8b13c5eb-2380-4a9e-9c23-e83733eae7ad)
 - New and modified: 0

[26/May/2023:22:40:05] DELETING ACCOUNTS (JobID: 8b13c5eb-2380-4a9e-9c23-e83733eae7ad)
 - Deleted: 0

[26/May/2023:22:40:41] UPDATING PRODUCTS (JobID: c78a030d-1e90-470c-9e96-040d10d846fc)
 - New and modified: 0

[26/May/2023:22:40:43] UPDATING PREPAGATI (JobID: fdf75f1b-a46c-4750-ad6b-6c59365a9a7c)
 - New and modified: 0

[26/May/2023:22:40:43] DELETING PREPAGATI (JobID: fdf75f1b-a46c-4750-ad6b-6c59365a9a7c)
 - Deleted: 0

[26/May/2023:22:50:05] UPDATING ACCOUNTS (JobID: 28209616-50e3-4cb1-a225-f4efd9de1479)
 - New and modified: 0

[26/May/2023:22:50:05] DELETING ACCOUNTS (JobID: 28209616-50e3-4cb1-a225-f4efd9de1479)
 - Deleted: 0

[26/May/2023:22:50:41] UPDATING PRODUCTS (JobID: 83e5caf7-a02a-40bb-9a16-0d08fdb7a01f)
 - New and modified: 0

[26/May/2023:22:50:43] UPDATING PREPAGATI (JobID: 2ce53223-b796-413e-8040-9b97cb7ed640)
 - New and modified: 0

[26/May/2023:22:50:43] DELETING PREPAGATI (JobID: 2ce53223-b796-413e-8040-9b97cb7ed640)
 - Deleted: 0

[26/May/2023:23:10:04] UPDATING ACCOUNTS (JobID: 03f90492-ddde-4e1b-a710-24df0f19ba49)
 - New and modified: 0

[26/May/2023:23:10:04] DELETING ACCOUNTS (JobID: 03f90492-ddde-4e1b-a710-24df0f19ba49)
 - Deleted: 0

[26/May/2023:23:10:39] UPDATING PRODUCTS (JobID: 684fbacd-15b7-4c97-8e18-1d4695bc569f)
 - New and modified: 0

[26/May/2023:23:10:41] UPDATING PREPAGATI (JobID: bc77c48b-ee44-4ec0-8e70-829b2e4d5dfb)
 - New and modified: 0

[26/May/2023:23:10:41] DELETING PREPAGATI (JobID: bc77c48b-ee44-4ec0-8e70-829b2e4d5dfb)
 - Deleted: 0

[26/May/2023:23:20:04] UPDATING ACCOUNTS (JobID: f11137f9-efcd-49a2-9cc0-d9358ed2c2df)
 - New and modified: 0

[26/May/2023:23:20:04] DELETING ACCOUNTS (JobID: f11137f9-efcd-49a2-9cc0-d9358ed2c2df)
 - Deleted: 0

[26/May/2023:23:20:38] UPDATING PRODUCTS (JobID: 766e9b23-5c09-4616-a9f6-ff3482e7b853)
 - New and modified: 0

[26/May/2023:23:20:39] UPDATING PREPAGATI (JobID: 8154490f-ab68-4c82-a2d0-a76d632a1c10)
 - New and modified: 0

[26/May/2023:23:20:39] DELETING PREPAGATI (JobID: 8154490f-ab68-4c82-a2d0-a76d632a1c10)
 - Deleted: 0

[26/May/2023:23:30:04] UPDATING ACCOUNTS (JobID: b11de96d-0a48-4410-9d68-2fb2739872aa)
 - New and modified: 0

[26/May/2023:23:30:04] DELETING ACCOUNTS (JobID: b11de96d-0a48-4410-9d68-2fb2739872aa)
 - Deleted: 0

[26/May/2023:23:30:39] UPDATING PRODUCTS (JobID: ecc1c0eb-ff2f-4fa6-a915-bd85ab577a66)
 - New and modified: 0

[26/May/2023:23:30:41] UPDATING PREPAGATI (JobID: 6ffacf98-c3a5-4a9e-b49a-d27b800888be)
 - New and modified: 0

[26/May/2023:23:30:41] DELETING PREPAGATI (JobID: 6ffacf98-c3a5-4a9e-b49a-d27b800888be)
 - Deleted: 0

[26/May/2023:23:40:04] UPDATING ACCOUNTS (JobID: b107e282-26c4-4524-8c00-1d152cfcefb5)
 - New and modified: 0

[26/May/2023:23:40:04] DELETING ACCOUNTS (JobID: b107e282-26c4-4524-8c00-1d152cfcefb5)
 - Deleted: 0

[26/May/2023:23:40:37] UPDATING PRODUCTS (JobID: b1775d4e-a93b-4e73-a7cf-58f5368d9d05)
 - New and modified: 0

[26/May/2023:23:40:39] UPDATING PREPAGATI (JobID: ca27ae40-bb70-4e5b-832f-ea58147a2c74)
 - New and modified: 0

[26/May/2023:23:40:39] DELETING PREPAGATI (JobID: ca27ae40-bb70-4e5b-832f-ea58147a2c74)
 - Deleted: 0

[26/May/2023:23:50:04] UPDATING ACCOUNTS (JobID: 9ba7511f-7fad-487d-807e-4e615233c1da)
 - New and modified: 0

[26/May/2023:23:50:04] DELETING ACCOUNTS (JobID: 9ba7511f-7fad-487d-807e-4e615233c1da)
 - Deleted: 0

[26/May/2023:23:50:37] UPDATING PRODUCTS (JobID: 76c9bafe-6c37-4b4b-bc73-1b6900b519bf)
 - New and modified: 0

[26/May/2023:23:50:39] UPDATING PREPAGATI (JobID: 36b9bf35-5bbb-42c5-a427-d6c8fe25caf9)
 - New and modified: 0

[26/May/2023:23:50:39] DELETING PREPAGATI (JobID: 36b9bf35-5bbb-42c5-a427-d6c8fe25caf9)
 - Deleted: 0

