[06/Jun/2023:00:00:04] UPDATING ACCOUNTS (JobID: 97381e5e-88b4-49c7-8c6e-44debd1fff93)
 - New and modified: 0

[06/Jun/2023:00:00:04] DELETING ACCOUNTS (JobID: 97381e5e-88b4-49c7-8c6e-44debd1fff93)
 - Deleted: 0

[06/Jun/2023:00:00:41] UPDATING PRODUCTS (JobID: 78cbe37f-7446-4557-a588-be34e556d7d3)
 - New and modified: 0

[06/Jun/2023:00:00:43] UPDATING PREPAGATI (JobID: fc5cea80-05f9-40a0-a26c-6714ef43e3f1)
 - New and modified: 0

[06/Jun/2023:00:00:43] DELETING PREPAGATI (JobID: fc5cea80-05f9-40a0-a26c-6714ef43e3f1)
 - Deleted: 0

[06/Jun/2023:00:10:04] UPDATING ACCOUNTS (JobID: 607cbcf7-d808-4bc4-9136-648372eed06f)
 - New and modified: 0

[06/Jun/2023:00:10:04] DELETING ACCOUNTS (JobID: 607cbcf7-d808-4bc4-9136-648372eed06f)
 - Deleted: 0

[06/Jun/2023:00:10:38] UPDATING PRODUCTS (JobID: bb263a14-1964-48a5-9adf-d1d070c1e8c2)
 - New and modified: 0

[06/Jun/2023:00:10:39] UPDATING PREPAGATI (JobID: 082ffea1-f4ef-4d74-8274-7ecda82af737)
 - New and modified: 0

[06/Jun/2023:00:10:39] DELETING PREPAGATI (JobID: 082ffea1-f4ef-4d74-8274-7ecda82af737)
 - Deleted: 0

[06/Jun/2023:00:20:04] UPDATING ACCOUNTS (JobID: 2531fb98-0c40-4afb-8fe2-90f4029886c7)
 - New and modified: 0

[06/Jun/2023:00:20:04] DELETING ACCOUNTS (JobID: 2531fb98-0c40-4afb-8fe2-90f4029886c7)
 - Deleted: 0

[06/Jun/2023:00:20:40] UPDATING PRODUCTS (JobID: dee9a494-b334-4567-9c13-c9169c0e414c)
 - New and modified: 0

[06/Jun/2023:00:20:42] UPDATING PREPAGATI (JobID: 60145ad9-2fee-4c0c-9588-ca20dd1f99a3)
 - New and modified: 0

[06/Jun/2023:00:20:42] DELETING PREPAGATI (JobID: 60145ad9-2fee-4c0c-9588-ca20dd1f99a3)
 - Deleted: 0

[06/Jun/2023:00:30:04] UPDATING ACCOUNTS (JobID: 3f747172-4b0f-4ef4-b1c9-0a273ac54e0c)
 - New and modified: 0

[06/Jun/2023:00:30:04] DELETING ACCOUNTS (JobID: 3f747172-4b0f-4ef4-b1c9-0a273ac54e0c)
 - Deleted: 0

[06/Jun/2023:00:30:40] UPDATING PRODUCTS (JobID: 18f1c4b1-6b04-4890-adef-d8b833f80263)
 - New and modified: 0

[06/Jun/2023:00:30:42] UPDATING PREPAGATI (JobID: 79396012-d40f-48e4-8550-f88d07ec3c2b)
 - New and modified: 0

[06/Jun/2023:00:30:42] DELETING PREPAGATI (JobID: 79396012-d40f-48e4-8550-f88d07ec3c2b)
 - Deleted: 0

[06/Jun/2023:00:40:04] UPDATING ACCOUNTS (JobID: 9f723284-a829-4961-ac0d-43f359c1632d)
 - New and modified: 0

[06/Jun/2023:00:40:04] DELETING ACCOUNTS (JobID: 9f723284-a829-4961-ac0d-43f359c1632d)
 - Deleted: 0

[06/Jun/2023:00:40:37] UPDATING PRODUCTS (JobID: 2dc9457e-42a9-47b8-bd4f-484b3bcf6e96)
 - New and modified: 0

[06/Jun/2023:00:40:38] UPDATING PREPAGATI (JobID: 6665d56a-354a-40db-8066-7b63dffdfef3)
 - New and modified: 0

[06/Jun/2023:00:40:38] DELETING PREPAGATI (JobID: 6665d56a-354a-40db-8066-7b63dffdfef3)
 - Deleted: 0

[06/Jun/2023:00:50:04] UPDATING ACCOUNTS (JobID: d39c62d5-9700-4d9c-a729-467a3ae7a052)
 - New and modified: 0

[06/Jun/2023:00:50:04] DELETING ACCOUNTS (JobID: d39c62d5-9700-4d9c-a729-467a3ae7a052)
 - Deleted: 0

[06/Jun/2023:00:50:36] UPDATING PRODUCTS (JobID: 023a8edf-0041-4eb5-87df-59aae4d10ff1)
 - New and modified: 0

[06/Jun/2023:00:50:37] UPDATING PREPAGATI (JobID: 9219ab88-f77f-4158-9e75-e5d2ae89b293)
 - New and modified: 0

[06/Jun/2023:00:50:37] DELETING PREPAGATI (JobID: 9219ab88-f77f-4158-9e75-e5d2ae89b293)
 - Deleted: 0

[06/Jun/2023:01:00:04] UPDATING ACCOUNTS (JobID: 29a48f54-8212-4d78-98b7-f7514ddf4389)
 - New and modified: 0

[06/Jun/2023:01:00:04] DELETING ACCOUNTS (JobID: 29a48f54-8212-4d78-98b7-f7514ddf4389)
 - Deleted: 0

[06/Jun/2023:01:00:37] UPDATING PRODUCTS (JobID: a8a06c6c-e8e9-4fff-a380-654dc14cdc4f)
 - New and modified: 0

[06/Jun/2023:01:00:38] UPDATING PREPAGATI (JobID: 2ee65758-5cb8-4682-971e-4b87628ffeca)
 - New and modified: 0

[06/Jun/2023:01:00:38] DELETING PREPAGATI (JobID: 2ee65758-5cb8-4682-971e-4b87628ffeca)
 - Deleted: 0

[06/Jun/2023:01:20:04] UPDATING ACCOUNTS (JobID: be6c3879-288a-4d84-a1e7-c98732e6b720)
 - New and modified: 0

[06/Jun/2023:01:20:04] DELETING ACCOUNTS (JobID: be6c3879-288a-4d84-a1e7-c98732e6b720)
 - Deleted: 0

[06/Jun/2023:01:20:41] UPDATING PRODUCTS (JobID: 7f999a04-7c7e-4149-b847-554d1b0f4fa8)
 - New and modified: 0

[06/Jun/2023:01:20:43] UPDATING PREPAGATI (JobID: 88ec5eee-bdea-41cc-9c0c-ea596af65544)
 - New and modified: 0

[06/Jun/2023:01:20:43] DELETING PREPAGATI (JobID: 88ec5eee-bdea-41cc-9c0c-ea596af65544)
 - Deleted: 0

[06/Jun/2023:01:30:04] UPDATING ACCOUNTS (JobID: 7d78482e-1e08-47a2-a2cb-7875b3bc3e4b)
 - New and modified: 0

[06/Jun/2023:01:30:04] DELETING ACCOUNTS (JobID: 7d78482e-1e08-47a2-a2cb-7875b3bc3e4b)
 - Deleted: 0

[06/Jun/2023:01:30:36] UPDATING PRODUCTS (JobID: 52c83d67-46ab-4a5d-bfbe-b37f7c760c5b)
 - New and modified: 0

[06/Jun/2023:01:30:42] UPDATING PREPAGATI (JobID: 48de4fb4-feac-41bb-bac5-920117d5b722)
 - New and modified: 0

[06/Jun/2023:01:30:42] DELETING PREPAGATI (JobID: 48de4fb4-feac-41bb-bac5-920117d5b722)
 - Deleted: 0

[06/Jun/2023:01:40:05] UPDATING ACCOUNTS (JobID: 642150dc-c47e-48b1-b015-44afbbc10252)
 - New and modified: 0

[06/Jun/2023:01:40:05] DELETING ACCOUNTS (JobID: 642150dc-c47e-48b1-b015-44afbbc10252)
 - Deleted: 0

[06/Jun/2023:01:40:42] UPDATING PRODUCTS (JobID: 99003cf1-036c-450a-afac-17b8196e4640)
 - New and modified: 0

[06/Jun/2023:01:40:44] UPDATING PREPAGATI (JobID: 738966f8-ce47-4646-980d-54d00ce4c8df)
 - New and modified: 0

[06/Jun/2023:01:40:44] DELETING PREPAGATI (JobID: 738966f8-ce47-4646-980d-54d00ce4c8df)
 - Deleted: 0

[06/Jun/2023:01:50:04] UPDATING ACCOUNTS (JobID: 6a551bf7-043b-49ba-b679-4a5b2f99b9b5)
 - New and modified: 0

[06/Jun/2023:01:50:04] DELETING ACCOUNTS (JobID: 6a551bf7-043b-49ba-b679-4a5b2f99b9b5)
 - Deleted: 0

[06/Jun/2023:01:50:43] UPDATING PRODUCTS (JobID: cc707d57-6c49-4b12-a625-b1cc52a4ed18)
 - New and modified: 0

[06/Jun/2023:01:50:45] UPDATING PREPAGATI (JobID: f16d7353-2e08-4b92-9070-abac63411408)
 - New and modified: 0

[06/Jun/2023:01:50:45] DELETING PREPAGATI (JobID: f16d7353-2e08-4b92-9070-abac63411408)
 - Deleted: 0

[06/Jun/2023:02:00:04] UPDATING ACCOUNTS (JobID: e92bef18-ace8-4510-8dd1-5074497edef0)
 - New and modified: 0

[06/Jun/2023:02:00:04] DELETING ACCOUNTS (JobID: e92bef18-ace8-4510-8dd1-5074497edef0)
 - Deleted: 0

[06/Jun/2023:02:00:41] UPDATING PRODUCTS (JobID: 915a0253-9f7d-40fd-bc36-2aa69cbb8c0c)
 - New and modified: 0

[06/Jun/2023:02:00:43] UPDATING PREPAGATI (JobID: cd31ead6-a3d3-4840-be77-6c013db7940b)
 - New and modified: 0

[06/Jun/2023:02:00:43] DELETING PREPAGATI (JobID: cd31ead6-a3d3-4840-be77-6c013db7940b)
 - Deleted: 0

[06/Jun/2023:02:10:04] UPDATING ACCOUNTS (JobID: a183f5c9-5a6a-48ca-b920-b6f0f860d63d)
 - New and modified: 0

[06/Jun/2023:02:10:04] DELETING ACCOUNTS (JobID: a183f5c9-5a6a-48ca-b920-b6f0f860d63d)
 - Deleted: 0

[06/Jun/2023:02:10:39] UPDATING PRODUCTS (JobID: 222b3575-f819-417b-972b-30a8d8c3e0af)
 - New and modified: 0

[06/Jun/2023:02:10:41] UPDATING PREPAGATI (JobID: 744e2f20-6d6d-4e59-981d-8cf8ef74ffd6)
 - New and modified: 0

[06/Jun/2023:02:10:41] DELETING PREPAGATI (JobID: 744e2f20-6d6d-4e59-981d-8cf8ef74ffd6)
 - Deleted: 0

[06/Jun/2023:02:20:04] UPDATING ACCOUNTS (JobID: 126b8194-22a1-4e51-a167-142d9eb6287d)
 - New and modified: 0

[06/Jun/2023:02:20:04] DELETING ACCOUNTS (JobID: 126b8194-22a1-4e51-a167-142d9eb6287d)
 - Deleted: 0

[06/Jun/2023:02:20:39] UPDATING PRODUCTS (JobID: 4ba07c00-d8d3-4e38-92d2-567df0634ba2)
 - New and modified: 0

[06/Jun/2023:02:20:41] UPDATING PREPAGATI (JobID: f42c9da3-b21f-4576-b6e8-742febb8a51a)
 - New and modified: 0

[06/Jun/2023:02:20:41] DELETING PREPAGATI (JobID: f42c9da3-b21f-4576-b6e8-742febb8a51a)
 - Deleted: 0

[06/Jun/2023:02:30:04] UPDATING ACCOUNTS (JobID: 5b76999c-c527-4075-88e5-7170e65dc00e)
 - New and modified: 0

[06/Jun/2023:02:30:04] DELETING ACCOUNTS (JobID: 5b76999c-c527-4075-88e5-7170e65dc00e)
 - Deleted: 0

[06/Jun/2023:02:30:39] UPDATING PRODUCTS (JobID: 01ee57d4-f7da-49e7-9e18-8ee85c7e4bee)
 - New and modified: 0

[06/Jun/2023:02:30:41] UPDATING PREPAGATI (JobID: c4957a6a-8b5e-4a93-a597-e99ccf76c6b8)
 - New and modified: 0

[06/Jun/2023:02:30:41] DELETING PREPAGATI (JobID: c4957a6a-8b5e-4a93-a597-e99ccf76c6b8)
 - Deleted: 0

[06/Jun/2023:02:40:04] UPDATING ACCOUNTS (JobID: 51c7f6b1-3f9f-40ad-8d32-52dd0d421328)
 - New and modified: 0

[06/Jun/2023:02:40:04] DELETING ACCOUNTS (JobID: 51c7f6b1-3f9f-40ad-8d32-52dd0d421328)
 - Deleted: 0

[06/Jun/2023:02:40:40] UPDATING PRODUCTS (JobID: 5cca8a28-8b3f-4fe4-8723-96383f61d351)
 - New and modified: 0

[06/Jun/2023:02:40:42] UPDATING PREPAGATI (JobID: 3b1db434-6a53-4130-9662-01d8af44dcf1)
 - New and modified: 0

[06/Jun/2023:02:40:42] DELETING PREPAGATI (JobID: 3b1db434-6a53-4130-9662-01d8af44dcf1)
 - Deleted: 0

[06/Jun/2023:02:50:05] UPDATING ACCOUNTS (JobID: 97514474-09cd-4c83-a477-90fe20e9bb7e)
 - New and modified: 0

[06/Jun/2023:02:50:05] DELETING ACCOUNTS (JobID: 97514474-09cd-4c83-a477-90fe20e9bb7e)
 - Deleted: 0

[06/Jun/2023:02:50:41] UPDATING PRODUCTS (JobID: d9ed8ea7-0020-4667-8db2-65a20f80747e)
 - New and modified: 0

[06/Jun/2023:02:50:43] UPDATING PREPAGATI (JobID: 2919f9a7-4ef7-4da5-8d59-344d10cae29a)
 - New and modified: 0

[06/Jun/2023:02:50:43] DELETING PREPAGATI (JobID: 2919f9a7-4ef7-4da5-8d59-344d10cae29a)
 - Deleted: 0

[06/Jun/2023:03:00:04] UPDATING ACCOUNTS (JobID: 96248dda-6e0a-43ae-b691-092bbb7eb337)
 - New and modified: 0

[06/Jun/2023:03:00:04] DELETING ACCOUNTS (JobID: 96248dda-6e0a-43ae-b691-092bbb7eb337)
 - Deleted: 0

[06/Jun/2023:03:00:41] UPDATING PRODUCTS (JobID: a9b3d4e5-df2b-4faa-a9d2-2132179d3968)
 - New and modified: 0

[06/Jun/2023:03:00:43] UPDATING PREPAGATI (JobID: 9e18b7ba-0f7d-479a-96b3-08759f9762ea)
 - New and modified: 0

[06/Jun/2023:03:00:43] DELETING PREPAGATI (JobID: 9e18b7ba-0f7d-479a-96b3-08759f9762ea)
 - Deleted: 0

[06/Jun/2023:03:10:04] UPDATING ACCOUNTS (JobID: bd8a61f3-f2af-4709-b8c0-eb69b67e3c68)
 - New and modified: 0

[06/Jun/2023:03:10:04] DELETING ACCOUNTS (JobID: bd8a61f3-f2af-4709-b8c0-eb69b67e3c68)
 - Deleted: 0

[06/Jun/2023:03:10:40] UPDATING PRODUCTS (JobID: d7653b69-ccce-4b25-a3d4-a3c7dfefdb32)
 - New and modified: 0

[06/Jun/2023:03:10:42] UPDATING PREPAGATI (JobID: bce4d5d1-ec12-461f-aae7-db6c514f8588)
 - New and modified: 0

[06/Jun/2023:03:10:42] DELETING PREPAGATI (JobID: bce4d5d1-ec12-461f-aae7-db6c514f8588)
 - Deleted: 0

[06/Jun/2023:03:20:05] UPDATING ACCOUNTS (JobID: 46868303-be61-4c9c-8a6e-35d7ff9a9c49)
 - New and modified: 0

[06/Jun/2023:03:20:05] DELETING ACCOUNTS (JobID: 46868303-be61-4c9c-8a6e-35d7ff9a9c49)
 - Deleted: 0

[06/Jun/2023:03:20:42] UPDATING PRODUCTS (JobID: 6a5095aa-eabb-4c78-bb60-d3e714dc50eb)
 - New and modified: 0

[06/Jun/2023:03:20:44] UPDATING PREPAGATI (JobID: 1023df35-cb2a-444d-9f4b-2e09c3b00031)
 - New and modified: 0

[06/Jun/2023:03:20:44] DELETING PREPAGATI (JobID: 1023df35-cb2a-444d-9f4b-2e09c3b00031)
 - Deleted: 0

[06/Jun/2023:03:30:05] UPDATING ACCOUNTS (JobID: f7275015-eeb0-488e-beee-0705ac09676f)
 - New and modified: 0

[06/Jun/2023:03:30:05] DELETING ACCOUNTS (JobID: f7275015-eeb0-488e-beee-0705ac09676f)
 - Deleted: 0

[06/Jun/2023:03:30:41] UPDATING PRODUCTS (JobID: 10025e53-7f49-4995-96c8-67cf239c01c6)
 - New and modified: 0

[06/Jun/2023:03:30:43] UPDATING PREPAGATI (JobID: a5f52007-8429-4e23-a301-731de868b639)
 - New and modified: 0

[06/Jun/2023:03:30:43] DELETING PREPAGATI (JobID: a5f52007-8429-4e23-a301-731de868b639)
 - Deleted: 0

[06/Jun/2023:03:40:05] UPDATING ACCOUNTS (JobID: 279bf9ef-6240-481c-b5ac-b8353091e9c8)
 - New and modified: 0

[06/Jun/2023:03:40:05] DELETING ACCOUNTS (JobID: 279bf9ef-6240-481c-b5ac-b8353091e9c8)
 - Deleted: 0

[06/Jun/2023:03:40:43] UPDATING PRODUCTS (JobID: 467f987f-25cd-4a7f-8a80-37228708b533)
 - New and modified: 0

[06/Jun/2023:03:40:45] UPDATING PREPAGATI (JobID: 80a284ac-df49-4e2c-a6ad-e78fd5c7874b)
 - New and modified: 0

[06/Jun/2023:03:40:45] DELETING PREPAGATI (JobID: 80a284ac-df49-4e2c-a6ad-e78fd5c7874b)
 - Deleted: 0

[06/Jun/2023:03:50:04] UPDATING ACCOUNTS (JobID: e8095741-67a1-4377-b026-01c713db313c)
 - New and modified: 0

[06/Jun/2023:03:50:04] DELETING ACCOUNTS (JobID: e8095741-67a1-4377-b026-01c713db313c)
 - Deleted: 0

[06/Jun/2023:03:50:41] UPDATING PRODUCTS (JobID: f78ec91b-845a-4743-850b-56c785598be0)
 - New and modified: 0

[06/Jun/2023:03:50:43] UPDATING PREPAGATI (JobID: 17226154-1c27-424e-8972-a4ff79afd14b)
 - New and modified: 0

[06/Jun/2023:03:50:43] DELETING PREPAGATI (JobID: 17226154-1c27-424e-8972-a4ff79afd14b)
 - Deleted: 0

[06/Jun/2023:04:00:05] UPDATING ACCOUNTS (JobID: a5c3bd49-b143-4359-afd5-50912e80d60f)
 - New and modified: 0

[06/Jun/2023:04:00:05] DELETING ACCOUNTS (JobID: a5c3bd49-b143-4359-afd5-50912e80d60f)
 - Deleted: 0

[06/Jun/2023:04:00:50] UPDATING PRODUCTS (JobID: 91c4d797-b2ab-4ffd-983f-98492b544e74)
 - New and modified: 0

[06/Jun/2023:04:00:52] UPDATING PREPAGATI (JobID: e83f05ea-8ec1-41b7-8fd5-523fa3135dd6)
 - New and modified: 0

[06/Jun/2023:04:00:52] DELETING PREPAGATI (JobID: e83f05ea-8ec1-41b7-8fd5-523fa3135dd6)
 - Deleted: 0

[06/Jun/2023:04:10:05] UPDATING ACCOUNTS (JobID: 787dcf46-71f2-49bd-962e-aebd9c8025b0)
 - New and modified: 0

[06/Jun/2023:04:10:05] DELETING ACCOUNTS (JobID: 787dcf46-71f2-49bd-962e-aebd9c8025b0)
 - Deleted: 0

[06/Jun/2023:04:10:41] UPDATING PRODUCTS (JobID: d281af0c-7703-4720-b0e1-a78dd4de8b4c)
 - New and modified: 0

[06/Jun/2023:04:10:43] UPDATING PREPAGATI (JobID: 2dd7a328-4894-4bd2-a97d-70ecf82a97b0)
 - New and modified: 0

[06/Jun/2023:04:10:43] DELETING PREPAGATI (JobID: 2dd7a328-4894-4bd2-a97d-70ecf82a97b0)
 - Deleted: 0

[06/Jun/2023:04:20:05] UPDATING ACCOUNTS (JobID: 808f91e1-a0a6-47bb-a0d0-0578278a6ffd)
 - New and modified: 0

[06/Jun/2023:04:20:05] DELETING ACCOUNTS (JobID: 808f91e1-a0a6-47bb-a0d0-0578278a6ffd)
 - Deleted: 0

[06/Jun/2023:04:20:40] UPDATING PRODUCTS (JobID: 7a30f094-8702-49c0-81cd-9f8f5b7ef7ea)
 - New and modified: 0

[06/Jun/2023:04:20:42] UPDATING PREPAGATI (JobID: 37a31f51-1bba-4ba7-a717-d4469ec6a0da)
 - New and modified: 0

[06/Jun/2023:04:20:42] DELETING PREPAGATI (JobID: 37a31f51-1bba-4ba7-a717-d4469ec6a0da)
 - Deleted: 0

[06/Jun/2023:04:30:04] UPDATING ACCOUNTS (JobID: 2f6445e1-c12c-45de-9934-27aa73c6121a)
 - New and modified: 0

[06/Jun/2023:04:30:04] DELETING ACCOUNTS (JobID: 2f6445e1-c12c-45de-9934-27aa73c6121a)
 - Deleted: 0

[06/Jun/2023:04:30:37] UPDATING PRODUCTS (JobID: 32f1fc08-383a-46ca-b5bb-574df4aac2fd)
 - New and modified: 0

[06/Jun/2023:04:30:39] UPDATING PREPAGATI (JobID: c2994f80-eddf-4d7f-9b11-0c6f3e70c924)
 - New and modified: 0

[06/Jun/2023:04:30:39] DELETING PREPAGATI (JobID: c2994f80-eddf-4d7f-9b11-0c6f3e70c924)
 - Deleted: 0

[06/Jun/2023:04:40:04] UPDATING ACCOUNTS (JobID: a32d1c29-921c-4298-846d-26c3485a4355)
 - New and modified: 0

[06/Jun/2023:04:40:04] DELETING ACCOUNTS (JobID: a32d1c29-921c-4298-846d-26c3485a4355)
 - Deleted: 0

[06/Jun/2023:04:40:39] UPDATING PRODUCTS (JobID: d354d19c-7d0b-4408-b2e3-4e8d62ccd400)
 - New and modified: 0

[06/Jun/2023:04:40:42] UPDATING PREPAGATI (JobID: d29c4a56-497a-4185-8083-42a585d14b68)
 - New and modified: 0

[06/Jun/2023:04:40:42] DELETING PREPAGATI (JobID: d29c4a56-497a-4185-8083-42a585d14b68)
 - Deleted: 0

[06/Jun/2023:04:50:04] UPDATING ACCOUNTS (JobID: 5e02450e-a7a9-44c0-bdb9-2e361f49cf68)
 - New and modified: 0

[06/Jun/2023:04:50:04] DELETING ACCOUNTS (JobID: 5e02450e-a7a9-44c0-bdb9-2e361f49cf68)
 - Deleted: 0

[06/Jun/2023:04:50:40] UPDATING PRODUCTS (JobID: f4ae7219-62dd-4181-8867-c08bdff78824)
 - New and modified: 0

[06/Jun/2023:04:50:42] UPDATING PREPAGATI (JobID: 50259761-bd1f-4bb7-940e-af18315c379b)
 - New and modified: 0

[06/Jun/2023:04:50:42] DELETING PREPAGATI (JobID: 50259761-bd1f-4bb7-940e-af18315c379b)
 - Deleted: 0

[06/Jun/2023:05:00:05] UPDATING ACCOUNTS (JobID: 97b880e2-b47b-40bd-b13a-90648e981e35)
 - New and modified: 0

[06/Jun/2023:05:00:05] DELETING ACCOUNTS (JobID: 97b880e2-b47b-40bd-b13a-90648e981e35)
 - Deleted: 0

[06/Jun/2023:05:00:38] UPDATING PRODUCTS (JobID: 7a93f458-7b11-408e-91ed-303d31c7f12b)
 - New and modified: 0

[06/Jun/2023:05:00:40] UPDATING PREPAGATI (JobID: 023ee9ef-f637-49bb-929c-ed0eed7fa98b)
 - New and modified: 0

[06/Jun/2023:05:00:40] DELETING PREPAGATI (JobID: 023ee9ef-f637-49bb-929c-ed0eed7fa98b)
 - Deleted: 0

[06/Jun/2023:05:10:04] UPDATING ACCOUNTS (JobID: 33c4e781-b0cf-47c6-af90-eaecf1643f7a)
 - New and modified: 0

[06/Jun/2023:05:10:04] DELETING ACCOUNTS (JobID: 33c4e781-b0cf-47c6-af90-eaecf1643f7a)
 - Deleted: 0

[06/Jun/2023:05:10:39] UPDATING PRODUCTS (JobID: a84d7a79-a4f3-422d-8a06-f7c862bfe47f)
 - New and modified: 0

[06/Jun/2023:05:10:41] UPDATING PREPAGATI (JobID: c41c31b1-f5e4-43b2-bca3-ebd83fa5c8b6)
 - New and modified: 0

[06/Jun/2023:05:10:41] DELETING PREPAGATI (JobID: c41c31b1-f5e4-43b2-bca3-ebd83fa5c8b6)
 - Deleted: 0

[06/Jun/2023:05:20:04] UPDATING ACCOUNTS (JobID: 8c3a9c03-4f85-43b5-86b1-c7417fbd8fc1)
 - New and modified: 0

[06/Jun/2023:05:20:04] DELETING ACCOUNTS (JobID: 8c3a9c03-4f85-43b5-86b1-c7417fbd8fc1)
 - Deleted: 0

[06/Jun/2023:05:20:38] UPDATING PRODUCTS (JobID: 9ba5044d-b23d-4875-a403-a1534a45fee0)
 - New and modified: 0

[06/Jun/2023:05:20:39] UPDATING PREPAGATI (JobID: 87cf4e94-9060-4a00-bdcb-7dfdaf33b698)
 - New and modified: 0

[06/Jun/2023:05:20:39] DELETING PREPAGATI (JobID: 87cf4e94-9060-4a00-bdcb-7dfdaf33b698)
 - Deleted: 0

[06/Jun/2023:05:30:04] UPDATING ACCOUNTS (JobID: e8a6a1c0-367f-460f-82ac-8504c4e6fe18)
 - New and modified: 0

[06/Jun/2023:05:30:04] DELETING ACCOUNTS (JobID: e8a6a1c0-367f-460f-82ac-8504c4e6fe18)
 - Deleted: 0

[06/Jun/2023:05:30:38] UPDATING PRODUCTS (JobID: 2b699a44-2d3f-40ec-9dfb-4b97de98a256)
 - New and modified: 0

[06/Jun/2023:05:30:40] UPDATING PREPAGATI (JobID: 8f1ed0ff-a4c1-450a-9985-f70b8d59af27)
 - New and modified: 0

[06/Jun/2023:05:30:40] DELETING PREPAGATI (JobID: 8f1ed0ff-a4c1-450a-9985-f70b8d59af27)
 - Deleted: 0

[06/Jun/2023:05:40:04] UPDATING ACCOUNTS (JobID: 16fcdcbc-4c6a-4d13-8b48-fe574200aaa4)
 - New and modified: 0

[06/Jun/2023:05:40:04] DELETING ACCOUNTS (JobID: 16fcdcbc-4c6a-4d13-8b48-fe574200aaa4)
 - Deleted: 0

[06/Jun/2023:05:40:40] UPDATING PRODUCTS (JobID: 59c35954-0067-43d2-bb54-9f94468ad832)
 - New and modified: 0

[06/Jun/2023:05:40:42] UPDATING PREPAGATI (JobID: c5ae37ce-0797-44f8-a875-9612bdac826a)
 - New and modified: 0

[06/Jun/2023:05:40:42] DELETING PREPAGATI (JobID: c5ae37ce-0797-44f8-a875-9612bdac826a)
 - Deleted: 0

[06/Jun/2023:05:50:05] UPDATING ACCOUNTS (JobID: 4f1b9898-9005-4db0-b80b-5e5e6874a7a4)
 - New and modified: 0

[06/Jun/2023:05:50:05] DELETING ACCOUNTS (JobID: 4f1b9898-9005-4db0-b80b-5e5e6874a7a4)
 - Deleted: 0

[06/Jun/2023:05:50:40] UPDATING PRODUCTS (JobID: d0d96195-8f73-48b5-a863-73d9c1090cd2)
 - New and modified: 0

[06/Jun/2023:05:50:42] UPDATING PREPAGATI (JobID: eef8772e-fc7b-48ca-aa4f-15a452f3d350)
 - New and modified: 0

[06/Jun/2023:05:50:42] DELETING PREPAGATI (JobID: eef8772e-fc7b-48ca-aa4f-15a452f3d350)
 - Deleted: 0

[06/Jun/2023:06:00:04] UPDATING ACCOUNTS (JobID: 8b38f706-1606-48fc-b37c-e1402fbbb118)
 - New and modified: 0

[06/Jun/2023:06:00:04] DELETING ACCOUNTS (JobID: 8b38f706-1606-48fc-b37c-e1402fbbb118)
 - Deleted: 0

[06/Jun/2023:06:00:38] UPDATING PRODUCTS (JobID: 5a5477d9-948e-4236-839a-96b555dd911f)
 - New and modified: 0

[06/Jun/2023:06:00:40] UPDATING PREPAGATI (JobID: 9511bd89-be8a-4b5b-aced-495edc7f8c10)
 - New and modified: 0

[06/Jun/2023:06:00:40] DELETING PREPAGATI (JobID: 9511bd89-be8a-4b5b-aced-495edc7f8c10)
 - Deleted: 0

[06/Jun/2023:06:10:04] UPDATING ACCOUNTS (JobID: 6bcb052e-6941-4136-8d7f-e7209709ee54)
 - New and modified: 0

[06/Jun/2023:06:10:04] DELETING ACCOUNTS (JobID: 6bcb052e-6941-4136-8d7f-e7209709ee54)
 - Deleted: 0

[06/Jun/2023:06:10:40] UPDATING PRODUCTS (JobID: ea7dcbca-3f95-4005-92db-58ac1d77150b)
 - New and modified: 0

[06/Jun/2023:06:10:42] UPDATING PREPAGATI (JobID: 275ad70f-b0d4-4c91-a5c9-83af7ee0d517)
 - New and modified: 0

[06/Jun/2023:06:10:42] DELETING PREPAGATI (JobID: 275ad70f-b0d4-4c91-a5c9-83af7ee0d517)
 - Deleted: 0

[06/Jun/2023:06:20:04] UPDATING ACCOUNTS (JobID: 5e333b5a-cb3e-4e31-8da4-09ea4ca4cf8a)
 - New and modified: 0

[06/Jun/2023:06:20:04] DELETING ACCOUNTS (JobID: 5e333b5a-cb3e-4e31-8da4-09ea4ca4cf8a)
 - Deleted: 0

[06/Jun/2023:06:20:38] UPDATING PRODUCTS (JobID: 5ff021b5-e543-4859-9d27-0e831f72e1ee)
 - New and modified: 0

[06/Jun/2023:06:20:40] UPDATING PREPAGATI (JobID: 750375df-d734-44be-99db-a12ea0f4be95)
 - New and modified: 0

[06/Jun/2023:06:20:40] DELETING PREPAGATI (JobID: 750375df-d734-44be-99db-a12ea0f4be95)
 - Deleted: 0

[06/Jun/2023:06:30:04] UPDATING ACCOUNTS (JobID: ac35de78-86bb-4568-a807-d9e7688e043c)
 - New and modified: 0

[06/Jun/2023:06:30:04] DELETING ACCOUNTS (JobID: ac35de78-86bb-4568-a807-d9e7688e043c)
 - Deleted: 0

[06/Jun/2023:06:30:38] UPDATING PRODUCTS (JobID: be6552bd-6304-461c-931f-6a31ba811db1)
 - New and modified: 0

[06/Jun/2023:06:30:40] UPDATING PREPAGATI (JobID: e1c9d782-8709-454e-be99-c284824f287b)
 - New and modified: 0

[06/Jun/2023:06:30:40] DELETING PREPAGATI (JobID: e1c9d782-8709-454e-be99-c284824f287b)
 - Deleted: 0

[06/Jun/2023:06:40:04] UPDATING ACCOUNTS (JobID: 04c78541-3f88-41d5-bfed-ff25cf14f262)
 - New and modified: 0

[06/Jun/2023:06:40:04] DELETING ACCOUNTS (JobID: 04c78541-3f88-41d5-bfed-ff25cf14f262)
 - Deleted: 0

[06/Jun/2023:06:40:39] UPDATING PRODUCTS (JobID: 332b32b0-705c-4c56-9880-ea1668ff6e75)
 - New and modified: 0

[06/Jun/2023:06:40:41] UPDATING PREPAGATI (JobID: 9ab2b282-b363-4cf1-a784-5b7d54ef7b7d)
 - New and modified: 0

[06/Jun/2023:06:40:41] DELETING PREPAGATI (JobID: 9ab2b282-b363-4cf1-a784-5b7d54ef7b7d)
 - Deleted: 0

[06/Jun/2023:06:50:04] UPDATING ACCOUNTS (JobID: 923ca0f4-4efb-4e9b-9d34-5a6653e08c81)
 - New and modified: 0

[06/Jun/2023:06:50:04] DELETING ACCOUNTS (JobID: 923ca0f4-4efb-4e9b-9d34-5a6653e08c81)
 - Deleted: 0

[06/Jun/2023:06:50:37] UPDATING PRODUCTS (JobID: fc638a47-d3e7-4bf9-a630-35bcac3e2818)
 - New and modified: 0

[06/Jun/2023:06:50:39] UPDATING PREPAGATI (JobID: 885c5d59-1fc1-4c23-a6cd-2b950baf52a7)
 - New and modified: 0

[06/Jun/2023:06:50:39] DELETING PREPAGATI (JobID: 885c5d59-1fc1-4c23-a6cd-2b950baf52a7)
 - Deleted: 0

[06/Jun/2023:07:00:19] UPDATING ACCOUNTS (JobID: c98f3b97-bed2-41a6-be34-30a958042272)
 - New and modified: 0

[06/Jun/2023:07:00:19] DELETING ACCOUNTS (JobID: c98f3b97-bed2-41a6-be34-30a958042272)
 - Deleted: 0

[06/Jun/2023:07:01:00] UPDATING PRODUCTS (JobID: ebb02e20-c02f-4043-9f1c-b66d7997f736)
 - New and modified: 0

[06/Jun/2023:07:01:02] UPDATING PREPAGATI (JobID: 0374414d-743e-4366-9007-c2d8330c7081)
 - New and modified: 0

[06/Jun/2023:07:01:02] DELETING PREPAGATI (JobID: 0374414d-743e-4366-9007-c2d8330c7081)
 - Deleted: 0

[06/Jun/2023:07:10:05] UPDATING ACCOUNTS (JobID: 1ac805d7-2608-4e6f-9abd-8230ed190dbe)
 - New and modified: 0

[06/Jun/2023:07:10:05] DELETING ACCOUNTS (JobID: 1ac805d7-2608-4e6f-9abd-8230ed190dbe)
 - Deleted: 0

[06/Jun/2023:07:10:59] UPDATING PRODUCTS (JobID: 55808b0d-87ab-4048-9899-f5bf4751f634)
 - New and modified: 0

[06/Jun/2023:07:11:02] UPDATING PREPAGATI (JobID: d9ed47ca-0863-4c46-b7c8-ed56a4f9e7c7)
 - New and modified: 0

[06/Jun/2023:07:11:02] DELETING PREPAGATI (JobID: d9ed47ca-0863-4c46-b7c8-ed56a4f9e7c7)
 - Deleted: 0

[06/Jun/2023:07:20:14] UPDATING ACCOUNTS (JobID: 57e90c33-0ac0-45eb-bd34-fb9e80a21dc4)
 - New and modified: 0

[06/Jun/2023:07:20:14] DELETING ACCOUNTS (JobID: 57e90c33-0ac0-45eb-bd34-fb9e80a21dc4)
 - Deleted: 0

[06/Jun/2023:07:21:36] UPDATING PRODUCTS (JobID: 8daf00aa-6703-4dc4-819c-c401e5350bf6)
 - New and modified: 0

[06/Jun/2023:07:21:42] UPDATING PREPAGATI (JobID: 4c223eaa-96f7-4b04-91f7-3d5afcad930d)
 - New and modified: 0

[06/Jun/2023:07:21:42] DELETING PREPAGATI (JobID: 4c223eaa-96f7-4b04-91f7-3d5afcad930d)
 - Deleted: 0

[06/Jun/2023:07:30:05] UPDATING ACCOUNTS (JobID: 9bceaaba-ee4a-4af2-90c4-2d2850010d58)
 - New and modified: 0

[06/Jun/2023:07:30:05] DELETING ACCOUNTS (JobID: 9bceaaba-ee4a-4af2-90c4-2d2850010d58)
 - Deleted: 0

[06/Jun/2023:07:30:45] UPDATING PRODUCTS (JobID: 07f2c6af-2da2-41c1-97a6-48f7fe54a389)
 - New and modified: 0

[06/Jun/2023:07:30:47] UPDATING PREPAGATI (JobID: d54c16b2-60b0-4a95-9ed0-0ea40d0f5ad5)
 - New and modified: 0

[06/Jun/2023:07:30:47] DELETING PREPAGATI (JobID: d54c16b2-60b0-4a95-9ed0-0ea40d0f5ad5)
 - Deleted: 0

[06/Jun/2023:07:40:04] UPDATING ACCOUNTS (JobID: 37a6636f-5471-4c7d-957a-5028c57a9367)
 - New and modified: 0

[06/Jun/2023:07:40:04] DELETING ACCOUNTS (JobID: 37a6636f-5471-4c7d-957a-5028c57a9367)
 - Deleted: 0

[06/Jun/2023:07:40:41] UPDATING PRODUCTS (JobID: 8184c043-683a-450a-a3ee-5f2c11c15903)
 - New and modified: 0

[06/Jun/2023:07:40:43] UPDATING PREPAGATI (JobID: 4413adab-33a2-4461-9997-93c99d9c29a6)
 - New and modified: 0

[06/Jun/2023:07:40:43] DELETING PREPAGATI (JobID: 4413adab-33a2-4461-9997-93c99d9c29a6)
 - Deleted: 0

[06/Jun/2023:07:50:04] UPDATING ACCOUNTS (JobID: 58f48fc1-8667-4cb5-987a-bb5abf864c33)
 - New and modified: 0

[06/Jun/2023:07:50:04] DELETING ACCOUNTS (JobID: 58f48fc1-8667-4cb5-987a-bb5abf864c33)
 - Deleted: 0

[06/Jun/2023:07:50:39] UPDATING PRODUCTS (JobID: fc700fd2-c7de-4603-ad79-dea3efc78c24)
 - New and modified: 0

[06/Jun/2023:07:50:41] UPDATING PREPAGATI (JobID: 10be57b3-16f4-424f-92a1-a55dca81b533)
 - New and modified: 0

[06/Jun/2023:07:50:41] DELETING PREPAGATI (JobID: 10be57b3-16f4-424f-92a1-a55dca81b533)
 - Deleted: 0

[06/Jun/2023:08:00:04] UPDATING ACCOUNTS (JobID: 80dcbe2a-b19d-4bfb-84c0-3d0feaf252f0)
 - New and modified: 0

[06/Jun/2023:08:00:04] DELETING ACCOUNTS (JobID: 80dcbe2a-b19d-4bfb-84c0-3d0feaf252f0)
 - Deleted: 0

[06/Jun/2023:08:00:41] UPDATING PRODUCTS (JobID: 633c5ed5-0781-47fe-820b-d7f958278480)
 - New and modified: 0

[06/Jun/2023:08:00:42] UPDATING PREPAGATI (JobID: eb785f5e-bfd9-41cb-92fd-0de7a8362dcc)
 - New and modified: 0

[06/Jun/2023:08:00:42] DELETING PREPAGATI (JobID: eb785f5e-bfd9-41cb-92fd-0de7a8362dcc)
 - Deleted: 0

[06/Jun/2023:08:10:05] UPDATING ACCOUNTS (JobID: b629fcbf-1e79-436c-b8e0-b632415a8b0c)
 - New and modified: 0

[06/Jun/2023:08:10:05] DELETING ACCOUNTS (JobID: b629fcbf-1e79-436c-b8e0-b632415a8b0c)
 - Deleted: 0

[06/Jun/2023:08:10:41] UPDATING PRODUCTS (JobID: f31a268a-3549-40de-b046-2bd06b63a998)
 - New and modified: 0

[06/Jun/2023:08:10:43] UPDATING PREPAGATI (JobID: 4fa3e7e2-e0b7-4cfd-9448-53d887e7f565)
 - New and modified: 0

[06/Jun/2023:08:10:43] DELETING PREPAGATI (JobID: 4fa3e7e2-e0b7-4cfd-9448-53d887e7f565)
 - Deleted: 0

[06/Jun/2023:08:20:04] UPDATING ACCOUNTS (JobID: 246fc5e8-79ae-468b-8e48-7ce7216a03a5)
 - New and modified: 0

[06/Jun/2023:08:20:04] DELETING ACCOUNTS (JobID: 246fc5e8-79ae-468b-8e48-7ce7216a03a5)
 - Deleted: 0

[06/Jun/2023:08:20:41] UPDATING PRODUCTS (JobID: da28a510-9f6d-405c-a440-3c7341442925)
 - New and modified: 0

[06/Jun/2023:08:20:43] UPDATING PREPAGATI (JobID: 9a9e7640-9990-4d3b-bcb9-e0ee4361be4d)
 - New and modified: 0

[06/Jun/2023:08:20:43] DELETING PREPAGATI (JobID: 9a9e7640-9990-4d3b-bcb9-e0ee4361be4d)
 - Deleted: 0

[06/Jun/2023:08:30:04] UPDATING ACCOUNTS (JobID: 1975028b-5cf0-4737-816f-41d094d55036)
 - New and modified: 0

[06/Jun/2023:08:30:04] DELETING ACCOUNTS (JobID: 1975028b-5cf0-4737-816f-41d094d55036)
 - Deleted: 0

[06/Jun/2023:08:30:40] UPDATING PRODUCTS (JobID: 5e11dbe3-72b9-46ac-869c-bfb28650b178)
 - New and modified: 0

[06/Jun/2023:08:30:42] UPDATING PREPAGATI (JobID: ba510d3e-bc95-4939-b72e-a47079372ffb)
 - New and modified: 0

[06/Jun/2023:08:30:42] DELETING PREPAGATI (JobID: ba510d3e-bc95-4939-b72e-a47079372ffb)
 - Deleted: 0

[06/Jun/2023:08:40:05] UPDATING ACCOUNTS (JobID: f0c152ee-1d52-401a-a24f-7cd94072a2eb)
 - New and modified: 0

[06/Jun/2023:08:40:05] DELETING ACCOUNTS (JobID: f0c152ee-1d52-401a-a24f-7cd94072a2eb)
 - Deleted: 0

[06/Jun/2023:08:40:43] UPDATING PRODUCTS (JobID: 27b774d8-1c7c-423f-aea9-1ff32e76e438)
 - New and modified: 0

[06/Jun/2023:08:40:45] UPDATING PREPAGATI (JobID: 5b5be807-07e1-478f-825d-b18784c9d834)
 - New and modified: 0

[06/Jun/2023:08:40:45] DELETING PREPAGATI (JobID: 5b5be807-07e1-478f-825d-b18784c9d834)
 - Deleted: 0

[06/Jun/2023:09:00:05] UPDATING ACCOUNTS (JobID: b8b9e9f0-d2f5-4da2-91c2-1ec7f1e91b73)
 - New and modified: 0

[06/Jun/2023:09:00:05] DELETING ACCOUNTS (JobID: b8b9e9f0-d2f5-4da2-91c2-1ec7f1e91b73)
 - Deleted: 0

[06/Jun/2023:09:00:42] UPDATING PRODUCTS (JobID: 5d6e0fc1-4e2c-472e-95e0-1e3bf9cdff83)
 - New and modified: 0

[06/Jun/2023:09:00:44] UPDATING PREPAGATI (JobID: 3db3e56a-5b6b-4b09-b2d6-0ed2e13d92f4)
 - New and modified: 0

[06/Jun/2023:09:00:44] DELETING PREPAGATI (JobID: 3db3e56a-5b6b-4b09-b2d6-0ed2e13d92f4)
 - Deleted: 0

[06/Jun/2023:09:10:04] UPDATING ACCOUNTS (JobID: 43d7e223-b620-4d82-be25-ee153cde1a88)
 - New and modified: 0

[06/Jun/2023:09:10:04] DELETING ACCOUNTS (JobID: 43d7e223-b620-4d82-be25-ee153cde1a88)
 - Deleted: 0

[06/Jun/2023:09:10:38] UPDATING PRODUCTS (JobID: 2cc80598-09d7-4a94-9890-96da3a6fcde1)
 - New and modified: 0

[06/Jun/2023:09:10:40] UPDATING PREPAGATI (JobID: d7415db7-08f6-4eb0-ae82-087592d2b50c)
 - New and modified: 0

[06/Jun/2023:09:10:40] DELETING PREPAGATI (JobID: d7415db7-08f6-4eb0-ae82-087592d2b50c)
 - Deleted: 0

[06/Jun/2023:09:20:04] UPDATING ACCOUNTS (JobID: f0cdca85-b9df-40ff-92bf-37251286e9f2)
 - New and modified: 0

[06/Jun/2023:09:20:04] DELETING ACCOUNTS (JobID: f0cdca85-b9df-40ff-92bf-37251286e9f2)
 - Deleted: 0

[06/Jun/2023:09:20:42] UPDATING PRODUCTS (JobID: 0a3fa025-de7a-4726-80ea-430dcb8296a8)
 - New and modified: 0

[06/Jun/2023:09:20:44] UPDATING PREPAGATI (JobID: 4fa03e8c-3d4a-40e7-84e4-84d5ce49f0a5)
 - New and modified: 0

[06/Jun/2023:09:20:44] DELETING PREPAGATI (JobID: 4fa03e8c-3d4a-40e7-84e4-84d5ce49f0a5)
 - Deleted: 0

[06/Jun/2023:09:30:04] UPDATING ACCOUNTS (JobID: a93940df-31c2-4330-86fb-7a9cc8af88bb)
 - New and modified: 0

[06/Jun/2023:09:30:04] DELETING ACCOUNTS (JobID: a93940df-31c2-4330-86fb-7a9cc8af88bb)
 - Deleted: 0

[06/Jun/2023:09:30:39] UPDATING PRODUCTS (JobID: f7b74c37-f29b-43bb-9342-9ac7a35acf71)
 - New and modified: 0

[06/Jun/2023:09:30:41] UPDATING PREPAGATI (JobID: f6762ce2-c772-4987-ab0c-20466a593182)
 - New and modified: 0

[06/Jun/2023:09:30:41] DELETING PREPAGATI (JobID: f6762ce2-c772-4987-ab0c-20466a593182)
 - Deleted: 0

[06/Jun/2023:09:40:04] UPDATING ACCOUNTS (JobID: ca6e49a6-5a2d-4c3a-bed6-7b42055f783b)
 - New and modified: 0

[06/Jun/2023:09:40:04] DELETING ACCOUNTS (JobID: ca6e49a6-5a2d-4c3a-bed6-7b42055f783b)
 - Deleted: 0

[06/Jun/2023:09:40:36] UPDATING PRODUCTS (JobID: 4f4664cf-1b47-47c4-80e2-c98e1677bce8)
 - New and modified: 0

[06/Jun/2023:09:40:38] UPDATING PREPAGATI (JobID: d0ed03aa-9f4f-4a02-9ac2-da693733fa32)
 - New and modified: 0

[06/Jun/2023:09:40:38] DELETING PREPAGATI (JobID: d0ed03aa-9f4f-4a02-9ac2-da693733fa32)
 - Deleted: 0

[06/Jun/2023:09:50:04] UPDATING ACCOUNTS (JobID: 54de506a-8e64-4f88-8b03-c693e7002427)
 - New and modified: 0

[06/Jun/2023:09:50:04] DELETING ACCOUNTS (JobID: 54de506a-8e64-4f88-8b03-c693e7002427)
 - Deleted: 0

[06/Jun/2023:09:50:37] UPDATING PRODUCTS (JobID: 39c4ce3c-6ef4-4413-83bc-05fef1199f0a)
 - New and modified: 0

[06/Jun/2023:09:50:38] UPDATING PREPAGATI (JobID: 5907c625-32e1-47cb-b8cd-9848fba6408c)
 - New and modified: 0

[06/Jun/2023:09:50:38] DELETING PREPAGATI (JobID: 5907c625-32e1-47cb-b8cd-9848fba6408c)
 - Deleted: 0

[06/Jun/2023:10:00:05] UPDATING ACCOUNTS (JobID: aa23aa25-3580-471c-9d8e-594502ce795d)
 - New and modified: 0

[06/Jun/2023:10:00:05] DELETING ACCOUNTS (JobID: aa23aa25-3580-471c-9d8e-594502ce795d)
 - Deleted: 0

[06/Jun/2023:10:00:39] UPDATING PRODUCTS (JobID: cb36df8e-c0ef-4cce-aa63-d2f524c12be1)
 - New and modified: 0

[06/Jun/2023:10:00:41] UPDATING PREPAGATI (JobID: 94321204-0336-4847-9556-5978e9f6dd54)
 - New and modified: 0

[06/Jun/2023:10:00:41] DELETING PREPAGATI (JobID: 94321204-0336-4847-9556-5978e9f6dd54)
 - Deleted: 0

[06/Jun/2023:10:10:04] UPDATING ACCOUNTS (JobID: 48f60b89-0bf0-4a28-8fda-494c25e366de)
 - New and modified: 0

[06/Jun/2023:10:10:04] DELETING ACCOUNTS (JobID: 48f60b89-0bf0-4a28-8fda-494c25e366de)
 - Deleted: 0

[06/Jun/2023:10:10:37] UPDATING PRODUCTS (JobID: be65743a-f6c8-48de-91bc-c78641c129ba)
 - New and modified: 0

[06/Jun/2023:10:10:39] UPDATING PREPAGATI (JobID: 2d6bac62-453c-4a6e-8fb2-b38edd42295c)
 - New and modified: 0

[06/Jun/2023:10:10:39] DELETING PREPAGATI (JobID: 2d6bac62-453c-4a6e-8fb2-b38edd42295c)
 - Deleted: 0

[06/Jun/2023:10:20:04] UPDATING ACCOUNTS (JobID: 094b0141-066a-48cb-8eb0-9c13102b59e0)
 - New and modified: 0

[06/Jun/2023:10:20:04] DELETING ACCOUNTS (JobID: 094b0141-066a-48cb-8eb0-9c13102b59e0)
 - Deleted: 0

[06/Jun/2023:10:20:38] UPDATING PRODUCTS (JobID: 37f27342-a1ca-45f9-b0c7-4e7552b63960)
 - New and modified: 0

[06/Jun/2023:10:20:40] UPDATING PREPAGATI (JobID: a4d0ca0f-68ec-4a55-aadf-96423953e132)
 - New and modified: 0

[06/Jun/2023:10:20:40] DELETING PREPAGATI (JobID: a4d0ca0f-68ec-4a55-aadf-96423953e132)
 - Deleted: 0

[06/Jun/2023:10:30:04] UPDATING ACCOUNTS (JobID: fb35a90b-d25f-494d-924d-eaaadcf1db0d)
 - New and modified: 0

[06/Jun/2023:10:30:04] DELETING ACCOUNTS (JobID: fb35a90b-d25f-494d-924d-eaaadcf1db0d)
 - Deleted: 0

[06/Jun/2023:10:30:39] UPDATING PRODUCTS (JobID: 732cd1d7-9d4a-4f5e-8dc9-9b5cb546f1f9)
 - New and modified: 0

[06/Jun/2023:10:30:40] UPDATING PREPAGATI (JobID: da949221-13f4-43f5-9f90-4f34ec9123df)
 - New and modified: 0

[06/Jun/2023:10:30:40] DELETING PREPAGATI (JobID: da949221-13f4-43f5-9f90-4f34ec9123df)
 - Deleted: 0

[06/Jun/2023:10:40:03] UPDATING ACCOUNTS (JobID: ad3663bc-5d80-4261-aea3-5d82bf52181c)
 - New and modified: 0

[06/Jun/2023:10:40:03] DELETING ACCOUNTS (JobID: ad3663bc-5d80-4261-aea3-5d82bf52181c)
 - Deleted: 0

[06/Jun/2023:10:40:36] UPDATING PRODUCTS (JobID: 5787a4f0-59c4-4cb6-9779-2781098cba9f)
 - New and modified: 0

[06/Jun/2023:10:40:38] UPDATING PREPAGATI (JobID: f7b40169-34d5-4865-a380-4899732a6fe0)
 - New and modified: 0

[06/Jun/2023:10:40:38] DELETING PREPAGATI (JobID: f7b40169-34d5-4865-a380-4899732a6fe0)
 - Deleted: 0

[06/Jun/2023:10:50:04] UPDATING ACCOUNTS (JobID: 1ffeace6-3550-4690-806d-9a0973e542b9)
 - New and modified: 0

[06/Jun/2023:10:50:04] DELETING ACCOUNTS (JobID: 1ffeace6-3550-4690-806d-9a0973e542b9)
 - Deleted: 0

[06/Jun/2023:10:50:37] UPDATING PRODUCTS (JobID: fdc8056c-6439-4be2-9e51-419432a34123)
 - New and modified: 0

[06/Jun/2023:10:50:39] UPDATING PREPAGATI (JobID: 8875cbe7-98cd-4e6c-972e-1989e4fa0c6b)
 - New and modified: 0

[06/Jun/2023:10:50:39] DELETING PREPAGATI (JobID: 8875cbe7-98cd-4e6c-972e-1989e4fa0c6b)
 - Deleted: 0

[06/Jun/2023:11:00:04] UPDATING ACCOUNTS (JobID: b6cabf7d-9168-4250-aa91-1a3e818e0669)
 - New and modified: 0

[06/Jun/2023:11:00:04] DELETING ACCOUNTS (JobID: b6cabf7d-9168-4250-aa91-1a3e818e0669)
 - Deleted: 0

[06/Jun/2023:11:00:37] UPDATING PRODUCTS (JobID: e6a9702f-fa7f-44de-8dd8-4b13e29c69b6)
 - New and modified: 0

[06/Jun/2023:11:00:39] UPDATING PREPAGATI (JobID: 9dd52b20-9117-4b0a-8661-e4aeece790a7)
 - New and modified: 0

[06/Jun/2023:11:00:39] DELETING PREPAGATI (JobID: 9dd52b20-9117-4b0a-8661-e4aeece790a7)
 - Deleted: 0

[06/Jun/2023:11:10:04] UPDATING ACCOUNTS (JobID: c6e875ce-14fa-464b-866c-f2a85bccb881)
 - New and modified: 0

[06/Jun/2023:11:10:04] DELETING ACCOUNTS (JobID: c6e875ce-14fa-464b-866c-f2a85bccb881)
 - Deleted: 0

[06/Jun/2023:11:10:40] UPDATING PRODUCTS (JobID: c726447e-6d9d-4dd9-8d45-447f1377560d)
 - New and modified: 0

[06/Jun/2023:11:10:42] UPDATING PREPAGATI (JobID: 35d36c34-e4b4-4d06-a6c7-34b2bcd2bc74)
 - New and modified: 0

[06/Jun/2023:11:10:42] DELETING PREPAGATI (JobID: 35d36c34-e4b4-4d06-a6c7-34b2bcd2bc74)
 - Deleted: 0

[06/Jun/2023:11:20:04] UPDATING ACCOUNTS (JobID: 24a347ca-0d54-4a38-a577-130e72167f24)
 - New and modified: 0

[06/Jun/2023:11:20:04] DELETING ACCOUNTS (JobID: 24a347ca-0d54-4a38-a577-130e72167f24)
 - Deleted: 0

[06/Jun/2023:11:20:37] UPDATING PRODUCTS (JobID: 33e9c2fa-2ac8-45a3-a34a-1f2730279b6e)
 - New and modified: 0

[06/Jun/2023:11:20:39] UPDATING PREPAGATI (JobID: 8dbf1b92-e81c-4f51-8166-3e89b5c4bf18)
 - New and modified: 0

[06/Jun/2023:11:20:39] DELETING PREPAGATI (JobID: 8dbf1b92-e81c-4f51-8166-3e89b5c4bf18)
 - Deleted: 0

[06/Jun/2023:11:30:04] UPDATING ACCOUNTS (JobID: 88fc4770-1437-481d-8e51-d642ce798ff8)
 - New and modified: 0

[06/Jun/2023:11:30:04] DELETING ACCOUNTS (JobID: 88fc4770-1437-481d-8e51-d642ce798ff8)
 - Deleted: 0

[06/Jun/2023:11:30:38] UPDATING PRODUCTS (JobID: 4745df5b-aa06-43ee-9b04-8703ea64dce2)
 - New and modified: 0

[06/Jun/2023:11:30:39] UPDATING PREPAGATI (JobID: 3215530c-42a2-43c6-9af1-63106f6b1e2e)
 - New and modified: 0

[06/Jun/2023:11:30:39] DELETING PREPAGATI (JobID: 3215530c-42a2-43c6-9af1-63106f6b1e2e)
 - Deleted: 0

[06/Jun/2023:11:40:04] UPDATING ACCOUNTS (JobID: 9ec72e15-9004-4839-864d-ab3f6cc22cad)
 - New and modified: 0

[06/Jun/2023:11:40:04] DELETING ACCOUNTS (JobID: 9ec72e15-9004-4839-864d-ab3f6cc22cad)
 - Deleted: 0

[06/Jun/2023:11:40:37] UPDATING PRODUCTS (JobID: 4bf20481-3e0a-4aff-b498-9d160ec4dda3)
 - New and modified: 0

[06/Jun/2023:11:40:38] UPDATING PREPAGATI (JobID: 3b259e79-ad41-4410-8fc0-9a81235da98f)
 - New and modified: 0

[06/Jun/2023:11:40:38] DELETING PREPAGATI (JobID: 3b259e79-ad41-4410-8fc0-9a81235da98f)
 - Deleted: 0

[06/Jun/2023:11:50:04] UPDATING ACCOUNTS (JobID: c3f706a8-2c5b-4d16-85b5-6638a1ef994d)
 - New and modified: 0

[06/Jun/2023:11:50:04] DELETING ACCOUNTS (JobID: c3f706a8-2c5b-4d16-85b5-6638a1ef994d)
 - Deleted: 0

[06/Jun/2023:11:50:36] UPDATING PRODUCTS (JobID: 730c8264-f1b1-472d-ba94-78481e9dea31)
 - New and modified: 0

[06/Jun/2023:11:50:38] UPDATING PREPAGATI (JobID: dacc3ac6-abf6-4906-a3f5-b46faa321769)
 - New and modified: 0

[06/Jun/2023:11:50:38] DELETING PREPAGATI (JobID: dacc3ac6-abf6-4906-a3f5-b46faa321769)
 - Deleted: 0

[06/Jun/2023:12:00:04] UPDATING ACCOUNTS (JobID: d1c09b18-7f16-4c75-91e3-45a4d7f56ece)
 - New and modified: 0

[06/Jun/2023:12:00:04] DELETING ACCOUNTS (JobID: d1c09b18-7f16-4c75-91e3-45a4d7f56ece)
 - Deleted: 0

[06/Jun/2023:12:00:37] UPDATING PRODUCTS (JobID: f88fd926-cd90-4c96-a79a-718cebffd3d5)
 - New and modified: 0

[06/Jun/2023:12:00:39] UPDATING PREPAGATI (JobID: 1a2cc86c-edb0-44eb-a9ba-efaeaad4233b)
 - New and modified: 0

[06/Jun/2023:12:00:39] DELETING PREPAGATI (JobID: 1a2cc86c-edb0-44eb-a9ba-efaeaad4233b)
 - Deleted: 0

[06/Jun/2023:12:10:04] UPDATING ACCOUNTS (JobID: 14028370-045e-462f-83c3-d6026292eb70)
 - New and modified: 0

[06/Jun/2023:12:10:04] DELETING ACCOUNTS (JobID: 14028370-045e-462f-83c3-d6026292eb70)
 - Deleted: 0

[06/Jun/2023:12:10:38] UPDATING PRODUCTS (JobID: 054855b0-e247-40ce-8f40-6ed9a80f36a6)
 - New and modified: 0

[06/Jun/2023:12:10:40] UPDATING PREPAGATI (JobID: 4b43941e-861e-43f9-8800-8d036debe76f)
 - New and modified: 0

[06/Jun/2023:12:10:40] DELETING PREPAGATI (JobID: 4b43941e-861e-43f9-8800-8d036debe76f)
 - Deleted: 0

[06/Jun/2023:12:20:04] UPDATING ACCOUNTS (JobID: c4c5433d-8f6e-4dbf-9420-490b39f5e79d)
 - New and modified: 0

[06/Jun/2023:12:20:04] DELETING ACCOUNTS (JobID: c4c5433d-8f6e-4dbf-9420-490b39f5e79d)
 - Deleted: 0

[06/Jun/2023:12:20:37] UPDATING PRODUCTS (JobID: 3fd7412f-5797-4136-9d75-a7727a42f813)
 - New and modified: 0

[06/Jun/2023:12:20:39] UPDATING PREPAGATI (JobID: 5eeef464-9867-4c65-ba42-e66135792905)
 - New and modified: 0

[06/Jun/2023:12:20:39] DELETING PREPAGATI (JobID: 5eeef464-9867-4c65-ba42-e66135792905)
 - Deleted: 0

[06/Jun/2023:12:30:04] UPDATING ACCOUNTS (JobID: fdd45117-134c-446b-b21b-57ca0b8ca6eb)
 - New and modified: 0

[06/Jun/2023:12:30:04] DELETING ACCOUNTS (JobID: fdd45117-134c-446b-b21b-57ca0b8ca6eb)
 - Deleted: 0

[06/Jun/2023:12:30:37] UPDATING PRODUCTS (JobID: ddfd5073-328a-471c-acef-f9cbe52661d2)
 - New and modified: 0

[06/Jun/2023:12:30:39] UPDATING PREPAGATI (JobID: 173bac1c-a7d1-402d-9793-8d6fa27a6aa5)
 - New and modified: 0

[06/Jun/2023:12:30:39] DELETING PREPAGATI (JobID: 173bac1c-a7d1-402d-9793-8d6fa27a6aa5)
 - Deleted: 0

[06/Jun/2023:12:40:04] UPDATING ACCOUNTS (JobID: bf70138e-9a53-43ec-93d9-d08232b01ff8)
 - New and modified: 0

[06/Jun/2023:12:40:04] DELETING ACCOUNTS (JobID: bf70138e-9a53-43ec-93d9-d08232b01ff8)
 - Deleted: 0

[06/Jun/2023:12:40:35] UPDATING PRODUCTS (JobID: e02bb9ce-6497-4e29-aaad-fe0d8748f84d)
 - New and modified: 0

[06/Jun/2023:12:40:37] UPDATING PREPAGATI (JobID: dc910e6d-7719-4e41-99b7-db9ccd0e6a3d)
 - New and modified: 0

[06/Jun/2023:12:40:37] DELETING PREPAGATI (JobID: dc910e6d-7719-4e41-99b7-db9ccd0e6a3d)
 - Deleted: 0

[06/Jun/2023:12:50:04] UPDATING ACCOUNTS (JobID: 931116dd-13f7-4fa0-bb32-af8be1cff654)
 - New and modified: 0

[06/Jun/2023:12:50:04] DELETING ACCOUNTS (JobID: 931116dd-13f7-4fa0-bb32-af8be1cff654)
 - Deleted: 0

[06/Jun/2023:12:50:36] UPDATING PRODUCTS (JobID: 0813dfcd-eaae-4096-8521-5f2e52e56a7e)
 - New and modified: 0

[06/Jun/2023:12:50:37] UPDATING PREPAGATI (JobID: eceec172-329b-49fa-91f0-2af489d58900)
 - New and modified: 0

[06/Jun/2023:12:50:37] DELETING PREPAGATI (JobID: eceec172-329b-49fa-91f0-2af489d58900)
 - Deleted: 0

[06/Jun/2023:13:00:05] UPDATING ACCOUNTS (JobID: 4c065a9e-8442-4bf4-9728-2b941523782d)
 - New and modified: 0

[06/Jun/2023:13:00:05] DELETING ACCOUNTS (JobID: 4c065a9e-8442-4bf4-9728-2b941523782d)
 - Deleted: 0

[06/Jun/2023:13:00:38] UPDATING PRODUCTS (JobID: 01d4df1b-9a09-4f92-970a-bdcc54416107)
 - New and modified: 0

[06/Jun/2023:13:00:40] UPDATING PREPAGATI (JobID: bba51d39-e0c0-44f8-8a4e-3593409d1fdf)
 - New and modified: 0

[06/Jun/2023:13:00:40] DELETING PREPAGATI (JobID: bba51d39-e0c0-44f8-8a4e-3593409d1fdf)
 - Deleted: 0

[06/Jun/2023:13:10:04] UPDATING ACCOUNTS (JobID: 6473050e-8bf5-4ab6-aadc-84f72498e0db)
 - New and modified: 0

[06/Jun/2023:13:10:04] DELETING ACCOUNTS (JobID: 6473050e-8bf5-4ab6-aadc-84f72498e0db)
 - Deleted: 0

[06/Jun/2023:13:10:39] UPDATING PRODUCTS (JobID: 54ed1afe-92f7-4f84-b315-aa4ae787858f)
 - New and modified: 0

[06/Jun/2023:13:10:41] UPDATING PREPAGATI (JobID: 8604c62e-9905-4048-9694-1165e06f44d2)
 - New and modified: 0

[06/Jun/2023:13:10:41] DELETING PREPAGATI (JobID: 8604c62e-9905-4048-9694-1165e06f44d2)
 - Deleted: 0

[06/Jun/2023:13:20:05] UPDATING ACCOUNTS (JobID: c8245351-a7df-4183-a73e-5d4f79990324)
 - New and modified: 0

[06/Jun/2023:13:20:05] DELETING ACCOUNTS (JobID: c8245351-a7df-4183-a73e-5d4f79990324)
 - Deleted: 0

[06/Jun/2023:13:20:39] UPDATING PRODUCTS (JobID: 1510a76f-9ca1-4a2e-a132-8b72540de14b)
 - New and modified: 0

[06/Jun/2023:13:20:41] UPDATING PREPAGATI (JobID: 1b24b915-5c33-4481-b202-0c8605653e12)
 - New and modified: 0

[06/Jun/2023:13:20:41] DELETING PREPAGATI (JobID: 1b24b915-5c33-4481-b202-0c8605653e12)
 - Deleted: 0

[06/Jun/2023:13:30:04] UPDATING ACCOUNTS (JobID: 8d8e061b-dd92-42f3-a93c-e83beed881fe)
 - New and modified: 0

[06/Jun/2023:13:30:04] DELETING ACCOUNTS (JobID: 8d8e061b-dd92-42f3-a93c-e83beed881fe)
 - Deleted: 0

[06/Jun/2023:13:30:38] UPDATING PRODUCTS (JobID: 3502cb29-d8e5-4ebe-83cb-1c4116537ffc)
 - New and modified: 0

[06/Jun/2023:13:30:40] UPDATING PREPAGATI (JobID: b8ad189a-e9f6-460b-a95e-20699132b17c)
 - New and modified: 0

[06/Jun/2023:13:30:40] DELETING PREPAGATI (JobID: b8ad189a-e9f6-460b-a95e-20699132b17c)
 - Deleted: 0

[06/Jun/2023:13:40:04] UPDATING ACCOUNTS (JobID: c391278e-ee76-4e26-8bef-7a5ecf3c5ed6)
 - New and modified: 0

[06/Jun/2023:13:40:04] DELETING ACCOUNTS (JobID: c391278e-ee76-4e26-8bef-7a5ecf3c5ed6)
 - Deleted: 0

[06/Jun/2023:13:40:36] UPDATING PRODUCTS (JobID: b65c398b-9dd4-4138-a460-305e7c6ffd0f)
 - New and modified: 0

[06/Jun/2023:13:40:38] UPDATING PREPAGATI (JobID: 4d9d52d7-2c2d-4468-a713-6c09dc5cb65f)
 - New and modified: 0

[06/Jun/2023:13:40:38] DELETING PREPAGATI (JobID: 4d9d52d7-2c2d-4468-a713-6c09dc5cb65f)
 - Deleted: 0

[06/Jun/2023:13:50:04] UPDATING ACCOUNTS (JobID: efdbb7c6-3d21-4ba5-887d-c7e77e301ef3)
 - New and modified: 0

[06/Jun/2023:13:50:04] DELETING ACCOUNTS (JobID: efdbb7c6-3d21-4ba5-887d-c7e77e301ef3)
 - Deleted: 0

[06/Jun/2023:13:50:38] UPDATING PRODUCTS (JobID: 14100370-ca6d-4da6-80dd-71a08442684b)
 - New and modified: 0

[06/Jun/2023:13:50:39] UPDATING PREPAGATI (JobID: f36d3dfa-e765-494f-87b4-0c6f58c21aa0)
 - New and modified: 0

[06/Jun/2023:13:50:39] DELETING PREPAGATI (JobID: f36d3dfa-e765-494f-87b4-0c6f58c21aa0)
 - Deleted: 0

[06/Jun/2023:14:00:04] UPDATING ACCOUNTS (JobID: 164aa4e1-5be2-4e63-85f9-54937b6457c7)
 - New and modified: 0

[06/Jun/2023:14:00:04] DELETING ACCOUNTS (JobID: 164aa4e1-5be2-4e63-85f9-54937b6457c7)
 - Deleted: 0

[06/Jun/2023:14:00:39] UPDATING PRODUCTS (JobID: 0191b5b5-bbd9-492f-9dfb-b56aabb7ebec)
 - New and modified: 0

[06/Jun/2023:14:00:40] UPDATING PREPAGATI (JobID: a25eff2a-3174-4819-8a64-570c5868b09f)
 - New and modified: 0

[06/Jun/2023:14:00:40] DELETING PREPAGATI (JobID: a25eff2a-3174-4819-8a64-570c5868b09f)
 - Deleted: 0

[06/Jun/2023:14:10:04] UPDATING ACCOUNTS (JobID: 266d5536-61c8-4ddb-aacd-c44ab8093eb5)
 - New and modified: 0

[06/Jun/2023:14:10:04] DELETING ACCOUNTS (JobID: 266d5536-61c8-4ddb-aacd-c44ab8093eb5)
 - Deleted: 0

[06/Jun/2023:14:10:37] UPDATING PRODUCTS (JobID: aa7038ff-fe4d-41a1-824b-87e6757094f3)
 - New and modified: 0

[06/Jun/2023:14:10:39] UPDATING PREPAGATI (JobID: 3a9d8a8d-1977-46a9-b5f4-2f51f65173b2)
 - New and modified: 0

[06/Jun/2023:14:10:39] DELETING PREPAGATI (JobID: 3a9d8a8d-1977-46a9-b5f4-2f51f65173b2)
 - Deleted: 0

[06/Jun/2023:14:20:04] UPDATING ACCOUNTS (JobID: 203ed84e-a714-473d-8ed8-ff54832b5e5c)
 - New and modified: 0

[06/Jun/2023:14:20:04] DELETING ACCOUNTS (JobID: 203ed84e-a714-473d-8ed8-ff54832b5e5c)
 - Deleted: 0

[06/Jun/2023:14:20:37] UPDATING PRODUCTS (JobID: 97bfefaa-4f17-4c45-8390-31a2870eaa47)
 - New and modified: 0

[06/Jun/2023:14:20:39] UPDATING PREPAGATI (JobID: 48e57fa0-ea23-4955-b65f-5b8b77a96dc5)
 - New and modified: 0

[06/Jun/2023:14:20:39] DELETING PREPAGATI (JobID: 48e57fa0-ea23-4955-b65f-5b8b77a96dc5)
 - Deleted: 0

[06/Jun/2023:14:30:04] UPDATING ACCOUNTS (JobID: 71bf22a0-842c-450c-97dc-5685246fd46c)
 - New and modified: 0

[06/Jun/2023:14:30:04] DELETING ACCOUNTS (JobID: 71bf22a0-842c-450c-97dc-5685246fd46c)
 - Deleted: 0

[06/Jun/2023:14:30:37] UPDATING PRODUCTS (JobID: 6468ac13-7bc1-455a-848c-628fde20e710)
 - New and modified: 0

[06/Jun/2023:14:30:39] UPDATING PREPAGATI (JobID: f7bfc739-51fa-44b5-bbcc-3914ad85fe86)
 - New and modified: 0

[06/Jun/2023:14:30:39] DELETING PREPAGATI (JobID: f7bfc739-51fa-44b5-bbcc-3914ad85fe86)
 - Deleted: 0

[06/Jun/2023:14:40:04] UPDATING ACCOUNTS (JobID: 7a6b7101-f4dd-4b06-a04f-4b9cfab083cf)
 - New and modified: 0

[06/Jun/2023:14:40:04] DELETING ACCOUNTS (JobID: 7a6b7101-f4dd-4b06-a04f-4b9cfab083cf)
 - Deleted: 0

[06/Jun/2023:14:40:37] UPDATING PRODUCTS (JobID: 1d59203d-5b28-47bd-89cb-aa838df1465c)
 - New and modified: 0

[06/Jun/2023:14:40:39] UPDATING PREPAGATI (JobID: 09b37fa8-becc-4747-8cc0-78b1b81f4f03)
 - New and modified: 0

[06/Jun/2023:14:40:39] DELETING PREPAGATI (JobID: 09b37fa8-becc-4747-8cc0-78b1b81f4f03)
 - Deleted: 0

[06/Jun/2023:14:50:04] UPDATING ACCOUNTS (JobID: ff02eab4-c3ef-4dd3-a61b-7dd42cfa55c3)
 - New and modified: 0

[06/Jun/2023:14:50:04] DELETING ACCOUNTS (JobID: ff02eab4-c3ef-4dd3-a61b-7dd42cfa55c3)
 - Deleted: 0

[06/Jun/2023:14:50:36] UPDATING PRODUCTS (JobID: 8af3d9f0-9434-4701-a590-f3b290665096)
 - New and modified: 0

[06/Jun/2023:14:50:38] UPDATING PREPAGATI (JobID: 444902e6-37be-4e6f-b805-2aaeebea40b2)
 - New and modified: 0

[06/Jun/2023:14:50:38] DELETING PREPAGATI (JobID: 444902e6-37be-4e6f-b805-2aaeebea40b2)
 - Deleted: 0

[06/Jun/2023:15:00:04] UPDATING ACCOUNTS (JobID: dab03eb9-f211-402e-9b7c-2163978ae6aa)
 - New and modified: 0

[06/Jun/2023:15:00:04] DELETING ACCOUNTS (JobID: dab03eb9-f211-402e-9b7c-2163978ae6aa)
 - Deleted: 0

[06/Jun/2023:15:00:38] UPDATING PRODUCTS (JobID: 6c20d45f-975a-44fe-9fa2-db45050036ef)
 - New and modified: 0

[06/Jun/2023:15:00:40] UPDATING PREPAGATI (JobID: c0f102a6-d640-43e2-911f-418f18473040)
 - New and modified: 0

[06/Jun/2023:15:00:40] DELETING PREPAGATI (JobID: c0f102a6-d640-43e2-911f-418f18473040)
 - Deleted: 0

[06/Jun/2023:15:20:04] UPDATING ACCOUNTS (JobID: bc00ada0-1274-43f6-b52e-985a1e5fde3d)
 - New and modified: 0

[06/Jun/2023:15:20:04] DELETING ACCOUNTS (JobID: bc00ada0-1274-43f6-b52e-985a1e5fde3d)
 - Deleted: 0

[06/Jun/2023:15:20:36] UPDATING PRODUCTS (JobID: ee95fff0-e42c-4ac5-b73e-8bbd433c4f3a)
 - New and modified: 0

[06/Jun/2023:15:20:38] UPDATING PREPAGATI (JobID: c103efb0-cfad-4961-9cdc-45a0480b0a67)
 - New and modified: 0

[06/Jun/2023:15:20:38] DELETING PREPAGATI (JobID: c103efb0-cfad-4961-9cdc-45a0480b0a67)
 - Deleted: 0

[06/Jun/2023:15:30:04] UPDATING ACCOUNTS (JobID: 6ad8d05b-ea8b-4d47-95fb-4b746f67497e)
 - New and modified: 0

[06/Jun/2023:15:30:04] DELETING ACCOUNTS (JobID: 6ad8d05b-ea8b-4d47-95fb-4b746f67497e)
 - Deleted: 0

[06/Jun/2023:15:30:38] UPDATING PRODUCTS (JobID: 7c172f63-b0d4-48d3-b837-2f4a0806a0ac)
 - New and modified: 0

[06/Jun/2023:15:30:39] UPDATING PREPAGATI (JobID: 73da1307-7262-4988-bafd-9fb783441c96)
 - New and modified: 0

[06/Jun/2023:15:30:39] DELETING PREPAGATI (JobID: 73da1307-7262-4988-bafd-9fb783441c96)
 - Deleted: 0

[06/Jun/2023:15:40:04] UPDATING ACCOUNTS (JobID: 15e35a72-06ae-4bc8-ba4f-f25443ae26d2)
 - New and modified: 0

[06/Jun/2023:15:40:04] DELETING ACCOUNTS (JobID: 15e35a72-06ae-4bc8-ba4f-f25443ae26d2)
 - Deleted: 0

[06/Jun/2023:15:40:36] UPDATING PRODUCTS (JobID: 7efcd10f-cc1b-4b6c-a3ad-f77d6584b0f7)
 - New and modified: 0

[06/Jun/2023:15:40:37] UPDATING PREPAGATI (JobID: b37fcfe0-3c69-4584-8099-bb93dc1289eb)
 - New and modified: 0

[06/Jun/2023:15:40:37] DELETING PREPAGATI (JobID: b37fcfe0-3c69-4584-8099-bb93dc1289eb)
 - Deleted: 0

[06/Jun/2023:15:50:04] UPDATING ACCOUNTS (JobID: 74af4ab1-f820-476c-a05c-806957ed2251)
 - New and modified: 0

[06/Jun/2023:15:50:04] DELETING ACCOUNTS (JobID: 74af4ab1-f820-476c-a05c-806957ed2251)
 - Deleted: 0

[06/Jun/2023:15:50:36] UPDATING PRODUCTS (JobID: 5273da91-701e-4251-b14f-af4c95bfab70)
 - New and modified: 0

[06/Jun/2023:15:50:38] UPDATING PREPAGATI (JobID: 8ebf5310-2860-4fa3-afdd-161561733378)
 - New and modified: 0

[06/Jun/2023:15:50:38] DELETING PREPAGATI (JobID: 8ebf5310-2860-4fa3-afdd-161561733378)
 - Deleted: 0

[06/Jun/2023:16:00:04] UPDATING ACCOUNTS (JobID: f73e6a1a-a1ef-4ce1-a989-50b37e4d13eb)
 - New and modified: 0

[06/Jun/2023:16:00:04] DELETING ACCOUNTS (JobID: f73e6a1a-a1ef-4ce1-a989-50b37e4d13eb)
 - Deleted: 0

[06/Jun/2023:16:00:37] UPDATING PRODUCTS (JobID: 8a3b0002-6ce8-4dd2-be48-0d03b4372396)
 - New and modified: 0

[06/Jun/2023:16:00:38] UPDATING PREPAGATI (JobID: af103768-bff6-42a4-9c08-e57dd2eaa050)
 - New and modified: 0

[06/Jun/2023:16:00:38] DELETING PREPAGATI (JobID: af103768-bff6-42a4-9c08-e57dd2eaa050)
 - Deleted: 0

[06/Jun/2023:16:10:04] UPDATING ACCOUNTS (JobID: d9b45ef4-90a8-408b-b3e4-e288c9d1e046)
 - New and modified: 0

[06/Jun/2023:16:10:04] DELETING ACCOUNTS (JobID: d9b45ef4-90a8-408b-b3e4-e288c9d1e046)
 - Deleted: 0

[06/Jun/2023:16:10:37] UPDATING PRODUCTS (JobID: ee9b23c1-7ae9-4543-8b0e-ac0c5c8c6a69)
 - New and modified: 0

[06/Jun/2023:16:10:38] UPDATING PREPAGATI (JobID: 8c95fdcc-245d-407f-b7dd-aacb41dee197)
 - New and modified: 0

[06/Jun/2023:16:10:38] DELETING PREPAGATI (JobID: 8c95fdcc-245d-407f-b7dd-aacb41dee197)
 - Deleted: 0

[06/Jun/2023:16:20:04] UPDATING ACCOUNTS (JobID: 668c78d2-6c99-400f-ae81-d877ddbc1bfe)
 - New and modified: 0

[06/Jun/2023:16:20:04] DELETING ACCOUNTS (JobID: 668c78d2-6c99-400f-ae81-d877ddbc1bfe)
 - Deleted: 0

[06/Jun/2023:16:20:37] UPDATING PRODUCTS (JobID: b134c494-09e4-48a2-9ea4-491a740cfcd8)
 - New and modified: 0

[06/Jun/2023:16:20:38] UPDATING PREPAGATI (JobID: f7ff8698-356f-4d29-a52d-c93cb1526eca)
 - New and modified: 0

[06/Jun/2023:16:20:38] DELETING PREPAGATI (JobID: f7ff8698-356f-4d29-a52d-c93cb1526eca)
 - Deleted: 0

[06/Jun/2023:16:40:04] UPDATING ACCOUNTS (JobID: bd265f0d-2484-4343-93fc-62b7b5f44a3d)
 - New and modified: 0

[06/Jun/2023:16:40:04] DELETING ACCOUNTS (JobID: bd265f0d-2484-4343-93fc-62b7b5f44a3d)
 - Deleted: 0

[06/Jun/2023:16:40:38] UPDATING PRODUCTS (JobID: bff247b2-4163-489d-afb7-525881267e9c)
 - New and modified: 0

[06/Jun/2023:16:40:40] UPDATING PREPAGATI (JobID: c5449f4d-82b9-47b1-a6c3-1fbb57a25c3e)
 - New and modified: 0

[06/Jun/2023:16:40:40] DELETING PREPAGATI (JobID: c5449f4d-82b9-47b1-a6c3-1fbb57a25c3e)
 - Deleted: 0

[06/Jun/2023:16:50:04] UPDATING ACCOUNTS (JobID: 7623562a-8f7f-43da-96f1-1819f4382044)
 - New and modified: 0

[06/Jun/2023:16:50:04] DELETING ACCOUNTS (JobID: 7623562a-8f7f-43da-96f1-1819f4382044)
 - Deleted: 0

[06/Jun/2023:16:50:38] UPDATING PRODUCTS (JobID: 0cd2772e-7d38-4564-958c-d86da263f0a3)
 - New and modified: 0

[06/Jun/2023:16:50:39] UPDATING PREPAGATI (JobID: 45281b35-d125-4cf0-a5db-13bf8f4a5a3e)
 - New and modified: 0

[06/Jun/2023:16:50:39] DELETING PREPAGATI (JobID: 45281b35-d125-4cf0-a5db-13bf8f4a5a3e)
 - Deleted: 0

[06/Jun/2023:17:00:04] UPDATING ACCOUNTS (JobID: 6042adbf-b50b-4c67-9057-39874c2ae7f2)
 - New and modified: 0

[06/Jun/2023:17:00:04] DELETING ACCOUNTS (JobID: 6042adbf-b50b-4c67-9057-39874c2ae7f2)
 - Deleted: 0

[06/Jun/2023:17:00:37] UPDATING PRODUCTS (JobID: e0244801-bf79-46ee-99f7-3b1e76c7ebd4)
 - New and modified: 0

[06/Jun/2023:17:00:39] UPDATING PREPAGATI (JobID: 68346223-d247-4400-b596-5eea9c20083f)
 - New and modified: 0

[06/Jun/2023:17:00:39] DELETING PREPAGATI (JobID: 68346223-d247-4400-b596-5eea9c20083f)
 - Deleted: 0

[06/Jun/2023:17:10:04] UPDATING ACCOUNTS (JobID: 209ab927-256d-40c8-b8e8-e1b64374b5ed)
 - New and modified: 0

[06/Jun/2023:17:10:04] DELETING ACCOUNTS (JobID: 209ab927-256d-40c8-b8e8-e1b64374b5ed)
 - Deleted: 0

[06/Jun/2023:17:10:36] UPDATING PRODUCTS (JobID: 175b61f0-2baa-45e3-9a98-0a39506d3634)
 - New and modified: 0

[06/Jun/2023:17:10:38] UPDATING PREPAGATI (JobID: c1d96cd4-5cce-49b0-8694-12924679afe5)
 - New and modified: 0

[06/Jun/2023:17:10:38] DELETING PREPAGATI (JobID: c1d96cd4-5cce-49b0-8694-12924679afe5)
 - Deleted: 0

[06/Jun/2023:17:20:04] UPDATING ACCOUNTS (JobID: 0f357c2b-cb7a-4606-a278-95d1e34787ef)
 - New and modified: 0

[06/Jun/2023:17:20:04] DELETING ACCOUNTS (JobID: 0f357c2b-cb7a-4606-a278-95d1e34787ef)
 - Deleted: 0

[06/Jun/2023:17:20:37] UPDATING PRODUCTS (JobID: d132b5f4-1baa-45bc-bc75-5413276cc91b)
 - New and modified: 0

[06/Jun/2023:17:20:38] UPDATING PREPAGATI (JobID: 92ec44bd-b595-4ba3-9059-1810a30e2e12)
 - New and modified: 0

[06/Jun/2023:17:20:38] DELETING PREPAGATI (JobID: 92ec44bd-b595-4ba3-9059-1810a30e2e12)
 - Deleted: 0

[06/Jun/2023:17:30:04] UPDATING ACCOUNTS (JobID: 5e29988d-0b1a-451f-a33c-9c9db1bf6ae8)
 - New and modified: 0

[06/Jun/2023:17:30:04] DELETING ACCOUNTS (JobID: 5e29988d-0b1a-451f-a33c-9c9db1bf6ae8)
 - Deleted: 0

[06/Jun/2023:17:30:39] UPDATING PRODUCTS (JobID: 92bd4cbe-652e-418c-bec8-782c58a06bed)
 - New and modified: 0

[06/Jun/2023:17:30:41] UPDATING PREPAGATI (JobID: 160023cf-5faa-4823-83e8-b88fb6a17be9)
 - New and modified: 0

[06/Jun/2023:17:30:41] DELETING PREPAGATI (JobID: 160023cf-5faa-4823-83e8-b88fb6a17be9)
 - Deleted: 0

[06/Jun/2023:17:40:04] UPDATING ACCOUNTS (JobID: 02294c4c-7947-44e9-aab2-a9ba8218f1b0)
 - New and modified: 0

[06/Jun/2023:17:40:04] DELETING ACCOUNTS (JobID: 02294c4c-7947-44e9-aab2-a9ba8218f1b0)
 - Deleted: 0

[06/Jun/2023:17:40:37] UPDATING PRODUCTS (JobID: 4557102b-e415-402f-a697-26553c93505b)
 - New and modified: 0

[06/Jun/2023:17:40:39] UPDATING PREPAGATI (JobID: 8eda5cbf-7438-4e56-9b97-0e15a758a528)
 - New and modified: 0

[06/Jun/2023:17:40:39] DELETING PREPAGATI (JobID: 8eda5cbf-7438-4e56-9b97-0e15a758a528)
 - Deleted: 0

[06/Jun/2023:17:50:04] UPDATING ACCOUNTS (JobID: a1b5a897-8f52-42e5-81d0-ae1acfe5fa57)
 - New and modified: 0

[06/Jun/2023:17:50:04] DELETING ACCOUNTS (JobID: a1b5a897-8f52-42e5-81d0-ae1acfe5fa57)
 - Deleted: 0

[06/Jun/2023:17:50:37] UPDATING PRODUCTS (JobID: d3147c44-ea90-4c92-83f4-c9cfba154984)
 - New and modified: 0

[06/Jun/2023:17:50:39] UPDATING PREPAGATI (JobID: 3258e010-654d-407b-9569-ebb3e3b1386d)
 - New and modified: 0

[06/Jun/2023:17:50:39] DELETING PREPAGATI (JobID: 3258e010-654d-407b-9569-ebb3e3b1386d)
 - Deleted: 0

[06/Jun/2023:18:00:06] UPDATING ACCOUNTS (JobID: 917b77f2-0986-4d30-b372-d9bb555523bc)
 - New and modified: 0

[06/Jun/2023:18:00:06] DELETING ACCOUNTS (JobID: 917b77f2-0986-4d30-b372-d9bb555523bc)
 - Deleted: 0

[06/Jun/2023:18:00:40] UPDATING PRODUCTS (JobID: 0b900a3e-d3da-4bdd-aaff-6b5821ab6da4)
 - New and modified: 0

[06/Jun/2023:18:00:42] UPDATING PREPAGATI (JobID: e803fc45-5cfd-43ba-802f-d5b1bc1156cf)
 - New and modified: 0

[06/Jun/2023:18:00:42] DELETING PREPAGATI (JobID: e803fc45-5cfd-43ba-802f-d5b1bc1156cf)
 - Deleted: 0

[06/Jun/2023:18:10:04] UPDATING ACCOUNTS (JobID: 056de2ae-5844-4025-bbdc-a640344ab89c)
 - New and modified: 0

[06/Jun/2023:18:10:04] DELETING ACCOUNTS (JobID: 056de2ae-5844-4025-bbdc-a640344ab89c)
 - Deleted: 0

[06/Jun/2023:18:10:42] UPDATING PRODUCTS (JobID: e348ac2b-22d4-4395-923b-7f210bda0b86)
 - New and modified: 0

[06/Jun/2023:18:10:44] UPDATING PREPAGATI (JobID: e43b2640-c293-4d8e-a1a1-0be22f25e7b3)
 - New and modified: 0

[06/Jun/2023:18:10:44] DELETING PREPAGATI (JobID: e43b2640-c293-4d8e-a1a1-0be22f25e7b3)
 - Deleted: 0

[06/Jun/2023:18:20:04] UPDATING ACCOUNTS (JobID: af8ed53c-0d88-4615-bc53-b036692af973)
 - New and modified: 0

[06/Jun/2023:18:20:04] DELETING ACCOUNTS (JobID: af8ed53c-0d88-4615-bc53-b036692af973)
 - Deleted: 0

[06/Jun/2023:18:20:37] UPDATING PRODUCTS (JobID: d9aa18c1-7ce3-40cb-ab40-589d5830788f)
 - New and modified: 0

[06/Jun/2023:18:20:39] UPDATING PREPAGATI (JobID: 2221e43f-070a-4a14-84fc-6021bb4c469d)
 - New and modified: 0

[06/Jun/2023:18:20:39] DELETING PREPAGATI (JobID: 2221e43f-070a-4a14-84fc-6021bb4c469d)
 - Deleted: 0

[06/Jun/2023:18:30:04] UPDATING ACCOUNTS (JobID: 86d885d3-b455-4951-abc5-baf5de033f6d)
 - New and modified: 0

[06/Jun/2023:18:30:04] DELETING ACCOUNTS (JobID: 86d885d3-b455-4951-abc5-baf5de033f6d)
 - Deleted: 0

[06/Jun/2023:18:30:39] UPDATING PRODUCTS (JobID: c3544f3d-f683-4938-8ce0-2c22de678100)
 - New and modified: 0

[06/Jun/2023:18:30:41] UPDATING PREPAGATI (JobID: 652f12c8-7bcf-479f-bfc1-db205a87a807)
 - New and modified: 0

[06/Jun/2023:18:30:41] DELETING PREPAGATI (JobID: 652f12c8-7bcf-479f-bfc1-db205a87a807)
 - Deleted: 0

[06/Jun/2023:18:40:04] UPDATING ACCOUNTS (JobID: 3ba07794-3f6e-4070-bd24-ecd4dfcce16d)
 - New and modified: 0

[06/Jun/2023:18:40:04] DELETING ACCOUNTS (JobID: 3ba07794-3f6e-4070-bd24-ecd4dfcce16d)
 - Deleted: 0

[06/Jun/2023:18:40:39] UPDATING PRODUCTS (JobID: 913fcd66-2b42-420b-96cf-70ecb8205100)
 - New and modified: 0

[06/Jun/2023:18:40:40] UPDATING PREPAGATI (JobID: 97a03785-4cd5-48d4-9792-51ec904db371)
 - New and modified: 0

[06/Jun/2023:18:40:40] DELETING PREPAGATI (JobID: 97a03785-4cd5-48d4-9792-51ec904db371)
 - Deleted: 0

[06/Jun/2023:18:50:04] UPDATING ACCOUNTS (JobID: da6fed9e-47a3-4b82-92b0-b60309e09d01)
 - New and modified: 0

[06/Jun/2023:18:50:04] DELETING ACCOUNTS (JobID: da6fed9e-47a3-4b82-92b0-b60309e09d01)
 - Deleted: 0

[06/Jun/2023:18:50:37] UPDATING PRODUCTS (JobID: 10d4b882-ce51-4d40-ba20-c435402ea04e)
 - New and modified: 0

[06/Jun/2023:18:50:39] UPDATING PREPAGATI (JobID: cd61ef94-eff8-45d2-afe3-2c8bc261cd5c)
 - New and modified: 0

[06/Jun/2023:18:50:39] DELETING PREPAGATI (JobID: cd61ef94-eff8-45d2-afe3-2c8bc261cd5c)
 - Deleted: 0

[06/Jun/2023:19:00:18] UPDATING ACCOUNTS (JobID: 432dd6dd-90f0-43bc-97da-511a5fde8589)
 - New and modified: 0

[06/Jun/2023:19:00:18] DELETING ACCOUNTS (JobID: 432dd6dd-90f0-43bc-97da-511a5fde8589)
 - Deleted: 0

[06/Jun/2023:19:00:52] UPDATING PRODUCTS (JobID: 1ca852dd-0720-452a-8a4e-3e2802a4eb43)
 - New and modified: 0

[06/Jun/2023:19:00:53] UPDATING PREPAGATI (JobID: 51c5dc82-0af4-4749-9576-3b9cc7548d3c)
 - New and modified: 0

[06/Jun/2023:19:00:53] DELETING PREPAGATI (JobID: 51c5dc82-0af4-4749-9576-3b9cc7548d3c)
 - Deleted: 0

[06/Jun/2023:19:10:03] UPDATING ACCOUNTS (JobID: f356e0bc-b673-4f1a-9314-cacdcd4353a2)
 - New and modified: 0

[06/Jun/2023:19:10:03] DELETING ACCOUNTS (JobID: f356e0bc-b673-4f1a-9314-cacdcd4353a2)
 - Deleted: 0

[06/Jun/2023:19:10:38] UPDATING PRODUCTS (JobID: 43a30fa9-3b69-451f-ab83-748008d183df)
 - New and modified: 0

[06/Jun/2023:19:10:40] UPDATING PREPAGATI (JobID: 7911a71e-0716-45cf-b8bc-452772afb386)
 - New and modified: 0

[06/Jun/2023:19:10:40] DELETING PREPAGATI (JobID: 7911a71e-0716-45cf-b8bc-452772afb386)
 - Deleted: 0

[06/Jun/2023:19:20:04] UPDATING ACCOUNTS (JobID: bc91a2e3-0505-43b6-aa06-39d7368a6993)
 - New and modified: 0

[06/Jun/2023:19:20:04] DELETING ACCOUNTS (JobID: bc91a2e3-0505-43b6-aa06-39d7368a6993)
 - Deleted: 0

[06/Jun/2023:19:20:37] UPDATING PRODUCTS (JobID: 74e800e4-84a8-4b66-808b-1ed5d3022d0a)
 - New and modified: 0

[06/Jun/2023:19:20:39] UPDATING PREPAGATI (JobID: b0a80bc5-bd44-4120-825e-ccfd80abc5ba)
 - New and modified: 0

[06/Jun/2023:19:20:39] DELETING PREPAGATI (JobID: b0a80bc5-bd44-4120-825e-ccfd80abc5ba)
 - Deleted: 0

[06/Jun/2023:19:30:04] UPDATING ACCOUNTS (JobID: 9a632a00-9a1e-4ff4-b781-67f3d2ac1de5)
 - New and modified: 0

[06/Jun/2023:19:30:04] DELETING ACCOUNTS (JobID: 9a632a00-9a1e-4ff4-b781-67f3d2ac1de5)
 - Deleted: 0

[06/Jun/2023:19:30:38] UPDATING PRODUCTS (JobID: 8e7c794e-c99d-4a57-a9c7-503818d279d5)
 - New and modified: 0

[06/Jun/2023:19:30:40] UPDATING PREPAGATI (JobID: c8b46611-24c8-4590-984d-f9daac589f47)
 - New and modified: 0

[06/Jun/2023:19:30:40] DELETING PREPAGATI (JobID: c8b46611-24c8-4590-984d-f9daac589f47)
 - Deleted: 0

[06/Jun/2023:19:40:04] UPDATING ACCOUNTS (JobID: 3fafa049-cab2-477d-b035-2b46da2947c6)
 - New and modified: 0

[06/Jun/2023:19:40:04] DELETING ACCOUNTS (JobID: 3fafa049-cab2-477d-b035-2b46da2947c6)
 - Deleted: 0

[06/Jun/2023:19:40:38] UPDATING PRODUCTS (JobID: 8449b817-be67-43bf-bfa5-8a2e914b52b3)
 - New and modified: 0

[06/Jun/2023:19:40:40] UPDATING PREPAGATI (JobID: 0c5a2324-6021-4723-81c4-5ad6f2594e1b)
 - New and modified: 0

[06/Jun/2023:19:40:40] DELETING PREPAGATI (JobID: 0c5a2324-6021-4723-81c4-5ad6f2594e1b)
 - Deleted: 0

[06/Jun/2023:19:50:05] UPDATING ACCOUNTS (JobID: f3954ba9-cb63-4e4a-b3a4-80087775721f)
 - New and modified: 0

[06/Jun/2023:19:50:05] DELETING ACCOUNTS (JobID: f3954ba9-cb63-4e4a-b3a4-80087775721f)
 - Deleted: 0

[06/Jun/2023:19:50:37] UPDATING PRODUCTS (JobID: 50477dd9-d878-41e3-b697-72c231029fbf)
 - New and modified: 0

[06/Jun/2023:19:50:38] UPDATING PREPAGATI (JobID: c3deff8d-3529-460c-9322-f9de9fe82f56)
 - New and modified: 0

[06/Jun/2023:19:50:38] DELETING PREPAGATI (JobID: c3deff8d-3529-460c-9322-f9de9fe82f56)
 - Deleted: 0

[06/Jun/2023:20:00:04] UPDATING ACCOUNTS (JobID: 73ad4a57-fa7a-41a1-b657-3e9c50162c11)
 - New and modified: 0

[06/Jun/2023:20:00:04] DELETING ACCOUNTS (JobID: 73ad4a57-fa7a-41a1-b657-3e9c50162c11)
 - Deleted: 0

[06/Jun/2023:20:00:38] UPDATING PRODUCTS (JobID: e4c3d27f-29ed-4b4f-9e93-1f1f133b4ec5)
 - New and modified: 0

[06/Jun/2023:20:00:46] UPDATING PREPAGATI (JobID: b1df20de-5148-4cbe-9228-ad2ce702b571)
 - New and modified: 0

[06/Jun/2023:20:00:46] DELETING PREPAGATI (JobID: b1df20de-5148-4cbe-9228-ad2ce702b571)
 - Deleted: 0

[06/Jun/2023:20:10:04] UPDATING ACCOUNTS (JobID: 60d6e6c3-251c-4c96-9480-8c6b2821ae34)
 - New and modified: 0

[06/Jun/2023:20:10:04] DELETING ACCOUNTS (JobID: 60d6e6c3-251c-4c96-9480-8c6b2821ae34)
 - Deleted: 0

[06/Jun/2023:20:10:37] UPDATING PRODUCTS (JobID: eb46ad52-812e-47e8-83b0-b993906bd384)
 - New and modified: 0

[06/Jun/2023:20:10:39] UPDATING PREPAGATI (JobID: 7caeb9c9-7ac6-45ff-977d-1ce388fd7059)
 - New and modified: 0

[06/Jun/2023:20:10:39] DELETING PREPAGATI (JobID: 7caeb9c9-7ac6-45ff-977d-1ce388fd7059)
 - Deleted: 0

[06/Jun/2023:20:20:05] UPDATING ACCOUNTS (JobID: 7dfb46fe-b996-411d-a5fd-c1e7eec4775d)
 - New and modified: 0

[06/Jun/2023:20:20:05] DELETING ACCOUNTS (JobID: 7dfb46fe-b996-411d-a5fd-c1e7eec4775d)
 - Deleted: 0

[06/Jun/2023:20:20:37] UPDATING PRODUCTS (JobID: f8ce9b16-2fe3-44f7-bd12-11d551787076)
 - New and modified: 0

[06/Jun/2023:20:20:39] UPDATING PREPAGATI (JobID: 6e21bebf-d653-465a-aad3-25309dc67e0a)
 - New and modified: 0

[06/Jun/2023:20:20:39] DELETING PREPAGATI (JobID: 6e21bebf-d653-465a-aad3-25309dc67e0a)
 - Deleted: 0

[06/Jun/2023:20:30:04] UPDATING ACCOUNTS (JobID: 1e612c42-a43d-477a-b0b8-a8a994a361da)
 - New and modified: 0

[06/Jun/2023:20:30:04] DELETING ACCOUNTS (JobID: 1e612c42-a43d-477a-b0b8-a8a994a361da)
 - Deleted: 0

[06/Jun/2023:20:30:37] UPDATING PRODUCTS (JobID: b846169c-d58f-4ddb-bbd9-37370c531842)
 - New and modified: 0

[06/Jun/2023:20:30:39] UPDATING PREPAGATI (JobID: 0315dd6b-1370-49ee-8bd8-21b2d5628ee6)
 - New and modified: 0

[06/Jun/2023:20:30:39] DELETING PREPAGATI (JobID: 0315dd6b-1370-49ee-8bd8-21b2d5628ee6)
 - Deleted: 0

[06/Jun/2023:20:40:04] UPDATING ACCOUNTS (JobID: a9e8e7bd-c87d-4a5c-b25c-c1e69595e847)
 - New and modified: 0

[06/Jun/2023:20:40:04] DELETING ACCOUNTS (JobID: a9e8e7bd-c87d-4a5c-b25c-c1e69595e847)
 - Deleted: 0

[06/Jun/2023:20:40:37] UPDATING PRODUCTS (JobID: 85986901-f317-4a56-8dbe-c48a0571c2db)
 - New and modified: 0

[06/Jun/2023:20:40:38] UPDATING PREPAGATI (JobID: 40b9eb1c-f4ba-442a-8aeb-758f59d85697)
 - New and modified: 0

[06/Jun/2023:20:40:38] DELETING PREPAGATI (JobID: 40b9eb1c-f4ba-442a-8aeb-758f59d85697)
 - Deleted: 0

[06/Jun/2023:20:50:04] UPDATING ACCOUNTS (JobID: c7cce637-20b9-46a4-86e6-49fdec315f07)
 - New and modified: 0

[06/Jun/2023:20:50:04] DELETING ACCOUNTS (JobID: c7cce637-20b9-46a4-86e6-49fdec315f07)
 - Deleted: 0

[06/Jun/2023:20:50:37] UPDATING PRODUCTS (JobID: c2b6a766-4188-4a00-8f2d-36c1971d2030)
 - New and modified: 0

[06/Jun/2023:20:50:39] UPDATING PREPAGATI (JobID: 2c26ab39-4347-42bc-b1ed-21ded114ef39)
 - New and modified: 0

[06/Jun/2023:20:50:39] DELETING PREPAGATI (JobID: 2c26ab39-4347-42bc-b1ed-21ded114ef39)
 - Deleted: 0

[06/Jun/2023:21:00:04] UPDATING ACCOUNTS (JobID: 99c62fd2-ce31-42b9-8123-cd0ca6919a6f)
 - New and modified: 0

[06/Jun/2023:21:00:04] DELETING ACCOUNTS (JobID: 99c62fd2-ce31-42b9-8123-cd0ca6919a6f)
 - Deleted: 0

[06/Jun/2023:21:00:37] UPDATING PRODUCTS (JobID: 21046f60-b506-4adc-a674-1fe31997a20d)
 - New and modified: 0

[06/Jun/2023:21:00:39] UPDATING PREPAGATI (JobID: 7c212282-e1a3-48f6-82e7-565691850cb2)
 - New and modified: 0

[06/Jun/2023:21:00:39] DELETING PREPAGATI (JobID: 7c212282-e1a3-48f6-82e7-565691850cb2)
 - Deleted: 0

[06/Jun/2023:21:10:04] UPDATING ACCOUNTS (JobID: ce2c7b14-0ca6-4d74-be8d-bfdb8b88e7ed)
 - New and modified: 0

[06/Jun/2023:21:10:04] DELETING ACCOUNTS (JobID: ce2c7b14-0ca6-4d74-be8d-bfdb8b88e7ed)
 - Deleted: 0

[06/Jun/2023:21:10:37] UPDATING PRODUCTS (JobID: f4521aa3-26fa-4aaf-b163-0d1924664a1d)
 - New and modified: 0

[06/Jun/2023:21:10:39] UPDATING PREPAGATI (JobID: 32a39734-a44d-437a-a934-848f794287ce)
 - New and modified: 0

[06/Jun/2023:21:10:39] DELETING PREPAGATI (JobID: 32a39734-a44d-437a-a934-848f794287ce)
 - Deleted: 0

[06/Jun/2023:21:20:04] UPDATING ACCOUNTS (JobID: 8c0f51c3-338c-4111-9e50-b8f39fd5766b)
 - New and modified: 0

[06/Jun/2023:21:20:04] DELETING ACCOUNTS (JobID: 8c0f51c3-338c-4111-9e50-b8f39fd5766b)
 - Deleted: 0

[06/Jun/2023:21:20:37] UPDATING PRODUCTS (JobID: b06ff935-e7be-4cc2-b691-77f7aaf1fb0f)
 - New and modified: 0

[06/Jun/2023:21:20:39] UPDATING PREPAGATI (JobID: 570d2f7a-9fe0-446d-aba3-2fd68097afe5)
 - New and modified: 0

[06/Jun/2023:21:20:39] DELETING PREPAGATI (JobID: 570d2f7a-9fe0-446d-aba3-2fd68097afe5)
 - Deleted: 0

[06/Jun/2023:21:30:04] UPDATING ACCOUNTS (JobID: eebc09f5-243d-41c3-9d95-e83aab8bc995)
 - New and modified: 0

[06/Jun/2023:21:30:04] DELETING ACCOUNTS (JobID: eebc09f5-243d-41c3-9d95-e83aab8bc995)
 - Deleted: 0

[06/Jun/2023:21:30:38] UPDATING PRODUCTS (JobID: bc5eb341-7dbc-444e-888b-e972c7feb14f)
 - New and modified: 0

[06/Jun/2023:21:30:40] UPDATING PREPAGATI (JobID: b5c3d442-c82c-463a-99db-90f23b0f7ac9)
 - New and modified: 0

[06/Jun/2023:21:30:40] DELETING PREPAGATI (JobID: b5c3d442-c82c-463a-99db-90f23b0f7ac9)
 - Deleted: 0

[06/Jun/2023:21:40:04] UPDATING ACCOUNTS (JobID: 505ab024-c809-4e5b-9ebe-b851c200c8aa)
 - New and modified: 0

[06/Jun/2023:21:40:04] DELETING ACCOUNTS (JobID: 505ab024-c809-4e5b-9ebe-b851c200c8aa)
 - Deleted: 0

[06/Jun/2023:21:40:37] UPDATING PRODUCTS (JobID: 3aa4652c-ee86-4ac3-9f4d-812b3476f3a0)
 - New and modified: 0

[06/Jun/2023:21:40:38] UPDATING PREPAGATI (JobID: a821b8c6-4b09-4628-ab92-eee855b4d23b)
 - New and modified: 0

[06/Jun/2023:21:40:38] DELETING PREPAGATI (JobID: a821b8c6-4b09-4628-ab92-eee855b4d23b)
 - Deleted: 0

[06/Jun/2023:21:50:04] UPDATING ACCOUNTS (JobID: 4c826cb2-ffe3-4add-8f09-4ce9c3d73f1c)
 - New and modified: 0

[06/Jun/2023:21:50:04] DELETING ACCOUNTS (JobID: 4c826cb2-ffe3-4add-8f09-4ce9c3d73f1c)
 - Deleted: 0

[06/Jun/2023:21:50:38] UPDATING PRODUCTS (JobID: 23bf4f09-1c2c-462b-8ee2-04f5fdfddf7d)
 - New and modified: 0

[06/Jun/2023:21:50:39] UPDATING PREPAGATI (JobID: 4744aee6-5301-4f10-9865-13a0c2d29a84)
 - New and modified: 0

[06/Jun/2023:21:50:39] DELETING PREPAGATI (JobID: 4744aee6-5301-4f10-9865-13a0c2d29a84)
 - Deleted: 0

[06/Jun/2023:22:00:04] UPDATING ACCOUNTS (JobID: 8a6aa59d-1dd4-43d1-860a-d2ba996752ea)
 - New and modified: 0

[06/Jun/2023:22:00:04] DELETING ACCOUNTS (JobID: 8a6aa59d-1dd4-43d1-860a-d2ba996752ea)
 - Deleted: 0

[06/Jun/2023:22:00:37] UPDATING PRODUCTS (JobID: 528bf2cb-5497-4e3e-a110-d3db735d1508)
 - New and modified: 0

[06/Jun/2023:22:00:39] UPDATING PREPAGATI (JobID: 71094d19-5c05-4cad-95ef-41dab15edd8d)
 - New and modified: 0

[06/Jun/2023:22:00:39] DELETING PREPAGATI (JobID: 71094d19-5c05-4cad-95ef-41dab15edd8d)
 - Deleted: 0

[06/Jun/2023:22:10:04] UPDATING ACCOUNTS (JobID: f6593846-995b-4c92-a8d1-cb84410424b3)
 - New and modified: 0

[06/Jun/2023:22:10:04] DELETING ACCOUNTS (JobID: f6593846-995b-4c92-a8d1-cb84410424b3)
 - Deleted: 0

[06/Jun/2023:22:10:38] UPDATING PRODUCTS (JobID: 7e789fb7-571c-464b-9a02-8c0acf5f78b5)
 - New and modified: 0

[06/Jun/2023:22:10:40] UPDATING PREPAGATI (JobID: f4a32437-2df0-4dfb-a0cc-95e59b2d0879)
 - New and modified: 0

[06/Jun/2023:22:10:40] DELETING PREPAGATI (JobID: f4a32437-2df0-4dfb-a0cc-95e59b2d0879)
 - Deleted: 0

[06/Jun/2023:22:20:04] UPDATING ACCOUNTS (JobID: 77fc0b25-5374-4b55-8b30-855ca69bf2b9)
 - New and modified: 0

[06/Jun/2023:22:20:04] DELETING ACCOUNTS (JobID: 77fc0b25-5374-4b55-8b30-855ca69bf2b9)
 - Deleted: 0

[06/Jun/2023:22:20:38] UPDATING PRODUCTS (JobID: 0467a756-ad72-4a96-9d46-39d38973a46e)
 - New and modified: 0

[06/Jun/2023:22:20:40] UPDATING PREPAGATI (JobID: c392ca4b-a2ef-4356-8f1e-c89055a234f2)
 - New and modified: 0

[06/Jun/2023:22:20:40] DELETING PREPAGATI (JobID: c392ca4b-a2ef-4356-8f1e-c89055a234f2)
 - Deleted: 0

[06/Jun/2023:22:30:04] UPDATING ACCOUNTS (JobID: 975eddd2-049f-4d17-9ab2-956388f7e533)
 - New and modified: 0

[06/Jun/2023:22:30:04] DELETING ACCOUNTS (JobID: 975eddd2-049f-4d17-9ab2-956388f7e533)
 - Deleted: 0

[06/Jun/2023:22:30:37] UPDATING PRODUCTS (JobID: c69ec52b-d626-45d3-ad22-f350b8b2d0ef)
 - New and modified: 0

[06/Jun/2023:22:30:39] UPDATING PREPAGATI (JobID: 8c6f01b6-80ff-45da-a2b7-15ec7a19f987)
 - New and modified: 0

[06/Jun/2023:22:30:39] DELETING PREPAGATI (JobID: 8c6f01b6-80ff-45da-a2b7-15ec7a19f987)
 - Deleted: 0

[06/Jun/2023:22:40:04] UPDATING ACCOUNTS (JobID: aec9f3c6-fa39-4f56-9ca7-18e286f02bec)
 - New and modified: 0

[06/Jun/2023:22:40:04] DELETING ACCOUNTS (JobID: aec9f3c6-fa39-4f56-9ca7-18e286f02bec)
 - Deleted: 0

[06/Jun/2023:22:40:38] UPDATING PRODUCTS (JobID: 1ca19ada-0729-4581-8572-0fd3f80399f7)
 - New and modified: 0

[06/Jun/2023:22:40:39] UPDATING PREPAGATI (JobID: 77aa1536-0825-41cb-aa7b-656c4138f25e)
 - New and modified: 0

[06/Jun/2023:22:40:39] DELETING PREPAGATI (JobID: 77aa1536-0825-41cb-aa7b-656c4138f25e)
 - Deleted: 0

[06/Jun/2023:22:50:04] UPDATING ACCOUNTS (JobID: ed4ce320-b7c7-4fb5-8493-d1bb02b5f959)
 - New and modified: 0

[06/Jun/2023:22:50:04] DELETING ACCOUNTS (JobID: ed4ce320-b7c7-4fb5-8493-d1bb02b5f959)
 - Deleted: 0

[06/Jun/2023:22:50:37] UPDATING PRODUCTS (JobID: ff088b3f-1700-4634-8588-df75d3e4f3ca)
 - New and modified: 0

[06/Jun/2023:22:50:39] UPDATING PREPAGATI (JobID: a26f30df-c3d0-4e79-95fa-be45d4dcbb1c)
 - New and modified: 0

[06/Jun/2023:22:50:39] DELETING PREPAGATI (JobID: a26f30df-c3d0-4e79-95fa-be45d4dcbb1c)
 - Deleted: 0

[06/Jun/2023:23:00:04] UPDATING ACCOUNTS (JobID: 05313153-d2ad-4892-901b-723c90219abe)
 - New and modified: 0

[06/Jun/2023:23:00:04] DELETING ACCOUNTS (JobID: 05313153-d2ad-4892-901b-723c90219abe)
 - Deleted: 0

[06/Jun/2023:23:00:37] UPDATING PRODUCTS (JobID: 47f0a478-28ab-4d4e-9764-26a649d69c5a)
 - New and modified: 0

[06/Jun/2023:23:00:39] UPDATING PREPAGATI (JobID: 62544b0c-cefe-4146-a2e9-dc164159e3d2)
 - New and modified: 0

[06/Jun/2023:23:00:39] DELETING PREPAGATI (JobID: 62544b0c-cefe-4146-a2e9-dc164159e3d2)
 - Deleted: 0

[06/Jun/2023:23:10:04] UPDATING ACCOUNTS (JobID: fa0e5b20-6a49-47f8-8456-291f377009a2)
 - New and modified: 0

[06/Jun/2023:23:10:04] DELETING ACCOUNTS (JobID: fa0e5b20-6a49-47f8-8456-291f377009a2)
 - Deleted: 0

[06/Jun/2023:23:10:37] UPDATING PRODUCTS (JobID: 084d85b0-b32c-43a0-a7c6-e66b179841bf)
 - New and modified: 0

[06/Jun/2023:23:10:39] UPDATING PREPAGATI (JobID: 0a65e9c9-a464-461c-8745-4faf31b28264)
 - New and modified: 0

[06/Jun/2023:23:10:39] DELETING PREPAGATI (JobID: 0a65e9c9-a464-461c-8745-4faf31b28264)
 - Deleted: 0

[06/Jun/2023:23:20:04] UPDATING ACCOUNTS (JobID: 36f9b3b9-c049-460a-be20-d39fb6ea4ed1)
 - New and modified: 0

[06/Jun/2023:23:20:04] DELETING ACCOUNTS (JobID: 36f9b3b9-c049-460a-be20-d39fb6ea4ed1)
 - Deleted: 0

[06/Jun/2023:23:20:37] UPDATING PRODUCTS (JobID: bcb2f55a-9229-4bd6-b78b-47cbd3e728dd)
 - New and modified: 0

[06/Jun/2023:23:20:39] UPDATING PREPAGATI (JobID: fb9819a4-1e85-46b5-9e4f-a795595fd80a)
 - New and modified: 0

[06/Jun/2023:23:20:39] DELETING PREPAGATI (JobID: fb9819a4-1e85-46b5-9e4f-a795595fd80a)
 - Deleted: 0

[06/Jun/2023:23:30:04] UPDATING ACCOUNTS (JobID: ad11e745-f06e-412d-98b9-7bc3e41f1c6b)
 - New and modified: 0

[06/Jun/2023:23:30:04] DELETING ACCOUNTS (JobID: ad11e745-f06e-412d-98b9-7bc3e41f1c6b)
 - Deleted: 0

[06/Jun/2023:23:30:37] UPDATING PRODUCTS (JobID: eb47dcef-dc2a-405e-872c-d4e2c66e053d)
 - New and modified: 0

[06/Jun/2023:23:30:38] UPDATING PREPAGATI (JobID: e2498fa2-8b14-4702-9b3a-61ad39361af9)
 - New and modified: 0

[06/Jun/2023:23:30:38] DELETING PREPAGATI (JobID: e2498fa2-8b14-4702-9b3a-61ad39361af9)
 - Deleted: 0

[06/Jun/2023:23:40:04] UPDATING ACCOUNTS (JobID: dec69ab5-4656-409b-ab62-3fceabb2eaa4)
 - New and modified: 0

[06/Jun/2023:23:40:04] DELETING ACCOUNTS (JobID: dec69ab5-4656-409b-ab62-3fceabb2eaa4)
 - Deleted: 0

[06/Jun/2023:23:40:37] UPDATING PRODUCTS (JobID: 58809d3f-0d78-4b74-b610-ce11922302bc)
 - New and modified: 0

[06/Jun/2023:23:40:38] UPDATING PREPAGATI (JobID: 895d421d-0165-4cfc-8118-9a28061aed89)
 - New and modified: 0

[06/Jun/2023:23:40:38] DELETING PREPAGATI (JobID: 895d421d-0165-4cfc-8118-9a28061aed89)
 - Deleted: 0

[06/Jun/2023:23:50:04] UPDATING ACCOUNTS (JobID: 3e22d5cf-1767-4f60-be37-8ac6bd81ac10)
 - New and modified: 0

[06/Jun/2023:23:50:04] DELETING ACCOUNTS (JobID: 3e22d5cf-1767-4f60-be37-8ac6bd81ac10)
 - Deleted: 0

[06/Jun/2023:23:50:38] UPDATING PRODUCTS (JobID: 63d09fc7-462e-4074-95c4-ddde095b703f)
 - New and modified: 0

[06/Jun/2023:23:50:39] UPDATING PREPAGATI (JobID: d7809b14-0146-486d-8891-1259cd477303)
 - New and modified: 0

[06/Jun/2023:23:50:39] DELETING PREPAGATI (JobID: d7809b14-0146-486d-8891-1259cd477303)
 - Deleted: 0

