[10/Oct/2023:00:00:04] UPDATING ACCOUNTS (JobID: c93544d4-2825-43cb-b105-fad503e5abd8)
 - New and modified: 0

[10/Oct/2023:00:00:04] DELETING ACCOUNTS (JobID: c93544d4-2825-43cb-b105-fad503e5abd8)
 - Deleted: 0

[10/Oct/2023:00:00:38] UPDATING PRODUCTS (JobID: 4a1e8664-5121-4b54-b6ce-9c290c90c62e)
 - New and modified: 0

[10/Oct/2023:00:00:41] UPDATING PREPAGATI (JobID: aed2ee66-87d4-4b73-88bc-a10f90328024)
 - New and modified: 0

[10/Oct/2023:00:00:41] DELETING PREPAGATI (JobID: aed2ee66-87d4-4b73-88bc-a10f90328024)
 - Deleted: 0

[10/Oct/2023:00:30:04] UPDATING ACCOUNTS (JobID: 35b8056c-e9cf-48ba-9f8b-185db8767a0b)
 - New and modified: 0

[10/Oct/2023:00:30:04] DELETING ACCOUNTS (JobID: 35b8056c-e9cf-48ba-9f8b-185db8767a0b)
 - Deleted: 0

[10/Oct/2023:00:30:37] UPDATING PRODUCTS (JobID: 4a38a8b0-3007-4873-abe6-66a1570df1ae)
 - New and modified: 0

[10/Oct/2023:00:30:39] UPDATING PREPAGATI (JobID: ff90855a-ec27-4982-85a2-d3df17476113)
 - New and modified: 0

[10/Oct/2023:00:30:39] DELETING PREPAGATI (JobID: ff90855a-ec27-4982-85a2-d3df17476113)
 - Deleted: 0

[10/Oct/2023:01:30:04] UPDATING ACCOUNTS (JobID: 4138df12-5652-4d56-83a1-00e39a039e0e)
 - New and modified: 0

[10/Oct/2023:01:30:04] DELETING ACCOUNTS (JobID: 4138df12-5652-4d56-83a1-00e39a039e0e)
 - Deleted: 0

[10/Oct/2023:01:30:29] UPDATING PRODUCTS (JobID: 122751d3-648d-4426-82d2-421672bbeccb)
 - New and modified: 0

[10/Oct/2023:01:30:32] UPDATING PREPAGATI (JobID: bfabd1a0-092e-4f1b-a77e-a86acc8dab1a)
 - New and modified: 0

[10/Oct/2023:01:30:32] DELETING PREPAGATI (JobID: bfabd1a0-092e-4f1b-a77e-a86acc8dab1a)
 - Deleted: 0

[10/Oct/2023:02:00:10] UPDATING ACCOUNTS (JobID: c66eeb4e-c3f2-4bbb-a34c-f93699f86b49)
 - New and modified: 0

[10/Oct/2023:02:00:10] DELETING ACCOUNTS (JobID: c66eeb4e-c3f2-4bbb-a34c-f93699f86b49)
 - Deleted: 0

[10/Oct/2023:02:00:44] UPDATING PRODUCTS (JobID: 00fdf7fa-6420-4e3b-96fb-cc446cd399bf)
 - New and modified: 0

[10/Oct/2023:02:00:48] UPDATING PREPAGATI (JobID: 34a58b42-d008-4c27-8785-82b570ccf5cd)
 - New and modified: 0

[10/Oct/2023:02:00:48] DELETING PREPAGATI (JobID: 34a58b42-d008-4c27-8785-82b570ccf5cd)
 - Deleted: 0

[10/Oct/2023:03:30:09] UPDATING ACCOUNTS (JobID: b81df4d9-3fff-46dc-8d6e-0b93f1793906)
 - New and modified: 0

[10/Oct/2023:03:30:09] DELETING ACCOUNTS (JobID: b81df4d9-3fff-46dc-8d6e-0b93f1793906)
 - Deleted: 0

[10/Oct/2023:03:30:41] UPDATING PRODUCTS (JobID: b62a3505-9b7f-43fc-9a4c-249193c33d48)
 - New and modified: 0

[10/Oct/2023:03:30:44] UPDATING PREPAGATI (JobID: 2f50c17d-47a9-43ae-b91a-0927926b930f)
 - New and modified: 0

[10/Oct/2023:03:30:44] DELETING PREPAGATI (JobID: 2f50c17d-47a9-43ae-b91a-0927926b930f)
 - Deleted: 0

[10/Oct/2023:04:00:08] UPDATING ACCOUNTS (JobID: 2ef6db94-a44f-4cbe-8a77-7c45f3f9229e)
 - New and modified: 0

[10/Oct/2023:04:00:08] DELETING ACCOUNTS (JobID: 2ef6db94-a44f-4cbe-8a77-7c45f3f9229e)
 - Deleted: 0

[10/Oct/2023:04:00:39] UPDATING PRODUCTS (JobID: c55a763c-a591-41cf-9d43-0c4f03de03d3)
 - New and modified: 0

[10/Oct/2023:04:00:42] UPDATING PREPAGATI (JobID: 34323922-76fc-432c-8f5f-cec1b3b431d6)
 - New and modified: 0

[10/Oct/2023:04:00:42] DELETING PREPAGATI (JobID: 34323922-76fc-432c-8f5f-cec1b3b431d6)
 - Deleted: 0

[10/Oct/2023:05:00:04] UPDATING ACCOUNTS (JobID: 69c08151-8ae8-45dc-afc3-036061b539e2)
 - New and modified: 0

[10/Oct/2023:05:00:04] DELETING ACCOUNTS (JobID: 69c08151-8ae8-45dc-afc3-036061b539e2)
 - Deleted: 0

[10/Oct/2023:05:00:36] UPDATING PRODUCTS (JobID: 62703e62-ff2d-454f-9223-a8fb1d28732e)
 - New and modified: 0

[10/Oct/2023:05:00:38] UPDATING PREPAGATI (JobID: 25337ece-7fe5-44b4-a939-a5ecedcf5569)
 - New and modified: 0

[10/Oct/2023:05:00:38] DELETING PREPAGATI (JobID: 25337ece-7fe5-44b4-a939-a5ecedcf5569)
 - Deleted: 0

[10/Oct/2023:06:30:09] UPDATING ACCOUNTS (JobID: d39aff45-6000-478a-8f90-08a6bd32743c)
 - New and modified: 0

[10/Oct/2023:06:30:09] DELETING ACCOUNTS (JobID: d39aff45-6000-478a-8f90-08a6bd32743c)
 - Deleted: 0

[10/Oct/2023:06:30:45] UPDATING PRODUCTS (JobID: 83d21d71-e186-40e0-acda-4df042be7cd9)
 - New and modified: 0

[10/Oct/2023:06:30:49] UPDATING PREPAGATI (JobID: e23e1b8a-8fb2-4e4f-94ec-4c1e75e472a7)
 - New and modified: 0

[10/Oct/2023:06:30:49] DELETING PREPAGATI (JobID: e23e1b8a-8fb2-4e4f-94ec-4c1e75e472a7)
 - Deleted: 0

[10/Oct/2023:07:00:18] UPDATING ACCOUNTS (JobID: 2f6aea47-89ed-4a22-9d6d-3e95b152290d)
 - New and modified: 0

[10/Oct/2023:07:00:18] DELETING ACCOUNTS (JobID: 2f6aea47-89ed-4a22-9d6d-3e95b152290d)
 - Deleted: 0

[10/Oct/2023:07:00:52] UPDATING PRODUCTS (JobID: 77ee661f-d3fc-4fe1-a6df-2094ecfb8fb3)
 - New and modified: 0

[10/Oct/2023:07:00:53] UPDATING PREPAGATI (JobID: 597d7ff1-5423-4111-b1b2-305ceb31db5a)
 - New and modified: 0

[10/Oct/2023:07:00:53] DELETING PREPAGATI (JobID: 597d7ff1-5423-4111-b1b2-305ceb31db5a)
 - Deleted: 0

[10/Oct/2023:09:30:04] UPDATING ACCOUNTS (JobID: 5f4ad975-98c0-4489-8ae8-994bce444ead)
 - New and modified: 0

[10/Oct/2023:09:30:04] DELETING ACCOUNTS (JobID: 5f4ad975-98c0-4489-8ae8-994bce444ead)
 - Deleted: 0

[10/Oct/2023:09:30:38] UPDATING PRODUCTS (JobID: 2cf6001d-a265-47f7-8078-c44cb9ff2523)
 - New and modified: 0

[10/Oct/2023:09:30:42] UPDATING PREPAGATI (JobID: d172f441-8ead-4d5a-b64c-15bc62c20f8c)
 - New and modified: 0

[10/Oct/2023:09:30:42] DELETING PREPAGATI (JobID: d172f441-8ead-4d5a-b64c-15bc62c20f8c)
 - Deleted: 0

[10/Oct/2023:10:30:04] UPDATING ACCOUNTS (JobID: abc8ac98-26c5-415f-a977-6175049347ca)
 - New and modified: 0

[10/Oct/2023:10:30:04] DELETING ACCOUNTS (JobID: abc8ac98-26c5-415f-a977-6175049347ca)
 - Deleted: 0

[10/Oct/2023:10:30:40] UPDATING PRODUCTS (JobID: 05a22579-b3e0-4a45-b6e1-c5a30a8329e6)
 - New and modified: 0

[10/Oct/2023:10:30:43] UPDATING PREPAGATI (JobID: faed3a79-9153-42ba-bb17-a023ef63f24e)
 - New and modified: 0

[10/Oct/2023:10:30:43] DELETING PREPAGATI (JobID: faed3a79-9153-42ba-bb17-a023ef63f24e)
 - Deleted: 0

[10/Oct/2023:12:00:04] UPDATING ACCOUNTS (JobID: a9884a85-d1fa-4745-8e29-4dbe6ac5db7a)
 - New and modified: 0

[10/Oct/2023:12:00:04] DELETING ACCOUNTS (JobID: a9884a85-d1fa-4745-8e29-4dbe6ac5db7a)
 - Deleted: 0

[10/Oct/2023:12:00:38] UPDATING PRODUCTS (JobID: c0344541-5b41-4d74-a0e5-404d53183c09)
 - New and modified: 0

[10/Oct/2023:12:00:42] UPDATING PREPAGATI (JobID: 4bd698df-3434-4668-bf31-ede61f1733ae)
 - New and modified: 0

[10/Oct/2023:12:00:42] DELETING PREPAGATI (JobID: 4bd698df-3434-4668-bf31-ede61f1733ae)
 - Deleted: 0

[10/Oct/2023:12:30:04] UPDATING ACCOUNTS (JobID: 34434b49-3212-4b0f-8d97-46b3e5c239bd)
 - New and modified: 0

[10/Oct/2023:12:30:04] DELETING ACCOUNTS (JobID: 34434b49-3212-4b0f-8d97-46b3e5c239bd)
 - Deleted: 0

[10/Oct/2023:12:30:37] UPDATING PRODUCTS (JobID: 041ba35c-1af1-4abc-99cf-3616a58cccde)
 - New and modified: 0

[10/Oct/2023:12:30:39] UPDATING PREPAGATI (JobID: 64b21bb3-b28e-4ae5-9868-39996b809d3d)
 - New and modified: 0

[10/Oct/2023:12:30:39] DELETING PREPAGATI (JobID: 64b21bb3-b28e-4ae5-9868-39996b809d3d)
 - Deleted: 0

[10/Oct/2023:13:00:05] UPDATING ACCOUNTS (JobID: 97ad0bb4-234b-41c3-b568-6da3f86f613f)
 - New and modified: 0

[10/Oct/2023:13:00:05] DELETING ACCOUNTS (JobID: 97ad0bb4-234b-41c3-b568-6da3f86f613f)
 - Deleted: 0

[10/Oct/2023:13:00:36] UPDATING PRODUCTS (JobID: f03738c8-d55c-4c37-894a-7e7f61561688)
 - New and modified: 0

[10/Oct/2023:13:00:38] UPDATING PREPAGATI (JobID: b1c27c76-9d32-4bd4-9a9a-bc7111396a50)
 - New and modified: 0

[10/Oct/2023:13:00:38] DELETING PREPAGATI (JobID: b1c27c76-9d32-4bd4-9a9a-bc7111396a50)
 - Deleted: 0

[10/Oct/2023:14:00:08] UPDATING ACCOUNTS (JobID: c0c6dd2b-a381-4b97-b928-351f10ce1564)
 - New and modified: 0

[10/Oct/2023:14:00:08] DELETING ACCOUNTS (JobID: c0c6dd2b-a381-4b97-b928-351f10ce1564)
 - Deleted: 0

[10/Oct/2023:14:00:40] UPDATING PRODUCTS (JobID: 5b2d2eb3-9a44-4c4e-9f4e-3e55ec1944da)
 - New and modified: 19
   AdHoc barca ass.za
   AdHoc Base ass.za
   AdHoc cadi az. agg.
   AdHoc Ciadi ass.za
   AdHoc CoGe ass.za
   AdHoc conn.re doc f
   AdHoc Connett. SN as
   AdHoc Glamour ass.za
   AdHoc MaVe ass.za
   AdHoc Mese AD/SN as
   AdHoc Oil Conf Ass.a
   AdHoc OilFra ass.za
   AdHoc PoAgg ass.za
   AdHoc produz. ass.za
   AdHoc Schedul. SN as
   AdHoc VeFua ass.za
   AdHoc Yacht ass.za
   Canme C821Fatel
   m assistenza S.a.t.i

[10/Oct/2023:14:00:43] UPDATING PREPAGATI (JobID: f5481b5f-c4bc-4efe-b76c-bff5d03520b3)
 - New and modified: 0

[10/Oct/2023:14:00:43] DELETING PREPAGATI (JobID: f5481b5f-c4bc-4efe-b76c-bff5d03520b3)
 - Deleted: 0

[10/Oct/2023:14:30:09] UPDATING ACCOUNTS (JobID: 9511cc3f-94f9-4301-bdff-a5644b67486a)
 - New and modified: 0

[10/Oct/2023:14:30:09] DELETING ACCOUNTS (JobID: 9511cc3f-94f9-4301-bdff-a5644b67486a)
 - Deleted: 0

[10/Oct/2023:14:30:47] UPDATING PRODUCTS (JobID: 5f9ad38a-4b01-4206-8148-2f854659862a)
 - New and modified: 1
   Ad Hoc Cadi

[10/Oct/2023:14:30:50] UPDATING PREPAGATI (JobID: 3598f607-9b7b-4c4f-8e15-aab9c3670056)
 - New and modified: 0

[10/Oct/2023:14:30:50] DELETING PREPAGATI (JobID: 3598f607-9b7b-4c4f-8e15-aab9c3670056)
 - Deleted: 0

[10/Oct/2023:18:30:04] UPDATING ACCOUNTS (JobID: 6b573598-3589-451f-9f41-4861e4f49dc7)
 - New and modified: 0

[10/Oct/2023:18:30:04] DELETING ACCOUNTS (JobID: 6b573598-3589-451f-9f41-4861e4f49dc7)
 - Deleted: 0

[10/Oct/2023:18:30:37] UPDATING PRODUCTS (JobID: 9f79a209-a776-4304-b51f-54f1f96cf1f7)
 - New and modified: 1
   Ad Hoc Cont. Ass.ta

[10/Oct/2023:18:30:40] UPDATING PREPAGATI (JobID: e09a0831-5a91-4a00-8044-70b32739bdd4)
 - New and modified: 0

[10/Oct/2023:18:30:40] DELETING PREPAGATI (JobID: e09a0831-5a91-4a00-8044-70b32739bdd4)
 - Deleted: 0

[10/Oct/2023:19:00:24] UPDATING ACCOUNTS (JobID: 57970463-4f12-4682-83c1-942bfaf823bd)
 - New and modified: 0

[10/Oct/2023:19:00:24] DELETING ACCOUNTS (JobID: 57970463-4f12-4682-83c1-942bfaf823bd)
 - Deleted: 0

[10/Oct/2023:19:00:56] UPDATING PRODUCTS (JobID: 8324373c-ab31-4ef0-8e69-8897c723af7f)
 - New and modified: 0

[10/Oct/2023:19:00:59] UPDATING PREPAGATI (JobID: 0076d4b9-f36c-428f-9ecb-33a181728951)
 - New and modified: 0

[10/Oct/2023:19:00:59] DELETING PREPAGATI (JobID: 0076d4b9-f36c-428f-9ecb-33a181728951)
 - Deleted: 0

[10/Oct/2023:19:30:10] UPDATING ACCOUNTS (JobID: ba87bd23-1ad2-4a7c-9765-7a7c552eaa6c)
 - New and modified: 0

[10/Oct/2023:19:30:10] DELETING ACCOUNTS (JobID: ba87bd23-1ad2-4a7c-9765-7a7c552eaa6c)
 - Deleted: 0

[10/Oct/2023:19:30:43] UPDATING PRODUCTS (JobID: 96681c14-b5dc-48b4-a376-cf974bc394c4)
 - New and modified: 0

[10/Oct/2023:19:30:46] UPDATING PREPAGATI (JobID: c85ee50d-2ebe-422b-be3a-f831af4e78aa)
 - New and modified: 0

[10/Oct/2023:19:30:46] DELETING PREPAGATI (JobID: c85ee50d-2ebe-422b-be3a-f831af4e78aa)
 - Deleted: 0

[10/Oct/2023:20:00:05] UPDATING ACCOUNTS (JobID: 1383c6e7-477a-4e4d-ba02-062f3e333ff7)
 - New and modified: 0

[10/Oct/2023:20:00:05] DELETING ACCOUNTS (JobID: 1383c6e7-477a-4e4d-ba02-062f3e333ff7)
 - Deleted: 0

[10/Oct/2023:20:00:36] UPDATING PRODUCTS (JobID: 47d16927-47f4-4aa6-b672-336576c98818)
 - New and modified: 0

[10/Oct/2023:20:00:38] UPDATING PREPAGATI (JobID: caa7843a-affe-4ae9-8f6e-05805f109266)
 - New and modified: 0

[10/Oct/2023:20:00:38] DELETING PREPAGATI (JobID: caa7843a-affe-4ae9-8f6e-05805f109266)
 - Deleted: 0

[10/Oct/2023:21:00:09] UPDATING ACCOUNTS (JobID: a6e89ce8-1d59-4497-8c1c-6071bc3da31e)
 - New and modified: 0

[10/Oct/2023:21:00:09] DELETING ACCOUNTS (JobID: a6e89ce8-1d59-4497-8c1c-6071bc3da31e)
 - Deleted: 0

[10/Oct/2023:21:00:41] UPDATING PRODUCTS (JobID: 61af67e3-7522-47ff-80dc-cbd6804fa114)
 - New and modified: 0

[10/Oct/2023:21:00:44] UPDATING PREPAGATI (JobID: 74679fdd-2550-41d8-b4ba-bd8b2e80f2a3)
 - New and modified: 0

[10/Oct/2023:21:00:44] DELETING PREPAGATI (JobID: 74679fdd-2550-41d8-b4ba-bd8b2e80f2a3)
 - Deleted: 0

[10/Oct/2023:22:00:07] UPDATING ACCOUNTS (JobID: ee671da3-b739-44ba-a227-9b61a3c4cd2e)
 - New and modified: 0

[10/Oct/2023:22:00:07] DELETING ACCOUNTS (JobID: ee671da3-b739-44ba-a227-9b61a3c4cd2e)
 - Deleted: 0

[10/Oct/2023:22:00:38] UPDATING PRODUCTS (JobID: b34e6937-0689-4d93-a1a7-ec481774e691)
 - New and modified: 0

[10/Oct/2023:22:00:41] UPDATING PREPAGATI (JobID: b399ff02-6a1a-44b2-9116-ddc23263462d)
 - New and modified: 0

[10/Oct/2023:22:00:41] DELETING PREPAGATI (JobID: b399ff02-6a1a-44b2-9116-ddc23263462d)
 - Deleted: 0

[10/Oct/2023:22:30:05] UPDATING ACCOUNTS (JobID: 45583ce2-b38f-409d-9ce3-a05a46d4f4c4)
 - New and modified: 0

[10/Oct/2023:22:30:05] DELETING ACCOUNTS (JobID: 45583ce2-b38f-409d-9ce3-a05a46d4f4c4)
 - Deleted: 0

[10/Oct/2023:22:30:38] UPDATING PRODUCTS (JobID: 8b2b6849-f9f1-4266-9c4d-ac6ad56408d0)
 - New and modified: 0

[10/Oct/2023:22:30:40] UPDATING PREPAGATI (JobID: 65bdef1d-4a50-4b64-81e8-ff9c481c10c5)
 - New and modified: 0

[10/Oct/2023:22:30:40] DELETING PREPAGATI (JobID: 65bdef1d-4a50-4b64-81e8-ff9c481c10c5)
 - Deleted: 0

