[25/May/2023:00:00:04] UPDATING ACCOUNTS (JobID: fa1a213a-2ce5-4ca2-949c-52388ed8442f)
 - New and modified: 0

[25/May/2023:00:00:04] DELETING ACCOUNTS (JobID: fa1a213a-2ce5-4ca2-949c-52388ed8442f)
 - Deleted: 0

[25/May/2023:00:00:35] UPDATING PRODUCTS (JobID: 5c5b272e-dc27-4d2a-a228-a330d2a53fd5)
 - New and modified: 0

[25/May/2023:00:00:37] UPDATING PREPAGATI (JobID: a0604573-05c6-415e-bf6a-168a990f89b6)
 - New and modified: 0

[25/May/2023:00:00:37] DELETING PREPAGATI (JobID: a0604573-05c6-415e-bf6a-168a990f89b6)
 - Deleted: 0

[25/May/2023:00:10:04] UPDATING ACCOUNTS (JobID: 180778c4-3a31-44bc-b270-999c82666b18)
 - New and modified: 0

[25/May/2023:00:10:04] DELETING ACCOUNTS (JobID: 180778c4-3a31-44bc-b270-999c82666b18)
 - Deleted: 0

[25/May/2023:00:10:36] UPDATING PRODUCTS (JobID: 4e6f41cc-5da1-44f1-ac67-9948f1006282)
 - New and modified: 0

[25/May/2023:00:10:38] UPDATING PREPAGATI (JobID: 5372914d-7c4e-41c5-a99d-98c06020aafd)
 - New and modified: 0

[25/May/2023:00:10:38] DELETING PREPAGATI (JobID: 5372914d-7c4e-41c5-a99d-98c06020aafd)
 - Deleted: 0

[25/May/2023:00:20:04] UPDATING ACCOUNTS (JobID: a5825c36-bbf0-4690-aed2-71020343a6eb)
 - New and modified: 0

[25/May/2023:00:20:04] DELETING ACCOUNTS (JobID: a5825c36-bbf0-4690-aed2-71020343a6eb)
 - Deleted: 0

[25/May/2023:00:20:35] UPDATING PRODUCTS (JobID: f74bf9c0-0a13-4b67-b998-cd59c3fc3c6c)
 - New and modified: 0

[25/May/2023:00:20:37] UPDATING PREPAGATI (JobID: a88fb7a4-fb31-405e-9933-69ddb90ad2b1)
 - New and modified: 0

[25/May/2023:00:20:37] DELETING PREPAGATI (JobID: a88fb7a4-fb31-405e-9933-69ddb90ad2b1)
 - Deleted: 0

[25/May/2023:00:30:04] UPDATING ACCOUNTS (JobID: c13c1efc-767c-4489-8ec0-0881e28d49f0)
 - New and modified: 0

[25/May/2023:00:30:04] DELETING ACCOUNTS (JobID: c13c1efc-767c-4489-8ec0-0881e28d49f0)
 - Deleted: 0

[25/May/2023:00:30:36] UPDATING PRODUCTS (JobID: 12da137c-c39e-4539-bbfa-8d4c21e5afb3)
 - New and modified: 0

[25/May/2023:00:30:38] UPDATING PREPAGATI (JobID: 1ba7e79d-2f7e-4ae8-a659-3454554bb4c8)
 - New and modified: 0

[25/May/2023:00:30:38] DELETING PREPAGATI (JobID: 1ba7e79d-2f7e-4ae8-a659-3454554bb4c8)
 - Deleted: 0

[25/May/2023:00:40:04] UPDATING ACCOUNTS (JobID: 9c865307-03ef-466c-81b0-297b672c391d)
 - New and modified: 0

[25/May/2023:00:40:04] DELETING ACCOUNTS (JobID: 9c865307-03ef-466c-81b0-297b672c391d)
 - Deleted: 0

[25/May/2023:00:40:37] UPDATING PRODUCTS (JobID: 2b4c8e85-af38-404d-b4db-4cbffd613054)
 - New and modified: 0

[25/May/2023:00:40:38] UPDATING PREPAGATI (JobID: 93893426-3323-4e24-aba3-066ff20efffd)
 - New and modified: 0

[25/May/2023:00:40:38] DELETING PREPAGATI (JobID: 93893426-3323-4e24-aba3-066ff20efffd)
 - Deleted: 0

[25/May/2023:00:50:05] UPDATING ACCOUNTS (JobID: f0e9cd5f-7810-4b0e-aea7-3777afcf0060)
 - New and modified: 0

[25/May/2023:00:50:05] DELETING ACCOUNTS (JobID: f0e9cd5f-7810-4b0e-aea7-3777afcf0060)
 - Deleted: 0

[25/May/2023:00:50:37] UPDATING PRODUCTS (JobID: 45f13aed-b7d2-4d03-88ac-13a0f3ab9fd0)
 - New and modified: 0

[25/May/2023:00:50:39] UPDATING PREPAGATI (JobID: 1f32f227-1395-4385-a1a7-e3a23b8ead07)
 - New and modified: 0

[25/May/2023:00:50:39] DELETING PREPAGATI (JobID: 1f32f227-1395-4385-a1a7-e3a23b8ead07)
 - Deleted: 0

[25/May/2023:01:00:04] UPDATING ACCOUNTS (JobID: a5e300b3-edee-4a10-8f1b-f0ab2f03133f)
 - New and modified: 0

[25/May/2023:01:00:04] DELETING ACCOUNTS (JobID: a5e300b3-edee-4a10-8f1b-f0ab2f03133f)
 - Deleted: 0

[25/May/2023:01:00:36] UPDATING PRODUCTS (JobID: 6b0cf7e2-6f51-4556-a1da-bd8a10322c0c)
 - New and modified: 0

[25/May/2023:01:00:38] UPDATING PREPAGATI (JobID: bd596145-ead3-4478-b916-44f49601e868)
 - New and modified: 0

[25/May/2023:01:00:38] DELETING PREPAGATI (JobID: bd596145-ead3-4478-b916-44f49601e868)
 - Deleted: 0

[25/May/2023:01:10:04] UPDATING ACCOUNTS (JobID: efc5b080-de8a-4b53-a786-0933fc069bd8)
 - New and modified: 0

[25/May/2023:01:10:04] DELETING ACCOUNTS (JobID: efc5b080-de8a-4b53-a786-0933fc069bd8)
 - Deleted: 0

[25/May/2023:01:10:37] UPDATING PRODUCTS (JobID: 45cc99c6-c9ad-4a93-b120-6124a548263f)
 - New and modified: 0

[25/May/2023:01:10:38] UPDATING PREPAGATI (JobID: bcc6e2e3-feaf-44c6-9dc6-a24f5427ed6d)
 - New and modified: 0

[25/May/2023:01:10:38] DELETING PREPAGATI (JobID: bcc6e2e3-feaf-44c6-9dc6-a24f5427ed6d)
 - Deleted: 0

[25/May/2023:01:20:04] UPDATING ACCOUNTS (JobID: c7d79311-9769-4771-b0ab-2d9ed3cd1499)
 - New and modified: 0

[25/May/2023:01:20:04] DELETING ACCOUNTS (JobID: c7d79311-9769-4771-b0ab-2d9ed3cd1499)
 - Deleted: 0

[25/May/2023:01:20:37] UPDATING PRODUCTS (JobID: dcc722d3-dd0e-4a15-8327-afa8e6dd5447)
 - New and modified: 0

[25/May/2023:01:20:39] UPDATING PREPAGATI (JobID: e37935a3-4287-497e-bb93-14abb7a8926d)
 - New and modified: 0

[25/May/2023:01:20:39] DELETING PREPAGATI (JobID: e37935a3-4287-497e-bb93-14abb7a8926d)
 - Deleted: 0

[25/May/2023:01:30:04] UPDATING ACCOUNTS (JobID: f9434f25-126e-4621-bd09-6d528fec79ac)
 - New and modified: 0

[25/May/2023:01:30:04] DELETING ACCOUNTS (JobID: f9434f25-126e-4621-bd09-6d528fec79ac)
 - Deleted: 0

[25/May/2023:01:30:41] UPDATING PRODUCTS (JobID: 692ef64b-366b-4c9f-9162-d874fc685044)
 - New and modified: 0

[25/May/2023:01:30:44] UPDATING PREPAGATI (JobID: 36ce0aee-778f-48da-b5e9-4c44858aa0e9)
 - New and modified: 0

[25/May/2023:01:30:44] DELETING PREPAGATI (JobID: 36ce0aee-778f-48da-b5e9-4c44858aa0e9)
 - Deleted: 0

[25/May/2023:01:40:04] UPDATING ACCOUNTS (JobID: b912d655-b1bd-413a-b437-3f4a496609ae)
 - New and modified: 0

[25/May/2023:01:40:04] DELETING ACCOUNTS (JobID: b912d655-b1bd-413a-b437-3f4a496609ae)
 - Deleted: 0

[25/May/2023:01:40:36] UPDATING PRODUCTS (JobID: d64d3673-d3f9-4060-8046-4ee683b413b6)
 - New and modified: 0

[25/May/2023:01:40:37] UPDATING PREPAGATI (JobID: 592ebf3a-8245-4f78-8759-23480274be39)
 - New and modified: 0

[25/May/2023:01:40:37] DELETING PREPAGATI (JobID: 592ebf3a-8245-4f78-8759-23480274be39)
 - Deleted: 0

[25/May/2023:01:50:05] UPDATING ACCOUNTS (JobID: e0f6882d-ac93-4a7b-9a33-cfec58a7cb67)
 - New and modified: 0

[25/May/2023:01:50:05] DELETING ACCOUNTS (JobID: e0f6882d-ac93-4a7b-9a33-cfec58a7cb67)
 - Deleted: 0

[25/May/2023:01:50:37] UPDATING PRODUCTS (JobID: fe639dbf-e09a-449a-b80e-91ff0e2fface)
 - New and modified: 0

[25/May/2023:01:50:39] UPDATING PREPAGATI (JobID: 443614fa-3325-4830-9cb2-ec5c8e668672)
 - New and modified: 0

[25/May/2023:01:50:39] DELETING PREPAGATI (JobID: 443614fa-3325-4830-9cb2-ec5c8e668672)
 - Deleted: 0

[25/May/2023:02:00:05] UPDATING ACCOUNTS (JobID: 6bdc8e91-66d0-466c-b38b-5ba3c39aa74a)
 - New and modified: 0

[25/May/2023:02:00:05] DELETING ACCOUNTS (JobID: 6bdc8e91-66d0-466c-b38b-5ba3c39aa74a)
 - Deleted: 0

[25/May/2023:02:00:47] UPDATING PRODUCTS (JobID: c8154f10-dce8-4bd5-9272-6f97fba4d645)
 - New and modified: 0

[25/May/2023:02:00:49] UPDATING PREPAGATI (JobID: 07b2ac85-02c2-4c3e-b21e-b4002998600b)
 - New and modified: 0

[25/May/2023:02:00:49] DELETING PREPAGATI (JobID: 07b2ac85-02c2-4c3e-b21e-b4002998600b)
 - Deleted: 0

[25/May/2023:02:10:04] UPDATING ACCOUNTS (JobID: d38d4ed5-c8ad-481d-bcab-5730156dcba9)
 - New and modified: 0

[25/May/2023:02:10:04] DELETING ACCOUNTS (JobID: d38d4ed5-c8ad-481d-bcab-5730156dcba9)
 - Deleted: 0

[25/May/2023:02:10:41] UPDATING PRODUCTS (JobID: ec2e6b3b-e2bd-417b-85bc-9658bfc81b61)
 - New and modified: 0

[25/May/2023:02:10:43] UPDATING PREPAGATI (JobID: 255e6d22-bd1d-4e9e-a706-9284a85259bb)
 - New and modified: 0

[25/May/2023:02:10:43] DELETING PREPAGATI (JobID: 255e6d22-bd1d-4e9e-a706-9284a85259bb)
 - Deleted: 0

[25/May/2023:02:20:04] UPDATING ACCOUNTS (JobID: e79bcd30-46ad-4d45-a316-8130bf73750c)
 - New and modified: 0

[25/May/2023:02:20:04] DELETING ACCOUNTS (JobID: e79bcd30-46ad-4d45-a316-8130bf73750c)
 - Deleted: 0

[25/May/2023:02:20:40] UPDATING PRODUCTS (JobID: 3431e8de-d374-4b89-a0f0-28bc58312772)
 - New and modified: 0

[25/May/2023:02:20:42] UPDATING PREPAGATI (JobID: 8b1568f7-d11f-4f1c-bb39-544122e956f5)
 - New and modified: 0

[25/May/2023:02:20:42] DELETING PREPAGATI (JobID: 8b1568f7-d11f-4f1c-bb39-544122e956f5)
 - Deleted: 0

[25/May/2023:02:30:04] UPDATING ACCOUNTS (JobID: 297d0756-fffa-4b2f-9c30-5dec0d574f44)
 - New and modified: 0

[25/May/2023:02:30:04] DELETING ACCOUNTS (JobID: 297d0756-fffa-4b2f-9c30-5dec0d574f44)
 - Deleted: 0

[25/May/2023:02:30:42] UPDATING PRODUCTS (JobID: 7563e7ad-aa19-48b3-b390-3cb3da58e1c6)
 - New and modified: 0

[25/May/2023:02:30:44] UPDATING PREPAGATI (JobID: 1dfd120f-4033-4cd7-a71d-977e6224177e)
 - New and modified: 0

[25/May/2023:02:30:44] DELETING PREPAGATI (JobID: 1dfd120f-4033-4cd7-a71d-977e6224177e)
 - Deleted: 0

[25/May/2023:02:40:04] UPDATING ACCOUNTS (JobID: aa1f9f52-dfa7-4bae-ba03-6a37560d6c7c)
 - New and modified: 0

[25/May/2023:02:40:04] DELETING ACCOUNTS (JobID: aa1f9f52-dfa7-4bae-ba03-6a37560d6c7c)
 - Deleted: 0

[25/May/2023:02:40:42] UPDATING PRODUCTS (JobID: 8274f0c7-8231-44ef-bef2-463138391f2e)
 - New and modified: 0

[25/May/2023:02:40:44] UPDATING PREPAGATI (JobID: c143c05f-567a-45cc-89ca-b9fa570cf297)
 - New and modified: 0

[25/May/2023:02:40:44] DELETING PREPAGATI (JobID: c143c05f-567a-45cc-89ca-b9fa570cf297)
 - Deleted: 0

[25/May/2023:02:50:04] UPDATING ACCOUNTS (JobID: 07dd7606-4279-4d21-aeca-995a881f9b26)
 - New and modified: 0

[25/May/2023:02:50:04] DELETING ACCOUNTS (JobID: 07dd7606-4279-4d21-aeca-995a881f9b26)
 - Deleted: 0

[25/May/2023:02:50:41] UPDATING PRODUCTS (JobID: bfce45ec-242d-41d9-8159-6dc69f7ae3ef)
 - New and modified: 0

[25/May/2023:02:50:43] UPDATING PREPAGATI (JobID: 4bf3d03f-4d3b-443e-8896-227d58c34849)
 - New and modified: 0

[25/May/2023:02:50:43] DELETING PREPAGATI (JobID: 4bf3d03f-4d3b-443e-8896-227d58c34849)
 - Deleted: 0

[25/May/2023:03:00:04] UPDATING ACCOUNTS (JobID: c1113c4e-ee62-48d6-aa96-1e49a440f4da)
 - New and modified: 0

[25/May/2023:03:00:04] DELETING ACCOUNTS (JobID: c1113c4e-ee62-48d6-aa96-1e49a440f4da)
 - Deleted: 0

[25/May/2023:03:00:43] UPDATING PRODUCTS (JobID: d7b49027-578b-48b7-aed0-d89c097599b9)
 - New and modified: 0

[25/May/2023:03:00:46] UPDATING PREPAGATI (JobID: 86939b2d-f526-495b-9eaf-58328e92bc3c)
 - New and modified: 0

[25/May/2023:03:00:46] DELETING PREPAGATI (JobID: 86939b2d-f526-495b-9eaf-58328e92bc3c)
 - Deleted: 0

[25/May/2023:03:10:05] UPDATING ACCOUNTS (JobID: afe10dac-fca7-40ae-bccc-170be2ced0dd)
 - New and modified: 0

[25/May/2023:03:10:05] DELETING ACCOUNTS (JobID: afe10dac-fca7-40ae-bccc-170be2ced0dd)
 - Deleted: 0

[25/May/2023:03:10:44] UPDATING PRODUCTS (JobID: aa83c499-31cd-4be8-8b7b-ad544ddb80ac)
 - New and modified: 0

[25/May/2023:03:10:46] UPDATING PREPAGATI (JobID: 4cbbfd9c-758a-4b67-b199-7bde6e33df7a)
 - New and modified: 0

[25/May/2023:03:10:46] DELETING PREPAGATI (JobID: 4cbbfd9c-758a-4b67-b199-7bde6e33df7a)
 - Deleted: 0

[25/May/2023:03:20:05] UPDATING ACCOUNTS (JobID: 0289b703-ebec-450b-a40e-4051bb3eef3f)
 - New and modified: 0

[25/May/2023:03:20:05] DELETING ACCOUNTS (JobID: 0289b703-ebec-450b-a40e-4051bb3eef3f)
 - Deleted: 0

[25/May/2023:03:20:44] UPDATING PRODUCTS (JobID: ffcd7c7e-79e8-46c8-a691-ef20eb1697c6)
 - New and modified: 0

[25/May/2023:03:20:46] UPDATING PREPAGATI (JobID: 42fd701e-8e5d-4053-af0b-83916cdc0842)
 - New and modified: 0

[25/May/2023:03:20:46] DELETING PREPAGATI (JobID: 42fd701e-8e5d-4053-af0b-83916cdc0842)
 - Deleted: 0

[25/May/2023:03:30:05] UPDATING ACCOUNTS (JobID: ddbb8c05-20a9-4d56-9c31-9e986e89a02d)
 - New and modified: 0

[25/May/2023:03:30:05] DELETING ACCOUNTS (JobID: ddbb8c05-20a9-4d56-9c31-9e986e89a02d)
 - Deleted: 0

[25/May/2023:03:30:45] UPDATING PRODUCTS (JobID: 01a6f1af-d126-4aa6-89a4-0ea3965c2f0b)
 - New and modified: 0

[25/May/2023:03:30:47] UPDATING PREPAGATI (JobID: c405fa06-1c10-4cf3-b881-240652aff8b8)
 - New and modified: 0

[25/May/2023:03:30:47] DELETING PREPAGATI (JobID: c405fa06-1c10-4cf3-b881-240652aff8b8)
 - Deleted: 0

[25/May/2023:03:40:05] UPDATING ACCOUNTS (JobID: 24c062b7-b263-4646-a018-db7c6ada079f)
 - New and modified: 0

[25/May/2023:03:40:05] DELETING ACCOUNTS (JobID: 24c062b7-b263-4646-a018-db7c6ada079f)
 - Deleted: 0

[25/May/2023:03:40:44] UPDATING PRODUCTS (JobID: e3b8dc1a-fd0c-423f-9f18-b1a4db833455)
 - New and modified: 0

[25/May/2023:03:40:46] UPDATING PREPAGATI (JobID: c15650ea-e90e-4eaf-b1d2-375b1513be8f)
 - New and modified: 0

[25/May/2023:03:40:46] DELETING PREPAGATI (JobID: c15650ea-e90e-4eaf-b1d2-375b1513be8f)
 - Deleted: 0

[25/May/2023:03:50:05] UPDATING ACCOUNTS (JobID: 67ae8412-6b25-4250-be6e-f20898afb8c4)
 - New and modified: 0

[25/May/2023:03:50:05] DELETING ACCOUNTS (JobID: 67ae8412-6b25-4250-be6e-f20898afb8c4)
 - Deleted: 0

[25/May/2023:03:50:44] UPDATING PRODUCTS (JobID: 000560d1-d49c-4b7c-9398-c79d40a6d183)
 - New and modified: 0

[25/May/2023:03:50:46] UPDATING PREPAGATI (JobID: a4ae6f10-116a-4884-81bb-73072a1dbf86)
 - New and modified: 0

[25/May/2023:03:50:46] DELETING PREPAGATI (JobID: a4ae6f10-116a-4884-81bb-73072a1dbf86)
 - Deleted: 0

[25/May/2023:04:00:05] UPDATING ACCOUNTS (JobID: 8d63e584-b689-49e1-8130-238c841fcb26)
 - New and modified: 0

[25/May/2023:04:00:05] DELETING ACCOUNTS (JobID: 8d63e584-b689-49e1-8130-238c841fcb26)
 - Deleted: 0

[25/May/2023:04:00:43] UPDATING PRODUCTS (JobID: 8ac1cbc5-5ac6-46f0-aed9-65fd2a2cb324)
 - New and modified: 0

[25/May/2023:04:00:45] UPDATING PREPAGATI (JobID: e72f79c1-d84a-44e5-b610-0eb02248f4c6)
 - New and modified: 0

[25/May/2023:04:00:45] DELETING PREPAGATI (JobID: e72f79c1-d84a-44e5-b610-0eb02248f4c6)
 - Deleted: 0

[25/May/2023:04:10:05] UPDATING ACCOUNTS (JobID: 35a0e9a1-b3e7-4318-a8d3-93bfd901fa70)
 - New and modified: 0

[25/May/2023:04:10:05] DELETING ACCOUNTS (JobID: 35a0e9a1-b3e7-4318-a8d3-93bfd901fa70)
 - Deleted: 0

[25/May/2023:04:10:43] UPDATING PRODUCTS (JobID: 99dbd21d-ac4a-414f-ab57-417f11188327)
 - New and modified: 0

[25/May/2023:04:10:45] UPDATING PREPAGATI (JobID: eea0c254-d6cd-41fd-97b5-6c167d3b7cd3)
 - New and modified: 0

[25/May/2023:04:10:45] DELETING PREPAGATI (JobID: eea0c254-d6cd-41fd-97b5-6c167d3b7cd3)
 - Deleted: 0

[25/May/2023:04:20:05] UPDATING ACCOUNTS (JobID: b2f9dd2d-c0b2-4b8d-ac41-f5423291df4d)
 - New and modified: 0

[25/May/2023:04:20:05] DELETING ACCOUNTS (JobID: b2f9dd2d-c0b2-4b8d-ac41-f5423291df4d)
 - Deleted: 0

[25/May/2023:04:20:45] UPDATING PRODUCTS (JobID: e62ceaaf-27db-424a-abe4-65cd3b54dd5c)
 - New and modified: 0

[25/May/2023:04:20:47] UPDATING PREPAGATI (JobID: d4b9b4a2-8e5e-49ba-95bb-5d3a64d4e263)
 - New and modified: 0

[25/May/2023:04:20:47] DELETING PREPAGATI (JobID: d4b9b4a2-8e5e-49ba-95bb-5d3a64d4e263)
 - Deleted: 0

[25/May/2023:04:30:04] UPDATING ACCOUNTS (JobID: a684a8aa-6a87-4a59-8ef4-53e9f7e4c8c1)
 - New and modified: 0

[25/May/2023:04:30:04] DELETING ACCOUNTS (JobID: a684a8aa-6a87-4a59-8ef4-53e9f7e4c8c1)
 - Deleted: 0

[25/May/2023:04:30:44] UPDATING PRODUCTS (JobID: 5bfa8746-f688-44d1-8884-9e142b0a4c88)
 - New and modified: 0

[25/May/2023:04:30:46] UPDATING PREPAGATI (JobID: b56191c7-b140-446a-b052-475e37819343)
 - New and modified: 0

[25/May/2023:04:30:46] DELETING PREPAGATI (JobID: b56191c7-b140-446a-b052-475e37819343)
 - Deleted: 0

[25/May/2023:04:40:05] UPDATING ACCOUNTS (JobID: cc8212ac-0fcd-49c6-92f2-fce213304872)
 - New and modified: 0

[25/May/2023:04:40:05] DELETING ACCOUNTS (JobID: cc8212ac-0fcd-49c6-92f2-fce213304872)
 - Deleted: 0

[25/May/2023:04:40:42] UPDATING PRODUCTS (JobID: 92673800-ae17-4995-a156-7bcee70e7102)
 - New and modified: 0

[25/May/2023:04:40:44] UPDATING PREPAGATI (JobID: a13cc497-bb98-4ba2-85bf-97a1d8f9f028)
 - New and modified: 0

[25/May/2023:04:40:44] DELETING PREPAGATI (JobID: a13cc497-bb98-4ba2-85bf-97a1d8f9f028)
 - Deleted: 0

[25/May/2023:04:50:05] UPDATING ACCOUNTS (JobID: ed22a19c-8394-404d-8e21-762c8ba15fde)
 - New and modified: 0

[25/May/2023:04:50:05] DELETING ACCOUNTS (JobID: ed22a19c-8394-404d-8e21-762c8ba15fde)
 - Deleted: 0

[25/May/2023:04:50:43] UPDATING PRODUCTS (JobID: d1b89f69-c9a7-48eb-b775-6fc46f6bb115)
 - New and modified: 0

[25/May/2023:04:50:45] UPDATING PREPAGATI (JobID: 7cc2f669-778e-4a5e-a5a4-ca5b393c6918)
 - New and modified: 0

[25/May/2023:04:50:45] DELETING PREPAGATI (JobID: 7cc2f669-778e-4a5e-a5a4-ca5b393c6918)
 - Deleted: 0

[25/May/2023:05:00:05] UPDATING ACCOUNTS (JobID: 64a2f82e-413e-4ede-8db1-170d689fffba)
 - New and modified: 0

[25/May/2023:05:00:05] DELETING ACCOUNTS (JobID: 64a2f82e-413e-4ede-8db1-170d689fffba)
 - Deleted: 0

[25/May/2023:05:00:44] UPDATING PRODUCTS (JobID: 453b4a2c-23a0-4845-8349-aa966f870f00)
 - New and modified: 0

[25/May/2023:05:00:47] UPDATING PREPAGATI (JobID: d024ff5d-a94b-4d5c-b5fc-d98ab360e878)
 - New and modified: 0

[25/May/2023:05:00:47] DELETING PREPAGATI (JobID: d024ff5d-a94b-4d5c-b5fc-d98ab360e878)
 - Deleted: 0

[25/May/2023:05:10:05] UPDATING ACCOUNTS (JobID: a6d954f8-7582-46ef-95a7-0508861d8b98)
 - New and modified: 0

[25/May/2023:05:10:05] DELETING ACCOUNTS (JobID: a6d954f8-7582-46ef-95a7-0508861d8b98)
 - Deleted: 0

[25/May/2023:05:10:43] UPDATING PRODUCTS (JobID: 8bf7eac8-f44c-424d-8dad-767abbeb7f03)
 - New and modified: 0

[25/May/2023:05:10:45] UPDATING PREPAGATI (JobID: 3adca26c-f0a1-44c3-91fc-ca76524cad5b)
 - New and modified: 0

[25/May/2023:05:10:45] DELETING PREPAGATI (JobID: 3adca26c-f0a1-44c3-91fc-ca76524cad5b)
 - Deleted: 0

[25/May/2023:05:20:04] UPDATING ACCOUNTS (JobID: 39b95b82-34df-4acb-85ed-44f142c844c9)
 - New and modified: 0

[25/May/2023:05:20:04] DELETING ACCOUNTS (JobID: 39b95b82-34df-4acb-85ed-44f142c844c9)
 - Deleted: 0

[25/May/2023:05:20:41] UPDATING PRODUCTS (JobID: 062557e4-499b-45c7-9770-62f0a3e44b0b)
 - New and modified: 0

[25/May/2023:05:20:43] UPDATING PREPAGATI (JobID: 96589e47-b456-4581-969b-ad3ea42b9e4e)
 - New and modified: 0

[25/May/2023:05:20:43] DELETING PREPAGATI (JobID: 96589e47-b456-4581-969b-ad3ea42b9e4e)
 - Deleted: 0

[25/May/2023:05:30:04] UPDATING ACCOUNTS (JobID: 614ca682-8dcd-428b-9afe-d3e51210871a)
 - New and modified: 0

[25/May/2023:05:30:04] DELETING ACCOUNTS (JobID: 614ca682-8dcd-428b-9afe-d3e51210871a)
 - Deleted: 0

[25/May/2023:05:30:44] UPDATING PRODUCTS (JobID: 00e63882-d843-4d16-b8b8-8946d46a908e)
 - New and modified: 0

[25/May/2023:05:30:46] UPDATING PREPAGATI (JobID: 39efacc1-2fbb-4876-a7bf-c6e35c2e5e28)
 - New and modified: 0

[25/May/2023:05:30:46] DELETING PREPAGATI (JobID: 39efacc1-2fbb-4876-a7bf-c6e35c2e5e28)
 - Deleted: 0

[25/May/2023:05:40:05] UPDATING ACCOUNTS (JobID: 2babe787-3adb-4572-b2ff-1d7544bfc6a1)
 - New and modified: 0

[25/May/2023:05:40:05] DELETING ACCOUNTS (JobID: 2babe787-3adb-4572-b2ff-1d7544bfc6a1)
 - Deleted: 0

[25/May/2023:05:40:46] UPDATING PRODUCTS (JobID: 54b7285e-c099-46d1-8932-52db6ee7bd6c)
 - New and modified: 0

[25/May/2023:05:40:49] UPDATING PREPAGATI (JobID: 5d90b332-d40e-4fb0-a4af-f2ae01795bc8)
 - New and modified: 0

[25/May/2023:05:40:49] DELETING PREPAGATI (JobID: 5d90b332-d40e-4fb0-a4af-f2ae01795bc8)
 - Deleted: 0

[25/May/2023:05:50:06] UPDATING ACCOUNTS (JobID: 0b7be5be-bbce-4ce4-be88-b5e1e22211d9)
 - New and modified: 0

[25/May/2023:05:50:06] DELETING ACCOUNTS (JobID: 0b7be5be-bbce-4ce4-be88-b5e1e22211d9)
 - Deleted: 0

[25/May/2023:05:50:44] UPDATING PRODUCTS (JobID: f88a55de-937f-4759-a27c-965488a826c7)
 - New and modified: 0

[25/May/2023:05:50:46] UPDATING PREPAGATI (JobID: ce4e9e17-3415-430a-b3da-d6dd9cc58e0b)
 - New and modified: 0

[25/May/2023:05:50:46] DELETING PREPAGATI (JobID: ce4e9e17-3415-430a-b3da-d6dd9cc58e0b)
 - Deleted: 0

[25/May/2023:06:00:04] UPDATING ACCOUNTS (JobID: d6b1ee43-e470-40cb-ac0c-e8c323629e7c)
 - New and modified: 0

[25/May/2023:06:00:04] DELETING ACCOUNTS (JobID: d6b1ee43-e470-40cb-ac0c-e8c323629e7c)
 - Deleted: 0

[25/May/2023:06:00:44] UPDATING PRODUCTS (JobID: 2f80e1cf-bce2-4116-8c3d-4027607fcfe5)
 - New and modified: 0

[25/May/2023:06:00:46] UPDATING PREPAGATI (JobID: 36a113f6-8c56-4804-bf57-d71cbb48105b)
 - New and modified: 0

[25/May/2023:06:00:46] DELETING PREPAGATI (JobID: 36a113f6-8c56-4804-bf57-d71cbb48105b)
 - Deleted: 0

[25/May/2023:06:10:04] UPDATING ACCOUNTS (JobID: b52717e3-3fe9-4b31-a640-1394964095ce)
 - New and modified: 0

[25/May/2023:06:10:04] DELETING ACCOUNTS (JobID: b52717e3-3fe9-4b31-a640-1394964095ce)
 - Deleted: 0

[25/May/2023:06:10:46] UPDATING PRODUCTS (JobID: 0f776668-7480-4437-9c6d-43e192f20d44)
 - New and modified: 0

[25/May/2023:06:10:48] UPDATING PREPAGATI (JobID: f19b63ce-d9eb-4e08-9f50-cac862c4ba2a)
 - New and modified: 0

[25/May/2023:06:10:48] DELETING PREPAGATI (JobID: f19b63ce-d9eb-4e08-9f50-cac862c4ba2a)
 - Deleted: 0

[25/May/2023:06:20:04] UPDATING ACCOUNTS (JobID: 1ff43233-3c02-48f0-a510-e09e4d1ccb3d)
 - New and modified: 0

[25/May/2023:06:20:04] DELETING ACCOUNTS (JobID: 1ff43233-3c02-48f0-a510-e09e4d1ccb3d)
 - Deleted: 0

[25/May/2023:06:20:44] UPDATING PRODUCTS (JobID: 9444fb77-b859-48b9-a760-d4a38e07ef3f)
 - New and modified: 0

[25/May/2023:06:20:46] UPDATING PREPAGATI (JobID: d7f8306b-1629-4e61-ab76-92418e8beaa6)
 - New and modified: 0

[25/May/2023:06:20:46] DELETING PREPAGATI (JobID: d7f8306b-1629-4e61-ab76-92418e8beaa6)
 - Deleted: 0

[25/May/2023:06:30:04] UPDATING ACCOUNTS (JobID: 269e30d9-2f27-45c5-b7cd-1cea0530a64e)
 - New and modified: 0

[25/May/2023:06:30:04] DELETING ACCOUNTS (JobID: 269e30d9-2f27-45c5-b7cd-1cea0530a64e)
 - Deleted: 0

[25/May/2023:06:30:47] UPDATING PRODUCTS (JobID: 11208f6a-ab22-4d60-892e-42647c7af794)
 - New and modified: 0

[25/May/2023:06:30:50] UPDATING PREPAGATI (JobID: 04475adf-415a-4a9b-a945-be5ce8761c7f)
 - New and modified: 0

[25/May/2023:06:30:50] DELETING PREPAGATI (JobID: 04475adf-415a-4a9b-a945-be5ce8761c7f)
 - Deleted: 0

[25/May/2023:06:40:04] UPDATING ACCOUNTS (JobID: c59a3e59-c680-46d9-96e8-e7cea3f07582)
 - New and modified: 0

[25/May/2023:06:40:04] DELETING ACCOUNTS (JobID: c59a3e59-c680-46d9-96e8-e7cea3f07582)
 - Deleted: 0

[25/May/2023:06:40:45] UPDATING PRODUCTS (JobID: 4ee2fc60-7a2d-4527-88d0-d8d8fde56784)
 - New and modified: 0

[25/May/2023:06:40:48] UPDATING PREPAGATI (JobID: 3e800610-d3b3-4e3e-bf00-132b67a90060)
 - New and modified: 0

[25/May/2023:06:40:48] DELETING PREPAGATI (JobID: 3e800610-d3b3-4e3e-bf00-132b67a90060)
 - Deleted: 0

[25/May/2023:06:50:05] UPDATING ACCOUNTS (JobID: 413bbdd3-ae01-46aa-8fe0-29d713f19803)
 - New and modified: 0

[25/May/2023:06:50:05] DELETING ACCOUNTS (JobID: 413bbdd3-ae01-46aa-8fe0-29d713f19803)
 - Deleted: 0

[25/May/2023:06:50:46] UPDATING PRODUCTS (JobID: 0af48ea8-7968-48a4-921a-964dc3300b91)
 - New and modified: 0

[25/May/2023:06:50:48] UPDATING PREPAGATI (JobID: 12724bba-c592-448b-a47d-40809d879cd8)
 - New and modified: 0

[25/May/2023:06:50:48] DELETING PREPAGATI (JobID: 12724bba-c592-448b-a47d-40809d879cd8)
 - Deleted: 0

[25/May/2023:07:00:19] UPDATING ACCOUNTS (JobID: d566cd61-3d66-4c89-b8af-8478c7eafbc4)
 - New and modified: 0

[25/May/2023:07:00:19] DELETING ACCOUNTS (JobID: d566cd61-3d66-4c89-b8af-8478c7eafbc4)
 - Deleted: 0

[25/May/2023:07:00:59] UPDATING PRODUCTS (JobID: b338d739-49e0-4e4f-8b9f-4c197975ff5a)
 - New and modified: 0

[25/May/2023:07:01:01] UPDATING PREPAGATI (JobID: 32e2fd2e-c754-4de5-8801-42598653caed)
 - New and modified: 0

[25/May/2023:07:01:01] DELETING PREPAGATI (JobID: 32e2fd2e-c754-4de5-8801-42598653caed)
 - Deleted: 0

[25/May/2023:07:10:04] UPDATING ACCOUNTS (JobID: 589a1653-ac61-4c02-bb61-ef7a29a24f9e)
 - New and modified: 0

[25/May/2023:07:10:04] DELETING ACCOUNTS (JobID: 589a1653-ac61-4c02-bb61-ef7a29a24f9e)
 - Deleted: 0

[25/May/2023:07:10:40] UPDATING PRODUCTS (JobID: e11a36d7-c350-487a-bb77-444b7c51fed2)
 - New and modified: 0

[25/May/2023:07:10:42] UPDATING PREPAGATI (JobID: 778430dd-6295-4a0d-9029-48c1d7d80f34)
 - New and modified: 0

[25/May/2023:07:10:42] DELETING PREPAGATI (JobID: 778430dd-6295-4a0d-9029-48c1d7d80f34)
 - Deleted: 0

[25/May/2023:07:20:04] UPDATING ACCOUNTS (JobID: ee21acff-4352-4509-98ae-76a5b8ce7307)
 - New and modified: 0

[25/May/2023:07:20:04] DELETING ACCOUNTS (JobID: ee21acff-4352-4509-98ae-76a5b8ce7307)
 - Deleted: 0

[25/May/2023:07:20:42] UPDATING PRODUCTS (JobID: 12a26e19-bc3d-4d3f-b621-bb10529a7c39)
 - New and modified: 0

[25/May/2023:07:20:44] UPDATING PREPAGATI (JobID: 43faa5ed-e710-4e09-b30f-ba7eae4b5f79)
 - New and modified: 0

[25/May/2023:07:20:44] DELETING PREPAGATI (JobID: 43faa5ed-e710-4e09-b30f-ba7eae4b5f79)
 - Deleted: 0

[25/May/2023:07:30:04] UPDATING ACCOUNTS (JobID: d951c360-30a7-4121-9815-188e175c1126)
 - New and modified: 0

[25/May/2023:07:30:04] DELETING ACCOUNTS (JobID: d951c360-30a7-4121-9815-188e175c1126)
 - Deleted: 0

[25/May/2023:07:30:38] UPDATING PRODUCTS (JobID: c9e4447e-39f9-48f1-998e-0f870cbb6866)
 - New and modified: 0

[25/May/2023:07:30:40] UPDATING PREPAGATI (JobID: ccac2d14-a279-4167-9086-a7823332a03c)
 - New and modified: 0

[25/May/2023:07:30:40] DELETING PREPAGATI (JobID: ccac2d14-a279-4167-9086-a7823332a03c)
 - Deleted: 0

[25/May/2023:07:40:04] UPDATING ACCOUNTS (JobID: 09a38284-3788-4040-8d73-8be0ff9b44bb)
 - New and modified: 0

[25/May/2023:07:40:04] DELETING ACCOUNTS (JobID: 09a38284-3788-4040-8d73-8be0ff9b44bb)
 - Deleted: 0

[25/May/2023:07:40:40] UPDATING PRODUCTS (JobID: fcc31af0-925a-41a0-b2d4-e64b401f203e)
 - New and modified: 0

[25/May/2023:07:40:42] UPDATING PREPAGATI (JobID: 86b665ab-1d66-444f-9a80-8e1f051f6537)
 - New and modified: 0

[25/May/2023:07:40:42] DELETING PREPAGATI (JobID: 86b665ab-1d66-444f-9a80-8e1f051f6537)
 - Deleted: 0

[25/May/2023:07:50:04] UPDATING ACCOUNTS (JobID: 44b96faa-0da7-4fd8-89b6-82a0652cdba3)
 - New and modified: 0

[25/May/2023:07:50:04] DELETING ACCOUNTS (JobID: 44b96faa-0da7-4fd8-89b6-82a0652cdba3)
 - Deleted: 0

[25/May/2023:07:50:39] UPDATING PRODUCTS (JobID: e3d5c7d0-2a7a-4277-990a-3728ca34fb54)
 - New and modified: 0

[25/May/2023:07:50:41] UPDATING PREPAGATI (JobID: 8dbb008e-121f-494c-ab06-6a9d169e54c8)
 - New and modified: 0

[25/May/2023:07:50:41] DELETING PREPAGATI (JobID: 8dbb008e-121f-494c-ab06-6a9d169e54c8)
 - Deleted: 0

[25/May/2023:08:00:05] UPDATING ACCOUNTS (JobID: fec4c73c-9818-4214-886a-f342c3fd1f69)
 - New and modified: 0

[25/May/2023:08:00:05] DELETING ACCOUNTS (JobID: fec4c73c-9818-4214-886a-f342c3fd1f69)
 - Deleted: 0

[25/May/2023:08:00:40] UPDATING PRODUCTS (JobID: 5632bbcb-9c5a-474e-8510-58dace7d9608)
 - New and modified: 0

[25/May/2023:08:00:42] UPDATING PREPAGATI (JobID: a2f4e4f2-9afc-4c9a-81a5-053e8d921791)
 - New and modified: 0

[25/May/2023:08:00:42] DELETING PREPAGATI (JobID: a2f4e4f2-9afc-4c9a-81a5-053e8d921791)
 - Deleted: 0

[25/May/2023:08:10:04] UPDATING ACCOUNTS (JobID: 79a97a41-b4b7-4737-a890-5b6c166719ea)
 - New and modified: 0

[25/May/2023:08:10:04] DELETING ACCOUNTS (JobID: 79a97a41-b4b7-4737-a890-5b6c166719ea)
 - Deleted: 0

[25/May/2023:08:10:40] UPDATING PRODUCTS (JobID: cdbde565-1638-4566-bb6e-4abac05cf82c)
 - New and modified: 0

[25/May/2023:08:10:41] UPDATING PREPAGATI (JobID: 0b08b8a3-6b38-4465-8245-b3eb1e45e597)
 - New and modified: 0

[25/May/2023:08:10:41] DELETING PREPAGATI (JobID: 0b08b8a3-6b38-4465-8245-b3eb1e45e597)
 - Deleted: 0

[25/May/2023:08:20:04] UPDATING ACCOUNTS (JobID: 4648aeea-8155-4d09-a47d-488dbafa96dc)
 - New and modified: 0

[25/May/2023:08:20:04] DELETING ACCOUNTS (JobID: 4648aeea-8155-4d09-a47d-488dbafa96dc)
 - Deleted: 0

[25/May/2023:08:20:38] UPDATING PRODUCTS (JobID: 61f42934-e34e-45a9-8a92-b07df182aafc)
 - New and modified: 0

[25/May/2023:08:20:40] UPDATING PREPAGATI (JobID: eb5a254b-f37f-4254-b80c-035e6f94b077)
 - New and modified: 0

[25/May/2023:08:20:40] DELETING PREPAGATI (JobID: eb5a254b-f37f-4254-b80c-035e6f94b077)
 - Deleted: 0

[25/May/2023:08:30:04] UPDATING ACCOUNTS (JobID: 4dea8575-1477-45a8-85f8-11caef57abc5)
 - New and modified: 0

[25/May/2023:08:30:04] DELETING ACCOUNTS (JobID: 4dea8575-1477-45a8-85f8-11caef57abc5)
 - Deleted: 0

[25/May/2023:08:30:38] UPDATING PRODUCTS (JobID: c7fbeef4-d5ac-460c-ad7c-6673f33dc30e)
 - New and modified: 0

[25/May/2023:08:30:40] UPDATING PREPAGATI (JobID: 872c5a1e-971e-42ef-8377-e844278bb312)
 - New and modified: 0

[25/May/2023:08:30:40] DELETING PREPAGATI (JobID: 872c5a1e-971e-42ef-8377-e844278bb312)
 - Deleted: 0

[25/May/2023:08:40:04] UPDATING ACCOUNTS (JobID: 91d3c2eb-f1a6-4744-bdc0-2a1be44d74bb)
 - New and modified: 0

[25/May/2023:08:40:04] DELETING ACCOUNTS (JobID: 91d3c2eb-f1a6-4744-bdc0-2a1be44d74bb)
 - Deleted: 0

[25/May/2023:08:40:40] UPDATING PRODUCTS (JobID: 02f6e48c-f417-45f1-bd31-86f41f2fa6cf)
 - New and modified: 0

[25/May/2023:08:40:42] UPDATING PREPAGATI (JobID: e9679f25-c026-45e4-9cec-5044d1411739)
 - New and modified: 0

[25/May/2023:08:40:42] DELETING PREPAGATI (JobID: e9679f25-c026-45e4-9cec-5044d1411739)
 - Deleted: 0

[25/May/2023:08:50:04] UPDATING ACCOUNTS (JobID: 7e73ec76-1bea-4e41-be43-3a95d48e4d24)
 - New and modified: 0

[25/May/2023:08:50:04] DELETING ACCOUNTS (JobID: 7e73ec76-1bea-4e41-be43-3a95d48e4d24)
 - Deleted: 0

[25/May/2023:08:50:39] UPDATING PRODUCTS (JobID: ad548b02-b5c0-4091-a763-7d3b05e75b09)
 - New and modified: 0

[25/May/2023:08:50:41] UPDATING PREPAGATI (JobID: b6790805-1660-4bb2-9d7d-98a6408e6494)
 - New and modified: 0

[25/May/2023:08:50:41] DELETING PREPAGATI (JobID: b6790805-1660-4bb2-9d7d-98a6408e6494)
 - Deleted: 0

[25/May/2023:09:00:04] UPDATING ACCOUNTS (JobID: 339cb4f1-f6d1-41fe-8bfd-fc6dc01d19a1)
 - New and modified: 0

[25/May/2023:09:00:04] DELETING ACCOUNTS (JobID: 339cb4f1-f6d1-41fe-8bfd-fc6dc01d19a1)
 - Deleted: 0

[25/May/2023:09:00:39] UPDATING PRODUCTS (JobID: 68e18b03-6ea6-4c4a-bd0f-2cf8eea4080a)
 - New and modified: 0

[25/May/2023:09:00:41] UPDATING PREPAGATI (JobID: 24e2fbcd-f60a-434a-8580-33ee34c7c8af)
 - New and modified: 0

[25/May/2023:09:00:41] DELETING PREPAGATI (JobID: 24e2fbcd-f60a-434a-8580-33ee34c7c8af)
 - Deleted: 0

[25/May/2023:09:10:04] UPDATING ACCOUNTS (JobID: 0fe2bd86-0279-4680-b5ea-b99ad46602df)
 - New and modified: 0

[25/May/2023:09:10:04] DELETING ACCOUNTS (JobID: 0fe2bd86-0279-4680-b5ea-b99ad46602df)
 - Deleted: 0

[25/May/2023:09:10:39] UPDATING PRODUCTS (JobID: 62a1f45b-22ea-461c-9247-8dd1b56c1bdb)
 - New and modified: 0

[25/May/2023:09:10:41] UPDATING PREPAGATI (JobID: aee0214f-62b2-4221-b89f-983ed0c4e389)
 - New and modified: 0

[25/May/2023:09:10:41] DELETING PREPAGATI (JobID: aee0214f-62b2-4221-b89f-983ed0c4e389)
 - Deleted: 0

[25/May/2023:09:20:04] UPDATING ACCOUNTS (JobID: 66b03866-feea-4fa2-ad78-41f9cc8ac784)
 - New and modified: 0

[25/May/2023:09:20:04] DELETING ACCOUNTS (JobID: 66b03866-feea-4fa2-ad78-41f9cc8ac784)
 - Deleted: 0

[25/May/2023:09:20:39] UPDATING PRODUCTS (JobID: dfce79a9-dd7e-4e40-9b1f-e9e8f10b260b)
 - New and modified: 0

[25/May/2023:09:20:40] UPDATING PREPAGATI (JobID: a61f7262-efa4-4a04-9dfc-4e7f367919b1)
 - New and modified: 0

[25/May/2023:09:20:40] DELETING PREPAGATI (JobID: a61f7262-efa4-4a04-9dfc-4e7f367919b1)
 - Deleted: 0

[25/May/2023:09:30:04] UPDATING ACCOUNTS (JobID: cd1b14e7-2ba1-4c78-8e0e-e81303d518ae)
 - New and modified: 0

[25/May/2023:09:30:04] DELETING ACCOUNTS (JobID: cd1b14e7-2ba1-4c78-8e0e-e81303d518ae)
 - Deleted: 0

[25/May/2023:09:30:39] UPDATING PRODUCTS (JobID: 0c2ecf3e-6126-443c-91b1-3cde42714b8c)
 - New and modified: 0

[25/May/2023:09:30:41] UPDATING PREPAGATI (JobID: e53ec7d1-10cb-4409-b155-ffeb4bf43dde)
 - New and modified: 0

[25/May/2023:09:30:41] DELETING PREPAGATI (JobID: e53ec7d1-10cb-4409-b155-ffeb4bf43dde)
 - Deleted: 0

[25/May/2023:09:40:04] UPDATING ACCOUNTS (JobID: fdfa4d96-9f9a-4991-a323-06922be45829)
 - New and modified: 0

[25/May/2023:09:40:04] DELETING ACCOUNTS (JobID: fdfa4d96-9f9a-4991-a323-06922be45829)
 - Deleted: 0

[25/May/2023:09:40:39] UPDATING PRODUCTS (JobID: 712919fa-473e-492b-a710-4b7683522e1a)
 - New and modified: 0

[25/May/2023:09:40:41] UPDATING PREPAGATI (JobID: 8590f46c-16b5-4cb8-9cac-e718b01ca103)
 - New and modified: 0

[25/May/2023:09:40:41] DELETING PREPAGATI (JobID: 8590f46c-16b5-4cb8-9cac-e718b01ca103)
 - Deleted: 0

[25/May/2023:09:50:04] UPDATING ACCOUNTS (JobID: e9fabf4e-bcd3-4363-832f-87396cb8de81)
 - New and modified: 0

[25/May/2023:09:50:04] DELETING ACCOUNTS (JobID: e9fabf4e-bcd3-4363-832f-87396cb8de81)
 - Deleted: 0

[25/May/2023:09:50:38] UPDATING PRODUCTS (JobID: 203a2d63-dcde-404c-b541-6700d504a4b2)
 - New and modified: 0

[25/May/2023:09:50:40] UPDATING PREPAGATI (JobID: d923008c-ce63-4e09-b8df-c6204c92aa01)
 - New and modified: 0

[25/May/2023:09:50:40] DELETING PREPAGATI (JobID: d923008c-ce63-4e09-b8df-c6204c92aa01)
 - Deleted: 0

[25/May/2023:10:00:06] UPDATING ACCOUNTS (JobID: a014228b-5efc-46b2-be5d-98b4af86ece7)
 - New and modified: 0

[25/May/2023:10:00:06] DELETING ACCOUNTS (JobID: a014228b-5efc-46b2-be5d-98b4af86ece7)
 - Deleted: 0

[25/May/2023:10:00:43] UPDATING PRODUCTS (JobID: f234f820-99bb-4009-87db-e99751569cf1)
 - New and modified: 0

[25/May/2023:10:00:46] UPDATING PREPAGATI (JobID: a8db3544-1768-44ae-abea-873c725cdbca)
 - New and modified: 0

[25/May/2023:10:00:46] DELETING PREPAGATI (JobID: a8db3544-1768-44ae-abea-873c725cdbca)
 - Deleted: 0

[25/May/2023:10:10:05] UPDATING ACCOUNTS (JobID: 649802fa-58f8-4c98-8149-7ac66e7bee3a)
 - New and modified: 0

[25/May/2023:10:10:05] DELETING ACCOUNTS (JobID: 649802fa-58f8-4c98-8149-7ac66e7bee3a)
 - Deleted: 0

[25/May/2023:10:10:41] UPDATING PRODUCTS (JobID: 874d98e4-ef7c-4ee1-b000-c9a82ba49837)
 - New and modified: 0

[25/May/2023:10:10:43] UPDATING PREPAGATI (JobID: d671d21e-0312-4c51-9a77-3bb40b1727d2)
 - New and modified: 0

[25/May/2023:10:10:43] DELETING PREPAGATI (JobID: d671d21e-0312-4c51-9a77-3bb40b1727d2)
 - Deleted: 0

[25/May/2023:10:20:04] UPDATING ACCOUNTS (JobID: 931f0846-ce61-4d4e-be37-4ffdc4c04e9c)
 - New and modified: 0

[25/May/2023:10:20:04] DELETING ACCOUNTS (JobID: 931f0846-ce61-4d4e-be37-4ffdc4c04e9c)
 - Deleted: 0

[25/May/2023:10:20:38] UPDATING PRODUCTS (JobID: 0a25a7f4-b595-4dcf-bcb0-297e62ca2195)
 - New and modified: 0

[25/May/2023:10:20:40] UPDATING PREPAGATI (JobID: c7da3bcd-a850-4bce-b3b0-a89e72bf25b4)
 - New and modified: 0

[25/May/2023:10:20:40] DELETING PREPAGATI (JobID: c7da3bcd-a850-4bce-b3b0-a89e72bf25b4)
 - Deleted: 0

[25/May/2023:10:30:04] UPDATING ACCOUNTS (JobID: 643e4376-dd52-40fc-b93c-e47d120f2ba5)
 - New and modified: 0

[25/May/2023:10:30:04] DELETING ACCOUNTS (JobID: 643e4376-dd52-40fc-b93c-e47d120f2ba5)
 - Deleted: 0

[25/May/2023:10:30:38] UPDATING PRODUCTS (JobID: 8ca976fe-710c-446f-8644-9867cf6d82a4)
 - New and modified: 0

[25/May/2023:10:30:40] UPDATING PREPAGATI (JobID: 38f86cfc-fdbd-4e79-8ae7-a06d515ee5e1)
 - New and modified: 0

[25/May/2023:10:30:40] DELETING PREPAGATI (JobID: 38f86cfc-fdbd-4e79-8ae7-a06d515ee5e1)
 - Deleted: 0

[25/May/2023:10:40:04] UPDATING ACCOUNTS (JobID: ffd4c5c6-e6b8-4ec1-be98-e43c0b4d6b87)
 - New and modified: 0

[25/May/2023:10:40:04] DELETING ACCOUNTS (JobID: ffd4c5c6-e6b8-4ec1-be98-e43c0b4d6b87)
 - Deleted: 0

[25/May/2023:10:40:37] UPDATING PRODUCTS (JobID: 65183f78-c86f-47f3-a3e9-782125e0af20)
 - New and modified: 0

[25/May/2023:10:40:39] UPDATING PREPAGATI (JobID: 2100a3b3-e9d1-4386-9bf0-cfd60ab2c928)
 - New and modified: 0

[25/May/2023:10:40:39] DELETING PREPAGATI (JobID: 2100a3b3-e9d1-4386-9bf0-cfd60ab2c928)
 - Deleted: 0

[25/May/2023:10:50:04] UPDATING ACCOUNTS (JobID: ecafa214-f538-4de0-96b0-276a1687f425)
 - New and modified: 0

[25/May/2023:10:50:04] DELETING ACCOUNTS (JobID: ecafa214-f538-4de0-96b0-276a1687f425)
 - Deleted: 0

[25/May/2023:10:50:36] UPDATING PRODUCTS (JobID: d79308ba-b976-4169-b936-704aaa472bd3)
 - New and modified: 0

[25/May/2023:10:50:37] UPDATING PREPAGATI (JobID: a51c61e4-9aa0-4966-bd5b-a09331207161)
 - New and modified: 0

[25/May/2023:10:50:37] DELETING PREPAGATI (JobID: a51c61e4-9aa0-4966-bd5b-a09331207161)
 - Deleted: 0

[25/May/2023:11:10:04] UPDATING ACCOUNTS (JobID: 8a755215-9d4e-45de-b0f4-96170b9f61bf)
 - New and modified: 0

[25/May/2023:11:10:04] DELETING ACCOUNTS (JobID: 8a755215-9d4e-45de-b0f4-96170b9f61bf)
 - Deleted: 0

[25/May/2023:11:10:38] UPDATING PRODUCTS (JobID: f2f9ffb8-8b63-4bc7-a0e1-4ecd9e7a86c0)
 - New and modified: 0

[25/May/2023:11:10:40] UPDATING PREPAGATI (JobID: 1987f2a1-3960-4009-b4f5-7f07e0ca0508)
 - New and modified: 0

[25/May/2023:11:10:40] DELETING PREPAGATI (JobID: 1987f2a1-3960-4009-b4f5-7f07e0ca0508)
 - Deleted: 0

[25/May/2023:11:20:04] UPDATING ACCOUNTS (JobID: 5bdaf70e-1516-4797-9ebc-ca90844fa11a)
 - New and modified: 0

[25/May/2023:11:20:04] DELETING ACCOUNTS (JobID: 5bdaf70e-1516-4797-9ebc-ca90844fa11a)
 - Deleted: 0

[25/May/2023:11:20:41] UPDATING PRODUCTS (JobID: 9ad740d0-6a26-4089-a8a3-795d6cd861ec)
 - New and modified: 0

[25/May/2023:11:20:43] UPDATING PREPAGATI (JobID: 8cd53abe-a8e2-456a-93b5-a2c09cbe62ab)
 - New and modified: 0

[25/May/2023:11:20:43] DELETING PREPAGATI (JobID: 8cd53abe-a8e2-456a-93b5-a2c09cbe62ab)
 - Deleted: 0

[25/May/2023:11:30:05] UPDATING ACCOUNTS (JobID: 73562c44-ffee-4cb7-8206-18fd74004206)
 - New and modified: 0

[25/May/2023:11:30:05] DELETING ACCOUNTS (JobID: 73562c44-ffee-4cb7-8206-18fd74004206)
 - Deleted: 0

[25/May/2023:11:30:39] UPDATING PRODUCTS (JobID: a0393ab3-b73c-4369-b9f9-e7f91b395ac5)
 - New and modified: 0

[25/May/2023:11:30:41] UPDATING PREPAGATI (JobID: 7d34323d-29c8-44ec-87f5-db47b15988dd)
 - New and modified: 0

[25/May/2023:11:30:41] DELETING PREPAGATI (JobID: 7d34323d-29c8-44ec-87f5-db47b15988dd)
 - Deleted: 0

[25/May/2023:11:50:05] UPDATING ACCOUNTS (JobID: acc9acd9-33a6-49b8-9c42-44c46f05cfb8)
 - New and modified: 0

[25/May/2023:11:50:05] DELETING ACCOUNTS (JobID: acc9acd9-33a6-49b8-9c42-44c46f05cfb8)
 - Deleted: 0

[25/May/2023:11:50:37] UPDATING PRODUCTS (JobID: fbdb336b-c258-4be7-995e-8d2cd1500263)
 - New and modified: 0

[25/May/2023:11:50:39] UPDATING PREPAGATI (JobID: ba3d722c-62b0-4a42-9b7d-0a060acc2cf2)
 - New and modified: 0

[25/May/2023:11:50:39] DELETING PREPAGATI (JobID: ba3d722c-62b0-4a42-9b7d-0a060acc2cf2)
 - Deleted: 0

[25/May/2023:12:00:04] UPDATING ACCOUNTS (JobID: 5f39783c-08d2-4f74-b3bd-9a55c81a6107)
 - New and modified: 0

[25/May/2023:12:00:04] DELETING ACCOUNTS (JobID: 5f39783c-08d2-4f74-b3bd-9a55c81a6107)
 - Deleted: 0

[25/May/2023:12:00:36] UPDATING PRODUCTS (JobID: eee35525-da39-4201-b5bf-85efe50844db)
 - New and modified: 0

[25/May/2023:12:00:38] UPDATING PREPAGATI (JobID: bc0f6961-47e8-4b6f-9eb7-76f7e8abae66)
 - New and modified: 0

[25/May/2023:12:00:38] DELETING PREPAGATI (JobID: bc0f6961-47e8-4b6f-9eb7-76f7e8abae66)
 - Deleted: 0

[25/May/2023:12:10:04] UPDATING ACCOUNTS (JobID: 3e563785-1f3c-4236-9984-1866a8f40913)
 - New and modified: 0

[25/May/2023:12:10:04] DELETING ACCOUNTS (JobID: 3e563785-1f3c-4236-9984-1866a8f40913)
 - Deleted: 0

[25/May/2023:12:10:38] UPDATING PRODUCTS (JobID: 45d9a37b-e721-4fed-9efd-ac7785d35ade)
 - New and modified: 0

[25/May/2023:12:10:40] UPDATING PREPAGATI (JobID: 4c4da1e8-f790-4bd5-a304-61e2395bbd6e)
 - New and modified: 0

[25/May/2023:12:10:40] DELETING PREPAGATI (JobID: 4c4da1e8-f790-4bd5-a304-61e2395bbd6e)
 - Deleted: 0

[25/May/2023:12:20:04] UPDATING ACCOUNTS (JobID: 549fdf7a-cf74-445e-87a0-16f8ebdd7ccc)
 - New and modified: 0

[25/May/2023:12:20:04] DELETING ACCOUNTS (JobID: 549fdf7a-cf74-445e-87a0-16f8ebdd7ccc)
 - Deleted: 0

[25/May/2023:12:20:38] UPDATING PRODUCTS (JobID: fd52e705-d891-4489-8d96-16416fa4ae7d)
 - New and modified: 0

[25/May/2023:12:20:39] UPDATING PREPAGATI (JobID: 5073fecb-eb24-44cb-8fc7-11c50c662a58)
 - New and modified: 0

[25/May/2023:12:20:39] DELETING PREPAGATI (JobID: 5073fecb-eb24-44cb-8fc7-11c50c662a58)
 - Deleted: 0

[25/May/2023:12:30:04] UPDATING ACCOUNTS (JobID: 13b1ac5b-9164-4267-8c5b-f27fe9779b73)
 - New and modified: 0

[25/May/2023:12:30:04] DELETING ACCOUNTS (JobID: 13b1ac5b-9164-4267-8c5b-f27fe9779b73)
 - Deleted: 0

[25/May/2023:12:30:37] UPDATING PRODUCTS (JobID: 3a3f1fbf-1885-4ebf-96c5-cad11ece94c0)
 - New and modified: 0

[25/May/2023:12:30:39] UPDATING PREPAGATI (JobID: 18418e13-27f0-4384-bf54-d796ba358e0f)
 - New and modified: 0

[25/May/2023:12:30:39] DELETING PREPAGATI (JobID: 18418e13-27f0-4384-bf54-d796ba358e0f)
 - Deleted: 0

[25/May/2023:12:40:04] UPDATING ACCOUNTS (JobID: 1ce68284-02c1-441e-acfd-ce1da14f0fb3)
 - New and modified: 0

[25/May/2023:12:40:04] DELETING ACCOUNTS (JobID: 1ce68284-02c1-441e-acfd-ce1da14f0fb3)
 - Deleted: 0

[25/May/2023:12:40:36] UPDATING PRODUCTS (JobID: 79641d0d-5060-4e8f-9c31-6a6ba135b7c2)
 - New and modified: 0

[25/May/2023:12:40:38] UPDATING PREPAGATI (JobID: a6a4447e-01d6-4ff3-8d07-c58d33448217)
 - New and modified: 0

[25/May/2023:12:40:38] DELETING PREPAGATI (JobID: a6a4447e-01d6-4ff3-8d07-c58d33448217)
 - Deleted: 0

[25/May/2023:12:50:05] UPDATING ACCOUNTS (JobID: b233b275-bb9c-4bfa-8c76-49be14ca456e)
 - New and modified: 0

[25/May/2023:12:50:05] DELETING ACCOUNTS (JobID: b233b275-bb9c-4bfa-8c76-49be14ca456e)
 - Deleted: 0

[25/May/2023:12:50:39] UPDATING PRODUCTS (JobID: c2b7fd8a-a825-4992-9642-353b5bdbcb47)
 - New and modified: 0

[25/May/2023:12:50:41] UPDATING PREPAGATI (JobID: 66f27420-fadc-4374-9d1d-b47b76963528)
 - New and modified: 0

[25/May/2023:12:50:41] DELETING PREPAGATI (JobID: 66f27420-fadc-4374-9d1d-b47b76963528)
 - Deleted: 0

[25/May/2023:13:00:04] UPDATING ACCOUNTS (JobID: e90933a4-efd9-4b13-8e29-f95aa5c1fe60)
 - New and modified: 0

[25/May/2023:13:00:04] DELETING ACCOUNTS (JobID: e90933a4-efd9-4b13-8e29-f95aa5c1fe60)
 - Deleted: 0

[25/May/2023:13:00:39] UPDATING PRODUCTS (JobID: 424f825f-b9a3-456d-a195-fb39bec02755)
 - New and modified: 0

[25/May/2023:13:00:40] UPDATING PREPAGATI (JobID: 6fab0c3e-abcc-4220-8a7e-aecb2b81bd9e)
 - New and modified: 0

[25/May/2023:13:00:40] DELETING PREPAGATI (JobID: 6fab0c3e-abcc-4220-8a7e-aecb2b81bd9e)
 - Deleted: 0

[25/May/2023:13:10:04] UPDATING ACCOUNTS (JobID: 6b37d7be-7dc1-4539-be07-a07a81472530)
 - New and modified: 0

[25/May/2023:13:10:04] DELETING ACCOUNTS (JobID: 6b37d7be-7dc1-4539-be07-a07a81472530)
 - Deleted: 0

[25/May/2023:13:10:40] UPDATING PRODUCTS (JobID: 80879e29-6103-4e5f-8caf-9c9c6bf722ec)
 - New and modified: 0

[25/May/2023:13:10:42] UPDATING PREPAGATI (JobID: da06629b-a249-4ace-80ca-013edefff089)
 - New and modified: 0

[25/May/2023:13:10:42] DELETING PREPAGATI (JobID: da06629b-a249-4ace-80ca-013edefff089)
 - Deleted: 0

[25/May/2023:13:20:04] UPDATING ACCOUNTS (JobID: f690028e-a2ce-46f6-9b91-a2100e1da96d)
 - New and modified: 0

[25/May/2023:13:20:04] DELETING ACCOUNTS (JobID: f690028e-a2ce-46f6-9b91-a2100e1da96d)
 - Deleted: 0

[25/May/2023:13:20:38] UPDATING PRODUCTS (JobID: 24e09c62-bc30-4abf-b2d9-fc9d7c5c23c4)
 - New and modified: 0

[25/May/2023:13:20:40] UPDATING PREPAGATI (JobID: 51b68365-2e91-48b9-8ac9-83c495e05a0b)
 - New and modified: 0

[25/May/2023:13:20:40] DELETING PREPAGATI (JobID: 51b68365-2e91-48b9-8ac9-83c495e05a0b)
 - Deleted: 0

[25/May/2023:13:30:05] UPDATING ACCOUNTS (JobID: 0ff59310-e011-4be6-bceb-8a49cae19082)
 - New and modified: 0

[25/May/2023:13:30:05] DELETING ACCOUNTS (JobID: 0ff59310-e011-4be6-bceb-8a49cae19082)
 - Deleted: 0

[25/May/2023:13:30:41] UPDATING PRODUCTS (JobID: 1e491de2-1322-4a52-91e7-969369f1ed7e)
 - New and modified: 0

[25/May/2023:13:30:43] UPDATING PREPAGATI (JobID: 36c5d427-c1e8-4626-b7ea-db46c97e3a44)
 - New and modified: 0

[25/May/2023:13:30:43] DELETING PREPAGATI (JobID: 36c5d427-c1e8-4626-b7ea-db46c97e3a44)
 - Deleted: 0

[25/May/2023:13:40:04] UPDATING ACCOUNTS (JobID: 6eeeb778-aef0-40a9-8f46-b36fbfbca7fe)
 - New and modified: 1
   0000005

[25/May/2023:13:40:04] DELETING ACCOUNTS (JobID: 6eeeb778-aef0-40a9-8f46-b36fbfbca7fe)
 - Deleted: 0

[25/May/2023:13:40:36] UPDATING PRODUCTS (JobID: 016b8d27-b30f-4740-92a4-510033eaadcd)
 - New and modified: 0

[25/May/2023:13:40:38] UPDATING PREPAGATI (JobID: 73f90aa1-a9e7-4c70-8688-5da9dff9970f)
 - New and modified: 0

[25/May/2023:13:40:38] DELETING PREPAGATI (JobID: 73f90aa1-a9e7-4c70-8688-5da9dff9970f)
 - Deleted: 0

[25/May/2023:13:50:04] UPDATING ACCOUNTS (JobID: c77637a1-cadf-4155-b579-55357c07e648)
 - New and modified: 0

[25/May/2023:13:50:04] DELETING ACCOUNTS (JobID: c77637a1-cadf-4155-b579-55357c07e648)
 - Deleted: 0

[25/May/2023:13:50:36] UPDATING PRODUCTS (JobID: 64cb894d-6d15-45bb-bd2a-cf8e343afb98)
 - New and modified: 0

[25/May/2023:13:50:38] UPDATING PREPAGATI (JobID: 11a93665-ed22-4455-9fec-327fa4581c94)
 - New and modified: 0

[25/May/2023:13:50:38] DELETING PREPAGATI (JobID: 11a93665-ed22-4455-9fec-327fa4581c94)
 - Deleted: 0

[25/May/2023:14:00:04] UPDATING ACCOUNTS (JobID: 0273bf11-fdfe-497b-8bcb-41cd4f7549aa)
 - New and modified: 0

[25/May/2023:14:00:04] DELETING ACCOUNTS (JobID: 0273bf11-fdfe-497b-8bcb-41cd4f7549aa)
 - Deleted: 0

[25/May/2023:14:00:36] UPDATING PRODUCTS (JobID: 3711cace-a0dc-4f31-847e-d995b61f85ce)
 - New and modified: 0

[25/May/2023:14:00:38] UPDATING PREPAGATI (JobID: 86e6c78b-6853-4b1d-a11b-a2eb6f2f25c9)
 - New and modified: 0

[25/May/2023:14:00:38] DELETING PREPAGATI (JobID: 86e6c78b-6853-4b1d-a11b-a2eb6f2f25c9)
 - Deleted: 0

[25/May/2023:14:10:04] UPDATING ACCOUNTS (JobID: 80733e07-09e6-4b7a-b091-2fc8d49f2c43)
 - New and modified: 0

[25/May/2023:14:10:04] DELETING ACCOUNTS (JobID: 80733e07-09e6-4b7a-b091-2fc8d49f2c43)
 - Deleted: 0

[25/May/2023:14:10:37] UPDATING PRODUCTS (JobID: 20320fab-fd73-4431-aa9e-f7af80c565f6)
 - New and modified: 0

[25/May/2023:14:10:39] UPDATING PREPAGATI (JobID: 16a18ebc-62ff-419f-9772-599e2edfd5e8)
 - New and modified: 0

[25/May/2023:14:10:39] DELETING PREPAGATI (JobID: 16a18ebc-62ff-419f-9772-599e2edfd5e8)
 - Deleted: 0

[25/May/2023:14:20:04] UPDATING ACCOUNTS (JobID: 6198bf68-d5f7-42ed-aca1-1b89c7d655d4)
 - New and modified: 0

[25/May/2023:14:20:04] DELETING ACCOUNTS (JobID: 6198bf68-d5f7-42ed-aca1-1b89c7d655d4)
 - Deleted: 0

[25/May/2023:14:20:37] UPDATING PRODUCTS (JobID: d5fda59e-0be3-45a7-aa16-871b0b159df5)
 - New and modified: 0

[25/May/2023:14:20:39] UPDATING PREPAGATI (JobID: fca87cfe-e635-498e-97ee-af12ea42c219)
 - New and modified: 0

[25/May/2023:14:20:39] DELETING PREPAGATI (JobID: fca87cfe-e635-498e-97ee-af12ea42c219)
 - Deleted: 0

[25/May/2023:14:30:05] UPDATING ACCOUNTS (JobID: b7242463-6df2-4f3b-b705-bc51ccf7e7f2)
 - New and modified: 0

[25/May/2023:14:30:05] DELETING ACCOUNTS (JobID: b7242463-6df2-4f3b-b705-bc51ccf7e7f2)
 - Deleted: 0

[25/May/2023:14:30:40] UPDATING PRODUCTS (JobID: 298511bb-51a0-4c8f-b888-65cb74c4bef3)
 - New and modified: 0

[25/May/2023:14:30:42] UPDATING PREPAGATI (JobID: 7dfd5169-e349-433d-85a4-041c12218e67)
 - New and modified: 0

[25/May/2023:14:30:42] DELETING PREPAGATI (JobID: 7dfd5169-e349-433d-85a4-041c12218e67)
 - Deleted: 0

[25/May/2023:14:40:04] UPDATING ACCOUNTS (JobID: f0a2d3a1-0311-4beb-8eec-2df0ef9979c3)
 - New and modified: 0

[25/May/2023:14:40:04] DELETING ACCOUNTS (JobID: f0a2d3a1-0311-4beb-8eec-2df0ef9979c3)
 - Deleted: 0

[25/May/2023:14:40:37] UPDATING PRODUCTS (JobID: 5c2cc389-707a-4664-b6f8-376fa3a59abc)
 - New and modified: 0

[25/May/2023:14:40:39] UPDATING PREPAGATI (JobID: 09882905-d526-4157-8d74-5433da14f0b0)
 - New and modified: 0

[25/May/2023:14:40:39] DELETING PREPAGATI (JobID: 09882905-d526-4157-8d74-5433da14f0b0)
 - Deleted: 0

[25/May/2023:14:50:05] UPDATING ACCOUNTS (JobID: 73e2a250-bf07-4071-8cca-3fe9981dfe7d)
 - New and modified: 0

[25/May/2023:14:50:05] DELETING ACCOUNTS (JobID: 73e2a250-bf07-4071-8cca-3fe9981dfe7d)
 - Deleted: 0

[25/May/2023:14:50:39] UPDATING PRODUCTS (JobID: 760cd3ae-62e5-4adb-9769-50a24f843cdd)
 - New and modified: 0

[25/May/2023:14:50:41] UPDATING PREPAGATI (JobID: 5c1c6b57-4bf5-4b7f-ba08-d72cbd3ffbab)
 - New and modified: 0

[25/May/2023:14:50:41] DELETING PREPAGATI (JobID: 5c1c6b57-4bf5-4b7f-ba08-d72cbd3ffbab)
 - Deleted: 0

[25/May/2023:15:00:04] UPDATING ACCOUNTS (JobID: 9b80b179-2da1-4c80-b3af-35f661f0d5a1)
 - New and modified: 0

[25/May/2023:15:00:04] DELETING ACCOUNTS (JobID: 9b80b179-2da1-4c80-b3af-35f661f0d5a1)
 - Deleted: 0

[25/May/2023:15:00:37] UPDATING PRODUCTS (JobID: 4082d951-7749-4b93-b6f7-e2591c74528e)
 - New and modified: 0

[25/May/2023:15:00:39] UPDATING PREPAGATI (JobID: 2c893906-675c-4449-8ad0-6ee1d7a5c361)
 - New and modified: 0

[25/May/2023:15:00:39] DELETING PREPAGATI (JobID: 2c893906-675c-4449-8ad0-6ee1d7a5c361)
 - Deleted: 0

[25/May/2023:15:10:04] UPDATING ACCOUNTS (JobID: 47110165-d3b4-4ad0-8a67-b91c540b8c5e)
 - New and modified: 0

[25/May/2023:15:10:04] DELETING ACCOUNTS (JobID: 47110165-d3b4-4ad0-8a67-b91c540b8c5e)
 - Deleted: 0

[25/May/2023:15:10:37] UPDATING PRODUCTS (JobID: 1b9fb77b-10b6-4268-9e31-efbfe1da501e)
 - New and modified: 0

[25/May/2023:15:10:38] UPDATING PREPAGATI (JobID: db613c60-73fc-4c87-8c1a-4deaeb652c6d)
 - New and modified: 0

[25/May/2023:15:10:38] DELETING PREPAGATI (JobID: db613c60-73fc-4c87-8c1a-4deaeb652c6d)
 - Deleted: 0

[25/May/2023:15:20:04] UPDATING ACCOUNTS (JobID: ff3536d4-f7a7-4ee7-81f9-565613105783)
 - New and modified: 0

[25/May/2023:15:20:04] DELETING ACCOUNTS (JobID: ff3536d4-f7a7-4ee7-81f9-565613105783)
 - Deleted: 0

[25/May/2023:15:20:38] UPDATING PRODUCTS (JobID: 07daf56b-c6b9-4245-8b3f-7b49cb826b0b)
 - New and modified: 0

[25/May/2023:15:20:40] UPDATING PREPAGATI (JobID: 6011f3a8-edfb-4c66-85dc-127becbfeea5)
 - New and modified: 0

[25/May/2023:15:20:40] DELETING PREPAGATI (JobID: 6011f3a8-edfb-4c66-85dc-127becbfeea5)
 - Deleted: 0

[25/May/2023:15:30:04] UPDATING ACCOUNTS (JobID: 4444a15b-0e4f-450d-8a4d-9980fa0fafc1)
 - New and modified: 0

[25/May/2023:15:30:04] DELETING ACCOUNTS (JobID: 4444a15b-0e4f-450d-8a4d-9980fa0fafc1)
 - Deleted: 0

[25/May/2023:15:30:38] UPDATING PRODUCTS (JobID: f27881a5-3787-40a4-bec9-8d3183cf4ed4)
 - New and modified: 0

[25/May/2023:15:30:40] UPDATING PREPAGATI (JobID: 30d2389e-3fe9-4e56-8503-f7f0d59a53bf)
 - New and modified: 0

[25/May/2023:15:30:40] DELETING PREPAGATI (JobID: 30d2389e-3fe9-4e56-8503-f7f0d59a53bf)
 - Deleted: 0

[25/May/2023:15:40:04] UPDATING ACCOUNTS (JobID: 54b09292-1b4a-42c3-ac9d-62fbd9a4b8fe)
 - New and modified: 0

[25/May/2023:15:40:04] DELETING ACCOUNTS (JobID: 54b09292-1b4a-42c3-ac9d-62fbd9a4b8fe)
 - Deleted: 0

[25/May/2023:15:40:38] UPDATING PRODUCTS (JobID: d4cdadd7-70e6-4a38-bf94-997818eed8e5)
 - New and modified: 0

[25/May/2023:15:40:39] UPDATING PREPAGATI (JobID: fb51d4b6-e7a7-4ff1-ab0f-0e66116673e2)
 - New and modified: 0

[25/May/2023:15:40:39] DELETING PREPAGATI (JobID: fb51d4b6-e7a7-4ff1-ab0f-0e66116673e2)
 - Deleted: 0

[25/May/2023:15:50:04] UPDATING ACCOUNTS (JobID: d9e596c9-adfd-441a-9709-06c5409bbf1a)
 - New and modified: 0

[25/May/2023:15:50:04] DELETING ACCOUNTS (JobID: d9e596c9-adfd-441a-9709-06c5409bbf1a)
 - Deleted: 0

[25/May/2023:15:50:36] UPDATING PRODUCTS (JobID: bbd0270d-46d8-4dac-8519-8e960631e437)
 - New and modified: 0

[25/May/2023:15:50:38] UPDATING PREPAGATI (JobID: 989e6a13-f33c-414a-ac82-2ea01d8bfd8d)
 - New and modified: 0

[25/May/2023:15:50:38] DELETING PREPAGATI (JobID: 989e6a13-f33c-414a-ac82-2ea01d8bfd8d)
 - Deleted: 0

[25/May/2023:16:00:04] UPDATING ACCOUNTS (JobID: 4e8d138c-eb52-47fa-ae52-8039a49e3b30)
 - New and modified: 0

[25/May/2023:16:00:04] DELETING ACCOUNTS (JobID: 4e8d138c-eb52-47fa-ae52-8039a49e3b30)
 - Deleted: 0

[25/May/2023:16:00:38] UPDATING PRODUCTS (JobID: 49028e61-d8c8-49fe-b947-467d41cbae7d)
 - New and modified: 0

[25/May/2023:16:00:39] UPDATING PREPAGATI (JobID: 3fd843d2-36a1-4d7e-9f59-cd97ac9fcc47)
 - New and modified: 0

[25/May/2023:16:00:39] DELETING PREPAGATI (JobID: 3fd843d2-36a1-4d7e-9f59-cd97ac9fcc47)
 - Deleted: 0

[25/May/2023:16:10:04] UPDATING ACCOUNTS (JobID: 6d056517-5e86-46e1-8408-16b4d8b7e8e4)
 - New and modified: 0

[25/May/2023:16:10:04] DELETING ACCOUNTS (JobID: 6d056517-5e86-46e1-8408-16b4d8b7e8e4)
 - Deleted: 0

[25/May/2023:16:10:38] UPDATING PRODUCTS (JobID: 436981fc-8735-49df-a338-ba71a87cf6b7)
 - New and modified: 0

[25/May/2023:16:10:39] UPDATING PREPAGATI (JobID: 6a27a723-514e-47bc-972f-817efd9c917c)
 - New and modified: 0

[25/May/2023:16:10:39] DELETING PREPAGATI (JobID: 6a27a723-514e-47bc-972f-817efd9c917c)
 - Deleted: 0

[25/May/2023:16:20:04] UPDATING ACCOUNTS (JobID: 65cab1d9-5195-44e7-afc2-a4ba91909729)
 - New and modified: 0

[25/May/2023:16:20:04] DELETING ACCOUNTS (JobID: 65cab1d9-5195-44e7-afc2-a4ba91909729)
 - Deleted: 0

[25/May/2023:16:20:39] UPDATING PRODUCTS (JobID: 390cc262-ab31-4441-8508-1cc4edd983e9)
 - New and modified: 0

[25/May/2023:16:20:41] UPDATING PREPAGATI (JobID: 695aed68-bf2c-437d-96e0-a8dbc856da42)
 - New and modified: 0

[25/May/2023:16:20:41] DELETING PREPAGATI (JobID: 695aed68-bf2c-437d-96e0-a8dbc856da42)
 - Deleted: 0

[25/May/2023:16:30:04] UPDATING ACCOUNTS (JobID: 4e459975-f5d5-492e-acad-33891d779e3c)
 - New and modified: 0

[25/May/2023:16:30:04] DELETING ACCOUNTS (JobID: 4e459975-f5d5-492e-acad-33891d779e3c)
 - Deleted: 0

[25/May/2023:16:30:36] UPDATING PRODUCTS (JobID: e5e3da5d-10ff-4562-9aaa-7161d1db5353)
 - New and modified: 0

[25/May/2023:16:30:38] UPDATING PREPAGATI (JobID: 06bd700d-0f14-46c7-bae6-8d745f008e01)
 - New and modified: 0

[25/May/2023:16:30:38] DELETING PREPAGATI (JobID: 06bd700d-0f14-46c7-bae6-8d745f008e01)
 - Deleted: 0

[25/May/2023:16:40:04] UPDATING ACCOUNTS (JobID: cb5bb06f-8717-4441-83c0-862d56a5ff15)
 - New and modified: 0

[25/May/2023:16:40:04] DELETING ACCOUNTS (JobID: cb5bb06f-8717-4441-83c0-862d56a5ff15)
 - Deleted: 0

[25/May/2023:16:40:37] UPDATING PRODUCTS (JobID: 5e585c7a-8511-4faf-81bb-31534c94e2eb)
 - New and modified: 0

[25/May/2023:16:40:39] UPDATING PREPAGATI (JobID: 5041e7ee-dd89-4535-95c2-869218906023)
 - New and modified: 0

[25/May/2023:16:40:39] DELETING PREPAGATI (JobID: 5041e7ee-dd89-4535-95c2-869218906023)
 - Deleted: 0

[25/May/2023:16:50:04] UPDATING ACCOUNTS (JobID: a4d31513-c909-4b2a-8103-c46d8ea1a9ca)
 - New and modified: 0

[25/May/2023:16:50:04] DELETING ACCOUNTS (JobID: a4d31513-c909-4b2a-8103-c46d8ea1a9ca)
 - Deleted: 0

[25/May/2023:16:50:36] UPDATING PRODUCTS (JobID: fc501313-785c-4f1b-9ba8-417fea187a38)
 - New and modified: 0

[25/May/2023:16:50:38] UPDATING PREPAGATI (JobID: efe2edb4-e730-4574-8535-743793003708)
 - New and modified: 0

[25/May/2023:16:50:38] DELETING PREPAGATI (JobID: efe2edb4-e730-4574-8535-743793003708)
 - Deleted: 0

[25/May/2023:17:00:04] UPDATING ACCOUNTS (JobID: 01b875b1-f116-416f-9993-fd5f7d7531b3)
 - New and modified: 0

[25/May/2023:17:00:04] DELETING ACCOUNTS (JobID: 01b875b1-f116-416f-9993-fd5f7d7531b3)
 - Deleted: 0

[25/May/2023:17:00:38] UPDATING PRODUCTS (JobID: ec6773bc-5d49-4290-aaa3-5c61207dba33)
 - New and modified: 0

[25/May/2023:17:00:39] UPDATING PREPAGATI (JobID: 563c62b7-f33f-40f2-9d79-c572281de586)
 - New and modified: 0

[25/May/2023:17:00:39] DELETING PREPAGATI (JobID: 563c62b7-f33f-40f2-9d79-c572281de586)
 - Deleted: 0

[25/May/2023:17:10:04] UPDATING ACCOUNTS (JobID: 3807fbea-a3cc-4c85-b2ba-abe330674ea0)
 - New and modified: 0

[25/May/2023:17:10:04] DELETING ACCOUNTS (JobID: 3807fbea-a3cc-4c85-b2ba-abe330674ea0)
 - Deleted: 0

[25/May/2023:17:10:38] UPDATING PRODUCTS (JobID: 68cb8805-0dff-4ee6-af0e-fc2524a1c116)
 - New and modified: 0

[25/May/2023:17:10:39] UPDATING PREPAGATI (JobID: f717703f-f9a0-4905-9aab-2fe6416f1347)
 - New and modified: 0

[25/May/2023:17:10:39] DELETING PREPAGATI (JobID: f717703f-f9a0-4905-9aab-2fe6416f1347)
 - Deleted: 0

[25/May/2023:17:20:04] UPDATING ACCOUNTS (JobID: 7756b1d3-9eec-49f1-abad-b3f521cb43b2)
 - New and modified: 0

[25/May/2023:17:20:04] DELETING ACCOUNTS (JobID: 7756b1d3-9eec-49f1-abad-b3f521cb43b2)
 - Deleted: 0

[25/May/2023:17:20:37] UPDATING PRODUCTS (JobID: 29160675-8a47-40f7-93cf-0041eb0598d4)
 - New and modified: 0

[25/May/2023:17:20:39] UPDATING PREPAGATI (JobID: 03eed2f4-dd50-4de0-856b-acdb3a441d09)
 - New and modified: 0

[25/May/2023:17:20:39] DELETING PREPAGATI (JobID: 03eed2f4-dd50-4de0-856b-acdb3a441d09)
 - Deleted: 0

[25/May/2023:17:40:04] UPDATING ACCOUNTS (JobID: 03a91829-f7a9-4d49-8ae2-1eb97014d91f)
 - New and modified: 0

[25/May/2023:17:40:04] DELETING ACCOUNTS (JobID: 03a91829-f7a9-4d49-8ae2-1eb97014d91f)
 - Deleted: 0

[25/May/2023:17:40:36] UPDATING PRODUCTS (JobID: 6d9d3bf8-6d07-4bf1-a9c1-3d9444064635)
 - New and modified: 0

[25/May/2023:17:40:38] UPDATING PREPAGATI (JobID: 2e6101f5-2bc4-4317-b727-302af702dcec)
 - New and modified: 0

[25/May/2023:17:40:38] DELETING PREPAGATI (JobID: 2e6101f5-2bc4-4317-b727-302af702dcec)
 - Deleted: 0

[25/May/2023:17:50:04] UPDATING ACCOUNTS (JobID: b1b773b9-2835-48ab-9244-5493bdfb9b86)
 - New and modified: 0

[25/May/2023:17:50:04] DELETING ACCOUNTS (JobID: b1b773b9-2835-48ab-9244-5493bdfb9b86)
 - Deleted: 0

[25/May/2023:17:50:37] UPDATING PRODUCTS (JobID: b9f4c972-ba79-41b2-9f39-df14be82b965)
 - New and modified: 0

[25/May/2023:17:50:38] UPDATING PREPAGATI (JobID: d617e4aa-c294-4640-a7a8-337a85055be7)
 - New and modified: 0

[25/May/2023:17:50:38] DELETING PREPAGATI (JobID: d617e4aa-c294-4640-a7a8-337a85055be7)
 - Deleted: 0

[25/May/2023:18:00:07] UPDATING ACCOUNTS (JobID: 94d56531-a2ba-4838-9933-dc968a4d5bd6)
 - New and modified: 0

[25/May/2023:18:00:07] DELETING ACCOUNTS (JobID: 94d56531-a2ba-4838-9933-dc968a4d5bd6)
 - Deleted: 0

[25/May/2023:18:00:42] UPDATING PRODUCTS (JobID: d66fe655-908d-44da-b73b-39a14fd360d5)
 - New and modified: 0

[25/May/2023:18:00:45] UPDATING PREPAGATI (JobID: 8c1c0e41-50f4-4022-ae0a-56e0b5ee17fd)
 - New and modified: 0

[25/May/2023:18:00:45] DELETING PREPAGATI (JobID: 8c1c0e41-50f4-4022-ae0a-56e0b5ee17fd)
 - Deleted: 0

[25/May/2023:18:10:05] UPDATING ACCOUNTS (JobID: 691013e2-55d1-4e5c-8e1b-343e1547a4be)
 - New and modified: 0

[25/May/2023:18:10:05] DELETING ACCOUNTS (JobID: 691013e2-55d1-4e5c-8e1b-343e1547a4be)
 - Deleted: 0

[25/May/2023:18:10:41] UPDATING PRODUCTS (JobID: c93af425-309f-4bd2-ae9f-6cd4ba0f1a19)
 - New and modified: 0

[25/May/2023:18:10:43] UPDATING PREPAGATI (JobID: 4f5ba5b6-60cd-4afa-aca4-8b3696877a81)
 - New and modified: 0

[25/May/2023:18:10:43] DELETING PREPAGATI (JobID: 4f5ba5b6-60cd-4afa-aca4-8b3696877a81)
 - Deleted: 0

[25/May/2023:18:20:04] UPDATING ACCOUNTS (JobID: 556ece00-1d4d-45b6-845d-88dc213ca179)
 - New and modified: 0

[25/May/2023:18:20:04] DELETING ACCOUNTS (JobID: 556ece00-1d4d-45b6-845d-88dc213ca179)
 - Deleted: 0

[25/May/2023:18:20:49] UPDATING PRODUCTS (JobID: d826687f-32d8-4957-b67b-a5a1c6ca457f)
 - New and modified: 0

[25/May/2023:18:20:52] UPDATING PREPAGATI (JobID: d8acff90-413d-456a-b169-a42980ad8f05)
 - New and modified: 0

[25/May/2023:18:20:52] DELETING PREPAGATI (JobID: d8acff90-413d-456a-b169-a42980ad8f05)
 - Deleted: 0

[25/May/2023:18:30:06] UPDATING ACCOUNTS (JobID: 3d0a8378-1c1c-4c6d-9d0f-9359647588c4)
 - New and modified: 0

[25/May/2023:18:30:06] DELETING ACCOUNTS (JobID: 3d0a8378-1c1c-4c6d-9d0f-9359647588c4)
 - Deleted: 0

[25/May/2023:18:30:55] UPDATING PRODUCTS (JobID: f5d070fd-5dd2-4bf9-a252-0dcede54e2ee)
 - New and modified: 0

[25/May/2023:18:30:58] UPDATING PREPAGATI (JobID: cfd48428-0c10-4d5b-9211-be029b030e80)
 - New and modified: 0

[25/May/2023:18:30:58] DELETING PREPAGATI (JobID: cfd48428-0c10-4d5b-9211-be029b030e80)
 - Deleted: 0

[25/May/2023:18:40:06] UPDATING ACCOUNTS (JobID: 22475dc6-d393-4ecc-9278-3e6046332470)
 - New and modified: 0

[25/May/2023:18:40:06] DELETING ACCOUNTS (JobID: 22475dc6-d393-4ecc-9278-3e6046332470)
 - Deleted: 0

[25/May/2023:18:40:56] UPDATING PRODUCTS (JobID: 5aaf95e6-9939-4e22-b4f0-4305ee00a7d9)
 - New and modified: 0

[25/May/2023:18:40:58] UPDATING PREPAGATI (JobID: 26bf08e3-b61c-4653-9b1c-05cd474e7e1f)
 - New and modified: 0

[25/May/2023:18:40:58] DELETING PREPAGATI (JobID: 26bf08e3-b61c-4653-9b1c-05cd474e7e1f)
 - Deleted: 0

[25/May/2023:18:50:06] UPDATING ACCOUNTS (JobID: 1041dcab-562d-4eee-b6b2-43b67140ef1a)
 - New and modified: 0

[25/May/2023:18:50:06] DELETING ACCOUNTS (JobID: 1041dcab-562d-4eee-b6b2-43b67140ef1a)
 - Deleted: 0

[25/May/2023:18:50:50] UPDATING PRODUCTS (JobID: 879b10f7-c88a-4e8d-af5e-55f71c3ec69c)
 - New and modified: 0

[25/May/2023:18:50:52] UPDATING PREPAGATI (JobID: fc01019f-878f-4a2a-98c7-c75c9b017578)
 - New and modified: 0

[25/May/2023:18:50:52] DELETING PREPAGATI (JobID: fc01019f-878f-4a2a-98c7-c75c9b017578)
 - Deleted: 0

[25/May/2023:19:00:18] UPDATING ACCOUNTS (JobID: d4cf72cd-8eb7-441c-98c0-e3ba6f81a20f)
 - New and modified: 0

[25/May/2023:19:00:18] DELETING ACCOUNTS (JobID: d4cf72cd-8eb7-441c-98c0-e3ba6f81a20f)
 - Deleted: 0

[25/May/2023:19:01:04] UPDATING PRODUCTS (JobID: 7d8e437a-4c95-4d5c-9c79-3ed09af7cc34)
 - New and modified: 0

[25/May/2023:19:01:07] UPDATING PREPAGATI (JobID: c11a2fe9-c98c-43c2-944a-61e1881441a9)
 - New and modified: 0

[25/May/2023:19:01:07] DELETING PREPAGATI (JobID: c11a2fe9-c98c-43c2-944a-61e1881441a9)
 - Deleted: 0

[25/May/2023:19:10:04] UPDATING ACCOUNTS (JobID: 704d34ce-8e06-44ba-9131-b61dcd51eefd)
 - New and modified: 0

[25/May/2023:19:10:04] DELETING ACCOUNTS (JobID: 704d34ce-8e06-44ba-9131-b61dcd51eefd)
 - Deleted: 0

[25/May/2023:19:10:38] UPDATING PRODUCTS (JobID: d890e5cf-4178-4a44-88be-b129a93afa5b)
 - New and modified: 0

[25/May/2023:19:10:40] UPDATING PREPAGATI (JobID: 9984a021-44e5-4a97-bf78-99487eb95ca8)
 - New and modified: 0

[25/May/2023:19:10:40] DELETING PREPAGATI (JobID: 9984a021-44e5-4a97-bf78-99487eb95ca8)
 - Deleted: 0

[25/May/2023:19:20:04] UPDATING ACCOUNTS (JobID: ca2b4813-7038-4b4f-86e5-82d88fc5d1d1)
 - New and modified: 0

[25/May/2023:19:20:04] DELETING ACCOUNTS (JobID: ca2b4813-7038-4b4f-86e5-82d88fc5d1d1)
 - Deleted: 0

[25/May/2023:19:20:37] UPDATING PRODUCTS (JobID: 651ab748-f2ac-4213-8d40-2e84694fa371)
 - New and modified: 0

[25/May/2023:19:20:39] UPDATING PREPAGATI (JobID: cf19ebb5-fcdc-457c-ab3e-2d52f2a168e9)
 - New and modified: 0

[25/May/2023:19:20:39] DELETING PREPAGATI (JobID: cf19ebb5-fcdc-457c-ab3e-2d52f2a168e9)
 - Deleted: 0

[25/May/2023:19:30:04] UPDATING ACCOUNTS (JobID: fbaf234e-ac37-4d97-8240-2cfd26f19992)
 - New and modified: 0

[25/May/2023:19:30:04] DELETING ACCOUNTS (JobID: fbaf234e-ac37-4d97-8240-2cfd26f19992)
 - Deleted: 0

[25/May/2023:19:30:36] UPDATING PRODUCTS (JobID: 7d83bcf1-f82c-4c90-bd2f-04a4005324ef)
 - New and modified: 0

[25/May/2023:19:30:38] UPDATING PREPAGATI (JobID: 8e66cc73-d012-4bc9-aeeb-c446eee19e02)
 - New and modified: 0

[25/May/2023:19:30:38] DELETING PREPAGATI (JobID: 8e66cc73-d012-4bc9-aeeb-c446eee19e02)
 - Deleted: 0

[25/May/2023:19:40:04] UPDATING ACCOUNTS (JobID: 848456ed-bc30-4dbd-86a2-2bdf705cefc2)
 - New and modified: 0

[25/May/2023:19:40:04] DELETING ACCOUNTS (JobID: 848456ed-bc30-4dbd-86a2-2bdf705cefc2)
 - Deleted: 0

[25/May/2023:19:40:36] UPDATING PRODUCTS (JobID: 376e8a20-fb02-4f1e-a440-094fd9c30de5)
 - New and modified: 0

[25/May/2023:19:40:38] UPDATING PREPAGATI (JobID: 1b23c100-661c-44bc-8bf7-83720a9bb23b)
 - New and modified: 0

[25/May/2023:19:40:38] DELETING PREPAGATI (JobID: 1b23c100-661c-44bc-8bf7-83720a9bb23b)
 - Deleted: 0

[25/May/2023:19:50:04] UPDATING ACCOUNTS (JobID: a52fbe10-e625-491b-a063-3fcc708ccfac)
 - New and modified: 0

[25/May/2023:19:50:04] DELETING ACCOUNTS (JobID: a52fbe10-e625-491b-a063-3fcc708ccfac)
 - Deleted: 0

[25/May/2023:19:50:35] UPDATING PRODUCTS (JobID: 60191f4f-dee5-4499-866e-6e06ccdea01a)
 - New and modified: 0

[25/May/2023:19:50:37] UPDATING PREPAGATI (JobID: 710652a8-430a-4529-91df-ada2a6fb9a16)
 - New and modified: 0

[25/May/2023:19:50:37] DELETING PREPAGATI (JobID: 710652a8-430a-4529-91df-ada2a6fb9a16)
 - Deleted: 0

[25/May/2023:20:00:04] UPDATING ACCOUNTS (JobID: 6f1d6a14-c830-4390-bed1-1c99a2cca0a5)
 - New and modified: 0

[25/May/2023:20:00:04] DELETING ACCOUNTS (JobID: 6f1d6a14-c830-4390-bed1-1c99a2cca0a5)
 - Deleted: 0

[25/May/2023:20:00:37] UPDATING PRODUCTS (JobID: b90ab318-17dd-4c53-8c22-cd32c072a744)
 - New and modified: 0

[25/May/2023:20:00:39] UPDATING PREPAGATI (JobID: 6bb01554-e6c7-4e7e-8045-dbde40d1c055)
 - New and modified: 0

[25/May/2023:20:00:39] DELETING PREPAGATI (JobID: 6bb01554-e6c7-4e7e-8045-dbde40d1c055)
 - Deleted: 0

[25/May/2023:20:10:04] UPDATING ACCOUNTS (JobID: 899c464e-7752-4879-8c65-a60c22cefafd)
 - New and modified: 0

[25/May/2023:20:10:04] DELETING ACCOUNTS (JobID: 899c464e-7752-4879-8c65-a60c22cefafd)
 - Deleted: 0

[25/May/2023:20:10:38] UPDATING PRODUCTS (JobID: 2378ad83-4e70-4671-8a63-2ccf2311e1b0)
 - New and modified: 0

[25/May/2023:20:10:40] UPDATING PREPAGATI (JobID: 529e299b-37be-4e93-8ef3-45f8df54413e)
 - New and modified: 0

[25/May/2023:20:10:40] DELETING PREPAGATI (JobID: 529e299b-37be-4e93-8ef3-45f8df54413e)
 - Deleted: 0

[25/May/2023:20:20:04] UPDATING ACCOUNTS (JobID: dd8b7a11-9219-45bb-88b4-2b0b6f633eed)
 - New and modified: 0

[25/May/2023:20:20:04] DELETING ACCOUNTS (JobID: dd8b7a11-9219-45bb-88b4-2b0b6f633eed)
 - Deleted: 0

[25/May/2023:20:20:36] UPDATING PRODUCTS (JobID: c66c3d48-bcd4-4fdd-b1eb-d51fb46dafd8)
 - New and modified: 0

[25/May/2023:20:20:38] UPDATING PREPAGATI (JobID: 2f6d3feb-ee50-4c11-a39c-8a7f7753d66a)
 - New and modified: 0

[25/May/2023:20:20:38] DELETING PREPAGATI (JobID: 2f6d3feb-ee50-4c11-a39c-8a7f7753d66a)
 - Deleted: 0

[25/May/2023:20:30:04] UPDATING ACCOUNTS (JobID: 9a2683a8-c279-477e-941e-be49c5635bf2)
 - New and modified: 0

[25/May/2023:20:30:04] DELETING ACCOUNTS (JobID: 9a2683a8-c279-477e-941e-be49c5635bf2)
 - Deleted: 0

[25/May/2023:20:30:37] UPDATING PRODUCTS (JobID: 6faa7324-c6b2-49ec-adc3-7fd50c1b527c)
 - New and modified: 0

[25/May/2023:20:30:39] UPDATING PREPAGATI (JobID: 01da82fd-f493-49c9-88d5-300209744f75)
 - New and modified: 0

[25/May/2023:20:30:39] DELETING PREPAGATI (JobID: 01da82fd-f493-49c9-88d5-300209744f75)
 - Deleted: 0

[25/May/2023:20:40:04] UPDATING ACCOUNTS (JobID: 1127e556-95e3-40fe-a00c-d17cfa5bfb76)
 - New and modified: 0

[25/May/2023:20:40:04] DELETING ACCOUNTS (JobID: 1127e556-95e3-40fe-a00c-d17cfa5bfb76)
 - Deleted: 0

[25/May/2023:20:40:36] UPDATING PRODUCTS (JobID: 0bf5f6c7-d0b0-4eeb-b6b5-9513b7bce115)
 - New and modified: 0

[25/May/2023:20:40:38] UPDATING PREPAGATI (JobID: 36501a77-3bce-451b-835d-9fde8ee55c6c)
 - New and modified: 0

[25/May/2023:20:40:38] DELETING PREPAGATI (JobID: 36501a77-3bce-451b-835d-9fde8ee55c6c)
 - Deleted: 0

[25/May/2023:20:50:04] UPDATING ACCOUNTS (JobID: a205ce49-c77d-4b88-a586-b028e1e78838)
 - New and modified: 0

[25/May/2023:20:50:04] DELETING ACCOUNTS (JobID: a205ce49-c77d-4b88-a586-b028e1e78838)
 - Deleted: 0

[25/May/2023:20:50:37] UPDATING PRODUCTS (JobID: fd2928c9-3e0a-44c7-abc1-4df329161e1e)
 - New and modified: 0

[25/May/2023:20:50:38] UPDATING PREPAGATI (JobID: 025ef920-e088-4a4b-8d6b-c1150623fb6f)
 - New and modified: 0

[25/May/2023:20:50:38] DELETING PREPAGATI (JobID: 025ef920-e088-4a4b-8d6b-c1150623fb6f)
 - Deleted: 0

[25/May/2023:21:00:04] UPDATING ACCOUNTS (JobID: c7f5983b-e538-4189-a705-98de447c9c87)
 - New and modified: 0

[25/May/2023:21:00:04] DELETING ACCOUNTS (JobID: c7f5983b-e538-4189-a705-98de447c9c87)
 - Deleted: 0

[25/May/2023:21:00:38] UPDATING PRODUCTS (JobID: 3b2fb956-ad97-4234-a4ee-0c769e87b85a)
 - New and modified: 0

[25/May/2023:21:00:40] UPDATING PREPAGATI (JobID: cca1af03-a48d-4648-a932-cfcc75a8f6a0)
 - New and modified: 0

[25/May/2023:21:00:40] DELETING PREPAGATI (JobID: cca1af03-a48d-4648-a932-cfcc75a8f6a0)
 - Deleted: 0

[25/May/2023:21:10:04] UPDATING ACCOUNTS (JobID: ea0415b8-3927-4041-9d39-8924691eb93f)
 - New and modified: 0

[25/May/2023:21:10:04] DELETING ACCOUNTS (JobID: ea0415b8-3927-4041-9d39-8924691eb93f)
 - Deleted: 0

[25/May/2023:21:10:36] UPDATING PRODUCTS (JobID: 39072706-3077-4cde-9f48-245d564087d0)
 - New and modified: 0

[25/May/2023:21:10:38] UPDATING PREPAGATI (JobID: 775d80c3-7355-42bc-a8a4-85ab78081ad9)
 - New and modified: 0

[25/May/2023:21:10:38] DELETING PREPAGATI (JobID: 775d80c3-7355-42bc-a8a4-85ab78081ad9)
 - Deleted: 0

[25/May/2023:21:20:04] UPDATING ACCOUNTS (JobID: 6c08da14-0d72-4210-b0ad-e10d21623982)
 - New and modified: 0

[25/May/2023:21:20:04] DELETING ACCOUNTS (JobID: 6c08da14-0d72-4210-b0ad-e10d21623982)
 - Deleted: 0

[25/May/2023:21:20:37] UPDATING PRODUCTS (JobID: 5c5d30b6-eb87-4089-9882-048b8fce8a34)
 - New and modified: 0

[25/May/2023:21:20:38] UPDATING PREPAGATI (JobID: 2faa7b1f-1731-4859-9b7b-c20341215e8e)
 - New and modified: 0

[25/May/2023:21:20:38] DELETING PREPAGATI (JobID: 2faa7b1f-1731-4859-9b7b-c20341215e8e)
 - Deleted: 0

[25/May/2023:21:30:04] UPDATING ACCOUNTS (JobID: 59a07c7e-2682-41a7-b7e8-1b7ec75dc3f2)
 - New and modified: 0

[25/May/2023:21:30:04] DELETING ACCOUNTS (JobID: 59a07c7e-2682-41a7-b7e8-1b7ec75dc3f2)
 - Deleted: 0

[25/May/2023:21:30:37] UPDATING PRODUCTS (JobID: 3d4f2e36-5566-4722-95c1-a1efa379b967)
 - New and modified: 0

[25/May/2023:21:30:39] UPDATING PREPAGATI (JobID: 318a3635-d53a-46df-afc6-fa2d0e94fff1)
 - New and modified: 0

[25/May/2023:21:30:39] DELETING PREPAGATI (JobID: 318a3635-d53a-46df-afc6-fa2d0e94fff1)
 - Deleted: 0

[25/May/2023:21:40:04] UPDATING ACCOUNTS (JobID: 3085710e-3f30-44d3-b2a8-49cceb0ba0a4)
 - New and modified: 0

[25/May/2023:21:40:04] DELETING ACCOUNTS (JobID: 3085710e-3f30-44d3-b2a8-49cceb0ba0a4)
 - Deleted: 0

[25/May/2023:21:40:37] UPDATING PRODUCTS (JobID: 85393310-3b86-4507-a786-9eeec9bf655d)
 - New and modified: 0

[25/May/2023:21:40:39] UPDATING PREPAGATI (JobID: a79fadc3-1db9-47b9-83a2-d52df240f278)
 - New and modified: 0

[25/May/2023:21:40:39] DELETING PREPAGATI (JobID: a79fadc3-1db9-47b9-83a2-d52df240f278)
 - Deleted: 0

[25/May/2023:21:50:04] UPDATING ACCOUNTS (JobID: 2cf53f9e-4163-4512-8289-9ca1c7c4d1c8)
 - New and modified: 0

[25/May/2023:21:50:04] DELETING ACCOUNTS (JobID: 2cf53f9e-4163-4512-8289-9ca1c7c4d1c8)
 - Deleted: 0

[25/May/2023:21:50:37] UPDATING PRODUCTS (JobID: 7439f1bd-0d52-44c0-ae82-053e03f7ee1e)
 - New and modified: 0

[25/May/2023:21:50:38] UPDATING PREPAGATI (JobID: f571b644-bfcc-4e2d-abbb-5a178c3dc045)
 - New and modified: 0

[25/May/2023:21:50:38] DELETING PREPAGATI (JobID: f571b644-bfcc-4e2d-abbb-5a178c3dc045)
 - Deleted: 0

[25/May/2023:22:00:04] UPDATING ACCOUNTS (JobID: ef5132d7-9947-49a0-a8e4-423f833fbf33)
 - New and modified: 0

[25/May/2023:22:00:04] DELETING ACCOUNTS (JobID: ef5132d7-9947-49a0-a8e4-423f833fbf33)
 - Deleted: 0

[25/May/2023:22:00:36] UPDATING PRODUCTS (JobID: bf410547-bd79-4e8f-9e6c-bf5260cb38bc)
 - New and modified: 0

[25/May/2023:22:00:38] UPDATING PREPAGATI (JobID: a81c9e58-c970-4800-a246-a6382f29049d)
 - New and modified: 0

[25/May/2023:22:00:38] DELETING PREPAGATI (JobID: a81c9e58-c970-4800-a246-a6382f29049d)
 - Deleted: 0

[25/May/2023:22:10:04] UPDATING ACCOUNTS (JobID: 85ea4437-c21c-4593-b582-9aca66bf9c0c)
 - New and modified: 0

[25/May/2023:22:10:04] DELETING ACCOUNTS (JobID: 85ea4437-c21c-4593-b582-9aca66bf9c0c)
 - Deleted: 0

[25/May/2023:22:10:41] UPDATING PRODUCTS (JobID: 05cbacd8-209a-4f90-9107-46b06e5b27de)
 - New and modified: 0

[25/May/2023:22:10:44] UPDATING PREPAGATI (JobID: 091c9139-85a1-45d8-a627-da2cb650cfc8)
 - New and modified: 0

[25/May/2023:22:10:44] DELETING PREPAGATI (JobID: 091c9139-85a1-45d8-a627-da2cb650cfc8)
 - Deleted: 0

[25/May/2023:22:20:04] UPDATING ACCOUNTS (JobID: e196074a-dd91-4dbf-90f9-a64f7ba165c8)
 - New and modified: 0

[25/May/2023:22:20:04] DELETING ACCOUNTS (JobID: e196074a-dd91-4dbf-90f9-a64f7ba165c8)
 - Deleted: 0

[25/May/2023:22:20:39] UPDATING PRODUCTS (JobID: 81bd4c75-047f-4a7a-9a8a-a0629593110f)
 - New and modified: 0

[25/May/2023:22:20:41] UPDATING PREPAGATI (JobID: 1bc3b654-252e-4d36-9634-b73c94c1695d)
 - New and modified: 0

[25/May/2023:22:20:41] DELETING PREPAGATI (JobID: 1bc3b654-252e-4d36-9634-b73c94c1695d)
 - Deleted: 0

[25/May/2023:22:30:04] UPDATING ACCOUNTS (JobID: 6b4a0dc4-d471-4526-acdf-4cc92058f2d0)
 - New and modified: 0

[25/May/2023:22:30:04] DELETING ACCOUNTS (JobID: 6b4a0dc4-d471-4526-acdf-4cc92058f2d0)
 - Deleted: 0

[25/May/2023:22:30:38] UPDATING PRODUCTS (JobID: 11b4dce7-4773-41ed-8baa-9b8374a48336)
 - New and modified: 0

[25/May/2023:22:30:40] UPDATING PREPAGATI (JobID: 59a29d74-52cf-4aad-8589-1ca10718cb09)
 - New and modified: 0

[25/May/2023:22:30:40] DELETING PREPAGATI (JobID: 59a29d74-52cf-4aad-8589-1ca10718cb09)
 - Deleted: 0

[25/May/2023:22:40:04] UPDATING ACCOUNTS (JobID: 503a9b8b-238f-4b43-93af-c17dc5f9e80d)
 - New and modified: 0

[25/May/2023:22:40:04] DELETING ACCOUNTS (JobID: 503a9b8b-238f-4b43-93af-c17dc5f9e80d)
 - Deleted: 0

[25/May/2023:22:40:38] UPDATING PRODUCTS (JobID: eedf3346-a78e-4ec3-9bf7-2c3f86635f7e)
 - New and modified: 0

[25/May/2023:22:40:40] UPDATING PREPAGATI (JobID: 603798d0-6a10-4341-a21f-4fef7f93d793)
 - New and modified: 0

[25/May/2023:22:40:40] DELETING PREPAGATI (JobID: 603798d0-6a10-4341-a21f-4fef7f93d793)
 - Deleted: 0

[25/May/2023:22:50:04] UPDATING ACCOUNTS (JobID: 9eb9412a-f510-4b4a-941e-d7481dff7d9c)
 - New and modified: 0

[25/May/2023:22:50:04] DELETING ACCOUNTS (JobID: 9eb9412a-f510-4b4a-941e-d7481dff7d9c)
 - Deleted: 0

[25/May/2023:22:50:37] UPDATING PRODUCTS (JobID: d5d91745-7a14-497a-a8dc-e62de602cffb)
 - New and modified: 0

[25/May/2023:22:50:39] UPDATING PREPAGATI (JobID: b28232cf-8504-4aa6-8bc7-96df96129a6c)
 - New and modified: 0

[25/May/2023:22:50:39] DELETING PREPAGATI (JobID: b28232cf-8504-4aa6-8bc7-96df96129a6c)
 - Deleted: 0

[25/May/2023:23:00:04] UPDATING ACCOUNTS (JobID: 632daf62-d52d-49d3-b5dd-e14249a8cc04)
 - New and modified: 0

[25/May/2023:23:00:04] DELETING ACCOUNTS (JobID: 632daf62-d52d-49d3-b5dd-e14249a8cc04)
 - Deleted: 0

[25/May/2023:23:00:37] UPDATING PRODUCTS (JobID: d7cf2e5a-5d7e-4ae4-94a4-a5f628ab40df)
 - New and modified: 0

[25/May/2023:23:00:39] UPDATING PREPAGATI (JobID: 7b99a813-6137-41b9-8594-fbafabaa47c9)
 - New and modified: 0

[25/May/2023:23:00:39] DELETING PREPAGATI (JobID: 7b99a813-6137-41b9-8594-fbafabaa47c9)
 - Deleted: 0

[25/May/2023:23:10:04] UPDATING ACCOUNTS (JobID: 4a876b54-aa1e-4216-bfc0-41632be36cf0)
 - New and modified: 0

[25/May/2023:23:10:04] DELETING ACCOUNTS (JobID: 4a876b54-aa1e-4216-bfc0-41632be36cf0)
 - Deleted: 0

[25/May/2023:23:10:37] UPDATING PRODUCTS (JobID: 2086963b-d9f5-455b-965b-462528c9f6e9)
 - New and modified: 0

[25/May/2023:23:10:39] UPDATING PREPAGATI (JobID: 1280bc22-8c82-4c4d-b305-868ba7a44999)
 - New and modified: 0

[25/May/2023:23:10:39] DELETING PREPAGATI (JobID: 1280bc22-8c82-4c4d-b305-868ba7a44999)
 - Deleted: 0

[25/May/2023:23:20:04] UPDATING ACCOUNTS (JobID: 9ed1bc79-790e-4cd0-9dbb-7893d95911eb)
 - New and modified: 0

[25/May/2023:23:20:04] DELETING ACCOUNTS (JobID: 9ed1bc79-790e-4cd0-9dbb-7893d95911eb)
 - Deleted: 0

[25/May/2023:23:20:36] UPDATING PRODUCTS (JobID: 11dd3719-bb84-4b5b-ab96-852b752a516b)
 - New and modified: 0

[25/May/2023:23:20:38] UPDATING PREPAGATI (JobID: bda15327-8186-4901-961b-e421dd9e9b2c)
 - New and modified: 0

[25/May/2023:23:20:38] DELETING PREPAGATI (JobID: bda15327-8186-4901-961b-e421dd9e9b2c)
 - Deleted: 0

[25/May/2023:23:30:04] UPDATING ACCOUNTS (JobID: 9f24d03a-79bf-41b4-8142-f03ea79f16aa)
 - New and modified: 0

[25/May/2023:23:30:04] DELETING ACCOUNTS (JobID: 9f24d03a-79bf-41b4-8142-f03ea79f16aa)
 - Deleted: 0

[25/May/2023:23:30:38] UPDATING PRODUCTS (JobID: 9f036feb-7f68-484c-9ecd-fb455f85d015)
 - New and modified: 0

[25/May/2023:23:30:40] UPDATING PREPAGATI (JobID: c803e141-6cfc-433e-b5c8-5227db1ffce8)
 - New and modified: 0

[25/May/2023:23:30:40] DELETING PREPAGATI (JobID: c803e141-6cfc-433e-b5c8-5227db1ffce8)
 - Deleted: 0

[25/May/2023:23:40:04] UPDATING ACCOUNTS (JobID: 91b17866-870a-4bbb-9380-cf87af0447a3)
 - New and modified: 0

[25/May/2023:23:40:04] DELETING ACCOUNTS (JobID: 91b17866-870a-4bbb-9380-cf87af0447a3)
 - Deleted: 0

[25/May/2023:23:40:36] UPDATING PRODUCTS (JobID: b07bd499-dfb1-42f4-98d2-d6fb5abcd2b3)
 - New and modified: 0

[25/May/2023:23:40:38] UPDATING PREPAGATI (JobID: 3118cda4-7a22-4d2c-82c5-0614951ee05c)
 - New and modified: 0

[25/May/2023:23:40:38] DELETING PREPAGATI (JobID: 3118cda4-7a22-4d2c-82c5-0614951ee05c)
 - Deleted: 0

[25/May/2023:23:50:05] UPDATING ACCOUNTS (JobID: 91d5ce1f-0e84-41b0-9b7a-b55be471b41c)
 - New and modified: 0

[25/May/2023:23:50:05] DELETING ACCOUNTS (JobID: 91d5ce1f-0e84-41b0-9b7a-b55be471b41c)
 - Deleted: 0

[25/May/2023:23:50:37] UPDATING PRODUCTS (JobID: e7d5bea0-8b39-4a92-a830-8159aa5ad44f)
 - New and modified: 0

[25/May/2023:23:50:38] UPDATING PREPAGATI (JobID: d773ad79-f4ac-487a-9c04-a02e8979f0cb)
 - New and modified: 0

[25/May/2023:23:50:38] DELETING PREPAGATI (JobID: d773ad79-f4ac-487a-9c04-a02e8979f0cb)
 - Deleted: 0

