[22/Aug/2023:02:30:09] UPDATING ACCOUNTS (JobID: 56f962d3-1d35-4e53-b4c3-12989d9a4912)
 - New and modified: 0

[22/Aug/2023:02:30:09] DELETING ACCOUNTS (JobID: 56f962d3-1d35-4e53-b4c3-12989d9a4912)
 - Deleted: 0

[22/Aug/2023:02:30:46] UPDATING PRODUCTS (JobID: 1993a5a6-0aac-4f8d-8961-ce6f45d7ac76)
 - New and modified: 0

[22/Aug/2023:02:30:49] UPDATING PREPAGATI (JobID: 3d923eac-7380-4e97-b728-a6e525ca5662)
 - New and modified: 0

[22/Aug/2023:02:30:49] DELETING PREPAGATI (JobID: 3d923eac-7380-4e97-b728-a6e525ca5662)
 - Deleted: 0

[22/Aug/2023:03:00:04] UPDATING ACCOUNTS (JobID: 690ffff4-12b4-4445-b8f0-720c4dfb02b4)
 - New and modified: 0

[22/Aug/2023:03:00:04] DELETING ACCOUNTS (JobID: 690ffff4-12b4-4445-b8f0-720c4dfb02b4)
 - Deleted: 0

[22/Aug/2023:03:00:39] UPDATING PRODUCTS (JobID: 2ddfd7c1-164a-499e-ba63-02eee78b2bfe)
 - New and modified: 0

[22/Aug/2023:03:00:40] UPDATING PREPAGATI (JobID: 14a03010-879e-4c79-b31b-3ab46417e2df)
 - New and modified: 0

[22/Aug/2023:03:00:40] DELETING PREPAGATI (JobID: 14a03010-879e-4c79-b31b-3ab46417e2df)
 - Deleted: 0

[22/Aug/2023:03:30:09] UPDATING ACCOUNTS (JobID: 13ff5a6a-edbd-4b36-9d21-c61fc62864d5)
 - New and modified: 0

[22/Aug/2023:03:30:09] DELETING ACCOUNTS (JobID: 13ff5a6a-edbd-4b36-9d21-c61fc62864d5)
 - Deleted: 0

[22/Aug/2023:03:30:42] UPDATING PRODUCTS (JobID: 851c60be-64bf-42ef-a191-b913d224f747)
 - New and modified: 0

[22/Aug/2023:03:30:44] UPDATING PREPAGATI (JobID: 68fd86ff-0b43-43b3-9718-54472d2e4404)
 - New and modified: 0

[22/Aug/2023:03:30:44] DELETING PREPAGATI (JobID: 68fd86ff-0b43-43b3-9718-54472d2e4404)
 - Deleted: 0

[22/Aug/2023:04:00:04] UPDATING ACCOUNTS (JobID: 1fac7a5f-4077-4c62-9e7e-d17bcbdad70e)
 - New and modified: 0

[22/Aug/2023:04:00:04] DELETING ACCOUNTS (JobID: 1fac7a5f-4077-4c62-9e7e-d17bcbdad70e)
 - Deleted: 0

[22/Aug/2023:04:00:35] UPDATING PRODUCTS (JobID: 92f07cba-e8e1-4fb1-8a2c-b95ace5072a4)
 - New and modified: 0

[22/Aug/2023:04:00:37] UPDATING PREPAGATI (JobID: 54b11635-f153-49c6-afb4-9508d871b9d8)
 - New and modified: 0

[22/Aug/2023:04:00:37] DELETING PREPAGATI (JobID: 54b11635-f153-49c6-afb4-9508d871b9d8)
 - Deleted: 0

[22/Aug/2023:04:30:08] UPDATING ACCOUNTS (JobID: 9de877d0-64d3-4a58-9179-31bcf69b9042)
 - New and modified: 0

[22/Aug/2023:04:30:08] DELETING ACCOUNTS (JobID: 9de877d0-64d3-4a58-9179-31bcf69b9042)
 - Deleted: 0

[22/Aug/2023:04:30:42] UPDATING PRODUCTS (JobID: f37746fe-232e-4fb9-8ba6-c887b8f38083)
 - New and modified: 0

[22/Aug/2023:04:30:45] UPDATING PREPAGATI (JobID: fcc960d4-d6cf-4b26-b40a-1e245a8dd602)
 - New and modified: 0

[22/Aug/2023:04:30:45] DELETING PREPAGATI (JobID: fcc960d4-d6cf-4b26-b40a-1e245a8dd602)
 - Deleted: 0

[22/Aug/2023:05:00:10] UPDATING ACCOUNTS (JobID: a13f5e99-75d3-4364-a93b-afb8a6247b35)
 - New and modified: 0

[22/Aug/2023:05:00:10] DELETING ACCOUNTS (JobID: a13f5e99-75d3-4364-a93b-afb8a6247b35)
 - Deleted: 0

[22/Aug/2023:05:00:44] UPDATING PRODUCTS (JobID: 7f472a04-3d37-4762-ada1-d7935d4d8045)
 - New and modified: 0

[22/Aug/2023:05:00:47] UPDATING PREPAGATI (JobID: 5ae5be1c-7394-45aa-841c-b493386ad764)
 - New and modified: 0

[22/Aug/2023:05:00:47] DELETING PREPAGATI (JobID: 5ae5be1c-7394-45aa-841c-b493386ad764)
 - Deleted: 0

[22/Aug/2023:05:30:09] UPDATING ACCOUNTS (JobID: 76748a8b-9177-4658-b2a2-1ce52d8e6dc3)
 - New and modified: 0

[22/Aug/2023:05:30:09] DELETING ACCOUNTS (JobID: 76748a8b-9177-4658-b2a2-1ce52d8e6dc3)
 - Deleted: 0

[22/Aug/2023:05:30:42] UPDATING PRODUCTS (JobID: 6876648f-fc93-445d-9ba2-ec62430e315a)
 - New and modified: 0

[22/Aug/2023:05:30:45] UPDATING PREPAGATI (JobID: 3b61e708-725d-4f87-9078-4c345c7cbb2f)
 - New and modified: 0

[22/Aug/2023:05:30:45] DELETING PREPAGATI (JobID: 3b61e708-725d-4f87-9078-4c345c7cbb2f)
 - Deleted: 0

[22/Aug/2023:06:00:04] UPDATING ACCOUNTS (JobID: 3eaf5913-ac95-490c-b5ab-9fbf7b3ad284)
 - New and modified: 0

[22/Aug/2023:06:00:04] DELETING ACCOUNTS (JobID: 3eaf5913-ac95-490c-b5ab-9fbf7b3ad284)
 - Deleted: 0

[22/Aug/2023:06:00:36] UPDATING PRODUCTS (JobID: 756a9f92-27c6-4939-9242-197121ee98eb)
 - New and modified: 0

[22/Aug/2023:06:00:38] UPDATING PREPAGATI (JobID: 7cf65f36-91f2-45fb-b70e-a09512a21330)
 - New and modified: 0

[22/Aug/2023:06:00:38] DELETING PREPAGATI (JobID: 7cf65f36-91f2-45fb-b70e-a09512a21330)
 - Deleted: 0

[22/Aug/2023:06:30:04] UPDATING ACCOUNTS (JobID: d27abf96-a0af-47f5-bb61-9b5b7316d7a3)
 - New and modified: 0

[22/Aug/2023:06:30:04] DELETING ACCOUNTS (JobID: d27abf96-a0af-47f5-bb61-9b5b7316d7a3)
 - Deleted: 0

[22/Aug/2023:06:30:38] UPDATING PRODUCTS (JobID: d1058db4-49a2-4d5e-9558-5aa9e7304920)
 - New and modified: 0

[22/Aug/2023:06:30:39] UPDATING PREPAGATI (JobID: da3078b2-6a30-4911-91b4-af1a6964b7f0)
 - New and modified: 0

[22/Aug/2023:06:30:39] DELETING PREPAGATI (JobID: da3078b2-6a30-4911-91b4-af1a6964b7f0)
 - Deleted: 0

[22/Aug/2023:07:00:23] UPDATING ACCOUNTS (JobID: 58abe0ef-ebf3-48ee-a6d4-9e7ca179db9b)
 - New and modified: 0

[22/Aug/2023:07:00:23] DELETING ACCOUNTS (JobID: 58abe0ef-ebf3-48ee-a6d4-9e7ca179db9b)
 - Deleted: 0

[22/Aug/2023:07:00:54] UPDATING PRODUCTS (JobID: ba8dd1c6-facf-40e5-b03e-433b83f741bc)
 - New and modified: 0

[22/Aug/2023:07:00:57] UPDATING PREPAGATI (JobID: 9c24392f-99dc-4b8c-9be3-b42719d77026)
 - New and modified: 0

[22/Aug/2023:07:00:57] DELETING PREPAGATI (JobID: 9c24392f-99dc-4b8c-9be3-b42719d77026)
 - Deleted: 0

[22/Aug/2023:07:30:04] UPDATING ACCOUNTS (JobID: 66937895-6610-4b2c-b02d-eab20b252cc5)
 - New and modified: 0

[22/Aug/2023:07:30:04] DELETING ACCOUNTS (JobID: 66937895-6610-4b2c-b02d-eab20b252cc5)
 - Deleted: 0

[22/Aug/2023:07:30:37] UPDATING PRODUCTS (JobID: ff19550d-2a64-4bcf-b75b-3ea5a8419970)
 - New and modified: 0

[22/Aug/2023:07:30:39] UPDATING PREPAGATI (JobID: 01dad479-5324-4dd8-b0db-63bf9e194947)
 - New and modified: 0

[22/Aug/2023:07:30:39] DELETING PREPAGATI (JobID: 01dad479-5324-4dd8-b0db-63bf9e194947)
 - Deleted: 0

[22/Aug/2023:08:00:04] UPDATING ACCOUNTS (JobID: 7f3b3314-6fe4-4267-88fa-5f935dc307c5)
 - New and modified: 0

[22/Aug/2023:08:00:04] DELETING ACCOUNTS (JobID: 7f3b3314-6fe4-4267-88fa-5f935dc307c5)
 - Deleted: 0

[22/Aug/2023:08:00:37] UPDATING PRODUCTS (JobID: 120450bf-fec9-4de8-875e-92ce2b9cc72c)
 - New and modified: 0

[22/Aug/2023:08:00:39] UPDATING PREPAGATI (JobID: 7ebac6e2-47c6-4247-adba-4eb90e93b136)
 - New and modified: 0

[22/Aug/2023:08:00:39] DELETING PREPAGATI (JobID: 7ebac6e2-47c6-4247-adba-4eb90e93b136)
 - Deleted: 0

[22/Aug/2023:08:30:08] UPDATING ACCOUNTS (JobID: c5399123-e3ff-4a8f-b89a-fa19113c93dc)
 - New and modified: 0

[22/Aug/2023:08:30:08] DELETING ACCOUNTS (JobID: c5399123-e3ff-4a8f-b89a-fa19113c93dc)
 - Deleted: 0

[22/Aug/2023:08:30:40] UPDATING PRODUCTS (JobID: e9648d7f-5afc-4d7d-8078-d58e61c000a6)
 - New and modified: 0

[22/Aug/2023:08:30:43] UPDATING PREPAGATI (JobID: 708b8031-9bcc-46c5-b363-774546b6d30a)
 - New and modified: 0

[22/Aug/2023:08:30:43] DELETING PREPAGATI (JobID: 708b8031-9bcc-46c5-b363-774546b6d30a)
 - Deleted: 0

[22/Aug/2023:09:00:09] UPDATING ACCOUNTS (JobID: fe8b9fef-b0ce-4cdb-83d6-780b55e93516)
 - New and modified: 0

[22/Aug/2023:09:00:09] DELETING ACCOUNTS (JobID: fe8b9fef-b0ce-4cdb-83d6-780b55e93516)
 - Deleted: 0

[22/Aug/2023:09:00:39] UPDATING PRODUCTS (JobID: b86b8505-c93c-455d-bc23-4a8300365b6b)
 - New and modified: 0

[22/Aug/2023:09:00:42] UPDATING PREPAGATI (JobID: 3548fbf9-07aa-4bbd-b46c-dea815a405cb)
 - New and modified: 0

[22/Aug/2023:09:00:42] DELETING PREPAGATI (JobID: 3548fbf9-07aa-4bbd-b46c-dea815a405cb)
 - Deleted: 0

[22/Aug/2023:09:30:04] UPDATING ACCOUNTS (JobID: d7e26b39-d2c0-401a-b312-d54b842a050a)
 - New and modified: 0

[22/Aug/2023:09:30:04] DELETING ACCOUNTS (JobID: d7e26b39-d2c0-401a-b312-d54b842a050a)
 - Deleted: 0

[22/Aug/2023:09:30:35] UPDATING PRODUCTS (JobID: 0bdfdae6-a1cd-476b-97a9-28d4bc06e7a1)
 - New and modified: 0

[22/Aug/2023:09:30:37] UPDATING PREPAGATI (JobID: 3fa1f3b4-d28e-41fe-b29b-84e26437b102)
 - New and modified: 0

[22/Aug/2023:09:30:37] DELETING PREPAGATI (JobID: 3fa1f3b4-d28e-41fe-b29b-84e26437b102)
 - Deleted: 0

[22/Aug/2023:10:00:10] UPDATING ACCOUNTS (JobID: 02543329-5863-4aca-9b6d-9ce0399daae4)
 - New and modified: 0

[22/Aug/2023:10:00:10] DELETING ACCOUNTS (JobID: 02543329-5863-4aca-9b6d-9ce0399daae4)
 - Deleted: 0

[22/Aug/2023:10:00:41] UPDATING PRODUCTS (JobID: 6bb0a00a-0671-41ee-9adf-1b695429fb43)
 - New and modified: 0

[22/Aug/2023:10:00:49] UPDATING PREPAGATI (JobID: 8a1423de-3979-4232-9633-a291c067191d)
 - New and modified: 0

[22/Aug/2023:10:00:49] DELETING PREPAGATI (JobID: 8a1423de-3979-4232-9633-a291c067191d)
 - Deleted: 0

[22/Aug/2023:10:30:08] UPDATING ACCOUNTS (JobID: 64945bd7-f088-44b1-b288-a2ddb12e0e08)
 - New and modified: 0

[22/Aug/2023:10:30:08] DELETING ACCOUNTS (JobID: 64945bd7-f088-44b1-b288-a2ddb12e0e08)
 - Deleted: 0

[22/Aug/2023:10:30:39] UPDATING PRODUCTS (JobID: 51c7ba06-3048-41ef-80d0-eee3c9b2ea91)
 - New and modified: 0

[22/Aug/2023:10:30:42] UPDATING PREPAGATI (JobID: f5e46b91-8d22-4748-a525-2cdff2640870)
 - New and modified: 0

[22/Aug/2023:10:30:42] DELETING PREPAGATI (JobID: f5e46b91-8d22-4748-a525-2cdff2640870)
 - Deleted: 0

[22/Aug/2023:11:30:06] UPDATING ACCOUNTS (JobID: 9f5a26f2-69c2-4a5e-89c2-e3d0b99633af)
 - New and modified: 0

[22/Aug/2023:11:30:06] DELETING ACCOUNTS (JobID: 9f5a26f2-69c2-4a5e-89c2-e3d0b99633af)
 - Deleted: 0

[22/Aug/2023:11:30:37] UPDATING PRODUCTS (JobID: d3801f65-db91-4ec9-afb9-e5b12a222bcf)
 - New and modified: 0

[22/Aug/2023:11:30:40] UPDATING PREPAGATI (JobID: 983bf3e0-8a69-4053-b5dd-4fe548192e3a)
 - New and modified: 0

[22/Aug/2023:11:30:40] DELETING PREPAGATI (JobID: 983bf3e0-8a69-4053-b5dd-4fe548192e3a)
 - Deleted: 0

[22/Aug/2023:12:00:08] UPDATING ACCOUNTS (JobID: d2ce67ec-6c4b-4046-86b8-5a7e3c603bc8)
 - New and modified: 0

[22/Aug/2023:12:00:08] DELETING ACCOUNTS (JobID: d2ce67ec-6c4b-4046-86b8-5a7e3c603bc8)
 - Deleted: 0

[22/Aug/2023:12:00:37] UPDATING PRODUCTS (JobID: d25bb6e8-2c1f-4f40-8808-0f88ea45c4f0)
 - New and modified: 0

[22/Aug/2023:12:00:40] UPDATING PREPAGATI (JobID: 5e643b5e-edd3-48f4-9ccf-595a01454a00)
 - New and modified: 0

[22/Aug/2023:12:00:40] DELETING PREPAGATI (JobID: 5e643b5e-edd3-48f4-9ccf-595a01454a00)
 - Deleted: 0

[22/Aug/2023:12:30:04] UPDATING ACCOUNTS (JobID: baeafe46-ade7-48e1-b99e-f57f7cc3e940)
 - New and modified: 0

[22/Aug/2023:12:30:04] DELETING ACCOUNTS (JobID: baeafe46-ade7-48e1-b99e-f57f7cc3e940)
 - Deleted: 0

[22/Aug/2023:12:30:36] UPDATING PRODUCTS (JobID: 9171ca64-d511-4493-b1cf-ce3d04a02f0e)
 - New and modified: 0

[22/Aug/2023:12:30:38] UPDATING PREPAGATI (JobID: e9c62a6b-dcb9-476c-bd3c-cad6b89f07a8)
 - New and modified: 0

[22/Aug/2023:12:30:38] DELETING PREPAGATI (JobID: e9c62a6b-dcb9-476c-bd3c-cad6b89f07a8)
 - Deleted: 0

[22/Aug/2023:13:00:04] UPDATING ACCOUNTS (JobID: f80388f9-7491-4084-8dce-d1903e740389)
 - New and modified: 0

[22/Aug/2023:13:00:04] DELETING ACCOUNTS (JobID: f80388f9-7491-4084-8dce-d1903e740389)
 - Deleted: 0

[22/Aug/2023:13:00:33] UPDATING PRODUCTS (JobID: cb4cf4e0-2634-4dda-bdd9-2e30621b2297)
 - New and modified: 0

[22/Aug/2023:13:00:35] UPDATING PREPAGATI (JobID: 2f31d60f-06ac-4bd6-83b9-4a6ad90fc7cc)
 - New and modified: 0

[22/Aug/2023:13:00:35] DELETING PREPAGATI (JobID: 2f31d60f-06ac-4bd6-83b9-4a6ad90fc7cc)
 - Deleted: 0

[22/Aug/2023:13:30:04] UPDATING ACCOUNTS (JobID: a5be5e58-60a5-409d-807e-d04a56196662)
 - New and modified: 0

[22/Aug/2023:13:30:04] DELETING ACCOUNTS (JobID: a5be5e58-60a5-409d-807e-d04a56196662)
 - Deleted: 0

[22/Aug/2023:13:30:34] UPDATING PRODUCTS (JobID: 0c30b08d-2467-4c2a-aca9-fd70d6a78f38)
 - New and modified: 0

[22/Aug/2023:13:30:36] UPDATING PREPAGATI (JobID: 06718ff3-0041-4d7a-98c2-1aeae1083908)
 - New and modified: 0

[22/Aug/2023:13:30:36] DELETING PREPAGATI (JobID: 06718ff3-0041-4d7a-98c2-1aeae1083908)
 - Deleted: 0

[22/Aug/2023:14:00:04] UPDATING ACCOUNTS (JobID: 26065661-e31f-4544-b273-af2059c2dc16)
 - New and modified: 0

[22/Aug/2023:14:00:04] DELETING ACCOUNTS (JobID: 26065661-e31f-4544-b273-af2059c2dc16)
 - Deleted: 0

[22/Aug/2023:14:00:34] UPDATING PRODUCTS (JobID: f68245ad-9c8a-4040-8bf7-73ddabb72e81)
 - New and modified: 0

[22/Aug/2023:14:00:36] UPDATING PREPAGATI (JobID: ec134dfd-9776-4842-8c6d-a61cf1aa2587)
 - New and modified: 0

[22/Aug/2023:14:00:36] DELETING PREPAGATI (JobID: ec134dfd-9776-4842-8c6d-a61cf1aa2587)
 - Deleted: 0

[22/Aug/2023:14:30:04] UPDATING ACCOUNTS (JobID: f700ec9c-ce42-424e-9b88-8bd222175832)
 - New and modified: 0

[22/Aug/2023:14:30:04] DELETING ACCOUNTS (JobID: f700ec9c-ce42-424e-9b88-8bd222175832)
 - Deleted: 0

[22/Aug/2023:14:30:35] UPDATING PRODUCTS (JobID: 296ebea3-0237-42bd-b5d1-34db3a840021)
 - New and modified: 0

[22/Aug/2023:14:30:36] UPDATING PREPAGATI (JobID: d120851c-8cb1-4af6-bc12-dde9180638bd)
 - New and modified: 0

[22/Aug/2023:14:30:36] DELETING PREPAGATI (JobID: d120851c-8cb1-4af6-bc12-dde9180638bd)
 - Deleted: 0

[22/Aug/2023:15:00:08] UPDATING ACCOUNTS (JobID: 5d13c54a-1da6-43e7-a376-f4057898f306)
 - New and modified: 0

[22/Aug/2023:15:00:08] DELETING ACCOUNTS (JobID: 5d13c54a-1da6-43e7-a376-f4057898f306)
 - Deleted: 0

[22/Aug/2023:15:00:38] UPDATING PRODUCTS (JobID: d3f3ee40-0db0-4801-8c3a-c83acc406b5f)
 - New and modified: 0

[22/Aug/2023:15:00:41] UPDATING PREPAGATI (JobID: ef9e0217-67ee-4e26-9ad7-9dcc9c9a7c6f)
 - New and modified: 0

[22/Aug/2023:15:00:41] DELETING PREPAGATI (JobID: ef9e0217-67ee-4e26-9ad7-9dcc9c9a7c6f)
 - Deleted: 0

[22/Aug/2023:15:30:04] UPDATING ACCOUNTS (JobID: aa5c8927-0926-4abe-b67c-4d5262502ae4)
 - New and modified: 0

[22/Aug/2023:15:30:04] DELETING ACCOUNTS (JobID: aa5c8927-0926-4abe-b67c-4d5262502ae4)
 - Deleted: 0

[22/Aug/2023:15:30:34] UPDATING PRODUCTS (JobID: 7e7d5fd2-e82e-474f-be5a-f8a7a3019059)
 - New and modified: 0

[22/Aug/2023:15:30:36] UPDATING PREPAGATI (JobID: 26f5fc7f-f1e3-4d75-8d70-4efbdeea9b1d)
 - New and modified: 0

[22/Aug/2023:15:30:36] DELETING PREPAGATI (JobID: 26f5fc7f-f1e3-4d75-8d70-4efbdeea9b1d)
 - Deleted: 0

[22/Aug/2023:16:30:08] UPDATING ACCOUNTS (JobID: 92822aee-903b-4f91-8706-d68948d0b590)
 - New and modified: 0

[22/Aug/2023:16:30:08] DELETING ACCOUNTS (JobID: 92822aee-903b-4f91-8706-d68948d0b590)
 - Deleted: 0

[22/Aug/2023:16:30:39] UPDATING PRODUCTS (JobID: 86491d4d-2253-4651-a659-d0f57d2186a4)
 - New and modified: 0

[22/Aug/2023:16:30:42] UPDATING PREPAGATI (JobID: 8bcfb00e-d51c-4a97-a58f-4ced40c0a640)
 - New and modified: 0

[22/Aug/2023:16:30:42] DELETING PREPAGATI (JobID: 8bcfb00e-d51c-4a97-a58f-4ced40c0a640)
 - Deleted: 0

[22/Aug/2023:18:00:13] UPDATING ACCOUNTS (JobID: 891fc486-69b5-44e0-922b-002ebea1d860)
 - New and modified: 0

[22/Aug/2023:18:00:13] DELETING ACCOUNTS (JobID: 891fc486-69b5-44e0-922b-002ebea1d860)
 - Deleted: 0

[22/Aug/2023:18:00:58] UPDATING PRODUCTS (JobID: a5b16b21-2d5b-4aa7-a7cc-6e4cdde4a923)
 - New and modified: 0

[22/Aug/2023:18:01:03] UPDATING PREPAGATI (JobID: be9110b5-d332-40c9-b937-34a5f12462e8)
 - New and modified: 0

[22/Aug/2023:18:01:03] DELETING PREPAGATI (JobID: be9110b5-d332-40c9-b937-34a5f12462e8)
 - Deleted: 0

[22/Aug/2023:18:30:09] UPDATING ACCOUNTS (JobID: 436e24a3-4bc0-491f-bda4-a636e0ce4b29)
 - New and modified: 0

[22/Aug/2023:18:30:09] DELETING ACCOUNTS (JobID: 436e24a3-4bc0-491f-bda4-a636e0ce4b29)
 - Deleted: 0

[22/Aug/2023:18:30:42] UPDATING PRODUCTS (JobID: 6e21ea08-1b53-4302-8b6e-72ca8bf2b908)
 - New and modified: 0

[22/Aug/2023:18:30:45] UPDATING PREPAGATI (JobID: 0b25aa86-c2c1-4c01-8c1e-cf476b4cfc01)
 - New and modified: 0

[22/Aug/2023:18:30:45] DELETING PREPAGATI (JobID: 0b25aa86-c2c1-4c01-8c1e-cf476b4cfc01)
 - Deleted: 0

[22/Aug/2023:19:00:22] UPDATING ACCOUNTS (JobID: eb9efb77-ca17-4966-8d30-d09f20f304e2)
 - New and modified: 0

[22/Aug/2023:19:00:22] DELETING ACCOUNTS (JobID: eb9efb77-ca17-4966-8d30-d09f20f304e2)
 - Deleted: 0

[22/Aug/2023:19:00:54] UPDATING PRODUCTS (JobID: 6dc0ba65-5f9e-41b7-a328-c32199c7c233)
 - New and modified: 0

[22/Aug/2023:19:00:57] UPDATING PREPAGATI (JobID: ccf960b2-f9a8-47ea-b983-44b735c0d537)
 - New and modified: 0

[22/Aug/2023:19:00:57] DELETING PREPAGATI (JobID: ccf960b2-f9a8-47ea-b983-44b735c0d537)
 - Deleted: 0

[22/Aug/2023:19:30:04] UPDATING ACCOUNTS (JobID: 088c4aad-314d-4407-9640-e122245b3502)
 - New and modified: 0

[22/Aug/2023:19:30:04] DELETING ACCOUNTS (JobID: 088c4aad-314d-4407-9640-e122245b3502)
 - Deleted: 0

[22/Aug/2023:19:30:37] UPDATING PRODUCTS (JobID: 2933c438-8fb3-4fd6-baf6-8f3a64743bd0)
 - New and modified: 0

[22/Aug/2023:19:30:39] UPDATING PREPAGATI (JobID: c63fa616-db4c-4c84-be67-1464353754e8)
 - New and modified: 0

[22/Aug/2023:19:30:39] DELETING PREPAGATI (JobID: c63fa616-db4c-4c84-be67-1464353754e8)
 - Deleted: 0

[22/Aug/2023:20:00:09] UPDATING ACCOUNTS (JobID: fb293604-6ca5-4035-9c71-a35a92bf7274)
 - New and modified: 0

[22/Aug/2023:20:00:09] DELETING ACCOUNTS (JobID: fb293604-6ca5-4035-9c71-a35a92bf7274)
 - Deleted: 0

[22/Aug/2023:20:00:44] UPDATING PRODUCTS (JobID: e7e96c4d-69e4-407d-96fc-a020fe674024)
 - New and modified: 0

[22/Aug/2023:20:00:47] UPDATING PREPAGATI (JobID: 36ef03c3-5a2f-4ed7-9044-25a9da6b8246)
 - New and modified: 0

[22/Aug/2023:20:00:47] DELETING PREPAGATI (JobID: 36ef03c3-5a2f-4ed7-9044-25a9da6b8246)
 - Deleted: 0

[22/Aug/2023:20:30:08] UPDATING ACCOUNTS (JobID: e1071d65-ab11-4486-b88c-8d33ccb37d2d)
 - New and modified: 0

[22/Aug/2023:20:30:08] DELETING ACCOUNTS (JobID: e1071d65-ab11-4486-b88c-8d33ccb37d2d)
 - Deleted: 0

[22/Aug/2023:20:30:39] UPDATING PRODUCTS (JobID: 676386c7-5be7-4ce2-a9fc-1e1dfb63d6aa)
 - New and modified: 0

[22/Aug/2023:20:30:42] UPDATING PREPAGATI (JobID: 8c7e3386-eb81-4392-9d4a-20967216a892)
 - New and modified: 0

[22/Aug/2023:20:30:42] DELETING PREPAGATI (JobID: 8c7e3386-eb81-4392-9d4a-20967216a892)
 - Deleted: 0

[22/Aug/2023:21:00:04] UPDATING ACCOUNTS (JobID: 69c3a1ff-d5c8-4bb7-8922-c41b56bed462)
 - New and modified: 0

[22/Aug/2023:21:00:04] DELETING ACCOUNTS (JobID: 69c3a1ff-d5c8-4bb7-8922-c41b56bed462)
 - Deleted: 0

[22/Aug/2023:21:00:36] UPDATING PRODUCTS (JobID: b223260c-17c0-465e-9126-f6fdce429105)
 - New and modified: 0

[22/Aug/2023:21:00:38] UPDATING PREPAGATI (JobID: 136b9284-1add-4729-a87e-25a40b2d2255)
 - New and modified: 0

[22/Aug/2023:21:00:38] DELETING PREPAGATI (JobID: 136b9284-1add-4729-a87e-25a40b2d2255)
 - Deleted: 0

[22/Aug/2023:21:30:09] UPDATING ACCOUNTS (JobID: 4e6c263c-1cf3-4a20-a473-86a03e0ab1f0)
 - New and modified: 0

[22/Aug/2023:21:30:09] DELETING ACCOUNTS (JobID: 4e6c263c-1cf3-4a20-a473-86a03e0ab1f0)
 - Deleted: 0

[22/Aug/2023:21:30:40] UPDATING PRODUCTS (JobID: 25cb08e2-df72-4bbb-9cdd-6b76ee18521e)
 - New and modified: 0

[22/Aug/2023:21:30:43] UPDATING PREPAGATI (JobID: 7be313ae-5cf5-48d9-b0a2-8c91869adfed)
 - New and modified: 0

[22/Aug/2023:21:30:43] DELETING PREPAGATI (JobID: 7be313ae-5cf5-48d9-b0a2-8c91869adfed)
 - Deleted: 0

[22/Aug/2023:22:00:09] UPDATING ACCOUNTS (JobID: 98a0ddd8-32aa-44bc-9ac3-1490612364b4)
 - New and modified: 0

[22/Aug/2023:22:00:09] DELETING ACCOUNTS (JobID: 98a0ddd8-32aa-44bc-9ac3-1490612364b4)
 - Deleted: 0

[22/Aug/2023:22:00:41] UPDATING PRODUCTS (JobID: 6252d356-84ac-4a8b-a387-9398b0a8600c)
 - New and modified: 0

[22/Aug/2023:22:00:44] UPDATING PREPAGATI (JobID: 4ae9563a-e458-4ddd-ba9f-12f97063886c)
 - New and modified: 0

[22/Aug/2023:22:00:44] DELETING PREPAGATI (JobID: 4ae9563a-e458-4ddd-ba9f-12f97063886c)
 - Deleted: 0

[22/Aug/2023:23:30:08] UPDATING ACCOUNTS (JobID: 68568185-facc-4840-9bd9-b59d899c5d8f)
 - New and modified: 0

[22/Aug/2023:23:30:08] DELETING ACCOUNTS (JobID: 68568185-facc-4840-9bd9-b59d899c5d8f)
 - Deleted: 0

[22/Aug/2023:23:30:40] UPDATING PRODUCTS (JobID: a8c40051-b338-4d52-88a8-3435d89c4a59)
 - New and modified: 0

[22/Aug/2023:23:30:43] UPDATING PREPAGATI (JobID: 5936e343-d8de-4a3f-b835-db8c104d2a9a)
 - New and modified: 0

[22/Aug/2023:23:30:43] DELETING PREPAGATI (JobID: 5936e343-d8de-4a3f-b835-db8c104d2a9a)
 - Deleted: 0

