[24/May/2023:00:00:04] UPDATING ACCOUNTS (JobID: f3e5526b-bb8d-4159-91d1-deea88c40864)
 - New and modified: 0

[24/May/2023:00:00:04] DELETING ACCOUNTS (JobID: f3e5526b-bb8d-4159-91d1-deea88c40864)
 - Deleted: 0

[24/May/2023:00:00:38] UPDATING PRODUCTS (JobID: 62ca1db3-166e-4568-9a54-54f8bd0d7f9e)
 - New and modified: 0

[24/May/2023:00:00:40] UPDATING PREPAGATI (JobID: beec5cb4-ce58-4292-9a70-b7dd04d8e88a)
 - New and modified: 0

[24/May/2023:00:00:40] DELETING PREPAGATI (JobID: beec5cb4-ce58-4292-9a70-b7dd04d8e88a)
 - Deleted: 0

[24/May/2023:00:10:05] UPDATING ACCOUNTS (JobID: ff83d08f-8e29-4ccd-83d4-73f161c193b4)
 - New and modified: 0

[24/May/2023:00:10:05] DELETING ACCOUNTS (JobID: ff83d08f-8e29-4ccd-83d4-73f161c193b4)
 - Deleted: 0

[24/May/2023:00:10:39] UPDATING PRODUCTS (JobID: aeef95a2-15f9-4580-9cb3-ed52017ccabe)
 - New and modified: 0

[24/May/2023:00:10:40] UPDATING PREPAGATI (JobID: 2d7e3fca-7ccd-479f-9e48-70f72cf6c282)
 - New and modified: 0

[24/May/2023:00:10:40] DELETING PREPAGATI (JobID: 2d7e3fca-7ccd-479f-9e48-70f72cf6c282)
 - Deleted: 0

[24/May/2023:00:20:05] UPDATING ACCOUNTS (JobID: 0c0e6734-5d2e-45c0-8389-b20a633095d2)
 - New and modified: 0

[24/May/2023:00:20:05] DELETING ACCOUNTS (JobID: 0c0e6734-5d2e-45c0-8389-b20a633095d2)
 - Deleted: 0

[24/May/2023:00:20:39] UPDATING PRODUCTS (JobID: 2c3fe50e-be39-4260-8d02-ead574866940)
 - New and modified: 0

[24/May/2023:00:20:41] UPDATING PREPAGATI (JobID: 8e4b6f68-d14e-4c3b-8a51-550ec8b88ded)
 - New and modified: 0

[24/May/2023:00:20:41] DELETING PREPAGATI (JobID: 8e4b6f68-d14e-4c3b-8a51-550ec8b88ded)
 - Deleted: 0

[24/May/2023:00:30:05] UPDATING ACCOUNTS (JobID: 695957e6-bee8-4bc8-9695-e356d2df291a)
 - New and modified: 0

[24/May/2023:00:30:05] DELETING ACCOUNTS (JobID: 695957e6-bee8-4bc8-9695-e356d2df291a)
 - Deleted: 0

[24/May/2023:00:30:37] UPDATING PRODUCTS (JobID: a6dcbc84-ce3b-40d9-956b-8f1bebf15272)
 - New and modified: 0

[24/May/2023:00:30:39] UPDATING PREPAGATI (JobID: 49b13507-3183-402e-a9ab-afb56eb8460e)
 - New and modified: 0

[24/May/2023:00:30:39] DELETING PREPAGATI (JobID: 49b13507-3183-402e-a9ab-afb56eb8460e)
 - Deleted: 0

[24/May/2023:00:40:04] UPDATING ACCOUNTS (JobID: 2cd4770a-50a8-4aae-bc09-e2a8fc0b7d1f)
 - New and modified: 0

[24/May/2023:00:40:04] DELETING ACCOUNTS (JobID: 2cd4770a-50a8-4aae-bc09-e2a8fc0b7d1f)
 - Deleted: 0

[24/May/2023:00:40:37] UPDATING PRODUCTS (JobID: 61719130-ff9e-4439-b830-36e199ced2a2)
 - New and modified: 0

[24/May/2023:00:40:39] UPDATING PREPAGATI (JobID: 86f8032e-a7d1-4944-b92e-b6f01baa88d0)
 - New and modified: 0

[24/May/2023:00:40:39] DELETING PREPAGATI (JobID: 86f8032e-a7d1-4944-b92e-b6f01baa88d0)
 - Deleted: 0

[24/May/2023:00:50:04] UPDATING ACCOUNTS (JobID: 9df4daee-543b-4e86-ae93-d09501e8aef8)
 - New and modified: 0

[24/May/2023:00:50:04] DELETING ACCOUNTS (JobID: 9df4daee-543b-4e86-ae93-d09501e8aef8)
 - Deleted: 0

[24/May/2023:00:50:37] UPDATING PRODUCTS (JobID: e400aa09-a683-40e7-af92-2be3a91f3625)
 - New and modified: 0

[24/May/2023:00:50:38] UPDATING PREPAGATI (JobID: 54467eef-99d8-4fb0-becf-1fde2790e1d2)
 - New and modified: 0

[24/May/2023:00:50:38] DELETING PREPAGATI (JobID: 54467eef-99d8-4fb0-becf-1fde2790e1d2)
 - Deleted: 0

[24/May/2023:01:00:04] UPDATING ACCOUNTS (JobID: d05bf893-1e51-4323-b393-708aa4a2b1fe)
 - New and modified: 0

[24/May/2023:01:00:04] DELETING ACCOUNTS (JobID: d05bf893-1e51-4323-b393-708aa4a2b1fe)
 - Deleted: 0

[24/May/2023:01:00:36] UPDATING PRODUCTS (JobID: 98383ede-bc3d-4112-9ea8-d0227bf0acf3)
 - New and modified: 0

[24/May/2023:01:00:38] UPDATING PREPAGATI (JobID: 37748abb-ac40-4aea-a6d3-594050e12776)
 - New and modified: 0

[24/May/2023:01:00:38] DELETING PREPAGATI (JobID: 37748abb-ac40-4aea-a6d3-594050e12776)
 - Deleted: 0

[24/May/2023:01:10:05] UPDATING ACCOUNTS (JobID: 7fc67f82-0a9c-4dc2-a6ae-f0416f851a7c)
 - New and modified: 0

[24/May/2023:01:10:05] DELETING ACCOUNTS (JobID: 7fc67f82-0a9c-4dc2-a6ae-f0416f851a7c)
 - Deleted: 0

[24/May/2023:01:10:39] UPDATING PRODUCTS (JobID: eef8785b-d71b-43d0-9860-8df6c70adafb)
 - New and modified: 0

[24/May/2023:01:10:41] UPDATING PREPAGATI (JobID: 63c6a517-8f91-4d40-ad75-4df7e9915997)
 - New and modified: 0

[24/May/2023:01:10:41] DELETING PREPAGATI (JobID: 63c6a517-8f91-4d40-ad75-4df7e9915997)
 - Deleted: 0

[24/May/2023:01:20:04] UPDATING ACCOUNTS (JobID: 6d1ea10f-4bae-4502-b1e2-5de9e767286c)
 - New and modified: 0

[24/May/2023:01:20:04] DELETING ACCOUNTS (JobID: 6d1ea10f-4bae-4502-b1e2-5de9e767286c)
 - Deleted: 0

[24/May/2023:01:20:38] UPDATING PRODUCTS (JobID: 3b8d6fe7-50df-4e32-9661-ff6c35e6725d)
 - New and modified: 0

[24/May/2023:01:20:40] UPDATING PREPAGATI (JobID: a45cf7e5-0d22-4e97-b873-8dbf0671c898)
 - New and modified: 0

[24/May/2023:01:20:40] DELETING PREPAGATI (JobID: a45cf7e5-0d22-4e97-b873-8dbf0671c898)
 - Deleted: 0

[24/May/2023:01:30:04] UPDATING ACCOUNTS (JobID: c1e845c2-8aa8-4be6-b6b0-cf9b1c3f0246)
 - New and modified: 0

[24/May/2023:01:30:04] DELETING ACCOUNTS (JobID: c1e845c2-8aa8-4be6-b6b0-cf9b1c3f0246)
 - Deleted: 0

[24/May/2023:01:30:39] UPDATING PRODUCTS (JobID: e01d31a3-8a13-47c9-b347-c60d66023c31)
 - New and modified: 0

[24/May/2023:01:30:41] UPDATING PREPAGATI (JobID: e85fa14b-b995-4551-bc3c-90ad95d78318)
 - New and modified: 0

[24/May/2023:01:30:41] DELETING PREPAGATI (JobID: e85fa14b-b995-4551-bc3c-90ad95d78318)
 - Deleted: 0

[24/May/2023:01:40:04] UPDATING ACCOUNTS (JobID: f37ce9c4-6962-44b0-82da-cc348894948b)
 - New and modified: 0

[24/May/2023:01:40:04] DELETING ACCOUNTS (JobID: f37ce9c4-6962-44b0-82da-cc348894948b)
 - Deleted: 0

[24/May/2023:01:40:36] UPDATING PRODUCTS (JobID: 594a0990-0f04-437c-84da-08f0edfd7ba1)
 - New and modified: 0

[24/May/2023:01:40:38] UPDATING PREPAGATI (JobID: 4a963843-2ee5-453f-a9d2-82b8e499f8e7)
 - New and modified: 0

[24/May/2023:01:40:38] DELETING PREPAGATI (JobID: 4a963843-2ee5-453f-a9d2-82b8e499f8e7)
 - Deleted: 0

[24/May/2023:01:50:04] UPDATING ACCOUNTS (JobID: 9d817a6b-8aa8-432d-bd0f-ef57466b9781)
 - New and modified: 0

[24/May/2023:01:50:04] DELETING ACCOUNTS (JobID: 9d817a6b-8aa8-432d-bd0f-ef57466b9781)
 - Deleted: 0

[24/May/2023:01:50:37] UPDATING PRODUCTS (JobID: 15244bc4-c04c-4aa2-8fa4-ea1acace4b5e)
 - New and modified: 0

[24/May/2023:01:50:38] UPDATING PREPAGATI (JobID: d3bf4b8e-76af-421d-8694-96fe09db0b10)
 - New and modified: 0

[24/May/2023:01:50:38] DELETING PREPAGATI (JobID: d3bf4b8e-76af-421d-8694-96fe09db0b10)
 - Deleted: 0

[24/May/2023:02:00:04] UPDATING ACCOUNTS (JobID: 65ed247c-9c7f-4e8d-9664-0a0ffec4169a)
 - New and modified: 0

[24/May/2023:02:00:04] DELETING ACCOUNTS (JobID: 65ed247c-9c7f-4e8d-9664-0a0ffec4169a)
 - Deleted: 0

[24/May/2023:02:00:36] UPDATING PRODUCTS (JobID: 0b992c17-a1fb-48c8-a574-d3368ce53f1c)
 - New and modified: 0

[24/May/2023:02:00:38] UPDATING PREPAGATI (JobID: 1317b524-af6a-4d6b-bf28-2205090af7d3)
 - New and modified: 0

[24/May/2023:02:00:38] DELETING PREPAGATI (JobID: 1317b524-af6a-4d6b-bf28-2205090af7d3)
 - Deleted: 0

[24/May/2023:02:10:04] UPDATING ACCOUNTS (JobID: e7133d1d-377c-47cc-a007-ebf26a93a17e)
 - New and modified: 0

[24/May/2023:02:10:04] DELETING ACCOUNTS (JobID: e7133d1d-377c-47cc-a007-ebf26a93a17e)
 - Deleted: 0

[24/May/2023:02:10:37] UPDATING PRODUCTS (JobID: 70732dfa-4978-450e-8b3d-f3f25a308731)
 - New and modified: 0

[24/May/2023:02:10:38] UPDATING PREPAGATI (JobID: 93d192e8-9770-41f0-83d4-325549216ea6)
 - New and modified: 0

[24/May/2023:02:10:38] DELETING PREPAGATI (JobID: 93d192e8-9770-41f0-83d4-325549216ea6)
 - Deleted: 0

[24/May/2023:02:20:04] UPDATING ACCOUNTS (JobID: 6b9ea22e-31d0-4a68-9d87-f42f49b4d145)
 - New and modified: 0

[24/May/2023:02:20:04] DELETING ACCOUNTS (JobID: 6b9ea22e-31d0-4a68-9d87-f42f49b4d145)
 - Deleted: 0

[24/May/2023:02:20:36] UPDATING PRODUCTS (JobID: 73b8d486-409a-4db3-9c04-fe7da828d579)
 - New and modified: 0

[24/May/2023:02:20:38] UPDATING PREPAGATI (JobID: 98a8cb80-8a0a-4dd0-8988-f5836029cbd4)
 - New and modified: 0

[24/May/2023:02:20:38] DELETING PREPAGATI (JobID: 98a8cb80-8a0a-4dd0-8988-f5836029cbd4)
 - Deleted: 0

[24/May/2023:02:30:04] UPDATING ACCOUNTS (JobID: a5454c1d-c56a-4bcb-90ce-1a38e0dd01ea)
 - New and modified: 0

[24/May/2023:02:30:04] DELETING ACCOUNTS (JobID: a5454c1d-c56a-4bcb-90ce-1a38e0dd01ea)
 - Deleted: 0

[24/May/2023:02:30:37] UPDATING PRODUCTS (JobID: 428e461f-a9e7-4683-b80d-65e8af21852b)
 - New and modified: 0

[24/May/2023:02:30:39] UPDATING PREPAGATI (JobID: 71b66573-2cb5-4fcd-b1d0-70d42f73eae2)
 - New and modified: 0

[24/May/2023:02:30:39] DELETING PREPAGATI (JobID: 71b66573-2cb5-4fcd-b1d0-70d42f73eae2)
 - Deleted: 0

[24/May/2023:02:40:04] UPDATING ACCOUNTS (JobID: 97cc2a0a-fa10-402b-a806-a2d71475ca09)
 - New and modified: 0

[24/May/2023:02:40:04] DELETING ACCOUNTS (JobID: 97cc2a0a-fa10-402b-a806-a2d71475ca09)
 - Deleted: 0

[24/May/2023:02:40:36] UPDATING PRODUCTS (JobID: f21c9677-3b70-4573-a613-8edebaa28777)
 - New and modified: 0

[24/May/2023:02:40:38] UPDATING PREPAGATI (JobID: faf0709b-76cf-4c50-a1f0-f7a9d660bdc0)
 - New and modified: 0

[24/May/2023:02:40:38] DELETING PREPAGATI (JobID: faf0709b-76cf-4c50-a1f0-f7a9d660bdc0)
 - Deleted: 0

[24/May/2023:02:50:04] UPDATING ACCOUNTS (JobID: 13bcd22e-82db-4ae9-b802-6e7183af4ca1)
 - New and modified: 0

[24/May/2023:02:50:04] DELETING ACCOUNTS (JobID: 13bcd22e-82db-4ae9-b802-6e7183af4ca1)
 - Deleted: 0

[24/May/2023:02:50:36] UPDATING PRODUCTS (JobID: e65a628b-020b-4eed-95a3-28b3bc2003d7)
 - New and modified: 0

[24/May/2023:02:50:38] UPDATING PREPAGATI (JobID: e7518303-ffcb-40b2-b6ba-775bc4a46ef5)
 - New and modified: 0

[24/May/2023:02:50:38] DELETING PREPAGATI (JobID: e7518303-ffcb-40b2-b6ba-775bc4a46ef5)
 - Deleted: 0

[24/May/2023:03:00:04] UPDATING ACCOUNTS (JobID: d2ee29cb-1140-4d2d-9153-a1f2995a8a3b)
 - New and modified: 0

[24/May/2023:03:00:04] DELETING ACCOUNTS (JobID: d2ee29cb-1140-4d2d-9153-a1f2995a8a3b)
 - Deleted: 0

[24/May/2023:03:00:37] UPDATING PRODUCTS (JobID: f67482d1-6464-479e-923a-4226787ec06f)
 - New and modified: 0

[24/May/2023:03:00:39] UPDATING PREPAGATI (JobID: 9df54e3a-a70c-4b3f-bfe9-944042afb053)
 - New and modified: 0

[24/May/2023:03:00:39] DELETING PREPAGATI (JobID: 9df54e3a-a70c-4b3f-bfe9-944042afb053)
 - Deleted: 0

[24/May/2023:03:10:04] UPDATING ACCOUNTS (JobID: 3e1e8efc-24d7-48f2-a9e5-765f09bf0a95)
 - New and modified: 0

[24/May/2023:03:10:04] DELETING ACCOUNTS (JobID: 3e1e8efc-24d7-48f2-a9e5-765f09bf0a95)
 - Deleted: 0

[24/May/2023:03:10:36] UPDATING PRODUCTS (JobID: acf592f1-1d98-4447-9830-167b4f0ee9c1)
 - New and modified: 0

[24/May/2023:03:10:38] UPDATING PREPAGATI (JobID: a849145e-d92c-4398-8618-2347447c2101)
 - New and modified: 0

[24/May/2023:03:10:38] DELETING PREPAGATI (JobID: a849145e-d92c-4398-8618-2347447c2101)
 - Deleted: 0

[24/May/2023:03:20:04] UPDATING ACCOUNTS (JobID: 07af11d4-db0d-4137-84e4-f3b23120205e)
 - New and modified: 0

[24/May/2023:03:20:04] DELETING ACCOUNTS (JobID: 07af11d4-db0d-4137-84e4-f3b23120205e)
 - Deleted: 0

[24/May/2023:03:20:36] UPDATING PRODUCTS (JobID: 5df2736b-0859-4306-b618-82a4a5e9b02d)
 - New and modified: 0

[24/May/2023:03:20:37] UPDATING PREPAGATI (JobID: 9ea3e0a3-c94a-4177-b89e-632b059921d9)
 - New and modified: 0

[24/May/2023:03:20:37] DELETING PREPAGATI (JobID: 9ea3e0a3-c94a-4177-b89e-632b059921d9)
 - Deleted: 0

[24/May/2023:03:30:04] UPDATING ACCOUNTS (JobID: daa30453-0f6b-4a22-a0fe-d027e5730e73)
 - New and modified: 0

[24/May/2023:03:30:04] DELETING ACCOUNTS (JobID: daa30453-0f6b-4a22-a0fe-d027e5730e73)
 - Deleted: 0

[24/May/2023:03:30:37] UPDATING PRODUCTS (JobID: cef3db74-07f0-4944-b55e-389eae5732d8)
 - New and modified: 0

[24/May/2023:03:30:39] UPDATING PREPAGATI (JobID: 18227fcf-3e9d-40f6-bb9d-bde929c3a934)
 - New and modified: 0

[24/May/2023:03:30:39] DELETING PREPAGATI (JobID: 18227fcf-3e9d-40f6-bb9d-bde929c3a934)
 - Deleted: 0

[24/May/2023:03:40:04] UPDATING ACCOUNTS (JobID: 2b9fe188-92bd-4249-9a21-537f818578cf)
 - New and modified: 0

[24/May/2023:03:40:04] DELETING ACCOUNTS (JobID: 2b9fe188-92bd-4249-9a21-537f818578cf)
 - Deleted: 0

[24/May/2023:03:40:36] UPDATING PRODUCTS (JobID: 76923b7b-d2cc-46c6-ad69-87d00853953e)
 - New and modified: 0

[24/May/2023:03:40:38] UPDATING PREPAGATI (JobID: ee9f5577-3f26-46e9-b533-1e206a87233b)
 - New and modified: 0

[24/May/2023:03:40:38] DELETING PREPAGATI (JobID: ee9f5577-3f26-46e9-b533-1e206a87233b)
 - Deleted: 0

[24/May/2023:03:50:04] UPDATING ACCOUNTS (JobID: ae82a69e-1411-47d6-8a74-37d95298e01c)
 - New and modified: 0

[24/May/2023:03:50:04] DELETING ACCOUNTS (JobID: ae82a69e-1411-47d6-8a74-37d95298e01c)
 - Deleted: 0

[24/May/2023:03:50:35] UPDATING PRODUCTS (JobID: d840396e-854c-419e-b5c4-a54488d085a0)
 - New and modified: 0

[24/May/2023:03:50:37] UPDATING PREPAGATI (JobID: bb9ab724-c0ac-4865-af4a-a04d3a9bf6e4)
 - New and modified: 0

[24/May/2023:03:50:37] DELETING PREPAGATI (JobID: bb9ab724-c0ac-4865-af4a-a04d3a9bf6e4)
 - Deleted: 0

[24/May/2023:04:00:04] UPDATING ACCOUNTS (JobID: 326047e4-018c-4085-b0c5-7314b35c028a)
 - New and modified: 0

[24/May/2023:04:00:04] DELETING ACCOUNTS (JobID: 326047e4-018c-4085-b0c5-7314b35c028a)
 - Deleted: 0

[24/May/2023:04:00:36] UPDATING PRODUCTS (JobID: 9c4b6ddf-b374-4069-958b-10560693b663)
 - New and modified: 0

[24/May/2023:04:00:37] UPDATING PREPAGATI (JobID: b3766927-e58c-45ef-a9de-dfdd5b4214fa)
 - New and modified: 0

[24/May/2023:04:00:37] DELETING PREPAGATI (JobID: b3766927-e58c-45ef-a9de-dfdd5b4214fa)
 - Deleted: 0

[24/May/2023:04:10:04] UPDATING ACCOUNTS (JobID: eb29e531-8c51-4e59-b8fa-02ca64a138ea)
 - New and modified: 0

[24/May/2023:04:10:04] DELETING ACCOUNTS (JobID: eb29e531-8c51-4e59-b8fa-02ca64a138ea)
 - Deleted: 0

[24/May/2023:04:10:37] UPDATING PRODUCTS (JobID: 2dbe908d-1043-4ecc-98df-f9b7d045a113)
 - New and modified: 0

[24/May/2023:04:10:38] UPDATING PREPAGATI (JobID: 4038a004-f9ac-4f45-89c1-8e9ce03eefcd)
 - New and modified: 0

[24/May/2023:04:10:38] DELETING PREPAGATI (JobID: 4038a004-f9ac-4f45-89c1-8e9ce03eefcd)
 - Deleted: 0

[24/May/2023:04:20:04] UPDATING ACCOUNTS (JobID: d15f2b1b-e46e-453b-b44b-8e3cc84f13d8)
 - New and modified: 0

[24/May/2023:04:20:04] DELETING ACCOUNTS (JobID: d15f2b1b-e46e-453b-b44b-8e3cc84f13d8)
 - Deleted: 0

[24/May/2023:04:20:36] UPDATING PRODUCTS (JobID: 066441f5-bf9b-487e-b9e8-827ca36703a3)
 - New and modified: 0

[24/May/2023:04:20:38] UPDATING PREPAGATI (JobID: c1ade304-46fc-4925-9131-66ebee1a4a25)
 - New and modified: 0

[24/May/2023:04:20:38] DELETING PREPAGATI (JobID: c1ade304-46fc-4925-9131-66ebee1a4a25)
 - Deleted: 0

[24/May/2023:04:30:04] UPDATING ACCOUNTS (JobID: 6370e573-4056-4d4b-9871-d8c17e37c2ef)
 - New and modified: 0

[24/May/2023:04:30:04] DELETING ACCOUNTS (JobID: 6370e573-4056-4d4b-9871-d8c17e37c2ef)
 - Deleted: 0

[24/May/2023:04:30:36] UPDATING PRODUCTS (JobID: 9d770975-d5b1-48d4-9fd9-03b49a005efd)
 - New and modified: 0

[24/May/2023:04:30:38] UPDATING PREPAGATI (JobID: 5f7bce47-123d-4f2e-a992-703bb9a493da)
 - New and modified: 0

[24/May/2023:04:30:38] DELETING PREPAGATI (JobID: 5f7bce47-123d-4f2e-a992-703bb9a493da)
 - Deleted: 0

[24/May/2023:04:40:04] UPDATING ACCOUNTS (JobID: 8d2ad507-3c6a-4a68-ada0-b74de36b0ddf)
 - New and modified: 0

[24/May/2023:04:40:04] DELETING ACCOUNTS (JobID: 8d2ad507-3c6a-4a68-ada0-b74de36b0ddf)
 - Deleted: 0

[24/May/2023:04:40:37] UPDATING PRODUCTS (JobID: 1a5f1d04-511e-4df7-b69e-61078d81c89d)
 - New and modified: 0

[24/May/2023:04:40:38] UPDATING PREPAGATI (JobID: f630e496-4d9f-492a-804d-6931150da313)
 - New and modified: 0

[24/May/2023:04:40:38] DELETING PREPAGATI (JobID: f630e496-4d9f-492a-804d-6931150da313)
 - Deleted: 0

[24/May/2023:04:50:04] UPDATING ACCOUNTS (JobID: 01b4dc2c-a126-4ee2-b5fe-abf0e2ec4d9d)
 - New and modified: 0

[24/May/2023:04:50:04] DELETING ACCOUNTS (JobID: 01b4dc2c-a126-4ee2-b5fe-abf0e2ec4d9d)
 - Deleted: 0

[24/May/2023:04:50:36] UPDATING PRODUCTS (JobID: 78589992-e2fd-41a4-b4ae-b74537777b8b)
 - New and modified: 0

[24/May/2023:04:50:38] UPDATING PREPAGATI (JobID: 51093301-0e06-4382-9030-ccb1364c5400)
 - New and modified: 0

[24/May/2023:04:50:38] DELETING PREPAGATI (JobID: 51093301-0e06-4382-9030-ccb1364c5400)
 - Deleted: 0

[24/May/2023:05:00:04] UPDATING ACCOUNTS (JobID: b162e169-483d-4d6e-a416-214e4a843b13)
 - New and modified: 0

[24/May/2023:05:00:04] DELETING ACCOUNTS (JobID: b162e169-483d-4d6e-a416-214e4a843b13)
 - Deleted: 0

[24/May/2023:05:00:37] UPDATING PRODUCTS (JobID: f7348562-38fd-4359-a970-c63f6c2a0040)
 - New and modified: 0

[24/May/2023:05:00:39] UPDATING PREPAGATI (JobID: a6c41e9c-714e-4f1e-b020-055f85e224aa)
 - New and modified: 0

[24/May/2023:05:00:39] DELETING PREPAGATI (JobID: a6c41e9c-714e-4f1e-b020-055f85e224aa)
 - Deleted: 0

[24/May/2023:05:10:04] UPDATING ACCOUNTS (JobID: c7473163-4eb3-4b8f-8afb-d64313180a8d)
 - New and modified: 0

[24/May/2023:05:10:04] DELETING ACCOUNTS (JobID: c7473163-4eb3-4b8f-8afb-d64313180a8d)
 - Deleted: 0

[24/May/2023:05:10:36] UPDATING PRODUCTS (JobID: f87257c1-1caa-44e3-b8e7-4fb98c0f4afe)
 - New and modified: 0

[24/May/2023:05:10:38] UPDATING PREPAGATI (JobID: 380c0b09-21ba-4b1b-a55a-3f2910fea628)
 - New and modified: 0

[24/May/2023:05:10:38] DELETING PREPAGATI (JobID: 380c0b09-21ba-4b1b-a55a-3f2910fea628)
 - Deleted: 0

[24/May/2023:05:20:04] UPDATING ACCOUNTS (JobID: c2cda6e7-7a4f-430f-a305-9285be5fd387)
 - New and modified: 0

[24/May/2023:05:20:04] DELETING ACCOUNTS (JobID: c2cda6e7-7a4f-430f-a305-9285be5fd387)
 - Deleted: 0

[24/May/2023:05:20:37] UPDATING PRODUCTS (JobID: df93e373-39e7-4f40-9458-3c4f89ed89bf)
 - New and modified: 0

[24/May/2023:05:20:38] UPDATING PREPAGATI (JobID: a804c953-4ec9-42a8-a095-220e03bb101c)
 - New and modified: 0

[24/May/2023:05:20:39] DELETING PREPAGATI (JobID: a804c953-4ec9-42a8-a095-220e03bb101c)
 - Deleted: 0

[24/May/2023:05:30:04] UPDATING ACCOUNTS (JobID: ab932243-4cb6-4af7-86b3-723e37203411)
 - New and modified: 0

[24/May/2023:05:30:04] DELETING ACCOUNTS (JobID: ab932243-4cb6-4af7-86b3-723e37203411)
 - Deleted: 0

[24/May/2023:05:30:36] UPDATING PRODUCTS (JobID: 07cdd138-17e2-4a69-9297-717d3f966087)
 - New and modified: 0

[24/May/2023:05:30:38] UPDATING PREPAGATI (JobID: dba6de8b-117b-419d-92ea-daa2af00bf91)
 - New and modified: 0

[24/May/2023:05:30:38] DELETING PREPAGATI (JobID: dba6de8b-117b-419d-92ea-daa2af00bf91)
 - Deleted: 0

[24/May/2023:05:40:04] UPDATING ACCOUNTS (JobID: b0ec8bbd-11a1-44da-8c28-02eb1c6bb65b)
 - New and modified: 0

[24/May/2023:05:40:04] DELETING ACCOUNTS (JobID: b0ec8bbd-11a1-44da-8c28-02eb1c6bb65b)
 - Deleted: 0

[24/May/2023:05:40:36] UPDATING PRODUCTS (JobID: 938b51c4-97b8-44c3-ac23-0149fe65b3e9)
 - New and modified: 0

[24/May/2023:05:40:38] UPDATING PREPAGATI (JobID: 6a462ffb-f553-4544-8a00-65218c442cd7)
 - New and modified: 0

[24/May/2023:05:40:38] DELETING PREPAGATI (JobID: 6a462ffb-f553-4544-8a00-65218c442cd7)
 - Deleted: 0

[24/May/2023:05:50:04] UPDATING ACCOUNTS (JobID: f44249ad-d610-4729-ae6d-8de2592d9736)
 - New and modified: 0

[24/May/2023:05:50:04] DELETING ACCOUNTS (JobID: f44249ad-d610-4729-ae6d-8de2592d9736)
 - Deleted: 0

[24/May/2023:05:50:36] UPDATING PRODUCTS (JobID: 51f27f5d-8a63-4d72-96de-aafeccecfed5)
 - New and modified: 0

[24/May/2023:05:50:37] UPDATING PREPAGATI (JobID: 3398318c-3557-4a16-9288-44afa9ae60dd)
 - New and modified: 0

[24/May/2023:05:50:37] DELETING PREPAGATI (JobID: 3398318c-3557-4a16-9288-44afa9ae60dd)
 - Deleted: 0

[24/May/2023:06:00:04] UPDATING ACCOUNTS (JobID: 8b854b1b-94e3-4637-aefb-57e3446fc23e)
 - New and modified: 0

[24/May/2023:06:00:04] DELETING ACCOUNTS (JobID: 8b854b1b-94e3-4637-aefb-57e3446fc23e)
 - Deleted: 0

[24/May/2023:06:00:38] UPDATING PRODUCTS (JobID: 9b75c467-f477-4175-877a-67236596579b)
 - New and modified: 0

[24/May/2023:06:00:39] UPDATING PREPAGATI (JobID: 1617b221-09fd-457e-9b87-631724050316)
 - New and modified: 0

[24/May/2023:06:00:39] DELETING PREPAGATI (JobID: 1617b221-09fd-457e-9b87-631724050316)
 - Deleted: 0

[24/May/2023:06:10:04] UPDATING ACCOUNTS (JobID: d3edf305-6e7f-4768-b667-49670c9018f8)
 - New and modified: 0

[24/May/2023:06:10:04] DELETING ACCOUNTS (JobID: d3edf305-6e7f-4768-b667-49670c9018f8)
 - Deleted: 0

[24/May/2023:06:10:38] UPDATING PRODUCTS (JobID: 1d77f451-97e4-4492-84b5-927fe4c50013)
 - New and modified: 0

[24/May/2023:06:10:40] UPDATING PREPAGATI (JobID: 5d0ff9a3-dd54-4eaf-ba02-99e520636d62)
 - New and modified: 0

[24/May/2023:06:10:40] DELETING PREPAGATI (JobID: 5d0ff9a3-dd54-4eaf-ba02-99e520636d62)
 - Deleted: 0

[24/May/2023:06:20:05] UPDATING ACCOUNTS (JobID: 1e72a686-7f56-44dd-a31b-99a10c66c13b)
 - New and modified: 0

[24/May/2023:06:20:05] DELETING ACCOUNTS (JobID: 1e72a686-7f56-44dd-a31b-99a10c66c13b)
 - Deleted: 0

[24/May/2023:06:20:40] UPDATING PRODUCTS (JobID: f72a8fe0-04f7-444b-859d-fc7763c770b2)
 - New and modified: 0

[24/May/2023:06:20:42] UPDATING PREPAGATI (JobID: c408b2e2-3cfa-4533-b15c-7a693bfbdcc3)
 - New and modified: 0

[24/May/2023:06:20:42] DELETING PREPAGATI (JobID: c408b2e2-3cfa-4533-b15c-7a693bfbdcc3)
 - Deleted: 0

[24/May/2023:06:30:04] UPDATING ACCOUNTS (JobID: cecfb878-de07-4eb2-a3bc-68141c7dd3aa)
 - New and modified: 0

[24/May/2023:06:30:04] DELETING ACCOUNTS (JobID: cecfb878-de07-4eb2-a3bc-68141c7dd3aa)
 - Deleted: 0

[24/May/2023:06:30:37] UPDATING PRODUCTS (JobID: 0abd6ae4-1295-41e2-92be-95cbcdf62609)
 - New and modified: 0

[24/May/2023:06:30:39] UPDATING PREPAGATI (JobID: 0b9f5362-bd27-4bbb-982e-af7b37ad33eb)
 - New and modified: 0

[24/May/2023:06:30:39] DELETING PREPAGATI (JobID: 0b9f5362-bd27-4bbb-982e-af7b37ad33eb)
 - Deleted: 0

[24/May/2023:06:40:04] UPDATING ACCOUNTS (JobID: 6195e663-a75a-4245-842d-13d6bc07ba0b)
 - New and modified: 0

[24/May/2023:06:40:04] DELETING ACCOUNTS (JobID: 6195e663-a75a-4245-842d-13d6bc07ba0b)
 - Deleted: 0

[24/May/2023:06:40:36] UPDATING PRODUCTS (JobID: 63a68fb2-3976-4d71-906a-11e81e3d77a7)
 - New and modified: 0

[24/May/2023:06:40:37] UPDATING PREPAGATI (JobID: f14e44a8-4d35-4b12-a7ee-54d4d9b82653)
 - New and modified: 0

[24/May/2023:06:40:37] DELETING PREPAGATI (JobID: f14e44a8-4d35-4b12-a7ee-54d4d9b82653)
 - Deleted: 0

[24/May/2023:06:50:04] UPDATING ACCOUNTS (JobID: 2e54ddf3-8272-4072-8ddd-db9ac452060b)
 - New and modified: 0

[24/May/2023:06:50:04] DELETING ACCOUNTS (JobID: 2e54ddf3-8272-4072-8ddd-db9ac452060b)
 - Deleted: 0

[24/May/2023:06:50:36] UPDATING PRODUCTS (JobID: 4cd3d4a5-173e-4707-9349-19e7604d2a48)
 - New and modified: 0

[24/May/2023:06:50:37] UPDATING PREPAGATI (JobID: 4d6c3016-08a1-443d-8e73-9922ac6632ce)
 - New and modified: 0

[24/May/2023:06:50:37] DELETING PREPAGATI (JobID: 4d6c3016-08a1-443d-8e73-9922ac6632ce)
 - Deleted: 0

[24/May/2023:07:00:16] UPDATING ACCOUNTS (JobID: af0f9363-c2d3-4d30-8370-7c4fc03afe39)
 - New and modified: 0

[24/May/2023:07:00:16] DELETING ACCOUNTS (JobID: af0f9363-c2d3-4d30-8370-7c4fc03afe39)
 - Deleted: 0

[24/May/2023:07:00:50] UPDATING PRODUCTS (JobID: 566f8364-996b-4043-b047-9510039fb80a)
 - New and modified: 0

[24/May/2023:07:00:52] UPDATING PREPAGATI (JobID: 4b06b5a6-ab52-4fe0-8d5a-babf7595e14c)
 - New and modified: 0

[24/May/2023:07:00:52] DELETING PREPAGATI (JobID: 4b06b5a6-ab52-4fe0-8d5a-babf7595e14c)
 - Deleted: 0

[24/May/2023:07:10:04] UPDATING ACCOUNTS (JobID: a3651c4a-efc8-4932-842b-1780b21e253f)
 - New and modified: 0

[24/May/2023:07:10:04] DELETING ACCOUNTS (JobID: a3651c4a-efc8-4932-842b-1780b21e253f)
 - Deleted: 0

[24/May/2023:07:10:38] UPDATING PRODUCTS (JobID: 8f94735d-168b-4cd0-b19f-441d0abfbf61)
 - New and modified: 0

[24/May/2023:07:10:40] UPDATING PREPAGATI (JobID: e0b3cebb-25fd-4bdc-8110-aaed7920e54a)
 - New and modified: 0

[24/May/2023:07:10:40] DELETING PREPAGATI (JobID: e0b3cebb-25fd-4bdc-8110-aaed7920e54a)
 - Deleted: 0

[24/May/2023:07:20:05] UPDATING ACCOUNTS (JobID: a853927e-f8da-47b3-9ec6-a8e511935209)
 - New and modified: 0

[24/May/2023:07:20:05] DELETING ACCOUNTS (JobID: a853927e-f8da-47b3-9ec6-a8e511935209)
 - Deleted: 0

[24/May/2023:07:20:41] UPDATING PRODUCTS (JobID: 59eda48f-6bf4-4a3b-abd1-3fdb492d0c4b)
 - New and modified: 0

[24/May/2023:07:20:42] UPDATING PREPAGATI (JobID: ddf5ec94-03b4-4fb1-b2ed-cc5c7f736320)
 - New and modified: 0

[24/May/2023:07:20:42] DELETING PREPAGATI (JobID: ddf5ec94-03b4-4fb1-b2ed-cc5c7f736320)
 - Deleted: 0

[24/May/2023:07:30:04] UPDATING ACCOUNTS (JobID: 48455e20-07c4-4abc-9529-016bda9f0dbf)
 - New and modified: 0

[24/May/2023:07:30:04] DELETING ACCOUNTS (JobID: 48455e20-07c4-4abc-9529-016bda9f0dbf)
 - Deleted: 0

[24/May/2023:07:30:39] UPDATING PRODUCTS (JobID: 75d65b4a-2319-41ff-a8b6-747537fb27fb)
 - New and modified: 0

[24/May/2023:07:30:41] UPDATING PREPAGATI (JobID: e5ea02d6-a0f1-45ad-86b7-b80263649adb)
 - New and modified: 0

[24/May/2023:07:30:41] DELETING PREPAGATI (JobID: e5ea02d6-a0f1-45ad-86b7-b80263649adb)
 - Deleted: 0

[24/May/2023:07:40:04] UPDATING ACCOUNTS (JobID: fd277dc8-f75e-43a4-b1a8-7096531c1cad)
 - New and modified: 0

[24/May/2023:07:40:04] DELETING ACCOUNTS (JobID: fd277dc8-f75e-43a4-b1a8-7096531c1cad)
 - Deleted: 0

[24/May/2023:07:40:38] UPDATING PRODUCTS (JobID: 53fd9e6c-a4e9-4c2a-83ea-42d12ed96a11)
 - New and modified: 0

[24/May/2023:07:40:40] UPDATING PREPAGATI (JobID: ecd63a78-892f-45ea-a006-04b27d62a4fe)
 - New and modified: 0

[24/May/2023:07:40:40] DELETING PREPAGATI (JobID: ecd63a78-892f-45ea-a006-04b27d62a4fe)
 - Deleted: 0

[24/May/2023:07:50:04] UPDATING ACCOUNTS (JobID: a13b4853-eb97-4ca0-b87a-f15fac791c9f)
 - New and modified: 0

[24/May/2023:07:50:04] DELETING ACCOUNTS (JobID: a13b4853-eb97-4ca0-b87a-f15fac791c9f)
 - Deleted: 0

[24/May/2023:07:50:38] UPDATING PRODUCTS (JobID: 4038aafb-a657-4710-8adf-b42b97dcf826)
 - New and modified: 0

[24/May/2023:07:50:40] UPDATING PREPAGATI (JobID: 5c7dfe0b-cf49-4550-be9d-0649d9023a03)
 - New and modified: 0

[24/May/2023:07:50:40] DELETING PREPAGATI (JobID: 5c7dfe0b-cf49-4550-be9d-0649d9023a03)
 - Deleted: 0

[24/May/2023:08:00:04] UPDATING ACCOUNTS (JobID: ff59c175-dd59-41a3-8fa5-1208af617ea1)
 - New and modified: 0

[24/May/2023:08:00:04] DELETING ACCOUNTS (JobID: ff59c175-dd59-41a3-8fa5-1208af617ea1)
 - Deleted: 0

[24/May/2023:08:00:41] UPDATING PRODUCTS (JobID: caabf82d-be0b-4f1e-a464-d61d9ebd0199)
 - New and modified: 0

[24/May/2023:08:00:43] UPDATING PREPAGATI (JobID: 974d9ecc-a526-4d05-9637-a4a4f7773a8c)
 - New and modified: 0

[24/May/2023:08:00:43] DELETING PREPAGATI (JobID: 974d9ecc-a526-4d05-9637-a4a4f7773a8c)
 - Deleted: 0

[24/May/2023:08:10:04] UPDATING ACCOUNTS (JobID: 2ee50df8-1831-4c13-ad8d-3b44161d2f96)
 - New and modified: 0

[24/May/2023:08:10:04] DELETING ACCOUNTS (JobID: 2ee50df8-1831-4c13-ad8d-3b44161d2f96)
 - Deleted: 0

[24/May/2023:08:10:39] UPDATING PRODUCTS (JobID: 17aa3a4f-39a7-42d9-915e-eb29e99ed467)
 - New and modified: 0

[24/May/2023:08:10:41] UPDATING PREPAGATI (JobID: 83e42304-842b-4127-a5db-98e6002590f0)
 - New and modified: 0

[24/May/2023:08:10:41] DELETING PREPAGATI (JobID: 83e42304-842b-4127-a5db-98e6002590f0)
 - Deleted: 0

[24/May/2023:08:30:04] UPDATING ACCOUNTS (JobID: 2bac456d-7b8c-4a81-98b3-5dfbe30b6749)
 - New and modified: 0

[24/May/2023:08:30:04] DELETING ACCOUNTS (JobID: 2bac456d-7b8c-4a81-98b3-5dfbe30b6749)
 - Deleted: 0

[24/May/2023:08:30:39] UPDATING PRODUCTS (JobID: ff8dc181-65d9-4e0f-8291-4657ef5c75e4)
 - New and modified: 0

[24/May/2023:08:30:41] UPDATING PREPAGATI (JobID: 2e1e3ef3-aa2c-43bc-9f23-843dcb5fc1dd)
 - New and modified: 0

[24/May/2023:08:30:41] DELETING PREPAGATI (JobID: 2e1e3ef3-aa2c-43bc-9f23-843dcb5fc1dd)
 - Deleted: 0

[24/May/2023:08:40:04] UPDATING ACCOUNTS (JobID: f6afa7a8-60b1-48bf-b2c5-cee6326e98ba)
 - New and modified: 0

[24/May/2023:08:40:04] DELETING ACCOUNTS (JobID: f6afa7a8-60b1-48bf-b2c5-cee6326e98ba)
 - Deleted: 0

[24/May/2023:08:40:39] UPDATING PRODUCTS (JobID: 789d0fa3-4125-4d71-a811-f4d39f8515bf)
 - New and modified: 0

[24/May/2023:08:40:41] UPDATING PREPAGATI (JobID: b32844f7-fdc9-4de5-8232-49d7bd239522)
 - New and modified: 0

[24/May/2023:08:40:41] DELETING PREPAGATI (JobID: b32844f7-fdc9-4de5-8232-49d7bd239522)
 - Deleted: 0

[24/May/2023:08:50:04] UPDATING ACCOUNTS (JobID: 831d6ef0-18c8-4f96-a39e-17bd8727e7ff)
 - New and modified: 0

[24/May/2023:08:50:04] DELETING ACCOUNTS (JobID: 831d6ef0-18c8-4f96-a39e-17bd8727e7ff)
 - Deleted: 0

[24/May/2023:08:50:39] UPDATING PRODUCTS (JobID: 2c5d493c-1226-43a6-a499-312393cafe39)
 - New and modified: 0

[24/May/2023:08:50:41] UPDATING PREPAGATI (JobID: a7f88a82-d1ff-4296-8667-641929bf83b3)
 - New and modified: 0

[24/May/2023:08:50:41] DELETING PREPAGATI (JobID: a7f88a82-d1ff-4296-8667-641929bf83b3)
 - Deleted: 0

[24/May/2023:09:00:04] UPDATING ACCOUNTS (JobID: 59fd7520-f51e-406b-b1e6-dd4ac0454e5a)
 - New and modified: 0

[24/May/2023:09:00:04] DELETING ACCOUNTS (JobID: 59fd7520-f51e-406b-b1e6-dd4ac0454e5a)
 - Deleted: 0

[24/May/2023:09:00:43] UPDATING PRODUCTS (JobID: 89914a11-4feb-4c00-b65f-1d72b5dd8d34)
 - New and modified: 0

[24/May/2023:09:00:44] UPDATING PREPAGATI (JobID: 33de053f-fd76-4db8-ae6a-488e206b101b)
 - New and modified: 0

[24/May/2023:09:00:44] DELETING PREPAGATI (JobID: 33de053f-fd76-4db8-ae6a-488e206b101b)
 - Deleted: 0

[24/May/2023:09:10:04] UPDATING ACCOUNTS (JobID: e6df327c-e376-4ce8-8ffa-fd8d6bdd8d2f)
 - New and modified: 0

[24/May/2023:09:10:04] DELETING ACCOUNTS (JobID: e6df327c-e376-4ce8-8ffa-fd8d6bdd8d2f)
 - Deleted: 0

[24/May/2023:09:10:39] UPDATING PRODUCTS (JobID: 5c24c1ab-07b5-4cec-b19e-daacdce93584)
 - New and modified: 0

[24/May/2023:09:10:41] UPDATING PREPAGATI (JobID: a36c1f1c-21ed-4091-8d9e-17917b488007)
 - New and modified: 0

[24/May/2023:09:10:41] DELETING PREPAGATI (JobID: a36c1f1c-21ed-4091-8d9e-17917b488007)
 - Deleted: 0

[24/May/2023:09:20:04] UPDATING ACCOUNTS (JobID: 4a7bd52d-2024-4f7e-babb-0a340f5fa438)
 - New and modified: 0

[24/May/2023:09:20:04] DELETING ACCOUNTS (JobID: 4a7bd52d-2024-4f7e-babb-0a340f5fa438)
 - Deleted: 0

[24/May/2023:09:20:39] UPDATING PRODUCTS (JobID: 54107449-0c77-4de8-9e17-0ede69ff546a)
 - New and modified: 0

[24/May/2023:09:20:41] UPDATING PREPAGATI (JobID: 59e2cdad-9462-4026-8e10-6da3faa65912)
 - New and modified: 0

[24/May/2023:09:20:41] DELETING PREPAGATI (JobID: 59e2cdad-9462-4026-8e10-6da3faa65912)
 - Deleted: 0

[24/May/2023:09:30:05] UPDATING ACCOUNTS (JobID: 78012807-f404-428c-90f4-2174acb6f2d7)
 - New and modified: 0

[24/May/2023:09:30:05] DELETING ACCOUNTS (JobID: 78012807-f404-428c-90f4-2174acb6f2d7)
 - Deleted: 0

[24/May/2023:09:30:39] UPDATING PRODUCTS (JobID: e978daa8-86df-4a2c-aa82-27e606824216)
 - New and modified: 0

[24/May/2023:09:30:41] UPDATING PREPAGATI (JobID: e02dd83c-928a-4e3a-a778-a2782d3eb9cc)
 - New and modified: 0

[24/May/2023:09:30:41] DELETING PREPAGATI (JobID: e02dd83c-928a-4e3a-a778-a2782d3eb9cc)
 - Deleted: 0

[24/May/2023:09:40:04] UPDATING ACCOUNTS (JobID: b4906cf1-4ae6-47cc-92f3-d954f97881e3)
 - New and modified: 0

[24/May/2023:09:40:04] DELETING ACCOUNTS (JobID: b4906cf1-4ae6-47cc-92f3-d954f97881e3)
 - Deleted: 0

[24/May/2023:09:40:40] UPDATING PRODUCTS (JobID: 8de4fb8d-f14e-4e31-90b7-13106cae3aab)
 - New and modified: 0

[24/May/2023:09:40:42] UPDATING PREPAGATI (JobID: e616e815-ad21-45fb-a0d8-539c84425efe)
 - New and modified: 0

[24/May/2023:09:40:42] DELETING PREPAGATI (JobID: e616e815-ad21-45fb-a0d8-539c84425efe)
 - Deleted: 0

[24/May/2023:09:50:04] UPDATING ACCOUNTS (JobID: c58a04ce-b5fd-431b-8706-35dd3cf9a115)
 - New and modified: 0

[24/May/2023:09:50:04] DELETING ACCOUNTS (JobID: c58a04ce-b5fd-431b-8706-35dd3cf9a115)
 - Deleted: 0

[24/May/2023:09:50:39] UPDATING PRODUCTS (JobID: 376357f1-0002-4853-9e57-72b50173c55f)
 - New and modified: 0

[24/May/2023:09:50:41] UPDATING PREPAGATI (JobID: a950fd23-929d-4e8c-b78e-7bacec458dce)
 - New and modified: 0

[24/May/2023:09:50:41] DELETING PREPAGATI (JobID: a950fd23-929d-4e8c-b78e-7bacec458dce)
 - Deleted: 0

[24/May/2023:10:00:05] UPDATING ACCOUNTS (JobID: 79a0ce58-4c79-4d10-aa6a-1294215c7736)
 - New and modified: 0

[24/May/2023:10:00:05] DELETING ACCOUNTS (JobID: 79a0ce58-4c79-4d10-aa6a-1294215c7736)
 - Deleted: 0

[24/May/2023:10:00:42] UPDATING PRODUCTS (JobID: fd7a2c51-246c-4f8b-a718-c0ceefca07ab)
 - New and modified: 0

[24/May/2023:10:00:44] UPDATING PREPAGATI (JobID: 1cd3d6a4-6c3f-4d01-90df-b7d4dd6da064)
 - New and modified: 0

[24/May/2023:10:00:44] DELETING PREPAGATI (JobID: 1cd3d6a4-6c3f-4d01-90df-b7d4dd6da064)
 - Deleted: 0

[24/May/2023:10:10:05] UPDATING ACCOUNTS (JobID: 63b31d27-31d3-46e8-8bc1-a93f7d5fbe76)
 - New and modified: 0

[24/May/2023:10:10:05] DELETING ACCOUNTS (JobID: 63b31d27-31d3-46e8-8bc1-a93f7d5fbe76)
 - Deleted: 0

[24/May/2023:10:10:40] UPDATING PRODUCTS (JobID: a938fbc2-a457-4699-8a63-863875c74fdc)
 - New and modified: 0

[24/May/2023:10:10:42] UPDATING PREPAGATI (JobID: 59097c68-0502-4d51-9237-f870b66adc39)
 - New and modified: 0

[24/May/2023:10:10:42] DELETING PREPAGATI (JobID: 59097c68-0502-4d51-9237-f870b66adc39)
 - Deleted: 0

[24/May/2023:10:20:04] UPDATING ACCOUNTS (JobID: f8c2ae39-ed63-4379-806d-bc366501a5aa)
 - New and modified: 0

[24/May/2023:10:20:04] DELETING ACCOUNTS (JobID: f8c2ae39-ed63-4379-806d-bc366501a5aa)
 - Deleted: 0

[24/May/2023:10:20:38] UPDATING PRODUCTS (JobID: bdb0b90b-5df1-45cd-9d18-1c851e016576)
 - New and modified: 0

[24/May/2023:10:20:40] UPDATING PREPAGATI (JobID: 84fa88aa-24fd-4782-b5fa-3fc9f51ae9a4)
 - New and modified: 0

[24/May/2023:10:20:40] DELETING PREPAGATI (JobID: 84fa88aa-24fd-4782-b5fa-3fc9f51ae9a4)
 - Deleted: 0

[24/May/2023:10:30:05] UPDATING ACCOUNTS (JobID: c2750ba3-f2f4-4643-8905-5e93a23930e8)
 - New and modified: 0

[24/May/2023:10:30:05] DELETING ACCOUNTS (JobID: c2750ba3-f2f4-4643-8905-5e93a23930e8)
 - Deleted: 0

[24/May/2023:10:30:38] UPDATING PRODUCTS (JobID: a837dabb-e686-4fd7-b084-7895659ce582)
 - New and modified: 0

[24/May/2023:10:30:39] UPDATING PREPAGATI (JobID: 2b9598a2-137f-481a-95b4-253359d59f3f)
 - New and modified: 0

[24/May/2023:10:30:39] DELETING PREPAGATI (JobID: 2b9598a2-137f-481a-95b4-253359d59f3f)
 - Deleted: 0

[24/May/2023:10:40:04] UPDATING ACCOUNTS (JobID: bccf1987-4e43-427f-956f-f31467aa9f96)
 - New and modified: 0

[24/May/2023:10:40:04] DELETING ACCOUNTS (JobID: bccf1987-4e43-427f-956f-f31467aa9f96)
 - Deleted: 0

[24/May/2023:10:40:37] UPDATING PRODUCTS (JobID: ae5973f6-0bbb-4c0f-98b2-61fb006728f1)
 - New and modified: 0

[24/May/2023:10:40:39] UPDATING PREPAGATI (JobID: 3591a844-f0fa-427c-b185-d72b177a3f9b)
 - New and modified: 0

[24/May/2023:10:40:39] DELETING PREPAGATI (JobID: 3591a844-f0fa-427c-b185-d72b177a3f9b)
 - Deleted: 0

[24/May/2023:10:50:04] UPDATING ACCOUNTS (JobID: 1b5ece42-b5d9-45d2-8e0c-df8bbef7fc52)
 - New and modified: 0

[24/May/2023:10:50:04] DELETING ACCOUNTS (JobID: 1b5ece42-b5d9-45d2-8e0c-df8bbef7fc52)
 - Deleted: 0

[24/May/2023:10:50:36] UPDATING PRODUCTS (JobID: 846ac3cb-0e9c-4485-a672-5c261b485ff0)
 - New and modified: 0

[24/May/2023:10:50:38] UPDATING PREPAGATI (JobID: 5c960f6b-92d8-4b14-8d90-08255e9b9339)
 - New and modified: 0

[24/May/2023:10:50:38] DELETING PREPAGATI (JobID: 5c960f6b-92d8-4b14-8d90-08255e9b9339)
 - Deleted: 0

[24/May/2023:11:00:04] UPDATING ACCOUNTS (JobID: d4bbb4a7-fc35-46f4-9e1c-bac62567f3ae)
 - New and modified: 0

[24/May/2023:11:00:04] DELETING ACCOUNTS (JobID: d4bbb4a7-fc35-46f4-9e1c-bac62567f3ae)
 - Deleted: 0

[24/May/2023:11:00:38] UPDATING PRODUCTS (JobID: ccf9ac90-c84e-44cb-baf2-55f4bc4c144e)
 - New and modified: 0

[24/May/2023:11:00:40] UPDATING PREPAGATI (JobID: 1e7621aa-d6e9-47eb-b99b-55d221501a5a)
 - New and modified: 0

[24/May/2023:11:00:40] DELETING PREPAGATI (JobID: 1e7621aa-d6e9-47eb-b99b-55d221501a5a)
 - Deleted: 0

[24/May/2023:11:10:04] UPDATING ACCOUNTS (JobID: 8d1cbbbf-02f1-4b61-a8c6-330dbb9120f3)
 - New and modified: 0

[24/May/2023:11:10:04] DELETING ACCOUNTS (JobID: 8d1cbbbf-02f1-4b61-a8c6-330dbb9120f3)
 - Deleted: 0

[24/May/2023:11:10:38] UPDATING PRODUCTS (JobID: 9e2e1fbf-5344-4b6f-9d9a-23afc8cc1fca)
 - New and modified: 0

[24/May/2023:11:10:40] UPDATING PREPAGATI (JobID: e4faea03-235d-4947-b303-686271321ef0)
 - New and modified: 0

[24/May/2023:11:10:40] DELETING PREPAGATI (JobID: e4faea03-235d-4947-b303-686271321ef0)
 - Deleted: 0

[24/May/2023:11:20:04] UPDATING ACCOUNTS (JobID: 8ffd24b1-fa0b-43fd-9df3-ad8796e941a8)
 - New and modified: 0

[24/May/2023:11:20:04] DELETING ACCOUNTS (JobID: 8ffd24b1-fa0b-43fd-9df3-ad8796e941a8)
 - Deleted: 0

[24/May/2023:11:20:37] UPDATING PRODUCTS (JobID: 82e8bfdc-f5d9-4da3-a575-5fb00c7fd80d)
 - New and modified: 0

[24/May/2023:11:20:39] UPDATING PREPAGATI (JobID: 9588308f-32d9-4992-9d19-e4ab3bf84587)
 - New and modified: 0

[24/May/2023:11:20:39] DELETING PREPAGATI (JobID: 9588308f-32d9-4992-9d19-e4ab3bf84587)
 - Deleted: 0

[24/May/2023:11:30:04] UPDATING ACCOUNTS (JobID: e46e80ce-3f15-40e8-bcb7-e7e44f374ba2)
 - New and modified: 0

[24/May/2023:11:30:04] DELETING ACCOUNTS (JobID: e46e80ce-3f15-40e8-bcb7-e7e44f374ba2)
 - Deleted: 0

[24/May/2023:11:30:37] UPDATING PRODUCTS (JobID: a90f1fe3-ef87-41fb-854c-bba56173a0e5)
 - New and modified: 0

[24/May/2023:11:30:39] UPDATING PREPAGATI (JobID: 779dae12-be8d-4643-8ed6-1df6c844f7ee)
 - New and modified: 0

[24/May/2023:11:30:39] DELETING PREPAGATI (JobID: 779dae12-be8d-4643-8ed6-1df6c844f7ee)
 - Deleted: 0

[24/May/2023:11:40:04] UPDATING ACCOUNTS (JobID: b9f4fb5b-be7e-4418-ae82-dac1ddd51326)
 - New and modified: 0

[24/May/2023:11:40:04] DELETING ACCOUNTS (JobID: b9f4fb5b-be7e-4418-ae82-dac1ddd51326)
 - Deleted: 0

[24/May/2023:11:40:36] UPDATING PRODUCTS (JobID: 0f8f7505-7110-4a08-99c0-d9ea95f6e2ed)
 - New and modified: 0

[24/May/2023:11:40:38] UPDATING PREPAGATI (JobID: 1a9fd394-06e0-4727-86e7-bf9251113e86)
 - New and modified: 0

[24/May/2023:11:40:38] DELETING PREPAGATI (JobID: 1a9fd394-06e0-4727-86e7-bf9251113e86)
 - Deleted: 0

[24/May/2023:11:50:04] UPDATING ACCOUNTS (JobID: db36102d-b94f-44a2-af85-aff80e002a04)
 - New and modified: 0

[24/May/2023:11:50:04] DELETING ACCOUNTS (JobID: db36102d-b94f-44a2-af85-aff80e002a04)
 - Deleted: 0

[24/May/2023:11:50:37] UPDATING PRODUCTS (JobID: 9756b6f1-7277-4be5-8546-dea44bb6f9b5)
 - New and modified: 0

[24/May/2023:11:50:39] UPDATING PREPAGATI (JobID: 20b603c6-ae08-416d-bf9d-d980d8ef1616)
 - New and modified: 0

[24/May/2023:11:50:39] DELETING PREPAGATI (JobID: 20b603c6-ae08-416d-bf9d-d980d8ef1616)
 - Deleted: 0

[24/May/2023:12:00:04] UPDATING ACCOUNTS (JobID: f287de22-7221-41b6-9b6a-e5b8aa746fce)
 - New and modified: 0

[24/May/2023:12:00:04] DELETING ACCOUNTS (JobID: f287de22-7221-41b6-9b6a-e5b8aa746fce)
 - Deleted: 0

[24/May/2023:12:00:38] UPDATING PRODUCTS (JobID: 5f3c62ce-fffb-4cf5-9748-b00cafc850ce)
 - New and modified: 0

[24/May/2023:12:00:39] UPDATING PREPAGATI (JobID: dab32fd6-950f-4e6b-a83c-50272aae1591)
 - New and modified: 0

[24/May/2023:12:00:39] DELETING PREPAGATI (JobID: dab32fd6-950f-4e6b-a83c-50272aae1591)
 - Deleted: 0

[24/May/2023:12:10:04] UPDATING ACCOUNTS (JobID: 20ffb9c1-e40b-4074-9453-3482ffa682ea)
 - New and modified: 0

[24/May/2023:12:10:04] DELETING ACCOUNTS (JobID: 20ffb9c1-e40b-4074-9453-3482ffa682ea)
 - Deleted: 0

[24/May/2023:12:10:38] UPDATING PRODUCTS (JobID: 99706f9f-d610-4649-9f1d-8b1ed783d9ff)
 - New and modified: 0

[24/May/2023:12:10:40] UPDATING PREPAGATI (JobID: f13e4b51-1e80-4759-a005-bc1413a8d882)
 - New and modified: 0

[24/May/2023:12:10:40] DELETING PREPAGATI (JobID: f13e4b51-1e80-4759-a005-bc1413a8d882)
 - Deleted: 0

[24/May/2023:12:20:04] UPDATING ACCOUNTS (JobID: 513cc522-72aa-4d07-a161-c717bb80eff5)
 - New and modified: 0

[24/May/2023:12:20:04] DELETING ACCOUNTS (JobID: 513cc522-72aa-4d07-a161-c717bb80eff5)
 - Deleted: 0

[24/May/2023:12:20:39] UPDATING PRODUCTS (JobID: 357e3af1-975c-4472-981f-d4775a6e468d)
 - New and modified: 0

[24/May/2023:12:20:41] UPDATING PREPAGATI (JobID: 84e9b7eb-737e-418d-ba7d-9a4e3624cc6d)
 - New and modified: 0

[24/May/2023:12:20:41] DELETING PREPAGATI (JobID: 84e9b7eb-737e-418d-ba7d-9a4e3624cc6d)
 - Deleted: 0

[24/May/2023:12:40:04] UPDATING ACCOUNTS (JobID: 56a84e29-7439-4662-a76b-963b9e506771)
 - New and modified: 0

[24/May/2023:12:40:04] DELETING ACCOUNTS (JobID: 56a84e29-7439-4662-a76b-963b9e506771)
 - Deleted: 0

[24/May/2023:12:40:38] UPDATING PRODUCTS (JobID: 5a09d2bc-da16-459e-8f88-5e42e895c586)
 - New and modified: 0

[24/May/2023:12:40:40] UPDATING PREPAGATI (JobID: f4c8772c-65dd-4638-81b3-d81cd140a544)
 - New and modified: 0

[24/May/2023:12:40:40] DELETING PREPAGATI (JobID: f4c8772c-65dd-4638-81b3-d81cd140a544)
 - Deleted: 0

[24/May/2023:12:50:04] UPDATING ACCOUNTS (JobID: fd981cab-c92d-4dc8-b33c-81cb9de69dfe)
 - New and modified: 0

[24/May/2023:12:50:04] DELETING ACCOUNTS (JobID: fd981cab-c92d-4dc8-b33c-81cb9de69dfe)
 - Deleted: 0

[24/May/2023:12:50:38] UPDATING PRODUCTS (JobID: 48fe8e20-bc05-4ebc-9102-c1be936f4d6d)
 - New and modified: 0

[24/May/2023:12:50:40] UPDATING PREPAGATI (JobID: 964751d3-8645-44a3-9a2f-6dec4c1b4cff)
 - New and modified: 0

[24/May/2023:12:50:40] DELETING PREPAGATI (JobID: 964751d3-8645-44a3-9a2f-6dec4c1b4cff)
 - Deleted: 0

[24/May/2023:13:00:05] UPDATING ACCOUNTS (JobID: 5797a81c-991c-4252-bc91-ce19504403a4)
 - New and modified: 0

[24/May/2023:13:00:05] DELETING ACCOUNTS (JobID: 5797a81c-991c-4252-bc91-ce19504403a4)
 - Deleted: 0

[24/May/2023:13:00:41] UPDATING PRODUCTS (JobID: c91f789e-474e-4bc2-8204-4be235e744da)
 - New and modified: 0

[24/May/2023:13:00:42] UPDATING PREPAGATI (JobID: 26cbdb9c-c733-427d-a617-8367eb3754f1)
 - New and modified: 0

[24/May/2023:13:00:42] DELETING PREPAGATI (JobID: 26cbdb9c-c733-427d-a617-8367eb3754f1)
 - Deleted: 0

[24/May/2023:13:10:04] UPDATING ACCOUNTS (JobID: f013fb51-dd6c-4b85-9154-9ad01eb3201b)
 - New and modified: 0

[24/May/2023:13:10:04] DELETING ACCOUNTS (JobID: f013fb51-dd6c-4b85-9154-9ad01eb3201b)
 - Deleted: 0

[24/May/2023:13:10:38] UPDATING PRODUCTS (JobID: 31ef775d-323c-42d8-9e15-5fbae084f21e)
 - New and modified: 0

[24/May/2023:13:10:40] UPDATING PREPAGATI (JobID: b4de4e02-db02-401f-955f-c6d28bca6325)
 - New and modified: 0

[24/May/2023:13:10:40] DELETING PREPAGATI (JobID: b4de4e02-db02-401f-955f-c6d28bca6325)
 - Deleted: 0

[24/May/2023:13:20:05] UPDATING ACCOUNTS (JobID: c3e85594-c980-44a7-b2a5-1674e7118f1e)
 - New and modified: 0

[24/May/2023:13:20:05] DELETING ACCOUNTS (JobID: c3e85594-c980-44a7-b2a5-1674e7118f1e)
 - Deleted: 0

[24/May/2023:13:20:40] UPDATING PRODUCTS (JobID: 00abcc8d-abd8-4311-ba20-65d850f7418c)
 - New and modified: 0

[24/May/2023:13:20:42] UPDATING PREPAGATI (JobID: 8b7f71b5-3dc3-4f23-84fb-7ba787806356)
 - New and modified: 0

[24/May/2023:13:20:42] DELETING PREPAGATI (JobID: 8b7f71b5-3dc3-4f23-84fb-7ba787806356)
 - Deleted: 0

[24/May/2023:13:30:04] UPDATING ACCOUNTS (JobID: 2f9decbb-d926-4248-93ff-8a7e52a5428f)
 - New and modified: 0

[24/May/2023:13:30:04] DELETING ACCOUNTS (JobID: 2f9decbb-d926-4248-93ff-8a7e52a5428f)
 - Deleted: 0

[24/May/2023:13:30:37] UPDATING PRODUCTS (JobID: 49ae0411-67eb-4652-9dbb-a83dcd5840c9)
 - New and modified: 0

[24/May/2023:13:30:39] UPDATING PREPAGATI (JobID: 7bdbbf06-bcb5-4eb9-b8b5-2bd696f775d5)
 - New and modified: 0

[24/May/2023:13:30:39] DELETING PREPAGATI (JobID: 7bdbbf06-bcb5-4eb9-b8b5-2bd696f775d5)
 - Deleted: 0

[24/May/2023:13:40:04] UPDATING ACCOUNTS (JobID: 4fd449fa-9dbd-4fde-9611-1d5850f9f442)
 - New and modified: 0

[24/May/2023:13:40:04] DELETING ACCOUNTS (JobID: 4fd449fa-9dbd-4fde-9611-1d5850f9f442)
 - Deleted: 0

[24/May/2023:13:40:36] UPDATING PRODUCTS (JobID: cd112a61-b8ef-4e44-9e39-258ce31b9b8e)
 - New and modified: 0

[24/May/2023:13:40:38] UPDATING PREPAGATI (JobID: 2ba72292-8c2e-4723-a4e9-8b693f91cf08)
 - New and modified: 0

[24/May/2023:13:40:38] DELETING PREPAGATI (JobID: 2ba72292-8c2e-4723-a4e9-8b693f91cf08)
 - Deleted: 0

[24/May/2023:13:50:04] UPDATING ACCOUNTS (JobID: 0129d588-ff33-4992-8169-48ca414d71d6)
 - New and modified: 0

[24/May/2023:13:50:04] DELETING ACCOUNTS (JobID: 0129d588-ff33-4992-8169-48ca414d71d6)
 - Deleted: 0

[24/May/2023:13:50:36] UPDATING PRODUCTS (JobID: b5275b8b-1d65-410a-a1f7-e044c17d7a13)
 - New and modified: 0

[24/May/2023:13:50:37] UPDATING PREPAGATI (JobID: a819291c-5c95-442a-becb-e238749939d1)
 - New and modified: 0

[24/May/2023:13:50:37] DELETING PREPAGATI (JobID: a819291c-5c95-442a-becb-e238749939d1)
 - Deleted: 0

[24/May/2023:14:00:04] UPDATING ACCOUNTS (JobID: f9ff4872-7cc1-4e18-83cc-9af4ce59e467)
 - New and modified: 0

[24/May/2023:14:00:04] DELETING ACCOUNTS (JobID: f9ff4872-7cc1-4e18-83cc-9af4ce59e467)
 - Deleted: 0

[24/May/2023:14:00:37] UPDATING PRODUCTS (JobID: 3e2da04d-20b7-459c-8cb2-290363a5274e)
 - New and modified: 0

[24/May/2023:14:00:39] UPDATING PREPAGATI (JobID: 70dc87cf-145d-4347-b3dd-51433acce429)
 - New and modified: 0

[24/May/2023:14:00:39] DELETING PREPAGATI (JobID: 70dc87cf-145d-4347-b3dd-51433acce429)
 - Deleted: 0

[24/May/2023:14:10:04] UPDATING ACCOUNTS (JobID: ce1be378-bae6-4e62-9f79-968ff43fbe0f)
 - New and modified: 0

[24/May/2023:14:10:04] DELETING ACCOUNTS (JobID: ce1be378-bae6-4e62-9f79-968ff43fbe0f)
 - Deleted: 0

[24/May/2023:14:10:36] UPDATING PRODUCTS (JobID: 2c0aa984-bffe-4ccc-89b5-6a1226d58732)
 - New and modified: 1
   381V1A

[24/May/2023:14:10:38] UPDATING PREPAGATI (JobID: 453a512f-b06d-42e0-8933-2dfae28f1713)
 - New and modified: 0

[24/May/2023:14:10:38] DELETING PREPAGATI (JobID: 453a512f-b06d-42e0-8933-2dfae28f1713)
 - Deleted: 0

[24/May/2023:14:20:04] UPDATING ACCOUNTS (JobID: e3602730-b1b3-4640-bc7b-278254ced98e)
 - New and modified: 0

[24/May/2023:14:20:04] DELETING ACCOUNTS (JobID: e3602730-b1b3-4640-bc7b-278254ced98e)
 - Deleted: 0

[24/May/2023:14:20:38] UPDATING PRODUCTS (JobID: f038c0ff-c966-40c1-a979-322c74ea004e)
 - New and modified: 0

[24/May/2023:14:20:39] UPDATING PREPAGATI (JobID: 8d556c36-d52d-4a55-934f-ad1d19108b08)
 - New and modified: 0

[24/May/2023:14:20:39] DELETING PREPAGATI (JobID: 8d556c36-d52d-4a55-934f-ad1d19108b08)
 - Deleted: 0

[24/May/2023:14:30:04] UPDATING ACCOUNTS (JobID: 94145972-1cc2-4b32-9ead-015dedb0dbcf)
 - New and modified: 0

[24/May/2023:14:30:04] DELETING ACCOUNTS (JobID: 94145972-1cc2-4b32-9ead-015dedb0dbcf)
 - Deleted: 0

[24/May/2023:14:30:37] UPDATING PRODUCTS (JobID: d5983cc4-adff-4d8f-a092-b1ccdd227d62)
 - New and modified: 0

[24/May/2023:14:30:39] UPDATING PREPAGATI (JobID: 0541ad04-7fac-4a84-a58a-e77d7b62fcb2)
 - New and modified: 0

[24/May/2023:14:30:39] DELETING PREPAGATI (JobID: 0541ad04-7fac-4a84-a58a-e77d7b62fcb2)
 - Deleted: 0

[24/May/2023:14:40:04] UPDATING ACCOUNTS (JobID: 2e0327b1-3eb3-4d23-a45e-c5cd52c0ab86)
 - New and modified: 0

[24/May/2023:14:40:04] DELETING ACCOUNTS (JobID: 2e0327b1-3eb3-4d23-a45e-c5cd52c0ab86)
 - Deleted: 0

[24/May/2023:14:40:36] UPDATING PRODUCTS (JobID: d1f37aab-ce58-4f30-bf5c-77b024ad1dac)
 - New and modified: 0

[24/May/2023:14:40:38] UPDATING PREPAGATI (JobID: 1d3e9a58-7e51-4d75-9412-c387637afb73)
 - New and modified: 0

[24/May/2023:14:40:38] DELETING PREPAGATI (JobID: 1d3e9a58-7e51-4d75-9412-c387637afb73)
 - Deleted: 0

[24/May/2023:14:50:04] UPDATING ACCOUNTS (JobID: 68d01a0b-17a2-494f-ad06-5bb1d9c50cf4)
 - New and modified: 0

[24/May/2023:14:50:04] DELETING ACCOUNTS (JobID: 68d01a0b-17a2-494f-ad06-5bb1d9c50cf4)
 - Deleted: 0

[24/May/2023:14:50:36] UPDATING PRODUCTS (JobID: 6817b6a4-6e4b-4a3c-8fdc-ce5d658f6bb4)
 - New and modified: 0

[24/May/2023:14:50:38] UPDATING PREPAGATI (JobID: d2149107-35d3-48c5-bf80-0c0d86fd1b33)
 - New and modified: 0

[24/May/2023:14:50:38] DELETING PREPAGATI (JobID: d2149107-35d3-48c5-bf80-0c0d86fd1b33)
 - Deleted: 0

[24/May/2023:15:00:04] UPDATING ACCOUNTS (JobID: abe556fd-a9e0-45c4-bb6d-39247e97e1eb)
 - New and modified: 0

[24/May/2023:15:00:04] DELETING ACCOUNTS (JobID: abe556fd-a9e0-45c4-bb6d-39247e97e1eb)
 - Deleted: 0

[24/May/2023:15:00:38] UPDATING PRODUCTS (JobID: f0e40a85-7b93-40d5-8cfa-2f53a8ec4a89)
 - New and modified: 0

[24/May/2023:15:00:40] UPDATING PREPAGATI (JobID: 3b5943b8-127c-4df6-9ca3-257d205ca1fd)
 - New and modified: 0

[24/May/2023:15:00:40] DELETING PREPAGATI (JobID: 3b5943b8-127c-4df6-9ca3-257d205ca1fd)
 - Deleted: 0

[24/May/2023:15:10:03] UPDATING ACCOUNTS (JobID: dccca127-f24f-4d4e-865c-b0d7894b5829)
 - New and modified: 0

[24/May/2023:15:10:03] DELETING ACCOUNTS (JobID: dccca127-f24f-4d4e-865c-b0d7894b5829)
 - Deleted: 0

[24/May/2023:15:10:36] UPDATING PRODUCTS (JobID: 36bbd3be-db8d-435a-b2ab-2a5cc38a19f9)
 - New and modified: 0

[24/May/2023:15:10:38] UPDATING PREPAGATI (JobID: f17049e4-4f58-4767-b5cd-210131e55f80)
 - New and modified: 0

[24/May/2023:15:10:38] DELETING PREPAGATI (JobID: f17049e4-4f58-4767-b5cd-210131e55f80)
 - Deleted: 0

[24/May/2023:15:20:04] UPDATING ACCOUNTS (JobID: b527801a-6734-4521-9ca9-b3dea170c511)
 - New and modified: 0

[24/May/2023:15:20:04] DELETING ACCOUNTS (JobID: b527801a-6734-4521-9ca9-b3dea170c511)
 - Deleted: 0

[24/May/2023:15:20:36] UPDATING PRODUCTS (JobID: 4f76f52d-54f8-4896-9f37-7a92e16b1bb7)
 - New and modified: 0

[24/May/2023:15:20:38] UPDATING PREPAGATI (JobID: 2701215a-6d8b-4c30-bd81-ce21b7def277)
 - New and modified: 0

[24/May/2023:15:20:38] DELETING PREPAGATI (JobID: 2701215a-6d8b-4c30-bd81-ce21b7def277)
 - Deleted: 0

[24/May/2023:15:30:04] UPDATING ACCOUNTS (JobID: 0a0a2964-4e3d-4233-b046-4c859db20226)
 - New and modified: 0

[24/May/2023:15:30:04] DELETING ACCOUNTS (JobID: 0a0a2964-4e3d-4233-b046-4c859db20226)
 - Deleted: 0

[24/May/2023:15:30:38] UPDATING PRODUCTS (JobID: 14c69703-7cc4-4df1-8933-11c3eaa253c0)
 - New and modified: 0

[24/May/2023:15:30:40] UPDATING PREPAGATI (JobID: 2821d24d-d46b-4f31-b787-c36e2832df55)
 - New and modified: 0

[24/May/2023:15:30:40] DELETING PREPAGATI (JobID: 2821d24d-d46b-4f31-b787-c36e2832df55)
 - Deleted: 0

[24/May/2023:15:50:04] UPDATING ACCOUNTS (JobID: 55915cac-484a-41cc-b73f-25124377f765)
 - New and modified: 0

[24/May/2023:15:50:04] DELETING ACCOUNTS (JobID: 55915cac-484a-41cc-b73f-25124377f765)
 - Deleted: 0

[24/May/2023:15:50:36] UPDATING PRODUCTS (JobID: 06cb7e2f-fcfc-41c8-8e71-e411e501ff54)
 - New and modified: 0

[24/May/2023:15:50:38] UPDATING PREPAGATI (JobID: dd00001f-3a10-4c10-ab42-eb07273cfcfe)
 - New and modified: 0

[24/May/2023:15:50:38] DELETING PREPAGATI (JobID: dd00001f-3a10-4c10-ab42-eb07273cfcfe)
 - Deleted: 0

[24/May/2023:16:00:04] UPDATING ACCOUNTS (JobID: ca84e3b9-4302-4589-8900-c4005b96ca1b)
 - New and modified: 0

[24/May/2023:16:00:04] DELETING ACCOUNTS (JobID: ca84e3b9-4302-4589-8900-c4005b96ca1b)
 - Deleted: 0

[24/May/2023:16:00:38] UPDATING PRODUCTS (JobID: 973a29b6-a59d-4878-9f43-f7ac4a665d6f)
 - New and modified: 0

[24/May/2023:16:00:40] UPDATING PREPAGATI (JobID: 8a3b9ab8-9820-4d34-b096-05b0eb43921c)
 - New and modified: 0

[24/May/2023:16:00:40] DELETING PREPAGATI (JobID: 8a3b9ab8-9820-4d34-b096-05b0eb43921c)
 - Deleted: 0

[24/May/2023:16:10:04] UPDATING ACCOUNTS (JobID: 095e2022-65aa-488f-a8d1-04e86edddd31)
 - New and modified: 0

[24/May/2023:16:10:04] DELETING ACCOUNTS (JobID: 095e2022-65aa-488f-a8d1-04e86edddd31)
 - Deleted: 0

[24/May/2023:16:10:38] UPDATING PRODUCTS (JobID: 19efe57b-15d9-4236-8611-57e8f6570166)
 - New and modified: 0

[24/May/2023:16:10:40] UPDATING PREPAGATI (JobID: 531c339c-5b31-4c89-9f33-d7fc2b51b030)
 - New and modified: 0

[24/May/2023:16:10:40] DELETING PREPAGATI (JobID: 531c339c-5b31-4c89-9f33-d7fc2b51b030)
 - Deleted: 0

[24/May/2023:16:20:04] UPDATING ACCOUNTS (JobID: d2db4379-bfad-4dac-b0fc-e71873a1c483)
 - New and modified: 0

[24/May/2023:16:20:04] DELETING ACCOUNTS (JobID: d2db4379-bfad-4dac-b0fc-e71873a1c483)
 - Deleted: 0

[24/May/2023:16:20:38] UPDATING PRODUCTS (JobID: bc6ba707-86c7-41d8-b112-de32a623d4fe)
 - New and modified: 0

[24/May/2023:16:20:39] UPDATING PREPAGATI (JobID: 57b1ed81-83de-4399-8722-5bceec4b66c0)
 - New and modified: 0

[24/May/2023:16:20:39] DELETING PREPAGATI (JobID: 57b1ed81-83de-4399-8722-5bceec4b66c0)
 - Deleted: 0

[24/May/2023:16:30:04] UPDATING ACCOUNTS (JobID: e1679399-2e50-4df1-aa46-9d08116e8e2c)
 - New and modified: 0

[24/May/2023:16:30:04] DELETING ACCOUNTS (JobID: e1679399-2e50-4df1-aa46-9d08116e8e2c)
 - Deleted: 0

[24/May/2023:16:30:37] UPDATING PRODUCTS (JobID: 7f848c76-8899-425e-be40-76f588d3c306)
 - New and modified: 0

[24/May/2023:16:30:38] UPDATING PREPAGATI (JobID: 00e12f40-1438-4e80-8db6-b94fb0efdad9)
 - New and modified: 0

[24/May/2023:16:30:38] DELETING PREPAGATI (JobID: 00e12f40-1438-4e80-8db6-b94fb0efdad9)
 - Deleted: 0

[24/May/2023:16:40:04] UPDATING ACCOUNTS (JobID: 831cb2fd-b883-4f74-a3b0-50bb4c1a61e0)
 - New and modified: 0

[24/May/2023:16:40:04] DELETING ACCOUNTS (JobID: 831cb2fd-b883-4f74-a3b0-50bb4c1a61e0)
 - Deleted: 0

[24/May/2023:16:40:37] UPDATING PRODUCTS (JobID: 46d8a2f7-21c7-4f39-8089-91e9acd9ca2e)
 - New and modified: 0

[24/May/2023:16:40:38] UPDATING PREPAGATI (JobID: c2a8448d-a662-4126-b347-a93f44ad0fce)
 - New and modified: 0

[24/May/2023:16:40:38] DELETING PREPAGATI (JobID: c2a8448d-a662-4126-b347-a93f44ad0fce)
 - Deleted: 0

[24/May/2023:16:50:04] UPDATING ACCOUNTS (JobID: 8182db38-de83-45a5-ad0f-ebb2e87f681a)
 - New and modified: 0

[24/May/2023:16:50:04] DELETING ACCOUNTS (JobID: 8182db38-de83-45a5-ad0f-ebb2e87f681a)
 - Deleted: 0

[24/May/2023:16:50:36] UPDATING PRODUCTS (JobID: cee713cf-331a-4bd7-a823-bedecf76ce88)
 - New and modified: 0

[24/May/2023:16:50:38] UPDATING PREPAGATI (JobID: 65509544-1c1f-4e10-a024-31b1694927e8)
 - New and modified: 0

[24/May/2023:16:50:38] DELETING PREPAGATI (JobID: 65509544-1c1f-4e10-a024-31b1694927e8)
 - Deleted: 0

[24/May/2023:17:00:04] UPDATING ACCOUNTS (JobID: 87dcf0ab-43f0-4be8-b6fd-a573e24e3968)
 - New and modified: 0

[24/May/2023:17:00:04] DELETING ACCOUNTS (JobID: 87dcf0ab-43f0-4be8-b6fd-a573e24e3968)
 - Deleted: 0

[24/May/2023:17:00:37] UPDATING PRODUCTS (JobID: 85089403-46b8-410b-be3d-5f561bcb82d9)
 - New and modified: 0

[24/May/2023:17:00:39] UPDATING PREPAGATI (JobID: 4464108e-dbc4-47bd-ad48-1b022c75e1fb)
 - New and modified: 0

[24/May/2023:17:00:39] DELETING PREPAGATI (JobID: 4464108e-dbc4-47bd-ad48-1b022c75e1fb)
 - Deleted: 0

[24/May/2023:17:10:04] UPDATING ACCOUNTS (JobID: bea7800d-c06d-4cf1-932a-eb898f009e74)
 - New and modified: 0

[24/May/2023:17:10:04] DELETING ACCOUNTS (JobID: bea7800d-c06d-4cf1-932a-eb898f009e74)
 - Deleted: 0

[24/May/2023:17:10:36] UPDATING PRODUCTS (JobID: df65837b-ec9e-4fe5-95aa-009d1226af5e)
 - New and modified: 0

[24/May/2023:17:10:38] UPDATING PREPAGATI (JobID: 83cdac89-540b-4025-a384-683afad363e1)
 - New and modified: 0

[24/May/2023:17:10:38] DELETING PREPAGATI (JobID: 83cdac89-540b-4025-a384-683afad363e1)
 - Deleted: 0

[24/May/2023:17:20:04] UPDATING ACCOUNTS (JobID: 81917107-435e-42a9-84e4-ca84522ee252)
 - New and modified: 0

[24/May/2023:17:20:04] DELETING ACCOUNTS (JobID: 81917107-435e-42a9-84e4-ca84522ee252)
 - Deleted: 0

[24/May/2023:17:20:37] UPDATING PRODUCTS (JobID: 71bc3a2d-35b8-4d4d-8243-e6ff5f62f82b)
 - New and modified: 0

[24/May/2023:17:20:39] UPDATING PREPAGATI (JobID: 33101439-dac0-4d31-965b-439edd0a90c9)
 - New and modified: 0

[24/May/2023:17:20:39] DELETING PREPAGATI (JobID: 33101439-dac0-4d31-965b-439edd0a90c9)
 - Deleted: 0

[24/May/2023:17:30:04] UPDATING ACCOUNTS (JobID: 0360051b-256f-4968-a4fb-1a739a214adc)
 - New and modified: 0

[24/May/2023:17:30:04] DELETING ACCOUNTS (JobID: 0360051b-256f-4968-a4fb-1a739a214adc)
 - Deleted: 0

[24/May/2023:17:30:37] UPDATING PRODUCTS (JobID: 85c5279a-d261-494d-9d15-0f60a7368515)
 - New and modified: 0

[24/May/2023:17:30:38] UPDATING PREPAGATI (JobID: b6d530e5-a737-4652-91ae-ac50a812f1df)
 - New and modified: 0

[24/May/2023:17:30:38] DELETING PREPAGATI (JobID: b6d530e5-a737-4652-91ae-ac50a812f1df)
 - Deleted: 0

[24/May/2023:17:40:03] UPDATING ACCOUNTS (JobID: 9992ba55-657d-4253-bcbb-6180748e85e7)
 - New and modified: 0

[24/May/2023:17:40:03] DELETING ACCOUNTS (JobID: 9992ba55-657d-4253-bcbb-6180748e85e7)
 - Deleted: 0

[24/May/2023:17:40:35] UPDATING PRODUCTS (JobID: 5f29e73a-902d-4d24-8cde-bde3dce70452)
 - New and modified: 0

[24/May/2023:17:40:37] UPDATING PREPAGATI (JobID: eb6886ef-4d77-4ec1-93ce-d6b6fd975620)
 - New and modified: 0

[24/May/2023:17:40:37] DELETING PREPAGATI (JobID: eb6886ef-4d77-4ec1-93ce-d6b6fd975620)
 - Deleted: 0

[24/May/2023:17:50:05] UPDATING ACCOUNTS (JobID: d061701e-8f9b-4354-b201-95d42eaa99d0)
 - New and modified: 0

[24/May/2023:17:50:05] DELETING ACCOUNTS (JobID: d061701e-8f9b-4354-b201-95d42eaa99d0)
 - Deleted: 0

[24/May/2023:17:50:37] UPDATING PRODUCTS (JobID: 59e40a26-d172-42b7-87a1-ef20fb6ae83e)
 - New and modified: 0

[24/May/2023:17:50:39] UPDATING PREPAGATI (JobID: f440bfd4-6dd6-4f9c-9831-53078ce12441)
 - New and modified: 0

[24/May/2023:17:50:39] DELETING PREPAGATI (JobID: f440bfd4-6dd6-4f9c-9831-53078ce12441)
 - Deleted: 0

[24/May/2023:18:00:08] UPDATING ACCOUNTS (JobID: 8cb5df5b-2e20-4da8-873f-83dcdae1e632)
 - New and modified: 0

[24/May/2023:18:00:08] DELETING ACCOUNTS (JobID: 8cb5df5b-2e20-4da8-873f-83dcdae1e632)
 - Deleted: 0

[24/May/2023:18:00:42] UPDATING PRODUCTS (JobID: 0ac28f3b-8361-48a2-945c-24caeb8fad91)
 - New and modified: 0

[24/May/2023:18:00:43] UPDATING PREPAGATI (JobID: f6cd6255-4b8f-4ce2-bb82-cbe1b06ddc44)
 - New and modified: 0

[24/May/2023:18:00:43] DELETING PREPAGATI (JobID: f6cd6255-4b8f-4ce2-bb82-cbe1b06ddc44)
 - Deleted: 0

[24/May/2023:18:10:04] UPDATING ACCOUNTS (JobID: d3c110bf-9885-4f4c-ad52-88824aa3af37)
 - New and modified: 0

[24/May/2023:18:10:04] DELETING ACCOUNTS (JobID: d3c110bf-9885-4f4c-ad52-88824aa3af37)
 - Deleted: 0

[24/May/2023:18:10:35] UPDATING PRODUCTS (JobID: a8d1695d-0e9f-4acd-8641-38c5f78f7cd8)
 - New and modified: 0

[24/May/2023:18:10:38] UPDATING PREPAGATI (JobID: 5cf35426-cdb1-485e-b732-2f33932ce6f8)
 - New and modified: 0

[24/May/2023:18:10:38] DELETING PREPAGATI (JobID: 5cf35426-cdb1-485e-b732-2f33932ce6f8)
 - Deleted: 0

[24/May/2023:18:20:05] UPDATING ACCOUNTS (JobID: 38e6877a-9beb-42aa-9a55-ddb959862fb3)
 - New and modified: 0

[24/May/2023:18:20:05] DELETING ACCOUNTS (JobID: 38e6877a-9beb-42aa-9a55-ddb959862fb3)
 - Deleted: 0

[24/May/2023:18:20:37] UPDATING PRODUCTS (JobID: 5303d541-b421-4bd9-815c-6e4325b39eab)
 - New and modified: 0

[24/May/2023:18:20:39] UPDATING PREPAGATI (JobID: 68bf384e-a613-4c34-9dbd-1fe27a3c4c1d)
 - New and modified: 0

[24/May/2023:18:20:39] DELETING PREPAGATI (JobID: 68bf384e-a613-4c34-9dbd-1fe27a3c4c1d)
 - Deleted: 0

[24/May/2023:18:30:04] UPDATING ACCOUNTS (JobID: 99a5e02c-4040-4e47-998b-9e99fb486fac)
 - New and modified: 0

[24/May/2023:18:30:04] DELETING ACCOUNTS (JobID: 99a5e02c-4040-4e47-998b-9e99fb486fac)
 - Deleted: 0

[24/May/2023:18:30:37] UPDATING PRODUCTS (JobID: 50ad6b23-491c-491d-8e34-c34876519364)
 - New and modified: 0

[24/May/2023:18:30:39] UPDATING PREPAGATI (JobID: 0141a64a-e59a-4cda-ac0e-bce00bbef851)
 - New and modified: 0

[24/May/2023:18:30:39] DELETING PREPAGATI (JobID: 0141a64a-e59a-4cda-ac0e-bce00bbef851)
 - Deleted: 0

[24/May/2023:18:40:04] UPDATING ACCOUNTS (JobID: 590ea2a1-03cd-4311-a557-a5d99e9788cc)
 - New and modified: 0

[24/May/2023:18:40:04] DELETING ACCOUNTS (JobID: 590ea2a1-03cd-4311-a557-a5d99e9788cc)
 - Deleted: 0

[24/May/2023:18:40:36] UPDATING PRODUCTS (JobID: a8064712-671c-4f58-a93e-4a8e34d36136)
 - New and modified: 0

[24/May/2023:18:40:38] UPDATING PREPAGATI (JobID: 9ed2a551-d9a6-4f51-8a80-922bdc6a463f)
 - New and modified: 0

[24/May/2023:18:40:38] DELETING PREPAGATI (JobID: 9ed2a551-d9a6-4f51-8a80-922bdc6a463f)
 - Deleted: 0

[24/May/2023:18:50:04] UPDATING ACCOUNTS (JobID: 97a7ed0a-af26-4a1e-aefa-a744912e43c8)
 - New and modified: 0

[24/May/2023:18:50:04] DELETING ACCOUNTS (JobID: 97a7ed0a-af26-4a1e-aefa-a744912e43c8)
 - Deleted: 0

[24/May/2023:18:50:37] UPDATING PRODUCTS (JobID: b8aeb5f2-58eb-4652-a343-24ea95f5169b)
 - New and modified: 0

[24/May/2023:18:50:39] UPDATING PREPAGATI (JobID: 92e76214-a926-4cb9-9015-9091e10f91bd)
 - New and modified: 0

[24/May/2023:18:50:39] DELETING PREPAGATI (JobID: 92e76214-a926-4cb9-9015-9091e10f91bd)
 - Deleted: 0

[24/May/2023:19:00:16] UPDATING ACCOUNTS (JobID: a76eb8df-3067-464a-a005-a76e51a5de35)
 - New and modified: 0

[24/May/2023:19:00:16] DELETING ACCOUNTS (JobID: a76eb8df-3067-464a-a005-a76e51a5de35)
 - Deleted: 0

[24/May/2023:19:00:49] UPDATING PRODUCTS (JobID: 7892e17b-57ac-48c7-b0ed-12203ba754ca)
 - New and modified: 0

[24/May/2023:19:00:51] UPDATING PREPAGATI (JobID: ddfb0ebf-9cb8-46a2-a20c-2bbad8c81bca)
 - New and modified: 0

[24/May/2023:19:00:51] DELETING PREPAGATI (JobID: ddfb0ebf-9cb8-46a2-a20c-2bbad8c81bca)
 - Deleted: 0

[24/May/2023:19:10:04] UPDATING ACCOUNTS (JobID: 2931c49f-5aba-4d26-8a95-07bbb6d37133)
 - New and modified: 0

[24/May/2023:19:10:04] DELETING ACCOUNTS (JobID: 2931c49f-5aba-4d26-8a95-07bbb6d37133)
 - Deleted: 0

[24/May/2023:19:10:36] UPDATING PRODUCTS (JobID: 103cc7cf-99d4-4cf2-820e-c20121362df6)
 - New and modified: 0

[24/May/2023:19:10:37] UPDATING PREPAGATI (JobID: 96f68802-30b0-4d37-a323-7b507bf7417c)
 - New and modified: 0

[24/May/2023:19:10:37] DELETING PREPAGATI (JobID: 96f68802-30b0-4d37-a323-7b507bf7417c)
 - Deleted: 0

[24/May/2023:19:20:04] UPDATING ACCOUNTS (JobID: c36875f1-d146-41f5-a1eb-d28e16727990)
 - New and modified: 0

[24/May/2023:19:20:04] DELETING ACCOUNTS (JobID: c36875f1-d146-41f5-a1eb-d28e16727990)
 - Deleted: 0

[24/May/2023:19:20:36] UPDATING PRODUCTS (JobID: fd6f6ac0-b186-4da5-88d1-17e43a880e75)
 - New and modified: 0

[24/May/2023:19:20:38] UPDATING PREPAGATI (JobID: b3720dc4-3022-4843-80a8-483878c250d9)
 - New and modified: 0

[24/May/2023:19:20:38] DELETING PREPAGATI (JobID: b3720dc4-3022-4843-80a8-483878c250d9)
 - Deleted: 0

[24/May/2023:19:30:04] UPDATING ACCOUNTS (JobID: 0f2c152c-4d56-4a96-8f3d-525460281793)
 - New and modified: 0

[24/May/2023:19:30:04] DELETING ACCOUNTS (JobID: 0f2c152c-4d56-4a96-8f3d-525460281793)
 - Deleted: 0

[24/May/2023:19:30:36] UPDATING PRODUCTS (JobID: e7c1f77f-e113-49b4-8ea6-afc5155b8ab6)
 - New and modified: 0

[24/May/2023:19:30:38] UPDATING PREPAGATI (JobID: a0610ed1-a381-485b-9b59-dc710bd20136)
 - New and modified: 0

[24/May/2023:19:30:38] DELETING PREPAGATI (JobID: a0610ed1-a381-485b-9b59-dc710bd20136)
 - Deleted: 0

[24/May/2023:19:40:04] UPDATING ACCOUNTS (JobID: 8e00d055-b0f8-4e5a-82de-cf790523384f)
 - New and modified: 0

[24/May/2023:19:40:04] DELETING ACCOUNTS (JobID: 8e00d055-b0f8-4e5a-82de-cf790523384f)
 - Deleted: 0

[24/May/2023:19:40:36] UPDATING PRODUCTS (JobID: 0b2168fc-caa8-4aa7-ae55-c98b504573af)
 - New and modified: 0

[24/May/2023:19:40:38] UPDATING PREPAGATI (JobID: 33544902-af1c-496a-a77c-bfe69b947613)
 - New and modified: 0

[24/May/2023:19:40:38] DELETING PREPAGATI (JobID: 33544902-af1c-496a-a77c-bfe69b947613)
 - Deleted: 0

[24/May/2023:19:50:04] UPDATING ACCOUNTS (JobID: 5c87d1f6-67a1-4caf-a7c2-4e4804dd86fe)
 - New and modified: 0

[24/May/2023:19:50:04] DELETING ACCOUNTS (JobID: 5c87d1f6-67a1-4caf-a7c2-4e4804dd86fe)
 - Deleted: 0

[24/May/2023:19:50:37] UPDATING PRODUCTS (JobID: ce95a0c6-dec5-462b-8706-32f0435574a7)
 - New and modified: 0

[24/May/2023:19:50:38] UPDATING PREPAGATI (JobID: 06d7b6db-984a-43c1-bfbd-90bc4783de28)
 - New and modified: 0

[24/May/2023:19:50:38] DELETING PREPAGATI (JobID: 06d7b6db-984a-43c1-bfbd-90bc4783de28)
 - Deleted: 0

[24/May/2023:20:00:04] UPDATING ACCOUNTS (JobID: 9f29008b-0ab2-419c-8971-fd3ab7a4041f)
 - New and modified: 0

[24/May/2023:20:00:04] DELETING ACCOUNTS (JobID: 9f29008b-0ab2-419c-8971-fd3ab7a4041f)
 - Deleted: 0

[24/May/2023:20:00:36] UPDATING PRODUCTS (JobID: 7cfcef0d-d60b-433f-8167-d5049e11145a)
 - New and modified: 0

[24/May/2023:20:00:38] UPDATING PREPAGATI (JobID: a630b447-2d53-4b81-83c2-a09294936970)
 - New and modified: 0

[24/May/2023:20:00:38] DELETING PREPAGATI (JobID: a630b447-2d53-4b81-83c2-a09294936970)
 - Deleted: 0

[24/May/2023:20:10:04] UPDATING ACCOUNTS (JobID: 2c77baca-a0af-4030-bc04-3cf947324a0b)
 - New and modified: 0

[24/May/2023:20:10:04] DELETING ACCOUNTS (JobID: 2c77baca-a0af-4030-bc04-3cf947324a0b)
 - Deleted: 0

[24/May/2023:20:10:37] UPDATING PRODUCTS (JobID: 3e421554-4754-4ccf-abfc-f1389318e383)
 - New and modified: 0

[24/May/2023:20:10:38] UPDATING PREPAGATI (JobID: d9eb132a-091f-4d3d-9090-24fc84b2ee2d)
 - New and modified: 0

[24/May/2023:20:10:38] DELETING PREPAGATI (JobID: d9eb132a-091f-4d3d-9090-24fc84b2ee2d)
 - Deleted: 0

[24/May/2023:20:20:05] UPDATING ACCOUNTS (JobID: ab49e79a-82bf-460b-bcd3-9e950fbb208e)
 - New and modified: 0

[24/May/2023:20:20:05] DELETING ACCOUNTS (JobID: ab49e79a-82bf-460b-bcd3-9e950fbb208e)
 - Deleted: 0

[24/May/2023:20:20:38] UPDATING PRODUCTS (JobID: 476cba2a-ad85-4a62-98ba-2498cba95d6a)
 - New and modified: 0

[24/May/2023:20:20:40] UPDATING PREPAGATI (JobID: a6af3077-93fd-498c-9bb9-74debd9ea451)
 - New and modified: 0

[24/May/2023:20:20:40] DELETING PREPAGATI (JobID: a6af3077-93fd-498c-9bb9-74debd9ea451)
 - Deleted: 0

[24/May/2023:20:30:04] UPDATING ACCOUNTS (JobID: 0481d221-9949-425b-9b64-aedeb56dffa6)
 - New and modified: 0

[24/May/2023:20:30:04] DELETING ACCOUNTS (JobID: 0481d221-9949-425b-9b64-aedeb56dffa6)
 - Deleted: 0

[24/May/2023:20:30:36] UPDATING PRODUCTS (JobID: 9bda8367-c44c-487c-85d0-0bac03b4dc0c)
 - New and modified: 0

[24/May/2023:20:30:38] UPDATING PREPAGATI (JobID: ade2a2e6-6b54-408e-a68e-685daeb897df)
 - New and modified: 0

[24/May/2023:20:30:38] DELETING PREPAGATI (JobID: ade2a2e6-6b54-408e-a68e-685daeb897df)
 - Deleted: 0

[24/May/2023:20:50:04] UPDATING ACCOUNTS (JobID: 04095e17-d6e7-48dc-86ef-167ffb008368)
 - New and modified: 0

[24/May/2023:20:50:04] DELETING ACCOUNTS (JobID: 04095e17-d6e7-48dc-86ef-167ffb008368)
 - Deleted: 0

[24/May/2023:20:50:37] UPDATING PRODUCTS (JobID: 783d8b73-8ea4-47a0-8585-d8b139795af6)
 - New and modified: 0

[24/May/2023:20:50:38] UPDATING PREPAGATI (JobID: 5f2fde2f-2b24-495d-89b0-9046c834d8d4)
 - New and modified: 0

[24/May/2023:20:50:38] DELETING PREPAGATI (JobID: 5f2fde2f-2b24-495d-89b0-9046c834d8d4)
 - Deleted: 0

[24/May/2023:21:00:04] UPDATING ACCOUNTS (JobID: 4946624b-1ce1-4e0f-9838-05d6aa345629)
 - New and modified: 0

[24/May/2023:21:00:04] DELETING ACCOUNTS (JobID: 4946624b-1ce1-4e0f-9838-05d6aa345629)
 - Deleted: 0

[24/May/2023:21:00:37] UPDATING PRODUCTS (JobID: 96a43725-3e89-433c-a033-61485f33fc78)
 - New and modified: 0

[24/May/2023:21:00:39] UPDATING PREPAGATI (JobID: fc375db8-2f39-4cf6-b43b-fe8de8f5dafd)
 - New and modified: 0

[24/May/2023:21:00:39] DELETING PREPAGATI (JobID: fc375db8-2f39-4cf6-b43b-fe8de8f5dafd)
 - Deleted: 0

[24/May/2023:21:10:04] UPDATING ACCOUNTS (JobID: 4e57302d-d0ce-4816-b420-6c85c535c2c9)
 - New and modified: 0

[24/May/2023:21:10:04] DELETING ACCOUNTS (JobID: 4e57302d-d0ce-4816-b420-6c85c535c2c9)
 - Deleted: 0

[24/May/2023:21:10:36] UPDATING PRODUCTS (JobID: 5b2de7a9-3f77-453e-9e4d-1e7969f7f016)
 - New and modified: 0

[24/May/2023:21:10:38] UPDATING PREPAGATI (JobID: df1cb501-5ffe-4c2b-a27c-7b2780c19b7d)
 - New and modified: 0

[24/May/2023:21:10:38] DELETING PREPAGATI (JobID: df1cb501-5ffe-4c2b-a27c-7b2780c19b7d)
 - Deleted: 0

[24/May/2023:21:20:04] UPDATING ACCOUNTS (JobID: 82ada627-281e-44b7-be92-1227388bcecb)
 - New and modified: 0

[24/May/2023:21:20:04] DELETING ACCOUNTS (JobID: 82ada627-281e-44b7-be92-1227388bcecb)
 - Deleted: 0

[24/May/2023:21:20:37] UPDATING PRODUCTS (JobID: 3dfa3960-a14b-4cbd-b00b-3e7a49bffc36)
 - New and modified: 0

[24/May/2023:21:20:38] UPDATING PREPAGATI (JobID: 3510c4d5-1019-4a74-9421-0891be6ea8c7)
 - New and modified: 0

[24/May/2023:21:20:38] DELETING PREPAGATI (JobID: 3510c4d5-1019-4a74-9421-0891be6ea8c7)
 - Deleted: 0

[24/May/2023:21:30:04] UPDATING ACCOUNTS (JobID: 5604abd1-6a8e-49ba-84be-74510840392d)
 - New and modified: 0

[24/May/2023:21:30:04] DELETING ACCOUNTS (JobID: 5604abd1-6a8e-49ba-84be-74510840392d)
 - Deleted: 0

[24/May/2023:21:30:36] UPDATING PRODUCTS (JobID: 2901f9d6-5c0d-4a2d-8fe6-c550c2e3905a)
 - New and modified: 0

[24/May/2023:21:30:37] UPDATING PREPAGATI (JobID: 06e929e8-cc38-47ba-9fd3-b1fcafd8c07f)
 - New and modified: 0

[24/May/2023:21:30:37] DELETING PREPAGATI (JobID: 06e929e8-cc38-47ba-9fd3-b1fcafd8c07f)
 - Deleted: 0

[24/May/2023:21:40:04] UPDATING ACCOUNTS (JobID: 1a03d4ea-d521-468c-911c-6e2b6dee8d12)
 - New and modified: 0

[24/May/2023:21:40:04] DELETING ACCOUNTS (JobID: 1a03d4ea-d521-468c-911c-6e2b6dee8d12)
 - Deleted: 0

[24/May/2023:21:40:36] UPDATING PRODUCTS (JobID: b21e8275-596e-4dff-9928-3b475c14e949)
 - New and modified: 0

[24/May/2023:21:40:37] UPDATING PREPAGATI (JobID: e519cba8-8555-47b9-bfa8-3fec9682c461)
 - New and modified: 0

[24/May/2023:21:40:37] DELETING PREPAGATI (JobID: e519cba8-8555-47b9-bfa8-3fec9682c461)
 - Deleted: 0

[24/May/2023:21:50:04] UPDATING ACCOUNTS (JobID: af1b61c3-18ca-4298-940c-3bc77e8f1772)
 - New and modified: 0

[24/May/2023:21:50:04] DELETING ACCOUNTS (JobID: af1b61c3-18ca-4298-940c-3bc77e8f1772)
 - Deleted: 0

[24/May/2023:21:50:36] UPDATING PRODUCTS (JobID: cf5b0b72-440a-4a37-9740-f620b8c2d42b)
 - New and modified: 0

[24/May/2023:21:50:38] UPDATING PREPAGATI (JobID: 937b2d9a-991b-47a9-b027-a0671779d596)
 - New and modified: 0

[24/May/2023:21:50:38] DELETING PREPAGATI (JobID: 937b2d9a-991b-47a9-b027-a0671779d596)
 - Deleted: 0

[24/May/2023:22:00:04] UPDATING ACCOUNTS (JobID: cc77eaf7-30c3-433f-9d91-03dbc4faa15c)
 - New and modified: 0

[24/May/2023:22:00:04] DELETING ACCOUNTS (JobID: cc77eaf7-30c3-433f-9d91-03dbc4faa15c)
 - Deleted: 0

[24/May/2023:22:00:36] UPDATING PRODUCTS (JobID: 9da2e6f5-72fa-4104-9523-cc4b2c5519f5)
 - New and modified: 0

[24/May/2023:22:00:38] UPDATING PREPAGATI (JobID: 2d709c7f-b33a-46a0-ad49-d9364dbb836c)
 - New and modified: 0

[24/May/2023:22:00:38] DELETING PREPAGATI (JobID: 2d709c7f-b33a-46a0-ad49-d9364dbb836c)
 - Deleted: 0

[24/May/2023:22:10:04] UPDATING ACCOUNTS (JobID: 610054ea-2269-4ed0-9c25-cd9c09491f13)
 - New and modified: 0

[24/May/2023:22:10:04] DELETING ACCOUNTS (JobID: 610054ea-2269-4ed0-9c25-cd9c09491f13)
 - Deleted: 0

[24/May/2023:22:10:36] UPDATING PRODUCTS (JobID: 437d9b92-e19b-4e6a-bf69-2a1708b632ff)
 - New and modified: 0

[24/May/2023:22:10:38] UPDATING PREPAGATI (JobID: 167f9462-1972-4379-98b7-3075917b2793)
 - New and modified: 0

[24/May/2023:22:10:38] DELETING PREPAGATI (JobID: 167f9462-1972-4379-98b7-3075917b2793)
 - Deleted: 0

[24/May/2023:22:20:04] UPDATING ACCOUNTS (JobID: ef6c7db1-cca5-4c0f-8473-28ce962bec9c)
 - New and modified: 0

[24/May/2023:22:20:04] DELETING ACCOUNTS (JobID: ef6c7db1-cca5-4c0f-8473-28ce962bec9c)
 - Deleted: 0

[24/May/2023:22:20:36] UPDATING PRODUCTS (JobID: 3ecc9e46-610f-4952-84ef-7de456ea80e6)
 - New and modified: 0

[24/May/2023:22:20:38] UPDATING PREPAGATI (JobID: 0f12a80e-aefd-4f9d-91f8-42b286571119)
 - New and modified: 0

[24/May/2023:22:20:38] DELETING PREPAGATI (JobID: 0f12a80e-aefd-4f9d-91f8-42b286571119)
 - Deleted: 0

[24/May/2023:22:30:04] UPDATING ACCOUNTS (JobID: c7d8be5f-a907-48bd-84fc-87cc9ecc1635)
 - New and modified: 0

[24/May/2023:22:30:04] DELETING ACCOUNTS (JobID: c7d8be5f-a907-48bd-84fc-87cc9ecc1635)
 - Deleted: 0

[24/May/2023:22:30:36] UPDATING PRODUCTS (JobID: 018a9344-2f4d-4ddd-96d6-9a67b6394e2c)
 - New and modified: 0

[24/May/2023:22:30:38] UPDATING PREPAGATI (JobID: 36377031-96b9-44ab-9da7-e35fd6d1336c)
 - New and modified: 0

[24/May/2023:22:30:38] DELETING PREPAGATI (JobID: 36377031-96b9-44ab-9da7-e35fd6d1336c)
 - Deleted: 0

[24/May/2023:22:40:04] UPDATING ACCOUNTS (JobID: f09052a1-ec79-45a2-8eca-e63b2db07523)
 - New and modified: 0

[24/May/2023:22:40:04] DELETING ACCOUNTS (JobID: f09052a1-ec79-45a2-8eca-e63b2db07523)
 - Deleted: 0

[24/May/2023:22:40:36] UPDATING PRODUCTS (JobID: 4a2ec311-1dc2-4a32-898b-8afdc31bd47a)
 - New and modified: 0

[24/May/2023:22:40:37] UPDATING PREPAGATI (JobID: 4cd69e52-086d-4695-bb39-b7ab25268a82)
 - New and modified: 0

[24/May/2023:22:40:37] DELETING PREPAGATI (JobID: 4cd69e52-086d-4695-bb39-b7ab25268a82)
 - Deleted: 0

[24/May/2023:22:50:04] UPDATING ACCOUNTS (JobID: 4c6ff57e-50e0-4c8e-870b-1e896f2bfa0f)
 - New and modified: 0

[24/May/2023:22:50:04] DELETING ACCOUNTS (JobID: 4c6ff57e-50e0-4c8e-870b-1e896f2bfa0f)
 - Deleted: 0

[24/May/2023:22:50:36] UPDATING PRODUCTS (JobID: 598e530d-d9b7-464e-bbf6-a4d49ddb6fcc)
 - New and modified: 0

[24/May/2023:22:50:38] UPDATING PREPAGATI (JobID: 781fb168-4453-4c0f-9779-816c05bbd33e)
 - New and modified: 0

[24/May/2023:22:50:38] DELETING PREPAGATI (JobID: 781fb168-4453-4c0f-9779-816c05bbd33e)
 - Deleted: 0

[24/May/2023:23:00:04] UPDATING ACCOUNTS (JobID: b477978d-7ad1-4420-a0dc-46fc7951b04d)
 - New and modified: 0

[24/May/2023:23:00:04] DELETING ACCOUNTS (JobID: b477978d-7ad1-4420-a0dc-46fc7951b04d)
 - Deleted: 0

[24/May/2023:23:00:35] UPDATING PRODUCTS (JobID: 50dce527-a0ce-46e1-beda-91099e6b1be0)
 - New and modified: 0

[24/May/2023:23:00:37] UPDATING PREPAGATI (JobID: 5161de58-fb48-429b-8848-6bc3267f0d96)
 - New and modified: 0

[24/May/2023:23:00:37] DELETING PREPAGATI (JobID: 5161de58-fb48-429b-8848-6bc3267f0d96)
 - Deleted: 0

[24/May/2023:23:10:04] UPDATING ACCOUNTS (JobID: 9a57674e-492a-4bd1-8c70-be5f5386942c)
 - New and modified: 0

[24/May/2023:23:10:04] DELETING ACCOUNTS (JobID: 9a57674e-492a-4bd1-8c70-be5f5386942c)
 - Deleted: 0

[24/May/2023:23:10:37] UPDATING PRODUCTS (JobID: 39d57aa2-9fa5-45bb-94a1-bc902067a8d1)
 - New and modified: 0

[24/May/2023:23:10:39] UPDATING PREPAGATI (JobID: 25a2a134-dbab-43f4-8bc2-c12262f3da74)
 - New and modified: 0

[24/May/2023:23:10:39] DELETING PREPAGATI (JobID: 25a2a134-dbab-43f4-8bc2-c12262f3da74)
 - Deleted: 0

[24/May/2023:23:20:04] UPDATING ACCOUNTS (JobID: b00f5617-ce1d-467e-8bf2-582fe2c6b020)
 - New and modified: 0

[24/May/2023:23:20:04] DELETING ACCOUNTS (JobID: b00f5617-ce1d-467e-8bf2-582fe2c6b020)
 - Deleted: 0

[24/May/2023:23:20:37] UPDATING PRODUCTS (JobID: eec1372d-778e-417a-890f-0681f4aff2f3)
 - New and modified: 0

[24/May/2023:23:20:39] UPDATING PREPAGATI (JobID: e5bbe0b3-c16c-4fed-abba-3c8be42df8d1)
 - New and modified: 0

[24/May/2023:23:20:39] DELETING PREPAGATI (JobID: e5bbe0b3-c16c-4fed-abba-3c8be42df8d1)
 - Deleted: 0

[24/May/2023:23:30:04] UPDATING ACCOUNTS (JobID: f6dc45bb-2104-4e5a-af11-e215c30c4e7b)
 - New and modified: 0

[24/May/2023:23:30:04] DELETING ACCOUNTS (JobID: f6dc45bb-2104-4e5a-af11-e215c30c4e7b)
 - Deleted: 0

[24/May/2023:23:30:36] UPDATING PRODUCTS (JobID: 3a8af6f5-c6ae-48ee-b209-5740c2e611c6)
 - New and modified: 0

[24/May/2023:23:30:38] UPDATING PREPAGATI (JobID: ecbe424e-42be-4d41-99d1-6cd9046e335f)
 - New and modified: 0

[24/May/2023:23:30:38] DELETING PREPAGATI (JobID: ecbe424e-42be-4d41-99d1-6cd9046e335f)
 - Deleted: 0

[24/May/2023:23:40:04] UPDATING ACCOUNTS (JobID: 066e9c3e-d750-4a43-863e-8dfeb9df8cb5)
 - New and modified: 0

[24/May/2023:23:40:04] DELETING ACCOUNTS (JobID: 066e9c3e-d750-4a43-863e-8dfeb9df8cb5)
 - Deleted: 0

[24/May/2023:23:40:37] UPDATING PRODUCTS (JobID: 4719b538-a1b0-4725-93f7-714be155bd18)
 - New and modified: 0

[24/May/2023:23:40:38] UPDATING PREPAGATI (JobID: 4e4c26c4-38ae-4752-9b3f-0ad707b7ee00)
 - New and modified: 0

[24/May/2023:23:40:38] DELETING PREPAGATI (JobID: 4e4c26c4-38ae-4752-9b3f-0ad707b7ee00)
 - Deleted: 0

[24/May/2023:23:50:07] UPDATING ACCOUNTS (JobID: 51223273-3078-4a76-b713-8c2bac0497a7)
 - New and modified: 0

[24/May/2023:23:50:07] DELETING ACCOUNTS (JobID: 51223273-3078-4a76-b713-8c2bac0497a7)
 - Deleted: 0

[24/May/2023:23:50:39] UPDATING PRODUCTS (JobID: 6a3eee34-dede-4eb6-bc3a-90f99089711f)
 - New and modified: 0

[24/May/2023:23:50:42] UPDATING PREPAGATI (JobID: b4d336a7-3440-44aa-a5ce-d04b0de434e6)
 - New and modified: 0

[24/May/2023:23:50:42] DELETING PREPAGATI (JobID: b4d336a7-3440-44aa-a5ce-d04b0de434e6)
 - Deleted: 0

