[04/May/2023:00:00:05] UPDATING ACCOUNTS (JobID: de9e2553-96aa-40a0-8ade-8b4becf8795d)
 - New and modified: 0

[04/May/2023:00:00:05] DELETING ACCOUNTS (JobID: de9e2553-96aa-40a0-8ade-8b4becf8795d)
 - Deleted: 0

[04/May/2023:00:00:42] UPDATING PRODUCTS (JobID: 2f01b309-1aaa-453c-9c2b-cf9bf2c431ef)
 - New and modified: 0

[04/May/2023:00:00:45] UPDATING PREPAGATI (JobID: 2968eec2-9272-4e3c-8e88-421414d28334)
 - New and modified: 0

[04/May/2023:00:00:45] DELETING PREPAGATI (JobID: 2968eec2-9272-4e3c-8e88-421414d28334)
 - Deleted: 0

[04/May/2023:00:10:05] UPDATING ACCOUNTS (JobID: 83573212-4371-45c5-a4e3-667b52f1e55d)
 - New and modified: 0

[04/May/2023:00:10:05] DELETING ACCOUNTS (JobID: 83573212-4371-45c5-a4e3-667b52f1e55d)
 - Deleted: 0

[04/May/2023:00:10:38] UPDATING PRODUCTS (JobID: b35f521c-eea2-4edd-b900-9a7ce733a402)
 - New and modified: 0

[04/May/2023:00:10:39] UPDATING PREPAGATI (JobID: 390e4bc5-4e59-406a-8a96-eddef58bcfd3)
 - New and modified: 0

[04/May/2023:00:10:39] DELETING PREPAGATI (JobID: 390e4bc5-4e59-406a-8a96-eddef58bcfd3)
 - Deleted: 0

[04/May/2023:00:20:04] UPDATING ACCOUNTS (JobID: 871a9de0-a0f8-4bdc-a28f-a0bc4e4768ed)
 - New and modified: 0

[04/May/2023:00:20:04] DELETING ACCOUNTS (JobID: 871a9de0-a0f8-4bdc-a28f-a0bc4e4768ed)
 - Deleted: 0

[04/May/2023:00:20:41] UPDATING PRODUCTS (JobID: b92e2005-41d5-4cdb-b0dd-5948edf2c78d)
 - New and modified: 0

[04/May/2023:00:20:42] UPDATING PREPAGATI (JobID: ab632cf4-cbad-49eb-8878-8c5f5c6d5707)
 - New and modified: 0

[04/May/2023:00:20:42] DELETING PREPAGATI (JobID: ab632cf4-cbad-49eb-8878-8c5f5c6d5707)
 - Deleted: 0

[04/May/2023:00:30:04] UPDATING ACCOUNTS (JobID: d9912b6f-cc7e-4466-beed-0010d41b2170)
 - New and modified: 0

[04/May/2023:00:30:04] DELETING ACCOUNTS (JobID: d9912b6f-cc7e-4466-beed-0010d41b2170)
 - Deleted: 0

[04/May/2023:00:30:37] UPDATING PRODUCTS (JobID: 27b45964-87c0-4c20-87cb-5d4103e9f9d4)
 - New and modified: 0

[04/May/2023:00:30:39] UPDATING PREPAGATI (JobID: 4efca8fd-a4e7-4bc3-99c2-1b461df13d09)
 - New and modified: 0

[04/May/2023:00:30:39] DELETING PREPAGATI (JobID: 4efca8fd-a4e7-4bc3-99c2-1b461df13d09)
 - Deleted: 0

[04/May/2023:00:40:05] UPDATING ACCOUNTS (JobID: 84228847-ad1f-4599-a7fa-2a94ef634cb4)
 - New and modified: 0

[04/May/2023:00:40:05] DELETING ACCOUNTS (JobID: 84228847-ad1f-4599-a7fa-2a94ef634cb4)
 - Deleted: 0

[04/May/2023:00:40:39] UPDATING PRODUCTS (JobID: 31950190-b043-44e3-a8fa-051a549aec18)
 - New and modified: 0

[04/May/2023:00:40:40] UPDATING PREPAGATI (JobID: 0115b045-01e4-4620-973f-e31022c21a56)
 - New and modified: 0

[04/May/2023:00:40:40] DELETING PREPAGATI (JobID: 0115b045-01e4-4620-973f-e31022c21a56)
 - Deleted: 0

[04/May/2023:00:50:04] UPDATING ACCOUNTS (JobID: b54eebd3-7e38-4222-a6ef-a95eeeaffa21)
 - New and modified: 0

[04/May/2023:00:50:04] DELETING ACCOUNTS (JobID: b54eebd3-7e38-4222-a6ef-a95eeeaffa21)
 - Deleted: 0

[04/May/2023:00:50:37] UPDATING PRODUCTS (JobID: 403bfc87-52e1-46bb-b4f8-b8d98fc27cd8)
 - New and modified: 0

[04/May/2023:00:50:38] UPDATING PREPAGATI (JobID: 54082900-623d-4ba2-8dad-e552f4836dab)
 - New and modified: 0

[04/May/2023:00:50:38] DELETING PREPAGATI (JobID: 54082900-623d-4ba2-8dad-e552f4836dab)
 - Deleted: 0

[04/May/2023:01:00:05] UPDATING ACCOUNTS (JobID: 309131f3-c9f1-4d24-9c67-a20728788d8e)
 - New and modified: 0

[04/May/2023:01:00:05] DELETING ACCOUNTS (JobID: 309131f3-c9f1-4d24-9c67-a20728788d8e)
 - Deleted: 0

[04/May/2023:01:03:11] UPDATING PRODUCTS (JobID: 5baeb03f-8c08-4151-ab11-82a15d318080)
 - New and modified: 0

[04/May/2023:01:03:16] UPDATING PREPAGATI (JobID: 1bd5604e-a32d-4fef-9517-6b873fe4e3b5)
 - New and modified: 0

[04/May/2023:01:03:16] DELETING PREPAGATI (JobID: 1bd5604e-a32d-4fef-9517-6b873fe4e3b5)
 - Deleted: 0

[04/May/2023:01:10:15] UPDATING ACCOUNTS (JobID: 24fe6661-891f-45d4-afcc-4de5d9b83b77)
 - New and modified: 0

[04/May/2023:01:10:15] DELETING ACCOUNTS (JobID: 24fe6661-891f-45d4-afcc-4de5d9b83b77)
 - Deleted: 0

[04/May/2023:01:12:06] UPDATING PRODUCTS (JobID: 3c3c6d10-ef8d-46f8-b6f0-59670f3bc02c)
 - New and modified: 0

[04/May/2023:01:12:19] UPDATING PREPAGATI (JobID: dcd84175-5dd9-460d-858d-915e7efe71dd)
 - New and modified: 0

[04/May/2023:01:12:19] DELETING PREPAGATI (JobID: dcd84175-5dd9-460d-858d-915e7efe71dd)
 - Deleted: 0

[04/May/2023:01:20:09] UPDATING ACCOUNTS (JobID: bb3ea631-562b-4560-bd7d-6f924ea0b50c)
 - New and modified: 0

[04/May/2023:01:20:09] DELETING ACCOUNTS (JobID: bb3ea631-562b-4560-bd7d-6f924ea0b50c)
 - Deleted: 0

[04/May/2023:01:21:25] UPDATING PRODUCTS (JobID: c4a89243-f10b-4abf-8244-90f9053329fb)
 - New and modified: 0

[04/May/2023:01:21:28] UPDATING PREPAGATI (JobID: c3e3db8f-35e2-498f-bca6-80beb0e38819)
 - New and modified: 0

[04/May/2023:01:21:28] DELETING PREPAGATI (JobID: c3e3db8f-35e2-498f-bca6-80beb0e38819)
 - Deleted: 0

[04/May/2023:01:30:17] UPDATING ACCOUNTS (JobID: 5f345ae8-f51f-44bd-aef3-ea4c845765eb)
 - New and modified: 0

[04/May/2023:01:30:17] DELETING ACCOUNTS (JobID: 5f345ae8-f51f-44bd-aef3-ea4c845765eb)
 - Deleted: 0

[04/May/2023:01:32:07] UPDATING PRODUCTS (JobID: 74f2c7bb-6107-4a77-ba18-cc30f36145d3)
 - New and modified: 0

[04/May/2023:01:32:14] UPDATING PREPAGATI (JobID: db15e985-5a43-4253-aea8-4618e98979b5)
 - New and modified: 0

[04/May/2023:01:32:14] DELETING PREPAGATI (JobID: db15e985-5a43-4253-aea8-4618e98979b5)
 - Deleted: 0

[04/May/2023:02:00:08] UPDATING ACCOUNTS (JobID: 278e7a02-9d7c-48eb-ab87-9c92e3724993)
 - New and modified: 0

[04/May/2023:02:00:08] DELETING ACCOUNTS (JobID: 278e7a02-9d7c-48eb-ab87-9c92e3724993)
 - Deleted: 0

[04/May/2023:02:00:46] UPDATING PRODUCTS (JobID: 029484e3-6769-4084-9860-d775b93472df)
 - New and modified: 0

[04/May/2023:02:00:49] UPDATING PREPAGATI (JobID: 0eeab751-01b1-40c1-b515-c52f7513edec)
 - New and modified: 0

[04/May/2023:02:00:49] DELETING PREPAGATI (JobID: 0eeab751-01b1-40c1-b515-c52f7513edec)
 - Deleted: 0

[04/May/2023:02:10:04] UPDATING ACCOUNTS (JobID: 9f6359cf-ecf1-496e-826f-28a2e4f153e4)
 - New and modified: 0

[04/May/2023:02:10:04] DELETING ACCOUNTS (JobID: 9f6359cf-ecf1-496e-826f-28a2e4f153e4)
 - Deleted: 0

[04/May/2023:02:10:36] UPDATING PRODUCTS (JobID: 7b0da0bf-8f7f-4eaa-aa48-b3300a9fe418)
 - New and modified: 0

[04/May/2023:02:10:38] UPDATING PREPAGATI (JobID: 40a8a3b6-721a-4c1e-b57d-2389d3ea0d8c)
 - New and modified: 0

[04/May/2023:02:10:38] DELETING PREPAGATI (JobID: 40a8a3b6-721a-4c1e-b57d-2389d3ea0d8c)
 - Deleted: 0

[04/May/2023:02:20:04] UPDATING ACCOUNTS (JobID: 773ad4e4-cecc-43b0-bb85-8013fa632d1e)
 - New and modified: 0

[04/May/2023:02:20:04] DELETING ACCOUNTS (JobID: 773ad4e4-cecc-43b0-bb85-8013fa632d1e)
 - Deleted: 0

[04/May/2023:02:20:41] UPDATING PRODUCTS (JobID: f7d9eaa8-774d-4ceb-9c45-e953837f7a9f)
 - New and modified: 0

[04/May/2023:02:20:43] UPDATING PREPAGATI (JobID: b3e9eea5-f2da-4bd5-a086-317b9d36f6ce)
 - New and modified: 0

[04/May/2023:02:20:43] DELETING PREPAGATI (JobID: b3e9eea5-f2da-4bd5-a086-317b9d36f6ce)
 - Deleted: 0

[04/May/2023:02:30:04] UPDATING ACCOUNTS (JobID: a14a9b5f-77e0-46ca-8f25-2c85f4f84709)
 - New and modified: 0

[04/May/2023:02:30:04] DELETING ACCOUNTS (JobID: a14a9b5f-77e0-46ca-8f25-2c85f4f84709)
 - Deleted: 0

[04/May/2023:02:30:40] UPDATING PRODUCTS (JobID: f85f2450-6042-43fa-b765-2f7cd9d514ec)
 - New and modified: 0

[04/May/2023:02:30:42] UPDATING PREPAGATI (JobID: 5fd1e78d-502d-441d-bf41-b0e8c713b149)
 - New and modified: 0

[04/May/2023:02:30:42] DELETING PREPAGATI (JobID: 5fd1e78d-502d-441d-bf41-b0e8c713b149)
 - Deleted: 0

[04/May/2023:02:40:03] UPDATING ACCOUNTS (JobID: 4887d19e-a2f7-4654-9e9b-94f27f9beeae)
 - New and modified: 0

[04/May/2023:02:40:03] DELETING ACCOUNTS (JobID: 4887d19e-a2f7-4654-9e9b-94f27f9beeae)
 - Deleted: 0

[04/May/2023:02:40:38] UPDATING PRODUCTS (JobID: 98ca92a1-8e91-4a4b-9df9-61af13dd8b4b)
 - New and modified: 0

[04/May/2023:02:40:41] UPDATING PREPAGATI (JobID: 5c639f05-9ee2-4f44-b953-d7cb06143213)
 - New and modified: 0

[04/May/2023:02:40:41] DELETING PREPAGATI (JobID: 5c639f05-9ee2-4f44-b953-d7cb06143213)
 - Deleted: 0

[04/May/2023:02:50:05] UPDATING ACCOUNTS (JobID: 622af600-0eff-4b45-85ed-50c56d4602d1)
 - New and modified: 0

[04/May/2023:02:50:05] DELETING ACCOUNTS (JobID: 622af600-0eff-4b45-85ed-50c56d4602d1)
 - Deleted: 0

[04/May/2023:02:50:38] UPDATING PRODUCTS (JobID: 56a62ef3-4619-482e-b25a-a6d8dcd37085)
 - New and modified: 0

[04/May/2023:02:50:40] UPDATING PREPAGATI (JobID: 8dd1fc3a-faf5-43b1-a32c-4c13d33b61a5)
 - New and modified: 0

[04/May/2023:02:50:40] DELETING PREPAGATI (JobID: 8dd1fc3a-faf5-43b1-a32c-4c13d33b61a5)
 - Deleted: 0

[04/May/2023:03:00:04] UPDATING ACCOUNTS (JobID: cf96f013-8402-4185-966f-b1ef5915049d)
 - New and modified: 0

[04/May/2023:03:00:04] DELETING ACCOUNTS (JobID: cf96f013-8402-4185-966f-b1ef5915049d)
 - Deleted: 0

[04/May/2023:03:00:45] UPDATING PRODUCTS (JobID: a0ffdb01-e10c-409f-99b5-78defd8383d8)
 - New and modified: 0

[04/May/2023:03:00:47] UPDATING PREPAGATI (JobID: ee1445ec-c4ef-40c5-b42c-9bf3be38efa6)
 - New and modified: 0

[04/May/2023:03:00:47] DELETING PREPAGATI (JobID: ee1445ec-c4ef-40c5-b42c-9bf3be38efa6)
 - Deleted: 0

[04/May/2023:03:10:04] UPDATING ACCOUNTS (JobID: 75c3f3f1-5356-405e-8233-0922ecc950c6)
 - New and modified: 0

[04/May/2023:03:10:04] DELETING ACCOUNTS (JobID: 75c3f3f1-5356-405e-8233-0922ecc950c6)
 - Deleted: 0

[04/May/2023:03:10:41] UPDATING PRODUCTS (JobID: b14b4843-af49-4859-8abb-4fadaa179319)
 - New and modified: 0

[04/May/2023:03:10:43] UPDATING PREPAGATI (JobID: 7b341f45-fcbe-4a93-b1cd-e169881c39a9)
 - New and modified: 0

[04/May/2023:03:10:43] DELETING PREPAGATI (JobID: 7b341f45-fcbe-4a93-b1cd-e169881c39a9)
 - Deleted: 0

[04/May/2023:03:20:03] UPDATING ACCOUNTS (JobID: b7d42473-70f4-4f6e-a189-8f4b0fd57139)
 - New and modified: 0

[04/May/2023:03:20:03] DELETING ACCOUNTS (JobID: b7d42473-70f4-4f6e-a189-8f4b0fd57139)
 - Deleted: 0

[04/May/2023:03:20:36] UPDATING PRODUCTS (JobID: eff23d58-7a28-42c3-b692-dfd94e9e2e43)
 - New and modified: 0

[04/May/2023:03:20:38] UPDATING PREPAGATI (JobID: 14aed2cc-d842-4b9c-837a-cb88549ee826)
 - New and modified: 0

[04/May/2023:03:20:38] DELETING PREPAGATI (JobID: 14aed2cc-d842-4b9c-837a-cb88549ee826)
 - Deleted: 0

[04/May/2023:03:30:05] UPDATING ACCOUNTS (JobID: 2b9acdc8-8842-42af-ab57-4f905e48d2e7)
 - New and modified: 0

[04/May/2023:03:30:05] DELETING ACCOUNTS (JobID: 2b9acdc8-8842-42af-ab57-4f905e48d2e7)
 - Deleted: 0

[04/May/2023:03:30:42] UPDATING PRODUCTS (JobID: dac85720-467d-46e5-a73f-17862a29e8bd)
 - New and modified: 0

[04/May/2023:03:30:44] UPDATING PREPAGATI (JobID: 9dc27ac9-28a5-4e99-aa8c-d508f18af236)
 - New and modified: 0

[04/May/2023:03:30:44] DELETING PREPAGATI (JobID: 9dc27ac9-28a5-4e99-aa8c-d508f18af236)
 - Deleted: 0

[04/May/2023:03:40:04] UPDATING ACCOUNTS (JobID: 57a6c4c7-6bee-4751-8353-7b70e1713e2a)
 - New and modified: 0

[04/May/2023:03:40:04] DELETING ACCOUNTS (JobID: 57a6c4c7-6bee-4751-8353-7b70e1713e2a)
 - Deleted: 0

[04/May/2023:03:40:40] UPDATING PRODUCTS (JobID: 4735fdf5-46b1-433f-8c24-e518bb6fbd64)
 - New and modified: 0

[04/May/2023:03:40:42] UPDATING PREPAGATI (JobID: 29f94e2e-2fe2-459f-a7e8-9bff06524b21)
 - New and modified: 0

[04/May/2023:03:40:42] DELETING PREPAGATI (JobID: 29f94e2e-2fe2-459f-a7e8-9bff06524b21)
 - Deleted: 0

[04/May/2023:03:50:04] UPDATING ACCOUNTS (JobID: a613c48f-2d48-4206-8d01-fd7bed8c74c9)
 - New and modified: 0

[04/May/2023:03:50:04] DELETING ACCOUNTS (JobID: a613c48f-2d48-4206-8d01-fd7bed8c74c9)
 - Deleted: 0

[04/May/2023:03:50:39] UPDATING PRODUCTS (JobID: ba320fd0-baf4-40b1-bb68-2589cbc146bb)
 - New and modified: 0

[04/May/2023:03:50:41] UPDATING PREPAGATI (JobID: c96f00c1-5a59-446d-bc94-cc567ea16eec)
 - New and modified: 0

[04/May/2023:03:50:41] DELETING PREPAGATI (JobID: c96f00c1-5a59-446d-bc94-cc567ea16eec)
 - Deleted: 0

[04/May/2023:04:00:04] UPDATING ACCOUNTS (JobID: cfab4c57-f654-4902-91bf-6b8b0b5a553b)
 - New and modified: 0

[04/May/2023:04:00:04] DELETING ACCOUNTS (JobID: cfab4c57-f654-4902-91bf-6b8b0b5a553b)
 - Deleted: 0

[04/May/2023:04:00:39] UPDATING PRODUCTS (JobID: 47e5c268-9d4f-4714-b596-e5a85091206a)
 - New and modified: 0

[04/May/2023:04:00:41] UPDATING PREPAGATI (JobID: a716884d-ebf9-422b-bd37-9063a89e8428)
 - New and modified: 0

[04/May/2023:04:00:41] DELETING PREPAGATI (JobID: a716884d-ebf9-422b-bd37-9063a89e8428)
 - Deleted: 0

[04/May/2023:04:10:05] UPDATING ACCOUNTS (JobID: 6cf0ea24-721c-4eca-8fca-e73273ce5f55)
 - New and modified: 0

[04/May/2023:04:10:05] DELETING ACCOUNTS (JobID: 6cf0ea24-721c-4eca-8fca-e73273ce5f55)
 - Deleted: 0

[04/May/2023:04:10:40] UPDATING PRODUCTS (JobID: 001fa7b2-780f-4cf6-8350-37f56b7fb0bf)
 - New and modified: 0

[04/May/2023:04:10:42] UPDATING PREPAGATI (JobID: 855de4bd-6660-4721-95b5-ff6985418459)
 - New and modified: 0

[04/May/2023:04:10:42] DELETING PREPAGATI (JobID: 855de4bd-6660-4721-95b5-ff6985418459)
 - Deleted: 0

[04/May/2023:04:20:04] UPDATING ACCOUNTS (JobID: ffdb3478-473a-49a4-88f1-0bdabe39325f)
 - New and modified: 0

[04/May/2023:04:20:04] DELETING ACCOUNTS (JobID: ffdb3478-473a-49a4-88f1-0bdabe39325f)
 - Deleted: 0

[04/May/2023:04:20:38] UPDATING PRODUCTS (JobID: 6480b0a4-e9d5-44a2-9363-4db3c240adf3)
 - New and modified: 0

[04/May/2023:04:20:40] UPDATING PREPAGATI (JobID: 005cfcf1-ec80-4b14-bc37-f61311431f45)
 - New and modified: 0

[04/May/2023:04:20:40] DELETING PREPAGATI (JobID: 005cfcf1-ec80-4b14-bc37-f61311431f45)
 - Deleted: 0

[04/May/2023:04:30:05] UPDATING ACCOUNTS (JobID: 34c9ca7b-8fe7-4752-971e-83765671a9e8)
 - New and modified: 0

[04/May/2023:04:30:05] DELETING ACCOUNTS (JobID: 34c9ca7b-8fe7-4752-971e-83765671a9e8)
 - Deleted: 0

[04/May/2023:04:30:41] UPDATING PRODUCTS (JobID: 1a655ce5-af74-4464-990b-9d22d44a1390)
 - New and modified: 0

[04/May/2023:04:30:43] UPDATING PREPAGATI (JobID: c4a3741c-ad9d-4ec0-974e-ba088d84d74d)
 - New and modified: 0

[04/May/2023:04:30:43] DELETING PREPAGATI (JobID: c4a3741c-ad9d-4ec0-974e-ba088d84d74d)
 - Deleted: 0

[04/May/2023:04:40:04] UPDATING ACCOUNTS (JobID: 7591bc2a-7dd2-4fdc-b158-4b095e88d497)
 - New and modified: 0

[04/May/2023:04:40:04] DELETING ACCOUNTS (JobID: 7591bc2a-7dd2-4fdc-b158-4b095e88d497)
 - Deleted: 0

[04/May/2023:04:40:40] UPDATING PRODUCTS (JobID: 83cfc269-a9cf-4a7e-a349-012482df5a33)
 - New and modified: 0

[04/May/2023:04:40:41] UPDATING PREPAGATI (JobID: 45b8a1a9-0519-47b3-8d38-ce40f110e424)
 - New and modified: 0

[04/May/2023:04:40:41] DELETING PREPAGATI (JobID: 45b8a1a9-0519-47b3-8d38-ce40f110e424)
 - Deleted: 0

[04/May/2023:04:50:04] UPDATING ACCOUNTS (JobID: 2bc7987c-f45a-4907-971f-c9d0bcd74b8b)
 - New and modified: 0

[04/May/2023:04:50:04] DELETING ACCOUNTS (JobID: 2bc7987c-f45a-4907-971f-c9d0bcd74b8b)
 - Deleted: 0

[04/May/2023:04:50:38] UPDATING PRODUCTS (JobID: 4fb25d39-54a9-4d7d-8bd6-7f49658b88f6)
 - New and modified: 0

[04/May/2023:04:50:40] UPDATING PREPAGATI (JobID: 31802bf4-be57-40f7-adce-a73552ab0621)
 - New and modified: 0

[04/May/2023:04:50:40] DELETING PREPAGATI (JobID: 31802bf4-be57-40f7-adce-a73552ab0621)
 - Deleted: 0

[04/May/2023:05:00:06] UPDATING ACCOUNTS (JobID: ed8c6a4e-49a5-44c4-8981-73737d9ab731)
 - New and modified: 0

[04/May/2023:05:00:06] DELETING ACCOUNTS (JobID: ed8c6a4e-49a5-44c4-8981-73737d9ab731)
 - Deleted: 0

[04/May/2023:05:00:39] UPDATING PRODUCTS (JobID: 79a5ca00-acbd-4940-8192-704476bf31f3)
 - New and modified: 0

[04/May/2023:05:00:41] UPDATING PREPAGATI (JobID: e6433b7a-f067-43de-9f83-89b5a8848d26)
 - New and modified: 0

[04/May/2023:05:00:41] DELETING PREPAGATI (JobID: e6433b7a-f067-43de-9f83-89b5a8848d26)
 - Deleted: 0

[04/May/2023:05:10:04] UPDATING ACCOUNTS (JobID: 3b78f75b-4eee-4b4c-ac5c-fb87f38b64dd)
 - New and modified: 0

[04/May/2023:05:10:04] DELETING ACCOUNTS (JobID: 3b78f75b-4eee-4b4c-ac5c-fb87f38b64dd)
 - Deleted: 0

[04/May/2023:05:10:39] UPDATING PRODUCTS (JobID: 4c61bea6-e99c-4530-ac3d-f8cc3c4b3116)
 - New and modified: 0

[04/May/2023:05:10:41] UPDATING PREPAGATI (JobID: 1287d746-b879-411f-b4e8-bdf16fff3346)
 - New and modified: 0

[04/May/2023:05:10:41] DELETING PREPAGATI (JobID: 1287d746-b879-411f-b4e8-bdf16fff3346)
 - Deleted: 0

[04/May/2023:05:20:04] UPDATING ACCOUNTS (JobID: eed6645c-9271-4583-b831-84d806aaceb6)
 - New and modified: 0

[04/May/2023:05:20:04] DELETING ACCOUNTS (JobID: eed6645c-9271-4583-b831-84d806aaceb6)
 - Deleted: 0

[04/May/2023:05:20:41] UPDATING PRODUCTS (JobID: 40a72d2b-790a-4ec4-9eb9-41b38341b173)
 - New and modified: 0

[04/May/2023:05:20:43] UPDATING PREPAGATI (JobID: e0f53d45-0d3c-4ea4-a143-eeb39e151501)
 - New and modified: 0

[04/May/2023:05:20:43] DELETING PREPAGATI (JobID: e0f53d45-0d3c-4ea4-a143-eeb39e151501)
 - Deleted: 0

[04/May/2023:05:30:04] UPDATING ACCOUNTS (JobID: dca70b43-64a6-422e-92e3-3c39ca082045)
 - New and modified: 0

[04/May/2023:05:30:04] DELETING ACCOUNTS (JobID: dca70b43-64a6-422e-92e3-3c39ca082045)
 - Deleted: 0

[04/May/2023:05:30:36] UPDATING PRODUCTS (JobID: 8709a9dc-38cf-4fb8-ab60-afce8d02c8a6)
 - New and modified: 0

[04/May/2023:05:30:38] UPDATING PREPAGATI (JobID: 55171910-d3fd-4731-9420-a581cb63b61c)
 - New and modified: 0

[04/May/2023:05:30:38] DELETING PREPAGATI (JobID: 55171910-d3fd-4731-9420-a581cb63b61c)
 - Deleted: 0

[04/May/2023:05:40:05] UPDATING ACCOUNTS (JobID: cba99921-17b0-4f95-bcc7-c37063992864)
 - New and modified: 0

[04/May/2023:05:40:05] DELETING ACCOUNTS (JobID: cba99921-17b0-4f95-bcc7-c37063992864)
 - Deleted: 0

[04/May/2023:05:40:38] UPDATING PRODUCTS (JobID: b778db06-7639-4f57-a24e-69788f42c969)
 - New and modified: 0

[04/May/2023:05:40:40] UPDATING PREPAGATI (JobID: 796e553a-f088-4ba4-8bda-d8d125544503)
 - New and modified: 0

[04/May/2023:05:40:40] DELETING PREPAGATI (JobID: 796e553a-f088-4ba4-8bda-d8d125544503)
 - Deleted: 0

[04/May/2023:05:50:04] UPDATING ACCOUNTS (JobID: ed154613-7387-4fb5-b4b0-ea610a1b0086)
 - New and modified: 0

[04/May/2023:05:50:04] DELETING ACCOUNTS (JobID: ed154613-7387-4fb5-b4b0-ea610a1b0086)
 - Deleted: 0

[04/May/2023:05:50:36] UPDATING PRODUCTS (JobID: 45ed5972-319e-448c-92dd-2d516305369e)
 - New and modified: 0

[04/May/2023:05:50:38] UPDATING PREPAGATI (JobID: 44acd323-c930-4f51-9ac9-bf4b0082ee50)
 - New and modified: 0

[04/May/2023:05:50:38] DELETING PREPAGATI (JobID: 44acd323-c930-4f51-9ac9-bf4b0082ee50)
 - Deleted: 0

[04/May/2023:06:00:04] UPDATING ACCOUNTS (JobID: bf32106c-e27c-405d-8e8b-05875425ebc0)
 - New and modified: 0

[04/May/2023:06:00:04] DELETING ACCOUNTS (JobID: bf32106c-e27c-405d-8e8b-05875425ebc0)
 - Deleted: 0

[04/May/2023:06:00:45] UPDATING PRODUCTS (JobID: 6f978b44-8633-434f-bdbe-43fad15ccb31)
 - New and modified: 0

[04/May/2023:06:00:50] UPDATING PREPAGATI (JobID: 70e0f833-e5a6-4017-9ec4-e68f49d03f98)
 - New and modified: 0

[04/May/2023:06:00:50] DELETING PREPAGATI (JobID: 70e0f833-e5a6-4017-9ec4-e68f49d03f98)
 - Deleted: 0

[04/May/2023:06:10:17] UPDATING ACCOUNTS (JobID: fb17b04f-498c-4f16-9542-cb74e92386b9)
 - New and modified: 0

[04/May/2023:06:10:17] DELETING ACCOUNTS (JobID: fb17b04f-498c-4f16-9542-cb74e92386b9)
 - Deleted: 0

[04/May/2023:06:12:10] UPDATING PRODUCTS (JobID: 1998f9b2-fee7-4dd2-9218-ea40be319b4b)
 - New and modified: 0

[04/May/2023:06:12:16] UPDATING PREPAGATI (JobID: 39d8ff01-5ac9-4aa4-947a-7aea5d757fed)
 - New and modified: 0

[04/May/2023:06:12:16] DELETING PREPAGATI (JobID: 39d8ff01-5ac9-4aa4-947a-7aea5d757fed)
 - Deleted: 0

[04/May/2023:06:20:04] UPDATING ACCOUNTS (JobID: 14f0ea72-1772-49fa-bc9c-b9793ce921d0)
 - New and modified: 0

[04/May/2023:06:20:04] DELETING ACCOUNTS (JobID: 14f0ea72-1772-49fa-bc9c-b9793ce921d0)
 - Deleted: 0

[04/May/2023:06:20:42] UPDATING PRODUCTS (JobID: 7aee6a09-4855-422c-bc64-053ecba5cbc2)
 - New and modified: 0

[04/May/2023:06:20:44] UPDATING PREPAGATI (JobID: 790413a4-d1da-48b6-8977-b2b24abe5d8e)
 - New and modified: 0

[04/May/2023:06:20:44] DELETING PREPAGATI (JobID: 790413a4-d1da-48b6-8977-b2b24abe5d8e)
 - Deleted: 0

[04/May/2023:06:30:25] UPDATING ACCOUNTS (JobID: cef670ae-cf24-4d15-a3ff-47a6edd58e04)
 - New and modified: 0

[04/May/2023:06:30:25] DELETING ACCOUNTS (JobID: cef670ae-cf24-4d15-a3ff-47a6edd58e04)
 - Deleted: 0

[04/May/2023:06:31:43] UPDATING PRODUCTS (JobID: b84e972c-1cb1-41e6-b212-42870eb4283e)
 - New and modified: 0

[04/May/2023:06:31:44] UPDATING PREPAGATI (JobID: 1c5ac846-4986-4c6c-a472-96e316633b82)
 - New and modified: 0

[04/May/2023:06:31:44] DELETING PREPAGATI (JobID: 1c5ac846-4986-4c6c-a472-96e316633b82)
 - Deleted: 0

[04/May/2023:06:40:06] UPDATING ACCOUNTS (JobID: 14cadbfd-ab0a-498f-8277-aa02212a9618)
 - New and modified: 0

[04/May/2023:06:40:06] DELETING ACCOUNTS (JobID: 14cadbfd-ab0a-498f-8277-aa02212a9618)
 - Deleted: 0

[04/May/2023:06:40:44] UPDATING PRODUCTS (JobID: a13792bc-18cf-4f58-af52-7f095ba53380)
 - New and modified: 0

[04/May/2023:06:40:45] UPDATING PREPAGATI (JobID: 27464c77-ce9f-4cb4-ba9e-aa0050c10db7)
 - New and modified: 0

[04/May/2023:06:40:45] DELETING PREPAGATI (JobID: 27464c77-ce9f-4cb4-ba9e-aa0050c10db7)
 - Deleted: 0

[04/May/2023:06:50:04] UPDATING ACCOUNTS (JobID: 1121f601-3271-4c76-b4da-6a1ba203c5fc)
 - New and modified: 0

[04/May/2023:06:50:04] DELETING ACCOUNTS (JobID: 1121f601-3271-4c76-b4da-6a1ba203c5fc)
 - Deleted: 0

[04/May/2023:06:50:41] UPDATING PRODUCTS (JobID: 212b0957-bf62-4558-9e51-f115f28631d8)
 - New and modified: 0

[04/May/2023:06:50:42] UPDATING PREPAGATI (JobID: c01845c0-616b-465b-80e3-55146d0f5294)
 - New and modified: 0

[04/May/2023:06:50:42] DELETING PREPAGATI (JobID: c01845c0-616b-465b-80e3-55146d0f5294)
 - Deleted: 0

[04/May/2023:07:01:07] UPDATING ACCOUNTS (JobID: 746da532-0434-4c58-b9c8-6c864884b122)
 - New and modified: 0

[04/May/2023:07:01:07] DELETING ACCOUNTS (JobID: 746da532-0434-4c58-b9c8-6c864884b122)
 - Deleted: 0

[04/May/2023:07:05:35] UPDATING PRODUCTS (JobID: f65a79e2-1922-4763-8cfc-42b0d1692293)
 - New and modified: 0

[04/May/2023:07:05:38] UPDATING PREPAGATI (JobID: b45d093e-5a31-4edb-bb37-a50e849057d8)
 - New and modified: 0

[04/May/2023:07:05:38] DELETING PREPAGATI (JobID: b45d093e-5a31-4edb-bb37-a50e849057d8)
 - Deleted: 0

[04/May/2023:07:10:51] UPDATING ACCOUNTS (JobID: 9ce7f625-448d-4dad-a566-6bde57a85261)
 - New and modified: 0

[04/May/2023:07:10:51] DELETING ACCOUNTS (JobID: 9ce7f625-448d-4dad-a566-6bde57a85261)
 - Deleted: 0

[04/May/2023:07:12:11] UPDATING PRODUCTS (JobID: 778e0862-c033-4df2-9b9d-1749341a039e)
 - New and modified: 0

[04/May/2023:07:12:19] UPDATING PREPAGATI (JobID: 1f3ba5e3-15f9-40c9-8137-fc4d2a83e140)
 - New and modified: 0

[04/May/2023:07:12:19] DELETING PREPAGATI (JobID: 1f3ba5e3-15f9-40c9-8137-fc4d2a83e140)
 - Deleted: 0

[04/May/2023:07:20:05] UPDATING ACCOUNTS (JobID: 68824d87-db74-4e47-b238-fcfa37503a84)
 - New and modified: 0

[04/May/2023:07:20:05] DELETING ACCOUNTS (JobID: 68824d87-db74-4e47-b238-fcfa37503a84)
 - Deleted: 0

[04/May/2023:07:21:10] UPDATING PRODUCTS (JobID: 3fdf406b-eb21-46d3-80f0-bae4b4ed2654)
 - New and modified: 0

[04/May/2023:07:21:14] UPDATING PREPAGATI (JobID: 4ca97c56-02c3-4e74-9651-8f8d004f6fa8)
 - New and modified: 0

[04/May/2023:07:21:14] DELETING PREPAGATI (JobID: 4ca97c56-02c3-4e74-9651-8f8d004f6fa8)
 - Deleted: 0

[04/May/2023:07:30:09] UPDATING ACCOUNTS (JobID: ae5071cf-c575-4b20-b188-d88ca6910287)
 - New and modified: 0

[04/May/2023:07:30:09] DELETING ACCOUNTS (JobID: ae5071cf-c575-4b20-b188-d88ca6910287)
 - Deleted: 0

[04/May/2023:07:31:12] UPDATING PRODUCTS (JobID: ac47a027-0ebb-4976-a2bc-258568bed02e)
 - New and modified: 0

[04/May/2023:07:31:14] UPDATING PREPAGATI (JobID: 1fdc931a-29f5-4dd6-a0a6-2d28229c5b7b)
 - New and modified: 0

[04/May/2023:07:31:14] DELETING PREPAGATI (JobID: 1fdc931a-29f5-4dd6-a0a6-2d28229c5b7b)
 - Deleted: 0

[04/May/2023:07:40:10] UPDATING ACCOUNTS (JobID: a80be083-1579-465a-bce0-b1fc982e92bf)
 - New and modified: 0

[04/May/2023:07:40:10] DELETING ACCOUNTS (JobID: a80be083-1579-465a-bce0-b1fc982e92bf)
 - Deleted: 0

[04/May/2023:07:41:11] UPDATING PRODUCTS (JobID: 97b83841-6abc-4bf3-9f4c-92ff46c841b5)
 - New and modified: 0

[04/May/2023:07:41:14] UPDATING PREPAGATI (JobID: f8c63393-dbee-4124-a0db-b31ee1e59561)
 - New and modified: 0

[04/May/2023:07:41:14] DELETING PREPAGATI (JobID: f8c63393-dbee-4124-a0db-b31ee1e59561)
 - Deleted: 0

[04/May/2023:07:50:10] UPDATING ACCOUNTS (JobID: ac9d353d-6885-4182-8275-44a13a89303b)
 - New and modified: 0

[04/May/2023:07:50:10] DELETING ACCOUNTS (JobID: ac9d353d-6885-4182-8275-44a13a89303b)
 - Deleted: 0

[04/May/2023:07:51:04] UPDATING PRODUCTS (JobID: 45779a9c-8b3d-48a8-be65-2aa174518f75)
 - New and modified: 0

[04/May/2023:07:51:09] UPDATING PREPAGATI (JobID: 2a882c6d-8482-402e-93c0-a834267a50ea)
 - New and modified: 0

[04/May/2023:07:51:09] DELETING PREPAGATI (JobID: 2a882c6d-8482-402e-93c0-a834267a50ea)
 - Deleted: 0

[04/May/2023:08:00:07] UPDATING ACCOUNTS (JobID: d2eff179-cce0-42af-a3f1-d906141be9d7)
 - New and modified: 0

[04/May/2023:08:00:07] DELETING ACCOUNTS (JobID: d2eff179-cce0-42af-a3f1-d906141be9d7)
 - Deleted: 0

[04/May/2023:08:01:49] UPDATING PRODUCTS (JobID: 57addf4f-6519-46c4-b7de-83cce2c51f08)
 - New and modified: 0

[04/May/2023:08:01:53] UPDATING PREPAGATI (JobID: 0f9833bb-cb8f-4c54-a0dc-74fca2ed4df4)
 - New and modified: 0

[04/May/2023:08:01:53] DELETING PREPAGATI (JobID: 0f9833bb-cb8f-4c54-a0dc-74fca2ed4df4)
 - Deleted: 0

[04/May/2023:08:10:47] UPDATING ACCOUNTS (JobID: edf5874c-0750-4753-8645-1fe5e71876b9)
 - New and modified: 0

[04/May/2023:08:10:47] DELETING ACCOUNTS (JobID: edf5874c-0750-4753-8645-1fe5e71876b9)
 - Deleted: 0

[04/May/2023:08:12:14] UPDATING PRODUCTS (JobID: ae945fc6-de20-415d-bbe0-fca0cbd0e930)
 - New and modified: 0

[04/May/2023:08:12:16] UPDATING PREPAGATI (JobID: b0b97100-79a2-4b0e-b94d-478fcb17c394)
 - New and modified: 0

[04/May/2023:08:12:16] DELETING PREPAGATI (JobID: b0b97100-79a2-4b0e-b94d-478fcb17c394)
 - Deleted: 0

[04/May/2023:08:20:07] UPDATING ACCOUNTS (JobID: be5c527f-169e-458c-a0a1-3667f0253c25)
 - New and modified: 0

[04/May/2023:08:20:07] DELETING ACCOUNTS (JobID: be5c527f-169e-458c-a0a1-3667f0253c25)
 - Deleted: 0

[04/May/2023:08:21:07] UPDATING PRODUCTS (JobID: 19d31e7f-257b-4788-83cb-ed6c95fd42ee)
 - New and modified: 0

[04/May/2023:08:21:11] UPDATING PREPAGATI (JobID: ecbdaa26-ecfc-42d1-b004-d3cff63986e6)
 - New and modified: 0

[04/May/2023:08:21:11] DELETING PREPAGATI (JobID: ecbdaa26-ecfc-42d1-b004-d3cff63986e6)
 - Deleted: 0

[04/May/2023:08:30:09] UPDATING ACCOUNTS (JobID: a3eb6edc-07c3-4957-a988-4ed5ecb92214)
 - New and modified: 0

[04/May/2023:08:30:09] DELETING ACCOUNTS (JobID: a3eb6edc-07c3-4957-a988-4ed5ecb92214)
 - Deleted: 0

[04/May/2023:08:31:05] UPDATING PRODUCTS (JobID: 0807409f-c2df-44f2-8fed-627c4ce793dd)
 - New and modified: 0

[04/May/2023:08:31:07] UPDATING PREPAGATI (JobID: 6da69f41-9370-43e2-9e3b-742af86451a5)
 - New and modified: 0

[04/May/2023:08:31:07] DELETING PREPAGATI (JobID: 6da69f41-9370-43e2-9e3b-742af86451a5)
 - Deleted: 0

[04/May/2023:08:40:09] UPDATING ACCOUNTS (JobID: f2481a50-968b-488c-85a5-677a9e0ab3f8)
 - New and modified: 0

[04/May/2023:08:40:09] DELETING ACCOUNTS (JobID: f2481a50-968b-488c-85a5-677a9e0ab3f8)
 - Deleted: 0

[04/May/2023:08:41:06] UPDATING PRODUCTS (JobID: 39e8935b-9a9c-42a3-82ae-ab3bdecf2597)
 - New and modified: 0

[04/May/2023:08:41:08] UPDATING PREPAGATI (JobID: c725f0d8-2b9f-4631-ac0c-96671e5a0fec)
 - New and modified: 0

[04/May/2023:08:41:08] DELETING PREPAGATI (JobID: c725f0d8-2b9f-4631-ac0c-96671e5a0fec)
 - Deleted: 0

[04/May/2023:08:50:05] UPDATING ACCOUNTS (JobID: 19855900-aed4-411e-a351-5640615181d0)
 - New and modified: 0

[04/May/2023:08:50:05] DELETING ACCOUNTS (JobID: 19855900-aed4-411e-a351-5640615181d0)
 - Deleted: 0

[04/May/2023:08:51:15] UPDATING PRODUCTS (JobID: bd27f42d-a16e-4453-ab4b-24533ad37afe)
 - New and modified: 0

[04/May/2023:08:51:18] UPDATING PREPAGATI (JobID: b7a26a4a-fb76-4305-b04f-1d88ab93e6c5)
 - New and modified: 0

[04/May/2023:08:51:18] DELETING PREPAGATI (JobID: b7a26a4a-fb76-4305-b04f-1d88ab93e6c5)
 - Deleted: 0

[04/May/2023:09:00:11] UPDATING ACCOUNTS (JobID: d112e44a-a9b7-4ad3-91fc-c3431373beaa)
 - New and modified: 0

[04/May/2023:09:00:11] DELETING ACCOUNTS (JobID: d112e44a-a9b7-4ad3-91fc-c3431373beaa)
 - Deleted: 0

[04/May/2023:09:01:35] UPDATING PRODUCTS (JobID: d3bdb901-0010-4fb8-814d-363915759146)
 - New and modified: 0

[04/May/2023:09:01:38] UPDATING PREPAGATI (JobID: f15f2991-caf6-477d-844b-59958ec8e7b5)
 - New and modified: 0

[04/May/2023:09:01:38] DELETING PREPAGATI (JobID: f15f2991-caf6-477d-844b-59958ec8e7b5)
 - Deleted: 0

[04/May/2023:09:10:17] UPDATING ACCOUNTS (JobID: 5c81e4b6-60eb-4a03-8f8c-f492c3fecf2c)
 - New and modified: 0

[04/May/2023:09:10:17] DELETING ACCOUNTS (JobID: 5c81e4b6-60eb-4a03-8f8c-f492c3fecf2c)
 - Deleted: 0

[04/May/2023:09:11:51] UPDATING PRODUCTS (JobID: d02edc27-7a38-4546-886d-bb16cf1bceaa)
 - New and modified: 0

[04/May/2023:09:11:55] UPDATING PREPAGATI (JobID: 1ea9ec05-83a7-4d6a-a5d1-cb94de23c4a0)
 - New and modified: 0

[04/May/2023:09:11:55] DELETING PREPAGATI (JobID: 1ea9ec05-83a7-4d6a-a5d1-cb94de23c4a0)
 - Deleted: 0

[04/May/2023:09:30:05] UPDATING ACCOUNTS (JobID: 528ce51b-c57d-4756-bdd9-51c7625bddf6)
 - New and modified: 0

[04/May/2023:09:30:05] DELETING ACCOUNTS (JobID: 528ce51b-c57d-4756-bdd9-51c7625bddf6)
 - Deleted: 0

[04/May/2023:09:31:04] UPDATING PRODUCTS (JobID: 51e9de99-e6c7-4566-a7ea-3f1d96afdbb1)
 - New and modified: 0

[04/May/2023:09:31:08] UPDATING PREPAGATI (JobID: 8d3f5e7b-da9a-475d-8a4e-f165836e6ca4)
 - New and modified: 0

[04/May/2023:09:31:08] DELETING PREPAGATI (JobID: 8d3f5e7b-da9a-475d-8a4e-f165836e6ca4)
 - Deleted: 0

[04/May/2023:09:40:13] UPDATING ACCOUNTS (JobID: f399ec01-06be-4e5b-bc27-17d38f40c55e)
 - New and modified: 0

[04/May/2023:09:40:13] DELETING ACCOUNTS (JobID: f399ec01-06be-4e5b-bc27-17d38f40c55e)
 - Deleted: 0

[04/May/2023:09:41:22] UPDATING PRODUCTS (JobID: 9c14a642-fc8a-4398-80ec-19de51543ce4)
 - New and modified: 0

[04/May/2023:09:41:27] UPDATING PREPAGATI (JobID: 96e9e2a0-9a31-4453-af54-26e57e309f35)
 - New and modified: 0

[04/May/2023:09:41:27] DELETING PREPAGATI (JobID: 96e9e2a0-9a31-4453-af54-26e57e309f35)
 - Deleted: 0

[04/May/2023:09:50:05] UPDATING ACCOUNTS (JobID: b23f2ee1-7da7-4ce8-a230-3d42a75ac7e7)
 - New and modified: 0

[04/May/2023:09:50:05] DELETING ACCOUNTS (JobID: b23f2ee1-7da7-4ce8-a230-3d42a75ac7e7)
 - Deleted: 0

[04/May/2023:09:51:09] UPDATING PRODUCTS (JobID: 843e352e-421e-41fe-8ebc-93add4e7dbc1)
 - New and modified: 0

[04/May/2023:09:51:12] UPDATING PREPAGATI (JobID: 7f9a5d84-8f9d-44e5-9f69-e411a6f211d2)
 - New and modified: 0

[04/May/2023:09:51:12] DELETING PREPAGATI (JobID: 7f9a5d84-8f9d-44e5-9f69-e411a6f211d2)
 - Deleted: 0

[04/May/2023:10:00:16] UPDATING ACCOUNTS (JobID: d6d6abc6-83fb-4775-b8d6-bd3e30e71964)
 - New and modified: 0

[04/May/2023:10:00:16] DELETING ACCOUNTS (JobID: d6d6abc6-83fb-4775-b8d6-bd3e30e71964)
 - Deleted: 0

[04/May/2023:10:01:17] UPDATING PRODUCTS (JobID: 6bca3ffb-cdbe-4584-8b63-72d55ec283b7)
 - New and modified: 0

[04/May/2023:10:01:24] UPDATING PREPAGATI (JobID: 5fa6644e-f28f-43e5-81f5-0d0e54c8c5ad)
 - New and modified: 0

[04/May/2023:10:01:24] DELETING PREPAGATI (JobID: 5fa6644e-f28f-43e5-81f5-0d0e54c8c5ad)
 - Deleted: 0

[04/May/2023:10:11:44] UPDATING ACCOUNTS (JobID: 76ecba84-6503-4a28-a5af-00eb89198281)
 - New and modified: 0

[04/May/2023:10:11:44] DELETING ACCOUNTS (JobID: 76ecba84-6503-4a28-a5af-00eb89198281)
 - Deleted: 0

[04/May/2023:10:13:30] UPDATING PRODUCTS (JobID: 3587df6c-4e27-4766-a0a0-ca6d6b023b02)
 - New and modified: 0

[04/May/2023:10:13:32] UPDATING PREPAGATI (JobID: ecc54fd5-7d19-43ef-b826-6457a8c56b32)
 - New and modified: 0

[04/May/2023:10:13:32] DELETING PREPAGATI (JobID: ecc54fd5-7d19-43ef-b826-6457a8c56b32)
 - Deleted: 0

[04/May/2023:10:30:04] UPDATING ACCOUNTS (JobID: 13e2173c-2541-48d6-b86e-586e8c751120)
 - New and modified: 0

[04/May/2023:10:30:04] DELETING ACCOUNTS (JobID: 13e2173c-2541-48d6-b86e-586e8c751120)
 - Deleted: 0

[04/May/2023:10:30:41] UPDATING PRODUCTS (JobID: 008f0350-dd70-4c3c-9d54-4b0454ef045d)
 - New and modified: 0

[04/May/2023:10:30:45] UPDATING PREPAGATI (JobID: 4498d350-ca9b-407e-9f9f-d9497af08eb3)
 - New and modified: 0

[04/May/2023:10:30:46] DELETING PREPAGATI (JobID: 4498d350-ca9b-407e-9f9f-d9497af08eb3)
 - Deleted: 0

[04/May/2023:10:40:05] UPDATING ACCOUNTS (JobID: 4e66319c-884d-4cbd-a1bc-1c4cfea76ebe)
 - New and modified: 0

[04/May/2023:10:40:05] DELETING ACCOUNTS (JobID: 4e66319c-884d-4cbd-a1bc-1c4cfea76ebe)
 - Deleted: 0

[04/May/2023:10:40:59] UPDATING PRODUCTS (JobID: f74b9d70-880b-473f-acd8-334b1a717df0)
 - New and modified: 0

[04/May/2023:10:41:02] UPDATING PREPAGATI (JobID: cda0c3e5-e2d5-4f23-958c-ddb5eb29bd24)
 - New and modified: 0

[04/May/2023:10:41:02] DELETING PREPAGATI (JobID: cda0c3e5-e2d5-4f23-958c-ddb5eb29bd24)
 - Deleted: 0

[04/May/2023:10:50:09] UPDATING ACCOUNTS (JobID: a98adad3-6f52-4224-8347-72c8211ddad1)
 - New and modified: 0

[04/May/2023:10:50:09] DELETING ACCOUNTS (JobID: a98adad3-6f52-4224-8347-72c8211ddad1)
 - Deleted: 0

[04/May/2023:10:51:13] UPDATING PRODUCTS (JobID: 77e025dc-1de4-4c66-ad56-06eb88a7f8c7)
 - New and modified: 0

[04/May/2023:10:51:15] UPDATING PREPAGATI (JobID: f06a3cc8-fe8a-4f2e-8c77-a22561856123)
 - New and modified: 0

[04/May/2023:10:51:15] DELETING PREPAGATI (JobID: f06a3cc8-fe8a-4f2e-8c77-a22561856123)
 - Deleted: 0

[04/May/2023:11:00:09] UPDATING ACCOUNTS (JobID: 0462ec1c-b59d-412a-9393-1eff42a24a53)
 - New and modified: 0

[04/May/2023:11:00:09] DELETING ACCOUNTS (JobID: 0462ec1c-b59d-412a-9393-1eff42a24a53)
 - Deleted: 0

[04/May/2023:11:02:36] UPDATING PRODUCTS (JobID: 582c41d2-5b3b-4a47-98f0-6f39aa15be43)
 - New and modified: 0

[04/May/2023:11:02:40] UPDATING PREPAGATI (JobID: 2d8aa15c-a67d-405e-8fd8-f7a690bd5350)
 - New and modified: 0

[04/May/2023:11:02:40] DELETING PREPAGATI (JobID: 2d8aa15c-a67d-405e-8fd8-f7a690bd5350)
 - Deleted: 0

[04/May/2023:11:11:56] UPDATING ACCOUNTS (JobID: 326d1ea7-68a3-4d8e-8770-a65597bb48f1)
 - New and modified: 0

[04/May/2023:11:11:56] DELETING ACCOUNTS (JobID: 326d1ea7-68a3-4d8e-8770-a65597bb48f1)
 - Deleted: 0

[04/May/2023:11:20:45] UPDATING PRODUCTS (JobID: 488fa5a3-3a1b-4ae3-92be-156edb12dffd)
 - New and modified: 0

[04/May/2023:11:20:51] UPDATING PREPAGATI (JobID: 7a19af0d-97dc-4aa2-b2c6-3c81928110b2)
 - New and modified: 0

[04/May/2023:11:20:51] DELETING PREPAGATI (JobID: 7a19af0d-97dc-4aa2-b2c6-3c81928110b2)
 - Deleted: 0

[04/May/2023:11:30:40] UPDATING ACCOUNTS (JobID: 31394ca3-6c9d-4108-8e6a-01bc98aeb7ac)
 - New and modified: 0

[04/May/2023:11:30:40] DELETING ACCOUNTS (JobID: 31394ca3-6c9d-4108-8e6a-01bc98aeb7ac)
 - Deleted: 0

[04/May/2023:11:33:52] UPDATING PRODUCTS (JobID: 612a8958-7786-490d-8418-b3d2eac42f18)
 - New and modified: 0

[04/May/2023:11:34:00] UPDATING PREPAGATI (JobID: ed16601e-0ebc-4ac6-9331-615d649926bb)
 - New and modified: 0

[04/May/2023:11:34:00] DELETING PREPAGATI (JobID: ed16601e-0ebc-4ac6-9331-615d649926bb)
 - Deleted: 0

[04/May/2023:11:40:14] UPDATING ACCOUNTS (JobID: c17058fe-bc11-4b1c-9156-20fb3557f248)
 - New and modified: 0

[04/May/2023:11:40:14] DELETING ACCOUNTS (JobID: c17058fe-bc11-4b1c-9156-20fb3557f248)
 - Deleted: 0

[04/May/2023:11:42:05] UPDATING PRODUCTS (JobID: 7060149f-942b-426a-8958-373beec3d471)
 - New and modified: 0

[04/May/2023:11:42:16] UPDATING PREPAGATI (JobID: 812ec252-d31b-413e-872a-ad737600315d)
 - New and modified: 0

[04/May/2023:11:42:16] DELETING PREPAGATI (JobID: 812ec252-d31b-413e-872a-ad737600315d)
 - Deleted: 0

[04/May/2023:11:50:05] UPDATING ACCOUNTS (JobID: 879c00c5-e145-40a0-8f39-3a560fcc275f)
 - New and modified: 0

[04/May/2023:11:50:05] DELETING ACCOUNTS (JobID: 879c00c5-e145-40a0-8f39-3a560fcc275f)
 - Deleted: 0

[04/May/2023:11:51:23] UPDATING PRODUCTS (JobID: b9030c79-3cd5-4b71-9313-4aa1433813d5)
 - New and modified: 0

[04/May/2023:11:51:34] UPDATING PREPAGATI (JobID: 44d661d4-9911-4891-a42b-6308d4938130)
 - New and modified: 0

[04/May/2023:11:51:34] DELETING PREPAGATI (JobID: 44d661d4-9911-4891-a42b-6308d4938130)
 - Deleted: 0

[04/May/2023:12:00:07] UPDATING ACCOUNTS (JobID: fc002059-abb0-4a0f-9b4c-c8c9e3aa7a72)
 - New and modified: 0

[04/May/2023:12:00:07] DELETING ACCOUNTS (JobID: fc002059-abb0-4a0f-9b4c-c8c9e3aa7a72)
 - Deleted: 0

[04/May/2023:12:01:33] UPDATING PRODUCTS (JobID: 54bc79f5-e395-44cc-ad24-5c022f89b9b0)
 - New and modified: 0

[04/May/2023:12:01:39] UPDATING PREPAGATI (JobID: b656be93-cee4-4b50-a57f-d94e80cdd2b1)
 - New and modified: 0

[04/May/2023:12:01:39] DELETING PREPAGATI (JobID: b656be93-cee4-4b50-a57f-d94e80cdd2b1)
 - Deleted: 0

[04/May/2023:12:11:18] UPDATING ACCOUNTS (JobID: 76323852-1f43-488e-846c-6acdc3119dd7)
 - New and modified: 0

[04/May/2023:12:11:18] DELETING ACCOUNTS (JobID: 76323852-1f43-488e-846c-6acdc3119dd7)
 - Deleted: 0

[04/May/2023:12:14:21] UPDATING PRODUCTS (JobID: 01757d4f-8bf7-44f5-8dea-3a5034f13969)
 - New and modified: 0

[04/May/2023:12:14:30] UPDATING PREPAGATI (JobID: 3cef356f-86a0-4c42-a07a-97ff85084769)
 - New and modified: 0

[04/May/2023:12:14:30] DELETING PREPAGATI (JobID: 3cef356f-86a0-4c42-a07a-97ff85084769)
 - Deleted: 0

[04/May/2023:12:30:08] UPDATING ACCOUNTS (JobID: 15a6d196-7390-481e-8210-67364c2ebcc7)
 - New and modified: 0

[04/May/2023:12:30:08] DELETING ACCOUNTS (JobID: 15a6d196-7390-481e-8210-67364c2ebcc7)
 - Deleted: 0

[04/May/2023:12:31:00] UPDATING PRODUCTS (JobID: 9ed90f20-b01b-4eb6-90ba-95dfe3713854)
 - New and modified: 0

[04/May/2023:12:31:03] UPDATING PREPAGATI (JobID: a5b38cb6-772c-4f87-b463-bda3a08180c7)
 - New and modified: 0

[04/May/2023:12:31:03] DELETING PREPAGATI (JobID: a5b38cb6-772c-4f87-b463-bda3a08180c7)
 - Deleted: 0

[04/May/2023:12:40:08] UPDATING ACCOUNTS (JobID: a04e2382-17d7-4b32-b510-fa06196ab431)
 - New and modified: 0

[04/May/2023:12:40:08] DELETING ACCOUNTS (JobID: a04e2382-17d7-4b32-b510-fa06196ab431)
 - Deleted: 0

[04/May/2023:12:40:47] UPDATING PRODUCTS (JobID: b8a4b14e-fd5a-449f-a826-d30eafdd7a70)
 - New and modified: 0

[04/May/2023:12:40:49] UPDATING PREPAGATI (JobID: 2a9c8edd-ffb0-4cda-a69e-9715832e163f)
 - New and modified: 0

[04/May/2023:12:40:49] DELETING PREPAGATI (JobID: 2a9c8edd-ffb0-4cda-a69e-9715832e163f)
 - Deleted: 0

[04/May/2023:12:50:04] UPDATING ACCOUNTS (JobID: f1e64288-4413-461f-972b-c9b01783a676)
 - New and modified: 0

[04/May/2023:12:50:04] DELETING ACCOUNTS (JobID: f1e64288-4413-461f-972b-c9b01783a676)
 - Deleted: 0

[04/May/2023:12:50:48] UPDATING PRODUCTS (JobID: 022aaf6d-46a1-4ce8-85a2-9f82e25f96ca)
 - New and modified: 0

[04/May/2023:12:50:51] UPDATING PREPAGATI (JobID: 98adf204-044c-4587-a603-8827bc478e23)
 - New and modified: 0

[04/May/2023:12:50:51] DELETING PREPAGATI (JobID: 98adf204-044c-4587-a603-8827bc478e23)
 - Deleted: 0

[04/May/2023:13:00:04] UPDATING ACCOUNTS (JobID: 0181d0a4-bba9-46d3-970e-50b9513f89e4)
 - New and modified: 0

[04/May/2023:13:00:04] DELETING ACCOUNTS (JobID: 0181d0a4-bba9-46d3-970e-50b9513f89e4)
 - Deleted: 0

[04/May/2023:13:01:24] UPDATING PRODUCTS (JobID: eb7bb961-b765-41a6-9982-7ba375a73450)
 - New and modified: 0

[04/May/2023:13:01:38] UPDATING PREPAGATI (JobID: 2fb70443-87b4-40d7-8648-74beea30ee9a)
 - New and modified: 0

[04/May/2023:13:01:38] DELETING PREPAGATI (JobID: 2fb70443-87b4-40d7-8648-74beea30ee9a)
 - Deleted: 0

[04/May/2023:13:10:42] UPDATING ACCOUNTS (JobID: dfd921b4-06d4-4c02-9aee-f3d752d1608b)
 - New and modified: 0

[04/May/2023:13:10:42] DELETING ACCOUNTS (JobID: dfd921b4-06d4-4c02-9aee-f3d752d1608b)
 - Deleted: 0

[04/May/2023:13:13:43] UPDATING PRODUCTS (JobID: 15d9bc06-50e5-4f61-86eb-6ffcc426d5b4)
 - New and modified: 0

[04/May/2023:13:13:47] UPDATING PREPAGATI (JobID: 4465f30c-c720-4b03-bc9a-912fe8fa4712)
 - New and modified: 0

[04/May/2023:13:13:47] DELETING PREPAGATI (JobID: 4465f30c-c720-4b03-bc9a-912fe8fa4712)
 - Deleted: 0

[04/May/2023:13:20:04] UPDATING ACCOUNTS (JobID: e4916deb-f737-4c11-8804-b027a4e11645)
 - New and modified: 0

[04/May/2023:13:20:04] DELETING ACCOUNTS (JobID: e4916deb-f737-4c11-8804-b027a4e11645)
 - Deleted: 0

[04/May/2023:13:20:54] UPDATING PRODUCTS (JobID: 10de34bc-7f87-4112-b45c-4573aee16d58)
 - New and modified: 0

[04/May/2023:13:20:56] UPDATING PREPAGATI (JobID: d2589f97-6df9-4723-bea3-92eef3d92c41)
 - New and modified: 0

[04/May/2023:13:20:56] DELETING PREPAGATI (JobID: d2589f97-6df9-4723-bea3-92eef3d92c41)
 - Deleted: 0

[04/May/2023:13:30:04] UPDATING ACCOUNTS (JobID: 6d027f10-69b6-4725-947a-87b71fbbd6d2)
 - New and modified: 0

[04/May/2023:13:30:04] DELETING ACCOUNTS (JobID: 6d027f10-69b6-4725-947a-87b71fbbd6d2)
 - Deleted: 0

[04/May/2023:13:30:41] UPDATING PRODUCTS (JobID: b786225f-9205-4205-af5e-5046b1549239)
 - New and modified: 0

[04/May/2023:13:30:43] UPDATING PREPAGATI (JobID: 8c358716-16d4-42b7-be5c-ef1ac61454fc)
 - New and modified: 0

[04/May/2023:13:30:43] DELETING PREPAGATI (JobID: 8c358716-16d4-42b7-be5c-ef1ac61454fc)
 - Deleted: 0

[04/May/2023:13:40:04] UPDATING ACCOUNTS (JobID: 3e557e87-efd7-4234-8098-d11ba1fb459b)
 - New and modified: 0

[04/May/2023:13:40:04] DELETING ACCOUNTS (JobID: 3e557e87-efd7-4234-8098-d11ba1fb459b)
 - Deleted: 0

[04/May/2023:13:40:39] UPDATING PRODUCTS (JobID: c7acfa50-3dc6-4b57-8418-1526a6564dc6)
 - New and modified: 0

[04/May/2023:13:40:41] UPDATING PREPAGATI (JobID: 3865cfa1-d011-4de8-864d-fc09ca903ce0)
 - New and modified: 0

[04/May/2023:13:40:41] DELETING PREPAGATI (JobID: 3865cfa1-d011-4de8-864d-fc09ca903ce0)
 - Deleted: 0

[04/May/2023:13:50:04] UPDATING ACCOUNTS (JobID: 672734a3-4c35-4f50-85ab-6e292c908c64)
 - New and modified: 0

[04/May/2023:13:50:04] DELETING ACCOUNTS (JobID: 672734a3-4c35-4f50-85ab-6e292c908c64)
 - Deleted: 0

[04/May/2023:13:50:46] UPDATING PRODUCTS (JobID: 971da8c7-73e3-4ff5-80f6-78f2bbd576d7)
 - New and modified: 0

[04/May/2023:13:50:48] UPDATING PREPAGATI (JobID: 2e3175b8-b830-4911-a74c-64b778c5cebe)
 - New and modified: 0

[04/May/2023:13:50:48] DELETING PREPAGATI (JobID: 2e3175b8-b830-4911-a74c-64b778c5cebe)
 - Deleted: 0

[04/May/2023:14:00:05] UPDATING ACCOUNTS (JobID: 762c6568-f769-473f-b02d-c562f5bd7d2e)
 - New and modified: 0

[04/May/2023:14:00:05] DELETING ACCOUNTS (JobID: 762c6568-f769-473f-b02d-c562f5bd7d2e)
 - Deleted: 0

[04/May/2023:14:01:34] UPDATING PRODUCTS (JobID: eb66244f-396e-42e2-9211-76937a101552)
 - New and modified: 0

[04/May/2023:14:01:37] UPDATING PREPAGATI (JobID: 324f23f1-08a4-43d1-ab37-1d68837fbd85)
 - New and modified: 0

[04/May/2023:14:01:37] DELETING PREPAGATI (JobID: 324f23f1-08a4-43d1-ab37-1d68837fbd85)
 - Deleted: 0

[04/May/2023:14:10:16] UPDATING ACCOUNTS (JobID: 00c0c1db-261c-4e5e-923e-307b4000c4e4)
 - New and modified: 0

[04/May/2023:14:10:16] DELETING ACCOUNTS (JobID: 00c0c1db-261c-4e5e-923e-307b4000c4e4)
 - Deleted: 0

[04/May/2023:14:12:05] UPDATING PRODUCTS (JobID: 145c9ef4-dff5-4f31-aaa5-f6d687bd26af)
 - New and modified: 0

[04/May/2023:14:12:09] UPDATING PREPAGATI (JobID: 14c33d02-cdac-47d9-a991-7f960490ac50)
 - New and modified: 0

[04/May/2023:14:12:09] DELETING PREPAGATI (JobID: 14c33d02-cdac-47d9-a991-7f960490ac50)
 - Deleted: 0

[04/May/2023:14:30:04] UPDATING ACCOUNTS (JobID: 0335585a-6f95-4b58-9efd-6b5d08874643)
 - New and modified: 0

[04/May/2023:14:30:04] DELETING ACCOUNTS (JobID: 0335585a-6f95-4b58-9efd-6b5d08874643)
 - Deleted: 0

[04/May/2023:14:30:41] UPDATING PRODUCTS (JobID: 1e617b76-ea1b-4b14-a2ce-4c1dafe1095b)
 - New and modified: 0

[04/May/2023:14:30:43] UPDATING PREPAGATI (JobID: 425ce21d-888e-4a2c-9b77-ce1f1dd69927)
 - New and modified: 0

[04/May/2023:14:30:43] DELETING PREPAGATI (JobID: 425ce21d-888e-4a2c-9b77-ce1f1dd69927)
 - Deleted: 0

[04/May/2023:14:50:04] UPDATING ACCOUNTS (JobID: d7b5ff32-63e4-4cdb-840b-bee37f05fc01)
 - New and modified: 0

[04/May/2023:14:50:04] DELETING ACCOUNTS (JobID: d7b5ff32-63e4-4cdb-840b-bee37f05fc01)
 - Deleted: 0

[04/May/2023:14:50:45] UPDATING PRODUCTS (JobID: 3777b706-b0d5-4b42-9a1f-3e923feb10de)
 - New and modified: 0

[04/May/2023:14:50:47] UPDATING PREPAGATI (JobID: cf0c2546-b5c7-4d44-bf50-f8e3e075336c)
 - New and modified: 0

[04/May/2023:14:50:47] DELETING PREPAGATI (JobID: cf0c2546-b5c7-4d44-bf50-f8e3e075336c)
 - Deleted: 0

[04/May/2023:15:00:06] UPDATING ACCOUNTS (JobID: 929ab956-cf8d-48e6-9c6d-47c68d2f025f)
 - New and modified: 0

[04/May/2023:15:00:06] DELETING ACCOUNTS (JobID: 929ab956-cf8d-48e6-9c6d-47c68d2f025f)
 - Deleted: 0

[04/May/2023:15:01:08] UPDATING PRODUCTS (JobID: 09745b64-74b3-4f74-83a1-d8d73caddfeb)
 - New and modified: 0

[04/May/2023:15:01:13] UPDATING PREPAGATI (JobID: a97ac508-ad70-48b3-a397-bc460585d4b1)
 - New and modified: 0

[04/May/2023:15:01:13] DELETING PREPAGATI (JobID: a97ac508-ad70-48b3-a397-bc460585d4b1)
 - Deleted: 0

[04/May/2023:15:10:17] UPDATING ACCOUNTS (JobID: 93f3fe9e-7fa7-4d68-bdca-27e746b5c410)
 - New and modified: 0

[04/May/2023:15:10:17] DELETING ACCOUNTS (JobID: 93f3fe9e-7fa7-4d68-bdca-27e746b5c410)
 - Deleted: 0

[04/May/2023:15:11:51] UPDATING PRODUCTS (JobID: cfebfd21-9b1b-450f-bab7-85a544ca0b05)
 - New and modified: 0

[04/May/2023:15:11:55] UPDATING PREPAGATI (JobID: d53e19dc-fd89-41e5-9f4e-b381239b4823)
 - New and modified: 0

[04/May/2023:15:11:55] DELETING PREPAGATI (JobID: d53e19dc-fd89-41e5-9f4e-b381239b4823)
 - Deleted: 0

[04/May/2023:15:20:05] UPDATING ACCOUNTS (JobID: 4339a70c-1a82-42c3-8359-fb33c7d617fd)
 - New and modified: 0

[04/May/2023:15:20:05] DELETING ACCOUNTS (JobID: 4339a70c-1a82-42c3-8359-fb33c7d617fd)
 - Deleted: 0

[04/May/2023:15:20:50] UPDATING PRODUCTS (JobID: aca4520e-9196-4a3e-8bcc-4ee4803441b7)
 - New and modified: 0

[04/May/2023:15:20:52] UPDATING PREPAGATI (JobID: 6ff78c8e-228f-4fc5-ba9f-67642b1d21bf)
 - New and modified: 0

[04/May/2023:15:20:52] DELETING PREPAGATI (JobID: 6ff78c8e-228f-4fc5-ba9f-67642b1d21bf)
 - Deleted: 0

[04/May/2023:15:30:04] UPDATING ACCOUNTS (JobID: 99bb0f13-0a64-4f61-a6d9-f0d0ba19ba4d)
 - New and modified: 0

[04/May/2023:15:30:04] DELETING ACCOUNTS (JobID: 99bb0f13-0a64-4f61-a6d9-f0d0ba19ba4d)
 - Deleted: 0

[04/May/2023:15:30:44] UPDATING PRODUCTS (JobID: 96519861-01d9-43b1-ad73-a5b0e3542ed4)
 - New and modified: 0

[04/May/2023:15:30:46] UPDATING PREPAGATI (JobID: 43250ba7-c85d-4ab9-a70c-1ff5ecd32b2b)
 - New and modified: 0

[04/May/2023:15:30:46] DELETING PREPAGATI (JobID: 43250ba7-c85d-4ab9-a70c-1ff5ecd32b2b)
 - Deleted: 0

[04/May/2023:15:40:04] UPDATING ACCOUNTS (JobID: 34b47701-3550-41d3-a7f1-b70e04108e6d)
 - New and modified: 0

[04/May/2023:15:40:04] DELETING ACCOUNTS (JobID: 34b47701-3550-41d3-a7f1-b70e04108e6d)
 - Deleted: 0

[04/May/2023:15:40:39] UPDATING PRODUCTS (JobID: 64468bc7-e1b9-47a3-83c0-565e27936d80)
 - New and modified: 0

[04/May/2023:15:40:40] UPDATING PREPAGATI (JobID: 3446715b-cbe9-4c69-8757-78da62dd751b)
 - New and modified: 0

[04/May/2023:15:40:40] DELETING PREPAGATI (JobID: 3446715b-cbe9-4c69-8757-78da62dd751b)
 - Deleted: 0

[04/May/2023:15:50:07] UPDATING ACCOUNTS (JobID: 1a2aad77-b0bf-466a-af78-260ee6369569)
 - New and modified: 0

[04/May/2023:15:50:07] DELETING ACCOUNTS (JobID: 1a2aad77-b0bf-466a-af78-260ee6369569)
 - Deleted: 0

[04/May/2023:15:50:42] UPDATING PRODUCTS (JobID: 3456a3b4-d7d3-4757-9d51-af1cb3c9274c)
 - New and modified: 0

[04/May/2023:15:50:46] UPDATING PREPAGATI (JobID: 888d05d2-2fff-4d34-b38f-1daa7b19afc7)
 - New and modified: 0

[04/May/2023:15:50:46] DELETING PREPAGATI (JobID: 888d05d2-2fff-4d34-b38f-1daa7b19afc7)
 - Deleted: 0

[04/May/2023:16:00:06] UPDATING ACCOUNTS (JobID: 53c08d42-d610-43ac-99fc-268a342165cf)
 - New and modified: 0

[04/May/2023:16:00:06] DELETING ACCOUNTS (JobID: 53c08d42-d610-43ac-99fc-268a342165cf)
 - Deleted: 0

[04/May/2023:16:02:10] UPDATING PRODUCTS (JobID: 85122c65-210b-42b4-add3-bd6067d7b688)
 - New and modified: 0

[04/May/2023:16:02:13] UPDATING PREPAGATI (JobID: f5fe47d2-50cc-4e4f-bfae-4444f6adfcfd)
 - New and modified: 0

[04/May/2023:16:02:13] DELETING PREPAGATI (JobID: f5fe47d2-50cc-4e4f-bfae-4444f6adfcfd)
 - Deleted: 0

[04/May/2023:16:10:32] UPDATING ACCOUNTS (JobID: 4cc487cd-f8b5-463c-b7d9-7f40cc6f510a)
 - New and modified: 0

[04/May/2023:16:10:32] DELETING ACCOUNTS (JobID: 4cc487cd-f8b5-463c-b7d9-7f40cc6f510a)
 - Deleted: 0

[04/May/2023:16:14:06] UPDATING PRODUCTS (JobID: caba2248-ca68-473f-828c-ad96083aa81d)
 - New and modified: 0

[04/May/2023:16:14:13] UPDATING PREPAGATI (JobID: 92657fc5-5e12-469c-a16c-2aa8b95c39a3)
 - New and modified: 0

[04/May/2023:16:14:13] DELETING PREPAGATI (JobID: 92657fc5-5e12-469c-a16c-2aa8b95c39a3)
 - Deleted: 0

[04/May/2023:16:20:10] UPDATING ACCOUNTS (JobID: 7482c150-81ef-45fd-9bfb-7811ee1d428f)
 - New and modified: 0

[04/May/2023:16:20:10] DELETING ACCOUNTS (JobID: 7482c150-81ef-45fd-9bfb-7811ee1d428f)
 - Deleted: 0

[04/May/2023:16:21:19] UPDATING PRODUCTS (JobID: ed39fdeb-9fe2-48c7-b2e6-b7ba71e7b26a)
 - New and modified: 0

[04/May/2023:16:21:21] UPDATING PREPAGATI (JobID: 746d39f3-dd65-487c-9e20-e5f505466f9b)
 - New and modified: 0

[04/May/2023:16:21:21] DELETING PREPAGATI (JobID: 746d39f3-dd65-487c-9e20-e5f505466f9b)
 - Deleted: 0

[04/May/2023:16:30:04] UPDATING ACCOUNTS (JobID: 9e4c6991-be52-4c5a-9641-ec82d447df3b)
 - New and modified: 0

[04/May/2023:16:30:04] DELETING ACCOUNTS (JobID: 9e4c6991-be52-4c5a-9641-ec82d447df3b)
 - Deleted: 0

[04/May/2023:16:30:43] UPDATING PRODUCTS (JobID: 214d5fd0-b64e-4f4a-8a05-3bfcc10c0828)
 - New and modified: 0

[04/May/2023:16:30:45] UPDATING PREPAGATI (JobID: a2c2d959-8d11-4741-b530-488de62e4f4c)
 - New and modified: 0

[04/May/2023:16:30:45] DELETING PREPAGATI (JobID: a2c2d959-8d11-4741-b530-488de62e4f4c)
 - Deleted: 0

[04/May/2023:16:40:04] UPDATING ACCOUNTS (JobID: cdf4387d-d715-4a61-8de7-424c82c0f35d)
 - New and modified: 0

[04/May/2023:16:40:04] DELETING ACCOUNTS (JobID: cdf4387d-d715-4a61-8de7-424c82c0f35d)
 - Deleted: 0

[04/May/2023:16:40:39] UPDATING PRODUCTS (JobID: 1f1067e2-8759-4d9b-be9e-9c608b74a971)
 - New and modified: 0

[04/May/2023:16:40:40] UPDATING PREPAGATI (JobID: 4f4e986e-fd7a-4aad-8893-2f826f18df88)
 - New and modified: 0

[04/May/2023:16:40:40] DELETING PREPAGATI (JobID: 4f4e986e-fd7a-4aad-8893-2f826f18df88)
 - Deleted: 0

[04/May/2023:16:50:05] UPDATING ACCOUNTS (JobID: 9c50d35c-18a2-4c5a-9b38-c5bbaed81124)
 - New and modified: 0

[04/May/2023:16:50:05] DELETING ACCOUNTS (JobID: 9c50d35c-18a2-4c5a-9b38-c5bbaed81124)
 - Deleted: 0

[04/May/2023:16:50:42] UPDATING PRODUCTS (JobID: 492f0570-f9df-4822-840c-d9bdaed5345f)
 - New and modified: 0

[04/May/2023:16:50:44] UPDATING PREPAGATI (JobID: 966c6547-a546-4949-9876-6285456535e6)
 - New and modified: 0

[04/May/2023:16:50:44] DELETING PREPAGATI (JobID: 966c6547-a546-4949-9876-6285456535e6)
 - Deleted: 0

[04/May/2023:17:00:07] UPDATING ACCOUNTS (JobID: a18f984e-8d62-4ee2-931a-954620cb9661)
 - New and modified: 0

[04/May/2023:17:00:07] DELETING ACCOUNTS (JobID: a18f984e-8d62-4ee2-931a-954620cb9661)
 - Deleted: 0

[04/May/2023:17:01:05] UPDATING PRODUCTS (JobID: 60139299-16ff-494a-83ae-336b3f656edc)
 - New and modified: 0

[04/May/2023:17:01:13] UPDATING PREPAGATI (JobID: c348642e-a8e5-456b-8835-34f9d24e6787)
 - New and modified: 0

[04/May/2023:17:01:13] DELETING PREPAGATI (JobID: c348642e-a8e5-456b-8835-34f9d24e6787)
 - Deleted: 0

[04/May/2023:17:10:04] UPDATING ACCOUNTS (JobID: 39dca205-c1cd-41a4-88c3-30fc449ee2f0)
 - New and modified: 0

[04/May/2023:17:10:04] DELETING ACCOUNTS (JobID: 39dca205-c1cd-41a4-88c3-30fc449ee2f0)
 - Deleted: 0

[04/May/2023:17:10:39] UPDATING PRODUCTS (JobID: 3ce07c81-a00b-434c-aa33-757fe5eb7f68)
 - New and modified: 0

[04/May/2023:17:10:41] UPDATING PREPAGATI (JobID: 53a72a82-40e9-42e8-9818-2414cc988856)
 - New and modified: 0

[04/May/2023:17:10:41] DELETING PREPAGATI (JobID: 53a72a82-40e9-42e8-9818-2414cc988856)
 - Deleted: 0

[04/May/2023:17:20:07] UPDATING ACCOUNTS (JobID: 80b8a1b4-b76d-44d9-ae47-2fb6d17c6928)
 - New and modified: 0

[04/May/2023:17:20:07] DELETING ACCOUNTS (JobID: 80b8a1b4-b76d-44d9-ae47-2fb6d17c6928)
 - Deleted: 0

[04/May/2023:17:21:09] UPDATING PRODUCTS (JobID: cdca9a42-03b6-4c6b-8bdd-fe0121f0bcd8)
 - New and modified: 0

[04/May/2023:17:21:25] UPDATING PREPAGATI (JobID: 93f51a40-e1c4-4373-a0e2-d18c3c275176)
 - New and modified: 0

[04/May/2023:17:21:25] DELETING PREPAGATI (JobID: 93f51a40-e1c4-4373-a0e2-d18c3c275176)
 - Deleted: 0

[04/May/2023:17:30:05] UPDATING ACCOUNTS (JobID: f32090f7-020a-416a-bcb5-a8fd26c05ce5)
 - New and modified: 0

[04/May/2023:17:30:05] DELETING ACCOUNTS (JobID: f32090f7-020a-416a-bcb5-a8fd26c05ce5)
 - Deleted: 0

[04/May/2023:17:30:38] UPDATING PRODUCTS (JobID: 8c383bd3-3966-48f6-944c-a6d8d2bf5152)
 - New and modified: 0

[04/May/2023:17:30:41] UPDATING PREPAGATI (JobID: 4246ad8a-908b-4fb6-9f36-49be4cf82798)
 - New and modified: 0

[04/May/2023:17:30:41] DELETING PREPAGATI (JobID: 4246ad8a-908b-4fb6-9f36-49be4cf82798)
 - Deleted: 0

[04/May/2023:17:40:05] UPDATING ACCOUNTS (JobID: 74b414b4-bf75-4792-8b6b-64f2493212cd)
 - New and modified: 0

[04/May/2023:17:40:05] DELETING ACCOUNTS (JobID: 74b414b4-bf75-4792-8b6b-64f2493212cd)
 - Deleted: 0

[04/May/2023:17:40:40] UPDATING PRODUCTS (JobID: bfa020ad-417a-42d2-8bab-8d60fe62e1f1)
 - New and modified: 0

[04/May/2023:17:40:42] UPDATING PREPAGATI (JobID: a57674cf-c669-41fe-a93e-2d8703197eb6)
 - New and modified: 0

[04/May/2023:17:40:42] DELETING PREPAGATI (JobID: a57674cf-c669-41fe-a93e-2d8703197eb6)
 - Deleted: 0

[04/May/2023:17:50:05] UPDATING ACCOUNTS (JobID: bc0d8272-95fa-4f55-bcfd-dfbee617418e)
 - New and modified: 0

[04/May/2023:17:50:05] DELETING ACCOUNTS (JobID: bc0d8272-95fa-4f55-bcfd-dfbee617418e)
 - Deleted: 0

[04/May/2023:17:50:41] UPDATING PRODUCTS (JobID: 4885ea46-2f53-4c2e-b3dc-e46649fad9c9)
 - New and modified: 0

[04/May/2023:17:50:49] UPDATING PREPAGATI (JobID: 4e57f6d2-95f0-4ba6-a7dc-71636bfe8d73)
 - New and modified: 0

[04/May/2023:17:50:49] DELETING PREPAGATI (JobID: 4e57f6d2-95f0-4ba6-a7dc-71636bfe8d73)
 - Deleted: 0

[04/May/2023:18:00:08] UPDATING ACCOUNTS (JobID: 8645736b-b672-47fb-8dae-f24f9dcebe53)
 - New and modified: 0

[04/May/2023:18:00:08] DELETING ACCOUNTS (JobID: 8645736b-b672-47fb-8dae-f24f9dcebe53)
 - Deleted: 0

[04/May/2023:18:01:36] UPDATING PRODUCTS (JobID: 7229213d-6a95-46bf-8494-c02d1fd011a2)
 - New and modified: 0

[04/May/2023:18:01:41] UPDATING PREPAGATI (JobID: 4b34ba41-68c2-4641-839b-09be752e6427)
 - New and modified: 0

[04/May/2023:18:01:41] DELETING PREPAGATI (JobID: 4b34ba41-68c2-4641-839b-09be752e6427)
 - Deleted: 0

[04/May/2023:18:10:04] UPDATING ACCOUNTS (JobID: a9dfa467-6bf9-40d9-a980-06febf323d7d)
 - New and modified: 0

[04/May/2023:18:10:04] DELETING ACCOUNTS (JobID: a9dfa467-6bf9-40d9-a980-06febf323d7d)
 - Deleted: 0

[04/May/2023:18:10:40] UPDATING PRODUCTS (JobID: 7feb81d1-db64-41f3-ae7f-3393bb20a83b)
 - New and modified: 0

[04/May/2023:18:10:42] UPDATING PREPAGATI (JobID: 95f56f41-b3c3-4507-a047-f15c2b75b4ef)
 - New and modified: 0

[04/May/2023:18:10:42] DELETING PREPAGATI (JobID: 95f56f41-b3c3-4507-a047-f15c2b75b4ef)
 - Deleted: 0

[04/May/2023:18:20:04] UPDATING ACCOUNTS (JobID: f02b1d57-dff6-430b-8356-0079e2e680c3)
 - New and modified: 0

[04/May/2023:18:20:04] DELETING ACCOUNTS (JobID: f02b1d57-dff6-430b-8356-0079e2e680c3)
 - Deleted: 0

[04/May/2023:18:20:39] UPDATING PRODUCTS (JobID: 3e8cc257-2b3c-4a3d-af71-5fee1937e309)
 - New and modified: 0

[04/May/2023:18:20:41] UPDATING PREPAGATI (JobID: 0d921d36-c475-4942-9de8-b7d03da690ed)
 - New and modified: 0

[04/May/2023:18:20:41] DELETING PREPAGATI (JobID: 0d921d36-c475-4942-9de8-b7d03da690ed)
 - Deleted: 0

[04/May/2023:18:30:08] UPDATING ACCOUNTS (JobID: 97734c40-cd2d-4eea-8753-f256bcd81b07)
 - New and modified: 0

[04/May/2023:18:30:08] DELETING ACCOUNTS (JobID: 97734c40-cd2d-4eea-8753-f256bcd81b07)
 - Deleted: 0

[04/May/2023:18:30:44] UPDATING PRODUCTS (JobID: 96f62c5c-ccbb-4a34-ad31-72adcdefac43)
 - New and modified: 0

[04/May/2023:18:30:45] UPDATING PREPAGATI (JobID: e9f38a62-228d-4bc5-9a46-912f5214cc69)
 - New and modified: 0

[04/May/2023:18:30:45] DELETING PREPAGATI (JobID: e9f38a62-228d-4bc5-9a46-912f5214cc69)
 - Deleted: 0

[04/May/2023:18:40:04] UPDATING ACCOUNTS (JobID: 68a72c73-5c7f-4555-8043-636928143bde)
 - New and modified: 0

[04/May/2023:18:40:04] DELETING ACCOUNTS (JobID: 68a72c73-5c7f-4555-8043-636928143bde)
 - Deleted: 0

[04/May/2023:18:40:37] UPDATING PRODUCTS (JobID: e8ba8d84-e3fb-4c4e-9f9e-2ddcc1c23db8)
 - New and modified: 0

[04/May/2023:18:40:39] UPDATING PREPAGATI (JobID: 75c78506-f464-4696-9f14-4483bf39acb4)
 - New and modified: 0

[04/May/2023:18:40:39] DELETING PREPAGATI (JobID: 75c78506-f464-4696-9f14-4483bf39acb4)
 - Deleted: 0

[04/May/2023:18:50:05] UPDATING ACCOUNTS (JobID: f41185d0-a33e-47a9-98bc-e60063a59f8e)
 - New and modified: 0

[04/May/2023:18:50:05] DELETING ACCOUNTS (JobID: f41185d0-a33e-47a9-98bc-e60063a59f8e)
 - Deleted: 0

[04/May/2023:18:50:39] UPDATING PRODUCTS (JobID: c9661902-e5e0-400b-98f8-adfff7b53dc8)
 - New and modified: 0

[04/May/2023:18:50:41] UPDATING PREPAGATI (JobID: 23d519e8-be86-435a-99a4-5093e3d60f88)
 - New and modified: 0

[04/May/2023:18:50:41] DELETING PREPAGATI (JobID: 23d519e8-be86-435a-99a4-5093e3d60f88)
 - Deleted: 0

[04/May/2023:19:00:15] UPDATING ACCOUNTS (JobID: 127ebd4f-421c-46a2-8781-f05061235466)
 - New and modified: 0

[04/May/2023:19:00:15] DELETING ACCOUNTS (JobID: 127ebd4f-421c-46a2-8781-f05061235466)
 - Deleted: 0

[04/May/2023:19:00:52] UPDATING PRODUCTS (JobID: 4f71c0e6-7ccd-492a-b93f-14835cc5936a)
 - New and modified: 0

[04/May/2023:19:00:54] UPDATING PREPAGATI (JobID: aea2fc2c-f369-4e1a-94f5-a40fc438d617)
 - New and modified: 0

[04/May/2023:19:00:54] DELETING PREPAGATI (JobID: aea2fc2c-f369-4e1a-94f5-a40fc438d617)
 - Deleted: 0

[04/May/2023:19:10:05] UPDATING ACCOUNTS (JobID: efa7c637-4be7-407d-9486-5c305777d236)
 - New and modified: 0

[04/May/2023:19:10:05] DELETING ACCOUNTS (JobID: efa7c637-4be7-407d-9486-5c305777d236)
 - Deleted: 0

[04/May/2023:19:10:37] UPDATING PRODUCTS (JobID: 7a181a10-8a2c-4379-bd36-455ffd5f09ed)
 - New and modified: 0

[04/May/2023:19:10:38] UPDATING PREPAGATI (JobID: 258ebae5-c5c2-4fb7-b830-e22456e68671)
 - New and modified: 0

[04/May/2023:19:10:38] DELETING PREPAGATI (JobID: 258ebae5-c5c2-4fb7-b830-e22456e68671)
 - Deleted: 0

[04/May/2023:19:20:06] UPDATING ACCOUNTS (JobID: 060cdb62-efa5-4dd7-9450-a4d4669b375d)
 - New and modified: 0

[04/May/2023:19:20:06] DELETING ACCOUNTS (JobID: 060cdb62-efa5-4dd7-9450-a4d4669b375d)
 - Deleted: 0

[04/May/2023:19:20:40] UPDATING PRODUCTS (JobID: 27013cac-a0ef-418a-bcd5-de341f70433f)
 - New and modified: 0

[04/May/2023:19:20:41] UPDATING PREPAGATI (JobID: 241b795c-d2ae-480a-8d83-665002073029)
 - New and modified: 0

[04/May/2023:19:20:41] DELETING PREPAGATI (JobID: 241b795c-d2ae-480a-8d83-665002073029)
 - Deleted: 0

[04/May/2023:19:30:05] UPDATING ACCOUNTS (JobID: 1a43b2d8-fc60-4881-9e56-badafa3e3f84)
 - New and modified: 0

[04/May/2023:19:30:05] DELETING ACCOUNTS (JobID: 1a43b2d8-fc60-4881-9e56-badafa3e3f84)
 - Deleted: 0

[04/May/2023:19:30:41] UPDATING PRODUCTS (JobID: 03fc7d8d-bc0f-416f-91fd-9c97657d7394)
 - New and modified: 0

[04/May/2023:19:30:43] UPDATING PREPAGATI (JobID: 36b3a50d-1164-48b1-aac0-1faec0956d89)
 - New and modified: 0

[04/May/2023:19:30:43] DELETING PREPAGATI (JobID: 36b3a50d-1164-48b1-aac0-1faec0956d89)
 - Deleted: 0

[04/May/2023:19:40:04] UPDATING ACCOUNTS (JobID: deee9cc6-7b3f-4af5-9160-a08e77e25d59)
 - New and modified: 0

[04/May/2023:19:40:04] DELETING ACCOUNTS (JobID: deee9cc6-7b3f-4af5-9160-a08e77e25d59)
 - Deleted: 0

[04/May/2023:19:40:38] UPDATING PRODUCTS (JobID: f796223a-0944-4c54-80d9-3c82ca1b4c92)
 - New and modified: 0

[04/May/2023:19:40:40] UPDATING PREPAGATI (JobID: f5351d99-6205-4631-bf0c-ea40bcabbc18)
 - New and modified: 0

[04/May/2023:19:40:40] DELETING PREPAGATI (JobID: f5351d99-6205-4631-bf0c-ea40bcabbc18)
 - Deleted: 0

[04/May/2023:19:50:05] UPDATING ACCOUNTS (JobID: 63bd8ef6-5e35-4209-9ed7-39efd9f381a5)
 - New and modified: 0

[04/May/2023:19:50:05] DELETING ACCOUNTS (JobID: 63bd8ef6-5e35-4209-9ed7-39efd9f381a5)
 - Deleted: 0

[04/May/2023:19:50:41] UPDATING PRODUCTS (JobID: e031dcdc-d1e9-4293-9e58-9a2c55d73f53)
 - New and modified: 0

[04/May/2023:19:50:43] UPDATING PREPAGATI (JobID: 1ce5d56b-140d-429a-9c13-c7bea4976a1e)
 - New and modified: 0

[04/May/2023:19:50:43] DELETING PREPAGATI (JobID: 1ce5d56b-140d-429a-9c13-c7bea4976a1e)
 - Deleted: 0

[04/May/2023:20:00:04] UPDATING ACCOUNTS (JobID: e29ab6fa-990b-4646-83ce-037553b58f6d)
 - New and modified: 0

[04/May/2023:20:00:04] DELETING ACCOUNTS (JobID: e29ab6fa-990b-4646-83ce-037553b58f6d)
 - Deleted: 0

[04/May/2023:20:00:37] UPDATING PRODUCTS (JobID: 1834268d-7720-440e-b30b-3799c4187a7e)
 - New and modified: 0

[04/May/2023:20:00:40] UPDATING PREPAGATI (JobID: 3243f741-eed6-4c7c-834b-cec12baabbdf)
 - New and modified: 0

[04/May/2023:20:00:40] DELETING PREPAGATI (JobID: 3243f741-eed6-4c7c-834b-cec12baabbdf)
 - Deleted: 0

[04/May/2023:20:10:06] UPDATING ACCOUNTS (JobID: d6add074-15ec-4b99-b9c6-da13b16417a8)
 - New and modified: 0

[04/May/2023:20:10:06] DELETING ACCOUNTS (JobID: d6add074-15ec-4b99-b9c6-da13b16417a8)
 - Deleted: 0

[04/May/2023:20:10:43] UPDATING PRODUCTS (JobID: 6f71d992-2ea5-4e2c-be3c-1f0a28487d8f)
 - New and modified: 0

[04/May/2023:20:10:45] UPDATING PREPAGATI (JobID: e0084027-8a6c-41e4-9f2e-94473c8dedf4)
 - New and modified: 0

[04/May/2023:20:10:45] DELETING PREPAGATI (JobID: e0084027-8a6c-41e4-9f2e-94473c8dedf4)
 - Deleted: 0

[04/May/2023:20:20:04] UPDATING ACCOUNTS (JobID: 1d343e1e-9d0b-435b-9544-b277a8361797)
 - New and modified: 0

[04/May/2023:20:20:04] DELETING ACCOUNTS (JobID: 1d343e1e-9d0b-435b-9544-b277a8361797)
 - Deleted: 0

[04/May/2023:20:20:40] UPDATING PRODUCTS (JobID: fefc37c5-f622-4990-865c-08cce96ae38d)
 - New and modified: 0

[04/May/2023:20:20:42] UPDATING PREPAGATI (JobID: 7701a74c-8403-4e25-a2b5-452e74b5863b)
 - New and modified: 0

[04/May/2023:20:20:42] DELETING PREPAGATI (JobID: 7701a74c-8403-4e25-a2b5-452e74b5863b)
 - Deleted: 0

[04/May/2023:20:30:04] UPDATING ACCOUNTS (JobID: 603b44d5-1670-4479-8270-3a9c49ca2e8d)
 - New and modified: 0

[04/May/2023:20:30:04] DELETING ACCOUNTS (JobID: 603b44d5-1670-4479-8270-3a9c49ca2e8d)
 - Deleted: 0

[04/May/2023:20:30:39] UPDATING PRODUCTS (JobID: f56f9388-5378-49a8-9a2f-3727e2f88b76)
 - New and modified: 0

[04/May/2023:20:30:40] UPDATING PREPAGATI (JobID: d5df7770-128a-4039-a76f-8cf042e182e6)
 - New and modified: 0

[04/May/2023:20:30:40] DELETING PREPAGATI (JobID: d5df7770-128a-4039-a76f-8cf042e182e6)
 - Deleted: 0

[04/May/2023:20:40:04] UPDATING ACCOUNTS (JobID: 4fbf7ff5-d518-4430-8301-31c81197abc3)
 - New and modified: 0

[04/May/2023:20:40:04] DELETING ACCOUNTS (JobID: 4fbf7ff5-d518-4430-8301-31c81197abc3)
 - Deleted: 0

[04/May/2023:20:40:40] UPDATING PRODUCTS (JobID: 84456684-28d4-404f-9ff3-ffff1a61f2d5)
 - New and modified: 0

[04/May/2023:20:40:41] UPDATING PREPAGATI (JobID: e334cb71-c211-433c-9bf3-b8d045f9f7e4)
 - New and modified: 0

[04/May/2023:20:40:41] DELETING PREPAGATI (JobID: e334cb71-c211-433c-9bf3-b8d045f9f7e4)
 - Deleted: 0

[04/May/2023:20:50:04] UPDATING ACCOUNTS (JobID: cb34aa11-52ab-4136-9baf-334f40e60d63)
 - New and modified: 0

[04/May/2023:20:50:04] DELETING ACCOUNTS (JobID: cb34aa11-52ab-4136-9baf-334f40e60d63)
 - Deleted: 0

[04/May/2023:20:50:39] UPDATING PRODUCTS (JobID: ef312b8b-1b67-486e-a6f9-c2e951644e1a)
 - New and modified: 0

[04/May/2023:20:50:41] UPDATING PREPAGATI (JobID: bfb54f8a-8c1e-4a5f-baf5-75b2887db971)
 - New and modified: 0

[04/May/2023:20:50:41] DELETING PREPAGATI (JobID: bfb54f8a-8c1e-4a5f-baf5-75b2887db971)
 - Deleted: 0

[04/May/2023:21:00:06] UPDATING ACCOUNTS (JobID: 013fb67c-cbcc-41cb-8550-86c8ffaab635)
 - New and modified: 0

[04/May/2023:21:00:06] DELETING ACCOUNTS (JobID: 013fb67c-cbcc-41cb-8550-86c8ffaab635)
 - Deleted: 0

[04/May/2023:21:00:50] UPDATING PRODUCTS (JobID: 872da598-228a-4392-8aec-551b57351a37)
 - New and modified: 0

[04/May/2023:21:00:52] UPDATING PREPAGATI (JobID: e4a640a1-0d1f-4af1-9553-8f3a63a1e57b)
 - New and modified: 0

[04/May/2023:21:00:52] DELETING PREPAGATI (JobID: e4a640a1-0d1f-4af1-9553-8f3a63a1e57b)
 - Deleted: 0

[04/May/2023:21:10:06] UPDATING ACCOUNTS (JobID: a4f155e4-9123-46a7-b6e3-1f89f96786f6)
 - New and modified: 0

[04/May/2023:21:10:06] DELETING ACCOUNTS (JobID: a4f155e4-9123-46a7-b6e3-1f89f96786f6)
 - Deleted: 0

[04/May/2023:21:10:42] UPDATING PRODUCTS (JobID: 4582d1d9-5ff5-4454-ab23-bbaad015b824)
 - New and modified: 0

[04/May/2023:21:10:44] UPDATING PREPAGATI (JobID: 34f1d68b-5f8b-4c16-aee2-d4a1a3b2769c)
 - New and modified: 0

[04/May/2023:21:10:44] DELETING PREPAGATI (JobID: 34f1d68b-5f8b-4c16-aee2-d4a1a3b2769c)
 - Deleted: 0

[04/May/2023:21:20:04] UPDATING ACCOUNTS (JobID: 9fc95b9d-9a3c-4553-9603-0c03c89925d9)
 - New and modified: 0

[04/May/2023:21:20:04] DELETING ACCOUNTS (JobID: 9fc95b9d-9a3c-4553-9603-0c03c89925d9)
 - Deleted: 0

[04/May/2023:21:20:50] UPDATING PRODUCTS (JobID: 9c6db01d-d512-4fe4-b49d-5d7a47dd4cb3)
 - New and modified: 0

[04/May/2023:21:20:51] UPDATING PREPAGATI (JobID: b3e68e5f-fbfd-47a0-a597-3f9cb7a93933)
 - New and modified: 0

[04/May/2023:21:20:51] DELETING PREPAGATI (JobID: b3e68e5f-fbfd-47a0-a597-3f9cb7a93933)
 - Deleted: 0

[04/May/2023:21:30:04] UPDATING ACCOUNTS (JobID: 6985094f-c061-4a1c-aced-f9704ddcf125)
 - New and modified: 0

[04/May/2023:21:30:04] DELETING ACCOUNTS (JobID: 6985094f-c061-4a1c-aced-f9704ddcf125)
 - Deleted: 0

[04/May/2023:21:30:39] UPDATING PRODUCTS (JobID: cb6b70e2-e884-4c98-b8bd-2f6448ee05f8)
 - New and modified: 0

[04/May/2023:21:30:42] UPDATING PREPAGATI (JobID: a08a302e-1318-4ebe-9d0f-4d79d32e8e5a)
 - New and modified: 0

[04/May/2023:21:30:42] DELETING PREPAGATI (JobID: a08a302e-1318-4ebe-9d0f-4d79d32e8e5a)
 - Deleted: 0

[04/May/2023:21:40:04] UPDATING ACCOUNTS (JobID: df781b1e-0e52-484c-b3d4-39461204cd79)
 - New and modified: 0

[04/May/2023:21:40:04] DELETING ACCOUNTS (JobID: df781b1e-0e52-484c-b3d4-39461204cd79)
 - Deleted: 0

[04/May/2023:21:40:37] UPDATING PRODUCTS (JobID: 8fcaf492-6b51-49d5-a1a8-be4655722ebb)
 - New and modified: 0

[04/May/2023:21:40:39] UPDATING PREPAGATI (JobID: 660c7fd5-35b3-497c-b9df-3a54fd7b850c)
 - New and modified: 0

[04/May/2023:21:40:39] DELETING PREPAGATI (JobID: 660c7fd5-35b3-497c-b9df-3a54fd7b850c)
 - Deleted: 0

[04/May/2023:21:50:04] UPDATING ACCOUNTS (JobID: a77ea683-7c79-49cf-8d0b-c24046a10579)
 - New and modified: 0

[04/May/2023:21:50:04] DELETING ACCOUNTS (JobID: a77ea683-7c79-49cf-8d0b-c24046a10579)
 - Deleted: 0

[04/May/2023:21:50:41] UPDATING PRODUCTS (JobID: 0f28f5b3-022e-4c46-ab4f-9160df5c6e44)
 - New and modified: 0

[04/May/2023:21:50:43] UPDATING PREPAGATI (JobID: 30960c8e-d41d-4fbf-b780-1d98ac747a72)
 - New and modified: 0

[04/May/2023:21:50:43] DELETING PREPAGATI (JobID: 30960c8e-d41d-4fbf-b780-1d98ac747a72)
 - Deleted: 0

[04/May/2023:22:00:04] UPDATING ACCOUNTS (JobID: 3bad3e5d-3f97-4c52-874f-3badc52cb98e)
 - New and modified: 0

[04/May/2023:22:00:04] DELETING ACCOUNTS (JobID: 3bad3e5d-3f97-4c52-874f-3badc52cb98e)
 - Deleted: 0

[04/May/2023:22:01:05] UPDATING PRODUCTS (JobID: 3c0b77eb-87d0-4409-9edd-686dcb62c916)
 - New and modified: 0

[04/May/2023:22:01:09] UPDATING PREPAGATI (JobID: d3b5e089-41ee-418d-a9e8-b904c0c5f71f)
 - New and modified: 0

[04/May/2023:22:01:09] DELETING PREPAGATI (JobID: d3b5e089-41ee-418d-a9e8-b904c0c5f71f)
 - Deleted: 0

[04/May/2023:22:10:05] UPDATING ACCOUNTS (JobID: 87ce78f3-6ed0-4eb6-be9b-f980f81c285b)
 - New and modified: 0

[04/May/2023:22:10:05] DELETING ACCOUNTS (JobID: 87ce78f3-6ed0-4eb6-be9b-f980f81c285b)
 - Deleted: 0

[04/May/2023:22:10:44] UPDATING PRODUCTS (JobID: a7d03281-bdbb-4638-b78d-4c19917eb34b)
 - New and modified: 0

[04/May/2023:22:10:45] UPDATING PREPAGATI (JobID: 1b3bfbc7-de3a-4c8a-be97-c77f0e4ad033)
 - New and modified: 0

[04/May/2023:22:10:45] DELETING PREPAGATI (JobID: 1b3bfbc7-de3a-4c8a-be97-c77f0e4ad033)
 - Deleted: 0

[04/May/2023:22:20:04] UPDATING ACCOUNTS (JobID: f20dcaef-6843-406d-bb1c-b46528b5dde2)
 - New and modified: 0

[04/May/2023:22:20:04] DELETING ACCOUNTS (JobID: f20dcaef-6843-406d-bb1c-b46528b5dde2)
 - Deleted: 0

[04/May/2023:22:20:43] UPDATING PRODUCTS (JobID: 82cbb80b-3bc2-4eda-ab6e-cedd7daae51d)
 - New and modified: 0

[04/May/2023:22:20:45] UPDATING PREPAGATI (JobID: baf535ec-1d1f-4978-a5e9-4abd43c64c79)
 - New and modified: 0

[04/May/2023:22:20:45] DELETING PREPAGATI (JobID: baf535ec-1d1f-4978-a5e9-4abd43c64c79)
 - Deleted: 0

