[16/Aug/2023:00:00:07] UPDATING ACCOUNTS (JobID: 41fd04a8-3e7f-4437-8dd3-39232f5cf36e)
 - New and modified: 0

[16/Aug/2023:00:00:07] DELETING ACCOUNTS (JobID: 41fd04a8-3e7f-4437-8dd3-39232f5cf36e)
 - Deleted: 0

[16/Aug/2023:00:00:38] UPDATING PRODUCTS (JobID: 19188eff-8207-423b-a57b-9b41619d703c)
 - New and modified: 0

[16/Aug/2023:00:00:41] UPDATING PREPAGATI (JobID: 73b629d1-6c86-4d61-a98b-0285b4ac7f1c)
 - New and modified: 0

[16/Aug/2023:00:00:41] DELETING PREPAGATI (JobID: 73b629d1-6c86-4d61-a98b-0285b4ac7f1c)
 - Deleted: 0

[16/Aug/2023:00:30:08] UPDATING ACCOUNTS (JobID: d67a35b3-7abd-4517-a9b0-f1d21b07ba70)
 - New and modified: 0

[16/Aug/2023:00:30:08] DELETING ACCOUNTS (JobID: d67a35b3-7abd-4517-a9b0-f1d21b07ba70)
 - Deleted: 0

[16/Aug/2023:00:30:41] UPDATING PRODUCTS (JobID: 90732cb6-0e3c-4e74-b602-247e7ba0a8de)
 - New and modified: 0

[16/Aug/2023:00:30:44] UPDATING PREPAGATI (JobID: 63559609-983d-4c33-a395-d37df2c79025)
 - New and modified: 0

[16/Aug/2023:00:30:44] DELETING PREPAGATI (JobID: 63559609-983d-4c33-a395-d37df2c79025)
 - Deleted: 0

[16/Aug/2023:02:00:09] UPDATING ACCOUNTS (JobID: a3782764-2ef8-429c-b085-042bccd6ef8e)
 - New and modified: 0

[16/Aug/2023:02:00:09] DELETING ACCOUNTS (JobID: a3782764-2ef8-429c-b085-042bccd6ef8e)
 - Deleted: 0

[16/Aug/2023:02:00:41] UPDATING PRODUCTS (JobID: 7f646cbd-78df-4329-b3a0-153f6ea00986)
 - New and modified: 0

[16/Aug/2023:02:00:44] UPDATING PREPAGATI (JobID: 23bc75be-f164-4dc5-a097-ca4eec096151)
 - New and modified: 0

[16/Aug/2023:02:00:44] DELETING PREPAGATI (JobID: 23bc75be-f164-4dc5-a097-ca4eec096151)
 - Deleted: 0

[16/Aug/2023:05:00:08] UPDATING ACCOUNTS (JobID: 0f045105-0d9c-43ee-b43f-6ba0f4676213)
 - New and modified: 0

[16/Aug/2023:05:00:08] DELETING ACCOUNTS (JobID: 0f045105-0d9c-43ee-b43f-6ba0f4676213)
 - Deleted: 0

[16/Aug/2023:05:00:38] UPDATING PRODUCTS (JobID: 42c0aba0-9d88-4982-986a-89b3464d7c9c)
 - New and modified: 0

[16/Aug/2023:05:00:41] UPDATING PREPAGATI (JobID: 41929680-3392-4204-bb94-7cbd5449f31e)
 - New and modified: 0

[16/Aug/2023:05:00:41] DELETING PREPAGATI (JobID: 41929680-3392-4204-bb94-7cbd5449f31e)
 - Deleted: 0

[16/Aug/2023:06:30:09] UPDATING ACCOUNTS (JobID: b22cee49-009f-4664-b663-f7c122dc3db2)
 - New and modified: 0

[16/Aug/2023:06:30:09] DELETING ACCOUNTS (JobID: b22cee49-009f-4664-b663-f7c122dc3db2)
 - Deleted: 0

[16/Aug/2023:06:30:42] UPDATING PRODUCTS (JobID: 71f8635e-73e8-4e1f-8b7b-c65002219ee2)
 - New and modified: 0

[16/Aug/2023:06:30:45] UPDATING PREPAGATI (JobID: fff01511-2e67-4ccc-b770-4909e6930be2)
 - New and modified: 0

[16/Aug/2023:06:30:45] DELETING PREPAGATI (JobID: fff01511-2e67-4ccc-b770-4909e6930be2)
 - Deleted: 0

[16/Aug/2023:07:00:23] UPDATING ACCOUNTS (JobID: 099470d9-6714-4843-bef9-8ff17ed00c59)
 - New and modified: 0

[16/Aug/2023:07:00:23] DELETING ACCOUNTS (JobID: 099470d9-6714-4843-bef9-8ff17ed00c59)
 - Deleted: 0

[16/Aug/2023:07:00:56] UPDATING PRODUCTS (JobID: 70086818-d387-43aa-abca-01eb8f485b41)
 - New and modified: 0

[16/Aug/2023:07:00:58] UPDATING PREPAGATI (JobID: 3be416c6-5ad1-45f4-89c0-722986749812)
 - New and modified: 0

[16/Aug/2023:07:00:58] DELETING PREPAGATI (JobID: 3be416c6-5ad1-45f4-89c0-722986749812)
 - Deleted: 0

[16/Aug/2023:08:00:09] UPDATING ACCOUNTS (JobID: 3eba770a-6346-4a64-9b06-491d2915925a)
 - New and modified: 0

[16/Aug/2023:08:00:09] DELETING ACCOUNTS (JobID: 3eba770a-6346-4a64-9b06-491d2915925a)
 - Deleted: 0

[16/Aug/2023:08:00:42] UPDATING PRODUCTS (JobID: 77b91671-c741-412e-b0a6-c2bbe481bacd)
 - New and modified: 0

[16/Aug/2023:08:00:45] UPDATING PREPAGATI (JobID: 18fdaf32-98e4-42d2-baca-1b8515c9f43e)
 - New and modified: 0

[16/Aug/2023:08:00:45] DELETING PREPAGATI (JobID: 18fdaf32-98e4-42d2-baca-1b8515c9f43e)
 - Deleted: 0

[16/Aug/2023:10:00:05] UPDATING ACCOUNTS (JobID: dd9184ad-82ee-454f-81e1-37631a6dfbbb)
 - New and modified: 0

[16/Aug/2023:10:00:05] DELETING ACCOUNTS (JobID: dd9184ad-82ee-454f-81e1-37631a6dfbbb)
 - Deleted: 0

[16/Aug/2023:10:00:38] UPDATING PRODUCTS (JobID: 1840c929-9d66-48ca-b1c2-a0ed36a45141)
 - New and modified: 0

[16/Aug/2023:10:00:41] UPDATING PREPAGATI (JobID: 08efaedd-5894-4402-b77a-4df3349a86ab)
 - New and modified: 0

[16/Aug/2023:10:00:41] DELETING PREPAGATI (JobID: 08efaedd-5894-4402-b77a-4df3349a86ab)
 - Deleted: 0

[16/Aug/2023:10:30:08] UPDATING ACCOUNTS (JobID: ec75e057-18f2-42fa-9a90-1985bd9febd8)
 - New and modified: 0

[16/Aug/2023:10:30:08] DELETING ACCOUNTS (JobID: ec75e057-18f2-42fa-9a90-1985bd9febd8)
 - Deleted: 0

[16/Aug/2023:10:30:40] UPDATING PRODUCTS (JobID: fe9432a7-7d35-481b-9711-81b8caab8515)
 - New and modified: 0

[16/Aug/2023:10:30:43] UPDATING PREPAGATI (JobID: fcb3d5ba-ff43-4b11-9223-d11ad1222e78)
 - New and modified: 0

[16/Aug/2023:10:30:43] DELETING PREPAGATI (JobID: fcb3d5ba-ff43-4b11-9223-d11ad1222e78)
 - Deleted: 0

[16/Aug/2023:15:30:09] UPDATING ACCOUNTS (JobID: 5cd485b8-ec3c-4f6e-aaab-9dae072b3bb5)
 - New and modified: 0

[16/Aug/2023:15:30:09] DELETING ACCOUNTS (JobID: 5cd485b8-ec3c-4f6e-aaab-9dae072b3bb5)
 - Deleted: 0

[16/Aug/2023:15:30:40] UPDATING PRODUCTS (JobID: f05c112c-8a26-4cba-8f34-a6159fd7198a)
 - New and modified: 0

[16/Aug/2023:15:30:43] UPDATING PREPAGATI (JobID: 2b4416d1-036c-472b-ac64-c94c9747a55a)
 - New and modified: 0

[16/Aug/2023:15:30:43] DELETING PREPAGATI (JobID: 2b4416d1-036c-472b-ac64-c94c9747a55a)
 - Deleted: 0

[16/Aug/2023:16:00:08] UPDATING ACCOUNTS (JobID: cc882f5c-c3af-4a42-b08b-ed8911191615)
 - New and modified: 0

[16/Aug/2023:16:00:08] DELETING ACCOUNTS (JobID: cc882f5c-c3af-4a42-b08b-ed8911191615)
 - Deleted: 0

[16/Aug/2023:16:00:40] UPDATING PRODUCTS (JobID: ab952db8-cd3e-473f-a639-d2377dbd55c9)
 - New and modified: 0

[16/Aug/2023:16:00:43] UPDATING PREPAGATI (JobID: 16c974cc-8d4f-45da-94c8-ef07db3f236c)
 - New and modified: 0

[16/Aug/2023:16:00:43] DELETING PREPAGATI (JobID: 16c974cc-8d4f-45da-94c8-ef07db3f236c)
 - Deleted: 0

[16/Aug/2023:16:30:04] UPDATING ACCOUNTS (JobID: 56460991-8022-4d81-9344-b2e17a836efd)
 - New and modified: 0

[16/Aug/2023:16:30:04] DELETING ACCOUNTS (JobID: 56460991-8022-4d81-9344-b2e17a836efd)
 - Deleted: 0

[16/Aug/2023:16:30:36] UPDATING PRODUCTS (JobID: 145b1e2c-70e0-45b9-ba9e-67fe2a03eddc)
 - New and modified: 0

[16/Aug/2023:16:30:37] UPDATING PREPAGATI (JobID: 4d2442ea-4554-48c9-8fb5-52f13088709d)
 - New and modified: 0

[16/Aug/2023:16:30:37] DELETING PREPAGATI (JobID: 4d2442ea-4554-48c9-8fb5-52f13088709d)
 - Deleted: 0

[16/Aug/2023:17:30:07] UPDATING ACCOUNTS (JobID: 9b666eaf-800d-4793-8f8d-7fc16ff3c66e)
 - New and modified: 0

[16/Aug/2023:17:30:07] DELETING ACCOUNTS (JobID: 9b666eaf-800d-4793-8f8d-7fc16ff3c66e)
 - Deleted: 0

[16/Aug/2023:17:30:39] UPDATING PRODUCTS (JobID: 1fe88202-684a-4b18-a255-3813ed7cd1c8)
 - New and modified: 0

[16/Aug/2023:17:30:42] UPDATING PREPAGATI (JobID: 5d635401-cfc7-475a-befa-267206715bb2)
 - New and modified: 0

[16/Aug/2023:17:30:42] DELETING PREPAGATI (JobID: 5d635401-cfc7-475a-befa-267206715bb2)
 - Deleted: 0

[16/Aug/2023:19:30:08] UPDATING ACCOUNTS (JobID: 43420c39-d639-434d-a3e5-10ccf5df4228)
 - New and modified: 0

[16/Aug/2023:19:30:08] DELETING ACCOUNTS (JobID: 43420c39-d639-434d-a3e5-10ccf5df4228)
 - Deleted: 0

[16/Aug/2023:19:30:42] UPDATING PRODUCTS (JobID: e3b0f6c0-3d98-4c29-9e9d-8b095ed035eb)
 - New and modified: 0

[16/Aug/2023:19:30:45] UPDATING PREPAGATI (JobID: a3dbc59d-9131-434a-96e8-1e293940fad6)
 - New and modified: 0

[16/Aug/2023:19:30:45] DELETING PREPAGATI (JobID: a3dbc59d-9131-434a-96e8-1e293940fad6)
 - Deleted: 0

