[15/Aug/2023:00:00:09] UPDATING ACCOUNTS (JobID: bd3df98c-eeca-47a7-b1f8-9a09bb80a9b1)
 - New and modified: 0

[15/Aug/2023:00:00:09] DELETING ACCOUNTS (JobID: bd3df98c-eeca-47a7-b1f8-9a09bb80a9b1)
 - Deleted: 0

[15/Aug/2023:00:00:41] UPDATING PRODUCTS (JobID: 6aa406d6-aef0-4fb7-a669-d334cde6b252)
 - New and modified: 0

[15/Aug/2023:00:00:44] UPDATING PREPAGATI (JobID: e77ac6e7-332f-4000-8888-c33a0ad2c6cf)
 - New and modified: 0

[15/Aug/2023:00:00:44] DELETING PREPAGATI (JobID: e77ac6e7-332f-4000-8888-c33a0ad2c6cf)
 - Deleted: 0

[15/Aug/2023:00:30:09] UPDATING ACCOUNTS (JobID: 0c2c1fc9-ce17-4f11-bc67-61b536a1f932)
 - New and modified: 0

[15/Aug/2023:00:30:09] DELETING ACCOUNTS (JobID: 0c2c1fc9-ce17-4f11-bc67-61b536a1f932)
 - Deleted: 0

[15/Aug/2023:00:30:40] UPDATING PRODUCTS (JobID: 138e930d-79d2-4769-a65a-7e5c32b560b1)
 - New and modified: 0

[15/Aug/2023:00:30:42] UPDATING PREPAGATI (JobID: aa0a6f09-d9a7-4639-ab19-2b700b7a8b21)
 - New and modified: 0

[15/Aug/2023:00:30:42] DELETING PREPAGATI (JobID: aa0a6f09-d9a7-4639-ab19-2b700b7a8b21)
 - Deleted: 0

[15/Aug/2023:01:30:09] UPDATING ACCOUNTS (JobID: 6ac09a73-dfc4-4d49-a6c4-53712513b126)
 - New and modified: 0

[15/Aug/2023:01:30:09] DELETING ACCOUNTS (JobID: 6ac09a73-dfc4-4d49-a6c4-53712513b126)
 - Deleted: 0

[15/Aug/2023:01:30:40] UPDATING PRODUCTS (JobID: a4ea2d63-1c67-409f-b1b8-24f255bf9d0a)
 - New and modified: 0

[15/Aug/2023:01:30:43] UPDATING PREPAGATI (JobID: 8caa88dd-868a-4c31-a713-a5fdbff3cd69)
 - New and modified: 0

[15/Aug/2023:01:30:44] DELETING PREPAGATI (JobID: 8caa88dd-868a-4c31-a713-a5fdbff3cd69)
 - Deleted: 0

[15/Aug/2023:02:30:08] UPDATING ACCOUNTS (JobID: dda0ccac-010c-43e6-bb13-9b9ebe2c7aa4)
 - New and modified: 0

[15/Aug/2023:02:30:08] DELETING ACCOUNTS (JobID: dda0ccac-010c-43e6-bb13-9b9ebe2c7aa4)
 - Deleted: 0

[15/Aug/2023:02:30:39] UPDATING PRODUCTS (JobID: caf5c866-956b-4b9f-8b38-97b277ecfdac)
 - New and modified: 0

[15/Aug/2023:02:30:42] UPDATING PREPAGATI (JobID: 475ff6dc-a9f1-4a49-b5ad-cb864dd69d2d)
 - New and modified: 0

[15/Aug/2023:02:30:42] DELETING PREPAGATI (JobID: 475ff6dc-a9f1-4a49-b5ad-cb864dd69d2d)
 - Deleted: 0

[15/Aug/2023:03:30:09] UPDATING ACCOUNTS (JobID: 4d351da9-04fb-4c2c-a7b2-539899c236af)
 - New and modified: 0

[15/Aug/2023:03:30:09] DELETING ACCOUNTS (JobID: 4d351da9-04fb-4c2c-a7b2-539899c236af)
 - Deleted: 0

[15/Aug/2023:03:30:41] UPDATING PRODUCTS (JobID: 00295b61-b2ab-416f-afeb-2ae98be30b21)
 - New and modified: 0

[15/Aug/2023:03:30:43] UPDATING PREPAGATI (JobID: 69f13fd4-bcbf-427f-97b0-ce79a9f7f281)
 - New and modified: 0

[15/Aug/2023:03:30:43] DELETING PREPAGATI (JobID: 69f13fd4-bcbf-427f-97b0-ce79a9f7f281)
 - Deleted: 0

[15/Aug/2023:04:30:06] UPDATING ACCOUNTS (JobID: fc37fba7-8a0e-4b76-926d-b5dcef5144f3)
 - New and modified: 0

[15/Aug/2023:04:30:06] DELETING ACCOUNTS (JobID: fc37fba7-8a0e-4b76-926d-b5dcef5144f3)
 - Deleted: 0

[15/Aug/2023:04:30:38] UPDATING PRODUCTS (JobID: aaecfff0-245f-46b8-a09a-5075f40533e9)
 - New and modified: 0

[15/Aug/2023:04:30:40] UPDATING PREPAGATI (JobID: 43f10c6e-a387-4a38-8c8b-390bab6acb24)
 - New and modified: 0

[15/Aug/2023:04:30:40] DELETING PREPAGATI (JobID: 43f10c6e-a387-4a38-8c8b-390bab6acb24)
 - Deleted: 0

[15/Aug/2023:05:30:09] UPDATING ACCOUNTS (JobID: fd843a88-85d3-4a3b-8b6a-96ae45d41323)
 - New and modified: 0

[15/Aug/2023:05:30:09] DELETING ACCOUNTS (JobID: fd843a88-85d3-4a3b-8b6a-96ae45d41323)
 - Deleted: 0

[15/Aug/2023:05:30:39] UPDATING PRODUCTS (JobID: 1237320c-dacd-4419-925d-3080b35c79c8)
 - New and modified: 0

[15/Aug/2023:05:30:42] UPDATING PREPAGATI (JobID: e4ebc1d7-87a8-4dda-b437-ba203566c21c)
 - New and modified: 0

[15/Aug/2023:05:30:42] DELETING PREPAGATI (JobID: e4ebc1d7-87a8-4dda-b437-ba203566c21c)
 - Deleted: 0

[15/Aug/2023:06:00:08] UPDATING ACCOUNTS (JobID: 6fc2c0a7-c3e4-42ce-a0f3-64b8906c3c25)
 - New and modified: 0

[15/Aug/2023:06:00:08] DELETING ACCOUNTS (JobID: 6fc2c0a7-c3e4-42ce-a0f3-64b8906c3c25)
 - Deleted: 0

[15/Aug/2023:06:00:40] UPDATING PRODUCTS (JobID: 69b01488-5cb9-4827-bf08-cc14fd3eac0c)
 - New and modified: 0

[15/Aug/2023:06:00:43] UPDATING PREPAGATI (JobID: 01d5f95e-7775-490e-95ea-85fc4f1e2d5a)
 - New and modified: 0

[15/Aug/2023:06:00:43] DELETING PREPAGATI (JobID: 01d5f95e-7775-490e-95ea-85fc4f1e2d5a)
 - Deleted: 0

[15/Aug/2023:06:30:04] UPDATING ACCOUNTS (JobID: e0a5a46e-df75-4168-978c-355937ecdd38)
 - New and modified: 0

[15/Aug/2023:06:30:04] DELETING ACCOUNTS (JobID: e0a5a46e-df75-4168-978c-355937ecdd38)
 - Deleted: 0

[15/Aug/2023:06:30:38] UPDATING PRODUCTS (JobID: e5a4ca48-4c91-4bf0-8061-893c7c974b42)
 - New and modified: 0

[15/Aug/2023:06:30:40] UPDATING PREPAGATI (JobID: d5b982b6-aa5f-40a8-b650-a4c4ca88fd3a)
 - New and modified: 0

[15/Aug/2023:06:30:40] DELETING PREPAGATI (JobID: d5b982b6-aa5f-40a8-b650-a4c4ca88fd3a)
 - Deleted: 0

[15/Aug/2023:08:00:07] UPDATING ACCOUNTS (JobID: 1fbc5a9b-24fd-4c38-bac5-1ac1a9e68d7f)
 - New and modified: 0

[15/Aug/2023:08:00:07] DELETING ACCOUNTS (JobID: 1fbc5a9b-24fd-4c38-bac5-1ac1a9e68d7f)
 - Deleted: 0

[15/Aug/2023:08:00:39] UPDATING PRODUCTS (JobID: 221d3edb-b3b5-4ab9-b464-2288fc096fb9)
 - New and modified: 0

[15/Aug/2023:08:00:42] UPDATING PREPAGATI (JobID: 3341d735-290c-4562-957d-99efbbef220f)
 - New and modified: 0

[15/Aug/2023:08:00:42] DELETING PREPAGATI (JobID: 3341d735-290c-4562-957d-99efbbef220f)
 - Deleted: 0

[15/Aug/2023:08:30:08] UPDATING ACCOUNTS (JobID: d8e7cbd9-2878-431d-b6ac-306705dcea3a)
 - New and modified: 0

[15/Aug/2023:08:30:09] DELETING ACCOUNTS (JobID: d8e7cbd9-2878-431d-b6ac-306705dcea3a)
 - Deleted: 0

[15/Aug/2023:08:30:43] UPDATING PRODUCTS (JobID: bfb7c68b-64e4-4f19-8394-31aa9ad7a33d)
 - New and modified: 0

[15/Aug/2023:08:30:46] UPDATING PREPAGATI (JobID: 9ada5c1e-2a7e-4d70-9413-9ead186e6173)
 - New and modified: 0

[15/Aug/2023:08:30:46] DELETING PREPAGATI (JobID: 9ada5c1e-2a7e-4d70-9413-9ead186e6173)
 - Deleted: 0

[15/Aug/2023:09:00:09] UPDATING ACCOUNTS (JobID: dfb0c40a-aad4-461f-8607-ceda5d403199)
 - New and modified: 0

[15/Aug/2023:09:00:09] DELETING ACCOUNTS (JobID: dfb0c40a-aad4-461f-8607-ceda5d403199)
 - Deleted: 0

[15/Aug/2023:09:00:40] UPDATING PRODUCTS (JobID: 7bedf57f-97ef-4a7b-90de-eabd634d15fb)
 - New and modified: 0

[15/Aug/2023:09:00:43] UPDATING PREPAGATI (JobID: 0eb03c9b-eeac-4de2-8743-032b273c25a7)
 - New and modified: 0

[15/Aug/2023:09:00:43] DELETING PREPAGATI (JobID: 0eb03c9b-eeac-4de2-8743-032b273c25a7)
 - Deleted: 0

[15/Aug/2023:09:30:04] UPDATING ACCOUNTS (JobID: 879ad42c-1a1d-456b-8ce8-1f935c70f3de)
 - New and modified: 0

[15/Aug/2023:09:30:04] DELETING ACCOUNTS (JobID: 879ad42c-1a1d-456b-8ce8-1f935c70f3de)
 - Deleted: 0

[15/Aug/2023:09:30:37] UPDATING PRODUCTS (JobID: 49d220e1-5483-4a52-a754-adae16c320d7)
 - New and modified: 0

[15/Aug/2023:09:30:39] UPDATING PREPAGATI (JobID: a9011595-ade0-4276-a0e3-80d743769c2e)
 - New and modified: 0

[15/Aug/2023:09:30:39] DELETING PREPAGATI (JobID: a9011595-ade0-4276-a0e3-80d743769c2e)
 - Deleted: 0

[15/Aug/2023:10:00:10] UPDATING ACCOUNTS (JobID: 4e8e3a20-f596-4583-9c4b-1bbf3d954cce)
 - New and modified: 0

[15/Aug/2023:10:00:10] DELETING ACCOUNTS (JobID: 4e8e3a20-f596-4583-9c4b-1bbf3d954cce)
 - Deleted: 0

[15/Aug/2023:10:00:42] UPDATING PRODUCTS (JobID: c5fc4cf2-f938-46fc-838f-5f168ff08e6d)
 - New and modified: 0

[15/Aug/2023:10:00:45] UPDATING PREPAGATI (JobID: c6846ef4-05f6-435c-9dd7-e72ec557db94)
 - New and modified: 0

[15/Aug/2023:10:00:45] DELETING PREPAGATI (JobID: c6846ef4-05f6-435c-9dd7-e72ec557db94)
 - Deleted: 0

[15/Aug/2023:10:30:08] UPDATING ACCOUNTS (JobID: 5f3ac29d-611b-404b-8a43-76a8b3ee9640)
 - New and modified: 0

[15/Aug/2023:10:30:08] DELETING ACCOUNTS (JobID: 5f3ac29d-611b-404b-8a43-76a8b3ee9640)
 - Deleted: 0

[15/Aug/2023:10:30:39] UPDATING PRODUCTS (JobID: 28437d51-6542-4816-92a8-11aef4bd3f86)
 - New and modified: 0

[15/Aug/2023:10:30:42] UPDATING PREPAGATI (JobID: bec6c96f-8ee1-49c6-a891-5cd6b67a5fb9)
 - New and modified: 0

[15/Aug/2023:10:30:42] DELETING PREPAGATI (JobID: bec6c96f-8ee1-49c6-a891-5cd6b67a5fb9)
 - Deleted: 0

[15/Aug/2023:12:30:07] UPDATING ACCOUNTS (JobID: 05e93fd2-ad32-428b-b250-190d005fff74)
 - New and modified: 0

[15/Aug/2023:12:30:07] DELETING ACCOUNTS (JobID: 05e93fd2-ad32-428b-b250-190d005fff74)
 - Deleted: 0

[15/Aug/2023:12:30:40] UPDATING PRODUCTS (JobID: 05ac7692-0486-4a4b-9f88-57204fb314b5)
 - New and modified: 0

[15/Aug/2023:12:30:43] UPDATING PREPAGATI (JobID: 074826ed-2e14-4182-8be5-97d95e09a315)
 - New and modified: 0

[15/Aug/2023:12:30:43] DELETING PREPAGATI (JobID: 074826ed-2e14-4182-8be5-97d95e09a315)
 - Deleted: 0

[15/Aug/2023:13:00:09] UPDATING ACCOUNTS (JobID: 1bf24e39-511f-4498-b379-d649edeb4113)
 - New and modified: 0

[15/Aug/2023:13:00:09] DELETING ACCOUNTS (JobID: 1bf24e39-511f-4498-b379-d649edeb4113)
 - Deleted: 0

[15/Aug/2023:13:00:40] UPDATING PRODUCTS (JobID: 50d8f3ce-d7b8-41f5-97fe-8ea3b87757a7)
 - New and modified: 0

[15/Aug/2023:13:00:44] UPDATING PREPAGATI (JobID: f218ff90-d688-44ab-ac16-5292015202af)
 - New and modified: 0

[15/Aug/2023:13:00:44] DELETING PREPAGATI (JobID: f218ff90-d688-44ab-ac16-5292015202af)
 - Deleted: 0

[15/Aug/2023:13:30:08] UPDATING ACCOUNTS (JobID: 3e6f1fd5-4e2b-456e-b3df-5d2d142ee426)
 - New and modified: 0

[15/Aug/2023:13:30:08] DELETING ACCOUNTS (JobID: 3e6f1fd5-4e2b-456e-b3df-5d2d142ee426)
 - Deleted: 0

[15/Aug/2023:13:30:40] UPDATING PRODUCTS (JobID: 5d14bfe3-e0dd-4ae6-bfef-e07600d7dba2)
 - New and modified: 0

[15/Aug/2023:13:30:43] UPDATING PREPAGATI (JobID: 2fa4b274-bdbc-4007-afa3-c3bd98477d9c)
 - New and modified: 0

[15/Aug/2023:13:30:43] DELETING PREPAGATI (JobID: 2fa4b274-bdbc-4007-afa3-c3bd98477d9c)
 - Deleted: 0

[15/Aug/2023:14:00:04] UPDATING ACCOUNTS (JobID: 1b484216-45fa-4e09-8ab8-b1a0f0f8c0f7)
 - New and modified: 0

[15/Aug/2023:14:00:04] DELETING ACCOUNTS (JobID: 1b484216-45fa-4e09-8ab8-b1a0f0f8c0f7)
 - Deleted: 0

[15/Aug/2023:14:00:36] UPDATING PRODUCTS (JobID: 6722b313-3f41-4842-afe8-5c1d54b248e3)
 - New and modified: 0

[15/Aug/2023:14:00:41] UPDATING PREPAGATI (JobID: 91f30157-dc6e-4801-83d5-1d152d89895c)
 - New and modified: 0

[15/Aug/2023:14:00:41] DELETING PREPAGATI (JobID: 91f30157-dc6e-4801-83d5-1d152d89895c)
 - Deleted: 0

[15/Aug/2023:14:30:03] UPDATING ACCOUNTS (JobID: a186f587-7888-4d5e-9b58-7886d51f2c9b)
 - New and modified: 0

[15/Aug/2023:14:30:04] DELETING ACCOUNTS (JobID: a186f587-7888-4d5e-9b58-7886d51f2c9b)
 - Deleted: 0

[15/Aug/2023:14:30:36] UPDATING PRODUCTS (JobID: 99dda92f-a59c-4ff2-b51b-c62faf2217af)
 - New and modified: 0

[15/Aug/2023:14:30:38] UPDATING PREPAGATI (JobID: cc0d2667-af21-41ef-847d-68d0f2690ad6)
 - New and modified: 0

[15/Aug/2023:14:30:38] DELETING PREPAGATI (JobID: cc0d2667-af21-41ef-847d-68d0f2690ad6)
 - Deleted: 0

[15/Aug/2023:15:00:09] UPDATING ACCOUNTS (JobID: ab2406c5-e505-48ee-a037-46e26415c67a)
 - New and modified: 0

[15/Aug/2023:15:00:09] DELETING ACCOUNTS (JobID: ab2406c5-e505-48ee-a037-46e26415c67a)
 - Deleted: 0

[15/Aug/2023:15:00:41] UPDATING PRODUCTS (JobID: a3d798e9-e3f6-4da4-9c70-9987df460ee2)
 - New and modified: 0

[15/Aug/2023:15:00:44] UPDATING PREPAGATI (JobID: 57d62a2c-e514-4b9e-9f27-5f6e9882ca29)
 - New and modified: 0

[15/Aug/2023:15:00:44] DELETING PREPAGATI (JobID: 57d62a2c-e514-4b9e-9f27-5f6e9882ca29)
 - Deleted: 0

[15/Aug/2023:15:30:08] UPDATING ACCOUNTS (JobID: 152bb35b-8fe3-4b5a-927b-aec26bf76158)
 - New and modified: 0

[15/Aug/2023:15:30:08] DELETING ACCOUNTS (JobID: 152bb35b-8fe3-4b5a-927b-aec26bf76158)
 - Deleted: 0

[15/Aug/2023:15:30:41] UPDATING PRODUCTS (JobID: b577dff8-7011-4151-96e9-0bc527a0856f)
 - New and modified: 0

[15/Aug/2023:15:30:43] UPDATING PREPAGATI (JobID: 8d953bc2-4b9e-44eb-ab16-1d09990adcae)
 - New and modified: 0

[15/Aug/2023:15:30:43] DELETING PREPAGATI (JobID: 8d953bc2-4b9e-44eb-ab16-1d09990adcae)
 - Deleted: 0

[15/Aug/2023:16:00:04] UPDATING ACCOUNTS (JobID: 831a1e9f-62d6-4105-b474-8e08b242ecbb)
 - New and modified: 0

[15/Aug/2023:16:00:04] DELETING ACCOUNTS (JobID: 831a1e9f-62d6-4105-b474-8e08b242ecbb)
 - Deleted: 0

[15/Aug/2023:16:00:36] UPDATING PRODUCTS (JobID: 22ba604f-5841-42df-abf9-07c1a831ffbb)
 - New and modified: 0

[15/Aug/2023:16:00:37] UPDATING PREPAGATI (JobID: 67a21390-da62-4c09-a623-01d0c9daaf8f)
 - New and modified: 0

[15/Aug/2023:16:00:37] DELETING PREPAGATI (JobID: 67a21390-da62-4c09-a623-01d0c9daaf8f)
 - Deleted: 0

[15/Aug/2023:17:30:07] UPDATING ACCOUNTS (JobID: e1de2d32-fc24-462e-af12-2fc9ba7f029d)
 - New and modified: 0

[15/Aug/2023:17:30:07] DELETING ACCOUNTS (JobID: e1de2d32-fc24-462e-af12-2fc9ba7f029d)
 - Deleted: 0

[15/Aug/2023:17:30:41] UPDATING PRODUCTS (JobID: d9189adb-de42-41f2-bb56-6e3a89bd5fbe)
 - New and modified: 0

[15/Aug/2023:17:30:44] UPDATING PREPAGATI (JobID: 25ae97ec-c458-49e2-a28f-283d120b4f05)
 - New and modified: 0

[15/Aug/2023:17:30:44] DELETING PREPAGATI (JobID: 25ae97ec-c458-49e2-a28f-283d120b4f05)
 - Deleted: 0

[15/Aug/2023:18:00:14] UPDATING ACCOUNTS (JobID: a770c9b2-89dc-40f3-bf65-e15429266779)
 - New and modified: 0

[15/Aug/2023:18:00:14] DELETING ACCOUNTS (JobID: a770c9b2-89dc-40f3-bf65-e15429266779)
 - Deleted: 0

[15/Aug/2023:18:00:54] UPDATING PRODUCTS (JobID: 876ee224-af61-4512-9580-f32dffba673e)
 - New and modified: 0

[15/Aug/2023:18:01:00] UPDATING PREPAGATI (JobID: 178415ce-b9f3-4df8-ac2b-5ef2766d521f)
 - New and modified: 0

[15/Aug/2023:18:01:00] DELETING PREPAGATI (JobID: 178415ce-b9f3-4df8-ac2b-5ef2766d521f)
 - Deleted: 0

[15/Aug/2023:18:30:07] UPDATING ACCOUNTS (JobID: 0515e01f-c0b4-4a92-93db-f9eccc92b523)
 - New and modified: 0

[15/Aug/2023:18:30:07] DELETING ACCOUNTS (JobID: 0515e01f-c0b4-4a92-93db-f9eccc92b523)
 - Deleted: 0

[15/Aug/2023:18:30:39] UPDATING PRODUCTS (JobID: 9fbf22a5-ec64-44c5-9717-cfcfdec85fa2)
 - New and modified: 0

[15/Aug/2023:18:30:41] UPDATING PREPAGATI (JobID: dc04f735-a55c-4319-9b84-e73695a5156f)
 - New and modified: 0

[15/Aug/2023:18:30:41] DELETING PREPAGATI (JobID: dc04f735-a55c-4319-9b84-e73695a5156f)
 - Deleted: 0

[15/Aug/2023:20:00:09] UPDATING ACCOUNTS (JobID: 3cb77280-b915-427d-9414-c7ac0d7c676b)
 - New and modified: 0

[15/Aug/2023:20:00:09] DELETING ACCOUNTS (JobID: 3cb77280-b915-427d-9414-c7ac0d7c676b)
 - Deleted: 0

[15/Aug/2023:20:00:50] UPDATING PRODUCTS (JobID: febe3f10-c07a-411b-b36b-c8d09fe4c6c9)
 - New and modified: 0

[15/Aug/2023:20:00:53] UPDATING PREPAGATI (JobID: 408ecbf0-3473-48c2-96c3-3421f31d9452)
 - New and modified: 0

[15/Aug/2023:20:00:53] DELETING PREPAGATI (JobID: 408ecbf0-3473-48c2-96c3-3421f31d9452)
 - Deleted: 0

[15/Aug/2023:20:30:08] UPDATING ACCOUNTS (JobID: 200ce8e3-5673-4d86-a277-d2815e326173)
 - New and modified: 0

[15/Aug/2023:20:30:08] DELETING ACCOUNTS (JobID: 200ce8e3-5673-4d86-a277-d2815e326173)
 - Deleted: 0

[15/Aug/2023:20:30:47] UPDATING PRODUCTS (JobID: 2ea848fa-6464-4c53-8a76-88cc7fb72881)
 - New and modified: 0

[15/Aug/2023:20:30:50] UPDATING PREPAGATI (JobID: 82fbc123-fa0c-45b7-9b8d-f242cce249e8)
 - New and modified: 0

[15/Aug/2023:20:30:50] DELETING PREPAGATI (JobID: 82fbc123-fa0c-45b7-9b8d-f242cce249e8)
 - Deleted: 0

[15/Aug/2023:21:00:04] UPDATING ACCOUNTS (JobID: 2ba5b1c1-98ae-490c-b425-78ead1d63278)
 - New and modified: 0

[15/Aug/2023:21:00:04] DELETING ACCOUNTS (JobID: 2ba5b1c1-98ae-490c-b425-78ead1d63278)
 - Deleted: 0

[15/Aug/2023:21:00:36] UPDATING PRODUCTS (JobID: d5ae5380-b27a-48b6-aec4-5836d160d7e8)
 - New and modified: 0

[15/Aug/2023:21:00:39] UPDATING PREPAGATI (JobID: 8cb87686-d7b8-4e7a-ad7e-ddbadf6a0433)
 - New and modified: 0

[15/Aug/2023:21:00:39] DELETING PREPAGATI (JobID: 8cb87686-d7b8-4e7a-ad7e-ddbadf6a0433)
 - Deleted: 0

[15/Aug/2023:21:30:08] UPDATING ACCOUNTS (JobID: 16dbbf14-2074-4280-a12f-3b5c5597c36d)
 - New and modified: 0

[15/Aug/2023:21:30:08] DELETING ACCOUNTS (JobID: 16dbbf14-2074-4280-a12f-3b5c5597c36d)
 - Deleted: 0

[15/Aug/2023:21:30:40] UPDATING PRODUCTS (JobID: 40f729c2-fd6d-4874-a43b-8a2119ef15ce)
 - New and modified: 0

[15/Aug/2023:21:30:42] UPDATING PREPAGATI (JobID: b4af7cc2-a1ad-4c57-8e07-4c6ac77a89dd)
 - New and modified: 0

[15/Aug/2023:21:30:42] DELETING PREPAGATI (JobID: b4af7cc2-a1ad-4c57-8e07-4c6ac77a89dd)
 - Deleted: 0

[15/Aug/2023:22:00:09] UPDATING ACCOUNTS (JobID: e8d2e4f7-b4c0-4b66-bf95-20579eea1478)
 - New and modified: 0

[15/Aug/2023:22:00:09] DELETING ACCOUNTS (JobID: e8d2e4f7-b4c0-4b66-bf95-20579eea1478)
 - Deleted: 0

[15/Aug/2023:22:00:40] UPDATING PRODUCTS (JobID: 8322bf5c-70b6-4ee7-8081-9266faab321a)
 - New and modified: 0

[15/Aug/2023:22:00:43] UPDATING PREPAGATI (JobID: f2425ba1-7d45-4550-91dd-c13f434cd943)
 - New and modified: 0

[15/Aug/2023:22:00:43] DELETING PREPAGATI (JobID: f2425ba1-7d45-4550-91dd-c13f434cd943)
 - Deleted: 0

[15/Aug/2023:23:00:09] UPDATING ACCOUNTS (JobID: 8063743f-fec7-43c2-b9b3-c848a8cbd883)
 - New and modified: 0

[15/Aug/2023:23:00:09] DELETING ACCOUNTS (JobID: 8063743f-fec7-43c2-b9b3-c848a8cbd883)
 - Deleted: 0

[15/Aug/2023:23:00:40] UPDATING PRODUCTS (JobID: b4425980-9ea2-4282-b855-2d07a72eab4b)
 - New and modified: 0

[15/Aug/2023:23:00:43] UPDATING PREPAGATI (JobID: 629530bf-6017-4e17-a9ed-e61f0b051c38)
 - New and modified: 0

[15/Aug/2023:23:00:43] DELETING PREPAGATI (JobID: 629530bf-6017-4e17-a9ed-e61f0b051c38)
 - Deleted: 0

[15/Aug/2023:23:30:09] UPDATING ACCOUNTS (JobID: 963503da-cf20-4047-9546-0b82f1e16728)
 - New and modified: 0

[15/Aug/2023:23:30:09] DELETING ACCOUNTS (JobID: 963503da-cf20-4047-9546-0b82f1e16728)
 - Deleted: 0

[15/Aug/2023:23:30:41] UPDATING PRODUCTS (JobID: f443ee87-d524-4784-a570-4233a1b60485)
 - New and modified: 0

[15/Aug/2023:23:30:44] UPDATING PREPAGATI (JobID: 0be0ddd4-ef25-4570-b809-6751ddc7085d)
 - New and modified: 0

[15/Aug/2023:23:30:44] DELETING PREPAGATI (JobID: 0be0ddd4-ef25-4570-b809-6751ddc7085d)
 - Deleted: 0

