[07/Sep/2023:02:00:08] UPDATING ACCOUNTS (JobID: 05ad67f8-210c-4a54-883d-94e0d6d7f392)
 - New and modified: 0

[07/Sep/2023:02:00:08] DELETING ACCOUNTS (JobID: 05ad67f8-210c-4a54-883d-94e0d6d7f392)
 - Deleted: 0

[07/Sep/2023:02:00:26] UPDATING PRODUCTS (JobID: c9c2620e-d99d-41fc-a546-61524de1b2fd)
 - New and modified: 0

[07/Sep/2023:02:00:29] UPDATING PREPAGATI (JobID: 3d256e35-3c99-46ab-8c86-606f3c479ab5)
 - New and modified: 0

[07/Sep/2023:02:00:29] DELETING PREPAGATI (JobID: 3d256e35-3c99-46ab-8c86-606f3c479ab5)
 - Deleted: 0

[07/Sep/2023:02:30:03] UPDATING ACCOUNTS (JobID: 04ca858e-5248-42ab-954e-de703ea737ee)
 - New and modified: 0

[07/Sep/2023:02:30:03] DELETING ACCOUNTS (JobID: 04ca858e-5248-42ab-954e-de703ea737ee)
 - Deleted: 0

[07/Sep/2023:02:30:20] UPDATING PRODUCTS (JobID: 271c6eb5-19e3-42a7-ad1d-ca8a210abfed)
 - New and modified: 0

[07/Sep/2023:02:30:22] UPDATING PREPAGATI (JobID: 0fd43ed9-a411-4276-b970-1d4a6928c0ba)
 - New and modified: 0

[07/Sep/2023:02:30:22] DELETING PREPAGATI (JobID: 0fd43ed9-a411-4276-b970-1d4a6928c0ba)
 - Deleted: 0

[07/Sep/2023:03:00:03] UPDATING ACCOUNTS (JobID: 270eea68-8739-4b11-bded-78589a7d1bea)
 - New and modified: 0

[07/Sep/2023:03:00:03] DELETING ACCOUNTS (JobID: 270eea68-8739-4b11-bded-78589a7d1bea)
 - Deleted: 0

[07/Sep/2023:03:00:21] UPDATING PRODUCTS (JobID: 3f5c1340-021a-46e5-9c5c-2b76482bec9b)
 - New and modified: 0

[07/Sep/2023:03:00:23] UPDATING PREPAGATI (JobID: e9c6019e-4f21-4885-9e96-9bf34b9259a8)
 - New and modified: 0

[07/Sep/2023:03:00:23] DELETING PREPAGATI (JobID: e9c6019e-4f21-4885-9e96-9bf34b9259a8)
 - Deleted: 0

[07/Sep/2023:03:30:08] UPDATING ACCOUNTS (JobID: afed3925-ecd7-43f1-8f3f-17f4d3f15e56)
 - New and modified: 0

[07/Sep/2023:03:30:08] DELETING ACCOUNTS (JobID: afed3925-ecd7-43f1-8f3f-17f4d3f15e56)
 - Deleted: 0

[07/Sep/2023:03:30:24] UPDATING PRODUCTS (JobID: ad913535-0a7c-4849-8934-c3eb630789fe)
 - New and modified: 0

[07/Sep/2023:03:30:27] UPDATING PREPAGATI (JobID: ef80b59d-292b-45ea-a3b2-d166f3cb7cc8)
 - New and modified: 0

[07/Sep/2023:03:30:27] DELETING PREPAGATI (JobID: ef80b59d-292b-45ea-a3b2-d166f3cb7cc8)
 - Deleted: 0

[07/Sep/2023:04:00:09] UPDATING ACCOUNTS (JobID: 9988b3f7-57cf-4bcb-939a-2cef0a7dc3e5)
 - New and modified: 0

[07/Sep/2023:04:00:09] DELETING ACCOUNTS (JobID: 9988b3f7-57cf-4bcb-939a-2cef0a7dc3e5)
 - Deleted: 0

[07/Sep/2023:04:00:26] UPDATING PRODUCTS (JobID: 44362445-d4f4-45c1-b8ae-4177c6ca1d22)
 - New and modified: 0

[07/Sep/2023:04:00:29] UPDATING PREPAGATI (JobID: 89cbcbe3-942f-4ee4-b6d0-280316849888)
 - New and modified: 0

[07/Sep/2023:04:00:29] DELETING PREPAGATI (JobID: 89cbcbe3-942f-4ee4-b6d0-280316849888)
 - Deleted: 0

[07/Sep/2023:04:30:07] UPDATING ACCOUNTS (JobID: b471f318-2c7d-4f64-97ce-895f5078fda9)
 - New and modified: 0

[07/Sep/2023:04:30:07] DELETING ACCOUNTS (JobID: b471f318-2c7d-4f64-97ce-895f5078fda9)
 - Deleted: 0

[07/Sep/2023:04:30:24] UPDATING PRODUCTS (JobID: 7ff2708c-a172-4a1b-b7c8-c139ad4a7508)
 - New and modified: 0

[07/Sep/2023:04:30:27] UPDATING PREPAGATI (JobID: 2e9b432c-8a0f-4dff-8fdf-c259af5a0b25)
 - New and modified: 0

[07/Sep/2023:04:30:27] DELETING PREPAGATI (JobID: 2e9b432c-8a0f-4dff-8fdf-c259af5a0b25)
 - Deleted: 0

[07/Sep/2023:05:00:09] UPDATING ACCOUNTS (JobID: 38832b59-ec2d-4d24-a199-98af5e355fe9)
 - New and modified: 0

[07/Sep/2023:05:00:09] DELETING ACCOUNTS (JobID: 38832b59-ec2d-4d24-a199-98af5e355fe9)
 - Deleted: 0

[07/Sep/2023:05:00:25] UPDATING PRODUCTS (JobID: de9fa503-9200-4f07-bc67-4ed1c65e6e69)
 - New and modified: 0

[07/Sep/2023:05:00:27] UPDATING PREPAGATI (JobID: 4eaed1dd-9361-4a78-83ae-073b273cc651)
 - New and modified: 0

[07/Sep/2023:05:00:27] DELETING PREPAGATI (JobID: 4eaed1dd-9361-4a78-83ae-073b273cc651)
 - Deleted: 0

[07/Sep/2023:06:00:07] UPDATING ACCOUNTS (JobID: 080a51b6-1fe1-4935-bec0-d1c3ef6b5aaf)
 - New and modified: 0

[07/Sep/2023:06:00:07] DELETING ACCOUNTS (JobID: 080a51b6-1fe1-4935-bec0-d1c3ef6b5aaf)
 - Deleted: 0

[07/Sep/2023:06:00:23] UPDATING PRODUCTS (JobID: eec0763b-b5ea-4e86-bb4a-60974656907b)
 - New and modified: 0

[07/Sep/2023:06:00:27] UPDATING PREPAGATI (JobID: cd5f9741-cc75-47c3-975f-2404c45e8304)
 - New and modified: 0

[07/Sep/2023:06:00:27] DELETING PREPAGATI (JobID: cd5f9741-cc75-47c3-975f-2404c45e8304)
 - Deleted: 0

[07/Sep/2023:06:30:08] UPDATING ACCOUNTS (JobID: d46dcce6-3f0b-40eb-9e52-8ca8f2ef1757)
 - New and modified: 0

[07/Sep/2023:06:30:08] DELETING ACCOUNTS (JobID: d46dcce6-3f0b-40eb-9e52-8ca8f2ef1757)
 - Deleted: 0

[07/Sep/2023:06:30:26] UPDATING PRODUCTS (JobID: 4f66e2d5-8772-462c-a5e4-ae7b366dfc71)
 - New and modified: 0

[07/Sep/2023:06:30:29] UPDATING PREPAGATI (JobID: 352e1315-838b-431a-9241-f44aed6349bc)
 - New and modified: 0

[07/Sep/2023:06:30:29] DELETING PREPAGATI (JobID: 352e1315-838b-431a-9241-f44aed6349bc)
 - Deleted: 0

[07/Sep/2023:07:00:26] UPDATING ACCOUNTS (JobID: 7a4b56f6-567f-4341-84e8-179dccbdf032)
 - New and modified: 0

[07/Sep/2023:07:00:26] DELETING ACCOUNTS (JobID: 7a4b56f6-567f-4341-84e8-179dccbdf032)
 - Deleted: 0

[07/Sep/2023:07:00:44] UPDATING PRODUCTS (JobID: 5982a362-923b-487e-bab3-0f070c458665)
 - New and modified: 0

[07/Sep/2023:07:00:47] UPDATING PREPAGATI (JobID: acf731f7-bf49-45ae-8372-a63823677e60)
 - New and modified: 0

[07/Sep/2023:07:00:47] DELETING PREPAGATI (JobID: acf731f7-bf49-45ae-8372-a63823677e60)
 - Deleted: 0

[07/Sep/2023:07:30:08] UPDATING ACCOUNTS (JobID: ff3f99af-077d-4e98-a6f9-8b5d7f9aec2c)
 - New and modified: 0

[07/Sep/2023:07:30:08] DELETING ACCOUNTS (JobID: ff3f99af-077d-4e98-a6f9-8b5d7f9aec2c)
 - Deleted: 0

[07/Sep/2023:07:30:24] UPDATING PRODUCTS (JobID: ff0e3cda-9e5e-4294-bc9e-aee1eabe13c5)
 - New and modified: 0

[07/Sep/2023:07:30:27] UPDATING PREPAGATI (JobID: 1fd0223f-0fff-49e4-bc10-609b1a57842d)
 - New and modified: 0

[07/Sep/2023:07:30:27] DELETING PREPAGATI (JobID: 1fd0223f-0fff-49e4-bc10-609b1a57842d)
 - Deleted: 0

[07/Sep/2023:08:00:02] UPDATING ACCOUNTS (JobID: 0eb2324b-bdfd-445f-b585-80a9215c3602)
 - New and modified: 0

[07/Sep/2023:08:00:02] DELETING ACCOUNTS (JobID: 0eb2324b-bdfd-445f-b585-80a9215c3602)
 - Deleted: 0

[07/Sep/2023:08:00:20] UPDATING PRODUCTS (JobID: 9a1c7175-f531-464b-9dbc-3f25d583247a)
 - New and modified: 0

[07/Sep/2023:08:00:22] UPDATING PREPAGATI (JobID: aabf32b4-4873-447d-9abc-6e2789c707dc)
 - New and modified: 0

[07/Sep/2023:08:00:22] DELETING PREPAGATI (JobID: aabf32b4-4873-447d-9abc-6e2789c707dc)
 - Deleted: 0

[07/Sep/2023:09:30:07] UPDATING ACCOUNTS (JobID: fbeaa88f-33ea-4d7c-8ef6-da8c3a8ac930)
 - New and modified: 0

[07/Sep/2023:09:30:07] DELETING ACCOUNTS (JobID: fbeaa88f-33ea-4d7c-8ef6-da8c3a8ac930)
 - Deleted: 0

[07/Sep/2023:09:30:25] UPDATING PRODUCTS (JobID: ee8cddbc-de47-4125-a493-a02b2fbf3565)
 - New and modified: 0

[07/Sep/2023:09:30:28] UPDATING PREPAGATI (JobID: a4fbf79e-2d0a-4258-bb3c-d8e77079039e)
 - New and modified: 0

[07/Sep/2023:09:30:28] DELETING PREPAGATI (JobID: a4fbf79e-2d0a-4258-bb3c-d8e77079039e)
 - Deleted: 0

[07/Sep/2023:10:00:09] UPDATING ACCOUNTS (JobID: 20e0a845-a8f6-4b19-a5de-1a80b3e71759)
 - New and modified: 0

[07/Sep/2023:10:00:09] DELETING ACCOUNTS (JobID: 20e0a845-a8f6-4b19-a5de-1a80b3e71759)
 - Deleted: 0

[07/Sep/2023:10:00:25] UPDATING PRODUCTS (JobID: 0b9b2eb4-51ad-4125-8d1b-ebeff608b50c)
 - New and modified: 0

[07/Sep/2023:10:00:28] UPDATING PREPAGATI (JobID: a068929f-b1ab-465c-80a8-7466d4b942f2)
 - New and modified: 0

[07/Sep/2023:10:00:28] DELETING PREPAGATI (JobID: a068929f-b1ab-465c-80a8-7466d4b942f2)
 - Deleted: 0

[07/Sep/2023:10:30:08] UPDATING ACCOUNTS (JobID: bbaa2273-38bb-4715-b74c-34f36d67e66b)
 - New and modified: 0

[07/Sep/2023:10:30:08] DELETING ACCOUNTS (JobID: bbaa2273-38bb-4715-b74c-34f36d67e66b)
 - Deleted: 0

[07/Sep/2023:10:30:24] UPDATING PRODUCTS (JobID: 68065832-5d29-455f-9204-9c47c556a728)
 - New and modified: 0

[07/Sep/2023:10:30:27] UPDATING PREPAGATI (JobID: dd2fdbb9-6e2c-4b2f-9475-fbe9efad8e8c)
 - New and modified: 0

[07/Sep/2023:10:30:27] DELETING PREPAGATI (JobID: dd2fdbb9-6e2c-4b2f-9475-fbe9efad8e8c)
 - Deleted: 0

[07/Sep/2023:11:00:07] UPDATING ACCOUNTS (JobID: 93c163f2-8645-4519-963a-f51edb98f4fb)
 - New and modified: 0

[07/Sep/2023:11:00:07] DELETING ACCOUNTS (JobID: 93c163f2-8645-4519-963a-f51edb98f4fb)
 - Deleted: 0

[07/Sep/2023:11:00:22] UPDATING PRODUCTS (JobID: 81e4dfce-4e2d-442c-9395-d6b13bdefda3)
 - New and modified: 0

[07/Sep/2023:11:00:25] UPDATING PREPAGATI (JobID: becca02d-aba6-499c-b747-81c402fa5645)
 - New and modified: 0

[07/Sep/2023:11:00:25] DELETING PREPAGATI (JobID: becca02d-aba6-499c-b747-81c402fa5645)
 - Deleted: 0

[07/Sep/2023:13:00:08] UPDATING ACCOUNTS (JobID: ccd4cafd-d6f0-46dc-8a82-352552ddbbbf)
 - New and modified: 0

[07/Sep/2023:13:00:08] DELETING ACCOUNTS (JobID: ccd4cafd-d6f0-46dc-8a82-352552ddbbbf)
 - Deleted: 0

[07/Sep/2023:13:00:25] UPDATING PRODUCTS (JobID: 90db6b01-ee9e-46ed-aa39-05ba19a51596)
 - New and modified: 0

[07/Sep/2023:13:00:28] UPDATING PREPAGATI (JobID: 5e048086-2d33-4814-bc53-99c9d0a522a2)
 - New and modified: 0

[07/Sep/2023:13:00:28] DELETING PREPAGATI (JobID: 5e048086-2d33-4814-bc53-99c9d0a522a2)
 - Deleted: 0

[07/Sep/2023:15:00:06] UPDATING ACCOUNTS (JobID: 692de037-f329-4168-9500-6625aefab08c)
 - New and modified: 0

[07/Sep/2023:15:00:06] DELETING ACCOUNTS (JobID: 692de037-f329-4168-9500-6625aefab08c)
 - Deleted: 0

[07/Sep/2023:15:00:25] UPDATING PRODUCTS (JobID: 9e959c63-d8a6-4ab1-8d5c-5775e82eb2e8)
 - New and modified: 0

[07/Sep/2023:15:00:30] UPDATING PREPAGATI (JobID: 0d2f25d8-cdd1-4e8d-8c30-7adf07712fd1)
 - New and modified: 0

[07/Sep/2023:15:00:30] DELETING PREPAGATI (JobID: 0d2f25d8-cdd1-4e8d-8c30-7adf07712fd1)
 - Deleted: 0

[07/Sep/2023:16:00:06] UPDATING ACCOUNTS (JobID: 219d4cdf-57bf-4a35-a22c-2702d6f38c7b)
 - New and modified: 0

[07/Sep/2023:16:00:06] DELETING ACCOUNTS (JobID: 219d4cdf-57bf-4a35-a22c-2702d6f38c7b)
 - Deleted: 0

[07/Sep/2023:16:00:21] UPDATING PRODUCTS (JobID: ac275aca-809c-4f8e-aeb2-3495c4c16105)
 - New and modified: 0

[07/Sep/2023:16:00:24] UPDATING PREPAGATI (JobID: 99ab2d66-7433-4247-9dda-55963a284673)
 - New and modified: 0

[07/Sep/2023:16:00:24] DELETING PREPAGATI (JobID: 99ab2d66-7433-4247-9dda-55963a284673)
 - Deleted: 0

[07/Sep/2023:16:30:08] UPDATING ACCOUNTS (JobID: a6211eca-edff-42c6-b523-3eb90bd4f0f9)
 - New and modified: 0

[07/Sep/2023:16:30:08] DELETING ACCOUNTS (JobID: a6211eca-edff-42c6-b523-3eb90bd4f0f9)
 - Deleted: 0

[07/Sep/2023:16:30:23] UPDATING PRODUCTS (JobID: 2befed7d-af33-4cfb-8463-d70bb7e8e645)
 - New and modified: 0

[07/Sep/2023:16:30:26] UPDATING PREPAGATI (JobID: e609e4cd-f13f-4627-ab26-b51429f1532a)
 - New and modified: 0

[07/Sep/2023:16:30:26] DELETING PREPAGATI (JobID: e609e4cd-f13f-4627-ab26-b51429f1532a)
 - Deleted: 0

[07/Sep/2023:17:00:03] UPDATING ACCOUNTS (JobID: 4b546a54-25e0-4e2a-b09d-a137c1dd0bad)
 - New and modified: 0

[07/Sep/2023:17:00:03] DELETING ACCOUNTS (JobID: 4b546a54-25e0-4e2a-b09d-a137c1dd0bad)
 - Deleted: 0

[07/Sep/2023:17:00:19] UPDATING PRODUCTS (JobID: 4784c795-86ee-43d9-9543-05b64ba307ce)
 - New and modified: 0

[07/Sep/2023:17:00:20] UPDATING PREPAGATI (JobID: bdf7a123-1062-4217-b7f5-0fb3a6496a92)
 - New and modified: 0

[07/Sep/2023:17:00:20] DELETING PREPAGATI (JobID: bdf7a123-1062-4217-b7f5-0fb3a6496a92)
 - Deleted: 0

[07/Sep/2023:18:00:14] UPDATING ACCOUNTS (JobID: 5d192a7f-09fb-439a-b055-763cb6acb2ed)
 - New and modified: 0

[07/Sep/2023:18:00:14] DELETING ACCOUNTS (JobID: 5d192a7f-09fb-439a-b055-763cb6acb2ed)
 - Deleted: 0

[07/Sep/2023:18:01:00] UPDATING PRODUCTS (JobID: 1af6eec6-e4ed-409f-ba83-99194ca37aac)
 - New and modified: 0

[07/Sep/2023:18:01:03] UPDATING PREPAGATI (JobID: bbc41475-502d-45b6-8fbb-f2a3e28fb7bb)
 - New and modified: 0

[07/Sep/2023:18:01:03] DELETING PREPAGATI (JobID: bbc41475-502d-45b6-8fbb-f2a3e28fb7bb)
 - Deleted: 0

[07/Sep/2023:18:30:06] UPDATING ACCOUNTS (JobID: a063060d-4a23-47a7-9adb-8b593f6b8661)
 - New and modified: 0

[07/Sep/2023:18:30:06] DELETING ACCOUNTS (JobID: a063060d-4a23-47a7-9adb-8b593f6b8661)
 - Deleted: 0

[07/Sep/2023:18:30:23] UPDATING PRODUCTS (JobID: 77e19563-4ae2-414e-a827-8f2ea322e595)
 - New and modified: 0

[07/Sep/2023:18:30:25] UPDATING PREPAGATI (JobID: 8fb0cf35-1185-4650-957a-c721d624310c)
 - New and modified: 0

[07/Sep/2023:18:30:25] DELETING PREPAGATI (JobID: 8fb0cf35-1185-4650-957a-c721d624310c)
 - Deleted: 0

[07/Sep/2023:19:00:23] UPDATING ACCOUNTS (JobID: 2e4e7c02-3a6f-4989-8f5a-ebf9ecc81fb5)
 - New and modified: 0

[07/Sep/2023:19:00:23] DELETING ACCOUNTS (JobID: 2e4e7c02-3a6f-4989-8f5a-ebf9ecc81fb5)
 - Deleted: 0

[07/Sep/2023:19:00:38] UPDATING PRODUCTS (JobID: 58d85334-5fb8-46c6-9905-9ced7d3a52f2)
 - New and modified: 0

[07/Sep/2023:19:00:41] UPDATING PREPAGATI (JobID: 924d6fd8-da17-4e82-b684-9d02e56520ef)
 - New and modified: 0

[07/Sep/2023:19:00:41] DELETING PREPAGATI (JobID: 924d6fd8-da17-4e82-b684-9d02e56520ef)
 - Deleted: 0

[07/Sep/2023:19:30:02] UPDATING ACCOUNTS (JobID: 5c9deb6e-301b-4e55-b714-7fb62041f284)
 - New and modified: 0

[07/Sep/2023:19:30:02] DELETING ACCOUNTS (JobID: 5c9deb6e-301b-4e55-b714-7fb62041f284)
 - Deleted: 0

[07/Sep/2023:19:30:20] UPDATING PRODUCTS (JobID: 41105c44-6a09-4d9e-a353-868d12e15c30)
 - New and modified: 0

[07/Sep/2023:19:30:22] UPDATING PREPAGATI (JobID: ff35ce3e-d7ad-4c72-846f-d9fa955894b4)
 - New and modified: 0

[07/Sep/2023:19:30:22] DELETING PREPAGATI (JobID: ff35ce3e-d7ad-4c72-846f-d9fa955894b4)
 - Deleted: 0

[07/Sep/2023:20:00:08] UPDATING ACCOUNTS (JobID: dff0eb99-93fa-4803-ba12-7985637870e7)
 - New and modified: 0

[07/Sep/2023:20:00:08] DELETING ACCOUNTS (JobID: dff0eb99-93fa-4803-ba12-7985637870e7)
 - Deleted: 0

[07/Sep/2023:20:00:23] UPDATING PRODUCTS (JobID: 45cc2ae2-922f-4cfa-ad46-4de7bce27449)
 - New and modified: 0

[07/Sep/2023:20:00:25] UPDATING PREPAGATI (JobID: 3b295019-478e-46eb-bd69-15b44831eacc)
 - New and modified: 0

[07/Sep/2023:20:00:25] DELETING PREPAGATI (JobID: 3b295019-478e-46eb-bd69-15b44831eacc)
 - Deleted: 0

[07/Sep/2023:20:30:03] UPDATING ACCOUNTS (JobID: f365e37f-cffb-4cad-b26a-cda775fca7af)
 - New and modified: 0

[07/Sep/2023:20:30:03] DELETING ACCOUNTS (JobID: f365e37f-cffb-4cad-b26a-cda775fca7af)
 - Deleted: 0

[07/Sep/2023:20:30:18] UPDATING PRODUCTS (JobID: 11f98001-e22d-4949-ba16-3c150a29cd4f)
 - New and modified: 0

[07/Sep/2023:20:30:19] UPDATING PREPAGATI (JobID: 836cbfb1-667c-40ad-81f3-d819f4a4411d)
 - New and modified: 0

[07/Sep/2023:20:30:19] DELETING PREPAGATI (JobID: 836cbfb1-667c-40ad-81f3-d819f4a4411d)
 - Deleted: 0

[07/Sep/2023:21:00:03] UPDATING ACCOUNTS (JobID: e8e3cd66-31af-4512-a201-992d79f870fe)
 - New and modified: 0

[07/Sep/2023:21:00:03] DELETING ACCOUNTS (JobID: e8e3cd66-31af-4512-a201-992d79f870fe)
 - Deleted: 0

[07/Sep/2023:21:00:20] UPDATING PRODUCTS (JobID: 2e39eb1c-d40e-4d6f-a66a-8abf05a20c60)
 - New and modified: 0

[07/Sep/2023:21:00:21] UPDATING PREPAGATI (JobID: 2ef2bbf7-375a-4cb8-9fff-f7db3830c89f)
 - New and modified: 0

[07/Sep/2023:21:00:21] DELETING PREPAGATI (JobID: 2ef2bbf7-375a-4cb8-9fff-f7db3830c89f)
 - Deleted: 0

[07/Sep/2023:21:30:08] UPDATING ACCOUNTS (JobID: 4f14bfbb-c2ad-4440-ac89-ba4e61671c27)
 - New and modified: 0

[07/Sep/2023:21:30:08] DELETING ACCOUNTS (JobID: 4f14bfbb-c2ad-4440-ac89-ba4e61671c27)
 - Deleted: 0

[07/Sep/2023:21:30:24] UPDATING PRODUCTS (JobID: cf6f1546-88c8-42b7-87d4-86c1309ad25a)
 - New and modified: 0

[07/Sep/2023:21:30:27] UPDATING PREPAGATI (JobID: cf14ef90-4f64-411b-8c33-d2778f707acc)
 - New and modified: 0

[07/Sep/2023:21:30:27] DELETING PREPAGATI (JobID: cf14ef90-4f64-411b-8c33-d2778f707acc)
 - Deleted: 0

[07/Sep/2023:22:00:08] UPDATING ACCOUNTS (JobID: 6b3f91f4-6cd0-418f-b0f3-d7859ef13236)
 - New and modified: 0

[07/Sep/2023:22:00:08] DELETING ACCOUNTS (JobID: 6b3f91f4-6cd0-418f-b0f3-d7859ef13236)
 - Deleted: 0

[07/Sep/2023:22:00:23] UPDATING PRODUCTS (JobID: 09f5ea50-58bc-4ca5-876d-c13b4fe95570)
 - New and modified: 0

[07/Sep/2023:22:00:26] UPDATING PREPAGATI (JobID: 67f5070e-dc5e-4704-86dc-59c1bcc18427)
 - New and modified: 0

[07/Sep/2023:22:00:26] DELETING PREPAGATI (JobID: 67f5070e-dc5e-4704-86dc-59c1bcc18427)
 - Deleted: 0

[07/Sep/2023:23:00:07] UPDATING ACCOUNTS (JobID: 77404315-969b-4a18-8370-616a2ef13a9c)
 - New and modified: 0

[07/Sep/2023:23:00:07] DELETING ACCOUNTS (JobID: 77404315-969b-4a18-8370-616a2ef13a9c)
 - Deleted: 0

[07/Sep/2023:23:00:24] UPDATING PRODUCTS (JobID: abdcaa70-dac4-47d7-a0ab-5325294f55b1)
 - New and modified: 0

[07/Sep/2023:23:00:26] UPDATING PREPAGATI (JobID: 262666b7-c504-47c1-b638-532e180cb402)
 - New and modified: 0

[07/Sep/2023:23:00:26] DELETING PREPAGATI (JobID: 262666b7-c504-47c1-b638-532e180cb402)
 - Deleted: 0

[07/Sep/2023:23:30:08] UPDATING ACCOUNTS (JobID: 7070a140-8988-4194-9689-4498ea629a94)
 - New and modified: 0

[07/Sep/2023:23:30:08] DELETING ACCOUNTS (JobID: 7070a140-8988-4194-9689-4498ea629a94)
 - Deleted: 0

[07/Sep/2023:23:30:23] UPDATING PRODUCTS (JobID: fd00bc56-acec-42c7-ad14-1496a3db8ae9)
 - New and modified: 0

[07/Sep/2023:23:30:25] UPDATING PREPAGATI (JobID: b98afd40-2193-46f0-a3d6-04944ab16292)
 - New and modified: 0

[07/Sep/2023:23:30:25] DELETING PREPAGATI (JobID: b98afd40-2193-46f0-a3d6-04944ab16292)
 - Deleted: 0

