[01/Nov/2023:01:19:06] UPDATING ACCOUNTS (JobID: 9afaed68-2728-44cb-ba83-d4a5c76f2254)
 - New and modified: 0

[01/Nov/2023:01:19:06] DELETING ACCOUNTS (JobID: 9afaed68-2728-44cb-ba83-d4a5c76f2254)
 - Deleted: 0

[01/Nov/2023:01:19:43] UPDATING PRODUCTS (JobID: ab559ff0-885b-4db3-bf3d-f318e5fe8f33)
 - New and modified: 0

[01/Nov/2023:01:19:47] UPDATING PREPAGATI (JobID: 96d0b693-6163-4889-82f3-fcca61e354dc)
 - New and modified: 0

[01/Nov/2023:01:19:47] DELETING PREPAGATI (JobID: 96d0b693-6163-4889-82f3-fcca61e354dc)
 - Deleted: 0

[01/Nov/2023:02:00:08] UPDATING ACCOUNTS (JobID: 1032ad2c-0664-4307-9fce-e6370b108c50)
 - New and modified: 0

[01/Nov/2023:02:00:08] DELETING ACCOUNTS (JobID: 1032ad2c-0664-4307-9fce-e6370b108c50)
 - Deleted: 0

[01/Nov/2023:02:00:46] UPDATING PRODUCTS (JobID: 5b23e1cc-2664-4db6-a676-6c0a78b33965)
 - New and modified: 0

[01/Nov/2023:02:00:50] UPDATING PREPAGATI (JobID: 06f1c738-ae95-4160-87c9-d058c38c72af)
 - New and modified: 0

[01/Nov/2023:02:00:50] DELETING PREPAGATI (JobID: 06f1c738-ae95-4160-87c9-d058c38c72af)
 - Deleted: 0

[01/Nov/2023:02:30:09] UPDATING ACCOUNTS (JobID: c2e1d909-b4c6-45df-b825-3f01ab190c4e)
 - New and modified: 0

[01/Nov/2023:02:30:09] DELETING ACCOUNTS (JobID: c2e1d909-b4c6-45df-b825-3f01ab190c4e)
 - Deleted: 0

[01/Nov/2023:02:30:44] UPDATING PRODUCTS (JobID: eaf1fe91-7fa4-444b-a24f-10123233d41f)
 - New and modified: 0

[01/Nov/2023:02:30:48] UPDATING PREPAGATI (JobID: 0941722f-1941-4423-b514-5b3372c0cb54)
 - New and modified: 0

[01/Nov/2023:02:30:48] DELETING PREPAGATI (JobID: 0941722f-1941-4423-b514-5b3372c0cb54)
 - Deleted: 0

[01/Nov/2023:03:00:05] UPDATING ACCOUNTS (JobID: 7559f5db-82bb-4343-9b7d-a07df10f2856)
 - New and modified: 0

[01/Nov/2023:03:00:05] DELETING ACCOUNTS (JobID: 7559f5db-82bb-4343-9b7d-a07df10f2856)
 - Deleted: 0

[01/Nov/2023:03:00:41] UPDATING PRODUCTS (JobID: c3d894e3-9a49-471b-bf80-f976422a806b)
 - New and modified: 0

[01/Nov/2023:03:00:44] UPDATING PREPAGATI (JobID: 86e86fe5-c674-4af8-a1c5-d4ebea6a68dc)
 - New and modified: 0

[01/Nov/2023:03:00:44] DELETING PREPAGATI (JobID: 86e86fe5-c674-4af8-a1c5-d4ebea6a68dc)
 - Deleted: 0

[01/Nov/2023:03:30:04] UPDATING ACCOUNTS (JobID: 1a1ad90a-8705-4ed3-8155-8073301d5488)
 - New and modified: 0

[01/Nov/2023:03:30:04] DELETING ACCOUNTS (JobID: 1a1ad90a-8705-4ed3-8155-8073301d5488)
 - Deleted: 0

[01/Nov/2023:03:30:39] UPDATING PRODUCTS (JobID: 14cc85e3-0a5c-4f09-8268-7d9d67af9094)
 - New and modified: 0

[01/Nov/2023:03:30:41] UPDATING PREPAGATI (JobID: 9724f612-f04c-433a-b9b4-775c76cd7750)
 - New and modified: 0

[01/Nov/2023:03:30:41] DELETING PREPAGATI (JobID: 9724f612-f04c-433a-b9b4-775c76cd7750)
 - Deleted: 0

[01/Nov/2023:04:00:05] UPDATING ACCOUNTS (JobID: bf12d727-b496-40f0-ad24-c8404f42b1aa)
 - New and modified: 0

[01/Nov/2023:04:00:05] DELETING ACCOUNTS (JobID: bf12d727-b496-40f0-ad24-c8404f42b1aa)
 - Deleted: 0

[01/Nov/2023:04:00:42] UPDATING PRODUCTS (JobID: c5cffbdb-b200-45a8-b227-4f0d8d1382e0)
 - New and modified: 0

[01/Nov/2023:04:00:44] UPDATING PREPAGATI (JobID: 97e81479-8573-40c2-964d-18c165e01006)
 - New and modified: 0

[01/Nov/2023:04:00:44] DELETING PREPAGATI (JobID: 97e81479-8573-40c2-964d-18c165e01006)
 - Deleted: 0

[01/Nov/2023:04:30:10] UPDATING ACCOUNTS (JobID: ab5de727-6bec-46a3-af11-f8da74d34b54)
 - New and modified: 0

[01/Nov/2023:04:30:10] DELETING ACCOUNTS (JobID: ab5de727-6bec-46a3-af11-f8da74d34b54)
 - Deleted: 0

[01/Nov/2023:04:30:46] UPDATING PRODUCTS (JobID: 62378949-9fa1-4acf-addd-39a09cfedafe)
 - New and modified: 0

[01/Nov/2023:04:30:49] UPDATING PREPAGATI (JobID: 33f963c2-3464-4d9a-9cc3-23d779a7b748)
 - New and modified: 0

[01/Nov/2023:04:30:49] DELETING PREPAGATI (JobID: 33f963c2-3464-4d9a-9cc3-23d779a7b748)
 - Deleted: 0

[01/Nov/2023:05:00:10] UPDATING ACCOUNTS (JobID: 7045b32a-725e-4fb0-9bb8-7565a7763688)
 - New and modified: 0

[01/Nov/2023:05:00:10] DELETING ACCOUNTS (JobID: 7045b32a-725e-4fb0-9bb8-7565a7763688)
 - Deleted: 0

[01/Nov/2023:05:00:46] UPDATING PRODUCTS (JobID: 606a3755-73c4-454f-82e7-4e454adde69d)
 - New and modified: 0

[01/Nov/2023:05:00:49] UPDATING PREPAGATI (JobID: 3880e11e-e1a5-477e-baef-08789d0e9a95)
 - New and modified: 0

[01/Nov/2023:05:00:49] DELETING PREPAGATI (JobID: 3880e11e-e1a5-477e-baef-08789d0e9a95)
 - Deleted: 0

[01/Nov/2023:05:30:04] UPDATING ACCOUNTS (JobID: f1ab1c1a-e3f1-4568-bf15-5e2daf60a584)
 - New and modified: 0

[01/Nov/2023:05:30:04] DELETING ACCOUNTS (JobID: f1ab1c1a-e3f1-4568-bf15-5e2daf60a584)
 - Deleted: 0

[01/Nov/2023:05:30:41] UPDATING PRODUCTS (JobID: c4887fbc-3d71-406e-8570-287982a56947)
 - New and modified: 0

[01/Nov/2023:05:30:43] UPDATING PREPAGATI (JobID: 4a6d8389-56ba-41f1-92fd-b858683b1f3e)
 - New and modified: 0

[01/Nov/2023:05:30:43] DELETING PREPAGATI (JobID: 4a6d8389-56ba-41f1-92fd-b858683b1f3e)
 - Deleted: 0

[01/Nov/2023:06:00:09] UPDATING ACCOUNTS (JobID: 2764484c-1b10-4872-8c36-facac3d96ee7)
 - New and modified: 0

[01/Nov/2023:06:00:09] DELETING ACCOUNTS (JobID: 2764484c-1b10-4872-8c36-facac3d96ee7)
 - Deleted: 0

[01/Nov/2023:06:00:46] UPDATING PRODUCTS (JobID: 3003be4e-6473-4a99-8075-eb2c41045efb)
 - New and modified: 0

[01/Nov/2023:06:00:50] UPDATING PREPAGATI (JobID: c8d39e0c-d6a5-484f-b1b2-57c82daa27f5)
 - New and modified: 0

[01/Nov/2023:06:00:50] DELETING PREPAGATI (JobID: c8d39e0c-d6a5-484f-b1b2-57c82daa27f5)
 - Deleted: 0

[01/Nov/2023:06:30:05] UPDATING ACCOUNTS (JobID: b5cbae25-6939-4319-90c2-68c5edca865b)
 - New and modified: 0

[01/Nov/2023:06:30:05] DELETING ACCOUNTS (JobID: b5cbae25-6939-4319-90c2-68c5edca865b)
 - Deleted: 0

[01/Nov/2023:06:30:41] UPDATING PRODUCTS (JobID: 30814745-544b-4c8a-b2c3-392f62a45d95)
 - New and modified: 0

[01/Nov/2023:06:30:43] UPDATING PREPAGATI (JobID: 5a19cfdf-2543-4073-b56e-0eb8f0a95a96)
 - New and modified: 0

[01/Nov/2023:06:30:43] DELETING PREPAGATI (JobID: 5a19cfdf-2543-4073-b56e-0eb8f0a95a96)
 - Deleted: 0

[01/Nov/2023:07:00:20] UPDATING ACCOUNTS (JobID: 45d77def-c376-49b2-b8dd-9f2e5750e683)
 - New and modified: 0

[01/Nov/2023:07:00:20] DELETING ACCOUNTS (JobID: 45d77def-c376-49b2-b8dd-9f2e5750e683)
 - Deleted: 0

[01/Nov/2023:07:00:56] UPDATING PRODUCTS (JobID: 4658cef8-5cce-4e7b-ac20-48eee5a49848)
 - New and modified: 0

[01/Nov/2023:07:00:59] UPDATING PREPAGATI (JobID: 20296102-ba47-4329-ba3d-9031212c0148)
 - New and modified: 0

[01/Nov/2023:07:00:59] DELETING PREPAGATI (JobID: 20296102-ba47-4329-ba3d-9031212c0148)
 - Deleted: 0

[01/Nov/2023:07:30:10] UPDATING ACCOUNTS (JobID: 9795c196-54bf-49c3-b8fb-d1d32dcc2ac4)
 - New and modified: 0

[01/Nov/2023:07:30:10] DELETING ACCOUNTS (JobID: 9795c196-54bf-49c3-b8fb-d1d32dcc2ac4)
 - Deleted: 0

[01/Nov/2023:07:30:45] UPDATING PRODUCTS (JobID: 7c743391-da92-492f-a1ae-dcb99ae8bea2)
 - New and modified: 0

[01/Nov/2023:07:30:48] UPDATING PREPAGATI (JobID: bb9f4c04-64b8-4831-87e3-8b2c6f133541)
 - New and modified: 0

[01/Nov/2023:07:30:48] DELETING PREPAGATI (JobID: bb9f4c04-64b8-4831-87e3-8b2c6f133541)
 - Deleted: 0

[01/Nov/2023:08:00:04] UPDATING ACCOUNTS (JobID: b9f3c18c-1af3-4230-8adb-6e25287afbb0)
 - New and modified: 0

[01/Nov/2023:08:00:04] DELETING ACCOUNTS (JobID: b9f3c18c-1af3-4230-8adb-6e25287afbb0)
 - Deleted: 0

[01/Nov/2023:08:00:39] UPDATING PRODUCTS (JobID: 781f6a4c-fa9e-4377-af8a-e583d9cfc93e)
 - New and modified: 0

[01/Nov/2023:08:00:41] UPDATING PREPAGATI (JobID: 3801e4f0-2e9e-4e1e-a91f-804fdb076314)
 - New and modified: 0

[01/Nov/2023:08:00:41] DELETING PREPAGATI (JobID: 3801e4f0-2e9e-4e1e-a91f-804fdb076314)
 - Deleted: 0

[01/Nov/2023:08:30:08] UPDATING ACCOUNTS (JobID: 7b991c28-3865-4c26-8302-a655b044558b)
 - New and modified: 0

[01/Nov/2023:08:30:08] DELETING ACCOUNTS (JobID: 7b991c28-3865-4c26-8302-a655b044558b)
 - Deleted: 0

[01/Nov/2023:08:30:44] UPDATING PRODUCTS (JobID: 7ffee863-17a4-4afc-853e-0f661b34fd6c)
 - New and modified: 0

[01/Nov/2023:08:30:47] UPDATING PREPAGATI (JobID: a916cea6-b91c-456f-a3aa-7656afff89cb)
 - New and modified: 0

[01/Nov/2023:08:30:47] DELETING PREPAGATI (JobID: a916cea6-b91c-456f-a3aa-7656afff89cb)
 - Deleted: 0

[01/Nov/2023:09:00:07] UPDATING ACCOUNTS (JobID: b630f920-2a33-473a-b8b7-18ebc8c980a4)
 - New and modified: 0

[01/Nov/2023:09:00:07] DELETING ACCOUNTS (JobID: b630f920-2a33-473a-b8b7-18ebc8c980a4)
 - Deleted: 0

[01/Nov/2023:09:00:43] UPDATING PRODUCTS (JobID: 55e40570-52a9-4b83-8372-e7dc48ef8f30)
 - New and modified: 0

[01/Nov/2023:09:00:46] UPDATING PREPAGATI (JobID: 968feae1-319c-407a-848e-c395f140c078)
 - New and modified: 0

[01/Nov/2023:09:00:46] DELETING PREPAGATI (JobID: 968feae1-319c-407a-848e-c395f140c078)
 - Deleted: 0

[01/Nov/2023:09:30:10] UPDATING ACCOUNTS (JobID: dcb521be-7776-41db-b6f5-481217139aad)
 - New and modified: 0

[01/Nov/2023:09:30:10] DELETING ACCOUNTS (JobID: dcb521be-7776-41db-b6f5-481217139aad)
 - Deleted: 0

[01/Nov/2023:09:30:46] UPDATING PRODUCTS (JobID: 66004858-af45-4bad-a488-0b31414b832e)
 - New and modified: 0

[01/Nov/2023:09:30:49] UPDATING PREPAGATI (JobID: b17e73f2-77f7-4d78-bced-ff931b2d0bce)
 - New and modified: 0

[01/Nov/2023:09:30:49] DELETING PREPAGATI (JobID: b17e73f2-77f7-4d78-bced-ff931b2d0bce)
 - Deleted: 0

[01/Nov/2023:10:00:09] UPDATING ACCOUNTS (JobID: d1bd89dd-ac49-401a-aff8-c78d2fa71b94)
 - New and modified: 0

[01/Nov/2023:10:00:09] DELETING ACCOUNTS (JobID: d1bd89dd-ac49-401a-aff8-c78d2fa71b94)
 - Deleted: 0

[01/Nov/2023:10:00:45] UPDATING PRODUCTS (JobID: 8e86b23f-6416-4cd5-830a-7aa5cb431420)
 - New and modified: 0

[01/Nov/2023:10:00:48] UPDATING PREPAGATI (JobID: ecf59ff0-e52c-4a19-a15e-3c96dac6b500)
 - New and modified: 0

[01/Nov/2023:10:00:48] DELETING PREPAGATI (JobID: ecf59ff0-e52c-4a19-a15e-3c96dac6b500)
 - Deleted: 0

[01/Nov/2023:10:30:04] UPDATING ACCOUNTS (JobID: 47078e90-c666-497e-af26-858bf7ab6eb3)
 - New and modified: 0

[01/Nov/2023:10:30:04] DELETING ACCOUNTS (JobID: 47078e90-c666-497e-af26-858bf7ab6eb3)
 - Deleted: 0

[01/Nov/2023:10:30:40] UPDATING PRODUCTS (JobID: 351a1e1d-966d-436d-b24d-3372e7d7bd59)
 - New and modified: 0

[01/Nov/2023:10:30:42] UPDATING PREPAGATI (JobID: b06de16b-828b-4884-9fd9-1440c203298f)
 - New and modified: 0

[01/Nov/2023:10:30:42] DELETING PREPAGATI (JobID: b06de16b-828b-4884-9fd9-1440c203298f)
 - Deleted: 0

[01/Nov/2023:11:00:08] UPDATING ACCOUNTS (JobID: a7b67894-1cc9-49e0-aeb3-31284ae56aa8)
 - New and modified: 0

[01/Nov/2023:11:00:08] DELETING ACCOUNTS (JobID: a7b67894-1cc9-49e0-aeb3-31284ae56aa8)
 - Deleted: 0

[01/Nov/2023:11:00:43] UPDATING PRODUCTS (JobID: 76a0a207-713e-458e-8435-30d3c3939f5a)
 - New and modified: 0

[01/Nov/2023:11:00:47] UPDATING PREPAGATI (JobID: e4dccb81-27cd-4f95-ab78-9033a90ea05c)
 - New and modified: 0

[01/Nov/2023:11:00:47] DELETING PREPAGATI (JobID: e4dccb81-27cd-4f95-ab78-9033a90ea05c)
 - Deleted: 0

[01/Nov/2023:11:30:04] UPDATING ACCOUNTS (JobID: cbef9e9f-cd58-4680-b093-1c9d300b9a0f)
 - New and modified: 0

[01/Nov/2023:11:30:04] DELETING ACCOUNTS (JobID: cbef9e9f-cd58-4680-b093-1c9d300b9a0f)
 - Deleted: 0

[01/Nov/2023:11:30:39] UPDATING PRODUCTS (JobID: 14fe58da-9aa0-4f06-926b-68b4ee05fc4e)
 - New and modified: 0

[01/Nov/2023:11:30:41] UPDATING PREPAGATI (JobID: e8651735-98d3-43a5-a223-7a05cbe154df)
 - New and modified: 0

[01/Nov/2023:11:30:41] DELETING PREPAGATI (JobID: e8651735-98d3-43a5-a223-7a05cbe154df)
 - Deleted: 0

[01/Nov/2023:12:00:05] UPDATING ACCOUNTS (JobID: 0dde7fa4-2cc2-4daa-8439-9965fb3b104e)
 - New and modified: 0

[01/Nov/2023:12:00:05] DELETING ACCOUNTS (JobID: 0dde7fa4-2cc2-4daa-8439-9965fb3b104e)
 - Deleted: 0

[01/Nov/2023:12:00:40] UPDATING PRODUCTS (JobID: 491b6d0b-9b22-4b9f-8d36-221453afbcd6)
 - New and modified: 0

[01/Nov/2023:12:00:42] UPDATING PREPAGATI (JobID: 301bacb8-0196-4cd5-b2aa-ad99a0179ebb)
 - New and modified: 0

[01/Nov/2023:12:00:42] DELETING PREPAGATI (JobID: 301bacb8-0196-4cd5-b2aa-ad99a0179ebb)
 - Deleted: 0

[01/Nov/2023:12:30:09] UPDATING ACCOUNTS (JobID: 315a911c-4691-4eee-b315-34f90d3ee929)
 - New and modified: 0

[01/Nov/2023:12:30:09] DELETING ACCOUNTS (JobID: 315a911c-4691-4eee-b315-34f90d3ee929)
 - Deleted: 0

[01/Nov/2023:12:30:43] UPDATING PRODUCTS (JobID: ba95e069-8be9-47aa-b37d-410c676745bb)
 - New and modified: 0

[01/Nov/2023:12:30:47] UPDATING PREPAGATI (JobID: abb47861-0bf5-49d4-bd5f-0b6d593cc53f)
 - New and modified: 0

[01/Nov/2023:12:30:47] DELETING PREPAGATI (JobID: abb47861-0bf5-49d4-bd5f-0b6d593cc53f)
 - Deleted: 0

[01/Nov/2023:13:00:04] UPDATING ACCOUNTS (JobID: 02a0e933-0d2d-4839-83a9-aaacb2715018)
 - New and modified: 0

[01/Nov/2023:13:00:04] DELETING ACCOUNTS (JobID: 02a0e933-0d2d-4839-83a9-aaacb2715018)
 - Deleted: 0

[01/Nov/2023:13:00:41] UPDATING PRODUCTS (JobID: 3cc22a1d-e798-4a94-9b19-b200e7fa093e)
 - New and modified: 0

[01/Nov/2023:13:00:43] UPDATING PREPAGATI (JobID: f2cd813b-6a84-45b2-bc29-9031023df62a)
 - New and modified: 0

[01/Nov/2023:13:00:43] DELETING PREPAGATI (JobID: f2cd813b-6a84-45b2-bc29-9031023df62a)
 - Deleted: 0

[01/Nov/2023:13:30:04] UPDATING ACCOUNTS (JobID: 051c16af-17bc-4a8b-8b97-c5f268720c50)
 - New and modified: 0

[01/Nov/2023:13:30:04] DELETING ACCOUNTS (JobID: 051c16af-17bc-4a8b-8b97-c5f268720c50)
 - Deleted: 0

[01/Nov/2023:13:30:40] UPDATING PRODUCTS (JobID: 8b1e7c21-89e5-40c7-97f9-cb0a8e2bf5f0)
 - New and modified: 0

[01/Nov/2023:13:30:42] UPDATING PREPAGATI (JobID: d736e94f-c8d6-4ba1-932d-4798e6e08e98)
 - New and modified: 0

[01/Nov/2023:13:30:42] DELETING PREPAGATI (JobID: d736e94f-c8d6-4ba1-932d-4798e6e08e98)
 - Deleted: 0

[01/Nov/2023:14:00:09] UPDATING ACCOUNTS (JobID: 17ad0c48-c8ec-4dcf-9494-9db79eb22941)
 - New and modified: 0

[01/Nov/2023:14:00:09] DELETING ACCOUNTS (JobID: 17ad0c48-c8ec-4dcf-9494-9db79eb22941)
 - Deleted: 0

[01/Nov/2023:14:00:44] UPDATING PRODUCTS (JobID: 2095e364-1429-4331-8ce2-6130d3738a7b)
 - New and modified: 0

[01/Nov/2023:14:00:47] UPDATING PREPAGATI (JobID: fd2c08cf-846f-4c32-a918-517c87e4c569)
 - New and modified: 0

[01/Nov/2023:14:00:47] DELETING PREPAGATI (JobID: fd2c08cf-846f-4c32-a918-517c87e4c569)
 - Deleted: 0

[01/Nov/2023:14:30:10] UPDATING ACCOUNTS (JobID: d727ba82-af46-48a3-a0b0-7997c23b9647)
 - New and modified: 0

[01/Nov/2023:14:30:10] DELETING ACCOUNTS (JobID: d727ba82-af46-48a3-a0b0-7997c23b9647)
 - Deleted: 0

[01/Nov/2023:14:30:45] UPDATING PRODUCTS (JobID: 9128be35-6bef-4751-b588-6337ecbeb831)
 - New and modified: 0

[01/Nov/2023:14:30:48] UPDATING PREPAGATI (JobID: 26537489-6650-440f-b7b5-3426027094bf)
 - New and modified: 0

[01/Nov/2023:14:30:48] DELETING PREPAGATI (JobID: 26537489-6650-440f-b7b5-3426027094bf)
 - Deleted: 0

[01/Nov/2023:15:00:04] UPDATING ACCOUNTS (JobID: 0c93aea5-7be6-4372-8508-29f9549d8e4f)
 - New and modified: 0

[01/Nov/2023:15:00:04] DELETING ACCOUNTS (JobID: 0c93aea5-7be6-4372-8508-29f9549d8e4f)
 - Deleted: 0

[01/Nov/2023:15:00:38] UPDATING PRODUCTS (JobID: cc6a5798-0904-4ac3-9959-35bfb3ef72f9)
 - New and modified: 0

[01/Nov/2023:15:00:40] UPDATING PREPAGATI (JobID: b58fb623-ca2d-4c58-a436-b63d772a0e76)
 - New and modified: 0

[01/Nov/2023:15:00:40] DELETING PREPAGATI (JobID: b58fb623-ca2d-4c58-a436-b63d772a0e76)
 - Deleted: 0

[01/Nov/2023:15:30:04] UPDATING ACCOUNTS (JobID: 86d7f1e9-0cae-456f-8ff9-4a05b860cb30)
 - New and modified: 0

[01/Nov/2023:15:30:04] DELETING ACCOUNTS (JobID: 86d7f1e9-0cae-456f-8ff9-4a05b860cb30)
 - Deleted: 0

[01/Nov/2023:15:30:40] UPDATING PRODUCTS (JobID: bad5bae5-8988-4b52-9be5-562c2ad89a55)
 - New and modified: 0

[01/Nov/2023:15:30:42] UPDATING PREPAGATI (JobID: 22835894-3189-4f34-9895-270fc60214d7)
 - New and modified: 0

[01/Nov/2023:15:30:42] DELETING PREPAGATI (JobID: 22835894-3189-4f34-9895-270fc60214d7)
 - Deleted: 0

[01/Nov/2023:16:00:09] UPDATING ACCOUNTS (JobID: ca70a7aa-ba98-4551-a061-685e8e1e9b6b)
 - New and modified: 0

[01/Nov/2023:16:00:09] DELETING ACCOUNTS (JobID: ca70a7aa-ba98-4551-a061-685e8e1e9b6b)
 - Deleted: 0

[01/Nov/2023:16:00:44] UPDATING PRODUCTS (JobID: 001859d4-8160-4db5-8c02-15f0da766aad)
 - New and modified: 0

[01/Nov/2023:16:00:47] UPDATING PREPAGATI (JobID: fae19e9f-d07e-48ff-a8e0-3eed89ef322b)
 - New and modified: 0

[01/Nov/2023:16:00:47] DELETING PREPAGATI (JobID: fae19e9f-d07e-48ff-a8e0-3eed89ef322b)
 - Deleted: 0

[01/Nov/2023:16:30:08] UPDATING ACCOUNTS (JobID: a8cad3d0-8685-4252-8fb9-769e1d7e00d0)
 - New and modified: 0

[01/Nov/2023:16:30:08] DELETING ACCOUNTS (JobID: a8cad3d0-8685-4252-8fb9-769e1d7e00d0)
 - Deleted: 0

[01/Nov/2023:16:30:44] UPDATING PRODUCTS (JobID: 167cc1df-680f-4acf-85e7-7a331188511a)
 - New and modified: 0

[01/Nov/2023:16:30:48] UPDATING PREPAGATI (JobID: 49ea90a1-59ca-4f0a-b4e4-b915dd322348)
 - New and modified: 0

[01/Nov/2023:16:30:48] DELETING PREPAGATI (JobID: 49ea90a1-59ca-4f0a-b4e4-b915dd322348)
 - Deleted: 0

[01/Nov/2023:17:00:09] UPDATING ACCOUNTS (JobID: 20e26ee4-d9be-4a10-af2f-d8e007c85ed6)
 - New and modified: 0

[01/Nov/2023:17:00:09] DELETING ACCOUNTS (JobID: 20e26ee4-d9be-4a10-af2f-d8e007c85ed6)
 - Deleted: 0

[01/Nov/2023:17:00:43] UPDATING PRODUCTS (JobID: 12c9f970-7eb6-4ff4-a4ca-9187ae14d1de)
 - New and modified: 0

[01/Nov/2023:17:00:47] UPDATING PREPAGATI (JobID: f302a639-f741-4df4-ab16-1cd81e9d96c3)
 - New and modified: 0

[01/Nov/2023:17:00:47] DELETING PREPAGATI (JobID: f302a639-f741-4df4-ab16-1cd81e9d96c3)
 - Deleted: 0

[01/Nov/2023:17:30:10] UPDATING ACCOUNTS (JobID: 8fa11360-8dd2-4499-be2d-f60d6d1cd683)
 - New and modified: 0

[01/Nov/2023:17:30:10] DELETING ACCOUNTS (JobID: 8fa11360-8dd2-4499-be2d-f60d6d1cd683)
 - Deleted: 0

[01/Nov/2023:17:30:45] UPDATING PRODUCTS (JobID: c56e51b8-4724-4125-955c-154173994837)
 - New and modified: 0

[01/Nov/2023:17:30:49] UPDATING PREPAGATI (JobID: 5018c650-9eb6-42f3-85fb-1ff8e07fcb33)
 - New and modified: 0

[01/Nov/2023:17:30:49] DELETING PREPAGATI (JobID: 5018c650-9eb6-42f3-85fb-1ff8e07fcb33)
 - Deleted: 0

[01/Nov/2023:18:00:05] UPDATING ACCOUNTS (JobID: aea4050a-9f88-4570-9c78-9695f1d94c51)
 - New and modified: 0

[01/Nov/2023:18:00:05] DELETING ACCOUNTS (JobID: aea4050a-9f88-4570-9c78-9695f1d94c51)
 - Deleted: 0

[01/Nov/2023:18:00:39] UPDATING PRODUCTS (JobID: 2e7cf362-3bbd-45f7-b42c-88be6e849f83)
 - New and modified: 0

[01/Nov/2023:18:00:41] UPDATING PREPAGATI (JobID: 5d5234ed-10c2-4520-bef8-369ab60eca37)
 - New and modified: 0

[01/Nov/2023:18:00:41] DELETING PREPAGATI (JobID: 5d5234ed-10c2-4520-bef8-369ab60eca37)
 - Deleted: 0

[01/Nov/2023:18:30:07] UPDATING ACCOUNTS (JobID: 85e24789-5535-4aed-a89b-41f684fe7908)
 - New and modified: 0

[01/Nov/2023:18:30:07] DELETING ACCOUNTS (JobID: 85e24789-5535-4aed-a89b-41f684fe7908)
 - Deleted: 0

[01/Nov/2023:18:30:43] UPDATING PRODUCTS (JobID: babb4b43-e2eb-47cc-bcb4-d2f52d99a4bf)
 - New and modified: 0

[01/Nov/2023:18:30:47] UPDATING PREPAGATI (JobID: 51fbca61-5d4b-496b-882e-0171fdb73629)
 - New and modified: 0

[01/Nov/2023:18:30:47] DELETING PREPAGATI (JobID: 51fbca61-5d4b-496b-882e-0171fdb73629)
 - Deleted: 0

[01/Nov/2023:19:00:24] UPDATING ACCOUNTS (JobID: e7b377f9-dde8-4aca-b0e3-8cb9fb65286c)
 - New and modified: 0

[01/Nov/2023:19:00:24] DELETING ACCOUNTS (JobID: e7b377f9-dde8-4aca-b0e3-8cb9fb65286c)
 - Deleted: 0

[01/Nov/2023:19:01:03] UPDATING PRODUCTS (JobID: 4f7a0a45-8051-424f-b1a9-68cacb2ffde1)
 - New and modified: 0

[01/Nov/2023:19:01:06] UPDATING PREPAGATI (JobID: 06035310-e30e-4aa1-a5aa-5b3c24631c8f)
 - New and modified: 0

[01/Nov/2023:19:01:06] DELETING PREPAGATI (JobID: 06035310-e30e-4aa1-a5aa-5b3c24631c8f)
 - Deleted: 0

[01/Nov/2023:19:30:09] UPDATING ACCOUNTS (JobID: 43ff0b56-1ad0-4cdb-851c-7bbcc3f8ddc3)
 - New and modified: 0

[01/Nov/2023:19:30:09] DELETING ACCOUNTS (JobID: 43ff0b56-1ad0-4cdb-851c-7bbcc3f8ddc3)
 - Deleted: 0

[01/Nov/2023:19:30:43] UPDATING PRODUCTS (JobID: d365ebee-c9fd-48e8-9c38-de43a64bcfd6)
 - New and modified: 0

[01/Nov/2023:19:30:46] UPDATING PREPAGATI (JobID: bd798c00-3f75-4860-90b0-d6492eae0e1c)
 - New and modified: 0

[01/Nov/2023:19:30:46] DELETING PREPAGATI (JobID: bd798c00-3f75-4860-90b0-d6492eae0e1c)
 - Deleted: 0

[01/Nov/2023:20:00:09] UPDATING ACCOUNTS (JobID: a4cf50e7-aa18-462c-9c43-123ee15bc2f4)
 - New and modified: 0

[01/Nov/2023:20:00:09] DELETING ACCOUNTS (JobID: a4cf50e7-aa18-462c-9c43-123ee15bc2f4)
 - Deleted: 0

[01/Nov/2023:20:00:44] UPDATING PRODUCTS (JobID: ca81e1a7-155a-4cd4-acc4-0e64f1f9e4a6)
 - New and modified: 0

[01/Nov/2023:20:00:47] UPDATING PREPAGATI (JobID: b1d34221-8895-4526-a1de-d9b8089fdbd0)
 - New and modified: 0

[01/Nov/2023:20:00:47] DELETING PREPAGATI (JobID: b1d34221-8895-4526-a1de-d9b8089fdbd0)
 - Deleted: 0

[01/Nov/2023:20:30:04] UPDATING ACCOUNTS (JobID: 1b60b43e-765c-4dc0-b6cf-3bc3b698f683)
 - New and modified: 0

[01/Nov/2023:20:30:04] DELETING ACCOUNTS (JobID: 1b60b43e-765c-4dc0-b6cf-3bc3b698f683)
 - Deleted: 0

[01/Nov/2023:20:30:40] UPDATING PRODUCTS (JobID: f90d3aef-58cb-4d10-95c3-7f06640636ae)
 - New and modified: 0

[01/Nov/2023:20:30:42] UPDATING PREPAGATI (JobID: 3779020f-d126-4859-9ca3-cc97232aaf32)
 - New and modified: 0

[01/Nov/2023:20:30:42] DELETING PREPAGATI (JobID: 3779020f-d126-4859-9ca3-cc97232aaf32)
 - Deleted: 0

[01/Nov/2023:21:00:10] UPDATING ACCOUNTS (JobID: 784eaaef-44b9-4e29-b990-3534a2a33c9c)
 - New and modified: 0

[01/Nov/2023:21:00:10] DELETING ACCOUNTS (JobID: 784eaaef-44b9-4e29-b990-3534a2a33c9c)
 - Deleted: 0

[01/Nov/2023:21:00:47] UPDATING PRODUCTS (JobID: bbba21a8-2f81-4feb-a983-91bcb3b431f4)
 - New and modified: 0

[01/Nov/2023:21:00:50] UPDATING PREPAGATI (JobID: ead7e244-8c2e-45a2-b012-b65416634c3d)
 - New and modified: 0

[01/Nov/2023:21:00:50] DELETING PREPAGATI (JobID: ead7e244-8c2e-45a2-b012-b65416634c3d)
 - Deleted: 0

[01/Nov/2023:21:30:04] UPDATING ACCOUNTS (JobID: 0167823d-3068-4538-aef8-e6c496213f1a)
 - New and modified: 0

[01/Nov/2023:21:30:04] DELETING ACCOUNTS (JobID: 0167823d-3068-4538-aef8-e6c496213f1a)
 - Deleted: 0

[01/Nov/2023:21:30:39] UPDATING PRODUCTS (JobID: 3c7d8a9e-1a0b-4b57-bf9e-be13229c5a39)
 - New and modified: 0

[01/Nov/2023:21:30:41] UPDATING PREPAGATI (JobID: 7aac4498-f222-49cf-8693-f899f7fc272f)
 - New and modified: 0

[01/Nov/2023:21:30:41] DELETING PREPAGATI (JobID: 7aac4498-f222-49cf-8693-f899f7fc272f)
 - Deleted: 0

[01/Nov/2023:22:00:09] UPDATING ACCOUNTS (JobID: ccee5313-ac66-41a9-a3c6-790aa92667de)
 - New and modified: 0

[01/Nov/2023:22:00:09] DELETING ACCOUNTS (JobID: ccee5313-ac66-41a9-a3c6-790aa92667de)
 - Deleted: 0

[01/Nov/2023:22:00:45] UPDATING PRODUCTS (JobID: e57d847a-8c9c-4b72-83c3-4653b9225d7d)
 - New and modified: 0

[01/Nov/2023:22:00:48] UPDATING PREPAGATI (JobID: 5932c3f4-6d76-4596-8053-5d9ce5ebf848)
 - New and modified: 0

[01/Nov/2023:22:00:48] DELETING PREPAGATI (JobID: 5932c3f4-6d76-4596-8053-5d9ce5ebf848)
 - Deleted: 0

[01/Nov/2023:22:30:05] UPDATING ACCOUNTS (JobID: ada1dfe1-3b13-4b43-95fd-4e54605de391)
 - New and modified: 0

[01/Nov/2023:22:30:05] DELETING ACCOUNTS (JobID: ada1dfe1-3b13-4b43-95fd-4e54605de391)
 - Deleted: 0

[01/Nov/2023:22:30:42] UPDATING PRODUCTS (JobID: 1774839f-1f4c-446b-9ac2-326c65b3a62e)
 - New and modified: 0

[01/Nov/2023:22:30:44] UPDATING PREPAGATI (JobID: ce6bc30a-636e-48ce-a790-62270b633302)
 - New and modified: 0

[01/Nov/2023:22:30:44] DELETING PREPAGATI (JobID: ce6bc30a-636e-48ce-a790-62270b633302)
 - Deleted: 0

[01/Nov/2023:23:00:04] UPDATING ACCOUNTS (JobID: d3440d38-3d34-4170-9231-b8ae24cfd286)
 - New and modified: 0

[01/Nov/2023:23:00:04] DELETING ACCOUNTS (JobID: d3440d38-3d34-4170-9231-b8ae24cfd286)
 - Deleted: 0

[01/Nov/2023:23:00:41] UPDATING PRODUCTS (JobID: f3de6e34-6a94-4289-9142-5fea85dfcb40)
 - New and modified: 0

[01/Nov/2023:23:00:43] UPDATING PREPAGATI (JobID: c64d9d47-4994-4d99-bbb9-7c8924da9367)
 - New and modified: 0

[01/Nov/2023:23:00:43] DELETING PREPAGATI (JobID: c64d9d47-4994-4d99-bbb9-7c8924da9367)
 - Deleted: 0

[01/Nov/2023:23:30:10] UPDATING ACCOUNTS (JobID: 7544194e-7e4d-4e03-89e5-f9cb2c2db3b4)
 - New and modified: 0

[01/Nov/2023:23:30:10] DELETING ACCOUNTS (JobID: 7544194e-7e4d-4e03-89e5-f9cb2c2db3b4)
 - Deleted: 0

[01/Nov/2023:23:30:46] UPDATING PRODUCTS (JobID: b72555f0-9912-42de-84d1-66f3aa3513cd)
 - New and modified: 0

[01/Nov/2023:23:30:49] UPDATING PREPAGATI (JobID: 77a2ebe5-6be3-4d9d-b012-ddbe337b5500)
 - New and modified: 0

[01/Nov/2023:23:30:49] DELETING PREPAGATI (JobID: 77a2ebe5-6be3-4d9d-b012-ddbe337b5500)
 - Deleted: 0

