[02/Sep/2023:00:00:08] UPDATING ACCOUNTS (JobID: 8ddda6dd-b83e-4c00-9b79-de1369c48c3c)
 - New and modified: 0

[02/Sep/2023:00:00:08] DELETING ACCOUNTS (JobID: 8ddda6dd-b83e-4c00-9b79-de1369c48c3c)
 - Deleted: 0

[02/Sep/2023:00:00:26] UPDATING PRODUCTS (JobID: 35204b99-f1d7-4f45-a065-b068f6e881bd)
 - New and modified: 0

[02/Sep/2023:00:00:29] UPDATING PREPAGATI (JobID: 023d08ac-86bd-4195-849d-b6d459486eef)
 - New and modified: 0

[02/Sep/2023:00:00:29] DELETING PREPAGATI (JobID: 023d08ac-86bd-4195-849d-b6d459486eef)
 - Deleted: 0

[02/Sep/2023:00:30:03] UPDATING ACCOUNTS (JobID: dd24b983-bb97-409e-8170-fed8ee0c273c)
 - New and modified: 0

[02/Sep/2023:00:30:03] DELETING ACCOUNTS (JobID: dd24b983-bb97-409e-8170-fed8ee0c273c)
 - Deleted: 0

[02/Sep/2023:00:30:23] UPDATING PRODUCTS (JobID: e64977c8-c736-4b24-8bd6-a860f68e6755)
 - New and modified: 0

[02/Sep/2023:00:30:24] UPDATING PREPAGATI (JobID: dc39ad9f-3b75-4da9-816e-1f52affc0886)
 - New and modified: 0

[02/Sep/2023:00:30:24] DELETING PREPAGATI (JobID: dc39ad9f-3b75-4da9-816e-1f52affc0886)
 - Deleted: 0

[02/Sep/2023:01:30:08] UPDATING ACCOUNTS (JobID: 3271a12d-1a4a-4dc6-94cd-b3ba546a8455)
 - New and modified: 0

[02/Sep/2023:01:30:08] DELETING ACCOUNTS (JobID: 3271a12d-1a4a-4dc6-94cd-b3ba546a8455)
 - Deleted: 0

[02/Sep/2023:01:30:26] UPDATING PRODUCTS (JobID: 2db407f3-1eb6-4d0f-ab57-d0d9113ec7a7)
 - New and modified: 0

[02/Sep/2023:01:30:29] UPDATING PREPAGATI (JobID: c15331b0-8579-4625-87de-dd08ba5f3d1b)
 - New and modified: 0

[02/Sep/2023:01:30:29] DELETING PREPAGATI (JobID: c15331b0-8579-4625-87de-dd08ba5f3d1b)
 - Deleted: 0

[02/Sep/2023:02:00:03] UPDATING ACCOUNTS (JobID: 831d188d-a5bd-4a4b-921a-b52fef05efd0)
 - New and modified: 0

[02/Sep/2023:02:00:03] DELETING ACCOUNTS (JobID: 831d188d-a5bd-4a4b-921a-b52fef05efd0)
 - Deleted: 0

[02/Sep/2023:02:00:19] UPDATING PRODUCTS (JobID: b7885432-3078-4990-b3e4-38dbb0135033)
 - New and modified: 0

[02/Sep/2023:02:00:20] UPDATING PREPAGATI (JobID: 3d73ae31-2a0e-40e4-8def-ef5a78c174c8)
 - New and modified: 0

[02/Sep/2023:02:00:20] DELETING PREPAGATI (JobID: 3d73ae31-2a0e-40e4-8def-ef5a78c174c8)
 - Deleted: 0

[02/Sep/2023:02:30:08] UPDATING ACCOUNTS (JobID: e04ade53-9a7e-4f78-b73d-759cf6f6893c)
 - New and modified: 0

[02/Sep/2023:02:30:08] DELETING ACCOUNTS (JobID: e04ade53-9a7e-4f78-b73d-759cf6f6893c)
 - Deleted: 0

[02/Sep/2023:02:30:24] UPDATING PRODUCTS (JobID: 0e04ffd6-7e0c-4263-9a61-ac10aa87c2ac)
 - New and modified: 0

[02/Sep/2023:02:30:27] UPDATING PREPAGATI (JobID: ad39cc22-6220-425e-bf04-93e48a98e355)
 - New and modified: 0

[02/Sep/2023:02:30:27] DELETING PREPAGATI (JobID: ad39cc22-6220-425e-bf04-93e48a98e355)
 - Deleted: 0

[02/Sep/2023:03:00:08] UPDATING ACCOUNTS (JobID: f89c5fe9-731a-4716-a1a0-9d6b7c54a35c)
 - New and modified: 0

[02/Sep/2023:03:00:08] DELETING ACCOUNTS (JobID: f89c5fe9-731a-4716-a1a0-9d6b7c54a35c)
 - Deleted: 0

[02/Sep/2023:03:00:24] UPDATING PRODUCTS (JobID: 2a79c667-bca9-4fa5-b66c-af74cbf843c1)
 - New and modified: 0

[02/Sep/2023:03:00:26] UPDATING PREPAGATI (JobID: 6b160709-ab7c-4cb4-b3cb-145501cd6186)
 - New and modified: 0

[02/Sep/2023:03:00:26] DELETING PREPAGATI (JobID: 6b160709-ab7c-4cb4-b3cb-145501cd6186)
 - Deleted: 0

[02/Sep/2023:03:30:07] UPDATING ACCOUNTS (JobID: 63a7c533-a890-4c81-b5a4-bda326ea4e14)
 - New and modified: 0

[02/Sep/2023:03:30:07] DELETING ACCOUNTS (JobID: 63a7c533-a890-4c81-b5a4-bda326ea4e14)
 - Deleted: 0

[02/Sep/2023:03:30:23] UPDATING PRODUCTS (JobID: 9272b1fb-ff3f-4875-a8ed-c7a704e2db74)
 - New and modified: 0

[02/Sep/2023:03:30:26] UPDATING PREPAGATI (JobID: fb29881d-eb83-4655-95ff-45f37e9602ce)
 - New and modified: 0

[02/Sep/2023:03:30:26] DELETING PREPAGATI (JobID: fb29881d-eb83-4655-95ff-45f37e9602ce)
 - Deleted: 0

[02/Sep/2023:04:00:08] UPDATING ACCOUNTS (JobID: 1bb52066-b5bf-4a77-b38a-d5d6fa170acf)
 - New and modified: 0

[02/Sep/2023:04:00:08] DELETING ACCOUNTS (JobID: 1bb52066-b5bf-4a77-b38a-d5d6fa170acf)
 - Deleted: 0

[02/Sep/2023:04:00:28] UPDATING PRODUCTS (JobID: b644f966-2736-4a9a-a529-7ef3ab466bff)
 - New and modified: 0

[02/Sep/2023:04:00:30] UPDATING PREPAGATI (JobID: 142217b0-d68c-4a7d-933d-4a4e1bdfe9ee)
 - New and modified: 0

[02/Sep/2023:04:00:30] DELETING PREPAGATI (JobID: 142217b0-d68c-4a7d-933d-4a4e1bdfe9ee)
 - Deleted: 0

[02/Sep/2023:04:30:08] UPDATING ACCOUNTS (JobID: 478d1578-cca1-448d-9f08-a8a5b6fa487f)
 - New and modified: 0

[02/Sep/2023:04:30:08] DELETING ACCOUNTS (JobID: 478d1578-cca1-448d-9f08-a8a5b6fa487f)
 - Deleted: 0

[02/Sep/2023:04:30:24] UPDATING PRODUCTS (JobID: c03c5794-5e2d-4e0e-8902-f150a8055c29)
 - New and modified: 0

[02/Sep/2023:04:30:26] UPDATING PREPAGATI (JobID: 207005da-0edd-4b42-be26-edd3bcfc405f)
 - New and modified: 0

[02/Sep/2023:04:30:26] DELETING PREPAGATI (JobID: 207005da-0edd-4b42-be26-edd3bcfc405f)
 - Deleted: 0

[02/Sep/2023:05:00:08] UPDATING ACCOUNTS (JobID: 210fd0be-bdf2-4338-84a5-841d0a53f2ea)
 - New and modified: 0

[02/Sep/2023:05:00:08] DELETING ACCOUNTS (JobID: 210fd0be-bdf2-4338-84a5-841d0a53f2ea)
 - Deleted: 0

[02/Sep/2023:05:00:24] UPDATING PRODUCTS (JobID: 7f3942ad-b1e0-49a2-b9a5-77995ff07117)
 - New and modified: 0

[02/Sep/2023:05:00:26] UPDATING PREPAGATI (JobID: 401a57dc-dd7e-40e8-af97-0f045bf30f98)
 - New and modified: 0

[02/Sep/2023:05:00:26] DELETING PREPAGATI (JobID: 401a57dc-dd7e-40e8-af97-0f045bf30f98)
 - Deleted: 0

[02/Sep/2023:06:30:08] UPDATING ACCOUNTS (JobID: aac4301d-d376-48c7-9b81-c84685031d52)
 - New and modified: 0

[02/Sep/2023:06:30:08] DELETING ACCOUNTS (JobID: aac4301d-d376-48c7-9b81-c84685031d52)
 - Deleted: 0

[02/Sep/2023:06:30:26] UPDATING PRODUCTS (JobID: b3739c10-939a-4ab8-a7d3-a527861d9a8f)
 - New and modified: 0

[02/Sep/2023:06:30:29] UPDATING PREPAGATI (JobID: 496762b7-3e7b-4598-9355-e5940cff3c93)
 - New and modified: 0

[02/Sep/2023:06:30:29] DELETING PREPAGATI (JobID: 496762b7-3e7b-4598-9355-e5940cff3c93)
 - Deleted: 0

[02/Sep/2023:07:00:03] UPDATING ACCOUNTS (JobID: 99efb4ac-fdc9-4b34-8cc6-943dedecd45e)
 - New and modified: 0

[02/Sep/2023:07:00:03] DELETING ACCOUNTS (JobID: 99efb4ac-fdc9-4b34-8cc6-943dedecd45e)
 - Deleted: 0

[02/Sep/2023:07:00:21] UPDATING PRODUCTS (JobID: 6834fd7f-2b3a-4cc9-9b14-93829d69baad)
 - New and modified: 0

[02/Sep/2023:07:00:22] UPDATING PREPAGATI (JobID: a5f6cae5-c0e2-42f5-8fad-11faa32afc1e)
 - New and modified: 0

[02/Sep/2023:07:00:22] DELETING PREPAGATI (JobID: a5f6cae5-c0e2-42f5-8fad-11faa32afc1e)
 - Deleted: 0

[02/Sep/2023:07:30:08] UPDATING ACCOUNTS (JobID: 309c9fe5-e299-4336-be25-4845e3596008)
 - New and modified: 0

[02/Sep/2023:07:30:08] DELETING ACCOUNTS (JobID: 309c9fe5-e299-4336-be25-4845e3596008)
 - Deleted: 0

[02/Sep/2023:07:30:25] UPDATING PRODUCTS (JobID: 6265b2c6-6958-4df2-a75d-53d475f020cd)
 - New and modified: 0

[02/Sep/2023:07:30:28] UPDATING PREPAGATI (JobID: 2e3bb66e-63fe-4750-9c17-e857b0469122)
 - New and modified: 0

[02/Sep/2023:07:30:28] DELETING PREPAGATI (JobID: 2e3bb66e-63fe-4750-9c17-e857b0469122)
 - Deleted: 0

[02/Sep/2023:08:30:07] UPDATING ACCOUNTS (JobID: fa09083c-20fb-41e5-95aa-ee9a471568ad)
 - New and modified: 0

[02/Sep/2023:08:30:07] DELETING ACCOUNTS (JobID: fa09083c-20fb-41e5-95aa-ee9a471568ad)
 - Deleted: 0

[02/Sep/2023:08:30:24] UPDATING PRODUCTS (JobID: fb7bdce4-a1d8-41a0-96d2-78270fdf4c35)
 - New and modified: 0

[02/Sep/2023:08:30:26] UPDATING PREPAGATI (JobID: d8393b5a-db62-490b-a200-b4eeaeabf4d9)
 - New and modified: 0

[02/Sep/2023:08:30:26] DELETING PREPAGATI (JobID: d8393b5a-db62-490b-a200-b4eeaeabf4d9)
 - Deleted: 0

[02/Sep/2023:10:00:06] UPDATING ACCOUNTS (JobID: 2a02f957-9a6c-4177-8490-bee18c6b991a)
 - New and modified: 0

[02/Sep/2023:10:00:06] DELETING ACCOUNTS (JobID: 2a02f957-9a6c-4177-8490-bee18c6b991a)
 - Deleted: 0

[02/Sep/2023:10:00:24] UPDATING PRODUCTS (JobID: f0dd6e9e-b33d-4a28-acd0-2d749d148234)
 - New and modified: 0

[02/Sep/2023:10:00:26] UPDATING PREPAGATI (JobID: b350bf87-138d-4133-800c-3bbb73ab3abb)
 - New and modified: 0

[02/Sep/2023:10:00:26] DELETING PREPAGATI (JobID: b350bf87-138d-4133-800c-3bbb73ab3abb)
 - Deleted: 0

[02/Sep/2023:10:30:03] UPDATING ACCOUNTS (JobID: 67d11d41-4b1b-4fc0-9e1b-ad950d18d74a)
 - New and modified: 0

[02/Sep/2023:10:30:03] DELETING ACCOUNTS (JobID: 67d11d41-4b1b-4fc0-9e1b-ad950d18d74a)
 - Deleted: 0

[02/Sep/2023:10:30:20] UPDATING PRODUCTS (JobID: e0d5bc1c-1f5a-4186-9dbb-ab35c2557fae)
 - New and modified: 0

[02/Sep/2023:10:30:21] UPDATING PREPAGATI (JobID: 2e3c297e-bb0a-4a99-aef6-5d74f5e7ae52)
 - New and modified: 0

[02/Sep/2023:10:30:21] DELETING PREPAGATI (JobID: 2e3c297e-bb0a-4a99-aef6-5d74f5e7ae52)
 - Deleted: 0

[02/Sep/2023:11:00:08] UPDATING ACCOUNTS (JobID: 5689a047-febd-4999-937c-465a37f73455)
 - New and modified: 0

[02/Sep/2023:11:00:08] DELETING ACCOUNTS (JobID: 5689a047-febd-4999-937c-465a37f73455)
 - Deleted: 0

[02/Sep/2023:11:00:25] UPDATING PRODUCTS (JobID: d30c4288-5f8c-4213-806b-f0ae458c30c8)
 - New and modified: 0

[02/Sep/2023:11:00:28] UPDATING PREPAGATI (JobID: 2055b468-eac6-495c-b597-201f332dd75f)
 - New and modified: 0

[02/Sep/2023:11:00:28] DELETING PREPAGATI (JobID: 2055b468-eac6-495c-b597-201f332dd75f)
 - Deleted: 0

[02/Sep/2023:11:30:08] UPDATING ACCOUNTS (JobID: 862c149b-b485-400a-b804-aca83a23fb3b)
 - New and modified: 0

[02/Sep/2023:11:30:08] DELETING ACCOUNTS (JobID: 862c149b-b485-400a-b804-aca83a23fb3b)
 - Deleted: 0

[02/Sep/2023:11:30:27] UPDATING PRODUCTS (JobID: 65dddd7c-2c80-4e84-a380-aa168b0bb2e7)
 - New and modified: 0

[02/Sep/2023:11:30:30] UPDATING PREPAGATI (JobID: e2f00367-42f0-41ee-8948-c54c92a87b64)
 - New and modified: 0

[02/Sep/2023:11:30:30] DELETING PREPAGATI (JobID: e2f00367-42f0-41ee-8948-c54c92a87b64)
 - Deleted: 0

[02/Sep/2023:12:30:08] UPDATING ACCOUNTS (JobID: 1437358f-6784-40c3-946c-194e5f1dd5b9)
 - New and modified: 0

[02/Sep/2023:12:30:08] DELETING ACCOUNTS (JobID: 1437358f-6784-40c3-946c-194e5f1dd5b9)
 - Deleted: 0

[02/Sep/2023:12:30:25] UPDATING PRODUCTS (JobID: f20a3343-3e44-4310-bf00-4f600cd72ebc)
 - New and modified: 0

[02/Sep/2023:12:30:28] UPDATING PREPAGATI (JobID: 976d6a4d-f508-4fe4-8397-a216ae645e73)
 - New and modified: 0

[02/Sep/2023:12:30:28] DELETING PREPAGATI (JobID: 976d6a4d-f508-4fe4-8397-a216ae645e73)
 - Deleted: 0

[02/Sep/2023:13:00:08] UPDATING ACCOUNTS (JobID: 88799eb8-2def-4b06-9ed4-d3467f0fa282)
 - New and modified: 0

[02/Sep/2023:13:00:08] DELETING ACCOUNTS (JobID: 88799eb8-2def-4b06-9ed4-d3467f0fa282)
 - Deleted: 0

[02/Sep/2023:13:00:25] UPDATING PRODUCTS (JobID: 0c3a5308-e4a1-4414-b318-add8307d14e7)
 - New and modified: 0

[02/Sep/2023:13:00:28] UPDATING PREPAGATI (JobID: 16844c07-bff7-4855-8138-683e5b520003)
 - New and modified: 0

[02/Sep/2023:13:00:28] DELETING PREPAGATI (JobID: 16844c07-bff7-4855-8138-683e5b520003)
 - Deleted: 0

[02/Sep/2023:13:30:03] UPDATING ACCOUNTS (JobID: 9cede439-8168-4818-bd2e-7e6e12527c6a)
 - New and modified: 0

[02/Sep/2023:13:30:03] DELETING ACCOUNTS (JobID: 9cede439-8168-4818-bd2e-7e6e12527c6a)
 - Deleted: 0

[02/Sep/2023:13:30:22] UPDATING PRODUCTS (JobID: 018054f3-35cf-4b7d-b7e2-7bdf2e55d4b6)
 - New and modified: 0

[02/Sep/2023:13:30:23] UPDATING PREPAGATI (JobID: 1e6becbe-d253-4eda-ae4b-de978032eb69)
 - New and modified: 0

[02/Sep/2023:13:30:23] DELETING PREPAGATI (JobID: 1e6becbe-d253-4eda-ae4b-de978032eb69)
 - Deleted: 0

[02/Sep/2023:14:00:03] UPDATING ACCOUNTS (JobID: 81c9ef2c-a967-4783-8106-7e03038599dd)
 - New and modified: 0

[02/Sep/2023:14:00:03] DELETING ACCOUNTS (JobID: 81c9ef2c-a967-4783-8106-7e03038599dd)
 - Deleted: 0

[02/Sep/2023:14:00:21] UPDATING PRODUCTS (JobID: e73971b9-9353-496c-8194-33400d839286)
 - New and modified: 0

[02/Sep/2023:14:00:24] UPDATING PREPAGATI (JobID: 6b84852d-240d-4e7b-9c09-24fd528f99a8)
 - New and modified: 0

[02/Sep/2023:14:00:24] DELETING PREPAGATI (JobID: 6b84852d-240d-4e7b-9c09-24fd528f99a8)
 - Deleted: 0

[02/Sep/2023:14:30:08] UPDATING ACCOUNTS (JobID: 2c56e0e0-e639-47a3-b843-a2e1658e049e)
 - New and modified: 0

[02/Sep/2023:14:30:08] DELETING ACCOUNTS (JobID: 2c56e0e0-e639-47a3-b843-a2e1658e049e)
 - Deleted: 0

[02/Sep/2023:14:30:25] UPDATING PRODUCTS (JobID: a43bdb39-9e3b-4129-a984-7b4e13c3ed00)
 - New and modified: 0

[02/Sep/2023:14:30:27] UPDATING PREPAGATI (JobID: 4a6df09f-799d-4846-a708-f59ada57726e)
 - New and modified: 0

[02/Sep/2023:14:30:27] DELETING PREPAGATI (JobID: 4a6df09f-799d-4846-a708-f59ada57726e)
 - Deleted: 0

[02/Sep/2023:15:00:07] UPDATING ACCOUNTS (JobID: ab1d8ded-c5a5-4745-98f2-ba0d07fd70e1)
 - New and modified: 0

[02/Sep/2023:15:00:07] DELETING ACCOUNTS (JobID: ab1d8ded-c5a5-4745-98f2-ba0d07fd70e1)
 - Deleted: 0

[02/Sep/2023:15:00:24] UPDATING PRODUCTS (JobID: c90be432-b821-48a8-bde7-7c3c0186cb2a)
 - New and modified: 0

[02/Sep/2023:15:00:28] UPDATING PREPAGATI (JobID: f463c549-a3fd-4d5c-a2bb-1a6ea1ef4abb)
 - New and modified: 0

[02/Sep/2023:15:00:28] DELETING PREPAGATI (JobID: f463c549-a3fd-4d5c-a2bb-1a6ea1ef4abb)
 - Deleted: 0

[02/Sep/2023:16:00:08] UPDATING ACCOUNTS (JobID: d2954a1f-506b-4cf5-bb44-059e68555f02)
 - New and modified: 0

[02/Sep/2023:16:00:08] DELETING ACCOUNTS (JobID: d2954a1f-506b-4cf5-bb44-059e68555f02)
 - Deleted: 0

[02/Sep/2023:16:00:24] UPDATING PRODUCTS (JobID: d1235f88-af6f-457b-8869-2e2ed05623d5)
 - New and modified: 0

[02/Sep/2023:16:00:26] UPDATING PREPAGATI (JobID: 06b4a720-1f9f-4012-8fd9-6d5a9b03eb4f)
 - New and modified: 0

[02/Sep/2023:16:00:26] DELETING PREPAGATI (JobID: 06b4a720-1f9f-4012-8fd9-6d5a9b03eb4f)
 - Deleted: 0

[02/Sep/2023:16:30:09] UPDATING ACCOUNTS (JobID: 2879e54f-6e7f-4779-b9d0-56d843731fd9)
 - New and modified: 0

[02/Sep/2023:16:30:09] DELETING ACCOUNTS (JobID: 2879e54f-6e7f-4779-b9d0-56d843731fd9)
 - Deleted: 0

[02/Sep/2023:16:30:27] UPDATING PRODUCTS (JobID: 6335beff-4636-4c82-8cf9-f151b8cde0d0)
 - New and modified: 0

[02/Sep/2023:16:30:29] UPDATING PREPAGATI (JobID: 21492b3b-996a-4f2c-92d7-06f6121e5b20)
 - New and modified: 0

[02/Sep/2023:16:30:29] DELETING PREPAGATI (JobID: 21492b3b-996a-4f2c-92d7-06f6121e5b20)
 - Deleted: 0

[02/Sep/2023:17:30:08] UPDATING ACCOUNTS (JobID: 210cbfb6-29d5-45d8-a340-5feef39d95ed)
 - New and modified: 0

[02/Sep/2023:17:30:08] DELETING ACCOUNTS (JobID: 210cbfb6-29d5-45d8-a340-5feef39d95ed)
 - Deleted: 0

[02/Sep/2023:17:30:24] UPDATING PRODUCTS (JobID: 68b9863a-e0b4-4ae5-9673-c0a467c2ec81)
 - New and modified: 0

[02/Sep/2023:17:30:26] UPDATING PREPAGATI (JobID: 4b630d1e-0f57-4ca7-9a11-fda86d943a75)
 - New and modified: 0

[02/Sep/2023:17:30:26] DELETING PREPAGATI (JobID: 4b630d1e-0f57-4ca7-9a11-fda86d943a75)
 - Deleted: 0

[02/Sep/2023:18:00:12] UPDATING ACCOUNTS (JobID: b59b13e7-22b6-4351-a4c2-de9dd77e495a)
 - New and modified: 0

[02/Sep/2023:18:00:12] DELETING ACCOUNTS (JobID: b59b13e7-22b6-4351-a4c2-de9dd77e495a)
 - Deleted: 0

[02/Sep/2023:18:00:32] UPDATING PRODUCTS (JobID: 9ab2bd2b-49d3-4f4b-a98c-b0a09d71e833)
 - New and modified: 0

[02/Sep/2023:18:00:35] UPDATING PREPAGATI (JobID: 62ce37f7-c308-4ccb-90d2-d856806d69b7)
 - New and modified: 0

[02/Sep/2023:18:00:35] DELETING PREPAGATI (JobID: 62ce37f7-c308-4ccb-90d2-d856806d69b7)
 - Deleted: 0

[02/Sep/2023:18:30:03] UPDATING ACCOUNTS (JobID: b0e8a886-a602-4ece-8071-1051e923bab8)
 - New and modified: 0

[02/Sep/2023:18:30:03] DELETING ACCOUNTS (JobID: b0e8a886-a602-4ece-8071-1051e923bab8)
 - Deleted: 0

[02/Sep/2023:18:30:21] UPDATING PRODUCTS (JobID: 91d3e7e5-b9fb-4776-9875-67f7c0adebd2)
 - New and modified: 0

[02/Sep/2023:18:30:23] UPDATING PREPAGATI (JobID: b26d90e5-8454-43cc-b59d-0aef16164c5d)
 - New and modified: 0

[02/Sep/2023:18:30:23] DELETING PREPAGATI (JobID: b26d90e5-8454-43cc-b59d-0aef16164c5d)
 - Deleted: 0

[02/Sep/2023:19:00:03] UPDATING ACCOUNTS (JobID: 73910e6e-1b8a-4891-8c23-289f07637f07)
 - New and modified: 0

[02/Sep/2023:19:00:03] DELETING ACCOUNTS (JobID: 73910e6e-1b8a-4891-8c23-289f07637f07)
 - Deleted: 0

[02/Sep/2023:19:00:19] UPDATING PRODUCTS (JobID: b236bdbb-bcec-401f-8a9d-67f55d5ac4a6)
 - New and modified: 0

[02/Sep/2023:19:00:21] UPDATING PREPAGATI (JobID: a142721b-91d3-41f0-b7fa-17e977bb74be)
 - New and modified: 0

[02/Sep/2023:19:00:21] DELETING PREPAGATI (JobID: a142721b-91d3-41f0-b7fa-17e977bb74be)
 - Deleted: 0

[02/Sep/2023:19:30:08] UPDATING ACCOUNTS (JobID: cc6de334-f7f3-4112-b952-cfabf4475dc1)
 - New and modified: 0

[02/Sep/2023:19:30:08] DELETING ACCOUNTS (JobID: cc6de334-f7f3-4112-b952-cfabf4475dc1)
 - Deleted: 0

[02/Sep/2023:19:30:23] UPDATING PRODUCTS (JobID: 3491fdc8-57dd-4469-96bb-2b43a1830e76)
 - New and modified: 0

[02/Sep/2023:19:30:26] UPDATING PREPAGATI (JobID: c3d1e482-a80d-484b-8133-21519688f40e)
 - New and modified: 0

[02/Sep/2023:19:30:26] DELETING PREPAGATI (JobID: c3d1e482-a80d-484b-8133-21519688f40e)
 - Deleted: 0

[02/Sep/2023:20:00:03] UPDATING ACCOUNTS (JobID: 390b5ce2-dc40-4dd6-b27b-0e4746f6f0a3)
 - New and modified: 0

[02/Sep/2023:20:00:03] DELETING ACCOUNTS (JobID: 390b5ce2-dc40-4dd6-b27b-0e4746f6f0a3)
 - Deleted: 0

[02/Sep/2023:20:00:17] UPDATING PRODUCTS (JobID: 34c309f4-98ec-4c38-822e-1382b2e059a1)
 - New and modified: 0

[02/Sep/2023:20:00:19] UPDATING PREPAGATI (JobID: 8275d05d-1944-4258-834d-400aa5f1bb5f)
 - New and modified: 0

[02/Sep/2023:20:00:19] DELETING PREPAGATI (JobID: 8275d05d-1944-4258-834d-400aa5f1bb5f)
 - Deleted: 0

[02/Sep/2023:20:30:08] UPDATING ACCOUNTS (JobID: 1e01fcde-b441-4ba7-aaac-5806c305fdd8)
 - New and modified: 0

[02/Sep/2023:20:30:08] DELETING ACCOUNTS (JobID: 1e01fcde-b441-4ba7-aaac-5806c305fdd8)
 - Deleted: 0

[02/Sep/2023:20:30:24] UPDATING PRODUCTS (JobID: 148a9e2c-57b0-4daa-8709-2860d8a8b860)
 - New and modified: 0

[02/Sep/2023:20:30:26] UPDATING PREPAGATI (JobID: ddefb518-c7e3-4e5d-9916-bee035e568db)
 - New and modified: 0

[02/Sep/2023:20:30:26] DELETING PREPAGATI (JobID: ddefb518-c7e3-4e5d-9916-bee035e568db)
 - Deleted: 0

[02/Sep/2023:21:00:09] UPDATING ACCOUNTS (JobID: ccc57499-abe0-42fb-9155-3e7e01be8123)
 - New and modified: 0

[02/Sep/2023:21:00:09] DELETING ACCOUNTS (JobID: ccc57499-abe0-42fb-9155-3e7e01be8123)
 - Deleted: 0

[02/Sep/2023:21:00:26] UPDATING PRODUCTS (JobID: cbaf0344-1635-4e29-becb-09f70329f94e)
 - New and modified: 0

[02/Sep/2023:21:00:29] UPDATING PREPAGATI (JobID: 10436bb0-585a-4967-a9ba-62f6f57c9990)
 - New and modified: 0

[02/Sep/2023:21:00:29] DELETING PREPAGATI (JobID: 10436bb0-585a-4967-a9ba-62f6f57c9990)
 - Deleted: 0

[02/Sep/2023:21:30:07] UPDATING ACCOUNTS (JobID: b1b78d47-b67e-4a49-bf3c-77c5cf8e020d)
 - New and modified: 0

[02/Sep/2023:21:30:07] DELETING ACCOUNTS (JobID: b1b78d47-b67e-4a49-bf3c-77c5cf8e020d)
 - Deleted: 0

[02/Sep/2023:21:30:24] UPDATING PRODUCTS (JobID: d374410e-fe75-4cc9-b076-f4b513f83a00)
 - New and modified: 0

[02/Sep/2023:21:30:27] UPDATING PREPAGATI (JobID: c822f8dc-8ec8-4094-a90b-00c9cd77afab)
 - New and modified: 0

[02/Sep/2023:21:30:27] DELETING PREPAGATI (JobID: c822f8dc-8ec8-4094-a90b-00c9cd77afab)
 - Deleted: 0

[02/Sep/2023:22:30:07] UPDATING ACCOUNTS (JobID: 0ecca9eb-ff1b-46d3-8c58-7507f13f48a8)
 - New and modified: 0

[02/Sep/2023:22:30:07] DELETING ACCOUNTS (JobID: 0ecca9eb-ff1b-46d3-8c58-7507f13f48a8)
 - Deleted: 0

[02/Sep/2023:22:30:24] UPDATING PRODUCTS (JobID: 99ca9132-dd8d-404d-862a-3547a935fa9a)
 - New and modified: 0

[02/Sep/2023:22:30:26] UPDATING PREPAGATI (JobID: aca44cc6-fa58-49e5-8795-6a4befbb7869)
 - New and modified: 0

[02/Sep/2023:22:30:26] DELETING PREPAGATI (JobID: aca44cc6-fa58-49e5-8795-6a4befbb7869)
 - Deleted: 0

[02/Sep/2023:23:00:08] UPDATING ACCOUNTS (JobID: 6914cd85-1b4b-4308-b54e-97672444e027)
 - New and modified: 0

[02/Sep/2023:23:00:08] DELETING ACCOUNTS (JobID: 6914cd85-1b4b-4308-b54e-97672444e027)
 - Deleted: 0

[02/Sep/2023:23:00:25] UPDATING PRODUCTS (JobID: fa1c49d9-43b6-40ba-b8af-8b5316cdfd5b)
 - New and modified: 0

[02/Sep/2023:23:00:27] UPDATING PREPAGATI (JobID: 4afe54f3-7897-4f59-b558-f0fa8494d835)
 - New and modified: 0

[02/Sep/2023:23:00:27] DELETING PREPAGATI (JobID: 4afe54f3-7897-4f59-b558-f0fa8494d835)
 - Deleted: 0

[02/Sep/2023:23:30:02] UPDATING ACCOUNTS (JobID: 5fa7e32e-02c7-4030-acf3-305930df6a3e)
 - New and modified: 0

[02/Sep/2023:23:30:02] DELETING ACCOUNTS (JobID: 5fa7e32e-02c7-4030-acf3-305930df6a3e)
 - Deleted: 0

[02/Sep/2023:23:30:17] UPDATING PRODUCTS (JobID: d1742492-7e68-45bf-811f-e35d41837b77)
 - New and modified: 0

[02/Sep/2023:23:30:18] UPDATING PREPAGATI (JobID: 1dbe2516-8f13-49f0-af14-c06649d8e2e8)
 - New and modified: 0

[02/Sep/2023:23:30:18] DELETING PREPAGATI (JobID: 1dbe2516-8f13-49f0-af14-c06649d8e2e8)
 - Deleted: 0

