[26/Apr/2023:08:36:52] UPDATING ACCOUNTS (JobID: 9608a6ff-ce53-4421-b7e7-e70c48307305)
 - New and modified: 0

[26/Apr/2023:08:36:52] DELETING ACCOUNTS (JobID: 9608a6ff-ce53-4421-b7e7-e70c48307305)
 - Deleted: 0

[26/Apr/2023:08:39:12] UPDATING PRODUCTS (JobID: 3c9eaf88-ee27-484a-b157-074e2167bd14)
 - New and modified: 0

[26/Apr/2023:08:39:15] UPDATING PREPAGATI (JobID: f0a38cf9-d9b7-42bf-90b6-b9642ae84cf6)
 - New and modified: 0

[26/Apr/2023:08:39:15] DELETING PREPAGATI (JobID: f0a38cf9-d9b7-42bf-90b6-b9642ae84cf6)
 - Deleted: 0

[26/Apr/2023:08:41:05] UPDATING ACCOUNTS (JobID: 753e94b8-98ee-4504-b854-ba314e9a79a0)
 - New and modified: 0

[26/Apr/2023:08:41:05] DELETING ACCOUNTS (JobID: 753e94b8-98ee-4504-b854-ba314e9a79a0)
 - Deleted: 0

[26/Apr/2023:08:41:48] UPDATING PRODUCTS (JobID: a0e270be-acf2-4f66-95e1-aed5d404421a)
 - New and modified: 0

[26/Apr/2023:08:41:50] UPDATING PREPAGATI (JobID: e8b2945f-22ab-46e4-abfe-2699ea59e8a8)
 - New and modified: 0

[26/Apr/2023:08:41:50] DELETING PREPAGATI (JobID: e8b2945f-22ab-46e4-abfe-2699ea59e8a8)
 - Deleted: 0

[26/Apr/2023:08:50:04] UPDATING ACCOUNTS (JobID: 0df5015a-7d41-4f5d-bbae-e2fd55e6925a)
 - New and modified: 0

[26/Apr/2023:08:50:04] DELETING ACCOUNTS (JobID: 0df5015a-7d41-4f5d-bbae-e2fd55e6925a)
 - Deleted: 0

[26/Apr/2023:08:50:40] UPDATING PRODUCTS (JobID: cc256fb1-ad33-493f-a6ed-d60ad814e64e)
 - New and modified: 0

[26/Apr/2023:08:50:45] UPDATING PREPAGATI (JobID: 46b3288e-9e09-47d4-ae2c-9fff63c2c3c4)
 - New and modified: 0

[26/Apr/2023:08:50:45] DELETING PREPAGATI (JobID: 46b3288e-9e09-47d4-ae2c-9fff63c2c3c4)
 - Deleted: 0

[26/Apr/2023:09:00:06] UPDATING ACCOUNTS (JobID: 48f4ab74-8d35-4f89-93d4-88de0f8f7720)
 - New and modified: 0

[26/Apr/2023:09:00:06] DELETING ACCOUNTS (JobID: 48f4ab74-8d35-4f89-93d4-88de0f8f7720)
 - Deleted: 0

[26/Apr/2023:09:01:04] UPDATING PRODUCTS (JobID: 0ca4805f-c86e-42a9-a0a3-906275ed49a9)
 - New and modified: 0

[26/Apr/2023:09:01:12] UPDATING PREPAGATI (JobID: 6e6f1739-63b2-4cbd-8731-acd26a0d493c)
 - New and modified: 0

[26/Apr/2023:09:01:12] DELETING PREPAGATI (JobID: 6e6f1739-63b2-4cbd-8731-acd26a0d493c)
 - Deleted: 0

[26/Apr/2023:09:10:04] UPDATING ACCOUNTS (JobID: d8eaa5c9-1e07-43ae-85a8-2d6e2662019d)
 - New and modified: 0

[26/Apr/2023:09:10:04] DELETING ACCOUNTS (JobID: d8eaa5c9-1e07-43ae-85a8-2d6e2662019d)
 - Deleted: 0

[26/Apr/2023:09:10:43] UPDATING PRODUCTS (JobID: 5f6b26b9-047a-44ca-884e-f2e2b423637c)
 - New and modified: 0

[26/Apr/2023:09:10:45] UPDATING PREPAGATI (JobID: 19f2884f-1f15-4c33-ba5f-ade371d1340c)
 - New and modified: 0

[26/Apr/2023:09:10:45] DELETING PREPAGATI (JobID: 19f2884f-1f15-4c33-ba5f-ade371d1340c)
 - Deleted: 0

[26/Apr/2023:09:20:04] UPDATING ACCOUNTS (JobID: 8fe5c4f0-7af7-4297-b577-dc304ff34cfc)
 - New and modified: 0

[26/Apr/2023:09:20:04] DELETING ACCOUNTS (JobID: 8fe5c4f0-7af7-4297-b577-dc304ff34cfc)
 - Deleted: 0

[26/Apr/2023:09:20:40] UPDATING PRODUCTS (JobID: ea63b1ef-c887-4cd5-97c4-a0f88437e64c)
 - New and modified: 0

[26/Apr/2023:09:20:41] UPDATING PREPAGATI (JobID: 990bba0b-ea66-40d1-8a83-bb4dc1d221de)
 - New and modified: 0

[26/Apr/2023:09:20:41] DELETING PREPAGATI (JobID: 990bba0b-ea66-40d1-8a83-bb4dc1d221de)
 - Deleted: 0

[26/Apr/2023:09:30:11] UPDATING ACCOUNTS (JobID: e7229fc6-0147-4419-a9bc-4e5d94688128)
 - New and modified: 0

[26/Apr/2023:09:30:11] DELETING ACCOUNTS (JobID: e7229fc6-0147-4419-a9bc-4e5d94688128)
 - Deleted: 0

[26/Apr/2023:09:31:02] UPDATING PRODUCTS (JobID: b06eb469-0d0a-4a09-b8fb-6946edd02df9)
 - New and modified: 1
   XA1DTCHPS

[26/Apr/2023:09:31:05] UPDATING PREPAGATI (JobID: ba14a07e-67cd-4ed1-b62d-8756b603a6ca)
 - New and modified: 0

[26/Apr/2023:09:31:05] DELETING PREPAGATI (JobID: ba14a07e-67cd-4ed1-b62d-8756b603a6ca)
 - Deleted: 0

[26/Apr/2023:09:40:04] UPDATING ACCOUNTS (JobID: 612d176c-e45a-4efa-88d9-f13b1ce1fd22)
 - New and modified: 0

[26/Apr/2023:09:40:04] DELETING ACCOUNTS (JobID: 612d176c-e45a-4efa-88d9-f13b1ce1fd22)
 - Deleted: 0

[26/Apr/2023:09:40:42] UPDATING PRODUCTS (JobID: e5a85e21-e613-44dc-a3cc-55b73909f66d)
 - New and modified: 0

[26/Apr/2023:09:40:47] UPDATING PREPAGATI (JobID: 0545de45-e756-43ec-87bb-9cdc27bda223)
 - New and modified: 0

[26/Apr/2023:09:40:47] DELETING PREPAGATI (JobID: 0545de45-e756-43ec-87bb-9cdc27bda223)
 - Deleted: 0

[26/Apr/2023:09:50:07] UPDATING ACCOUNTS (JobID: 9bb07951-089d-42a0-b9a5-bdd2a2ed6c82)
 - New and modified: 0

[26/Apr/2023:09:50:07] DELETING ACCOUNTS (JobID: 9bb07951-089d-42a0-b9a5-bdd2a2ed6c82)
 - Deleted: 0

[26/Apr/2023:09:50:46] UPDATING PRODUCTS (JobID: ed619667-4930-47e3-b8f5-b2c9f87064f0)
 - New and modified: 0

[26/Apr/2023:09:50:48] UPDATING PREPAGATI (JobID: e5f45a11-6ae9-4c69-9595-50dfea1151d6)
 - New and modified: 0

[26/Apr/2023:09:50:48] DELETING PREPAGATI (JobID: e5f45a11-6ae9-4c69-9595-50dfea1151d6)
 - Deleted: 0

[26/Apr/2023:10:00:07] UPDATING ACCOUNTS (JobID: 7f3848b7-6c6e-4403-b716-125ae0d95d4d)
 - New and modified: 0

[26/Apr/2023:10:00:07] DELETING ACCOUNTS (JobID: 7f3848b7-6c6e-4403-b716-125ae0d95d4d)
 - Deleted: 0

[26/Apr/2023:10:01:26] UPDATING PRODUCTS (JobID: 958d7601-eae5-4dac-bb2f-bc4baca359c9)
 - New and modified: 0

[26/Apr/2023:10:01:28] UPDATING PREPAGATI (JobID: f1a9a4b5-cd0c-4d8b-a651-4fb5b6ad68ea)
 - New and modified: 0

[26/Apr/2023:10:01:28] DELETING PREPAGATI (JobID: f1a9a4b5-cd0c-4d8b-a651-4fb5b6ad68ea)
 - Deleted: 0

[26/Apr/2023:10:10:04] UPDATING ACCOUNTS (JobID: d5790fad-7c4b-40cf-9b44-66c471555633)
 - New and modified: 0

[26/Apr/2023:10:10:04] DELETING ACCOUNTS (JobID: d5790fad-7c4b-40cf-9b44-66c471555633)
 - Deleted: 0

[26/Apr/2023:10:10:41] UPDATING PRODUCTS (JobID: 00b01348-6e45-486d-ba60-e4f5a0815d6d)
 - New and modified: 0

[26/Apr/2023:10:10:42] UPDATING PREPAGATI (JobID: e0f2c6be-5ab3-44d9-9515-7d498964bf35)
 - New and modified: 0

[26/Apr/2023:10:10:42] DELETING PREPAGATI (JobID: e0f2c6be-5ab3-44d9-9515-7d498964bf35)
 - Deleted: 0

[26/Apr/2023:10:20:05] UPDATING ACCOUNTS (JobID: ffde7d2f-3908-4e61-8f29-8ef4b3042bc4)
 - New and modified: 0

[26/Apr/2023:10:20:05] DELETING ACCOUNTS (JobID: ffde7d2f-3908-4e61-8f29-8ef4b3042bc4)
 - Deleted: 0

[26/Apr/2023:10:20:44] UPDATING PRODUCTS (JobID: 176ed718-6031-448e-9c78-d99f3b66c90c)
 - New and modified: 0

[26/Apr/2023:10:20:49] UPDATING PREPAGATI (JobID: 6246e08b-5973-4b56-b255-c999ed75c570)
 - New and modified: 0

[26/Apr/2023:10:20:49] DELETING PREPAGATI (JobID: 6246e08b-5973-4b56-b255-c999ed75c570)
 - Deleted: 0

[26/Apr/2023:10:30:06] UPDATING ACCOUNTS (JobID: 087c62aa-8d8b-45ba-835d-fafe1bdc8395)
 - New and modified: 0

[26/Apr/2023:10:30:06] DELETING ACCOUNTS (JobID: 087c62aa-8d8b-45ba-835d-fafe1bdc8395)
 - Deleted: 0

[26/Apr/2023:10:30:39] UPDATING PRODUCTS (JobID: ecfec539-23a9-4e07-b778-37e0622132f0)
 - New and modified: 0

[26/Apr/2023:10:30:41] UPDATING PREPAGATI (JobID: 28157bfb-f5e0-4d3d-8f33-abdefa6bc8f3)
 - New and modified: 0

[26/Apr/2023:10:30:41] DELETING PREPAGATI (JobID: 28157bfb-f5e0-4d3d-8f33-abdefa6bc8f3)
 - Deleted: 0

[26/Apr/2023:10:40:04] UPDATING ACCOUNTS (JobID: 88043da9-0994-4958-b6c0-11a53c44babe)
 - New and modified: 0

[26/Apr/2023:10:40:04] DELETING ACCOUNTS (JobID: 88043da9-0994-4958-b6c0-11a53c44babe)
 - Deleted: 0

[26/Apr/2023:10:40:47] UPDATING PRODUCTS (JobID: 6e0967dc-419f-4143-9814-083a2a8cd1d9)
 - New and modified: 0

[26/Apr/2023:10:40:49] UPDATING PREPAGATI (JobID: a20a7a0e-b371-48d3-a56b-a441ecf678d8)
 - New and modified: 0

[26/Apr/2023:10:40:49] DELETING PREPAGATI (JobID: a20a7a0e-b371-48d3-a56b-a441ecf678d8)
 - Deleted: 0

[26/Apr/2023:11:00:07] UPDATING ACCOUNTS (JobID: 7cb954e3-c4a9-424d-bf3f-9b8ac80439a8)
 - New and modified: 0

[26/Apr/2023:11:00:07] DELETING ACCOUNTS (JobID: 7cb954e3-c4a9-424d-bf3f-9b8ac80439a8)
 - Deleted: 0

[26/Apr/2023:11:01:03] UPDATING PRODUCTS (JobID: d292a324-3d81-41ec-abca-b1ab322e14e9)
 - New and modified: 0

[26/Apr/2023:11:01:06] UPDATING PREPAGATI (JobID: 3a95a4ae-04be-4bb9-9a1c-1f911e6d4480)
 - New and modified: 0

[26/Apr/2023:11:01:06] DELETING PREPAGATI (JobID: 3a95a4ae-04be-4bb9-9a1c-1f911e6d4480)
 - Deleted: 0

[26/Apr/2023:11:10:05] UPDATING ACCOUNTS (JobID: 23369234-a567-450e-8662-033ac0ccf770)
 - New and modified: 0

[26/Apr/2023:11:10:05] DELETING ACCOUNTS (JobID: 23369234-a567-450e-8662-033ac0ccf770)
 - Deleted: 0

[26/Apr/2023:11:10:42] UPDATING PRODUCTS (JobID: a30d68ab-66f4-450c-8aee-6793b339d85c)
 - New and modified: 0

[26/Apr/2023:11:10:45] UPDATING PREPAGATI (JobID: 7807a5d8-643d-4400-ac28-702765714d4f)
 - New and modified: 0

[26/Apr/2023:11:10:45] DELETING PREPAGATI (JobID: 7807a5d8-643d-4400-ac28-702765714d4f)
 - Deleted: 0

[26/Apr/2023:11:20:05] UPDATING ACCOUNTS (JobID: aa48d9fc-b710-4bb8-8dfd-fc84c70d18cb)
 - New and modified: 0

[26/Apr/2023:11:20:05] DELETING ACCOUNTS (JobID: aa48d9fc-b710-4bb8-8dfd-fc84c70d18cb)
 - Deleted: 0

[26/Apr/2023:11:20:44] UPDATING PRODUCTS (JobID: 8a6dd43e-e8d0-4bc1-8802-feaa7fe6289f)
 - New and modified: 0

[26/Apr/2023:11:20:45] UPDATING PREPAGATI (JobID: 467e8edb-7ba0-4c68-bbd6-aa8435b4433f)
 - New and modified: 0

[26/Apr/2023:11:20:45] DELETING PREPAGATI (JobID: 467e8edb-7ba0-4c68-bbd6-aa8435b4433f)
 - Deleted: 0

[26/Apr/2023:11:30:04] UPDATING ACCOUNTS (JobID: ed37d50b-43c7-4f7b-8db7-d5df09f5b320)
 - New and modified: 0

[26/Apr/2023:11:30:04] DELETING ACCOUNTS (JobID: ed37d50b-43c7-4f7b-8db7-d5df09f5b320)
 - Deleted: 0

[26/Apr/2023:11:30:41] UPDATING PRODUCTS (JobID: 5f80a8b9-006d-43be-98a7-7db8582d770e)
 - New and modified: 0

[26/Apr/2023:11:30:43] UPDATING PREPAGATI (JobID: 52eaddd6-ecb8-41aa-86a5-50db14c11d01)
 - New and modified: 0

[26/Apr/2023:11:30:43] DELETING PREPAGATI (JobID: 52eaddd6-ecb8-41aa-86a5-50db14c11d01)
 - Deleted: 0

[26/Apr/2023:11:40:05] UPDATING ACCOUNTS (JobID: 32aac485-5ddc-4a0b-9922-bd5214fb0025)
 - New and modified: 0

[26/Apr/2023:11:40:05] DELETING ACCOUNTS (JobID: 32aac485-5ddc-4a0b-9922-bd5214fb0025)
 - Deleted: 0

[26/Apr/2023:11:40:43] UPDATING PRODUCTS (JobID: 6af19a54-4e22-41e4-9a0f-7300c8778de9)
 - New and modified: 0

[26/Apr/2023:11:40:45] UPDATING PREPAGATI (JobID: 8b8e9b9c-01e1-4c73-af62-016b48df7126)
 - New and modified: 0

[26/Apr/2023:11:40:45] DELETING PREPAGATI (JobID: 8b8e9b9c-01e1-4c73-af62-016b48df7126)
 - Deleted: 0

[26/Apr/2023:11:50:07] UPDATING ACCOUNTS (JobID: 661355d3-6750-40af-b782-c23a89a97532)
 - New and modified: 0

[26/Apr/2023:11:50:07] DELETING ACCOUNTS (JobID: 661355d3-6750-40af-b782-c23a89a97532)
 - Deleted: 0

[26/Apr/2023:11:50:43] UPDATING PRODUCTS (JobID: ae608299-f0dd-48ef-b2ff-0e1397c17e01)
 - New and modified: 0

[26/Apr/2023:11:50:44] UPDATING PREPAGATI (JobID: db330652-3f5a-47c6-b085-66853fa06045)
 - New and modified: 0

[26/Apr/2023:11:50:44] DELETING PREPAGATI (JobID: db330652-3f5a-47c6-b085-66853fa06045)
 - Deleted: 0

[26/Apr/2023:12:00:05] UPDATING ACCOUNTS (JobID: 8286700d-14eb-42e0-abf7-bb816c801253)
 - New and modified: 0

[26/Apr/2023:12:00:05] DELETING ACCOUNTS (JobID: 8286700d-14eb-42e0-abf7-bb816c801253)
 - Deleted: 0

[26/Apr/2023:12:00:57] UPDATING PRODUCTS (JobID: 04464dfb-50c5-4ea6-bd52-a7372064d681)
 - New and modified: 0

[26/Apr/2023:12:01:07] UPDATING PREPAGATI (JobID: cdbc3b12-f1d5-4f77-bf0f-7c1e2c43789d)
 - New and modified: 0

[26/Apr/2023:12:01:07] DELETING PREPAGATI (JobID: cdbc3b12-f1d5-4f77-bf0f-7c1e2c43789d)
 - Deleted: 0

[26/Apr/2023:12:20:05] UPDATING ACCOUNTS (JobID: 938b0d12-0683-4c83-b6c1-8ef0126832c7)
 - New and modified: 0

[26/Apr/2023:12:20:05] DELETING ACCOUNTS (JobID: 938b0d12-0683-4c83-b6c1-8ef0126832c7)
 - Deleted: 0

[26/Apr/2023:12:20:43] UPDATING PRODUCTS (JobID: d8f9d5e1-d655-43ec-b4b2-9b91b65ff556)
 - New and modified: 0

[26/Apr/2023:12:20:45] UPDATING PREPAGATI (JobID: 1523b47f-2bab-4d23-8438-764b048eea37)
 - New and modified: 0

[26/Apr/2023:12:20:45] DELETING PREPAGATI (JobID: 1523b47f-2bab-4d23-8438-764b048eea37)
 - Deleted: 0

[26/Apr/2023:12:30:04] UPDATING ACCOUNTS (JobID: 065c24d5-23bf-41f0-b665-6fab98b0bd53)
 - New and modified: 0

[26/Apr/2023:12:30:04] DELETING ACCOUNTS (JobID: 065c24d5-23bf-41f0-b665-6fab98b0bd53)
 - Deleted: 0

[26/Apr/2023:12:30:41] UPDATING PRODUCTS (JobID: cffd82e8-ab2c-4b25-b4db-2a85e98ac26b)
 - New and modified: 0

[26/Apr/2023:12:30:42] UPDATING PREPAGATI (JobID: bfefe333-ca23-4b7d-b87c-d5c59e72a304)
 - New and modified: 0

[26/Apr/2023:12:30:42] DELETING PREPAGATI (JobID: bfefe333-ca23-4b7d-b87c-d5c59e72a304)
 - Deleted: 0

[26/Apr/2023:12:40:04] UPDATING ACCOUNTS (JobID: 484278a9-ccd0-436c-80be-c2b735e65b0e)
 - New and modified: 0

[26/Apr/2023:12:40:04] DELETING ACCOUNTS (JobID: 484278a9-ccd0-436c-80be-c2b735e65b0e)
 - Deleted: 0

[26/Apr/2023:12:40:42] UPDATING PRODUCTS (JobID: 6627f837-8cab-4773-b02d-a51084b2d33d)
 - New and modified: 0

[26/Apr/2023:12:40:44] UPDATING PREPAGATI (JobID: c30ab83e-863e-4ba6-808d-64796dc117b0)
 - New and modified: 0

[26/Apr/2023:12:40:44] DELETING PREPAGATI (JobID: c30ab83e-863e-4ba6-808d-64796dc117b0)
 - Deleted: 0

[26/Apr/2023:12:50:04] UPDATING ACCOUNTS (JobID: f81d4b9c-22c5-408f-a0c4-ae203e20c3c2)
 - New and modified: 0

[26/Apr/2023:12:50:04] DELETING ACCOUNTS (JobID: f81d4b9c-22c5-408f-a0c4-ae203e20c3c2)
 - Deleted: 0

[26/Apr/2023:12:50:44] UPDATING PRODUCTS (JobID: bd0f9eb4-07d2-4e2f-a08c-838ec008a8c7)
 - New and modified: 0

[26/Apr/2023:12:50:46] UPDATING PREPAGATI (JobID: fa389519-a6a2-4f91-9430-23edd4be893f)
 - New and modified: 0

[26/Apr/2023:12:50:46] DELETING PREPAGATI (JobID: fa389519-a6a2-4f91-9430-23edd4be893f)
 - Deleted: 0

[26/Apr/2023:13:00:04] UPDATING ACCOUNTS (JobID: a613a310-c317-4eb2-a471-edc178cd1850)
 - New and modified: 0

[26/Apr/2023:13:00:04] DELETING ACCOUNTS (JobID: a613a310-c317-4eb2-a471-edc178cd1850)
 - Deleted: 0

[26/Apr/2023:13:01:05] UPDATING PRODUCTS (JobID: d90ce24f-c46f-4d6c-9133-8d340e496f38)
 - New and modified: 0

[26/Apr/2023:13:01:11] UPDATING PREPAGATI (JobID: d0122347-3b27-40ca-b9f4-1f42cd0b8b12)
 - New and modified: 0

[26/Apr/2023:13:01:11] DELETING PREPAGATI (JobID: d0122347-3b27-40ca-b9f4-1f42cd0b8b12)
 - Deleted: 0

[26/Apr/2023:13:10:04] UPDATING ACCOUNTS (JobID: 0641f5c2-3509-47f1-b15c-06770c175822)
 - New and modified: 0

[26/Apr/2023:13:10:04] DELETING ACCOUNTS (JobID: 0641f5c2-3509-47f1-b15c-06770c175822)
 - Deleted: 0

[26/Apr/2023:13:10:42] UPDATING PRODUCTS (JobID: c2efd275-0e15-44ed-bccd-9744213c7991)
 - New and modified: 0

[26/Apr/2023:13:10:44] UPDATING PREPAGATI (JobID: f6936d06-2d0a-45bc-9089-6332f87bd5bd)
 - New and modified: 0

[26/Apr/2023:13:10:44] DELETING PREPAGATI (JobID: f6936d06-2d0a-45bc-9089-6332f87bd5bd)
 - Deleted: 0

[26/Apr/2023:13:20:07] UPDATING ACCOUNTS (JobID: 6cfb1d43-b170-4ae6-aa7e-f6b41da567ed)
 - New and modified: 0

[26/Apr/2023:13:20:07] DELETING ACCOUNTS (JobID: 6cfb1d43-b170-4ae6-aa7e-f6b41da567ed)
 - Deleted: 0

[26/Apr/2023:13:20:44] UPDATING PRODUCTS (JobID: a6927a88-ba24-4fb6-b524-c316d460c72d)
 - New and modified: 0

[26/Apr/2023:13:20:46] UPDATING PREPAGATI (JobID: 4d59f4fc-0199-4094-ae4a-37f1056f4611)
 - New and modified: 0

[26/Apr/2023:13:20:46] DELETING PREPAGATI (JobID: 4d59f4fc-0199-4094-ae4a-37f1056f4611)
 - Deleted: 0

[26/Apr/2023:13:30:05] UPDATING ACCOUNTS (JobID: 92381c67-a98c-4a31-b1a8-286a5cccbb3c)
 - New and modified: 0

[26/Apr/2023:13:30:05] DELETING ACCOUNTS (JobID: 92381c67-a98c-4a31-b1a8-286a5cccbb3c)
 - Deleted: 0

[26/Apr/2023:13:30:42] UPDATING PRODUCTS (JobID: 3b3a5ef0-249e-4e20-ad8d-31a7dddb8947)
 - New and modified: 0

[26/Apr/2023:13:30:44] UPDATING PREPAGATI (JobID: 5f0ecdef-791d-4155-8dc0-b5807385fc50)
 - New and modified: 0

[26/Apr/2023:13:30:44] DELETING PREPAGATI (JobID: 5f0ecdef-791d-4155-8dc0-b5807385fc50)
 - Deleted: 0

[26/Apr/2023:13:40:04] UPDATING ACCOUNTS (JobID: 4419694d-a1ae-47a7-bea2-a5706a503e9b)
 - New and modified: 0

[26/Apr/2023:13:40:04] DELETING ACCOUNTS (JobID: 4419694d-a1ae-47a7-bea2-a5706a503e9b)
 - Deleted: 0

[26/Apr/2023:13:40:44] UPDATING PRODUCTS (JobID: 245c9a7f-03c5-4c94-be24-1bf117f01242)
 - New and modified: 0

[26/Apr/2023:13:40:47] UPDATING PREPAGATI (JobID: 7e3d0f7a-24b4-4182-ab1b-4de636dd71bc)
 - New and modified: 0

[26/Apr/2023:13:40:47] DELETING PREPAGATI (JobID: 7e3d0f7a-24b4-4182-ab1b-4de636dd71bc)
 - Deleted: 0

[26/Apr/2023:13:50:04] UPDATING ACCOUNTS (JobID: e318c90f-3909-4373-be5d-f00797157190)
 - New and modified: 0

[26/Apr/2023:13:50:04] DELETING ACCOUNTS (JobID: e318c90f-3909-4373-be5d-f00797157190)
 - Deleted: 0

[26/Apr/2023:13:50:44] UPDATING PRODUCTS (JobID: b5941a81-7b31-4e06-9270-cdb76d8846fe)
 - New and modified: 0

[26/Apr/2023:13:50:46] UPDATING PREPAGATI (JobID: 1eb1a507-afa2-427d-8d8b-667d6da56a70)
 - New and modified: 0

[26/Apr/2023:13:50:46] DELETING PREPAGATI (JobID: 1eb1a507-afa2-427d-8d8b-667d6da56a70)
 - Deleted: 0

[26/Apr/2023:14:00:05] UPDATING ACCOUNTS (JobID: 984a33f8-102f-488a-aaf9-8ff466bae594)
 - New and modified: 0

[26/Apr/2023:14:00:05] DELETING ACCOUNTS (JobID: 984a33f8-102f-488a-aaf9-8ff466bae594)
 - Deleted: 0

[26/Apr/2023:14:01:01] UPDATING PRODUCTS (JobID: ee261eda-497c-4019-8a64-41b5f936f41d)
 - New and modified: 0

[26/Apr/2023:14:01:15] UPDATING PREPAGATI (JobID: 8335e9bc-89e6-4e27-99d7-d42e1ef72592)
 - New and modified: 0

[26/Apr/2023:14:01:15] DELETING PREPAGATI (JobID: 8335e9bc-89e6-4e27-99d7-d42e1ef72592)
 - Deleted: 0

[26/Apr/2023:14:10:04] UPDATING ACCOUNTS (JobID: 452fe3b0-f0af-46b0-a8f3-85f408e134ef)
 - New and modified: 0

[26/Apr/2023:14:10:04] DELETING ACCOUNTS (JobID: 452fe3b0-f0af-46b0-a8f3-85f408e134ef)
 - Deleted: 0

[26/Apr/2023:14:10:45] UPDATING PRODUCTS (JobID: 814308f5-0136-458b-8bb7-fc962fee473f)
 - New and modified: 0

[26/Apr/2023:14:10:51] UPDATING PREPAGATI (JobID: 01e577a3-bc00-4004-b91d-37e4f6ff24f3)
 - New and modified: 0

[26/Apr/2023:14:10:51] DELETING PREPAGATI (JobID: 01e577a3-bc00-4004-b91d-37e4f6ff24f3)
 - Deleted: 0

[26/Apr/2023:14:20:04] UPDATING ACCOUNTS (JobID: d2646934-c2e5-4640-901c-17eca143ddf4)
 - New and modified: 0

[26/Apr/2023:14:20:04] DELETING ACCOUNTS (JobID: d2646934-c2e5-4640-901c-17eca143ddf4)
 - Deleted: 0

[26/Apr/2023:14:20:45] UPDATING PRODUCTS (JobID: 505bbf8f-38cb-4064-8293-3d29bbb5d442)
 - New and modified: 0

[26/Apr/2023:14:20:50] UPDATING PREPAGATI (JobID: 4c33c897-924c-467f-9a29-dd9d5fafee82)
 - New and modified: 0

[26/Apr/2023:14:20:50] DELETING PREPAGATI (JobID: 4c33c897-924c-467f-9a29-dd9d5fafee82)
 - Deleted: 0

[26/Apr/2023:14:30:04] UPDATING ACCOUNTS (JobID: 5ee76583-496d-4e12-a5da-ede4cc9d622b)
 - New and modified: 0

[26/Apr/2023:14:30:04] DELETING ACCOUNTS (JobID: 5ee76583-496d-4e12-a5da-ede4cc9d622b)
 - Deleted: 0

[26/Apr/2023:14:30:41] UPDATING PRODUCTS (JobID: 424aea47-dbdb-4bda-8882-e220d00e8c87)
 - New and modified: 0

[26/Apr/2023:14:30:43] UPDATING PREPAGATI (JobID: 009b475e-2902-4d24-b93c-248fb5b28ff9)
 - New and modified: 0

[26/Apr/2023:14:30:43] DELETING PREPAGATI (JobID: 009b475e-2902-4d24-b93c-248fb5b28ff9)
 - Deleted: 0

[26/Apr/2023:14:40:04] UPDATING ACCOUNTS (JobID: c951c678-6e1b-4cb4-84b5-25691b96081f)
 - New and modified: 0

[26/Apr/2023:14:40:04] DELETING ACCOUNTS (JobID: c951c678-6e1b-4cb4-84b5-25691b96081f)
 - Deleted: 0

[26/Apr/2023:14:40:41] UPDATING PRODUCTS (JobID: c75787fb-4e1c-4f09-befe-52d3b371e587)
 - New and modified: 0

[26/Apr/2023:14:40:43] UPDATING PREPAGATI (JobID: 967edd7a-257d-43bb-922d-069511c5f0a8)
 - New and modified: 0

[26/Apr/2023:14:40:43] DELETING PREPAGATI (JobID: 967edd7a-257d-43bb-922d-069511c5f0a8)
 - Deleted: 0

[26/Apr/2023:14:50:04] UPDATING ACCOUNTS (JobID: 2cdb0a72-acf5-4c80-adb0-8282ff2ec160)
 - New and modified: 0

[26/Apr/2023:14:50:04] DELETING ACCOUNTS (JobID: 2cdb0a72-acf5-4c80-adb0-8282ff2ec160)
 - Deleted: 0

[26/Apr/2023:14:50:41] UPDATING PRODUCTS (JobID: 30501f17-16e5-4416-897f-8ea093df5058)
 - New and modified: 0

[26/Apr/2023:14:50:43] UPDATING PREPAGATI (JobID: cc365526-a5f4-4b66-9ff2-9df2ff4a2060)
 - New and modified: 0

[26/Apr/2023:14:50:43] DELETING PREPAGATI (JobID: cc365526-a5f4-4b66-9ff2-9df2ff4a2060)
 - Deleted: 0

[26/Apr/2023:15:00:05] UPDATING ACCOUNTS (JobID: d02b6f90-9e7f-4c68-8f58-8b27a8cd6462)
 - New and modified: 0

[26/Apr/2023:15:00:05] DELETING ACCOUNTS (JobID: d02b6f90-9e7f-4c68-8f58-8b27a8cd6462)
 - Deleted: 0

[26/Apr/2023:15:00:53] UPDATING PRODUCTS (JobID: 44676908-98f1-40b1-8d91-3bd4308a27ce)
 - New and modified: 0

[26/Apr/2023:15:01:06] UPDATING PREPAGATI (JobID: 3549b201-ecfd-4bac-bc3c-341c92c5211e)
 - New and modified: 0

[26/Apr/2023:15:01:06] DELETING PREPAGATI (JobID: 3549b201-ecfd-4bac-bc3c-341c92c5211e)
 - Deleted: 0

[26/Apr/2023:15:10:08] UPDATING ACCOUNTS (JobID: 1b30259d-3138-485d-94fc-6c4ac3457d55)
 - New and modified: 0

[26/Apr/2023:15:10:08] DELETING ACCOUNTS (JobID: 1b30259d-3138-485d-94fc-6c4ac3457d55)
 - Deleted: 0

[26/Apr/2023:15:10:44] UPDATING PRODUCTS (JobID: db30511f-9433-460b-8e0f-8211329fbd9f)
 - New and modified: 0

[26/Apr/2023:15:10:47] UPDATING PREPAGATI (JobID: 7989e595-e787-416d-a902-30dd8221ab6b)
 - New and modified: 0

[26/Apr/2023:15:10:47] DELETING PREPAGATI (JobID: 7989e595-e787-416d-a902-30dd8221ab6b)
 - Deleted: 0

[26/Apr/2023:15:20:04] UPDATING ACCOUNTS (JobID: 39d20236-b8e3-4193-a541-4e2696e456eb)
 - New and modified: 0

[26/Apr/2023:15:20:04] DELETING ACCOUNTS (JobID: 39d20236-b8e3-4193-a541-4e2696e456eb)
 - Deleted: 0

[26/Apr/2023:15:20:43] UPDATING PRODUCTS (JobID: 19db8214-efc5-49f9-aaa2-996753fbd18d)
 - New and modified: 0

[26/Apr/2023:15:20:45] UPDATING PREPAGATI (JobID: c298fd44-e0c2-4ede-b4e4-e58600a92d7e)
 - New and modified: 0

[26/Apr/2023:15:20:45] DELETING PREPAGATI (JobID: c298fd44-e0c2-4ede-b4e4-e58600a92d7e)
 - Deleted: 0

[26/Apr/2023:15:30:04] UPDATING ACCOUNTS (JobID: 97fc97ba-0d2f-4624-8b48-fd914fe88b66)
 - New and modified: 0

[26/Apr/2023:15:30:04] DELETING ACCOUNTS (JobID: 97fc97ba-0d2f-4624-8b48-fd914fe88b66)
 - Deleted: 0

[26/Apr/2023:15:30:38] UPDATING PRODUCTS (JobID: 7eecd080-461d-4048-9abd-19798e5dfdc7)
 - New and modified: 0

[26/Apr/2023:15:30:40] UPDATING PREPAGATI (JobID: 4efd9bc3-a59c-48d1-81c1-39ac936d5f94)
 - New and modified: 0

[26/Apr/2023:15:30:40] DELETING PREPAGATI (JobID: 4efd9bc3-a59c-48d1-81c1-39ac936d5f94)
 - Deleted: 0

[26/Apr/2023:15:40:05] UPDATING ACCOUNTS (JobID: 1e3e8a75-a351-4723-8253-496ce1f6afbe)
 - New and modified: 0

[26/Apr/2023:15:40:05] DELETING ACCOUNTS (JobID: 1e3e8a75-a351-4723-8253-496ce1f6afbe)
 - Deleted: 0

[26/Apr/2023:15:40:43] UPDATING PRODUCTS (JobID: 06807627-de2e-4ab6-b700-6086df39c5be)
 - New and modified: 0

[26/Apr/2023:15:40:45] UPDATING PREPAGATI (JobID: 1bb0125a-21ad-470e-8f88-712fef730078)
 - New and modified: 0

[26/Apr/2023:15:40:45] DELETING PREPAGATI (JobID: 1bb0125a-21ad-470e-8f88-712fef730078)
 - Deleted: 0

[26/Apr/2023:15:50:04] UPDATING ACCOUNTS (JobID: a319bf1b-6ee3-4380-bfb2-7644e9e28701)
 - New and modified: 0

[26/Apr/2023:15:50:04] DELETING ACCOUNTS (JobID: a319bf1b-6ee3-4380-bfb2-7644e9e28701)
 - Deleted: 0

[26/Apr/2023:15:50:41] UPDATING PRODUCTS (JobID: f6608e21-24d5-4b4b-9270-2b7b451ddb51)
 - New and modified: 0

[26/Apr/2023:15:50:43] UPDATING PREPAGATI (JobID: 05865cc5-1cb1-4c09-8fc5-a6cb6abf576a)
 - New and modified: 0

[26/Apr/2023:15:50:43] DELETING PREPAGATI (JobID: 05865cc5-1cb1-4c09-8fc5-a6cb6abf576a)
 - Deleted: 0

[26/Apr/2023:16:00:04] UPDATING ACCOUNTS (JobID: 5255209f-1074-4d89-87c4-398aff6a5749)
 - New and modified: 0

[26/Apr/2023:16:00:04] DELETING ACCOUNTS (JobID: 5255209f-1074-4d89-87c4-398aff6a5749)
 - Deleted: 0

[26/Apr/2023:16:00:50] UPDATING PRODUCTS (JobID: 887796d8-0bce-4c00-a12a-a8b5956eefb4)
 - New and modified: 0

[26/Apr/2023:16:01:13] UPDATING PREPAGATI (JobID: 4b994a5e-3808-4c15-ab10-4c0c84c9b7b0)
 - New and modified: 0

[26/Apr/2023:16:01:13] DELETING PREPAGATI (JobID: 4b994a5e-3808-4c15-ab10-4c0c84c9b7b0)
 - Deleted: 0

[26/Apr/2023:16:10:04] UPDATING ACCOUNTS (JobID: 3298cc84-0e7b-4090-9ed8-f423002fd7ff)
 - New and modified: 0

[26/Apr/2023:16:10:04] DELETING ACCOUNTS (JobID: 3298cc84-0e7b-4090-9ed8-f423002fd7ff)
 - Deleted: 0

[26/Apr/2023:16:10:44] UPDATING PRODUCTS (JobID: de33fa62-9476-4640-a06b-98b87216a9a4)
 - New and modified: 0

[26/Apr/2023:16:10:46] UPDATING PREPAGATI (JobID: 57845c06-483e-4229-9b03-213c2d125237)
 - New and modified: 0

[26/Apr/2023:16:10:46] DELETING PREPAGATI (JobID: 57845c06-483e-4229-9b03-213c2d125237)
 - Deleted: 0

[26/Apr/2023:16:20:04] UPDATING ACCOUNTS (JobID: c5377b04-1beb-4862-ad96-b32048a55d3e)
 - New and modified: 0

[26/Apr/2023:16:20:04] DELETING ACCOUNTS (JobID: c5377b04-1beb-4862-ad96-b32048a55d3e)
 - Deleted: 0

[26/Apr/2023:16:20:39] UPDATING PRODUCTS (JobID: 8777e354-ece2-42b4-9829-87b168130e90)
 - New and modified: 0

[26/Apr/2023:16:20:41] UPDATING PREPAGATI (JobID: 0237a7b0-7e18-48f7-960c-a39baed25c28)
 - New and modified: 0

[26/Apr/2023:16:20:41] DELETING PREPAGATI (JobID: 0237a7b0-7e18-48f7-960c-a39baed25c28)
 - Deleted: 0

[26/Apr/2023:16:30:04] UPDATING ACCOUNTS (JobID: bcc0ef6d-80be-4ebe-b609-614cf092835e)
 - New and modified: 0

[26/Apr/2023:16:30:04] DELETING ACCOUNTS (JobID: bcc0ef6d-80be-4ebe-b609-614cf092835e)
 - Deleted: 0

[26/Apr/2023:16:30:40] UPDATING PRODUCTS (JobID: 7d397f3b-393f-4d1f-9724-c59671a3b8cf)
 - New and modified: 0

[26/Apr/2023:16:30:42] UPDATING PREPAGATI (JobID: 30c43bda-dacc-46fb-bdf7-39c916310b21)
 - New and modified: 0

[26/Apr/2023:16:30:42] DELETING PREPAGATI (JobID: 30c43bda-dacc-46fb-bdf7-39c916310b21)
 - Deleted: 0

[26/Apr/2023:16:40:04] UPDATING ACCOUNTS (JobID: 333a46b5-5d85-42c0-b19b-4d8ede7cc82b)
 - New and modified: 0

[26/Apr/2023:16:40:04] DELETING ACCOUNTS (JobID: 333a46b5-5d85-42c0-b19b-4d8ede7cc82b)
 - Deleted: 0

[26/Apr/2023:16:40:44] UPDATING PRODUCTS (JobID: 07731983-de69-4fbd-9d28-0daa703567b8)
 - New and modified: 0

[26/Apr/2023:16:40:46] UPDATING PREPAGATI (JobID: 6fafdb8a-4988-4073-9419-e2dbe5c94153)
 - New and modified: 0

[26/Apr/2023:16:40:46] DELETING PREPAGATI (JobID: 6fafdb8a-4988-4073-9419-e2dbe5c94153)
 - Deleted: 0

[26/Apr/2023:16:50:04] UPDATING ACCOUNTS (JobID: cb1226df-4781-4c59-9e6e-6aaae471a1cd)
 - New and modified: 0

[26/Apr/2023:16:50:04] DELETING ACCOUNTS (JobID: cb1226df-4781-4c59-9e6e-6aaae471a1cd)
 - Deleted: 0

[26/Apr/2023:16:50:43] UPDATING PRODUCTS (JobID: 88824bb8-e27a-4ddf-9453-e5066a8aecab)
 - New and modified: 0

[26/Apr/2023:16:50:45] UPDATING PREPAGATI (JobID: 513129ac-e141-460b-93a7-66fb2bf01f62)
 - New and modified: 0

[26/Apr/2023:16:50:45] DELETING PREPAGATI (JobID: 513129ac-e141-460b-93a7-66fb2bf01f62)
 - Deleted: 0

[26/Apr/2023:17:00:05] UPDATING ACCOUNTS (JobID: ca966820-3fcf-491e-a875-78fc89eaf9bd)
 - New and modified: 0

[26/Apr/2023:17:00:05] DELETING ACCOUNTS (JobID: ca966820-3fcf-491e-a875-78fc89eaf9bd)
 - Deleted: 0

[26/Apr/2023:17:01:01] UPDATING PRODUCTS (JobID: 924bd8fa-bf3f-4afc-b841-c1a8a16419f7)
 - New and modified: 0

[26/Apr/2023:17:01:03] UPDATING PREPAGATI (JobID: 352ea303-5df8-424b-b728-6fb201fc190e)
 - New and modified: 0

[26/Apr/2023:17:01:03] DELETING PREPAGATI (JobID: 352ea303-5df8-424b-b728-6fb201fc190e)
 - Deleted: 0

[26/Apr/2023:17:10:04] UPDATING ACCOUNTS (JobID: f152d6f1-cbd0-4008-ab07-6e82a5662155)
 - New and modified: 0

[26/Apr/2023:17:10:04] DELETING ACCOUNTS (JobID: f152d6f1-cbd0-4008-ab07-6e82a5662155)
 - Deleted: 0

[26/Apr/2023:17:10:41] UPDATING PRODUCTS (JobID: 14133025-bca7-4e37-bf62-4731901e4204)
 - New and modified: 0

[26/Apr/2023:17:10:43] UPDATING PREPAGATI (JobID: 4f7c65d2-6516-4c17-9cc5-3099f52e2700)
 - New and modified: 0

[26/Apr/2023:17:10:43] DELETING PREPAGATI (JobID: 4f7c65d2-6516-4c17-9cc5-3099f52e2700)
 - Deleted: 0

[26/Apr/2023:17:20:04] UPDATING ACCOUNTS (JobID: d268956a-3d3e-4eef-9a6f-6a652176bae1)
 - New and modified: 0

[26/Apr/2023:17:20:04] DELETING ACCOUNTS (JobID: d268956a-3d3e-4eef-9a6f-6a652176bae1)
 - Deleted: 0

[26/Apr/2023:17:20:43] UPDATING PRODUCTS (JobID: f192f457-e7f7-49f7-9e5e-b185423137c3)
 - New and modified: 0

[26/Apr/2023:17:20:45] UPDATING PREPAGATI (JobID: 1c03a448-2c8b-44c0-bbd2-e3bd1a45929b)
 - New and modified: 0

[26/Apr/2023:17:20:45] DELETING PREPAGATI (JobID: 1c03a448-2c8b-44c0-bbd2-e3bd1a45929b)
 - Deleted: 0

[26/Apr/2023:17:30:04] UPDATING ACCOUNTS (JobID: 4fd5832e-05ef-4e90-8e59-c69dd077ed74)
 - New and modified: 0

[26/Apr/2023:17:30:04] DELETING ACCOUNTS (JobID: 4fd5832e-05ef-4e90-8e59-c69dd077ed74)
 - Deleted: 0

[26/Apr/2023:17:30:37] UPDATING PRODUCTS (JobID: fa7b80af-8a1e-44eb-95e7-19862009e110)
 - New and modified: 0

[26/Apr/2023:17:30:39] UPDATING PREPAGATI (JobID: d08ceeac-e5cd-45b3-9115-1cc810ab58df)
 - New and modified: 0

[26/Apr/2023:17:30:39] DELETING PREPAGATI (JobID: d08ceeac-e5cd-45b3-9115-1cc810ab58df)
 - Deleted: 0

[26/Apr/2023:17:40:06] UPDATING ACCOUNTS (JobID: f48f1bd4-8024-4edc-bc4f-001321c93643)
 - New and modified: 0

[26/Apr/2023:17:40:06] DELETING ACCOUNTS (JobID: f48f1bd4-8024-4edc-bc4f-001321c93643)
 - Deleted: 0

[26/Apr/2023:17:40:44] UPDATING PRODUCTS (JobID: 71bef413-1e75-433e-9a6a-d85b07ac5485)
 - New and modified: 0

[26/Apr/2023:17:40:46] UPDATING PREPAGATI (JobID: 8def855d-1a68-43c2-b8e5-3d3c65f2354b)
 - New and modified: 0

[26/Apr/2023:17:40:47] DELETING PREPAGATI (JobID: 8def855d-1a68-43c2-b8e5-3d3c65f2354b)
 - Deleted: 0

[26/Apr/2023:17:50:06] UPDATING ACCOUNTS (JobID: 529c6d48-bb95-4e1b-8fcd-1a16e1aafecb)
 - New and modified: 0

[26/Apr/2023:17:50:06] DELETING ACCOUNTS (JobID: 529c6d48-bb95-4e1b-8fcd-1a16e1aafecb)
 - Deleted: 0

[26/Apr/2023:17:50:40] UPDATING PRODUCTS (JobID: 3f6283c0-679c-49ec-ae2b-7e8f09f68fac)
 - New and modified: 0

[26/Apr/2023:17:50:42] UPDATING PREPAGATI (JobID: f4f5ec0f-e554-49fd-9649-82ab10d66c9a)
 - New and modified: 0

[26/Apr/2023:17:50:42] DELETING PREPAGATI (JobID: f4f5ec0f-e554-49fd-9649-82ab10d66c9a)
 - Deleted: 0

[26/Apr/2023:18:00:07] UPDATING ACCOUNTS (JobID: 574fd8ec-89a2-46bc-87a7-6c15846a5f1d)
 - New and modified: 0

[26/Apr/2023:18:00:07] DELETING ACCOUNTS (JobID: 574fd8ec-89a2-46bc-87a7-6c15846a5f1d)
 - Deleted: 0

[26/Apr/2023:18:00:50] UPDATING PRODUCTS (JobID: 9b09d1ec-23c5-402b-a2f8-03bb77b097e6)
 - New and modified: 0

[26/Apr/2023:18:00:52] UPDATING PREPAGATI (JobID: 6716cd53-a035-4dfb-a8f5-26eb09e0f534)
 - New and modified: 0

[26/Apr/2023:18:00:52] DELETING PREPAGATI (JobID: 6716cd53-a035-4dfb-a8f5-26eb09e0f534)
 - Deleted: 0

[26/Apr/2023:18:10:04] UPDATING ACCOUNTS (JobID: e58353a4-340e-4a1d-8045-771c6aab03a9)
 - New and modified: 0

[26/Apr/2023:18:10:04] DELETING ACCOUNTS (JobID: e58353a4-340e-4a1d-8045-771c6aab03a9)
 - Deleted: 0

[26/Apr/2023:18:10:41] UPDATING PRODUCTS (JobID: 4b202be1-9d47-438e-abb0-81f086403398)
 - New and modified: 0

[26/Apr/2023:18:10:44] UPDATING PREPAGATI (JobID: 75095e88-7460-4499-addf-276f52d28ff9)
 - New and modified: 0

[26/Apr/2023:18:10:44] DELETING PREPAGATI (JobID: 75095e88-7460-4499-addf-276f52d28ff9)
 - Deleted: 0

[26/Apr/2023:18:20:07] UPDATING ACCOUNTS (JobID: 9cf65f7d-3207-42b6-9c4a-26ef004977b1)
 - New and modified: 0

[26/Apr/2023:18:20:07] DELETING ACCOUNTS (JobID: 9cf65f7d-3207-42b6-9c4a-26ef004977b1)
 - Deleted: 0

[26/Apr/2023:18:20:54] UPDATING PRODUCTS (JobID: 892ae4e3-2dc2-4096-b4ae-d441e07265f4)
 - New and modified: 0

[26/Apr/2023:18:20:57] UPDATING PREPAGATI (JobID: 474a1313-9531-4cb6-a9e0-7ed539644b23)
 - New and modified: 0

[26/Apr/2023:18:20:57] DELETING PREPAGATI (JobID: 474a1313-9531-4cb6-a9e0-7ed539644b23)
 - Deleted: 0

[26/Apr/2023:18:30:05] UPDATING ACCOUNTS (JobID: a4453a3c-e621-4ed1-91e3-33530f58515c)
 - New and modified: 0

[26/Apr/2023:18:30:05] DELETING ACCOUNTS (JobID: a4453a3c-e621-4ed1-91e3-33530f58515c)
 - Deleted: 0

[26/Apr/2023:18:30:42] UPDATING PRODUCTS (JobID: 3a5a8f29-12ad-413b-b7bd-63245e4fecd5)
 - New and modified: 0

[26/Apr/2023:18:30:44] UPDATING PREPAGATI (JobID: 6179a30a-e315-466a-8096-b6feaaa44acf)
 - New and modified: 0

[26/Apr/2023:18:30:44] DELETING PREPAGATI (JobID: 6179a30a-e315-466a-8096-b6feaaa44acf)
 - Deleted: 0

[26/Apr/2023:18:40:04] UPDATING ACCOUNTS (JobID: 63eb3264-9e8d-4d7f-8a6b-030e18b0edc4)
 - New and modified: 0

[26/Apr/2023:18:40:04] DELETING ACCOUNTS (JobID: 63eb3264-9e8d-4d7f-8a6b-030e18b0edc4)
 - Deleted: 0

[26/Apr/2023:18:40:40] UPDATING PRODUCTS (JobID: a892bbbc-f009-4c25-a271-779b27e9b79a)
 - New and modified: 0

[26/Apr/2023:18:40:45] UPDATING PREPAGATI (JobID: c8f91a0a-1b3e-428c-a39a-5934c717fc7e)
 - New and modified: 0

[26/Apr/2023:18:40:45] DELETING PREPAGATI (JobID: c8f91a0a-1b3e-428c-a39a-5934c717fc7e)
 - Deleted: 0

[26/Apr/2023:18:50:05] UPDATING ACCOUNTS (JobID: c41164c4-01f2-4e3c-8d66-c8b600f6d332)
 - New and modified: 0

[26/Apr/2023:18:50:05] DELETING ACCOUNTS (JobID: c41164c4-01f2-4e3c-8d66-c8b600f6d332)
 - Deleted: 0

[26/Apr/2023:18:50:43] UPDATING PRODUCTS (JobID: 844d0360-9ad0-481c-aea3-a122dafc6474)
 - New and modified: 0

[26/Apr/2023:18:50:45] UPDATING PREPAGATI (JobID: ccf69a9e-2895-402a-8f10-ebea0f25881e)
 - New and modified: 0

[26/Apr/2023:18:50:45] DELETING PREPAGATI (JobID: ccf69a9e-2895-402a-8f10-ebea0f25881e)
 - Deleted: 0

[26/Apr/2023:19:00:26] UPDATING ACCOUNTS (JobID: 847cbaa2-1b00-4c47-a1db-1021888d3768)
 - New and modified: 0

[26/Apr/2023:19:00:26] DELETING ACCOUNTS (JobID: 847cbaa2-1b00-4c47-a1db-1021888d3768)
 - Deleted: 0

[26/Apr/2023:19:01:02] UPDATING PRODUCTS (JobID: a81ce124-d82d-43c9-b19e-e46f28e64035)
 - New and modified: 0

[26/Apr/2023:19:01:04] UPDATING PREPAGATI (JobID: d16404d8-8d48-4fae-8aae-353bb3692ecd)
 - New and modified: 0

[26/Apr/2023:19:01:04] DELETING PREPAGATI (JobID: d16404d8-8d48-4fae-8aae-353bb3692ecd)
 - Deleted: 0

[26/Apr/2023:19:10:04] UPDATING ACCOUNTS (JobID: 28d99d29-97cf-4397-afaf-d6eb6d19ba51)
 - New and modified: 0

[26/Apr/2023:19:10:04] DELETING ACCOUNTS (JobID: 28d99d29-97cf-4397-afaf-d6eb6d19ba51)
 - Deleted: 0

[26/Apr/2023:19:10:38] UPDATING PRODUCTS (JobID: 60b1e997-c0ff-493d-88c0-5076660e340c)
 - New and modified: 0

[26/Apr/2023:19:10:40] UPDATING PREPAGATI (JobID: f23bdfd9-652a-47ff-91de-f8652195a1df)
 - New and modified: 0

[26/Apr/2023:19:10:40] DELETING PREPAGATI (JobID: f23bdfd9-652a-47ff-91de-f8652195a1df)
 - Deleted: 0

[26/Apr/2023:19:20:05] UPDATING ACCOUNTS (JobID: 5aa2bc99-5aa8-47eb-8395-6d8d962c030a)
 - New and modified: 0

[26/Apr/2023:19:20:05] DELETING ACCOUNTS (JobID: 5aa2bc99-5aa8-47eb-8395-6d8d962c030a)
 - Deleted: 0

[26/Apr/2023:19:20:43] UPDATING PRODUCTS (JobID: 4a295416-df3a-45b4-8a9c-5863a74c9734)
 - New and modified: 0

[26/Apr/2023:19:20:45] UPDATING PREPAGATI (JobID: 70d971dc-0fa9-47e8-b2cd-9bbcf165f522)
 - New and modified: 0

[26/Apr/2023:19:20:45] DELETING PREPAGATI (JobID: 70d971dc-0fa9-47e8-b2cd-9bbcf165f522)
 - Deleted: 0

[26/Apr/2023:19:30:05] UPDATING ACCOUNTS (JobID: 875e0650-1a6c-49cc-a4af-a1c323f97455)
 - New and modified: 0

[26/Apr/2023:19:30:05] DELETING ACCOUNTS (JobID: 875e0650-1a6c-49cc-a4af-a1c323f97455)
 - Deleted: 0

[26/Apr/2023:19:30:39] UPDATING PRODUCTS (JobID: 6a447dec-af63-440b-8614-7049610234fb)
 - New and modified: 0

[26/Apr/2023:19:30:43] UPDATING PREPAGATI (JobID: 0141f54b-c8b6-4da5-bcb6-ad7f07aee410)
 - New and modified: 0

[26/Apr/2023:19:30:43] DELETING PREPAGATI (JobID: 0141f54b-c8b6-4da5-bcb6-ad7f07aee410)
 - Deleted: 0

[26/Apr/2023:19:40:04] UPDATING ACCOUNTS (JobID: 5abbcc76-7cce-4eac-8271-c133502f329f)
 - New and modified: 0

[26/Apr/2023:19:40:04] DELETING ACCOUNTS (JobID: 5abbcc76-7cce-4eac-8271-c133502f329f)
 - Deleted: 0

[26/Apr/2023:19:40:40] UPDATING PRODUCTS (JobID: ae41b625-0a5a-4240-826f-ad85ff3ffadc)
 - New and modified: 0

[26/Apr/2023:19:40:45] UPDATING PREPAGATI (JobID: b5657df3-d551-4337-a7b1-dea88e2bd33e)
 - New and modified: 0

[26/Apr/2023:19:40:45] DELETING PREPAGATI (JobID: b5657df3-d551-4337-a7b1-dea88e2bd33e)
 - Deleted: 0

[26/Apr/2023:19:50:04] UPDATING ACCOUNTS (JobID: a1a4d18d-9eff-4195-8fe6-00d7383f871d)
 - New and modified: 0

[26/Apr/2023:19:50:04] DELETING ACCOUNTS (JobID: a1a4d18d-9eff-4195-8fe6-00d7383f871d)
 - Deleted: 0

[26/Apr/2023:19:50:43] UPDATING PRODUCTS (JobID: b671bd6d-ab9c-49cf-bf51-5192c32312ca)
 - New and modified: 0

[26/Apr/2023:19:50:46] UPDATING PREPAGATI (JobID: bcba3cf6-728d-414a-90cc-cfd572c60c92)
 - New and modified: 0

[26/Apr/2023:19:50:46] DELETING PREPAGATI (JobID: bcba3cf6-728d-414a-90cc-cfd572c60c92)
 - Deleted: 0

[26/Apr/2023:20:00:06] UPDATING ACCOUNTS (JobID: 4773145a-8da1-4475-a514-59658ff4fa2b)
 - New and modified: 0

[26/Apr/2023:20:00:06] DELETING ACCOUNTS (JobID: 4773145a-8da1-4475-a514-59658ff4fa2b)
 - Deleted: 0

[26/Apr/2023:20:00:39] UPDATING PRODUCTS (JobID: b027cd92-ef1f-477d-ada7-5435aeb2ac40)
 - New and modified: 0

[26/Apr/2023:20:00:41] UPDATING PREPAGATI (JobID: 6ddd5bbb-490f-42a0-9f73-206737b3b3c3)
 - New and modified: 0

[26/Apr/2023:20:00:41] DELETING PREPAGATI (JobID: 6ddd5bbb-490f-42a0-9f73-206737b3b3c3)
 - Deleted: 0

[26/Apr/2023:20:10:04] UPDATING ACCOUNTS (JobID: 7023cb67-4698-4078-9ad3-874bf7f5c420)
 - New and modified: 0

[26/Apr/2023:20:10:04] DELETING ACCOUNTS (JobID: 7023cb67-4698-4078-9ad3-874bf7f5c420)
 - Deleted: 0

[26/Apr/2023:20:10:40] UPDATING PRODUCTS (JobID: 04865d26-02e5-4cbd-a31d-8fd6ac60d92d)
 - New and modified: 0

[26/Apr/2023:20:10:42] UPDATING PREPAGATI (JobID: 71ef6142-4885-4b01-93d2-afb816ad60cc)
 - New and modified: 0

[26/Apr/2023:20:10:42] DELETING PREPAGATI (JobID: 71ef6142-4885-4b01-93d2-afb816ad60cc)
 - Deleted: 0

[26/Apr/2023:20:20:04] UPDATING ACCOUNTS (JobID: a3800dea-bec5-47a2-a7c8-45dac7b195dd)
 - New and modified: 0

[26/Apr/2023:20:20:04] DELETING ACCOUNTS (JobID: a3800dea-bec5-47a2-a7c8-45dac7b195dd)
 - Deleted: 0

[26/Apr/2023:20:20:41] UPDATING PRODUCTS (JobID: 684eec29-3d62-439a-9fb0-3adc4f6eaa4c)
 - New and modified: 0

[26/Apr/2023:20:20:43] UPDATING PREPAGATI (JobID: 23213ea7-6983-444d-8f89-8d76b561d652)
 - New and modified: 0

[26/Apr/2023:20:20:43] DELETING PREPAGATI (JobID: 23213ea7-6983-444d-8f89-8d76b561d652)
 - Deleted: 0

[26/Apr/2023:20:30:04] UPDATING ACCOUNTS (JobID: 3d7dacfb-1cea-4875-b6b5-c4c97336b5d6)
 - New and modified: 0

[26/Apr/2023:20:30:04] DELETING ACCOUNTS (JobID: 3d7dacfb-1cea-4875-b6b5-c4c97336b5d6)
 - Deleted: 0

[26/Apr/2023:20:30:43] UPDATING PRODUCTS (JobID: 21a52fea-2e03-4a8b-b50c-f72f1c0e33f3)
 - New and modified: 0

[26/Apr/2023:20:30:45] UPDATING PREPAGATI (JobID: ff9e84ce-8e0f-4766-9f40-48e28c7a7cae)
 - New and modified: 0

[26/Apr/2023:20:30:45] DELETING PREPAGATI (JobID: ff9e84ce-8e0f-4766-9f40-48e28c7a7cae)
 - Deleted: 0

[26/Apr/2023:20:40:04] UPDATING ACCOUNTS (JobID: b255d817-6ecf-4f56-a5fb-e83caaeea32f)
 - New and modified: 0

[26/Apr/2023:20:40:04] DELETING ACCOUNTS (JobID: b255d817-6ecf-4f56-a5fb-e83caaeea32f)
 - Deleted: 0

[26/Apr/2023:20:40:39] UPDATING PRODUCTS (JobID: bffe29eb-3023-42b4-8b17-63a774e12e84)
 - New and modified: 0

[26/Apr/2023:20:40:41] UPDATING PREPAGATI (JobID: 1f8884eb-4a10-4054-be91-f3e00921c94a)
 - New and modified: 0

[26/Apr/2023:20:40:41] DELETING PREPAGATI (JobID: 1f8884eb-4a10-4054-be91-f3e00921c94a)
 - Deleted: 0

[26/Apr/2023:20:50:05] UPDATING ACCOUNTS (JobID: c553fdd3-b848-4a16-b24c-0aeaa7be5697)
 - New and modified: 0

[26/Apr/2023:20:50:05] DELETING ACCOUNTS (JobID: c553fdd3-b848-4a16-b24c-0aeaa7be5697)
 - Deleted: 0

[26/Apr/2023:20:50:41] UPDATING PRODUCTS (JobID: df4117f1-0a2a-4f4f-ad2e-e492ca3aae33)
 - New and modified: 0

[26/Apr/2023:20:50:43] UPDATING PREPAGATI (JobID: 4e46cc46-f358-44c2-98d2-153f344f26dd)
 - New and modified: 0

[26/Apr/2023:20:50:43] DELETING PREPAGATI (JobID: 4e46cc46-f358-44c2-98d2-153f344f26dd)
 - Deleted: 0

[26/Apr/2023:21:00:04] UPDATING ACCOUNTS (JobID: f967613f-98b9-4f51-8d2d-49586dd3b1b9)
 - New and modified: 0

[26/Apr/2023:21:00:04] DELETING ACCOUNTS (JobID: f967613f-98b9-4f51-8d2d-49586dd3b1b9)
 - Deleted: 0

[26/Apr/2023:21:00:45] UPDATING PRODUCTS (JobID: d4ddd271-57e9-475a-a69d-d6d0c44e0143)
 - New and modified: 0

[26/Apr/2023:21:00:48] UPDATING PREPAGATI (JobID: 9a3e2eb1-58e1-4455-ae90-8d1097c7642a)
 - New and modified: 0

[26/Apr/2023:21:00:48] DELETING PREPAGATI (JobID: 9a3e2eb1-58e1-4455-ae90-8d1097c7642a)
 - Deleted: 0

[26/Apr/2023:21:10:04] UPDATING ACCOUNTS (JobID: 94f217de-5e31-4e97-a076-518da9dd5634)
 - New and modified: 0

[26/Apr/2023:21:10:04] DELETING ACCOUNTS (JobID: 94f217de-5e31-4e97-a076-518da9dd5634)
 - Deleted: 0

[26/Apr/2023:21:10:41] UPDATING PRODUCTS (JobID: 2e14648a-2155-46cf-a3d3-fd65c9d21c32)
 - New and modified: 0

[26/Apr/2023:21:10:43] UPDATING PREPAGATI (JobID: 71d386bc-2bea-4950-9503-a258566334aa)
 - New and modified: 0

[26/Apr/2023:21:10:43] DELETING PREPAGATI (JobID: 71d386bc-2bea-4950-9503-a258566334aa)
 - Deleted: 0

[26/Apr/2023:21:20:04] UPDATING ACCOUNTS (JobID: a155afed-053d-4aef-94a2-329aa2d1d517)
 - New and modified: 0

[26/Apr/2023:21:20:04] DELETING ACCOUNTS (JobID: a155afed-053d-4aef-94a2-329aa2d1d517)
 - Deleted: 0

[26/Apr/2023:21:20:43] UPDATING PRODUCTS (JobID: 4e76e9f4-af59-4055-b70b-5ad407f58e1c)
 - New and modified: 0

[26/Apr/2023:21:20:45] UPDATING PREPAGATI (JobID: 4363f20e-9e31-4730-af93-0677d707bd1b)
 - New and modified: 0

[26/Apr/2023:21:20:45] DELETING PREPAGATI (JobID: 4363f20e-9e31-4730-af93-0677d707bd1b)
 - Deleted: 0

[26/Apr/2023:21:30:05] UPDATING ACCOUNTS (JobID: 0b53fbe4-8161-4fc4-882b-f176050a5601)
 - New and modified: 0

[26/Apr/2023:21:30:05] DELETING ACCOUNTS (JobID: 0b53fbe4-8161-4fc4-882b-f176050a5601)
 - Deleted: 0

[26/Apr/2023:21:30:42] UPDATING PRODUCTS (JobID: d879e560-ec82-4439-a466-304eaf39e504)
 - New and modified: 0

[26/Apr/2023:21:30:44] UPDATING PREPAGATI (JobID: d7e396d5-da98-4435-bf4c-0c150ace7fd8)
 - New and modified: 0

[26/Apr/2023:21:30:44] DELETING PREPAGATI (JobID: d7e396d5-da98-4435-bf4c-0c150ace7fd8)
 - Deleted: 0

[26/Apr/2023:21:40:04] UPDATING ACCOUNTS (JobID: 7a3e8360-1049-4758-a3aa-ba63ac2c70af)
 - New and modified: 0

[26/Apr/2023:21:40:04] DELETING ACCOUNTS (JobID: 7a3e8360-1049-4758-a3aa-ba63ac2c70af)
 - Deleted: 0

[26/Apr/2023:21:40:39] UPDATING PRODUCTS (JobID: f86b50a2-975c-4708-8b41-7f6b13ea2702)
 - New and modified: 0

[26/Apr/2023:21:40:41] UPDATING PREPAGATI (JobID: 8b926eb8-3bdd-4dbb-8cc2-71cdeee01e93)
 - New and modified: 0

[26/Apr/2023:21:40:41] DELETING PREPAGATI (JobID: 8b926eb8-3bdd-4dbb-8cc2-71cdeee01e93)
 - Deleted: 0

[26/Apr/2023:21:50:04] UPDATING ACCOUNTS (JobID: 6ca27a18-c9e8-4d6c-a7b0-ef669226deb0)
 - New and modified: 0

[26/Apr/2023:21:50:04] DELETING ACCOUNTS (JobID: 6ca27a18-c9e8-4d6c-a7b0-ef669226deb0)
 - Deleted: 0

[26/Apr/2023:21:50:42] UPDATING PRODUCTS (JobID: d23efc05-5761-4ad9-8a08-fef7e3588ef7)
 - New and modified: 0

[26/Apr/2023:21:50:44] UPDATING PREPAGATI (JobID: fa1ffc03-36e9-4223-9f1f-c00420afc500)
 - New and modified: 0

[26/Apr/2023:21:50:44] DELETING PREPAGATI (JobID: fa1ffc03-36e9-4223-9f1f-c00420afc500)
 - Deleted: 0

[26/Apr/2023:22:00:09] UPDATING ACCOUNTS (JobID: e7015a34-a9d8-4aea-9ce6-13d1c1370f44)
 - New and modified: 0

[26/Apr/2023:22:00:09] DELETING ACCOUNTS (JobID: e7015a34-a9d8-4aea-9ce6-13d1c1370f44)
 - Deleted: 0

[26/Apr/2023:22:00:49] UPDATING PRODUCTS (JobID: e34a0c5b-789d-46ea-a51f-64120a97f84d)
 - New and modified: 0

[26/Apr/2023:22:00:53] UPDATING PREPAGATI (JobID: 342e9052-4575-4db0-9ce1-8459d421b9ba)
 - New and modified: 0

[26/Apr/2023:22:00:53] DELETING PREPAGATI (JobID: 342e9052-4575-4db0-9ce1-8459d421b9ba)
 - Deleted: 0

[26/Apr/2023:22:10:04] UPDATING ACCOUNTS (JobID: 42253c67-3d74-4886-beaa-24c44cab552f)
 - New and modified: 0

[26/Apr/2023:22:10:04] DELETING ACCOUNTS (JobID: 42253c67-3d74-4886-beaa-24c44cab552f)
 - Deleted: 0

[26/Apr/2023:22:10:38] UPDATING PRODUCTS (JobID: f520b535-a051-4284-a203-1b7f975a6f17)
 - New and modified: 0

[26/Apr/2023:22:10:40] UPDATING PREPAGATI (JobID: efcc2f7c-7fed-43c5-83ee-8858fac45b5d)
 - New and modified: 0

[26/Apr/2023:22:10:40] DELETING PREPAGATI (JobID: efcc2f7c-7fed-43c5-83ee-8858fac45b5d)
 - Deleted: 0

[26/Apr/2023:22:20:04] UPDATING ACCOUNTS (JobID: ad4a914f-3169-402d-a95d-fe9d4291a53c)
 - New and modified: 0

[26/Apr/2023:22:20:04] DELETING ACCOUNTS (JobID: ad4a914f-3169-402d-a95d-fe9d4291a53c)
 - Deleted: 0

[26/Apr/2023:22:20:40] UPDATING PRODUCTS (JobID: e8004a87-27ec-43a5-aaf3-8b7540961e23)
 - New and modified: 0

[26/Apr/2023:22:20:42] UPDATING PREPAGATI (JobID: fc930f39-caee-4924-b2ff-89c4758d33e9)
 - New and modified: 0

[26/Apr/2023:22:20:42] DELETING PREPAGATI (JobID: fc930f39-caee-4924-b2ff-89c4758d33e9)
 - Deleted: 0

[26/Apr/2023:22:30:04] UPDATING ACCOUNTS (JobID: 6af947fb-1ff7-4bd1-a368-7808f9795c9c)
 - New and modified: 0

[26/Apr/2023:22:30:04] DELETING ACCOUNTS (JobID: 6af947fb-1ff7-4bd1-a368-7808f9795c9c)
 - Deleted: 0

[26/Apr/2023:22:30:41] UPDATING PRODUCTS (JobID: 77257d01-66a9-456f-8650-df76945660d5)
 - New and modified: 0

[26/Apr/2023:22:30:43] UPDATING PREPAGATI (JobID: 31a3ff8d-c00e-4f6b-9d93-d20ffbd612cf)
 - New and modified: 0

[26/Apr/2023:22:30:43] DELETING PREPAGATI (JobID: 31a3ff8d-c00e-4f6b-9d93-d20ffbd612cf)
 - Deleted: 0

[26/Apr/2023:22:40:04] UPDATING ACCOUNTS (JobID: cf21cd46-676c-40ec-a93e-8fd4e985e2ae)
 - New and modified: 0

[26/Apr/2023:22:40:04] DELETING ACCOUNTS (JobID: cf21cd46-676c-40ec-a93e-8fd4e985e2ae)
 - Deleted: 0

[26/Apr/2023:22:40:38] UPDATING PRODUCTS (JobID: 57cc5947-99ae-4e4b-b9c3-5d336c351968)
 - New and modified: 0

[26/Apr/2023:22:40:40] UPDATING PREPAGATI (JobID: a3c9b9a2-00a7-4d47-92e9-1940ec60314d)
 - New and modified: 0

[26/Apr/2023:22:40:40] DELETING PREPAGATI (JobID: a3c9b9a2-00a7-4d47-92e9-1940ec60314d)
 - Deleted: 0

[26/Apr/2023:22:50:04] UPDATING ACCOUNTS (JobID: b8ca56af-ccb0-4b55-a816-0ff880860928)
 - New and modified: 0

[26/Apr/2023:22:50:04] DELETING ACCOUNTS (JobID: b8ca56af-ccb0-4b55-a816-0ff880860928)
 - Deleted: 0

[26/Apr/2023:22:50:40] UPDATING PRODUCTS (JobID: 25d6d2fd-6888-4200-8e7d-b5c977da2e8b)
 - New and modified: 0

[26/Apr/2023:22:50:42] UPDATING PREPAGATI (JobID: 0c3e2f55-4025-441c-becf-11e0532889bf)
 - New and modified: 0

[26/Apr/2023:22:50:42] DELETING PREPAGATI (JobID: 0c3e2f55-4025-441c-becf-11e0532889bf)
 - Deleted: 0

[26/Apr/2023:23:00:04] UPDATING ACCOUNTS (JobID: a0e2c5f1-5c69-4363-aba4-25261de7c61d)
 - New and modified: 0

[26/Apr/2023:23:00:04] DELETING ACCOUNTS (JobID: a0e2c5f1-5c69-4363-aba4-25261de7c61d)
 - Deleted: 0

[26/Apr/2023:23:00:41] UPDATING PRODUCTS (JobID: d154dfc8-ef43-48d9-8ac9-41cb9a567cc6)
 - New and modified: 0

[26/Apr/2023:23:00:43] UPDATING PREPAGATI (JobID: 0e2635bf-3aae-4d56-a424-fed28423a4dc)
 - New and modified: 0

[26/Apr/2023:23:00:43] DELETING PREPAGATI (JobID: 0e2635bf-3aae-4d56-a424-fed28423a4dc)
 - Deleted: 0

[26/Apr/2023:23:10:04] UPDATING ACCOUNTS (JobID: 5d3e263a-7066-44bf-a332-222d916d059b)
 - New and modified: 0

[26/Apr/2023:23:10:04] DELETING ACCOUNTS (JobID: 5d3e263a-7066-44bf-a332-222d916d059b)
 - Deleted: 0

[26/Apr/2023:23:10:39] UPDATING PRODUCTS (JobID: 572f1ed9-8315-4479-9e77-0d9712a4cc58)
 - New and modified: 0

[26/Apr/2023:23:10:40] UPDATING PREPAGATI (JobID: 936bbe65-fb33-4ad7-b819-d5a256dfc376)
 - New and modified: 0

[26/Apr/2023:23:10:40] DELETING PREPAGATI (JobID: 936bbe65-fb33-4ad7-b819-d5a256dfc376)
 - Deleted: 0

[26/Apr/2023:23:20:04] UPDATING ACCOUNTS (JobID: 4ffaad43-fe3f-41c7-8f9f-76299f83e8c0)
 - New and modified: 0

[26/Apr/2023:23:20:04] DELETING ACCOUNTS (JobID: 4ffaad43-fe3f-41c7-8f9f-76299f83e8c0)
 - Deleted: 0

[26/Apr/2023:23:20:39] UPDATING PRODUCTS (JobID: 7c81cb25-0e1a-434a-857a-93be9a3b7e23)
 - New and modified: 0

[26/Apr/2023:23:20:41] UPDATING PREPAGATI (JobID: bba677d2-a51a-4d61-ae68-3d326bc9c885)
 - New and modified: 0

[26/Apr/2023:23:20:41] DELETING PREPAGATI (JobID: bba677d2-a51a-4d61-ae68-3d326bc9c885)
 - Deleted: 0

[26/Apr/2023:23:30:04] UPDATING ACCOUNTS (JobID: 64597183-6df4-4d9e-b172-bfc722fd4f28)
 - New and modified: 0

[26/Apr/2023:23:30:04] DELETING ACCOUNTS (JobID: 64597183-6df4-4d9e-b172-bfc722fd4f28)
 - Deleted: 0

[26/Apr/2023:23:30:39] UPDATING PRODUCTS (JobID: 43e3fe77-9ecf-4957-9f97-f26ed8a37f7a)
 - New and modified: 0

[26/Apr/2023:23:30:41] UPDATING PREPAGATI (JobID: de506a6d-fd1b-481d-9b05-f53d311b8e7c)
 - New and modified: 0

[26/Apr/2023:23:30:41] DELETING PREPAGATI (JobID: de506a6d-fd1b-481d-9b05-f53d311b8e7c)
 - Deleted: 0

[26/Apr/2023:23:40:05] UPDATING ACCOUNTS (JobID: 6da984ef-7bf8-4ae3-91f3-63fae40f0146)
 - New and modified: 0

[26/Apr/2023:23:40:05] DELETING ACCOUNTS (JobID: 6da984ef-7bf8-4ae3-91f3-63fae40f0146)
 - Deleted: 0

[26/Apr/2023:23:40:39] UPDATING PRODUCTS (JobID: 4bb30dac-7388-48d1-a64e-ccf3e6fbe5ac)
 - New and modified: 0

[26/Apr/2023:23:40:41] UPDATING PREPAGATI (JobID: 9ceca954-19a2-4315-82c5-9327a09091df)
 - New and modified: 0

[26/Apr/2023:23:40:41] DELETING PREPAGATI (JobID: 9ceca954-19a2-4315-82c5-9327a09091df)
 - Deleted: 0

[26/Apr/2023:23:50:04] UPDATING ACCOUNTS (JobID: c8ca5077-fd95-497f-9765-36487c0dc917)
 - New and modified: 0

[26/Apr/2023:23:50:04] DELETING ACCOUNTS (JobID: c8ca5077-fd95-497f-9765-36487c0dc917)
 - Deleted: 0

[26/Apr/2023:23:50:39] UPDATING PRODUCTS (JobID: 01494162-4eb4-42e7-ba56-478dd3573292)
 - New and modified: 0

[26/Apr/2023:23:50:41] UPDATING PREPAGATI (JobID: c6e6bc50-7862-4ff9-b925-3a013cf8dfd3)
 - New and modified: 0

[26/Apr/2023:23:50:41] DELETING PREPAGATI (JobID: c6e6bc50-7862-4ff9-b925-3a013cf8dfd3)
 - Deleted: 0

