[22/Jun/2023:00:00:04] UPDATING ACCOUNTS (JobID: 1f7f44f0-f934-4b14-b04f-91de4db92fd1)
 - New and modified: 0

[22/Jun/2023:00:00:04] DELETING ACCOUNTS (JobID: 1f7f44f0-f934-4b14-b04f-91de4db92fd1)
 - Deleted: 0

[22/Jun/2023:00:00:35] UPDATING PRODUCTS (JobID: a4b43242-6412-482d-9eb0-f964612f32fe)
 - New and modified: 0

[22/Jun/2023:00:00:37] UPDATING PREPAGATI (JobID: 963926bd-b509-496b-ba7b-39e1e9cd5971)
 - New and modified: 0

[22/Jun/2023:00:00:37] DELETING PREPAGATI (JobID: 963926bd-b509-496b-ba7b-39e1e9cd5971)
 - Deleted: 0

[22/Jun/2023:00:10:04] UPDATING ACCOUNTS (JobID: 8f65ee5a-ece8-4cb5-b859-6dab4efcdc33)
 - New and modified: 0

[22/Jun/2023:00:10:04] DELETING ACCOUNTS (JobID: 8f65ee5a-ece8-4cb5-b859-6dab4efcdc33)
 - Deleted: 0

[22/Jun/2023:00:10:34] UPDATING PRODUCTS (JobID: 51f3ac7f-2c33-4b6b-a3fe-3df6d5ff0d8c)
 - New and modified: 0

[22/Jun/2023:00:10:36] UPDATING PREPAGATI (JobID: f6668160-f675-419f-9b72-bdc5abb0bc82)
 - New and modified: 0

[22/Jun/2023:00:10:36] DELETING PREPAGATI (JobID: f6668160-f675-419f-9b72-bdc5abb0bc82)
 - Deleted: 0

[22/Jun/2023:00:20:04] UPDATING ACCOUNTS (JobID: 9d2acdfe-c235-42ae-ad73-50a253007047)
 - New and modified: 0

[22/Jun/2023:00:20:04] DELETING ACCOUNTS (JobID: 9d2acdfe-c235-42ae-ad73-50a253007047)
 - Deleted: 0

[22/Jun/2023:00:20:35] UPDATING PRODUCTS (JobID: 1cdc146b-32fc-4567-904b-3de4b985aadf)
 - New and modified: 0

[22/Jun/2023:00:20:36] UPDATING PREPAGATI (JobID: 98e55b34-e6cb-43f6-b969-dbbd1a6f6f97)
 - New and modified: 0

[22/Jun/2023:00:20:36] DELETING PREPAGATI (JobID: 98e55b34-e6cb-43f6-b969-dbbd1a6f6f97)
 - Deleted: 0

[22/Jun/2023:00:30:04] UPDATING ACCOUNTS (JobID: 0fb06d09-91e5-4b99-8de2-1a82f369e0de)
 - New and modified: 0

[22/Jun/2023:00:30:04] DELETING ACCOUNTS (JobID: 0fb06d09-91e5-4b99-8de2-1a82f369e0de)
 - Deleted: 0

[22/Jun/2023:00:30:37] UPDATING PRODUCTS (JobID: 301ced79-1a2e-4ef5-9566-369b6f2d177c)
 - New and modified: 0

[22/Jun/2023:00:30:38] UPDATING PREPAGATI (JobID: 97109334-93cc-4fd8-8f44-4efea405fe83)
 - New and modified: 0

[22/Jun/2023:00:30:38] DELETING PREPAGATI (JobID: 97109334-93cc-4fd8-8f44-4efea405fe83)
 - Deleted: 0

[22/Jun/2023:00:40:04] UPDATING ACCOUNTS (JobID: e59557c6-9750-4c63-92be-759d3b7d35db)
 - New and modified: 0

[22/Jun/2023:00:40:04] DELETING ACCOUNTS (JobID: e59557c6-9750-4c63-92be-759d3b7d35db)
 - Deleted: 0

[22/Jun/2023:00:40:35] UPDATING PRODUCTS (JobID: 84e32979-2458-4396-979f-ab5469533257)
 - New and modified: 0

[22/Jun/2023:00:40:37] UPDATING PREPAGATI (JobID: 3a9c0f26-a1a2-4e35-a1fc-1f947e012569)
 - New and modified: 0

[22/Jun/2023:00:40:37] DELETING PREPAGATI (JobID: 3a9c0f26-a1a2-4e35-a1fc-1f947e012569)
 - Deleted: 0

[22/Jun/2023:00:50:04] UPDATING ACCOUNTS (JobID: c1d95079-ba56-47cc-ab71-e5089b326f90)
 - New and modified: 0

[22/Jun/2023:00:50:04] DELETING ACCOUNTS (JobID: c1d95079-ba56-47cc-ab71-e5089b326f90)
 - Deleted: 0

[22/Jun/2023:00:50:35] UPDATING PRODUCTS (JobID: 09c58296-3e50-421d-ad4d-5ec2520663cb)
 - New and modified: 0

[22/Jun/2023:00:50:37] UPDATING PREPAGATI (JobID: e4d567af-0637-4bdc-9fdc-72bb1c0b35bf)
 - New and modified: 0

[22/Jun/2023:00:50:37] DELETING PREPAGATI (JobID: e4d567af-0637-4bdc-9fdc-72bb1c0b35bf)
 - Deleted: 0

[22/Jun/2023:01:00:04] UPDATING ACCOUNTS (JobID: 9a3ef818-aa5c-4158-bd5c-cec102a52284)
 - New and modified: 0

[22/Jun/2023:01:00:04] DELETING ACCOUNTS (JobID: 9a3ef818-aa5c-4158-bd5c-cec102a52284)
 - Deleted: 0

[22/Jun/2023:01:00:35] UPDATING PRODUCTS (JobID: a4a5f646-f34c-4c4a-8599-fdb86c03e970)
 - New and modified: 0

[22/Jun/2023:01:00:37] UPDATING PREPAGATI (JobID: 42ebf628-7fbd-4417-9f98-3ee57ce5be80)
 - New and modified: 0

[22/Jun/2023:01:00:37] DELETING PREPAGATI (JobID: 42ebf628-7fbd-4417-9f98-3ee57ce5be80)
 - Deleted: 0

[22/Jun/2023:01:10:04] UPDATING ACCOUNTS (JobID: 7ffe9359-6ddd-4b1c-8461-0c7d8ef3c35b)
 - New and modified: 0

[22/Jun/2023:01:10:04] DELETING ACCOUNTS (JobID: 7ffe9359-6ddd-4b1c-8461-0c7d8ef3c35b)
 - Deleted: 0

[22/Jun/2023:01:10:40] UPDATING PRODUCTS (JobID: 85d34df8-fbaf-4cd7-9662-07ef88635f0f)
 - New and modified: 0

[22/Jun/2023:01:10:42] UPDATING PREPAGATI (JobID: 5a37ffbc-7d1f-4546-9ad5-7e0ae26cda80)
 - New and modified: 0

[22/Jun/2023:01:10:42] DELETING PREPAGATI (JobID: 5a37ffbc-7d1f-4546-9ad5-7e0ae26cda80)
 - Deleted: 0

[22/Jun/2023:01:20:04] UPDATING ACCOUNTS (JobID: ed68ced3-1274-40ac-9764-6899197fd9b6)
 - New and modified: 0

[22/Jun/2023:01:20:04] DELETING ACCOUNTS (JobID: ed68ced3-1274-40ac-9764-6899197fd9b6)
 - Deleted: 0

[22/Jun/2023:01:20:38] UPDATING PRODUCTS (JobID: 901cba22-9155-429c-9312-fd704fea92c3)
 - New and modified: 0

[22/Jun/2023:01:20:40] UPDATING PREPAGATI (JobID: f200e70a-754c-43db-8e11-49a7394e2839)
 - New and modified: 0

[22/Jun/2023:01:20:40] DELETING PREPAGATI (JobID: f200e70a-754c-43db-8e11-49a7394e2839)
 - Deleted: 0

[22/Jun/2023:01:30:05] UPDATING ACCOUNTS (JobID: c0d5f659-6fd9-4a6e-beb2-47e5faa58a29)
 - New and modified: 0

[22/Jun/2023:01:30:05] DELETING ACCOUNTS (JobID: c0d5f659-6fd9-4a6e-beb2-47e5faa58a29)
 - Deleted: 0

[22/Jun/2023:01:30:39] UPDATING PRODUCTS (JobID: e873a255-74f4-4b49-8b04-0341ee4a795c)
 - New and modified: 0

[22/Jun/2023:01:30:41] UPDATING PREPAGATI (JobID: 62f0a939-fc56-4e79-a6cf-95f2554daf63)
 - New and modified: 0

[22/Jun/2023:01:30:41] DELETING PREPAGATI (JobID: 62f0a939-fc56-4e79-a6cf-95f2554daf63)
 - Deleted: 0

[22/Jun/2023:01:40:04] UPDATING ACCOUNTS (JobID: 645a506e-8c62-4b20-b0ab-62f3f9fec179)
 - New and modified: 0

[22/Jun/2023:01:40:04] DELETING ACCOUNTS (JobID: 645a506e-8c62-4b20-b0ab-62f3f9fec179)
 - Deleted: 0

[22/Jun/2023:01:40:37] UPDATING PRODUCTS (JobID: 48475b81-7d56-4ddf-ae08-6e096c7956a8)
 - New and modified: 0

[22/Jun/2023:01:40:39] UPDATING PREPAGATI (JobID: 4b347d43-8ab5-40ad-afe8-3a3683050da1)
 - New and modified: 0

[22/Jun/2023:01:40:39] DELETING PREPAGATI (JobID: 4b347d43-8ab5-40ad-afe8-3a3683050da1)
 - Deleted: 0

[22/Jun/2023:01:50:05] UPDATING ACCOUNTS (JobID: e223d909-69b5-452d-aa7a-5062ed62c2cb)
 - New and modified: 0

[22/Jun/2023:01:50:05] DELETING ACCOUNTS (JobID: e223d909-69b5-452d-aa7a-5062ed62c2cb)
 - Deleted: 0

[22/Jun/2023:01:50:38] UPDATING PRODUCTS (JobID: 9e4bc13e-86fa-46cb-b869-981fc18bca6b)
 - New and modified: 0

[22/Jun/2023:01:50:40] UPDATING PREPAGATI (JobID: bc424fa7-b98b-4b7e-a105-71313174b8c7)
 - New and modified: 0

[22/Jun/2023:01:50:40] DELETING PREPAGATI (JobID: bc424fa7-b98b-4b7e-a105-71313174b8c7)
 - Deleted: 0

[22/Jun/2023:02:00:05] UPDATING ACCOUNTS (JobID: 69209569-031b-4843-bb1c-b94f6255c3a1)
 - New and modified: 0

[22/Jun/2023:02:00:05] DELETING ACCOUNTS (JobID: 69209569-031b-4843-bb1c-b94f6255c3a1)
 - Deleted: 0

[22/Jun/2023:02:00:38] UPDATING PRODUCTS (JobID: a0de8c7c-2a25-4da2-9514-6057db3b833f)
 - New and modified: 0

[22/Jun/2023:02:00:40] UPDATING PREPAGATI (JobID: 084fea54-b0a3-4a71-9bce-5279c778e7f1)
 - New and modified: 0

[22/Jun/2023:02:00:40] DELETING PREPAGATI (JobID: 084fea54-b0a3-4a71-9bce-5279c778e7f1)
 - Deleted: 0

[22/Jun/2023:02:10:04] UPDATING ACCOUNTS (JobID: 8f39c501-743e-46d6-b803-5aca8d2372bd)
 - New and modified: 0

[22/Jun/2023:02:10:04] DELETING ACCOUNTS (JobID: 8f39c501-743e-46d6-b803-5aca8d2372bd)
 - Deleted: 0

[22/Jun/2023:02:10:37] UPDATING PRODUCTS (JobID: 3ab12fc5-db0b-4bae-86fd-021c681c52f8)
 - New and modified: 0

[22/Jun/2023:02:10:39] UPDATING PREPAGATI (JobID: 9affe42d-427b-4cbd-93ed-c471c9cf82ff)
 - New and modified: 0

[22/Jun/2023:02:10:39] DELETING PREPAGATI (JobID: 9affe42d-427b-4cbd-93ed-c471c9cf82ff)
 - Deleted: 0

[22/Jun/2023:02:20:05] UPDATING ACCOUNTS (JobID: 528b9248-79a6-400f-a823-3e8b364c9623)
 - New and modified: 0

[22/Jun/2023:02:20:05] DELETING ACCOUNTS (JobID: 528b9248-79a6-400f-a823-3e8b364c9623)
 - Deleted: 0

[22/Jun/2023:02:20:36] UPDATING PRODUCTS (JobID: c8e2d8ec-9e1c-4bdb-b63a-d3fc0b31b3f0)
 - New and modified: 0

[22/Jun/2023:02:20:38] UPDATING PREPAGATI (JobID: 8cc641dd-f4e9-43a6-aca4-658c571c3f2d)
 - New and modified: 0

[22/Jun/2023:02:20:38] DELETING PREPAGATI (JobID: 8cc641dd-f4e9-43a6-aca4-658c571c3f2d)
 - Deleted: 0

[22/Jun/2023:02:30:04] UPDATING ACCOUNTS (JobID: 6a512844-512d-465e-be3d-0cc077707dad)
 - New and modified: 0

[22/Jun/2023:02:30:04] DELETING ACCOUNTS (JobID: 6a512844-512d-465e-be3d-0cc077707dad)
 - Deleted: 0

[22/Jun/2023:02:30:36] UPDATING PRODUCTS (JobID: abb55e3b-08f1-4840-a9d2-c72fff045d17)
 - New and modified: 0

[22/Jun/2023:02:30:38] UPDATING PREPAGATI (JobID: e7c19d10-8a38-4c21-b0bc-bc42fdc58143)
 - New and modified: 0

[22/Jun/2023:02:30:38] DELETING PREPAGATI (JobID: e7c19d10-8a38-4c21-b0bc-bc42fdc58143)
 - Deleted: 0

[22/Jun/2023:02:40:04] UPDATING ACCOUNTS (JobID: dca31f72-a184-4ad3-b45a-9ce6ff8689ee)
 - New and modified: 0

[22/Jun/2023:02:40:04] DELETING ACCOUNTS (JobID: dca31f72-a184-4ad3-b45a-9ce6ff8689ee)
 - Deleted: 0

[22/Jun/2023:02:40:38] UPDATING PRODUCTS (JobID: 6bc901e5-b392-4943-b1e7-1d46ceef160c)
 - New and modified: 0

[22/Jun/2023:02:40:40] UPDATING PREPAGATI (JobID: e69712d3-6da3-42ab-bfa7-e6349a179c74)
 - New and modified: 0

[22/Jun/2023:02:40:40] DELETING PREPAGATI (JobID: e69712d3-6da3-42ab-bfa7-e6349a179c74)
 - Deleted: 0

[22/Jun/2023:02:50:05] UPDATING ACCOUNTS (JobID: dae9c854-dfb9-43b3-97fa-5cc9e6be46ec)
 - New and modified: 0

[22/Jun/2023:02:50:05] DELETING ACCOUNTS (JobID: dae9c854-dfb9-43b3-97fa-5cc9e6be46ec)
 - Deleted: 0

[22/Jun/2023:02:50:37] UPDATING PRODUCTS (JobID: 4aa9fc49-4d65-4711-a48b-7901134eccde)
 - New and modified: 0

[22/Jun/2023:02:50:39] UPDATING PREPAGATI (JobID: 5e82e143-80fa-4bea-a79d-e38462971e4d)
 - New and modified: 0

[22/Jun/2023:02:50:39] DELETING PREPAGATI (JobID: 5e82e143-80fa-4bea-a79d-e38462971e4d)
 - Deleted: 0

[22/Jun/2023:03:00:04] UPDATING ACCOUNTS (JobID: f3c133eb-0745-4258-8fd3-8b8ae26ab108)
 - New and modified: 0

[22/Jun/2023:03:00:04] DELETING ACCOUNTS (JobID: f3c133eb-0745-4258-8fd3-8b8ae26ab108)
 - Deleted: 0

[22/Jun/2023:03:00:37] UPDATING PRODUCTS (JobID: dd8f74a3-b9b6-4d1b-aae2-403c67af9c12)
 - New and modified: 0

[22/Jun/2023:03:00:39] UPDATING PREPAGATI (JobID: 47efd8a2-5cf3-42a1-956a-78d3b4c4f9a1)
 - New and modified: 0

[22/Jun/2023:03:00:39] DELETING PREPAGATI (JobID: 47efd8a2-5cf3-42a1-956a-78d3b4c4f9a1)
 - Deleted: 0

[22/Jun/2023:03:10:05] UPDATING ACCOUNTS (JobID: 02d463ea-405d-4c61-9723-2aaa8c680186)
 - New and modified: 0

[22/Jun/2023:03:10:05] DELETING ACCOUNTS (JobID: 02d463ea-405d-4c61-9723-2aaa8c680186)
 - Deleted: 0

[22/Jun/2023:03:10:37] UPDATING PRODUCTS (JobID: 0fdec250-0147-4be0-b3e3-bcc120e6d682)
 - New and modified: 0

[22/Jun/2023:03:10:39] UPDATING PREPAGATI (JobID: 4ecdd092-cbad-42a6-afe7-a60386d69fa7)
 - New and modified: 0

[22/Jun/2023:03:10:39] DELETING PREPAGATI (JobID: 4ecdd092-cbad-42a6-afe7-a60386d69fa7)
 - Deleted: 0

[22/Jun/2023:03:20:04] UPDATING ACCOUNTS (JobID: 90a4413c-9554-4e60-88d6-a9c790154259)
 - New and modified: 0

[22/Jun/2023:03:20:04] DELETING ACCOUNTS (JobID: 90a4413c-9554-4e60-88d6-a9c790154259)
 - Deleted: 0

[22/Jun/2023:03:20:36] UPDATING PRODUCTS (JobID: 8229a394-8a5c-4686-b92b-67959d1acf2e)
 - New and modified: 0

[22/Jun/2023:03:20:37] UPDATING PREPAGATI (JobID: 1e6b6c15-f262-4bbd-a02b-3bfd21d65e32)
 - New and modified: 0

[22/Jun/2023:03:20:37] DELETING PREPAGATI (JobID: 1e6b6c15-f262-4bbd-a02b-3bfd21d65e32)
 - Deleted: 0

[22/Jun/2023:03:30:04] UPDATING ACCOUNTS (JobID: 7826171b-dff0-4e80-8b0e-ffef2927dc6f)
 - New and modified: 0

[22/Jun/2023:03:30:04] DELETING ACCOUNTS (JobID: 7826171b-dff0-4e80-8b0e-ffef2927dc6f)
 - Deleted: 0

[22/Jun/2023:03:30:43] UPDATING PRODUCTS (JobID: 9c5795e9-2247-4e3f-a243-87a0894655c7)
 - New and modified: 0

[22/Jun/2023:03:30:45] UPDATING PREPAGATI (JobID: fcb63261-88fd-44a8-94b0-8c332cfb0edf)
 - New and modified: 0

[22/Jun/2023:03:30:45] DELETING PREPAGATI (JobID: fcb63261-88fd-44a8-94b0-8c332cfb0edf)
 - Deleted: 0

[22/Jun/2023:03:40:04] UPDATING ACCOUNTS (JobID: 14d8d6dd-555f-4a6f-8163-267908d49afb)
 - New and modified: 0

[22/Jun/2023:03:40:04] DELETING ACCOUNTS (JobID: 14d8d6dd-555f-4a6f-8163-267908d49afb)
 - Deleted: 0

[22/Jun/2023:03:40:38] UPDATING PRODUCTS (JobID: df933429-81b4-4d26-8574-d86f1030cfe3)
 - New and modified: 0

[22/Jun/2023:03:40:40] UPDATING PREPAGATI (JobID: f65a9e95-7206-42d5-a66a-9b7ad817ff84)
 - New and modified: 0

[22/Jun/2023:03:40:40] DELETING PREPAGATI (JobID: f65a9e95-7206-42d5-a66a-9b7ad817ff84)
 - Deleted: 0

[22/Jun/2023:03:50:05] UPDATING ACCOUNTS (JobID: a71c15ac-703f-4f9a-9939-be9a9a4c5039)
 - New and modified: 0

[22/Jun/2023:03:50:05] DELETING ACCOUNTS (JobID: a71c15ac-703f-4f9a-9939-be9a9a4c5039)
 - Deleted: 0

[22/Jun/2023:03:50:49] UPDATING PRODUCTS (JobID: 0d3d8084-34ec-40e4-8e8d-74129f59a1ed)
 - New and modified: 0

[22/Jun/2023:03:50:51] UPDATING PREPAGATI (JobID: 085e9b80-987f-4255-93d7-dcbe7c71e56c)
 - New and modified: 0

[22/Jun/2023:03:50:51] DELETING PREPAGATI (JobID: 085e9b80-987f-4255-93d7-dcbe7c71e56c)
 - Deleted: 0

[22/Jun/2023:04:00:05] UPDATING ACCOUNTS (JobID: 102fe051-c7a1-4ebb-b16b-79d1aca03365)
 - New and modified: 0

[22/Jun/2023:04:00:05] DELETING ACCOUNTS (JobID: 102fe051-c7a1-4ebb-b16b-79d1aca03365)
 - Deleted: 0

[22/Jun/2023:04:00:40] UPDATING PRODUCTS (JobID: ec15df04-4bed-447a-bad5-bf69ae6ad0fb)
 - New and modified: 0

[22/Jun/2023:04:00:42] UPDATING PREPAGATI (JobID: 96f55669-a95d-41b4-aee1-a3d233cffe4b)
 - New and modified: 0

[22/Jun/2023:04:00:42] DELETING PREPAGATI (JobID: 96f55669-a95d-41b4-aee1-a3d233cffe4b)
 - Deleted: 0

[22/Jun/2023:04:10:05] UPDATING ACCOUNTS (JobID: b3d186d8-7284-4d29-a3f2-bd31f2c0fa4a)
 - New and modified: 0

[22/Jun/2023:04:10:05] DELETING ACCOUNTS (JobID: b3d186d8-7284-4d29-a3f2-bd31f2c0fa4a)
 - Deleted: 0

[22/Jun/2023:04:10:38] UPDATING PRODUCTS (JobID: 3c096ec1-a949-4b9c-b29c-58df7ab99cb9)
 - New and modified: 0

[22/Jun/2023:04:10:40] UPDATING PREPAGATI (JobID: eb2db514-8eee-4966-964c-28304c2c8932)
 - New and modified: 0

[22/Jun/2023:04:10:40] DELETING PREPAGATI (JobID: eb2db514-8eee-4966-964c-28304c2c8932)
 - Deleted: 0

[22/Jun/2023:04:40:09] UPDATING ACCOUNTS (JobID: c7e36082-e6ec-432c-ae02-25eeb79821e8)
 - New and modified: 0

[22/Jun/2023:04:40:09] DELETING ACCOUNTS (JobID: c7e36082-e6ec-432c-ae02-25eeb79821e8)
 - Deleted: 0

[22/Jun/2023:04:40:41] UPDATING PRODUCTS (JobID: c3999efa-8b31-4932-a609-3ee2ce025d7a)
 - New and modified: 0

[22/Jun/2023:04:40:44] UPDATING PREPAGATI (JobID: 580c047d-4119-4add-94c8-f5781b0a5c5d)
 - New and modified: 0

[22/Jun/2023:04:40:44] DELETING PREPAGATI (JobID: 580c047d-4119-4add-94c8-f5781b0a5c5d)
 - Deleted: 0

[22/Jun/2023:04:50:04] UPDATING ACCOUNTS (JobID: f03abdb2-9971-40b2-8eb5-7082b1df170c)
 - New and modified: 0

[22/Jun/2023:04:50:04] DELETING ACCOUNTS (JobID: f03abdb2-9971-40b2-8eb5-7082b1df170c)
 - Deleted: 0

[22/Jun/2023:04:50:35] UPDATING PRODUCTS (JobID: 62067fb5-4cea-47a7-9c7c-d11284e585d9)
 - New and modified: 0

[22/Jun/2023:04:50:36] UPDATING PREPAGATI (JobID: d0e3c51f-b55e-45f0-af13-efac271460bb)
 - New and modified: 0

[22/Jun/2023:04:50:36] DELETING PREPAGATI (JobID: d0e3c51f-b55e-45f0-af13-efac271460bb)
 - Deleted: 0

[22/Jun/2023:05:00:04] UPDATING ACCOUNTS (JobID: ee944947-8c74-48c3-a82e-a7a1a19ed792)
 - New and modified: 0

[22/Jun/2023:05:00:04] DELETING ACCOUNTS (JobID: ee944947-8c74-48c3-a82e-a7a1a19ed792)
 - Deleted: 0

[22/Jun/2023:05:00:37] UPDATING PRODUCTS (JobID: bf60ca75-c9ec-410d-a29b-156f03fc7f7f)
 - New and modified: 0

[22/Jun/2023:05:00:38] UPDATING PREPAGATI (JobID: 45bf27db-896b-42ee-a522-ca0371c145ae)
 - New and modified: 0

[22/Jun/2023:05:00:38] DELETING PREPAGATI (JobID: 45bf27db-896b-42ee-a522-ca0371c145ae)
 - Deleted: 0

[22/Jun/2023:05:10:04] UPDATING ACCOUNTS (JobID: 39199cb5-68f8-4c7a-8b64-72abf53ad705)
 - New and modified: 0

[22/Jun/2023:05:10:04] DELETING ACCOUNTS (JobID: 39199cb5-68f8-4c7a-8b64-72abf53ad705)
 - Deleted: 0

[22/Jun/2023:05:10:35] UPDATING PRODUCTS (JobID: 0835bd96-f76e-44d0-a24c-4e9d1c0cffa9)
 - New and modified: 0

[22/Jun/2023:05:10:37] UPDATING PREPAGATI (JobID: 5913f3cd-8c7b-4fe2-ba7d-5a9e2b8fae2f)
 - New and modified: 0

[22/Jun/2023:05:10:37] DELETING PREPAGATI (JobID: 5913f3cd-8c7b-4fe2-ba7d-5a9e2b8fae2f)
 - Deleted: 0

[22/Jun/2023:05:20:04] UPDATING ACCOUNTS (JobID: 3e46710a-d7a5-44af-b462-3ff586266148)
 - New and modified: 0

[22/Jun/2023:05:20:04] DELETING ACCOUNTS (JobID: 3e46710a-d7a5-44af-b462-3ff586266148)
 - Deleted: 0

[22/Jun/2023:05:20:35] UPDATING PRODUCTS (JobID: 9b8d1430-e27a-493a-ba7b-d44c8fd14ce2)
 - New and modified: 0

[22/Jun/2023:05:20:36] UPDATING PREPAGATI (JobID: 0666259e-ddbb-4ad4-830f-c8f9bb29aba2)
 - New and modified: 0

[22/Jun/2023:05:20:36] DELETING PREPAGATI (JobID: 0666259e-ddbb-4ad4-830f-c8f9bb29aba2)
 - Deleted: 0

[22/Jun/2023:05:30:04] UPDATING ACCOUNTS (JobID: 6bcc15d6-00b9-4681-978b-c84b81631202)
 - New and modified: 0

[22/Jun/2023:05:30:04] DELETING ACCOUNTS (JobID: 6bcc15d6-00b9-4681-978b-c84b81631202)
 - Deleted: 0

[22/Jun/2023:05:30:35] UPDATING PRODUCTS (JobID: 44514da5-93aa-472b-b295-8639de175512)
 - New and modified: 0

[22/Jun/2023:05:30:37] UPDATING PREPAGATI (JobID: 6a2d1061-1dd9-4d49-9bcc-c8a0b6e2f52f)
 - New and modified: 0

[22/Jun/2023:05:30:37] DELETING PREPAGATI (JobID: 6a2d1061-1dd9-4d49-9bcc-c8a0b6e2f52f)
 - Deleted: 0

[22/Jun/2023:05:40:04] UPDATING ACCOUNTS (JobID: f8d1f7c5-7cc5-45a4-a0dd-446f23c11c93)
 - New and modified: 0

[22/Jun/2023:05:40:04] DELETING ACCOUNTS (JobID: f8d1f7c5-7cc5-45a4-a0dd-446f23c11c93)
 - Deleted: 0

[22/Jun/2023:05:40:36] UPDATING PRODUCTS (JobID: 4b5279d5-2ba9-41f4-bbe3-c48e4fd98b27)
 - New and modified: 0

[22/Jun/2023:05:40:37] UPDATING PREPAGATI (JobID: 9484ef96-21f8-4f4a-b656-1f396b504570)
 - New and modified: 0

[22/Jun/2023:05:40:37] DELETING PREPAGATI (JobID: 9484ef96-21f8-4f4a-b656-1f396b504570)
 - Deleted: 0

[22/Jun/2023:05:50:04] UPDATING ACCOUNTS (JobID: f0c9aaac-aaf0-4b42-a46a-112e510ed6a2)
 - New and modified: 0

[22/Jun/2023:05:50:04] DELETING ACCOUNTS (JobID: f0c9aaac-aaf0-4b42-a46a-112e510ed6a2)
 - Deleted: 0

[22/Jun/2023:05:50:36] UPDATING PRODUCTS (JobID: e0253772-65d5-4fcb-a708-63460f612dc1)
 - New and modified: 0

[22/Jun/2023:05:50:37] UPDATING PREPAGATI (JobID: 51d0570e-3b06-4c47-bffb-dc7c9f5fab43)
 - New and modified: 0

[22/Jun/2023:05:50:37] DELETING PREPAGATI (JobID: 51d0570e-3b06-4c47-bffb-dc7c9f5fab43)
 - Deleted: 0

[22/Jun/2023:06:00:04] UPDATING ACCOUNTS (JobID: 4aa50b37-6e32-4bae-b204-934f5a4cca9f)
 - New and modified: 0

[22/Jun/2023:06:00:04] DELETING ACCOUNTS (JobID: 4aa50b37-6e32-4bae-b204-934f5a4cca9f)
 - Deleted: 0

[22/Jun/2023:06:00:36] UPDATING PRODUCTS (JobID: b382b9d1-8ce0-48f7-af32-429d9735273d)
 - New and modified: 0

[22/Jun/2023:06:00:39] UPDATING PREPAGATI (JobID: 358f5182-863a-4894-8979-5537ef64e62d)
 - New and modified: 0

[22/Jun/2023:06:00:39] DELETING PREPAGATI (JobID: 358f5182-863a-4894-8979-5537ef64e62d)
 - Deleted: 0

[22/Jun/2023:06:10:04] UPDATING ACCOUNTS (JobID: 796ad9d4-8f41-41f8-91bf-23764ca1a6d5)
 - New and modified: 0

[22/Jun/2023:06:10:04] DELETING ACCOUNTS (JobID: 796ad9d4-8f41-41f8-91bf-23764ca1a6d5)
 - Deleted: 0

[22/Jun/2023:06:10:38] UPDATING PRODUCTS (JobID: a6ca5662-46b6-49ec-bd3e-9325382ce638)
 - New and modified: 0

[22/Jun/2023:06:10:39] UPDATING PREPAGATI (JobID: c8058eb1-fbfa-4451-9715-d73ea5c1de52)
 - New and modified: 0

[22/Jun/2023:06:10:39] DELETING PREPAGATI (JobID: c8058eb1-fbfa-4451-9715-d73ea5c1de52)
 - Deleted: 0

[22/Jun/2023:06:20:05] UPDATING ACCOUNTS (JobID: 8c98f8fd-852c-4cfc-a1ec-3568ca169f58)
 - New and modified: 0

[22/Jun/2023:06:20:05] DELETING ACCOUNTS (JobID: 8c98f8fd-852c-4cfc-a1ec-3568ca169f58)
 - Deleted: 0

[22/Jun/2023:06:20:38] UPDATING PRODUCTS (JobID: 418048d9-9a44-4f1a-b524-070a85fc0ae2)
 - New and modified: 0

[22/Jun/2023:06:20:39] UPDATING PREPAGATI (JobID: 932113d6-2f38-41c7-855b-0f4491888eea)
 - New and modified: 0

[22/Jun/2023:06:20:39] DELETING PREPAGATI (JobID: 932113d6-2f38-41c7-855b-0f4491888eea)
 - Deleted: 0

[22/Jun/2023:06:30:04] UPDATING ACCOUNTS (JobID: b2003573-51d5-4126-b7b5-4ac812f5f019)
 - New and modified: 0

[22/Jun/2023:06:30:04] DELETING ACCOUNTS (JobID: b2003573-51d5-4126-b7b5-4ac812f5f019)
 - Deleted: 0

[22/Jun/2023:06:30:38] UPDATING PRODUCTS (JobID: b9d30744-82f2-49b4-9d5d-0242a489694f)
 - New and modified: 0

[22/Jun/2023:06:30:40] UPDATING PREPAGATI (JobID: 803fb61b-ff8d-4df0-a798-a992c164efa9)
 - New and modified: 0

[22/Jun/2023:06:30:40] DELETING PREPAGATI (JobID: 803fb61b-ff8d-4df0-a798-a992c164efa9)
 - Deleted: 0

[22/Jun/2023:06:40:04] UPDATING ACCOUNTS (JobID: 55d31dc0-c582-4035-a0d9-2662cf7d2555)
 - New and modified: 0

[22/Jun/2023:06:40:04] DELETING ACCOUNTS (JobID: 55d31dc0-c582-4035-a0d9-2662cf7d2555)
 - Deleted: 0

[22/Jun/2023:06:40:35] UPDATING PRODUCTS (JobID: f0738828-d3ff-407d-93d9-c3765226398b)
 - New and modified: 0

[22/Jun/2023:06:40:37] UPDATING PREPAGATI (JobID: 32f4309d-a327-460d-a04f-266e28296c02)
 - New and modified: 0

[22/Jun/2023:06:40:37] DELETING PREPAGATI (JobID: 32f4309d-a327-460d-a04f-266e28296c02)
 - Deleted: 0

[22/Jun/2023:06:50:04] UPDATING ACCOUNTS (JobID: 7c844e14-ddb6-4e4c-bd45-33ad07b85045)
 - New and modified: 0

[22/Jun/2023:06:50:04] DELETING ACCOUNTS (JobID: 7c844e14-ddb6-4e4c-bd45-33ad07b85045)
 - Deleted: 0

[22/Jun/2023:06:50:35] UPDATING PRODUCTS (JobID: c74d8679-7dfc-4575-b82a-cff598e98f0b)
 - New and modified: 0

[22/Jun/2023:06:50:37] UPDATING PREPAGATI (JobID: 5baa0da9-6767-4a18-93f8-5aa51d37a58c)
 - New and modified: 0

[22/Jun/2023:06:50:37] DELETING PREPAGATI (JobID: 5baa0da9-6767-4a18-93f8-5aa51d37a58c)
 - Deleted: 0

[22/Jun/2023:07:00:15] UPDATING ACCOUNTS (JobID: 1ad0ba59-315e-424e-bfac-a98ff0285ba5)
 - New and modified: 0

[22/Jun/2023:07:00:15] DELETING ACCOUNTS (JobID: 1ad0ba59-315e-424e-bfac-a98ff0285ba5)
 - Deleted: 0

[22/Jun/2023:07:00:46] UPDATING PRODUCTS (JobID: a03aa5ad-469c-418f-8793-530d5080a751)
 - New and modified: 0

[22/Jun/2023:07:00:48] UPDATING PREPAGATI (JobID: be5631bb-6abb-41f5-9c10-c515961921ba)
 - New and modified: 0

[22/Jun/2023:07:00:48] DELETING PREPAGATI (JobID: be5631bb-6abb-41f5-9c10-c515961921ba)
 - Deleted: 0

[22/Jun/2023:07:10:04] UPDATING ACCOUNTS (JobID: 9f814c33-427d-4e2b-8e5a-6d5785c1bd1a)
 - New and modified: 0

[22/Jun/2023:07:10:04] DELETING ACCOUNTS (JobID: 9f814c33-427d-4e2b-8e5a-6d5785c1bd1a)
 - Deleted: 0

[22/Jun/2023:07:10:38] UPDATING PRODUCTS (JobID: 3dfd9668-22e7-438a-abf1-60c81184f7aa)
 - New and modified: 0

[22/Jun/2023:07:10:40] UPDATING PREPAGATI (JobID: 083cb107-0e8c-476a-b988-ba8abce3a1d9)
 - New and modified: 0

[22/Jun/2023:07:10:40] DELETING PREPAGATI (JobID: 083cb107-0e8c-476a-b988-ba8abce3a1d9)
 - Deleted: 0

[22/Jun/2023:07:20:04] UPDATING ACCOUNTS (JobID: 88c238ce-6823-4bdc-8332-b8986686a568)
 - New and modified: 0

[22/Jun/2023:07:20:04] DELETING ACCOUNTS (JobID: 88c238ce-6823-4bdc-8332-b8986686a568)
 - Deleted: 0

[22/Jun/2023:07:20:36] UPDATING PRODUCTS (JobID: 6b95a842-82c0-4d90-a615-3c6f5deeb738)
 - New and modified: 0

[22/Jun/2023:07:20:38] UPDATING PREPAGATI (JobID: b03a0584-c7ce-4c3b-83bf-2921498313b3)
 - New and modified: 0

[22/Jun/2023:07:20:38] DELETING PREPAGATI (JobID: b03a0584-c7ce-4c3b-83bf-2921498313b3)
 - Deleted: 0

[22/Jun/2023:07:30:05] UPDATING ACCOUNTS (JobID: b4ee8387-a3c0-4897-a6f4-6a35fbb82249)
 - New and modified: 0

[22/Jun/2023:07:30:05] DELETING ACCOUNTS (JobID: b4ee8387-a3c0-4897-a6f4-6a35fbb82249)
 - Deleted: 0

[22/Jun/2023:07:30:39] UPDATING PRODUCTS (JobID: 957346b2-6b64-4cbe-9dff-ebbe41bc8044)
 - New and modified: 0

[22/Jun/2023:07:30:41] UPDATING PREPAGATI (JobID: 4319f13a-ad93-43b9-b167-d45cdac51caa)
 - New and modified: 0

[22/Jun/2023:07:30:41] DELETING PREPAGATI (JobID: 4319f13a-ad93-43b9-b167-d45cdac51caa)
 - Deleted: 0

[22/Jun/2023:07:40:04] UPDATING ACCOUNTS (JobID: 35554480-f1d8-4f63-8d07-66275fa29a4a)
 - New and modified: 0

[22/Jun/2023:07:40:04] DELETING ACCOUNTS (JobID: 35554480-f1d8-4f63-8d07-66275fa29a4a)
 - Deleted: 0

[22/Jun/2023:07:40:37] UPDATING PRODUCTS (JobID: 1b3b506f-c2eb-42e6-b850-afdedf2db45e)
 - New and modified: 0

[22/Jun/2023:07:40:39] UPDATING PREPAGATI (JobID: 366ae4a8-c176-48ba-bd8c-42cac0bafdae)
 - New and modified: 0

[22/Jun/2023:07:40:39] DELETING PREPAGATI (JobID: 366ae4a8-c176-48ba-bd8c-42cac0bafdae)
 - Deleted: 0

[22/Jun/2023:07:50:04] UPDATING ACCOUNTS (JobID: a58db446-561a-45bf-97c8-73ff1602532a)
 - New and modified: 0

[22/Jun/2023:07:50:04] DELETING ACCOUNTS (JobID: a58db446-561a-45bf-97c8-73ff1602532a)
 - Deleted: 0

[22/Jun/2023:07:50:36] UPDATING PRODUCTS (JobID: 1986fa00-6d4e-4d41-b4de-95073931ec0b)
 - New and modified: 0

[22/Jun/2023:07:50:37] UPDATING PREPAGATI (JobID: 2d34099a-cee2-48da-9b75-23da17b8e4fa)
 - New and modified: 0

[22/Jun/2023:07:50:37] DELETING PREPAGATI (JobID: 2d34099a-cee2-48da-9b75-23da17b8e4fa)
 - Deleted: 0

[22/Jun/2023:08:00:04] UPDATING ACCOUNTS (JobID: a52885c8-ab85-4f39-a3e4-1972ae4e76a9)
 - New and modified: 0

[22/Jun/2023:08:00:04] DELETING ACCOUNTS (JobID: a52885c8-ab85-4f39-a3e4-1972ae4e76a9)
 - Deleted: 0

[22/Jun/2023:08:00:40] UPDATING PRODUCTS (JobID: a8dd3752-383d-4e6d-b104-2ba8dfa44d06)
 - New and modified: 0

[22/Jun/2023:08:00:42] UPDATING PREPAGATI (JobID: fe43f9d7-f67b-43a1-a417-515ed7d5333b)
 - New and modified: 0

[22/Jun/2023:08:00:42] DELETING PREPAGATI (JobID: fe43f9d7-f67b-43a1-a417-515ed7d5333b)
 - Deleted: 0

[22/Jun/2023:08:10:04] UPDATING ACCOUNTS (JobID: 606df6c3-1a33-4e55-af12-605719835417)
 - New and modified: 0

[22/Jun/2023:08:10:04] DELETING ACCOUNTS (JobID: 606df6c3-1a33-4e55-af12-605719835417)
 - Deleted: 0

[22/Jun/2023:08:10:38] UPDATING PRODUCTS (JobID: 2d831ef7-c8ab-407d-9017-e0f0cb1c3a3f)
 - New and modified: 0

[22/Jun/2023:08:10:40] UPDATING PREPAGATI (JobID: f381db78-2ad2-4122-84b0-3a23689ddf26)
 - New and modified: 0

[22/Jun/2023:08:10:40] DELETING PREPAGATI (JobID: f381db78-2ad2-4122-84b0-3a23689ddf26)
 - Deleted: 0

[22/Jun/2023:08:20:04] UPDATING ACCOUNTS (JobID: 088913c6-3fa9-42ec-8acd-238319865925)
 - New and modified: 0

[22/Jun/2023:08:20:04] DELETING ACCOUNTS (JobID: 088913c6-3fa9-42ec-8acd-238319865925)
 - Deleted: 0

[22/Jun/2023:08:20:36] UPDATING PRODUCTS (JobID: 126fdbc0-2712-4f18-98da-66701d81a650)
 - New and modified: 0

[22/Jun/2023:08:20:38] UPDATING PREPAGATI (JobID: d63fb802-c123-4817-99ee-1d5a0c2850a1)
 - New and modified: 0

[22/Jun/2023:08:20:38] DELETING PREPAGATI (JobID: d63fb802-c123-4817-99ee-1d5a0c2850a1)
 - Deleted: 0

[22/Jun/2023:08:30:04] UPDATING ACCOUNTS (JobID: 916774bc-b98b-4c48-9ae5-d6432f3f244d)
 - New and modified: 0

[22/Jun/2023:08:30:04] DELETING ACCOUNTS (JobID: 916774bc-b98b-4c48-9ae5-d6432f3f244d)
 - Deleted: 0

[22/Jun/2023:08:30:39] UPDATING PRODUCTS (JobID: f1e57114-0b86-4716-80e4-815f943a080c)
 - New and modified: 0

[22/Jun/2023:08:30:40] UPDATING PREPAGATI (JobID: c1f8980f-c933-4be5-90e3-1265b1e497f7)
 - New and modified: 0

[22/Jun/2023:08:30:40] DELETING PREPAGATI (JobID: c1f8980f-c933-4be5-90e3-1265b1e497f7)
 - Deleted: 0

[22/Jun/2023:08:40:04] UPDATING ACCOUNTS (JobID: 5d0d53e2-bd5a-425a-9c2e-b74c661a0e51)
 - New and modified: 0

[22/Jun/2023:08:40:04] DELETING ACCOUNTS (JobID: 5d0d53e2-bd5a-425a-9c2e-b74c661a0e51)
 - Deleted: 0

[22/Jun/2023:08:40:36] UPDATING PRODUCTS (JobID: ca011ccc-e345-458c-afb1-cfeefaa5e6ba)
 - New and modified: 0

[22/Jun/2023:08:40:38] UPDATING PREPAGATI (JobID: 9bc78f65-1bec-4f51-a19f-48f2ff822c84)
 - New and modified: 0

[22/Jun/2023:08:40:38] DELETING PREPAGATI (JobID: 9bc78f65-1bec-4f51-a19f-48f2ff822c84)
 - Deleted: 0

[22/Jun/2023:08:50:04] UPDATING ACCOUNTS (JobID: 27d00f3b-c170-4e8b-bc04-00e71510ab28)
 - New and modified: 0

[22/Jun/2023:08:50:04] DELETING ACCOUNTS (JobID: 27d00f3b-c170-4e8b-bc04-00e71510ab28)
 - Deleted: 0

[22/Jun/2023:08:50:35] UPDATING PRODUCTS (JobID: 6ef04c1b-0fdd-4466-a186-c3a9e54bcf81)
 - New and modified: 0

[22/Jun/2023:08:50:37] UPDATING PREPAGATI (JobID: 0c4864ff-d304-4e14-8d77-42bd4cac16cd)
 - New and modified: 0

[22/Jun/2023:08:50:37] DELETING PREPAGATI (JobID: 0c4864ff-d304-4e14-8d77-42bd4cac16cd)
 - Deleted: 0

[22/Jun/2023:09:00:04] UPDATING ACCOUNTS (JobID: 58cf70a8-1c97-41c2-9a4a-b2691605576d)
 - New and modified: 0

[22/Jun/2023:09:00:04] DELETING ACCOUNTS (JobID: 58cf70a8-1c97-41c2-9a4a-b2691605576d)
 - Deleted: 0

[22/Jun/2023:09:00:38] UPDATING PRODUCTS (JobID: cad4846b-063a-4ed4-93d3-e36530babd23)
 - New and modified: 0

[22/Jun/2023:09:00:40] UPDATING PREPAGATI (JobID: 4880f83d-a522-487e-abb5-115b8c32e712)
 - New and modified: 0

[22/Jun/2023:09:00:40] DELETING PREPAGATI (JobID: 4880f83d-a522-487e-abb5-115b8c32e712)
 - Deleted: 0

[22/Jun/2023:09:10:05] UPDATING ACCOUNTS (JobID: a154d724-e5b0-4687-af90-46b54620bad6)
 - New and modified: 0

[22/Jun/2023:09:10:05] DELETING ACCOUNTS (JobID: a154d724-e5b0-4687-af90-46b54620bad6)
 - Deleted: 0

[22/Jun/2023:09:10:38] UPDATING PRODUCTS (JobID: 9ab26f4e-635a-4dae-9a4b-b931cad41dc9)
 - New and modified: 0

[22/Jun/2023:09:10:40] UPDATING PREPAGATI (JobID: fb4d757e-583e-4cc0-bb51-777f2b5fee6b)
 - New and modified: 0

[22/Jun/2023:09:10:40] DELETING PREPAGATI (JobID: fb4d757e-583e-4cc0-bb51-777f2b5fee6b)
 - Deleted: 0

[22/Jun/2023:09:20:04] UPDATING ACCOUNTS (JobID: be6a62b4-33e1-4c01-b783-f1749d3868a2)
 - New and modified: 0

[22/Jun/2023:09:20:04] DELETING ACCOUNTS (JobID: be6a62b4-33e1-4c01-b783-f1749d3868a2)
 - Deleted: 0

[22/Jun/2023:09:20:36] UPDATING PRODUCTS (JobID: 0c47ddf7-8c3b-492c-bbe5-e8849565321a)
 - New and modified: 0

[22/Jun/2023:09:20:38] UPDATING PREPAGATI (JobID: a0cb2a83-58bf-4ead-9c99-2938ada2828c)
 - New and modified: 0

[22/Jun/2023:09:20:38] DELETING PREPAGATI (JobID: a0cb2a83-58bf-4ead-9c99-2938ada2828c)
 - Deleted: 0

[22/Jun/2023:09:30:05] UPDATING ACCOUNTS (JobID: 0122da4f-eb90-4c9a-a18d-6477c7613b78)
 - New and modified: 0

[22/Jun/2023:09:30:05] DELETING ACCOUNTS (JobID: 0122da4f-eb90-4c9a-a18d-6477c7613b78)
 - Deleted: 0

[22/Jun/2023:09:30:38] UPDATING PRODUCTS (JobID: 1791ed95-c12c-46e9-9f2e-90e7298a9fdf)
 - New and modified: 0

[22/Jun/2023:09:30:40] UPDATING PREPAGATI (JobID: dae9d955-6631-4f99-a2c6-41ab6748e2cb)
 - New and modified: 0

[22/Jun/2023:09:30:40] DELETING PREPAGATI (JobID: dae9d955-6631-4f99-a2c6-41ab6748e2cb)
 - Deleted: 0

[22/Jun/2023:09:40:04] UPDATING ACCOUNTS (JobID: 0d40e247-32e3-4251-b921-5116e36a7f18)
 - New and modified: 0

[22/Jun/2023:09:40:04] DELETING ACCOUNTS (JobID: 0d40e247-32e3-4251-b921-5116e36a7f18)
 - Deleted: 0

[22/Jun/2023:09:40:35] UPDATING PRODUCTS (JobID: 5dce6b82-2f2c-4838-bd6f-ab0762990fb8)
 - New and modified: 0

[22/Jun/2023:09:40:37] UPDATING PREPAGATI (JobID: 0c5a40bb-024a-4b55-b4d4-02bd55c6c299)
 - New and modified: 0

[22/Jun/2023:09:40:37] DELETING PREPAGATI (JobID: 0c5a40bb-024a-4b55-b4d4-02bd55c6c299)
 - Deleted: 0

[22/Jun/2023:09:50:04] UPDATING ACCOUNTS (JobID: bc3d4f69-827e-4066-9ae6-788a13a691b9)
 - New and modified: 0

[22/Jun/2023:09:50:04] DELETING ACCOUNTS (JobID: bc3d4f69-827e-4066-9ae6-788a13a691b9)
 - Deleted: 0

[22/Jun/2023:09:50:39] UPDATING PRODUCTS (JobID: b9408b9d-d3d7-4c9a-9639-ea18cdc402cb)
 - New and modified: 0

[22/Jun/2023:09:50:41] UPDATING PREPAGATI (JobID: 5ece816f-6bd7-48a5-acc9-e63e00ae4d41)
 - New and modified: 0

[22/Jun/2023:09:50:41] DELETING PREPAGATI (JobID: 5ece816f-6bd7-48a5-acc9-e63e00ae4d41)
 - Deleted: 0

[22/Jun/2023:10:00:04] UPDATING ACCOUNTS (JobID: a147753e-1828-4f03-a1e6-2aed128f2894)
 - New and modified: 0

[22/Jun/2023:10:00:04] DELETING ACCOUNTS (JobID: a147753e-1828-4f03-a1e6-2aed128f2894)
 - Deleted: 0

[22/Jun/2023:10:00:37] UPDATING PRODUCTS (JobID: 9018ff4d-36ad-46e8-822e-baf91df33685)
 - New and modified: 0

[22/Jun/2023:10:00:38] UPDATING PREPAGATI (JobID: 166ae8c3-95ce-4d1b-ba23-e02cff49fc9d)
 - New and modified: 0

[22/Jun/2023:10:00:38] DELETING PREPAGATI (JobID: 166ae8c3-95ce-4d1b-ba23-e02cff49fc9d)
 - Deleted: 0

[22/Jun/2023:10:10:04] UPDATING ACCOUNTS (JobID: 760bbcf4-37c7-460c-95e2-e08d1b00fa8a)
 - New and modified: 0

[22/Jun/2023:10:10:04] DELETING ACCOUNTS (JobID: 760bbcf4-37c7-460c-95e2-e08d1b00fa8a)
 - Deleted: 0

[22/Jun/2023:10:10:36] UPDATING PRODUCTS (JobID: f3263bb6-ec61-4664-ab29-e5bcff6964df)
 - New and modified: 0

[22/Jun/2023:10:10:38] UPDATING PREPAGATI (JobID: 918acb29-8018-41fe-95e1-3663423a3d61)
 - New and modified: 0

[22/Jun/2023:10:10:38] DELETING PREPAGATI (JobID: 918acb29-8018-41fe-95e1-3663423a3d61)
 - Deleted: 0

[22/Jun/2023:10:20:04] UPDATING ACCOUNTS (JobID: f62081b9-2f27-4c25-abf3-b86da594c230)
 - New and modified: 0

[22/Jun/2023:10:20:04] DELETING ACCOUNTS (JobID: f62081b9-2f27-4c25-abf3-b86da594c230)
 - Deleted: 0

[22/Jun/2023:10:20:38] UPDATING PRODUCTS (JobID: 04f730b2-db24-4d43-8ed4-d09cdf869e7d)
 - New and modified: 0

[22/Jun/2023:10:20:39] UPDATING PREPAGATI (JobID: 443d1d6d-49fa-4034-ae86-4c1a2085f002)
 - New and modified: 0

[22/Jun/2023:10:20:39] DELETING PREPAGATI (JobID: 443d1d6d-49fa-4034-ae86-4c1a2085f002)
 - Deleted: 0

[22/Jun/2023:10:30:04] UPDATING ACCOUNTS (JobID: b8a5f729-2fab-4da6-a5f9-10adc9e387be)
 - New and modified: 0

[22/Jun/2023:10:30:04] DELETING ACCOUNTS (JobID: b8a5f729-2fab-4da6-a5f9-10adc9e387be)
 - Deleted: 0

[22/Jun/2023:10:30:34] UPDATING PRODUCTS (JobID: 62dd7ccd-71f8-4c5a-9d03-a118e62d4a2e)
 - New and modified: 0

[22/Jun/2023:10:30:35] UPDATING PREPAGATI (JobID: 54694500-e24d-4d84-96c2-90e3bae3a45e)
 - New and modified: 0

[22/Jun/2023:10:30:35] DELETING PREPAGATI (JobID: 54694500-e24d-4d84-96c2-90e3bae3a45e)
 - Deleted: 0

[22/Jun/2023:10:40:04] UPDATING ACCOUNTS (JobID: d39896f5-4f11-4dc6-94d1-280c905c733d)
 - New and modified: 0

[22/Jun/2023:10:40:04] DELETING ACCOUNTS (JobID: d39896f5-4f11-4dc6-94d1-280c905c733d)
 - Deleted: 0

[22/Jun/2023:10:40:34] UPDATING PRODUCTS (JobID: f71e2265-8c87-42e9-8031-177c70070695)
 - New and modified: 0

[22/Jun/2023:10:40:36] UPDATING PREPAGATI (JobID: 2d7affb9-7f0b-4214-a800-fcc8a7e1601f)
 - New and modified: 0

[22/Jun/2023:10:40:36] DELETING PREPAGATI (JobID: 2d7affb9-7f0b-4214-a800-fcc8a7e1601f)
 - Deleted: 0

[22/Jun/2023:11:00:04] UPDATING ACCOUNTS (JobID: 2c3aa0bf-ff20-4618-9686-7b5094398ee4)
 - New and modified: 0

[22/Jun/2023:11:00:04] DELETING ACCOUNTS (JobID: 2c3aa0bf-ff20-4618-9686-7b5094398ee4)
 - Deleted: 0

[22/Jun/2023:11:00:35] UPDATING PRODUCTS (JobID: d3a64f47-2628-4818-8f89-6c5ab10884b8)
 - New and modified: 0

[22/Jun/2023:11:00:37] UPDATING PREPAGATI (JobID: c6c9b6c8-8a40-44cb-9a55-92b47f6aae2d)
 - New and modified: 0

[22/Jun/2023:11:00:37] DELETING PREPAGATI (JobID: c6c9b6c8-8a40-44cb-9a55-92b47f6aae2d)
 - Deleted: 0

[22/Jun/2023:11:10:04] UPDATING ACCOUNTS (JobID: 3e9f3239-0926-4a73-bb8e-1e8670994649)
 - New and modified: 0

[22/Jun/2023:11:10:04] DELETING ACCOUNTS (JobID: 3e9f3239-0926-4a73-bb8e-1e8670994649)
 - Deleted: 0

[22/Jun/2023:11:10:39] UPDATING PRODUCTS (JobID: 397269a3-1621-4855-a6be-eb114d3bf5f9)
 - New and modified: 0

[22/Jun/2023:11:10:40] UPDATING PREPAGATI (JobID: 1f6c42ac-73e4-47db-9aef-90a5adaabd17)
 - New and modified: 0

[22/Jun/2023:11:10:40] DELETING PREPAGATI (JobID: 1f6c42ac-73e4-47db-9aef-90a5adaabd17)
 - Deleted: 0

[22/Jun/2023:11:20:04] UPDATING ACCOUNTS (JobID: 77a3b782-14d0-4a3e-aa3e-fee87cbe7bb9)
 - New and modified: 0

[22/Jun/2023:11:20:04] DELETING ACCOUNTS (JobID: 77a3b782-14d0-4a3e-aa3e-fee87cbe7bb9)
 - Deleted: 0

[22/Jun/2023:11:20:35] UPDATING PRODUCTS (JobID: 424f6efd-688c-433d-85a0-7b4e69eb7bb8)
 - New and modified: 0

[22/Jun/2023:11:20:36] UPDATING PREPAGATI (JobID: c25f4b2a-e923-4453-9a9b-260d649dd13f)
 - New and modified: 0

[22/Jun/2023:11:20:36] DELETING PREPAGATI (JobID: c25f4b2a-e923-4453-9a9b-260d649dd13f)
 - Deleted: 0

[22/Jun/2023:11:30:05] UPDATING ACCOUNTS (JobID: 644a1036-c412-448f-9270-1d3ef00f88e0)
 - New and modified: 0

[22/Jun/2023:11:30:05] DELETING ACCOUNTS (JobID: 644a1036-c412-448f-9270-1d3ef00f88e0)
 - Deleted: 0

[22/Jun/2023:11:30:37] UPDATING PRODUCTS (JobID: 7e84c01d-f0c2-4f2f-a5cc-84b4cbc06053)
 - New and modified: 0

[22/Jun/2023:11:30:38] UPDATING PREPAGATI (JobID: 0a548f88-1531-4366-8c31-daaab18c204c)
 - New and modified: 0

[22/Jun/2023:11:30:38] DELETING PREPAGATI (JobID: 0a548f88-1531-4366-8c31-daaab18c204c)
 - Deleted: 0

[22/Jun/2023:11:50:03] UPDATING ACCOUNTS (JobID: a2540f7f-9261-4b42-9059-6b321e6c5850)
 - New and modified: 0

[22/Jun/2023:11:50:03] DELETING ACCOUNTS (JobID: a2540f7f-9261-4b42-9059-6b321e6c5850)
 - Deleted: 0

[22/Jun/2023:11:50:33] UPDATING PRODUCTS (JobID: 1e9525d9-f511-492b-ad5d-fa5cc975759e)
 - New and modified: 0

[22/Jun/2023:11:50:35] UPDATING PREPAGATI (JobID: 5b6a2a65-1820-4215-aac8-67e6c80967d3)
 - New and modified: 0

[22/Jun/2023:11:50:35] DELETING PREPAGATI (JobID: 5b6a2a65-1820-4215-aac8-67e6c80967d3)
 - Deleted: 0

[22/Jun/2023:12:00:03] UPDATING ACCOUNTS (JobID: d22b0ce4-c848-4601-8618-02a91fbd34d0)
 - New and modified: 0

[22/Jun/2023:12:00:03] DELETING ACCOUNTS (JobID: d22b0ce4-c848-4601-8618-02a91fbd34d0)
 - Deleted: 0

[22/Jun/2023:12:00:35] UPDATING PRODUCTS (JobID: dc4225ae-46ff-4746-b167-c8f0a583f7b6)
 - New and modified: 0

[22/Jun/2023:12:00:37] UPDATING PREPAGATI (JobID: 630af92c-f617-4e9c-bde0-f6fb52664561)
 - New and modified: 0

[22/Jun/2023:12:00:37] DELETING PREPAGATI (JobID: 630af92c-f617-4e9c-bde0-f6fb52664561)
 - Deleted: 0

[22/Jun/2023:12:10:04] UPDATING ACCOUNTS (JobID: c6c2176c-d96d-49ac-81bb-831500a4f84d)
 - New and modified: 0

[22/Jun/2023:12:10:04] DELETING ACCOUNTS (JobID: c6c2176c-d96d-49ac-81bb-831500a4f84d)
 - Deleted: 0

[22/Jun/2023:12:10:35] UPDATING PRODUCTS (JobID: 180ec81c-b3ad-4bc2-a558-857e47aaccbf)
 - New and modified: 0

[22/Jun/2023:12:10:37] UPDATING PREPAGATI (JobID: 1a168feb-d482-48d7-a3cb-948c755bd350)
 - New and modified: 0

[22/Jun/2023:12:10:37] DELETING PREPAGATI (JobID: 1a168feb-d482-48d7-a3cb-948c755bd350)
 - Deleted: 0

[22/Jun/2023:12:20:05] UPDATING ACCOUNTS (JobID: ee43b0a3-cc49-42b4-ae5f-7c4b1bcefacb)
 - New and modified: 0

[22/Jun/2023:12:20:05] DELETING ACCOUNTS (JobID: ee43b0a3-cc49-42b4-ae5f-7c4b1bcefacb)
 - Deleted: 0

[22/Jun/2023:12:20:38] UPDATING PRODUCTS (JobID: 83d15184-25cb-43ec-b716-6a3ea9b1a94d)
 - New and modified: 0

[22/Jun/2023:12:20:40] UPDATING PREPAGATI (JobID: 7e74d0db-080a-4143-bf45-efda2cc23013)
 - New and modified: 0

[22/Jun/2023:12:20:40] DELETING PREPAGATI (JobID: 7e74d0db-080a-4143-bf45-efda2cc23013)
 - Deleted: 0

[22/Jun/2023:12:30:04] UPDATING ACCOUNTS (JobID: 01811989-0507-45c6-83f7-b33a8d1f7bbc)
 - New and modified: 0

[22/Jun/2023:12:30:04] DELETING ACCOUNTS (JobID: 01811989-0507-45c6-83f7-b33a8d1f7bbc)
 - Deleted: 0

[22/Jun/2023:12:30:35] UPDATING PRODUCTS (JobID: 0d6a1598-d3a2-4cb3-825b-08810b793ffc)
 - New and modified: 0

[22/Jun/2023:12:30:37] UPDATING PREPAGATI (JobID: 69d46340-c266-482c-9acf-dd23875e4da3)
 - New and modified: 0

[22/Jun/2023:12:30:37] DELETING PREPAGATI (JobID: 69d46340-c266-482c-9acf-dd23875e4da3)
 - Deleted: 0

[22/Jun/2023:12:40:04] UPDATING ACCOUNTS (JobID: 3fdb4185-fbf9-4ca8-a97b-8dbafaa0ca4e)
 - New and modified: 0

[22/Jun/2023:12:40:04] DELETING ACCOUNTS (JobID: 3fdb4185-fbf9-4ca8-a97b-8dbafaa0ca4e)
 - Deleted: 0

[22/Jun/2023:12:40:35] UPDATING PRODUCTS (JobID: e788cf3f-7257-442f-8cb9-365bb54cd632)
 - New and modified: 0

[22/Jun/2023:12:40:36] UPDATING PREPAGATI (JobID: 60af7c82-84af-4b27-90bd-95ed2c3aeff4)
 - New and modified: 0

[22/Jun/2023:12:40:36] DELETING PREPAGATI (JobID: 60af7c82-84af-4b27-90bd-95ed2c3aeff4)
 - Deleted: 0

[22/Jun/2023:12:50:04] UPDATING ACCOUNTS (JobID: 83e5b576-6521-4f25-ba7f-8757619c7525)
 - New and modified: 0

[22/Jun/2023:12:50:04] DELETING ACCOUNTS (JobID: 83e5b576-6521-4f25-ba7f-8757619c7525)
 - Deleted: 0

[22/Jun/2023:12:50:34] UPDATING PRODUCTS (JobID: f8853a09-feff-41bf-82bd-e33bed562842)
 - New and modified: 0

[22/Jun/2023:12:50:36] UPDATING PREPAGATI (JobID: 6e2b23c7-d653-4eae-bdc0-6e55ed4f391a)
 - New and modified: 0

[22/Jun/2023:12:50:36] DELETING PREPAGATI (JobID: 6e2b23c7-d653-4eae-bdc0-6e55ed4f391a)
 - Deleted: 0

[22/Jun/2023:13:00:04] UPDATING ACCOUNTS (JobID: 8a16f4eb-639f-4e33-b4e1-7d5afeac9ce2)
 - New and modified: 0

[22/Jun/2023:13:00:04] DELETING ACCOUNTS (JobID: 8a16f4eb-639f-4e33-b4e1-7d5afeac9ce2)
 - Deleted: 0

[22/Jun/2023:13:00:35] UPDATING PRODUCTS (JobID: 499fc005-c75a-4757-a4c2-2cc5e5e39761)
 - New and modified: 0

[22/Jun/2023:13:00:37] UPDATING PREPAGATI (JobID: 9f7b9829-f6f5-488e-9f7e-30363daeee62)
 - New and modified: 0

[22/Jun/2023:13:00:37] DELETING PREPAGATI (JobID: 9f7b9829-f6f5-488e-9f7e-30363daeee62)
 - Deleted: 0

[22/Jun/2023:13:10:04] UPDATING ACCOUNTS (JobID: d1af42ab-9822-464b-9168-ddae59c604b7)
 - New and modified: 0

[22/Jun/2023:13:10:04] DELETING ACCOUNTS (JobID: d1af42ab-9822-464b-9168-ddae59c604b7)
 - Deleted: 0

[22/Jun/2023:13:10:35] UPDATING PRODUCTS (JobID: 563e1a9d-adea-4b27-8454-aed1b8b45ed5)
 - New and modified: 0

[22/Jun/2023:13:10:37] UPDATING PREPAGATI (JobID: 486c334a-9205-4e59-9235-f60e279a8849)
 - New and modified: 0

[22/Jun/2023:13:10:37] DELETING PREPAGATI (JobID: 486c334a-9205-4e59-9235-f60e279a8849)
 - Deleted: 0

[22/Jun/2023:13:20:04] UPDATING ACCOUNTS (JobID: ed01b5dc-8fd3-4a90-b143-4c21e7c26145)
 - New and modified: 0

[22/Jun/2023:13:20:04] DELETING ACCOUNTS (JobID: ed01b5dc-8fd3-4a90-b143-4c21e7c26145)
 - Deleted: 0

[22/Jun/2023:13:20:36] UPDATING PRODUCTS (JobID: 6f00e73e-5ee1-455f-9a51-57bee6b203bc)
 - New and modified: 0

[22/Jun/2023:13:20:38] UPDATING PREPAGATI (JobID: 31401bf6-527e-4d04-b230-898c3eece3cd)
 - New and modified: 0

[22/Jun/2023:13:20:38] DELETING PREPAGATI (JobID: 31401bf6-527e-4d04-b230-898c3eece3cd)
 - Deleted: 0

[22/Jun/2023:13:30:04] UPDATING ACCOUNTS (JobID: 4ba82535-d6ac-49d2-b42c-8c3aa39078b5)
 - New and modified: 0

[22/Jun/2023:13:30:04] DELETING ACCOUNTS (JobID: 4ba82535-d6ac-49d2-b42c-8c3aa39078b5)
 - Deleted: 0

[22/Jun/2023:13:30:38] UPDATING PRODUCTS (JobID: 7511fc9a-e510-4ca1-bc86-3c09da451ebe)
 - New and modified: 0

[22/Jun/2023:13:30:39] UPDATING PREPAGATI (JobID: 8a685606-8a5d-4c42-90b2-39658b09e487)
 - New and modified: 0

[22/Jun/2023:13:30:39] DELETING PREPAGATI (JobID: 8a685606-8a5d-4c42-90b2-39658b09e487)
 - Deleted: 0

[22/Jun/2023:13:40:04] UPDATING ACCOUNTS (JobID: 86e9339d-f327-48bd-9285-caa9cd3e5d5a)
 - New and modified: 0

[22/Jun/2023:13:40:04] DELETING ACCOUNTS (JobID: 86e9339d-f327-48bd-9285-caa9cd3e5d5a)
 - Deleted: 0

[22/Jun/2023:13:40:34] UPDATING PRODUCTS (JobID: 94bad086-0fe9-4e40-ad2e-f34a646a9c23)
 - New and modified: 0

[22/Jun/2023:13:40:36] UPDATING PREPAGATI (JobID: 72f689a0-f28c-4b2f-bb59-db830359806e)
 - New and modified: 0

[22/Jun/2023:13:40:36] DELETING PREPAGATI (JobID: 72f689a0-f28c-4b2f-bb59-db830359806e)
 - Deleted: 0

[22/Jun/2023:13:50:04] UPDATING ACCOUNTS (JobID: e1c1ce43-fd95-461a-8b8d-1ac7522e0be8)
 - New and modified: 0

[22/Jun/2023:13:50:04] DELETING ACCOUNTS (JobID: e1c1ce43-fd95-461a-8b8d-1ac7522e0be8)
 - Deleted: 0

[22/Jun/2023:13:50:34] UPDATING PRODUCTS (JobID: 1d282105-a911-497e-be87-c1eb09730e4b)
 - New and modified: 0

[22/Jun/2023:13:50:35] UPDATING PREPAGATI (JobID: c0b87c52-d297-42c6-9bac-4fa905c0f810)
 - New and modified: 0

[22/Jun/2023:13:50:35] DELETING PREPAGATI (JobID: c0b87c52-d297-42c6-9bac-4fa905c0f810)
 - Deleted: 0

[22/Jun/2023:14:00:04] UPDATING ACCOUNTS (JobID: fb28b29c-6a69-41c6-baa8-46070f27da51)
 - New and modified: 0

[22/Jun/2023:14:00:04] DELETING ACCOUNTS (JobID: fb28b29c-6a69-41c6-baa8-46070f27da51)
 - Deleted: 0

[22/Jun/2023:14:00:34] UPDATING PRODUCTS (JobID: 2055850f-1f2b-441f-a525-8b3d4258bc57)
 - New and modified: 0

[22/Jun/2023:14:00:36] UPDATING PREPAGATI (JobID: 28f68e02-1c8e-4acd-b625-b0adcf9bd82b)
 - New and modified: 0

[22/Jun/2023:14:00:36] DELETING PREPAGATI (JobID: 28f68e02-1c8e-4acd-b625-b0adcf9bd82b)
 - Deleted: 0

[22/Jun/2023:14:10:04] UPDATING ACCOUNTS (JobID: 53032a1c-94b0-4b4a-987a-e6ac9fad4935)
 - New and modified: 0

[22/Jun/2023:14:10:04] DELETING ACCOUNTS (JobID: 53032a1c-94b0-4b4a-987a-e6ac9fad4935)
 - Deleted: 0

[22/Jun/2023:14:10:36] UPDATING PRODUCTS (JobID: 9468bbd7-382b-40f1-8d18-f92d5cc1db5c)
 - New and modified: 0

[22/Jun/2023:14:10:38] UPDATING PREPAGATI (JobID: 4e2ac43c-5804-426c-8664-8b9ef817a284)
 - New and modified: 0

[22/Jun/2023:14:10:38] DELETING PREPAGATI (JobID: 4e2ac43c-5804-426c-8664-8b9ef817a284)
 - Deleted: 0

[22/Jun/2023:14:20:04] UPDATING ACCOUNTS (JobID: 19b47a33-6e07-4044-aa55-d923950d1206)
 - New and modified: 0

[22/Jun/2023:14:20:04] DELETING ACCOUNTS (JobID: 19b47a33-6e07-4044-aa55-d923950d1206)
 - Deleted: 0

[22/Jun/2023:14:20:34] UPDATING PRODUCTS (JobID: c3aa14f4-5de3-441d-bff8-a60c32a4eeb5)
 - New and modified: 0

[22/Jun/2023:14:20:36] UPDATING PREPAGATI (JobID: 20e499d3-e77e-4715-8ef2-9ae9ecaa8719)
 - New and modified: 0

[22/Jun/2023:14:20:36] DELETING PREPAGATI (JobID: 20e499d3-e77e-4715-8ef2-9ae9ecaa8719)
 - Deleted: 0

[22/Jun/2023:14:30:04] UPDATING ACCOUNTS (JobID: 5abfd3ab-05a5-409b-ab1d-0d1f87615935)
 - New and modified: 0

[22/Jun/2023:14:30:04] DELETING ACCOUNTS (JobID: 5abfd3ab-05a5-409b-ab1d-0d1f87615935)
 - Deleted: 0

[22/Jun/2023:14:30:36] UPDATING PRODUCTS (JobID: 974675c4-f37b-4c2d-86f9-042dd5ffdd7b)
 - New and modified: 0

[22/Jun/2023:14:30:38] UPDATING PREPAGATI (JobID: 216eb4b0-e25d-4a3f-b757-30f2d9b0332b)
 - New and modified: 0

[22/Jun/2023:14:30:38] DELETING PREPAGATI (JobID: 216eb4b0-e25d-4a3f-b757-30f2d9b0332b)
 - Deleted: 0

[22/Jun/2023:14:40:04] UPDATING ACCOUNTS (JobID: fbc7ac07-5096-480c-8e8b-7fb8504db62d)
 - New and modified: 0

[22/Jun/2023:14:40:04] DELETING ACCOUNTS (JobID: fbc7ac07-5096-480c-8e8b-7fb8504db62d)
 - Deleted: 0

[22/Jun/2023:14:40:34] UPDATING PRODUCTS (JobID: 5cbffbdf-04be-4f26-a5ae-2bbbb384f185)
 - New and modified: 0

[22/Jun/2023:14:40:35] UPDATING PREPAGATI (JobID: caa24a18-76f8-478d-b71a-e57af3b2415a)
 - New and modified: 0

[22/Jun/2023:14:40:35] DELETING PREPAGATI (JobID: caa24a18-76f8-478d-b71a-e57af3b2415a)
 - Deleted: 0

[22/Jun/2023:14:50:04] UPDATING ACCOUNTS (JobID: 49a0255c-8e13-4641-acbf-344d776700dd)
 - New and modified: 0

[22/Jun/2023:14:50:04] DELETING ACCOUNTS (JobID: 49a0255c-8e13-4641-acbf-344d776700dd)
 - Deleted: 0

[22/Jun/2023:14:50:34] UPDATING PRODUCTS (JobID: cfc02ff5-bf24-460d-adfb-d2394e061703)
 - New and modified: 0

[22/Jun/2023:14:50:36] UPDATING PREPAGATI (JobID: 272a4937-9b7e-4f0f-bff8-a5f68ad91c82)
 - New and modified: 0

[22/Jun/2023:14:50:36] DELETING PREPAGATI (JobID: 272a4937-9b7e-4f0f-bff8-a5f68ad91c82)
 - Deleted: 0

[22/Jun/2023:15:00:04] UPDATING ACCOUNTS (JobID: 519da4f1-f0aa-484b-8add-11fd8eb5990c)
 - New and modified: 0

[22/Jun/2023:15:00:04] DELETING ACCOUNTS (JobID: 519da4f1-f0aa-484b-8add-11fd8eb5990c)
 - Deleted: 0

[22/Jun/2023:15:00:35] UPDATING PRODUCTS (JobID: 6485b85f-bc8f-434d-a4a9-b7a5b0368ca2)
 - New and modified: 0

[22/Jun/2023:15:00:37] UPDATING PREPAGATI (JobID: 4435a788-eb84-47cb-8f72-d2045e542d08)
 - New and modified: 0

[22/Jun/2023:15:00:37] DELETING PREPAGATI (JobID: 4435a788-eb84-47cb-8f72-d2045e542d08)
 - Deleted: 0

[22/Jun/2023:15:10:04] UPDATING ACCOUNTS (JobID: 302f143b-38fe-4fd9-8e64-6d2e1af23751)
 - New and modified: 0

[22/Jun/2023:15:10:04] DELETING ACCOUNTS (JobID: 302f143b-38fe-4fd9-8e64-6d2e1af23751)
 - Deleted: 0

[22/Jun/2023:15:10:38] UPDATING PRODUCTS (JobID: 2cf2d22d-466a-4178-bd34-e527c815ddda)
 - New and modified: 0

[22/Jun/2023:15:10:40] UPDATING PREPAGATI (JobID: 77a809a5-3506-4b44-abbd-f00c0f9f314a)
 - New and modified: 0

[22/Jun/2023:15:10:40] DELETING PREPAGATI (JobID: 77a809a5-3506-4b44-abbd-f00c0f9f314a)
 - Deleted: 0

[22/Jun/2023:15:20:04] UPDATING ACCOUNTS (JobID: 0cbd9170-a2df-4342-8538-1f9617c88ac8)
 - New and modified: 0

[22/Jun/2023:15:20:04] DELETING ACCOUNTS (JobID: 0cbd9170-a2df-4342-8538-1f9617c88ac8)
 - Deleted: 0

[22/Jun/2023:15:20:35] UPDATING PRODUCTS (JobID: 039870f2-3bef-4f49-8b3b-74f602170349)
 - New and modified: 0

[22/Jun/2023:15:20:37] UPDATING PREPAGATI (JobID: 143751b6-5ff9-4692-8c4a-ee7baece9e19)
 - New and modified: 0

[22/Jun/2023:15:20:37] DELETING PREPAGATI (JobID: 143751b6-5ff9-4692-8c4a-ee7baece9e19)
 - Deleted: 0

[22/Jun/2023:15:30:04] UPDATING ACCOUNTS (JobID: 3ca79e6c-cc3a-4e50-aa21-28ff52ebaf05)
 - New and modified: 0

[22/Jun/2023:15:30:04] DELETING ACCOUNTS (JobID: 3ca79e6c-cc3a-4e50-aa21-28ff52ebaf05)
 - Deleted: 0

[22/Jun/2023:15:30:36] UPDATING PRODUCTS (JobID: 4ec7b03e-31ae-4613-b281-cd892c69da11)
 - New and modified: 0

[22/Jun/2023:15:30:37] UPDATING PREPAGATI (JobID: a6a399ec-b25f-489b-a3f4-244557f117d3)
 - New and modified: 0

[22/Jun/2023:15:30:37] DELETING PREPAGATI (JobID: a6a399ec-b25f-489b-a3f4-244557f117d3)
 - Deleted: 0

[22/Jun/2023:15:40:04] UPDATING ACCOUNTS (JobID: ea127f3e-274b-40d3-8f75-f1512b5c7fcb)
 - New and modified: 0

[22/Jun/2023:15:40:04] DELETING ACCOUNTS (JobID: ea127f3e-274b-40d3-8f75-f1512b5c7fcb)
 - Deleted: 0

[22/Jun/2023:15:40:33] UPDATING PRODUCTS (JobID: 68a3dd15-4c0a-4d88-8f70-eac163e67b45)
 - New and modified: 0

[22/Jun/2023:15:40:35] UPDATING PREPAGATI (JobID: df6bbaac-4e68-43ce-a121-7c36279f921e)
 - New and modified: 0

[22/Jun/2023:15:40:35] DELETING PREPAGATI (JobID: df6bbaac-4e68-43ce-a121-7c36279f921e)
 - Deleted: 0

[22/Jun/2023:15:50:04] UPDATING ACCOUNTS (JobID: 88a015e2-3371-4839-9da5-ef77bdbb1938)
 - New and modified: 0

[22/Jun/2023:15:50:04] DELETING ACCOUNTS (JobID: 88a015e2-3371-4839-9da5-ef77bdbb1938)
 - Deleted: 0

[22/Jun/2023:15:50:35] UPDATING PRODUCTS (JobID: bc883f8c-0deb-47cd-becf-4ec5b38a7f25)
 - New and modified: 0

[22/Jun/2023:15:50:36] UPDATING PREPAGATI (JobID: 68c65cc0-ff02-42e1-807a-0c43265d1b37)
 - New and modified: 0

[22/Jun/2023:15:50:36] DELETING PREPAGATI (JobID: 68c65cc0-ff02-42e1-807a-0c43265d1b37)
 - Deleted: 0

[22/Jun/2023:16:00:04] UPDATING ACCOUNTS (JobID: d60ee0d2-fa2f-49ec-8aaf-12e8b340173b)
 - New and modified: 0

[22/Jun/2023:16:00:04] DELETING ACCOUNTS (JobID: d60ee0d2-fa2f-49ec-8aaf-12e8b340173b)
 - Deleted: 0

[22/Jun/2023:16:00:36] UPDATING PRODUCTS (JobID: 786255f1-09b1-4c09-bafd-e657b6a627ad)
 - New and modified: 0

[22/Jun/2023:16:00:38] UPDATING PREPAGATI (JobID: ad0ef267-51f7-4a95-9805-6788663254e8)
 - New and modified: 0

[22/Jun/2023:16:00:38] DELETING PREPAGATI (JobID: ad0ef267-51f7-4a95-9805-6788663254e8)
 - Deleted: 0

[22/Jun/2023:16:10:04] UPDATING ACCOUNTS (JobID: 52043566-c45b-4778-ae69-ff4ff4ffc9a5)
 - New and modified: 0

[22/Jun/2023:16:10:04] DELETING ACCOUNTS (JobID: 52043566-c45b-4778-ae69-ff4ff4ffc9a5)
 - Deleted: 0

[22/Jun/2023:16:10:35] UPDATING PRODUCTS (JobID: 37172a52-33e3-4891-a755-f2d2ea793d2c)
 - New and modified: 0

[22/Jun/2023:16:10:37] UPDATING PREPAGATI (JobID: 2daf86ba-d02f-4466-ac12-f9f30caadce9)
 - New and modified: 0

[22/Jun/2023:16:10:37] DELETING PREPAGATI (JobID: 2daf86ba-d02f-4466-ac12-f9f30caadce9)
 - Deleted: 0

[22/Jun/2023:16:20:04] UPDATING ACCOUNTS (JobID: d505829f-8111-440d-b739-d5f64f113ba7)
 - New and modified: 0

[22/Jun/2023:16:20:04] DELETING ACCOUNTS (JobID: d505829f-8111-440d-b739-d5f64f113ba7)
 - Deleted: 0

[22/Jun/2023:16:20:35] UPDATING PRODUCTS (JobID: aea36d2c-7b47-4ea3-b2a8-d808438753a8)
 - New and modified: 0

[22/Jun/2023:16:20:36] UPDATING PREPAGATI (JobID: 66524084-375b-4864-93c6-2c1969dad47a)
 - New and modified: 0

[22/Jun/2023:16:20:36] DELETING PREPAGATI (JobID: 66524084-375b-4864-93c6-2c1969dad47a)
 - Deleted: 0

[22/Jun/2023:16:30:04] UPDATING ACCOUNTS (JobID: 11e14207-fda1-4785-90ef-b7ea329b7b7b)
 - New and modified: 0

[22/Jun/2023:16:30:04] DELETING ACCOUNTS (JobID: 11e14207-fda1-4785-90ef-b7ea329b7b7b)
 - Deleted: 0

[22/Jun/2023:16:30:35] UPDATING PRODUCTS (JobID: 505cfa42-938d-4796-942d-72f88ec48f87)
 - New and modified: 0

[22/Jun/2023:16:30:36] UPDATING PREPAGATI (JobID: 0cc1b134-03a5-473b-9f87-d173627c1092)
 - New and modified: 0

[22/Jun/2023:16:30:36] DELETING PREPAGATI (JobID: 0cc1b134-03a5-473b-9f87-d173627c1092)
 - Deleted: 0

[22/Jun/2023:16:40:04] UPDATING ACCOUNTS (JobID: 7319d757-956d-4e49-b888-59e8e030b791)
 - New and modified: 0

[22/Jun/2023:16:40:04] DELETING ACCOUNTS (JobID: 7319d757-956d-4e49-b888-59e8e030b791)
 - Deleted: 0

[22/Jun/2023:16:40:35] UPDATING PRODUCTS (JobID: 3707a499-132a-4d72-9d71-6ea54942d37b)
 - New and modified: 0

[22/Jun/2023:16:40:36] UPDATING PREPAGATI (JobID: 56723e34-26e5-4673-bba6-14dac1c0d1c5)
 - New and modified: 0

[22/Jun/2023:16:40:36] DELETING PREPAGATI (JobID: 56723e34-26e5-4673-bba6-14dac1c0d1c5)
 - Deleted: 0

[22/Jun/2023:16:50:04] UPDATING ACCOUNTS (JobID: fa61559c-a7de-4508-93e0-f1e55a148aa8)
 - New and modified: 0

[22/Jun/2023:16:50:04] DELETING ACCOUNTS (JobID: fa61559c-a7de-4508-93e0-f1e55a148aa8)
 - Deleted: 0

[22/Jun/2023:16:50:35] UPDATING PRODUCTS (JobID: 7dbd710f-c6ef-426e-b188-b239d27f1fd6)
 - New and modified: 0

[22/Jun/2023:16:50:36] UPDATING PREPAGATI (JobID: 2585c16f-124d-46a4-9102-5af0d53247b0)
 - New and modified: 0

[22/Jun/2023:16:50:36] DELETING PREPAGATI (JobID: 2585c16f-124d-46a4-9102-5af0d53247b0)
 - Deleted: 0

[22/Jun/2023:17:00:04] UPDATING ACCOUNTS (JobID: 559cfe30-d1fb-43c5-b93b-b36c13e62241)
 - New and modified: 0

[22/Jun/2023:17:00:04] DELETING ACCOUNTS (JobID: 559cfe30-d1fb-43c5-b93b-b36c13e62241)
 - Deleted: 0

[22/Jun/2023:17:00:34] UPDATING PRODUCTS (JobID: 1bb10f88-968d-42c0-81bc-8cece792d1e1)
 - New and modified: 0

[22/Jun/2023:17:00:36] UPDATING PREPAGATI (JobID: e962822e-2c93-45da-a005-67670486365f)
 - New and modified: 0

[22/Jun/2023:17:00:36] DELETING PREPAGATI (JobID: e962822e-2c93-45da-a005-67670486365f)
 - Deleted: 0

[22/Jun/2023:17:10:04] UPDATING ACCOUNTS (JobID: 8ff077d7-4a6c-4662-96e1-8737cab45c6d)
 - New and modified: 0

[22/Jun/2023:17:10:04] DELETING ACCOUNTS (JobID: 8ff077d7-4a6c-4662-96e1-8737cab45c6d)
 - Deleted: 0

[22/Jun/2023:17:10:36] UPDATING PRODUCTS (JobID: 5f79efd4-11f4-4989-8e77-6b4544db5f6d)
 - New and modified: 0

[22/Jun/2023:17:10:37] UPDATING PREPAGATI (JobID: 52104371-2a24-4090-beeb-075a69c56f3b)
 - New and modified: 0

[22/Jun/2023:17:10:37] DELETING PREPAGATI (JobID: 52104371-2a24-4090-beeb-075a69c56f3b)
 - Deleted: 0

[22/Jun/2023:17:20:04] UPDATING ACCOUNTS (JobID: d00f0168-795d-42a5-bbb8-f57ccb1efffb)
 - New and modified: 0

[22/Jun/2023:17:20:04] DELETING ACCOUNTS (JobID: d00f0168-795d-42a5-bbb8-f57ccb1efffb)
 - Deleted: 0

[22/Jun/2023:17:20:35] UPDATING PRODUCTS (JobID: f42a9226-b74e-4f47-b751-0c275adc56e5)
 - New and modified: 0

[22/Jun/2023:17:20:36] UPDATING PREPAGATI (JobID: aa8bd351-e984-458a-baf8-cd5029b4d9dd)
 - New and modified: 0

[22/Jun/2023:17:20:36] DELETING PREPAGATI (JobID: aa8bd351-e984-458a-baf8-cd5029b4d9dd)
 - Deleted: 0

[22/Jun/2023:17:30:04] UPDATING ACCOUNTS (JobID: 51b4f3a8-b8ba-4ef6-af88-33bc2a6592c0)
 - New and modified: 0

[22/Jun/2023:17:30:04] DELETING ACCOUNTS (JobID: 51b4f3a8-b8ba-4ef6-af88-33bc2a6592c0)
 - Deleted: 0

[22/Jun/2023:17:30:35] UPDATING PRODUCTS (JobID: beff597e-4a75-4d8b-add9-fbfb44e9325f)
 - New and modified: 0

[22/Jun/2023:17:30:37] UPDATING PREPAGATI (JobID: d8215c0d-d5fa-4135-bb82-66552c694c85)
 - New and modified: 0

[22/Jun/2023:17:30:37] DELETING PREPAGATI (JobID: d8215c0d-d5fa-4135-bb82-66552c694c85)
 - Deleted: 0

[22/Jun/2023:17:40:03] UPDATING ACCOUNTS (JobID: 01f9e1e7-3b5e-4a3a-bb48-1918cfe74592)
 - New and modified: 0

[22/Jun/2023:17:40:03] DELETING ACCOUNTS (JobID: 01f9e1e7-3b5e-4a3a-bb48-1918cfe74592)
 - Deleted: 0

[22/Jun/2023:17:40:33] UPDATING PRODUCTS (JobID: 8417cf5b-5e3c-4793-be40-588ee2d1d705)
 - New and modified: 0

[22/Jun/2023:17:40:35] UPDATING PREPAGATI (JobID: 69bf6f06-19fd-4d77-b44d-3629ef11e1ec)
 - New and modified: 0

[22/Jun/2023:17:40:35] DELETING PREPAGATI (JobID: 69bf6f06-19fd-4d77-b44d-3629ef11e1ec)
 - Deleted: 0

[22/Jun/2023:17:50:04] UPDATING ACCOUNTS (JobID: 5ad71b7e-8916-470c-b08c-a3111e000403)
 - New and modified: 0

[22/Jun/2023:17:50:04] DELETING ACCOUNTS (JobID: 5ad71b7e-8916-470c-b08c-a3111e000403)
 - Deleted: 0

[22/Jun/2023:17:50:34] UPDATING PRODUCTS (JobID: 9124ff26-6f84-43d1-ac7a-65b8bcd5ed11)
 - New and modified: 0

[22/Jun/2023:17:50:36] UPDATING PREPAGATI (JobID: 84feede9-6eb1-40e5-b176-37d8163accf6)
 - New and modified: 0

[22/Jun/2023:17:50:36] DELETING PREPAGATI (JobID: 84feede9-6eb1-40e5-b176-37d8163accf6)
 - Deleted: 0

[22/Jun/2023:18:00:06] UPDATING ACCOUNTS (JobID: d94d110b-9b0c-4f98-bcc1-9ee1889644b6)
 - New and modified: 0

[22/Jun/2023:18:00:06] DELETING ACCOUNTS (JobID: d94d110b-9b0c-4f98-bcc1-9ee1889644b6)
 - Deleted: 0

[22/Jun/2023:18:00:41] UPDATING PRODUCTS (JobID: 1294ad26-efdd-4c47-a0bf-35845ad8c7b6)
 - New and modified: 0

[22/Jun/2023:18:00:43] UPDATING PREPAGATI (JobID: c2883e79-22af-42cf-95df-1451ece01271)
 - New and modified: 0

[22/Jun/2023:18:00:43] DELETING PREPAGATI (JobID: c2883e79-22af-42cf-95df-1451ece01271)
 - Deleted: 0

[22/Jun/2023:18:10:04] UPDATING ACCOUNTS (JobID: e482147c-c940-4314-a9fe-8e23a8aee75e)
 - New and modified: 0

[22/Jun/2023:18:10:04] DELETING ACCOUNTS (JobID: e482147c-c940-4314-a9fe-8e23a8aee75e)
 - Deleted: 0

[22/Jun/2023:18:10:37] UPDATING PRODUCTS (JobID: cce0abcf-07a2-4fa8-bdee-4d769e4606f4)
 - New and modified: 0

[22/Jun/2023:18:10:39] UPDATING PREPAGATI (JobID: b90d101e-c9cf-42a5-963e-7f9e92fafd8a)
 - New and modified: 0

[22/Jun/2023:18:10:39] DELETING PREPAGATI (JobID: b90d101e-c9cf-42a5-963e-7f9e92fafd8a)
 - Deleted: 0

[22/Jun/2023:18:20:05] UPDATING ACCOUNTS (JobID: 964c4056-0145-41cc-b78c-cf0080b657fe)
 - New and modified: 0

[22/Jun/2023:18:20:05] DELETING ACCOUNTS (JobID: 964c4056-0145-41cc-b78c-cf0080b657fe)
 - Deleted: 0

[22/Jun/2023:18:20:40] UPDATING PRODUCTS (JobID: bf9842aa-a1d8-4976-aa67-d0f96ff69fa6)
 - New and modified: 0

[22/Jun/2023:18:20:41] UPDATING PREPAGATI (JobID: 4036734c-635b-49ba-989d-574c6921a20a)
 - New and modified: 0

[22/Jun/2023:18:20:41] DELETING PREPAGATI (JobID: 4036734c-635b-49ba-989d-574c6921a20a)
 - Deleted: 0

[22/Jun/2023:18:30:04] UPDATING ACCOUNTS (JobID: 3362f40a-2792-4bd2-b441-1941b5b046ef)
 - New and modified: 0

[22/Jun/2023:18:30:04] DELETING ACCOUNTS (JobID: 3362f40a-2792-4bd2-b441-1941b5b046ef)
 - Deleted: 0

[22/Jun/2023:18:30:36] UPDATING PRODUCTS (JobID: 65e76dd9-bffb-40c9-a9d1-7597904947ef)
 - New and modified: 0

[22/Jun/2023:18:30:37] UPDATING PREPAGATI (JobID: fb0fcdc8-be72-4d55-b18b-70548d5599c7)
 - New and modified: 0

[22/Jun/2023:18:30:37] DELETING PREPAGATI (JobID: fb0fcdc8-be72-4d55-b18b-70548d5599c7)
 - Deleted: 0

[22/Jun/2023:18:40:04] UPDATING ACCOUNTS (JobID: 495da30f-5dfe-4be8-b0e4-e59719cf3cc8)
 - New and modified: 0

[22/Jun/2023:18:40:04] DELETING ACCOUNTS (JobID: 495da30f-5dfe-4be8-b0e4-e59719cf3cc8)
 - Deleted: 0

[22/Jun/2023:18:40:37] UPDATING PRODUCTS (JobID: c4838be5-1dae-428d-b820-74163bbeab3b)
 - New and modified: 0

[22/Jun/2023:18:40:39] UPDATING PREPAGATI (JobID: a439db71-d7a7-41c0-a9c7-9d9e4a200cad)
 - New and modified: 0

[22/Jun/2023:18:40:39] DELETING PREPAGATI (JobID: a439db71-d7a7-41c0-a9c7-9d9e4a200cad)
 - Deleted: 0

[22/Jun/2023:18:50:04] UPDATING ACCOUNTS (JobID: 1d35939e-a4b1-4ab0-a337-3eef04c2e2b0)
 - New and modified: 0

[22/Jun/2023:18:50:04] DELETING ACCOUNTS (JobID: 1d35939e-a4b1-4ab0-a337-3eef04c2e2b0)
 - Deleted: 0

[22/Jun/2023:18:50:36] UPDATING PRODUCTS (JobID: c6497d19-a370-4c9e-964c-f1ce7462c85a)
 - New and modified: 0

[22/Jun/2023:18:50:38] UPDATING PREPAGATI (JobID: d26c6d6b-7af6-4b1d-a05c-de8c7174ae84)
 - New and modified: 0

[22/Jun/2023:18:50:38] DELETING PREPAGATI (JobID: d26c6d6b-7af6-4b1d-a05c-de8c7174ae84)
 - Deleted: 0

[22/Jun/2023:19:00:16] UPDATING ACCOUNTS (JobID: c6612455-54cd-4546-b9b7-ddf091b0ba53)
 - New and modified: 0

[22/Jun/2023:19:00:16] DELETING ACCOUNTS (JobID: c6612455-54cd-4546-b9b7-ddf091b0ba53)
 - Deleted: 0

[22/Jun/2023:19:00:48] UPDATING PRODUCTS (JobID: 06bda05d-3832-47a5-9615-bf96334fec18)
 - New and modified: 0

[22/Jun/2023:19:00:50] UPDATING PREPAGATI (JobID: f531d444-6159-41d9-aeb8-8d1a1ce4f896)
 - New and modified: 0

[22/Jun/2023:19:00:50] DELETING PREPAGATI (JobID: f531d444-6159-41d9-aeb8-8d1a1ce4f896)
 - Deleted: 0

[22/Jun/2023:19:10:04] UPDATING ACCOUNTS (JobID: a29b69f1-fc1c-4070-8be9-fa3bb7d91cc9)
 - New and modified: 0

[22/Jun/2023:19:10:04] DELETING ACCOUNTS (JobID: a29b69f1-fc1c-4070-8be9-fa3bb7d91cc9)
 - Deleted: 0

[22/Jun/2023:19:10:38] UPDATING PRODUCTS (JobID: 570bad49-1111-4f7c-9ed3-330a68257f97)
 - New and modified: 0

[22/Jun/2023:19:10:40] UPDATING PREPAGATI (JobID: c6c7bfc9-dd18-47bb-8b39-4328d247e21b)
 - New and modified: 0

[22/Jun/2023:19:10:40] DELETING PREPAGATI (JobID: c6c7bfc9-dd18-47bb-8b39-4328d247e21b)
 - Deleted: 0

[22/Jun/2023:19:30:04] UPDATING ACCOUNTS (JobID: 4f512cb7-a619-46dd-bc0e-aa975bf081e5)
 - New and modified: 0

[22/Jun/2023:19:30:04] DELETING ACCOUNTS (JobID: 4f512cb7-a619-46dd-bc0e-aa975bf081e5)
 - Deleted: 0

[22/Jun/2023:19:30:39] UPDATING PRODUCTS (JobID: 49df849b-5c72-464e-bb99-40c3e7b68655)
 - New and modified: 0

[22/Jun/2023:19:30:41] UPDATING PREPAGATI (JobID: 18367c99-7092-4b7d-a611-ec51077f41fb)
 - New and modified: 0

[22/Jun/2023:19:30:41] DELETING PREPAGATI (JobID: 18367c99-7092-4b7d-a611-ec51077f41fb)
 - Deleted: 0

[22/Jun/2023:19:40:04] UPDATING ACCOUNTS (JobID: 9907d8cf-18fe-4e17-96e4-82f1403a136e)
 - New and modified: 0

[22/Jun/2023:19:40:04] DELETING ACCOUNTS (JobID: 9907d8cf-18fe-4e17-96e4-82f1403a136e)
 - Deleted: 0

[22/Jun/2023:19:40:37] UPDATING PRODUCTS (JobID: b4274e57-bd1a-4188-a9da-5f00c544c8a0)
 - New and modified: 0

[22/Jun/2023:19:40:39] UPDATING PREPAGATI (JobID: b3019560-2355-48bd-b92a-117d89527fdf)
 - New and modified: 0

[22/Jun/2023:19:40:39] DELETING PREPAGATI (JobID: b3019560-2355-48bd-b92a-117d89527fdf)
 - Deleted: 0

[22/Jun/2023:19:50:04] UPDATING ACCOUNTS (JobID: d87599d0-9439-4053-a052-85b74281eced)
 - New and modified: 0

[22/Jun/2023:19:50:04] DELETING ACCOUNTS (JobID: d87599d0-9439-4053-a052-85b74281eced)
 - Deleted: 0

[22/Jun/2023:19:50:36] UPDATING PRODUCTS (JobID: ad2914c1-f964-4958-b71d-c6b5ce716547)
 - New and modified: 0

[22/Jun/2023:19:50:38] UPDATING PREPAGATI (JobID: f20550fa-dbce-4c2f-ab6e-038e3a94de8c)
 - New and modified: 0

[22/Jun/2023:19:50:38] DELETING PREPAGATI (JobID: f20550fa-dbce-4c2f-ab6e-038e3a94de8c)
 - Deleted: 0

[22/Jun/2023:20:00:04] UPDATING ACCOUNTS (JobID: 4e00bf7b-281f-4b17-9125-8e3d344f4495)
 - New and modified: 0

[22/Jun/2023:20:00:04] DELETING ACCOUNTS (JobID: 4e00bf7b-281f-4b17-9125-8e3d344f4495)
 - Deleted: 0

[22/Jun/2023:20:00:37] UPDATING PRODUCTS (JobID: 49016dd0-4f8a-4aa8-949d-1c0768afb9df)
 - New and modified: 0

[22/Jun/2023:20:00:38] UPDATING PREPAGATI (JobID: ddfff1b8-930e-4355-a222-0635dfb0ef9b)
 - New and modified: 0

[22/Jun/2023:20:00:38] DELETING PREPAGATI (JobID: ddfff1b8-930e-4355-a222-0635dfb0ef9b)
 - Deleted: 0

[22/Jun/2023:20:10:04] UPDATING ACCOUNTS (JobID: 1f3f17ff-6e13-42ef-973e-67ed5bc26e18)
 - New and modified: 0

[22/Jun/2023:20:10:04] DELETING ACCOUNTS (JobID: 1f3f17ff-6e13-42ef-973e-67ed5bc26e18)
 - Deleted: 0

[22/Jun/2023:20:10:38] UPDATING PRODUCTS (JobID: 9cf0bbf9-f4ec-4eee-831b-ffee2b99ff97)
 - New and modified: 0

[22/Jun/2023:20:10:40] UPDATING PREPAGATI (JobID: b73bf30c-719d-401a-8a46-567494f22df0)
 - New and modified: 0

[22/Jun/2023:20:10:40] DELETING PREPAGATI (JobID: b73bf30c-719d-401a-8a46-567494f22df0)
 - Deleted: 0

[22/Jun/2023:20:20:04] UPDATING ACCOUNTS (JobID: dd508cc6-d1f2-48fc-a4a5-80402c5b8659)
 - New and modified: 0

[22/Jun/2023:20:20:04] DELETING ACCOUNTS (JobID: dd508cc6-d1f2-48fc-a4a5-80402c5b8659)
 - Deleted: 0

[22/Jun/2023:20:20:37] UPDATING PRODUCTS (JobID: 480d2170-8d65-4bef-abee-3b85693f1094)
 - New and modified: 0

[22/Jun/2023:20:20:39] UPDATING PREPAGATI (JobID: 60b94cfe-7d8b-4908-a601-948f92b573f7)
 - New and modified: 0

[22/Jun/2023:20:20:39] DELETING PREPAGATI (JobID: 60b94cfe-7d8b-4908-a601-948f92b573f7)
 - Deleted: 0

[22/Jun/2023:20:30:04] UPDATING ACCOUNTS (JobID: 042ad6a8-9c53-4ab4-8e93-8038da487f10)
 - New and modified: 0

[22/Jun/2023:20:30:04] DELETING ACCOUNTS (JobID: 042ad6a8-9c53-4ab4-8e93-8038da487f10)
 - Deleted: 0

[22/Jun/2023:20:30:37] UPDATING PRODUCTS (JobID: a022611a-8e81-460b-b7d4-c3d1f0728dbb)
 - New and modified: 0

[22/Jun/2023:20:30:39] UPDATING PREPAGATI (JobID: c8daab52-5a35-45df-87c0-e85c9de2e566)
 - New and modified: 0

[22/Jun/2023:20:30:39] DELETING PREPAGATI (JobID: c8daab52-5a35-45df-87c0-e85c9de2e566)
 - Deleted: 0

[22/Jun/2023:20:40:04] UPDATING ACCOUNTS (JobID: af4dc210-7fa6-4968-9e1e-6363560efe0b)
 - New and modified: 0

[22/Jun/2023:20:40:04] DELETING ACCOUNTS (JobID: af4dc210-7fa6-4968-9e1e-6363560efe0b)
 - Deleted: 0

[22/Jun/2023:20:40:34] UPDATING PRODUCTS (JobID: e3523b34-6900-49d0-88b1-56b4ec377f1f)
 - New and modified: 0

[22/Jun/2023:20:40:36] UPDATING PREPAGATI (JobID: 229bd1e7-931f-421f-b8b0-fd8c2b6b62b1)
 - New and modified: 0

[22/Jun/2023:20:40:36] DELETING PREPAGATI (JobID: 229bd1e7-931f-421f-b8b0-fd8c2b6b62b1)
 - Deleted: 0

[22/Jun/2023:20:50:03] UPDATING ACCOUNTS (JobID: a8a6d5f9-6d97-414a-810b-b5af7137fb16)
 - New and modified: 0

[22/Jun/2023:20:50:03] DELETING ACCOUNTS (JobID: a8a6d5f9-6d97-414a-810b-b5af7137fb16)
 - Deleted: 0

[22/Jun/2023:20:50:35] UPDATING PRODUCTS (JobID: 02bc92fe-9631-4365-bcf7-0d29763b6e3c)
 - New and modified: 0

[22/Jun/2023:20:50:36] UPDATING PREPAGATI (JobID: 86b265f0-c3db-4ee4-a04f-db87e5fa393c)
 - New and modified: 0

[22/Jun/2023:20:50:36] DELETING PREPAGATI (JobID: 86b265f0-c3db-4ee4-a04f-db87e5fa393c)
 - Deleted: 0

[22/Jun/2023:21:00:04] UPDATING ACCOUNTS (JobID: b42715c8-7ad3-4821-bf69-c5fc934641ed)
 - New and modified: 0

[22/Jun/2023:21:00:04] DELETING ACCOUNTS (JobID: b42715c8-7ad3-4821-bf69-c5fc934641ed)
 - Deleted: 0

[22/Jun/2023:21:00:35] UPDATING PRODUCTS (JobID: b55640d7-5259-4f12-8a70-3eef1f5395f4)
 - New and modified: 0

[22/Jun/2023:21:00:37] UPDATING PREPAGATI (JobID: 98bf7d9c-8cfe-408e-924b-d0ce5c97a981)
 - New and modified: 0

[22/Jun/2023:21:00:37] DELETING PREPAGATI (JobID: 98bf7d9c-8cfe-408e-924b-d0ce5c97a981)
 - Deleted: 0

[22/Jun/2023:21:10:04] UPDATING ACCOUNTS (JobID: aa100c2b-7a11-4979-8a2d-5f0bdd1a9d3d)
 - New and modified: 0

[22/Jun/2023:21:10:04] DELETING ACCOUNTS (JobID: aa100c2b-7a11-4979-8a2d-5f0bdd1a9d3d)
 - Deleted: 0

[22/Jun/2023:21:10:36] UPDATING PRODUCTS (JobID: bac553c7-1506-4431-9298-2174dd9803f1)
 - New and modified: 0

[22/Jun/2023:21:10:38] UPDATING PREPAGATI (JobID: 51fb0d76-286c-4ceb-8c1b-dc3c978e27e2)
 - New and modified: 0

[22/Jun/2023:21:10:38] DELETING PREPAGATI (JobID: 51fb0d76-286c-4ceb-8c1b-dc3c978e27e2)
 - Deleted: 0

[22/Jun/2023:21:20:04] UPDATING ACCOUNTS (JobID: 76afadaa-6edd-4102-809e-9d9ad718163d)
 - New and modified: 0

[22/Jun/2023:21:20:04] DELETING ACCOUNTS (JobID: 76afadaa-6edd-4102-809e-9d9ad718163d)
 - Deleted: 0

[22/Jun/2023:21:20:35] UPDATING PRODUCTS (JobID: 2297fce2-0e55-4507-b90f-8da082d83e1f)
 - New and modified: 0

[22/Jun/2023:21:20:37] UPDATING PREPAGATI (JobID: c4a46b8f-3d8b-48f6-911a-51ef11df20e4)
 - New and modified: 0

[22/Jun/2023:21:20:37] DELETING PREPAGATI (JobID: c4a46b8f-3d8b-48f6-911a-51ef11df20e4)
 - Deleted: 0

[22/Jun/2023:21:30:04] UPDATING ACCOUNTS (JobID: d6712467-40c1-40b3-bc3c-08afef1be12b)
 - New and modified: 0

[22/Jun/2023:21:30:04] DELETING ACCOUNTS (JobID: d6712467-40c1-40b3-bc3c-08afef1be12b)
 - Deleted: 0

[22/Jun/2023:21:30:37] UPDATING PRODUCTS (JobID: 7182e9cd-4783-4cdb-b2fb-8c4643a5f663)
 - New and modified: 0

[22/Jun/2023:21:30:38] UPDATING PREPAGATI (JobID: 6b23b46c-d872-4004-8b72-d663d1ce112a)
 - New and modified: 0

[22/Jun/2023:21:30:38] DELETING PREPAGATI (JobID: 6b23b46c-d872-4004-8b72-d663d1ce112a)
 - Deleted: 0

[22/Jun/2023:21:40:04] UPDATING ACCOUNTS (JobID: 16cd9bf4-b745-4460-983a-3b316e6820c7)
 - New and modified: 0

[22/Jun/2023:21:40:04] DELETING ACCOUNTS (JobID: 16cd9bf4-b745-4460-983a-3b316e6820c7)
 - Deleted: 0

[22/Jun/2023:21:40:35] UPDATING PRODUCTS (JobID: 6c6ce461-0672-44a3-b9ce-0863471ec028)
 - New and modified: 0

[22/Jun/2023:21:40:37] UPDATING PREPAGATI (JobID: df4f01ac-5a19-478d-99e0-079b81e7a192)
 - New and modified: 0

[22/Jun/2023:21:40:37] DELETING PREPAGATI (JobID: df4f01ac-5a19-478d-99e0-079b81e7a192)
 - Deleted: 0

[22/Jun/2023:21:50:04] UPDATING ACCOUNTS (JobID: b8501c68-d6e8-4672-89da-d097aae95ec9)
 - New and modified: 0

[22/Jun/2023:21:50:04] DELETING ACCOUNTS (JobID: b8501c68-d6e8-4672-89da-d097aae95ec9)
 - Deleted: 0

[22/Jun/2023:21:50:38] UPDATING PRODUCTS (JobID: 01d0034e-3e2e-4478-b444-0df70fd6d1b7)
 - New and modified: 0

[22/Jun/2023:21:50:39] UPDATING PREPAGATI (JobID: e5e072bf-86c0-4981-88dd-8e1c2a354b61)
 - New and modified: 0

[22/Jun/2023:21:50:39] DELETING PREPAGATI (JobID: e5e072bf-86c0-4981-88dd-8e1c2a354b61)
 - Deleted: 0

[22/Jun/2023:22:00:08] UPDATING ACCOUNTS (JobID: a1cb15a0-9010-42b2-873e-17aa86ba32df)
 - New and modified: 0

[22/Jun/2023:22:00:08] DELETING ACCOUNTS (JobID: a1cb15a0-9010-42b2-873e-17aa86ba32df)
 - Deleted: 0

[22/Jun/2023:22:00:39] UPDATING PRODUCTS (JobID: c953177e-2e4d-4eb6-b70c-c3e4d6674ac2)
 - New and modified: 0

[22/Jun/2023:22:00:40] UPDATING PREPAGATI (JobID: 1ff7ed01-07e3-464b-9595-4d5dfc3fe430)
 - New and modified: 0

[22/Jun/2023:22:00:40] DELETING PREPAGATI (JobID: 1ff7ed01-07e3-464b-9595-4d5dfc3fe430)
 - Deleted: 0

[22/Jun/2023:22:10:05] UPDATING ACCOUNTS (JobID: 4d9f4a1a-f424-4e02-b339-98ce8e4ebf34)
 - New and modified: 0

[22/Jun/2023:22:10:05] DELETING ACCOUNTS (JobID: 4d9f4a1a-f424-4e02-b339-98ce8e4ebf34)
 - Deleted: 0

[22/Jun/2023:22:10:36] UPDATING PRODUCTS (JobID: 3c5d6e08-827c-466f-8543-b64a7e2214a8)
 - New and modified: 0

[22/Jun/2023:22:10:38] UPDATING PREPAGATI (JobID: 55b215f5-48b3-4266-a445-a73f60999bdd)
 - New and modified: 0

[22/Jun/2023:22:10:38] DELETING PREPAGATI (JobID: 55b215f5-48b3-4266-a445-a73f60999bdd)
 - Deleted: 0

[22/Jun/2023:22:20:04] UPDATING ACCOUNTS (JobID: 779dcc50-8fe8-44e9-8346-fe0b98f7dcb7)
 - New and modified: 0

[22/Jun/2023:22:20:04] DELETING ACCOUNTS (JobID: 779dcc50-8fe8-44e9-8346-fe0b98f7dcb7)
 - Deleted: 0

[22/Jun/2023:22:20:36] UPDATING PRODUCTS (JobID: b106f05c-f6ac-4fbb-a3d0-0965adb20e0a)
 - New and modified: 0

[22/Jun/2023:22:20:38] UPDATING PREPAGATI (JobID: 2462c369-0008-4caa-a38d-2e30a5060800)
 - New and modified: 0

[22/Jun/2023:22:20:38] DELETING PREPAGATI (JobID: 2462c369-0008-4caa-a38d-2e30a5060800)
 - Deleted: 0

[22/Jun/2023:22:30:04] UPDATING ACCOUNTS (JobID: 9f844185-1e7a-47f4-8288-d64233479b3d)
 - New and modified: 0

[22/Jun/2023:22:30:04] DELETING ACCOUNTS (JobID: 9f844185-1e7a-47f4-8288-d64233479b3d)
 - Deleted: 0

[22/Jun/2023:22:30:36] UPDATING PRODUCTS (JobID: de7d4538-639c-49c7-8326-44510b7053c9)
 - New and modified: 0

[22/Jun/2023:22:30:38] UPDATING PREPAGATI (JobID: 287ec3bf-2c55-425a-823b-012d5ba5e0a0)
 - New and modified: 0

[22/Jun/2023:22:30:38] DELETING PREPAGATI (JobID: 287ec3bf-2c55-425a-823b-012d5ba5e0a0)
 - Deleted: 0

[22/Jun/2023:22:40:04] UPDATING ACCOUNTS (JobID: 4d85b9de-f442-4ba5-9193-14efc51a875b)
 - New and modified: 0

[22/Jun/2023:22:40:04] DELETING ACCOUNTS (JobID: 4d85b9de-f442-4ba5-9193-14efc51a875b)
 - Deleted: 0

[22/Jun/2023:22:40:36] UPDATING PRODUCTS (JobID: 0421df19-1d3c-433a-bd65-3e88c9785408)
 - New and modified: 0

[22/Jun/2023:22:40:38] UPDATING PREPAGATI (JobID: 88e279bd-eb67-4d5c-b5b0-ff3dc6cf8f04)
 - New and modified: 0

[22/Jun/2023:22:40:38] DELETING PREPAGATI (JobID: 88e279bd-eb67-4d5c-b5b0-ff3dc6cf8f04)
 - Deleted: 0

[22/Jun/2023:22:50:04] UPDATING ACCOUNTS (JobID: 59d9cedd-7184-4b26-b8c8-e17a382bf3fe)
 - New and modified: 0

[22/Jun/2023:22:50:04] DELETING ACCOUNTS (JobID: 59d9cedd-7184-4b26-b8c8-e17a382bf3fe)
 - Deleted: 0

[22/Jun/2023:22:50:35] UPDATING PRODUCTS (JobID: e505a178-f7c1-4648-afe2-c8d3a45a47ac)
 - New and modified: 0

[22/Jun/2023:22:50:36] UPDATING PREPAGATI (JobID: c1fa24d3-bb98-43a2-be02-34c6c8fd7188)
 - New and modified: 0

[22/Jun/2023:22:50:36] DELETING PREPAGATI (JobID: c1fa24d3-bb98-43a2-be02-34c6c8fd7188)
 - Deleted: 0

[22/Jun/2023:23:00:05] UPDATING ACCOUNTS (JobID: ceefbcfe-c754-4d2f-be5a-a8b3065213a7)
 - New and modified: 0

[22/Jun/2023:23:00:05] DELETING ACCOUNTS (JobID: ceefbcfe-c754-4d2f-be5a-a8b3065213a7)
 - Deleted: 0

[22/Jun/2023:23:00:35] UPDATING PRODUCTS (JobID: 11c5e46d-3d31-453b-978c-09d7cde98f5e)
 - New and modified: 0

[22/Jun/2023:23:00:37] UPDATING PREPAGATI (JobID: eb492997-a053-41d7-bf36-d63eb219c3b1)
 - New and modified: 0

[22/Jun/2023:23:00:37] DELETING PREPAGATI (JobID: eb492997-a053-41d7-bf36-d63eb219c3b1)
 - Deleted: 0

[22/Jun/2023:23:10:03] UPDATING ACCOUNTS (JobID: ccd9891a-78b4-4340-94d2-bc83e81e348e)
 - New and modified: 0

[22/Jun/2023:23:10:03] DELETING ACCOUNTS (JobID: ccd9891a-78b4-4340-94d2-bc83e81e348e)
 - Deleted: 0

[22/Jun/2023:23:10:34] UPDATING PRODUCTS (JobID: 92a676f5-5a27-43f4-b01a-5b4e20f076ad)
 - New and modified: 0

[22/Jun/2023:23:10:36] UPDATING PREPAGATI (JobID: 9919dbec-7de0-42a1-8717-bf8817baf2f9)
 - New and modified: 0

[22/Jun/2023:23:10:36] DELETING PREPAGATI (JobID: 9919dbec-7de0-42a1-8717-bf8817baf2f9)
 - Deleted: 0

[22/Jun/2023:23:20:04] UPDATING ACCOUNTS (JobID: dbb8fb8c-f5f7-415d-99fd-b35cd38521c6)
 - New and modified: 0

[22/Jun/2023:23:20:04] DELETING ACCOUNTS (JobID: dbb8fb8c-f5f7-415d-99fd-b35cd38521c6)
 - Deleted: 0

[22/Jun/2023:23:20:35] UPDATING PRODUCTS (JobID: f0f363d1-c2e6-43a7-8f05-7c13dd0f48ac)
 - New and modified: 0

[22/Jun/2023:23:20:37] UPDATING PREPAGATI (JobID: e0c75ad7-02c3-494a-97b0-384dd902877a)
 - New and modified: 0

[22/Jun/2023:23:20:37] DELETING PREPAGATI (JobID: e0c75ad7-02c3-494a-97b0-384dd902877a)
 - Deleted: 0

[22/Jun/2023:23:30:04] UPDATING ACCOUNTS (JobID: bc7ea6e2-02b8-49bf-a0d2-da50f42f7477)
 - New and modified: 0

[22/Jun/2023:23:30:04] DELETING ACCOUNTS (JobID: bc7ea6e2-02b8-49bf-a0d2-da50f42f7477)
 - Deleted: 0

[22/Jun/2023:23:30:35] UPDATING PRODUCTS (JobID: e5bff1f0-96b0-4a27-a5d1-23e74307a538)
 - New and modified: 0

[22/Jun/2023:23:30:36] UPDATING PREPAGATI (JobID: a23f9f8f-b56f-4721-a43c-1488f50d83d6)
 - New and modified: 0

[22/Jun/2023:23:30:36] DELETING PREPAGATI (JobID: a23f9f8f-b56f-4721-a43c-1488f50d83d6)
 - Deleted: 0

[22/Jun/2023:23:40:04] UPDATING ACCOUNTS (JobID: 9f8bfa53-2596-48b1-9cc8-88fedc878a59)
 - New and modified: 0

[22/Jun/2023:23:40:04] DELETING ACCOUNTS (JobID: 9f8bfa53-2596-48b1-9cc8-88fedc878a59)
 - Deleted: 0

[22/Jun/2023:23:40:38] UPDATING PRODUCTS (JobID: e53c0917-de81-4074-8725-435cbe839ed9)
 - New and modified: 0

[22/Jun/2023:23:40:40] UPDATING PREPAGATI (JobID: c55a48f2-4d8f-40ac-94d2-71b9b0a4c082)
 - New and modified: 0

[22/Jun/2023:23:40:40] DELETING PREPAGATI (JobID: c55a48f2-4d8f-40ac-94d2-71b9b0a4c082)
 - Deleted: 0

[22/Jun/2023:23:50:04] UPDATING ACCOUNTS (JobID: 84ba4d08-4cea-4e4a-9c30-91f1af86c257)
 - New and modified: 0

[22/Jun/2023:23:50:04] DELETING ACCOUNTS (JobID: 84ba4d08-4cea-4e4a-9c30-91f1af86c257)
 - Deleted: 0

[22/Jun/2023:23:50:36] UPDATING PRODUCTS (JobID: dd02af7d-fa97-4917-b8a5-104938b7781e)
 - New and modified: 0

[22/Jun/2023:23:50:38] UPDATING PREPAGATI (JobID: ed5f1013-d262-4758-a809-e6aafd42914c)
 - New and modified: 0

[22/Jun/2023:23:50:38] DELETING PREPAGATI (JobID: ed5f1013-d262-4758-a809-e6aafd42914c)
 - Deleted: 0

