[20/May/2023:00:00:04] UPDATING ACCOUNTS (JobID: a1e398bd-4eec-49ef-b99c-9ca437168f95)
 - New and modified: 0

[20/May/2023:00:00:04] DELETING ACCOUNTS (JobID: a1e398bd-4eec-49ef-b99c-9ca437168f95)
 - Deleted: 0

[20/May/2023:00:00:24] UPDATING PRODUCTS (JobID: d947c48b-ebf6-42d2-9787-0e42dfc2b782)
 - New and modified: 0

[20/May/2023:00:00:25] UPDATING PREPAGATI (JobID: 18e9c033-efe6-44dc-8f96-73608f72ccce)
 - New and modified: 0

[20/May/2023:00:00:25] DELETING PREPAGATI (JobID: 18e9c033-efe6-44dc-8f96-73608f72ccce)
 - Deleted: 0

[20/May/2023:00:10:03] UPDATING ACCOUNTS (JobID: 85112ab6-b98e-4810-845a-d8ce6aaa3858)
 - New and modified: 0

[20/May/2023:00:10:03] DELETING ACCOUNTS (JobID: 85112ab6-b98e-4810-845a-d8ce6aaa3858)
 - Deleted: 0

[20/May/2023:00:10:24] UPDATING PRODUCTS (JobID: b5f4f502-d267-4c2e-a761-861a7cd49535)
 - New and modified: 0

[20/May/2023:00:10:25] UPDATING PREPAGATI (JobID: d5b62004-41db-46e5-8903-3184ae51e18b)
 - New and modified: 0

[20/May/2023:00:10:25] DELETING PREPAGATI (JobID: d5b62004-41db-46e5-8903-3184ae51e18b)
 - Deleted: 0

[20/May/2023:00:20:03] UPDATING ACCOUNTS (JobID: 935d82b1-29a5-4299-b4c3-7b13f35baae9)
 - New and modified: 0

[20/May/2023:00:20:03] DELETING ACCOUNTS (JobID: 935d82b1-29a5-4299-b4c3-7b13f35baae9)
 - Deleted: 0

[20/May/2023:00:20:24] UPDATING PRODUCTS (JobID: 23d1dd0d-add3-41e7-93da-54a4c1473876)
 - New and modified: 0

[20/May/2023:00:20:26] UPDATING PREPAGATI (JobID: 4e174438-9653-4276-9f97-c7885ca12f58)
 - New and modified: 0

[20/May/2023:00:20:26] DELETING PREPAGATI (JobID: 4e174438-9653-4276-9f97-c7885ca12f58)
 - Deleted: 0

[20/May/2023:00:30:03] UPDATING ACCOUNTS (JobID: a57598bd-8d91-4ec9-89d9-cab4ab434ce1)
 - New and modified: 0

[20/May/2023:00:30:03] DELETING ACCOUNTS (JobID: a57598bd-8d91-4ec9-89d9-cab4ab434ce1)
 - Deleted: 0

[20/May/2023:00:30:22] UPDATING PRODUCTS (JobID: fb4692c2-15fb-4e70-91fa-002f60b65514)
 - New and modified: 0

[20/May/2023:00:30:23] UPDATING PREPAGATI (JobID: 492d5d56-6823-4f10-81cf-a4582d922e22)
 - New and modified: 0

[20/May/2023:00:30:23] DELETING PREPAGATI (JobID: 492d5d56-6823-4f10-81cf-a4582d922e22)
 - Deleted: 0

[20/May/2023:00:40:03] UPDATING ACCOUNTS (JobID: c823fe42-1d6e-4f3d-9ad6-aad0149b0b25)
 - New and modified: 0

[20/May/2023:00:40:03] DELETING ACCOUNTS (JobID: c823fe42-1d6e-4f3d-9ad6-aad0149b0b25)
 - Deleted: 0

[20/May/2023:00:40:22] UPDATING PRODUCTS (JobID: f772ef20-8a55-4072-b025-dbb24e8c84d2)
 - New and modified: 0

[20/May/2023:00:40:23] UPDATING PREPAGATI (JobID: 5ae08d91-58c3-45b0-98e8-f7edd17adfa2)
 - New and modified: 0

[20/May/2023:00:40:23] DELETING PREPAGATI (JobID: 5ae08d91-58c3-45b0-98e8-f7edd17adfa2)
 - Deleted: 0

[20/May/2023:01:00:28] UPDATING ACCOUNTS (JobID: 30c631b0-ba7c-4595-8c76-a09ad526d556)
 - New and modified: 0

[20/May/2023:01:00:28] DELETING ACCOUNTS (JobID: 30c631b0-ba7c-4595-8c76-a09ad526d556)
 - Deleted: 0

[20/May/2023:01:04:15] UPDATING PRODUCTS (JobID: 3a00ea41-3a51-4981-9d52-973ba0dba974)
 - New and modified: 0

[20/May/2023:01:04:17] UPDATING PREPAGATI (JobID: bfb5ae6d-d54d-47f8-8fe2-497e14a1621c)
 - New and modified: 0

[20/May/2023:01:04:17] DELETING PREPAGATI (JobID: bfb5ae6d-d54d-47f8-8fe2-497e14a1621c)
 - Deleted: 0

[20/May/2023:01:10:03] UPDATING ACCOUNTS (JobID: a5df25a7-c1a8-4b63-9a0a-f080e1fd35b5)
 - New and modified: 0

[20/May/2023:01:10:03] DELETING ACCOUNTS (JobID: a5df25a7-c1a8-4b63-9a0a-f080e1fd35b5)
 - Deleted: 0

[20/May/2023:01:10:23] UPDATING PRODUCTS (JobID: b5f2ed89-5f0a-4a88-bf7c-9326664bad18)
 - New and modified: 0

[20/May/2023:01:10:25] UPDATING PREPAGATI (JobID: 42b5f7b5-4367-469e-a564-b839ba7a3dc5)
 - New and modified: 0

[20/May/2023:01:10:25] DELETING PREPAGATI (JobID: 42b5f7b5-4367-469e-a564-b839ba7a3dc5)
 - Deleted: 0

[20/May/2023:01:20:03] UPDATING ACCOUNTS (JobID: 01cd0673-aeb9-4bd3-b9b4-6ea55bf11d12)
 - New and modified: 0

[20/May/2023:01:20:03] DELETING ACCOUNTS (JobID: 01cd0673-aeb9-4bd3-b9b4-6ea55bf11d12)
 - Deleted: 0

[20/May/2023:01:20:21] UPDATING PRODUCTS (JobID: c3822597-d2e5-4950-9c2e-53bec4056947)
 - New and modified: 0

[20/May/2023:01:20:22] UPDATING PREPAGATI (JobID: 96148e63-a2e1-4265-ba46-a9bb2c2fa7b6)
 - New and modified: 0

[20/May/2023:01:20:22] DELETING PREPAGATI (JobID: 96148e63-a2e1-4265-ba46-a9bb2c2fa7b6)
 - Deleted: 0

[20/May/2023:01:30:03] UPDATING ACCOUNTS (JobID: 5a88fedb-437f-4517-a3e4-ef2545c4dcf2)
 - New and modified: 0

[20/May/2023:01:30:03] DELETING ACCOUNTS (JobID: 5a88fedb-437f-4517-a3e4-ef2545c4dcf2)
 - Deleted: 0

[20/May/2023:01:30:22] UPDATING PRODUCTS (JobID: f6d0bf9a-7e3f-4c69-9f09-b7a0c68ef359)
 - New and modified: 0

[20/May/2023:01:30:23] UPDATING PREPAGATI (JobID: 9715e351-eb62-4ded-8125-790d60dfc7d6)
 - New and modified: 0

[20/May/2023:01:30:23] DELETING PREPAGATI (JobID: 9715e351-eb62-4ded-8125-790d60dfc7d6)
 - Deleted: 0

[20/May/2023:01:40:03] UPDATING ACCOUNTS (JobID: 358fd6bd-3d70-4ea5-bbb0-671b8f7d1410)
 - New and modified: 0

[20/May/2023:01:40:03] DELETING ACCOUNTS (JobID: 358fd6bd-3d70-4ea5-bbb0-671b8f7d1410)
 - Deleted: 0

[20/May/2023:01:40:21] UPDATING PRODUCTS (JobID: 89981f58-faab-48ef-abb2-a8d31178c54d)
 - New and modified: 0

[20/May/2023:01:40:22] UPDATING PREPAGATI (JobID: 4624d60f-f9ba-4361-9c74-ec8285259ef6)
 - New and modified: 0

[20/May/2023:01:40:22] DELETING PREPAGATI (JobID: 4624d60f-f9ba-4361-9c74-ec8285259ef6)
 - Deleted: 0

[20/May/2023:01:50:03] UPDATING ACCOUNTS (JobID: 9c18b240-4f3e-41e7-84a2-1b98f9e03725)
 - New and modified: 0

[20/May/2023:01:50:03] DELETING ACCOUNTS (JobID: 9c18b240-4f3e-41e7-84a2-1b98f9e03725)
 - Deleted: 0

[20/May/2023:01:50:24] UPDATING PRODUCTS (JobID: d6396c0a-e6c0-4428-bf20-52f3014c19ef)
 - New and modified: 0

[20/May/2023:01:50:27] UPDATING PREPAGATI (JobID: 2fe23e03-5a37-4fbb-ab13-93776c32464b)
 - New and modified: 0

[20/May/2023:01:50:27] DELETING PREPAGATI (JobID: 2fe23e03-5a37-4fbb-ab13-93776c32464b)
 - Deleted: 0

[20/May/2023:02:00:09] UPDATING ACCOUNTS (JobID: 75502615-da4d-4fbc-b5fa-2cf388df9276)
 - New and modified: 0

[20/May/2023:02:00:09] DELETING ACCOUNTS (JobID: 75502615-da4d-4fbc-b5fa-2cf388df9276)
 - Deleted: 0

[20/May/2023:02:00:32] UPDATING PRODUCTS (JobID: 2970a849-720c-4324-a906-f365e2db02c7)
 - New and modified: 0

[20/May/2023:02:00:34] UPDATING PREPAGATI (JobID: e7f65470-1916-472b-9c9f-cc8d955aecc3)
 - New and modified: 0

[20/May/2023:02:00:34] DELETING PREPAGATI (JobID: e7f65470-1916-472b-9c9f-cc8d955aecc3)
 - Deleted: 0

[20/May/2023:02:10:03] UPDATING ACCOUNTS (JobID: a9bdcc0d-aa64-4eaa-ab73-e1468bbad89b)
 - New and modified: 0

[20/May/2023:02:10:03] DELETING ACCOUNTS (JobID: a9bdcc0d-aa64-4eaa-ab73-e1468bbad89b)
 - Deleted: 0

[20/May/2023:02:10:25] UPDATING PRODUCTS (JobID: 8c091e34-ff89-4ae9-8d68-6f94d437ceef)
 - New and modified: 0

[20/May/2023:02:10:28] UPDATING PREPAGATI (JobID: 8a07c24e-4305-4d9f-867d-3ab21bad9b3b)
 - New and modified: 0

[20/May/2023:02:10:28] DELETING PREPAGATI (JobID: 8a07c24e-4305-4d9f-867d-3ab21bad9b3b)
 - Deleted: 0

[20/May/2023:02:20:03] UPDATING ACCOUNTS (JobID: 9d4f020d-fe20-4c80-b610-de442f6c7705)
 - New and modified: 0

[20/May/2023:02:20:03] DELETING ACCOUNTS (JobID: 9d4f020d-fe20-4c80-b610-de442f6c7705)
 - Deleted: 0

[20/May/2023:02:20:19] UPDATING PRODUCTS (JobID: 8c1fac70-4228-415a-8e99-a119bb85d41c)
 - New and modified: 0

[20/May/2023:02:20:21] UPDATING PREPAGATI (JobID: dee2a833-4c27-430e-97ff-cc008a394597)
 - New and modified: 0

[20/May/2023:02:20:21] DELETING PREPAGATI (JobID: dee2a833-4c27-430e-97ff-cc008a394597)
 - Deleted: 0

[20/May/2023:02:30:03] UPDATING ACCOUNTS (JobID: 64393c03-cfac-4827-ad42-d88f73b1faf2)
 - New and modified: 0

[20/May/2023:02:30:03] DELETING ACCOUNTS (JobID: 64393c03-cfac-4827-ad42-d88f73b1faf2)
 - Deleted: 0

[20/May/2023:02:30:25] UPDATING PRODUCTS (JobID: ab14b9be-789c-40e6-a557-32c185ec39ce)
 - New and modified: 0

[20/May/2023:02:30:26] UPDATING PREPAGATI (JobID: c66f144e-fce9-41a1-88ce-ce9c98bb6377)
 - New and modified: 0

[20/May/2023:02:30:26] DELETING PREPAGATI (JobID: c66f144e-fce9-41a1-88ce-ce9c98bb6377)
 - Deleted: 0

[20/May/2023:03:42:34] UPDATING ACCOUNTS (JobID: 20d66509-e9d1-4d45-91b5-50f300e5d212)
 - New and modified: 0

[20/May/2023:03:42:34] DELETING ACCOUNTS (JobID: 20d66509-e9d1-4d45-91b5-50f300e5d212)
 - Deleted: 0

[20/May/2023:03:43:10] UPDATING PRODUCTS (JobID: dd25579c-7cbf-4ed9-92e9-0645bb9cb2bf)
 - New and modified: 0

[20/May/2023:03:43:20] UPDATING PREPAGATI (JobID: ebf486d1-5dd0-47f8-8f5d-459f64c39791)
 - New and modified: 0

[20/May/2023:03:43:20] DELETING PREPAGATI (JobID: ebf486d1-5dd0-47f8-8f5d-459f64c39791)
 - Deleted: 0

[20/May/2023:04:00:04] UPDATING ACCOUNTS (JobID: 3321a655-7853-49aa-8316-9d625a73e213)
 - New and modified: 0

[20/May/2023:04:00:04] DELETING ACCOUNTS (JobID: 3321a655-7853-49aa-8316-9d625a73e213)
 - Deleted: 0

[20/May/2023:04:00:38] UPDATING PRODUCTS (JobID: 55571da9-c2fa-40b0-a21b-afc3e0dd034f)
 - New and modified: 0

[20/May/2023:04:00:40] UPDATING PREPAGATI (JobID: 3af61c33-727b-4916-80a2-81796b31a412)
 - New and modified: 0

[20/May/2023:04:00:40] DELETING PREPAGATI (JobID: 3af61c33-727b-4916-80a2-81796b31a412)
 - Deleted: 0

[20/May/2023:04:10:04] UPDATING ACCOUNTS (JobID: 7b7c7b73-e3cd-4b99-b3f2-2044b20d24eb)
 - New and modified: 0

[20/May/2023:04:10:04] DELETING ACCOUNTS (JobID: 7b7c7b73-e3cd-4b99-b3f2-2044b20d24eb)
 - Deleted: 0

[20/May/2023:04:10:39] UPDATING PRODUCTS (JobID: 6d2eafde-b48b-472c-88ad-3dd6e3f0adef)
 - New and modified: 0

[20/May/2023:04:10:41] UPDATING PREPAGATI (JobID: 62021aa9-c2fb-4e2e-bcb6-1b579dd72759)
 - New and modified: 0

[20/May/2023:04:10:41] DELETING PREPAGATI (JobID: 62021aa9-c2fb-4e2e-bcb6-1b579dd72759)
 - Deleted: 0

[20/May/2023:04:20:04] UPDATING ACCOUNTS (JobID: 9419bf21-c6e0-4a74-8f67-d10456ab268b)
 - New and modified: 0

[20/May/2023:04:20:04] DELETING ACCOUNTS (JobID: 9419bf21-c6e0-4a74-8f67-d10456ab268b)
 - Deleted: 0

[20/May/2023:04:20:38] UPDATING PRODUCTS (JobID: d463718a-dc4f-4801-885b-982f904f971f)
 - New and modified: 0

[20/May/2023:04:20:40] UPDATING PREPAGATI (JobID: 278c589b-7c0a-4922-a398-1f054c4d3cd0)
 - New and modified: 0

[20/May/2023:04:20:40] DELETING PREPAGATI (JobID: 278c589b-7c0a-4922-a398-1f054c4d3cd0)
 - Deleted: 0

[20/May/2023:04:30:04] UPDATING ACCOUNTS (JobID: e03422a2-fa06-4dfb-8bbf-69afc55da83e)
 - New and modified: 0

[20/May/2023:04:30:04] DELETING ACCOUNTS (JobID: e03422a2-fa06-4dfb-8bbf-69afc55da83e)
 - Deleted: 0

[20/May/2023:04:30:39] UPDATING PRODUCTS (JobID: 7641b510-1438-4dc5-b36c-5cf42ec1a55b)
 - New and modified: 0

[20/May/2023:04:30:41] UPDATING PREPAGATI (JobID: 9e39cdd1-061a-471c-b1b2-1a06849701f3)
 - New and modified: 0

[20/May/2023:04:30:41] DELETING PREPAGATI (JobID: 9e39cdd1-061a-471c-b1b2-1a06849701f3)
 - Deleted: 0

[20/May/2023:04:40:04] UPDATING ACCOUNTS (JobID: 684e591f-5d45-4e97-bd67-99c080a8cd76)
 - New and modified: 0

[20/May/2023:04:40:04] DELETING ACCOUNTS (JobID: 684e591f-5d45-4e97-bd67-99c080a8cd76)
 - Deleted: 0

[20/May/2023:04:40:34] UPDATING PRODUCTS (JobID: d0301063-3410-4fca-8288-c9e927971215)
 - New and modified: 0

[20/May/2023:04:40:36] UPDATING PREPAGATI (JobID: 8d0f4b11-1bfd-4777-9441-eca3538137fd)
 - New and modified: 0

[20/May/2023:04:40:36] DELETING PREPAGATI (JobID: 8d0f4b11-1bfd-4777-9441-eca3538137fd)
 - Deleted: 0

[20/May/2023:04:50:04] UPDATING ACCOUNTS (JobID: 7d04ab30-83b9-458c-ac6d-8b3fdfcb458d)
 - New and modified: 0

[20/May/2023:04:50:04] DELETING ACCOUNTS (JobID: 7d04ab30-83b9-458c-ac6d-8b3fdfcb458d)
 - Deleted: 0

[20/May/2023:04:50:38] UPDATING PRODUCTS (JobID: 6e73ccbe-8bed-4f16-884e-97ce196bfdfa)
 - New and modified: 0

[20/May/2023:04:50:40] UPDATING PREPAGATI (JobID: 910afc98-e40d-431d-8c6d-1fb2b1be9ec7)
 - New and modified: 0

[20/May/2023:04:50:40] DELETING PREPAGATI (JobID: 910afc98-e40d-431d-8c6d-1fb2b1be9ec7)
 - Deleted: 0

[20/May/2023:05:00:04] UPDATING ACCOUNTS (JobID: ae319989-efe4-4851-b445-7a9a1c8b396d)
 - New and modified: 0

[20/May/2023:05:00:04] DELETING ACCOUNTS (JobID: ae319989-efe4-4851-b445-7a9a1c8b396d)
 - Deleted: 0

[20/May/2023:05:00:39] UPDATING PRODUCTS (JobID: 47f2fbda-6891-457a-9ad1-93263ca123a0)
 - New and modified: 0

[20/May/2023:05:00:41] UPDATING PREPAGATI (JobID: 41d1a744-e657-4a3e-a85d-ef9a14ca88ac)
 - New and modified: 0

[20/May/2023:05:00:41] DELETING PREPAGATI (JobID: 41d1a744-e657-4a3e-a85d-ef9a14ca88ac)
 - Deleted: 0

[20/May/2023:05:10:06] UPDATING ACCOUNTS (JobID: 6dc1fbb5-e807-44c8-9381-48d4bba6d314)
 - New and modified: 0

[20/May/2023:05:10:06] DELETING ACCOUNTS (JobID: 6dc1fbb5-e807-44c8-9381-48d4bba6d314)
 - Deleted: 0

[20/May/2023:05:10:47] UPDATING PRODUCTS (JobID: 38cd0ad4-5246-40db-8eb6-890366a8894c)
 - New and modified: 0

[20/May/2023:05:10:49] UPDATING PREPAGATI (JobID: 3dd704f7-60e9-445d-9592-996e7a417ee5)
 - New and modified: 0

[20/May/2023:05:10:49] DELETING PREPAGATI (JobID: 3dd704f7-60e9-445d-9592-996e7a417ee5)
 - Deleted: 0

[20/May/2023:05:20:04] UPDATING ACCOUNTS (JobID: 1f121a94-3534-4a46-a2cb-3417c5dd5892)
 - New and modified: 0

[20/May/2023:05:20:04] DELETING ACCOUNTS (JobID: 1f121a94-3534-4a46-a2cb-3417c5dd5892)
 - Deleted: 0

[20/May/2023:05:20:38] UPDATING PRODUCTS (JobID: 228b43b2-7221-495f-aa3f-5a286d721dc5)
 - New and modified: 0

[20/May/2023:05:20:41] UPDATING PREPAGATI (JobID: fb151e00-f9f1-4260-863e-4e36645acfd2)
 - New and modified: 0

[20/May/2023:05:20:41] DELETING PREPAGATI (JobID: fb151e00-f9f1-4260-863e-4e36645acfd2)
 - Deleted: 0

[20/May/2023:05:30:05] UPDATING ACCOUNTS (JobID: 179f3f61-df0f-4a8f-8c15-fe49c904dc1b)
 - New and modified: 0

[20/May/2023:05:30:05] DELETING ACCOUNTS (JobID: 179f3f61-df0f-4a8f-8c15-fe49c904dc1b)
 - Deleted: 0

[20/May/2023:05:30:39] UPDATING PRODUCTS (JobID: 48fa6f97-a20b-4343-9282-a445c2515d2f)
 - New and modified: 0

[20/May/2023:05:30:41] UPDATING PREPAGATI (JobID: 8ba1dc5b-b702-410c-88de-71ab817160cc)
 - New and modified: 0

[20/May/2023:05:30:41] DELETING PREPAGATI (JobID: 8ba1dc5b-b702-410c-88de-71ab817160cc)
 - Deleted: 0

[20/May/2023:05:40:05] UPDATING ACCOUNTS (JobID: a29157b3-c40f-4838-97d6-91a86edcc5a0)
 - New and modified: 0

[20/May/2023:05:40:05] DELETING ACCOUNTS (JobID: a29157b3-c40f-4838-97d6-91a86edcc5a0)
 - Deleted: 0

[20/May/2023:05:40:40] UPDATING PRODUCTS (JobID: e69f9830-7ed3-426d-bd98-5c42e75a1ef3)
 - New and modified: 0

[20/May/2023:05:40:42] UPDATING PREPAGATI (JobID: 7f2169db-db91-4128-8e91-66e6dd7fc0f7)
 - New and modified: 0

[20/May/2023:05:40:42] DELETING PREPAGATI (JobID: 7f2169db-db91-4128-8e91-66e6dd7fc0f7)
 - Deleted: 0

[20/May/2023:05:50:05] UPDATING ACCOUNTS (JobID: 3aaa8c9d-e5ec-4401-952d-114d805b8153)
 - New and modified: 0

[20/May/2023:05:50:05] DELETING ACCOUNTS (JobID: 3aaa8c9d-e5ec-4401-952d-114d805b8153)
 - Deleted: 0

[20/May/2023:05:50:40] UPDATING PRODUCTS (JobID: 5b33f298-e63f-41b4-92eb-a972ef4f1ef2)
 - New and modified: 0

[20/May/2023:05:50:42] UPDATING PREPAGATI (JobID: 0c33a35f-b9e5-433e-917f-62bfc77aa5b8)
 - New and modified: 0

[20/May/2023:05:50:42] DELETING PREPAGATI (JobID: 0c33a35f-b9e5-433e-917f-62bfc77aa5b8)
 - Deleted: 0

[20/May/2023:06:00:06] UPDATING ACCOUNTS (JobID: 732d6162-2fa7-46eb-8835-0c4c9a99c74d)
 - New and modified: 0

[20/May/2023:06:00:06] DELETING ACCOUNTS (JobID: 732d6162-2fa7-46eb-8835-0c4c9a99c74d)
 - Deleted: 0

[20/May/2023:06:00:40] UPDATING PRODUCTS (JobID: deac4668-b3ea-43d3-aedd-8b6d3f8eace1)
 - New and modified: 0

[20/May/2023:06:00:42] UPDATING PREPAGATI (JobID: 4693052e-adcf-4502-a58f-f0db8c5afe14)
 - New and modified: 0

[20/May/2023:06:00:42] DELETING PREPAGATI (JobID: 4693052e-adcf-4502-a58f-f0db8c5afe14)
 - Deleted: 0

[20/May/2023:06:10:06] UPDATING ACCOUNTS (JobID: ef143605-78ee-4aa9-98c3-aab3f59de19d)
 - New and modified: 0

[20/May/2023:06:10:06] DELETING ACCOUNTS (JobID: ef143605-78ee-4aa9-98c3-aab3f59de19d)
 - Deleted: 0

[20/May/2023:06:10:54] UPDATING PRODUCTS (JobID: 120c04eb-7ea0-466e-b204-2938672209c4)
 - New and modified: 0

[20/May/2023:06:10:57] UPDATING PREPAGATI (JobID: fc4331a7-2efc-4bd5-ac23-8a82791774ee)
 - New and modified: 0

[20/May/2023:06:10:57] DELETING PREPAGATI (JobID: fc4331a7-2efc-4bd5-ac23-8a82791774ee)
 - Deleted: 0

[20/May/2023:06:20:07] UPDATING ACCOUNTS (JobID: 8d0f66c3-a5f2-407e-81ad-bf13d1288c52)
 - New and modified: 0

[20/May/2023:06:20:07] DELETING ACCOUNTS (JobID: 8d0f66c3-a5f2-407e-81ad-bf13d1288c52)
 - Deleted: 0

[20/May/2023:06:20:56] UPDATING PRODUCTS (JobID: 42b4e889-9d44-4f58-873a-89299bc22350)
 - New and modified: 0

[20/May/2023:06:20:59] UPDATING PREPAGATI (JobID: e588b5a8-3796-4adc-ab96-8c53cca594d9)
 - New and modified: 0

[20/May/2023:06:20:59] DELETING PREPAGATI (JobID: e588b5a8-3796-4adc-ab96-8c53cca594d9)
 - Deleted: 0

[20/May/2023:06:30:06] UPDATING ACCOUNTS (JobID: b4fa86ca-ca9b-4f37-bb6d-a2e447451745)
 - New and modified: 0

[20/May/2023:06:30:06] DELETING ACCOUNTS (JobID: b4fa86ca-ca9b-4f37-bb6d-a2e447451745)
 - Deleted: 0

[20/May/2023:06:30:45] UPDATING PRODUCTS (JobID: c7caf7ef-9747-4a27-bca7-944fbe6f3d76)
 - New and modified: 0

[20/May/2023:06:30:48] UPDATING PREPAGATI (JobID: 3e0779fe-0f13-43ac-ae37-25274126294a)
 - New and modified: 0

[20/May/2023:06:30:48] DELETING PREPAGATI (JobID: 3e0779fe-0f13-43ac-ae37-25274126294a)
 - Deleted: 0

[20/May/2023:06:40:03] UPDATING ACCOUNTS (JobID: f822c9a4-61fa-454f-98bc-3a7bc52db5b7)
 - New and modified: 0

[20/May/2023:06:40:04] DELETING ACCOUNTS (JobID: f822c9a4-61fa-454f-98bc-3a7bc52db5b7)
 - Deleted: 0

[20/May/2023:06:41:32] UPDATING PRODUCTS (JobID: ef14503f-a381-4020-bf1c-efa6d4023f08)
 - New and modified: 0

[20/May/2023:06:41:43] UPDATING PREPAGATI (JobID: e7527da0-6b6a-41ac-b187-5237d5e45942)
 - New and modified: 0

[20/May/2023:06:41:43] DELETING PREPAGATI (JobID: e7527da0-6b6a-41ac-b187-5237d5e45942)
 - Deleted: 0

[20/May/2023:06:50:06] UPDATING ACCOUNTS (JobID: dc60fd49-26ee-4983-818c-c0dadf199d4f)
 - New and modified: 0

[20/May/2023:06:50:06] DELETING ACCOUNTS (JobID: dc60fd49-26ee-4983-818c-c0dadf199d4f)
 - Deleted: 0

[20/May/2023:06:50:48] UPDATING PRODUCTS (JobID: ee09498a-7cfc-4b74-aacd-3e448473e4b3)
 - New and modified: 0

[20/May/2023:06:50:51] UPDATING PREPAGATI (JobID: db92007d-123d-4ab4-9b31-00f02622af26)
 - New and modified: 0

[20/May/2023:06:50:51] DELETING PREPAGATI (JobID: db92007d-123d-4ab4-9b31-00f02622af26)
 - Deleted: 0

[20/May/2023:07:00:04] UPDATING ACCOUNTS (JobID: e4c37f4a-6d92-4955-baf5-3a583279befa)
 - New and modified: 0

[20/May/2023:07:00:04] DELETING ACCOUNTS (JobID: e4c37f4a-6d92-4955-baf5-3a583279befa)
 - Deleted: 0

[20/May/2023:07:00:41] UPDATING PRODUCTS (JobID: 67575010-44e2-4f5a-830c-46984651587d)
 - New and modified: 0

[20/May/2023:07:00:43] UPDATING PREPAGATI (JobID: 89880507-a797-4f62-b60a-8cc66da0434c)
 - New and modified: 0

[20/May/2023:07:00:43] DELETING PREPAGATI (JobID: 89880507-a797-4f62-b60a-8cc66da0434c)
 - Deleted: 0

[20/May/2023:07:10:05] UPDATING ACCOUNTS (JobID: dadb18b3-4368-4a96-9fe6-3c690c7be029)
 - New and modified: 0

[20/May/2023:07:10:05] DELETING ACCOUNTS (JobID: dadb18b3-4368-4a96-9fe6-3c690c7be029)
 - Deleted: 0

[20/May/2023:07:10:54] UPDATING PRODUCTS (JobID: 6b3cd240-22e0-4d50-bb06-a9cc5d06541b)
 - New and modified: 0

[20/May/2023:07:10:57] UPDATING PREPAGATI (JobID: 2b091e90-8b7a-4f7a-83fc-d0dd90aac47a)
 - New and modified: 0

[20/May/2023:07:10:57] DELETING PREPAGATI (JobID: 2b091e90-8b7a-4f7a-83fc-d0dd90aac47a)
 - Deleted: 0

[20/May/2023:07:20:05] UPDATING ACCOUNTS (JobID: 3c79985b-ea5a-4fda-a405-bc589b530e49)
 - New and modified: 0

[20/May/2023:07:20:05] DELETING ACCOUNTS (JobID: 3c79985b-ea5a-4fda-a405-bc589b530e49)
 - Deleted: 0

[20/May/2023:07:20:41] UPDATING PRODUCTS (JobID: d3b0e10a-4e23-4689-a7a2-bf82466cea3e)
 - New and modified: 0

[20/May/2023:07:20:43] UPDATING PREPAGATI (JobID: 2e29a91a-c723-431c-b5a9-9761dba7e978)
 - New and modified: 0

[20/May/2023:07:20:43] DELETING PREPAGATI (JobID: 2e29a91a-c723-431c-b5a9-9761dba7e978)
 - Deleted: 0

[20/May/2023:07:30:05] UPDATING ACCOUNTS (JobID: a5b5c644-f086-48b6-8a17-ee0c78d4df1a)
 - New and modified: 0

[20/May/2023:07:30:05] DELETING ACCOUNTS (JobID: a5b5c644-f086-48b6-8a17-ee0c78d4df1a)
 - Deleted: 0

[20/May/2023:07:30:43] UPDATING PRODUCTS (JobID: 58692538-d88e-47cd-b2dd-7804c95189ec)
 - New and modified: 0

[20/May/2023:07:30:45] UPDATING PREPAGATI (JobID: 5301440e-3acc-4d15-81cb-a12626a61759)
 - New and modified: 0

[20/May/2023:07:30:45] DELETING PREPAGATI (JobID: 5301440e-3acc-4d15-81cb-a12626a61759)
 - Deleted: 0

[20/May/2023:07:40:05] UPDATING ACCOUNTS (JobID: fd74343a-b1c9-44d4-9838-f27141190429)
 - New and modified: 0

[20/May/2023:07:40:05] DELETING ACCOUNTS (JobID: fd74343a-b1c9-44d4-9838-f27141190429)
 - Deleted: 0

[20/May/2023:07:40:42] UPDATING PRODUCTS (JobID: e9993858-e65c-49f0-baf2-5eadc24e79f8)
 - New and modified: 0

[20/May/2023:07:40:44] UPDATING PREPAGATI (JobID: e2cf3c6f-ab72-4a12-8c5e-f00fb4ec3fd1)
 - New and modified: 0

[20/May/2023:07:40:44] DELETING PREPAGATI (JobID: e2cf3c6f-ab72-4a12-8c5e-f00fb4ec3fd1)
 - Deleted: 0

[20/May/2023:07:50:05] UPDATING ACCOUNTS (JobID: 92b507fe-f4d5-4156-8834-ee69a379218d)
 - New and modified: 0

[20/May/2023:07:50:05] DELETING ACCOUNTS (JobID: 92b507fe-f4d5-4156-8834-ee69a379218d)
 - Deleted: 0

[20/May/2023:07:50:45] UPDATING PRODUCTS (JobID: ecd2cba5-2eeb-417f-a203-999b6800d433)
 - New and modified: 0

[20/May/2023:07:50:47] UPDATING PREPAGATI (JobID: e5471ebd-c602-4d22-8c53-eff927fa70e9)
 - New and modified: 0

[20/May/2023:07:50:47] DELETING PREPAGATI (JobID: e5471ebd-c602-4d22-8c53-eff927fa70e9)
 - Deleted: 0

[20/May/2023:08:00:05] UPDATING ACCOUNTS (JobID: e50d12a2-ff92-4d11-924c-ee54d7d46d82)
 - New and modified: 0

[20/May/2023:08:00:05] DELETING ACCOUNTS (JobID: e50d12a2-ff92-4d11-924c-ee54d7d46d82)
 - Deleted: 0

[20/May/2023:08:00:39] UPDATING PRODUCTS (JobID: 068c3c87-7d2c-4151-b5b5-11bec146bde2)
 - New and modified: 0

[20/May/2023:08:00:41] UPDATING PREPAGATI (JobID: aab2bf3b-229c-4011-a793-dc2f219386f3)
 - New and modified: 0

[20/May/2023:08:00:41] DELETING PREPAGATI (JobID: aab2bf3b-229c-4011-a793-dc2f219386f3)
 - Deleted: 0

[20/May/2023:08:10:05] UPDATING ACCOUNTS (JobID: eabac593-7d3d-4781-9ade-d6ce5a6c4645)
 - New and modified: 0

[20/May/2023:08:10:05] DELETING ACCOUNTS (JobID: eabac593-7d3d-4781-9ade-d6ce5a6c4645)
 - Deleted: 0

[20/May/2023:08:10:41] UPDATING PRODUCTS (JobID: 496604bc-9ca0-4dd3-acd9-0eacdc9cd07e)
 - New and modified: 0

[20/May/2023:08:10:44] UPDATING PREPAGATI (JobID: dc523586-57a4-470c-b170-21915a08ab1d)
 - New and modified: 0

[20/May/2023:08:10:44] DELETING PREPAGATI (JobID: dc523586-57a4-470c-b170-21915a08ab1d)
 - Deleted: 0

[20/May/2023:08:20:05] UPDATING ACCOUNTS (JobID: 91b90a5a-6fa0-4ae9-a1b1-e9a07ed4acc9)
 - New and modified: 0

[20/May/2023:08:20:05] DELETING ACCOUNTS (JobID: 91b90a5a-6fa0-4ae9-a1b1-e9a07ed4acc9)
 - Deleted: 0

[20/May/2023:08:20:42] UPDATING PRODUCTS (JobID: 400161d5-cf50-49f4-9786-9a1776c9274f)
 - New and modified: 0

[20/May/2023:08:20:43] UPDATING PREPAGATI (JobID: 035a0476-d0ad-4ec9-a0be-637ebe638a34)
 - New and modified: 0

[20/May/2023:08:20:43] DELETING PREPAGATI (JobID: 035a0476-d0ad-4ec9-a0be-637ebe638a34)
 - Deleted: 0

[20/May/2023:08:30:04] UPDATING ACCOUNTS (JobID: 89b3b656-e7d5-4043-82f1-e82b153f4894)
 - New and modified: 0

[20/May/2023:08:30:04] DELETING ACCOUNTS (JobID: 89b3b656-e7d5-4043-82f1-e82b153f4894)
 - Deleted: 0

[20/May/2023:08:30:43] UPDATING PRODUCTS (JobID: 2d3a4520-01c1-4aef-bf76-574468e987e9)
 - New and modified: 0

[20/May/2023:08:30:45] UPDATING PREPAGATI (JobID: 5a972285-cae1-40e7-b9b0-fa9f7631591b)
 - New and modified: 0

[20/May/2023:08:30:45] DELETING PREPAGATI (JobID: 5a972285-cae1-40e7-b9b0-fa9f7631591b)
 - Deleted: 0

[20/May/2023:08:40:04] UPDATING ACCOUNTS (JobID: 52197a58-433a-4448-8ef2-800725411723)
 - New and modified: 0

[20/May/2023:08:40:04] DELETING ACCOUNTS (JobID: 52197a58-433a-4448-8ef2-800725411723)
 - Deleted: 0

[20/May/2023:08:40:44] UPDATING PRODUCTS (JobID: 30dc5227-3d43-4262-a502-8aab3d2a9386)
 - New and modified: 0

[20/May/2023:08:40:45] UPDATING PREPAGATI (JobID: b683b362-cffb-42c2-99d2-a7160be0184c)
 - New and modified: 0

[20/May/2023:08:40:45] DELETING PREPAGATI (JobID: b683b362-cffb-42c2-99d2-a7160be0184c)
 - Deleted: 0

[20/May/2023:08:50:04] UPDATING ACCOUNTS (JobID: 185560c4-e585-419a-ae3f-cc236aba9b4d)
 - New and modified: 0

[20/May/2023:08:50:04] DELETING ACCOUNTS (JobID: 185560c4-e585-419a-ae3f-cc236aba9b4d)
 - Deleted: 0

[20/May/2023:08:50:44] UPDATING PRODUCTS (JobID: f04b0f3d-a211-4bd2-9fc2-4bfad0af0c34)
 - New and modified: 0

[20/May/2023:08:50:46] UPDATING PREPAGATI (JobID: 658d7998-082a-46bd-bb6e-4d6cceda63af)
 - New and modified: 0

[20/May/2023:08:50:46] DELETING PREPAGATI (JobID: 658d7998-082a-46bd-bb6e-4d6cceda63af)
 - Deleted: 0

[20/May/2023:09:00:05] UPDATING ACCOUNTS (JobID: 3231072b-7d6d-41aa-b3c0-d30a98966e65)
 - New and modified: 0

[20/May/2023:09:00:05] DELETING ACCOUNTS (JobID: 3231072b-7d6d-41aa-b3c0-d30a98966e65)
 - Deleted: 0

[20/May/2023:09:00:44] UPDATING PRODUCTS (JobID: f347aeb3-edab-44b2-84b5-439003c17b4f)
 - New and modified: 0

[20/May/2023:09:00:46] UPDATING PREPAGATI (JobID: 8f6099e9-3d67-4e70-8e0a-50a5ceb84c5c)
 - New and modified: 0

[20/May/2023:09:00:46] DELETING PREPAGATI (JobID: 8f6099e9-3d67-4e70-8e0a-50a5ceb84c5c)
 - Deleted: 0

[20/May/2023:09:10:05] UPDATING ACCOUNTS (JobID: e0794ed0-4ae4-4a8c-ae3f-140cd3ba83f7)
 - New and modified: 0

[20/May/2023:09:10:05] DELETING ACCOUNTS (JobID: e0794ed0-4ae4-4a8c-ae3f-140cd3ba83f7)
 - Deleted: 0

[20/May/2023:09:10:50] UPDATING PRODUCTS (JobID: 41b39f1e-c2be-4383-85dd-24a1dbbe3edc)
 - New and modified: 0

[20/May/2023:09:10:53] UPDATING PREPAGATI (JobID: e1987771-322f-4ff0-84ae-701834c8b06f)
 - New and modified: 0

[20/May/2023:09:10:53] DELETING PREPAGATI (JobID: e1987771-322f-4ff0-84ae-701834c8b06f)
 - Deleted: 0

[20/May/2023:09:20:05] UPDATING ACCOUNTS (JobID: 94fb018a-9d6e-4241-97af-57733b4ecf8f)
 - New and modified: 0

[20/May/2023:09:20:05] DELETING ACCOUNTS (JobID: 94fb018a-9d6e-4241-97af-57733b4ecf8f)
 - Deleted: 0

[20/May/2023:09:20:48] UPDATING PRODUCTS (JobID: 9c8a0bba-8fca-44af-ab9e-743817a43b45)
 - New and modified: 0

[20/May/2023:09:20:50] UPDATING PREPAGATI (JobID: e27597f4-a013-4da0-a1cb-83d1dfa0398d)
 - New and modified: 0

[20/May/2023:09:20:50] DELETING PREPAGATI (JobID: e27597f4-a013-4da0-a1cb-83d1dfa0398d)
 - Deleted: 0

[20/May/2023:09:30:04] UPDATING ACCOUNTS (JobID: 37fc1ad1-61a7-417f-9c0c-efcd37c7c103)
 - New and modified: 0

[20/May/2023:09:30:04] DELETING ACCOUNTS (JobID: 37fc1ad1-61a7-417f-9c0c-efcd37c7c103)
 - Deleted: 0

[20/May/2023:09:30:39] UPDATING PRODUCTS (JobID: 47cef95f-ff59-4a75-86ee-181a85f660b0)
 - New and modified: 0

[20/May/2023:09:30:41] UPDATING PREPAGATI (JobID: 122f2f25-0ff3-4235-add2-0e215c05b177)
 - New and modified: 0

[20/May/2023:09:30:41] DELETING PREPAGATI (JobID: 122f2f25-0ff3-4235-add2-0e215c05b177)
 - Deleted: 0

[20/May/2023:09:40:05] UPDATING ACCOUNTS (JobID: 36b0b45a-62eb-4d99-908e-0067636a8493)
 - New and modified: 0

[20/May/2023:09:40:05] DELETING ACCOUNTS (JobID: 36b0b45a-62eb-4d99-908e-0067636a8493)
 - Deleted: 0

[20/May/2023:09:40:40] UPDATING PRODUCTS (JobID: c9713f44-0d48-4316-b04c-c2e65fe98a18)
 - New and modified: 0

[20/May/2023:09:40:43] UPDATING PREPAGATI (JobID: fce66b99-4d0b-4152-813f-a9afe3dc456e)
 - New and modified: 0

[20/May/2023:09:40:43] DELETING PREPAGATI (JobID: fce66b99-4d0b-4152-813f-a9afe3dc456e)
 - Deleted: 0

[20/May/2023:09:50:05] UPDATING ACCOUNTS (JobID: 6bf9f536-637d-4971-b235-2a0aa6b58ab8)
 - New and modified: 0

[20/May/2023:09:50:05] DELETING ACCOUNTS (JobID: 6bf9f536-637d-4971-b235-2a0aa6b58ab8)
 - Deleted: 0

[20/May/2023:09:50:42] UPDATING PRODUCTS (JobID: 480e2376-be33-47e8-894c-ab3a4af8399e)
 - New and modified: 0

[20/May/2023:09:50:44] UPDATING PREPAGATI (JobID: b19804bd-0068-470d-a49f-93e64f5f4e39)
 - New and modified: 0

[20/May/2023:09:50:44] DELETING PREPAGATI (JobID: b19804bd-0068-470d-a49f-93e64f5f4e39)
 - Deleted: 0

[20/May/2023:10:00:05] UPDATING ACCOUNTS (JobID: 179f8a16-c3b1-45b4-9dfa-4d8acb7a14a4)
 - New and modified: 0

[20/May/2023:10:00:05] DELETING ACCOUNTS (JobID: 179f8a16-c3b1-45b4-9dfa-4d8acb7a14a4)
 - Deleted: 0

[20/May/2023:10:00:43] UPDATING PRODUCTS (JobID: 0376edce-b744-4e0b-a632-f74f4f980281)
 - New and modified: 0

[20/May/2023:10:00:45] UPDATING PREPAGATI (JobID: e445ee08-5e3f-498c-9f76-d1c937011eeb)
 - New and modified: 0

[20/May/2023:10:00:45] DELETING PREPAGATI (JobID: e445ee08-5e3f-498c-9f76-d1c937011eeb)
 - Deleted: 0

[20/May/2023:10:10:04] UPDATING ACCOUNTS (JobID: dab9935f-a40f-4719-bd08-408650edd5a0)
 - New and modified: 0

[20/May/2023:10:10:04] DELETING ACCOUNTS (JobID: dab9935f-a40f-4719-bd08-408650edd5a0)
 - Deleted: 0

[20/May/2023:10:10:39] UPDATING PRODUCTS (JobID: b3282b5e-7c03-41f9-91ea-f1cec9de9564)
 - New and modified: 0

[20/May/2023:10:10:41] UPDATING PREPAGATI (JobID: 1adfbca4-c2be-4842-98c5-7c3c781b6393)
 - New and modified: 0

[20/May/2023:10:10:41] DELETING PREPAGATI (JobID: 1adfbca4-c2be-4842-98c5-7c3c781b6393)
 - Deleted: 0

[20/May/2023:10:20:04] UPDATING ACCOUNTS (JobID: 1c510dc5-42a7-4753-9bba-9cb1661c691a)
 - New and modified: 0

[20/May/2023:10:20:04] DELETING ACCOUNTS (JobID: 1c510dc5-42a7-4753-9bba-9cb1661c691a)
 - Deleted: 0

[20/May/2023:10:20:41] UPDATING PRODUCTS (JobID: 82fa73ae-6d81-4da2-9262-ad5c9825537e)
 - New and modified: 0

[20/May/2023:10:20:43] UPDATING PREPAGATI (JobID: 81d038ba-ac97-4991-8d48-823e04959326)
 - New and modified: 0

[20/May/2023:10:20:43] DELETING PREPAGATI (JobID: 81d038ba-ac97-4991-8d48-823e04959326)
 - Deleted: 0

[20/May/2023:10:30:06] UPDATING ACCOUNTS (JobID: b110b653-3477-4e49-9b79-ccbc0eb21b8c)
 - New and modified: 0

[20/May/2023:10:30:06] DELETING ACCOUNTS (JobID: b110b653-3477-4e49-9b79-ccbc0eb21b8c)
 - Deleted: 0

[20/May/2023:10:30:44] UPDATING PRODUCTS (JobID: 7391c65f-5b6b-413b-8c46-2427825e20a0)
 - New and modified: 0

[20/May/2023:10:30:46] UPDATING PREPAGATI (JobID: fbee9bba-0576-4b54-8523-f690fa5973f7)
 - New and modified: 0

[20/May/2023:10:30:46] DELETING PREPAGATI (JobID: fbee9bba-0576-4b54-8523-f690fa5973f7)
 - Deleted: 0

[20/May/2023:10:40:04] UPDATING ACCOUNTS (JobID: e3b060c1-1b62-48e8-88e6-bb8f04ab523d)
 - New and modified: 0

[20/May/2023:10:40:04] DELETING ACCOUNTS (JobID: e3b060c1-1b62-48e8-88e6-bb8f04ab523d)
 - Deleted: 0

[20/May/2023:10:40:42] UPDATING PRODUCTS (JobID: db253a05-a728-4e48-8a5f-c14e9758a875)
 - New and modified: 0

[20/May/2023:10:40:44] UPDATING PREPAGATI (JobID: 40286f1b-c525-4a0e-ba3c-01e81eea8017)
 - New and modified: 0

[20/May/2023:10:40:44] DELETING PREPAGATI (JobID: 40286f1b-c525-4a0e-ba3c-01e81eea8017)
 - Deleted: 0

[20/May/2023:10:50:04] UPDATING ACCOUNTS (JobID: 03debca7-b5cf-4be0-9d29-d670dccab6ea)
 - New and modified: 0

[20/May/2023:10:50:04] DELETING ACCOUNTS (JobID: 03debca7-b5cf-4be0-9d29-d670dccab6ea)
 - Deleted: 0

[20/May/2023:10:50:41] UPDATING PRODUCTS (JobID: b786e0de-e16c-43c4-9fad-f400fb459e9d)
 - New and modified: 0

[20/May/2023:10:50:43] UPDATING PREPAGATI (JobID: 962b6eb5-4b50-41ff-acaf-6668221f7462)
 - New and modified: 0

[20/May/2023:10:50:43] DELETING PREPAGATI (JobID: 962b6eb5-4b50-41ff-acaf-6668221f7462)
 - Deleted: 0

[20/May/2023:11:00:04] UPDATING ACCOUNTS (JobID: 41348f8c-32fe-464e-89cc-47c001c3d330)
 - New and modified: 0

[20/May/2023:11:00:04] DELETING ACCOUNTS (JobID: 41348f8c-32fe-464e-89cc-47c001c3d330)
 - Deleted: 0

[20/May/2023:11:00:42] UPDATING PRODUCTS (JobID: f626f590-09fa-48d5-a87a-42060ce0af11)
 - New and modified: 0

[20/May/2023:11:00:44] UPDATING PREPAGATI (JobID: 43ca6a6b-d575-4eec-82df-8160611cb125)
 - New and modified: 0

[20/May/2023:11:00:44] DELETING PREPAGATI (JobID: 43ca6a6b-d575-4eec-82df-8160611cb125)
 - Deleted: 0

[20/May/2023:11:10:04] UPDATING ACCOUNTS (JobID: 34372e98-09fb-4a37-9218-51a52b5dc46d)
 - New and modified: 0

[20/May/2023:11:10:04] DELETING ACCOUNTS (JobID: 34372e98-09fb-4a37-9218-51a52b5dc46d)
 - Deleted: 0

[20/May/2023:11:10:39] UPDATING PRODUCTS (JobID: 57d74471-7c48-416d-91e0-b17e6c1af40e)
 - New and modified: 0

[20/May/2023:11:10:41] UPDATING PREPAGATI (JobID: 970eb2f8-9fc2-41d0-aa89-5c9c285fcda4)
 - New and modified: 0

[20/May/2023:11:10:41] DELETING PREPAGATI (JobID: 970eb2f8-9fc2-41d0-aa89-5c9c285fcda4)
 - Deleted: 0

[20/May/2023:11:20:05] UPDATING ACCOUNTS (JobID: 5d209302-4d76-4b4a-8fab-88a2e37ccd21)
 - New and modified: 0

[20/May/2023:11:20:05] DELETING ACCOUNTS (JobID: 5d209302-4d76-4b4a-8fab-88a2e37ccd21)
 - Deleted: 0

[20/May/2023:11:20:44] UPDATING PRODUCTS (JobID: 67a41663-baa7-4aad-8df0-c96e590e1a71)
 - New and modified: 0

[20/May/2023:11:20:46] UPDATING PREPAGATI (JobID: 40134f0c-447d-4b01-a067-8b7b22d596a4)
 - New and modified: 0

[20/May/2023:11:20:46] DELETING PREPAGATI (JobID: 40134f0c-447d-4b01-a067-8b7b22d596a4)
 - Deleted: 0

[20/May/2023:11:30:04] UPDATING ACCOUNTS (JobID: d5fa8a85-4591-422a-84a8-d60b6a709c93)
 - New and modified: 0

[20/May/2023:11:30:04] DELETING ACCOUNTS (JobID: d5fa8a85-4591-422a-84a8-d60b6a709c93)
 - Deleted: 0

[20/May/2023:11:30:41] UPDATING PRODUCTS (JobID: 85a0e84c-a204-4240-9d7a-db248aee952b)
 - New and modified: 0

[20/May/2023:11:30:43] UPDATING PREPAGATI (JobID: 21ca8914-0d30-4687-9eb1-adb27fbb9117)
 - New and modified: 0

[20/May/2023:11:30:43] DELETING PREPAGATI (JobID: 21ca8914-0d30-4687-9eb1-adb27fbb9117)
 - Deleted: 0

[20/May/2023:11:40:05] UPDATING ACCOUNTS (JobID: 0ef6192d-8bf2-41f0-9ee9-3ca7c4e25de5)
 - New and modified: 0

[20/May/2023:11:40:05] DELETING ACCOUNTS (JobID: 0ef6192d-8bf2-41f0-9ee9-3ca7c4e25de5)
 - Deleted: 0

[20/May/2023:11:40:42] UPDATING PRODUCTS (JobID: 32b29009-8d4c-4db5-9576-4953962be9b4)
 - New and modified: 0

[20/May/2023:11:40:44] UPDATING PREPAGATI (JobID: 838dfdd1-4a82-46e9-a1b9-4770c6490944)
 - New and modified: 0

[20/May/2023:11:40:44] DELETING PREPAGATI (JobID: 838dfdd1-4a82-46e9-a1b9-4770c6490944)
 - Deleted: 0

[20/May/2023:11:50:05] UPDATING ACCOUNTS (JobID: d27c1a6b-cc04-4967-9383-48ca39ff28e7)
 - New and modified: 0

[20/May/2023:11:50:05] DELETING ACCOUNTS (JobID: d27c1a6b-cc04-4967-9383-48ca39ff28e7)
 - Deleted: 0

[20/May/2023:11:50:43] UPDATING PRODUCTS (JobID: 54f7510f-fe59-43b3-a765-02bba6e4c69e)
 - New and modified: 0

[20/May/2023:11:50:44] UPDATING PREPAGATI (JobID: e180a868-fb74-4c83-9201-67ed1bf96a83)
 - New and modified: 0

[20/May/2023:11:50:44] DELETING PREPAGATI (JobID: e180a868-fb74-4c83-9201-67ed1bf96a83)
 - Deleted: 0

[20/May/2023:12:00:04] UPDATING ACCOUNTS (JobID: c53657df-52b0-4988-abe1-6060df1c568d)
 - New and modified: 0

[20/May/2023:12:00:04] DELETING ACCOUNTS (JobID: c53657df-52b0-4988-abe1-6060df1c568d)
 - Deleted: 0

[20/May/2023:12:00:41] UPDATING PRODUCTS (JobID: 39a1704b-3fe0-440b-bfd6-d6318523f6bb)
 - New and modified: 0

[20/May/2023:12:00:43] UPDATING PREPAGATI (JobID: 60085f6e-e0b0-4b20-bd11-d81df1971209)
 - New and modified: 0

[20/May/2023:12:00:43] DELETING PREPAGATI (JobID: 60085f6e-e0b0-4b20-bd11-d81df1971209)
 - Deleted: 0

[20/May/2023:12:10:05] UPDATING ACCOUNTS (JobID: e8b2a23e-241e-4028-b681-4179aa193a40)
 - New and modified: 0

[20/May/2023:12:10:05] DELETING ACCOUNTS (JobID: e8b2a23e-241e-4028-b681-4179aa193a40)
 - Deleted: 0

[20/May/2023:12:10:43] UPDATING PRODUCTS (JobID: 39c8e234-9fe8-4bf9-be0c-2f1e6b2e8818)
 - New and modified: 0

[20/May/2023:12:10:45] UPDATING PREPAGATI (JobID: 1007fb6d-692c-4834-bd71-a278d801586b)
 - New and modified: 0

[20/May/2023:12:10:45] DELETING PREPAGATI (JobID: 1007fb6d-692c-4834-bd71-a278d801586b)
 - Deleted: 0

[20/May/2023:12:20:05] UPDATING ACCOUNTS (JobID: 68a8f21a-15a2-42b5-9a0d-6c20cab7ee44)
 - New and modified: 0

[20/May/2023:12:20:05] DELETING ACCOUNTS (JobID: 68a8f21a-15a2-42b5-9a0d-6c20cab7ee44)
 - Deleted: 0

[20/May/2023:12:20:43] UPDATING PRODUCTS (JobID: ff005de5-18de-457e-ab29-29c9c2a38ed4)
 - New and modified: 0

[20/May/2023:12:20:45] UPDATING PREPAGATI (JobID: 19781aff-e873-43fd-9600-2ac5621828ab)
 - New and modified: 0

[20/May/2023:12:20:45] DELETING PREPAGATI (JobID: 19781aff-e873-43fd-9600-2ac5621828ab)
 - Deleted: 0

[20/May/2023:12:30:05] UPDATING ACCOUNTS (JobID: 29c3b063-f4a0-4a8a-8753-fdd52e204497)
 - New and modified: 0

[20/May/2023:12:30:05] DELETING ACCOUNTS (JobID: 29c3b063-f4a0-4a8a-8753-fdd52e204497)
 - Deleted: 0

[20/May/2023:12:30:42] UPDATING PRODUCTS (JobID: c84ba128-e55b-4be2-9189-ba6b04cb47fc)
 - New and modified: 0

[20/May/2023:12:30:43] UPDATING PREPAGATI (JobID: 43d7543f-b7cd-446c-a7f5-ce74e84dee07)
 - New and modified: 0

[20/May/2023:12:30:43] DELETING PREPAGATI (JobID: 43d7543f-b7cd-446c-a7f5-ce74e84dee07)
 - Deleted: 0

[20/May/2023:12:40:04] UPDATING ACCOUNTS (JobID: 3a290625-40c3-49bf-857d-bae4793ea224)
 - New and modified: 0

[20/May/2023:12:40:04] DELETING ACCOUNTS (JobID: 3a290625-40c3-49bf-857d-bae4793ea224)
 - Deleted: 0

[20/May/2023:12:40:42] UPDATING PRODUCTS (JobID: e6a01388-6569-44c3-97f6-6b2bcfed3b2f)
 - New and modified: 0

[20/May/2023:12:40:44] UPDATING PREPAGATI (JobID: 76adda2f-5fd7-4e54-89a2-b81ed2258bd3)
 - New and modified: 0

[20/May/2023:12:40:44] DELETING PREPAGATI (JobID: 76adda2f-5fd7-4e54-89a2-b81ed2258bd3)
 - Deleted: 0

[20/May/2023:12:50:04] UPDATING ACCOUNTS (JobID: 0e1568ae-b7ab-4eba-9fdd-95f9e768967d)
 - New and modified: 0

[20/May/2023:12:50:04] DELETING ACCOUNTS (JobID: 0e1568ae-b7ab-4eba-9fdd-95f9e768967d)
 - Deleted: 0

[20/May/2023:12:50:42] UPDATING PRODUCTS (JobID: 40999cc8-6a71-41d1-93d4-abd68a7c1a88)
 - New and modified: 0

[20/May/2023:12:50:44] UPDATING PREPAGATI (JobID: f3a16c7c-9f0d-4255-bdac-d114da61a40c)
 - New and modified: 0

[20/May/2023:12:50:44] DELETING PREPAGATI (JobID: f3a16c7c-9f0d-4255-bdac-d114da61a40c)
 - Deleted: 0

[20/May/2023:13:00:06] UPDATING ACCOUNTS (JobID: 874370c4-e250-4383-8330-6207ff793cd9)
 - New and modified: 0

[20/May/2023:13:00:06] DELETING ACCOUNTS (JobID: 874370c4-e250-4383-8330-6207ff793cd9)
 - Deleted: 0

[20/May/2023:13:00:42] UPDATING PRODUCTS (JobID: 033ce832-1dd7-43a6-b75b-0dda60e11b70)
 - New and modified: 0

[20/May/2023:13:00:44] UPDATING PREPAGATI (JobID: 5fa84907-6002-456b-bb11-915610b51631)
 - New and modified: 0

[20/May/2023:13:00:44] DELETING PREPAGATI (JobID: 5fa84907-6002-456b-bb11-915610b51631)
 - Deleted: 0

[20/May/2023:13:10:05] UPDATING ACCOUNTS (JobID: f00be276-f02a-4757-a935-00815c99dc2c)
 - New and modified: 0

[20/May/2023:13:10:05] DELETING ACCOUNTS (JobID: f00be276-f02a-4757-a935-00815c99dc2c)
 - Deleted: 0

[20/May/2023:13:10:44] UPDATING PRODUCTS (JobID: f8ca38aa-dc5d-4ef2-a1b7-8382cc93aa6f)
 - New and modified: 0

[20/May/2023:13:10:46] UPDATING PREPAGATI (JobID: 341bacea-defc-4afd-9cee-275b91a787bc)
 - New and modified: 0

[20/May/2023:13:10:46] DELETING PREPAGATI (JobID: 341bacea-defc-4afd-9cee-275b91a787bc)
 - Deleted: 0

[20/May/2023:13:20:05] UPDATING ACCOUNTS (JobID: 4b40e2d8-2e56-4bfd-856b-61f0998c3b67)
 - New and modified: 0

[20/May/2023:13:20:05] DELETING ACCOUNTS (JobID: 4b40e2d8-2e56-4bfd-856b-61f0998c3b67)
 - Deleted: 0

[20/May/2023:13:20:41] UPDATING PRODUCTS (JobID: 6e425e53-839d-4df0-a1a1-37f3415ffa33)
 - New and modified: 0

[20/May/2023:13:20:43] UPDATING PREPAGATI (JobID: fbae3912-3319-48a0-9c5b-99119833d18b)
 - New and modified: 0

[20/May/2023:13:20:43] DELETING PREPAGATI (JobID: fbae3912-3319-48a0-9c5b-99119833d18b)
 - Deleted: 0

[20/May/2023:13:30:05] UPDATING ACCOUNTS (JobID: 2a2b76a3-150e-47bb-aedf-0a6d4eea41e3)
 - New and modified: 0

[20/May/2023:13:30:05] DELETING ACCOUNTS (JobID: 2a2b76a3-150e-47bb-aedf-0a6d4eea41e3)
 - Deleted: 0

[20/May/2023:13:30:43] UPDATING PRODUCTS (JobID: 77b04f7c-405d-499e-a369-9f402b60a71b)
 - New and modified: 0

[20/May/2023:13:30:45] UPDATING PREPAGATI (JobID: f32d89af-3e9d-4688-8519-3abe89f9d070)
 - New and modified: 0

[20/May/2023:13:30:45] DELETING PREPAGATI (JobID: f32d89af-3e9d-4688-8519-3abe89f9d070)
 - Deleted: 0

[20/May/2023:13:40:06] UPDATING ACCOUNTS (JobID: e9b80893-b7ed-439d-9902-6dfe16ea2deb)
 - New and modified: 0

[20/May/2023:13:40:06] DELETING ACCOUNTS (JobID: e9b80893-b7ed-439d-9902-6dfe16ea2deb)
 - Deleted: 0

[20/May/2023:13:40:44] UPDATING PRODUCTS (JobID: bb537bc4-4263-4924-bff4-87882e9ae9cb)
 - New and modified: 0

[20/May/2023:13:40:46] UPDATING PREPAGATI (JobID: 6352b9d2-942b-4566-a50e-c7a81ad96129)
 - New and modified: 0

[20/May/2023:13:40:46] DELETING PREPAGATI (JobID: 6352b9d2-942b-4566-a50e-c7a81ad96129)
 - Deleted: 0

[20/May/2023:13:50:05] UPDATING ACCOUNTS (JobID: 28143d80-eb39-4e75-8c65-85722eebad2f)
 - New and modified: 0

[20/May/2023:13:50:05] DELETING ACCOUNTS (JobID: 28143d80-eb39-4e75-8c65-85722eebad2f)
 - Deleted: 0

[20/May/2023:13:50:39] UPDATING PRODUCTS (JobID: 2c253b0e-d96c-4d0d-84d2-afa6080a1da0)
 - New and modified: 0

[20/May/2023:13:50:40] UPDATING PREPAGATI (JobID: 153bdc2c-90eb-4d63-8523-0c4c21fbbcef)
 - New and modified: 0

[20/May/2023:13:50:40] DELETING PREPAGATI (JobID: 153bdc2c-90eb-4d63-8523-0c4c21fbbcef)
 - Deleted: 0

[20/May/2023:14:00:05] UPDATING ACCOUNTS (JobID: be9461c1-b206-406e-9302-bb0250e25970)
 - New and modified: 0

[20/May/2023:14:00:05] DELETING ACCOUNTS (JobID: be9461c1-b206-406e-9302-bb0250e25970)
 - Deleted: 0

[20/May/2023:14:00:42] UPDATING PRODUCTS (JobID: 856e671a-8a9a-456b-9821-56af6721d699)
 - New and modified: 0

[20/May/2023:14:00:44] UPDATING PREPAGATI (JobID: 4e666039-7491-4943-b4d8-4bec2374bb68)
 - New and modified: 0

[20/May/2023:14:00:44] DELETING PREPAGATI (JobID: 4e666039-7491-4943-b4d8-4bec2374bb68)
 - Deleted: 0

[20/May/2023:14:10:04] UPDATING ACCOUNTS (JobID: c0068e82-b925-447d-8f63-0315edb2fe1c)
 - New and modified: 0

[20/May/2023:14:10:04] DELETING ACCOUNTS (JobID: c0068e82-b925-447d-8f63-0315edb2fe1c)
 - Deleted: 0

[20/May/2023:14:10:41] UPDATING PRODUCTS (JobID: 3ec955fe-4f41-423f-85e6-d004a553dfc9)
 - New and modified: 0

[20/May/2023:14:10:43] UPDATING PREPAGATI (JobID: dfa534b6-71bd-4f93-8432-eea1b4bd7c84)
 - New and modified: 0

[20/May/2023:14:10:43] DELETING PREPAGATI (JobID: dfa534b6-71bd-4f93-8432-eea1b4bd7c84)
 - Deleted: 0

[20/May/2023:14:20:04] UPDATING ACCOUNTS (JobID: ef36c111-17a3-4c25-a2da-f59e8ff2b348)
 - New and modified: 0

[20/May/2023:14:20:04] DELETING ACCOUNTS (JobID: ef36c111-17a3-4c25-a2da-f59e8ff2b348)
 - Deleted: 0

[20/May/2023:14:20:44] UPDATING PRODUCTS (JobID: 4f4db8dd-f8b0-432b-bee2-c0409d9c5e4b)
 - New and modified: 0

[20/May/2023:14:20:46] UPDATING PREPAGATI (JobID: 63588e69-4eb0-4726-b3b8-c54512247c00)
 - New and modified: 0

[20/May/2023:14:20:46] DELETING PREPAGATI (JobID: 63588e69-4eb0-4726-b3b8-c54512247c00)
 - Deleted: 0

[20/May/2023:14:30:04] UPDATING ACCOUNTS (JobID: 1e0d6f4d-fb62-4e4d-9fb8-494f8e740ce1)
 - New and modified: 0

[20/May/2023:14:30:04] DELETING ACCOUNTS (JobID: 1e0d6f4d-fb62-4e4d-9fb8-494f8e740ce1)
 - Deleted: 0

[20/May/2023:14:30:38] UPDATING PRODUCTS (JobID: 90d4c4ea-4726-470d-b988-f8a7efaf2fe7)
 - New and modified: 0

[20/May/2023:14:30:40] UPDATING PREPAGATI (JobID: 7d5f3189-8f11-491c-87c2-728b7b2fe97b)
 - New and modified: 0

[20/May/2023:14:30:40] DELETING PREPAGATI (JobID: 7d5f3189-8f11-491c-87c2-728b7b2fe97b)
 - Deleted: 0

[20/May/2023:14:40:05] UPDATING ACCOUNTS (JobID: 36dad02e-db79-46fd-8c6a-99087d2e1769)
 - New and modified: 0

[20/May/2023:14:40:05] DELETING ACCOUNTS (JobID: 36dad02e-db79-46fd-8c6a-99087d2e1769)
 - Deleted: 0

[20/May/2023:14:40:38] UPDATING PRODUCTS (JobID: 79f56c01-52aa-4ed3-b53f-cbba64129600)
 - New and modified: 0

[20/May/2023:14:40:40] UPDATING PREPAGATI (JobID: 9efba1b4-77c0-412f-b3fa-62fd2367ae89)
 - New and modified: 0

[20/May/2023:14:40:40] DELETING PREPAGATI (JobID: 9efba1b4-77c0-412f-b3fa-62fd2367ae89)
 - Deleted: 0

[20/May/2023:14:50:04] UPDATING ACCOUNTS (JobID: adbc3ffe-2b19-438f-b7a6-2c54e2841e95)
 - New and modified: 0

[20/May/2023:14:50:04] DELETING ACCOUNTS (JobID: adbc3ffe-2b19-438f-b7a6-2c54e2841e95)
 - Deleted: 0

[20/May/2023:14:50:39] UPDATING PRODUCTS (JobID: c8689fad-f0a8-4027-9281-5819a3ee437c)
 - New and modified: 0

[20/May/2023:14:50:41] UPDATING PREPAGATI (JobID: 463847cf-4d90-4826-b086-5bead6767794)
 - New and modified: 0

[20/May/2023:14:50:41] DELETING PREPAGATI (JobID: 463847cf-4d90-4826-b086-5bead6767794)
 - Deleted: 0

[20/May/2023:15:00:04] UPDATING ACCOUNTS (JobID: 72835ad0-83a2-42e2-aca1-9267647aefa2)
 - New and modified: 0

[20/May/2023:15:00:04] DELETING ACCOUNTS (JobID: 72835ad0-83a2-42e2-aca1-9267647aefa2)
 - Deleted: 0

[20/May/2023:15:00:38] UPDATING PRODUCTS (JobID: b77b1815-51ed-40df-a431-da74a4787a61)
 - New and modified: 0

[20/May/2023:15:00:40] UPDATING PREPAGATI (JobID: 8141e2cf-6930-4bc3-809e-532528021734)
 - New and modified: 0

[20/May/2023:15:00:40] DELETING PREPAGATI (JobID: 8141e2cf-6930-4bc3-809e-532528021734)
 - Deleted: 0

[20/May/2023:15:10:04] UPDATING ACCOUNTS (JobID: cc459390-34bf-4ddc-bd5a-b4d40ba4bc89)
 - New and modified: 0

[20/May/2023:15:10:04] DELETING ACCOUNTS (JobID: cc459390-34bf-4ddc-bd5a-b4d40ba4bc89)
 - Deleted: 0

[20/May/2023:15:10:38] UPDATING PRODUCTS (JobID: f04f1e81-2165-4fba-a495-5df29d4ada0f)
 - New and modified: 0

[20/May/2023:15:10:40] UPDATING PREPAGATI (JobID: 984706bb-dae7-46b9-b308-1ae2918025b9)
 - New and modified: 0

[20/May/2023:15:10:40] DELETING PREPAGATI (JobID: 984706bb-dae7-46b9-b308-1ae2918025b9)
 - Deleted: 0

[20/May/2023:15:20:05] UPDATING ACCOUNTS (JobID: 38e349cd-2227-4b7a-baf8-47a4a0029e3e)
 - New and modified: 0

[20/May/2023:15:20:05] DELETING ACCOUNTS (JobID: 38e349cd-2227-4b7a-baf8-47a4a0029e3e)
 - Deleted: 0

[20/May/2023:15:20:40] UPDATING PRODUCTS (JobID: 47df272d-cc89-4880-ac97-aff0928ec86e)
 - New and modified: 0

[20/May/2023:15:20:42] UPDATING PREPAGATI (JobID: 4f272648-7080-4319-b17f-d86f78f274e8)
 - New and modified: 0

[20/May/2023:15:20:42] DELETING PREPAGATI (JobID: 4f272648-7080-4319-b17f-d86f78f274e8)
 - Deleted: 0

[20/May/2023:15:30:04] UPDATING ACCOUNTS (JobID: 73c86663-2345-467f-a7d5-aceac37d278d)
 - New and modified: 0

[20/May/2023:15:30:04] DELETING ACCOUNTS (JobID: 73c86663-2345-467f-a7d5-aceac37d278d)
 - Deleted: 0

[20/May/2023:15:30:38] UPDATING PRODUCTS (JobID: 803b8e7f-c67b-4a2f-9571-005b49b20758)
 - New and modified: 0

[20/May/2023:15:30:40] UPDATING PREPAGATI (JobID: 13b92f82-bf6c-4a3c-a657-d943fa3a9d1a)
 - New and modified: 0

[20/May/2023:15:30:40] DELETING PREPAGATI (JobID: 13b92f82-bf6c-4a3c-a657-d943fa3a9d1a)
 - Deleted: 0

[20/May/2023:15:40:04] UPDATING ACCOUNTS (JobID: c1ea75b3-38a8-4e58-a8b3-eabc2c2285df)
 - New and modified: 0

[20/May/2023:15:40:04] DELETING ACCOUNTS (JobID: c1ea75b3-38a8-4e58-a8b3-eabc2c2285df)
 - Deleted: 0

[20/May/2023:15:40:38] UPDATING PRODUCTS (JobID: a8f90103-6784-4533-9a4a-70d5e15463d0)
 - New and modified: 0

[20/May/2023:15:40:39] UPDATING PREPAGATI (JobID: 93c4c0f3-696b-46ff-9f64-865343c08b8b)
 - New and modified: 0

[20/May/2023:15:40:39] DELETING PREPAGATI (JobID: 93c4c0f3-696b-46ff-9f64-865343c08b8b)
 - Deleted: 0

[20/May/2023:15:50:04] UPDATING ACCOUNTS (JobID: 2a23a6b9-179a-4105-8e81-efceb805cebd)
 - New and modified: 0

[20/May/2023:15:50:04] DELETING ACCOUNTS (JobID: 2a23a6b9-179a-4105-8e81-efceb805cebd)
 - Deleted: 0

[20/May/2023:15:50:39] UPDATING PRODUCTS (JobID: 531ae9bd-1b00-4104-a42a-8d0d1aa8ea69)
 - New and modified: 0

[20/May/2023:15:50:41] UPDATING PREPAGATI (JobID: df133673-2d2c-4d86-b3c4-57e1f4b55445)
 - New and modified: 0

[20/May/2023:15:50:41] DELETING PREPAGATI (JobID: df133673-2d2c-4d86-b3c4-57e1f4b55445)
 - Deleted: 0

[20/May/2023:16:00:05] UPDATING ACCOUNTS (JobID: abddd60b-96f8-49db-ac75-4d4ac8aa85c9)
 - New and modified: 0

[20/May/2023:16:00:05] DELETING ACCOUNTS (JobID: abddd60b-96f8-49db-ac75-4d4ac8aa85c9)
 - Deleted: 0

[20/May/2023:16:00:38] UPDATING PRODUCTS (JobID: 1800ad70-5375-419e-92b7-41346a5a4e2a)
 - New and modified: 0

[20/May/2023:16:00:40] UPDATING PREPAGATI (JobID: e3f6078c-f5db-4908-9949-96976e89b153)
 - New and modified: 0

[20/May/2023:16:00:40] DELETING PREPAGATI (JobID: e3f6078c-f5db-4908-9949-96976e89b153)
 - Deleted: 0

[20/May/2023:16:10:04] UPDATING ACCOUNTS (JobID: 8ed4eb3f-2a50-4b33-8382-a9013f130840)
 - New and modified: 0

[20/May/2023:16:10:04] DELETING ACCOUNTS (JobID: 8ed4eb3f-2a50-4b33-8382-a9013f130840)
 - Deleted: 0

[20/May/2023:16:10:43] UPDATING PRODUCTS (JobID: 096c9986-0510-413d-ab3b-09919986f254)
 - New and modified: 0

[20/May/2023:16:10:45] UPDATING PREPAGATI (JobID: 1ef06c3a-7653-4137-b867-03ecb7d78c0f)
 - New and modified: 0

[20/May/2023:16:10:45] DELETING PREPAGATI (JobID: 1ef06c3a-7653-4137-b867-03ecb7d78c0f)
 - Deleted: 0

[20/May/2023:16:20:05] UPDATING ACCOUNTS (JobID: 1dd2102f-17d0-423a-bbd1-ffd01a6b5656)
 - New and modified: 0

[20/May/2023:16:20:05] DELETING ACCOUNTS (JobID: 1dd2102f-17d0-423a-bbd1-ffd01a6b5656)
 - Deleted: 0

[20/May/2023:16:20:43] UPDATING PRODUCTS (JobID: c0f02536-f1c4-4059-a841-dd3cce684d05)
 - New and modified: 0

[20/May/2023:16:20:45] UPDATING PREPAGATI (JobID: 61357c2c-9a36-4689-8f62-439036942fd5)
 - New and modified: 0

[20/May/2023:16:20:45] DELETING PREPAGATI (JobID: 61357c2c-9a36-4689-8f62-439036942fd5)
 - Deleted: 0

[20/May/2023:16:30:05] UPDATING ACCOUNTS (JobID: de08f8a6-a197-4b4d-af9a-3de17bd24ca1)
 - New and modified: 0

[20/May/2023:16:30:05] DELETING ACCOUNTS (JobID: de08f8a6-a197-4b4d-af9a-3de17bd24ca1)
 - Deleted: 0

[20/May/2023:16:30:40] UPDATING PRODUCTS (JobID: 296c371d-8593-41f8-9359-d6a458008ed3)
 - New and modified: 0

[20/May/2023:16:30:43] UPDATING PREPAGATI (JobID: bfc5827c-d289-4dbe-92ea-bf7455a0fcdb)
 - New and modified: 0

[20/May/2023:16:30:43] DELETING PREPAGATI (JobID: bfc5827c-d289-4dbe-92ea-bf7455a0fcdb)
 - Deleted: 0

[20/May/2023:16:40:04] UPDATING ACCOUNTS (JobID: 64189e99-2a60-40e5-8ba0-2cdaa5e119aa)
 - New and modified: 0

[20/May/2023:16:40:04] DELETING ACCOUNTS (JobID: 64189e99-2a60-40e5-8ba0-2cdaa5e119aa)
 - Deleted: 0

[20/May/2023:16:40:40] UPDATING PRODUCTS (JobID: f1a69453-b8b3-473b-8535-457685a084de)
 - New and modified: 0

[20/May/2023:16:40:43] UPDATING PREPAGATI (JobID: 9a9c191d-7968-42bd-a6f8-bac3dcdb5c15)
 - New and modified: 0

[20/May/2023:16:40:43] DELETING PREPAGATI (JobID: 9a9c191d-7968-42bd-a6f8-bac3dcdb5c15)
 - Deleted: 0

[20/May/2023:16:50:04] UPDATING ACCOUNTS (JobID: 98117829-1a89-45a3-b15c-5fdd90f72e45)
 - New and modified: 0

[20/May/2023:16:50:04] DELETING ACCOUNTS (JobID: 98117829-1a89-45a3-b15c-5fdd90f72e45)
 - Deleted: 0

[20/May/2023:16:50:40] UPDATING PRODUCTS (JobID: 5585fb8f-1a65-4cf7-b8f3-73700cb9cd6a)
 - New and modified: 0

[20/May/2023:16:50:42] UPDATING PREPAGATI (JobID: 356b6d26-86e6-4d0a-b6ec-428043d4f18b)
 - New and modified: 0

[20/May/2023:16:50:42] DELETING PREPAGATI (JobID: 356b6d26-86e6-4d0a-b6ec-428043d4f18b)
 - Deleted: 0

[20/May/2023:17:00:04] UPDATING ACCOUNTS (JobID: b2a4ed4c-975c-4eed-8874-d46da57f0f57)
 - New and modified: 0

[20/May/2023:17:00:04] DELETING ACCOUNTS (JobID: b2a4ed4c-975c-4eed-8874-d46da57f0f57)
 - Deleted: 0

[20/May/2023:17:00:41] UPDATING PRODUCTS (JobID: ef1808fb-ba27-47f9-a269-954888b28de9)
 - New and modified: 0

[20/May/2023:17:00:43] UPDATING PREPAGATI (JobID: 8531c3bb-6f7b-488e-823e-6331978bdb7f)
 - New and modified: 0

[20/May/2023:17:00:43] DELETING PREPAGATI (JobID: 8531c3bb-6f7b-488e-823e-6331978bdb7f)
 - Deleted: 0

[20/May/2023:17:10:05] UPDATING ACCOUNTS (JobID: 4f0030a8-a267-4ada-ae8b-225cf791cd8e)
 - New and modified: 0

[20/May/2023:17:10:05] DELETING ACCOUNTS (JobID: 4f0030a8-a267-4ada-ae8b-225cf791cd8e)
 - Deleted: 0

[20/May/2023:17:10:38] UPDATING PRODUCTS (JobID: 5ab0cae1-91ca-4c70-b551-8e0c4fe63d72)
 - New and modified: 0

[20/May/2023:17:10:40] UPDATING PREPAGATI (JobID: d78080be-e071-4ab8-b51f-8d1a6ac10b39)
 - New and modified: 0

[20/May/2023:17:10:40] DELETING PREPAGATI (JobID: d78080be-e071-4ab8-b51f-8d1a6ac10b39)
 - Deleted: 0

[20/May/2023:17:20:05] UPDATING ACCOUNTS (JobID: 1874267d-3f31-44d1-bdc3-61291b624f6e)
 - New and modified: 0

[20/May/2023:17:20:05] DELETING ACCOUNTS (JobID: 1874267d-3f31-44d1-bdc3-61291b624f6e)
 - Deleted: 0

[20/May/2023:17:20:42] UPDATING PRODUCTS (JobID: 782f036d-7fd0-4219-b15b-fc550482fbe1)
 - New and modified: 0

[20/May/2023:17:20:43] UPDATING PREPAGATI (JobID: 63da62dd-210e-42a8-841c-1ec799ce0511)
 - New and modified: 0

[20/May/2023:17:20:43] DELETING PREPAGATI (JobID: 63da62dd-210e-42a8-841c-1ec799ce0511)
 - Deleted: 0

[20/May/2023:17:30:04] UPDATING ACCOUNTS (JobID: ef1dfc45-9ce9-4ac7-8e15-c1f20ef02b1b)
 - New and modified: 0

[20/May/2023:17:30:04] DELETING ACCOUNTS (JobID: ef1dfc45-9ce9-4ac7-8e15-c1f20ef02b1b)
 - Deleted: 0

[20/May/2023:17:30:41] UPDATING PRODUCTS (JobID: 9b1402d9-2a80-46c3-80a5-c98cac321a0b)
 - New and modified: 0

[20/May/2023:17:30:43] UPDATING PREPAGATI (JobID: c09c1a97-e112-47a2-95f1-e65a504bc77c)
 - New and modified: 0

[20/May/2023:17:30:43] DELETING PREPAGATI (JobID: c09c1a97-e112-47a2-95f1-e65a504bc77c)
 - Deleted: 0

[20/May/2023:17:40:04] UPDATING ACCOUNTS (JobID: f59f4556-b62a-4a3b-b4dc-a69babd7a2fe)
 - New and modified: 0

[20/May/2023:17:40:04] DELETING ACCOUNTS (JobID: f59f4556-b62a-4a3b-b4dc-a69babd7a2fe)
 - Deleted: 0

[20/May/2023:17:40:38] UPDATING PRODUCTS (JobID: 65642adc-555e-4540-8f63-9124372033a3)
 - New and modified: 0

[20/May/2023:17:40:40] UPDATING PREPAGATI (JobID: 47070e77-62f6-4baf-ac1e-48fb28874ac7)
 - New and modified: 0

[20/May/2023:17:40:40] DELETING PREPAGATI (JobID: 47070e77-62f6-4baf-ac1e-48fb28874ac7)
 - Deleted: 0

[20/May/2023:17:50:04] UPDATING ACCOUNTS (JobID: 6cb4269c-bac8-4c1d-9725-8b05c380e520)
 - New and modified: 0

[20/May/2023:17:50:04] DELETING ACCOUNTS (JobID: 6cb4269c-bac8-4c1d-9725-8b05c380e520)
 - Deleted: 0

[20/May/2023:17:50:38] UPDATING PRODUCTS (JobID: 3de1b375-9588-47e0-b47b-a7731bfd2e96)
 - New and modified: 0

[20/May/2023:17:50:40] UPDATING PREPAGATI (JobID: 716e7ded-8ac6-44fe-b56b-7815e388d2c4)
 - New and modified: 0

[20/May/2023:17:50:40] DELETING PREPAGATI (JobID: 716e7ded-8ac6-44fe-b56b-7815e388d2c4)
 - Deleted: 0

[20/May/2023:18:00:07] UPDATING ACCOUNTS (JobID: 7d76b76a-9c41-487d-86a5-b6ab67dd7790)
 - New and modified: 0

[20/May/2023:18:00:07] DELETING ACCOUNTS (JobID: 7d76b76a-9c41-487d-86a5-b6ab67dd7790)
 - Deleted: 0

[20/May/2023:18:00:41] UPDATING PRODUCTS (JobID: ff450a06-c80e-4319-a1fd-14f37c600a46)
 - New and modified: 0

[20/May/2023:18:00:43] UPDATING PREPAGATI (JobID: 187b9706-01b1-4dd7-af9c-b8ac1a47bcfa)
 - New and modified: 0

[20/May/2023:18:00:43] DELETING PREPAGATI (JobID: 187b9706-01b1-4dd7-af9c-b8ac1a47bcfa)
 - Deleted: 0

[20/May/2023:18:10:05] UPDATING ACCOUNTS (JobID: ed4021a2-923e-4263-8a7a-cb9f61bb0228)
 - New and modified: 0

[20/May/2023:18:10:05] DELETING ACCOUNTS (JobID: ed4021a2-923e-4263-8a7a-cb9f61bb0228)
 - Deleted: 0

[20/May/2023:18:10:39] UPDATING PRODUCTS (JobID: c9f0a1ad-f14d-4ebe-9037-8d83a478f42c)
 - New and modified: 0

[20/May/2023:18:10:41] UPDATING PREPAGATI (JobID: e871350d-581a-4ee9-b68d-3517b2ea4cb6)
 - New and modified: 0

[20/May/2023:18:10:41] DELETING PREPAGATI (JobID: e871350d-581a-4ee9-b68d-3517b2ea4cb6)
 - Deleted: 0

[20/May/2023:18:20:05] UPDATING ACCOUNTS (JobID: 25b96432-3e47-4d67-b0f4-e644c495d7da)
 - New and modified: 0

[20/May/2023:18:20:05] DELETING ACCOUNTS (JobID: 25b96432-3e47-4d67-b0f4-e644c495d7da)
 - Deleted: 0

[20/May/2023:18:20:41] UPDATING PRODUCTS (JobID: f7eabda1-8573-4cc3-b8fa-1f59943e547e)
 - New and modified: 0

[20/May/2023:18:20:43] UPDATING PREPAGATI (JobID: 4a79f8d8-9cee-488d-8b23-bd85ea8f93ef)
 - New and modified: 0

[20/May/2023:18:20:43] DELETING PREPAGATI (JobID: 4a79f8d8-9cee-488d-8b23-bd85ea8f93ef)
 - Deleted: 0

[20/May/2023:18:30:05] UPDATING ACCOUNTS (JobID: 06f0f1ed-f446-4caa-b677-777a4d9349cf)
 - New and modified: 0

[20/May/2023:18:30:05] DELETING ACCOUNTS (JobID: 06f0f1ed-f446-4caa-b677-777a4d9349cf)
 - Deleted: 0

[20/May/2023:18:30:36] UPDATING PRODUCTS (JobID: 2a880f68-1dfd-453c-9911-a9305fddd7a5)
 - New and modified: 0

[20/May/2023:18:30:38] UPDATING PREPAGATI (JobID: d2be4eb1-b5d0-44f5-b0c8-1b001d7585e9)
 - New and modified: 0

[20/May/2023:18:30:38] DELETING PREPAGATI (JobID: d2be4eb1-b5d0-44f5-b0c8-1b001d7585e9)
 - Deleted: 0

[20/May/2023:18:40:05] UPDATING ACCOUNTS (JobID: 8649d48c-53f0-4f94-a0b5-0af773d5dfc8)
 - New and modified: 0

[20/May/2023:18:40:05] DELETING ACCOUNTS (JobID: 8649d48c-53f0-4f94-a0b5-0af773d5dfc8)
 - Deleted: 0

[20/May/2023:18:40:39] UPDATING PRODUCTS (JobID: 5bc0a12e-04ef-4518-ac88-e347357eb470)
 - New and modified: 0

[20/May/2023:18:40:41] UPDATING PREPAGATI (JobID: abb852c8-d3df-41dd-8de9-66cd071f2ba7)
 - New and modified: 0

[20/May/2023:18:40:41] DELETING PREPAGATI (JobID: abb852c8-d3df-41dd-8de9-66cd071f2ba7)
 - Deleted: 0

[20/May/2023:18:50:04] UPDATING ACCOUNTS (JobID: 86cd7f90-ae77-44e7-983c-386a6e374e88)
 - New and modified: 0

[20/May/2023:18:50:04] DELETING ACCOUNTS (JobID: 86cd7f90-ae77-44e7-983c-386a6e374e88)
 - Deleted: 0

[20/May/2023:18:50:38] UPDATING PRODUCTS (JobID: 09a83ea3-aee4-433f-9406-b2713fbcdcf3)
 - New and modified: 0

[20/May/2023:18:50:40] UPDATING PREPAGATI (JobID: 4cf0cf7a-f04c-45b3-b4c0-9cab4825556d)
 - New and modified: 0

[20/May/2023:18:50:40] DELETING PREPAGATI (JobID: 4cf0cf7a-f04c-45b3-b4c0-9cab4825556d)
 - Deleted: 0

[20/May/2023:19:00:04] UPDATING ACCOUNTS (JobID: f93bf82e-ebd4-4808-8e7a-683883a288a9)
 - New and modified: 0

[20/May/2023:19:00:04] DELETING ACCOUNTS (JobID: f93bf82e-ebd4-4808-8e7a-683883a288a9)
 - Deleted: 0

[20/May/2023:19:00:36] UPDATING PRODUCTS (JobID: bb82b576-b3be-4129-8a56-1bbb821219be)
 - New and modified: 0

[20/May/2023:19:00:38] UPDATING PREPAGATI (JobID: 7c556575-fc1d-4fd5-bbf6-2377bc291471)
 - New and modified: 0

[20/May/2023:19:00:38] DELETING PREPAGATI (JobID: 7c556575-fc1d-4fd5-bbf6-2377bc291471)
 - Deleted: 0

[20/May/2023:19:10:04] UPDATING ACCOUNTS (JobID: f59b867f-50fa-428b-8fae-b855e9c2f34b)
 - New and modified: 0

[20/May/2023:19:10:04] DELETING ACCOUNTS (JobID: f59b867f-50fa-428b-8fae-b855e9c2f34b)
 - Deleted: 0

[20/May/2023:19:10:36] UPDATING PRODUCTS (JobID: 6ba8eb6b-0a90-430e-80f0-4a8db5a21b17)
 - New and modified: 0

[20/May/2023:19:10:38] UPDATING PREPAGATI (JobID: 8293c6eb-75db-4046-b9f5-d2130c4e84ca)
 - New and modified: 0

[20/May/2023:19:10:38] DELETING PREPAGATI (JobID: 8293c6eb-75db-4046-b9f5-d2130c4e84ca)
 - Deleted: 0

[20/May/2023:19:20:04] UPDATING ACCOUNTS (JobID: abd6fd05-5fed-4a55-a32b-78a88e22e14d)
 - New and modified: 0

[20/May/2023:19:20:04] DELETING ACCOUNTS (JobID: abd6fd05-5fed-4a55-a32b-78a88e22e14d)
 - Deleted: 0

[20/May/2023:19:20:37] UPDATING PRODUCTS (JobID: 3d093572-7470-4d08-b4e8-4ab62dcbb013)
 - New and modified: 0

[20/May/2023:19:20:39] UPDATING PREPAGATI (JobID: 38170cf0-0dd4-46a0-ab34-6c1ba9b82e54)
 - New and modified: 0

[20/May/2023:19:20:39] DELETING PREPAGATI (JobID: 38170cf0-0dd4-46a0-ab34-6c1ba9b82e54)
 - Deleted: 0

[20/May/2023:19:30:04] UPDATING ACCOUNTS (JobID: b2bccff9-03a5-4d4c-9688-7a30b12e56bd)
 - New and modified: 0

[20/May/2023:19:30:04] DELETING ACCOUNTS (JobID: b2bccff9-03a5-4d4c-9688-7a30b12e56bd)
 - Deleted: 0

[20/May/2023:19:30:36] UPDATING PRODUCTS (JobID: b1dd0a1b-430e-4016-944d-a66d5e6f6113)
 - New and modified: 0

[20/May/2023:19:30:38] UPDATING PREPAGATI (JobID: 7c6a0ae3-7789-4067-a452-11a13b28b172)
 - New and modified: 0

[20/May/2023:19:30:38] DELETING PREPAGATI (JobID: 7c6a0ae3-7789-4067-a452-11a13b28b172)
 - Deleted: 0

[20/May/2023:19:40:04] UPDATING ACCOUNTS (JobID: 080bdb4b-6598-4ae2-9ae2-3289ef26d3d4)
 - New and modified: 0

[20/May/2023:19:40:04] DELETING ACCOUNTS (JobID: 080bdb4b-6598-4ae2-9ae2-3289ef26d3d4)
 - Deleted: 0

[20/May/2023:19:40:37] UPDATING PRODUCTS (JobID: 91c6f1c6-3bf7-4e9d-939e-978df1d49771)
 - New and modified: 0

[20/May/2023:19:40:39] UPDATING PREPAGATI (JobID: da5c041f-3217-486f-a420-50236ac9ad28)
 - New and modified: 0

[20/May/2023:19:40:39] DELETING PREPAGATI (JobID: da5c041f-3217-486f-a420-50236ac9ad28)
 - Deleted: 0

[20/May/2023:19:50:04] UPDATING ACCOUNTS (JobID: 3a444915-54ee-46c5-a607-5248cb93e4d9)
 - New and modified: 0

[20/May/2023:19:50:04] DELETING ACCOUNTS (JobID: 3a444915-54ee-46c5-a607-5248cb93e4d9)
 - Deleted: 0

[20/May/2023:19:50:36] UPDATING PRODUCTS (JobID: bd93b207-8a29-44a3-9bb7-a8744225e445)
 - New and modified: 0

[20/May/2023:19:50:38] UPDATING PREPAGATI (JobID: 4a0f4d45-28fe-48c8-a76d-1e0c4785cb36)
 - New and modified: 0

[20/May/2023:19:50:38] DELETING PREPAGATI (JobID: 4a0f4d45-28fe-48c8-a76d-1e0c4785cb36)
 - Deleted: 0

[20/May/2023:20:00:04] UPDATING ACCOUNTS (JobID: c9496d63-2f68-4ba8-a771-09bc5d641150)
 - New and modified: 0

[20/May/2023:20:00:04] DELETING ACCOUNTS (JobID: c9496d63-2f68-4ba8-a771-09bc5d641150)
 - Deleted: 0

[20/May/2023:20:00:36] UPDATING PRODUCTS (JobID: eb8687c1-a7aa-44b0-817a-1580a67cb2b2)
 - New and modified: 0

[20/May/2023:20:00:38] UPDATING PREPAGATI (JobID: 3ff0b01f-ccb2-40fc-ad68-e698954ee766)
 - New and modified: 0

[20/May/2023:20:00:38] DELETING PREPAGATI (JobID: 3ff0b01f-ccb2-40fc-ad68-e698954ee766)
 - Deleted: 0

[20/May/2023:20:10:04] UPDATING ACCOUNTS (JobID: 306802e0-6830-4da5-933a-95a6a324f888)
 - New and modified: 0

[20/May/2023:20:10:04] DELETING ACCOUNTS (JobID: 306802e0-6830-4da5-933a-95a6a324f888)
 - Deleted: 0

[20/May/2023:20:10:37] UPDATING PRODUCTS (JobID: 8a0e462f-cdc5-4175-bb00-f1c3515eb6e2)
 - New and modified: 0

[20/May/2023:20:10:38] UPDATING PREPAGATI (JobID: 42a010c6-91bc-4982-bafa-62db0a5137f6)
 - New and modified: 0

[20/May/2023:20:10:38] DELETING PREPAGATI (JobID: 42a010c6-91bc-4982-bafa-62db0a5137f6)
 - Deleted: 0

[20/May/2023:20:20:04] UPDATING ACCOUNTS (JobID: 402b9717-9165-40fe-8e10-bd22a38232b7)
 - New and modified: 0

[20/May/2023:20:20:04] DELETING ACCOUNTS (JobID: 402b9717-9165-40fe-8e10-bd22a38232b7)
 - Deleted: 0

[20/May/2023:20:20:36] UPDATING PRODUCTS (JobID: 83f85dc8-cadf-4048-9cb3-f5aafe220a38)
 - New and modified: 0

[20/May/2023:20:20:38] UPDATING PREPAGATI (JobID: 6ae61cfc-a15f-40ff-acbb-00f17c3f8e0f)
 - New and modified: 0

[20/May/2023:20:20:38] DELETING PREPAGATI (JobID: 6ae61cfc-a15f-40ff-acbb-00f17c3f8e0f)
 - Deleted: 0

[20/May/2023:20:30:04] UPDATING ACCOUNTS (JobID: 5226e2fd-fd92-432a-b988-9ba34e70179a)
 - New and modified: 0

[20/May/2023:20:30:04] DELETING ACCOUNTS (JobID: 5226e2fd-fd92-432a-b988-9ba34e70179a)
 - Deleted: 0

[20/May/2023:20:30:36] UPDATING PRODUCTS (JobID: 2d1562cd-089d-4cfb-8463-b8f7c62ef856)
 - New and modified: 0

[20/May/2023:20:30:38] UPDATING PREPAGATI (JobID: 1f4ecd61-f08f-44f7-90f9-bf38662eeb52)
 - New and modified: 0

[20/May/2023:20:30:38] DELETING PREPAGATI (JobID: 1f4ecd61-f08f-44f7-90f9-bf38662eeb52)
 - Deleted: 0

[20/May/2023:20:40:04] UPDATING ACCOUNTS (JobID: 553e38f3-c3b4-4996-b4f5-2cec872a3834)
 - New and modified: 0

[20/May/2023:20:40:04] DELETING ACCOUNTS (JobID: 553e38f3-c3b4-4996-b4f5-2cec872a3834)
 - Deleted: 0

[20/May/2023:20:40:36] UPDATING PRODUCTS (JobID: f5ba225e-6919-44af-8933-fbf940e29d4b)
 - New and modified: 0

[20/May/2023:20:40:38] UPDATING PREPAGATI (JobID: c689bd69-8256-4458-952b-166b8916abeb)
 - New and modified: 0

[20/May/2023:20:40:38] DELETING PREPAGATI (JobID: c689bd69-8256-4458-952b-166b8916abeb)
 - Deleted: 0

[20/May/2023:20:50:04] UPDATING ACCOUNTS (JobID: 673ac2d6-8b8d-4259-a17c-86bf49794f02)
 - New and modified: 0

[20/May/2023:20:50:04] DELETING ACCOUNTS (JobID: 673ac2d6-8b8d-4259-a17c-86bf49794f02)
 - Deleted: 0

[20/May/2023:20:50:36] UPDATING PRODUCTS (JobID: af674186-5de5-4b76-bd4c-f8d036abf6a9)
 - New and modified: 0

[20/May/2023:20:50:37] UPDATING PREPAGATI (JobID: cc35fd97-20f9-4ac7-b47d-6ef12e1b540c)
 - New and modified: 0

[20/May/2023:20:50:37] DELETING PREPAGATI (JobID: cc35fd97-20f9-4ac7-b47d-6ef12e1b540c)
 - Deleted: 0

[20/May/2023:21:00:04] UPDATING ACCOUNTS (JobID: e439e7bd-c083-4329-95a9-7c1f22aa1ab7)
 - New and modified: 0

[20/May/2023:21:00:04] DELETING ACCOUNTS (JobID: e439e7bd-c083-4329-95a9-7c1f22aa1ab7)
 - Deleted: 0

[20/May/2023:21:00:37] UPDATING PRODUCTS (JobID: c1fe287e-4905-4d42-98bc-39886a56691a)
 - New and modified: 0

[20/May/2023:21:00:38] UPDATING PREPAGATI (JobID: 5a3cfe86-baf5-41e4-affb-1dd946183d89)
 - New and modified: 0

[20/May/2023:21:00:38] DELETING PREPAGATI (JobID: 5a3cfe86-baf5-41e4-affb-1dd946183d89)
 - Deleted: 0

[20/May/2023:21:10:04] UPDATING ACCOUNTS (JobID: 14a6005b-0802-49ee-be39-5c8175ca01af)
 - New and modified: 0

[20/May/2023:21:10:04] DELETING ACCOUNTS (JobID: 14a6005b-0802-49ee-be39-5c8175ca01af)
 - Deleted: 0

[20/May/2023:21:10:37] UPDATING PRODUCTS (JobID: 1b5399a0-a63d-4a2b-8fe6-0fae4ea0f99e)
 - New and modified: 0

[20/May/2023:21:10:39] UPDATING PREPAGATI (JobID: f06d0f41-9553-4837-8787-da03b79ec1db)
 - New and modified: 0

[20/May/2023:21:10:39] DELETING PREPAGATI (JobID: f06d0f41-9553-4837-8787-da03b79ec1db)
 - Deleted: 0

[20/May/2023:21:20:04] UPDATING ACCOUNTS (JobID: 0fe491b8-9196-4189-9aa0-b747ade4be7e)
 - New and modified: 0

[20/May/2023:21:20:04] DELETING ACCOUNTS (JobID: 0fe491b8-9196-4189-9aa0-b747ade4be7e)
 - Deleted: 0

[20/May/2023:21:20:36] UPDATING PRODUCTS (JobID: 9f1d72a9-b93d-47ab-8e14-d1e06bb4eda8)
 - New and modified: 0

[20/May/2023:21:20:38] UPDATING PREPAGATI (JobID: 8e00675b-e9a7-4e2f-80bb-6d808e502272)
 - New and modified: 0

[20/May/2023:21:20:38] DELETING PREPAGATI (JobID: 8e00675b-e9a7-4e2f-80bb-6d808e502272)
 - Deleted: 0

[20/May/2023:21:30:04] UPDATING ACCOUNTS (JobID: e1e3036c-87ac-46a6-b998-9f7801f98bcb)
 - New and modified: 0

[20/May/2023:21:30:04] DELETING ACCOUNTS (JobID: e1e3036c-87ac-46a6-b998-9f7801f98bcb)
 - Deleted: 0

[20/May/2023:21:30:36] UPDATING PRODUCTS (JobID: f2291085-3c52-4cc9-a0f4-c1eccbc1099b)
 - New and modified: 0

[20/May/2023:21:30:38] UPDATING PREPAGATI (JobID: 5e7a9c34-04ed-4459-a7b3-11c81a1c707a)
 - New and modified: 0

[20/May/2023:21:30:38] DELETING PREPAGATI (JobID: 5e7a9c34-04ed-4459-a7b3-11c81a1c707a)
 - Deleted: 0

[20/May/2023:21:40:04] UPDATING ACCOUNTS (JobID: 7b79bdd2-176f-4b37-8c61-33049a32ce42)
 - New and modified: 0

[20/May/2023:21:40:04] DELETING ACCOUNTS (JobID: 7b79bdd2-176f-4b37-8c61-33049a32ce42)
 - Deleted: 0

[20/May/2023:21:40:37] UPDATING PRODUCTS (JobID: 852befc5-e9c5-4506-ae56-918ebbad9c37)
 - New and modified: 0

[20/May/2023:21:40:39] UPDATING PREPAGATI (JobID: 0253963c-ade9-4284-921a-792e826708b9)
 - New and modified: 0

[20/May/2023:21:40:39] DELETING PREPAGATI (JobID: 0253963c-ade9-4284-921a-792e826708b9)
 - Deleted: 0

[20/May/2023:21:50:04] UPDATING ACCOUNTS (JobID: cca7675f-3fe4-486e-b1e9-a6789cca3b5b)
 - New and modified: 0

[20/May/2023:21:50:04] DELETING ACCOUNTS (JobID: cca7675f-3fe4-486e-b1e9-a6789cca3b5b)
 - Deleted: 0

[20/May/2023:21:50:36] UPDATING PRODUCTS (JobID: a58845c1-c5df-4202-a150-f5265befb431)
 - New and modified: 0

[20/May/2023:21:50:38] UPDATING PREPAGATI (JobID: 664febf5-99ea-4186-b7ff-0e2bc0e60015)
 - New and modified: 0

[20/May/2023:21:50:38] DELETING PREPAGATI (JobID: 664febf5-99ea-4186-b7ff-0e2bc0e60015)
 - Deleted: 0

[20/May/2023:22:00:04] UPDATING ACCOUNTS (JobID: 02acf67d-6738-4f43-bf75-5c90e9131f61)
 - New and modified: 0

[20/May/2023:22:00:04] DELETING ACCOUNTS (JobID: 02acf67d-6738-4f43-bf75-5c90e9131f61)
 - Deleted: 0

[20/May/2023:22:00:36] UPDATING PRODUCTS (JobID: 7062f6c9-824b-4a9a-b9c3-f6e5baac14d2)
 - New and modified: 0

[20/May/2023:22:00:38] UPDATING PREPAGATI (JobID: 162d7522-1f73-49c0-8f8b-bb46cc349678)
 - New and modified: 0

[20/May/2023:22:00:38] DELETING PREPAGATI (JobID: 162d7522-1f73-49c0-8f8b-bb46cc349678)
 - Deleted: 0

[20/May/2023:22:10:04] UPDATING ACCOUNTS (JobID: 2f7449a4-9cd0-422c-a0b3-0552a7134bb6)
 - New and modified: 0

[20/May/2023:22:10:04] DELETING ACCOUNTS (JobID: 2f7449a4-9cd0-422c-a0b3-0552a7134bb6)
 - Deleted: 0

[20/May/2023:22:10:36] UPDATING PRODUCTS (JobID: 0de3c390-ba0d-438e-94b2-a5b86b978d87)
 - New and modified: 0

[20/May/2023:22:10:38] UPDATING PREPAGATI (JobID: fce792d8-57ab-4922-9176-9f799ffed5f1)
 - New and modified: 0

[20/May/2023:22:10:38] DELETING PREPAGATI (JobID: fce792d8-57ab-4922-9176-9f799ffed5f1)
 - Deleted: 0

[20/May/2023:22:20:04] UPDATING ACCOUNTS (JobID: bf1ec74a-c8dd-47c1-b3b6-e2eae408c96a)
 - New and modified: 0

[20/May/2023:22:20:04] DELETING ACCOUNTS (JobID: bf1ec74a-c8dd-47c1-b3b6-e2eae408c96a)
 - Deleted: 0

[20/May/2023:22:20:38] UPDATING PRODUCTS (JobID: 4c7fe100-4c79-432e-b270-8461925af060)
 - New and modified: 0

[20/May/2023:22:20:39] UPDATING PREPAGATI (JobID: 0cff5d43-1999-4017-8964-c44649bd35a8)
 - New and modified: 0

[20/May/2023:22:20:39] DELETING PREPAGATI (JobID: 0cff5d43-1999-4017-8964-c44649bd35a8)
 - Deleted: 0

[20/May/2023:22:30:04] UPDATING ACCOUNTS (JobID: 6b9b7d9f-eb38-4792-b344-abb323045c7f)
 - New and modified: 0

[20/May/2023:22:30:04] DELETING ACCOUNTS (JobID: 6b9b7d9f-eb38-4792-b344-abb323045c7f)
 - Deleted: 0

[20/May/2023:22:30:36] UPDATING PRODUCTS (JobID: 7fe4909d-4911-4460-b2e1-a877064f52ad)
 - New and modified: 0

[20/May/2023:22:30:38] UPDATING PREPAGATI (JobID: af3d4cf6-b7b3-4a20-aa49-022b10c82326)
 - New and modified: 0

[20/May/2023:22:30:38] DELETING PREPAGATI (JobID: af3d4cf6-b7b3-4a20-aa49-022b10c82326)
 - Deleted: 0

[20/May/2023:22:40:04] UPDATING ACCOUNTS (JobID: 44bee449-ff5b-492f-9271-3bec2879f22d)
 - New and modified: 0

[20/May/2023:22:40:04] DELETING ACCOUNTS (JobID: 44bee449-ff5b-492f-9271-3bec2879f22d)
 - Deleted: 0

[20/May/2023:22:40:37] UPDATING PRODUCTS (JobID: 99385421-fafb-4fab-bc53-4028cd22d2e5)
 - New and modified: 0

[20/May/2023:22:40:38] UPDATING PREPAGATI (JobID: d69afe3d-9b7d-4cfb-bca6-db76e7705c54)
 - New and modified: 0

[20/May/2023:22:40:38] DELETING PREPAGATI (JobID: d69afe3d-9b7d-4cfb-bca6-db76e7705c54)
 - Deleted: 0

[20/May/2023:22:50:04] UPDATING ACCOUNTS (JobID: 69ae2c5a-9297-4b2f-955a-fcf3a377a072)
 - New and modified: 0

[20/May/2023:22:50:04] DELETING ACCOUNTS (JobID: 69ae2c5a-9297-4b2f-955a-fcf3a377a072)
 - Deleted: 0

[20/May/2023:22:50:36] UPDATING PRODUCTS (JobID: 4b567839-7b32-42a1-8ff4-38de1ab5bd01)
 - New and modified: 0

[20/May/2023:22:50:38] UPDATING PREPAGATI (JobID: 56e4a65b-2a9f-45dd-8461-89c5abc25ba8)
 - New and modified: 0

[20/May/2023:22:50:38] DELETING PREPAGATI (JobID: 56e4a65b-2a9f-45dd-8461-89c5abc25ba8)
 - Deleted: 0

[20/May/2023:23:00:04] UPDATING ACCOUNTS (JobID: 6015a831-2b42-41ca-b501-4cf5b15c15b4)
 - New and modified: 0

[20/May/2023:23:00:04] DELETING ACCOUNTS (JobID: 6015a831-2b42-41ca-b501-4cf5b15c15b4)
 - Deleted: 0

[20/May/2023:23:00:36] UPDATING PRODUCTS (JobID: ac1f8a92-d625-4e88-b808-52475fdb8120)
 - New and modified: 0

[20/May/2023:23:00:38] UPDATING PREPAGATI (JobID: 459b1924-f6fc-4028-940a-549a04c62cf8)
 - New and modified: 0

[20/May/2023:23:00:38] DELETING PREPAGATI (JobID: 459b1924-f6fc-4028-940a-549a04c62cf8)
 - Deleted: 0

[20/May/2023:23:10:04] UPDATING ACCOUNTS (JobID: 8dfad41a-4950-46a2-9dcf-c7ef92cac195)
 - New and modified: 0

[20/May/2023:23:10:04] DELETING ACCOUNTS (JobID: 8dfad41a-4950-46a2-9dcf-c7ef92cac195)
 - Deleted: 0

[20/May/2023:23:10:36] UPDATING PRODUCTS (JobID: 62b425b6-4069-4437-9f71-ffad7c3236a1)
 - New and modified: 0

[20/May/2023:23:10:37] UPDATING PREPAGATI (JobID: 3768c63e-d50a-4e8b-8113-d3768b7c9829)
 - New and modified: 0

[20/May/2023:23:10:37] DELETING PREPAGATI (JobID: 3768c63e-d50a-4e8b-8113-d3768b7c9829)
 - Deleted: 0

[20/May/2023:23:20:04] UPDATING ACCOUNTS (JobID: 12dbb383-77e5-4413-81fa-26ac2ab0c6d0)
 - New and modified: 0

[20/May/2023:23:20:04] DELETING ACCOUNTS (JobID: 12dbb383-77e5-4413-81fa-26ac2ab0c6d0)
 - Deleted: 0

[20/May/2023:23:20:36] UPDATING PRODUCTS (JobID: 3c0772dd-f535-46f3-8c85-c297fbdeef0a)
 - New and modified: 0

[20/May/2023:23:20:38] UPDATING PREPAGATI (JobID: 8f15c7df-1e82-4bae-ae15-3a0be71051e6)
 - New and modified: 0

[20/May/2023:23:20:38] DELETING PREPAGATI (JobID: 8f15c7df-1e82-4bae-ae15-3a0be71051e6)
 - Deleted: 0

[20/May/2023:23:30:04] UPDATING ACCOUNTS (JobID: 87164381-5c70-4823-af38-6c0f8fad09c8)
 - New and modified: 0

[20/May/2023:23:30:04] DELETING ACCOUNTS (JobID: 87164381-5c70-4823-af38-6c0f8fad09c8)
 - Deleted: 0

[20/May/2023:23:30:36] UPDATING PRODUCTS (JobID: 127a9345-d0ec-48f5-bfd1-407ea421271a)
 - New and modified: 0

[20/May/2023:23:30:38] UPDATING PREPAGATI (JobID: 449e2270-c493-4d3c-a30a-955e8bae28e7)
 - New and modified: 0

[20/May/2023:23:30:38] DELETING PREPAGATI (JobID: 449e2270-c493-4d3c-a30a-955e8bae28e7)
 - Deleted: 0

[20/May/2023:23:40:04] UPDATING ACCOUNTS (JobID: 1c36bdd7-5a16-48ff-9ed4-dee8317bc7a5)
 - New and modified: 0

[20/May/2023:23:40:04] DELETING ACCOUNTS (JobID: 1c36bdd7-5a16-48ff-9ed4-dee8317bc7a5)
 - Deleted: 0

[20/May/2023:23:40:36] UPDATING PRODUCTS (JobID: d9278568-ba9e-4f9b-a0b6-c6cd9688379e)
 - New and modified: 0

[20/May/2023:23:40:38] UPDATING PREPAGATI (JobID: 91df6a2d-d3a6-4dce-9af2-145038d32a03)
 - New and modified: 0

[20/May/2023:23:40:38] DELETING PREPAGATI (JobID: 91df6a2d-d3a6-4dce-9af2-145038d32a03)
 - Deleted: 0

[20/May/2023:23:50:05] UPDATING ACCOUNTS (JobID: caa24883-dc7f-45fb-a109-c2bc58d38408)
 - New and modified: 0

[20/May/2023:23:50:05] DELETING ACCOUNTS (JobID: caa24883-dc7f-45fb-a109-c2bc58d38408)
 - Deleted: 0

[20/May/2023:23:50:37] UPDATING PRODUCTS (JobID: 189fe213-d1d7-40a7-80c3-8e65f138fe45)
 - New and modified: 0

[20/May/2023:23:50:38] UPDATING PREPAGATI (JobID: 7559bbbd-791b-45fc-bcb3-0c0ed1801562)
 - New and modified: 0

[20/May/2023:23:50:38] DELETING PREPAGATI (JobID: 7559bbbd-791b-45fc-bcb3-0c0ed1801562)
 - Deleted: 0

