[28/May/2023:00:00:04] UPDATING ACCOUNTS (JobID: 500262ce-115c-48fe-8f08-fb59774b8415)
 - New and modified: 0

[28/May/2023:00:00:04] DELETING ACCOUNTS (JobID: 500262ce-115c-48fe-8f08-fb59774b8415)
 - Deleted: 0

[28/May/2023:00:00:37] UPDATING PRODUCTS (JobID: a66b7ba4-5b73-4fb7-ac95-930174b69956)
 - New and modified: 0

[28/May/2023:00:00:39] UPDATING PREPAGATI (JobID: 55546480-f060-4479-94e4-8f69a162a9fa)
 - New and modified: 0

[28/May/2023:00:00:39] DELETING PREPAGATI (JobID: 55546480-f060-4479-94e4-8f69a162a9fa)
 - Deleted: 0

[28/May/2023:00:10:04] UPDATING ACCOUNTS (JobID: 513164dc-bb65-4e7c-a9a1-e88f5275775f)
 - New and modified: 0

[28/May/2023:00:10:04] DELETING ACCOUNTS (JobID: 513164dc-bb65-4e7c-a9a1-e88f5275775f)
 - Deleted: 0

[28/May/2023:00:10:37] UPDATING PRODUCTS (JobID: e91f81e1-32dd-4e40-a56c-2eb3146d78f0)
 - New and modified: 0

[28/May/2023:00:10:38] UPDATING PREPAGATI (JobID: 45edf9e6-bd52-459e-9781-cdc3966d52e4)
 - New and modified: 0

[28/May/2023:00:10:38] DELETING PREPAGATI (JobID: 45edf9e6-bd52-459e-9781-cdc3966d52e4)
 - Deleted: 0

[28/May/2023:00:20:04] UPDATING ACCOUNTS (JobID: d9b4d098-a170-4194-be04-33695c4e2387)
 - New and modified: 0

[28/May/2023:00:20:04] DELETING ACCOUNTS (JobID: d9b4d098-a170-4194-be04-33695c4e2387)
 - Deleted: 0

[28/May/2023:00:20:37] UPDATING PRODUCTS (JobID: a5b7d69a-f241-4c84-876b-d437d3d0a404)
 - New and modified: 0

[28/May/2023:00:20:39] UPDATING PREPAGATI (JobID: a9c791c0-2c50-4b02-a940-875e43eb9dbf)
 - New and modified: 0

[28/May/2023:00:20:39] DELETING PREPAGATI (JobID: a9c791c0-2c50-4b02-a940-875e43eb9dbf)
 - Deleted: 0

[28/May/2023:00:30:05] UPDATING ACCOUNTS (JobID: e345430e-af36-45d6-98a3-81d4837ac96c)
 - New and modified: 0

[28/May/2023:00:30:05] DELETING ACCOUNTS (JobID: e345430e-af36-45d6-98a3-81d4837ac96c)
 - Deleted: 0

[28/May/2023:00:30:37] UPDATING PRODUCTS (JobID: c904fd11-ebae-42e6-9354-7bed63f5c9c8)
 - New and modified: 0

[28/May/2023:00:30:39] UPDATING PREPAGATI (JobID: 1078a646-ea91-4754-a6e6-0fd5819fc4b9)
 - New and modified: 0

[28/May/2023:00:30:39] DELETING PREPAGATI (JobID: 1078a646-ea91-4754-a6e6-0fd5819fc4b9)
 - Deleted: 0

[28/May/2023:00:40:04] UPDATING ACCOUNTS (JobID: 09a60cc9-46f0-424d-bced-7f09d273c335)
 - New and modified: 0

[28/May/2023:00:40:04] DELETING ACCOUNTS (JobID: 09a60cc9-46f0-424d-bced-7f09d273c335)
 - Deleted: 0

[28/May/2023:00:40:36] UPDATING PRODUCTS (JobID: 88266c51-5a71-4953-b03a-4e8d8b0ce603)
 - New and modified: 0

[28/May/2023:00:40:38] UPDATING PREPAGATI (JobID: 27536fe5-097c-4516-9982-29c7b3191697)
 - New and modified: 0

[28/May/2023:00:40:38] DELETING PREPAGATI (JobID: 27536fe5-097c-4516-9982-29c7b3191697)
 - Deleted: 0

[28/May/2023:00:50:04] UPDATING ACCOUNTS (JobID: 085a4ed1-e1b6-4d33-917c-ea88b3c9fca0)
 - New and modified: 0

[28/May/2023:00:50:04] DELETING ACCOUNTS (JobID: 085a4ed1-e1b6-4d33-917c-ea88b3c9fca0)
 - Deleted: 0

[28/May/2023:00:50:37] UPDATING PRODUCTS (JobID: d42c0f9c-d548-4489-a41c-e56d061dbc59)
 - New and modified: 0

[28/May/2023:00:50:38] UPDATING PREPAGATI (JobID: 02494057-a0c5-411c-ab6b-f18966a7f5a2)
 - New and modified: 0

[28/May/2023:00:50:38] DELETING PREPAGATI (JobID: 02494057-a0c5-411c-ab6b-f18966a7f5a2)
 - Deleted: 0

[28/May/2023:01:00:04] UPDATING ACCOUNTS (JobID: df37135f-18c9-4b36-a652-f657bdf63c36)
 - New and modified: 0

[28/May/2023:01:00:04] DELETING ACCOUNTS (JobID: df37135f-18c9-4b36-a652-f657bdf63c36)
 - Deleted: 0

[28/May/2023:01:00:40] UPDATING PRODUCTS (JobID: 47f6108f-f41d-44e6-ba61-2494d054ea2d)
 - New and modified: 0

[28/May/2023:01:00:41] UPDATING PREPAGATI (JobID: 4ceb6ad9-fe37-4583-b913-969a31ef5c0b)
 - New and modified: 0

[28/May/2023:01:00:41] DELETING PREPAGATI (JobID: 4ceb6ad9-fe37-4583-b913-969a31ef5c0b)
 - Deleted: 0

[28/May/2023:01:10:05] UPDATING ACCOUNTS (JobID: 2d9d72ad-64f7-4033-9330-d0836bbd7339)
 - New and modified: 0

[28/May/2023:01:10:05] DELETING ACCOUNTS (JobID: 2d9d72ad-64f7-4033-9330-d0836bbd7339)
 - Deleted: 0

[28/May/2023:01:10:43] UPDATING PRODUCTS (JobID: 40082628-2cec-4b8f-885a-af07413ff1d8)
 - New and modified: 0

[28/May/2023:01:10:45] UPDATING PREPAGATI (JobID: 953576b5-9c87-4984-850a-b744b8aa6e12)
 - New and modified: 0

[28/May/2023:01:10:45] DELETING PREPAGATI (JobID: 953576b5-9c87-4984-850a-b744b8aa6e12)
 - Deleted: 0

[28/May/2023:01:20:04] UPDATING ACCOUNTS (JobID: bac5afd8-b01c-4385-a1c6-7edfe49c2744)
 - New and modified: 0

[28/May/2023:01:20:04] DELETING ACCOUNTS (JobID: bac5afd8-b01c-4385-a1c6-7edfe49c2744)
 - Deleted: 0

[28/May/2023:01:20:41] UPDATING PRODUCTS (JobID: 4f7d0f4f-b69e-4b47-bcd7-08a8b699e2f9)
 - New and modified: 0

[28/May/2023:01:20:43] UPDATING PREPAGATI (JobID: 1d05b4ea-d804-4e6c-a07a-77658e615715)
 - New and modified: 0

[28/May/2023:01:20:43] DELETING PREPAGATI (JobID: 1d05b4ea-d804-4e6c-a07a-77658e615715)
 - Deleted: 0

[28/May/2023:01:30:04] UPDATING ACCOUNTS (JobID: f34fa8aa-781f-4d53-9da0-10c91a4ec6ba)
 - New and modified: 0

[28/May/2023:01:30:04] DELETING ACCOUNTS (JobID: f34fa8aa-781f-4d53-9da0-10c91a4ec6ba)
 - Deleted: 0

[28/May/2023:01:30:39] UPDATING PRODUCTS (JobID: cda7053f-b1a7-4dd8-a057-aadc623c8e48)
 - New and modified: 0

[28/May/2023:01:30:41] UPDATING PREPAGATI (JobID: 3d4984db-e9f1-46a8-859a-f50339d08313)
 - New and modified: 0

[28/May/2023:01:30:41] DELETING PREPAGATI (JobID: 3d4984db-e9f1-46a8-859a-f50339d08313)
 - Deleted: 0

[28/May/2023:01:40:04] UPDATING ACCOUNTS (JobID: 819894af-0845-4cff-b3b6-86fbc54d3293)
 - New and modified: 0

[28/May/2023:01:40:04] DELETING ACCOUNTS (JobID: 819894af-0845-4cff-b3b6-86fbc54d3293)
 - Deleted: 0

[28/May/2023:01:40:44] UPDATING PRODUCTS (JobID: 560dad7e-96fe-4305-b68d-db82f63e3234)
 - New and modified: 0

[28/May/2023:01:40:47] UPDATING PREPAGATI (JobID: 31d83f99-55ad-4f6d-a151-d54833f79c17)
 - New and modified: 0

[28/May/2023:01:40:47] DELETING PREPAGATI (JobID: 31d83f99-55ad-4f6d-a151-d54833f79c17)
 - Deleted: 0

[28/May/2023:01:50:04] UPDATING ACCOUNTS (JobID: 829ea6f7-9f90-4d59-8fd5-48f5354831f2)
 - New and modified: 0

[28/May/2023:01:50:04] DELETING ACCOUNTS (JobID: 829ea6f7-9f90-4d59-8fd5-48f5354831f2)
 - Deleted: 0

[28/May/2023:01:50:40] UPDATING PRODUCTS (JobID: 73e1cd9f-a3a6-46f0-a195-b608175eacea)
 - New and modified: 0

[28/May/2023:01:50:42] UPDATING PREPAGATI (JobID: ea793036-145d-4d0f-9cfe-f7a7b9b4c5f4)
 - New and modified: 0

[28/May/2023:01:50:42] DELETING PREPAGATI (JobID: ea793036-145d-4d0f-9cfe-f7a7b9b4c5f4)
 - Deleted: 0

[28/May/2023:02:00:05] UPDATING ACCOUNTS (JobID: 6955d0bf-1167-4d0e-9e5e-fc32345bf20f)
 - New and modified: 0

[28/May/2023:02:00:05] DELETING ACCOUNTS (JobID: 6955d0bf-1167-4d0e-9e5e-fc32345bf20f)
 - Deleted: 0

[28/May/2023:02:00:39] UPDATING PRODUCTS (JobID: 58437e09-0f38-493f-989e-f06734e3a943)
 - New and modified: 0

[28/May/2023:02:00:41] UPDATING PREPAGATI (JobID: 45ac911a-7c7b-4eb7-855d-bdb5f07ce7cb)
 - New and modified: 0

[28/May/2023:02:00:41] DELETING PREPAGATI (JobID: 45ac911a-7c7b-4eb7-855d-bdb5f07ce7cb)
 - Deleted: 0

[28/May/2023:02:10:04] UPDATING ACCOUNTS (JobID: 09d495d8-b2ad-460c-8065-7ed9ce9da0e3)
 - New and modified: 0

[28/May/2023:02:10:04] DELETING ACCOUNTS (JobID: 09d495d8-b2ad-460c-8065-7ed9ce9da0e3)
 - Deleted: 0

[28/May/2023:02:10:40] UPDATING PRODUCTS (JobID: 082bce58-77b3-4bf8-9a72-e1882365e96b)
 - New and modified: 0

[28/May/2023:02:10:42] UPDATING PREPAGATI (JobID: 2dfc3c42-8368-47d9-abac-7d18228be338)
 - New and modified: 0

[28/May/2023:02:10:42] DELETING PREPAGATI (JobID: 2dfc3c42-8368-47d9-abac-7d18228be338)
 - Deleted: 0

[28/May/2023:02:20:04] UPDATING ACCOUNTS (JobID: 7506b965-b9a6-4e68-88de-c7071aee2f89)
 - New and modified: 0

[28/May/2023:02:20:04] DELETING ACCOUNTS (JobID: 7506b965-b9a6-4e68-88de-c7071aee2f89)
 - Deleted: 0

[28/May/2023:02:20:39] UPDATING PRODUCTS (JobID: 4c2c596b-db49-443e-83ea-d55470ab719e)
 - New and modified: 0

[28/May/2023:02:20:41] UPDATING PREPAGATI (JobID: dd0ff490-fe42-42e9-a176-89e506c2551b)
 - New and modified: 0

[28/May/2023:02:20:41] DELETING PREPAGATI (JobID: dd0ff490-fe42-42e9-a176-89e506c2551b)
 - Deleted: 0

[28/May/2023:02:30:04] UPDATING ACCOUNTS (JobID: ae306b07-5a98-48b8-bdca-2e1da8cf4cea)
 - New and modified: 0

[28/May/2023:02:30:04] DELETING ACCOUNTS (JobID: ae306b07-5a98-48b8-bdca-2e1da8cf4cea)
 - Deleted: 0

[28/May/2023:02:30:39] UPDATING PRODUCTS (JobID: f21a7d90-affb-469d-be1b-d3d65aa14795)
 - New and modified: 0

[28/May/2023:02:30:41] UPDATING PREPAGATI (JobID: d7e98c65-a889-47cb-a1bf-a6ed1c996bc5)
 - New and modified: 0

[28/May/2023:02:30:41] DELETING PREPAGATI (JobID: d7e98c65-a889-47cb-a1bf-a6ed1c996bc5)
 - Deleted: 0

[28/May/2023:02:40:05] UPDATING ACCOUNTS (JobID: fbfbe4ac-25be-4d39-ad6e-00ab4411c180)
 - New and modified: 0

[28/May/2023:02:40:05] DELETING ACCOUNTS (JobID: fbfbe4ac-25be-4d39-ad6e-00ab4411c180)
 - Deleted: 0

[28/May/2023:02:40:42] UPDATING PRODUCTS (JobID: 79fa14fc-021a-4ecb-bd90-063d410e8b2a)
 - New and modified: 0

[28/May/2023:02:40:44] UPDATING PREPAGATI (JobID: 8bdce634-7869-4574-bf60-60d60b7d0652)
 - New and modified: 0

[28/May/2023:02:40:44] DELETING PREPAGATI (JobID: 8bdce634-7869-4574-bf60-60d60b7d0652)
 - Deleted: 0

[28/May/2023:02:50:05] UPDATING ACCOUNTS (JobID: f18ab696-3d49-4958-8351-d66699711040)
 - New and modified: 0

[28/May/2023:02:50:05] DELETING ACCOUNTS (JobID: f18ab696-3d49-4958-8351-d66699711040)
 - Deleted: 0

[28/May/2023:02:50:42] UPDATING PRODUCTS (JobID: 2bd2b1fe-7632-4b7b-a744-3ad2644940d3)
 - New and modified: 0

[28/May/2023:02:50:44] UPDATING PREPAGATI (JobID: 53a79d69-95fe-49d0-a95e-efbbdb574a66)
 - New and modified: 0

[28/May/2023:02:50:44] DELETING PREPAGATI (JobID: 53a79d69-95fe-49d0-a95e-efbbdb574a66)
 - Deleted: 0

[28/May/2023:03:00:04] UPDATING ACCOUNTS (JobID: 7568c609-6c5b-4a03-8152-8473d8b14969)
 - New and modified: 0

[28/May/2023:03:00:04] DELETING ACCOUNTS (JobID: 7568c609-6c5b-4a03-8152-8473d8b14969)
 - Deleted: 0

[28/May/2023:03:00:38] UPDATING PRODUCTS (JobID: e7a67889-91dd-4b61-b7e0-b8a4e8e2ec1a)
 - New and modified: 0

[28/May/2023:03:00:39] UPDATING PREPAGATI (JobID: 6f1c5e06-925e-40d6-9cbb-93aa7dbeba2f)
 - New and modified: 0

[28/May/2023:03:00:39] DELETING PREPAGATI (JobID: 6f1c5e06-925e-40d6-9cbb-93aa7dbeba2f)
 - Deleted: 0

[28/May/2023:03:10:04] UPDATING ACCOUNTS (JobID: ecedd1af-ff81-4065-975a-902531a41da1)
 - New and modified: 0

[28/May/2023:03:10:04] DELETING ACCOUNTS (JobID: ecedd1af-ff81-4065-975a-902531a41da1)
 - Deleted: 0

[28/May/2023:03:10:38] UPDATING PRODUCTS (JobID: 5c1f3df2-2506-437b-bd36-e7990bdacef0)
 - New and modified: 0

[28/May/2023:03:10:40] UPDATING PREPAGATI (JobID: 8259e2db-e268-44e5-a808-b372462b262b)
 - New and modified: 0

[28/May/2023:03:10:40] DELETING PREPAGATI (JobID: 8259e2db-e268-44e5-a808-b372462b262b)
 - Deleted: 0

[28/May/2023:03:20:04] UPDATING ACCOUNTS (JobID: ab1d5f8e-21b1-4cf4-81d0-6854732ad3e4)
 - New and modified: 0

[28/May/2023:03:20:04] DELETING ACCOUNTS (JobID: ab1d5f8e-21b1-4cf4-81d0-6854732ad3e4)
 - Deleted: 0

[28/May/2023:03:20:37] UPDATING PRODUCTS (JobID: df6cbbdf-eed4-491f-b9f9-f0685860e63d)
 - New and modified: 0

[28/May/2023:03:20:38] UPDATING PREPAGATI (JobID: 1f160905-d87b-4ab2-b414-3d37b8ba0b89)
 - New and modified: 0

[28/May/2023:03:20:38] DELETING PREPAGATI (JobID: 1f160905-d87b-4ab2-b414-3d37b8ba0b89)
 - Deleted: 0

[28/May/2023:03:30:04] UPDATING ACCOUNTS (JobID: ab201f84-a4ae-48cd-9cc2-3d9f5713a835)
 - New and modified: 0

[28/May/2023:03:30:04] DELETING ACCOUNTS (JobID: ab201f84-a4ae-48cd-9cc2-3d9f5713a835)
 - Deleted: 0

[28/May/2023:03:30:39] UPDATING PRODUCTS (JobID: c8598da5-fc28-4844-a951-e45c95707315)
 - New and modified: 0

[28/May/2023:03:30:40] UPDATING PREPAGATI (JobID: ad9283ee-8ae1-48d4-a91c-8d6134812e93)
 - New and modified: 0

[28/May/2023:03:30:40] DELETING PREPAGATI (JobID: ad9283ee-8ae1-48d4-a91c-8d6134812e93)
 - Deleted: 0

[28/May/2023:03:40:04] UPDATING ACCOUNTS (JobID: 57cb0b2e-9f98-4a74-8839-c91c150eacc7)
 - New and modified: 0

[28/May/2023:03:40:04] DELETING ACCOUNTS (JobID: 57cb0b2e-9f98-4a74-8839-c91c150eacc7)
 - Deleted: 0

[28/May/2023:03:40:36] UPDATING PRODUCTS (JobID: 660408b8-6c24-4c1a-a388-28b3b0a36077)
 - New and modified: 0

[28/May/2023:03:40:38] UPDATING PREPAGATI (JobID: 2a3a741a-82c3-4ec3-be14-97f24deb5557)
 - New and modified: 0

[28/May/2023:03:40:38] DELETING PREPAGATI (JobID: 2a3a741a-82c3-4ec3-be14-97f24deb5557)
 - Deleted: 0

[28/May/2023:03:50:04] UPDATING ACCOUNTS (JobID: ad104dfb-a882-45c4-ade0-f1095a7d22ea)
 - New and modified: 0

[28/May/2023:03:50:04] DELETING ACCOUNTS (JobID: ad104dfb-a882-45c4-ade0-f1095a7d22ea)
 - Deleted: 0

[28/May/2023:03:50:37] UPDATING PRODUCTS (JobID: 258b4856-7345-4d79-8dd8-cadc3df636cc)
 - New and modified: 0

[28/May/2023:03:50:39] UPDATING PREPAGATI (JobID: a8b40455-fb70-48a5-92b4-331bfbd1400c)
 - New and modified: 0

[28/May/2023:03:50:39] DELETING PREPAGATI (JobID: a8b40455-fb70-48a5-92b4-331bfbd1400c)
 - Deleted: 0

[28/May/2023:04:00:04] UPDATING ACCOUNTS (JobID: b8c1d8a0-0582-498d-93c8-07ed67d38d5b)
 - New and modified: 0

[28/May/2023:04:00:04] DELETING ACCOUNTS (JobID: b8c1d8a0-0582-498d-93c8-07ed67d38d5b)
 - Deleted: 0

[28/May/2023:04:00:36] UPDATING PRODUCTS (JobID: 7aab9c1a-4ed3-4c00-965c-63fff4aa024f)
 - New and modified: 0

[28/May/2023:04:00:38] UPDATING PREPAGATI (JobID: e6ccf90a-117d-4616-988f-7a43e14252d1)
 - New and modified: 0

[28/May/2023:04:00:38] DELETING PREPAGATI (JobID: e6ccf90a-117d-4616-988f-7a43e14252d1)
 - Deleted: 0

[28/May/2023:04:10:04] UPDATING ACCOUNTS (JobID: 2998f902-b87d-43ae-a285-200f724578d1)
 - New and modified: 0

[28/May/2023:04:10:04] DELETING ACCOUNTS (JobID: 2998f902-b87d-43ae-a285-200f724578d1)
 - Deleted: 0

[28/May/2023:04:10:36] UPDATING PRODUCTS (JobID: 62b5a7bf-75f4-4f58-af2a-fe01433b2834)
 - New and modified: 0

[28/May/2023:04:10:38] UPDATING PREPAGATI (JobID: 4012ce67-93b9-4cf8-a977-0ced7f2282e0)
 - New and modified: 0

[28/May/2023:04:10:38] DELETING PREPAGATI (JobID: 4012ce67-93b9-4cf8-a977-0ced7f2282e0)
 - Deleted: 0

[28/May/2023:04:20:04] UPDATING ACCOUNTS (JobID: 6c6d141b-c313-4164-81e5-de56a30b91ce)
 - New and modified: 0

[28/May/2023:04:20:04] DELETING ACCOUNTS (JobID: 6c6d141b-c313-4164-81e5-de56a30b91ce)
 - Deleted: 0

[28/May/2023:04:20:39] UPDATING PRODUCTS (JobID: a1f9db3e-43f1-465e-98dd-d01c5893adb0)
 - New and modified: 0

[28/May/2023:04:20:40] UPDATING PREPAGATI (JobID: 72838406-6421-430b-99fc-48d480d37e4e)
 - New and modified: 0

[28/May/2023:04:20:40] DELETING PREPAGATI (JobID: 72838406-6421-430b-99fc-48d480d37e4e)
 - Deleted: 0

[28/May/2023:04:30:04] UPDATING ACCOUNTS (JobID: b33a4f09-d432-4900-a180-25c565a50254)
 - New and modified: 0

[28/May/2023:04:30:04] DELETING ACCOUNTS (JobID: b33a4f09-d432-4900-a180-25c565a50254)
 - Deleted: 0

[28/May/2023:04:30:38] UPDATING PRODUCTS (JobID: 622f79e0-d8f9-4054-bc08-69b250ec4438)
 - New and modified: 0

[28/May/2023:04:30:40] UPDATING PREPAGATI (JobID: 922d845b-b7e0-42db-ad6b-05145cc1e4b0)
 - New and modified: 0

[28/May/2023:04:30:40] DELETING PREPAGATI (JobID: 922d845b-b7e0-42db-ad6b-05145cc1e4b0)
 - Deleted: 0

[28/May/2023:04:40:04] UPDATING ACCOUNTS (JobID: f85c7d82-f178-4b34-a533-5018200826ae)
 - New and modified: 0

[28/May/2023:04:40:04] DELETING ACCOUNTS (JobID: f85c7d82-f178-4b34-a533-5018200826ae)
 - Deleted: 0

[28/May/2023:04:40:39] UPDATING PRODUCTS (JobID: c09f1d40-e3f4-410c-962e-b0b61e5b407f)
 - New and modified: 0

[28/May/2023:04:40:41] UPDATING PREPAGATI (JobID: 316261fd-ef91-4a17-a497-181ffc9e1f33)
 - New and modified: 0

[28/May/2023:04:40:41] DELETING PREPAGATI (JobID: 316261fd-ef91-4a17-a497-181ffc9e1f33)
 - Deleted: 0

[28/May/2023:04:50:04] UPDATING ACCOUNTS (JobID: c70b684d-8519-4884-bf10-545ff5d9a1cb)
 - New and modified: 0

[28/May/2023:04:50:04] DELETING ACCOUNTS (JobID: c70b684d-8519-4884-bf10-545ff5d9a1cb)
 - Deleted: 0

[28/May/2023:04:50:36] UPDATING PRODUCTS (JobID: 133dfb20-4104-4f9d-9b59-f706db46a152)
 - New and modified: 0

[28/May/2023:04:50:38] UPDATING PREPAGATI (JobID: 7c9d9535-6448-4603-8d30-ac8608b275d3)
 - New and modified: 0

[28/May/2023:04:50:38] DELETING PREPAGATI (JobID: 7c9d9535-6448-4603-8d30-ac8608b275d3)
 - Deleted: 0

[28/May/2023:05:00:04] UPDATING ACCOUNTS (JobID: 33502709-fb5a-4968-8a4a-8248d9283fe0)
 - New and modified: 0

[28/May/2023:05:00:04] DELETING ACCOUNTS (JobID: 33502709-fb5a-4968-8a4a-8248d9283fe0)
 - Deleted: 0

[28/May/2023:05:00:37] UPDATING PRODUCTS (JobID: e8d57d37-65cc-416b-80a9-e809d2905c8d)
 - New and modified: 0

[28/May/2023:05:00:39] UPDATING PREPAGATI (JobID: 6f68cd48-b0c9-48df-8038-f218064ae10e)
 - New and modified: 0

[28/May/2023:05:00:39] DELETING PREPAGATI (JobID: 6f68cd48-b0c9-48df-8038-f218064ae10e)
 - Deleted: 0

[28/May/2023:05:10:04] UPDATING ACCOUNTS (JobID: 10133989-8ce2-42ba-a3f4-90589a50bc99)
 - New and modified: 0

[28/May/2023:05:10:04] DELETING ACCOUNTS (JobID: 10133989-8ce2-42ba-a3f4-90589a50bc99)
 - Deleted: 0

[28/May/2023:05:10:36] UPDATING PRODUCTS (JobID: 6c6576a3-a5b8-4cc1-8e4d-fd89aacfe737)
 - New and modified: 0

[28/May/2023:05:10:38] UPDATING PREPAGATI (JobID: 9c13aaf5-235d-4740-a4db-57843b1cd776)
 - New and modified: 0

[28/May/2023:05:10:38] DELETING PREPAGATI (JobID: 9c13aaf5-235d-4740-a4db-57843b1cd776)
 - Deleted: 0

[28/May/2023:05:20:04] UPDATING ACCOUNTS (JobID: 795ad44f-085a-4358-b7dd-9ac0f8fb3cac)
 - New and modified: 0

[28/May/2023:05:20:04] DELETING ACCOUNTS (JobID: 795ad44f-085a-4358-b7dd-9ac0f8fb3cac)
 - Deleted: 0

[28/May/2023:05:20:38] UPDATING PRODUCTS (JobID: d2443422-ffcb-484a-ae20-89b39b9d59b8)
 - New and modified: 0

[28/May/2023:05:20:40] UPDATING PREPAGATI (JobID: ec65139b-0e78-47ee-9ad4-22903867c300)
 - New and modified: 0

[28/May/2023:05:20:40] DELETING PREPAGATI (JobID: ec65139b-0e78-47ee-9ad4-22903867c300)
 - Deleted: 0

[28/May/2023:05:30:04] UPDATING ACCOUNTS (JobID: 1db85c69-77b4-4206-b284-48f364541bbf)
 - New and modified: 0

[28/May/2023:05:30:04] DELETING ACCOUNTS (JobID: 1db85c69-77b4-4206-b284-48f364541bbf)
 - Deleted: 0

[28/May/2023:05:30:37] UPDATING PRODUCTS (JobID: 027bca8f-8c86-4c43-90e8-cbef318298f0)
 - New and modified: 0

[28/May/2023:05:30:39] UPDATING PREPAGATI (JobID: df97d869-104f-4744-a90a-271354e29e52)
 - New and modified: 0

[28/May/2023:05:30:39] DELETING PREPAGATI (JobID: df97d869-104f-4744-a90a-271354e29e52)
 - Deleted: 0

[28/May/2023:05:40:04] UPDATING ACCOUNTS (JobID: de2f651b-c9bf-4da2-a73e-d3c65d56b7d2)
 - New and modified: 0

[28/May/2023:05:40:04] DELETING ACCOUNTS (JobID: de2f651b-c9bf-4da2-a73e-d3c65d56b7d2)
 - Deleted: 0

[28/May/2023:05:40:38] UPDATING PRODUCTS (JobID: 2b5fafd4-3e45-4a78-9b89-d0e7fe20e0f9)
 - New and modified: 0

[28/May/2023:05:40:39] UPDATING PREPAGATI (JobID: 4151d883-c99d-4bc8-8f8c-ab4ba2232a25)
 - New and modified: 0

[28/May/2023:05:40:39] DELETING PREPAGATI (JobID: 4151d883-c99d-4bc8-8f8c-ab4ba2232a25)
 - Deleted: 0

[28/May/2023:05:50:04] UPDATING ACCOUNTS (JobID: ed838fcc-3227-4ea3-94e4-f3447ade16c8)
 - New and modified: 0

[28/May/2023:05:50:04] DELETING ACCOUNTS (JobID: ed838fcc-3227-4ea3-94e4-f3447ade16c8)
 - Deleted: 0

[28/May/2023:05:50:36] UPDATING PRODUCTS (JobID: afd120bd-7b81-4639-8fb5-b0c9de68d626)
 - New and modified: 0

[28/May/2023:05:50:38] UPDATING PREPAGATI (JobID: 53a0135a-6f73-4ce1-a85c-558195b91264)
 - New and modified: 0

[28/May/2023:05:50:38] DELETING PREPAGATI (JobID: 53a0135a-6f73-4ce1-a85c-558195b91264)
 - Deleted: 0

[28/May/2023:06:00:04] UPDATING ACCOUNTS (JobID: 583958b6-ea54-4311-9b34-7f122f2d7170)
 - New and modified: 0

[28/May/2023:06:00:04] DELETING ACCOUNTS (JobID: 583958b6-ea54-4311-9b34-7f122f2d7170)
 - Deleted: 0

[28/May/2023:06:00:36] UPDATING PRODUCTS (JobID: 65c36c6c-9ed5-4ffa-bdbc-22dd10555142)
 - New and modified: 0

[28/May/2023:06:00:38] UPDATING PREPAGATI (JobID: 159f89af-1ade-4ca1-9f08-a5329743d186)
 - New and modified: 0

[28/May/2023:06:00:38] DELETING PREPAGATI (JobID: 159f89af-1ade-4ca1-9f08-a5329743d186)
 - Deleted: 0

[28/May/2023:06:10:04] UPDATING ACCOUNTS (JobID: d90253cf-053d-495d-b2a5-992a8efec000)
 - New and modified: 0

[28/May/2023:06:10:04] DELETING ACCOUNTS (JobID: d90253cf-053d-495d-b2a5-992a8efec000)
 - Deleted: 0

[28/May/2023:06:10:38] UPDATING PRODUCTS (JobID: bc177561-ea72-41c4-9663-e118d2616ed5)
 - New and modified: 0

[28/May/2023:06:10:40] UPDATING PREPAGATI (JobID: 9f688a3f-5d53-4f3f-9138-1cef16ba1b4c)
 - New and modified: 0

[28/May/2023:06:10:40] DELETING PREPAGATI (JobID: 9f688a3f-5d53-4f3f-9138-1cef16ba1b4c)
 - Deleted: 0

[28/May/2023:06:20:04] UPDATING ACCOUNTS (JobID: 30658f67-e61e-45a4-81af-42dc5cf7ba3e)
 - New and modified: 0

[28/May/2023:06:20:04] DELETING ACCOUNTS (JobID: 30658f67-e61e-45a4-81af-42dc5cf7ba3e)
 - Deleted: 0

[28/May/2023:06:20:37] UPDATING PRODUCTS (JobID: bffd7732-57e7-498d-a0de-1238392b82c6)
 - New and modified: 0

[28/May/2023:06:20:39] UPDATING PREPAGATI (JobID: c0c975f0-e189-462e-abcb-75fc42e8e776)
 - New and modified: 0

[28/May/2023:06:20:39] DELETING PREPAGATI (JobID: c0c975f0-e189-462e-abcb-75fc42e8e776)
 - Deleted: 0

[28/May/2023:06:30:05] UPDATING ACCOUNTS (JobID: b34df813-3628-46d5-a711-b085c89e2291)
 - New and modified: 0

[28/May/2023:06:30:05] DELETING ACCOUNTS (JobID: b34df813-3628-46d5-a711-b085c89e2291)
 - Deleted: 0

[28/May/2023:06:30:37] UPDATING PRODUCTS (JobID: 70ad0d53-0278-42bc-a4c8-6bded5e60f8e)
 - New and modified: 0

[28/May/2023:06:30:39] UPDATING PREPAGATI (JobID: d113c888-eb00-4c44-9d47-95d49df6346a)
 - New and modified: 0

[28/May/2023:06:30:39] DELETING PREPAGATI (JobID: d113c888-eb00-4c44-9d47-95d49df6346a)
 - Deleted: 0

[28/May/2023:06:40:04] UPDATING ACCOUNTS (JobID: 77966fbb-37f7-48f3-a130-7799b0b30c9e)
 - New and modified: 0

[28/May/2023:06:40:04] DELETING ACCOUNTS (JobID: 77966fbb-37f7-48f3-a130-7799b0b30c9e)
 - Deleted: 0

[28/May/2023:06:40:35] UPDATING PRODUCTS (JobID: 4e1ca2bb-8383-48a9-8a7c-3c24353e93fd)
 - New and modified: 0

[28/May/2023:06:40:37] UPDATING PREPAGATI (JobID: a7a3acbc-1c52-4d3e-aad0-280b0431f6dd)
 - New and modified: 0

[28/May/2023:06:40:37] DELETING PREPAGATI (JobID: a7a3acbc-1c52-4d3e-aad0-280b0431f6dd)
 - Deleted: 0

[28/May/2023:06:50:03] UPDATING ACCOUNTS (JobID: 969b4f36-bbdd-4ad2-9872-029b2afcd618)
 - New and modified: 0

[28/May/2023:06:50:03] DELETING ACCOUNTS (JobID: 969b4f36-bbdd-4ad2-9872-029b2afcd618)
 - Deleted: 0

[28/May/2023:06:50:35] UPDATING PRODUCTS (JobID: ef5a74bf-4097-4c3c-a3f8-8c20c46579c8)
 - New and modified: 0

[28/May/2023:06:50:37] UPDATING PREPAGATI (JobID: 223daa25-da81-41aa-acf2-fc5eec9417dc)
 - New and modified: 0

[28/May/2023:06:50:37] DELETING PREPAGATI (JobID: 223daa25-da81-41aa-acf2-fc5eec9417dc)
 - Deleted: 0

[28/May/2023:07:00:05] UPDATING ACCOUNTS (JobID: fbcbc3d6-102a-45a7-8323-fcc6419e8672)
 - New and modified: 0

[28/May/2023:07:00:05] DELETING ACCOUNTS (JobID: fbcbc3d6-102a-45a7-8323-fcc6419e8672)
 - Deleted: 0

[28/May/2023:07:00:35] UPDATING PRODUCTS (JobID: 230630c9-b975-4a7d-b4bc-8fb1d80bbfc7)
 - New and modified: 0

[28/May/2023:07:00:37] UPDATING PREPAGATI (JobID: 21a01acb-54a3-40e8-9caf-956cad286d8d)
 - New and modified: 0

[28/May/2023:07:00:37] DELETING PREPAGATI (JobID: 21a01acb-54a3-40e8-9caf-956cad286d8d)
 - Deleted: 0

[28/May/2023:07:10:04] UPDATING ACCOUNTS (JobID: 9d865569-4c52-466f-a769-4d1a046f55d8)
 - New and modified: 0

[28/May/2023:07:10:04] DELETING ACCOUNTS (JobID: 9d865569-4c52-466f-a769-4d1a046f55d8)
 - Deleted: 0

[28/May/2023:07:10:39] UPDATING PRODUCTS (JobID: 6795f0ce-4607-4c08-a13d-84bc44e4a355)
 - New and modified: 0

[28/May/2023:07:10:41] UPDATING PREPAGATI (JobID: 293b178c-2e88-49e1-a49c-f7a45d9f44ba)
 - New and modified: 0

[28/May/2023:07:10:41] DELETING PREPAGATI (JobID: 293b178c-2e88-49e1-a49c-f7a45d9f44ba)
 - Deleted: 0

[28/May/2023:07:20:05] UPDATING ACCOUNTS (JobID: 5a2bd095-9fdb-4e01-a983-03a2641be50c)
 - New and modified: 0

[28/May/2023:07:20:05] DELETING ACCOUNTS (JobID: 5a2bd095-9fdb-4e01-a983-03a2641be50c)
 - Deleted: 0

[28/May/2023:07:20:40] UPDATING PRODUCTS (JobID: 691e99de-3b19-44b3-a526-c2e23938aab1)
 - New and modified: 0

[28/May/2023:07:20:42] UPDATING PREPAGATI (JobID: 3353185c-212d-4ecd-8145-010f5c61e9e0)
 - New and modified: 0

[28/May/2023:07:20:42] DELETING PREPAGATI (JobID: 3353185c-212d-4ecd-8145-010f5c61e9e0)
 - Deleted: 0

[28/May/2023:07:30:04] UPDATING ACCOUNTS (JobID: 5aabf226-f34f-486a-af2d-2800d19f7947)
 - New and modified: 0

[28/May/2023:07:30:04] DELETING ACCOUNTS (JobID: 5aabf226-f34f-486a-af2d-2800d19f7947)
 - Deleted: 0

[28/May/2023:07:30:39] UPDATING PRODUCTS (JobID: 9e2f27f1-6788-4d57-976c-b66a99479ff1)
 - New and modified: 0

[28/May/2023:07:30:41] UPDATING PREPAGATI (JobID: b82dec7d-8fc4-4cd8-a85b-1e39cf94de54)
 - New and modified: 0

[28/May/2023:07:30:41] DELETING PREPAGATI (JobID: b82dec7d-8fc4-4cd8-a85b-1e39cf94de54)
 - Deleted: 0

[28/May/2023:07:40:04] UPDATING ACCOUNTS (JobID: 9a5cb23e-66df-4bed-9643-b32ce9182608)
 - New and modified: 0

[28/May/2023:07:40:04] DELETING ACCOUNTS (JobID: 9a5cb23e-66df-4bed-9643-b32ce9182608)
 - Deleted: 0

[28/May/2023:07:40:39] UPDATING PRODUCTS (JobID: 2a5a52c7-d163-4437-8c58-fc44ce0dbd4f)
 - New and modified: 0

[28/May/2023:07:40:41] UPDATING PREPAGATI (JobID: 92fe0dd0-e09b-4bda-ae74-94650963430e)
 - New and modified: 0

[28/May/2023:07:40:41] DELETING PREPAGATI (JobID: 92fe0dd0-e09b-4bda-ae74-94650963430e)
 - Deleted: 0

[28/May/2023:07:50:04] UPDATING ACCOUNTS (JobID: 62e93423-9e6f-4c3c-96c8-b0190af6c4cc)
 - New and modified: 0

[28/May/2023:07:50:04] DELETING ACCOUNTS (JobID: 62e93423-9e6f-4c3c-96c8-b0190af6c4cc)
 - Deleted: 0

[28/May/2023:07:50:40] UPDATING PRODUCTS (JobID: c4a1d881-2e14-4fa9-937f-a7379b3179aa)
 - New and modified: 0

[28/May/2023:07:50:42] UPDATING PREPAGATI (JobID: cabd9e19-b063-4c0a-b664-28020e5c33bf)
 - New and modified: 0

[28/May/2023:07:50:42] DELETING PREPAGATI (JobID: cabd9e19-b063-4c0a-b664-28020e5c33bf)
 - Deleted: 0

[28/May/2023:08:00:05] UPDATING ACCOUNTS (JobID: 8a35039e-221e-425d-9c20-ad8a5bcfc65d)
 - New and modified: 0

[28/May/2023:08:00:05] DELETING ACCOUNTS (JobID: 8a35039e-221e-425d-9c20-ad8a5bcfc65d)
 - Deleted: 0

[28/May/2023:08:00:42] UPDATING PRODUCTS (JobID: 2cc59247-d65b-4c0c-b73c-af6237aedba2)
 - New and modified: 0

[28/May/2023:08:00:44] UPDATING PREPAGATI (JobID: 216161ec-3c2a-4171-968b-bb27134ff799)
 - New and modified: 0

[28/May/2023:08:00:44] DELETING PREPAGATI (JobID: 216161ec-3c2a-4171-968b-bb27134ff799)
 - Deleted: 0

[28/May/2023:08:10:04] UPDATING ACCOUNTS (JobID: af600025-8820-4f8c-bc5d-2579da5f5c7b)
 - New and modified: 0

[28/May/2023:08:10:04] DELETING ACCOUNTS (JobID: af600025-8820-4f8c-bc5d-2579da5f5c7b)
 - Deleted: 0

[28/May/2023:08:10:39] UPDATING PRODUCTS (JobID: cc321ba6-cda0-4ec2-a616-9d6adb39da2e)
 - New and modified: 0

[28/May/2023:08:10:41] UPDATING PREPAGATI (JobID: a6e0c597-b946-4c62-978f-77570aa82fc1)
 - New and modified: 0

[28/May/2023:08:10:41] DELETING PREPAGATI (JobID: a6e0c597-b946-4c62-978f-77570aa82fc1)
 - Deleted: 0

[28/May/2023:08:20:04] UPDATING ACCOUNTS (JobID: a3173df7-9d45-4657-b460-97d8445dd1dc)
 - New and modified: 0

[28/May/2023:08:20:04] DELETING ACCOUNTS (JobID: a3173df7-9d45-4657-b460-97d8445dd1dc)
 - Deleted: 0

[28/May/2023:08:20:40] UPDATING PRODUCTS (JobID: c1c9e21f-1d33-4135-95bb-e6e4588f83d4)
 - New and modified: 0

[28/May/2023:08:20:42] UPDATING PREPAGATI (JobID: e187a725-20bb-4fa7-99f9-ac0e4ee37784)
 - New and modified: 0

[28/May/2023:08:20:42] DELETING PREPAGATI (JobID: e187a725-20bb-4fa7-99f9-ac0e4ee37784)
 - Deleted: 0

[28/May/2023:08:30:04] UPDATING ACCOUNTS (JobID: 8e439552-d949-4caf-bc07-a8c802080c0d)
 - New and modified: 0

[28/May/2023:08:30:04] DELETING ACCOUNTS (JobID: 8e439552-d949-4caf-bc07-a8c802080c0d)
 - Deleted: 0

[28/May/2023:08:30:38] UPDATING PRODUCTS (JobID: cc215595-1418-46c2-b7e8-fac52a0ce323)
 - New and modified: 0

[28/May/2023:08:30:40] UPDATING PREPAGATI (JobID: f1080961-01bb-4065-aaea-bfbce716513e)
 - New and modified: 0

[28/May/2023:08:30:40] DELETING PREPAGATI (JobID: f1080961-01bb-4065-aaea-bfbce716513e)
 - Deleted: 0

[28/May/2023:08:40:04] UPDATING ACCOUNTS (JobID: 02554ba1-79c7-4d2c-94dc-ba0307683647)
 - New and modified: 0

[28/May/2023:08:40:04] DELETING ACCOUNTS (JobID: 02554ba1-79c7-4d2c-94dc-ba0307683647)
 - Deleted: 0

[28/May/2023:08:40:37] UPDATING PRODUCTS (JobID: 22f0bc00-c7b3-4bd2-977a-7a7260d3e33a)
 - New and modified: 0

[28/May/2023:08:40:39] UPDATING PREPAGATI (JobID: 77f5941d-a758-41e4-9a3a-846ef41b1447)
 - New and modified: 0

[28/May/2023:08:40:39] DELETING PREPAGATI (JobID: 77f5941d-a758-41e4-9a3a-846ef41b1447)
 - Deleted: 0

[28/May/2023:08:50:03] UPDATING ACCOUNTS (JobID: 2df19f21-f9dc-4002-abca-05fbb84607ac)
 - New and modified: 0

[28/May/2023:08:50:03] DELETING ACCOUNTS (JobID: 2df19f21-f9dc-4002-abca-05fbb84607ac)
 - Deleted: 0

[28/May/2023:08:50:38] UPDATING PRODUCTS (JobID: 17198abd-c508-4637-85d3-97f2f6b76a13)
 - New and modified: 0

[28/May/2023:08:50:39] UPDATING PREPAGATI (JobID: ca9ecf45-6e2e-41fb-b293-a2c5893bbdb4)
 - New and modified: 0

[28/May/2023:08:50:39] DELETING PREPAGATI (JobID: ca9ecf45-6e2e-41fb-b293-a2c5893bbdb4)
 - Deleted: 0

[28/May/2023:09:00:05] UPDATING ACCOUNTS (JobID: f4df709b-b9c2-4ee6-970d-0cab42c9d190)
 - New and modified: 0

[28/May/2023:09:00:05] DELETING ACCOUNTS (JobID: f4df709b-b9c2-4ee6-970d-0cab42c9d190)
 - Deleted: 0

[28/May/2023:09:00:40] UPDATING PRODUCTS (JobID: 694b6b62-4a8a-4e3d-89b3-5575af45dbc7)
 - New and modified: 0

[28/May/2023:09:00:42] UPDATING PREPAGATI (JobID: 104f4372-dc32-4946-9167-02bb3a587a06)
 - New and modified: 0

[28/May/2023:09:00:42] DELETING PREPAGATI (JobID: 104f4372-dc32-4946-9167-02bb3a587a06)
 - Deleted: 0

[28/May/2023:09:10:04] UPDATING ACCOUNTS (JobID: eeec8955-6371-401c-95e8-2148082b7af0)
 - New and modified: 0

[28/May/2023:09:10:04] DELETING ACCOUNTS (JobID: eeec8955-6371-401c-95e8-2148082b7af0)
 - Deleted: 0

[28/May/2023:09:10:37] UPDATING PRODUCTS (JobID: 8b91bbbd-6a47-4dd2-a06c-6c6f9d39bbfa)
 - New and modified: 0

[28/May/2023:09:10:39] UPDATING PREPAGATI (JobID: aeb6f731-5f84-4eab-8825-1c3041ea3d0c)
 - New and modified: 0

[28/May/2023:09:10:39] DELETING PREPAGATI (JobID: aeb6f731-5f84-4eab-8825-1c3041ea3d0c)
 - Deleted: 0

[28/May/2023:09:30:04] UPDATING ACCOUNTS (JobID: 0266441e-91ed-4c83-8779-aab7bfd2afcb)
 - New and modified: 0

[28/May/2023:09:30:04] DELETING ACCOUNTS (JobID: 0266441e-91ed-4c83-8779-aab7bfd2afcb)
 - Deleted: 0

[28/May/2023:09:30:39] UPDATING PRODUCTS (JobID: b9bf4a64-f159-47f4-b6c9-c39dc3a8a790)
 - New and modified: 0

[28/May/2023:09:30:41] UPDATING PREPAGATI (JobID: fff8b29f-051b-41c7-b0a3-17b67431a5f9)
 - New and modified: 0

[28/May/2023:09:30:41] DELETING PREPAGATI (JobID: fff8b29f-051b-41c7-b0a3-17b67431a5f9)
 - Deleted: 0

[28/May/2023:09:40:03] UPDATING ACCOUNTS (JobID: cddc059f-f50e-4e65-9856-7f9c6ac45498)
 - New and modified: 0

[28/May/2023:09:40:03] DELETING ACCOUNTS (JobID: cddc059f-f50e-4e65-9856-7f9c6ac45498)
 - Deleted: 0

[28/May/2023:09:40:36] UPDATING PRODUCTS (JobID: 6a2b0806-8425-4d71-a14e-b62f55bec9f0)
 - New and modified: 0

[28/May/2023:09:40:37] UPDATING PREPAGATI (JobID: 5cef3387-f40a-4c05-bb73-39429e2af4fa)
 - New and modified: 0

[28/May/2023:09:40:37] DELETING PREPAGATI (JobID: 5cef3387-f40a-4c05-bb73-39429e2af4fa)
 - Deleted: 0

[28/May/2023:09:50:04] UPDATING ACCOUNTS (JobID: 26e42550-f3e8-4925-9c0f-486d1058110e)
 - New and modified: 0

[28/May/2023:09:50:04] DELETING ACCOUNTS (JobID: 26e42550-f3e8-4925-9c0f-486d1058110e)
 - Deleted: 0

[28/May/2023:09:50:36] UPDATING PRODUCTS (JobID: d9ec522e-be76-477e-a55c-35cc9b972e63)
 - New and modified: 0

[28/May/2023:09:50:38] UPDATING PREPAGATI (JobID: fc4e6db3-0005-4f05-b8fc-24daf9ce06cb)
 - New and modified: 0

[28/May/2023:09:50:38] DELETING PREPAGATI (JobID: fc4e6db3-0005-4f05-b8fc-24daf9ce06cb)
 - Deleted: 0

[28/May/2023:10:00:04] UPDATING ACCOUNTS (JobID: a40b9907-1122-4d48-a50a-abc6c34a1251)
 - New and modified: 0

[28/May/2023:10:00:04] DELETING ACCOUNTS (JobID: a40b9907-1122-4d48-a50a-abc6c34a1251)
 - Deleted: 0

[28/May/2023:10:00:37] UPDATING PRODUCTS (JobID: cc3a2978-a8c5-4ee0-8f6e-c397b6809104)
 - New and modified: 0

[28/May/2023:10:00:39] UPDATING PREPAGATI (JobID: f2ace3b3-db2a-4f68-8da5-7320430e01a2)
 - New and modified: 0

[28/May/2023:10:00:39] DELETING PREPAGATI (JobID: f2ace3b3-db2a-4f68-8da5-7320430e01a2)
 - Deleted: 0

[28/May/2023:10:10:04] UPDATING ACCOUNTS (JobID: 48bfcb33-c567-48d0-b79a-ac5b103c441d)
 - New and modified: 0

[28/May/2023:10:10:04] DELETING ACCOUNTS (JobID: 48bfcb33-c567-48d0-b79a-ac5b103c441d)
 - Deleted: 0

[28/May/2023:10:10:37] UPDATING PRODUCTS (JobID: 69da0a7b-1895-46aa-802c-3c75cc44d8ea)
 - New and modified: 0

[28/May/2023:10:10:39] UPDATING PREPAGATI (JobID: 85cbaa33-e469-4b0c-8bc6-dfacac0874e0)
 - New and modified: 0

[28/May/2023:10:10:39] DELETING PREPAGATI (JobID: 85cbaa33-e469-4b0c-8bc6-dfacac0874e0)
 - Deleted: 0

[28/May/2023:10:20:04] UPDATING ACCOUNTS (JobID: 336eb6bf-b667-4470-9cf4-12b7b879b8fa)
 - New and modified: 0

[28/May/2023:10:20:04] DELETING ACCOUNTS (JobID: 336eb6bf-b667-4470-9cf4-12b7b879b8fa)
 - Deleted: 0

[28/May/2023:10:20:39] UPDATING PRODUCTS (JobID: de06b6ba-f5c7-4da2-aa23-b4a63338f8c0)
 - New and modified: 0

[28/May/2023:10:20:41] UPDATING PREPAGATI (JobID: 1b7098cf-86e2-4ece-9b49-9eb2aec49d06)
 - New and modified: 0

[28/May/2023:10:20:41] DELETING PREPAGATI (JobID: 1b7098cf-86e2-4ece-9b49-9eb2aec49d06)
 - Deleted: 0

[28/May/2023:10:30:04] UPDATING ACCOUNTS (JobID: b6105c87-ed79-459d-85ef-9dd02d7e418a)
 - New and modified: 0

[28/May/2023:10:30:04] DELETING ACCOUNTS (JobID: b6105c87-ed79-459d-85ef-9dd02d7e418a)
 - Deleted: 0

[28/May/2023:10:30:36] UPDATING PRODUCTS (JobID: 78e6b980-09f0-4505-8630-5b5ae4084dbd)
 - New and modified: 0

[28/May/2023:10:30:38] UPDATING PREPAGATI (JobID: e6adee62-10de-4cf7-af5c-26067b24a573)
 - New and modified: 0

[28/May/2023:10:30:38] DELETING PREPAGATI (JobID: e6adee62-10de-4cf7-af5c-26067b24a573)
 - Deleted: 0

[28/May/2023:10:40:04] UPDATING ACCOUNTS (JobID: 04d47b66-0fb7-4e47-9537-fe779e89a8db)
 - New and modified: 0

[28/May/2023:10:40:04] DELETING ACCOUNTS (JobID: 04d47b66-0fb7-4e47-9537-fe779e89a8db)
 - Deleted: 0

[28/May/2023:10:40:36] UPDATING PRODUCTS (JobID: 17532343-7b1e-427f-bb52-4d58130887a4)
 - New and modified: 0

[28/May/2023:10:40:38] UPDATING PREPAGATI (JobID: 1616ab2c-78bf-44f3-86be-626e3e9e4896)
 - New and modified: 0

[28/May/2023:10:40:38] DELETING PREPAGATI (JobID: 1616ab2c-78bf-44f3-86be-626e3e9e4896)
 - Deleted: 0

[28/May/2023:10:50:04] UPDATING ACCOUNTS (JobID: 7e1c4c22-bbac-44e1-b8d6-3ce690f12c1d)
 - New and modified: 0

[28/May/2023:10:50:04] DELETING ACCOUNTS (JobID: 7e1c4c22-bbac-44e1-b8d6-3ce690f12c1d)
 - Deleted: 0

[28/May/2023:10:50:36] UPDATING PRODUCTS (JobID: ed3c7582-d64c-4d56-b7ca-fa664d265c88)
 - New and modified: 0

[28/May/2023:10:50:37] UPDATING PREPAGATI (JobID: 94428db4-6221-46c2-b62a-82af02dc46d6)
 - New and modified: 0

[28/May/2023:10:50:37] DELETING PREPAGATI (JobID: 94428db4-6221-46c2-b62a-82af02dc46d6)
 - Deleted: 0

[28/May/2023:11:00:04] UPDATING ACCOUNTS (JobID: 943c9ef7-cfef-42dd-80a4-35118232299f)
 - New and modified: 0

[28/May/2023:11:00:04] DELETING ACCOUNTS (JobID: 943c9ef7-cfef-42dd-80a4-35118232299f)
 - Deleted: 0

[28/May/2023:11:00:37] UPDATING PRODUCTS (JobID: 31741510-9184-4b91-b60d-f9345d6f195e)
 - New and modified: 0

[28/May/2023:11:00:39] UPDATING PREPAGATI (JobID: 280ede3a-9254-4376-9cf1-204f9387781b)
 - New and modified: 0

[28/May/2023:11:00:39] DELETING PREPAGATI (JobID: 280ede3a-9254-4376-9cf1-204f9387781b)
 - Deleted: 0

[28/May/2023:11:10:04] UPDATING ACCOUNTS (JobID: 526998f9-8fd5-4404-aefc-865999572da6)
 - New and modified: 0

[28/May/2023:11:10:04] DELETING ACCOUNTS (JobID: 526998f9-8fd5-4404-aefc-865999572da6)
 - Deleted: 0

[28/May/2023:11:10:39] UPDATING PRODUCTS (JobID: dde1110c-11c0-48ac-8087-178c5e79c174)
 - New and modified: 0

[28/May/2023:11:10:41] UPDATING PREPAGATI (JobID: bd3f50af-b7da-4e99-ab2c-4912bc2826c1)
 - New and modified: 0

[28/May/2023:11:10:41] DELETING PREPAGATI (JobID: bd3f50af-b7da-4e99-ab2c-4912bc2826c1)
 - Deleted: 0

[28/May/2023:11:20:04] UPDATING ACCOUNTS (JobID: 7f4ad233-d9e4-446c-8aeb-2f46adb14e39)
 - New and modified: 0

[28/May/2023:11:20:04] DELETING ACCOUNTS (JobID: 7f4ad233-d9e4-446c-8aeb-2f46adb14e39)
 - Deleted: 0

[28/May/2023:11:20:38] UPDATING PRODUCTS (JobID: c2c6b6c4-8585-46b2-ba35-c53346f3d022)
 - New and modified: 0

[28/May/2023:11:20:39] UPDATING PREPAGATI (JobID: fec0665e-3fb6-4f8e-8cf5-6134ffee2ff0)
 - New and modified: 0

[28/May/2023:11:20:39] DELETING PREPAGATI (JobID: fec0665e-3fb6-4f8e-8cf5-6134ffee2ff0)
 - Deleted: 0

[28/May/2023:11:30:04] UPDATING ACCOUNTS (JobID: 8bd3fb06-9c38-4695-97d1-b7bb31d3f56f)
 - New and modified: 0

[28/May/2023:11:30:04] DELETING ACCOUNTS (JobID: 8bd3fb06-9c38-4695-97d1-b7bb31d3f56f)
 - Deleted: 0

[28/May/2023:11:30:38] UPDATING PRODUCTS (JobID: 5b20882d-c454-4cc2-a252-9dbd9bc9b010)
 - New and modified: 0

[28/May/2023:11:30:40] UPDATING PREPAGATI (JobID: aa00f324-1d66-4134-af86-c507c13ff115)
 - New and modified: 0

[28/May/2023:11:30:40] DELETING PREPAGATI (JobID: aa00f324-1d66-4134-af86-c507c13ff115)
 - Deleted: 0

[28/May/2023:11:40:04] UPDATING ACCOUNTS (JobID: 3e723830-8de3-4e6f-a28b-f8fe3bdd1b25)
 - New and modified: 0

[28/May/2023:11:40:04] DELETING ACCOUNTS (JobID: 3e723830-8de3-4e6f-a28b-f8fe3bdd1b25)
 - Deleted: 0

[28/May/2023:11:40:36] UPDATING PRODUCTS (JobID: 1f6c57a7-a069-45dc-834d-4d5ff2225435)
 - New and modified: 0

[28/May/2023:11:40:38] UPDATING PREPAGATI (JobID: c03b3388-f6af-449c-a3be-2ccf2946f33b)
 - New and modified: 0

[28/May/2023:11:40:38] DELETING PREPAGATI (JobID: c03b3388-f6af-449c-a3be-2ccf2946f33b)
 - Deleted: 0

[28/May/2023:11:50:04] UPDATING ACCOUNTS (JobID: 33cc2bbc-e9a5-473c-9886-728ae948e3cb)
 - New and modified: 0

[28/May/2023:11:50:04] DELETING ACCOUNTS (JobID: 33cc2bbc-e9a5-473c-9886-728ae948e3cb)
 - Deleted: 0

[28/May/2023:11:50:36] UPDATING PRODUCTS (JobID: 425e7db6-8707-407a-ba2a-e1771eea86c3)
 - New and modified: 0

[28/May/2023:11:50:37] UPDATING PREPAGATI (JobID: 90f1def9-be02-44a4-831d-21770245d47f)
 - New and modified: 0

[28/May/2023:11:50:37] DELETING PREPAGATI (JobID: 90f1def9-be02-44a4-831d-21770245d47f)
 - Deleted: 0

[28/May/2023:12:00:04] UPDATING ACCOUNTS (JobID: 998e42d9-9f60-4b94-a84f-6b6ab05f7a2b)
 - New and modified: 0

[28/May/2023:12:00:04] DELETING ACCOUNTS (JobID: 998e42d9-9f60-4b94-a84f-6b6ab05f7a2b)
 - Deleted: 0

[28/May/2023:12:00:38] UPDATING PRODUCTS (JobID: 3996348f-1229-49a8-a566-69855b7fcbb9)
 - New and modified: 0

[28/May/2023:12:00:40] UPDATING PREPAGATI (JobID: e3ad0d9e-2aa9-47c3-a61c-717548a6ccb5)
 - New and modified: 0

[28/May/2023:12:00:40] DELETING PREPAGATI (JobID: e3ad0d9e-2aa9-47c3-a61c-717548a6ccb5)
 - Deleted: 0

[28/May/2023:12:10:04] UPDATING ACCOUNTS (JobID: 2ca25edf-0e92-46e6-9ee8-183390fd7afb)
 - New and modified: 0

[28/May/2023:12:10:04] DELETING ACCOUNTS (JobID: 2ca25edf-0e92-46e6-9ee8-183390fd7afb)
 - Deleted: 0

[28/May/2023:12:10:39] UPDATING PRODUCTS (JobID: b9643a5a-5855-4025-af71-e766054aa09d)
 - New and modified: 0

[28/May/2023:12:10:41] UPDATING PREPAGATI (JobID: 4a6824de-50ac-40fb-950a-a15a9ae23bc8)
 - New and modified: 0

[28/May/2023:12:10:41] DELETING PREPAGATI (JobID: 4a6824de-50ac-40fb-950a-a15a9ae23bc8)
 - Deleted: 0

[28/May/2023:12:20:03] UPDATING ACCOUNTS (JobID: e1928f30-3b0c-4357-844a-802c7d865e65)
 - New and modified: 0

[28/May/2023:12:20:03] DELETING ACCOUNTS (JobID: e1928f30-3b0c-4357-844a-802c7d865e65)
 - Deleted: 0

[28/May/2023:12:20:36] UPDATING PRODUCTS (JobID: 32d6f8b1-7d6b-4886-89d1-14f5bfe6e376)
 - New and modified: 0

[28/May/2023:12:20:38] UPDATING PREPAGATI (JobID: 6f95e9f5-274c-4045-843a-bb74767a8b77)
 - New and modified: 0

[28/May/2023:12:20:38] DELETING PREPAGATI (JobID: 6f95e9f5-274c-4045-843a-bb74767a8b77)
 - Deleted: 0

[28/May/2023:12:30:05] UPDATING ACCOUNTS (JobID: d0da272b-07fb-4df9-b43a-32fae661be1e)
 - New and modified: 0

[28/May/2023:12:30:05] DELETING ACCOUNTS (JobID: d0da272b-07fb-4df9-b43a-32fae661be1e)
 - Deleted: 0

[28/May/2023:12:30:36] UPDATING PRODUCTS (JobID: 0e29aa38-6e19-4e41-b59f-929f909eb1fe)
 - New and modified: 0

[28/May/2023:12:30:38] UPDATING PREPAGATI (JobID: 403db0a9-cb94-444f-819d-736a86697503)
 - New and modified: 0

[28/May/2023:12:30:38] DELETING PREPAGATI (JobID: 403db0a9-cb94-444f-819d-736a86697503)
 - Deleted: 0

[28/May/2023:12:40:04] UPDATING ACCOUNTS (JobID: 3925495c-98bb-4b53-9589-3a70a41f3c6d)
 - New and modified: 0

[28/May/2023:12:40:04] DELETING ACCOUNTS (JobID: 3925495c-98bb-4b53-9589-3a70a41f3c6d)
 - Deleted: 0

[28/May/2023:12:40:36] UPDATING PRODUCTS (JobID: 83f08e9a-c35e-43e4-9c66-b175bdc0fb08)
 - New and modified: 0

[28/May/2023:12:40:38] UPDATING PREPAGATI (JobID: e3359c98-feb5-4b50-8764-2a3923779f1e)
 - New and modified: 0

[28/May/2023:12:40:38] DELETING PREPAGATI (JobID: e3359c98-feb5-4b50-8764-2a3923779f1e)
 - Deleted: 0

[28/May/2023:12:50:04] UPDATING ACCOUNTS (JobID: 1f8d4811-7970-415c-8a4f-0be9d46b51a9)
 - New and modified: 0

[28/May/2023:12:50:04] DELETING ACCOUNTS (JobID: 1f8d4811-7970-415c-8a4f-0be9d46b51a9)
 - Deleted: 0

[28/May/2023:12:50:36] UPDATING PRODUCTS (JobID: 8ff43785-7c1a-48c2-968c-25d49bece0ce)
 - New and modified: 0

[28/May/2023:12:50:38] UPDATING PREPAGATI (JobID: b4a0d6ee-cafd-4902-8b3b-7cb1622f77bd)
 - New and modified: 0

[28/May/2023:12:50:38] DELETING PREPAGATI (JobID: b4a0d6ee-cafd-4902-8b3b-7cb1622f77bd)
 - Deleted: 0

[28/May/2023:13:00:04] UPDATING ACCOUNTS (JobID: c0a49d16-3a2b-4902-8274-897c9afd5a94)
 - New and modified: 0

[28/May/2023:13:00:04] DELETING ACCOUNTS (JobID: c0a49d16-3a2b-4902-8274-897c9afd5a94)
 - Deleted: 0

[28/May/2023:13:00:37] UPDATING PRODUCTS (JobID: 5ae92bdf-3a3a-43ed-9356-4ad831ead0e9)
 - New and modified: 0

[28/May/2023:13:00:39] UPDATING PREPAGATI (JobID: b00b4ed1-4ae8-43c6-adc0-eeedab93e31e)
 - New and modified: 0

[28/May/2023:13:00:39] DELETING PREPAGATI (JobID: b00b4ed1-4ae8-43c6-adc0-eeedab93e31e)
 - Deleted: 0

[28/May/2023:13:10:04] UPDATING ACCOUNTS (JobID: 5c272632-2aea-4530-84f3-4ec788827b8f)
 - New and modified: 0

[28/May/2023:13:10:04] DELETING ACCOUNTS (JobID: 5c272632-2aea-4530-84f3-4ec788827b8f)
 - Deleted: 0

[28/May/2023:13:10:37] UPDATING PRODUCTS (JobID: b2ee3cd7-ae0c-4fb0-97f6-452030c3398c)
 - New and modified: 0

[28/May/2023:13:10:39] UPDATING PREPAGATI (JobID: ec1de4d3-1a84-40b0-a717-6c42f79007c6)
 - New and modified: 0

[28/May/2023:13:10:39] DELETING PREPAGATI (JobID: ec1de4d3-1a84-40b0-a717-6c42f79007c6)
 - Deleted: 0

[28/May/2023:13:20:04] UPDATING ACCOUNTS (JobID: a76b492b-c7c4-4443-a09d-740a053d74b9)
 - New and modified: 0

[28/May/2023:13:20:04] DELETING ACCOUNTS (JobID: a76b492b-c7c4-4443-a09d-740a053d74b9)
 - Deleted: 0

[28/May/2023:13:20:36] UPDATING PRODUCTS (JobID: 759f844e-48f5-42c5-9fe9-dc7bf26c6c74)
 - New and modified: 0

[28/May/2023:13:20:37] UPDATING PREPAGATI (JobID: 1dd1e71a-6e55-4855-b589-f2a7f07e5dc9)
 - New and modified: 0

[28/May/2023:13:20:38] DELETING PREPAGATI (JobID: 1dd1e71a-6e55-4855-b589-f2a7f07e5dc9)
 - Deleted: 0

[28/May/2023:13:30:05] UPDATING ACCOUNTS (JobID: fd57ab4b-2cf7-4fe6-9bd0-a5d3427266af)
 - New and modified: 0

[28/May/2023:13:30:05] DELETING ACCOUNTS (JobID: fd57ab4b-2cf7-4fe6-9bd0-a5d3427266af)
 - Deleted: 0

[28/May/2023:13:30:40] UPDATING PRODUCTS (JobID: 440af108-12de-429d-a3aa-17459b636fcd)
 - New and modified: 0

[28/May/2023:13:30:42] UPDATING PREPAGATI (JobID: a44930d8-1e89-4861-ae06-9cbe63327de9)
 - New and modified: 0

[28/May/2023:13:30:42] DELETING PREPAGATI (JobID: a44930d8-1e89-4861-ae06-9cbe63327de9)
 - Deleted: 0

[28/May/2023:13:40:04] UPDATING ACCOUNTS (JobID: 5d6c87c6-e335-43fa-b82e-77f678811d11)
 - New and modified: 0

[28/May/2023:13:40:04] DELETING ACCOUNTS (JobID: 5d6c87c6-e335-43fa-b82e-77f678811d11)
 - Deleted: 0

[28/May/2023:13:40:36] UPDATING PRODUCTS (JobID: 5f44653f-3e47-40eb-bccd-7c63aa12842f)
 - New and modified: 0

[28/May/2023:13:40:38] UPDATING PREPAGATI (JobID: ecaff541-5da0-435f-98df-36a20a207796)
 - New and modified: 0

[28/May/2023:13:40:38] DELETING PREPAGATI (JobID: ecaff541-5da0-435f-98df-36a20a207796)
 - Deleted: 0

[28/May/2023:13:50:04] UPDATING ACCOUNTS (JobID: 9d12e78a-e11d-4c35-9dd5-915c15802933)
 - New and modified: 0

[28/May/2023:13:50:04] DELETING ACCOUNTS (JobID: 9d12e78a-e11d-4c35-9dd5-915c15802933)
 - Deleted: 0

[28/May/2023:13:50:36] UPDATING PRODUCTS (JobID: c8362f2a-c347-486d-b164-a76fef039a8e)
 - New and modified: 0

[28/May/2023:13:50:38] UPDATING PREPAGATI (JobID: f23ad4c6-848d-4662-b52b-6c7970f935d3)
 - New and modified: 0

[28/May/2023:13:50:38] DELETING PREPAGATI (JobID: f23ad4c6-848d-4662-b52b-6c7970f935d3)
 - Deleted: 0

[28/May/2023:14:00:04] UPDATING ACCOUNTS (JobID: 1ba8dc32-6592-4975-bdf5-2d43e432ee5d)
 - New and modified: 0

[28/May/2023:14:00:04] DELETING ACCOUNTS (JobID: 1ba8dc32-6592-4975-bdf5-2d43e432ee5d)
 - Deleted: 0

[28/May/2023:14:00:37] UPDATING PRODUCTS (JobID: 85a374e5-b442-472b-8d34-62ca1644cc5e)
 - New and modified: 0

[28/May/2023:14:00:39] UPDATING PREPAGATI (JobID: 5c25593f-206a-49b6-9886-6c172fbe46fb)
 - New and modified: 0

[28/May/2023:14:00:39] DELETING PREPAGATI (JobID: 5c25593f-206a-49b6-9886-6c172fbe46fb)
 - Deleted: 0

[28/May/2023:14:10:05] UPDATING ACCOUNTS (JobID: 0fd75cec-6f99-4b76-aa5a-beaf1e2e1170)
 - New and modified: 0

[28/May/2023:14:10:05] DELETING ACCOUNTS (JobID: 0fd75cec-6f99-4b76-aa5a-beaf1e2e1170)
 - Deleted: 0

[28/May/2023:14:10:38] UPDATING PRODUCTS (JobID: 0c313032-4dc2-4d86-b008-e6732212b731)
 - New and modified: 0

[28/May/2023:14:10:39] UPDATING PREPAGATI (JobID: 9f046c92-a535-44c0-9b6f-6e56bf3c924a)
 - New and modified: 0

[28/May/2023:14:10:39] DELETING PREPAGATI (JobID: 9f046c92-a535-44c0-9b6f-6e56bf3c924a)
 - Deleted: 0

[28/May/2023:14:20:04] UPDATING ACCOUNTS (JobID: 52ef7276-6ac5-4ede-b6cb-8eb7d9bef085)
 - New and modified: 0

[28/May/2023:14:20:04] DELETING ACCOUNTS (JobID: 52ef7276-6ac5-4ede-b6cb-8eb7d9bef085)
 - Deleted: 0

[28/May/2023:14:20:37] UPDATING PRODUCTS (JobID: c10fac76-df49-44c3-9c70-354673aa2cf6)
 - New and modified: 0

[28/May/2023:14:20:39] UPDATING PREPAGATI (JobID: e3587d3f-644c-4e66-acc1-280b08025083)
 - New and modified: 0

[28/May/2023:14:20:39] DELETING PREPAGATI (JobID: e3587d3f-644c-4e66-acc1-280b08025083)
 - Deleted: 0

[28/May/2023:14:30:04] UPDATING ACCOUNTS (JobID: 3678e4aa-6dcb-4b4b-b0e7-cfa075d40e9b)
 - New and modified: 0

[28/May/2023:14:30:04] DELETING ACCOUNTS (JobID: 3678e4aa-6dcb-4b4b-b0e7-cfa075d40e9b)
 - Deleted: 0

[28/May/2023:14:30:36] UPDATING PRODUCTS (JobID: 054892a0-6ccd-4ccb-b37a-5260da535536)
 - New and modified: 0

[28/May/2023:14:30:38] UPDATING PREPAGATI (JobID: c08b8965-75b1-41ef-ac2f-31b1799ba34d)
 - New and modified: 0

[28/May/2023:14:30:38] DELETING PREPAGATI (JobID: c08b8965-75b1-41ef-ac2f-31b1799ba34d)
 - Deleted: 0

[28/May/2023:14:40:05] UPDATING ACCOUNTS (JobID: 6e001b73-e03e-4931-a03b-ffc293614705)
 - New and modified: 0

[28/May/2023:14:40:05] DELETING ACCOUNTS (JobID: 6e001b73-e03e-4931-a03b-ffc293614705)
 - Deleted: 0

[28/May/2023:14:40:36] UPDATING PRODUCTS (JobID: 7ba8e542-62df-4bca-a81a-3ad428049242)
 - New and modified: 0

[28/May/2023:14:40:38] UPDATING PREPAGATI (JobID: e7748e91-a59b-4fb4-998c-22a41cf7d478)
 - New and modified: 0

[28/May/2023:14:40:38] DELETING PREPAGATI (JobID: e7748e91-a59b-4fb4-998c-22a41cf7d478)
 - Deleted: 0

[28/May/2023:14:50:09] UPDATING ACCOUNTS (JobID: e920e139-9ae8-488b-9144-73195458293e)
 - New and modified: 0

[28/May/2023:14:50:09] DELETING ACCOUNTS (JobID: e920e139-9ae8-488b-9144-73195458293e)
 - Deleted: 0

[28/May/2023:14:50:41] UPDATING PRODUCTS (JobID: 9740ea95-e6ef-40ed-a11a-5c457baa5b81)
 - New and modified: 0

[28/May/2023:14:50:44] UPDATING PREPAGATI (JobID: 4a2ea4b0-4e86-40e9-b967-a87781f9b36a)
 - New and modified: 0

[28/May/2023:14:50:44] DELETING PREPAGATI (JobID: 4a2ea4b0-4e86-40e9-b967-a87781f9b36a)
 - Deleted: 0

[28/May/2023:15:00:04] UPDATING ACCOUNTS (JobID: f1f3bd2d-859b-411f-929d-fc75139fd16c)
 - New and modified: 0

[28/May/2023:15:00:04] DELETING ACCOUNTS (JobID: f1f3bd2d-859b-411f-929d-fc75139fd16c)
 - Deleted: 0

[28/May/2023:15:00:37] UPDATING PRODUCTS (JobID: d51ccea4-1f4f-4117-93c6-d1552aaf9543)
 - New and modified: 0

[28/May/2023:15:00:39] UPDATING PREPAGATI (JobID: 9712c62a-5ed3-4abf-a238-f3d0c6d84383)
 - New and modified: 0

[28/May/2023:15:00:39] DELETING PREPAGATI (JobID: 9712c62a-5ed3-4abf-a238-f3d0c6d84383)
 - Deleted: 0

[28/May/2023:15:10:04] UPDATING ACCOUNTS (JobID: 60a46824-447f-4015-b9dd-709876ee4305)
 - New and modified: 0

[28/May/2023:15:10:04] DELETING ACCOUNTS (JobID: 60a46824-447f-4015-b9dd-709876ee4305)
 - Deleted: 0

[28/May/2023:15:10:37] UPDATING PRODUCTS (JobID: 67ff954a-48b0-4add-b4fe-baac75caedd9)
 - New and modified: 0

[28/May/2023:15:10:38] UPDATING PREPAGATI (JobID: 2e4c6721-306a-439c-a092-7f3e5b6b8b77)
 - New and modified: 0

[28/May/2023:15:10:38] DELETING PREPAGATI (JobID: 2e4c6721-306a-439c-a092-7f3e5b6b8b77)
 - Deleted: 0

[28/May/2023:15:20:04] UPDATING ACCOUNTS (JobID: 71705c8f-64ac-40fa-9886-324c310b17ac)
 - New and modified: 0

[28/May/2023:15:20:04] DELETING ACCOUNTS (JobID: 71705c8f-64ac-40fa-9886-324c310b17ac)
 - Deleted: 0

[28/May/2023:15:20:37] UPDATING PRODUCTS (JobID: 273c60e6-5d11-4e8a-8730-927592320c7d)
 - New and modified: 0

[28/May/2023:15:20:39] UPDATING PREPAGATI (JobID: 96248cc5-6326-4003-be3a-362692c10cd3)
 - New and modified: 0

[28/May/2023:15:20:39] DELETING PREPAGATI (JobID: 96248cc5-6326-4003-be3a-362692c10cd3)
 - Deleted: 0

[28/May/2023:15:30:04] UPDATING ACCOUNTS (JobID: 00f146cf-ec0f-4f62-b098-c0cd9eba7e44)
 - New and modified: 0

[28/May/2023:15:30:04] DELETING ACCOUNTS (JobID: 00f146cf-ec0f-4f62-b098-c0cd9eba7e44)
 - Deleted: 0

[28/May/2023:15:30:36] UPDATING PRODUCTS (JobID: 711f505a-0e54-45c9-88e9-65d09ef9cfd0)
 - New and modified: 0

[28/May/2023:15:30:37] UPDATING PREPAGATI (JobID: 3bae4601-c617-463f-940b-bb37efd94391)
 - New and modified: 0

[28/May/2023:15:30:37] DELETING PREPAGATI (JobID: 3bae4601-c617-463f-940b-bb37efd94391)
 - Deleted: 0

[28/May/2023:15:40:04] UPDATING ACCOUNTS (JobID: 329bad2d-c832-4472-9e1c-51697ee77674)
 - New and modified: 0

[28/May/2023:15:40:04] DELETING ACCOUNTS (JobID: 329bad2d-c832-4472-9e1c-51697ee77674)
 - Deleted: 0

[28/May/2023:15:40:36] UPDATING PRODUCTS (JobID: 1b4f304b-89c4-496a-b699-5c827523c17d)
 - New and modified: 0

[28/May/2023:15:40:38] UPDATING PREPAGATI (JobID: 6a2f6b7f-535e-4b17-8563-c6b6e14e8c1f)
 - New and modified: 0

[28/May/2023:15:40:38] DELETING PREPAGATI (JobID: 6a2f6b7f-535e-4b17-8563-c6b6e14e8c1f)
 - Deleted: 0

[28/May/2023:15:50:04] UPDATING ACCOUNTS (JobID: a24f7601-e9fa-43ce-b6d2-bbd45f63ae7c)
 - New and modified: 0

[28/May/2023:15:50:04] DELETING ACCOUNTS (JobID: a24f7601-e9fa-43ce-b6d2-bbd45f63ae7c)
 - Deleted: 0

[28/May/2023:15:50:36] UPDATING PRODUCTS (JobID: 712f6a47-5031-422d-aa0d-1795e8c8c9c9)
 - New and modified: 0

[28/May/2023:15:50:38] UPDATING PREPAGATI (JobID: 7a7f367f-b43c-41f8-8a7f-a10d0f601ecf)
 - New and modified: 0

[28/May/2023:15:50:38] DELETING PREPAGATI (JobID: 7a7f367f-b43c-41f8-8a7f-a10d0f601ecf)
 - Deleted: 0

[28/May/2023:16:00:04] UPDATING ACCOUNTS (JobID: 73e6a03d-2fab-42a3-b688-d8b0b889bc15)
 - New and modified: 0

[28/May/2023:16:00:04] DELETING ACCOUNTS (JobID: 73e6a03d-2fab-42a3-b688-d8b0b889bc15)
 - Deleted: 0

[28/May/2023:16:00:37] UPDATING PRODUCTS (JobID: d71dc309-e473-41a8-b278-4b0b7c105e99)
 - New and modified: 0

[28/May/2023:16:00:39] UPDATING PREPAGATI (JobID: 6d447209-2a14-4d0d-bc1c-06729c4305e7)
 - New and modified: 0

[28/May/2023:16:00:39] DELETING PREPAGATI (JobID: 6d447209-2a14-4d0d-bc1c-06729c4305e7)
 - Deleted: 0

[28/May/2023:16:10:04] UPDATING ACCOUNTS (JobID: 0cdaee1e-d73f-464d-9ed3-e460461a64ee)
 - New and modified: 0

[28/May/2023:16:10:04] DELETING ACCOUNTS (JobID: 0cdaee1e-d73f-464d-9ed3-e460461a64ee)
 - Deleted: 0

[28/May/2023:16:10:36] UPDATING PRODUCTS (JobID: f5c03e4a-c2e0-4b6c-a589-67b9ca361250)
 - New and modified: 0

[28/May/2023:16:10:37] UPDATING PREPAGATI (JobID: b8e3074c-b578-4b7e-8822-642873a454c7)
 - New and modified: 0

[28/May/2023:16:10:37] DELETING PREPAGATI (JobID: b8e3074c-b578-4b7e-8822-642873a454c7)
 - Deleted: 0

[28/May/2023:16:20:04] UPDATING ACCOUNTS (JobID: e7de25eb-7fae-43fd-b76e-ebaaf7e67c67)
 - New and modified: 0

[28/May/2023:16:20:04] DELETING ACCOUNTS (JobID: e7de25eb-7fae-43fd-b76e-ebaaf7e67c67)
 - Deleted: 0

[28/May/2023:16:20:36] UPDATING PRODUCTS (JobID: 946fbe30-3eba-4545-b011-6fde2e65c3c1)
 - New and modified: 0

[28/May/2023:16:20:38] UPDATING PREPAGATI (JobID: 2e4d5878-67e4-452b-9dfe-d952986468c7)
 - New and modified: 0

[28/May/2023:16:20:38] DELETING PREPAGATI (JobID: 2e4d5878-67e4-452b-9dfe-d952986468c7)
 - Deleted: 0

[28/May/2023:16:40:04] UPDATING ACCOUNTS (JobID: 3406559e-66de-4880-ac20-269752d99c19)
 - New and modified: 0

[28/May/2023:16:40:04] DELETING ACCOUNTS (JobID: 3406559e-66de-4880-ac20-269752d99c19)
 - Deleted: 0

[28/May/2023:16:40:37] UPDATING PRODUCTS (JobID: 5e64afe2-783d-4555-a236-90f465e59d22)
 - New and modified: 0

[28/May/2023:16:40:38] UPDATING PREPAGATI (JobID: c97b3a1a-4f65-49d7-8bc4-b4d516216aa0)
 - New and modified: 0

[28/May/2023:16:40:38] DELETING PREPAGATI (JobID: c97b3a1a-4f65-49d7-8bc4-b4d516216aa0)
 - Deleted: 0

[28/May/2023:16:50:04] UPDATING ACCOUNTS (JobID: b3861c7e-6453-4037-9717-861df3feeadd)
 - New and modified: 0

[28/May/2023:16:50:04] DELETING ACCOUNTS (JobID: b3861c7e-6453-4037-9717-861df3feeadd)
 - Deleted: 0

[28/May/2023:16:50:37] UPDATING PRODUCTS (JobID: afc4352c-3cee-47b4-a1d9-fae16f886b13)
 - New and modified: 0

[28/May/2023:16:50:39] UPDATING PREPAGATI (JobID: 07c5463f-1a42-4ebe-bb82-ad134bf5103f)
 - New and modified: 0

[28/May/2023:16:50:39] DELETING PREPAGATI (JobID: 07c5463f-1a42-4ebe-bb82-ad134bf5103f)
 - Deleted: 0

[28/May/2023:17:00:04] UPDATING ACCOUNTS (JobID: cd75fe1c-060c-4130-ad15-6cc982a6686c)
 - New and modified: 0

[28/May/2023:17:00:04] DELETING ACCOUNTS (JobID: cd75fe1c-060c-4130-ad15-6cc982a6686c)
 - Deleted: 0

[28/May/2023:17:00:37] UPDATING PRODUCTS (JobID: 6193dbe6-22d0-44a1-a7ac-31f5b34a3027)
 - New and modified: 0

[28/May/2023:17:00:39] UPDATING PREPAGATI (JobID: beb657c5-d031-4d60-adff-9938e5791b52)
 - New and modified: 0

[28/May/2023:17:00:39] DELETING PREPAGATI (JobID: beb657c5-d031-4d60-adff-9938e5791b52)
 - Deleted: 0

[28/May/2023:17:10:04] UPDATING ACCOUNTS (JobID: 7d53b1fb-d23c-4927-b5b9-34edbbfa9483)
 - New and modified: 0

[28/May/2023:17:10:04] DELETING ACCOUNTS (JobID: 7d53b1fb-d23c-4927-b5b9-34edbbfa9483)
 - Deleted: 0

[28/May/2023:17:10:38] UPDATING PRODUCTS (JobID: c00f92e8-36e5-4e43-8d80-547c6072b420)
 - New and modified: 0

[28/May/2023:17:10:40] UPDATING PREPAGATI (JobID: 3634131c-2fe9-4886-a5c0-e6e5a46ba4f6)
 - New and modified: 0

[28/May/2023:17:10:40] DELETING PREPAGATI (JobID: 3634131c-2fe9-4886-a5c0-e6e5a46ba4f6)
 - Deleted: 0

[28/May/2023:17:20:04] UPDATING ACCOUNTS (JobID: b79c2182-81da-46e7-b7ad-14d2a9b4c44e)
 - New and modified: 0

[28/May/2023:17:20:04] DELETING ACCOUNTS (JobID: b79c2182-81da-46e7-b7ad-14d2a9b4c44e)
 - Deleted: 0

[28/May/2023:17:20:40] UPDATING PRODUCTS (JobID: ee0c741a-211b-4d31-9b0f-a7f3c44f0452)
 - New and modified: 0

[28/May/2023:17:20:42] UPDATING PREPAGATI (JobID: d36f9f13-5b30-42aa-a075-f4d9883c7d0a)
 - New and modified: 0

[28/May/2023:17:20:42] DELETING PREPAGATI (JobID: d36f9f13-5b30-42aa-a075-f4d9883c7d0a)
 - Deleted: 0

[28/May/2023:17:30:05] UPDATING ACCOUNTS (JobID: 864ef228-19e4-4f53-b328-3ca935f4d09b)
 - New and modified: 0

[28/May/2023:17:30:05] DELETING ACCOUNTS (JobID: 864ef228-19e4-4f53-b328-3ca935f4d09b)
 - Deleted: 0

[28/May/2023:17:30:40] UPDATING PRODUCTS (JobID: 4cc6a595-06d2-48ea-9cc2-71ab5f0d4f99)
 - New and modified: 0

[28/May/2023:17:30:42] UPDATING PREPAGATI (JobID: a2e5cbe6-58a8-4334-a914-2f628cebbd4b)
 - New and modified: 0

[28/May/2023:17:30:42] DELETING PREPAGATI (JobID: a2e5cbe6-58a8-4334-a914-2f628cebbd4b)
 - Deleted: 0

[28/May/2023:17:40:04] UPDATING ACCOUNTS (JobID: cf9d52ad-d78a-4a8d-bb8a-bcb409080e14)
 - New and modified: 0

[28/May/2023:17:40:04] DELETING ACCOUNTS (JobID: cf9d52ad-d78a-4a8d-bb8a-bcb409080e14)
 - Deleted: 0

[28/May/2023:17:40:38] UPDATING PRODUCTS (JobID: 19a32eb6-470a-4aae-aeb8-570844951f4d)
 - New and modified: 0

[28/May/2023:17:40:39] UPDATING PREPAGATI (JobID: 0d3ee122-91c7-4117-b094-ae924bc25b1a)
 - New and modified: 0

[28/May/2023:17:40:39] DELETING PREPAGATI (JobID: 0d3ee122-91c7-4117-b094-ae924bc25b1a)
 - Deleted: 0

[28/May/2023:17:50:04] UPDATING ACCOUNTS (JobID: 7c87ef35-9a12-4810-94fa-891f5c2e4a29)
 - New and modified: 0

[28/May/2023:17:50:04] DELETING ACCOUNTS (JobID: 7c87ef35-9a12-4810-94fa-891f5c2e4a29)
 - Deleted: 0

[28/May/2023:17:50:36] UPDATING PRODUCTS (JobID: 6df04b92-0051-4b41-8aed-cd6c26ac45cc)
 - New and modified: 0

[28/May/2023:17:50:38] UPDATING PREPAGATI (JobID: 1cb3bb02-05e4-46b5-8664-a1cdf0cfd726)
 - New and modified: 0

[28/May/2023:17:50:38] DELETING PREPAGATI (JobID: 1cb3bb02-05e4-46b5-8664-a1cdf0cfd726)
 - Deleted: 0

[28/May/2023:18:00:07] UPDATING ACCOUNTS (JobID: 910ac8d1-1fe0-40e2-a370-1f685880904d)
 - New and modified: 0

[28/May/2023:18:00:07] DELETING ACCOUNTS (JobID: 910ac8d1-1fe0-40e2-a370-1f685880904d)
 - Deleted: 0

[28/May/2023:18:00:42] UPDATING PRODUCTS (JobID: 56b8e223-068d-42d8-a62d-5c360340bee5)
 - New and modified: 0

[28/May/2023:18:00:44] UPDATING PREPAGATI (JobID: 9508057f-7c4b-4090-a98d-af62b6a66114)
 - New and modified: 0

[28/May/2023:18:00:44] DELETING PREPAGATI (JobID: 9508057f-7c4b-4090-a98d-af62b6a66114)
 - Deleted: 0

[28/May/2023:18:10:04] UPDATING ACCOUNTS (JobID: 529abe95-4d88-4939-bb89-8ca24f171616)
 - New and modified: 0

[28/May/2023:18:10:04] DELETING ACCOUNTS (JobID: 529abe95-4d88-4939-bb89-8ca24f171616)
 - Deleted: 0

[28/May/2023:18:10:38] UPDATING PRODUCTS (JobID: 13719dcf-391b-4cd5-80f0-0e85b3b0f5ad)
 - New and modified: 0

[28/May/2023:18:10:40] UPDATING PREPAGATI (JobID: f627f2f8-4d18-46c0-bf00-2efc325a5097)
 - New and modified: 0

[28/May/2023:18:10:40] DELETING PREPAGATI (JobID: f627f2f8-4d18-46c0-bf00-2efc325a5097)
 - Deleted: 0

[28/May/2023:18:20:04] UPDATING ACCOUNTS (JobID: f4c77002-0bbb-4ed5-a93c-d54a9bad17b9)
 - New and modified: 0

[28/May/2023:18:20:04] DELETING ACCOUNTS (JobID: f4c77002-0bbb-4ed5-a93c-d54a9bad17b9)
 - Deleted: 0

[28/May/2023:18:20:38] UPDATING PRODUCTS (JobID: 7f69edf5-ada3-464f-9545-9f405b4177dd)
 - New and modified: 0

[28/May/2023:18:20:40] UPDATING PREPAGATI (JobID: 048754b3-aeeb-42dd-a740-d842b27adc59)
 - New and modified: 0

[28/May/2023:18:20:40] DELETING PREPAGATI (JobID: 048754b3-aeeb-42dd-a740-d842b27adc59)
 - Deleted: 0

[28/May/2023:18:30:04] UPDATING ACCOUNTS (JobID: 2ca49952-793b-4209-bb9d-6385a21a5cef)
 - New and modified: 0

[28/May/2023:18:30:04] DELETING ACCOUNTS (JobID: 2ca49952-793b-4209-bb9d-6385a21a5cef)
 - Deleted: 0

[28/May/2023:18:30:38] UPDATING PRODUCTS (JobID: 09243c50-b13a-493b-86ad-7bfd59b0eb15)
 - New and modified: 0

[28/May/2023:18:30:40] UPDATING PREPAGATI (JobID: c48ebad2-db52-4b9e-b529-15a8f717e20a)
 - New and modified: 0

[28/May/2023:18:30:40] DELETING PREPAGATI (JobID: c48ebad2-db52-4b9e-b529-15a8f717e20a)
 - Deleted: 0

[28/May/2023:18:40:04] UPDATING ACCOUNTS (JobID: b69da577-44b6-428b-b5ef-935400660ed3)
 - New and modified: 0

[28/May/2023:18:40:04] DELETING ACCOUNTS (JobID: b69da577-44b6-428b-b5ef-935400660ed3)
 - Deleted: 0

[28/May/2023:18:40:36] UPDATING PRODUCTS (JobID: 25ea8bb2-da51-4f5a-b978-72a117b92bbf)
 - New and modified: 0

[28/May/2023:18:40:38] UPDATING PREPAGATI (JobID: abfd9125-4e2a-4763-8cd6-7b24fcd8739a)
 - New and modified: 0

[28/May/2023:18:40:38] DELETING PREPAGATI (JobID: abfd9125-4e2a-4763-8cd6-7b24fcd8739a)
 - Deleted: 0

[28/May/2023:18:50:04] UPDATING ACCOUNTS (JobID: cb8ec329-c995-456d-950c-4eee13ff8948)
 - New and modified: 0

[28/May/2023:18:50:04] DELETING ACCOUNTS (JobID: cb8ec329-c995-456d-950c-4eee13ff8948)
 - Deleted: 0

[28/May/2023:18:50:37] UPDATING PRODUCTS (JobID: ae0cbb0a-5514-48bb-aab3-ce8eb9135d78)
 - New and modified: 0

[28/May/2023:18:50:39] UPDATING PREPAGATI (JobID: 80bd495b-0334-4fa0-8ae5-775575987d07)
 - New and modified: 0

[28/May/2023:18:50:39] DELETING PREPAGATI (JobID: 80bd495b-0334-4fa0-8ae5-775575987d07)
 - Deleted: 0

[28/May/2023:19:00:04] UPDATING ACCOUNTS (JobID: 9cbc5c94-473e-4557-a731-1209a61b6ca6)
 - New and modified: 0

[28/May/2023:19:00:04] DELETING ACCOUNTS (JobID: 9cbc5c94-473e-4557-a731-1209a61b6ca6)
 - Deleted: 0

[28/May/2023:19:00:36] UPDATING PRODUCTS (JobID: b7a36f62-ac73-43fa-8735-045b9542d170)
 - New and modified: 0

[28/May/2023:19:00:38] UPDATING PREPAGATI (JobID: f7aa53d4-84d6-436c-91f2-f49a9e1912ef)
 - New and modified: 0

[28/May/2023:19:00:38] DELETING PREPAGATI (JobID: f7aa53d4-84d6-436c-91f2-f49a9e1912ef)
 - Deleted: 0

[28/May/2023:19:10:05] UPDATING ACCOUNTS (JobID: e9907fa8-f737-4a12-8dad-a93d5f92cfd4)
 - New and modified: 0

[28/May/2023:19:10:05] DELETING ACCOUNTS (JobID: e9907fa8-f737-4a12-8dad-a93d5f92cfd4)
 - Deleted: 0

[28/May/2023:19:10:37] UPDATING PRODUCTS (JobID: 846cfeac-b3fd-43c4-968f-daa49e38ed8c)
 - New and modified: 0

[28/May/2023:19:10:39] UPDATING PREPAGATI (JobID: 372b13cc-0b9c-48d8-a54e-73e525801729)
 - New and modified: 0

[28/May/2023:19:10:39] DELETING PREPAGATI (JobID: 372b13cc-0b9c-48d8-a54e-73e525801729)
 - Deleted: 0

[28/May/2023:19:20:05] UPDATING ACCOUNTS (JobID: e373aca0-3123-404b-9dab-20bc0a8a1563)
 - New and modified: 0

[28/May/2023:19:20:05] DELETING ACCOUNTS (JobID: e373aca0-3123-404b-9dab-20bc0a8a1563)
 - Deleted: 0

[28/May/2023:19:20:38] UPDATING PRODUCTS (JobID: 5492abb5-9dc7-4462-91aa-19606d816bcb)
 - New and modified: 0

[28/May/2023:19:20:39] UPDATING PREPAGATI (JobID: bb82af31-d493-4fc5-aa43-01f7837edf15)
 - New and modified: 0

[28/May/2023:19:20:39] DELETING PREPAGATI (JobID: bb82af31-d493-4fc5-aa43-01f7837edf15)
 - Deleted: 0

[28/May/2023:19:30:04] UPDATING ACCOUNTS (JobID: bd3627e1-3f59-4177-8d25-ab4d334a779e)
 - New and modified: 0

[28/May/2023:19:30:04] DELETING ACCOUNTS (JobID: bd3627e1-3f59-4177-8d25-ab4d334a779e)
 - Deleted: 0

[28/May/2023:19:30:38] UPDATING PRODUCTS (JobID: 6d330238-1ecf-4899-9443-98f4e7ce1842)
 - New and modified: 0

[28/May/2023:19:30:40] UPDATING PREPAGATI (JobID: 32ca8d78-f816-42bf-b63c-a369a99d363f)
 - New and modified: 0

[28/May/2023:19:30:40] DELETING PREPAGATI (JobID: 32ca8d78-f816-42bf-b63c-a369a99d363f)
 - Deleted: 0

[28/May/2023:19:40:04] UPDATING ACCOUNTS (JobID: e9da145c-8945-44d0-94b7-6a9eef35e016)
 - New and modified: 0

[28/May/2023:19:40:04] DELETING ACCOUNTS (JobID: e9da145c-8945-44d0-94b7-6a9eef35e016)
 - Deleted: 0

[28/May/2023:19:40:37] UPDATING PRODUCTS (JobID: 09fd845b-6829-403f-923d-32f47cbade7f)
 - New and modified: 0

[28/May/2023:19:40:38] UPDATING PREPAGATI (JobID: d2a30509-81c0-47ff-9787-6a561a658dee)
 - New and modified: 0

[28/May/2023:19:40:38] DELETING PREPAGATI (JobID: d2a30509-81c0-47ff-9787-6a561a658dee)
 - Deleted: 0

[28/May/2023:19:50:03] UPDATING ACCOUNTS (JobID: 7bc68f01-9884-43c7-a4f7-c222c4ef5613)
 - New and modified: 0

[28/May/2023:19:50:03] DELETING ACCOUNTS (JobID: 7bc68f01-9884-43c7-a4f7-c222c4ef5613)
 - Deleted: 0

[28/May/2023:19:50:37] UPDATING PRODUCTS (JobID: ff6dcae6-bdd0-447f-9542-ed0ac19ec235)
 - New and modified: 0

[28/May/2023:19:50:39] UPDATING PREPAGATI (JobID: c2870497-8247-4e48-8e0a-c82ef0921d0b)
 - New and modified: 0

[28/May/2023:19:50:39] DELETING PREPAGATI (JobID: c2870497-8247-4e48-8e0a-c82ef0921d0b)
 - Deleted: 0

[28/May/2023:20:00:04] UPDATING ACCOUNTS (JobID: 06f111d9-4ea6-404e-8e7b-daa037ed1657)
 - New and modified: 0

[28/May/2023:20:00:04] DELETING ACCOUNTS (JobID: 06f111d9-4ea6-404e-8e7b-daa037ed1657)
 - Deleted: 0

[28/May/2023:20:00:37] UPDATING PRODUCTS (JobID: b6478d27-2302-42a1-96d8-32c216a628f1)
 - New and modified: 0

[28/May/2023:20:00:38] UPDATING PREPAGATI (JobID: 11744217-da0d-4e12-8026-3f2022d7280d)
 - New and modified: 0

[28/May/2023:20:00:38] DELETING PREPAGATI (JobID: 11744217-da0d-4e12-8026-3f2022d7280d)
 - Deleted: 0

[28/May/2023:20:10:04] UPDATING ACCOUNTS (JobID: ada3722c-a819-4c53-9b37-3a58e2a8ee3b)
 - New and modified: 0

[28/May/2023:20:10:04] DELETING ACCOUNTS (JobID: ada3722c-a819-4c53-9b37-3a58e2a8ee3b)
 - Deleted: 0

[28/May/2023:20:10:37] UPDATING PRODUCTS (JobID: 1d81e855-06d8-4841-9242-e65cf35a4f14)
 - New and modified: 0

[28/May/2023:20:10:39] UPDATING PREPAGATI (JobID: e877a781-68dd-4fca-9d36-e700fee45103)
 - New and modified: 0

[28/May/2023:20:10:39] DELETING PREPAGATI (JobID: e877a781-68dd-4fca-9d36-e700fee45103)
 - Deleted: 0

[28/May/2023:20:20:04] UPDATING ACCOUNTS (JobID: 8c55cc18-68a0-4c52-b756-9a6b6ec75808)
 - New and modified: 0

[28/May/2023:20:20:04] DELETING ACCOUNTS (JobID: 8c55cc18-68a0-4c52-b756-9a6b6ec75808)
 - Deleted: 0

[28/May/2023:20:20:37] UPDATING PRODUCTS (JobID: c7dd4418-e618-4ec5-a416-3acf379c0c74)
 - New and modified: 0

[28/May/2023:20:20:39] UPDATING PREPAGATI (JobID: 06c66f36-d0ba-460a-ad3d-6f743a49bf0a)
 - New and modified: 0

[28/May/2023:20:20:39] DELETING PREPAGATI (JobID: 06c66f36-d0ba-460a-ad3d-6f743a49bf0a)
 - Deleted: 0

[28/May/2023:20:30:04] UPDATING ACCOUNTS (JobID: acf52a96-4427-4942-97b4-bd4af59cb56e)
 - New and modified: 0

[28/May/2023:20:30:04] DELETING ACCOUNTS (JobID: acf52a96-4427-4942-97b4-bd4af59cb56e)
 - Deleted: 0

[28/May/2023:20:30:37] UPDATING PRODUCTS (JobID: e3231815-4c44-4306-96da-479777446bc1)
 - New and modified: 0

[28/May/2023:20:30:38] UPDATING PREPAGATI (JobID: fc45da71-79f3-4381-8496-af280356a55f)
 - New and modified: 0

[28/May/2023:20:30:38] DELETING PREPAGATI (JobID: fc45da71-79f3-4381-8496-af280356a55f)
 - Deleted: 0

[28/May/2023:20:40:04] UPDATING ACCOUNTS (JobID: d94d03e2-02b1-470b-8e18-b947d83211f2)
 - New and modified: 0

[28/May/2023:20:40:04] DELETING ACCOUNTS (JobID: d94d03e2-02b1-470b-8e18-b947d83211f2)
 - Deleted: 0

[28/May/2023:20:40:36] UPDATING PRODUCTS (JobID: c250f8b3-40b5-49ef-a93a-c3d7b98560fe)
 - New and modified: 0

[28/May/2023:20:40:38] UPDATING PREPAGATI (JobID: 08827aab-e438-4ab9-abf2-91098827b3e3)
 - New and modified: 0

[28/May/2023:20:40:38] DELETING PREPAGATI (JobID: 08827aab-e438-4ab9-abf2-91098827b3e3)
 - Deleted: 0

[28/May/2023:20:50:03] UPDATING ACCOUNTS (JobID: 677b2af4-5ff2-4a23-a9cf-b443aec7132d)
 - New and modified: 0

[28/May/2023:20:50:03] DELETING ACCOUNTS (JobID: 677b2af4-5ff2-4a23-a9cf-b443aec7132d)
 - Deleted: 0

[28/May/2023:20:50:36] UPDATING PRODUCTS (JobID: 839d0b77-6eac-45f4-b109-0de4fe260dc4)
 - New and modified: 0

[28/May/2023:20:50:38] UPDATING PREPAGATI (JobID: 99672cda-f556-4ffd-b60d-0ab8029d4b07)
 - New and modified: 0

[28/May/2023:20:50:38] DELETING PREPAGATI (JobID: 99672cda-f556-4ffd-b60d-0ab8029d4b07)
 - Deleted: 0

[28/May/2023:21:00:04] UPDATING ACCOUNTS (JobID: 82ca36ed-9aab-4705-bc72-3f316e2c4825)
 - New and modified: 0

[28/May/2023:21:00:04] DELETING ACCOUNTS (JobID: 82ca36ed-9aab-4705-bc72-3f316e2c4825)
 - Deleted: 0

[28/May/2023:21:00:37] UPDATING PRODUCTS (JobID: 49c9ca2c-5450-4cde-9f65-34a0ee7a45ec)
 - New and modified: 0

[28/May/2023:21:00:38] UPDATING PREPAGATI (JobID: 3b8fe441-e39c-4c8a-b841-b437705ed4f5)
 - New and modified: 0

[28/May/2023:21:00:38] DELETING PREPAGATI (JobID: 3b8fe441-e39c-4c8a-b841-b437705ed4f5)
 - Deleted: 0

[28/May/2023:21:10:04] UPDATING ACCOUNTS (JobID: 9ec379a4-d308-4405-8de8-58687a4020c3)
 - New and modified: 0

[28/May/2023:21:10:04] DELETING ACCOUNTS (JobID: 9ec379a4-d308-4405-8de8-58687a4020c3)
 - Deleted: 0

[28/May/2023:21:10:37] UPDATING PRODUCTS (JobID: 20cdcd15-6105-4397-b832-ac1b3fe4e953)
 - New and modified: 0

[28/May/2023:21:10:39] UPDATING PREPAGATI (JobID: 7bd62605-c311-4580-8be2-a0cf9359402c)
 - New and modified: 0

[28/May/2023:21:10:39] DELETING PREPAGATI (JobID: 7bd62605-c311-4580-8be2-a0cf9359402c)
 - Deleted: 0

[28/May/2023:21:20:04] UPDATING ACCOUNTS (JobID: f8a0fff8-58d7-4ad6-a6c0-3ce848c4eb7c)
 - New and modified: 0

[28/May/2023:21:20:04] DELETING ACCOUNTS (JobID: f8a0fff8-58d7-4ad6-a6c0-3ce848c4eb7c)
 - Deleted: 0

[28/May/2023:21:20:36] UPDATING PRODUCTS (JobID: c862e437-e9ef-4cae-8b5a-c4bf4b9cfb85)
 - New and modified: 0

[28/May/2023:21:20:38] UPDATING PREPAGATI (JobID: 1d486b82-1fde-4af2-864e-c9b8ca286da2)
 - New and modified: 0

[28/May/2023:21:20:38] DELETING PREPAGATI (JobID: 1d486b82-1fde-4af2-864e-c9b8ca286da2)
 - Deleted: 0

[28/May/2023:21:30:04] UPDATING ACCOUNTS (JobID: f7d518c7-61cd-49a2-a618-4da4af247299)
 - New and modified: 0

[28/May/2023:21:30:04] DELETING ACCOUNTS (JobID: f7d518c7-61cd-49a2-a618-4da4af247299)
 - Deleted: 0

[28/May/2023:21:30:37] UPDATING PRODUCTS (JobID: 0fed63c9-c57a-4267-abe1-6907822c58e2)
 - New and modified: 0

[28/May/2023:21:30:38] UPDATING PREPAGATI (JobID: bb9135a0-e1a8-41b7-81c4-c0ad0ebc6770)
 - New and modified: 0

[28/May/2023:21:30:38] DELETING PREPAGATI (JobID: bb9135a0-e1a8-41b7-81c4-c0ad0ebc6770)
 - Deleted: 0

[28/May/2023:21:40:04] UPDATING ACCOUNTS (JobID: c24ea01e-114e-423f-aaf5-f3a9824a9c7c)
 - New and modified: 0

[28/May/2023:21:40:04] DELETING ACCOUNTS (JobID: c24ea01e-114e-423f-aaf5-f3a9824a9c7c)
 - Deleted: 0

[28/May/2023:21:40:36] UPDATING PRODUCTS (JobID: 32a27910-b89b-4d27-9c8f-cd44ece0c263)
 - New and modified: 0

[28/May/2023:21:40:37] UPDATING PREPAGATI (JobID: 2ff248c4-8719-49a4-b703-57ac6618f879)
 - New and modified: 0

[28/May/2023:21:40:37] DELETING PREPAGATI (JobID: 2ff248c4-8719-49a4-b703-57ac6618f879)
 - Deleted: 0

[28/May/2023:21:50:04] UPDATING ACCOUNTS (JobID: 665789e4-a55e-434a-9e5f-0382bbd04aff)
 - New and modified: 0

[28/May/2023:21:50:04] DELETING ACCOUNTS (JobID: 665789e4-a55e-434a-9e5f-0382bbd04aff)
 - Deleted: 0

[28/May/2023:21:50:36] UPDATING PRODUCTS (JobID: fa4f705f-e4d3-4ca1-8b05-782315d0acfe)
 - New and modified: 0

[28/May/2023:21:50:38] UPDATING PREPAGATI (JobID: df2fcc46-08b4-45fd-82de-04e7ed4e0d9f)
 - New and modified: 0

[28/May/2023:21:50:38] DELETING PREPAGATI (JobID: df2fcc46-08b4-45fd-82de-04e7ed4e0d9f)
 - Deleted: 0

[28/May/2023:22:00:05] UPDATING ACCOUNTS (JobID: 5e9a0d49-c3ab-4bfd-bc88-5a18f0e1b79f)
 - New and modified: 0

[28/May/2023:22:00:05] DELETING ACCOUNTS (JobID: 5e9a0d49-c3ab-4bfd-bc88-5a18f0e1b79f)
 - Deleted: 0

[28/May/2023:22:00:38] UPDATING PRODUCTS (JobID: d50e6404-8890-4e93-bd5f-a4e9c9a7d5de)
 - New and modified: 0

[28/May/2023:22:00:40] UPDATING PREPAGATI (JobID: d41282f3-77ca-4d2e-9d2e-3f6620774c3a)
 - New and modified: 0

[28/May/2023:22:00:40] DELETING PREPAGATI (JobID: d41282f3-77ca-4d2e-9d2e-3f6620774c3a)
 - Deleted: 0

[28/May/2023:22:10:04] UPDATING ACCOUNTS (JobID: 7ab6e403-a8a4-4f75-9ebc-8f2c238ca2ee)
 - New and modified: 0

[28/May/2023:22:10:04] DELETING ACCOUNTS (JobID: 7ab6e403-a8a4-4f75-9ebc-8f2c238ca2ee)
 - Deleted: 0

[28/May/2023:22:10:38] UPDATING PRODUCTS (JobID: 2ffb75c0-2d45-457b-8294-c86a3ccbcd05)
 - New and modified: 0

[28/May/2023:22:10:40] UPDATING PREPAGATI (JobID: 70f252fb-e12b-4a9a-8adf-f182de88f447)
 - New and modified: 0

[28/May/2023:22:10:40] DELETING PREPAGATI (JobID: 70f252fb-e12b-4a9a-8adf-f182de88f447)
 - Deleted: 0

[28/May/2023:22:20:04] UPDATING ACCOUNTS (JobID: 6eb8845e-3fb6-4813-9e1a-1b22a541015b)
 - New and modified: 0

[28/May/2023:22:20:04] DELETING ACCOUNTS (JobID: 6eb8845e-3fb6-4813-9e1a-1b22a541015b)
 - Deleted: 0

[28/May/2023:22:20:37] UPDATING PRODUCTS (JobID: 1a79e0dd-14ab-4780-b323-1a760c97c85f)
 - New and modified: 0

[28/May/2023:22:20:39] UPDATING PREPAGATI (JobID: c385578b-1960-491e-a1c5-c250f664a097)
 - New and modified: 0

[28/May/2023:22:20:39] DELETING PREPAGATI (JobID: c385578b-1960-491e-a1c5-c250f664a097)
 - Deleted: 0

[28/May/2023:22:30:04] UPDATING ACCOUNTS (JobID: caafc285-dbda-4193-aa1d-15c1b9d122c3)
 - New and modified: 0

[28/May/2023:22:30:04] DELETING ACCOUNTS (JobID: caafc285-dbda-4193-aa1d-15c1b9d122c3)
 - Deleted: 0

[28/May/2023:22:30:37] UPDATING PRODUCTS (JobID: 30073993-ec78-4617-a0f6-9495bc94c9d1)
 - New and modified: 0

[28/May/2023:22:30:39] UPDATING PREPAGATI (JobID: f2682b0e-956b-4c4a-a3f3-8e44e5d4eccc)
 - New and modified: 0

[28/May/2023:22:30:39] DELETING PREPAGATI (JobID: f2682b0e-956b-4c4a-a3f3-8e44e5d4eccc)
 - Deleted: 0

[28/May/2023:22:40:04] UPDATING ACCOUNTS (JobID: 6b4fa0d4-4d0c-41bc-abb0-b8a3831e4ca8)
 - New and modified: 0

[28/May/2023:22:40:04] DELETING ACCOUNTS (JobID: 6b4fa0d4-4d0c-41bc-abb0-b8a3831e4ca8)
 - Deleted: 0

[28/May/2023:22:40:35] UPDATING PRODUCTS (JobID: 8ccf3c30-6475-4df5-8c0d-bab1a97ce0fe)
 - New and modified: 0

[28/May/2023:22:40:37] UPDATING PREPAGATI (JobID: e8f126cf-d818-4d67-af59-345beca857dd)
 - New and modified: 0

[28/May/2023:22:40:37] DELETING PREPAGATI (JobID: e8f126cf-d818-4d67-af59-345beca857dd)
 - Deleted: 0

[28/May/2023:22:50:04] UPDATING ACCOUNTS (JobID: 8c76c69a-e585-4e1c-a9da-5538b395b3ff)
 - New and modified: 0

[28/May/2023:22:50:04] DELETING ACCOUNTS (JobID: 8c76c69a-e585-4e1c-a9da-5538b395b3ff)
 - Deleted: 0

[28/May/2023:22:50:36] UPDATING PRODUCTS (JobID: f54849d6-db9b-4adb-a91c-542d1590d439)
 - New and modified: 0

[28/May/2023:22:50:38] UPDATING PREPAGATI (JobID: 1e1248f8-0f7c-4d95-81b5-592d23d8da06)
 - New and modified: 0

[28/May/2023:22:50:38] DELETING PREPAGATI (JobID: 1e1248f8-0f7c-4d95-81b5-592d23d8da06)
 - Deleted: 0

[28/May/2023:23:00:04] UPDATING ACCOUNTS (JobID: afed9723-2474-411c-b9aa-4b98854d25c7)
 - New and modified: 0

[28/May/2023:23:00:04] DELETING ACCOUNTS (JobID: afed9723-2474-411c-b9aa-4b98854d25c7)
 - Deleted: 0

[28/May/2023:23:00:36] UPDATING PRODUCTS (JobID: 25323bde-f6e9-4f35-96f1-0b1f1d902215)
 - New and modified: 0

[28/May/2023:23:00:38] UPDATING PREPAGATI (JobID: 5e569848-076d-4480-a05b-86d573224a41)
 - New and modified: 0

[28/May/2023:23:00:38] DELETING PREPAGATI (JobID: 5e569848-076d-4480-a05b-86d573224a41)
 - Deleted: 0

[28/May/2023:23:10:04] UPDATING ACCOUNTS (JobID: 9068fd1f-9f97-4747-961d-a6220b2a84ca)
 - New and modified: 0

[28/May/2023:23:10:04] DELETING ACCOUNTS (JobID: 9068fd1f-9f97-4747-961d-a6220b2a84ca)
 - Deleted: 0

[28/May/2023:23:10:36] UPDATING PRODUCTS (JobID: fd08697f-fc57-4c02-a6ba-7ced6b655e28)
 - New and modified: 0

[28/May/2023:23:10:38] UPDATING PREPAGATI (JobID: a358681f-300f-4643-b890-ebc15372429a)
 - New and modified: 0

[28/May/2023:23:10:38] DELETING PREPAGATI (JobID: a358681f-300f-4643-b890-ebc15372429a)
 - Deleted: 0

[28/May/2023:23:20:04] UPDATING ACCOUNTS (JobID: 137abff9-7fa4-4a23-8e54-8df8bccf25b3)
 - New and modified: 0

[28/May/2023:23:20:04] DELETING ACCOUNTS (JobID: 137abff9-7fa4-4a23-8e54-8df8bccf25b3)
 - Deleted: 0

[28/May/2023:23:20:36] UPDATING PRODUCTS (JobID: cd06342b-7849-48ec-8720-a96abedd3383)
 - New and modified: 0

[28/May/2023:23:20:38] UPDATING PREPAGATI (JobID: 984f8752-4733-4879-966f-01910cf2ed65)
 - New and modified: 0

[28/May/2023:23:20:38] DELETING PREPAGATI (JobID: 984f8752-4733-4879-966f-01910cf2ed65)
 - Deleted: 0

[28/May/2023:23:30:04] UPDATING ACCOUNTS (JobID: 956b0df0-1e43-481a-9472-3ed34cdc555a)
 - New and modified: 0

[28/May/2023:23:30:04] DELETING ACCOUNTS (JobID: 956b0df0-1e43-481a-9472-3ed34cdc555a)
 - Deleted: 0

[28/May/2023:23:30:38] UPDATING PRODUCTS (JobID: c32cdf23-0a72-492c-ad2b-495ad77f30ea)
 - New and modified: 0

[28/May/2023:23:30:39] UPDATING PREPAGATI (JobID: 3f147e99-5ed5-4f35-99c1-f07779ea3af8)
 - New and modified: 0

[28/May/2023:23:30:39] DELETING PREPAGATI (JobID: 3f147e99-5ed5-4f35-99c1-f07779ea3af8)
 - Deleted: 0

[28/May/2023:23:40:04] UPDATING ACCOUNTS (JobID: a66ebed1-3761-4bf2-8704-9116751c270c)
 - New and modified: 0

[28/May/2023:23:40:04] DELETING ACCOUNTS (JobID: a66ebed1-3761-4bf2-8704-9116751c270c)
 - Deleted: 0

[28/May/2023:23:40:36] UPDATING PRODUCTS (JobID: 66a4d133-a80c-4dc4-b50b-bfcf9eff4926)
 - New and modified: 0

[28/May/2023:23:40:38] UPDATING PREPAGATI (JobID: b5c42987-21fc-4d7f-8594-c9826d00bbf3)
 - New and modified: 0

[28/May/2023:23:40:38] DELETING PREPAGATI (JobID: b5c42987-21fc-4d7f-8594-c9826d00bbf3)
 - Deleted: 0

[28/May/2023:23:50:04] UPDATING ACCOUNTS (JobID: 9dcdd7b9-1fd6-432a-bb33-da054bdede46)
 - New and modified: 0

[28/May/2023:23:50:04] DELETING ACCOUNTS (JobID: 9dcdd7b9-1fd6-432a-bb33-da054bdede46)
 - Deleted: 0

[28/May/2023:23:50:38] UPDATING PRODUCTS (JobID: 28857ac4-0dab-4876-9d3b-957a6fb69906)
 - New and modified: 0

[28/May/2023:23:50:40] UPDATING PREPAGATI (JobID: 27cb563a-c203-4bfa-afea-495da20d2fb4)
 - New and modified: 0

[28/May/2023:23:50:40] DELETING PREPAGATI (JobID: 27cb563a-c203-4bfa-afea-495da20d2fb4)
 - Deleted: 0

