[04/Aug/2023:01:00:09] UPDATING ACCOUNTS (JobID: 165b0022-3e5d-4cea-af9a-29899909855a)
 - New and modified: 0

[04/Aug/2023:01:00:09] DELETING ACCOUNTS (JobID: 165b0022-3e5d-4cea-af9a-29899909855a)
 - Deleted: 0

[04/Aug/2023:01:00:41] UPDATING PRODUCTS (JobID: 0be94bce-9a5e-4dd8-a46d-3a8d5ad46aaa)
 - New and modified: 0

[04/Aug/2023:01:00:44] UPDATING PREPAGATI (JobID: e9b41167-15bd-4c87-9516-fd44a4ba1b9d)
 - New and modified: 0

[04/Aug/2023:01:00:44] DELETING PREPAGATI (JobID: e9b41167-15bd-4c87-9516-fd44a4ba1b9d)
 - Deleted: 0

[04/Aug/2023:03:00:07] UPDATING ACCOUNTS (JobID: 38242dcf-34ed-47e8-b16c-244609919b3c)
 - New and modified: 0

[04/Aug/2023:03:00:07] DELETING ACCOUNTS (JobID: 38242dcf-34ed-47e8-b16c-244609919b3c)
 - Deleted: 0

[04/Aug/2023:03:00:39] UPDATING PRODUCTS (JobID: c6c97048-ee8a-4f5d-b2d1-97f3d9395d61)
 - New and modified: 0

[04/Aug/2023:03:00:41] UPDATING PREPAGATI (JobID: 66d7d543-9cb8-487c-b27c-5a5383722c02)
 - New and modified: 0

[04/Aug/2023:03:00:41] DELETING PREPAGATI (JobID: 66d7d543-9cb8-487c-b27c-5a5383722c02)
 - Deleted: 0

[04/Aug/2023:04:00:04] UPDATING ACCOUNTS (JobID: a23bb382-fe42-4f9c-a88b-01b3151fbbb2)
 - New and modified: 0

[04/Aug/2023:04:00:04] DELETING ACCOUNTS (JobID: a23bb382-fe42-4f9c-a88b-01b3151fbbb2)
 - Deleted: 0

[04/Aug/2023:04:00:34] UPDATING PRODUCTS (JobID: 5e6093bf-e977-4cc8-b03d-85498d2ea01a)
 - New and modified: 0

[04/Aug/2023:04:00:36] UPDATING PREPAGATI (JobID: 124bdf69-adb2-45b8-a6ed-2cee1ef50ab7)
 - New and modified: 0

[04/Aug/2023:04:00:36] DELETING PREPAGATI (JobID: 124bdf69-adb2-45b8-a6ed-2cee1ef50ab7)
 - Deleted: 0

[04/Aug/2023:04:30:04] UPDATING ACCOUNTS (JobID: 570e0d57-ae75-4b0b-b1e3-e3db18ade4a1)
 - New and modified: 0

[04/Aug/2023:04:30:04] DELETING ACCOUNTS (JobID: 570e0d57-ae75-4b0b-b1e3-e3db18ade4a1)
 - Deleted: 0

[04/Aug/2023:04:30:35] UPDATING PRODUCTS (JobID: c92e4893-e8f0-459b-9efa-29dae7b1dd4e)
 - New and modified: 0

[04/Aug/2023:04:30:36] UPDATING PREPAGATI (JobID: 77aad5b7-a610-4b7b-b727-c95fec82e91e)
 - New and modified: 0

[04/Aug/2023:04:30:36] DELETING PREPAGATI (JobID: 77aad5b7-a610-4b7b-b727-c95fec82e91e)
 - Deleted: 0

[04/Aug/2023:06:30:09] UPDATING ACCOUNTS (JobID: a81be872-6a26-45d6-bcf5-95d14c9e25d5)
 - New and modified: 0

[04/Aug/2023:06:30:09] DELETING ACCOUNTS (JobID: a81be872-6a26-45d6-bcf5-95d14c9e25d5)
 - Deleted: 0

[04/Aug/2023:06:30:41] UPDATING PRODUCTS (JobID: 3405b6b5-64a8-4f47-805b-8ba6a0849543)
 - New and modified: 0

[04/Aug/2023:06:30:43] UPDATING PREPAGATI (JobID: 9e307917-f4f9-44ad-99cb-7cad5b23485d)
 - New and modified: 0

[04/Aug/2023:06:30:43] DELETING PREPAGATI (JobID: 9e307917-f4f9-44ad-99cb-7cad5b23485d)
 - Deleted: 0

[04/Aug/2023:07:30:08] UPDATING ACCOUNTS (JobID: 5714ef62-a3ae-4019-9530-bdcc799fd62e)
 - New and modified: 0

[04/Aug/2023:07:30:08] DELETING ACCOUNTS (JobID: 5714ef62-a3ae-4019-9530-bdcc799fd62e)
 - Deleted: 0

[04/Aug/2023:07:30:39] UPDATING PRODUCTS (JobID: 80bb5dbd-e6e6-45e3-aed8-84952189876d)
 - New and modified: 0

[04/Aug/2023:07:30:42] UPDATING PREPAGATI (JobID: 6213be55-77c7-4b59-9878-a651a8506bea)
 - New and modified: 0

[04/Aug/2023:07:30:42] DELETING PREPAGATI (JobID: 6213be55-77c7-4b59-9878-a651a8506bea)
 - Deleted: 0

[04/Aug/2023:10:30:04] UPDATING ACCOUNTS (JobID: bbca9ed5-ad58-47bf-bc9e-1e660feb9a43)
 - New and modified: 0

[04/Aug/2023:10:30:04] DELETING ACCOUNTS (JobID: bbca9ed5-ad58-47bf-bc9e-1e660feb9a43)
 - Deleted: 0

[04/Aug/2023:10:30:36] UPDATING PRODUCTS (JobID: 0da8e718-8714-4fa1-b860-d388f2c298d5)
 - New and modified: 0

[04/Aug/2023:10:30:39] UPDATING PREPAGATI (JobID: 2881484f-3ee9-4ba4-804b-87a69e7eb1a8)
 - New and modified: 0

[04/Aug/2023:10:30:39] DELETING PREPAGATI (JobID: 2881484f-3ee9-4ba4-804b-87a69e7eb1a8)
 - Deleted: 0

[04/Aug/2023:11:30:07] UPDATING ACCOUNTS (JobID: 250a3402-0a9b-46b9-adae-2943f7af4fff)
 - New and modified: 0

[04/Aug/2023:11:30:07] DELETING ACCOUNTS (JobID: 250a3402-0a9b-46b9-adae-2943f7af4fff)
 - Deleted: 0

[04/Aug/2023:11:30:38] UPDATING PRODUCTS (JobID: 43f39e3f-8a0d-432b-9aaa-a86eaefd50b0)
 - New and modified: 0

[04/Aug/2023:11:30:41] UPDATING PREPAGATI (JobID: 06431992-5c64-46f5-8396-59cf726b2820)
 - New and modified: 0

[04/Aug/2023:11:30:41] DELETING PREPAGATI (JobID: 06431992-5c64-46f5-8396-59cf726b2820)
 - Deleted: 0

[04/Aug/2023:13:00:07] UPDATING ACCOUNTS (JobID: c0ccda6c-9159-4412-984a-ed887a86bd33)
 - New and modified: 0

[04/Aug/2023:13:00:07] DELETING ACCOUNTS (JobID: c0ccda6c-9159-4412-984a-ed887a86bd33)
 - Deleted: 0

[04/Aug/2023:13:00:38] UPDATING PRODUCTS (JobID: 33f78ebb-7a1d-442f-a45a-a4f18818828c)
 - New and modified: 0

[04/Aug/2023:13:00:41] UPDATING PREPAGATI (JobID: 5d174a6b-59e2-4224-a0b4-38b80cacdcde)
 - New and modified: 0

[04/Aug/2023:13:00:41] DELETING PREPAGATI (JobID: 5d174a6b-59e2-4224-a0b4-38b80cacdcde)
 - Deleted: 0

[04/Aug/2023:13:30:04] UPDATING ACCOUNTS (JobID: 0c8055ac-7632-431f-8286-e9838d24125d)
 - New and modified: 0

[04/Aug/2023:13:30:04] DELETING ACCOUNTS (JobID: 0c8055ac-7632-431f-8286-e9838d24125d)
 - Deleted: 0

[04/Aug/2023:13:30:34] UPDATING PRODUCTS (JobID: 876454bf-2bd1-473b-8bc7-69e77f6e002c)
 - New and modified: 0

[04/Aug/2023:13:30:35] UPDATING PREPAGATI (JobID: dbaf20fc-3362-4760-af62-fcfb9528c851)
 - New and modified: 0

[04/Aug/2023:13:30:36] DELETING PREPAGATI (JobID: dbaf20fc-3362-4760-af62-fcfb9528c851)
 - Deleted: 0

[04/Aug/2023:16:30:07] UPDATING ACCOUNTS (JobID: f72b04ff-3a3e-406e-b4cf-6385f5f304b5)
 - New and modified: 0

[04/Aug/2023:16:30:07] DELETING ACCOUNTS (JobID: f72b04ff-3a3e-406e-b4cf-6385f5f304b5)
 - Deleted: 0

[04/Aug/2023:16:30:41] UPDATING PRODUCTS (JobID: 1c54c88a-de64-4da0-8ca0-c02d8740df39)
 - New and modified: 0

[04/Aug/2023:16:30:44] UPDATING PREPAGATI (JobID: 90f69195-5cb7-4e37-83de-717d97290f27)
 - New and modified: 0

[04/Aug/2023:16:30:44] DELETING PREPAGATI (JobID: 90f69195-5cb7-4e37-83de-717d97290f27)
 - Deleted: 0

[04/Aug/2023:17:00:09] UPDATING ACCOUNTS (JobID: 6bd6756a-9663-4d23-9b6f-6996b53ca765)
 - New and modified: 0

[04/Aug/2023:17:00:09] DELETING ACCOUNTS (JobID: 6bd6756a-9663-4d23-9b6f-6996b53ca765)
 - Deleted: 0

[04/Aug/2023:17:00:39] UPDATING PRODUCTS (JobID: e54262de-b58b-41f8-b961-c9b684f388a5)
 - New and modified: 0

[04/Aug/2023:17:00:42] UPDATING PREPAGATI (JobID: 34c9c64d-a987-4587-886f-033e993f688c)
 - New and modified: 0

[04/Aug/2023:17:00:42] DELETING PREPAGATI (JobID: 34c9c64d-a987-4587-886f-033e993f688c)
 - Deleted: 0

[04/Aug/2023:21:00:07] UPDATING ACCOUNTS (JobID: ea8c9320-1f29-4334-ae3f-25756938dcf0)
 - New and modified: 0

[04/Aug/2023:21:00:07] DELETING ACCOUNTS (JobID: ea8c9320-1f29-4334-ae3f-25756938dcf0)
 - Deleted: 0

[04/Aug/2023:21:00:39] UPDATING PRODUCTS (JobID: 83b0dcdc-3a49-4365-83a2-d5047f614c71)
 - New and modified: 0

[04/Aug/2023:21:00:42] UPDATING PREPAGATI (JobID: d24a6e5e-8ed1-4ee4-8892-ddb9798063e3)
 - New and modified: 0

[04/Aug/2023:21:00:42] DELETING PREPAGATI (JobID: d24a6e5e-8ed1-4ee4-8892-ddb9798063e3)
 - Deleted: 0

[04/Aug/2023:22:00:07] UPDATING ACCOUNTS (JobID: 831e21be-5422-4193-8a09-d8e82a218dd4)
 - New and modified: 0

[04/Aug/2023:22:00:07] DELETING ACCOUNTS (JobID: 831e21be-5422-4193-8a09-d8e82a218dd4)
 - Deleted: 0

[04/Aug/2023:22:00:38] UPDATING PRODUCTS (JobID: c16787e2-a114-41e6-8601-f9b68bf7f2f8)
 - New and modified: 0

[04/Aug/2023:22:00:41] UPDATING PREPAGATI (JobID: b13e3074-a6bf-4cdf-944f-37fadda7ca70)
 - New and modified: 0

[04/Aug/2023:22:00:41] DELETING PREPAGATI (JobID: b13e3074-a6bf-4cdf-944f-37fadda7ca70)
 - Deleted: 0

[04/Aug/2023:22:30:08] UPDATING ACCOUNTS (JobID: 7607a328-013a-429c-972e-2e31630056b9)
 - New and modified: 0

[04/Aug/2023:22:30:08] DELETING ACCOUNTS (JobID: 7607a328-013a-429c-972e-2e31630056b9)
 - Deleted: 0

[04/Aug/2023:22:30:38] UPDATING PRODUCTS (JobID: 6ac5b1ef-5fcb-461f-b31e-e95413d854a7)
 - New and modified: 0

[04/Aug/2023:22:30:41] UPDATING PREPAGATI (JobID: 7ef3fe08-a7de-4cf3-8b03-1ea0fb5aa2bc)
 - New and modified: 0

[04/Aug/2023:22:30:41] DELETING PREPAGATI (JobID: 7ef3fe08-a7de-4cf3-8b03-1ea0fb5aa2bc)
 - Deleted: 0

[04/Aug/2023:23:30:07] UPDATING ACCOUNTS (JobID: 76214aa5-13da-4236-9a78-c3ac23f2aa03)
 - New and modified: 0

[04/Aug/2023:23:30:07] DELETING ACCOUNTS (JobID: 76214aa5-13da-4236-9a78-c3ac23f2aa03)
 - Deleted: 0

[04/Aug/2023:23:30:37] UPDATING PRODUCTS (JobID: 97d0767e-9a71-426f-9521-beefa2ee16be)
 - New and modified: 0

[04/Aug/2023:23:30:40] UPDATING PREPAGATI (JobID: ef3da25f-446d-4842-b59c-591fb028f7ce)
 - New and modified: 0

[04/Aug/2023:23:30:40] DELETING PREPAGATI (JobID: ef3da25f-446d-4842-b59c-591fb028f7ce)
 - Deleted: 0

