[12/Aug/2023:00:00:07] UPDATING ACCOUNTS (JobID: 65404a1d-61b1-4e6b-ab50-958276673156)
 - New and modified: 0

[12/Aug/2023:00:00:07] DELETING ACCOUNTS (JobID: 65404a1d-61b1-4e6b-ab50-958276673156)
 - Deleted: 0

[12/Aug/2023:00:00:40] UPDATING PRODUCTS (JobID: 58a7c3a3-2163-4b00-b8bd-407ebfef9b1b)
 - New and modified: 0

[12/Aug/2023:00:00:43] UPDATING PREPAGATI (JobID: d53a2a88-7b88-4f6a-af20-e30646865624)
 - New and modified: 0

[12/Aug/2023:00:00:43] DELETING PREPAGATI (JobID: d53a2a88-7b88-4f6a-af20-e30646865624)
 - Deleted: 0

[12/Aug/2023:03:00:07] UPDATING ACCOUNTS (JobID: 8b2bfcc1-971b-453c-a644-902017289e6e)
 - New and modified: 0

[12/Aug/2023:03:00:07] DELETING ACCOUNTS (JobID: 8b2bfcc1-971b-453c-a644-902017289e6e)
 - Deleted: 0

[12/Aug/2023:03:00:41] UPDATING PRODUCTS (JobID: 274c185a-281c-49b0-b55c-13a5e61cab59)
 - New and modified: 0

[12/Aug/2023:03:00:43] UPDATING PREPAGATI (JobID: 94223cf3-b728-4238-b6a4-56a0723e0ec9)
 - New and modified: 0

[12/Aug/2023:03:00:43] DELETING PREPAGATI (JobID: 94223cf3-b728-4238-b6a4-56a0723e0ec9)
 - Deleted: 0

[12/Aug/2023:03:30:08] UPDATING ACCOUNTS (JobID: e830ac91-f549-42e8-8076-0c632c714d9f)
 - New and modified: 0

[12/Aug/2023:03:30:08] DELETING ACCOUNTS (JobID: e830ac91-f549-42e8-8076-0c632c714d9f)
 - Deleted: 0

[12/Aug/2023:03:30:41] UPDATING PRODUCTS (JobID: 1626319c-2293-4df1-997f-d2bbfdeca0be)
 - New and modified: 0

[12/Aug/2023:03:30:43] UPDATING PREPAGATI (JobID: face6192-c773-4d38-b284-fed2d555950c)
 - New and modified: 0

[12/Aug/2023:03:30:43] DELETING PREPAGATI (JobID: face6192-c773-4d38-b284-fed2d555950c)
 - Deleted: 0

[12/Aug/2023:05:00:08] UPDATING ACCOUNTS (JobID: 5981c660-8244-4343-9254-34e1f9e33847)
 - New and modified: 0

[12/Aug/2023:05:00:08] DELETING ACCOUNTS (JobID: 5981c660-8244-4343-9254-34e1f9e33847)
 - Deleted: 0

[12/Aug/2023:05:00:40] UPDATING PRODUCTS (JobID: 47a006c0-f0c1-4279-a2a5-5cc9b8fa88cf)
 - New and modified: 0

[12/Aug/2023:05:00:43] UPDATING PREPAGATI (JobID: 3c2620bf-3355-41c0-8585-410dae6644a5)
 - New and modified: 0

[12/Aug/2023:05:00:43] DELETING PREPAGATI (JobID: 3c2620bf-3355-41c0-8585-410dae6644a5)
 - Deleted: 0

[12/Aug/2023:06:00:09] UPDATING ACCOUNTS (JobID: 7b24909c-ccf3-4250-9ee2-a27084fe7890)
 - New and modified: 0

[12/Aug/2023:06:00:09] DELETING ACCOUNTS (JobID: 7b24909c-ccf3-4250-9ee2-a27084fe7890)
 - Deleted: 0

[12/Aug/2023:06:00:42] UPDATING PRODUCTS (JobID: cc769145-6b37-4795-b401-238402b007fa)
 - New and modified: 0

[12/Aug/2023:06:00:45] UPDATING PREPAGATI (JobID: 663e9fa4-560c-4cf8-8a4d-41d4d5b4ac26)
 - New and modified: 0

[12/Aug/2023:06:00:45] DELETING PREPAGATI (JobID: 663e9fa4-560c-4cf8-8a4d-41d4d5b4ac26)
 - Deleted: 0

[12/Aug/2023:07:00:08] UPDATING ACCOUNTS (JobID: 30f7c4c0-f72a-40ac-97b3-3e8850d525d3)
 - New and modified: 0

[12/Aug/2023:07:00:08] DELETING ACCOUNTS (JobID: 30f7c4c0-f72a-40ac-97b3-3e8850d525d3)
 - Deleted: 0

[12/Aug/2023:07:00:42] UPDATING PRODUCTS (JobID: d7d411c5-867e-4970-bb36-97419367f93f)
 - New and modified: 0

[12/Aug/2023:07:00:45] UPDATING PREPAGATI (JobID: 98e7308a-613a-446f-82bb-dba5ff596652)
 - New and modified: 0

[12/Aug/2023:07:00:45] DELETING PREPAGATI (JobID: 98e7308a-613a-446f-82bb-dba5ff596652)
 - Deleted: 0

[12/Aug/2023:08:00:04] UPDATING ACCOUNTS (JobID: 1beb6611-4446-4de5-aa57-14e02ca4269c)
 - New and modified: 0

[12/Aug/2023:08:00:04] DELETING ACCOUNTS (JobID: 1beb6611-4446-4de5-aa57-14e02ca4269c)
 - Deleted: 0

[12/Aug/2023:08:00:38] UPDATING PRODUCTS (JobID: 1855a1cf-904c-4b60-b949-380e867f559a)
 - New and modified: 0

[12/Aug/2023:08:00:41] UPDATING PREPAGATI (JobID: 05624cd6-a9c1-40b9-9e70-532a1471f21a)
 - New and modified: 0

[12/Aug/2023:08:00:41] DELETING PREPAGATI (JobID: 05624cd6-a9c1-40b9-9e70-532a1471f21a)
 - Deleted: 0

[12/Aug/2023:12:30:07] UPDATING ACCOUNTS (JobID: ff0be3c5-0817-4af4-849e-747e518e2bc4)
 - New and modified: 0

[12/Aug/2023:12:30:07] DELETING ACCOUNTS (JobID: ff0be3c5-0817-4af4-849e-747e518e2bc4)
 - Deleted: 0

[12/Aug/2023:12:30:38] UPDATING PRODUCTS (JobID: d9458683-8ecd-4cfe-9c61-945937ebc377)
 - New and modified: 0

[12/Aug/2023:12:30:41] UPDATING PREPAGATI (JobID: b87f7008-3880-4520-8849-9843693dc30f)
 - New and modified: 0

[12/Aug/2023:12:30:41] DELETING PREPAGATI (JobID: b87f7008-3880-4520-8849-9843693dc30f)
 - Deleted: 0

[12/Aug/2023:16:00:07] UPDATING ACCOUNTS (JobID: 90e56123-9fb7-4d9d-91db-afd9b4dd217d)
 - New and modified: 0

[12/Aug/2023:16:00:07] DELETING ACCOUNTS (JobID: 90e56123-9fb7-4d9d-91db-afd9b4dd217d)
 - Deleted: 0

[12/Aug/2023:16:00:40] UPDATING PRODUCTS (JobID: 8797ddd0-1e94-42b4-b6d7-244588efdd41)
 - New and modified: 0

[12/Aug/2023:16:00:43] UPDATING PREPAGATI (JobID: a211295c-d6f5-4410-93b3-94aee508323b)
 - New and modified: 0

[12/Aug/2023:16:00:43] DELETING PREPAGATI (JobID: a211295c-d6f5-4410-93b3-94aee508323b)
 - Deleted: 0

[12/Aug/2023:18:30:07] UPDATING ACCOUNTS (JobID: 4375a004-9a4d-4739-8c56-90b1a9c6de35)
 - New and modified: 0

[12/Aug/2023:18:30:07] DELETING ACCOUNTS (JobID: 4375a004-9a4d-4739-8c56-90b1a9c6de35)
 - Deleted: 0

[12/Aug/2023:18:30:37] UPDATING PRODUCTS (JobID: a5d911db-196b-48f4-8b25-19cee109aab1)
 - New and modified: 0

[12/Aug/2023:18:30:40] UPDATING PREPAGATI (JobID: 8ba4975e-b8ce-4fda-bd56-c7fb848a7a56)
 - New and modified: 0

[12/Aug/2023:18:30:40] DELETING PREPAGATI (JobID: 8ba4975e-b8ce-4fda-bd56-c7fb848a7a56)
 - Deleted: 0

[12/Aug/2023:22:00:09] UPDATING ACCOUNTS (JobID: 5ac70fd3-7366-4492-be22-73ffad66bcbb)
 - New and modified: 0

[12/Aug/2023:22:00:09] DELETING ACCOUNTS (JobID: 5ac70fd3-7366-4492-be22-73ffad66bcbb)
 - Deleted: 0

[12/Aug/2023:22:00:41] UPDATING PRODUCTS (JobID: 885f5d3e-463a-436a-bcae-9a47f85bd62d)
 - New and modified: 0

[12/Aug/2023:22:00:44] UPDATING PREPAGATI (JobID: cd90da85-60f4-48a1-999f-621de77bf55c)
 - New and modified: 0

[12/Aug/2023:22:00:44] DELETING PREPAGATI (JobID: cd90da85-60f4-48a1-999f-621de77bf55c)
 - Deleted: 0

[12/Aug/2023:22:30:08] UPDATING ACCOUNTS (JobID: 58661e19-d9a2-44fa-992b-59fe006c030f)
 - New and modified: 0

[12/Aug/2023:22:30:08] DELETING ACCOUNTS (JobID: 58661e19-d9a2-44fa-992b-59fe006c030f)
 - Deleted: 0

[12/Aug/2023:22:30:41] UPDATING PRODUCTS (JobID: 3b7e173c-3fee-4374-ac6d-c20942c4a1bb)
 - New and modified: 0

[12/Aug/2023:22:30:44] UPDATING PREPAGATI (JobID: d42a7023-a001-4f72-b12e-947c66f1d4d3)
 - New and modified: 0

[12/Aug/2023:22:30:44] DELETING PREPAGATI (JobID: d42a7023-a001-4f72-b12e-947c66f1d4d3)
 - Deleted: 0

[12/Aug/2023:23:00:07] UPDATING ACCOUNTS (JobID: ee466895-d2b7-4c53-82a3-749cd46b008a)
 - New and modified: 0

[12/Aug/2023:23:00:07] DELETING ACCOUNTS (JobID: ee466895-d2b7-4c53-82a3-749cd46b008a)
 - Deleted: 0

[12/Aug/2023:23:00:39] UPDATING PRODUCTS (JobID: ab538640-9d6c-425b-a54c-f31b10dea46a)
 - New and modified: 0

[12/Aug/2023:23:00:42] UPDATING PREPAGATI (JobID: 0e6d744b-ad76-4338-8c5f-80e842a18e97)
 - New and modified: 0

[12/Aug/2023:23:00:42] DELETING PREPAGATI (JobID: 0e6d744b-ad76-4338-8c5f-80e842a18e97)
 - Deleted: 0

[12/Aug/2023:23:30:09] UPDATING ACCOUNTS (JobID: fb6cecd9-8571-4b53-a8f2-654f5f56dc74)
 - New and modified: 0

[12/Aug/2023:23:30:09] DELETING ACCOUNTS (JobID: fb6cecd9-8571-4b53-a8f2-654f5f56dc74)
 - Deleted: 0

[12/Aug/2023:23:30:43] UPDATING PRODUCTS (JobID: 76b8f83b-237a-4c50-85a8-bb6350ca1629)
 - New and modified: 0

[12/Aug/2023:23:30:45] UPDATING PREPAGATI (JobID: 9a58e947-7580-408e-8b3e-adcae7ad2f4a)
 - New and modified: 0

[12/Aug/2023:23:30:45] DELETING PREPAGATI (JobID: 9a58e947-7580-408e-8b3e-adcae7ad2f4a)
 - Deleted: 0

