[05/Oct/2023:00:00:04] UPDATING ACCOUNTS (JobID: 33603217-694f-4d2e-8a81-f9bd89148b7c)
 - New and modified: 0

[05/Oct/2023:00:00:04] DELETING ACCOUNTS (JobID: 33603217-694f-4d2e-8a81-f9bd89148b7c)
 - Deleted: 0

[05/Oct/2023:00:00:36] UPDATING PRODUCTS (JobID: 46e377f8-5914-46ac-ae2a-696295bbb1ae)
 - New and modified: 0

[05/Oct/2023:00:00:38] UPDATING PREPAGATI (JobID: 53b8f2fa-57c2-44aa-9b0e-41c81e76c77f)
 - New and modified: 0

[05/Oct/2023:00:00:38] DELETING PREPAGATI (JobID: 53b8f2fa-57c2-44aa-9b0e-41c81e76c77f)
 - Deleted: 0

[05/Oct/2023:00:30:04] UPDATING ACCOUNTS (JobID: d6733234-2eb1-405b-b417-0ce966ded27d)
 - New and modified: 0

[05/Oct/2023:00:30:04] DELETING ACCOUNTS (JobID: d6733234-2eb1-405b-b417-0ce966ded27d)
 - Deleted: 0

[05/Oct/2023:00:30:38] UPDATING PRODUCTS (JobID: dcd44c45-2e6a-4cb6-8e77-cc2d7b1a94c5)
 - New and modified: 0

[05/Oct/2023:00:30:41] UPDATING PREPAGATI (JobID: 2a49e290-cbd9-48e1-8ceb-86981e5877d6)
 - New and modified: 0

[05/Oct/2023:00:30:41] DELETING PREPAGATI (JobID: 2a49e290-cbd9-48e1-8ceb-86981e5877d6)
 - Deleted: 0

[05/Oct/2023:01:00:09] UPDATING ACCOUNTS (JobID: 2a7b6101-9180-4a29-b6b5-adee84a6b96d)
 - New and modified: 0

[05/Oct/2023:01:00:09] DELETING ACCOUNTS (JobID: 2a7b6101-9180-4a29-b6b5-adee84a6b96d)
 - Deleted: 0

[05/Oct/2023:01:00:43] UPDATING PRODUCTS (JobID: 22dc52e6-d33a-490b-aa2a-b0470f95310b)
 - New and modified: 0

[05/Oct/2023:01:00:47] UPDATING PREPAGATI (JobID: b50b0945-ef60-4d27-a0eb-742b3c817e3b)
 - New and modified: 0

[05/Oct/2023:01:00:47] DELETING PREPAGATI (JobID: b50b0945-ef60-4d27-a0eb-742b3c817e3b)
 - Deleted: 0

[05/Oct/2023:01:30:03] UPDATING ACCOUNTS (JobID: 43006302-ff16-461a-a518-cb76d7ff2ac3)
 - New and modified: 0

[05/Oct/2023:01:30:03] DELETING ACCOUNTS (JobID: 43006302-ff16-461a-a518-cb76d7ff2ac3)
 - Deleted: 0

[05/Oct/2023:01:30:36] UPDATING PRODUCTS (JobID: 5b72bb0b-3696-4ccc-bbfb-4f1b2fce6bd6)
 - New and modified: 0

[05/Oct/2023:01:30:38] UPDATING PREPAGATI (JobID: 75f086b0-ebe4-4833-a3f1-69d8ad368657)
 - New and modified: 0

[05/Oct/2023:01:30:38] DELETING PREPAGATI (JobID: 75f086b0-ebe4-4833-a3f1-69d8ad368657)
 - Deleted: 0

[05/Oct/2023:02:00:11] UPDATING ACCOUNTS (JobID: 3395eeb9-8d33-47fb-8322-52c4d10cf293)
 - New and modified: 0

[05/Oct/2023:02:00:11] DELETING ACCOUNTS (JobID: 3395eeb9-8d33-47fb-8322-52c4d10cf293)
 - Deleted: 0

[05/Oct/2023:02:00:43] UPDATING PRODUCTS (JobID: f3e97ace-00dd-486d-b567-1609d3cc646a)
 - New and modified: 0

[05/Oct/2023:02:00:46] UPDATING PREPAGATI (JobID: 71a82d40-d770-493c-ba6a-b5171e89a3b3)
 - New and modified: 0

[05/Oct/2023:02:00:46] DELETING PREPAGATI (JobID: 71a82d40-d770-493c-ba6a-b5171e89a3b3)
 - Deleted: 0

[05/Oct/2023:02:30:09] UPDATING ACCOUNTS (JobID: 0ce5c3cf-4e42-4760-bd9b-56da9465312f)
 - New and modified: 0

[05/Oct/2023:02:30:09] DELETING ACCOUNTS (JobID: 0ce5c3cf-4e42-4760-bd9b-56da9465312f)
 - Deleted: 0

[05/Oct/2023:02:30:40] UPDATING PRODUCTS (JobID: 1ff895bb-fc40-47b9-a68a-4030cbb5ea70)
 - New and modified: 0

[05/Oct/2023:02:30:43] UPDATING PREPAGATI (JobID: f246d380-fd20-4993-9ca8-9f88dfaa5b10)
 - New and modified: 0

[05/Oct/2023:02:30:43] DELETING PREPAGATI (JobID: f246d380-fd20-4993-9ca8-9f88dfaa5b10)
 - Deleted: 0

[05/Oct/2023:03:00:09] UPDATING ACCOUNTS (JobID: 61823e95-cf8c-4a82-a92d-d9766f6fbc7c)
 - New and modified: 0

[05/Oct/2023:03:00:09] DELETING ACCOUNTS (JobID: 61823e95-cf8c-4a82-a92d-d9766f6fbc7c)
 - Deleted: 0

[05/Oct/2023:03:00:43] UPDATING PRODUCTS (JobID: 7d8b9275-ab07-4d90-807d-d1cb29c8d226)
 - New and modified: 0

[05/Oct/2023:03:00:46] UPDATING PREPAGATI (JobID: 059850e6-4bb4-4484-98af-171294511c3d)
 - New and modified: 0

[05/Oct/2023:03:00:46] DELETING PREPAGATI (JobID: 059850e6-4bb4-4484-98af-171294511c3d)
 - Deleted: 0

[05/Oct/2023:03:30:04] UPDATING ACCOUNTS (JobID: 0b2372e9-deb3-47cd-bd0d-115333f2b4d6)
 - New and modified: 0

[05/Oct/2023:03:30:04] DELETING ACCOUNTS (JobID: 0b2372e9-deb3-47cd-bd0d-115333f2b4d6)
 - Deleted: 0

[05/Oct/2023:03:30:35] UPDATING PRODUCTS (JobID: dbf974e0-c6f9-4b4e-a9c2-f0c1ab1d39eb)
 - New and modified: 0

[05/Oct/2023:03:30:37] UPDATING PREPAGATI (JobID: 03ae5457-c058-4a74-b5a9-b21b8bf1d88a)
 - New and modified: 0

[05/Oct/2023:03:30:37] DELETING PREPAGATI (JobID: 03ae5457-c058-4a74-b5a9-b21b8bf1d88a)
 - Deleted: 0

[05/Oct/2023:04:00:04] UPDATING ACCOUNTS (JobID: 4e99db02-2c4e-4a87-a4f7-2443827d9201)
 - New and modified: 0

[05/Oct/2023:04:00:04] DELETING ACCOUNTS (JobID: 4e99db02-2c4e-4a87-a4f7-2443827d9201)
 - Deleted: 0

[05/Oct/2023:04:00:34] UPDATING PRODUCTS (JobID: 36a7273d-6da0-4486-9b5f-73b7640d8331)
 - New and modified: 0

[05/Oct/2023:04:00:35] UPDATING PREPAGATI (JobID: 97256441-260b-4a59-9a86-deaee304aec5)
 - New and modified: 0

[05/Oct/2023:04:00:35] DELETING PREPAGATI (JobID: 97256441-260b-4a59-9a86-deaee304aec5)
 - Deleted: 0

[05/Oct/2023:04:30:09] UPDATING ACCOUNTS (JobID: 33f1c8b7-5a4e-499e-ae4e-8d790b310c39)
 - New and modified: 0

[05/Oct/2023:04:30:09] DELETING ACCOUNTS (JobID: 33f1c8b7-5a4e-499e-ae4e-8d790b310c39)
 - Deleted: 0

[05/Oct/2023:04:30:41] UPDATING PRODUCTS (JobID: 636b9189-5c72-430e-a9e8-35b62da76b31)
 - New and modified: 0

[05/Oct/2023:04:30:44] UPDATING PREPAGATI (JobID: 3d6bf06f-7a94-48c4-a343-0a59188c101d)
 - New and modified: 0

[05/Oct/2023:04:30:44] DELETING PREPAGATI (JobID: 3d6bf06f-7a94-48c4-a343-0a59188c101d)
 - Deleted: 0

[05/Oct/2023:05:00:04] UPDATING ACCOUNTS (JobID: 15c14141-8bfb-4260-b998-ba0e20374bc1)
 - New and modified: 0

[05/Oct/2023:05:00:04] DELETING ACCOUNTS (JobID: 15c14141-8bfb-4260-b998-ba0e20374bc1)
 - Deleted: 0

[05/Oct/2023:05:00:36] UPDATING PRODUCTS (JobID: ac10871b-2c0b-460f-8f70-ad41660a4102)
 - New and modified: 0

[05/Oct/2023:05:00:38] UPDATING PREPAGATI (JobID: 1afca997-3b65-44ab-814d-98c9318d2197)
 - New and modified: 0

[05/Oct/2023:05:00:38] DELETING PREPAGATI (JobID: 1afca997-3b65-44ab-814d-98c9318d2197)
 - Deleted: 0

[05/Oct/2023:05:30:09] UPDATING ACCOUNTS (JobID: ff4bc773-2291-4aa2-adf3-ffafa6fbd28d)
 - New and modified: 0

[05/Oct/2023:05:30:09] DELETING ACCOUNTS (JobID: ff4bc773-2291-4aa2-adf3-ffafa6fbd28d)
 - Deleted: 0

[05/Oct/2023:05:30:39] UPDATING PRODUCTS (JobID: 01b9b650-4bd6-4262-8fdd-98f71cb7532e)
 - New and modified: 0

[05/Oct/2023:05:30:42] UPDATING PREPAGATI (JobID: ad4f0d4b-de83-4910-967f-928754eb7205)
 - New and modified: 0

[05/Oct/2023:05:30:42] DELETING PREPAGATI (JobID: ad4f0d4b-de83-4910-967f-928754eb7205)
 - Deleted: 0

[05/Oct/2023:06:00:09] UPDATING ACCOUNTS (JobID: 5d36fad6-e549-4c0d-9c3f-f71e1a2b6d58)
 - New and modified: 0

[05/Oct/2023:06:00:09] DELETING ACCOUNTS (JobID: 5d36fad6-e549-4c0d-9c3f-f71e1a2b6d58)
 - Deleted: 0

[05/Oct/2023:06:00:40] UPDATING PRODUCTS (JobID: 917af544-17f6-48f3-8c07-19415108ddbe)
 - New and modified: 0

[05/Oct/2023:06:00:43] UPDATING PREPAGATI (JobID: 3627cc98-9694-4d12-972b-40141599f70d)
 - New and modified: 0

[05/Oct/2023:06:00:43] DELETING PREPAGATI (JobID: 3627cc98-9694-4d12-972b-40141599f70d)
 - Deleted: 0

[05/Oct/2023:06:30:04] UPDATING ACCOUNTS (JobID: f59f7319-daa1-410b-9089-187aab45796e)
 - New and modified: 0

[05/Oct/2023:06:30:04] DELETING ACCOUNTS (JobID: f59f7319-daa1-410b-9089-187aab45796e)
 - Deleted: 0

[05/Oct/2023:06:30:39] UPDATING PRODUCTS (JobID: 96d47ef0-cab7-47e3-a52f-c2ee0a24847b)
 - New and modified: 0

[05/Oct/2023:06:30:41] UPDATING PREPAGATI (JobID: e8b72793-70e8-4167-8368-2516ba0f3768)
 - New and modified: 0

[05/Oct/2023:06:30:41] DELETING PREPAGATI (JobID: e8b72793-70e8-4167-8368-2516ba0f3768)
 - Deleted: 0

[05/Oct/2023:07:00:30] UPDATING ACCOUNTS (JobID: 080dca98-86fb-4610-9dde-7fc769e8dd9c)
 - New and modified: 0

[05/Oct/2023:07:00:30] DELETING ACCOUNTS (JobID: 080dca98-86fb-4610-9dde-7fc769e8dd9c)
 - Deleted: 0

[05/Oct/2023:07:01:03] UPDATING PRODUCTS (JobID: 0bd4d491-3d48-40ed-b93f-e56f30ef92d7)
 - New and modified: 0

[05/Oct/2023:07:01:07] UPDATING PREPAGATI (JobID: 9574d30d-17fc-43b7-ac0c-bd634b45f8cb)
 - New and modified: 0

[05/Oct/2023:07:01:07] DELETING PREPAGATI (JobID: 9574d30d-17fc-43b7-ac0c-bd634b45f8cb)
 - Deleted: 0

[05/Oct/2023:07:30:04] UPDATING ACCOUNTS (JobID: d4dc767f-959c-421b-8060-9568497dbfb5)
 - New and modified: 0

[05/Oct/2023:07:30:04] DELETING ACCOUNTS (JobID: d4dc767f-959c-421b-8060-9568497dbfb5)
 - Deleted: 0

[05/Oct/2023:07:30:36] UPDATING PRODUCTS (JobID: f39f5ab7-3990-4295-9a90-b7a9c4bc2bbe)
 - New and modified: 0

[05/Oct/2023:07:30:38] UPDATING PREPAGATI (JobID: 0d8638e4-7673-4b06-949d-bf76b6aa8ff1)
 - New and modified: 0

[05/Oct/2023:07:30:38] DELETING PREPAGATI (JobID: 0d8638e4-7673-4b06-949d-bf76b6aa8ff1)
 - Deleted: 0

[05/Oct/2023:08:00:07] UPDATING ACCOUNTS (JobID: 0455eeb5-b27d-4288-b4de-ba9a00d65783)
 - New and modified: 0

[05/Oct/2023:08:00:07] DELETING ACCOUNTS (JobID: 0455eeb5-b27d-4288-b4de-ba9a00d65783)
 - Deleted: 0

[05/Oct/2023:08:00:39] UPDATING PRODUCTS (JobID: 59ae8f24-aa43-4650-9b1c-65723b84b097)
 - New and modified: 0

[05/Oct/2023:08:00:43] UPDATING PREPAGATI (JobID: e049c0b7-9488-4d92-befa-a0b8495f0aa6)
 - New and modified: 0

[05/Oct/2023:08:00:43] DELETING PREPAGATI (JobID: e049c0b7-9488-4d92-befa-a0b8495f0aa6)
 - Deleted: 0

[05/Oct/2023:08:30:04] UPDATING ACCOUNTS (JobID: 0d61fc72-0a98-4e41-b309-7dbfa5cd6675)
 - New and modified: 0

[05/Oct/2023:08:30:04] DELETING ACCOUNTS (JobID: 0d61fc72-0a98-4e41-b309-7dbfa5cd6675)
 - Deleted: 0

[05/Oct/2023:08:30:35] UPDATING PRODUCTS (JobID: ed2f3aab-ea92-46ff-99b2-19c1ad91ebaf)
 - New and modified: 0

[05/Oct/2023:08:30:37] UPDATING PREPAGATI (JobID: a450c9f3-812a-4311-8aca-1a456321d75f)
 - New and modified: 0

[05/Oct/2023:08:30:37] DELETING PREPAGATI (JobID: a450c9f3-812a-4311-8aca-1a456321d75f)
 - Deleted: 0

[05/Oct/2023:09:00:04] UPDATING ACCOUNTS (JobID: 34ed674c-b6fa-4522-828c-e32bb6dd4e0a)
 - New and modified: 0

[05/Oct/2023:09:00:04] DELETING ACCOUNTS (JobID: 34ed674c-b6fa-4522-828c-e32bb6dd4e0a)
 - Deleted: 0

[05/Oct/2023:09:00:36] UPDATING PRODUCTS (JobID: 3d0a75a2-98e8-43b3-9d68-34de302a8601)
 - New and modified: 0

[05/Oct/2023:09:00:41] UPDATING PREPAGATI (JobID: ee72d94a-42a0-4fa1-aeb7-962795a95390)
 - New and modified: 0

[05/Oct/2023:09:00:41] DELETING PREPAGATI (JobID: ee72d94a-42a0-4fa1-aeb7-962795a95390)
 - Deleted: 0

[05/Oct/2023:09:30:04] UPDATING ACCOUNTS (JobID: 58e321dd-6476-447d-a615-50b81c2a347c)
 - New and modified: 1
   0000176

[05/Oct/2023:09:30:04] DELETING ACCOUNTS (JobID: 58e321dd-6476-447d-a615-50b81c2a347c)
 - Deleted: 0

[05/Oct/2023:09:30:35] UPDATING PRODUCTS (JobID: 27f913ee-a356-48a2-9e98-edfe955f1f45)
 - New and modified: 0

[05/Oct/2023:09:30:37] UPDATING PREPAGATI (JobID: e15479ae-7a66-4fae-8d2b-ffee34791247)
 - New and modified: 0

[05/Oct/2023:09:30:37] DELETING PREPAGATI (JobID: e15479ae-7a66-4fae-8d2b-ffee34791247)
 - Deleted: 0

[05/Oct/2023:10:00:09] UPDATING ACCOUNTS (JobID: 15fb7ed9-fd3f-4543-9e0b-27bc5b49c9a7)
 - New and modified: 0

[05/Oct/2023:10:00:09] DELETING ACCOUNTS (JobID: 15fb7ed9-fd3f-4543-9e0b-27bc5b49c9a7)
 - Deleted: 0

[05/Oct/2023:10:00:41] UPDATING PRODUCTS (JobID: a763082f-8b66-492b-9180-4932a83ad270)
 - New and modified: 0

[05/Oct/2023:10:00:44] UPDATING PREPAGATI (JobID: 75fd9ac0-3010-40bc-a89e-ad7f46ca09b7)
 - New and modified: 0

[05/Oct/2023:10:00:44] DELETING PREPAGATI (JobID: 75fd9ac0-3010-40bc-a89e-ad7f46ca09b7)
 - Deleted: 0

[05/Oct/2023:10:30:08] UPDATING ACCOUNTS (JobID: 514a8ea1-6412-41be-9857-17d6051764fe)
 - New and modified: 0

[05/Oct/2023:10:30:08] DELETING ACCOUNTS (JobID: 514a8ea1-6412-41be-9857-17d6051764fe)
 - Deleted: 0

[05/Oct/2023:10:30:39] UPDATING PRODUCTS (JobID: 388e3fdb-068a-4276-9919-2a7b123d3b57)
 - New and modified: 0

[05/Oct/2023:10:30:42] UPDATING PREPAGATI (JobID: 0684638a-c927-48a2-bdb6-cbf55628d175)
 - New and modified: 0

[05/Oct/2023:10:30:42] DELETING PREPAGATI (JobID: 0684638a-c927-48a2-bdb6-cbf55628d175)
 - Deleted: 0

[05/Oct/2023:11:00:04] UPDATING ACCOUNTS (JobID: 2ee48971-f93c-4d51-8b06-9d4ad0145d9e)
 - New and modified: 0

[05/Oct/2023:11:00:04] DELETING ACCOUNTS (JobID: 2ee48971-f93c-4d51-8b06-9d4ad0145d9e)
 - Deleted: 0

[05/Oct/2023:11:00:35] UPDATING PRODUCTS (JobID: 282bcfcf-69ca-4434-b726-f2d4e156a327)
 - New and modified: 0

[05/Oct/2023:11:00:37] UPDATING PREPAGATI (JobID: 4f62ba4b-e63c-46e2-bc4a-240e323a140d)
 - New and modified: 0

[05/Oct/2023:11:00:37] DELETING PREPAGATI (JobID: 4f62ba4b-e63c-46e2-bc4a-240e323a140d)
 - Deleted: 0

[05/Oct/2023:11:30:09] UPDATING ACCOUNTS (JobID: 886502e7-65dd-4379-8815-f69d767c61ca)
 - New and modified: 0

[05/Oct/2023:11:30:09] DELETING ACCOUNTS (JobID: 886502e7-65dd-4379-8815-f69d767c61ca)
 - Deleted: 0

[05/Oct/2023:11:30:40] UPDATING PRODUCTS (JobID: 8c15f955-b470-49c2-9b18-5dc083301399)
 - New and modified: 0

[05/Oct/2023:11:30:43] UPDATING PREPAGATI (JobID: c5e7297c-2f59-4b3f-8e64-3152f81700ec)
 - New and modified: 0

[05/Oct/2023:11:30:43] DELETING PREPAGATI (JobID: c5e7297c-2f59-4b3f-8e64-3152f81700ec)
 - Deleted: 0

[05/Oct/2023:12:30:08] UPDATING ACCOUNTS (JobID: dd126724-7af1-4ab0-8aa2-cb07159fa4fc)
 - New and modified: 0

[05/Oct/2023:12:30:08] DELETING ACCOUNTS (JobID: dd126724-7af1-4ab0-8aa2-cb07159fa4fc)
 - Deleted: 0

[05/Oct/2023:12:30:40] UPDATING PRODUCTS (JobID: 5a0905d8-1460-439b-ab00-df3bd542b4a6)
 - New and modified: 0

[05/Oct/2023:12:30:43] UPDATING PREPAGATI (JobID: 6892d03d-9330-42c5-bdf0-bb36619fab23)
 - New and modified: 0

[05/Oct/2023:12:30:43] DELETING PREPAGATI (JobID: 6892d03d-9330-42c5-bdf0-bb36619fab23)
 - Deleted: 0

[05/Oct/2023:13:00:04] UPDATING ACCOUNTS (JobID: 0b77a7d4-99a5-48a7-8247-2f1fb16c0ada)
 - New and modified: 0

[05/Oct/2023:13:00:04] DELETING ACCOUNTS (JobID: 0b77a7d4-99a5-48a7-8247-2f1fb16c0ada)
 - Deleted: 0

[05/Oct/2023:13:00:38] UPDATING PRODUCTS (JobID: dfc20cd0-e724-44f7-85e3-9da41d023960)
 - New and modified: 0

[05/Oct/2023:13:00:40] UPDATING PREPAGATI (JobID: 560ea8b1-a616-440a-a51a-380236bee4d1)
 - New and modified: 0

[05/Oct/2023:13:00:40] DELETING PREPAGATI (JobID: 560ea8b1-a616-440a-a51a-380236bee4d1)
 - Deleted: 0

[05/Oct/2023:13:30:09] UPDATING ACCOUNTS (JobID: 57008c54-1242-4ed5-8142-9f2dc2c539dd)
 - New and modified: 0

[05/Oct/2023:13:30:09] DELETING ACCOUNTS (JobID: 57008c54-1242-4ed5-8142-9f2dc2c539dd)
 - Deleted: 0

[05/Oct/2023:13:30:42] UPDATING PRODUCTS (JobID: 7a1a830b-4b74-4eed-9ea3-c6b82c76f854)
 - New and modified: 0

[05/Oct/2023:13:30:45] UPDATING PREPAGATI (JobID: b10a8277-5a32-42d9-8a81-64c4c6c00da5)
 - New and modified: 0

[05/Oct/2023:13:30:45] DELETING PREPAGATI (JobID: b10a8277-5a32-42d9-8a81-64c4c6c00da5)
 - Deleted: 0

[05/Oct/2023:14:00:09] UPDATING ACCOUNTS (JobID: 8b48f25d-bd3b-4cd0-bd26-e14a7c51c429)
 - New and modified: 0

[05/Oct/2023:14:00:09] DELETING ACCOUNTS (JobID: 8b48f25d-bd3b-4cd0-bd26-e14a7c51c429)
 - Deleted: 0

[05/Oct/2023:14:00:41] UPDATING PRODUCTS (JobID: e5c5bffa-1158-4a82-b9ff-4a2762496ea6)
 - New and modified: 0

[05/Oct/2023:14:00:44] UPDATING PREPAGATI (JobID: 87e6fcb0-880a-45de-bbca-c90f54f15fc9)
 - New and modified: 0

[05/Oct/2023:14:00:44] DELETING PREPAGATI (JobID: 87e6fcb0-880a-45de-bbca-c90f54f15fc9)
 - Deleted: 0

[05/Oct/2023:14:30:03] UPDATING ACCOUNTS (JobID: c9881534-4656-4815-873c-c988b4469ec0)
 - New and modified: 0

[05/Oct/2023:14:30:03] DELETING ACCOUNTS (JobID: c9881534-4656-4815-873c-c988b4469ec0)
 - Deleted: 0

[05/Oct/2023:14:30:36] UPDATING PRODUCTS (JobID: 62d5aeec-95fc-4eed-8a0e-3af9e285c0d5)
 - New and modified: 0

[05/Oct/2023:14:30:38] UPDATING PREPAGATI (JobID: 0822c6ae-a06d-4b15-9c20-8049b19c4b72)
 - New and modified: 0

[05/Oct/2023:14:30:38] DELETING PREPAGATI (JobID: 0822c6ae-a06d-4b15-9c20-8049b19c4b72)
 - Deleted: 0

[05/Oct/2023:15:00:04] UPDATING ACCOUNTS (JobID: 316705bd-e1ce-4ff6-af9d-8acec8d67311)
 - New and modified: 0

[05/Oct/2023:15:00:04] DELETING ACCOUNTS (JobID: 316705bd-e1ce-4ff6-af9d-8acec8d67311)
 - Deleted: 0

[05/Oct/2023:15:00:34] UPDATING PRODUCTS (JobID: 6c0976e6-91fa-4238-b898-1d8cc0d6e292)
 - New and modified: 0

[05/Oct/2023:15:00:36] UPDATING PREPAGATI (JobID: c7e87ffe-06de-44fa-b9d6-9efbfbd111ba)
 - New and modified: 0

[05/Oct/2023:15:00:36] DELETING PREPAGATI (JobID: c7e87ffe-06de-44fa-b9d6-9efbfbd111ba)
 - Deleted: 0

[05/Oct/2023:15:30:09] UPDATING ACCOUNTS (JobID: 68edc899-60c1-4cb4-a1b4-c552d539c41b)
 - New and modified: 0

[05/Oct/2023:15:30:09] DELETING ACCOUNTS (JobID: 68edc899-60c1-4cb4-a1b4-c552d539c41b)
 - Deleted: 0

[05/Oct/2023:15:30:42] UPDATING PRODUCTS (JobID: 91107763-d3df-44a8-87dc-ff04fe425366)
 - New and modified: 0

[05/Oct/2023:15:30:45] UPDATING PREPAGATI (JobID: 6e7a8536-51cc-4abc-99f0-624111851e8d)
 - New and modified: 0

[05/Oct/2023:15:30:45] DELETING PREPAGATI (JobID: 6e7a8536-51cc-4abc-99f0-624111851e8d)
 - Deleted: 0

[05/Oct/2023:16:00:09] UPDATING ACCOUNTS (JobID: 3fb5962e-8401-43d5-a661-6ffbaf21d68f)
 - New and modified: 0

[05/Oct/2023:16:00:09] DELETING ACCOUNTS (JobID: 3fb5962e-8401-43d5-a661-6ffbaf21d68f)
 - Deleted: 0

[05/Oct/2023:16:00:39] UPDATING PRODUCTS (JobID: cf369861-bede-45f0-b92b-52380f2c9f4b)
 - New and modified: 0

[05/Oct/2023:16:00:42] UPDATING PREPAGATI (JobID: adc12c80-3975-46dc-bfd9-59ca65037b7d)
 - New and modified: 0

[05/Oct/2023:16:00:42] DELETING PREPAGATI (JobID: adc12c80-3975-46dc-bfd9-59ca65037b7d)
 - Deleted: 0

[05/Oct/2023:16:30:04] UPDATING ACCOUNTS (JobID: 672e8b38-02f9-4cd4-b918-4902abbb6310)
 - New and modified: 0

[05/Oct/2023:16:30:04] DELETING ACCOUNTS (JobID: 672e8b38-02f9-4cd4-b918-4902abbb6310)
 - Deleted: 0

[05/Oct/2023:16:30:35] UPDATING PRODUCTS (JobID: 0efac43c-0afb-412a-aad8-718a37ae7f84)
 - New and modified: 0

[05/Oct/2023:16:30:36] UPDATING PREPAGATI (JobID: 9707f940-f93c-4976-8861-ee30d5913ced)
 - New and modified: 0

[05/Oct/2023:16:30:36] DELETING PREPAGATI (JobID: 9707f940-f93c-4976-8861-ee30d5913ced)
 - Deleted: 0

[05/Oct/2023:17:00:08] UPDATING ACCOUNTS (JobID: c38dc4a7-d9c9-452d-abbd-ea4c01ac539f)
 - New and modified: 0

[05/Oct/2023:17:00:08] DELETING ACCOUNTS (JobID: c38dc4a7-d9c9-452d-abbd-ea4c01ac539f)
 - Deleted: 0

[05/Oct/2023:17:00:40] UPDATING PRODUCTS (JobID: 643899b0-4c5e-420f-b973-bb5cd37d146c)
 - New and modified: 0

[05/Oct/2023:17:00:43] UPDATING PREPAGATI (JobID: 57d03bfb-3871-45a6-8e5a-39840855611d)
 - New and modified: 0

[05/Oct/2023:17:00:43] DELETING PREPAGATI (JobID: 57d03bfb-3871-45a6-8e5a-39840855611d)
 - Deleted: 0

[05/Oct/2023:17:30:11] UPDATING ACCOUNTS (JobID: 91f819ff-584f-4521-8989-77f3c20ee18a)
 - New and modified: 0

[05/Oct/2023:17:30:11] DELETING ACCOUNTS (JobID: 91f819ff-584f-4521-8989-77f3c20ee18a)
 - Deleted: 0

[05/Oct/2023:17:30:42] UPDATING PRODUCTS (JobID: 2177923a-8ca8-4e69-8b50-60e7ae99272b)
 - New and modified: 0

[05/Oct/2023:17:30:45] UPDATING PREPAGATI (JobID: 166b3a49-872a-4604-8112-60a56d211dcc)
 - New and modified: 0

[05/Oct/2023:17:30:45] DELETING PREPAGATI (JobID: 166b3a49-872a-4604-8112-60a56d211dcc)
 - Deleted: 0

[05/Oct/2023:18:00:13] UPDATING ACCOUNTS (JobID: 4070436f-8371-40a4-805c-2ea2b69acbb0)
 - New and modified: 0

[05/Oct/2023:18:00:13] DELETING ACCOUNTS (JobID: 4070436f-8371-40a4-805c-2ea2b69acbb0)
 - Deleted: 0

[05/Oct/2023:18:00:50] UPDATING PRODUCTS (JobID: 5678926b-5f34-455d-a003-df2593073171)
 - New and modified: 0

[05/Oct/2023:18:00:54] UPDATING PREPAGATI (JobID: 24e15851-31e1-44ae-93d1-86895fe61cb8)
 - New and modified: 0

[05/Oct/2023:18:00:54] DELETING PREPAGATI (JobID: 24e15851-31e1-44ae-93d1-86895fe61cb8)
 - Deleted: 0

[05/Oct/2023:18:30:07] UPDATING ACCOUNTS (JobID: 24138955-e1bc-497e-80bb-0c7191337ded)
 - New and modified: 0

[05/Oct/2023:18:30:07] DELETING ACCOUNTS (JobID: 24138955-e1bc-497e-80bb-0c7191337ded)
 - Deleted: 0

[05/Oct/2023:18:30:41] UPDATING PRODUCTS (JobID: 51f1e88e-1e7b-4b5f-9436-02c7b42e4368)
 - New and modified: 0

[05/Oct/2023:18:30:44] UPDATING PREPAGATI (JobID: d56d50bd-b0f0-4a9a-ad52-a42d1c683732)
 - New and modified: 0

[05/Oct/2023:18:30:44] DELETING PREPAGATI (JobID: d56d50bd-b0f0-4a9a-ad52-a42d1c683732)
 - Deleted: 0

[05/Oct/2023:19:30:09] UPDATING ACCOUNTS (JobID: 6c3c7700-4264-4cb2-be5e-994bd7133ea3)
 - New and modified: 0

[05/Oct/2023:19:30:09] DELETING ACCOUNTS (JobID: 6c3c7700-4264-4cb2-be5e-994bd7133ea3)
 - Deleted: 0

[05/Oct/2023:19:30:41] UPDATING PRODUCTS (JobID: a1f8f3ce-5aaf-405e-bedc-a3ad49254a82)
 - New and modified: 0

[05/Oct/2023:19:30:44] UPDATING PREPAGATI (JobID: 836a1924-c53c-4309-9cea-30a60602fafa)
 - New and modified: 0

[05/Oct/2023:19:30:44] DELETING PREPAGATI (JobID: 836a1924-c53c-4309-9cea-30a60602fafa)
 - Deleted: 0

[05/Oct/2023:20:00:04] UPDATING ACCOUNTS (JobID: 66e35003-5e43-4478-a6c7-d2ff255492cd)
 - New and modified: 0

[05/Oct/2023:20:00:04] DELETING ACCOUNTS (JobID: 66e35003-5e43-4478-a6c7-d2ff255492cd)
 - Deleted: 0

[05/Oct/2023:20:00:37] UPDATING PRODUCTS (JobID: ae1de376-29d1-4da5-8472-19bb0b013515)
 - New and modified: 0

[05/Oct/2023:20:00:39] UPDATING PREPAGATI (JobID: 78e71e02-f068-41dd-81fb-9003df953392)
 - New and modified: 0

[05/Oct/2023:20:00:39] DELETING PREPAGATI (JobID: 78e71e02-f068-41dd-81fb-9003df953392)
 - Deleted: 0

[05/Oct/2023:20:30:04] UPDATING ACCOUNTS (JobID: ae51411f-b92f-484d-8c9a-1e8d425630c4)
 - New and modified: 0

[05/Oct/2023:20:30:04] DELETING ACCOUNTS (JobID: ae51411f-b92f-484d-8c9a-1e8d425630c4)
 - Deleted: 0

[05/Oct/2023:20:30:37] UPDATING PRODUCTS (JobID: 113fffa5-c36d-4d62-89f6-ee6d8ac86db4)
 - New and modified: 0

[05/Oct/2023:20:30:39] UPDATING PREPAGATI (JobID: 5d443390-3d37-49eb-8e06-365df04f6f72)
 - New and modified: 0

[05/Oct/2023:20:30:39] DELETING PREPAGATI (JobID: 5d443390-3d37-49eb-8e06-365df04f6f72)
 - Deleted: 0

[05/Oct/2023:21:00:09] UPDATING ACCOUNTS (JobID: 242f6252-0750-4c3c-b022-285e2d09817c)
 - New and modified: 0

[05/Oct/2023:21:00:09] DELETING ACCOUNTS (JobID: 242f6252-0750-4c3c-b022-285e2d09817c)
 - Deleted: 0

[05/Oct/2023:21:00:43] UPDATING PRODUCTS (JobID: 7e45990e-d6bd-4670-8e09-36b05182f442)
 - New and modified: 0

[05/Oct/2023:21:00:46] UPDATING PREPAGATI (JobID: bd99ea8f-8920-4e78-91c4-193b5125fc9c)
 - New and modified: 0

[05/Oct/2023:21:00:46] DELETING PREPAGATI (JobID: bd99ea8f-8920-4e78-91c4-193b5125fc9c)
 - Deleted: 0

[05/Oct/2023:21:30:04] UPDATING ACCOUNTS (JobID: 80e471fc-a7c6-4714-b2a0-738b1c63360a)
 - New and modified: 0

[05/Oct/2023:21:30:04] DELETING ACCOUNTS (JobID: 80e471fc-a7c6-4714-b2a0-738b1c63360a)
 - Deleted: 0

[05/Oct/2023:21:30:36] UPDATING PRODUCTS (JobID: 2fbd25b2-3de4-44fa-ab86-2dc494415141)
 - New and modified: 0

[05/Oct/2023:21:30:38] UPDATING PREPAGATI (JobID: 66f09d6e-6003-4ad6-bd1b-1f0398d9f54c)
 - New and modified: 0

[05/Oct/2023:21:30:38] DELETING PREPAGATI (JobID: 66f09d6e-6003-4ad6-bd1b-1f0398d9f54c)
 - Deleted: 0

[05/Oct/2023:22:00:05] UPDATING ACCOUNTS (JobID: 6e21ac37-5385-4a89-b8f1-891a37baf2ad)
 - New and modified: 0

[05/Oct/2023:22:00:05] DELETING ACCOUNTS (JobID: 6e21ac37-5385-4a89-b8f1-891a37baf2ad)
 - Deleted: 0

[05/Oct/2023:22:00:41] UPDATING PRODUCTS (JobID: 71d3257d-29b6-4f02-ba03-55d076f7c618)
 - New and modified: 0

[05/Oct/2023:22:00:43] UPDATING PREPAGATI (JobID: 828b0909-c3f8-446b-a4c7-91b39b9952ec)
 - New and modified: 0

[05/Oct/2023:22:00:43] DELETING PREPAGATI (JobID: 828b0909-c3f8-446b-a4c7-91b39b9952ec)
 - Deleted: 0

[05/Oct/2023:22:30:09] UPDATING ACCOUNTS (JobID: f106fb47-b5d0-47bc-a809-1d3e9a87c1a6)
 - New and modified: 0

[05/Oct/2023:22:30:09] DELETING ACCOUNTS (JobID: f106fb47-b5d0-47bc-a809-1d3e9a87c1a6)
 - Deleted: 0

[05/Oct/2023:22:30:42] UPDATING PRODUCTS (JobID: 5e0960f8-5687-4aec-97e9-dd464f0aec7e)
 - New and modified: 0

[05/Oct/2023:22:30:45] UPDATING PREPAGATI (JobID: f32f9e12-7ad6-45d7-a859-836dc0b7303b)
 - New and modified: 0

[05/Oct/2023:22:30:45] DELETING PREPAGATI (JobID: f32f9e12-7ad6-45d7-a859-836dc0b7303b)
 - Deleted: 0

[05/Oct/2023:23:00:07] UPDATING ACCOUNTS (JobID: e7e67574-cff1-4a5a-9652-d20cd18d1854)
 - New and modified: 0

[05/Oct/2023:23:00:07] DELETING ACCOUNTS (JobID: e7e67574-cff1-4a5a-9652-d20cd18d1854)
 - Deleted: 0

[05/Oct/2023:23:00:41] UPDATING PRODUCTS (JobID: e6d4ad70-6cca-4ba6-89ae-0f2b015cc2be)
 - New and modified: 0

[05/Oct/2023:23:00:44] UPDATING PREPAGATI (JobID: bc8b7ff3-3b0b-4a08-b1e7-745a2aea3a09)
 - New and modified: 0

[05/Oct/2023:23:00:44] DELETING PREPAGATI (JobID: bc8b7ff3-3b0b-4a08-b1e7-745a2aea3a09)
 - Deleted: 0

[05/Oct/2023:23:30:04] UPDATING ACCOUNTS (JobID: 4d35f6ac-193c-4a96-9732-d8b04a5e10d5)
 - New and modified: 0

[05/Oct/2023:23:30:04] DELETING ACCOUNTS (JobID: 4d35f6ac-193c-4a96-9732-d8b04a5e10d5)
 - Deleted: 0

[05/Oct/2023:23:30:36] UPDATING PRODUCTS (JobID: 8a88f631-ac8a-4fc8-bd08-aefcd8b193b4)
 - New and modified: 0

[05/Oct/2023:23:30:38] UPDATING PREPAGATI (JobID: 43053f85-27af-4e3f-9bbf-ccf437af1019)
 - New and modified: 0

[05/Oct/2023:23:30:38] DELETING PREPAGATI (JobID: 43053f85-27af-4e3f-9bbf-ccf437af1019)
 - Deleted: 0

