[02/Oct/2023:00:00:05] UPDATING ACCOUNTS (JobID: 08354527-1ee2-4628-b4cf-ed0b6c05b019)
 - New and modified: 0

[02/Oct/2023:00:00:05] DELETING ACCOUNTS (JobID: 08354527-1ee2-4628-b4cf-ed0b6c05b019)
 - Deleted: 0

[02/Oct/2023:00:00:41] UPDATING PRODUCTS (JobID: aa2ce3a6-343a-4d62-b486-545444b8139f)
 - New and modified: 0

[02/Oct/2023:00:00:43] UPDATING PREPAGATI (JobID: 886e14c8-9739-43d3-8721-f3b0ebb7ff88)
 - New and modified: 0

[02/Oct/2023:00:00:43] DELETING PREPAGATI (JobID: 886e14c8-9739-43d3-8721-f3b0ebb7ff88)
 - Deleted: 0

[02/Oct/2023:01:00:08] UPDATING ACCOUNTS (JobID: e6751959-ad87-4356-921a-ce4fce549599)
 - New and modified: 0

[02/Oct/2023:01:00:08] DELETING ACCOUNTS (JobID: e6751959-ad87-4356-921a-ce4fce549599)
 - Deleted: 0

[02/Oct/2023:01:00:40] UPDATING PRODUCTS (JobID: ff9eb9cb-f9f2-4d14-b47e-a4b98dcf4684)
 - New and modified: 0

[02/Oct/2023:01:00:44] UPDATING PREPAGATI (JobID: 8c04af2c-4a04-4f79-9f0e-979fe0bbdb4f)
 - New and modified: 0

[02/Oct/2023:01:00:44] DELETING PREPAGATI (JobID: 8c04af2c-4a04-4f79-9f0e-979fe0bbdb4f)
 - Deleted: 0

[02/Oct/2023:01:30:09] UPDATING ACCOUNTS (JobID: 01eddfca-4a70-4aa3-9886-db8fe2e09037)
 - New and modified: 0

[02/Oct/2023:01:30:09] DELETING ACCOUNTS (JobID: 01eddfca-4a70-4aa3-9886-db8fe2e09037)
 - Deleted: 0

[02/Oct/2023:01:30:34] UPDATING PRODUCTS (JobID: 66e38b2b-9576-44a2-a789-cb4f19e08b26)
 - New and modified: 0

[02/Oct/2023:01:30:37] UPDATING PREPAGATI (JobID: d8960345-6d9d-4c2b-bbdf-6584a1912c26)
 - New and modified: 0

[02/Oct/2023:01:30:37] DELETING PREPAGATI (JobID: d8960345-6d9d-4c2b-bbdf-6584a1912c26)
 - Deleted: 0

[02/Oct/2023:02:00:07] UPDATING ACCOUNTS (JobID: 0c1ee44e-c0f3-480a-b147-c1f6ac73a2ce)
 - New and modified: 0

[02/Oct/2023:02:00:08] DELETING ACCOUNTS (JobID: 0c1ee44e-c0f3-480a-b147-c1f6ac73a2ce)
 - Deleted: 0

[02/Oct/2023:02:00:43] UPDATING PRODUCTS (JobID: e0f6ddd4-2f85-490b-9d6f-5115457e4d1d)
 - New and modified: 0

[02/Oct/2023:02:00:46] UPDATING PREPAGATI (JobID: a3619863-2e78-48b5-9f22-99a555e91f16)
 - New and modified: 0

[02/Oct/2023:02:00:46] DELETING PREPAGATI (JobID: a3619863-2e78-48b5-9f22-99a555e91f16)
 - Deleted: 0

[02/Oct/2023:03:00:09] UPDATING ACCOUNTS (JobID: 8d305abc-8898-4300-89b6-c7e6cd9e72b5)
 - New and modified: 0

[02/Oct/2023:03:00:09] DELETING ACCOUNTS (JobID: 8d305abc-8898-4300-89b6-c7e6cd9e72b5)
 - Deleted: 0

[02/Oct/2023:03:00:42] UPDATING PRODUCTS (JobID: bfbcd303-4037-4f9b-bf47-ba91ca325888)
 - New and modified: 0

[02/Oct/2023:03:00:45] UPDATING PREPAGATI (JobID: d0e9b846-7d8b-4243-a9a2-21523d258911)
 - New and modified: 0

[02/Oct/2023:03:00:45] DELETING PREPAGATI (JobID: d0e9b846-7d8b-4243-a9a2-21523d258911)
 - Deleted: 0

[02/Oct/2023:06:00:09] UPDATING ACCOUNTS (JobID: c5a2c642-20a6-47ce-873c-343acced2f4b)
 - New and modified: 0

[02/Oct/2023:06:00:09] DELETING ACCOUNTS (JobID: c5a2c642-20a6-47ce-873c-343acced2f4b)
 - Deleted: 0

[02/Oct/2023:06:00:44] UPDATING PRODUCTS (JobID: 036c0fb9-b073-487d-9166-b673733a92f8)
 - New and modified: 0

[02/Oct/2023:06:00:47] UPDATING PREPAGATI (JobID: 1651aebd-1b52-474a-b8ab-b8cb618a9454)
 - New and modified: 0

[02/Oct/2023:06:00:47] DELETING PREPAGATI (JobID: 1651aebd-1b52-474a-b8ab-b8cb618a9454)
 - Deleted: 0

[02/Oct/2023:10:00:09] UPDATING ACCOUNTS (JobID: 257fa763-f8e3-4e2c-9669-df6c61d22f5f)
 - New and modified: 0

[02/Oct/2023:10:00:09] DELETING ACCOUNTS (JobID: 257fa763-f8e3-4e2c-9669-df6c61d22f5f)
 - Deleted: 0

[02/Oct/2023:10:00:42] UPDATING PRODUCTS (JobID: 876590f8-e584-46d0-892d-54a9862662af)
 - New and modified: 1
   C31FLAT2PDPRO100W

[02/Oct/2023:10:00:46] UPDATING PREPAGATI (JobID: d91b55b9-3dc1-4bf4-be86-4a96236e9d3d)
 - New and modified: 0

[02/Oct/2023:10:00:46] DELETING PREPAGATI (JobID: d91b55b9-3dc1-4bf4-be86-4a96236e9d3d)
 - Deleted: 0

[02/Oct/2023:10:30:04] UPDATING ACCOUNTS (JobID: dcf8c037-48e1-4bb2-b92e-55701d51cc12)
 - New and modified: 0

[02/Oct/2023:10:30:04] DELETING ACCOUNTS (JobID: dcf8c037-48e1-4bb2-b92e-55701d51cc12)
 - Deleted: 0

[02/Oct/2023:10:30:35] UPDATING PRODUCTS (JobID: b3ad70ba-e2f0-401a-b9f1-42013f3e8e1c)
 - New and modified: 0

[02/Oct/2023:10:30:36] UPDATING PREPAGATI (JobID: 9a61ff14-3fb4-4454-9bc3-c68092980fa4)
 - New and modified: 0

[02/Oct/2023:10:30:36] DELETING PREPAGATI (JobID: 9a61ff14-3fb4-4454-9bc3-c68092980fa4)
 - Deleted: 0

[02/Oct/2023:13:30:08] UPDATING ACCOUNTS (JobID: 516202a0-d714-454e-8249-2a8aede31470)
 - New and modified: 0

[02/Oct/2023:13:30:08] DELETING ACCOUNTS (JobID: 516202a0-d714-454e-8249-2a8aede31470)
 - Deleted: 0

[02/Oct/2023:13:30:42] UPDATING PRODUCTS (JobID: 03b7e156-1012-46cf-8ad9-635d0633b233)
 - New and modified: 1
   Prepagato IT

[02/Oct/2023:13:30:46] UPDATING PREPAGATI (JobID: 220514d3-cecb-499a-ab10-7c484041d8f7)
 - New and modified: 1
   0000011876

[02/Oct/2023:13:30:46] DELETING PREPAGATI (JobID: 220514d3-cecb-499a-ab10-7c484041d8f7)
 - Deleted: 0

[02/Oct/2023:14:00:08] UPDATING ACCOUNTS (JobID: 9971a390-f33c-448b-9175-9885c3f36d91)
 - New and modified: 0

[02/Oct/2023:14:00:08] DELETING ACCOUNTS (JobID: 9971a390-f33c-448b-9175-9885c3f36d91)
 - Deleted: 0

[02/Oct/2023:14:00:42] UPDATING PRODUCTS (JobID: be91d414-8139-4254-9c40-86a1a473d8c0)
 - New and modified: 0

[02/Oct/2023:14:00:45] UPDATING PREPAGATI (JobID: d6d31f76-bd2c-4a1a-acd2-a547940b716f)
 - New and modified: 2
   0000009932
   0000010381

[02/Oct/2023:14:00:45] DELETING PREPAGATI (JobID: d6d31f76-bd2c-4a1a-acd2-a547940b716f)
 - Deleted: 0

[02/Oct/2023:16:00:04] UPDATING ACCOUNTS (JobID: 7dce61bd-de80-4dec-9c6f-1d2b4942be95)
 - New and modified: 0

[02/Oct/2023:16:00:04] DELETING ACCOUNTS (JobID: 7dce61bd-de80-4dec-9c6f-1d2b4942be95)
 - Deleted: 0

[02/Oct/2023:16:00:41] UPDATING PRODUCTS (JobID: 82c1fa2f-cd8f-4b96-a177-0d8cabe5dbf0)
 - New and modified: 0

[02/Oct/2023:16:00:45] UPDATING PREPAGATI (JobID: e866cdab-6f70-4133-afa7-bec7a3bd86fc)
 - New and modified: 0

[02/Oct/2023:16:00:45] DELETING PREPAGATI (JobID: e866cdab-6f70-4133-afa7-bec7a3bd86fc)
 - Deleted: 0

[02/Oct/2023:17:00:10] UPDATING ACCOUNTS (JobID: 73fab8d3-ac7c-4717-9729-cdfeed048e27)
 - New and modified: 0

[02/Oct/2023:17:00:10] DELETING ACCOUNTS (JobID: 73fab8d3-ac7c-4717-9729-cdfeed048e27)
 - Deleted: 0

[02/Oct/2023:17:00:42] UPDATING PRODUCTS (JobID: 16e24f23-1cd1-48b5-9735-847eca27d889)
 - New and modified: 0

[02/Oct/2023:17:00:45] UPDATING PREPAGATI (JobID: 2edc23a0-3ad2-4fd2-bfb0-29fb3243ddf0)
 - New and modified: 0

[02/Oct/2023:17:00:45] DELETING PREPAGATI (JobID: 2edc23a0-3ad2-4fd2-bfb0-29fb3243ddf0)
 - Deleted: 0

[02/Oct/2023:18:00:15] UPDATING ACCOUNTS (JobID: 2c683df1-d97a-41ad-9d4c-91bf146212d5)
 - New and modified: 0

[02/Oct/2023:18:00:15] DELETING ACCOUNTS (JobID: 2c683df1-d97a-41ad-9d4c-91bf146212d5)
 - Deleted: 0

[02/Oct/2023:18:00:47] UPDATING PRODUCTS (JobID: 58fdbfaa-b2c7-4906-be87-d83d844a9b04)
 - New and modified: 0

[02/Oct/2023:18:00:50] UPDATING PREPAGATI (JobID: b7bd560d-5da1-4ddc-a919-cb1ac0d8db43)
 - New and modified: 0

[02/Oct/2023:18:00:50] DELETING PREPAGATI (JobID: b7bd560d-5da1-4ddc-a919-cb1ac0d8db43)
 - Deleted: 0

[02/Oct/2023:21:00:07] UPDATING ACCOUNTS (JobID: ca588b3f-acb2-474c-a0b3-3e3752ccb298)
 - New and modified: 0

[02/Oct/2023:21:00:07] DELETING ACCOUNTS (JobID: ca588b3f-acb2-474c-a0b3-3e3752ccb298)
 - Deleted: 0

[02/Oct/2023:21:00:41] UPDATING PRODUCTS (JobID: 9fbab850-c6f8-4a62-a467-6f229c625b1b)
 - New and modified: 0

[02/Oct/2023:21:00:44] UPDATING PREPAGATI (JobID: cb86d6c2-30e1-44cd-9204-428bca2922f0)
 - New and modified: 0

[02/Oct/2023:21:00:44] DELETING PREPAGATI (JobID: cb86d6c2-30e1-44cd-9204-428bca2922f0)
 - Deleted: 0

[02/Oct/2023:21:30:10] UPDATING ACCOUNTS (JobID: b07ea3b4-e726-4c32-9c11-3e464113b373)
 - New and modified: 0

[02/Oct/2023:21:30:10] DELETING ACCOUNTS (JobID: b07ea3b4-e726-4c32-9c11-3e464113b373)
 - Deleted: 0

[02/Oct/2023:21:30:43] UPDATING PRODUCTS (JobID: 426941db-8b0b-4c82-94b7-1efab04a78ae)
 - New and modified: 0

[02/Oct/2023:21:30:46] UPDATING PREPAGATI (JobID: 2c4958f0-ed77-4c86-8737-bc859215d822)
 - New and modified: 0

[02/Oct/2023:21:30:46] DELETING PREPAGATI (JobID: 2c4958f0-ed77-4c86-8737-bc859215d822)
 - Deleted: 0

[02/Oct/2023:22:00:04] UPDATING ACCOUNTS (JobID: e33f7d4f-4dd9-4f07-92c0-f2470f557cfd)
 - New and modified: 0

[02/Oct/2023:22:00:04] DELETING ACCOUNTS (JobID: e33f7d4f-4dd9-4f07-92c0-f2470f557cfd)
 - Deleted: 0

[02/Oct/2023:22:00:35] UPDATING PRODUCTS (JobID: 3719ac9e-20a6-4059-8c60-f4d9561ba5ac)
 - New and modified: 0

[02/Oct/2023:22:00:37] UPDATING PREPAGATI (JobID: dddc9c9f-8fbc-4dad-bdfb-a9e950e88417)
 - New and modified: 0

[02/Oct/2023:22:00:37] DELETING PREPAGATI (JobID: dddc9c9f-8fbc-4dad-bdfb-a9e950e88417)
 - Deleted: 0

[02/Oct/2023:23:00:04] UPDATING ACCOUNTS (JobID: f49d9bb9-edee-4092-9b39-224bec38750a)
 - New and modified: 0

[02/Oct/2023:23:00:04] DELETING ACCOUNTS (JobID: f49d9bb9-edee-4092-9b39-224bec38750a)
 - Deleted: 0

[02/Oct/2023:23:00:38] UPDATING PRODUCTS (JobID: c24a013d-5ff5-42cf-a0f9-b90c18a36a66)
 - New and modified: 0

[02/Oct/2023:23:00:41] UPDATING PREPAGATI (JobID: 8e80ca2a-c280-4cf7-8036-a91fae393f34)
 - New and modified: 0

[02/Oct/2023:23:00:41] DELETING PREPAGATI (JobID: 8e80ca2a-c280-4cf7-8036-a91fae393f34)
 - Deleted: 0

