[29/May/2023:00:00:04] UPDATING ACCOUNTS (JobID: cd678a73-ec94-4581-998c-2a021a8f9406)
 - New and modified: 0

[29/May/2023:00:00:04] DELETING ACCOUNTS (JobID: cd678a73-ec94-4581-998c-2a021a8f9406)
 - Deleted: 0

[29/May/2023:00:00:36] UPDATING PRODUCTS (JobID: 871ff895-0b10-4545-8498-759871c22279)
 - New and modified: 0

[29/May/2023:00:00:38] UPDATING PREPAGATI (JobID: fdd33be6-10c0-4ac7-aac1-d038ea1d55ea)
 - New and modified: 0

[29/May/2023:00:00:38] DELETING PREPAGATI (JobID: fdd33be6-10c0-4ac7-aac1-d038ea1d55ea)
 - Deleted: 0

[29/May/2023:00:10:03] UPDATING ACCOUNTS (JobID: f891842b-0b59-4518-a53f-b76bfeb40786)
 - New and modified: 0

[29/May/2023:00:10:03] DELETING ACCOUNTS (JobID: f891842b-0b59-4518-a53f-b76bfeb40786)
 - Deleted: 0

[29/May/2023:00:10:36] UPDATING PRODUCTS (JobID: 0c97dcf0-fc24-4e27-a6f5-1ccbc9a3ee56)
 - New and modified: 0

[29/May/2023:00:10:38] UPDATING PREPAGATI (JobID: cbf0c949-165d-43d4-9d49-103f0f210830)
 - New and modified: 0

[29/May/2023:00:10:38] DELETING PREPAGATI (JobID: cbf0c949-165d-43d4-9d49-103f0f210830)
 - Deleted: 0

[29/May/2023:00:20:04] UPDATING ACCOUNTS (JobID: 75674d1f-3fff-40c1-9696-38c023c69255)
 - New and modified: 0

[29/May/2023:00:20:04] DELETING ACCOUNTS (JobID: 75674d1f-3fff-40c1-9696-38c023c69255)
 - Deleted: 0

[29/May/2023:00:20:37] UPDATING PRODUCTS (JobID: be31b0ec-e639-4102-ba37-062ae692756f)
 - New and modified: 0

[29/May/2023:00:20:39] UPDATING PREPAGATI (JobID: 3565d4c3-4608-482c-8566-d78488255218)
 - New and modified: 0

[29/May/2023:00:20:39] DELETING PREPAGATI (JobID: 3565d4c3-4608-482c-8566-d78488255218)
 - Deleted: 0

[29/May/2023:00:30:04] UPDATING ACCOUNTS (JobID: dc9c4c49-babc-4443-9472-ca5c29b03c5d)
 - New and modified: 0

[29/May/2023:00:30:04] DELETING ACCOUNTS (JobID: dc9c4c49-babc-4443-9472-ca5c29b03c5d)
 - Deleted: 0

[29/May/2023:00:30:37] UPDATING PRODUCTS (JobID: 8015d079-7d30-4fa8-99e1-69421ca7cd99)
 - New and modified: 0

[29/May/2023:00:30:39] UPDATING PREPAGATI (JobID: 7ba6feb4-8d02-4a82-a2c2-083cb3464eb5)
 - New and modified: 0

[29/May/2023:00:30:39] DELETING PREPAGATI (JobID: 7ba6feb4-8d02-4a82-a2c2-083cb3464eb5)
 - Deleted: 0

[29/May/2023:00:40:04] UPDATING ACCOUNTS (JobID: 8985ce15-d48d-4473-8114-749704dec593)
 - New and modified: 0

[29/May/2023:00:40:04] DELETING ACCOUNTS (JobID: 8985ce15-d48d-4473-8114-749704dec593)
 - Deleted: 0

[29/May/2023:00:40:36] UPDATING PRODUCTS (JobID: 0d8bee25-bd34-422a-94d6-83dee011f92e)
 - New and modified: 0

[29/May/2023:00:40:38] UPDATING PREPAGATI (JobID: 6019f78c-e0ad-4b77-96aa-e984d8e8e3f9)
 - New and modified: 0

[29/May/2023:00:40:38] DELETING PREPAGATI (JobID: 6019f78c-e0ad-4b77-96aa-e984d8e8e3f9)
 - Deleted: 0

[29/May/2023:00:50:04] UPDATING ACCOUNTS (JobID: 73a48056-06a7-4949-97cb-2206ae5caf01)
 - New and modified: 0

[29/May/2023:00:50:04] DELETING ACCOUNTS (JobID: 73a48056-06a7-4949-97cb-2206ae5caf01)
 - Deleted: 0

[29/May/2023:00:50:36] UPDATING PRODUCTS (JobID: a719b4fe-9aa1-4bf5-bc5f-216b0ac37dd3)
 - New and modified: 0

[29/May/2023:00:50:37] UPDATING PREPAGATI (JobID: 742910a7-52ca-4807-b388-25d687c8814b)
 - New and modified: 0

[29/May/2023:00:50:37] DELETING PREPAGATI (JobID: 742910a7-52ca-4807-b388-25d687c8814b)
 - Deleted: 0

[29/May/2023:01:00:04] UPDATING ACCOUNTS (JobID: 2ae2ed78-12b0-48e4-aade-ffa4b2226dbc)
 - New and modified: 0

[29/May/2023:01:00:04] DELETING ACCOUNTS (JobID: 2ae2ed78-12b0-48e4-aade-ffa4b2226dbc)
 - Deleted: 0

[29/May/2023:01:00:43] UPDATING PRODUCTS (JobID: 3ebd6685-afda-41dc-a939-8f265f649b4e)
 - New and modified: 0

[29/May/2023:01:00:45] UPDATING PREPAGATI (JobID: 50a31260-872e-493b-a07b-047143b4fa08)
 - New and modified: 0

[29/May/2023:01:00:45] DELETING PREPAGATI (JobID: 50a31260-872e-493b-a07b-047143b4fa08)
 - Deleted: 0

[29/May/2023:01:10:04] UPDATING ACCOUNTS (JobID: 267023c7-adc2-4037-94fe-d44b748f874d)
 - New and modified: 0

[29/May/2023:01:10:04] DELETING ACCOUNTS (JobID: 267023c7-adc2-4037-94fe-d44b748f874d)
 - Deleted: 0

[29/May/2023:01:10:42] UPDATING PRODUCTS (JobID: 6d405a2f-e82b-4fad-acab-e94e5ea3f172)
 - New and modified: 0

[29/May/2023:01:10:44] UPDATING PREPAGATI (JobID: 0447b0a4-681f-4c3c-b36d-04cacc74d2e0)
 - New and modified: 0

[29/May/2023:01:10:44] DELETING PREPAGATI (JobID: 0447b0a4-681f-4c3c-b36d-04cacc74d2e0)
 - Deleted: 0

[29/May/2023:01:20:04] UPDATING ACCOUNTS (JobID: 949d8c1f-e71a-4440-babf-8e0055774256)
 - New and modified: 0

[29/May/2023:01:20:04] DELETING ACCOUNTS (JobID: 949d8c1f-e71a-4440-babf-8e0055774256)
 - Deleted: 0

[29/May/2023:01:20:42] UPDATING PRODUCTS (JobID: 9de6cafd-7f7c-44f9-addd-acca2ca6cc6d)
 - New and modified: 0

[29/May/2023:01:20:44] UPDATING PREPAGATI (JobID: cf8a0fae-758c-4ac8-a527-745552ad88fa)
 - New and modified: 0

[29/May/2023:01:20:44] DELETING PREPAGATI (JobID: cf8a0fae-758c-4ac8-a527-745552ad88fa)
 - Deleted: 0

[29/May/2023:01:30:04] UPDATING ACCOUNTS (JobID: 3260dd59-91f4-46b7-a885-7a5b5f87ddeb)
 - New and modified: 0

[29/May/2023:01:30:04] DELETING ACCOUNTS (JobID: 3260dd59-91f4-46b7-a885-7a5b5f87ddeb)
 - Deleted: 0

[29/May/2023:01:30:38] UPDATING PRODUCTS (JobID: 948aa9c7-c917-4672-877b-212b07a6d102)
 - New and modified: 0

[29/May/2023:01:30:39] UPDATING PREPAGATI (JobID: 5c6b38ab-9ec1-4418-a64a-4c1124bba603)
 - New and modified: 0

[29/May/2023:01:30:39] DELETING PREPAGATI (JobID: 5c6b38ab-9ec1-4418-a64a-4c1124bba603)
 - Deleted: 0

[29/May/2023:01:40:05] UPDATING ACCOUNTS (JobID: 538e8783-53f5-4e36-9361-e066f94f9191)
 - New and modified: 0

[29/May/2023:01:40:05] DELETING ACCOUNTS (JobID: 538e8783-53f5-4e36-9361-e066f94f9191)
 - Deleted: 0

[29/May/2023:01:40:45] UPDATING PRODUCTS (JobID: 58ec20a1-2938-43fb-8010-5f6b70df38a1)
 - New and modified: 0

[29/May/2023:01:40:47] UPDATING PREPAGATI (JobID: 500fe605-63b8-451c-83dd-339095159399)
 - New and modified: 0

[29/May/2023:01:40:47] DELETING PREPAGATI (JobID: 500fe605-63b8-451c-83dd-339095159399)
 - Deleted: 0

[29/May/2023:01:50:04] UPDATING ACCOUNTS (JobID: 9a26187d-1499-456b-bae0-2fd2d4343398)
 - New and modified: 0

[29/May/2023:01:50:04] DELETING ACCOUNTS (JobID: 9a26187d-1499-456b-bae0-2fd2d4343398)
 - Deleted: 0

[29/May/2023:01:50:38] UPDATING PRODUCTS (JobID: 927131ec-dad6-4fd3-afe2-418fdb1535a7)
 - New and modified: 0

[29/May/2023:01:50:40] UPDATING PREPAGATI (JobID: bd4d9c99-c592-43eb-ba0c-d39e9a7f7d63)
 - New and modified: 0

[29/May/2023:01:50:40] DELETING PREPAGATI (JobID: bd4d9c99-c592-43eb-ba0c-d39e9a7f7d63)
 - Deleted: 0

[29/May/2023:02:00:04] UPDATING ACCOUNTS (JobID: 785e0889-5713-4f91-9d36-9a037d5f2276)
 - New and modified: 0

[29/May/2023:02:00:04] DELETING ACCOUNTS (JobID: 785e0889-5713-4f91-9d36-9a037d5f2276)
 - Deleted: 0

[29/May/2023:02:00:39] UPDATING PRODUCTS (JobID: 73a50c6c-7b92-48a6-a148-c094ab687c85)
 - New and modified: 0

[29/May/2023:02:00:41] UPDATING PREPAGATI (JobID: b04a06b0-9877-4b33-b0a3-3e7418ab58ba)
 - New and modified: 0

[29/May/2023:02:00:41] DELETING PREPAGATI (JobID: b04a06b0-9877-4b33-b0a3-3e7418ab58ba)
 - Deleted: 0

[29/May/2023:02:10:04] UPDATING ACCOUNTS (JobID: 4445a1f8-59c6-411d-a454-3022b334e95d)
 - New and modified: 0

[29/May/2023:02:10:04] DELETING ACCOUNTS (JobID: 4445a1f8-59c6-411d-a454-3022b334e95d)
 - Deleted: 0

[29/May/2023:02:10:39] UPDATING PRODUCTS (JobID: bdb0cf7b-d978-4cee-9832-17593c2f47dc)
 - New and modified: 0

[29/May/2023:02:10:41] UPDATING PREPAGATI (JobID: f2bae42e-6ee7-4473-ae24-936381e945bb)
 - New and modified: 0

[29/May/2023:02:10:41] DELETING PREPAGATI (JobID: f2bae42e-6ee7-4473-ae24-936381e945bb)
 - Deleted: 0

[29/May/2023:02:20:04] UPDATING ACCOUNTS (JobID: 03ae9f25-c007-4bff-8e57-97ac92763c52)
 - New and modified: 0

[29/May/2023:02:20:04] DELETING ACCOUNTS (JobID: 03ae9f25-c007-4bff-8e57-97ac92763c52)
 - Deleted: 0

[29/May/2023:02:20:39] UPDATING PRODUCTS (JobID: 479bf3fd-bce1-4394-8738-87e7b4f87541)
 - New and modified: 0

[29/May/2023:02:20:41] UPDATING PREPAGATI (JobID: 472c91d1-5611-43e4-82f3-cb18ad04ec41)
 - New and modified: 0

[29/May/2023:02:20:41] DELETING PREPAGATI (JobID: 472c91d1-5611-43e4-82f3-cb18ad04ec41)
 - Deleted: 0

[29/May/2023:02:30:05] UPDATING ACCOUNTS (JobID: 92059fcc-7e6d-4720-a554-f2923ac97c90)
 - New and modified: 0

[29/May/2023:02:30:05] DELETING ACCOUNTS (JobID: 92059fcc-7e6d-4720-a554-f2923ac97c90)
 - Deleted: 0

[29/May/2023:02:30:45] UPDATING PRODUCTS (JobID: b4c45a14-671e-4f85-9c91-dd4118641543)
 - New and modified: 0

[29/May/2023:02:30:47] UPDATING PREPAGATI (JobID: 9d11e343-31db-4ffc-86b3-85f5e314e438)
 - New and modified: 0

[29/May/2023:02:30:47] DELETING PREPAGATI (JobID: 9d11e343-31db-4ffc-86b3-85f5e314e438)
 - Deleted: 0

[29/May/2023:02:40:05] UPDATING ACCOUNTS (JobID: 69c37a2b-6278-4f5f-bd22-277f5926938c)
 - New and modified: 0

[29/May/2023:02:40:05] DELETING ACCOUNTS (JobID: 69c37a2b-6278-4f5f-bd22-277f5926938c)
 - Deleted: 0

[29/May/2023:02:40:44] UPDATING PRODUCTS (JobID: 4d8cc569-28a0-4a84-86bb-9224455ac054)
 - New and modified: 0

[29/May/2023:02:40:46] UPDATING PREPAGATI (JobID: 0ee0c22b-9fcb-4754-9d56-bfbf0edc905e)
 - New and modified: 0

[29/May/2023:02:40:46] DELETING PREPAGATI (JobID: 0ee0c22b-9fcb-4754-9d56-bfbf0edc905e)
 - Deleted: 0

[29/May/2023:02:50:04] UPDATING ACCOUNTS (JobID: 7ea7a341-db6d-4c89-bcb1-cbb368335cea)
 - New and modified: 0

[29/May/2023:02:50:04] DELETING ACCOUNTS (JobID: 7ea7a341-db6d-4c89-bcb1-cbb368335cea)
 - Deleted: 0

[29/May/2023:02:50:44] UPDATING PRODUCTS (JobID: e261adcb-c03a-461f-8807-b219b89376f6)
 - New and modified: 0

[29/May/2023:02:50:46] UPDATING PREPAGATI (JobID: 447e3ce1-7e06-44bc-82fc-89a4f8a59b51)
 - New and modified: 0

[29/May/2023:02:50:46] DELETING PREPAGATI (JobID: 447e3ce1-7e06-44bc-82fc-89a4f8a59b51)
 - Deleted: 0

[29/May/2023:03:00:04] UPDATING ACCOUNTS (JobID: 543d25b4-32a2-441d-a665-9398b9213829)
 - New and modified: 0

[29/May/2023:03:00:04] DELETING ACCOUNTS (JobID: 543d25b4-32a2-441d-a665-9398b9213829)
 - Deleted: 0

[29/May/2023:03:00:40] UPDATING PRODUCTS (JobID: 50095f11-6d9d-4b81-b51e-0e2e0f70ab19)
 - New and modified: 0

[29/May/2023:03:00:42] UPDATING PREPAGATI (JobID: f31013c5-15ee-4b40-bea6-f5df4e11896c)
 - New and modified: 0

[29/May/2023:03:00:42] DELETING PREPAGATI (JobID: f31013c5-15ee-4b40-bea6-f5df4e11896c)
 - Deleted: 0

[29/May/2023:03:10:04] UPDATING ACCOUNTS (JobID: 3f78464e-fc61-4bbc-85e7-f21da7a76c5a)
 - New and modified: 0

[29/May/2023:03:10:04] DELETING ACCOUNTS (JobID: 3f78464e-fc61-4bbc-85e7-f21da7a76c5a)
 - Deleted: 0

[29/May/2023:03:10:38] UPDATING PRODUCTS (JobID: a23694b8-7739-4440-82a9-0e8a19bfd829)
 - New and modified: 0

[29/May/2023:03:10:40] UPDATING PREPAGATI (JobID: 0a94846b-ee15-41ff-9cc0-1c898c2d2197)
 - New and modified: 0

[29/May/2023:03:10:40] DELETING PREPAGATI (JobID: 0a94846b-ee15-41ff-9cc0-1c898c2d2197)
 - Deleted: 0

[29/May/2023:03:20:04] UPDATING ACCOUNTS (JobID: d320826f-c42e-4842-96b7-42d9ffc7d0b4)
 - New and modified: 0

[29/May/2023:03:20:04] DELETING ACCOUNTS (JobID: d320826f-c42e-4842-96b7-42d9ffc7d0b4)
 - Deleted: 0

[29/May/2023:03:20:37] UPDATING PRODUCTS (JobID: 2e9908bd-9ead-4dbc-a771-398e7c8847b7)
 - New and modified: 0

[29/May/2023:03:20:39] UPDATING PREPAGATI (JobID: 39e489d4-febb-4b25-880b-39c0592d0233)
 - New and modified: 0

[29/May/2023:03:20:39] DELETING PREPAGATI (JobID: 39e489d4-febb-4b25-880b-39c0592d0233)
 - Deleted: 0

[29/May/2023:03:40:05] UPDATING ACCOUNTS (JobID: d3874da2-369f-46d5-b440-65dd4ba85209)
 - New and modified: 0

[29/May/2023:03:40:05] DELETING ACCOUNTS (JobID: d3874da2-369f-46d5-b440-65dd4ba85209)
 - Deleted: 0

[29/May/2023:03:40:40] UPDATING PRODUCTS (JobID: 9d8c4a70-d0e8-4e8f-a1f2-c698cc87504f)
 - New and modified: 0

[29/May/2023:03:40:42] UPDATING PREPAGATI (JobID: 478ca892-dbf7-410a-a1d7-166973e41b96)
 - New and modified: 0

[29/May/2023:03:40:42] DELETING PREPAGATI (JobID: 478ca892-dbf7-410a-a1d7-166973e41b96)
 - Deleted: 0

[29/May/2023:03:50:04] UPDATING ACCOUNTS (JobID: 1a8517d9-836b-4ba8-8f97-d87b4bd35b89)
 - New and modified: 0

[29/May/2023:03:50:04] DELETING ACCOUNTS (JobID: 1a8517d9-836b-4ba8-8f97-d87b4bd35b89)
 - Deleted: 0

[29/May/2023:03:50:38] UPDATING PRODUCTS (JobID: 6fba91e0-50d9-45f8-bc8b-163402799c65)
 - New and modified: 0

[29/May/2023:03:50:40] UPDATING PREPAGATI (JobID: 40d9db58-f8c3-4bc4-9bc7-50feb343d167)
 - New and modified: 0

[29/May/2023:03:50:40] DELETING PREPAGATI (JobID: 40d9db58-f8c3-4bc4-9bc7-50feb343d167)
 - Deleted: 0

[29/May/2023:04:00:04] UPDATING ACCOUNTS (JobID: 3b4c0f66-55d2-4249-bbd0-c19a6ba1696f)
 - New and modified: 0

[29/May/2023:04:00:04] DELETING ACCOUNTS (JobID: 3b4c0f66-55d2-4249-bbd0-c19a6ba1696f)
 - Deleted: 0

[29/May/2023:04:00:37] UPDATING PRODUCTS (JobID: 7046602a-d8f9-45d7-aef2-263b30a4f334)
 - New and modified: 0

[29/May/2023:04:00:39] UPDATING PREPAGATI (JobID: 8eba9b37-6cad-4606-859e-9d2f968ec349)
 - New and modified: 0

[29/May/2023:04:00:39] DELETING PREPAGATI (JobID: 8eba9b37-6cad-4606-859e-9d2f968ec349)
 - Deleted: 0

[29/May/2023:04:10:04] UPDATING ACCOUNTS (JobID: 30beabb5-4eb6-4f8b-ab31-1e380dbc522c)
 - New and modified: 0

[29/May/2023:04:10:04] DELETING ACCOUNTS (JobID: 30beabb5-4eb6-4f8b-ab31-1e380dbc522c)
 - Deleted: 0

[29/May/2023:04:10:39] UPDATING PRODUCTS (JobID: 26a92960-6dd8-4a37-88fa-796af5f60fad)
 - New and modified: 0

[29/May/2023:04:10:40] UPDATING PREPAGATI (JobID: 40eaa620-9e48-4ff4-b4b9-04db1e17b214)
 - New and modified: 0

[29/May/2023:04:10:40] DELETING PREPAGATI (JobID: 40eaa620-9e48-4ff4-b4b9-04db1e17b214)
 - Deleted: 0

[29/May/2023:04:20:04] UPDATING ACCOUNTS (JobID: 703645a2-3efc-4b5c-9384-3c00bf1ad454)
 - New and modified: 0

[29/May/2023:04:20:04] DELETING ACCOUNTS (JobID: 703645a2-3efc-4b5c-9384-3c00bf1ad454)
 - Deleted: 0

[29/May/2023:04:20:37] UPDATING PRODUCTS (JobID: 495f545b-c05a-4445-a929-f272b9d48ea6)
 - New and modified: 0

[29/May/2023:04:20:38] UPDATING PREPAGATI (JobID: 4bc4e409-d191-4f37-9e9d-62dc80f4d41e)
 - New and modified: 0

[29/May/2023:04:20:38] DELETING PREPAGATI (JobID: 4bc4e409-d191-4f37-9e9d-62dc80f4d41e)
 - Deleted: 0

[29/May/2023:04:30:04] UPDATING ACCOUNTS (JobID: 6c5e97d5-c407-400d-8ae6-3cf25c8a77af)
 - New and modified: 0

[29/May/2023:04:30:04] DELETING ACCOUNTS (JobID: 6c5e97d5-c407-400d-8ae6-3cf25c8a77af)
 - Deleted: 0

[29/May/2023:04:30:37] UPDATING PRODUCTS (JobID: 17cdc963-f3ee-4d91-ba54-9aac23eab605)
 - New and modified: 0

[29/May/2023:04:30:39] UPDATING PREPAGATI (JobID: 2e61ca5b-7fe5-4c73-8f4c-dd7429e99155)
 - New and modified: 0

[29/May/2023:04:30:39] DELETING PREPAGATI (JobID: 2e61ca5b-7fe5-4c73-8f4c-dd7429e99155)
 - Deleted: 0

[29/May/2023:04:40:04] UPDATING ACCOUNTS (JobID: ce47c2fc-00b3-431d-97cb-4fff735359c4)
 - New and modified: 0

[29/May/2023:04:40:04] DELETING ACCOUNTS (JobID: ce47c2fc-00b3-431d-97cb-4fff735359c4)
 - Deleted: 0

[29/May/2023:04:40:39] UPDATING PRODUCTS (JobID: b25a2705-70a3-4a92-99d6-977c21e8ef83)
 - New and modified: 0

[29/May/2023:04:40:41] UPDATING PREPAGATI (JobID: de721cb4-f072-477a-9b5a-432c4852a5cc)
 - New and modified: 0

[29/May/2023:04:40:41] DELETING PREPAGATI (JobID: de721cb4-f072-477a-9b5a-432c4852a5cc)
 - Deleted: 0

[29/May/2023:04:50:04] UPDATING ACCOUNTS (JobID: f591b7f7-fee9-4201-aa2a-6a694160d8ab)
 - New and modified: 0

[29/May/2023:04:50:04] DELETING ACCOUNTS (JobID: f591b7f7-fee9-4201-aa2a-6a694160d8ab)
 - Deleted: 0

[29/May/2023:04:50:38] UPDATING PRODUCTS (JobID: d37c9118-78b1-47d4-a36b-1b966b40e11e)
 - New and modified: 0

[29/May/2023:04:50:40] UPDATING PREPAGATI (JobID: 0cf452c9-3114-41af-bfbf-ec5efc935e58)
 - New and modified: 0

[29/May/2023:04:50:40] DELETING PREPAGATI (JobID: 0cf452c9-3114-41af-bfbf-ec5efc935e58)
 - Deleted: 0

[29/May/2023:05:00:04] UPDATING ACCOUNTS (JobID: 8562ad80-a450-47da-a1e7-ca5f00ad71e9)
 - New and modified: 0

[29/May/2023:05:00:04] DELETING ACCOUNTS (JobID: 8562ad80-a450-47da-a1e7-ca5f00ad71e9)
 - Deleted: 0

[29/May/2023:05:00:37] UPDATING PRODUCTS (JobID: b5dfa6ff-4b6e-49fe-bca6-2b78584b1727)
 - New and modified: 0

[29/May/2023:05:00:39] UPDATING PREPAGATI (JobID: 9bf12bf3-40f9-43f8-844f-4c7442ae342a)
 - New and modified: 0

[29/May/2023:05:00:39] DELETING PREPAGATI (JobID: 9bf12bf3-40f9-43f8-844f-4c7442ae342a)
 - Deleted: 0

[29/May/2023:05:10:04] UPDATING ACCOUNTS (JobID: bab0866b-91e1-4d2e-8044-cecaace17495)
 - New and modified: 0

[29/May/2023:05:10:04] DELETING ACCOUNTS (JobID: bab0866b-91e1-4d2e-8044-cecaace17495)
 - Deleted: 0

[29/May/2023:05:10:36] UPDATING PRODUCTS (JobID: cb67f410-47b0-4831-a506-8a1d5af3aef2)
 - New and modified: 0

[29/May/2023:05:10:38] UPDATING PREPAGATI (JobID: fa2415e4-58fd-4c85-8c87-b4c8f96767b3)
 - New and modified: 0

[29/May/2023:05:10:38] DELETING PREPAGATI (JobID: fa2415e4-58fd-4c85-8c87-b4c8f96767b3)
 - Deleted: 0

[29/May/2023:05:20:04] UPDATING ACCOUNTS (JobID: d2cd51ed-3704-4c02-9998-735c60887865)
 - New and modified: 0

[29/May/2023:05:20:04] DELETING ACCOUNTS (JobID: d2cd51ed-3704-4c02-9998-735c60887865)
 - Deleted: 0

[29/May/2023:05:20:36] UPDATING PRODUCTS (JobID: 03bdf741-4261-4bc7-80a6-8fc9cc888280)
 - New and modified: 0

[29/May/2023:05:20:38] UPDATING PREPAGATI (JobID: c0e43acc-79f6-4f8a-99a1-b3e62faae109)
 - New and modified: 0

[29/May/2023:05:20:38] DELETING PREPAGATI (JobID: c0e43acc-79f6-4f8a-99a1-b3e62faae109)
 - Deleted: 0

[29/May/2023:05:30:04] UPDATING ACCOUNTS (JobID: 47e12922-e218-4b06-878a-6df838a17bd1)
 - New and modified: 0

[29/May/2023:05:30:04] DELETING ACCOUNTS (JobID: 47e12922-e218-4b06-878a-6df838a17bd1)
 - Deleted: 0

[29/May/2023:05:30:36] UPDATING PRODUCTS (JobID: bb2a417e-69b0-4303-88a3-3ae7db326433)
 - New and modified: 0

[29/May/2023:05:30:38] UPDATING PREPAGATI (JobID: 6bc3616d-7ddb-48db-b335-fedc76a888bf)
 - New and modified: 0

[29/May/2023:05:30:38] DELETING PREPAGATI (JobID: 6bc3616d-7ddb-48db-b335-fedc76a888bf)
 - Deleted: 0

[29/May/2023:05:40:04] UPDATING ACCOUNTS (JobID: 72837ec5-1efd-41e3-801f-58eb95f07f27)
 - New and modified: 0

[29/May/2023:05:40:04] DELETING ACCOUNTS (JobID: 72837ec5-1efd-41e3-801f-58eb95f07f27)
 - Deleted: 0

[29/May/2023:05:40:36] UPDATING PRODUCTS (JobID: 3026408e-c122-4f48-96cb-ec19c6a03e78)
 - New and modified: 0

[29/May/2023:05:40:38] UPDATING PREPAGATI (JobID: 022763a4-134e-450f-9c47-702da16bc4cb)
 - New and modified: 0

[29/May/2023:05:40:38] DELETING PREPAGATI (JobID: 022763a4-134e-450f-9c47-702da16bc4cb)
 - Deleted: 0

[29/May/2023:05:50:04] UPDATING ACCOUNTS (JobID: 212a2a07-7cb7-478c-afe5-c674fb7f1a6f)
 - New and modified: 0

[29/May/2023:05:50:04] DELETING ACCOUNTS (JobID: 212a2a07-7cb7-478c-afe5-c674fb7f1a6f)
 - Deleted: 0

[29/May/2023:05:50:36] UPDATING PRODUCTS (JobID: b3019928-78b4-48a3-abd3-780e3eef2cab)
 - New and modified: 0

[29/May/2023:05:50:37] UPDATING PREPAGATI (JobID: 038bf17a-1095-4a3d-a3e6-4a7c1e41e0d9)
 - New and modified: 0

[29/May/2023:05:50:37] DELETING PREPAGATI (JobID: 038bf17a-1095-4a3d-a3e6-4a7c1e41e0d9)
 - Deleted: 0

[29/May/2023:06:00:04] UPDATING ACCOUNTS (JobID: 8b1ed1d9-f366-4a38-8842-07b59e745265)
 - New and modified: 0

[29/May/2023:06:00:04] DELETING ACCOUNTS (JobID: 8b1ed1d9-f366-4a38-8842-07b59e745265)
 - Deleted: 0

[29/May/2023:06:00:37] UPDATING PRODUCTS (JobID: 847b53f6-47c5-4143-9a9f-865e26a88b6d)
 - New and modified: 0

[29/May/2023:06:00:39] UPDATING PREPAGATI (JobID: 466f761e-6bab-4fc2-9fb4-02890d29aca7)
 - New and modified: 0

[29/May/2023:06:00:39] DELETING PREPAGATI (JobID: 466f761e-6bab-4fc2-9fb4-02890d29aca7)
 - Deleted: 0

[29/May/2023:06:10:04] UPDATING ACCOUNTS (JobID: 76ad98b2-ba67-460f-a809-b3870a1abdff)
 - New and modified: 0

[29/May/2023:06:10:04] DELETING ACCOUNTS (JobID: 76ad98b2-ba67-460f-a809-b3870a1abdff)
 - Deleted: 0

[29/May/2023:06:10:39] UPDATING PRODUCTS (JobID: e6e79bf5-deff-47c1-a59d-5c6fe8be13dd)
 - New and modified: 0

[29/May/2023:06:10:41] UPDATING PREPAGATI (JobID: 25a5742d-0b2d-4dc9-acd9-2e6d2431cabc)
 - New and modified: 0

[29/May/2023:06:10:41] DELETING PREPAGATI (JobID: 25a5742d-0b2d-4dc9-acd9-2e6d2431cabc)
 - Deleted: 0

[29/May/2023:06:20:04] UPDATING ACCOUNTS (JobID: e6ed3e53-9131-4eee-ba61-7c8f40f6c15b)
 - New and modified: 0

[29/May/2023:06:20:04] DELETING ACCOUNTS (JobID: e6ed3e53-9131-4eee-ba61-7c8f40f6c15b)
 - Deleted: 0

[29/May/2023:06:20:38] UPDATING PRODUCTS (JobID: 8569d80f-9d61-482c-83f8-eca0c6287944)
 - New and modified: 0

[29/May/2023:06:20:40] UPDATING PREPAGATI (JobID: cc9a8f64-4234-4965-a6b4-217075cff86f)
 - New and modified: 0

[29/May/2023:06:20:40] DELETING PREPAGATI (JobID: cc9a8f64-4234-4965-a6b4-217075cff86f)
 - Deleted: 0

[29/May/2023:06:30:04] UPDATING ACCOUNTS (JobID: 49261bf4-6cc8-4c9e-9e01-4ff17391a663)
 - New and modified: 0

[29/May/2023:06:30:04] DELETING ACCOUNTS (JobID: 49261bf4-6cc8-4c9e-9e01-4ff17391a663)
 - Deleted: 0

[29/May/2023:06:30:37] UPDATING PRODUCTS (JobID: cfc36c6b-af0b-4035-b6df-39f232e376e0)
 - New and modified: 0

[29/May/2023:06:30:39] UPDATING PREPAGATI (JobID: 3903ef38-bdfd-4755-b73b-38d48554b1fb)
 - New and modified: 0

[29/May/2023:06:30:39] DELETING PREPAGATI (JobID: 3903ef38-bdfd-4755-b73b-38d48554b1fb)
 - Deleted: 0

[29/May/2023:06:40:03] UPDATING ACCOUNTS (JobID: 12920e62-bd32-49be-9fee-da0dc0c5ef2e)
 - New and modified: 0

[29/May/2023:06:40:03] DELETING ACCOUNTS (JobID: 12920e62-bd32-49be-9fee-da0dc0c5ef2e)
 - Deleted: 0

[29/May/2023:06:40:37] UPDATING PRODUCTS (JobID: 59136a10-01b0-4ea9-b305-5749637c49fd)
 - New and modified: 0

[29/May/2023:06:40:39] UPDATING PREPAGATI (JobID: 25cf92c0-8579-4bf4-ac21-53eb949bec9d)
 - New and modified: 0

[29/May/2023:06:40:39] DELETING PREPAGATI (JobID: 25cf92c0-8579-4bf4-ac21-53eb949bec9d)
 - Deleted: 0

[29/May/2023:06:50:03] UPDATING ACCOUNTS (JobID: d855d688-aea3-4154-bfa4-2b43ed069926)
 - New and modified: 0

[29/May/2023:06:50:03] DELETING ACCOUNTS (JobID: d855d688-aea3-4154-bfa4-2b43ed069926)
 - Deleted: 0

[29/May/2023:06:50:36] UPDATING PRODUCTS (JobID: 26b7ccb8-b39f-4c4d-b9fd-e145d27ebf7e)
 - New and modified: 0

[29/May/2023:06:50:38] UPDATING PREPAGATI (JobID: 2a088d1a-7f3d-4945-a819-33a666773410)
 - New and modified: 0

[29/May/2023:06:50:38] DELETING PREPAGATI (JobID: 2a088d1a-7f3d-4945-a819-33a666773410)
 - Deleted: 0

[29/May/2023:07:00:23] UPDATING ACCOUNTS (JobID: 8285c031-41a2-4382-bb91-268c98db74f2)
 - New and modified: 0

[29/May/2023:07:00:23] DELETING ACCOUNTS (JobID: 8285c031-41a2-4382-bb91-268c98db74f2)
 - Deleted: 0

[29/May/2023:07:00:56] UPDATING PRODUCTS (JobID: 6c7d1f89-f9ae-45b5-8734-47f9b0fbfb75)
 - New and modified: 0

[29/May/2023:07:00:59] UPDATING PREPAGATI (JobID: 16c67c4f-dba4-42bc-b6de-a85bb8a455b2)
 - New and modified: 0

[29/May/2023:07:00:59] DELETING PREPAGATI (JobID: 16c67c4f-dba4-42bc-b6de-a85bb8a455b2)
 - Deleted: 0

[29/May/2023:07:10:05] UPDATING ACCOUNTS (JobID: 07b325bd-064e-439b-a91d-2ebc795b3c09)
 - New and modified: 0

[29/May/2023:07:10:05] DELETING ACCOUNTS (JobID: 07b325bd-064e-439b-a91d-2ebc795b3c09)
 - Deleted: 0

[29/May/2023:07:10:42] UPDATING PRODUCTS (JobID: dad76fa4-15e9-422f-8041-7c50a87381bc)
 - New and modified: 0

[29/May/2023:07:10:47] UPDATING PREPAGATI (JobID: b0969630-d0b9-419b-bc7e-ab7cfbedb714)
 - New and modified: 0

[29/May/2023:07:10:47] DELETING PREPAGATI (JobID: b0969630-d0b9-419b-bc7e-ab7cfbedb714)
 - Deleted: 0

[29/May/2023:07:20:04] UPDATING ACCOUNTS (JobID: 13cc6be0-6064-49ee-a7bc-40dc460cdf51)
 - New and modified: 0

[29/May/2023:07:20:04] DELETING ACCOUNTS (JobID: 13cc6be0-6064-49ee-a7bc-40dc460cdf51)
 - Deleted: 0

[29/May/2023:07:20:45] UPDATING PRODUCTS (JobID: d2998487-4ca4-433f-ae22-4905da64772d)
 - New and modified: 0

[29/May/2023:07:20:47] UPDATING PREPAGATI (JobID: 4bbe0e95-550e-4af9-850b-60111c6eb89a)
 - New and modified: 0

[29/May/2023:07:20:47] DELETING PREPAGATI (JobID: 4bbe0e95-550e-4af9-850b-60111c6eb89a)
 - Deleted: 0

[29/May/2023:07:30:04] UPDATING ACCOUNTS (JobID: 203e9f31-6290-436d-b44e-b084ebf242b2)
 - New and modified: 0

[29/May/2023:07:30:04] DELETING ACCOUNTS (JobID: 203e9f31-6290-436d-b44e-b084ebf242b2)
 - Deleted: 0

[29/May/2023:07:30:40] UPDATING PRODUCTS (JobID: 8f8d89a1-fd0f-412f-ab7f-3f019d783900)
 - New and modified: 0

[29/May/2023:07:30:41] UPDATING PREPAGATI (JobID: 7d298cdf-7274-42df-a9a2-cd5c89011090)
 - New and modified: 0

[29/May/2023:07:30:41] DELETING PREPAGATI (JobID: 7d298cdf-7274-42df-a9a2-cd5c89011090)
 - Deleted: 0

[29/May/2023:07:40:04] UPDATING ACCOUNTS (JobID: 259190c7-e8cb-4dff-bf41-ef46e522cdcb)
 - New and modified: 0

[29/May/2023:07:40:04] DELETING ACCOUNTS (JobID: 259190c7-e8cb-4dff-bf41-ef46e522cdcb)
 - Deleted: 0

[29/May/2023:07:40:38] UPDATING PRODUCTS (JobID: ed61f6f2-fdab-4d39-9013-65fc4a00677c)
 - New and modified: 0

[29/May/2023:07:40:40] UPDATING PREPAGATI (JobID: 8c60e022-b597-426b-bf1b-95e824b9ea1e)
 - New and modified: 0

[29/May/2023:07:40:40] DELETING PREPAGATI (JobID: 8c60e022-b597-426b-bf1b-95e824b9ea1e)
 - Deleted: 0

[29/May/2023:07:50:04] UPDATING ACCOUNTS (JobID: 71892461-28ee-447f-81e2-ff873ed41cf4)
 - New and modified: 0

[29/May/2023:07:50:04] DELETING ACCOUNTS (JobID: 71892461-28ee-447f-81e2-ff873ed41cf4)
 - Deleted: 0

[29/May/2023:07:50:40] UPDATING PRODUCTS (JobID: 63898e34-6c96-43eb-b269-b9fe1a42f767)
 - New and modified: 0

[29/May/2023:07:50:42] UPDATING PREPAGATI (JobID: c75759dd-1305-44e0-b90d-388cb4c7656b)
 - New and modified: 0

[29/May/2023:07:50:42] DELETING PREPAGATI (JobID: c75759dd-1305-44e0-b90d-388cb4c7656b)
 - Deleted: 0

[29/May/2023:08:00:04] UPDATING ACCOUNTS (JobID: f00630f4-7864-416a-8196-fc13ebfeb664)
 - New and modified: 0

[29/May/2023:08:00:04] DELETING ACCOUNTS (JobID: f00630f4-7864-416a-8196-fc13ebfeb664)
 - Deleted: 0

[29/May/2023:08:00:40] UPDATING PRODUCTS (JobID: ec7d910f-0ab9-4799-b20c-4eef29277c58)
 - New and modified: 0

[29/May/2023:08:00:42] UPDATING PREPAGATI (JobID: 8f7aadb7-644e-47e1-890e-e37bc937003c)
 - New and modified: 0

[29/May/2023:08:00:42] DELETING PREPAGATI (JobID: 8f7aadb7-644e-47e1-890e-e37bc937003c)
 - Deleted: 0

[29/May/2023:08:10:04] UPDATING ACCOUNTS (JobID: 93414a40-33a0-44ae-a33e-285f4d01436f)
 - New and modified: 0

[29/May/2023:08:10:04] DELETING ACCOUNTS (JobID: 93414a40-33a0-44ae-a33e-285f4d01436f)
 - Deleted: 0

[29/May/2023:08:10:39] UPDATING PRODUCTS (JobID: d12c8859-d22a-4518-9377-879c9e4befa0)
 - New and modified: 0

[29/May/2023:08:10:42] UPDATING PREPAGATI (JobID: be13f679-ecee-45a3-80a5-42bdf0419682)
 - New and modified: 0

[29/May/2023:08:10:42] DELETING PREPAGATI (JobID: be13f679-ecee-45a3-80a5-42bdf0419682)
 - Deleted: 0

[29/May/2023:08:20:04] UPDATING ACCOUNTS (JobID: cf29c07b-6795-4f0d-81e4-c9ded3e862bf)
 - New and modified: 0

[29/May/2023:08:20:04] DELETING ACCOUNTS (JobID: cf29c07b-6795-4f0d-81e4-c9ded3e862bf)
 - Deleted: 0

[29/May/2023:08:20:40] UPDATING PRODUCTS (JobID: ba653356-546e-40ee-8c18-eb8bab013ed9)
 - New and modified: 0

[29/May/2023:08:20:41] UPDATING PREPAGATI (JobID: 5445732b-6c50-4c4f-bb44-3d5dd99853ff)
 - New and modified: 0

[29/May/2023:08:20:41] DELETING PREPAGATI (JobID: 5445732b-6c50-4c4f-bb44-3d5dd99853ff)
 - Deleted: 0

[29/May/2023:08:30:05] UPDATING ACCOUNTS (JobID: 27ee00eb-fd46-48c5-8d40-a853d77f808f)
 - New and modified: 0

[29/May/2023:08:30:05] DELETING ACCOUNTS (JobID: 27ee00eb-fd46-48c5-8d40-a853d77f808f)
 - Deleted: 0

[29/May/2023:08:30:38] UPDATING PRODUCTS (JobID: 8134cd77-a19e-4a7e-8021-d150d01aa4b4)
 - New and modified: 0

[29/May/2023:08:30:40] UPDATING PREPAGATI (JobID: 09ee0562-88be-442a-8b0d-c2a764738d0d)
 - New and modified: 0

[29/May/2023:08:30:40] DELETING PREPAGATI (JobID: 09ee0562-88be-442a-8b0d-c2a764738d0d)
 - Deleted: 0

[29/May/2023:08:40:04] UPDATING ACCOUNTS (JobID: 42134af7-cd21-418c-9621-8fcb6eb6adb2)
 - New and modified: 0

[29/May/2023:08:40:04] DELETING ACCOUNTS (JobID: 42134af7-cd21-418c-9621-8fcb6eb6adb2)
 - Deleted: 0

[29/May/2023:08:40:38] UPDATING PRODUCTS (JobID: 24781dcb-83bd-4c80-a271-6bfcab1f27ee)
 - New and modified: 0

[29/May/2023:08:40:40] UPDATING PREPAGATI (JobID: 3418e689-0c9e-44f9-b6c9-19235abe334a)
 - New and modified: 0

[29/May/2023:08:40:40] DELETING PREPAGATI (JobID: 3418e689-0c9e-44f9-b6c9-19235abe334a)
 - Deleted: 0

[29/May/2023:08:50:04] UPDATING ACCOUNTS (JobID: f3918675-802a-4194-ba1e-a65d62325206)
 - New and modified: 0

[29/May/2023:08:50:04] DELETING ACCOUNTS (JobID: f3918675-802a-4194-ba1e-a65d62325206)
 - Deleted: 0

[29/May/2023:08:50:37] UPDATING PRODUCTS (JobID: 6a2aba6a-62d9-446d-9b8a-142d7589c8b1)
 - New and modified: 0

[29/May/2023:08:50:38] UPDATING PREPAGATI (JobID: add9f53e-b40e-486e-81fc-bf95d7a5abdb)
 - New and modified: 0

[29/May/2023:08:50:38] DELETING PREPAGATI (JobID: add9f53e-b40e-486e-81fc-bf95d7a5abdb)
 - Deleted: 0

[29/May/2023:09:00:04] UPDATING ACCOUNTS (JobID: 2c659e1a-c7b0-41d6-ba03-3ff7a7dcccc6)
 - New and modified: 0

[29/May/2023:09:00:04] DELETING ACCOUNTS (JobID: 2c659e1a-c7b0-41d6-ba03-3ff7a7dcccc6)
 - Deleted: 0

[29/May/2023:09:00:40] UPDATING PRODUCTS (JobID: e6907da1-a41b-43e7-aff8-52074a9c26b5)
 - New and modified: 0

[29/May/2023:09:00:42] UPDATING PREPAGATI (JobID: 6de1151d-c7ab-4f53-a121-27ee055df80c)
 - New and modified: 0

[29/May/2023:09:00:42] DELETING PREPAGATI (JobID: 6de1151d-c7ab-4f53-a121-27ee055df80c)
 - Deleted: 0

[29/May/2023:09:10:04] UPDATING ACCOUNTS (JobID: 0eb392c5-6c8c-4b9e-a60b-100ee0a02fa2)
 - New and modified: 0

[29/May/2023:09:10:04] DELETING ACCOUNTS (JobID: 0eb392c5-6c8c-4b9e-a60b-100ee0a02fa2)
 - Deleted: 0

[29/May/2023:09:10:38] UPDATING PRODUCTS (JobID: a65ae4c6-b7ec-4c71-809d-4d1a90d195bd)
 - New and modified: 0

[29/May/2023:09:10:40] UPDATING PREPAGATI (JobID: a1415703-5288-44fd-9b77-126b88ae5391)
 - New and modified: 0

[29/May/2023:09:10:40] DELETING PREPAGATI (JobID: a1415703-5288-44fd-9b77-126b88ae5391)
 - Deleted: 0

[29/May/2023:09:20:05] UPDATING ACCOUNTS (JobID: 871e5629-901d-45d6-8955-1c1c712b3f97)
 - New and modified: 0

[29/May/2023:09:20:05] DELETING ACCOUNTS (JobID: 871e5629-901d-45d6-8955-1c1c712b3f97)
 - Deleted: 0

[29/May/2023:09:20:41] UPDATING PRODUCTS (JobID: eca1e019-c3b4-4501-817d-3c5362b8df8d)
 - New and modified: 0

[29/May/2023:09:20:42] UPDATING PREPAGATI (JobID: 9d8ea244-0a14-4c06-a3fc-f7832d3519a0)
 - New and modified: 0

[29/May/2023:09:20:42] DELETING PREPAGATI (JobID: 9d8ea244-0a14-4c06-a3fc-f7832d3519a0)
 - Deleted: 0

[29/May/2023:09:30:04] UPDATING ACCOUNTS (JobID: 6f77b26d-de94-4e56-847b-ba06be4b0e24)
 - New and modified: 0

[29/May/2023:09:30:04] DELETING ACCOUNTS (JobID: 6f77b26d-de94-4e56-847b-ba06be4b0e24)
 - Deleted: 0

[29/May/2023:09:30:37] UPDATING PRODUCTS (JobID: e607e9a2-a021-437d-bf5f-2bfdcb1bf89d)
 - New and modified: 0

[29/May/2023:09:30:39] UPDATING PREPAGATI (JobID: ff86bdc2-def3-4904-8b96-64a8464814b2)
 - New and modified: 0

[29/May/2023:09:30:39] DELETING PREPAGATI (JobID: ff86bdc2-def3-4904-8b96-64a8464814b2)
 - Deleted: 0

[29/May/2023:09:40:04] UPDATING ACCOUNTS (JobID: d89f2446-d392-4c92-ad53-60459d3409c1)
 - New and modified: 0

[29/May/2023:09:40:04] DELETING ACCOUNTS (JobID: d89f2446-d392-4c92-ad53-60459d3409c1)
 - Deleted: 0

[29/May/2023:09:40:38] UPDATING PRODUCTS (JobID: 8da15e0e-2563-4f48-b5f8-8eee610d4e6e)
 - New and modified: 0

[29/May/2023:09:40:39] UPDATING PREPAGATI (JobID: f543e3c3-71e2-4164-9259-68e14fa6006a)
 - New and modified: 0

[29/May/2023:09:40:39] DELETING PREPAGATI (JobID: f543e3c3-71e2-4164-9259-68e14fa6006a)
 - Deleted: 0

[29/May/2023:09:50:04] UPDATING ACCOUNTS (JobID: 9155a736-d009-4d6f-ad43-c904814953ba)
 - New and modified: 0

[29/May/2023:09:50:04] DELETING ACCOUNTS (JobID: 9155a736-d009-4d6f-ad43-c904814953ba)
 - Deleted: 0

[29/May/2023:09:50:36] UPDATING PRODUCTS (JobID: c20b9b29-7378-40b1-9aef-e7e47d518c04)
 - New and modified: 0

[29/May/2023:09:50:38] UPDATING PREPAGATI (JobID: c1006ba4-c231-4865-81e5-39f187c199f0)
 - New and modified: 0

[29/May/2023:09:50:38] DELETING PREPAGATI (JobID: c1006ba4-c231-4865-81e5-39f187c199f0)
 - Deleted: 0

[29/May/2023:10:00:04] UPDATING ACCOUNTS (JobID: 49767945-0a6c-47ca-a637-8c1c2d086398)
 - New and modified: 0

[29/May/2023:10:00:04] DELETING ACCOUNTS (JobID: 49767945-0a6c-47ca-a637-8c1c2d086398)
 - Deleted: 0

[29/May/2023:10:00:39] UPDATING PRODUCTS (JobID: 8629c731-7c55-48ca-830a-9d7bc3886176)
 - New and modified: 0

[29/May/2023:10:00:41] UPDATING PREPAGATI (JobID: 25796c04-bf49-467b-8cd4-148b03dad093)
 - New and modified: 0

[29/May/2023:10:00:41] DELETING PREPAGATI (JobID: 25796c04-bf49-467b-8cd4-148b03dad093)
 - Deleted: 0

[29/May/2023:10:10:04] UPDATING ACCOUNTS (JobID: 4f402e8c-3785-43f9-b76f-49d5e8c39404)
 - New and modified: 0

[29/May/2023:10:10:04] DELETING ACCOUNTS (JobID: 4f402e8c-3785-43f9-b76f-49d5e8c39404)
 - Deleted: 0

[29/May/2023:10:10:38] UPDATING PRODUCTS (JobID: d1ab7f9b-26a3-493c-8faf-8718c7ad74be)
 - New and modified: 0

[29/May/2023:10:10:40] UPDATING PREPAGATI (JobID: c86db6a3-1e11-4488-8be4-74c640b1d0c5)
 - New and modified: 0

[29/May/2023:10:10:40] DELETING PREPAGATI (JobID: c86db6a3-1e11-4488-8be4-74c640b1d0c5)
 - Deleted: 0

[29/May/2023:10:20:04] UPDATING ACCOUNTS (JobID: af9e0e03-bdf9-45cc-b64c-2197e9dc21ab)
 - New and modified: 0

[29/May/2023:10:20:04] DELETING ACCOUNTS (JobID: af9e0e03-bdf9-45cc-b64c-2197e9dc21ab)
 - Deleted: 0

[29/May/2023:10:20:39] UPDATING PRODUCTS (JobID: 37b68e68-9773-4b38-8310-dee4295ea267)
 - New and modified: 1
   CIRZ1CSMA S

[29/May/2023:10:20:41] UPDATING PREPAGATI (JobID: aa244376-8238-4853-87e1-f2a5b49e4f3d)
 - New and modified: 0

[29/May/2023:10:20:41] DELETING PREPAGATI (JobID: aa244376-8238-4853-87e1-f2a5b49e4f3d)
 - Deleted: 0

[29/May/2023:10:30:04] UPDATING ACCOUNTS (JobID: 457f4b7e-8633-4542-9e58-a2edf56342fc)
 - New and modified: 0

[29/May/2023:10:30:04] DELETING ACCOUNTS (JobID: 457f4b7e-8633-4542-9e58-a2edf56342fc)
 - Deleted: 0

[29/May/2023:10:30:38] UPDATING PRODUCTS (JobID: 295c618b-0104-4e9b-b67a-9af929e4e74f)
 - New and modified: 0

[29/May/2023:10:30:40] UPDATING PREPAGATI (JobID: 9db04e95-f670-4a88-84a3-7c67ac40c39d)
 - New and modified: 0

[29/May/2023:10:30:40] DELETING PREPAGATI (JobID: 9db04e95-f670-4a88-84a3-7c67ac40c39d)
 - Deleted: 0

[29/May/2023:10:40:04] UPDATING ACCOUNTS (JobID: 59cec61d-7a09-49d7-a835-efac1d85747b)
 - New and modified: 0

[29/May/2023:10:40:04] DELETING ACCOUNTS (JobID: 59cec61d-7a09-49d7-a835-efac1d85747b)
 - Deleted: 0

[29/May/2023:10:40:37] UPDATING PRODUCTS (JobID: c882a2de-e594-438b-a76e-1147b8726461)
 - New and modified: 0

[29/May/2023:10:40:39] UPDATING PREPAGATI (JobID: d5f9a524-1be1-4976-908b-f3a3c4bf215d)
 - New and modified: 0

[29/May/2023:10:40:39] DELETING PREPAGATI (JobID: d5f9a524-1be1-4976-908b-f3a3c4bf215d)
 - Deleted: 0

[29/May/2023:10:50:04] UPDATING ACCOUNTS (JobID: 5c29a8a1-9ab1-4cc6-abdc-206f1a2e41cf)
 - New and modified: 0

[29/May/2023:10:50:04] DELETING ACCOUNTS (JobID: 5c29a8a1-9ab1-4cc6-abdc-206f1a2e41cf)
 - Deleted: 0

[29/May/2023:10:50:37] UPDATING PRODUCTS (JobID: 0f832149-3b5c-49c0-922c-b1bd406c41a1)
 - New and modified: 0

[29/May/2023:10:50:38] UPDATING PREPAGATI (JobID: b335caf9-d3f1-4562-9ad6-120a79b25932)
 - New and modified: 0

[29/May/2023:10:50:38] DELETING PREPAGATI (JobID: b335caf9-d3f1-4562-9ad6-120a79b25932)
 - Deleted: 0

[29/May/2023:11:00:04] UPDATING ACCOUNTS (JobID: 797d6a90-cfed-4232-b179-ac5261eeed31)
 - New and modified: 0

[29/May/2023:11:00:04] DELETING ACCOUNTS (JobID: 797d6a90-cfed-4232-b179-ac5261eeed31)
 - Deleted: 0

[29/May/2023:11:00:38] UPDATING PRODUCTS (JobID: 646d2aea-2540-4c95-b645-76486e5d46c2)
 - New and modified: 0

[29/May/2023:11:00:39] UPDATING PREPAGATI (JobID: 1b6e5d19-e873-40a3-a6f1-14adcda10b7b)
 - New and modified: 0

[29/May/2023:11:00:39] DELETING PREPAGATI (JobID: 1b6e5d19-e873-40a3-a6f1-14adcda10b7b)
 - Deleted: 0

[29/May/2023:11:10:04] UPDATING ACCOUNTS (JobID: 851e5557-59fe-4733-bc63-8b07f3e66846)
 - New and modified: 0

[29/May/2023:11:10:04] DELETING ACCOUNTS (JobID: 851e5557-59fe-4733-bc63-8b07f3e66846)
 - Deleted: 0

[29/May/2023:11:10:39] UPDATING PRODUCTS (JobID: 30c05086-67e7-4e5c-971f-ee8cc614affb)
 - New and modified: 0

[29/May/2023:11:10:41] UPDATING PREPAGATI (JobID: c640c9d7-9cb9-4b2a-b1d1-3a8750d246c4)
 - New and modified: 0

[29/May/2023:11:10:41] DELETING PREPAGATI (JobID: c640c9d7-9cb9-4b2a-b1d1-3a8750d246c4)
 - Deleted: 0

[29/May/2023:11:20:04] UPDATING ACCOUNTS (JobID: 7dad4bed-9352-4099-822e-5873ebc25cf1)
 - New and modified: 0

[29/May/2023:11:20:04] DELETING ACCOUNTS (JobID: 7dad4bed-9352-4099-822e-5873ebc25cf1)
 - Deleted: 0

[29/May/2023:11:20:38] UPDATING PRODUCTS (JobID: f2c41908-42aa-4751-aac8-f8071ffcb09d)
 - New and modified: 0

[29/May/2023:11:20:40] UPDATING PREPAGATI (JobID: 84f99e38-240f-43bd-931a-63b293dc653a)
 - New and modified: 0

[29/May/2023:11:20:40] DELETING PREPAGATI (JobID: 84f99e38-240f-43bd-931a-63b293dc653a)
 - Deleted: 0

[29/May/2023:11:30:04] UPDATING ACCOUNTS (JobID: 4342ac99-95dc-4450-99b3-70398fb9664e)
 - New and modified: 0

[29/May/2023:11:30:04] DELETING ACCOUNTS (JobID: 4342ac99-95dc-4450-99b3-70398fb9664e)
 - Deleted: 0

[29/May/2023:11:30:37] UPDATING PRODUCTS (JobID: 8cf74d2c-5bee-4670-99d4-bea62c0cf574)
 - New and modified: 0

[29/May/2023:11:30:39] UPDATING PREPAGATI (JobID: bda43540-ddeb-4059-95c9-277914c3d9b0)
 - New and modified: 0

[29/May/2023:11:30:39] DELETING PREPAGATI (JobID: bda43540-ddeb-4059-95c9-277914c3d9b0)
 - Deleted: 0

[29/May/2023:11:40:04] UPDATING ACCOUNTS (JobID: 8d96d6b2-ba00-45a8-9a67-65dc52da3bac)
 - New and modified: 0

[29/May/2023:11:40:04] DELETING ACCOUNTS (JobID: 8d96d6b2-ba00-45a8-9a67-65dc52da3bac)
 - Deleted: 0

[29/May/2023:11:40:37] UPDATING PRODUCTS (JobID: e06c0581-d91e-4348-a910-7c6995bbb822)
 - New and modified: 0

[29/May/2023:11:40:38] UPDATING PREPAGATI (JobID: f7dd46a7-e2ab-455a-b70a-7e99295f7909)
 - New and modified: 0

[29/May/2023:11:40:38] DELETING PREPAGATI (JobID: f7dd46a7-e2ab-455a-b70a-7e99295f7909)
 - Deleted: 0

[29/May/2023:11:50:04] UPDATING ACCOUNTS (JobID: b9ef6841-f3f9-4ed4-b07a-df345fa307de)
 - New and modified: 0

[29/May/2023:11:50:04] DELETING ACCOUNTS (JobID: b9ef6841-f3f9-4ed4-b07a-df345fa307de)
 - Deleted: 0

[29/May/2023:11:50:37] UPDATING PRODUCTS (JobID: c360eefa-ca53-4851-84d9-909112daf5e7)
 - New and modified: 0

[29/May/2023:11:50:39] UPDATING PREPAGATI (JobID: f09dcd76-5211-4de0-82b9-0a613d0a4ded)
 - New and modified: 0

[29/May/2023:11:50:39] DELETING PREPAGATI (JobID: f09dcd76-5211-4de0-82b9-0a613d0a4ded)
 - Deleted: 0

[29/May/2023:12:00:04] UPDATING ACCOUNTS (JobID: 099304df-698f-4c56-bc64-ca4bb4462fe4)
 - New and modified: 0

[29/May/2023:12:00:04] DELETING ACCOUNTS (JobID: 099304df-698f-4c56-bc64-ca4bb4462fe4)
 - Deleted: 0

[29/May/2023:12:00:37] UPDATING PRODUCTS (JobID: 3dffa1ea-0dd5-4789-bbdb-cb8897074943)
 - New and modified: 0

[29/May/2023:12:00:39] UPDATING PREPAGATI (JobID: 282e93a5-49b2-4b58-8fee-53f8b7449d99)
 - New and modified: 0

[29/May/2023:12:00:39] DELETING PREPAGATI (JobID: 282e93a5-49b2-4b58-8fee-53f8b7449d99)
 - Deleted: 0

[29/May/2023:12:20:05] UPDATING ACCOUNTS (JobID: 339c8741-0bf6-4a50-8988-e3e7bfad0f61)
 - New and modified: 0

[29/May/2023:12:20:05] DELETING ACCOUNTS (JobID: 339c8741-0bf6-4a50-8988-e3e7bfad0f61)
 - Deleted: 0

[29/May/2023:12:20:40] UPDATING PRODUCTS (JobID: db65dd88-c551-47f3-b391-b1dcc8d882b0)
 - New and modified: 0

[29/May/2023:12:20:42] UPDATING PREPAGATI (JobID: 040cb3fc-bef1-4a2d-b3d3-479bef7500c9)
 - New and modified: 0

[29/May/2023:12:20:42] DELETING PREPAGATI (JobID: 040cb3fc-bef1-4a2d-b3d3-479bef7500c9)
 - Deleted: 0

[29/May/2023:12:30:04] UPDATING ACCOUNTS (JobID: a45167fd-cadb-4ff6-aefa-7aaa983fb546)
 - New and modified: 0

[29/May/2023:12:30:04] DELETING ACCOUNTS (JobID: a45167fd-cadb-4ff6-aefa-7aaa983fb546)
 - Deleted: 0

[29/May/2023:12:30:38] UPDATING PRODUCTS (JobID: 92bf5137-4a1c-423c-aa69-5104589044f3)
 - New and modified: 0

[29/May/2023:12:30:40] UPDATING PREPAGATI (JobID: 256c4a7a-48f4-4c69-8f2f-7c8fa3b8a76a)
 - New and modified: 0

[29/May/2023:12:30:40] DELETING PREPAGATI (JobID: 256c4a7a-48f4-4c69-8f2f-7c8fa3b8a76a)
 - Deleted: 0

[29/May/2023:12:40:04] UPDATING ACCOUNTS (JobID: d0fa082d-88b1-484f-92f1-4f15267c3206)
 - New and modified: 0

[29/May/2023:12:40:04] DELETING ACCOUNTS (JobID: d0fa082d-88b1-484f-92f1-4f15267c3206)
 - Deleted: 0

[29/May/2023:12:40:36] UPDATING PRODUCTS (JobID: 2ab3d484-2b11-4c82-823f-749f59dc02cf)
 - New and modified: 0

[29/May/2023:12:40:38] UPDATING PREPAGATI (JobID: 17b46204-9c74-41dd-b312-72faeb2b1438)
 - New and modified: 0

[29/May/2023:12:40:38] DELETING PREPAGATI (JobID: 17b46204-9c74-41dd-b312-72faeb2b1438)
 - Deleted: 0

[29/May/2023:12:50:04] UPDATING ACCOUNTS (JobID: f9b38c7e-47a6-477f-862d-7de1def88617)
 - New and modified: 0

[29/May/2023:12:50:04] DELETING ACCOUNTS (JobID: f9b38c7e-47a6-477f-862d-7de1def88617)
 - Deleted: 0

[29/May/2023:12:50:37] UPDATING PRODUCTS (JobID: c54e829a-374e-44d7-b509-07c599df8584)
 - New and modified: 0

[29/May/2023:12:50:39] UPDATING PREPAGATI (JobID: 3ee40227-cb1a-4a50-92d7-9f34a0efe21b)
 - New and modified: 0

[29/May/2023:12:50:39] DELETING PREPAGATI (JobID: 3ee40227-cb1a-4a50-92d7-9f34a0efe21b)
 - Deleted: 0

[29/May/2023:13:00:04] UPDATING ACCOUNTS (JobID: 6ac91ba6-aeab-4e93-a2ba-2b30791c35dc)
 - New and modified: 0

[29/May/2023:13:00:04] DELETING ACCOUNTS (JobID: 6ac91ba6-aeab-4e93-a2ba-2b30791c35dc)
 - Deleted: 0

[29/May/2023:13:00:39] UPDATING PRODUCTS (JobID: fc72a63d-dfa8-4618-b1c6-63d7afe7d537)
 - New and modified: 0

[29/May/2023:13:00:41] UPDATING PREPAGATI (JobID: 9e8bcf7f-eeac-4329-a74a-00f28ed49619)
 - New and modified: 0

[29/May/2023:13:00:41] DELETING PREPAGATI (JobID: 9e8bcf7f-eeac-4329-a74a-00f28ed49619)
 - Deleted: 0

[29/May/2023:13:10:04] UPDATING ACCOUNTS (JobID: 1c68cd5d-ebbe-450f-9531-f5687beefaa3)
 - New and modified: 0

[29/May/2023:13:10:04] DELETING ACCOUNTS (JobID: 1c68cd5d-ebbe-450f-9531-f5687beefaa3)
 - Deleted: 0

[29/May/2023:13:10:39] UPDATING PRODUCTS (JobID: e76d2dda-d61c-4eba-b41f-1ce59b729023)
 - New and modified: 0

[29/May/2023:13:10:41] UPDATING PREPAGATI (JobID: f9599b69-a796-42aa-96c7-34ecaa6b7b40)
 - New and modified: 0

[29/May/2023:13:10:41] DELETING PREPAGATI (JobID: f9599b69-a796-42aa-96c7-34ecaa6b7b40)
 - Deleted: 0

[29/May/2023:13:20:04] UPDATING ACCOUNTS (JobID: 4c13d1b9-227c-4404-9a2c-476aa667566e)
 - New and modified: 0

[29/May/2023:13:20:04] DELETING ACCOUNTS (JobID: 4c13d1b9-227c-4404-9a2c-476aa667566e)
 - Deleted: 0

[29/May/2023:13:20:37] UPDATING PRODUCTS (JobID: ee5166f7-65b0-48a3-a6e5-d5dce014a795)
 - New and modified: 0

[29/May/2023:13:20:39] UPDATING PREPAGATI (JobID: cfde545d-990b-4f8f-9497-0bc9d7307f1c)
 - New and modified: 0

[29/May/2023:13:20:39] DELETING PREPAGATI (JobID: cfde545d-990b-4f8f-9497-0bc9d7307f1c)
 - Deleted: 0

[29/May/2023:13:30:04] UPDATING ACCOUNTS (JobID: d1129864-6c04-4115-961c-68468204c14e)
 - New and modified: 0

[29/May/2023:13:30:04] DELETING ACCOUNTS (JobID: d1129864-6c04-4115-961c-68468204c14e)
 - Deleted: 0

[29/May/2023:13:30:37] UPDATING PRODUCTS (JobID: 6f0c60c6-5c95-41c3-9c48-0e198a97b284)
 - New and modified: 0

[29/May/2023:13:30:38] UPDATING PREPAGATI (JobID: 5ad09271-f2db-4696-96ee-049b8e9e98ff)
 - New and modified: 0

[29/May/2023:13:30:38] DELETING PREPAGATI (JobID: 5ad09271-f2db-4696-96ee-049b8e9e98ff)
 - Deleted: 0

[29/May/2023:13:40:04] UPDATING ACCOUNTS (JobID: 491e619d-9191-4c2e-9e75-254f2d61581c)
 - New and modified: 0

[29/May/2023:13:40:04] DELETING ACCOUNTS (JobID: 491e619d-9191-4c2e-9e75-254f2d61581c)
 - Deleted: 0

[29/May/2023:13:40:37] UPDATING PRODUCTS (JobID: f4aa2755-9bba-483b-a966-22ae3c3d4e80)
 - New and modified: 0

[29/May/2023:13:40:39] UPDATING PREPAGATI (JobID: 8e79592c-01f0-4d23-af64-801dde0446cb)
 - New and modified: 0

[29/May/2023:13:40:39] DELETING PREPAGATI (JobID: 8e79592c-01f0-4d23-af64-801dde0446cb)
 - Deleted: 0

[29/May/2023:13:50:04] UPDATING ACCOUNTS (JobID: 52ab5bc7-f41f-486d-b17f-6bb769f206e4)
 - New and modified: 0

[29/May/2023:13:50:04] DELETING ACCOUNTS (JobID: 52ab5bc7-f41f-486d-b17f-6bb769f206e4)
 - Deleted: 0

[29/May/2023:13:50:36] UPDATING PRODUCTS (JobID: 5af983db-7ddb-4086-917c-b050155d829a)
 - New and modified: 0

[29/May/2023:13:50:38] UPDATING PREPAGATI (JobID: 6ce17975-322e-490f-8119-60739461fda3)
 - New and modified: 0

[29/May/2023:13:50:38] DELETING PREPAGATI (JobID: 6ce17975-322e-490f-8119-60739461fda3)
 - Deleted: 0

[29/May/2023:14:00:04] UPDATING ACCOUNTS (JobID: 7f334191-bb94-4c96-967c-1cd1006d9c94)
 - New and modified: 0

[29/May/2023:14:00:04] DELETING ACCOUNTS (JobID: 7f334191-bb94-4c96-967c-1cd1006d9c94)
 - Deleted: 0

[29/May/2023:14:00:36] UPDATING PRODUCTS (JobID: 5f243937-9f14-4667-8797-247f63dbd75c)
 - New and modified: 0

[29/May/2023:14:00:38] UPDATING PREPAGATI (JobID: 97c5ae5a-6f84-4a7c-a243-226580eb061d)
 - New and modified: 0

[29/May/2023:14:00:38] DELETING PREPAGATI (JobID: 97c5ae5a-6f84-4a7c-a243-226580eb061d)
 - Deleted: 0

[29/May/2023:14:10:04] UPDATING ACCOUNTS (JobID: 1789a621-0c7a-4799-b386-463d54c3ff21)
 - New and modified: 0

[29/May/2023:14:10:04] DELETING ACCOUNTS (JobID: 1789a621-0c7a-4799-b386-463d54c3ff21)
 - Deleted: 0

[29/May/2023:14:10:37] UPDATING PRODUCTS (JobID: ca0c4038-067c-417b-ad48-2f3bd39f0e2c)
 - New and modified: 0

[29/May/2023:14:10:39] UPDATING PREPAGATI (JobID: 8a65bbf5-7472-49d1-aee2-8a5c7bc82785)
 - New and modified: 0

[29/May/2023:14:10:39] DELETING PREPAGATI (JobID: 8a65bbf5-7472-49d1-aee2-8a5c7bc82785)
 - Deleted: 0

[29/May/2023:14:20:04] UPDATING ACCOUNTS (JobID: 89cd3ac5-e58a-4b39-8037-12eb2df4c948)
 - New and modified: 0

[29/May/2023:14:20:04] DELETING ACCOUNTS (JobID: 89cd3ac5-e58a-4b39-8037-12eb2df4c948)
 - Deleted: 0

[29/May/2023:14:20:37] UPDATING PRODUCTS (JobID: 3c5dbbb4-d577-4901-8082-88d0cbc1f302)
 - New and modified: 0

[29/May/2023:14:20:39] UPDATING PREPAGATI (JobID: 067ab1a1-182c-4039-af72-111ff3e8b045)
 - New and modified: 0

[29/May/2023:14:20:39] DELETING PREPAGATI (JobID: 067ab1a1-182c-4039-af72-111ff3e8b045)
 - Deleted: 0

[29/May/2023:14:30:04] UPDATING ACCOUNTS (JobID: 5cabaae9-e795-43e7-8002-41ea1a78032e)
 - New and modified: 0

[29/May/2023:14:30:04] DELETING ACCOUNTS (JobID: 5cabaae9-e795-43e7-8002-41ea1a78032e)
 - Deleted: 0

[29/May/2023:14:30:36] UPDATING PRODUCTS (JobID: 24454633-22e9-49c8-89b5-2f803ad60392)
 - New and modified: 0

[29/May/2023:14:30:38] UPDATING PREPAGATI (JobID: c1332b42-8c40-4461-8509-aa5b237fc8a9)
 - New and modified: 0

[29/May/2023:14:30:38] DELETING PREPAGATI (JobID: c1332b42-8c40-4461-8509-aa5b237fc8a9)
 - Deleted: 0

[29/May/2023:14:40:05] UPDATING ACCOUNTS (JobID: a02fa561-4a64-4bf9-86d4-6e9dd96bd065)
 - New and modified: 0

[29/May/2023:14:40:05] DELETING ACCOUNTS (JobID: a02fa561-4a64-4bf9-86d4-6e9dd96bd065)
 - Deleted: 0

[29/May/2023:14:40:37] UPDATING PRODUCTS (JobID: fcc5dec4-ca86-4f4c-93ac-8624e955b2bc)
 - New and modified: 0

[29/May/2023:14:40:38] UPDATING PREPAGATI (JobID: 630f7410-eb1e-460b-ba2f-24075ca5709c)
 - New and modified: 0

[29/May/2023:14:40:38] DELETING PREPAGATI (JobID: 630f7410-eb1e-460b-ba2f-24075ca5709c)
 - Deleted: 0

[29/May/2023:15:00:04] UPDATING ACCOUNTS (JobID: 8e602dfb-87d8-4348-814c-d45560d77df6)
 - New and modified: 0

[29/May/2023:15:00:04] DELETING ACCOUNTS (JobID: 8e602dfb-87d8-4348-814c-d45560d77df6)
 - Deleted: 0

[29/May/2023:15:00:37] UPDATING PRODUCTS (JobID: 0c1878e8-f9ca-400e-beb6-79bf4bbf3fed)
 - New and modified: 0

[29/May/2023:15:00:39] UPDATING PREPAGATI (JobID: 2ce3b9fe-406e-4197-939a-ef5eb008026b)
 - New and modified: 0

[29/May/2023:15:00:39] DELETING PREPAGATI (JobID: 2ce3b9fe-406e-4197-939a-ef5eb008026b)
 - Deleted: 0

[29/May/2023:15:10:03] UPDATING ACCOUNTS (JobID: 4a507686-3fca-405b-ad0b-b12515fcb22d)
 - New and modified: 0

[29/May/2023:15:10:03] DELETING ACCOUNTS (JobID: 4a507686-3fca-405b-ad0b-b12515fcb22d)
 - Deleted: 0

[29/May/2023:15:10:36] UPDATING PRODUCTS (JobID: 1b27f0db-8ac8-4afb-9384-d3bb7fed78b8)
 - New and modified: 0

[29/May/2023:15:10:38] UPDATING PREPAGATI (JobID: 20a56ab6-2677-4d4c-b9f4-f18fefab57ca)
 - New and modified: 0

[29/May/2023:15:10:38] DELETING PREPAGATI (JobID: 20a56ab6-2677-4d4c-b9f4-f18fefab57ca)
 - Deleted: 0

[29/May/2023:15:20:04] UPDATING ACCOUNTS (JobID: 1c0aee8b-8585-48da-8c1c-1b1b8438a540)
 - New and modified: 0

[29/May/2023:15:20:04] DELETING ACCOUNTS (JobID: 1c0aee8b-8585-48da-8c1c-1b1b8438a540)
 - Deleted: 0

[29/May/2023:15:20:36] UPDATING PRODUCTS (JobID: dd01e9ce-2092-465b-90aa-dd3fdfda6e9f)
 - New and modified: 0

[29/May/2023:15:20:38] UPDATING PREPAGATI (JobID: e9ca0fd3-c6c5-487e-840f-daa7a594f5b2)
 - New and modified: 0

[29/May/2023:15:20:38] DELETING PREPAGATI (JobID: e9ca0fd3-c6c5-487e-840f-daa7a594f5b2)
 - Deleted: 0

[29/May/2023:15:30:04] UPDATING ACCOUNTS (JobID: ec6bc493-413b-428b-b8be-4be224d2a28a)
 - New and modified: 0

[29/May/2023:15:30:04] DELETING ACCOUNTS (JobID: ec6bc493-413b-428b-b8be-4be224d2a28a)
 - Deleted: 0

[29/May/2023:15:30:37] UPDATING PRODUCTS (JobID: fdecd3b4-0df3-491a-8a31-01a0679990a0)
 - New and modified: 0

[29/May/2023:15:30:38] UPDATING PREPAGATI (JobID: 83cc1d2f-df04-4d66-ae60-1a0c10d00c40)
 - New and modified: 0

[29/May/2023:15:30:38] DELETING PREPAGATI (JobID: 83cc1d2f-df04-4d66-ae60-1a0c10d00c40)
 - Deleted: 0

[29/May/2023:15:40:04] UPDATING ACCOUNTS (JobID: b8569151-67fb-4294-b35c-49ee1e9c646e)
 - New and modified: 0

[29/May/2023:15:40:04] DELETING ACCOUNTS (JobID: b8569151-67fb-4294-b35c-49ee1e9c646e)
 - Deleted: 0

[29/May/2023:15:40:36] UPDATING PRODUCTS (JobID: f4db6108-a27b-4f92-8396-5a8baf311d0a)
 - New and modified: 0

[29/May/2023:15:40:38] UPDATING PREPAGATI (JobID: 5ab5d7d3-02d9-4a74-9bea-a88c5407f794)
 - New and modified: 0

[29/May/2023:15:40:38] DELETING PREPAGATI (JobID: 5ab5d7d3-02d9-4a74-9bea-a88c5407f794)
 - Deleted: 0

[29/May/2023:15:50:04] UPDATING ACCOUNTS (JobID: 527524a0-8614-48a0-812b-73ae7bbd6f4c)
 - New and modified: 0

[29/May/2023:15:50:04] DELETING ACCOUNTS (JobID: 527524a0-8614-48a0-812b-73ae7bbd6f4c)
 - Deleted: 0

[29/May/2023:15:50:36] UPDATING PRODUCTS (JobID: 2438cbc1-c46a-4e85-ad2d-099055d417a2)
 - New and modified: 0

[29/May/2023:15:50:38] UPDATING PREPAGATI (JobID: e7702d2b-ea86-499d-bf9c-ffd6cd0c9a45)
 - New and modified: 0

[29/May/2023:15:50:38] DELETING PREPAGATI (JobID: e7702d2b-ea86-499d-bf9c-ffd6cd0c9a45)
 - Deleted: 0

[29/May/2023:16:00:04] UPDATING ACCOUNTS (JobID: c419607f-b3b8-482e-b5f3-3809bbbcbfc3)
 - New and modified: 0

[29/May/2023:16:00:04] DELETING ACCOUNTS (JobID: c419607f-b3b8-482e-b5f3-3809bbbcbfc3)
 - Deleted: 0

[29/May/2023:16:00:37] UPDATING PRODUCTS (JobID: c9e7ec64-eb05-42bc-83ec-4bbec1053c34)
 - New and modified: 0

[29/May/2023:16:00:39] UPDATING PREPAGATI (JobID: 2fe17bdb-cf72-4eed-a3e1-562e5f5def6b)
 - New and modified: 0

[29/May/2023:16:00:39] DELETING PREPAGATI (JobID: 2fe17bdb-cf72-4eed-a3e1-562e5f5def6b)
 - Deleted: 0

[29/May/2023:16:10:04] UPDATING ACCOUNTS (JobID: 718d12e3-278e-4475-9bf5-05fdc7f4d291)
 - New and modified: 0

[29/May/2023:16:10:04] DELETING ACCOUNTS (JobID: 718d12e3-278e-4475-9bf5-05fdc7f4d291)
 - Deleted: 0

[29/May/2023:16:10:36] UPDATING PRODUCTS (JobID: dcea351b-9d32-405c-8069-9e097a42d868)
 - New and modified: 0

[29/May/2023:16:10:38] UPDATING PREPAGATI (JobID: d5dff3ea-47d5-43f5-9911-45c1214f19c7)
 - New and modified: 0

[29/May/2023:16:10:38] DELETING PREPAGATI (JobID: d5dff3ea-47d5-43f5-9911-45c1214f19c7)
 - Deleted: 0

[29/May/2023:16:20:04] UPDATING ACCOUNTS (JobID: 2f9640d4-94c9-4df9-a4c3-a76e7bb39d33)
 - New and modified: 0

[29/May/2023:16:20:04] DELETING ACCOUNTS (JobID: 2f9640d4-94c9-4df9-a4c3-a76e7bb39d33)
 - Deleted: 0

[29/May/2023:16:20:36] UPDATING PRODUCTS (JobID: 605ac8fe-ca13-4620-abd2-b36a0e0a30bb)
 - New and modified: 0

[29/May/2023:16:20:37] UPDATING PREPAGATI (JobID: cc6e6ff7-cea7-45f0-99ce-9db8e3c67e67)
 - New and modified: 0

[29/May/2023:16:20:37] DELETING PREPAGATI (JobID: cc6e6ff7-cea7-45f0-99ce-9db8e3c67e67)
 - Deleted: 0

[29/May/2023:16:30:04] UPDATING ACCOUNTS (JobID: 5dbc1b1c-33df-4f59-9138-6e63b3b5c853)
 - New and modified: 0

[29/May/2023:16:30:04] DELETING ACCOUNTS (JobID: 5dbc1b1c-33df-4f59-9138-6e63b3b5c853)
 - Deleted: 0

[29/May/2023:16:30:36] UPDATING PRODUCTS (JobID: 949d7d37-9101-45e3-92b5-dcf4b417133a)
 - New and modified: 0

[29/May/2023:16:30:38] UPDATING PREPAGATI (JobID: 3a81636e-2510-4ea8-98f9-62eaa0c3a381)
 - New and modified: 0

[29/May/2023:16:30:38] DELETING PREPAGATI (JobID: 3a81636e-2510-4ea8-98f9-62eaa0c3a381)
 - Deleted: 0

[29/May/2023:16:40:04] UPDATING ACCOUNTS (JobID: d3bb7091-55d5-46e3-b74a-af0be651e1a3)
 - New and modified: 0

[29/May/2023:16:40:04] DELETING ACCOUNTS (JobID: d3bb7091-55d5-46e3-b74a-af0be651e1a3)
 - Deleted: 0

[29/May/2023:16:40:36] UPDATING PRODUCTS (JobID: 1117b5ce-c0f6-456a-b7f5-ead1f8057fa9)
 - New and modified: 0

[29/May/2023:16:40:38] UPDATING PREPAGATI (JobID: dd467973-d81d-4357-a685-7cbb1d30dcda)
 - New and modified: 0

[29/May/2023:16:40:38] DELETING PREPAGATI (JobID: dd467973-d81d-4357-a685-7cbb1d30dcda)
 - Deleted: 0

[29/May/2023:16:50:05] UPDATING ACCOUNTS (JobID: ea792c2a-d69f-4db0-99e9-edf7ab732ad3)
 - New and modified: 0

[29/May/2023:16:50:05] DELETING ACCOUNTS (JobID: ea792c2a-d69f-4db0-99e9-edf7ab732ad3)
 - Deleted: 0

[29/May/2023:16:50:39] UPDATING PRODUCTS (JobID: 6a025510-ec05-4318-91f6-828d2aa97c03)
 - New and modified: 0

[29/May/2023:16:50:41] UPDATING PREPAGATI (JobID: 3854878f-f20c-4cfb-8cea-719f0f32cf35)
 - New and modified: 0

[29/May/2023:16:50:41] DELETING PREPAGATI (JobID: 3854878f-f20c-4cfb-8cea-719f0f32cf35)
 - Deleted: 0

[29/May/2023:17:00:04] UPDATING ACCOUNTS (JobID: c28b6394-ccee-42ad-bb8b-7cd8b0416135)
 - New and modified: 0

[29/May/2023:17:00:04] DELETING ACCOUNTS (JobID: c28b6394-ccee-42ad-bb8b-7cd8b0416135)
 - Deleted: 0

[29/May/2023:17:00:40] UPDATING PRODUCTS (JobID: b69d453b-327a-44ce-8e0c-133465ce6e75)
 - New and modified: 0

[29/May/2023:17:00:42] UPDATING PREPAGATI (JobID: 6440e328-10cf-4d8d-ac03-c8ce353402cb)
 - New and modified: 0

[29/May/2023:17:00:42] DELETING PREPAGATI (JobID: 6440e328-10cf-4d8d-ac03-c8ce353402cb)
 - Deleted: 0

[29/May/2023:17:10:05] UPDATING ACCOUNTS (JobID: d5da79a0-cae6-42f5-b30c-eff7b4300696)
 - New and modified: 0

[29/May/2023:17:10:05] DELETING ACCOUNTS (JobID: d5da79a0-cae6-42f5-b30c-eff7b4300696)
 - Deleted: 0

[29/May/2023:17:10:40] UPDATING PRODUCTS (JobID: 297b2f71-3696-437f-88e1-9d0c7a2d5e98)
 - New and modified: 0

[29/May/2023:17:10:42] UPDATING PREPAGATI (JobID: 51f6b79e-7df9-4233-a08e-59086f49c16f)
 - New and modified: 0

[29/May/2023:17:10:42] DELETING PREPAGATI (JobID: 51f6b79e-7df9-4233-a08e-59086f49c16f)
 - Deleted: 0

[29/May/2023:17:20:04] UPDATING ACCOUNTS (JobID: d233c489-80c3-4ad0-aceb-bb2b4076127d)
 - New and modified: 0

[29/May/2023:17:20:04] DELETING ACCOUNTS (JobID: d233c489-80c3-4ad0-aceb-bb2b4076127d)
 - Deleted: 0

[29/May/2023:17:20:38] UPDATING PRODUCTS (JobID: 6bb04839-1fec-40a9-b6db-d36f977076d5)
 - New and modified: 0

[29/May/2023:17:20:40] UPDATING PREPAGATI (JobID: 0eb5b0fb-d7c1-4dc8-a5e1-61666981a7aa)
 - New and modified: 0

[29/May/2023:17:20:40] DELETING PREPAGATI (JobID: 0eb5b0fb-d7c1-4dc8-a5e1-61666981a7aa)
 - Deleted: 0

[29/May/2023:17:30:04] UPDATING ACCOUNTS (JobID: f0eaa544-f68c-4a89-8226-56f819100a5a)
 - New and modified: 0

[29/May/2023:17:30:04] DELETING ACCOUNTS (JobID: f0eaa544-f68c-4a89-8226-56f819100a5a)
 - Deleted: 0

[29/May/2023:17:30:37] UPDATING PRODUCTS (JobID: 64f6cc81-256b-41ec-8192-736a15fdcb6c)
 - New and modified: 0

[29/May/2023:17:30:39] UPDATING PREPAGATI (JobID: 57b14ff1-d3cc-4fe7-886a-9a8ebdca8cd4)
 - New and modified: 0

[29/May/2023:17:30:39] DELETING PREPAGATI (JobID: 57b14ff1-d3cc-4fe7-886a-9a8ebdca8cd4)
 - Deleted: 0

[29/May/2023:17:40:03] UPDATING ACCOUNTS (JobID: 4949d368-1828-4423-943d-11322c55aea6)
 - New and modified: 0

[29/May/2023:17:40:03] DELETING ACCOUNTS (JobID: 4949d368-1828-4423-943d-11322c55aea6)
 - Deleted: 0

[29/May/2023:17:40:36] UPDATING PRODUCTS (JobID: d3f74b99-d29f-4c84-8407-556f3bc37e2f)
 - New and modified: 0

[29/May/2023:17:40:38] UPDATING PREPAGATI (JobID: ff730d35-d8d8-4e2d-bab0-53c4dce03c3a)
 - New and modified: 0

[29/May/2023:17:40:38] DELETING PREPAGATI (JobID: ff730d35-d8d8-4e2d-bab0-53c4dce03c3a)
 - Deleted: 0

[29/May/2023:17:50:04] UPDATING ACCOUNTS (JobID: 5a2be78f-3aae-4e28-8634-20edd0f8b71d)
 - New and modified: 0

[29/May/2023:17:50:04] DELETING ACCOUNTS (JobID: 5a2be78f-3aae-4e28-8634-20edd0f8b71d)
 - Deleted: 0

[29/May/2023:17:50:36] UPDATING PRODUCTS (JobID: d384e248-05fd-4ad4-836e-464ed1687714)
 - New and modified: 0

[29/May/2023:17:50:38] UPDATING PREPAGATI (JobID: fc5ef9e9-5659-4794-93b1-2ac52ebef925)
 - New and modified: 0

[29/May/2023:17:50:38] DELETING PREPAGATI (JobID: fc5ef9e9-5659-4794-93b1-2ac52ebef925)
 - Deleted: 0

[29/May/2023:18:00:08] UPDATING ACCOUNTS (JobID: 6a2772ee-6f23-4ddf-8a26-ffcc49304742)
 - New and modified: 0

[29/May/2023:18:00:08] DELETING ACCOUNTS (JobID: 6a2772ee-6f23-4ddf-8a26-ffcc49304742)
 - Deleted: 0

[29/May/2023:18:00:41] UPDATING PRODUCTS (JobID: 198eb5ec-ea73-4f26-a8cd-133605f9d4ec)
 - New and modified: 0

[29/May/2023:18:00:43] UPDATING PREPAGATI (JobID: c251a7be-c845-48a1-b0e0-5775f8377e2a)
 - New and modified: 0

[29/May/2023:18:00:43] DELETING PREPAGATI (JobID: c251a7be-c845-48a1-b0e0-5775f8377e2a)
 - Deleted: 0

[29/May/2023:18:10:04] UPDATING ACCOUNTS (JobID: 7bef3701-5275-424a-90a9-5f6b55a47f41)
 - New and modified: 0

[29/May/2023:18:10:04] DELETING ACCOUNTS (JobID: 7bef3701-5275-424a-90a9-5f6b55a47f41)
 - Deleted: 0

[29/May/2023:18:10:41] UPDATING PRODUCTS (JobID: 577a568f-9f6e-4157-a4eb-339d0b7fff57)
 - New and modified: 0

[29/May/2023:18:10:43] UPDATING PREPAGATI (JobID: 1138e801-1734-4ceb-8f50-f26b3ee4d397)
 - New and modified: 0

[29/May/2023:18:10:43] DELETING PREPAGATI (JobID: 1138e801-1734-4ceb-8f50-f26b3ee4d397)
 - Deleted: 0

[29/May/2023:18:20:04] UPDATING ACCOUNTS (JobID: 4fa0eb4d-2630-4663-929d-5f8fcb8c1c22)
 - New and modified: 0

[29/May/2023:18:20:04] DELETING ACCOUNTS (JobID: 4fa0eb4d-2630-4663-929d-5f8fcb8c1c22)
 - Deleted: 0

[29/May/2023:18:20:40] UPDATING PRODUCTS (JobID: 039db719-cc20-4509-982e-37062941b772)
 - New and modified: 0

[29/May/2023:18:20:42] UPDATING PREPAGATI (JobID: f4bbd867-98cb-4997-97fa-e9ca734e9974)
 - New and modified: 0

[29/May/2023:18:20:42] DELETING PREPAGATI (JobID: f4bbd867-98cb-4997-97fa-e9ca734e9974)
 - Deleted: 0

[29/May/2023:18:30:05] UPDATING ACCOUNTS (JobID: 5c156711-4815-43a0-94fe-c917f34fa7b5)
 - New and modified: 0

[29/May/2023:18:30:05] DELETING ACCOUNTS (JobID: 5c156711-4815-43a0-94fe-c917f34fa7b5)
 - Deleted: 0

[29/May/2023:18:30:40] UPDATING PRODUCTS (JobID: 9b5e5c74-8832-418c-98b6-adbc3273f5e5)
 - New and modified: 0

[29/May/2023:18:30:42] UPDATING PREPAGATI (JobID: 805a5be1-278c-4e53-8541-60ce919ac618)
 - New and modified: 0

[29/May/2023:18:30:42] DELETING PREPAGATI (JobID: 805a5be1-278c-4e53-8541-60ce919ac618)
 - Deleted: 0

[29/May/2023:18:40:04] UPDATING ACCOUNTS (JobID: 06f3bb3a-224e-4540-a4da-75c8637bcef3)
 - New and modified: 0

[29/May/2023:18:40:04] DELETING ACCOUNTS (JobID: 06f3bb3a-224e-4540-a4da-75c8637bcef3)
 - Deleted: 0

[29/May/2023:18:40:36] UPDATING PRODUCTS (JobID: c71028da-783b-4de7-ab68-f5dbb2d82e4a)
 - New and modified: 0

[29/May/2023:18:40:38] UPDATING PREPAGATI (JobID: 2a0db1ae-5041-456b-84fb-b84323f2d1f9)
 - New and modified: 0

[29/May/2023:18:40:38] DELETING PREPAGATI (JobID: 2a0db1ae-5041-456b-84fb-b84323f2d1f9)
 - Deleted: 0

[29/May/2023:18:50:04] UPDATING ACCOUNTS (JobID: c0013cd9-5866-4b2c-bc0d-6754a68dcbbb)
 - New and modified: 0

[29/May/2023:18:50:04] DELETING ACCOUNTS (JobID: c0013cd9-5866-4b2c-bc0d-6754a68dcbbb)
 - Deleted: 0

[29/May/2023:18:50:38] UPDATING PRODUCTS (JobID: 791d328b-b273-4c59-a545-12f168fdb381)
 - New and modified: 0

[29/May/2023:18:50:40] UPDATING PREPAGATI (JobID: 5464f68d-5765-4c4b-bcd3-74ade600a9b9)
 - New and modified: 0

[29/May/2023:18:50:40] DELETING PREPAGATI (JobID: 5464f68d-5765-4c4b-bcd3-74ade600a9b9)
 - Deleted: 0

[29/May/2023:19:00:17] UPDATING ACCOUNTS (JobID: 68a78b67-d56c-4220-a116-22667bfda355)
 - New and modified: 0

[29/May/2023:19:00:17] DELETING ACCOUNTS (JobID: 68a78b67-d56c-4220-a116-22667bfda355)
 - Deleted: 0

[29/May/2023:19:00:52] UPDATING PRODUCTS (JobID: ad6f1f87-f70c-4211-8183-d5ed467b4df8)
 - New and modified: 0

[29/May/2023:19:00:54] UPDATING PREPAGATI (JobID: 634e108e-5798-42ce-895b-fe2b59c8b567)
 - New and modified: 0

[29/May/2023:19:00:54] DELETING PREPAGATI (JobID: 634e108e-5798-42ce-895b-fe2b59c8b567)
 - Deleted: 0

[29/May/2023:19:10:04] UPDATING ACCOUNTS (JobID: 7af1dc89-c075-48d1-b345-8b6798074e86)
 - New and modified: 0

[29/May/2023:19:10:04] DELETING ACCOUNTS (JobID: 7af1dc89-c075-48d1-b345-8b6798074e86)
 - Deleted: 0

[29/May/2023:19:10:37] UPDATING PRODUCTS (JobID: 037ae123-da75-4df5-a6ea-c632ba44598d)
 - New and modified: 0

[29/May/2023:19:10:39] UPDATING PREPAGATI (JobID: 32c17c78-be45-4050-b31f-18359acea319)
 - New and modified: 0

[29/May/2023:19:10:39] DELETING PREPAGATI (JobID: 32c17c78-be45-4050-b31f-18359acea319)
 - Deleted: 0

[29/May/2023:19:20:03] UPDATING ACCOUNTS (JobID: 184beafb-4a79-45f6-9f05-413ecd9d61de)
 - New and modified: 0

[29/May/2023:19:20:03] DELETING ACCOUNTS (JobID: 184beafb-4a79-45f6-9f05-413ecd9d61de)
 - Deleted: 0

[29/May/2023:19:20:37] UPDATING PRODUCTS (JobID: 7d18d551-3cff-4fc4-9575-1cb8b14c6c0c)
 - New and modified: 0

[29/May/2023:19:20:38] UPDATING PREPAGATI (JobID: e8bf3250-21b0-4f59-b2e3-6d97fdd1f8af)
 - New and modified: 0

[29/May/2023:19:20:38] DELETING PREPAGATI (JobID: e8bf3250-21b0-4f59-b2e3-6d97fdd1f8af)
 - Deleted: 0

[29/May/2023:19:30:04] UPDATING ACCOUNTS (JobID: a53ecee6-b781-486a-b3ef-52b1e96e5174)
 - New and modified: 0

[29/May/2023:19:30:04] DELETING ACCOUNTS (JobID: a53ecee6-b781-486a-b3ef-52b1e96e5174)
 - Deleted: 0

[29/May/2023:19:30:37] UPDATING PRODUCTS (JobID: 37d6b7b8-729b-401a-a503-9e99d8e54cdb)
 - New and modified: 0

[29/May/2023:19:30:39] UPDATING PREPAGATI (JobID: 7b799127-f3b7-437b-b4e9-b3d7a8d35cdb)
 - New and modified: 0

[29/May/2023:19:30:39] DELETING PREPAGATI (JobID: 7b799127-f3b7-437b-b4e9-b3d7a8d35cdb)
 - Deleted: 0

[29/May/2023:19:40:04] UPDATING ACCOUNTS (JobID: 40774e1b-79bc-4a4b-a3c6-c1743263ca85)
 - New and modified: 0

[29/May/2023:19:40:04] DELETING ACCOUNTS (JobID: 40774e1b-79bc-4a4b-a3c6-c1743263ca85)
 - Deleted: 0

[29/May/2023:19:40:38] UPDATING PRODUCTS (JobID: 4654e667-ae99-478f-8b8a-983d5d3d86ce)
 - New and modified: 0

[29/May/2023:19:40:40] UPDATING PREPAGATI (JobID: b1c6ae7e-b11c-437d-ac21-7673f0f93982)
 - New and modified: 0

[29/May/2023:19:40:40] DELETING PREPAGATI (JobID: b1c6ae7e-b11c-437d-ac21-7673f0f93982)
 - Deleted: 0

[29/May/2023:19:50:07] UPDATING ACCOUNTS (JobID: f811694c-aa15-4f70-a4f5-7d78e72384b0)
 - New and modified: 0

[29/May/2023:19:50:07] DELETING ACCOUNTS (JobID: f811694c-aa15-4f70-a4f5-7d78e72384b0)
 - Deleted: 0

[29/May/2023:19:50:40] UPDATING PRODUCTS (JobID: 4eab4d63-6841-4d98-ab49-8f4ff258ded7)
 - New and modified: 0

[29/May/2023:19:50:43] UPDATING PREPAGATI (JobID: 50cc53d0-8bcb-4b85-a0e3-00cdcc92b570)
 - New and modified: 0

[29/May/2023:19:50:43] DELETING PREPAGATI (JobID: 50cc53d0-8bcb-4b85-a0e3-00cdcc92b570)
 - Deleted: 0

[29/May/2023:20:00:04] UPDATING ACCOUNTS (JobID: 599d5bee-aeb5-4694-b704-2672c001086e)
 - New and modified: 0

[29/May/2023:20:00:04] DELETING ACCOUNTS (JobID: 599d5bee-aeb5-4694-b704-2672c001086e)
 - Deleted: 0

[29/May/2023:20:00:37] UPDATING PRODUCTS (JobID: 6ced3517-6fad-452e-9562-6310bd90af56)
 - New and modified: 0

[29/May/2023:20:00:39] UPDATING PREPAGATI (JobID: 2aa12c7b-1cc2-4c39-8e87-f37abae3c39e)
 - New and modified: 0

[29/May/2023:20:00:39] DELETING PREPAGATI (JobID: 2aa12c7b-1cc2-4c39-8e87-f37abae3c39e)
 - Deleted: 0

[29/May/2023:20:10:04] UPDATING ACCOUNTS (JobID: 4849208d-5c15-48df-b4ac-f51108f1726f)
 - New and modified: 0

[29/May/2023:20:10:04] DELETING ACCOUNTS (JobID: 4849208d-5c15-48df-b4ac-f51108f1726f)
 - Deleted: 0

[29/May/2023:20:10:36] UPDATING PRODUCTS (JobID: fd941242-2e93-4a99-93a1-6c19f51ab654)
 - New and modified: 0

[29/May/2023:20:10:38] UPDATING PREPAGATI (JobID: 1f5cceaa-f9fb-4a9a-86d7-b382c1e7fe3b)
 - New and modified: 0

[29/May/2023:20:10:38] DELETING PREPAGATI (JobID: 1f5cceaa-f9fb-4a9a-86d7-b382c1e7fe3b)
 - Deleted: 0

[29/May/2023:20:20:04] UPDATING ACCOUNTS (JobID: cb54cc77-488b-4823-9b0a-7820a11abe3c)
 - New and modified: 0

[29/May/2023:20:20:04] DELETING ACCOUNTS (JobID: cb54cc77-488b-4823-9b0a-7820a11abe3c)
 - Deleted: 0

[29/May/2023:20:20:37] UPDATING PRODUCTS (JobID: 6aa2d0f7-bc6c-4f48-91dc-b67a0178fd98)
 - New and modified: 0

[29/May/2023:20:20:38] UPDATING PREPAGATI (JobID: 14ec9da3-2153-406e-b06c-c731f5327a25)
 - New and modified: 0

[29/May/2023:20:20:38] DELETING PREPAGATI (JobID: 14ec9da3-2153-406e-b06c-c731f5327a25)
 - Deleted: 0

[29/May/2023:20:30:04] UPDATING ACCOUNTS (JobID: 6df3f0ba-0fee-4958-8bf1-f59aea928a3e)
 - New and modified: 0

[29/May/2023:20:30:04] DELETING ACCOUNTS (JobID: 6df3f0ba-0fee-4958-8bf1-f59aea928a3e)
 - Deleted: 0

[29/May/2023:20:30:37] UPDATING PRODUCTS (JobID: c0251688-8c2b-4187-9cb0-ceca527734aa)
 - New and modified: 0

[29/May/2023:20:30:39] UPDATING PREPAGATI (JobID: 43444b88-4787-47a5-b6dd-b566c847525b)
 - New and modified: 0

[29/May/2023:20:30:39] DELETING PREPAGATI (JobID: 43444b88-4787-47a5-b6dd-b566c847525b)
 - Deleted: 0

[29/May/2023:20:40:04] UPDATING ACCOUNTS (JobID: c8505fbe-7805-4461-9c99-753b3be5b5f1)
 - New and modified: 0

[29/May/2023:20:40:04] DELETING ACCOUNTS (JobID: c8505fbe-7805-4461-9c99-753b3be5b5f1)
 - Deleted: 0

[29/May/2023:20:40:36] UPDATING PRODUCTS (JobID: f41d1e0d-7d40-48ff-9e47-8f59449b3eef)
 - New and modified: 0

[29/May/2023:20:40:38] UPDATING PREPAGATI (JobID: b5b9800d-10cd-42a5-9603-24aef5fbedbe)
 - New and modified: 0

[29/May/2023:20:40:38] DELETING PREPAGATI (JobID: b5b9800d-10cd-42a5-9603-24aef5fbedbe)
 - Deleted: 0

[29/May/2023:20:50:04] UPDATING ACCOUNTS (JobID: a23880e0-33c6-487b-b00d-181c635cab73)
 - New and modified: 0

[29/May/2023:20:50:04] DELETING ACCOUNTS (JobID: a23880e0-33c6-487b-b00d-181c635cab73)
 - Deleted: 0

[29/May/2023:20:50:40] UPDATING PRODUCTS (JobID: cf571153-897f-45c0-aa11-1782e8d157b6)
 - New and modified: 0

[29/May/2023:20:50:42] UPDATING PREPAGATI (JobID: 84cfb150-dd93-44e8-9a03-8ccd264517f4)
 - New and modified: 0

[29/May/2023:20:50:42] DELETING PREPAGATI (JobID: 84cfb150-dd93-44e8-9a03-8ccd264517f4)
 - Deleted: 0

[29/May/2023:21:00:05] UPDATING ACCOUNTS (JobID: 08314354-03db-4d9b-9e34-833e86e73a9f)
 - New and modified: 0

[29/May/2023:21:00:05] DELETING ACCOUNTS (JobID: 08314354-03db-4d9b-9e34-833e86e73a9f)
 - Deleted: 0

[29/May/2023:21:00:40] UPDATING PRODUCTS (JobID: 771b9239-3916-4e2a-8762-dc078ad3667f)
 - New and modified: 0

[29/May/2023:21:00:42] UPDATING PREPAGATI (JobID: 27b53195-ab5f-43e9-a658-1d7616f5a760)
 - New and modified: 0

[29/May/2023:21:00:42] DELETING PREPAGATI (JobID: 27b53195-ab5f-43e9-a658-1d7616f5a760)
 - Deleted: 0

[29/May/2023:21:10:04] UPDATING ACCOUNTS (JobID: e803b28f-b4c0-4ab1-8ab2-0d4a4f92c06d)
 - New and modified: 0

[29/May/2023:21:10:04] DELETING ACCOUNTS (JobID: e803b28f-b4c0-4ab1-8ab2-0d4a4f92c06d)
 - Deleted: 0

[29/May/2023:21:10:39] UPDATING PRODUCTS (JobID: 5722b811-7c90-4b51-8373-f701289241a3)
 - New and modified: 0

[29/May/2023:21:10:40] UPDATING PREPAGATI (JobID: 0a3aad9b-50f6-4028-8ce9-87e2238cc4e5)
 - New and modified: 0

[29/May/2023:21:10:40] DELETING PREPAGATI (JobID: 0a3aad9b-50f6-4028-8ce9-87e2238cc4e5)
 - Deleted: 0

[29/May/2023:21:20:05] UPDATING ACCOUNTS (JobID: 9d8f3624-9b96-4a68-81d4-cbb02fbf5026)
 - New and modified: 0

[29/May/2023:21:20:05] DELETING ACCOUNTS (JobID: 9d8f3624-9b96-4a68-81d4-cbb02fbf5026)
 - Deleted: 0

[29/May/2023:21:20:42] UPDATING PRODUCTS (JobID: e490611d-6074-453d-b9b9-a3145adec89c)
 - New and modified: 0

[29/May/2023:21:20:43] UPDATING PREPAGATI (JobID: 96e84330-1f10-4912-9bdf-aaca08e95030)
 - New and modified: 0

[29/May/2023:21:20:43] DELETING PREPAGATI (JobID: 96e84330-1f10-4912-9bdf-aaca08e95030)
 - Deleted: 0

[29/May/2023:21:30:04] UPDATING ACCOUNTS (JobID: 9fc241be-c4bf-4b7e-b37f-1e78910b4f61)
 - New and modified: 0

[29/May/2023:21:30:04] DELETING ACCOUNTS (JobID: 9fc241be-c4bf-4b7e-b37f-1e78910b4f61)
 - Deleted: 0

[29/May/2023:21:30:39] UPDATING PRODUCTS (JobID: 4eec5db4-84c0-4615-ac5c-156e8ffe2421)
 - New and modified: 0

[29/May/2023:21:30:40] UPDATING PREPAGATI (JobID: 4d34f0db-7177-435d-a164-18da376353c6)
 - New and modified: 0

[29/May/2023:21:30:40] DELETING PREPAGATI (JobID: 4d34f0db-7177-435d-a164-18da376353c6)
 - Deleted: 0

[29/May/2023:21:40:05] UPDATING ACCOUNTS (JobID: 851a62da-24d0-4097-bb4d-01ea9a348260)
 - New and modified: 0

[29/May/2023:21:40:05] DELETING ACCOUNTS (JobID: 851a62da-24d0-4097-bb4d-01ea9a348260)
 - Deleted: 0

[29/May/2023:21:40:40] UPDATING PRODUCTS (JobID: 4601af49-0289-4304-b6a1-3237c9251c78)
 - New and modified: 0

[29/May/2023:21:40:42] UPDATING PREPAGATI (JobID: 540403c8-84d4-414f-a529-ee908d0d86fa)
 - New and modified: 0

[29/May/2023:21:40:42] DELETING PREPAGATI (JobID: 540403c8-84d4-414f-a529-ee908d0d86fa)
 - Deleted: 0

[29/May/2023:21:50:05] UPDATING ACCOUNTS (JobID: b222645a-9929-4a73-870e-5b39c9555fbb)
 - New and modified: 0

[29/May/2023:21:50:05] DELETING ACCOUNTS (JobID: b222645a-9929-4a73-870e-5b39c9555fbb)
 - Deleted: 0

[29/May/2023:21:50:41] UPDATING PRODUCTS (JobID: 06d9f48e-3164-4255-8d94-30ab039ed477)
 - New and modified: 0

[29/May/2023:21:50:43] UPDATING PREPAGATI (JobID: 2ba51668-ece2-4f2e-9f97-22ef9f1689b3)
 - New and modified: 0

[29/May/2023:21:50:43] DELETING PREPAGATI (JobID: 2ba51668-ece2-4f2e-9f97-22ef9f1689b3)
 - Deleted: 0

[29/May/2023:22:00:04] UPDATING ACCOUNTS (JobID: 940c7c27-8e88-494f-af82-9c1fe7ab4c21)
 - New and modified: 0

[29/May/2023:22:00:04] DELETING ACCOUNTS (JobID: 940c7c27-8e88-494f-af82-9c1fe7ab4c21)
 - Deleted: 0

[29/May/2023:22:00:40] UPDATING PRODUCTS (JobID: 004f9c19-c1c0-48cf-8760-10d3330aba26)
 - New and modified: 0

[29/May/2023:22:00:42] UPDATING PREPAGATI (JobID: 0e971206-8659-4330-9901-bfc2560ccc3f)
 - New and modified: 0

[29/May/2023:22:00:42] DELETING PREPAGATI (JobID: 0e971206-8659-4330-9901-bfc2560ccc3f)
 - Deleted: 0

[29/May/2023:22:10:05] UPDATING ACCOUNTS (JobID: 11218daa-f557-4785-840d-2d44fa9828fb)
 - New and modified: 0

[29/May/2023:22:10:05] DELETING ACCOUNTS (JobID: 11218daa-f557-4785-840d-2d44fa9828fb)
 - Deleted: 0

[29/May/2023:22:10:41] UPDATING PRODUCTS (JobID: cedcd8cd-4780-4181-aaf2-ddf412242fa0)
 - New and modified: 0

[29/May/2023:22:10:43] UPDATING PREPAGATI (JobID: befa1e7f-4cc2-4273-a4f8-26d43a9d6526)
 - New and modified: 0

[29/May/2023:22:10:43] DELETING PREPAGATI (JobID: befa1e7f-4cc2-4273-a4f8-26d43a9d6526)
 - Deleted: 0

[29/May/2023:22:20:04] UPDATING ACCOUNTS (JobID: 63c8e428-e3b5-489f-b54e-513ef92a8193)
 - New and modified: 0

[29/May/2023:22:20:04] DELETING ACCOUNTS (JobID: 63c8e428-e3b5-489f-b54e-513ef92a8193)
 - Deleted: 0

[29/May/2023:22:20:40] UPDATING PRODUCTS (JobID: c83980df-e00f-4344-8809-91e0c29b4138)
 - New and modified: 0

[29/May/2023:22:20:42] UPDATING PREPAGATI (JobID: 020d09cb-4d69-46ad-b5dc-82392f869804)
 - New and modified: 0

[29/May/2023:22:20:42] DELETING PREPAGATI (JobID: 020d09cb-4d69-46ad-b5dc-82392f869804)
 - Deleted: 0

[29/May/2023:22:30:04] UPDATING ACCOUNTS (JobID: 118ffceb-63d9-49a1-a248-f7941377d2d9)
 - New and modified: 0

[29/May/2023:22:30:04] DELETING ACCOUNTS (JobID: 118ffceb-63d9-49a1-a248-f7941377d2d9)
 - Deleted: 0

[29/May/2023:22:30:40] UPDATING PRODUCTS (JobID: 09239f06-22a4-4e43-a262-ba1406d44de5)
 - New and modified: 0

[29/May/2023:22:30:42] UPDATING PREPAGATI (JobID: 647a70c6-d4fb-4854-b79b-8f750dc9d984)
 - New and modified: 0

[29/May/2023:22:30:42] DELETING PREPAGATI (JobID: 647a70c6-d4fb-4854-b79b-8f750dc9d984)
 - Deleted: 0

[29/May/2023:22:40:04] UPDATING ACCOUNTS (JobID: 0603597e-4466-4cd5-a918-720eb9987f32)
 - New and modified: 0

[29/May/2023:22:40:04] DELETING ACCOUNTS (JobID: 0603597e-4466-4cd5-a918-720eb9987f32)
 - Deleted: 0

[29/May/2023:22:40:39] UPDATING PRODUCTS (JobID: 73820f8f-a20a-4a9f-a127-f6f1e1db0eaf)
 - New and modified: 0

[29/May/2023:22:40:41] UPDATING PREPAGATI (JobID: 54e6ea8e-7845-4a11-8cec-adda7765b05f)
 - New and modified: 0

[29/May/2023:22:40:41] DELETING PREPAGATI (JobID: 54e6ea8e-7845-4a11-8cec-adda7765b05f)
 - Deleted: 0

[29/May/2023:22:50:04] UPDATING ACCOUNTS (JobID: 23bc025d-095d-4b18-99ce-3b1f72953c1d)
 - New and modified: 0

[29/May/2023:22:50:04] DELETING ACCOUNTS (JobID: 23bc025d-095d-4b18-99ce-3b1f72953c1d)
 - Deleted: 0

[29/May/2023:22:50:38] UPDATING PRODUCTS (JobID: a4ebefb4-da22-4b92-85b7-c6367434bb5f)
 - New and modified: 0

[29/May/2023:22:50:40] UPDATING PREPAGATI (JobID: aea764d2-d9ca-41fc-a655-2962b7c43ae5)
 - New and modified: 0

[29/May/2023:22:50:40] DELETING PREPAGATI (JobID: aea764d2-d9ca-41fc-a655-2962b7c43ae5)
 - Deleted: 0

[29/May/2023:23:00:04] UPDATING ACCOUNTS (JobID: 150744ac-570a-4375-ac33-fe0fed9a5387)
 - New and modified: 0

[29/May/2023:23:00:04] DELETING ACCOUNTS (JobID: 150744ac-570a-4375-ac33-fe0fed9a5387)
 - Deleted: 0

[29/May/2023:23:00:37] UPDATING PRODUCTS (JobID: 9c851a7d-d13e-4171-a587-b9035ebbb0ea)
 - New and modified: 0

[29/May/2023:23:00:39] UPDATING PREPAGATI (JobID: 09a3a2f2-cfc6-4731-aa80-ac4ee8e98c03)
 - New and modified: 0

[29/May/2023:23:00:39] DELETING PREPAGATI (JobID: 09a3a2f2-cfc6-4731-aa80-ac4ee8e98c03)
 - Deleted: 0

[29/May/2023:23:10:04] UPDATING ACCOUNTS (JobID: d9f4e599-2098-400b-b89f-a71377cad547)
 - New and modified: 0

[29/May/2023:23:10:04] DELETING ACCOUNTS (JobID: d9f4e599-2098-400b-b89f-a71377cad547)
 - Deleted: 0

[29/May/2023:23:10:39] UPDATING PRODUCTS (JobID: aacc29ab-1554-41c9-b72c-e65b42fb38b8)
 - New and modified: 0

[29/May/2023:23:10:40] UPDATING PREPAGATI (JobID: 76dd16e2-c5c9-45e3-9887-875f207a4304)
 - New and modified: 0

[29/May/2023:23:10:40] DELETING PREPAGATI (JobID: 76dd16e2-c5c9-45e3-9887-875f207a4304)
 - Deleted: 0

[29/May/2023:23:20:04] UPDATING ACCOUNTS (JobID: f4421843-44f7-4823-847f-dfe54644c76e)
 - New and modified: 0

[29/May/2023:23:20:04] DELETING ACCOUNTS (JobID: f4421843-44f7-4823-847f-dfe54644c76e)
 - Deleted: 0

[29/May/2023:23:20:39] UPDATING PRODUCTS (JobID: f5d7f2e3-9f42-432e-9848-b7694f70338f)
 - New and modified: 0

[29/May/2023:23:20:41] UPDATING PREPAGATI (JobID: 19d2f35c-ff14-45d8-8cf9-f37a47c8d604)
 - New and modified: 0

[29/May/2023:23:20:41] DELETING PREPAGATI (JobID: 19d2f35c-ff14-45d8-8cf9-f37a47c8d604)
 - Deleted: 0

[29/May/2023:23:30:04] UPDATING ACCOUNTS (JobID: 139a1c5b-f9a2-4618-8346-3326e4d8a159)
 - New and modified: 0

[29/May/2023:23:30:04] DELETING ACCOUNTS (JobID: 139a1c5b-f9a2-4618-8346-3326e4d8a159)
 - Deleted: 0

[29/May/2023:23:30:37] UPDATING PRODUCTS (JobID: 21b1bb23-ab03-4af6-a4a9-69d41e53def9)
 - New and modified: 0

[29/May/2023:23:30:39] UPDATING PREPAGATI (JobID: 61488fe0-f4c3-458e-92b3-b3736a809997)
 - New and modified: 0

[29/May/2023:23:30:39] DELETING PREPAGATI (JobID: 61488fe0-f4c3-458e-92b3-b3736a809997)
 - Deleted: 0

[29/May/2023:23:40:04] UPDATING ACCOUNTS (JobID: 4787de11-6474-4f08-b14d-6e7f46d05437)
 - New and modified: 0

[29/May/2023:23:40:04] DELETING ACCOUNTS (JobID: 4787de11-6474-4f08-b14d-6e7f46d05437)
 - Deleted: 0

[29/May/2023:23:40:36] UPDATING PRODUCTS (JobID: 60066551-4e04-430e-ab08-e905f7269b22)
 - New and modified: 0

[29/May/2023:23:40:38] UPDATING PREPAGATI (JobID: 8447c53f-5bf2-45b3-8002-a3b00a87ea46)
 - New and modified: 0

[29/May/2023:23:40:38] DELETING PREPAGATI (JobID: 8447c53f-5bf2-45b3-8002-a3b00a87ea46)
 - Deleted: 0

[29/May/2023:23:50:04] UPDATING ACCOUNTS (JobID: 92f94771-6b6e-4fac-be43-3ea85e156c7b)
 - New and modified: 0

[29/May/2023:23:50:04] DELETING ACCOUNTS (JobID: 92f94771-6b6e-4fac-be43-3ea85e156c7b)
 - Deleted: 0

[29/May/2023:23:50:36] UPDATING PRODUCTS (JobID: 844b9beb-08b2-44ba-983c-684b0f60550e)
 - New and modified: 0

[29/May/2023:23:50:38] UPDATING PREPAGATI (JobID: 0866be7e-88a2-4832-a99b-5ed9ab7c2c7e)
 - New and modified: 0

[29/May/2023:23:50:38] DELETING PREPAGATI (JobID: 0866be7e-88a2-4832-a99b-5ed9ab7c2c7e)
 - Deleted: 0

