[24/Jul/2023:08:19:24] UPDATING ACCOUNTS (JobID: f6ca2c1c-ed49-426b-b4b7-353065416a00)
 - New and modified: 0

[24/Jul/2023:08:19:24] DELETING ACCOUNTS (JobID: f6ca2c1c-ed49-426b-b4b7-353065416a00)
 - Deleted: 0

[24/Jul/2023:08:19:59] UPDATING PRODUCTS (JobID: b692b92d-fa62-4557-a994-5577d6a4c3eb)
 - New and modified: 0

[24/Jul/2023:08:20:05] UPDATING PREPAGATI (JobID: a10a92ef-8689-4a07-b36f-dc5b698d0167)
 - New and modified: 0

[24/Jul/2023:08:20:05] DELETING PREPAGATI (JobID: a10a92ef-8689-4a07-b36f-dc5b698d0167)
 - Deleted: 0

[24/Jul/2023:09:30:07] UPDATING ACCOUNTS (JobID: ed444316-769f-45e0-b60a-28154f450f6d)
 - New and modified: 1
   0000217

[24/Jul/2023:09:30:07] DELETING ACCOUNTS (JobID: ed444316-769f-45e0-b60a-28154f450f6d)
 - Deleted: 0

[24/Jul/2023:09:30:39] UPDATING PRODUCTS (JobID: ba7be68b-7778-4eb0-8665-5ac60770cedf)
 - New and modified: 0

[24/Jul/2023:09:30:43] UPDATING PREPAGATI (JobID: e35501ee-bec2-4a08-a057-b20b59f03873)
 - New and modified: 0

[24/Jul/2023:09:30:43] DELETING PREPAGATI (JobID: e35501ee-bec2-4a08-a057-b20b59f03873)
 - Deleted: 0

[24/Jul/2023:10:00:04] UPDATING ACCOUNTS (JobID: 39a69e53-1333-43ba-998c-398c414e81f8)
 - New and modified: 0

[24/Jul/2023:10:00:04] DELETING ACCOUNTS (JobID: 39a69e53-1333-43ba-998c-398c414e81f8)
 - Deleted: 0

[24/Jul/2023:10:00:33] UPDATING PRODUCTS (JobID: d2e321be-4174-4544-b736-349d887fdbec)
 - New and modified: 0

[24/Jul/2023:10:00:35] UPDATING PREPAGATI (JobID: e46fd5a7-777b-4748-b2b1-d3d8edbe9874)
 - New and modified: 0

[24/Jul/2023:10:00:35] DELETING PREPAGATI (JobID: e46fd5a7-777b-4748-b2b1-d3d8edbe9874)
 - Deleted: 0

[24/Jul/2023:10:30:09] UPDATING ACCOUNTS (JobID: 78c211fc-23cb-4f92-87eb-afd93efaf8ea)
 - New and modified: 0

[24/Jul/2023:10:30:09] DELETING ACCOUNTS (JobID: 78c211fc-23cb-4f92-87eb-afd93efaf8ea)
 - Deleted: 0

[24/Jul/2023:10:30:40] UPDATING PRODUCTS (JobID: aa990702-fad0-4591-aa63-6e74ff4d86fc)
 - New and modified: 0

[24/Jul/2023:10:30:43] UPDATING PREPAGATI (JobID: a574c574-c735-4063-82af-eed03a346561)
 - New and modified: 0

[24/Jul/2023:10:30:43] DELETING PREPAGATI (JobID: a574c574-c735-4063-82af-eed03a346561)
 - Deleted: 0

[24/Jul/2023:11:00:08] UPDATING ACCOUNTS (JobID: c08a0d24-b9bb-4864-974e-ade25e4d3e42)
 - New and modified: 0

[24/Jul/2023:11:00:08] DELETING ACCOUNTS (JobID: c08a0d24-b9bb-4864-974e-ade25e4d3e42)
 - Deleted: 0

[24/Jul/2023:11:00:37] UPDATING PRODUCTS (JobID: 82909312-6130-4fe5-958c-3fe31a19d25a)
 - New and modified: 0

[24/Jul/2023:11:00:39] UPDATING PREPAGATI (JobID: fd4f2bf4-fda5-417d-964d-db99562da569)
 - New and modified: 0

[24/Jul/2023:11:00:39] DELETING PREPAGATI (JobID: fd4f2bf4-fda5-417d-964d-db99562da569)
 - Deleted: 0

[24/Jul/2023:12:00:07] UPDATING ACCOUNTS (JobID: 7920cff4-d425-45c9-8647-8d11b243b444)
 - New and modified: 0

[24/Jul/2023:12:00:07] DELETING ACCOUNTS (JobID: 7920cff4-d425-45c9-8647-8d11b243b444)
 - Deleted: 0

[24/Jul/2023:12:00:37] UPDATING PRODUCTS (JobID: 6f03d5c1-e8bc-4719-a906-edd00e72502a)
 - New and modified: 0

[24/Jul/2023:12:00:39] UPDATING PREPAGATI (JobID: 3400753a-170d-4baf-9d37-53ccfe11c870)
 - New and modified: 0

[24/Jul/2023:12:00:39] DELETING PREPAGATI (JobID: 3400753a-170d-4baf-9d37-53ccfe11c870)
 - Deleted: 0

[24/Jul/2023:12:30:04] UPDATING ACCOUNTS (JobID: ffde0742-619a-4799-9050-db946543aa3a)
 - New and modified: 0

[24/Jul/2023:12:30:04] DELETING ACCOUNTS (JobID: ffde0742-619a-4799-9050-db946543aa3a)
 - Deleted: 0

[24/Jul/2023:12:30:36] UPDATING PRODUCTS (JobID: eb04e55f-b18d-4c96-aac0-38ba819d672e)
 - New and modified: 0

[24/Jul/2023:12:30:38] UPDATING PREPAGATI (JobID: dec501fc-157a-4f08-bfab-c4ff2bf08b75)
 - New and modified: 0

[24/Jul/2023:12:30:38] DELETING PREPAGATI (JobID: dec501fc-157a-4f08-bfab-c4ff2bf08b75)
 - Deleted: 0

[24/Jul/2023:13:00:07] UPDATING ACCOUNTS (JobID: ec4f2637-5ff3-4b55-ac93-2889e415446c)
 - New and modified: 0

[24/Jul/2023:13:00:07] DELETING ACCOUNTS (JobID: ec4f2637-5ff3-4b55-ac93-2889e415446c)
 - Deleted: 0

[24/Jul/2023:13:00:36] UPDATING PRODUCTS (JobID: 0009b21d-6e3e-4710-9979-40a78e1a7379)
 - New and modified: 0

[24/Jul/2023:13:00:40] UPDATING PREPAGATI (JobID: 7d1cb2c9-5c74-402d-a7ce-a908cbbcde02)
 - New and modified: 0

[24/Jul/2023:13:00:40] DELETING PREPAGATI (JobID: 7d1cb2c9-5c74-402d-a7ce-a908cbbcde02)
 - Deleted: 0

[24/Jul/2023:13:30:04] UPDATING ACCOUNTS (JobID: 3344de77-0f13-425a-9852-db757b719468)
 - New and modified: 0

[24/Jul/2023:13:30:04] DELETING ACCOUNTS (JobID: 3344de77-0f13-425a-9852-db757b719468)
 - Deleted: 0

[24/Jul/2023:13:30:34] UPDATING PRODUCTS (JobID: a6179055-77b5-446a-8bf9-baa9f6e7c9f5)
 - New and modified: 0

[24/Jul/2023:13:30:35] UPDATING PREPAGATI (JobID: c22bbeda-71e0-4f97-8a1e-9168d40df9ae)
 - New and modified: 0

[24/Jul/2023:13:30:35] DELETING PREPAGATI (JobID: c22bbeda-71e0-4f97-8a1e-9168d40df9ae)
 - Deleted: 0

[24/Jul/2023:14:30:07] UPDATING ACCOUNTS (JobID: 001160d8-94f5-423e-8ea7-29b102054e28)
 - New and modified: 0

[24/Jul/2023:14:30:07] DELETING ACCOUNTS (JobID: 001160d8-94f5-423e-8ea7-29b102054e28)
 - Deleted: 0

[24/Jul/2023:14:30:37] UPDATING PRODUCTS (JobID: 5e069c23-383e-497e-9474-7b9a0cba4661)
 - New and modified: 0

[24/Jul/2023:14:30:40] UPDATING PREPAGATI (JobID: 9a6c7238-1057-4d71-80f3-0e63457b532c)
 - New and modified: 0

[24/Jul/2023:14:30:40] DELETING PREPAGATI (JobID: 9a6c7238-1057-4d71-80f3-0e63457b532c)
 - Deleted: 0

[24/Jul/2023:15:00:03] UPDATING ACCOUNTS (JobID: 83bbb071-d649-4f51-8728-12a8cc6b3b38)
 - New and modified: 0

[24/Jul/2023:15:00:03] DELETING ACCOUNTS (JobID: 83bbb071-d649-4f51-8728-12a8cc6b3b38)
 - Deleted: 0

[24/Jul/2023:15:00:32] UPDATING PRODUCTS (JobID: 7d4e8467-8d92-4b7e-8fb8-f1d863bf8ebc)
 - New and modified: 0

[24/Jul/2023:15:00:35] UPDATING PREPAGATI (JobID: 33f5d775-57f0-49ec-8809-913c6e5d89ff)
 - New and modified: 0

[24/Jul/2023:15:00:35] DELETING PREPAGATI (JobID: 33f5d775-57f0-49ec-8809-913c6e5d89ff)
 - Deleted: 0

[24/Jul/2023:15:30:08] UPDATING ACCOUNTS (JobID: 1d7b6026-e3b8-4cd6-aa45-cfd78bd6667a)
 - New and modified: 0

[24/Jul/2023:15:30:08] DELETING ACCOUNTS (JobID: 1d7b6026-e3b8-4cd6-aa45-cfd78bd6667a)
 - Deleted: 0

[24/Jul/2023:15:30:36] UPDATING PRODUCTS (JobID: 08ed8405-d69b-4a7f-a3db-7aa5af3df148)
 - New and modified: 0

[24/Jul/2023:15:30:39] UPDATING PREPAGATI (JobID: e7f75435-b68d-46cd-9767-f049e272c627)
 - New and modified: 0

[24/Jul/2023:15:30:39] DELETING PREPAGATI (JobID: e7f75435-b68d-46cd-9767-f049e272c627)
 - Deleted: 0

[24/Jul/2023:16:30:08] UPDATING ACCOUNTS (JobID: 287d7924-6e6d-4e6c-be8b-c4947c0365fd)
 - New and modified: 0

[24/Jul/2023:16:30:08] DELETING ACCOUNTS (JobID: 287d7924-6e6d-4e6c-be8b-c4947c0365fd)
 - Deleted: 0

[24/Jul/2023:16:30:36] UPDATING PRODUCTS (JobID: 16b260fb-f751-428a-b1bc-a0c150bf32f0)
 - New and modified: 0

[24/Jul/2023:16:30:39] UPDATING PREPAGATI (JobID: 150af3d0-2d31-4c17-9cac-136cd098ac01)
 - New and modified: 0

[24/Jul/2023:16:30:39] DELETING PREPAGATI (JobID: 150af3d0-2d31-4c17-9cac-136cd098ac01)
 - Deleted: 0

[24/Jul/2023:17:30:08] UPDATING ACCOUNTS (JobID: 9c356d5c-8e4b-4826-a733-d7dedbd42606)
 - New and modified: 0

[24/Jul/2023:17:30:08] DELETING ACCOUNTS (JobID: 9c356d5c-8e4b-4826-a733-d7dedbd42606)
 - Deleted: 0

[24/Jul/2023:17:30:37] UPDATING PRODUCTS (JobID: 07c10d74-aa59-4ed8-a781-ce60f3271b2b)
 - New and modified: 0

[24/Jul/2023:17:30:39] UPDATING PREPAGATI (JobID: 9e204f75-99a2-4021-8803-9fa6a1600e86)
 - New and modified: 0

[24/Jul/2023:17:30:39] DELETING PREPAGATI (JobID: 9e204f75-99a2-4021-8803-9fa6a1600e86)
 - Deleted: 0

[24/Jul/2023:18:00:13] UPDATING ACCOUNTS (JobID: e22f053e-2590-446e-ad32-3fb60f0907e8)
 - New and modified: 0

[24/Jul/2023:18:00:13] DELETING ACCOUNTS (JobID: e22f053e-2590-446e-ad32-3fb60f0907e8)
 - Deleted: 0

[24/Jul/2023:18:00:52] UPDATING PRODUCTS (JobID: 23b97970-54b5-4731-8939-cb60df578f0d)
 - New and modified: 0

[24/Jul/2023:18:00:56] UPDATING PREPAGATI (JobID: b4b9b1b5-ae6b-4902-977b-1f0aefb6f7a7)
 - New and modified: 0

[24/Jul/2023:18:00:56] DELETING PREPAGATI (JobID: b4b9b1b5-ae6b-4902-977b-1f0aefb6f7a7)
 - Deleted: 0

[24/Jul/2023:18:30:08] UPDATING ACCOUNTS (JobID: 2a522961-42e7-4258-885b-13f6f65c5f84)
 - New and modified: 0

[24/Jul/2023:18:30:08] DELETING ACCOUNTS (JobID: 2a522961-42e7-4258-885b-13f6f65c5f84)
 - Deleted: 0

[24/Jul/2023:18:30:39] UPDATING PRODUCTS (JobID: 2a13e2d7-37ec-47fe-b853-3346ae1e7dc7)
 - New and modified: 0

[24/Jul/2023:18:30:42] UPDATING PREPAGATI (JobID: 9341c6e9-8860-4d71-8b01-07c1a8b501a9)
 - New and modified: 0

[24/Jul/2023:18:30:42] DELETING PREPAGATI (JobID: 9341c6e9-8860-4d71-8b01-07c1a8b501a9)
 - Deleted: 0

[24/Jul/2023:19:30:08] UPDATING ACCOUNTS (JobID: a5f30777-ad5d-4224-b58e-9ddf764a0836)
 - New and modified: 0

[24/Jul/2023:19:30:08] DELETING ACCOUNTS (JobID: a5f30777-ad5d-4224-b58e-9ddf764a0836)
 - Deleted: 0

[24/Jul/2023:19:30:38] UPDATING PRODUCTS (JobID: 495137dd-8f94-48dc-a16d-8985ad0140a1)
 - New and modified: 0

[24/Jul/2023:19:30:41] UPDATING PREPAGATI (JobID: 571aef54-5176-4d91-87c6-dbc4ed9bb317)
 - New and modified: 0

[24/Jul/2023:19:30:41] DELETING PREPAGATI (JobID: 571aef54-5176-4d91-87c6-dbc4ed9bb317)
 - Deleted: 0

[24/Jul/2023:20:30:08] UPDATING ACCOUNTS (JobID: 58f7701b-919b-4f6f-a063-b5a35efe859f)
 - New and modified: 0

[24/Jul/2023:20:30:08] DELETING ACCOUNTS (JobID: 58f7701b-919b-4f6f-a063-b5a35efe859f)
 - Deleted: 0

[24/Jul/2023:20:30:39] UPDATING PRODUCTS (JobID: b7fdbb29-2902-415b-8acc-c9755c1b80d5)
 - New and modified: 0

[24/Jul/2023:20:30:41] UPDATING PREPAGATI (JobID: 589d7cc8-369c-45a3-b4a1-e84ea1c15690)
 - New and modified: 0

[24/Jul/2023:20:30:41] DELETING PREPAGATI (JobID: 589d7cc8-369c-45a3-b4a1-e84ea1c15690)
 - Deleted: 0

