[15/Jul/2023:00:00:08] UPDATING ACCOUNTS (JobID: 63de3829-888f-4a7d-9103-46fb5734bfaf)
 - New and modified: 0

[15/Jul/2023:00:00:08] DELETING ACCOUNTS (JobID: 63de3829-888f-4a7d-9103-46fb5734bfaf)
 - Deleted: 0

[15/Jul/2023:00:00:41] UPDATING PRODUCTS (JobID: aadb9cef-8715-4155-b540-22e257ff21b8)
 - New and modified: 0

[15/Jul/2023:00:00:44] UPDATING PREPAGATI (JobID: 8ced496e-eb1d-445d-9399-88b4823ef607)
 - New and modified: 0

[15/Jul/2023:00:00:44] DELETING PREPAGATI (JobID: 8ced496e-eb1d-445d-9399-88b4823ef607)
 - Deleted: 0

[15/Jul/2023:01:00:07] UPDATING ACCOUNTS (JobID: faf360b9-dfea-43a8-ae32-ff9d9565b154)
 - New and modified: 0

[15/Jul/2023:01:00:07] DELETING ACCOUNTS (JobID: faf360b9-dfea-43a8-ae32-ff9d9565b154)
 - Deleted: 0

[15/Jul/2023:01:00:42] UPDATING PRODUCTS (JobID: 3720050b-171d-4b4b-a9c4-24f74eaa6226)
 - New and modified: 0

[15/Jul/2023:01:00:45] UPDATING PREPAGATI (JobID: 5731bb37-d2b7-45d9-b73d-f47cfcf0b945)
 - New and modified: 0

[15/Jul/2023:01:00:45] DELETING PREPAGATI (JobID: 5731bb37-d2b7-45d9-b73d-f47cfcf0b945)
 - Deleted: 0

[15/Jul/2023:03:00:05] UPDATING ACCOUNTS (JobID: 2b01ce7f-d55f-4401-b937-943f8ef55b3d)
 - New and modified: 0

[15/Jul/2023:03:00:05] DELETING ACCOUNTS (JobID: 2b01ce7f-d55f-4401-b937-943f8ef55b3d)
 - Deleted: 0

[15/Jul/2023:03:00:38] UPDATING PRODUCTS (JobID: 3b3f4793-7bc3-47ad-ac43-3c46f3f8f9d6)
 - New and modified: 0

[15/Jul/2023:03:00:41] UPDATING PREPAGATI (JobID: 3242cb3a-9cec-47f7-8cee-aa09775327d9)
 - New and modified: 0

[15/Jul/2023:03:00:41] DELETING PREPAGATI (JobID: 3242cb3a-9cec-47f7-8cee-aa09775327d9)
 - Deleted: 0

[15/Jul/2023:03:30:08] UPDATING ACCOUNTS (JobID: 78bc63ed-e93f-428f-b3ed-dc48089454f6)
 - New and modified: 0

[15/Jul/2023:03:30:08] DELETING ACCOUNTS (JobID: 78bc63ed-e93f-428f-b3ed-dc48089454f6)
 - Deleted: 0

[15/Jul/2023:03:30:40] UPDATING PRODUCTS (JobID: 988d43d2-883b-4b63-89f2-d914eff434b3)
 - New and modified: 0

[15/Jul/2023:03:30:44] UPDATING PREPAGATI (JobID: 3c5673a7-71d7-420d-bfc7-a9460af62d73)
 - New and modified: 0

[15/Jul/2023:03:30:44] DELETING PREPAGATI (JobID: 3c5673a7-71d7-420d-bfc7-a9460af62d73)
 - Deleted: 0

[15/Jul/2023:05:00:08] UPDATING ACCOUNTS (JobID: 0c9f41b2-be15-4137-b8f6-d7b2e4d73fa3)
 - New and modified: 0

[15/Jul/2023:05:00:08] DELETING ACCOUNTS (JobID: 0c9f41b2-be15-4137-b8f6-d7b2e4d73fa3)
 - Deleted: 0

[15/Jul/2023:05:00:42] UPDATING PRODUCTS (JobID: 7b537479-5d6b-43a1-b34a-6690fbefc4ad)
 - New and modified: 0

[15/Jul/2023:05:00:45] UPDATING PREPAGATI (JobID: 358c0137-c704-4aa0-a8e1-b81aa4a9b97f)
 - New and modified: 0

[15/Jul/2023:05:00:45] DELETING PREPAGATI (JobID: 358c0137-c704-4aa0-a8e1-b81aa4a9b97f)
 - Deleted: 0

[15/Jul/2023:05:30:08] UPDATING ACCOUNTS (JobID: f6049cca-7e27-4e00-8e36-33e8b5b1bba5)
 - New and modified: 0

[15/Jul/2023:05:30:08] DELETING ACCOUNTS (JobID: f6049cca-7e27-4e00-8e36-33e8b5b1bba5)
 - Deleted: 0

[15/Jul/2023:05:30:44] UPDATING PRODUCTS (JobID: 9587a141-40e3-41e6-b4d4-1e2511d01347)
 - New and modified: 0

[15/Jul/2023:05:30:48] UPDATING PREPAGATI (JobID: 93a0f9b6-f33b-4414-92a3-f3c5151e9aee)
 - New and modified: 0

[15/Jul/2023:05:30:48] DELETING PREPAGATI (JobID: 93a0f9b6-f33b-4414-92a3-f3c5151e9aee)
 - Deleted: 0

[15/Jul/2023:06:30:03] UPDATING ACCOUNTS (JobID: 50077b41-dff4-4e61-a4ae-d51581717bdc)
 - New and modified: 0

[15/Jul/2023:06:30:03] DELETING ACCOUNTS (JobID: 50077b41-dff4-4e61-a4ae-d51581717bdc)
 - Deleted: 0

[15/Jul/2023:06:30:36] UPDATING PRODUCTS (JobID: d5feb211-3632-48e1-bc40-641fc099ee09)
 - New and modified: 0

[15/Jul/2023:06:30:38] UPDATING PREPAGATI (JobID: 7988aa3e-2ca2-4bb6-8d5b-dea9d1ff2c60)
 - New and modified: 0

[15/Jul/2023:06:30:38] DELETING PREPAGATI (JobID: 7988aa3e-2ca2-4bb6-8d5b-dea9d1ff2c60)
 - Deleted: 0

[15/Jul/2023:08:00:04] UPDATING ACCOUNTS (JobID: c209ede7-1b1c-4bb4-b379-ec08e1e51f8d)
 - New and modified: 0

[15/Jul/2023:08:00:04] DELETING ACCOUNTS (JobID: c209ede7-1b1c-4bb4-b379-ec08e1e51f8d)
 - Deleted: 0

[15/Jul/2023:08:00:40] UPDATING PRODUCTS (JobID: 913ea333-4c99-4864-bd80-ae31107e56b0)
 - New and modified: 0

[15/Jul/2023:08:00:43] UPDATING PREPAGATI (JobID: 8504714f-6a55-4ae9-b738-e85db2dcfb31)
 - New and modified: 0

[15/Jul/2023:08:00:43] DELETING PREPAGATI (JobID: 8504714f-6a55-4ae9-b738-e85db2dcfb31)
 - Deleted: 0

[15/Jul/2023:08:30:07] UPDATING ACCOUNTS (JobID: 324dfd9c-cf56-4c8d-88c5-5a878958ab1b)
 - New and modified: 0

[15/Jul/2023:08:30:07] DELETING ACCOUNTS (JobID: 324dfd9c-cf56-4c8d-88c5-5a878958ab1b)
 - Deleted: 0

[15/Jul/2023:08:30:40] UPDATING PRODUCTS (JobID: 907932ae-5e5a-4971-9173-52eed54b9eb5)
 - New and modified: 0

[15/Jul/2023:08:30:43] UPDATING PREPAGATI (JobID: 438c5144-aab4-47e8-b63b-0d94c6b993cc)
 - New and modified: 0

[15/Jul/2023:08:30:43] DELETING PREPAGATI (JobID: 438c5144-aab4-47e8-b63b-0d94c6b993cc)
 - Deleted: 0

[15/Jul/2023:10:00:09] UPDATING ACCOUNTS (JobID: 1adb22d2-b8b4-4b83-90b2-61ac179564b2)
 - New and modified: 0

[15/Jul/2023:10:00:09] DELETING ACCOUNTS (JobID: 1adb22d2-b8b4-4b83-90b2-61ac179564b2)
 - Deleted: 0

[15/Jul/2023:10:00:43] UPDATING PRODUCTS (JobID: bf1b772f-fe99-4de3-ac4a-6d25edefd868)
 - New and modified: 0

[15/Jul/2023:10:00:46] UPDATING PREPAGATI (JobID: af1ed347-a572-41f6-9fd0-7177fd28e152)
 - New and modified: 0

[15/Jul/2023:10:00:46] DELETING PREPAGATI (JobID: af1ed347-a572-41f6-9fd0-7177fd28e152)
 - Deleted: 0

[15/Jul/2023:11:30:08] UPDATING ACCOUNTS (JobID: 4a655450-bc81-45d7-baaa-c77154b2b8eb)
 - New and modified: 0

[15/Jul/2023:11:30:08] DELETING ACCOUNTS (JobID: 4a655450-bc81-45d7-baaa-c77154b2b8eb)
 - Deleted: 0

[15/Jul/2023:11:30:41] UPDATING PRODUCTS (JobID: 005fec53-d547-483d-9f3c-3fbd7aba71af)
 - New and modified: 0

[15/Jul/2023:11:30:44] UPDATING PREPAGATI (JobID: 1268b167-d864-4030-bf7d-1cc927b5a611)
 - New and modified: 0

[15/Jul/2023:11:30:44] DELETING PREPAGATI (JobID: 1268b167-d864-4030-bf7d-1cc927b5a611)
 - Deleted: 0

[15/Jul/2023:13:30:05] UPDATING ACCOUNTS (JobID: be3aa944-14e1-4f84-b158-8f51701d599a)
 - New and modified: 0

[15/Jul/2023:13:30:05] DELETING ACCOUNTS (JobID: be3aa944-14e1-4f84-b158-8f51701d599a)
 - Deleted: 0

[15/Jul/2023:13:30:39] UPDATING PRODUCTS (JobID: 0383c379-fb73-4a1f-b932-6f9098f737d3)
 - New and modified: 0

[15/Jul/2023:13:30:42] UPDATING PREPAGATI (JobID: a694cbca-3a42-4f50-bf34-13fb45198e28)
 - New and modified: 0

[15/Jul/2023:13:30:42] DELETING PREPAGATI (JobID: a694cbca-3a42-4f50-bf34-13fb45198e28)
 - Deleted: 0

[15/Jul/2023:15:30:07] UPDATING ACCOUNTS (JobID: 7ae8db5d-6c17-4f4c-92c6-761a6df15770)
 - New and modified: 0

[15/Jul/2023:15:30:07] DELETING ACCOUNTS (JobID: 7ae8db5d-6c17-4f4c-92c6-761a6df15770)
 - Deleted: 0

[15/Jul/2023:15:30:39] UPDATING PRODUCTS (JobID: 8723e0d3-55e1-4b05-8416-e846b1ac6560)
 - New and modified: 0

[15/Jul/2023:15:30:42] UPDATING PREPAGATI (JobID: 34d3db7d-4dde-4d6d-873e-8fba016deb87)
 - New and modified: 0

[15/Jul/2023:15:30:42] DELETING PREPAGATI (JobID: 34d3db7d-4dde-4d6d-873e-8fba016deb87)
 - Deleted: 0

[15/Jul/2023:17:00:05] UPDATING ACCOUNTS (JobID: 604f7c1c-a154-428f-953d-7f9079b687c1)
 - New and modified: 0

[15/Jul/2023:17:00:05] DELETING ACCOUNTS (JobID: 604f7c1c-a154-428f-953d-7f9079b687c1)
 - Deleted: 0

[15/Jul/2023:17:00:38] UPDATING PRODUCTS (JobID: f5afa8ef-95ef-43d7-ad90-5684593f9f41)
 - New and modified: 0

[15/Jul/2023:17:00:41] UPDATING PREPAGATI (JobID: b2b278e4-61ce-4091-89ab-36f42200079e)
 - New and modified: 0

[15/Jul/2023:17:00:41] DELETING PREPAGATI (JobID: b2b278e4-61ce-4091-89ab-36f42200079e)
 - Deleted: 0

[15/Jul/2023:17:30:08] UPDATING ACCOUNTS (JobID: df805c46-ca9f-4a8c-a585-d788a3517cd8)
 - New and modified: 0

[15/Jul/2023:17:30:08] DELETING ACCOUNTS (JobID: df805c46-ca9f-4a8c-a585-d788a3517cd8)
 - Deleted: 0

[15/Jul/2023:17:30:41] UPDATING PRODUCTS (JobID: 22d84824-7dc9-45df-9213-9256136325bf)
 - New and modified: 0

[15/Jul/2023:17:30:44] UPDATING PREPAGATI (JobID: 4b1ea961-7a27-49ca-b2a8-e034293c317d)
 - New and modified: 0

[15/Jul/2023:17:30:44] DELETING PREPAGATI (JobID: 4b1ea961-7a27-49ca-b2a8-e034293c317d)
 - Deleted: 0

[15/Jul/2023:18:00:14] UPDATING ACCOUNTS (JobID: 419e4cc1-6fab-4787-9971-7979d93bafbc)
 - New and modified: 0

[15/Jul/2023:18:00:14] DELETING ACCOUNTS (JobID: 419e4cc1-6fab-4787-9971-7979d93bafbc)
 - Deleted: 0

[15/Jul/2023:18:00:58] UPDATING PRODUCTS (JobID: 1369add1-e1f2-4762-b64c-8fd8957bf825)
 - New and modified: 0

[15/Jul/2023:18:01:02] UPDATING PREPAGATI (JobID: 6aef90d9-4710-41a4-91dc-1936ca838c52)
 - New and modified: 0

[15/Jul/2023:18:01:02] DELETING PREPAGATI (JobID: 6aef90d9-4710-41a4-91dc-1936ca838c52)
 - Deleted: 0

[15/Jul/2023:18:30:04] UPDATING ACCOUNTS (JobID: b45d1ca0-997a-4b09-bd83-ba7303829f08)
 - New and modified: 0

[15/Jul/2023:18:30:04] DELETING ACCOUNTS (JobID: b45d1ca0-997a-4b09-bd83-ba7303829f08)
 - Deleted: 0

[15/Jul/2023:18:30:37] UPDATING PRODUCTS (JobID: 1223c7b3-d657-45cb-9103-2226206f7cbf)
 - New and modified: 0

[15/Jul/2023:18:30:38] UPDATING PREPAGATI (JobID: 9e6ae116-a168-4662-9601-fa2145b1d3c4)
 - New and modified: 0

[15/Jul/2023:18:30:38] DELETING PREPAGATI (JobID: 9e6ae116-a168-4662-9601-fa2145b1d3c4)
 - Deleted: 0

[15/Jul/2023:19:00:04] UPDATING ACCOUNTS (JobID: 4267eb2e-76ab-4948-a972-7f4ff9f79456)
 - New and modified: 0

[15/Jul/2023:19:00:04] DELETING ACCOUNTS (JobID: 4267eb2e-76ab-4948-a972-7f4ff9f79456)
 - Deleted: 0

[15/Jul/2023:19:00:37] UPDATING PRODUCTS (JobID: 21e4cc86-75d0-44b5-81d6-3f47df16211b)
 - New and modified: 0

[15/Jul/2023:19:00:39] UPDATING PREPAGATI (JobID: 659396c7-62af-4b17-ac7c-6d1cdeca2ea3)
 - New and modified: 0

[15/Jul/2023:19:00:39] DELETING PREPAGATI (JobID: 659396c7-62af-4b17-ac7c-6d1cdeca2ea3)
 - Deleted: 0

[15/Jul/2023:20:00:09] UPDATING ACCOUNTS (JobID: d182ae2e-3c8a-41f4-9691-d6e0a09732ec)
 - New and modified: 0

[15/Jul/2023:20:00:09] DELETING ACCOUNTS (JobID: d182ae2e-3c8a-41f4-9691-d6e0a09732ec)
 - Deleted: 0

[15/Jul/2023:20:00:41] UPDATING PRODUCTS (JobID: 783413d5-00e3-4471-8873-3fe26e72636b)
 - New and modified: 0

[15/Jul/2023:20:00:44] UPDATING PREPAGATI (JobID: 2ab04054-85e9-49a4-8f07-964339ab1862)
 - New and modified: 0

[15/Jul/2023:20:00:44] DELETING PREPAGATI (JobID: 2ab04054-85e9-49a4-8f07-964339ab1862)
 - Deleted: 0

[15/Jul/2023:22:00:04] UPDATING ACCOUNTS (JobID: 26f3afcd-da59-4b78-b20f-86a7d84dfe5d)
 - New and modified: 0

[15/Jul/2023:22:00:04] DELETING ACCOUNTS (JobID: 26f3afcd-da59-4b78-b20f-86a7d84dfe5d)
 - Deleted: 0

[15/Jul/2023:22:00:34] UPDATING PRODUCTS (JobID: 19eb8b3e-a168-42d6-b6ee-7ee92fba08df)
 - New and modified: 0

[15/Jul/2023:22:00:37] UPDATING PREPAGATI (JobID: ba18ba10-0ba7-4607-806f-da52cb4ba9ca)
 - New and modified: 0

[15/Jul/2023:22:00:37] DELETING PREPAGATI (JobID: ba18ba10-0ba7-4607-806f-da52cb4ba9ca)
 - Deleted: 0

[15/Jul/2023:23:00:04] UPDATING ACCOUNTS (JobID: 0f89d4ff-b6ef-4e79-8380-eecfaadde639)
 - New and modified: 0

[15/Jul/2023:23:00:04] DELETING ACCOUNTS (JobID: 0f89d4ff-b6ef-4e79-8380-eecfaadde639)
 - Deleted: 0

[15/Jul/2023:23:00:35] UPDATING PRODUCTS (JobID: 0d914bff-8da6-4d77-b806-56d7751c415b)
 - New and modified: 0

[15/Jul/2023:23:00:37] UPDATING PREPAGATI (JobID: dfef7efd-505b-4b03-aa89-e63b21950fb6)
 - New and modified: 0

[15/Jul/2023:23:00:37] DELETING PREPAGATI (JobID: dfef7efd-505b-4b03-aa89-e63b21950fb6)
 - Deleted: 0

