[26/Jul/2023:00:30:08] UPDATING ACCOUNTS (JobID: 3c0cd737-e3c0-4f8a-9bbb-140cf4c87a57)
 - New and modified: 0

[26/Jul/2023:00:30:08] DELETING ACCOUNTS (JobID: 3c0cd737-e3c0-4f8a-9bbb-140cf4c87a57)
 - Deleted: 0

[26/Jul/2023:00:30:36] UPDATING PRODUCTS (JobID: 457b7cca-e00e-4e92-8ad6-b4611ea5a308)
 - New and modified: 0

[26/Jul/2023:00:30:39] UPDATING PREPAGATI (JobID: 0c25fa24-5109-49c4-b41e-eabb02e8a8b7)
 - New and modified: 0

[26/Jul/2023:00:30:39] DELETING PREPAGATI (JobID: 0c25fa24-5109-49c4-b41e-eabb02e8a8b7)
 - Deleted: 0

[26/Jul/2023:02:00:07] UPDATING ACCOUNTS (JobID: 706dcac6-3d95-4d91-b162-ef6ea6114897)
 - New and modified: 0

[26/Jul/2023:02:00:07] DELETING ACCOUNTS (JobID: 706dcac6-3d95-4d91-b162-ef6ea6114897)
 - Deleted: 0

[26/Jul/2023:02:00:38] UPDATING PRODUCTS (JobID: 9c7a9af8-2ba4-4421-8092-efda4434411e)
 - New and modified: 0

[26/Jul/2023:02:00:41] UPDATING PREPAGATI (JobID: 679f1533-4874-452a-a06e-d9c985290e8f)
 - New and modified: 0

[26/Jul/2023:02:00:41] DELETING PREPAGATI (JobID: 679f1533-4874-452a-a06e-d9c985290e8f)
 - Deleted: 0

[26/Jul/2023:02:30:08] UPDATING ACCOUNTS (JobID: eda62c35-0958-476a-b4eb-38c3bd8c53a2)
 - New and modified: 0

[26/Jul/2023:02:30:09] DELETING ACCOUNTS (JobID: eda62c35-0958-476a-b4eb-38c3bd8c53a2)
 - Deleted: 0

[26/Jul/2023:02:30:38] UPDATING PRODUCTS (JobID: e092fc41-64a4-4327-afa7-51693f57d733)
 - New and modified: 0

[26/Jul/2023:02:30:41] UPDATING PREPAGATI (JobID: 8249a238-7786-4e9f-bedd-6139a71a0a02)
 - New and modified: 0

[26/Jul/2023:02:30:41] DELETING PREPAGATI (JobID: 8249a238-7786-4e9f-bedd-6139a71a0a02)
 - Deleted: 0

[26/Jul/2023:03:00:03] UPDATING ACCOUNTS (JobID: 1206ab2a-5dc9-4406-94de-8ab428f609c7)
 - New and modified: 0

[26/Jul/2023:03:00:03] DELETING ACCOUNTS (JobID: 1206ab2a-5dc9-4406-94de-8ab428f609c7)
 - Deleted: 0

[26/Jul/2023:03:00:31] UPDATING PRODUCTS (JobID: ab57b950-8d93-4e55-ab00-623bf69ddded)
 - New and modified: 0

[26/Jul/2023:03:00:33] UPDATING PREPAGATI (JobID: b9fef081-00e0-4a26-9408-3085dd0162d0)
 - New and modified: 0

[26/Jul/2023:03:00:33] DELETING PREPAGATI (JobID: b9fef081-00e0-4a26-9408-3085dd0162d0)
 - Deleted: 0

[26/Jul/2023:03:30:08] UPDATING ACCOUNTS (JobID: e6ee256c-340d-430a-a27c-529620d965a6)
 - New and modified: 0

[26/Jul/2023:03:30:08] DELETING ACCOUNTS (JobID: e6ee256c-340d-430a-a27c-529620d965a6)
 - Deleted: 0

[26/Jul/2023:03:30:36] UPDATING PRODUCTS (JobID: 8abdd874-2ac4-405f-ab42-fde71596a033)
 - New and modified: 0

[26/Jul/2023:03:30:39] UPDATING PREPAGATI (JobID: 58ea55bd-f015-47a4-b430-8113c7e23c75)
 - New and modified: 0

[26/Jul/2023:03:30:39] DELETING PREPAGATI (JobID: 58ea55bd-f015-47a4-b430-8113c7e23c75)
 - Deleted: 0

[26/Jul/2023:04:30:08] UPDATING ACCOUNTS (JobID: f07f39e4-8d54-4c3f-ad93-fb38c8238633)
 - New and modified: 0

[26/Jul/2023:04:30:08] DELETING ACCOUNTS (JobID: f07f39e4-8d54-4c3f-ad93-fb38c8238633)
 - Deleted: 0

[26/Jul/2023:04:30:36] UPDATING PRODUCTS (JobID: 7bbabbf4-7b7e-42a8-8b01-b5e122b895b5)
 - New and modified: 0

[26/Jul/2023:04:30:39] UPDATING PREPAGATI (JobID: 22669055-6cf5-46a8-b34a-6a58941e2571)
 - New and modified: 0

[26/Jul/2023:04:30:39] DELETING PREPAGATI (JobID: 22669055-6cf5-46a8-b34a-6a58941e2571)
 - Deleted: 0

[26/Jul/2023:05:00:08] UPDATING ACCOUNTS (JobID: 00668460-8527-45f3-8fad-6073871909e1)
 - New and modified: 0

[26/Jul/2023:05:00:08] DELETING ACCOUNTS (JobID: 00668460-8527-45f3-8fad-6073871909e1)
 - Deleted: 0

[26/Jul/2023:05:00:36] UPDATING PRODUCTS (JobID: e2de29f2-645f-4a90-9730-1a598d6db55c)
 - New and modified: 0

[26/Jul/2023:05:00:39] UPDATING PREPAGATI (JobID: 2a84f2b1-3945-41ef-ab47-2452f062f771)
 - New and modified: 0

[26/Jul/2023:05:00:39] DELETING PREPAGATI (JobID: 2a84f2b1-3945-41ef-ab47-2452f062f771)
 - Deleted: 0

[26/Jul/2023:05:30:08] UPDATING ACCOUNTS (JobID: db0fcd07-0fa8-4f35-83bf-94821136d2a4)
 - New and modified: 0

[26/Jul/2023:05:30:08] DELETING ACCOUNTS (JobID: db0fcd07-0fa8-4f35-83bf-94821136d2a4)
 - Deleted: 0

[26/Jul/2023:05:30:37] UPDATING PRODUCTS (JobID: 55411da9-aa35-4fcc-9fd7-9a24ed9be37c)
 - New and modified: 0

[26/Jul/2023:05:30:40] UPDATING PREPAGATI (JobID: 9aaab248-e836-4145-9a77-0ee745ef6d64)
 - New and modified: 0

[26/Jul/2023:05:30:40] DELETING PREPAGATI (JobID: 9aaab248-e836-4145-9a77-0ee745ef6d64)
 - Deleted: 0

[26/Jul/2023:06:30:07] UPDATING ACCOUNTS (JobID: 657a9223-49d7-4b47-926f-f7f5ff0f2f95)
 - New and modified: 0

[26/Jul/2023:06:30:07] DELETING ACCOUNTS (JobID: 657a9223-49d7-4b47-926f-f7f5ff0f2f95)
 - Deleted: 0

[26/Jul/2023:06:30:36] UPDATING PRODUCTS (JobID: 315b8775-f6f3-429a-a98d-4332d59f431d)
 - New and modified: 0

[26/Jul/2023:06:30:39] UPDATING PREPAGATI (JobID: 4ad0be1a-afd7-4680-a3b6-b5d4633ccec2)
 - New and modified: 0

[26/Jul/2023:06:30:39] DELETING PREPAGATI (JobID: 4ad0be1a-afd7-4680-a3b6-b5d4633ccec2)
 - Deleted: 0

[26/Jul/2023:08:00:07] UPDATING ACCOUNTS (JobID: 889161c3-1d7a-4b71-9bd4-ab71cd94caf5)
 - New and modified: 215
   0000001
   0000002
   0000003
   0000004
   0000005
   0000006
   0000007
   0000008
   0000009
   0000010
   0000011
   0000012
   0000013
   0000014
   0000015
   0000016
   0000017
   0000018
   0000019
   0000020
   0000021
   0000022
   0000023
   0000024
   0000025
   0000026
   0000027
   0000028
   0000029
   0000030
   0000031
   0000032
   0000033
   0000034
   0000035
   0000036
   0000037
   0000038
   0000039
   0000040
   0000041
   0000042
   0000043
   0000045
   0000046
   0000047
   0000048
   0000049
   0000050
   0000051
   0000052
   0000053
   0000054
   0000055
   0000056
   0000057
   0000058
   0000059
   0000060
   0000061
   0000062
   0000063
   0000064
   0000065
   0000066
   0000067
   0000068
   0000069
   0000070
   0000072
   0000073
   0000074
   0000075
   0000076
   0000077
   0000078
   0000079
   0000080
   0000081
   0000082
   0000083
   0000084
   0000085
   0000086
   0000087
   0000088
   0000089
   0000090
   0000091
   0000092
   0000093
   0000094
   0000095
   0000096
   0000097
   0000098
   0000099
   0000100
   0000101
   0000102
   0000103
   0000104
   0000105
   0000106
   0000107
   0000108
   0000109
   0000110
   0000111
   0000112
   0000113
   0000114
   0000115
   0000116
   0000117
   0000118
   0000119
   0000120
   0000121
   0000122
   0000123
   0000124
   0000125
   0000126
   0000127
   0000128
   0000129
   0000130
   0000131
   0000132
   0000133
   0000134
   0000135
   0000136
   0000137
   0000138
   0000139
   0000140
   0000141
   0000142
   0000143
   0000144
   0000145
   0000146
   0000147
   0000148
   0000149
   0000150
   0000151
   0000152
   0000153
   0000154
   0000155
   0000156
   0000157
   0000158
   0000159
   0000160
   0000161
   0000162
   0000163
   0000164
   0000165
   0000166
   0000167
   0000168
   0000169
   0000170
   0000171
   0000172
   0000173
   0000174
   0000175
   0000176
   0000177
   0000178
   0000179
   0000180
   0000181
   0000182
   0000183
   0000184
   0000185
   0000186
   0000187
   0000188
   0000189
   0000190
   0000191
   0000192
   0000193
   0000194
   0000195
   0000196
   0000197
   0000198
   0000199
   0000200
   0000201
   0000202
   0000203
   0000204
   0000205
   0000206
   0000207
   0000208
   0000209
   0000210
   0000211
   0000212
   0000213
   0000214
   0000215
   0000216
   0000217

[26/Jul/2023:08:00:07] DELETING ACCOUNTS (JobID: 889161c3-1d7a-4b71-9bd4-ab71cd94caf5)
 - Deleted: 0

[26/Jul/2023:08:00:38] UPDATING PRODUCTS (JobID: 0f6bc4c5-bb6d-4d75-88a7-6a5625e39f04)
 - New and modified: 0

[26/Jul/2023:08:00:40] UPDATING PREPAGATI (JobID: 72c38039-2c7c-4c5d-be9f-f95d619445c5)
 - New and modified: 0

[26/Jul/2023:08:00:40] DELETING PREPAGATI (JobID: 72c38039-2c7c-4c5d-be9f-f95d619445c5)
 - Deleted: 0

[26/Jul/2023:09:00:08] UPDATING ACCOUNTS (JobID: d6ac205a-b0e5-4b39-9934-fea143cae222)
 - New and modified: 0

[26/Jul/2023:09:00:08] DELETING ACCOUNTS (JobID: d6ac205a-b0e5-4b39-9934-fea143cae222)
 - Deleted: 0

[26/Jul/2023:09:00:37] UPDATING PRODUCTS (JobID: 4bed2a2e-2203-4648-b311-b4cc397f8832)
 - New and modified: 0

[26/Jul/2023:09:00:39] UPDATING PREPAGATI (JobID: 00c4f4be-de33-41b1-84cd-1332f87c9bfe)
 - New and modified: 0

[26/Jul/2023:09:00:39] DELETING PREPAGATI (JobID: 00c4f4be-de33-41b1-84cd-1332f87c9bfe)
 - Deleted: 0

[26/Jul/2023:09:30:08] UPDATING ACCOUNTS (JobID: 4774bf0f-45c2-4800-b310-b1c6f0292678)
 - New and modified: 0

[26/Jul/2023:09:30:08] DELETING ACCOUNTS (JobID: 4774bf0f-45c2-4800-b310-b1c6f0292678)
 - Deleted: 0

[26/Jul/2023:09:30:37] UPDATING PRODUCTS (JobID: f4a5e38c-f0df-4bfe-b4f1-2144e224e5c7)
 - New and modified: 0

[26/Jul/2023:09:30:40] UPDATING PREPAGATI (JobID: f371c163-d693-4ccc-a44e-b417c09a6cc5)
 - New and modified: 0

[26/Jul/2023:09:30:40] DELETING PREPAGATI (JobID: f371c163-d693-4ccc-a44e-b417c09a6cc5)
 - Deleted: 0

[26/Jul/2023:10:30:07] UPDATING ACCOUNTS (JobID: 94447ee0-3a38-4d2e-be16-b1f00a3e4f2e)
 - New and modified: 0

[26/Jul/2023:10:30:07] DELETING ACCOUNTS (JobID: 94447ee0-3a38-4d2e-be16-b1f00a3e4f2e)
 - Deleted: 0

[26/Jul/2023:10:30:36] UPDATING PRODUCTS (JobID: dd02f00a-8496-4c07-9c84-b327acb07c4f)
 - New and modified: 0

[26/Jul/2023:10:30:39] UPDATING PREPAGATI (JobID: 0100a136-bcd7-4294-94ed-5feedf557023)
 - New and modified: 0

[26/Jul/2023:10:30:39] DELETING PREPAGATI (JobID: 0100a136-bcd7-4294-94ed-5feedf557023)
 - Deleted: 0

[26/Jul/2023:11:30:08] UPDATING ACCOUNTS (JobID: b8c5ec07-66e8-4eed-a91f-651550bf9452)
 - New and modified: 0

[26/Jul/2023:11:30:08] DELETING ACCOUNTS (JobID: b8c5ec07-66e8-4eed-a91f-651550bf9452)
 - Deleted: 0

[26/Jul/2023:11:30:37] UPDATING PRODUCTS (JobID: fa963643-17d5-4920-be79-f8371d75b7b7)
 - New and modified: 0

[26/Jul/2023:11:30:40] UPDATING PREPAGATI (JobID: c67054b5-e5f8-459c-b04a-b0ebcf43dd8e)
 - New and modified: 0

[26/Jul/2023:11:30:40] DELETING PREPAGATI (JobID: c67054b5-e5f8-459c-b04a-b0ebcf43dd8e)
 - Deleted: 0

[26/Jul/2023:12:30:08] UPDATING ACCOUNTS (JobID: 33f30f27-5c88-4035-9f0c-a42e8c21e6ae)
 - New and modified: 0

[26/Jul/2023:12:30:08] DELETING ACCOUNTS (JobID: 33f30f27-5c88-4035-9f0c-a42e8c21e6ae)
 - Deleted: 0

[26/Jul/2023:12:30:36] UPDATING PRODUCTS (JobID: 4e2f57b7-cf0b-4ccd-b117-61c5222e93d3)
 - New and modified: 0

[26/Jul/2023:12:30:39] UPDATING PREPAGATI (JobID: fb2d540c-67b4-4c30-911a-473b72157bd0)
 - New and modified: 0

[26/Jul/2023:12:30:39] DELETING PREPAGATI (JobID: fb2d540c-67b4-4c30-911a-473b72157bd0)
 - Deleted: 0

[26/Jul/2023:13:00:03] UPDATING ACCOUNTS (JobID: 52336a61-af4c-4123-a816-9f6638c39d4e)
 - New and modified: 0

[26/Jul/2023:13:00:03] DELETING ACCOUNTS (JobID: 52336a61-af4c-4123-a816-9f6638c39d4e)
 - Deleted: 0

[26/Jul/2023:13:00:37] UPDATING PRODUCTS (JobID: d3fe4f79-4356-41c3-bbeb-17bf12bfdd46)
 - New and modified: 0

[26/Jul/2023:13:00:39] UPDATING PREPAGATI (JobID: c51de171-a4b5-47cb-83dc-2bb58334fef1)
 - New and modified: 0

[26/Jul/2023:13:00:39] DELETING PREPAGATI (JobID: c51de171-a4b5-47cb-83dc-2bb58334fef1)
 - Deleted: 0

[26/Jul/2023:13:30:04] UPDATING ACCOUNTS (JobID: d25f1bb2-fc93-4813-9562-20c656debaa6)
 - New and modified: 0

[26/Jul/2023:13:30:04] DELETING ACCOUNTS (JobID: d25f1bb2-fc93-4813-9562-20c656debaa6)
 - Deleted: 0

[26/Jul/2023:13:30:36] UPDATING PRODUCTS (JobID: 5fdc1019-c7a1-4522-9f7e-c4bd7afc5397)
 - New and modified: 0

[26/Jul/2023:13:30:38] UPDATING PREPAGATI (JobID: e787d383-1880-4aab-b049-f2549f2800d4)
 - New and modified: 0

[26/Jul/2023:13:30:38] DELETING PREPAGATI (JobID: e787d383-1880-4aab-b049-f2549f2800d4)
 - Deleted: 0

[26/Jul/2023:14:00:08] UPDATING ACCOUNTS (JobID: 611e38a5-9ee9-4c6a-b5ab-3279d66fb7dd)
 - New and modified: 0

[26/Jul/2023:14:00:08] DELETING ACCOUNTS (JobID: 611e38a5-9ee9-4c6a-b5ab-3279d66fb7dd)
 - Deleted: 0

[26/Jul/2023:14:00:40] UPDATING PRODUCTS (JobID: f3f10adb-e1c5-4d1b-acbd-7cb556fa7968)
 - New and modified: 0

[26/Jul/2023:14:00:43] UPDATING PREPAGATI (JobID: cebe9db5-8b9a-4f79-9359-c539469b9916)
 - New and modified: 0

[26/Jul/2023:14:00:43] DELETING PREPAGATI (JobID: cebe9db5-8b9a-4f79-9359-c539469b9916)
 - Deleted: 0

[26/Jul/2023:14:30:09] UPDATING ACCOUNTS (JobID: 9f5791a6-e951-4a7b-a545-25cf52da1618)
 - New and modified: 0

[26/Jul/2023:14:30:09] DELETING ACCOUNTS (JobID: 9f5791a6-e951-4a7b-a545-25cf52da1618)
 - Deleted: 0

[26/Jul/2023:14:30:40] UPDATING PRODUCTS (JobID: 24f2d86f-f27a-4cc4-b84c-652f08c382a9)
 - New and modified: 0

[26/Jul/2023:14:30:43] UPDATING PREPAGATI (JobID: 94439cb3-b8bf-40cc-874c-cec33610ea92)
 - New and modified: 0

[26/Jul/2023:14:30:43] DELETING PREPAGATI (JobID: 94439cb3-b8bf-40cc-874c-cec33610ea92)
 - Deleted: 0

[26/Jul/2023:15:30:09] UPDATING ACCOUNTS (JobID: 395db8b6-5eeb-4768-84c5-2650f24eb930)
 - New and modified: 1
   0000087

[26/Jul/2023:15:30:09] DELETING ACCOUNTS (JobID: 395db8b6-5eeb-4768-84c5-2650f24eb930)
 - Deleted: 0

[26/Jul/2023:15:30:38] UPDATING PRODUCTS (JobID: 948bb7db-dbc5-41d3-88a0-70ffb36c7da8)
 - New and modified: 0

[26/Jul/2023:15:30:41] UPDATING PREPAGATI (JobID: 50dc74bc-be4a-43cd-9a1a-c5cd184104da)
 - New and modified: 0

[26/Jul/2023:15:30:41] DELETING PREPAGATI (JobID: 50dc74bc-be4a-43cd-9a1a-c5cd184104da)
 - Deleted: 0

[26/Jul/2023:16:00:04] UPDATING ACCOUNTS (JobID: 5574fea7-84e5-4eda-a9a7-8982276fbd1a)
 - New and modified: 0

[26/Jul/2023:16:00:04] DELETING ACCOUNTS (JobID: 5574fea7-84e5-4eda-a9a7-8982276fbd1a)
 - Deleted: 0

[26/Jul/2023:16:00:33] UPDATING PRODUCTS (JobID: ec976f0e-be52-42e8-9178-eaf5faff0760)
 - New and modified: 0

[26/Jul/2023:16:00:34] UPDATING PREPAGATI (JobID: 4914ffaf-72d2-4e14-bf8f-504067dba438)
 - New and modified: 0

[26/Jul/2023:16:00:34] DELETING PREPAGATI (JobID: 4914ffaf-72d2-4e14-bf8f-504067dba438)
 - Deleted: 0

[26/Jul/2023:16:30:08] UPDATING ACCOUNTS (JobID: 75f690e1-7449-4a20-95be-0c2681e97134)
 - New and modified: 0

[26/Jul/2023:16:30:08] DELETING ACCOUNTS (JobID: 75f690e1-7449-4a20-95be-0c2681e97134)
 - Deleted: 0

[26/Jul/2023:16:30:38] UPDATING PRODUCTS (JobID: 86965fdd-ba4c-473d-929a-723966b0c7ed)
 - New and modified: 0

[26/Jul/2023:16:30:41] UPDATING PREPAGATI (JobID: a4b2d432-29b1-4042-be01-88c741b1f901)
 - New and modified: 0

[26/Jul/2023:16:30:41] DELETING PREPAGATI (JobID: a4b2d432-29b1-4042-be01-88c741b1f901)
 - Deleted: 0

[26/Jul/2023:17:30:08] UPDATING ACCOUNTS (JobID: 3b330df6-8a73-484d-8130-d215c851dd2d)
 - New and modified: 0

[26/Jul/2023:17:30:08] DELETING ACCOUNTS (JobID: 3b330df6-8a73-484d-8130-d215c851dd2d)
 - Deleted: 0

[26/Jul/2023:17:30:37] UPDATING PRODUCTS (JobID: edba0648-b4f2-493e-9283-35e49648ccbf)
 - New and modified: 0

[26/Jul/2023:17:30:40] UPDATING PREPAGATI (JobID: 175478bb-043b-4c5a-941e-307ba39bdced)
 - New and modified: 0

[26/Jul/2023:17:30:40] DELETING PREPAGATI (JobID: 175478bb-043b-4c5a-941e-307ba39bdced)
 - Deleted: 0

[26/Jul/2023:18:00:12] UPDATING ACCOUNTS (JobID: 4eeb8e07-b94b-4861-855b-f8366ff5dce8)
 - New and modified: 0

[26/Jul/2023:18:00:12] DELETING ACCOUNTS (JobID: 4eeb8e07-b94b-4861-855b-f8366ff5dce8)
 - Deleted: 0

[26/Jul/2023:18:00:52] UPDATING PRODUCTS (JobID: 8f29691b-b858-4d99-8fac-b2b19f39c3e4)
 - New and modified: 0

[26/Jul/2023:18:00:55] UPDATING PREPAGATI (JobID: 9d6a2829-ecda-4b2b-be26-bd113c8992c5)
 - New and modified: 0

[26/Jul/2023:18:00:55] DELETING PREPAGATI (JobID: 9d6a2829-ecda-4b2b-be26-bd113c8992c5)
 - Deleted: 0

[26/Jul/2023:19:00:21] UPDATING ACCOUNTS (JobID: cdac0324-b046-474d-82ae-e3f21ab36e16)
 - New and modified: 0

[26/Jul/2023:19:00:21] DELETING ACCOUNTS (JobID: cdac0324-b046-474d-82ae-e3f21ab36e16)
 - Deleted: 0

[26/Jul/2023:19:00:50] UPDATING PRODUCTS (JobID: 982b58b6-d685-46ee-8a45-3c71c165d6d7)
 - New and modified: 0

[26/Jul/2023:19:00:53] UPDATING PREPAGATI (JobID: 0e7d7388-419e-418f-b24e-13725e2a6407)
 - New and modified: 0

[26/Jul/2023:19:00:53] DELETING PREPAGATI (JobID: 0e7d7388-419e-418f-b24e-13725e2a6407)
 - Deleted: 0

[26/Jul/2023:20:00:07] UPDATING ACCOUNTS (JobID: a076f1d8-f5d3-4d88-b0d1-c9ff5641e502)
 - New and modified: 0

[26/Jul/2023:20:00:07] DELETING ACCOUNTS (JobID: a076f1d8-f5d3-4d88-b0d1-c9ff5641e502)
 - Deleted: 0

[26/Jul/2023:20:00:40] UPDATING PRODUCTS (JobID: b16021e1-06e0-4a5b-b718-2161775c9a35)
 - New and modified: 0

[26/Jul/2023:20:00:43] UPDATING PREPAGATI (JobID: 17094f8d-1db0-435a-81e5-299e4bc29afc)
 - New and modified: 0

[26/Jul/2023:20:00:43] DELETING PREPAGATI (JobID: 17094f8d-1db0-435a-81e5-299e4bc29afc)
 - Deleted: 0

[26/Jul/2023:21:00:07] UPDATING ACCOUNTS (JobID: e0cf693e-f8b4-4b37-a35c-615170975f43)
 - New and modified: 0

[26/Jul/2023:21:00:07] DELETING ACCOUNTS (JobID: e0cf693e-f8b4-4b37-a35c-615170975f43)
 - Deleted: 0

[26/Jul/2023:21:00:38] UPDATING PRODUCTS (JobID: e4c458e1-eb35-4672-933c-d54b6536eef9)
 - New and modified: 0

[26/Jul/2023:21:00:40] UPDATING PREPAGATI (JobID: 69df8ca9-77d9-42d1-89af-748983334dcc)
 - New and modified: 0

[26/Jul/2023:21:00:40] DELETING PREPAGATI (JobID: 69df8ca9-77d9-42d1-89af-748983334dcc)
 - Deleted: 0

[26/Jul/2023:21:30:05] UPDATING ACCOUNTS (JobID: b6a19afe-7090-4fca-a11f-1d7a0fa9044b)
 - New and modified: 0

[26/Jul/2023:21:30:05] DELETING ACCOUNTS (JobID: b6a19afe-7090-4fca-a11f-1d7a0fa9044b)
 - Deleted: 0

[26/Jul/2023:21:30:38] UPDATING PRODUCTS (JobID: 6ee3c29a-1664-4214-a2d4-6a708ea51f89)
 - New and modified: 0

[26/Jul/2023:21:30:40] UPDATING PREPAGATI (JobID: 0dab2b6f-928a-4729-8914-9cb27988ab72)
 - New and modified: 0

[26/Jul/2023:21:30:40] DELETING PREPAGATI (JobID: 0dab2b6f-928a-4729-8914-9cb27988ab72)
 - Deleted: 0

[26/Jul/2023:23:00:07] UPDATING ACCOUNTS (JobID: 11dbbd07-a99e-43f9-be2c-9aae572f6eba)
 - New and modified: 0

[26/Jul/2023:23:00:07] DELETING ACCOUNTS (JobID: 11dbbd07-a99e-43f9-be2c-9aae572f6eba)
 - Deleted: 0

[26/Jul/2023:23:00:39] UPDATING PRODUCTS (JobID: ef28042c-7af3-4b39-8531-da5a740cfba4)
 - New and modified: 0

[26/Jul/2023:23:00:42] UPDATING PREPAGATI (JobID: 6724a805-9703-4932-b333-7acc9920f928)
 - New and modified: 0

[26/Jul/2023:23:00:42] DELETING PREPAGATI (JobID: 6724a805-9703-4932-b333-7acc9920f928)
 - Deleted: 0

[26/Jul/2023:23:30:04] UPDATING ACCOUNTS (JobID: 97e15024-f992-4cf5-85e6-d27ee7d878dd)
 - New and modified: 0

[26/Jul/2023:23:30:04] DELETING ACCOUNTS (JobID: 97e15024-f992-4cf5-85e6-d27ee7d878dd)
 - Deleted: 0

[26/Jul/2023:23:30:35] UPDATING PRODUCTS (JobID: b9c377f8-eb56-433a-bfe3-29f858d43077)
 - New and modified: 0

[26/Jul/2023:23:30:37] UPDATING PREPAGATI (JobID: 0ea666a8-d968-422f-9a91-d3bf34e51c07)
 - New and modified: 0

[26/Jul/2023:23:30:37] DELETING PREPAGATI (JobID: 0ea666a8-d968-422f-9a91-d3bf34e51c07)
 - Deleted: 0

