[21/Apr/2023:00:00:04] UPDATING ACCOUNTS (JobID: 7b22b1bd-6007-4e22-ae15-35b2614f1fef)
 - New and modified: 0

[21/Apr/2023:00:00:04] DELETING ACCOUNTS (JobID: 7b22b1bd-6007-4e22-ae15-35b2614f1fef)
 - Deleted: 0

[21/Apr/2023:00:00:41] UPDATING PRODUCTS (JobID: cdd80ee6-f583-42f1-804a-261dce23872c)
 - New and modified: 0

[21/Apr/2023:00:00:43] UPDATING PREPAGATI (JobID: 246a7c73-adfa-44aa-982f-098fc780c265)
 - New and modified: 0

[21/Apr/2023:00:00:43] DELETING PREPAGATI (JobID: 246a7c73-adfa-44aa-982f-098fc780c265)
 - Deleted: 0

[21/Apr/2023:00:30:04] UPDATING ACCOUNTS (JobID: 004654e9-c0a7-44bf-a752-6335717012da)
 - New and modified: 0

[21/Apr/2023:00:30:04] DELETING ACCOUNTS (JobID: 004654e9-c0a7-44bf-a752-6335717012da)
 - Deleted: 0

[21/Apr/2023:00:30:38] UPDATING PRODUCTS (JobID: d439db4e-75b7-474d-a8c3-863289430497)
 - New and modified: 0

[21/Apr/2023:00:30:41] UPDATING PREPAGATI (JobID: 0fcef9fe-d090-425f-9e8b-571fbcd55e9b)
 - New and modified: 0

[21/Apr/2023:00:30:41] DELETING PREPAGATI (JobID: 0fcef9fe-d090-425f-9e8b-571fbcd55e9b)
 - Deleted: 0

[21/Apr/2023:00:40:03] UPDATING ACCOUNTS (JobID: b636501d-3b98-4d7b-9e28-ed66425df601)
 - New and modified: 0

[21/Apr/2023:00:40:03] DELETING ACCOUNTS (JobID: b636501d-3b98-4d7b-9e28-ed66425df601)
 - Deleted: 0

[21/Apr/2023:00:40:37] UPDATING PRODUCTS (JobID: abd6e454-9639-4b70-9fae-f7460fbfaf84)
 - New and modified: 0

[21/Apr/2023:00:40:38] UPDATING PREPAGATI (JobID: 29422587-1b36-4663-a7f6-fcd29e01a161)
 - New and modified: 0

[21/Apr/2023:00:40:38] DELETING PREPAGATI (JobID: 29422587-1b36-4663-a7f6-fcd29e01a161)
 - Deleted: 0

[21/Apr/2023:00:50:03] UPDATING ACCOUNTS (JobID: a0bffff7-18c9-492f-bf79-4162481c2e30)
 - New and modified: 0

[21/Apr/2023:00:50:03] DELETING ACCOUNTS (JobID: a0bffff7-18c9-492f-bf79-4162481c2e30)
 - Deleted: 0

[21/Apr/2023:00:50:35] UPDATING PRODUCTS (JobID: 80fe7113-fef1-490d-b17c-eb66bfee0c89)
 - New and modified: 0

[21/Apr/2023:00:50:36] UPDATING PREPAGATI (JobID: 07b52f5a-174a-43ce-ab3d-f8b05199c88c)
 - New and modified: 0

[21/Apr/2023:00:50:36] DELETING PREPAGATI (JobID: 07b52f5a-174a-43ce-ab3d-f8b05199c88c)
 - Deleted: 0

[21/Apr/2023:01:00:06] UPDATING ACCOUNTS (JobID: 2c651a80-f4fa-4011-a634-f9bbe63d6111)
 - New and modified: 0

[21/Apr/2023:01:00:06] DELETING ACCOUNTS (JobID: 2c651a80-f4fa-4011-a634-f9bbe63d6111)
 - Deleted: 0

[21/Apr/2023:01:00:47] UPDATING PRODUCTS (JobID: 9eccaf89-f410-4381-84e1-a85bbb7f008c)
 - New and modified: 0

[21/Apr/2023:01:00:51] UPDATING PREPAGATI (JobID: c10af352-4686-456e-8354-e59edb283f2b)
 - New and modified: 0

[21/Apr/2023:01:00:51] DELETING PREPAGATI (JobID: c10af352-4686-456e-8354-e59edb283f2b)
 - Deleted: 0

[21/Apr/2023:01:10:05] UPDATING ACCOUNTS (JobID: 5a1773dd-b881-4991-b330-0257285ff052)
 - New and modified: 0

[21/Apr/2023:01:10:05] DELETING ACCOUNTS (JobID: 5a1773dd-b881-4991-b330-0257285ff052)
 - Deleted: 0

[21/Apr/2023:01:11:19] UPDATING PRODUCTS (JobID: 60f42246-afc7-4bd0-bc20-49e03def98ed)
 - New and modified: 0

[21/Apr/2023:01:11:21] UPDATING PREPAGATI (JobID: e4b82757-e86f-42dd-80c4-18f8041b6340)
 - New and modified: 0

[21/Apr/2023:01:11:21] DELETING PREPAGATI (JobID: e4b82757-e86f-42dd-80c4-18f8041b6340)
 - Deleted: 0

[21/Apr/2023:01:20:05] UPDATING ACCOUNTS (JobID: 430410b2-b29b-4300-a1ee-c60900f2cc57)
 - New and modified: 0

[21/Apr/2023:01:20:05] DELETING ACCOUNTS (JobID: 430410b2-b29b-4300-a1ee-c60900f2cc57)
 - Deleted: 0

[21/Apr/2023:01:20:52] UPDATING PRODUCTS (JobID: 14a9b95e-efac-4145-9b9b-d1c57c4afa94)
 - New and modified: 0

[21/Apr/2023:01:20:57] UPDATING PREPAGATI (JobID: fb5698d5-5643-4100-861c-38e399505ac2)
 - New and modified: 0

[21/Apr/2023:01:20:57] DELETING PREPAGATI (JobID: fb5698d5-5643-4100-861c-38e399505ac2)
 - Deleted: 0

[21/Apr/2023:01:40:04] UPDATING ACCOUNTS (JobID: 41098080-20a0-4d5e-9ebe-949dc8b10308)
 - New and modified: 0

[21/Apr/2023:01:40:04] DELETING ACCOUNTS (JobID: 41098080-20a0-4d5e-9ebe-949dc8b10308)
 - Deleted: 0

[21/Apr/2023:01:40:41] UPDATING PRODUCTS (JobID: 163ce189-0206-4f38-8da3-c05d419146c1)
 - New and modified: 0

[21/Apr/2023:01:40:43] UPDATING PREPAGATI (JobID: 43941ec7-0cfe-400d-bc98-e51c13090b4b)
 - New and modified: 0

[21/Apr/2023:01:40:43] DELETING PREPAGATI (JobID: 43941ec7-0cfe-400d-bc98-e51c13090b4b)
 - Deleted: 0

[21/Apr/2023:01:50:04] UPDATING ACCOUNTS (JobID: f8745a48-aaa9-4f01-94e1-3702b6c0685e)
 - New and modified: 0

[21/Apr/2023:01:50:04] DELETING ACCOUNTS (JobID: f8745a48-aaa9-4f01-94e1-3702b6c0685e)
 - Deleted: 0

[21/Apr/2023:01:50:42] UPDATING PRODUCTS (JobID: 1f3c1442-9f2d-4545-bcb3-471b9c41a170)
 - New and modified: 0

[21/Apr/2023:01:50:44] UPDATING PREPAGATI (JobID: 11dae56b-75b1-4f37-a986-6e83b2980571)
 - New and modified: 0

[21/Apr/2023:01:50:44] DELETING PREPAGATI (JobID: 11dae56b-75b1-4f37-a986-6e83b2980571)
 - Deleted: 0

[21/Apr/2023:02:00:05] UPDATING ACCOUNTS (JobID: b9ee9e16-01b5-46b2-848d-c7c8c2897c35)
 - New and modified: 0

[21/Apr/2023:02:00:05] DELETING ACCOUNTS (JobID: b9ee9e16-01b5-46b2-848d-c7c8c2897c35)
 - Deleted: 0

[21/Apr/2023:02:00:45] UPDATING PRODUCTS (JobID: 85053297-039a-4f19-ad4f-2ecc776a4614)
 - New and modified: 0

[21/Apr/2023:02:00:47] UPDATING PREPAGATI (JobID: 50689877-2d29-460d-b34c-b6f79eb30941)
 - New and modified: 0

[21/Apr/2023:02:00:47] DELETING PREPAGATI (JobID: 50689877-2d29-460d-b34c-b6f79eb30941)
 - Deleted: 0

[21/Apr/2023:02:20:04] UPDATING ACCOUNTS (JobID: 1b168400-5abd-4173-900e-a758cdcacee2)
 - New and modified: 0

[21/Apr/2023:02:20:04] DELETING ACCOUNTS (JobID: 1b168400-5abd-4173-900e-a758cdcacee2)
 - Deleted: 0

[21/Apr/2023:02:20:40] UPDATING PRODUCTS (JobID: 6b3d24dc-d11c-4750-b14b-5b0b0effebed)
 - New and modified: 0

[21/Apr/2023:02:20:42] UPDATING PREPAGATI (JobID: 176e67db-b984-4668-a28b-9ce776d7905f)
 - New and modified: 0

[21/Apr/2023:02:20:42] DELETING PREPAGATI (JobID: 176e67db-b984-4668-a28b-9ce776d7905f)
 - Deleted: 0

[21/Apr/2023:02:30:04] UPDATING ACCOUNTS (JobID: 5abf2fdc-de87-44a5-b9ac-e340e9ac7c9d)
 - New and modified: 0

[21/Apr/2023:02:30:04] DELETING ACCOUNTS (JobID: 5abf2fdc-de87-44a5-b9ac-e340e9ac7c9d)
 - Deleted: 0

[21/Apr/2023:02:30:42] UPDATING PRODUCTS (JobID: a58025de-5331-4082-bdaf-c0f5703ffad3)
 - New and modified: 0

[21/Apr/2023:02:30:44] UPDATING PREPAGATI (JobID: 51b4b717-4da5-47ff-aece-ecd75c171d1a)
 - New and modified: 0

[21/Apr/2023:02:30:44] DELETING PREPAGATI (JobID: 51b4b717-4da5-47ff-aece-ecd75c171d1a)
 - Deleted: 0

[21/Apr/2023:02:40:04] UPDATING ACCOUNTS (JobID: dde974d5-d978-4e84-9ee8-13902f20c946)
 - New and modified: 0

[21/Apr/2023:02:40:04] DELETING ACCOUNTS (JobID: dde974d5-d978-4e84-9ee8-13902f20c946)
 - Deleted: 0

[21/Apr/2023:02:40:42] UPDATING PRODUCTS (JobID: 1875b765-59c5-49ad-9bba-2c9aed72ba46)
 - New and modified: 0

[21/Apr/2023:02:40:44] UPDATING PREPAGATI (JobID: 90a99899-e8fe-46d2-a040-fa744437b1ad)
 - New and modified: 0

[21/Apr/2023:02:40:44] DELETING PREPAGATI (JobID: 90a99899-e8fe-46d2-a040-fa744437b1ad)
 - Deleted: 0

[21/Apr/2023:03:00:04] UPDATING ACCOUNTS (JobID: 4336e21a-09b3-4119-93dc-cbb60da29b21)
 - New and modified: 0

[21/Apr/2023:03:00:04] DELETING ACCOUNTS (JobID: 4336e21a-09b3-4119-93dc-cbb60da29b21)
 - Deleted: 0

[21/Apr/2023:03:00:40] UPDATING PRODUCTS (JobID: a10c068a-a484-41b7-a748-592a21ac3374)
 - New and modified: 0

[21/Apr/2023:03:00:42] UPDATING PREPAGATI (JobID: ac355c11-0d47-428e-b1c7-55b8cdf2ab8c)
 - New and modified: 0

[21/Apr/2023:03:00:42] DELETING PREPAGATI (JobID: ac355c11-0d47-428e-b1c7-55b8cdf2ab8c)
 - Deleted: 0

[21/Apr/2023:03:20:04] UPDATING ACCOUNTS (JobID: 57160b09-adf6-41f5-9977-83a76fccaa3e)
 - New and modified: 0

[21/Apr/2023:03:20:04] DELETING ACCOUNTS (JobID: 57160b09-adf6-41f5-9977-83a76fccaa3e)
 - Deleted: 0

[21/Apr/2023:03:20:40] UPDATING PRODUCTS (JobID: f5e70f24-6055-416b-bb78-2e7d40ad3603)
 - New and modified: 0

[21/Apr/2023:03:20:42] UPDATING PREPAGATI (JobID: 2936e1af-23d5-42ad-b103-fcfb51bcae9e)
 - New and modified: 0

[21/Apr/2023:03:20:42] DELETING PREPAGATI (JobID: 2936e1af-23d5-42ad-b103-fcfb51bcae9e)
 - Deleted: 0

[21/Apr/2023:03:30:04] UPDATING ACCOUNTS (JobID: f4e75789-153d-45cb-a0ec-bc0a18bed2e8)
 - New and modified: 0

[21/Apr/2023:03:30:04] DELETING ACCOUNTS (JobID: f4e75789-153d-45cb-a0ec-bc0a18bed2e8)
 - Deleted: 0

[21/Apr/2023:03:30:43] UPDATING PRODUCTS (JobID: 7f0b5696-c7f6-4187-851a-efc451258bee)
 - New and modified: 0

[21/Apr/2023:03:30:44] UPDATING PREPAGATI (JobID: bd2df4f1-5678-487f-bfc4-e538e79c98c7)
 - New and modified: 0

[21/Apr/2023:03:30:44] DELETING PREPAGATI (JobID: bd2df4f1-5678-487f-bfc4-e538e79c98c7)
 - Deleted: 0

[21/Apr/2023:04:00:04] UPDATING ACCOUNTS (JobID: 3aa04fcb-5b3a-4a89-941d-3fc39061021c)
 - New and modified: 0

[21/Apr/2023:04:00:04] DELETING ACCOUNTS (JobID: 3aa04fcb-5b3a-4a89-941d-3fc39061021c)
 - Deleted: 0

[21/Apr/2023:04:00:41] UPDATING PRODUCTS (JobID: 264d3721-a8b0-498b-9a29-3579394504a3)
 - New and modified: 0

[21/Apr/2023:04:00:44] UPDATING PREPAGATI (JobID: 2ea77c45-279d-4c63-abc3-883a07a297f0)
 - New and modified: 0

[21/Apr/2023:04:00:44] DELETING PREPAGATI (JobID: 2ea77c45-279d-4c63-abc3-883a07a297f0)
 - Deleted: 0

[21/Apr/2023:04:20:04] UPDATING ACCOUNTS (JobID: 8df88f5a-dd7a-4623-aaa1-e0213b328720)
 - New and modified: 0

[21/Apr/2023:04:20:04] DELETING ACCOUNTS (JobID: 8df88f5a-dd7a-4623-aaa1-e0213b328720)
 - Deleted: 0

[21/Apr/2023:04:20:39] UPDATING PRODUCTS (JobID: b67d7287-2a05-4ee1-80fb-da80066d2b77)
 - New and modified: 0

[21/Apr/2023:04:20:40] UPDATING PREPAGATI (JobID: 5606ab54-c168-4fba-8f99-f4bb463088ec)
 - New and modified: 0

[21/Apr/2023:04:20:40] DELETING PREPAGATI (JobID: 5606ab54-c168-4fba-8f99-f4bb463088ec)
 - Deleted: 0

[21/Apr/2023:04:40:04] UPDATING ACCOUNTS (JobID: 64201191-5c49-4e97-9606-c6573c07e4da)
 - New and modified: 0

[21/Apr/2023:04:40:04] DELETING ACCOUNTS (JobID: 64201191-5c49-4e97-9606-c6573c07e4da)
 - Deleted: 0

[21/Apr/2023:04:40:40] UPDATING PRODUCTS (JobID: 84959ff3-6522-430d-9fb0-dcb307a25bb9)
 - New and modified: 0

[21/Apr/2023:04:40:41] UPDATING PREPAGATI (JobID: b24ce03a-a851-484f-b4da-e57389b88b55)
 - New and modified: 0

[21/Apr/2023:04:40:41] DELETING PREPAGATI (JobID: b24ce03a-a851-484f-b4da-e57389b88b55)
 - Deleted: 0

[21/Apr/2023:04:50:04] UPDATING ACCOUNTS (JobID: 5bdeb380-6556-4502-a35a-3c4e81407937)
 - New and modified: 0

[21/Apr/2023:04:50:04] DELETING ACCOUNTS (JobID: 5bdeb380-6556-4502-a35a-3c4e81407937)
 - Deleted: 0

[21/Apr/2023:04:50:40] UPDATING PRODUCTS (JobID: 5c4201eb-dc0a-4e0a-abb8-c2ee1ac19af8)
 - New and modified: 0

[21/Apr/2023:04:50:42] UPDATING PREPAGATI (JobID: 214dcd89-047d-4706-adad-b0b04189ef7d)
 - New and modified: 0

[21/Apr/2023:04:50:42] DELETING PREPAGATI (JobID: 214dcd89-047d-4706-adad-b0b04189ef7d)
 - Deleted: 0

[21/Apr/2023:05:00:04] UPDATING ACCOUNTS (JobID: 05606e53-298a-4128-8fd8-d82cf2d99e1e)
 - New and modified: 0

[21/Apr/2023:05:00:04] DELETING ACCOUNTS (JobID: 05606e53-298a-4128-8fd8-d82cf2d99e1e)
 - Deleted: 0

[21/Apr/2023:05:00:41] UPDATING PRODUCTS (JobID: 7b3a90c1-3826-4f83-ae0b-4240dd0c2b85)
 - New and modified: 0

[21/Apr/2023:05:00:43] UPDATING PREPAGATI (JobID: 26add3c3-4ec0-4c17-82f4-a7607b9e86a6)
 - New and modified: 0

[21/Apr/2023:05:00:43] DELETING PREPAGATI (JobID: 26add3c3-4ec0-4c17-82f4-a7607b9e86a6)
 - Deleted: 0

[21/Apr/2023:05:10:04] UPDATING ACCOUNTS (JobID: 63f919ae-cc10-4db2-a29b-9d926e0779b2)
 - New and modified: 0

[21/Apr/2023:05:10:04] DELETING ACCOUNTS (JobID: 63f919ae-cc10-4db2-a29b-9d926e0779b2)
 - Deleted: 0

[21/Apr/2023:05:10:40] UPDATING PRODUCTS (JobID: 16c9dc0a-c946-40f2-b1c5-3193a69aa3b3)
 - New and modified: 0

[21/Apr/2023:05:10:42] UPDATING PREPAGATI (JobID: c6c14f10-3070-4a65-a495-5f979c2c2aec)
 - New and modified: 0

[21/Apr/2023:05:10:42] DELETING PREPAGATI (JobID: c6c14f10-3070-4a65-a495-5f979c2c2aec)
 - Deleted: 0

[21/Apr/2023:05:40:04] UPDATING ACCOUNTS (JobID: f156da79-8cf7-4c20-b1ee-964087f39483)
 - New and modified: 0

[21/Apr/2023:05:40:04] DELETING ACCOUNTS (JobID: f156da79-8cf7-4c20-b1ee-964087f39483)
 - Deleted: 0

[21/Apr/2023:05:40:41] UPDATING PRODUCTS (JobID: 1f7a0547-b820-4144-95c2-a4bf08bfe295)
 - New and modified: 0

[21/Apr/2023:05:40:43] UPDATING PREPAGATI (JobID: 1eda79da-b664-4040-90fb-d1f17269d90a)
 - New and modified: 0

[21/Apr/2023:05:40:43] DELETING PREPAGATI (JobID: 1eda79da-b664-4040-90fb-d1f17269d90a)
 - Deleted: 0

[21/Apr/2023:05:50:04] UPDATING ACCOUNTS (JobID: 9509a64e-ce17-4862-a8eb-5be971d4fcc3)
 - New and modified: 0

[21/Apr/2023:05:50:04] DELETING ACCOUNTS (JobID: 9509a64e-ce17-4862-a8eb-5be971d4fcc3)
 - Deleted: 0

[21/Apr/2023:05:50:40] UPDATING PRODUCTS (JobID: d5e10d79-f4d5-409a-b5fe-da0514054086)
 - New and modified: 0

[21/Apr/2023:05:50:42] UPDATING PREPAGATI (JobID: f1ce119d-e0d6-42e8-877e-659f547b31d4)
 - New and modified: 0

[21/Apr/2023:05:50:42] DELETING PREPAGATI (JobID: f1ce119d-e0d6-42e8-877e-659f547b31d4)
 - Deleted: 0

[21/Apr/2023:06:40:04] UPDATING ACCOUNTS (JobID: 31d690f7-3779-43d0-9f48-f649331fdaa0)
 - New and modified: 0

[21/Apr/2023:06:40:04] DELETING ACCOUNTS (JobID: 31d690f7-3779-43d0-9f48-f649331fdaa0)
 - Deleted: 0

[21/Apr/2023:06:40:40] UPDATING PRODUCTS (JobID: 60c7a598-eada-4b8f-a45c-bad6e2cab46a)
 - New and modified: 0

[21/Apr/2023:06:40:41] UPDATING PREPAGATI (JobID: 4d70c1c4-aaf9-4dde-89af-8fee48d03d9b)
 - New and modified: 0

[21/Apr/2023:06:40:41] DELETING PREPAGATI (JobID: 4d70c1c4-aaf9-4dde-89af-8fee48d03d9b)
 - Deleted: 0

[21/Apr/2023:07:00:17] UPDATING ACCOUNTS (JobID: 7772181e-fd62-443d-9058-7cca38688d10)
 - New and modified: 0

[21/Apr/2023:07:00:17] DELETING ACCOUNTS (JobID: 7772181e-fd62-443d-9058-7cca38688d10)
 - Deleted: 0

[21/Apr/2023:07:00:58] UPDATING PRODUCTS (JobID: 0254d9b4-f9fd-42a9-975a-96d1a547ea0b)
 - New and modified: 0

[21/Apr/2023:07:01:03] UPDATING PREPAGATI (JobID: 4f86effe-6529-47a0-b4c7-cec8a4f5b074)
 - New and modified: 0

[21/Apr/2023:07:01:03] DELETING PREPAGATI (JobID: 4f86effe-6529-47a0-b4c7-cec8a4f5b074)
 - Deleted: 0

[21/Apr/2023:07:20:04] UPDATING ACCOUNTS (JobID: 904904f5-d2c4-4794-848f-ed5cb42ee11a)
 - New and modified: 0

[21/Apr/2023:07:20:04] DELETING ACCOUNTS (JobID: 904904f5-d2c4-4794-848f-ed5cb42ee11a)
 - Deleted: 0

[21/Apr/2023:07:20:40] UPDATING PRODUCTS (JobID: e0ee3299-56c6-48ec-a8dc-defd91101401)
 - New and modified: 0

[21/Apr/2023:07:20:42] UPDATING PREPAGATI (JobID: 383b4dad-a49e-44b2-9ddb-01406e47bf4f)
 - New and modified: 0

[21/Apr/2023:07:20:42] DELETING PREPAGATI (JobID: 383b4dad-a49e-44b2-9ddb-01406e47bf4f)
 - Deleted: 0

[21/Apr/2023:07:30:04] UPDATING ACCOUNTS (JobID: 8af2a97d-dd0d-4e75-981b-70266a895035)
 - New and modified: 0

[21/Apr/2023:07:30:04] DELETING ACCOUNTS (JobID: 8af2a97d-dd0d-4e75-981b-70266a895035)
 - Deleted: 0

[21/Apr/2023:07:30:41] UPDATING PRODUCTS (JobID: 1aa5ea13-7c83-47c8-9e82-395121f72b7f)
 - New and modified: 0

[21/Apr/2023:07:30:43] UPDATING PREPAGATI (JobID: a94bded1-a3b1-45ca-bd8a-75b8a4e5bab5)
 - New and modified: 0

[21/Apr/2023:07:30:43] DELETING PREPAGATI (JobID: a94bded1-a3b1-45ca-bd8a-75b8a4e5bab5)
 - Deleted: 0

[21/Apr/2023:07:40:04] UPDATING ACCOUNTS (JobID: 587fa5fb-0e80-437b-bbd3-4f3b54965dac)
 - New and modified: 0

[21/Apr/2023:07:40:04] DELETING ACCOUNTS (JobID: 587fa5fb-0e80-437b-bbd3-4f3b54965dac)
 - Deleted: 0

[21/Apr/2023:07:40:39] UPDATING PRODUCTS (JobID: 2a25b1e2-8ea0-4103-982f-c9473da8fb70)
 - New and modified: 0

[21/Apr/2023:07:40:40] UPDATING PREPAGATI (JobID: 63e9814d-34ae-4294-ba92-e24a6dd59e4c)
 - New and modified: 0

[21/Apr/2023:07:40:40] DELETING PREPAGATI (JobID: 63e9814d-34ae-4294-ba92-e24a6dd59e4c)
 - Deleted: 0

[21/Apr/2023:07:50:04] UPDATING ACCOUNTS (JobID: 5f75f5ba-c291-4984-8224-a65a5cfea169)
 - New and modified: 0

[21/Apr/2023:07:50:04] DELETING ACCOUNTS (JobID: 5f75f5ba-c291-4984-8224-a65a5cfea169)
 - Deleted: 0

[21/Apr/2023:07:50:37] UPDATING PRODUCTS (JobID: 08045a6a-a3d0-421a-acfd-8a56eac9c0e2)
 - New and modified: 0

[21/Apr/2023:07:50:38] UPDATING PREPAGATI (JobID: 2630aa05-b327-4ace-baa4-e41ad296342b)
 - New and modified: 0

[21/Apr/2023:07:50:38] DELETING PREPAGATI (JobID: 2630aa05-b327-4ace-baa4-e41ad296342b)
 - Deleted: 0

[21/Apr/2023:08:40:06] UPDATING ACCOUNTS (JobID: 2e16ca3d-dcaf-4037-9a58-01bb8fe98c39)
 - New and modified: 0

[21/Apr/2023:08:40:06] DELETING ACCOUNTS (JobID: 2e16ca3d-dcaf-4037-9a58-01bb8fe98c39)
 - Deleted: 0

[21/Apr/2023:08:40:41] UPDATING PRODUCTS (JobID: 2c702602-6d54-4822-821b-734e995f0f9c)
 - New and modified: 0

[21/Apr/2023:08:40:43] UPDATING PREPAGATI (JobID: fa0fda46-6c2f-49b4-8571-8e0ce44bc9f4)
 - New and modified: 0

[21/Apr/2023:08:40:43] DELETING PREPAGATI (JobID: fa0fda46-6c2f-49b4-8571-8e0ce44bc9f4)
 - Deleted: 0

[21/Apr/2023:09:00:05] UPDATING ACCOUNTS (JobID: 9e39c106-6e27-46d9-ada4-f3e0b3a79b5d)
 - New and modified: 0

[21/Apr/2023:09:00:05] DELETING ACCOUNTS (JobID: 9e39c106-6e27-46d9-ada4-f3e0b3a79b5d)
 - Deleted: 0

[21/Apr/2023:09:01:02] UPDATING PRODUCTS (JobID: dd930555-8fb3-4224-8854-15fd7be3a20b)
 - New and modified: 0

[21/Apr/2023:09:01:10] UPDATING PREPAGATI (JobID: b0282e65-55c5-48f3-84d3-e0b2640c8a88)
 - New and modified: 0

[21/Apr/2023:09:01:10] DELETING PREPAGATI (JobID: b0282e65-55c5-48f3-84d3-e0b2640c8a88)
 - Deleted: 0

[21/Apr/2023:10:30:04] UPDATING ACCOUNTS (JobID: 4c614248-aa35-4b29-83dd-e4714186268e)
 - New and modified: 0

[21/Apr/2023:10:30:04] DELETING ACCOUNTS (JobID: 4c614248-aa35-4b29-83dd-e4714186268e)
 - Deleted: 0

[21/Apr/2023:10:30:43] UPDATING PRODUCTS (JobID: 5e02d0ab-abcf-4f6f-b5ec-39a31ee4a38f)
 - New and modified: 0

[21/Apr/2023:10:30:45] UPDATING PREPAGATI (JobID: 3a5eee8d-2634-4966-91d6-570d0625ab09)
 - New and modified: 0

[21/Apr/2023:10:30:45] DELETING PREPAGATI (JobID: 3a5eee8d-2634-4966-91d6-570d0625ab09)
 - Deleted: 0

[21/Apr/2023:10:50:04] UPDATING ACCOUNTS (JobID: 400647c9-41e4-4109-84bb-dc6f3e22fdb1)
 - New and modified: 0

[21/Apr/2023:10:50:04] DELETING ACCOUNTS (JobID: 400647c9-41e4-4109-84bb-dc6f3e22fdb1)
 - Deleted: 0

[21/Apr/2023:10:50:41] UPDATING PRODUCTS (JobID: 57e7909d-c897-42db-b2db-d564bda4b8bc)
 - New and modified: 0

[21/Apr/2023:10:50:43] UPDATING PREPAGATI (JobID: a1b85f7d-9581-4da0-a181-bb49fc10c808)
 - New and modified: 0

[21/Apr/2023:10:50:43] DELETING PREPAGATI (JobID: a1b85f7d-9581-4da0-a181-bb49fc10c808)
 - Deleted: 0

[21/Apr/2023:11:40:04] UPDATING ACCOUNTS (JobID: 292525f1-f9ba-4155-83f5-89eb31af787d)
 - New and modified: 0

[21/Apr/2023:11:40:04] DELETING ACCOUNTS (JobID: 292525f1-f9ba-4155-83f5-89eb31af787d)
 - Deleted: 0

[21/Apr/2023:11:40:41] UPDATING PRODUCTS (JobID: 5c73ab26-4717-4905-bec2-14ef28a65954)
 - New and modified: 0

[21/Apr/2023:11:40:43] UPDATING PREPAGATI (JobID: 17ff120b-bc0c-4d49-b810-de9ef615213f)
 - New and modified: 0

[21/Apr/2023:11:40:43] DELETING PREPAGATI (JobID: 17ff120b-bc0c-4d49-b810-de9ef615213f)
 - Deleted: 0

[21/Apr/2023:12:10:05] UPDATING ACCOUNTS (JobID: 1aaab047-17dc-467d-a0b2-0ffa346b153a)
 - New and modified: 0

[21/Apr/2023:12:10:05] DELETING ACCOUNTS (JobID: 1aaab047-17dc-467d-a0b2-0ffa346b153a)
 - Deleted: 0

[21/Apr/2023:12:10:44] UPDATING PRODUCTS (JobID: 3a761a9a-dede-4207-9ae2-7103be80dab1)
 - New and modified: 0

[21/Apr/2023:12:10:49] UPDATING PREPAGATI (JobID: 3418caeb-2b60-470b-84f2-26aef7334c45)
 - New and modified: 0

[21/Apr/2023:12:10:49] DELETING PREPAGATI (JobID: 3418caeb-2b60-470b-84f2-26aef7334c45)
 - Deleted: 0

[21/Apr/2023:12:40:06] UPDATING ACCOUNTS (JobID: 32a202eb-db64-4987-ac42-493e9d85b7fe)
 - New and modified: 0

[21/Apr/2023:12:40:06] DELETING ACCOUNTS (JobID: 32a202eb-db64-4987-ac42-493e9d85b7fe)
 - Deleted: 0

[21/Apr/2023:12:40:44] UPDATING PRODUCTS (JobID: 2b37e23c-8c37-4a51-a0cd-12ad47ffee9a)
 - New and modified: 0

[21/Apr/2023:12:40:46] UPDATING PREPAGATI (JobID: bc4fd165-a4f8-439d-8096-7ae3fdf8e168)
 - New and modified: 0

[21/Apr/2023:12:40:46] DELETING PREPAGATI (JobID: bc4fd165-a4f8-439d-8096-7ae3fdf8e168)
 - Deleted: 0

[21/Apr/2023:13:00:04] UPDATING ACCOUNTS (JobID: c2428f4a-98f8-4f3f-8120-957f93190a34)
 - New and modified: 0

[21/Apr/2023:13:00:04] DELETING ACCOUNTS (JobID: c2428f4a-98f8-4f3f-8120-957f93190a34)
 - Deleted: 0

[21/Apr/2023:13:00:48] UPDATING PRODUCTS (JobID: b6546601-0f0f-45dd-ab80-71313d4cbe9b)
 - New and modified: 0

[21/Apr/2023:13:00:51] UPDATING PREPAGATI (JobID: 34295d57-72d6-4d40-9353-abd43bf932fb)
 - New and modified: 0

[21/Apr/2023:13:00:51] DELETING PREPAGATI (JobID: 34295d57-72d6-4d40-9353-abd43bf932fb)
 - Deleted: 0

[21/Apr/2023:13:10:04] UPDATING ACCOUNTS (JobID: caa1aeda-614a-4cb0-a9fd-675386838cbe)
 - New and modified: 0

[21/Apr/2023:13:10:04] DELETING ACCOUNTS (JobID: caa1aeda-614a-4cb0-a9fd-675386838cbe)
 - Deleted: 0

[21/Apr/2023:13:10:40] UPDATING PRODUCTS (JobID: 39f986f3-d3a7-4fd3-a588-4d63989d766a)
 - New and modified: 0

[21/Apr/2023:13:10:42] UPDATING PREPAGATI (JobID: 9745344f-4f07-44fe-891f-728c8ef05da6)
 - New and modified: 0

[21/Apr/2023:13:10:42] DELETING PREPAGATI (JobID: 9745344f-4f07-44fe-891f-728c8ef05da6)
 - Deleted: 0

[21/Apr/2023:14:10:04] UPDATING ACCOUNTS (JobID: 45170d3a-b391-4110-84bf-2a958f263152)
 - New and modified: 0

[21/Apr/2023:14:10:04] DELETING ACCOUNTS (JobID: 45170d3a-b391-4110-84bf-2a958f263152)
 - Deleted: 0

[21/Apr/2023:14:10:43] UPDATING PRODUCTS (JobID: a0bab4db-3b0f-4f47-a5b0-9ee359e492c8)
 - New and modified: 0

[21/Apr/2023:14:10:45] UPDATING PREPAGATI (JobID: f6afdce3-ebd8-418a-82c9-4fa033124b92)
 - New and modified: 0

[21/Apr/2023:14:10:45] DELETING PREPAGATI (JobID: f6afdce3-ebd8-418a-82c9-4fa033124b92)
 - Deleted: 0

[21/Apr/2023:14:50:04] UPDATING ACCOUNTS (JobID: 27436424-ab43-404b-94ea-27d5297ba2e5)
 - New and modified: 0

[21/Apr/2023:14:50:04] DELETING ACCOUNTS (JobID: 27436424-ab43-404b-94ea-27d5297ba2e5)
 - Deleted: 0

[21/Apr/2023:14:50:42] UPDATING PRODUCTS (JobID: bc79bee9-51e8-4edd-9298-cbb9b5f0f0aa)
 - New and modified: 0

[21/Apr/2023:14:50:44] UPDATING PREPAGATI (JobID: 410b5f8f-64f9-430a-9842-2314f0f87494)
 - New and modified: 0

[21/Apr/2023:14:50:44] DELETING PREPAGATI (JobID: 410b5f8f-64f9-430a-9842-2314f0f87494)
 - Deleted: 0

[21/Apr/2023:15:00:05] UPDATING ACCOUNTS (JobID: d8ae7564-8bf2-4a06-8915-750136c6b9da)
 - New and modified: 0

[21/Apr/2023:15:00:05] DELETING ACCOUNTS (JobID: d8ae7564-8bf2-4a06-8915-750136c6b9da)
 - Deleted: 0

[21/Apr/2023:15:00:50] UPDATING PRODUCTS (JobID: e295e1d0-cfba-4303-b839-ff5c71eefc88)
 - New and modified: 0

[21/Apr/2023:15:00:52] UPDATING PREPAGATI (JobID: 792b4fa3-7244-4396-80f4-64a20aed5a15)
 - New and modified: 0

[21/Apr/2023:15:00:52] DELETING PREPAGATI (JobID: 792b4fa3-7244-4396-80f4-64a20aed5a15)
 - Deleted: 0

[21/Apr/2023:15:10:04] UPDATING ACCOUNTS (JobID: 04eb9509-f6a8-4c8d-ae7e-de104f42c300)
 - New and modified: 0

[21/Apr/2023:15:10:04] DELETING ACCOUNTS (JobID: 04eb9509-f6a8-4c8d-ae7e-de104f42c300)
 - Deleted: 0

[21/Apr/2023:15:10:43] UPDATING PRODUCTS (JobID: cd358553-22c8-488f-9924-05060f974cd5)
 - New and modified: 0

[21/Apr/2023:15:10:45] UPDATING PREPAGATI (JobID: e8e84bb5-ca1d-46b3-b060-246d2ac6fb52)
 - New and modified: 0

[21/Apr/2023:15:10:45] DELETING PREPAGATI (JobID: e8e84bb5-ca1d-46b3-b060-246d2ac6fb52)
 - Deleted: 0

[21/Apr/2023:15:20:04] UPDATING ACCOUNTS (JobID: 21ff471c-7a96-47c9-886b-c57515291e48)
 - New and modified: 0

[21/Apr/2023:15:20:04] DELETING ACCOUNTS (JobID: 21ff471c-7a96-47c9-886b-c57515291e48)
 - Deleted: 0

[21/Apr/2023:15:20:42] UPDATING PRODUCTS (JobID: 1c10fcbc-bb56-4c46-9aa0-5b346e47daa8)
 - New and modified: 0

[21/Apr/2023:15:20:43] UPDATING PREPAGATI (JobID: 45d998af-96c9-4796-b92b-89f8d7d8f9aa)
 - New and modified: 0

[21/Apr/2023:15:20:43] DELETING PREPAGATI (JobID: 45d998af-96c9-4796-b92b-89f8d7d8f9aa)
 - Deleted: 0

[21/Apr/2023:15:30:06] UPDATING ACCOUNTS (JobID: 2c6d1dfa-2af8-436c-b1de-9cc2ae840de6)
 - New and modified: 0

[21/Apr/2023:15:30:06] DELETING ACCOUNTS (JobID: 2c6d1dfa-2af8-436c-b1de-9cc2ae840de6)
 - Deleted: 0

[21/Apr/2023:15:30:44] UPDATING PRODUCTS (JobID: 7816b6ca-1dc3-4276-b709-7f87b4c94064)
 - New and modified: 0

[21/Apr/2023:15:30:46] UPDATING PREPAGATI (JobID: 3ea6c0bb-1b92-4060-ae27-1f2a30e60251)
 - New and modified: 0

[21/Apr/2023:15:30:46] DELETING PREPAGATI (JobID: 3ea6c0bb-1b92-4060-ae27-1f2a30e60251)
 - Deleted: 0

[21/Apr/2023:15:40:05] UPDATING ACCOUNTS (JobID: b9c2723c-657a-4db0-ae44-512fe8833d8e)
 - New and modified: 0

[21/Apr/2023:15:40:05] DELETING ACCOUNTS (JobID: b9c2723c-657a-4db0-ae44-512fe8833d8e)
 - Deleted: 0

[21/Apr/2023:15:40:42] UPDATING PRODUCTS (JobID: 1ed62b45-b6d8-438a-a118-9ad21482aab3)
 - New and modified: 0

[21/Apr/2023:15:40:44] UPDATING PREPAGATI (JobID: d589535b-5200-4885-8c48-ea070b7657c8)
 - New and modified: 0

[21/Apr/2023:15:40:44] DELETING PREPAGATI (JobID: d589535b-5200-4885-8c48-ea070b7657c8)
 - Deleted: 0

[21/Apr/2023:15:50:04] UPDATING ACCOUNTS (JobID: 6069e842-a59f-4b15-8f9c-43d3bad5af2c)
 - New and modified: 0

[21/Apr/2023:15:50:04] DELETING ACCOUNTS (JobID: 6069e842-a59f-4b15-8f9c-43d3bad5af2c)
 - Deleted: 0

[21/Apr/2023:15:50:40] UPDATING PRODUCTS (JobID: 2e37573b-f13a-4995-901c-1cc80ae48d55)
 - New and modified: 0

[21/Apr/2023:15:50:42] UPDATING PREPAGATI (JobID: f04ab1a9-d5d4-41e5-944b-ecf01dde0a15)
 - New and modified: 0

[21/Apr/2023:15:50:42] DELETING PREPAGATI (JobID: f04ab1a9-d5d4-41e5-944b-ecf01dde0a15)
 - Deleted: 0

[21/Apr/2023:16:00:05] UPDATING ACCOUNTS (JobID: ac8b8f44-ed64-4cf0-ba96-f4dbff92382d)
 - New and modified: 0

[21/Apr/2023:16:00:05] DELETING ACCOUNTS (JobID: ac8b8f44-ed64-4cf0-ba96-f4dbff92382d)
 - Deleted: 0

[21/Apr/2023:16:01:01] UPDATING PRODUCTS (JobID: 7708d8d9-0c32-4a4e-90d6-c403f72f7b74)
 - New and modified: 0

[21/Apr/2023:16:01:05] UPDATING PREPAGATI (JobID: b83b4a4e-ea63-4727-aced-21a166fd972f)
 - New and modified: 0

[21/Apr/2023:16:01:05] DELETING PREPAGATI (JobID: b83b4a4e-ea63-4727-aced-21a166fd972f)
 - Deleted: 0

[21/Apr/2023:16:10:04] UPDATING ACCOUNTS (JobID: f0cc25b3-7c4e-49fb-98c2-7f9f1c5fd192)
 - New and modified: 0

[21/Apr/2023:16:10:04] DELETING ACCOUNTS (JobID: f0cc25b3-7c4e-49fb-98c2-7f9f1c5fd192)
 - Deleted: 0

[21/Apr/2023:16:10:44] UPDATING PRODUCTS (JobID: bf81e77e-dd1a-4268-a4ac-3f5380aeb62a)
 - New and modified: 0

[21/Apr/2023:16:10:46] UPDATING PREPAGATI (JobID: dab0fe95-5e23-4dc3-b16b-72aadf51e541)
 - New and modified: 0

[21/Apr/2023:16:10:46] DELETING PREPAGATI (JobID: dab0fe95-5e23-4dc3-b16b-72aadf51e541)
 - Deleted: 0

[21/Apr/2023:16:20:04] UPDATING ACCOUNTS (JobID: b6a18dbe-0188-401a-b712-e4ae6e8a95b8)
 - New and modified: 0

[21/Apr/2023:16:20:04] DELETING ACCOUNTS (JobID: b6a18dbe-0188-401a-b712-e4ae6e8a95b8)
 - Deleted: 0

[21/Apr/2023:16:20:39] UPDATING PRODUCTS (JobID: f3185b34-7803-4f64-8251-a9eac121f54e)
 - New and modified: 0

[21/Apr/2023:16:20:41] UPDATING PREPAGATI (JobID: 231ec5c7-20fd-4f12-930e-7d7767641f83)
 - New and modified: 0

[21/Apr/2023:16:20:41] DELETING PREPAGATI (JobID: 231ec5c7-20fd-4f12-930e-7d7767641f83)
 - Deleted: 0

[21/Apr/2023:17:00:04] UPDATING ACCOUNTS (JobID: b7e58c3d-f2cd-43ce-9e80-c8edb9a44b20)
 - New and modified: 0

[21/Apr/2023:17:00:04] DELETING ACCOUNTS (JobID: b7e58c3d-f2cd-43ce-9e80-c8edb9a44b20)
 - Deleted: 0

[21/Apr/2023:17:00:46] UPDATING PRODUCTS (JobID: 627537eb-f0d5-4974-b1b5-9b20feb87355)
 - New and modified: 0

[21/Apr/2023:17:00:49] UPDATING PREPAGATI (JobID: 3ca5e940-ce0c-4460-a781-4b04cb4b00c0)
 - New and modified: 0

[21/Apr/2023:17:00:49] DELETING PREPAGATI (JobID: 3ca5e940-ce0c-4460-a781-4b04cb4b00c0)
 - Deleted: 0

[21/Apr/2023:17:50:04] UPDATING ACCOUNTS (JobID: be27cf4f-46fc-497b-99c2-ba60171ccd7b)
 - New and modified: 0

[21/Apr/2023:17:50:04] DELETING ACCOUNTS (JobID: be27cf4f-46fc-497b-99c2-ba60171ccd7b)
 - Deleted: 0

[21/Apr/2023:17:50:40] UPDATING PRODUCTS (JobID: 495045d4-f2fd-4f7a-b4b1-a17ee1a8c84d)
 - New and modified: 0

[21/Apr/2023:17:50:42] UPDATING PREPAGATI (JobID: e9c0c193-b66b-4035-9a96-07d302fc5522)
 - New and modified: 0

[21/Apr/2023:17:50:42] DELETING PREPAGATI (JobID: e9c0c193-b66b-4035-9a96-07d302fc5522)
 - Deleted: 0

[21/Apr/2023:18:00:29] UPDATING ACCOUNTS (JobID: 662eb79f-9f5c-4882-a750-c0db398973c9)
 - New and modified: 0

[21/Apr/2023:18:00:29] DELETING ACCOUNTS (JobID: 662eb79f-9f5c-4882-a750-c0db398973c9)
 - Deleted: 0

[21/Apr/2023:18:01:13] UPDATING PRODUCTS (JobID: dd6baa27-ceb8-4ed1-8ba0-1a3888719888)
 - New and modified: 0

[21/Apr/2023:18:01:21] UPDATING PREPAGATI (JobID: d60ccf10-4636-4a11-8664-5f4bb40f2788)
 - New and modified: 0

[21/Apr/2023:18:01:21] DELETING PREPAGATI (JobID: d60ccf10-4636-4a11-8664-5f4bb40f2788)
 - Deleted: 0

[21/Apr/2023:18:30:04] UPDATING ACCOUNTS (JobID: 84759415-6cab-4f72-9185-24cafd01cb79)
 - New and modified: 0

[21/Apr/2023:18:30:04] DELETING ACCOUNTS (JobID: 84759415-6cab-4f72-9185-24cafd01cb79)
 - Deleted: 0

[21/Apr/2023:18:30:44] UPDATING PRODUCTS (JobID: 7c5dfba1-1c15-4892-96a7-248bee0daaa2)
 - New and modified: 0

[21/Apr/2023:18:30:50] UPDATING PREPAGATI (JobID: 1931cf52-2373-48a0-a8b5-d7fbc5ea518d)
 - New and modified: 0

[21/Apr/2023:18:30:50] DELETING PREPAGATI (JobID: 1931cf52-2373-48a0-a8b5-d7fbc5ea518d)
 - Deleted: 0

[21/Apr/2023:18:50:06] UPDATING ACCOUNTS (JobID: cd0c27d6-b0a7-4a47-8d1c-a41a8f1eef31)
 - New and modified: 0

[21/Apr/2023:18:50:06] DELETING ACCOUNTS (JobID: cd0c27d6-b0a7-4a47-8d1c-a41a8f1eef31)
 - Deleted: 0

[21/Apr/2023:18:50:41] UPDATING PRODUCTS (JobID: 3321ce40-d208-4d7c-bee4-517697d18e39)
 - New and modified: 0

[21/Apr/2023:18:50:43] UPDATING PREPAGATI (JobID: acf95451-ee7e-4eeb-b204-3e783933cf99)
 - New and modified: 0

[21/Apr/2023:18:50:43] DELETING PREPAGATI (JobID: acf95451-ee7e-4eeb-b204-3e783933cf99)
 - Deleted: 0

[21/Apr/2023:19:30:04] UPDATING ACCOUNTS (JobID: 46c3611c-2b9c-4089-a150-a7a6d8a49552)
 - New and modified: 0

[21/Apr/2023:19:30:04] DELETING ACCOUNTS (JobID: 46c3611c-2b9c-4089-a150-a7a6d8a49552)
 - Deleted: 0

[21/Apr/2023:19:30:45] UPDATING PRODUCTS (JobID: e41b1fe1-82c9-42c2-89dc-c46a4ecb44b3)
 - New and modified: 0

[21/Apr/2023:19:30:47] UPDATING PREPAGATI (JobID: 02ec5af9-7729-4666-90bf-eba6f12d8e0f)
 - New and modified: 0

[21/Apr/2023:19:30:47] DELETING PREPAGATI (JobID: 02ec5af9-7729-4666-90bf-eba6f12d8e0f)
 - Deleted: 0

[21/Apr/2023:19:40:04] UPDATING ACCOUNTS (JobID: d2b27827-ce51-45d6-ab11-2e6c09baab60)
 - New and modified: 0

[21/Apr/2023:19:40:04] DELETING ACCOUNTS (JobID: d2b27827-ce51-45d6-ab11-2e6c09baab60)
 - Deleted: 0

[21/Apr/2023:19:40:40] UPDATING PRODUCTS (JobID: 779b5563-14a2-45e6-b7e7-ef3277070ef3)
 - New and modified: 0

[21/Apr/2023:19:40:42] UPDATING PREPAGATI (JobID: c469dbbb-6abc-49a2-95b2-a6657443ad9a)
 - New and modified: 0

[21/Apr/2023:19:40:42] DELETING PREPAGATI (JobID: c469dbbb-6abc-49a2-95b2-a6657443ad9a)
 - Deleted: 0

[21/Apr/2023:19:50:04] UPDATING ACCOUNTS (JobID: 77dcd750-919b-473b-bf5a-2acf6657488e)
 - New and modified: 0

[21/Apr/2023:19:50:04] DELETING ACCOUNTS (JobID: 77dcd750-919b-473b-bf5a-2acf6657488e)
 - Deleted: 0

[21/Apr/2023:19:50:41] UPDATING PRODUCTS (JobID: a292e9e9-b7c9-4152-bb0e-b3f6fabf6321)
 - New and modified: 0

[21/Apr/2023:19:50:42] UPDATING PREPAGATI (JobID: 0a452a34-2cc6-449d-922e-d982dc4f66e9)
 - New and modified: 0

[21/Apr/2023:19:50:42] DELETING PREPAGATI (JobID: 0a452a34-2cc6-449d-922e-d982dc4f66e9)
 - Deleted: 0

[21/Apr/2023:20:20:05] UPDATING ACCOUNTS (JobID: 32f2a404-a838-4108-85ed-550aed784a16)
 - New and modified: 0

[21/Apr/2023:20:20:05] DELETING ACCOUNTS (JobID: 32f2a404-a838-4108-85ed-550aed784a16)
 - Deleted: 0

[21/Apr/2023:20:20:41] UPDATING PRODUCTS (JobID: 7cda7299-c475-46e5-8e22-7cdcb2bb8d50)
 - New and modified: 0

[21/Apr/2023:20:20:44] UPDATING PREPAGATI (JobID: d260383f-7d2a-4f7d-9ed5-fb4462f65aee)
 - New and modified: 0

[21/Apr/2023:20:20:44] DELETING PREPAGATI (JobID: d260383f-7d2a-4f7d-9ed5-fb4462f65aee)
 - Deleted: 0

[21/Apr/2023:20:40:04] UPDATING ACCOUNTS (JobID: b107a8e6-5ae8-435a-a7b7-cf16143cdf8e)
 - New and modified: 0

[21/Apr/2023:20:40:04] DELETING ACCOUNTS (JobID: b107a8e6-5ae8-435a-a7b7-cf16143cdf8e)
 - Deleted: 0

[21/Apr/2023:20:40:39] UPDATING PRODUCTS (JobID: 13ddff88-f16e-4e8f-bf72-64677ecd639c)
 - New and modified: 0

[21/Apr/2023:20:40:40] UPDATING PREPAGATI (JobID: 32d72d89-6f00-4a3f-8494-6d238a83200d)
 - New and modified: 0

[21/Apr/2023:20:40:40] DELETING PREPAGATI (JobID: 32d72d89-6f00-4a3f-8494-6d238a83200d)
 - Deleted: 0

[21/Apr/2023:20:50:04] UPDATING ACCOUNTS (JobID: ff9bc685-df89-48e0-8e03-394d88cc780a)
 - New and modified: 0

[21/Apr/2023:20:50:04] DELETING ACCOUNTS (JobID: ff9bc685-df89-48e0-8e03-394d88cc780a)
 - Deleted: 0

[21/Apr/2023:20:50:40] UPDATING PRODUCTS (JobID: 2b639bfd-f6cb-4df9-b6dc-90486805acc8)
 - New and modified: 0

[21/Apr/2023:20:50:44] UPDATING PREPAGATI (JobID: e3b6960b-46b3-425c-8e23-91bdea7e8cc3)
 - New and modified: 0

[21/Apr/2023:20:50:44] DELETING PREPAGATI (JobID: e3b6960b-46b3-425c-8e23-91bdea7e8cc3)
 - Deleted: 0

[21/Apr/2023:21:20:04] UPDATING ACCOUNTS (JobID: b4bb6961-b629-466b-8265-33d726fd3564)
 - New and modified: 0

[21/Apr/2023:21:20:04] DELETING ACCOUNTS (JobID: b4bb6961-b629-466b-8265-33d726fd3564)
 - Deleted: 0

[21/Apr/2023:21:20:39] UPDATING PRODUCTS (JobID: 6ccc05cc-5dfa-475e-bb2e-bdf349408024)
 - New and modified: 0

[21/Apr/2023:21:20:41] UPDATING PREPAGATI (JobID: cc42a4de-2472-4ed6-8928-03f6713bdff9)
 - New and modified: 0

[21/Apr/2023:21:20:41] DELETING PREPAGATI (JobID: cc42a4de-2472-4ed6-8928-03f6713bdff9)
 - Deleted: 0

[21/Apr/2023:21:30:04] UPDATING ACCOUNTS (JobID: ef0c7231-31df-4f46-8a43-771bc75663ee)
 - New and modified: 0

[21/Apr/2023:21:30:04] DELETING ACCOUNTS (JobID: ef0c7231-31df-4f46-8a43-771bc75663ee)
 - Deleted: 0

[21/Apr/2023:21:30:40] UPDATING PRODUCTS (JobID: d845d790-5bbc-44b6-8254-adedfefffa81)
 - New and modified: 0

[21/Apr/2023:21:30:41] UPDATING PREPAGATI (JobID: 8385b9fe-e49a-4bcf-911a-462ee1230e23)
 - New and modified: 0

[21/Apr/2023:21:30:41] DELETING PREPAGATI (JobID: 8385b9fe-e49a-4bcf-911a-462ee1230e23)
 - Deleted: 0

[21/Apr/2023:21:40:04] UPDATING ACCOUNTS (JobID: 006b5225-81a9-4110-96e8-d4518a0e4082)
 - New and modified: 0

[21/Apr/2023:21:40:04] DELETING ACCOUNTS (JobID: 006b5225-81a9-4110-96e8-d4518a0e4082)
 - Deleted: 0

[21/Apr/2023:21:40:41] UPDATING PRODUCTS (JobID: c85b5de4-9485-491a-8286-08be3e05fc84)
 - New and modified: 0

[21/Apr/2023:21:40:43] UPDATING PREPAGATI (JobID: c0967da6-9641-42a0-970e-6d3d6aadb25c)
 - New and modified: 0

[21/Apr/2023:21:40:43] DELETING PREPAGATI (JobID: c0967da6-9641-42a0-970e-6d3d6aadb25c)
 - Deleted: 0

[21/Apr/2023:21:50:04] UPDATING ACCOUNTS (JobID: 9c87d04e-a6d5-42b2-85bb-105d8c40723a)
 - New and modified: 0

[21/Apr/2023:21:50:04] DELETING ACCOUNTS (JobID: 9c87d04e-a6d5-42b2-85bb-105d8c40723a)
 - Deleted: 0

[21/Apr/2023:21:50:37] UPDATING PRODUCTS (JobID: 494b5f25-a57e-4f7e-9a43-3281c9d5ce69)
 - New and modified: 0

[21/Apr/2023:21:50:38] UPDATING PREPAGATI (JobID: d67b3da9-0e32-4d36-a1f8-d7f100b7e5f8)
 - New and modified: 0

[21/Apr/2023:21:50:38] DELETING PREPAGATI (JobID: d67b3da9-0e32-4d36-a1f8-d7f100b7e5f8)
 - Deleted: 0

[21/Apr/2023:22:00:06] UPDATING ACCOUNTS (JobID: 5ba4ed08-9ae8-43f3-b33f-300fb18f1279)
 - New and modified: 0

[21/Apr/2023:22:00:06] DELETING ACCOUNTS (JobID: 5ba4ed08-9ae8-43f3-b33f-300fb18f1279)
 - Deleted: 0

[21/Apr/2023:22:00:59] UPDATING PRODUCTS (JobID: aa9d6a84-cef3-4478-af63-d0a0aeda25d5)
 - New and modified: 0

[21/Apr/2023:22:01:02] UPDATING PREPAGATI (JobID: 1ec165bc-5dce-4b55-a681-57b257149348)
 - New and modified: 0

[21/Apr/2023:22:01:02] DELETING PREPAGATI (JobID: 1ec165bc-5dce-4b55-a681-57b257149348)
 - Deleted: 0

[21/Apr/2023:22:10:04] UPDATING ACCOUNTS (JobID: add264a2-7e20-47e4-8eb4-c3afce9b1972)
 - New and modified: 0

[21/Apr/2023:22:10:04] DELETING ACCOUNTS (JobID: add264a2-7e20-47e4-8eb4-c3afce9b1972)
 - Deleted: 0

[21/Apr/2023:22:10:41] UPDATING PRODUCTS (JobID: 0c6b590a-de3f-46a0-b806-05640386cf82)
 - New and modified: 0

[21/Apr/2023:22:10:43] UPDATING PREPAGATI (JobID: 39b0ae22-31d8-4895-a7c1-a0177e004e5b)
 - New and modified: 0

[21/Apr/2023:22:10:43] DELETING PREPAGATI (JobID: 39b0ae22-31d8-4895-a7c1-a0177e004e5b)
 - Deleted: 0

[21/Apr/2023:22:40:04] UPDATING ACCOUNTS (JobID: a538b8b7-3d65-4e8b-a9f4-93fd94135564)
 - New and modified: 0

[21/Apr/2023:22:40:04] DELETING ACCOUNTS (JobID: a538b8b7-3d65-4e8b-a9f4-93fd94135564)
 - Deleted: 0

[21/Apr/2023:22:40:37] UPDATING PRODUCTS (JobID: 723a5ab6-272c-4b15-a678-94330a782ab2)
 - New and modified: 0

[21/Apr/2023:22:40:39] UPDATING PREPAGATI (JobID: 8045f01a-afd3-4253-8f40-13aea72d5605)
 - New and modified: 0

[21/Apr/2023:22:40:39] DELETING PREPAGATI (JobID: 8045f01a-afd3-4253-8f40-13aea72d5605)
 - Deleted: 0

[21/Apr/2023:23:50:03] UPDATING ACCOUNTS (JobID: a12b8f3a-c939-465d-86b9-0e3fa9a6f20e)
 - New and modified: 0

[21/Apr/2023:23:50:03] DELETING ACCOUNTS (JobID: a12b8f3a-c939-465d-86b9-0e3fa9a6f20e)
 - Deleted: 0

[21/Apr/2023:23:50:40] UPDATING PRODUCTS (JobID: bb705ce6-ce57-4de6-8aac-93ce83ebfe63)
 - New and modified: 0

[21/Apr/2023:23:50:42] UPDATING PREPAGATI (JobID: e1a747f0-56e0-4ea1-a510-cfdfe25795a9)
 - New and modified: 0

[21/Apr/2023:23:50:42] DELETING PREPAGATI (JobID: e1a747f0-56e0-4ea1-a510-cfdfe25795a9)
 - Deleted: 0

