[22/Oct/2023:17:42:09] UPDATING ACCOUNTS (JobID: 322aac07-c674-4339-adbb-fc1d0d5dc075)
 - New and modified: 0

[22/Oct/2023:17:42:09] DELETING ACCOUNTS (JobID: 322aac07-c674-4339-adbb-fc1d0d5dc075)
 - Deleted: 0

[22/Oct/2023:17:42:45] UPDATING PRODUCTS (JobID: 8fc18b8a-75a0-4059-bc6b-16ec5a58fe50)
 - New and modified: 0

[22/Oct/2023:17:42:48] UPDATING PREPAGATI (JobID: 68506d41-4a10-4b0a-a05f-2f70be84a77e)
 - New and modified: 0

[22/Oct/2023:17:42:48] DELETING PREPAGATI (JobID: 68506d41-4a10-4b0a-a05f-2f70be84a77e)
 - Deleted: 0

[22/Oct/2023:18:30:09] UPDATING ACCOUNTS (JobID: e85fc74e-639b-40ed-8f6a-8aa30c0b79d5)
 - New and modified: 0

[22/Oct/2023:18:30:09] DELETING ACCOUNTS (JobID: e85fc74e-639b-40ed-8f6a-8aa30c0b79d5)
 - Deleted: 0

[22/Oct/2023:18:30:45] UPDATING PRODUCTS (JobID: f8c9111f-8e79-4437-b046-99ca016d42ae)
 - New and modified: 0

[22/Oct/2023:18:30:48] UPDATING PREPAGATI (JobID: 65a03cfc-9fe1-4973-9e9e-0f91baca99ee)
 - New and modified: 0

[22/Oct/2023:18:30:48] DELETING PREPAGATI (JobID: 65a03cfc-9fe1-4973-9e9e-0f91baca99ee)
 - Deleted: 0

[22/Oct/2023:20:00:10] UPDATING ACCOUNTS (JobID: 37a1a34e-dc60-4be6-800e-6e29a1eb0cc6)
 - New and modified: 0

[22/Oct/2023:20:00:10] DELETING ACCOUNTS (JobID: 37a1a34e-dc60-4be6-800e-6e29a1eb0cc6)
 - Deleted: 0

[22/Oct/2023:20:00:46] UPDATING PRODUCTS (JobID: d1a506f4-38b5-4967-a0b3-672bb2cedeee)
 - New and modified: 0

[22/Oct/2023:20:00:49] UPDATING PREPAGATI (JobID: 753550f8-c5ab-40fd-8308-7b64baaba97d)
 - New and modified: 0

[22/Oct/2023:20:00:49] DELETING PREPAGATI (JobID: 753550f8-c5ab-40fd-8308-7b64baaba97d)
 - Deleted: 0

[22/Oct/2023:20:30:09] UPDATING ACCOUNTS (JobID: dd979349-6dc6-4f38-8876-81d9ed099a2f)
 - New and modified: 0

[22/Oct/2023:20:30:09] DELETING ACCOUNTS (JobID: dd979349-6dc6-4f38-8876-81d9ed099a2f)
 - Deleted: 0

[22/Oct/2023:20:30:44] UPDATING PRODUCTS (JobID: 478f3cbc-43b9-40c2-afa4-9285d0092452)
 - New and modified: 0

[22/Oct/2023:20:30:47] UPDATING PREPAGATI (JobID: 4164d942-6eb7-49b1-ab9b-8df29297dbab)
 - New and modified: 0

[22/Oct/2023:20:30:47] DELETING PREPAGATI (JobID: 4164d942-6eb7-49b1-ab9b-8df29297dbab)
 - Deleted: 0

[22/Oct/2023:21:00:04] UPDATING ACCOUNTS (JobID: 16f6c39d-df6d-4cfa-9bf9-53c3541f3059)
 - New and modified: 0

[22/Oct/2023:21:00:04] DELETING ACCOUNTS (JobID: 16f6c39d-df6d-4cfa-9bf9-53c3541f3059)
 - Deleted: 0

[22/Oct/2023:21:00:40] UPDATING PRODUCTS (JobID: c5c9bdea-57d1-4394-a61d-beed4569e218)
 - New and modified: 0

[22/Oct/2023:21:00:42] UPDATING PREPAGATI (JobID: e71c3d90-8c8e-46f4-8695-2ee438ee54e0)
 - New and modified: 0

[22/Oct/2023:21:00:42] DELETING PREPAGATI (JobID: e71c3d90-8c8e-46f4-8695-2ee438ee54e0)
 - Deleted: 0

[22/Oct/2023:21:30:04] UPDATING ACCOUNTS (JobID: a96b4ec8-d3a4-4106-87be-fd5cc2e20dc1)
 - New and modified: 0

[22/Oct/2023:21:30:04] DELETING ACCOUNTS (JobID: a96b4ec8-d3a4-4106-87be-fd5cc2e20dc1)
 - Deleted: 0

[22/Oct/2023:21:30:41] UPDATING PRODUCTS (JobID: 1697979a-a9d7-4996-b464-481ac8e87a2a)
 - New and modified: 0

[22/Oct/2023:21:30:43] UPDATING PREPAGATI (JobID: 7ad79575-f77e-4a44-8315-59ccc190e830)
 - New and modified: 0

[22/Oct/2023:21:30:43] DELETING PREPAGATI (JobID: 7ad79575-f77e-4a44-8315-59ccc190e830)
 - Deleted: 0

[22/Oct/2023:22:30:08] UPDATING ACCOUNTS (JobID: c69c9483-6045-4f3c-8259-2e677127948b)
 - New and modified: 0

[22/Oct/2023:22:30:08] DELETING ACCOUNTS (JobID: c69c9483-6045-4f3c-8259-2e677127948b)
 - Deleted: 0

[22/Oct/2023:22:30:44] UPDATING PRODUCTS (JobID: 4acc54e1-7bef-44d6-9b99-0fec60a02f81)
 - New and modified: 0

[22/Oct/2023:22:30:47] UPDATING PREPAGATI (JobID: 4e9270ff-136b-4e3e-b77b-4d7054289953)
 - New and modified: 0

[22/Oct/2023:22:30:47] DELETING PREPAGATI (JobID: 4e9270ff-136b-4e3e-b77b-4d7054289953)
 - Deleted: 0

[22/Oct/2023:23:00:07] UPDATING ACCOUNTS (JobID: 8416ce21-c819-4fdf-b517-a4cd8a4eb3bf)
 - New and modified: 0

[22/Oct/2023:23:00:07] DELETING ACCOUNTS (JobID: 8416ce21-c819-4fdf-b517-a4cd8a4eb3bf)
 - Deleted: 0

[22/Oct/2023:23:00:44] UPDATING PRODUCTS (JobID: 9af10338-2dff-45e5-8318-c5813797ec9f)
 - New and modified: 0

[22/Oct/2023:23:00:48] UPDATING PREPAGATI (JobID: bd79eaa5-4868-4513-b37e-8109771e26d5)
 - New and modified: 0

[22/Oct/2023:23:00:48] DELETING PREPAGATI (JobID: bd79eaa5-4868-4513-b37e-8109771e26d5)
 - Deleted: 0

