[24/Apr/2023:00:00:04] UPDATING ACCOUNTS (JobID: 74a36219-a586-416b-a824-1fe04427d430)
 - New and modified: 0

[24/Apr/2023:00:00:04] DELETING ACCOUNTS (JobID: 74a36219-a586-416b-a824-1fe04427d430)
 - Deleted: 0

[24/Apr/2023:00:00:43] UPDATING PRODUCTS (JobID: c1285526-e5c0-444e-ad34-5fc3d683ec83)
 - New and modified: 0

[24/Apr/2023:00:00:45] UPDATING PREPAGATI (JobID: 25500ff0-8307-4c43-82c3-06884e414147)
 - New and modified: 0

[24/Apr/2023:00:00:45] DELETING PREPAGATI (JobID: 25500ff0-8307-4c43-82c3-06884e414147)
 - Deleted: 0

[24/Apr/2023:00:10:04] UPDATING ACCOUNTS (JobID: b011d915-cd6f-40a9-b91c-83edf08c93ad)
 - New and modified: 0

[24/Apr/2023:00:10:04] DELETING ACCOUNTS (JobID: b011d915-cd6f-40a9-b91c-83edf08c93ad)
 - Deleted: 0

[24/Apr/2023:00:10:39] UPDATING PRODUCTS (JobID: 83ed867a-81b3-4927-afde-ea5ef22885b2)
 - New and modified: 0

[24/Apr/2023:00:10:41] UPDATING PREPAGATI (JobID: 20bb7e24-4f9d-472c-8f90-a9331f05a364)
 - New and modified: 0

[24/Apr/2023:00:10:41] DELETING PREPAGATI (JobID: 20bb7e24-4f9d-472c-8f90-a9331f05a364)
 - Deleted: 0

[24/Apr/2023:01:20:10] UPDATING ACCOUNTS (JobID: b2b42ab5-cb9b-49d3-b6b0-501bd811316d)
 - New and modified: 0

[24/Apr/2023:01:20:10] DELETING ACCOUNTS (JobID: b2b42ab5-cb9b-49d3-b6b0-501bd811316d)
 - Deleted: 0

[24/Apr/2023:01:20:53] UPDATING PRODUCTS (JobID: 4b7d9826-748a-4cd7-8a8f-9f87dc7a94a0)
 - New and modified: 0

[24/Apr/2023:01:20:57] UPDATING PREPAGATI (JobID: b73262f0-26bd-442f-822b-1aa951b6263d)
 - New and modified: 0

[24/Apr/2023:01:20:57] DELETING PREPAGATI (JobID: b73262f0-26bd-442f-822b-1aa951b6263d)
 - Deleted: 0

[24/Apr/2023:01:30:13] UPDATING ACCOUNTS (JobID: 42f0d682-56b3-4274-9b9c-61f174dc2e75)
 - New and modified: 0

[24/Apr/2023:01:30:13] DELETING ACCOUNTS (JobID: 42f0d682-56b3-4274-9b9c-61f174dc2e75)
 - Deleted: 0

[24/Apr/2023:01:31:17] UPDATING PRODUCTS (JobID: 69c89659-6290-4159-b14e-5f68002d0370)
 - New and modified: 0

[24/Apr/2023:01:31:19] UPDATING PREPAGATI (JobID: ebdcf1f7-70b3-41be-939f-6730b85e5a97)
 - New and modified: 0

[24/Apr/2023:01:31:19] DELETING PREPAGATI (JobID: ebdcf1f7-70b3-41be-939f-6730b85e5a97)
 - Deleted: 0

[24/Apr/2023:01:50:04] UPDATING ACCOUNTS (JobID: 8e80cc10-0992-46ae-8a7a-69e8e0143403)
 - New and modified: 0

[24/Apr/2023:01:50:04] DELETING ACCOUNTS (JobID: 8e80cc10-0992-46ae-8a7a-69e8e0143403)
 - Deleted: 0

[24/Apr/2023:01:50:41] UPDATING PRODUCTS (JobID: 61ac734b-ed30-417d-9dff-d14b86dd9f84)
 - New and modified: 0

[24/Apr/2023:01:50:44] UPDATING PREPAGATI (JobID: e2ef7f83-888c-4954-8fa1-d15947fcadfb)
 - New and modified: 0

[24/Apr/2023:01:50:44] DELETING PREPAGATI (JobID: e2ef7f83-888c-4954-8fa1-d15947fcadfb)
 - Deleted: 0

[24/Apr/2023:02:10:04] UPDATING ACCOUNTS (JobID: 9166f60d-f337-4490-ab7e-0614a39939d2)
 - New and modified: 0

[24/Apr/2023:02:10:04] DELETING ACCOUNTS (JobID: 9166f60d-f337-4490-ab7e-0614a39939d2)
 - Deleted: 0

[24/Apr/2023:02:10:43] UPDATING PRODUCTS (JobID: 9f7f627b-da0e-44e3-818b-eb09f8ac3beb)
 - New and modified: 0

[24/Apr/2023:02:10:44] UPDATING PREPAGATI (JobID: 44c0fafc-b1ff-4887-9257-ff86c89d86e6)
 - New and modified: 0

[24/Apr/2023:02:10:44] DELETING PREPAGATI (JobID: 44c0fafc-b1ff-4887-9257-ff86c89d86e6)
 - Deleted: 0

[24/Apr/2023:02:40:04] UPDATING ACCOUNTS (JobID: 0c6f4742-ae8a-4dad-aff1-5bf0a7ac556a)
 - New and modified: 0

[24/Apr/2023:02:40:04] DELETING ACCOUNTS (JobID: 0c6f4742-ae8a-4dad-aff1-5bf0a7ac556a)
 - Deleted: 0

[24/Apr/2023:02:40:41] UPDATING PRODUCTS (JobID: c386a6d6-5ffc-4a25-8189-8004d40299b1)
 - New and modified: 0

[24/Apr/2023:02:40:44] UPDATING PREPAGATI (JobID: 503c3d70-55d8-4afb-9643-1120e5f6f618)
 - New and modified: 0

[24/Apr/2023:02:40:44] DELETING PREPAGATI (JobID: 503c3d70-55d8-4afb-9643-1120e5f6f618)
 - Deleted: 0

[24/Apr/2023:03:00:04] UPDATING ACCOUNTS (JobID: 442daefe-fa22-4871-b7fa-e4798977789d)
 - New and modified: 0

[24/Apr/2023:03:00:04] DELETING ACCOUNTS (JobID: 442daefe-fa22-4871-b7fa-e4798977789d)
 - Deleted: 0

[24/Apr/2023:03:00:39] UPDATING PRODUCTS (JobID: 503652b1-b889-4789-aa0c-342bcf861276)
 - New and modified: 0

[24/Apr/2023:03:00:41] UPDATING PREPAGATI (JobID: ee6ef719-75d8-48b5-ad26-befd64957bc2)
 - New and modified: 0

[24/Apr/2023:03:00:41] DELETING PREPAGATI (JobID: ee6ef719-75d8-48b5-ad26-befd64957bc2)
 - Deleted: 0

[24/Apr/2023:03:30:04] UPDATING ACCOUNTS (JobID: 945912a0-c660-4465-9696-5dd110fccae2)
 - New and modified: 0

[24/Apr/2023:03:30:04] DELETING ACCOUNTS (JobID: 945912a0-c660-4465-9696-5dd110fccae2)
 - Deleted: 0

[24/Apr/2023:03:30:44] UPDATING PRODUCTS (JobID: bfaa8849-6a16-4f1b-877b-fc0cf6137789)
 - New and modified: 0

[24/Apr/2023:03:30:46] UPDATING PREPAGATI (JobID: af4224ae-5781-4440-ab82-ef529e6a4773)
 - New and modified: 0

[24/Apr/2023:03:30:46] DELETING PREPAGATI (JobID: af4224ae-5781-4440-ab82-ef529e6a4773)
 - Deleted: 0

[24/Apr/2023:04:20:04] UPDATING ACCOUNTS (JobID: e2c986e8-8727-48aa-90a8-0ccb075f22c9)
 - New and modified: 0

[24/Apr/2023:04:20:04] DELETING ACCOUNTS (JobID: e2c986e8-8727-48aa-90a8-0ccb075f22c9)
 - Deleted: 0

[24/Apr/2023:04:20:40] UPDATING PRODUCTS (JobID: 1ad95837-97d5-4a4f-8972-52bd7b7b3a4b)
 - New and modified: 0

[24/Apr/2023:04:20:42] UPDATING PREPAGATI (JobID: 95d16bbe-980e-48b1-a8c7-8c574decac55)
 - New and modified: 0

[24/Apr/2023:04:20:42] DELETING PREPAGATI (JobID: 95d16bbe-980e-48b1-a8c7-8c574decac55)
 - Deleted: 0

[24/Apr/2023:04:50:04] UPDATING ACCOUNTS (JobID: 2ed242b1-8666-426f-a05e-45c06dee2dae)
 - New and modified: 0

[24/Apr/2023:04:50:04] DELETING ACCOUNTS (JobID: 2ed242b1-8666-426f-a05e-45c06dee2dae)
 - Deleted: 0

[24/Apr/2023:04:50:39] UPDATING PRODUCTS (JobID: fe7c36ba-7ead-4fa3-bd8f-15b569095bc5)
 - New and modified: 0

[24/Apr/2023:04:50:41] UPDATING PREPAGATI (JobID: 0389b206-0723-4537-9b6d-b5819e51673d)
 - New and modified: 0

[24/Apr/2023:04:50:41] DELETING PREPAGATI (JobID: 0389b206-0723-4537-9b6d-b5819e51673d)
 - Deleted: 0

[24/Apr/2023:05:10:04] UPDATING ACCOUNTS (JobID: abe3e491-1ae7-456a-aa56-6699559cd953)
 - New and modified: 0

[24/Apr/2023:05:10:04] DELETING ACCOUNTS (JobID: abe3e491-1ae7-456a-aa56-6699559cd953)
 - Deleted: 0

[24/Apr/2023:05:10:38] UPDATING PRODUCTS (JobID: 94d04b04-4964-49c0-8e8d-b3a0f4efcd67)
 - New and modified: 0

[24/Apr/2023:05:10:40] UPDATING PREPAGATI (JobID: b0d981ce-8d0b-4110-9a4a-296d4d89050d)
 - New and modified: 0

[24/Apr/2023:05:10:40] DELETING PREPAGATI (JobID: b0d981ce-8d0b-4110-9a4a-296d4d89050d)
 - Deleted: 0

[24/Apr/2023:05:30:04] UPDATING ACCOUNTS (JobID: e4ad0002-18a1-4c7b-85f8-dc3ca5aef312)
 - New and modified: 0

[24/Apr/2023:05:30:04] DELETING ACCOUNTS (JobID: e4ad0002-18a1-4c7b-85f8-dc3ca5aef312)
 - Deleted: 0

[24/Apr/2023:05:30:39] UPDATING PRODUCTS (JobID: a2a3f16b-f1c1-4dfa-bcdf-f382e6014dd9)
 - New and modified: 0

[24/Apr/2023:05:30:41] UPDATING PREPAGATI (JobID: c91520df-2925-4937-9585-70ff3cbd5a62)
 - New and modified: 0

[24/Apr/2023:05:30:41] DELETING PREPAGATI (JobID: c91520df-2925-4937-9585-70ff3cbd5a62)
 - Deleted: 0

[24/Apr/2023:06:20:04] UPDATING ACCOUNTS (JobID: 0d19ed23-76b8-4536-b432-87140be52403)
 - New and modified: 0

[24/Apr/2023:06:20:04] DELETING ACCOUNTS (JobID: 0d19ed23-76b8-4536-b432-87140be52403)
 - Deleted: 0

[24/Apr/2023:06:20:39] UPDATING PRODUCTS (JobID: 34303c3c-86bc-4a33-8f0b-4de7c8e7af3e)
 - New and modified: 0

[24/Apr/2023:06:20:42] UPDATING PREPAGATI (JobID: fa3bbc77-f379-4af2-b0f8-7691ae5aee6c)
 - New and modified: 0

[24/Apr/2023:06:20:42] DELETING PREPAGATI (JobID: fa3bbc77-f379-4af2-b0f8-7691ae5aee6c)
 - Deleted: 0

[24/Apr/2023:06:30:04] UPDATING ACCOUNTS (JobID: 3f8c017a-11d5-4ebd-8fb9-98ec8ee80429)
 - New and modified: 0

[24/Apr/2023:06:30:04] DELETING ACCOUNTS (JobID: 3f8c017a-11d5-4ebd-8fb9-98ec8ee80429)
 - Deleted: 0

[24/Apr/2023:06:30:43] UPDATING PRODUCTS (JobID: 68a060d2-abd9-44b5-a4f9-4d0a590d040e)
 - New and modified: 0

[24/Apr/2023:06:30:44] UPDATING PREPAGATI (JobID: 08319efc-db54-485e-936d-23e86803c3c7)
 - New and modified: 0

[24/Apr/2023:06:30:44] DELETING PREPAGATI (JobID: 08319efc-db54-485e-936d-23e86803c3c7)
 - Deleted: 0

[24/Apr/2023:07:00:17] UPDATING ACCOUNTS (JobID: 42d391c5-724a-4e7e-ab1e-8a0a42a473b7)
 - New and modified: 0

[24/Apr/2023:07:00:17] DELETING ACCOUNTS (JobID: 42d391c5-724a-4e7e-ab1e-8a0a42a473b7)
 - Deleted: 0

[24/Apr/2023:07:03:52] UPDATING PRODUCTS (JobID: 1a9bf85b-c18c-40bd-9288-35a98dc73090)
 - New and modified: 0

[24/Apr/2023:07:03:54] UPDATING PREPAGATI (JobID: 2bc30bc9-4cac-4a9c-92ac-c5cbdfc7f1f4)
 - New and modified: 0

[24/Apr/2023:07:03:54] DELETING PREPAGATI (JobID: 2bc30bc9-4cac-4a9c-92ac-c5cbdfc7f1f4)
 - Deleted: 0

[24/Apr/2023:07:10:08] UPDATING ACCOUNTS (JobID: d5322d11-a8e1-49c9-b996-e0a9d9e4c785)
 - New and modified: 0

[24/Apr/2023:07:10:08] DELETING ACCOUNTS (JobID: d5322d11-a8e1-49c9-b996-e0a9d9e4c785)
 - Deleted: 0

[24/Apr/2023:07:11:16] UPDATING PRODUCTS (JobID: 6a0e5705-59a9-4ec7-8946-608d283ef314)
 - New and modified: 0

[24/Apr/2023:07:11:19] UPDATING PREPAGATI (JobID: 2f0f4af3-8be7-4bda-8304-3b60cf6f2943)
 - New and modified: 0

[24/Apr/2023:07:11:19] DELETING PREPAGATI (JobID: 2f0f4af3-8be7-4bda-8304-3b60cf6f2943)
 - Deleted: 0

[24/Apr/2023:07:20:06] UPDATING ACCOUNTS (JobID: e246808f-873e-4b00-b16a-9a11ee5c3a5a)
 - New and modified: 0

[24/Apr/2023:07:20:06] DELETING ACCOUNTS (JobID: e246808f-873e-4b00-b16a-9a11ee5c3a5a)
 - Deleted: 0

[24/Apr/2023:07:21:03] UPDATING PRODUCTS (JobID: e59c5ee6-5b16-4789-a548-4cdb9d9a0f60)
 - New and modified: 0

[24/Apr/2023:07:21:09] UPDATING PREPAGATI (JobID: 52542518-c59c-48b4-b033-02d95b15b2ec)
 - New and modified: 0

[24/Apr/2023:07:21:09] DELETING PREPAGATI (JobID: 52542518-c59c-48b4-b033-02d95b15b2ec)
 - Deleted: 0

[24/Apr/2023:07:30:08] UPDATING ACCOUNTS (JobID: c04273e5-dcc1-4b9a-8a0f-7dcfa50a9846)
 - New and modified: 0

[24/Apr/2023:07:30:08] DELETING ACCOUNTS (JobID: c04273e5-dcc1-4b9a-8a0f-7dcfa50a9846)
 - Deleted: 0

[24/Apr/2023:07:31:18] UPDATING PRODUCTS (JobID: 277c50d0-0c09-4a26-ab5b-8cd9bf335b2a)
 - New and modified: 0

[24/Apr/2023:07:31:20] UPDATING PREPAGATI (JobID: fe101447-afa6-454d-94ac-f791acf4730e)
 - New and modified: 0

[24/Apr/2023:07:31:20] DELETING PREPAGATI (JobID: fe101447-afa6-454d-94ac-f791acf4730e)
 - Deleted: 0

[24/Apr/2023:08:50:04] UPDATING ACCOUNTS (JobID: eaf9da0a-891a-4179-b5b7-915387485759)
 - New and modified: 0

[24/Apr/2023:08:50:04] DELETING ACCOUNTS (JobID: eaf9da0a-891a-4179-b5b7-915387485759)
 - Deleted: 0

[24/Apr/2023:08:50:39] UPDATING PRODUCTS (JobID: e14b5b98-0a0b-4a91-9225-db5a967f66f5)
 - New and modified: 0

[24/Apr/2023:08:50:41] UPDATING PREPAGATI (JobID: 314ce149-731c-4f99-85a0-db8e2cf6c89c)
 - New and modified: 0

[24/Apr/2023:08:50:41] DELETING PREPAGATI (JobID: 314ce149-731c-4f99-85a0-db8e2cf6c89c)
 - Deleted: 0

[24/Apr/2023:09:00:04] UPDATING ACCOUNTS (JobID: 820061ec-f77f-4da2-9790-db5631e09105)
 - New and modified: 0

[24/Apr/2023:09:00:04] DELETING ACCOUNTS (JobID: 820061ec-f77f-4da2-9790-db5631e09105)
 - Deleted: 0

[24/Apr/2023:09:00:49] UPDATING PRODUCTS (JobID: f626790c-50e6-45ad-8ed6-7c23d1bcd1f8)
 - New and modified: 0

[24/Apr/2023:09:00:51] UPDATING PREPAGATI (JobID: 0f271b8a-e3cf-4e0c-ab4c-c8337fa6996b)
 - New and modified: 0

[24/Apr/2023:09:00:51] DELETING PREPAGATI (JobID: 0f271b8a-e3cf-4e0c-ab4c-c8337fa6996b)
 - Deleted: 0

[24/Apr/2023:09:30:04] UPDATING ACCOUNTS (JobID: e14a8ebd-ac25-410d-a951-754a1455469f)
 - New and modified: 0

[24/Apr/2023:09:30:04] DELETING ACCOUNTS (JobID: e14a8ebd-ac25-410d-a951-754a1455469f)
 - Deleted: 0

[24/Apr/2023:09:30:41] UPDATING PRODUCTS (JobID: f7a9746d-7d05-41ec-b3b0-32767354ba78)
 - New and modified: 0

[24/Apr/2023:09:30:43] UPDATING PREPAGATI (JobID: faa3c5fb-70ef-4b32-897b-81be9d110811)
 - New and modified: 0

[24/Apr/2023:09:30:43] DELETING PREPAGATI (JobID: faa3c5fb-70ef-4b32-897b-81be9d110811)
 - Deleted: 0

[24/Apr/2023:09:40:05] UPDATING ACCOUNTS (JobID: 1abaddd5-6e69-4820-9e73-6b4e9e71a224)
 - New and modified: 0

[24/Apr/2023:09:40:05] DELETING ACCOUNTS (JobID: 1abaddd5-6e69-4820-9e73-6b4e9e71a224)
 - Deleted: 0

[24/Apr/2023:09:40:44] UPDATING PRODUCTS (JobID: 7cf41efa-e272-4794-b8b5-6df9e132e638)
 - New and modified: 0

[24/Apr/2023:09:40:46] UPDATING PREPAGATI (JobID: 032eee56-d78b-4b10-b626-b05ee1ca9f8f)
 - New and modified: 0

[24/Apr/2023:09:40:46] DELETING PREPAGATI (JobID: 032eee56-d78b-4b10-b626-b05ee1ca9f8f)
 - Deleted: 0

[24/Apr/2023:10:10:12] UPDATING ACCOUNTS (JobID: 5c1e9f19-8a5a-4158-80b5-f2fb2ab9f1bd)
 - New and modified: 0

[24/Apr/2023:10:10:12] DELETING ACCOUNTS (JobID: 5c1e9f19-8a5a-4158-80b5-f2fb2ab9f1bd)
 - Deleted: 0

[24/Apr/2023:10:11:22] UPDATING PRODUCTS (JobID: e63c8e4b-da45-47be-a2e0-4f7377ff23e6)
 - New and modified: 0

[24/Apr/2023:10:11:28] UPDATING PREPAGATI (JobID: 3d96dbe9-08b2-4f91-b28f-484ebcdfe17c)
 - New and modified: 0

[24/Apr/2023:10:11:28] DELETING PREPAGATI (JobID: 3d96dbe9-08b2-4f91-b28f-484ebcdfe17c)
 - Deleted: 0

[24/Apr/2023:10:20:04] UPDATING ACCOUNTS (JobID: 81ba006f-3528-4106-ba09-29742e775f68)
 - New and modified: 0

[24/Apr/2023:10:20:04] DELETING ACCOUNTS (JobID: 81ba006f-3528-4106-ba09-29742e775f68)
 - Deleted: 0

[24/Apr/2023:10:20:41] UPDATING PRODUCTS (JobID: 59ac66c9-f863-4f95-9470-74add5dbdd91)
 - New and modified: 0

[24/Apr/2023:10:20:43] UPDATING PREPAGATI (JobID: bdc518d9-8f41-4de2-be21-0b6ee2f8826a)
 - New and modified: 0

[24/Apr/2023:10:20:43] DELETING PREPAGATI (JobID: bdc518d9-8f41-4de2-be21-0b6ee2f8826a)
 - Deleted: 0

[24/Apr/2023:10:40:06] UPDATING ACCOUNTS (JobID: 734a183f-081d-4ecf-a274-1a285040ed18)
 - New and modified: 0

[24/Apr/2023:10:40:06] DELETING ACCOUNTS (JobID: 734a183f-081d-4ecf-a274-1a285040ed18)
 - Deleted: 0

[24/Apr/2023:10:40:41] UPDATING PRODUCTS (JobID: ff1fcd2d-d2ff-45cf-a457-eac9069f6441)
 - New and modified: 0

[24/Apr/2023:10:40:43] UPDATING PREPAGATI (JobID: 3ba21e8f-88af-4d7c-b345-359c9a11e882)
 - New and modified: 0

[24/Apr/2023:10:40:43] DELETING PREPAGATI (JobID: 3ba21e8f-88af-4d7c-b345-359c9a11e882)
 - Deleted: 0

[24/Apr/2023:10:50:04] UPDATING ACCOUNTS (JobID: 022096a4-6469-4002-978c-e382279b5104)
 - New and modified: 0

[24/Apr/2023:10:50:04] DELETING ACCOUNTS (JobID: 022096a4-6469-4002-978c-e382279b5104)
 - Deleted: 0

[24/Apr/2023:10:50:40] UPDATING PRODUCTS (JobID: 49a0ba81-4682-48d9-a4d4-507b142f5eae)
 - New and modified: 0

[24/Apr/2023:10:50:42] UPDATING PREPAGATI (JobID: a19ad554-608c-4452-a846-7d3b246d2a90)
 - New and modified: 0

[24/Apr/2023:10:50:42] DELETING PREPAGATI (JobID: a19ad554-608c-4452-a846-7d3b246d2a90)
 - Deleted: 0

[24/Apr/2023:11:00:07] UPDATING ACCOUNTS (JobID: dd1fadde-55dc-46d6-9663-58486de9a203)
 - New and modified: 0

[24/Apr/2023:11:00:07] DELETING ACCOUNTS (JobID: dd1fadde-55dc-46d6-9663-58486de9a203)
 - Deleted: 0

[24/Apr/2023:11:04:18] UPDATING PRODUCTS (JobID: 5c49cf54-f0eb-477d-9b6b-43e4c7603970)
 - New and modified: 0

[24/Apr/2023:11:04:21] UPDATING PREPAGATI (JobID: 899d1dcb-9818-4003-840b-494828f3ed02)
 - New and modified: 0

[24/Apr/2023:11:04:21] DELETING PREPAGATI (JobID: 899d1dcb-9818-4003-840b-494828f3ed02)
 - Deleted: 0

[24/Apr/2023:11:20:04] UPDATING ACCOUNTS (JobID: fb9de0c4-8964-4263-9aca-ea6247d9119c)
 - New and modified: 0

[24/Apr/2023:11:20:04] DELETING ACCOUNTS (JobID: fb9de0c4-8964-4263-9aca-ea6247d9119c)
 - Deleted: 0

[24/Apr/2023:11:20:42] UPDATING PRODUCTS (JobID: 4295a215-4beb-4ca7-8aee-4240bd6c552a)
 - New and modified: 0

[24/Apr/2023:11:20:44] UPDATING PREPAGATI (JobID: a10a6952-b8ea-43ad-bc41-ac7db5a2ecb4)
 - New and modified: 0

[24/Apr/2023:11:20:44] DELETING PREPAGATI (JobID: a10a6952-b8ea-43ad-bc41-ac7db5a2ecb4)
 - Deleted: 0

[24/Apr/2023:11:30:04] UPDATING ACCOUNTS (JobID: ed18985c-5e06-413b-89f3-ba32d98155e1)
 - New and modified: 0

[24/Apr/2023:11:30:04] DELETING ACCOUNTS (JobID: ed18985c-5e06-413b-89f3-ba32d98155e1)
 - Deleted: 0

[24/Apr/2023:11:30:40] UPDATING PRODUCTS (JobID: 76b303bb-1920-44d5-8909-37aaf2c3b15a)
 - New and modified: 0

[24/Apr/2023:11:30:43] UPDATING PREPAGATI (JobID: af2784bf-52eb-4eaa-a885-a973df998ffb)
 - New and modified: 0

[24/Apr/2023:11:30:43] DELETING PREPAGATI (JobID: af2784bf-52eb-4eaa-a885-a973df998ffb)
 - Deleted: 0

[24/Apr/2023:12:00:05] UPDATING ACCOUNTS (JobID: 1a0b7b73-cd54-4dc0-9daf-d278d2634d97)
 - New and modified: 0

[24/Apr/2023:12:00:05] DELETING ACCOUNTS (JobID: 1a0b7b73-cd54-4dc0-9daf-d278d2634d97)
 - Deleted: 0

[24/Apr/2023:12:01:17] UPDATING PRODUCTS (JobID: 562d70cd-9c5c-4e37-abba-5b11b89ab8c4)
 - New and modified: 0

[24/Apr/2023:12:01:25] UPDATING PREPAGATI (JobID: f7603644-ea8e-4070-b1c5-ddecabb85df6)
 - New and modified: 0

[24/Apr/2023:12:01:25] DELETING PREPAGATI (JobID: f7603644-ea8e-4070-b1c5-ddecabb85df6)
 - Deleted: 0

[24/Apr/2023:12:20:04] UPDATING ACCOUNTS (JobID: 68b3da9f-c412-44a7-bb7f-d95782ed6afd)
 - New and modified: 0

[24/Apr/2023:12:20:04] DELETING ACCOUNTS (JobID: 68b3da9f-c412-44a7-bb7f-d95782ed6afd)
 - Deleted: 0

[24/Apr/2023:12:20:42] UPDATING PRODUCTS (JobID: a4a0ef00-6b5f-4e1f-9e36-202410ea2c23)
 - New and modified: 0

[24/Apr/2023:12:20:46] UPDATING PREPAGATI (JobID: 16fd7b2e-0e4f-4cdb-b40b-78da8179643d)
 - New and modified: 0

[24/Apr/2023:12:20:46] DELETING PREPAGATI (JobID: 16fd7b2e-0e4f-4cdb-b40b-78da8179643d)
 - Deleted: 0

[24/Apr/2023:12:30:04] UPDATING ACCOUNTS (JobID: e88f6684-c01c-4bb0-bb8c-732aab0dc145)
 - New and modified: 0

[24/Apr/2023:12:30:04] DELETING ACCOUNTS (JobID: e88f6684-c01c-4bb0-bb8c-732aab0dc145)
 - Deleted: 0

[24/Apr/2023:12:30:45] UPDATING PRODUCTS (JobID: 55897021-3815-4323-a866-ac368d35baeb)
 - New and modified: 0

[24/Apr/2023:12:30:47] UPDATING PREPAGATI (JobID: d0f6e65e-66d3-40ba-b447-b275ce143165)
 - New and modified: 0

[24/Apr/2023:12:30:47] DELETING PREPAGATI (JobID: d0f6e65e-66d3-40ba-b447-b275ce143165)
 - Deleted: 0

[24/Apr/2023:13:00:04] UPDATING ACCOUNTS (JobID: 5bbd5ded-d351-405a-aaba-23cb12b275b2)
 - New and modified: 0

[24/Apr/2023:13:00:04] DELETING ACCOUNTS (JobID: 5bbd5ded-d351-405a-aaba-23cb12b275b2)
 - Deleted: 0

[24/Apr/2023:13:01:25] UPDATING PRODUCTS (JobID: 55a6aba9-0087-4ce1-882a-28f8b6d007d5)
 - New and modified: 0

[24/Apr/2023:13:01:28] UPDATING PREPAGATI (JobID: ba7a44f5-557d-4c35-ae4a-398adaff428f)
 - New and modified: 0

[24/Apr/2023:13:01:28] DELETING PREPAGATI (JobID: ba7a44f5-557d-4c35-ae4a-398adaff428f)
 - Deleted: 0

[24/Apr/2023:13:20:04] UPDATING ACCOUNTS (JobID: e4bb5eba-7c01-453b-b93d-d120d655c269)
 - New and modified: 0

[24/Apr/2023:13:20:04] DELETING ACCOUNTS (JobID: e4bb5eba-7c01-453b-b93d-d120d655c269)
 - Deleted: 0

[24/Apr/2023:13:20:43] UPDATING PRODUCTS (JobID: dcb88a81-a04b-41e9-8358-e37fba68eb04)
 - New and modified: 0

[24/Apr/2023:13:20:45] UPDATING PREPAGATI (JobID: bebc7e6e-523a-4fe3-94e8-be9fba075b44)
 - New and modified: 0

[24/Apr/2023:13:20:45] DELETING PREPAGATI (JobID: bebc7e6e-523a-4fe3-94e8-be9fba075b44)
 - Deleted: 0

[24/Apr/2023:13:50:05] UPDATING ACCOUNTS (JobID: d70c7200-f8b0-4ed0-8968-2ac677b24f8f)
 - New and modified: 0

[24/Apr/2023:13:50:05] DELETING ACCOUNTS (JobID: d70c7200-f8b0-4ed0-8968-2ac677b24f8f)
 - Deleted: 0

[24/Apr/2023:13:50:48] UPDATING PRODUCTS (JobID: d6d516a8-98f3-4bd8-aa65-37e6e0e1830e)
 - New and modified: 0

[24/Apr/2023:13:50:50] UPDATING PREPAGATI (JobID: 1d9edb2a-59cc-4e86-9d35-9722c92c7d1f)
 - New and modified: 0

[24/Apr/2023:13:50:50] DELETING PREPAGATI (JobID: 1d9edb2a-59cc-4e86-9d35-9722c92c7d1f)
 - Deleted: 0

[24/Apr/2023:14:30:04] UPDATING ACCOUNTS (JobID: 87d71cae-befd-491d-9f61-29a32ffa01d0)
 - New and modified: 0

[24/Apr/2023:14:30:04] DELETING ACCOUNTS (JobID: 87d71cae-befd-491d-9f61-29a32ffa01d0)
 - Deleted: 0

[24/Apr/2023:14:30:45] UPDATING PRODUCTS (JobID: 690fb343-97e6-4648-b65e-d8863c1fc42a)
 - New and modified: 0

[24/Apr/2023:14:30:47] UPDATING PREPAGATI (JobID: d33f319d-6ac0-4578-84e1-617748ce8c49)
 - New and modified: 0

[24/Apr/2023:14:30:47] DELETING PREPAGATI (JobID: d33f319d-6ac0-4578-84e1-617748ce8c49)
 - Deleted: 0

[24/Apr/2023:15:10:04] UPDATING ACCOUNTS (JobID: ea3407cc-816f-402e-a944-8533c8445434)
 - New and modified: 0

[24/Apr/2023:15:10:04] DELETING ACCOUNTS (JobID: ea3407cc-816f-402e-a944-8533c8445434)
 - Deleted: 0

[24/Apr/2023:15:10:50] UPDATING PRODUCTS (JobID: f26ae902-95c0-4296-9f89-5e938c238a4c)
 - New and modified: 0

[24/Apr/2023:15:10:52] UPDATING PREPAGATI (JobID: 9c9c4cf3-6248-42a1-b8a1-10a773432cfb)
 - New and modified: 0

[24/Apr/2023:15:10:52] DELETING PREPAGATI (JobID: 9c9c4cf3-6248-42a1-b8a1-10a773432cfb)
 - Deleted: 0

[24/Apr/2023:15:40:04] UPDATING ACCOUNTS (JobID: 75ec7c62-9e4f-48e5-8642-50eded3b3a40)
 - New and modified: 0

[24/Apr/2023:15:40:04] DELETING ACCOUNTS (JobID: 75ec7c62-9e4f-48e5-8642-50eded3b3a40)
 - Deleted: 0

[24/Apr/2023:15:40:43] UPDATING PRODUCTS (JobID: ab1c516d-5055-485f-b5ba-e374ca7065b8)
 - New and modified: 0

[24/Apr/2023:15:40:45] UPDATING PREPAGATI (JobID: 34d6ed52-82a4-49e9-9e40-05453250273b)
 - New and modified: 0

[24/Apr/2023:15:40:45] DELETING PREPAGATI (JobID: 34d6ed52-82a4-49e9-9e40-05453250273b)
 - Deleted: 0

[24/Apr/2023:15:50:04] UPDATING ACCOUNTS (JobID: 02aaecb7-5b7f-49cf-8eef-ab5630c92541)
 - New and modified: 0

[24/Apr/2023:15:50:04] DELETING ACCOUNTS (JobID: 02aaecb7-5b7f-49cf-8eef-ab5630c92541)
 - Deleted: 0

[24/Apr/2023:15:50:48] UPDATING PRODUCTS (JobID: c84e08e3-59bf-49ae-a07c-493ab1965f42)
 - New and modified: 0

[24/Apr/2023:15:50:50] UPDATING PREPAGATI (JobID: 98cd7943-b5bb-4b23-a74f-d96021b96691)
 - New and modified: 0

[24/Apr/2023:15:50:50] DELETING PREPAGATI (JobID: 98cd7943-b5bb-4b23-a74f-d96021b96691)
 - Deleted: 0

[24/Apr/2023:16:30:04] UPDATING ACCOUNTS (JobID: 054a7444-db34-4379-b478-ab357e6ffb7d)
 - New and modified: 0

[24/Apr/2023:16:30:04] DELETING ACCOUNTS (JobID: 054a7444-db34-4379-b478-ab357e6ffb7d)
 - Deleted: 0

[24/Apr/2023:16:30:44] UPDATING PRODUCTS (JobID: 139b2e83-2c9f-438d-82b3-eede3c79984a)
 - New and modified: 0

[24/Apr/2023:16:30:46] UPDATING PREPAGATI (JobID: e687cfa9-bd08-473f-b853-dd360c597652)
 - New and modified: 0

[24/Apr/2023:16:30:46] DELETING PREPAGATI (JobID: e687cfa9-bd08-473f-b853-dd360c597652)
 - Deleted: 0

[24/Apr/2023:16:40:05] UPDATING ACCOUNTS (JobID: a4f18e25-bc0f-4969-af92-fed1488686d7)
 - New and modified: 0

[24/Apr/2023:16:40:05] DELETING ACCOUNTS (JobID: a4f18e25-bc0f-4969-af92-fed1488686d7)
 - Deleted: 0

[24/Apr/2023:16:40:45] UPDATING PRODUCTS (JobID: 8bcabf7a-5aef-4f91-9813-2b56f220aa83)
 - New and modified: 0

[24/Apr/2023:16:40:47] UPDATING PREPAGATI (JobID: 2af2f320-0710-4236-94e4-0d66a8ed2307)
 - New and modified: 0

[24/Apr/2023:16:40:47] DELETING PREPAGATI (JobID: 2af2f320-0710-4236-94e4-0d66a8ed2307)
 - Deleted: 0

[24/Apr/2023:16:50:04] UPDATING ACCOUNTS (JobID: 6453e168-6d42-4d0b-8ed8-db3d36c143ef)
 - New and modified: 0

[24/Apr/2023:16:50:04] DELETING ACCOUNTS (JobID: 6453e168-6d42-4d0b-8ed8-db3d36c143ef)
 - Deleted: 0

[24/Apr/2023:16:50:39] UPDATING PRODUCTS (JobID: 7654e93d-03fa-4110-b9db-60ec28172bb9)
 - New and modified: 0

[24/Apr/2023:16:50:41] UPDATING PREPAGATI (JobID: 1ce60684-4bad-4c66-b73f-0e47b20c6e2f)
 - New and modified: 0

[24/Apr/2023:16:50:41] DELETING PREPAGATI (JobID: 1ce60684-4bad-4c66-b73f-0e47b20c6e2f)
 - Deleted: 0

[24/Apr/2023:17:40:04] UPDATING ACCOUNTS (JobID: 1f1c745d-87bf-4fc8-acaf-9568775a09c9)
 - New and modified: 0

[24/Apr/2023:17:40:04] DELETING ACCOUNTS (JobID: 1f1c745d-87bf-4fc8-acaf-9568775a09c9)
 - Deleted: 0

[24/Apr/2023:17:40:43] UPDATING PRODUCTS (JobID: 4fa048c3-87f4-4a6b-9169-679b2c718bdf)
 - New and modified: 0

[24/Apr/2023:17:40:45] UPDATING PREPAGATI (JobID: b4dc452b-a6d5-4c10-8dc0-3143ec410ff0)
 - New and modified: 0

[24/Apr/2023:17:40:45] DELETING PREPAGATI (JobID: b4dc452b-a6d5-4c10-8dc0-3143ec410ff0)
 - Deleted: 0

[24/Apr/2023:18:00:10] UPDATING ACCOUNTS (JobID: f85f1885-a704-4878-aec5-38e6a9749701)
 - New and modified: 0

[24/Apr/2023:18:00:11] DELETING ACCOUNTS (JobID: f85f1885-a704-4878-aec5-38e6a9749701)
 - Deleted: 0

[24/Apr/2023:18:01:11] UPDATING PRODUCTS (JobID: eb8c42b2-5c1d-4f22-a893-2c0c73676184)
 - New and modified: 0

[24/Apr/2023:18:01:16] UPDATING PREPAGATI (JobID: 6020ea29-59fd-4dcb-9e93-1af0dbd51e85)
 - New and modified: 0

[24/Apr/2023:18:01:16] DELETING PREPAGATI (JobID: 6020ea29-59fd-4dcb-9e93-1af0dbd51e85)
 - Deleted: 0

[24/Apr/2023:18:30:04] UPDATING ACCOUNTS (JobID: bde78463-24c9-4b0c-bcef-1713bb3536d2)
 - New and modified: 0

[24/Apr/2023:18:30:04] DELETING ACCOUNTS (JobID: bde78463-24c9-4b0c-bcef-1713bb3536d2)
 - Deleted: 0

[24/Apr/2023:18:30:47] UPDATING PRODUCTS (JobID: 9ac1ddb7-e505-4914-a53f-a9448b1b7352)
 - New and modified: 0

[24/Apr/2023:18:30:49] UPDATING PREPAGATI (JobID: 0afb4c37-2bfd-4dbb-8a2a-8d570b01b3e6)
 - New and modified: 0

[24/Apr/2023:18:30:49] DELETING PREPAGATI (JobID: 0afb4c37-2bfd-4dbb-8a2a-8d570b01b3e6)
 - Deleted: 0

[24/Apr/2023:18:50:05] UPDATING ACCOUNTS (JobID: eaf5ef06-512e-4451-8c16-fa1656b095cf)
 - New and modified: 0

[24/Apr/2023:18:50:05] DELETING ACCOUNTS (JobID: eaf5ef06-512e-4451-8c16-fa1656b095cf)
 - Deleted: 0

[24/Apr/2023:18:50:46] UPDATING PRODUCTS (JobID: 6d627d68-dd1e-4323-b633-16a5aa72b846)
 - New and modified: 0

[24/Apr/2023:18:50:48] UPDATING PREPAGATI (JobID: 40021d94-99f9-44a6-b7d5-bd0ed93f39e5)
 - New and modified: 0

[24/Apr/2023:18:50:48] DELETING PREPAGATI (JobID: 40021d94-99f9-44a6-b7d5-bd0ed93f39e5)
 - Deleted: 0

[24/Apr/2023:19:00:18] UPDATING ACCOUNTS (JobID: 0df40e7b-c42e-41ea-8b5b-933286d990d9)
 - New and modified: 0

[24/Apr/2023:19:00:18] DELETING ACCOUNTS (JobID: 0df40e7b-c42e-41ea-8b5b-933286d990d9)
 - Deleted: 0

[24/Apr/2023:19:01:01] UPDATING PRODUCTS (JobID: 2081fce8-b37a-4c38-82f8-de43bd7bb66f)
 - New and modified: 0

[24/Apr/2023:19:01:03] UPDATING PREPAGATI (JobID: 6bc9c04e-917c-4338-8a75-d41cce0d7e75)
 - New and modified: 0

[24/Apr/2023:19:01:03] DELETING PREPAGATI (JobID: 6bc9c04e-917c-4338-8a75-d41cce0d7e75)
 - Deleted: 0

[24/Apr/2023:19:10:04] UPDATING ACCOUNTS (JobID: ba859aaf-474a-4fca-8091-fc0b46828b2c)
 - New and modified: 0

[24/Apr/2023:19:10:04] DELETING ACCOUNTS (JobID: ba859aaf-474a-4fca-8091-fc0b46828b2c)
 - Deleted: 0

[24/Apr/2023:19:10:44] UPDATING PRODUCTS (JobID: 1a20e5ee-c876-41aa-81c6-65ba7b1b88d8)
 - New and modified: 0

[24/Apr/2023:19:10:45] UPDATING PREPAGATI (JobID: 72f0f88e-b4a6-431f-9a82-d98d82729061)
 - New and modified: 0

[24/Apr/2023:19:10:45] DELETING PREPAGATI (JobID: 72f0f88e-b4a6-431f-9a82-d98d82729061)
 - Deleted: 0

[24/Apr/2023:19:40:04] UPDATING ACCOUNTS (JobID: 3e5280c8-2956-4182-baa3-9f306524e2fa)
 - New and modified: 0

[24/Apr/2023:19:40:04] DELETING ACCOUNTS (JobID: 3e5280c8-2956-4182-baa3-9f306524e2fa)
 - Deleted: 0

[24/Apr/2023:19:40:41] UPDATING PRODUCTS (JobID: f70a9646-b298-491d-b3a6-119452aee803)
 - New and modified: 0

[24/Apr/2023:19:40:42] UPDATING PREPAGATI (JobID: 9c929e9c-4c35-47ab-95e2-4c209a5a3761)
 - New and modified: 0

[24/Apr/2023:19:40:42] DELETING PREPAGATI (JobID: 9c929e9c-4c35-47ab-95e2-4c209a5a3761)
 - Deleted: 0

[24/Apr/2023:20:00:05] UPDATING ACCOUNTS (JobID: bbf8e2e0-2ec7-49d4-9b28-19950781f355)
 - New and modified: 0

[24/Apr/2023:20:00:05] DELETING ACCOUNTS (JobID: bbf8e2e0-2ec7-49d4-9b28-19950781f355)
 - Deleted: 0

[24/Apr/2023:20:00:44] UPDATING PRODUCTS (JobID: 82444ef9-d7c6-4a2e-89cb-d8bad5c5af72)
 - New and modified: 0

[24/Apr/2023:20:00:46] UPDATING PREPAGATI (JobID: 0ed3e997-e735-4152-a75a-4b8333e636f3)
 - New and modified: 0

[24/Apr/2023:20:00:46] DELETING PREPAGATI (JobID: 0ed3e997-e735-4152-a75a-4b8333e636f3)
 - Deleted: 0

[24/Apr/2023:20:20:04] UPDATING ACCOUNTS (JobID: 6ae02301-cfce-4edb-9712-7aa86f0134c7)
 - New and modified: 0

[24/Apr/2023:20:20:04] DELETING ACCOUNTS (JobID: 6ae02301-cfce-4edb-9712-7aa86f0134c7)
 - Deleted: 0

[24/Apr/2023:20:20:41] UPDATING PRODUCTS (JobID: a5ba6976-5a0e-4bea-afcf-d534035e333f)
 - New and modified: 0

[24/Apr/2023:20:20:43] UPDATING PREPAGATI (JobID: 74008785-c352-44d0-9bfe-8468d223f7b0)
 - New and modified: 0

[24/Apr/2023:20:20:43] DELETING PREPAGATI (JobID: 74008785-c352-44d0-9bfe-8468d223f7b0)
 - Deleted: 0

[24/Apr/2023:21:30:04] UPDATING ACCOUNTS (JobID: 974f0866-94cc-4c31-bcb6-c9537e0965fa)
 - New and modified: 0

[24/Apr/2023:21:30:04] DELETING ACCOUNTS (JobID: 974f0866-94cc-4c31-bcb6-c9537e0965fa)
 - Deleted: 0

[24/Apr/2023:21:30:41] UPDATING PRODUCTS (JobID: 2ce22dbb-e394-46b3-b7b5-458f8c707bcc)
 - New and modified: 0

[24/Apr/2023:21:30:45] UPDATING PREPAGATI (JobID: 023d23d5-f818-45af-aa22-3b7e98ca224d)
 - New and modified: 0

[24/Apr/2023:21:30:45] DELETING PREPAGATI (JobID: 023d23d5-f818-45af-aa22-3b7e98ca224d)
 - Deleted: 0

[24/Apr/2023:21:50:04] UPDATING ACCOUNTS (JobID: aa25f49b-bcbb-44a6-a31e-165237ec271b)
 - New and modified: 0

[24/Apr/2023:21:50:04] DELETING ACCOUNTS (JobID: aa25f49b-bcbb-44a6-a31e-165237ec271b)
 - Deleted: 0

[24/Apr/2023:21:50:43] UPDATING PRODUCTS (JobID: 48247712-4976-42a7-8a60-c14e148ea952)
 - New and modified: 0

[24/Apr/2023:21:50:44] UPDATING PREPAGATI (JobID: 8f07874e-8a6d-4b3e-97a3-9963e116b37a)
 - New and modified: 0

[24/Apr/2023:21:50:44] DELETING PREPAGATI (JobID: 8f07874e-8a6d-4b3e-97a3-9963e116b37a)
 - Deleted: 0

[24/Apr/2023:22:10:04] UPDATING ACCOUNTS (JobID: 1cc38352-e910-4c5e-8549-9c31d70f7159)
 - New and modified: 0

[24/Apr/2023:22:10:04] DELETING ACCOUNTS (JobID: 1cc38352-e910-4c5e-8549-9c31d70f7159)
 - Deleted: 0

[24/Apr/2023:22:10:41] UPDATING PRODUCTS (JobID: 42e1910e-d2e2-411f-a8dc-f6735e6c47da)
 - New and modified: 0

[24/Apr/2023:22:10:43] UPDATING PREPAGATI (JobID: 375b7e4b-cc6e-4586-8c0d-74fef0d7bc71)
 - New and modified: 0

[24/Apr/2023:22:10:43] DELETING PREPAGATI (JobID: 375b7e4b-cc6e-4586-8c0d-74fef0d7bc71)
 - Deleted: 0

[24/Apr/2023:23:00:04] UPDATING ACCOUNTS (JobID: 67ae9cbd-3a5f-49fd-bca6-bc41768dc429)
 - New and modified: 0

[24/Apr/2023:23:00:04] DELETING ACCOUNTS (JobID: 67ae9cbd-3a5f-49fd-bca6-bc41768dc429)
 - Deleted: 0

[24/Apr/2023:23:00:39] UPDATING PRODUCTS (JobID: 64882df1-6cc3-457d-b282-3c3e9bb8b278)
 - New and modified: 0

[24/Apr/2023:23:00:41] UPDATING PREPAGATI (JobID: e52e9a9b-bb4d-4479-98cd-236ae20457fc)
 - New and modified: 0

[24/Apr/2023:23:00:41] DELETING PREPAGATI (JobID: e52e9a9b-bb4d-4479-98cd-236ae20457fc)
 - Deleted: 0

[24/Apr/2023:23:50:05] UPDATING ACCOUNTS (JobID: 4ba800ba-4008-4fc1-a23d-08ae9494d74b)
 - New and modified: 0

[24/Apr/2023:23:50:05] DELETING ACCOUNTS (JobID: 4ba800ba-4008-4fc1-a23d-08ae9494d74b)
 - Deleted: 0

[24/Apr/2023:23:50:47] UPDATING PRODUCTS (JobID: ca29c537-4a04-4034-b8b8-abd2bb54093e)
 - New and modified: 0

[24/Apr/2023:23:50:49] UPDATING PREPAGATI (JobID: fcb7d130-8ea3-49a4-b633-ed1f04d63d42)
 - New and modified: 0

[24/Apr/2023:23:50:49] DELETING PREPAGATI (JobID: fcb7d130-8ea3-49a4-b633-ed1f04d63d42)
 - Deleted: 0

