[18/Oct/2023:00:00:04] UPDATING ACCOUNTS (JobID: c6c2225c-27dc-4e81-9d72-29c9bffb2202)
 - New and modified: 0

[18/Oct/2023:00:00:04] DELETING ACCOUNTS (JobID: c6c2225c-27dc-4e81-9d72-29c9bffb2202)
 - Deleted: 0

[18/Oct/2023:00:00:38] UPDATING PRODUCTS (JobID: c37c502c-65a4-43aa-9a50-1f28e00948f9)
 - New and modified: 0

[18/Oct/2023:00:00:41] UPDATING PREPAGATI (JobID: 4b10c0d0-aca7-4f58-8103-b233958a5c81)
 - New and modified: 0

[18/Oct/2023:00:00:41] DELETING PREPAGATI (JobID: 4b10c0d0-aca7-4f58-8103-b233958a5c81)
 - Deleted: 0

[18/Oct/2023:00:30:09] UPDATING ACCOUNTS (JobID: 3b6dd4ef-8820-45a7-9f06-5be6796e3831)
 - New and modified: 0

[18/Oct/2023:00:30:09] DELETING ACCOUNTS (JobID: 3b6dd4ef-8820-45a7-9f06-5be6796e3831)
 - Deleted: 0

[18/Oct/2023:00:30:40] UPDATING PRODUCTS (JobID: a9de0a07-94eb-4f23-affb-6814bcf6bf19)
 - New and modified: 0

[18/Oct/2023:00:30:43] UPDATING PREPAGATI (JobID: a62c18b8-f968-4e1b-b0aa-5946ba5d1532)
 - New and modified: 0

[18/Oct/2023:00:30:43] DELETING PREPAGATI (JobID: a62c18b8-f968-4e1b-b0aa-5946ba5d1532)
 - Deleted: 0

[18/Oct/2023:01:00:04] UPDATING ACCOUNTS (JobID: 1c0a5112-3b8b-49f1-b340-f67cb545d9d7)
 - New and modified: 0

[18/Oct/2023:01:00:04] DELETING ACCOUNTS (JobID: 1c0a5112-3b8b-49f1-b340-f67cb545d9d7)
 - Deleted: 0

[18/Oct/2023:01:00:39] UPDATING PRODUCTS (JobID: 9cc90394-3aba-49d5-8c14-f53e1069cfb8)
 - New and modified: 0

[18/Oct/2023:01:00:41] UPDATING PREPAGATI (JobID: 8717fb2d-cac5-443a-bb79-ebdc1d1d2f35)
 - New and modified: 0

[18/Oct/2023:01:00:41] DELETING PREPAGATI (JobID: 8717fb2d-cac5-443a-bb79-ebdc1d1d2f35)
 - Deleted: 0

[18/Oct/2023:02:00:09] UPDATING ACCOUNTS (JobID: 6ce38933-dbe6-46f8-8293-b44d69307c51)
 - New and modified: 0

[18/Oct/2023:02:00:09] DELETING ACCOUNTS (JobID: 6ce38933-dbe6-46f8-8293-b44d69307c51)
 - Deleted: 0

[18/Oct/2023:02:00:43] UPDATING PRODUCTS (JobID: 1a6f4253-6da3-4109-8dec-c1f73e20f3fc)
 - New and modified: 0

[18/Oct/2023:02:00:47] UPDATING PREPAGATI (JobID: 430ed4bd-e834-4b58-b3c6-91b2bd08fcb9)
 - New and modified: 0

[18/Oct/2023:02:00:47] DELETING PREPAGATI (JobID: 430ed4bd-e834-4b58-b3c6-91b2bd08fcb9)
 - Deleted: 0

[18/Oct/2023:03:30:10] UPDATING ACCOUNTS (JobID: b271e6dd-5a8d-4393-a392-87318fc2b696)
 - New and modified: 0

[18/Oct/2023:03:30:10] DELETING ACCOUNTS (JobID: b271e6dd-5a8d-4393-a392-87318fc2b696)
 - Deleted: 0

[18/Oct/2023:03:30:43] UPDATING PRODUCTS (JobID: 8567267e-8099-4f32-a60b-6435668f34c9)
 - New and modified: 0

[18/Oct/2023:03:30:46] UPDATING PREPAGATI (JobID: f6062293-e71a-46ab-b37d-5db03c2650a7)
 - New and modified: 0

[18/Oct/2023:03:30:46] DELETING PREPAGATI (JobID: f6062293-e71a-46ab-b37d-5db03c2650a7)
 - Deleted: 0

[18/Oct/2023:04:00:04] UPDATING ACCOUNTS (JobID: dcca95dc-01fe-4101-9396-0597572a7348)
 - New and modified: 0

[18/Oct/2023:04:00:04] DELETING ACCOUNTS (JobID: dcca95dc-01fe-4101-9396-0597572a7348)
 - Deleted: 0

[18/Oct/2023:04:00:37] UPDATING PRODUCTS (JobID: 5d011ad0-c1d2-40f3-94b1-1ff122d564a7)
 - New and modified: 0

[18/Oct/2023:04:00:40] UPDATING PREPAGATI (JobID: c6db504a-0133-4eb0-a8c1-d11eddcf9561)
 - New and modified: 0

[18/Oct/2023:04:00:40] DELETING PREPAGATI (JobID: c6db504a-0133-4eb0-a8c1-d11eddcf9561)
 - Deleted: 0

[18/Oct/2023:05:30:04] UPDATING ACCOUNTS (JobID: 5f97ffe6-2e7e-4fe0-9e0a-d7c40153c899)
 - New and modified: 0

[18/Oct/2023:05:30:04] DELETING ACCOUNTS (JobID: 5f97ffe6-2e7e-4fe0-9e0a-d7c40153c899)
 - Deleted: 0

[18/Oct/2023:05:30:36] UPDATING PRODUCTS (JobID: 7568ecaa-9337-4fc4-b886-a8818f267232)
 - New and modified: 0

[18/Oct/2023:05:30:39] UPDATING PREPAGATI (JobID: 7d9f1ad7-d0df-4667-b750-70df7b918731)
 - New and modified: 0

[18/Oct/2023:05:30:39] DELETING PREPAGATI (JobID: 7d9f1ad7-d0df-4667-b750-70df7b918731)
 - Deleted: 0

[18/Oct/2023:06:00:10] UPDATING ACCOUNTS (JobID: fdea8b94-a376-4a33-8618-b91dc13e162d)
 - New and modified: 0

[18/Oct/2023:06:00:10] DELETING ACCOUNTS (JobID: fdea8b94-a376-4a33-8618-b91dc13e162d)
 - Deleted: 0

[18/Oct/2023:06:00:43] UPDATING PRODUCTS (JobID: 9da2eca6-ce91-49e2-bdd6-8e7213380c29)
 - New and modified: 0

[18/Oct/2023:06:00:47] UPDATING PREPAGATI (JobID: 614fe3c7-6021-432e-8b57-373ca8d66b68)
 - New and modified: 0

[18/Oct/2023:06:00:47] DELETING PREPAGATI (JobID: 614fe3c7-6021-432e-8b57-373ca8d66b68)
 - Deleted: 0

[18/Oct/2023:07:30:09] UPDATING ACCOUNTS (JobID: f2bf8ec2-e006-4857-84cd-9038fd7ea451)
 - New and modified: 0

[18/Oct/2023:07:30:09] DELETING ACCOUNTS (JobID: f2bf8ec2-e006-4857-84cd-9038fd7ea451)
 - Deleted: 0

[18/Oct/2023:07:30:44] UPDATING PRODUCTS (JobID: 5c164a0e-d7bc-4441-b9d1-c13848f0fcdd)
 - New and modified: 0

[18/Oct/2023:07:30:47] UPDATING PREPAGATI (JobID: 1177cc81-5bad-4f7b-a930-09df0b6aba6e)
 - New and modified: 0

[18/Oct/2023:07:30:47] DELETING PREPAGATI (JobID: 1177cc81-5bad-4f7b-a930-09df0b6aba6e)
 - Deleted: 0

[18/Oct/2023:08:00:10] UPDATING ACCOUNTS (JobID: af2505e0-5555-4025-a5b7-60c4c110ee70)
 - New and modified: 0

[18/Oct/2023:08:00:10] DELETING ACCOUNTS (JobID: af2505e0-5555-4025-a5b7-60c4c110ee70)
 - Deleted: 0

[18/Oct/2023:08:00:45] UPDATING PRODUCTS (JobID: 851884f4-67ca-4e5b-bbdb-5e3b60134753)
 - New and modified: 0

[18/Oct/2023:08:00:49] UPDATING PREPAGATI (JobID: db9ec962-2be9-4dad-9b1f-20acf1ed9109)
 - New and modified: 0

[18/Oct/2023:08:00:49] DELETING PREPAGATI (JobID: db9ec962-2be9-4dad-9b1f-20acf1ed9109)
 - Deleted: 0

[18/Oct/2023:09:30:04] UPDATING ACCOUNTS (JobID: 3ea50180-e726-4662-9f09-033ca52ddd35)
 - New and modified: 0

[18/Oct/2023:09:30:04] DELETING ACCOUNTS (JobID: 3ea50180-e726-4662-9f09-033ca52ddd35)
 - Deleted: 0

[18/Oct/2023:09:30:37] UPDATING PRODUCTS (JobID: 53fde662-9d5a-4ed3-b7be-543b5d89e7ea)
 - New and modified: 0

[18/Oct/2023:09:30:40] UPDATING PREPAGATI (JobID: 301e0a7c-a0cc-4ed1-8ac6-57a54b528a58)
 - New and modified: 0

[18/Oct/2023:09:30:40] DELETING PREPAGATI (JobID: 301e0a7c-a0cc-4ed1-8ac6-57a54b528a58)
 - Deleted: 0

[18/Oct/2023:10:00:03] UPDATING ACCOUNTS (JobID: f818315d-cf2a-493a-b3f9-d1db3409d09d)
 - New and modified: 0

[18/Oct/2023:10:00:03] DELETING ACCOUNTS (JobID: f818315d-cf2a-493a-b3f9-d1db3409d09d)
 - Deleted: 0

[18/Oct/2023:10:00:36] UPDATING PRODUCTS (JobID: f0d7965d-862c-4eaa-98d4-b1e36d4d7fd7)
 - New and modified: 0

[18/Oct/2023:10:00:38] UPDATING PREPAGATI (JobID: 56d00940-e4e9-4014-ad96-d5feabcf9bf8)
 - New and modified: 0

[18/Oct/2023:10:00:38] DELETING PREPAGATI (JobID: 56d00940-e4e9-4014-ad96-d5feabcf9bf8)
 - Deleted: 0

[18/Oct/2023:12:00:11] UPDATING ACCOUNTS (JobID: e2f0d496-804b-4cc1-a727-30c732f55f95)
 - New and modified: 0

[18/Oct/2023:12:00:11] DELETING ACCOUNTS (JobID: e2f0d496-804b-4cc1-a727-30c732f55f95)
 - Deleted: 0

[18/Oct/2023:12:00:43] UPDATING PRODUCTS (JobID: fb2aba52-175e-46ed-afb2-81d08c78ce86)
 - New and modified: 0

[18/Oct/2023:12:00:47] UPDATING PREPAGATI (JobID: 3c73180f-ab68-46ec-a148-eaa2db40b41a)
 - New and modified: 0

[18/Oct/2023:12:00:47] DELETING PREPAGATI (JobID: 3c73180f-ab68-46ec-a148-eaa2db40b41a)
 - Deleted: 0

[18/Oct/2023:12:30:04] UPDATING ACCOUNTS (JobID: 933e2c46-559c-463d-8a62-6129cf22c0f9)
 - New and modified: 0

[18/Oct/2023:12:30:04] DELETING ACCOUNTS (JobID: 933e2c46-559c-463d-8a62-6129cf22c0f9)
 - Deleted: 0

[18/Oct/2023:12:30:40] UPDATING PRODUCTS (JobID: a0a43893-f444-48e5-802d-5c776ea69740)
 - New and modified: 0

[18/Oct/2023:12:30:44] UPDATING PREPAGATI (JobID: 4c9e5f92-5a65-47ca-8b40-633a3e8dd72e)
 - New and modified: 0

[18/Oct/2023:12:30:44] DELETING PREPAGATI (JobID: 4c9e5f92-5a65-47ca-8b40-633a3e8dd72e)
 - Deleted: 0

[18/Oct/2023:13:00:07] UPDATING ACCOUNTS (JobID: 617b1885-8dee-4ba7-9a84-22111fd36117)
 - New and modified: 0

[18/Oct/2023:13:00:07] DELETING ACCOUNTS (JobID: 617b1885-8dee-4ba7-9a84-22111fd36117)
 - Deleted: 0

[18/Oct/2023:13:00:40] UPDATING PRODUCTS (JobID: 96435e32-24e3-425e-ac9a-2751054ea030)
 - New and modified: 0

[18/Oct/2023:13:00:43] UPDATING PREPAGATI (JobID: 5c4c4ca0-44c6-4dd6-a05d-2582d0e16b60)
 - New and modified: 0

[18/Oct/2023:13:00:43] DELETING PREPAGATI (JobID: 5c4c4ca0-44c6-4dd6-a05d-2582d0e16b60)
 - Deleted: 0

[18/Oct/2023:14:30:04] UPDATING ACCOUNTS (JobID: f2e4a8a9-ff9b-4218-9059-bdb250888113)
 - New and modified: 0

[18/Oct/2023:14:30:04] DELETING ACCOUNTS (JobID: f2e4a8a9-ff9b-4218-9059-bdb250888113)
 - Deleted: 0

[18/Oct/2023:14:30:38] UPDATING PRODUCTS (JobID: f9c7de80-12f6-4422-ac5d-e0c640929ba4)
 - New and modified: 0

[18/Oct/2023:14:30:41] UPDATING PREPAGATI (JobID: 28fcc09e-b97d-48d4-b14e-cf7fe4baab45)
 - New and modified: 0

[18/Oct/2023:14:30:41] DELETING PREPAGATI (JobID: 28fcc09e-b97d-48d4-b14e-cf7fe4baab45)
 - Deleted: 0

[18/Oct/2023:17:00:07] UPDATING ACCOUNTS (JobID: 4b5531ee-596e-40a1-a0ca-ace8b7fab7dc)
 - New and modified: 0

[18/Oct/2023:17:00:07] DELETING ACCOUNTS (JobID: 4b5531ee-596e-40a1-a0ca-ace8b7fab7dc)
 - Deleted: 0

[18/Oct/2023:17:00:41] UPDATING PRODUCTS (JobID: 472aa548-f933-47de-a795-99885c01589b)
 - New and modified: 0

[18/Oct/2023:17:00:44] UPDATING PREPAGATI (JobID: 88a20ac6-7291-4d84-ae47-bdda1883a8d5)
 - New and modified: 0

[18/Oct/2023:17:00:44] DELETING PREPAGATI (JobID: 88a20ac6-7291-4d84-ae47-bdda1883a8d5)
 - Deleted: 0

[18/Oct/2023:17:30:09] UPDATING ACCOUNTS (JobID: 1887ecaa-8dc6-4751-af4b-d3a38ac95d40)
 - New and modified: 0

[18/Oct/2023:17:30:09] DELETING ACCOUNTS (JobID: 1887ecaa-8dc6-4751-af4b-d3a38ac95d40)
 - Deleted: 0

[18/Oct/2023:17:30:40] UPDATING PRODUCTS (JobID: f3851a77-14a0-4ff9-9d74-1f9c2ee61004)
 - New and modified: 0

[18/Oct/2023:17:30:43] UPDATING PREPAGATI (JobID: 8114acbc-286f-4f74-bde6-cb7abb049b62)
 - New and modified: 0

[18/Oct/2023:17:30:43] DELETING PREPAGATI (JobID: 8114acbc-286f-4f74-bde6-cb7abb049b62)
 - Deleted: 0

[18/Oct/2023:18:30:07] UPDATING ACCOUNTS (JobID: 6262abe9-c99c-4797-a650-c23fad4506ef)
 - New and modified: 0

[18/Oct/2023:18:30:07] DELETING ACCOUNTS (JobID: 6262abe9-c99c-4797-a650-c23fad4506ef)
 - Deleted: 0

[18/Oct/2023:18:30:40] UPDATING PRODUCTS (JobID: 56c08527-9b2c-4c60-9061-40c2eb26dc49)
 - New and modified: 0

[18/Oct/2023:18:30:44] UPDATING PREPAGATI (JobID: f6a391a0-873a-44c2-90dd-b00a4cf07ed3)
 - New and modified: 0

[18/Oct/2023:18:30:44] DELETING PREPAGATI (JobID: f6a391a0-873a-44c2-90dd-b00a4cf07ed3)
 - Deleted: 0

[18/Oct/2023:19:00:23] UPDATING ACCOUNTS (JobID: 879610a0-806e-423d-95fa-8d0827f1dadb)
 - New and modified: 0

[18/Oct/2023:19:00:23] DELETING ACCOUNTS (JobID: 879610a0-806e-423d-95fa-8d0827f1dadb)
 - Deleted: 0

[18/Oct/2023:19:00:55] UPDATING PRODUCTS (JobID: 212b931a-ba57-444f-9c3a-bf68a45476f5)
 - New and modified: 0

[18/Oct/2023:19:00:59] UPDATING PREPAGATI (JobID: e70015f0-fbec-4480-a8d2-e4e7e847fccf)
 - New and modified: 0

[18/Oct/2023:19:00:59] DELETING PREPAGATI (JobID: e70015f0-fbec-4480-a8d2-e4e7e847fccf)
 - Deleted: 0

[18/Oct/2023:19:30:05] UPDATING ACCOUNTS (JobID: bf31bfc3-919b-41d4-b10f-7b621618c236)
 - New and modified: 0

[18/Oct/2023:19:30:05] DELETING ACCOUNTS (JobID: bf31bfc3-919b-41d4-b10f-7b621618c236)
 - Deleted: 0

[18/Oct/2023:19:30:37] UPDATING PRODUCTS (JobID: f583d891-fcca-4e54-a76d-d97e7272234a)
 - New and modified: 0

[18/Oct/2023:19:30:39] UPDATING PREPAGATI (JobID: 2b5ca2a3-7a54-42f5-820d-8a1a69daebeb)
 - New and modified: 0

[18/Oct/2023:19:30:39] DELETING PREPAGATI (JobID: 2b5ca2a3-7a54-42f5-820d-8a1a69daebeb)
 - Deleted: 0

[18/Oct/2023:20:00:10] UPDATING ACCOUNTS (JobID: d613d922-d942-4e3c-9976-8e47c3e7ceda)
 - New and modified: 0

[18/Oct/2023:20:00:10] DELETING ACCOUNTS (JobID: d613d922-d942-4e3c-9976-8e47c3e7ceda)
 - Deleted: 0

[18/Oct/2023:20:00:44] UPDATING PRODUCTS (JobID: 1fd1ddf0-7cfa-4f5e-bb36-c8ad9fce9f29)
 - New and modified: 0

[18/Oct/2023:20:00:47] UPDATING PREPAGATI (JobID: a7c73a51-b989-4f48-82b6-e290dfa46396)
 - New and modified: 0

[18/Oct/2023:20:00:47] DELETING PREPAGATI (JobID: a7c73a51-b989-4f48-82b6-e290dfa46396)
 - Deleted: 0

[18/Oct/2023:20:30:10] UPDATING ACCOUNTS (JobID: d7d46079-55a7-46f2-878d-8cd732edd369)
 - New and modified: 0

[18/Oct/2023:20:30:10] DELETING ACCOUNTS (JobID: d7d46079-55a7-46f2-878d-8cd732edd369)
 - Deleted: 0

[18/Oct/2023:20:30:44] UPDATING PRODUCTS (JobID: 71e9a562-f394-4c80-a953-db8a878b8cc7)
 - New and modified: 0

[18/Oct/2023:20:30:48] UPDATING PREPAGATI (JobID: de229526-d72e-41e3-81cd-1ca3825deb5e)
 - New and modified: 0

[18/Oct/2023:20:30:48] DELETING PREPAGATI (JobID: de229526-d72e-41e3-81cd-1ca3825deb5e)
 - Deleted: 0

[18/Oct/2023:22:30:04] UPDATING ACCOUNTS (JobID: 04c4b296-936d-42f0-810b-920e1e26f2ea)
 - New and modified: 0

[18/Oct/2023:22:30:04] DELETING ACCOUNTS (JobID: 04c4b296-936d-42f0-810b-920e1e26f2ea)
 - Deleted: 0

[18/Oct/2023:22:30:37] UPDATING PRODUCTS (JobID: f88a5e6d-f3cf-4c0d-81b1-4ec520340eb7)
 - New and modified: 0

[18/Oct/2023:22:30:40] UPDATING PREPAGATI (JobID: 827e447b-5663-4677-bf81-46344752429c)
 - New and modified: 0

[18/Oct/2023:22:30:40] DELETING PREPAGATI (JobID: 827e447b-5663-4677-bf81-46344752429c)
 - Deleted: 0

