[27/Oct/2023:00:00:04] UPDATING ACCOUNTS (JobID: 69f1a427-b870-4bae-8911-b6e24985ad22)
 - New and modified: 0

[27/Oct/2023:00:00:04] DELETING ACCOUNTS (JobID: 69f1a427-b870-4bae-8911-b6e24985ad22)
 - Deleted: 0

[27/Oct/2023:00:00:38] UPDATING PRODUCTS (JobID: a4b77bc4-5aab-49e5-b69a-788455670420)
 - New and modified: 0

[27/Oct/2023:00:00:40] UPDATING PREPAGATI (JobID: c76c1f7f-2904-4cd0-8aeb-853ccddc3184)
 - New and modified: 0

[27/Oct/2023:00:00:40] DELETING PREPAGATI (JobID: c76c1f7f-2904-4cd0-8aeb-853ccddc3184)
 - Deleted: 0

[27/Oct/2023:00:30:09] UPDATING ACCOUNTS (JobID: 5887ed56-644e-451e-89b8-875988fc58cd)
 - New and modified: 0

[27/Oct/2023:00:30:09] DELETING ACCOUNTS (JobID: 5887ed56-644e-451e-89b8-875988fc58cd)
 - Deleted: 0

[27/Oct/2023:00:30:43] UPDATING PRODUCTS (JobID: ae624559-7473-4433-ba3b-44cc1de90e46)
 - New and modified: 0

[27/Oct/2023:00:30:46] UPDATING PREPAGATI (JobID: b825e0ed-a0f6-4e93-b24b-7af82760e1b4)
 - New and modified: 0

[27/Oct/2023:00:30:46] DELETING PREPAGATI (JobID: b825e0ed-a0f6-4e93-b24b-7af82760e1b4)
 - Deleted: 0

[27/Oct/2023:02:00:08] UPDATING ACCOUNTS (JobID: 6aa5d71f-831f-44ed-a2fb-91a94beb3565)
 - New and modified: 0

[27/Oct/2023:02:00:08] DELETING ACCOUNTS (JobID: 6aa5d71f-831f-44ed-a2fb-91a94beb3565)
 - Deleted: 0

[27/Oct/2023:02:00:42] UPDATING PRODUCTS (JobID: b1645872-0a29-4333-8267-0b698684e318)
 - New and modified: 0

[27/Oct/2023:02:00:45] UPDATING PREPAGATI (JobID: 78eb1116-e4b9-4252-b1f8-4dfc5b958e07)
 - New and modified: 0

[27/Oct/2023:02:00:45] DELETING PREPAGATI (JobID: 78eb1116-e4b9-4252-b1f8-4dfc5b958e07)
 - Deleted: 0

[27/Oct/2023:02:30:04] UPDATING ACCOUNTS (JobID: 224f2778-48b9-464d-a7ed-788e297e8d92)
 - New and modified: 0

[27/Oct/2023:02:30:04] DELETING ACCOUNTS (JobID: 224f2778-48b9-464d-a7ed-788e297e8d92)
 - Deleted: 0

[27/Oct/2023:02:30:39] UPDATING PRODUCTS (JobID: 9f1e03d7-c608-44f8-a4f6-5d68ad1f9e14)
 - New and modified: 0

[27/Oct/2023:02:30:40] UPDATING PREPAGATI (JobID: 1d1a4326-b73b-4250-a86f-bdcf5f797ec5)
 - New and modified: 0

[27/Oct/2023:02:30:40] DELETING PREPAGATI (JobID: 1d1a4326-b73b-4250-a86f-bdcf5f797ec5)
 - Deleted: 0

[27/Oct/2023:03:00:10] UPDATING ACCOUNTS (JobID: 701544fd-03e3-43bc-879a-ce284d3a9ba5)
 - New and modified: 0

[27/Oct/2023:03:00:10] DELETING ACCOUNTS (JobID: 701544fd-03e3-43bc-879a-ce284d3a9ba5)
 - Deleted: 0

[27/Oct/2023:03:00:42] UPDATING PRODUCTS (JobID: 060c293d-fe7c-48bb-a6a0-5139703f5ead)
 - New and modified: 0

[27/Oct/2023:03:00:46] UPDATING PREPAGATI (JobID: b8d048ae-6e3f-433f-933e-5c0a957863af)
 - New and modified: 0

[27/Oct/2023:03:00:46] DELETING PREPAGATI (JobID: b8d048ae-6e3f-433f-933e-5c0a957863af)
 - Deleted: 0

[27/Oct/2023:03:30:04] UPDATING ACCOUNTS (JobID: dc6d5203-6287-4e39-a068-832655f5c1ac)
 - New and modified: 0

[27/Oct/2023:03:30:04] DELETING ACCOUNTS (JobID: dc6d5203-6287-4e39-a068-832655f5c1ac)
 - Deleted: 0

[27/Oct/2023:03:30:36] UPDATING PRODUCTS (JobID: 3f0a34dc-ba45-4824-8838-9c6a549afdf8)
 - New and modified: 0

[27/Oct/2023:03:30:38] UPDATING PREPAGATI (JobID: f5aa90ee-b07c-4a98-8a2e-b5caf01079ef)
 - New and modified: 0

[27/Oct/2023:03:30:38] DELETING PREPAGATI (JobID: f5aa90ee-b07c-4a98-8a2e-b5caf01079ef)
 - Deleted: 0

[27/Oct/2023:04:00:09] UPDATING ACCOUNTS (JobID: dde7882e-d26b-4190-ab43-2b6c06cae1dc)
 - New and modified: 0

[27/Oct/2023:04:00:09] DELETING ACCOUNTS (JobID: dde7882e-d26b-4190-ab43-2b6c06cae1dc)
 - Deleted: 0

[27/Oct/2023:04:00:44] UPDATING PRODUCTS (JobID: 1399d64e-d65e-4b0c-bc3d-c0b53b744707)
 - New and modified: 0

[27/Oct/2023:04:00:47] UPDATING PREPAGATI (JobID: 9d44888f-0652-44a0-b493-89ca16e2a74d)
 - New and modified: 0

[27/Oct/2023:04:00:47] DELETING PREPAGATI (JobID: 9d44888f-0652-44a0-b493-89ca16e2a74d)
 - Deleted: 0

[27/Oct/2023:04:30:12] UPDATING ACCOUNTS (JobID: 9e3a39c4-f868-47de-b0d5-f26403791620)
 - New and modified: 0

[27/Oct/2023:04:30:12] DELETING ACCOUNTS (JobID: 9e3a39c4-f868-47de-b0d5-f26403791620)
 - Deleted: 0

[27/Oct/2023:04:30:47] UPDATING PRODUCTS (JobID: bd01c68c-4d95-42aa-9a8c-9473957a6ae0)
 - New and modified: 0

[27/Oct/2023:04:30:51] UPDATING PREPAGATI (JobID: da7b51f8-23f1-410c-9303-076c4d15a0fa)
 - New and modified: 0

[27/Oct/2023:04:30:51] DELETING PREPAGATI (JobID: da7b51f8-23f1-410c-9303-076c4d15a0fa)
 - Deleted: 0

[27/Oct/2023:05:00:08] UPDATING ACCOUNTS (JobID: e9eda3c4-5431-4c24-ac08-3ebf5a63cb3f)
 - New and modified: 0

[27/Oct/2023:05:00:08] DELETING ACCOUNTS (JobID: e9eda3c4-5431-4c24-ac08-3ebf5a63cb3f)
 - Deleted: 0

[27/Oct/2023:05:00:40] UPDATING PRODUCTS (JobID: 81eecec6-5df3-41e9-bc74-78cffc7776ef)
 - New and modified: 0

[27/Oct/2023:05:00:44] UPDATING PREPAGATI (JobID: b76338c0-5826-4a89-837b-50eeec5cf18e)
 - New and modified: 0

[27/Oct/2023:05:00:44] DELETING PREPAGATI (JobID: b76338c0-5826-4a89-837b-50eeec5cf18e)
 - Deleted: 0

[27/Oct/2023:05:30:09] UPDATING ACCOUNTS (JobID: eefa215d-5e3e-4c2d-83c8-08c175e25447)
 - New and modified: 0

[27/Oct/2023:05:30:09] DELETING ACCOUNTS (JobID: eefa215d-5e3e-4c2d-83c8-08c175e25447)
 - Deleted: 0

[27/Oct/2023:05:30:42] UPDATING PRODUCTS (JobID: c1db4cff-6b9d-4465-9d22-bd9892a4f7d5)
 - New and modified: 0

[27/Oct/2023:05:30:45] UPDATING PREPAGATI (JobID: 1787df7c-abe2-475c-a9b5-6f79c6b57853)
 - New and modified: 0

[27/Oct/2023:05:30:45] DELETING PREPAGATI (JobID: 1787df7c-abe2-475c-a9b5-6f79c6b57853)
 - Deleted: 0

[27/Oct/2023:06:00:04] UPDATING ACCOUNTS (JobID: b1b5e83f-3d71-4926-9f21-94866945a87e)
 - New and modified: 0

[27/Oct/2023:06:00:04] DELETING ACCOUNTS (JobID: b1b5e83f-3d71-4926-9f21-94866945a87e)
 - Deleted: 0

[27/Oct/2023:06:00:37] UPDATING PRODUCTS (JobID: 8862ccc7-1c1f-4f57-9eff-fa8a8b8e9cf6)
 - New and modified: 0

[27/Oct/2023:06:00:39] UPDATING PREPAGATI (JobID: d8e25fcf-7197-4721-bb6f-c1c2c5028d9f)
 - New and modified: 0

[27/Oct/2023:06:00:39] DELETING PREPAGATI (JobID: d8e25fcf-7197-4721-bb6f-c1c2c5028d9f)
 - Deleted: 0

[27/Oct/2023:06:30:10] UPDATING ACCOUNTS (JobID: 90e52af6-6d89-4425-97e7-f05be221b18f)
 - New and modified: 0

[27/Oct/2023:06:30:10] DELETING ACCOUNTS (JobID: 90e52af6-6d89-4425-97e7-f05be221b18f)
 - Deleted: 0

[27/Oct/2023:06:30:43] UPDATING PRODUCTS (JobID: 10eae0e1-a80a-4e30-a17c-01d578d06200)
 - New and modified: 0

[27/Oct/2023:06:30:46] UPDATING PREPAGATI (JobID: b67824c2-8c6a-4910-96bc-0bbf940e3b55)
 - New and modified: 0

[27/Oct/2023:06:30:46] DELETING PREPAGATI (JobID: b67824c2-8c6a-4910-96bc-0bbf940e3b55)
 - Deleted: 0

[27/Oct/2023:07:00:20] UPDATING ACCOUNTS (JobID: 552d01f8-5e21-4ea8-b937-afa955cda053)
 - New and modified: 0

[27/Oct/2023:07:00:20] DELETING ACCOUNTS (JobID: 552d01f8-5e21-4ea8-b937-afa955cda053)
 - Deleted: 0

[27/Oct/2023:07:00:53] UPDATING PRODUCTS (JobID: 7056597e-1d46-447e-a6e3-abd1cc99e825)
 - New and modified: 0

[27/Oct/2023:07:00:55] UPDATING PREPAGATI (JobID: a460d369-c90b-43d7-9204-a8cac5c9e59c)
 - New and modified: 0

[27/Oct/2023:07:00:55] DELETING PREPAGATI (JobID: a460d369-c90b-43d7-9204-a8cac5c9e59c)
 - Deleted: 0

[27/Oct/2023:07:30:08] UPDATING ACCOUNTS (JobID: bb37456b-d4d9-468f-9fbb-8656a583e5c8)
 - New and modified: 0

[27/Oct/2023:07:30:08] DELETING ACCOUNTS (JobID: bb37456b-d4d9-468f-9fbb-8656a583e5c8)
 - Deleted: 0

[27/Oct/2023:07:30:41] UPDATING PRODUCTS (JobID: 3ea6e673-5165-465f-a1e0-f13adeb23f24)
 - New and modified: 0

[27/Oct/2023:07:30:45] UPDATING PREPAGATI (JobID: c4354268-ab45-4bf2-8036-03e1eab4c8d8)
 - New and modified: 0

[27/Oct/2023:07:30:45] DELETING PREPAGATI (JobID: c4354268-ab45-4bf2-8036-03e1eab4c8d8)
 - Deleted: 0

[27/Oct/2023:08:00:04] UPDATING ACCOUNTS (JobID: 2e7cac04-7316-4fa7-8d6e-3f2cd06fcaa2)
 - New and modified: 0

[27/Oct/2023:08:00:04] DELETING ACCOUNTS (JobID: 2e7cac04-7316-4fa7-8d6e-3f2cd06fcaa2)
 - Deleted: 0

[27/Oct/2023:08:00:37] UPDATING PRODUCTS (JobID: ca92d36f-1962-4cd0-9455-e83c50f1472a)
 - New and modified: 0

[27/Oct/2023:08:00:39] UPDATING PREPAGATI (JobID: c7b098c9-8bab-4185-9fbc-b049aea65bdc)
 - New and modified: 0

[27/Oct/2023:08:00:39] DELETING PREPAGATI (JobID: c7b098c9-8bab-4185-9fbc-b049aea65bdc)
 - Deleted: 0

[27/Oct/2023:08:30:09] UPDATING ACCOUNTS (JobID: bd781760-1f84-428e-956c-2379a0a8f66c)
 - New and modified: 0

[27/Oct/2023:08:30:09] DELETING ACCOUNTS (JobID: bd781760-1f84-428e-956c-2379a0a8f66c)
 - Deleted: 0

[27/Oct/2023:08:30:41] UPDATING PRODUCTS (JobID: ed39e768-2618-4510-a3f8-17f47230fb08)
 - New and modified: 0

[27/Oct/2023:08:30:44] UPDATING PREPAGATI (JobID: 885da639-5dc1-43c5-985a-d69202f761fe)
 - New and modified: 0

[27/Oct/2023:08:30:44] DELETING PREPAGATI (JobID: 885da639-5dc1-43c5-985a-d69202f761fe)
 - Deleted: 0

[27/Oct/2023:09:00:09] UPDATING ACCOUNTS (JobID: 976ef4a0-fd75-4f31-bbe9-accbf3ad8e9c)
 - New and modified: 0

[27/Oct/2023:09:00:09] DELETING ACCOUNTS (JobID: 976ef4a0-fd75-4f31-bbe9-accbf3ad8e9c)
 - Deleted: 0

[27/Oct/2023:09:00:42] UPDATING PRODUCTS (JobID: 24ce0623-863d-4ec0-b823-5cf2f3a145ca)
 - New and modified: 0

[27/Oct/2023:09:00:45] UPDATING PREPAGATI (JobID: cca3ddac-e6e4-4f41-abdc-94a0b1b41f44)
 - New and modified: 0

[27/Oct/2023:09:00:45] DELETING PREPAGATI (JobID: cca3ddac-e6e4-4f41-abdc-94a0b1b41f44)
 - Deleted: 0

[27/Oct/2023:09:30:04] UPDATING ACCOUNTS (JobID: bb7b5d99-376d-4cd4-ac37-494a56facc80)
 - New and modified: 0

[27/Oct/2023:09:30:04] DELETING ACCOUNTS (JobID: bb7b5d99-376d-4cd4-ac37-494a56facc80)
 - Deleted: 0

[27/Oct/2023:09:30:36] UPDATING PRODUCTS (JobID: 829f320f-0688-4e69-951d-fd236868712c)
 - New and modified: 0

[27/Oct/2023:09:30:38] UPDATING PREPAGATI (JobID: 26cfbf49-f8d5-4c7c-b87c-b57c1f887af4)
 - New and modified: 0

[27/Oct/2023:09:30:38] DELETING PREPAGATI (JobID: 26cfbf49-f8d5-4c7c-b87c-b57c1f887af4)
 - Deleted: 0

[27/Oct/2023:10:00:08] UPDATING ACCOUNTS (JobID: 45b4bdc7-d110-446b-9c36-33094ebd0b4e)
 - New and modified: 0

[27/Oct/2023:10:00:08] DELETING ACCOUNTS (JobID: 45b4bdc7-d110-446b-9c36-33094ebd0b4e)
 - Deleted: 0

[27/Oct/2023:10:00:40] UPDATING PRODUCTS (JobID: 84761252-db55-445c-ba81-91151073c056)
 - New and modified: 0

[27/Oct/2023:10:00:43] UPDATING PREPAGATI (JobID: f36661ab-8631-4adc-9897-78b325250ebb)
 - New and modified: 0

[27/Oct/2023:10:00:43] DELETING PREPAGATI (JobID: f36661ab-8631-4adc-9897-78b325250ebb)
 - Deleted: 0

[27/Oct/2023:10:30:07] UPDATING ACCOUNTS (JobID: 776045b8-b102-40c5-a58c-efe12b139811)
 - New and modified: 0

[27/Oct/2023:10:30:07] DELETING ACCOUNTS (JobID: 776045b8-b102-40c5-a58c-efe12b139811)
 - Deleted: 0

[27/Oct/2023:10:30:40] UPDATING PRODUCTS (JobID: f7cd7617-976d-4e63-a1bb-d3d89e4d1735)
 - New and modified: 0

[27/Oct/2023:10:30:43] UPDATING PREPAGATI (JobID: 130694e4-69da-4281-8f2c-c811664a7912)
 - New and modified: 0

[27/Oct/2023:10:30:43] DELETING PREPAGATI (JobID: 130694e4-69da-4281-8f2c-c811664a7912)
 - Deleted: 0

[27/Oct/2023:11:00:04] UPDATING ACCOUNTS (JobID: 8e64d4b6-e694-4ab0-a6aa-fe9584e07086)
 - New and modified: 0

[27/Oct/2023:11:00:04] DELETING ACCOUNTS (JobID: 8e64d4b6-e694-4ab0-a6aa-fe9584e07086)
 - Deleted: 0

[27/Oct/2023:11:00:36] UPDATING PRODUCTS (JobID: f8ad1110-54b1-40f3-82dc-80fcd83a2489)
 - New and modified: 0

[27/Oct/2023:11:00:38] UPDATING PREPAGATI (JobID: aaa9d3b0-7d55-4e6c-817d-9c334704db03)
 - New and modified: 0

[27/Oct/2023:11:00:38] DELETING PREPAGATI (JobID: aaa9d3b0-7d55-4e6c-817d-9c334704db03)
 - Deleted: 0

[27/Oct/2023:11:30:09] UPDATING ACCOUNTS (JobID: 4d0cc1a8-dfd0-43b6-955b-49481cfdfdc0)
 - New and modified: 0

[27/Oct/2023:11:30:09] DELETING ACCOUNTS (JobID: 4d0cc1a8-dfd0-43b6-955b-49481cfdfdc0)
 - Deleted: 0

[27/Oct/2023:11:30:43] UPDATING PRODUCTS (JobID: 59dad6ce-2fa9-400a-b86e-068330dff629)
 - New and modified: 0

[27/Oct/2023:11:30:46] UPDATING PREPAGATI (JobID: 4027ef2e-a7e5-4116-89aa-c2f50ae5696b)
 - New and modified: 0

[27/Oct/2023:11:30:46] DELETING PREPAGATI (JobID: 4027ef2e-a7e5-4116-89aa-c2f50ae5696b)
 - Deleted: 0

[27/Oct/2023:12:00:09] UPDATING ACCOUNTS (JobID: f99ffb10-1ab8-4a02-bfa4-098e9bbb7513)
 - New and modified: 0

[27/Oct/2023:12:00:09] DELETING ACCOUNTS (JobID: f99ffb10-1ab8-4a02-bfa4-098e9bbb7513)
 - Deleted: 0

[27/Oct/2023:12:00:41] UPDATING PRODUCTS (JobID: df7977d1-d2a3-48e7-9827-6b12c6529061)
 - New and modified: 0

[27/Oct/2023:12:00:45] UPDATING PREPAGATI (JobID: 2530e874-ef94-4346-ad43-ecef9acd6e2c)
 - New and modified: 0

[27/Oct/2023:12:00:45] DELETING PREPAGATI (JobID: 2530e874-ef94-4346-ad43-ecef9acd6e2c)
 - Deleted: 0

[27/Oct/2023:12:30:04] UPDATING ACCOUNTS (JobID: dcaf1fec-2387-4c47-bd92-b42a575744ae)
 - New and modified: 0

[27/Oct/2023:12:30:04] DELETING ACCOUNTS (JobID: dcaf1fec-2387-4c47-bd92-b42a575744ae)
 - Deleted: 0

[27/Oct/2023:12:30:36] UPDATING PRODUCTS (JobID: 78437acb-512b-4bbe-b47f-37099e23abcc)
 - New and modified: 0

[27/Oct/2023:12:30:38] UPDATING PREPAGATI (JobID: 3b30c886-96ca-4c22-b64c-f3c0145cfcc0)
 - New and modified: 0

[27/Oct/2023:12:30:38] DELETING PREPAGATI (JobID: 3b30c886-96ca-4c22-b64c-f3c0145cfcc0)
 - Deleted: 0

[27/Oct/2023:13:00:04] UPDATING ACCOUNTS (JobID: 773e35d7-b538-48d5-9fab-54ba2fa5b535)
 - New and modified: 0

[27/Oct/2023:13:00:04] DELETING ACCOUNTS (JobID: 773e35d7-b538-48d5-9fab-54ba2fa5b535)
 - Deleted: 0

[27/Oct/2023:13:00:36] UPDATING PRODUCTS (JobID: d561a69c-e1ec-469a-879d-fb3b7b7d0bb5)
 - New and modified: 0

[27/Oct/2023:13:00:38] UPDATING PREPAGATI (JobID: fff30cd0-5ca5-43a4-827c-569aaabe7f5e)
 - New and modified: 0

[27/Oct/2023:13:00:38] DELETING PREPAGATI (JobID: fff30cd0-5ca5-43a4-827c-569aaabe7f5e)
 - Deleted: 0

[27/Oct/2023:14:00:09] UPDATING ACCOUNTS (JobID: 5ea07283-e0c5-46d4-ad29-e3ba9fd138f9)
 - New and modified: 0

[27/Oct/2023:14:00:09] DELETING ACCOUNTS (JobID: 5ea07283-e0c5-46d4-ad29-e3ba9fd138f9)
 - Deleted: 0

[27/Oct/2023:14:00:41] UPDATING PRODUCTS (JobID: 82edc157-54f6-4d6f-a9a8-36b02dbee3cd)
 - New and modified: 0

[27/Oct/2023:14:00:44] UPDATING PREPAGATI (JobID: 35161bda-ae04-484b-b58e-aea94a29516c)
 - New and modified: 0

[27/Oct/2023:14:00:44] DELETING PREPAGATI (JobID: 35161bda-ae04-484b-b58e-aea94a29516c)
 - Deleted: 0

[27/Oct/2023:14:30:04] UPDATING ACCOUNTS (JobID: 01473aa9-8fdc-4491-a94c-3a13f1784c26)
 - New and modified: 0

[27/Oct/2023:14:30:04] DELETING ACCOUNTS (JobID: 01473aa9-8fdc-4491-a94c-3a13f1784c26)
 - Deleted: 0

[27/Oct/2023:14:30:39] UPDATING PRODUCTS (JobID: d7e8ab32-d010-4297-987a-1fe96a3d9ea4)
 - New and modified: 0

[27/Oct/2023:14:30:41] UPDATING PREPAGATI (JobID: b155cea9-f2d8-42f7-8d7e-c68878d50e6a)
 - New and modified: 0

[27/Oct/2023:14:30:41] DELETING PREPAGATI (JobID: b155cea9-f2d8-42f7-8d7e-c68878d50e6a)
 - Deleted: 0

[27/Oct/2023:15:00:08] UPDATING ACCOUNTS (JobID: 975fdcf2-89be-4c46-9288-f83be4a33b39)
 - New and modified: 0

[27/Oct/2023:15:00:08] DELETING ACCOUNTS (JobID: 975fdcf2-89be-4c46-9288-f83be4a33b39)
 - Deleted: 0

[27/Oct/2023:15:00:42] UPDATING PRODUCTS (JobID: 49c02dfd-dc8b-4c2a-b724-3fa1ab3a41a5)
 - New and modified: 0

[27/Oct/2023:15:00:46] UPDATING PREPAGATI (JobID: 29010877-19b7-46a3-8cac-59302d7c9b5d)
 - New and modified: 0

[27/Oct/2023:15:00:46] DELETING PREPAGATI (JobID: 29010877-19b7-46a3-8cac-59302d7c9b5d)
 - Deleted: 0

[27/Oct/2023:15:30:09] UPDATING ACCOUNTS (JobID: 2b4c036b-9aa6-41c4-b664-fa3b2763b6b3)
 - New and modified: 0

[27/Oct/2023:15:30:09] DELETING ACCOUNTS (JobID: 2b4c036b-9aa6-41c4-b664-fa3b2763b6b3)
 - Deleted: 0

[27/Oct/2023:15:30:44] UPDATING PRODUCTS (JobID: 67ace7ab-b421-480e-9011-80de6ee0f59a)
 - New and modified: 0

[27/Oct/2023:15:30:47] UPDATING PREPAGATI (JobID: 8edc0ec5-b001-4c79-8ea6-c436403eaa14)
 - New and modified: 0

[27/Oct/2023:15:30:47] DELETING PREPAGATI (JobID: 8edc0ec5-b001-4c79-8ea6-c436403eaa14)
 - Deleted: 0

[27/Oct/2023:16:00:04] UPDATING ACCOUNTS (JobID: 7ba91e19-413a-4bb4-ab0f-85b3aa22efb1)
 - New and modified: 0

[27/Oct/2023:16:00:04] DELETING ACCOUNTS (JobID: 7ba91e19-413a-4bb4-ab0f-85b3aa22efb1)
 - Deleted: 0

[27/Oct/2023:16:00:38] UPDATING PRODUCTS (JobID: 374a8888-81a1-406b-8f76-93ccc48c9a44)
 - New and modified: 0

[27/Oct/2023:16:00:40] UPDATING PREPAGATI (JobID: 2a8265e1-68a5-4394-8ddd-1ba28bd5f0b8)
 - New and modified: 0

[27/Oct/2023:16:00:40] DELETING PREPAGATI (JobID: 2a8265e1-68a5-4394-8ddd-1ba28bd5f0b8)
 - Deleted: 0

[27/Oct/2023:16:30:04] UPDATING ACCOUNTS (JobID: c1459ca1-11ce-4731-82f6-dfb8665c5ce6)
 - New and modified: 0

[27/Oct/2023:16:30:04] DELETING ACCOUNTS (JobID: c1459ca1-11ce-4731-82f6-dfb8665c5ce6)
 - Deleted: 0

[27/Oct/2023:16:30:38] UPDATING PRODUCTS (JobID: c3c98494-ef9c-4532-a4a1-43b915ea5075)
 - New and modified: 0

[27/Oct/2023:16:30:40] UPDATING PREPAGATI (JobID: 05b9d73e-4a04-4714-ba8d-8073eead8f34)
 - New and modified: 0

[27/Oct/2023:16:30:40] DELETING PREPAGATI (JobID: 05b9d73e-4a04-4714-ba8d-8073eead8f34)
 - Deleted: 0

[27/Oct/2023:17:00:10] UPDATING ACCOUNTS (JobID: af51743c-bd01-46a3-90c6-04e27b616ca7)
 - New and modified: 0

[27/Oct/2023:17:00:10] DELETING ACCOUNTS (JobID: af51743c-bd01-46a3-90c6-04e27b616ca7)
 - Deleted: 0

[27/Oct/2023:17:00:44] UPDATING PRODUCTS (JobID: 0d35fbda-a214-4cde-b877-cbf643fce948)
 - New and modified: 0

[27/Oct/2023:17:00:47] UPDATING PREPAGATI (JobID: 7cc43edd-7327-4729-b5a3-d0e040ec8f9e)
 - New and modified: 0

[27/Oct/2023:17:00:47] DELETING PREPAGATI (JobID: 7cc43edd-7327-4729-b5a3-d0e040ec8f9e)
 - Deleted: 0

[27/Oct/2023:17:30:08] UPDATING ACCOUNTS (JobID: c87bfb36-7750-4511-962f-da4a4ef5e4ab)
 - New and modified: 0

[27/Oct/2023:17:30:08] DELETING ACCOUNTS (JobID: c87bfb36-7750-4511-962f-da4a4ef5e4ab)
 - Deleted: 0

[27/Oct/2023:17:30:44] UPDATING PRODUCTS (JobID: 9423517a-f769-4e07-8ecf-6026a5e7c194)
 - New and modified: 0

[27/Oct/2023:17:30:47] UPDATING PREPAGATI (JobID: db2c2de3-491e-48dc-a8c2-58bdc230c42f)
 - New and modified: 0

[27/Oct/2023:17:30:47] DELETING PREPAGATI (JobID: db2c2de3-491e-48dc-a8c2-58bdc230c42f)
 - Deleted: 0

[27/Oct/2023:18:00:12] UPDATING ACCOUNTS (JobID: 291f0d35-70b0-48c7-a10e-31a3580cace5)
 - New and modified: 0

[27/Oct/2023:18:00:12] DELETING ACCOUNTS (JobID: 291f0d35-70b0-48c7-a10e-31a3580cace5)
 - Deleted: 0

[27/Oct/2023:18:00:48] UPDATING PRODUCTS (JobID: 9fbf88f7-53a0-4799-adda-26e33dfd7ac0)
 - New and modified: 0

[27/Oct/2023:18:00:51] UPDATING PREPAGATI (JobID: 67d41f26-aad9-4905-87b5-a5ce14584421)
 - New and modified: 0

[27/Oct/2023:18:00:51] DELETING PREPAGATI (JobID: 67d41f26-aad9-4905-87b5-a5ce14584421)
 - Deleted: 0

[27/Oct/2023:18:30:04] UPDATING ACCOUNTS (JobID: 073b0d70-8fb6-483b-81ff-b5a91d932f38)
 - New and modified: 0

[27/Oct/2023:18:30:04] DELETING ACCOUNTS (JobID: 073b0d70-8fb6-483b-81ff-b5a91d932f38)
 - Deleted: 0

[27/Oct/2023:18:30:39] UPDATING PRODUCTS (JobID: e5fd0109-03f0-4f8b-8128-49783d898717)
 - New and modified: 0

[27/Oct/2023:18:30:41] UPDATING PREPAGATI (JobID: 96e0f74d-c067-4f37-b11b-64dadf071555)
 - New and modified: 0

[27/Oct/2023:18:30:41] DELETING PREPAGATI (JobID: 96e0f74d-c067-4f37-b11b-64dadf071555)
 - Deleted: 0

[27/Oct/2023:19:00:26] UPDATING ACCOUNTS (JobID: 259c9dc0-30d7-4f56-b681-ca9d2b729075)
 - New and modified: 0

[27/Oct/2023:19:00:26] DELETING ACCOUNTS (JobID: 259c9dc0-30d7-4f56-b681-ca9d2b729075)
 - Deleted: 0

[27/Oct/2023:19:01:01] UPDATING PRODUCTS (JobID: 9bc49f86-062b-4dfe-8de0-483870b3c0f7)
 - New and modified: 0

[27/Oct/2023:19:01:04] UPDATING PREPAGATI (JobID: afc1b66f-f355-433d-833c-d5d38b6260a6)
 - New and modified: 0

[27/Oct/2023:19:01:04] DELETING PREPAGATI (JobID: afc1b66f-f355-433d-833c-d5d38b6260a6)
 - Deleted: 0

[27/Oct/2023:19:30:04] UPDATING ACCOUNTS (JobID: bf256ef8-b1ec-4ead-af87-0f5044b1e78d)
 - New and modified: 0

[27/Oct/2023:19:30:04] DELETING ACCOUNTS (JobID: bf256ef8-b1ec-4ead-af87-0f5044b1e78d)
 - Deleted: 0

[27/Oct/2023:19:30:39] UPDATING PRODUCTS (JobID: 6fb91996-fa03-46c5-8a31-86aa140086d0)
 - New and modified: 0

[27/Oct/2023:19:30:41] UPDATING PREPAGATI (JobID: aab16b7b-ee6c-4f28-8ade-94998131ea62)
 - New and modified: 0

[27/Oct/2023:19:30:41] DELETING PREPAGATI (JobID: aab16b7b-ee6c-4f28-8ade-94998131ea62)
 - Deleted: 0

[27/Oct/2023:20:00:05] UPDATING ACCOUNTS (JobID: 79d87cf5-57aa-484f-b8cb-220f362844d1)
 - New and modified: 0

[27/Oct/2023:20:00:05] DELETING ACCOUNTS (JobID: 79d87cf5-57aa-484f-b8cb-220f362844d1)
 - Deleted: 0

[27/Oct/2023:20:00:39] UPDATING PRODUCTS (JobID: 07f5dd5a-7f30-424e-a90f-5496613aab02)
 - New and modified: 0

[27/Oct/2023:20:00:41] UPDATING PREPAGATI (JobID: 21ecdf21-c0e4-429f-9611-ac1e7158d789)
 - New and modified: 0

[27/Oct/2023:20:00:41] DELETING PREPAGATI (JobID: 21ecdf21-c0e4-429f-9611-ac1e7158d789)
 - Deleted: 0

[27/Oct/2023:20:30:09] UPDATING ACCOUNTS (JobID: 71a7afab-f14d-46d8-bdf4-6f8b191c6b40)
 - New and modified: 0

[27/Oct/2023:20:30:09] DELETING ACCOUNTS (JobID: 71a7afab-f14d-46d8-bdf4-6f8b191c6b40)
 - Deleted: 0

[27/Oct/2023:20:30:43] UPDATING PRODUCTS (JobID: 67e312fe-78a2-4cd6-90bb-228bd30c431a)
 - New and modified: 0

[27/Oct/2023:20:30:46] UPDATING PREPAGATI (JobID: b28159b2-cef5-41a3-8e37-5cce3bd960ad)
 - New and modified: 0

[27/Oct/2023:20:30:46] DELETING PREPAGATI (JobID: b28159b2-cef5-41a3-8e37-5cce3bd960ad)
 - Deleted: 0

[27/Oct/2023:21:00:08] UPDATING ACCOUNTS (JobID: 99c6096f-771a-4eb7-9a03-d47bacd39698)
 - New and modified: 0

[27/Oct/2023:21:00:08] DELETING ACCOUNTS (JobID: 99c6096f-771a-4eb7-9a03-d47bacd39698)
 - Deleted: 0

[27/Oct/2023:21:00:44] UPDATING PRODUCTS (JobID: a8042645-8dbc-4228-8e6e-035c611a6468)
 - New and modified: 0

[27/Oct/2023:21:00:47] UPDATING PREPAGATI (JobID: a1a32fcc-34af-427e-b785-d0f113581af8)
 - New and modified: 0

[27/Oct/2023:21:00:47] DELETING PREPAGATI (JobID: a1a32fcc-34af-427e-b785-d0f113581af8)
 - Deleted: 0

[27/Oct/2023:21:30:09] UPDATING ACCOUNTS (JobID: 775e1eac-8d42-444c-a71d-b85b4f807aa0)
 - New and modified: 0

[27/Oct/2023:21:30:10] DELETING ACCOUNTS (JobID: 775e1eac-8d42-444c-a71d-b85b4f807aa0)
 - Deleted: 0

[27/Oct/2023:21:30:44] UPDATING PRODUCTS (JobID: 65459a3c-6ea5-4d8e-9c87-9b24500105d2)
 - New and modified: 0

[27/Oct/2023:21:30:48] UPDATING PREPAGATI (JobID: 2db6e097-2917-4c30-a27d-fb47e1fe18fb)
 - New and modified: 0

[27/Oct/2023:21:30:48] DELETING PREPAGATI (JobID: 2db6e097-2917-4c30-a27d-fb47e1fe18fb)
 - Deleted: 0

[27/Oct/2023:22:30:10] UPDATING ACCOUNTS (JobID: 9b0dfdde-4aee-43b0-bf68-4d1f5f7b9608)
 - New and modified: 0

[27/Oct/2023:22:30:10] DELETING ACCOUNTS (JobID: 9b0dfdde-4aee-43b0-bf68-4d1f5f7b9608)
 - Deleted: 0

[27/Oct/2023:22:30:44] UPDATING PRODUCTS (JobID: 5eaf4872-f06c-417e-9b6a-d9879f566ce0)
 - New and modified: 0

[27/Oct/2023:22:30:47] UPDATING PREPAGATI (JobID: 08be39ed-8abf-4896-b29e-d1f8fc4aa493)
 - New and modified: 0

[27/Oct/2023:22:30:47] DELETING PREPAGATI (JobID: 08be39ed-8abf-4896-b29e-d1f8fc4aa493)
 - Deleted: 0

[27/Oct/2023:23:00:09] UPDATING ACCOUNTS (JobID: 64eef3c7-29cc-4a34-b701-28d05c1bef43)
 - New and modified: 0

[27/Oct/2023:23:00:09] DELETING ACCOUNTS (JobID: 64eef3c7-29cc-4a34-b701-28d05c1bef43)
 - Deleted: 0

[27/Oct/2023:23:00:43] UPDATING PRODUCTS (JobID: f24add0c-9675-46b1-abf5-99fd7cabb0c4)
 - New and modified: 0

[27/Oct/2023:23:00:46] UPDATING PREPAGATI (JobID: 5bc76c04-a519-4a3b-a805-4a3cd14896d3)
 - New and modified: 0

[27/Oct/2023:23:00:46] DELETING PREPAGATI (JobID: 5bc76c04-a519-4a3b-a805-4a3cd14896d3)
 - Deleted: 0

[27/Oct/2023:23:30:04] UPDATING ACCOUNTS (JobID: ff1f4a36-5998-4473-aeda-5ce58e6906ff)
 - New and modified: 0

[27/Oct/2023:23:30:04] DELETING ACCOUNTS (JobID: ff1f4a36-5998-4473-aeda-5ce58e6906ff)
 - Deleted: 0

[27/Oct/2023:23:30:40] UPDATING PRODUCTS (JobID: ea620719-7636-484a-a72f-6f14f613a449)
 - New and modified: 0

[27/Oct/2023:23:30:42] UPDATING PREPAGATI (JobID: f27ff0f1-26e8-4160-bb73-fd7968b8a6b6)
 - New and modified: 0

[27/Oct/2023:23:30:42] DELETING PREPAGATI (JobID: f27ff0f1-26e8-4160-bb73-fd7968b8a6b6)
 - Deleted: 0

