[17/Jul/2023:00:00:08] UPDATING ACCOUNTS (JobID: 6b66b9b8-115a-4935-9ed9-07a9e1f9e93e)
 - New and modified: 0

[17/Jul/2023:00:00:08] DELETING ACCOUNTS (JobID: 6b66b9b8-115a-4935-9ed9-07a9e1f9e93e)
 - Deleted: 0

[17/Jul/2023:00:00:41] UPDATING PRODUCTS (JobID: d1b179f2-165d-4a82-934d-02af62370cd3)
 - New and modified: 0

[17/Jul/2023:00:00:44] UPDATING PREPAGATI (JobID: 40af26d8-cbbe-48cb-9ba2-6cb211d0e100)
 - New and modified: 0

[17/Jul/2023:00:00:44] DELETING PREPAGATI (JobID: 40af26d8-cbbe-48cb-9ba2-6cb211d0e100)
 - Deleted: 0

[17/Jul/2023:00:30:08] UPDATING ACCOUNTS (JobID: 75bd5d2a-8420-4067-87f0-95556dcffe58)
 - New and modified: 0

[17/Jul/2023:00:30:08] DELETING ACCOUNTS (JobID: 75bd5d2a-8420-4067-87f0-95556dcffe58)
 - Deleted: 0

[17/Jul/2023:00:30:39] UPDATING PRODUCTS (JobID: 78e7adea-7c5c-459a-ae75-c24f5fbeec5b)
 - New and modified: 0

[17/Jul/2023:00:30:42] UPDATING PREPAGATI (JobID: e04701e1-8508-4a8e-991b-539abe8e6065)
 - New and modified: 0

[17/Jul/2023:00:30:42] DELETING PREPAGATI (JobID: e04701e1-8508-4a8e-991b-539abe8e6065)
 - Deleted: 0

[17/Jul/2023:01:00:04] UPDATING ACCOUNTS (JobID: ef672fe9-da31-471d-b796-8c645b41eaf5)
 - New and modified: 0

[17/Jul/2023:01:00:04] DELETING ACCOUNTS (JobID: ef672fe9-da31-471d-b796-8c645b41eaf5)
 - Deleted: 0

[17/Jul/2023:01:00:35] UPDATING PRODUCTS (JobID: 207eb99c-ebd6-4213-967e-6f18f32ce98d)
 - New and modified: 0

[17/Jul/2023:01:00:37] UPDATING PREPAGATI (JobID: a53316bd-1b79-4852-8828-c9c0132a2139)
 - New and modified: 0

[17/Jul/2023:01:00:37] DELETING PREPAGATI (JobID: a53316bd-1b79-4852-8828-c9c0132a2139)
 - Deleted: 0

[17/Jul/2023:02:00:08] UPDATING ACCOUNTS (JobID: 9bafd8d7-01ac-4457-a03d-becfe1747e17)
 - New and modified: 0

[17/Jul/2023:02:00:08] DELETING ACCOUNTS (JobID: 9bafd8d7-01ac-4457-a03d-becfe1747e17)
 - Deleted: 0

[17/Jul/2023:02:00:41] UPDATING PRODUCTS (JobID: 2262fe37-64ba-4994-b3fc-ce929a34c965)
 - New and modified: 0

[17/Jul/2023:02:00:44] UPDATING PREPAGATI (JobID: 4d932f7e-2acb-460b-a411-dfa1df279ac4)
 - New and modified: 0

[17/Jul/2023:02:00:44] DELETING PREPAGATI (JobID: 4d932f7e-2acb-460b-a411-dfa1df279ac4)
 - Deleted: 0

[17/Jul/2023:03:00:07] UPDATING ACCOUNTS (JobID: a50be1d8-96c7-4358-9a2e-9153998d3b40)
 - New and modified: 0

[17/Jul/2023:03:00:07] DELETING ACCOUNTS (JobID: a50be1d8-96c7-4358-9a2e-9153998d3b40)
 - Deleted: 0

[17/Jul/2023:03:00:38] UPDATING PRODUCTS (JobID: 239c99a7-309e-4a29-9ca4-8ea150ee4f0e)
 - New and modified: 0

[17/Jul/2023:03:00:41] UPDATING PREPAGATI (JobID: 09322a49-f056-434f-959e-d1e7cee537e2)
 - New and modified: 0

[17/Jul/2023:03:00:41] DELETING PREPAGATI (JobID: 09322a49-f056-434f-959e-d1e7cee537e2)
 - Deleted: 0

[17/Jul/2023:03:30:09] UPDATING ACCOUNTS (JobID: e531eb35-8222-4888-bd6f-17a6a7058213)
 - New and modified: 0

[17/Jul/2023:03:30:09] DELETING ACCOUNTS (JobID: e531eb35-8222-4888-bd6f-17a6a7058213)
 - Deleted: 0

[17/Jul/2023:03:30:41] UPDATING PRODUCTS (JobID: 937281ab-2b35-4883-9c09-6acc22358000)
 - New and modified: 0

[17/Jul/2023:03:30:44] UPDATING PREPAGATI (JobID: e5d7f8da-3864-4257-9325-ffc42f410a80)
 - New and modified: 0

[17/Jul/2023:03:30:44] DELETING PREPAGATI (JobID: e5d7f8da-3864-4257-9325-ffc42f410a80)
 - Deleted: 0

[17/Jul/2023:05:00:09] UPDATING ACCOUNTS (JobID: 7e0e158f-8868-494f-a772-0dc24ddfc080)
 - New and modified: 0

[17/Jul/2023:05:00:09] DELETING ACCOUNTS (JobID: 7e0e158f-8868-494f-a772-0dc24ddfc080)
 - Deleted: 0

[17/Jul/2023:05:00:42] UPDATING PRODUCTS (JobID: 800edd55-3a5f-48a3-b13a-53098f2e4fac)
 - New and modified: 0

[17/Jul/2023:05:00:45] UPDATING PREPAGATI (JobID: 60eebded-0ae3-4abd-9622-afa999c7127f)
 - New and modified: 0

[17/Jul/2023:05:00:45] DELETING PREPAGATI (JobID: 60eebded-0ae3-4abd-9622-afa999c7127f)
 - Deleted: 0

[17/Jul/2023:05:30:09] UPDATING ACCOUNTS (JobID: 3edd28d9-d61a-49da-9178-81b7da8cf2d2)
 - New and modified: 0

[17/Jul/2023:05:30:09] DELETING ACCOUNTS (JobID: 3edd28d9-d61a-49da-9178-81b7da8cf2d2)
 - Deleted: 0

[17/Jul/2023:05:30:42] UPDATING PRODUCTS (JobID: d3f1379a-5c21-42bf-bdc5-5c20ff997050)
 - New and modified: 0

[17/Jul/2023:05:30:45] UPDATING PREPAGATI (JobID: ba5a6b0d-fbeb-4824-82d0-905d4b707bb1)
 - New and modified: 0

[17/Jul/2023:05:30:45] DELETING PREPAGATI (JobID: ba5a6b0d-fbeb-4824-82d0-905d4b707bb1)
 - Deleted: 0

[17/Jul/2023:06:00:03] UPDATING ACCOUNTS (JobID: e38358cd-0d81-4785-8a6c-018036c4a7c5)
 - New and modified: 0

[17/Jul/2023:06:00:03] DELETING ACCOUNTS (JobID: e38358cd-0d81-4785-8a6c-018036c4a7c5)
 - Deleted: 0

[17/Jul/2023:06:00:35] UPDATING PRODUCTS (JobID: 1d892b85-1731-41c0-8d25-476fc7553577)
 - New and modified: 0

[17/Jul/2023:06:00:36] UPDATING PREPAGATI (JobID: b9f7e885-56c0-4798-b2d0-d232fd11d4d4)
 - New and modified: 0

[17/Jul/2023:06:00:36] DELETING PREPAGATI (JobID: b9f7e885-56c0-4798-b2d0-d232fd11d4d4)
 - Deleted: 0

[17/Jul/2023:07:30:04] UPDATING ACCOUNTS (JobID: 468a8c89-d678-48ae-90d7-935ddfd9bae5)
 - New and modified: 0

[17/Jul/2023:07:30:04] DELETING ACCOUNTS (JobID: 468a8c89-d678-48ae-90d7-935ddfd9bae5)
 - Deleted: 0

[17/Jul/2023:07:30:37] UPDATING PRODUCTS (JobID: 9f53891e-a1a3-4c58-b899-d3ca40f04f35)
 - New and modified: 0

[17/Jul/2023:07:30:40] UPDATING PREPAGATI (JobID: fc4ffddd-7a90-437b-ae0a-7e918ebabd94)
 - New and modified: 0

[17/Jul/2023:07:30:40] DELETING PREPAGATI (JobID: fc4ffddd-7a90-437b-ae0a-7e918ebabd94)
 - Deleted: 0

[17/Jul/2023:08:00:03] UPDATING ACCOUNTS (JobID: 11c83680-f69f-4c87-bdc8-223e55d1fe29)
 - New and modified: 0

[17/Jul/2023:08:00:03] DELETING ACCOUNTS (JobID: 11c83680-f69f-4c87-bdc8-223e55d1fe29)
 - Deleted: 0

[17/Jul/2023:08:00:33] UPDATING PRODUCTS (JobID: 1f6c5094-8b2a-44ef-acd0-bb4b0aa55e3a)
 - New and modified: 0

[17/Jul/2023:08:00:35] UPDATING PREPAGATI (JobID: 8edd1903-09c2-40e2-8be7-931e12acfb43)
 - New and modified: 0

[17/Jul/2023:08:00:35] DELETING PREPAGATI (JobID: 8edd1903-09c2-40e2-8be7-931e12acfb43)
 - Deleted: 0

[17/Jul/2023:09:00:03] UPDATING ACCOUNTS (JobID: 1aca51fd-6ed5-452a-98a8-470262c6cfee)
 - New and modified: 0

[17/Jul/2023:09:00:03] DELETING ACCOUNTS (JobID: 1aca51fd-6ed5-452a-98a8-470262c6cfee)
 - Deleted: 0

[17/Jul/2023:09:00:34] UPDATING PRODUCTS (JobID: 1742bb8c-26eb-4416-8846-e223d15f86fb)
 - New and modified: 0

[17/Jul/2023:09:00:36] UPDATING PREPAGATI (JobID: 1c4d02d6-4a65-4555-9f77-375ba6b6dabe)
 - New and modified: 0

[17/Jul/2023:09:00:36] DELETING PREPAGATI (JobID: 1c4d02d6-4a65-4555-9f77-375ba6b6dabe)
 - Deleted: 0

[17/Jul/2023:11:30:04] UPDATING ACCOUNTS (JobID: 50dfb8a9-59e1-45e1-85c2-3a516c51be9b)
 - New and modified: 0

[17/Jul/2023:11:30:04] DELETING ACCOUNTS (JobID: 50dfb8a9-59e1-45e1-85c2-3a516c51be9b)
 - Deleted: 0

[17/Jul/2023:11:30:38] UPDATING PRODUCTS (JobID: 2a322bd1-3b12-49cc-8a2d-0c319da7ed5d)
 - New and modified: 0

[17/Jul/2023:11:30:41] UPDATING PREPAGATI (JobID: 5cf99281-8eda-4e93-b254-a0e2ad9f9073)
 - New and modified: 0

[17/Jul/2023:11:30:41] DELETING PREPAGATI (JobID: 5cf99281-8eda-4e93-b254-a0e2ad9f9073)
 - Deleted: 0

[17/Jul/2023:15:30:04] UPDATING ACCOUNTS (JobID: 001625fd-bc11-4fdf-bfcf-ae68a56cf845)
 - New and modified: 0

[17/Jul/2023:15:30:04] DELETING ACCOUNTS (JobID: 001625fd-bc11-4fdf-bfcf-ae68a56cf845)
 - Deleted: 0

[17/Jul/2023:15:30:37] UPDATING PRODUCTS (JobID: c8e1cf64-9592-462f-a842-55ee0db808de)
 - New and modified: 0

[17/Jul/2023:15:30:40] UPDATING PREPAGATI (JobID: eedfc0ec-dc60-4c28-8ac7-dad74dd33848)
 - New and modified: 0

[17/Jul/2023:15:30:40] DELETING PREPAGATI (JobID: eedfc0ec-dc60-4c28-8ac7-dad74dd33848)
 - Deleted: 0

[17/Jul/2023:17:00:08] UPDATING ACCOUNTS (JobID: 3a55306c-8b84-443e-b551-de35db9d1c21)
 - New and modified: 0

[17/Jul/2023:17:00:08] DELETING ACCOUNTS (JobID: 3a55306c-8b84-443e-b551-de35db9d1c21)
 - Deleted: 0

[17/Jul/2023:17:00:39] UPDATING PRODUCTS (JobID: 8ccbff91-4706-4c56-9e9f-88559e964005)
 - New and modified: 0

[17/Jul/2023:17:00:42] UPDATING PREPAGATI (JobID: 54f2a79b-a23e-4895-966c-8022c1c15c21)
 - New and modified: 0

[17/Jul/2023:17:00:42] DELETING PREPAGATI (JobID: 54f2a79b-a23e-4895-966c-8022c1c15c21)
 - Deleted: 0

[17/Jul/2023:19:00:22] UPDATING ACCOUNTS (JobID: c9b0eae1-d8f6-4261-88af-c307e9e011e2)
 - New and modified: 0

[17/Jul/2023:19:00:22] DELETING ACCOUNTS (JobID: c9b0eae1-d8f6-4261-88af-c307e9e011e2)
 - Deleted: 0

[17/Jul/2023:19:00:56] UPDATING PRODUCTS (JobID: 4723715f-5413-4ba5-83fe-a9623f6641ee)
 - New and modified: 0

[17/Jul/2023:19:00:59] UPDATING PREPAGATI (JobID: 37ae6415-cb2c-4056-b8bd-f24bd0292374)
 - New and modified: 0

[17/Jul/2023:19:00:59] DELETING PREPAGATI (JobID: 37ae6415-cb2c-4056-b8bd-f24bd0292374)
 - Deleted: 0

[17/Jul/2023:19:30:08] UPDATING ACCOUNTS (JobID: 9772d9c0-776e-4e87-8777-678b797e5175)
 - New and modified: 0

[17/Jul/2023:19:30:08] DELETING ACCOUNTS (JobID: 9772d9c0-776e-4e87-8777-678b797e5175)
 - Deleted: 0

[17/Jul/2023:19:30:40] UPDATING PRODUCTS (JobID: d6025965-ba4f-49c8-b78c-83efffd3d3ca)
 - New and modified: 0

[17/Jul/2023:19:30:43] UPDATING PREPAGATI (JobID: c6436feb-840d-41af-b702-77651a5f66a0)
 - New and modified: 0

[17/Jul/2023:19:30:43] DELETING PREPAGATI (JobID: c6436feb-840d-41af-b702-77651a5f66a0)
 - Deleted: 0

[17/Jul/2023:20:30:07] UPDATING ACCOUNTS (JobID: bd302ace-f9f6-426d-9175-bf9052a5988f)
 - New and modified: 0

[17/Jul/2023:20:30:07] DELETING ACCOUNTS (JobID: bd302ace-f9f6-426d-9175-bf9052a5988f)
 - Deleted: 0

[17/Jul/2023:20:30:39] UPDATING PRODUCTS (JobID: 2c1f63e2-f4f4-4103-9fbb-1b0479f32e4a)
 - New and modified: 0

[17/Jul/2023:20:30:42] UPDATING PREPAGATI (JobID: 36c7dfee-0b9a-4e20-a848-bd3d7016b397)
 - New and modified: 0

[17/Jul/2023:20:30:42] DELETING PREPAGATI (JobID: 36c7dfee-0b9a-4e20-a848-bd3d7016b397)
 - Deleted: 0

[17/Jul/2023:23:30:08] UPDATING ACCOUNTS (JobID: 5aabb5fc-a6c4-4faf-a8fc-14cb126d67f6)
 - New and modified: 0

[17/Jul/2023:23:30:08] DELETING ACCOUNTS (JobID: 5aabb5fc-a6c4-4faf-a8fc-14cb126d67f6)
 - Deleted: 0

[17/Jul/2023:23:30:40] UPDATING PRODUCTS (JobID: 507c7367-72af-40bf-ab8e-b91425a3645b)
 - New and modified: 0

[17/Jul/2023:23:30:43] UPDATING PREPAGATI (JobID: 0dc6d042-183b-4074-9009-701dfa74ea3e)
 - New and modified: 0

[17/Jul/2023:23:30:43] DELETING PREPAGATI (JobID: 0dc6d042-183b-4074-9009-701dfa74ea3e)
 - Deleted: 0

