[17/Oct/2023:00:30:07] UPDATING ACCOUNTS (JobID: 7d544833-abd9-4ac0-91ba-a2f7e8cc21c0)
 - New and modified: 0

[17/Oct/2023:00:30:07] DELETING ACCOUNTS (JobID: 7d544833-abd9-4ac0-91ba-a2f7e8cc21c0)
 - Deleted: 0

[17/Oct/2023:00:30:40] UPDATING PRODUCTS (JobID: 53cd3289-fa49-4435-ab3a-218c2152ee85)
 - New and modified: 0

[17/Oct/2023:00:30:43] UPDATING PREPAGATI (JobID: 49788312-0bd0-4f07-94fe-b4b95492de79)
 - New and modified: 0

[17/Oct/2023:00:30:43] DELETING PREPAGATI (JobID: 49788312-0bd0-4f07-94fe-b4b95492de79)
 - Deleted: 0

[17/Oct/2023:01:30:09] UPDATING ACCOUNTS (JobID: 51c78ad2-3dec-44c1-b5c9-98cb6a837786)
 - New and modified: 0

[17/Oct/2023:01:30:09] DELETING ACCOUNTS (JobID: 51c78ad2-3dec-44c1-b5c9-98cb6a837786)
 - Deleted: 0

[17/Oct/2023:01:30:37] UPDATING PRODUCTS (JobID: 5e56deb5-540e-4b38-b747-48996cc7be33)
 - New and modified: 0

[17/Oct/2023:01:30:40] UPDATING PREPAGATI (JobID: c2b2ac42-d855-4a5f-8a8f-31ec04427795)
 - New and modified: 0

[17/Oct/2023:01:30:40] DELETING PREPAGATI (JobID: c2b2ac42-d855-4a5f-8a8f-31ec04427795)
 - Deleted: 0

[17/Oct/2023:05:00:08] UPDATING ACCOUNTS (JobID: c2e11305-c284-40ff-b520-b9841b83dd29)
 - New and modified: 0

[17/Oct/2023:05:00:08] DELETING ACCOUNTS (JobID: c2e11305-c284-40ff-b520-b9841b83dd29)
 - Deleted: 0

[17/Oct/2023:05:00:39] UPDATING PRODUCTS (JobID: 18c4c695-6d6a-43c9-86d9-af82881927cc)
 - New and modified: 0

[17/Oct/2023:05:00:43] UPDATING PREPAGATI (JobID: 327e5905-6bb3-4a6d-b077-4b5eea90a652)
 - New and modified: 0

[17/Oct/2023:05:00:43] DELETING PREPAGATI (JobID: 327e5905-6bb3-4a6d-b077-4b5eea90a652)
 - Deleted: 0

[17/Oct/2023:06:00:09] UPDATING ACCOUNTS (JobID: 4ac564f2-9e6d-463d-afcc-c55fdf33e808)
 - New and modified: 0

[17/Oct/2023:06:00:09] DELETING ACCOUNTS (JobID: 4ac564f2-9e6d-463d-afcc-c55fdf33e808)
 - Deleted: 0

[17/Oct/2023:06:00:43] UPDATING PRODUCTS (JobID: 4927845a-6131-4c62-acfe-9c452eafb504)
 - New and modified: 0

[17/Oct/2023:06:00:46] UPDATING PREPAGATI (JobID: 7e514ab3-df85-456f-9193-51813a3274eb)
 - New and modified: 0

[17/Oct/2023:06:00:46] DELETING PREPAGATI (JobID: 7e514ab3-df85-456f-9193-51813a3274eb)
 - Deleted: 0

[17/Oct/2023:06:30:10] UPDATING ACCOUNTS (JobID: c5a04195-6d7b-4e89-96f6-cf61fd6e08ff)
 - New and modified: 0

[17/Oct/2023:06:30:10] DELETING ACCOUNTS (JobID: c5a04195-6d7b-4e89-96f6-cf61fd6e08ff)
 - Deleted: 0

[17/Oct/2023:06:30:45] UPDATING PRODUCTS (JobID: 994e15cf-84f2-4f20-9c0d-b32299df93f6)
 - New and modified: 0

[17/Oct/2023:06:30:48] UPDATING PREPAGATI (JobID: 7a685b35-4d29-4fcf-b3f8-6064f16b8868)
 - New and modified: 0

[17/Oct/2023:06:30:48] DELETING PREPAGATI (JobID: 7a685b35-4d29-4fcf-b3f8-6064f16b8868)
 - Deleted: 0

[17/Oct/2023:07:00:18] UPDATING ACCOUNTS (JobID: 30f04257-a428-4061-9ecf-862954f713e1)
 - New and modified: 0

[17/Oct/2023:07:00:18] DELETING ACCOUNTS (JobID: 30f04257-a428-4061-9ecf-862954f713e1)
 - Deleted: 0

[17/Oct/2023:07:00:50] UPDATING PRODUCTS (JobID: 7bf5a25f-f006-42e9-a07d-e08fcad69158)
 - New and modified: 0

[17/Oct/2023:07:00:52] UPDATING PREPAGATI (JobID: c996756e-924c-44a8-83ca-0e81fabc3ad2)
 - New and modified: 0

[17/Oct/2023:07:00:52] DELETING PREPAGATI (JobID: c996756e-924c-44a8-83ca-0e81fabc3ad2)
 - Deleted: 0

[17/Oct/2023:07:30:09] UPDATING ACCOUNTS (JobID: 481e1f06-2905-4ef7-8249-ed8c5d916271)
 - New and modified: 0

[17/Oct/2023:07:30:09] DELETING ACCOUNTS (JobID: 481e1f06-2905-4ef7-8249-ed8c5d916271)
 - Deleted: 0

[17/Oct/2023:07:30:42] UPDATING PRODUCTS (JobID: 997b1f2f-3a74-4b15-bc0a-905c7715686e)
 - New and modified: 0

[17/Oct/2023:07:30:45] UPDATING PREPAGATI (JobID: fc6f249b-4bae-4fa8-959c-bf246231d7fe)
 - New and modified: 0

[17/Oct/2023:07:30:45] DELETING PREPAGATI (JobID: fc6f249b-4bae-4fa8-959c-bf246231d7fe)
 - Deleted: 0

[17/Oct/2023:08:30:07] UPDATING ACCOUNTS (JobID: 3d58423d-d819-4809-90ae-8df1423c4846)
 - New and modified: 0

[17/Oct/2023:08:30:07] DELETING ACCOUNTS (JobID: 3d58423d-d819-4809-90ae-8df1423c4846)
 - Deleted: 0

[17/Oct/2023:08:30:42] UPDATING PRODUCTS (JobID: f0fafb22-da24-40f2-a416-4bdba77cf00b)
 - New and modified: 0

[17/Oct/2023:08:30:45] UPDATING PREPAGATI (JobID: 2d2251ed-b2b5-4237-b8bb-ac5cb3623dec)
 - New and modified: 0

[17/Oct/2023:08:30:45] DELETING PREPAGATI (JobID: 2d2251ed-b2b5-4237-b8bb-ac5cb3623dec)
 - Deleted: 0

[17/Oct/2023:09:00:09] UPDATING ACCOUNTS (JobID: dd162129-ee70-4432-b5ec-257367fcfc1b)
 - New and modified: 0

[17/Oct/2023:09:00:09] DELETING ACCOUNTS (JobID: dd162129-ee70-4432-b5ec-257367fcfc1b)
 - Deleted: 0

[17/Oct/2023:09:00:40] UPDATING PRODUCTS (JobID: 63fa347f-f607-4e22-83b2-29a160f863f0)
 - New and modified: 0

[17/Oct/2023:09:00:43] UPDATING PREPAGATI (JobID: eabd1540-a9cf-4ebf-9a35-609b497d3955)
 - New and modified: 0

[17/Oct/2023:09:00:43] DELETING PREPAGATI (JobID: eabd1540-a9cf-4ebf-9a35-609b497d3955)
 - Deleted: 0

[17/Oct/2023:09:30:08] UPDATING ACCOUNTS (JobID: be3cffb7-3598-4a4f-a22a-234fa2f348fb)
 - New and modified: 0

[17/Oct/2023:09:30:08] DELETING ACCOUNTS (JobID: be3cffb7-3598-4a4f-a22a-234fa2f348fb)
 - Deleted: 0

[17/Oct/2023:09:30:39] UPDATING PRODUCTS (JobID: e98de711-cb2b-4e92-864c-f101e3d9dab1)
 - New and modified: 0

[17/Oct/2023:09:30:43] UPDATING PREPAGATI (JobID: 863b1001-fc23-4ed0-be9e-a22579d2e5b8)
 - New and modified: 0

[17/Oct/2023:09:30:43] DELETING PREPAGATI (JobID: 863b1001-fc23-4ed0-be9e-a22579d2e5b8)
 - Deleted: 0

[17/Oct/2023:12:00:09] UPDATING ACCOUNTS (JobID: 9f42b4fc-e229-49a2-a359-6d2ca73fe068)
 - New and modified: 0

[17/Oct/2023:12:00:09] DELETING ACCOUNTS (JobID: 9f42b4fc-e229-49a2-a359-6d2ca73fe068)
 - Deleted: 0

[17/Oct/2023:12:00:42] UPDATING PRODUCTS (JobID: 6f3b2807-edcb-4a70-b5ec-7bde1eb3ae57)
 - New and modified: 0

[17/Oct/2023:12:00:45] UPDATING PREPAGATI (JobID: 607c5156-40d0-4696-9fdd-e8dca56d8aaf)
 - New and modified: 0

[17/Oct/2023:12:00:45] DELETING PREPAGATI (JobID: 607c5156-40d0-4696-9fdd-e8dca56d8aaf)
 - Deleted: 0

[17/Oct/2023:13:00:09] UPDATING ACCOUNTS (JobID: a5b6d9fe-a5da-4a44-8442-bfaae6e80b4a)
 - New and modified: 0

[17/Oct/2023:13:00:09] DELETING ACCOUNTS (JobID: a5b6d9fe-a5da-4a44-8442-bfaae6e80b4a)
 - Deleted: 0

[17/Oct/2023:13:00:40] UPDATING PRODUCTS (JobID: 94f48e4d-65cd-40b3-b915-c9020e3846f7)
 - New and modified: 0

[17/Oct/2023:13:00:43] UPDATING PREPAGATI (JobID: c312ab9d-4333-477d-9e71-62a6b4fecac2)
 - New and modified: 0

[17/Oct/2023:13:00:43] DELETING PREPAGATI (JobID: c312ab9d-4333-477d-9e71-62a6b4fecac2)
 - Deleted: 0

[17/Oct/2023:14:30:09] UPDATING ACCOUNTS (JobID: 1700e056-e61e-416a-821a-042bf892c7cb)
 - New and modified: 0

[17/Oct/2023:14:30:09] DELETING ACCOUNTS (JobID: 1700e056-e61e-416a-821a-042bf892c7cb)
 - Deleted: 0

[17/Oct/2023:14:30:44] UPDATING PRODUCTS (JobID: 032ea981-79c0-483d-912d-4fe24458fc67)
 - New and modified: 0

[17/Oct/2023:14:30:47] UPDATING PREPAGATI (JobID: 40c22068-55fd-4feb-bcfb-b171d4ebd254)
 - New and modified: 0

[17/Oct/2023:14:30:47] DELETING PREPAGATI (JobID: 40c22068-55fd-4feb-bcfb-b171d4ebd254)
 - Deleted: 0

[17/Oct/2023:15:00:04] UPDATING ACCOUNTS (JobID: 5f422fd6-f3a5-4e25-957f-6db275ae083d)
 - New and modified: 0

[17/Oct/2023:15:00:04] DELETING ACCOUNTS (JobID: 5f422fd6-f3a5-4e25-957f-6db275ae083d)
 - Deleted: 0

[17/Oct/2023:15:00:37] UPDATING PRODUCTS (JobID: dde4f0d9-1c01-466e-84ee-deb3558ac1d3)
 - New and modified: 0

[17/Oct/2023:15:00:39] UPDATING PREPAGATI (JobID: 913d032a-b214-4f50-b281-3bba1628fe3c)
 - New and modified: 0

[17/Oct/2023:15:00:39] DELETING PREPAGATI (JobID: 913d032a-b214-4f50-b281-3bba1628fe3c)
 - Deleted: 0

[17/Oct/2023:16:30:09] UPDATING ACCOUNTS (JobID: d840b43b-a22f-44cd-8125-e1451211c39b)
 - New and modified: 0

[17/Oct/2023:16:30:09] DELETING ACCOUNTS (JobID: d840b43b-a22f-44cd-8125-e1451211c39b)
 - Deleted: 0

[17/Oct/2023:16:30:43] UPDATING PRODUCTS (JobID: 87bc664a-20a6-447f-8d7d-b83f2a7d5957)
 - New and modified: 0

[17/Oct/2023:16:30:46] UPDATING PREPAGATI (JobID: 170e946d-aade-42cd-9db0-fc8e9eec26ae)
 - New and modified: 0

[17/Oct/2023:16:30:46] DELETING PREPAGATI (JobID: 170e946d-aade-42cd-9db0-fc8e9eec26ae)
 - Deleted: 0

[17/Oct/2023:18:00:08] UPDATING ACCOUNTS (JobID: 089baab8-933a-4a2c-bd3c-f1049b4833ba)
 - New and modified: 0

[17/Oct/2023:18:00:08] DELETING ACCOUNTS (JobID: 089baab8-933a-4a2c-bd3c-f1049b4833ba)
 - Deleted: 0

[17/Oct/2023:18:00:50] UPDATING PRODUCTS (JobID: 7a3a77cf-308e-41a3-a0cd-1b75628a1b67)
 - New and modified: 0

[17/Oct/2023:18:00:54] UPDATING PREPAGATI (JobID: be3a87a4-02f9-4e6d-9e16-07aec00a643e)
 - New and modified: 0

[17/Oct/2023:18:00:54] DELETING PREPAGATI (JobID: be3a87a4-02f9-4e6d-9e16-07aec00a643e)
 - Deleted: 0

[17/Oct/2023:18:30:08] UPDATING ACCOUNTS (JobID: 2db1ea50-e7ae-45b3-9843-133b1e553a3c)
 - New and modified: 0

[17/Oct/2023:18:30:08] DELETING ACCOUNTS (JobID: 2db1ea50-e7ae-45b3-9843-133b1e553a3c)
 - Deleted: 0

[17/Oct/2023:18:30:39] UPDATING PRODUCTS (JobID: bd1a73d0-8b59-48a4-9de9-422c72133b31)
 - New and modified: 0

[17/Oct/2023:18:30:43] UPDATING PREPAGATI (JobID: af7ec788-fc95-4ad7-955a-6e025ace4ba2)
 - New and modified: 0

[17/Oct/2023:18:30:43] DELETING PREPAGATI (JobID: af7ec788-fc95-4ad7-955a-6e025ace4ba2)
 - Deleted: 0

[17/Oct/2023:19:00:18] UPDATING ACCOUNTS (JobID: c1a8677c-4a8d-4ea7-9a77-3401c073e988)
 - New and modified: 0

[17/Oct/2023:19:00:18] DELETING ACCOUNTS (JobID: c1a8677c-4a8d-4ea7-9a77-3401c073e988)
 - Deleted: 0

[17/Oct/2023:19:00:53] UPDATING PRODUCTS (JobID: 7deb4392-5a3f-4b62-9123-a8421d2a4622)
 - New and modified: 0

[17/Oct/2023:19:00:55] UPDATING PREPAGATI (JobID: d0130a08-2db0-4aeb-96b8-5facdc533a93)
 - New and modified: 0

[17/Oct/2023:19:00:55] DELETING PREPAGATI (JobID: d0130a08-2db0-4aeb-96b8-5facdc533a93)
 - Deleted: 0

[17/Oct/2023:19:30:04] UPDATING ACCOUNTS (JobID: 43363f08-41a6-43e8-a35e-4d9a4a3648ae)
 - New and modified: 0

[17/Oct/2023:19:30:04] DELETING ACCOUNTS (JobID: 43363f08-41a6-43e8-a35e-4d9a4a3648ae)
 - Deleted: 0

[17/Oct/2023:19:30:38] UPDATING PRODUCTS (JobID: ce0f3a12-e1da-4968-a4ba-4ac561bbcc7a)
 - New and modified: 0

[17/Oct/2023:19:30:40] UPDATING PREPAGATI (JobID: eb705f24-dac6-463c-a618-9e6e98ea2ea7)
 - New and modified: 0

[17/Oct/2023:19:30:40] DELETING PREPAGATI (JobID: eb705f24-dac6-463c-a618-9e6e98ea2ea7)
 - Deleted: 0

[17/Oct/2023:20:00:09] UPDATING ACCOUNTS (JobID: eb90d1f6-f175-438b-94a7-12c2738dcfcc)
 - New and modified: 0

[17/Oct/2023:20:00:09] DELETING ACCOUNTS (JobID: eb90d1f6-f175-438b-94a7-12c2738dcfcc)
 - Deleted: 0

[17/Oct/2023:20:00:41] UPDATING PRODUCTS (JobID: a0becf83-570e-4329-a8f0-b01352906e48)
 - New and modified: 0

[17/Oct/2023:20:00:44] UPDATING PREPAGATI (JobID: e50968d3-060e-46bc-a391-466c405f3739)
 - New and modified: 0

[17/Oct/2023:20:00:44] DELETING PREPAGATI (JobID: e50968d3-060e-46bc-a391-466c405f3739)
 - Deleted: 0

