[24/Jun/2023:00:00:04] UPDATING ACCOUNTS (JobID: 3a53b66c-1bd0-47b7-91ef-71710a4a69e0)
 - New and modified: 0

[24/Jun/2023:00:00:04] DELETING ACCOUNTS (JobID: 3a53b66c-1bd0-47b7-91ef-71710a4a69e0)
 - Deleted: 0

[24/Jun/2023:00:00:37] UPDATING PRODUCTS (JobID: a820390e-05c6-4c8c-9807-da41054d6b48)
 - New and modified: 0

[24/Jun/2023:00:00:39] UPDATING PREPAGATI (JobID: 32ea284a-d48f-41ec-a4a4-14537eb9ce6e)
 - New and modified: 0

[24/Jun/2023:00:00:39] DELETING PREPAGATI (JobID: 32ea284a-d48f-41ec-a4a4-14537eb9ce6e)
 - Deleted: 0

[24/Jun/2023:00:10:04] UPDATING ACCOUNTS (JobID: 1ce5ee0d-0266-4cad-a4b0-32c7dfeb61bd)
 - New and modified: 0

[24/Jun/2023:00:10:04] DELETING ACCOUNTS (JobID: 1ce5ee0d-0266-4cad-a4b0-32c7dfeb61bd)
 - Deleted: 0

[24/Jun/2023:00:10:38] UPDATING PRODUCTS (JobID: a440fa5d-bb28-4582-8d79-befc0ddfbd14)
 - New and modified: 0

[24/Jun/2023:00:10:40] UPDATING PREPAGATI (JobID: 9a19e125-3fb3-4ca3-9e3b-224d5684cc7f)
 - New and modified: 0

[24/Jun/2023:00:10:40] DELETING PREPAGATI (JobID: 9a19e125-3fb3-4ca3-9e3b-224d5684cc7f)
 - Deleted: 0

[24/Jun/2023:00:30:04] UPDATING ACCOUNTS (JobID: ec66f8ac-b6ed-472d-b1b9-05d19d693fa0)
 - New and modified: 0

[24/Jun/2023:00:30:04] DELETING ACCOUNTS (JobID: ec66f8ac-b6ed-472d-b1b9-05d19d693fa0)
 - Deleted: 0

[24/Jun/2023:00:30:39] UPDATING PRODUCTS (JobID: d34463af-e998-4ff3-b308-4b298ce5a713)
 - New and modified: 0

[24/Jun/2023:00:30:41] UPDATING PREPAGATI (JobID: 1e3d7fe9-f71b-45de-a1e6-5e9580c778c8)
 - New and modified: 0

[24/Jun/2023:00:30:41] DELETING PREPAGATI (JobID: 1e3d7fe9-f71b-45de-a1e6-5e9580c778c8)
 - Deleted: 0

[24/Jun/2023:00:40:04] UPDATING ACCOUNTS (JobID: aa5cb15c-f607-45d5-a292-f9f4be56dfde)
 - New and modified: 0

[24/Jun/2023:00:40:04] DELETING ACCOUNTS (JobID: aa5cb15c-f607-45d5-a292-f9f4be56dfde)
 - Deleted: 0

[24/Jun/2023:00:40:36] UPDATING PRODUCTS (JobID: 246e83c4-290e-4627-a611-45b46f4084d5)
 - New and modified: 0

[24/Jun/2023:00:40:38] UPDATING PREPAGATI (JobID: 28e2ce5b-99fd-4fdc-8c33-8025cd879bc3)
 - New and modified: 0

[24/Jun/2023:00:40:38] DELETING PREPAGATI (JobID: 28e2ce5b-99fd-4fdc-8c33-8025cd879bc3)
 - Deleted: 0

[24/Jun/2023:01:20:05] UPDATING ACCOUNTS (JobID: 72ae1378-b2f4-4db6-8baf-811683b86cc2)
 - New and modified: 0

[24/Jun/2023:01:20:05] DELETING ACCOUNTS (JobID: 72ae1378-b2f4-4db6-8baf-811683b86cc2)
 - Deleted: 0

[24/Jun/2023:01:20:38] UPDATING PRODUCTS (JobID: 2ff45b5a-e2b9-4b2a-a687-e83df0370853)
 - New and modified: 0

[24/Jun/2023:01:20:40] UPDATING PREPAGATI (JobID: 55c081f8-9daf-4833-a42a-1f6e8691d0eb)
 - New and modified: 0

[24/Jun/2023:01:20:40] DELETING PREPAGATI (JobID: 55c081f8-9daf-4833-a42a-1f6e8691d0eb)
 - Deleted: 0

[24/Jun/2023:01:40:05] UPDATING ACCOUNTS (JobID: 2b044284-3e70-485f-be74-937eebcaac39)
 - New and modified: 0

[24/Jun/2023:01:40:05] DELETING ACCOUNTS (JobID: 2b044284-3e70-485f-be74-937eebcaac39)
 - Deleted: 0

[24/Jun/2023:01:40:39] UPDATING PRODUCTS (JobID: 09d9bf21-957d-4ce4-9037-19ed1d5b7c1c)
 - New and modified: 0

[24/Jun/2023:01:40:41] UPDATING PREPAGATI (JobID: c5210601-eaf3-44df-97b4-0e5e73f43a5c)
 - New and modified: 0

[24/Jun/2023:01:40:41] DELETING PREPAGATI (JobID: c5210601-eaf3-44df-97b4-0e5e73f43a5c)
 - Deleted: 0

[24/Jun/2023:02:00:05] UPDATING ACCOUNTS (JobID: 947cd1a6-54bb-4dc6-95a6-9f35c89b892f)
 - New and modified: 0

[24/Jun/2023:02:00:05] DELETING ACCOUNTS (JobID: 947cd1a6-54bb-4dc6-95a6-9f35c89b892f)
 - Deleted: 0

[24/Jun/2023:02:00:47] UPDATING PRODUCTS (JobID: 2f7737d4-391a-4da9-8c96-e436c49f5d3a)
 - New and modified: 0

[24/Jun/2023:02:00:50] UPDATING PREPAGATI (JobID: b82f52d2-1c29-425e-ac4b-e9cf8a9cce53)
 - New and modified: 0

[24/Jun/2023:02:00:50] DELETING PREPAGATI (JobID: b82f52d2-1c29-425e-ac4b-e9cf8a9cce53)
 - Deleted: 0

[24/Jun/2023:02:30:04] UPDATING ACCOUNTS (JobID: af6af648-2504-458d-8d53-27a827633135)
 - New and modified: 0

[24/Jun/2023:02:30:04] DELETING ACCOUNTS (JobID: af6af648-2504-458d-8d53-27a827633135)
 - Deleted: 0

[24/Jun/2023:02:30:38] UPDATING PRODUCTS (JobID: 1ae8e517-6b19-4556-b6ab-20cf1a9e17ba)
 - New and modified: 0

[24/Jun/2023:02:30:40] UPDATING PREPAGATI (JobID: 66800a1a-8c84-464d-af39-9a0134ce36df)
 - New and modified: 0

[24/Jun/2023:02:30:40] DELETING PREPAGATI (JobID: 66800a1a-8c84-464d-af39-9a0134ce36df)
 - Deleted: 0

[24/Jun/2023:02:50:04] UPDATING ACCOUNTS (JobID: bd1fd3fc-c5ca-43da-9950-df81e80b7e1b)
 - New and modified: 0

[24/Jun/2023:02:50:04] DELETING ACCOUNTS (JobID: bd1fd3fc-c5ca-43da-9950-df81e80b7e1b)
 - Deleted: 0

[24/Jun/2023:02:50:39] UPDATING PRODUCTS (JobID: d81cbdf5-611d-4c61-8f02-a2c8116652f4)
 - New and modified: 0

[24/Jun/2023:02:50:41] UPDATING PREPAGATI (JobID: 94f505a6-1e6c-4ea1-9d85-5e730adb10a8)
 - New and modified: 0

[24/Jun/2023:02:50:41] DELETING PREPAGATI (JobID: 94f505a6-1e6c-4ea1-9d85-5e730adb10a8)
 - Deleted: 0

[24/Jun/2023:03:00:04] UPDATING ACCOUNTS (JobID: 27c20d77-60a4-4de3-892f-0d68a879a4ac)
 - New and modified: 0

[24/Jun/2023:03:00:04] DELETING ACCOUNTS (JobID: 27c20d77-60a4-4de3-892f-0d68a879a4ac)
 - Deleted: 0

[24/Jun/2023:03:00:36] UPDATING PRODUCTS (JobID: aba3fe00-51f1-4582-b38c-13eef48ad2ef)
 - New and modified: 0

[24/Jun/2023:03:00:38] UPDATING PREPAGATI (JobID: 7b503d8e-de08-44eb-aef2-164b4445b803)
 - New and modified: 0

[24/Jun/2023:03:00:38] DELETING PREPAGATI (JobID: 7b503d8e-de08-44eb-aef2-164b4445b803)
 - Deleted: 0

[24/Jun/2023:03:10:04] UPDATING ACCOUNTS (JobID: 62ee9fae-17d7-499b-8443-139a7ca79c0e)
 - New and modified: 0

[24/Jun/2023:03:10:04] DELETING ACCOUNTS (JobID: 62ee9fae-17d7-499b-8443-139a7ca79c0e)
 - Deleted: 0

[24/Jun/2023:03:10:38] UPDATING PRODUCTS (JobID: 3a88c709-9dfc-4e9e-bba7-59d05ca3d327)
 - New and modified: 0

[24/Jun/2023:03:10:39] UPDATING PREPAGATI (JobID: 9b09bdca-d417-4e5d-b9cc-813e5571ee1b)
 - New and modified: 0

[24/Jun/2023:03:10:39] DELETING PREPAGATI (JobID: 9b09bdca-d417-4e5d-b9cc-813e5571ee1b)
 - Deleted: 0

[24/Jun/2023:03:20:04] UPDATING ACCOUNTS (JobID: ab7acb99-8e86-42f9-bff4-a7648b9208e3)
 - New and modified: 0

[24/Jun/2023:03:20:04] DELETING ACCOUNTS (JobID: ab7acb99-8e86-42f9-bff4-a7648b9208e3)
 - Deleted: 0

[24/Jun/2023:03:20:37] UPDATING PRODUCTS (JobID: 36461ed8-687b-4be9-ae48-37a16c37907d)
 - New and modified: 0

[24/Jun/2023:03:20:39] UPDATING PREPAGATI (JobID: 703630a4-270b-430f-a098-6711185f1acd)
 - New and modified: 0

[24/Jun/2023:03:20:39] DELETING PREPAGATI (JobID: 703630a4-270b-430f-a098-6711185f1acd)
 - Deleted: 0

[24/Jun/2023:03:30:04] UPDATING ACCOUNTS (JobID: 84aa4cc1-3760-44bc-8e18-c0d38e4edb9b)
 - New and modified: 0

[24/Jun/2023:03:30:04] DELETING ACCOUNTS (JobID: 84aa4cc1-3760-44bc-8e18-c0d38e4edb9b)
 - Deleted: 0

[24/Jun/2023:03:30:39] UPDATING PRODUCTS (JobID: a8686b85-b47c-400d-b110-64c6fa9102bb)
 - New and modified: 0

[24/Jun/2023:03:30:41] UPDATING PREPAGATI (JobID: 90cbab3d-ec7c-46df-83e4-521f7fe4a3e7)
 - New and modified: 0

[24/Jun/2023:03:30:41] DELETING PREPAGATI (JobID: 90cbab3d-ec7c-46df-83e4-521f7fe4a3e7)
 - Deleted: 0

[24/Jun/2023:05:10:04] UPDATING ACCOUNTS (JobID: 4d516db2-fc6a-4729-9e75-1746479ad6fb)
 - New and modified: 0

[24/Jun/2023:05:10:04] DELETING ACCOUNTS (JobID: 4d516db2-fc6a-4729-9e75-1746479ad6fb)
 - Deleted: 0

[24/Jun/2023:05:10:38] UPDATING PRODUCTS (JobID: a92c8532-b81f-444f-9fd8-6437f86b2968)
 - New and modified: 0

[24/Jun/2023:05:10:40] UPDATING PREPAGATI (JobID: 21283412-4641-490d-bd09-729dd20b684d)
 - New and modified: 0

[24/Jun/2023:05:10:40] DELETING PREPAGATI (JobID: 21283412-4641-490d-bd09-729dd20b684d)
 - Deleted: 0

[24/Jun/2023:05:30:04] UPDATING ACCOUNTS (JobID: 4314503c-7491-4e85-a2bc-ff777220a463)
 - New and modified: 0

[24/Jun/2023:05:30:04] DELETING ACCOUNTS (JobID: 4314503c-7491-4e85-a2bc-ff777220a463)
 - Deleted: 0

[24/Jun/2023:05:30:34] UPDATING PRODUCTS (JobID: 4fbe0a93-b836-4ece-a296-aa505fea81ff)
 - New and modified: 0

[24/Jun/2023:05:30:36] UPDATING PREPAGATI (JobID: 832f8d5d-231f-47df-bf9b-044305df9d3e)
 - New and modified: 0

[24/Jun/2023:05:30:36] DELETING PREPAGATI (JobID: 832f8d5d-231f-47df-bf9b-044305df9d3e)
 - Deleted: 0

[24/Jun/2023:05:50:04] UPDATING ACCOUNTS (JobID: ca644072-6dda-4800-83ca-5b0b6edaa4f2)
 - New and modified: 0

[24/Jun/2023:05:50:04] DELETING ACCOUNTS (JobID: ca644072-6dda-4800-83ca-5b0b6edaa4f2)
 - Deleted: 0

[24/Jun/2023:05:50:34] UPDATING PRODUCTS (JobID: bb1f74d4-2690-4fe1-8e51-d04c841bdbec)
 - New and modified: 0

[24/Jun/2023:05:50:36] UPDATING PREPAGATI (JobID: 7674c828-79bf-4ab2-8acf-d14c8b83bba6)
 - New and modified: 0

[24/Jun/2023:05:50:36] DELETING PREPAGATI (JobID: 7674c828-79bf-4ab2-8acf-d14c8b83bba6)
 - Deleted: 0

[24/Jun/2023:06:10:05] UPDATING ACCOUNTS (JobID: fae14adf-b044-46fb-9452-759c24325190)
 - New and modified: 0

[24/Jun/2023:06:10:05] DELETING ACCOUNTS (JobID: fae14adf-b044-46fb-9452-759c24325190)
 - Deleted: 0

[24/Jun/2023:06:10:41] UPDATING PRODUCTS (JobID: d2219f65-e8cb-4db7-98e6-2b10583f909e)
 - New and modified: 0

[24/Jun/2023:06:10:44] UPDATING PREPAGATI (JobID: eaf9ed89-9ef7-49bd-b3a1-0b347b76db22)
 - New and modified: 0

[24/Jun/2023:06:10:44] DELETING PREPAGATI (JobID: eaf9ed89-9ef7-49bd-b3a1-0b347b76db22)
 - Deleted: 0

[24/Jun/2023:06:30:04] UPDATING ACCOUNTS (JobID: 33911cd7-b26f-42b4-ba73-2d2f11be8405)
 - New and modified: 0

[24/Jun/2023:06:30:04] DELETING ACCOUNTS (JobID: 33911cd7-b26f-42b4-ba73-2d2f11be8405)
 - Deleted: 0

[24/Jun/2023:06:30:39] UPDATING PRODUCTS (JobID: 9a87eccc-0f21-4bcf-beec-17370aeaf630)
 - New and modified: 0

[24/Jun/2023:06:30:41] UPDATING PREPAGATI (JobID: cffd503c-56b3-4375-8065-32dc27591bfa)
 - New and modified: 0

[24/Jun/2023:06:30:41] DELETING PREPAGATI (JobID: cffd503c-56b3-4375-8065-32dc27591bfa)
 - Deleted: 0

[24/Jun/2023:07:40:04] UPDATING ACCOUNTS (JobID: 50512ef4-7804-4c2d-a534-facbd36a9dc7)
 - New and modified: 0

[24/Jun/2023:07:40:04] DELETING ACCOUNTS (JobID: 50512ef4-7804-4c2d-a534-facbd36a9dc7)
 - Deleted: 0

[24/Jun/2023:07:40:37] UPDATING PRODUCTS (JobID: b026ba09-6596-4fbb-9bf0-767614e205dd)
 - New and modified: 0

[24/Jun/2023:07:40:38] UPDATING PREPAGATI (JobID: 55542d3d-8349-4700-8911-9b6ce10ff866)
 - New and modified: 0

[24/Jun/2023:07:40:38] DELETING PREPAGATI (JobID: 55542d3d-8349-4700-8911-9b6ce10ff866)
 - Deleted: 0

[24/Jun/2023:08:30:05] UPDATING ACCOUNTS (JobID: 8d13f292-53ae-40ee-810b-f993db4cc4a1)
 - New and modified: 0

[24/Jun/2023:08:30:05] DELETING ACCOUNTS (JobID: 8d13f292-53ae-40ee-810b-f993db4cc4a1)
 - Deleted: 0

[24/Jun/2023:08:30:38] UPDATING PRODUCTS (JobID: 60efdbea-962d-490c-a577-92ad41f930e8)
 - New and modified: 0

[24/Jun/2023:08:30:40] UPDATING PREPAGATI (JobID: 504474b8-532d-4812-9ee7-e2ac31fb67f5)
 - New and modified: 0

[24/Jun/2023:08:30:40] DELETING PREPAGATI (JobID: 504474b8-532d-4812-9ee7-e2ac31fb67f5)
 - Deleted: 0

[24/Jun/2023:09:20:04] UPDATING ACCOUNTS (JobID: 1df8e7cb-765f-4947-9950-f4ac7c92a272)
 - New and modified: 0

[24/Jun/2023:09:20:04] DELETING ACCOUNTS (JobID: 1df8e7cb-765f-4947-9950-f4ac7c92a272)
 - Deleted: 0

[24/Jun/2023:09:20:40] UPDATING PRODUCTS (JobID: c55f116b-e503-4012-911b-56b9d57a0488)
 - New and modified: 0

[24/Jun/2023:09:20:42] UPDATING PREPAGATI (JobID: 8aa3bb68-eae8-45f0-9ed8-9dbdf2e97e14)
 - New and modified: 0

[24/Jun/2023:09:20:42] DELETING PREPAGATI (JobID: 8aa3bb68-eae8-45f0-9ed8-9dbdf2e97e14)
 - Deleted: 0

[24/Jun/2023:10:20:04] UPDATING ACCOUNTS (JobID: b5cf39e2-a84b-4b1a-8653-6155021111e7)
 - New and modified: 0

[24/Jun/2023:10:20:04] DELETING ACCOUNTS (JobID: b5cf39e2-a84b-4b1a-8653-6155021111e7)
 - Deleted: 0

[24/Jun/2023:10:20:39] UPDATING PRODUCTS (JobID: 1dfb373a-a084-4b4b-932e-345598f4c8be)
 - New and modified: 0

[24/Jun/2023:10:20:41] UPDATING PREPAGATI (JobID: 5739a22a-17b6-46fc-ad9f-3fb92607bf4c)
 - New and modified: 0

[24/Jun/2023:10:20:41] DELETING PREPAGATI (JobID: 5739a22a-17b6-46fc-ad9f-3fb92607bf4c)
 - Deleted: 0

[24/Jun/2023:10:30:05] UPDATING ACCOUNTS (JobID: 262e46f4-a8ec-4455-a2de-45e013dc5f66)
 - New and modified: 0

[24/Jun/2023:10:30:05] DELETING ACCOUNTS (JobID: 262e46f4-a8ec-4455-a2de-45e013dc5f66)
 - Deleted: 0

[24/Jun/2023:10:30:39] UPDATING PRODUCTS (JobID: 78af618a-0d80-405e-8396-27b9b073e137)
 - New and modified: 0

[24/Jun/2023:10:30:40] UPDATING PREPAGATI (JobID: d0169890-8434-4d49-a18e-47e820cfac26)
 - New and modified: 0

[24/Jun/2023:10:30:40] DELETING PREPAGATI (JobID: d0169890-8434-4d49-a18e-47e820cfac26)
 - Deleted: 0

[24/Jun/2023:10:40:04] UPDATING ACCOUNTS (JobID: 08da15b3-10f3-4d99-8e9c-7221cf4f8f6b)
 - New and modified: 0

[24/Jun/2023:10:40:04] DELETING ACCOUNTS (JobID: 08da15b3-10f3-4d99-8e9c-7221cf4f8f6b)
 - Deleted: 0

[24/Jun/2023:10:40:35] UPDATING PRODUCTS (JobID: 1bfd6b10-7839-45f2-8b71-837bd3f9efa3)
 - New and modified: 0

[24/Jun/2023:10:40:37] UPDATING PREPAGATI (JobID: b86a73d5-c97e-4c1f-8f4d-e305b2ad8eb9)
 - New and modified: 0

[24/Jun/2023:10:40:37] DELETING PREPAGATI (JobID: b86a73d5-c97e-4c1f-8f4d-e305b2ad8eb9)
 - Deleted: 0

[24/Jun/2023:10:50:05] UPDATING ACCOUNTS (JobID: e72466cb-4de7-4a34-8881-b9a83576c5ec)
 - New and modified: 0

[24/Jun/2023:10:50:05] DELETING ACCOUNTS (JobID: e72466cb-4de7-4a34-8881-b9a83576c5ec)
 - Deleted: 0

[24/Jun/2023:10:50:38] UPDATING PRODUCTS (JobID: 936c014f-f88d-426e-a535-46ed808e25f5)
 - New and modified: 0

[24/Jun/2023:10:50:40] UPDATING PREPAGATI (JobID: 553f1f34-2296-48a8-8e98-45fa6c24aebe)
 - New and modified: 0

[24/Jun/2023:10:50:40] DELETING PREPAGATI (JobID: 553f1f34-2296-48a8-8e98-45fa6c24aebe)
 - Deleted: 0

[24/Jun/2023:11:20:04] UPDATING ACCOUNTS (JobID: e0900921-dc0c-4d42-90f7-db64eca954ae)
 - New and modified: 0

[24/Jun/2023:11:20:04] DELETING ACCOUNTS (JobID: e0900921-dc0c-4d42-90f7-db64eca954ae)
 - Deleted: 0

[24/Jun/2023:11:20:44] UPDATING PRODUCTS (JobID: dda182e0-8459-4b72-abd6-994ed52d1ace)
 - New and modified: 0

[24/Jun/2023:11:20:46] UPDATING PREPAGATI (JobID: 05e0b596-0064-48b6-af34-324142e97d07)
 - New and modified: 0

[24/Jun/2023:11:20:46] DELETING PREPAGATI (JobID: 05e0b596-0064-48b6-af34-324142e97d07)
 - Deleted: 0

[24/Jun/2023:12:40:04] UPDATING ACCOUNTS (JobID: f16cb51d-1efe-408c-9e71-13eeedc4e696)
 - New and modified: 0

[24/Jun/2023:12:40:04] DELETING ACCOUNTS (JobID: f16cb51d-1efe-408c-9e71-13eeedc4e696)
 - Deleted: 0

[24/Jun/2023:12:40:38] UPDATING PRODUCTS (JobID: 987c9602-76e9-475e-9c3b-e946635d5607)
 - New and modified: 0

[24/Jun/2023:12:40:40] UPDATING PREPAGATI (JobID: fbef7241-337b-4d64-96be-5b0d6470ab11)
 - New and modified: 0

[24/Jun/2023:12:40:40] DELETING PREPAGATI (JobID: fbef7241-337b-4d64-96be-5b0d6470ab11)
 - Deleted: 0

[24/Jun/2023:13:00:06] UPDATING ACCOUNTS (JobID: 0e925b94-5851-4c67-a62b-b43077100dd5)
 - New and modified: 0

[24/Jun/2023:13:00:06] DELETING ACCOUNTS (JobID: 0e925b94-5851-4c67-a62b-b43077100dd5)
 - Deleted: 0

[24/Jun/2023:13:00:40] UPDATING PRODUCTS (JobID: baf4fd48-a29a-4b2c-b98f-33a4828732a5)
 - New and modified: 0

[24/Jun/2023:13:00:42] UPDATING PREPAGATI (JobID: de471c1f-f69a-4d88-b63d-4c84bb5857b0)
 - New and modified: 0

[24/Jun/2023:13:00:42] DELETING PREPAGATI (JobID: de471c1f-f69a-4d88-b63d-4c84bb5857b0)
 - Deleted: 0

[24/Jun/2023:13:30:05] UPDATING ACCOUNTS (JobID: 32344c03-a687-4f67-a9cb-0140bd0530d5)
 - New and modified: 0

[24/Jun/2023:13:30:05] DELETING ACCOUNTS (JobID: 32344c03-a687-4f67-a9cb-0140bd0530d5)
 - Deleted: 0

[24/Jun/2023:13:30:38] UPDATING PRODUCTS (JobID: f7bbc2cf-71d7-4399-86e3-c89d6c353b80)
 - New and modified: 0

[24/Jun/2023:13:30:40] UPDATING PREPAGATI (JobID: 9016e755-55bb-4e2d-b144-1d94a6311b9a)
 - New and modified: 0

[24/Jun/2023:13:30:40] DELETING PREPAGATI (JobID: 9016e755-55bb-4e2d-b144-1d94a6311b9a)
 - Deleted: 0

[24/Jun/2023:13:40:04] UPDATING ACCOUNTS (JobID: 76e5513e-8093-4a2e-be2c-3bcea5a7d0c9)
 - New and modified: 0

[24/Jun/2023:13:40:04] DELETING ACCOUNTS (JobID: 76e5513e-8093-4a2e-be2c-3bcea5a7d0c9)
 - Deleted: 0

[24/Jun/2023:13:40:38] UPDATING PRODUCTS (JobID: 3acf9efa-3fa5-4a83-a9f4-76a2439a6415)
 - New and modified: 0

[24/Jun/2023:13:40:40] UPDATING PREPAGATI (JobID: ff460d08-0d15-48c2-a26c-0921e965cf90)
 - New and modified: 0

[24/Jun/2023:13:40:40] DELETING PREPAGATI (JobID: ff460d08-0d15-48c2-a26c-0921e965cf90)
 - Deleted: 0

[24/Jun/2023:13:50:04] UPDATING ACCOUNTS (JobID: 7c18ca19-a77c-4e62-a54f-e56a4f33fe9d)
 - New and modified: 0

[24/Jun/2023:13:50:04] DELETING ACCOUNTS (JobID: 7c18ca19-a77c-4e62-a54f-e56a4f33fe9d)
 - Deleted: 0

[24/Jun/2023:13:50:36] UPDATING PRODUCTS (JobID: ae491ef7-6c36-45c8-aa56-cd279c49ae2f)
 - New and modified: 0

[24/Jun/2023:13:50:38] UPDATING PREPAGATI (JobID: 770adcc4-4190-44ce-ae0c-c1d266dc239b)
 - New and modified: 0

[24/Jun/2023:13:50:38] DELETING PREPAGATI (JobID: 770adcc4-4190-44ce-ae0c-c1d266dc239b)
 - Deleted: 0

[24/Jun/2023:14:00:05] UPDATING ACCOUNTS (JobID: 581ac186-0f29-4882-8613-19bb2d3fccbd)
 - New and modified: 0

[24/Jun/2023:14:00:05] DELETING ACCOUNTS (JobID: 581ac186-0f29-4882-8613-19bb2d3fccbd)
 - Deleted: 0

[24/Jun/2023:14:00:38] UPDATING PRODUCTS (JobID: fcdca5b2-0183-466f-99d9-4c211d2cc985)
 - New and modified: 0

[24/Jun/2023:14:00:40] UPDATING PREPAGATI (JobID: bf8bedc5-eb36-410e-8a51-961bd1095c81)
 - New and modified: 0

[24/Jun/2023:14:00:40] DELETING PREPAGATI (JobID: bf8bedc5-eb36-410e-8a51-961bd1095c81)
 - Deleted: 0

[24/Jun/2023:14:10:04] UPDATING ACCOUNTS (JobID: 33f86a6f-8fb3-44ab-a63c-08d91a3eb209)
 - New and modified: 0

[24/Jun/2023:14:10:04] DELETING ACCOUNTS (JobID: 33f86a6f-8fb3-44ab-a63c-08d91a3eb209)
 - Deleted: 0

[24/Jun/2023:14:10:36] UPDATING PRODUCTS (JobID: 3392e3b9-6a1b-4a99-9632-d8c04739fbfc)
 - New and modified: 0

[24/Jun/2023:14:10:38] UPDATING PREPAGATI (JobID: b3094304-c74a-4c88-92b9-9fd475f5fc84)
 - New and modified: 0

[24/Jun/2023:14:10:38] DELETING PREPAGATI (JobID: b3094304-c74a-4c88-92b9-9fd475f5fc84)
 - Deleted: 0

[24/Jun/2023:15:10:04] UPDATING ACCOUNTS (JobID: af37ff22-4c98-4fd4-a54a-376722f623cf)
 - New and modified: 0

[24/Jun/2023:15:10:04] DELETING ACCOUNTS (JobID: af37ff22-4c98-4fd4-a54a-376722f623cf)
 - Deleted: 0

[24/Jun/2023:15:10:35] UPDATING PRODUCTS (JobID: 7207514e-2d51-4b28-ad7b-8a0c7e53580d)
 - New and modified: 0

[24/Jun/2023:15:10:38] UPDATING PREPAGATI (JobID: f1136cf0-ad44-4282-902a-d830864ae003)
 - New and modified: 0

[24/Jun/2023:15:10:38] DELETING PREPAGATI (JobID: f1136cf0-ad44-4282-902a-d830864ae003)
 - Deleted: 0

[24/Jun/2023:15:40:04] UPDATING ACCOUNTS (JobID: aba20d5c-c35d-43e8-9a5f-fc65da27d1b7)
 - New and modified: 0

[24/Jun/2023:15:40:04] DELETING ACCOUNTS (JobID: aba20d5c-c35d-43e8-9a5f-fc65da27d1b7)
 - Deleted: 0

[24/Jun/2023:15:40:37] UPDATING PRODUCTS (JobID: 59ecee6a-8bc1-485a-b99a-2ef9563de0d0)
 - New and modified: 0

[24/Jun/2023:15:40:39] UPDATING PREPAGATI (JobID: 99354b13-6cda-420a-80dd-c35bb118980b)
 - New and modified: 0

[24/Jun/2023:15:40:39] DELETING PREPAGATI (JobID: 99354b13-6cda-420a-80dd-c35bb118980b)
 - Deleted: 0

[24/Jun/2023:15:50:04] UPDATING ACCOUNTS (JobID: 0f878e85-9068-4981-a89b-8147d5106d43)
 - New and modified: 0

[24/Jun/2023:15:50:04] DELETING ACCOUNTS (JobID: 0f878e85-9068-4981-a89b-8147d5106d43)
 - Deleted: 0

[24/Jun/2023:15:50:35] UPDATING PRODUCTS (JobID: 02823433-a0f1-4b6e-bbe9-981e1223bfee)
 - New and modified: 0

[24/Jun/2023:15:50:37] UPDATING PREPAGATI (JobID: d9bdd958-6f0a-4cd6-823c-f23b595fb643)
 - New and modified: 0

[24/Jun/2023:15:50:37] DELETING PREPAGATI (JobID: d9bdd958-6f0a-4cd6-823c-f23b595fb643)
 - Deleted: 0

[24/Jun/2023:16:20:04] UPDATING ACCOUNTS (JobID: 095c9b27-a1df-4bf0-9748-23750d4f4ca2)
 - New and modified: 0

[24/Jun/2023:16:20:04] DELETING ACCOUNTS (JobID: 095c9b27-a1df-4bf0-9748-23750d4f4ca2)
 - Deleted: 0

[24/Jun/2023:16:20:39] UPDATING PRODUCTS (JobID: 1d0bfe2c-777a-417f-99fc-97b8606c595b)
 - New and modified: 0

[24/Jun/2023:16:20:41] UPDATING PREPAGATI (JobID: 08a0a22c-b113-420e-8d83-b68c4f9006d9)
 - New and modified: 0

[24/Jun/2023:16:20:41] DELETING PREPAGATI (JobID: 08a0a22c-b113-420e-8d83-b68c4f9006d9)
 - Deleted: 0

[24/Jun/2023:16:40:04] UPDATING ACCOUNTS (JobID: fa0726fd-3c53-4ead-9341-f6a2434cffc8)
 - New and modified: 0

[24/Jun/2023:16:40:04] DELETING ACCOUNTS (JobID: fa0726fd-3c53-4ead-9341-f6a2434cffc8)
 - Deleted: 0

[24/Jun/2023:16:40:37] UPDATING PRODUCTS (JobID: ba0623cf-05fb-4d84-a5f5-e7de7c0a6d37)
 - New and modified: 0

[24/Jun/2023:16:40:38] UPDATING PREPAGATI (JobID: c913ca5d-b16c-44b3-8fff-f9031f7013ec)
 - New and modified: 0

[24/Jun/2023:16:40:38] DELETING PREPAGATI (JobID: c913ca5d-b16c-44b3-8fff-f9031f7013ec)
 - Deleted: 0

[24/Jun/2023:16:50:04] UPDATING ACCOUNTS (JobID: 0783668b-6d15-458d-93fa-14cbd443eae8)
 - New and modified: 0

[24/Jun/2023:16:50:04] DELETING ACCOUNTS (JobID: 0783668b-6d15-458d-93fa-14cbd443eae8)
 - Deleted: 0

[24/Jun/2023:16:50:36] UPDATING PRODUCTS (JobID: 99f0d44a-e2be-4690-8a1c-2f03830cf418)
 - New and modified: 0

[24/Jun/2023:16:50:38] UPDATING PREPAGATI (JobID: 02727edb-c935-42a9-bdf8-bcaa5ec9f127)
 - New and modified: 0

[24/Jun/2023:16:50:38] DELETING PREPAGATI (JobID: 02727edb-c935-42a9-bdf8-bcaa5ec9f127)
 - Deleted: 0

[24/Jun/2023:17:50:04] UPDATING ACCOUNTS (JobID: 3778d1ea-bf5c-41a5-9f74-16d2bffc833b)
 - New and modified: 0

[24/Jun/2023:17:50:04] DELETING ACCOUNTS (JobID: 3778d1ea-bf5c-41a5-9f74-16d2bffc833b)
 - Deleted: 0

[24/Jun/2023:17:50:36] UPDATING PRODUCTS (JobID: 6633c287-f880-4bac-8497-c20a5602a024)
 - New and modified: 0

[24/Jun/2023:17:50:38] UPDATING PREPAGATI (JobID: e097721f-1751-4a7a-9708-1ce6c47e8272)
 - New and modified: 0

[24/Jun/2023:17:50:38] DELETING PREPAGATI (JobID: e097721f-1751-4a7a-9708-1ce6c47e8272)
 - Deleted: 0

[24/Jun/2023:18:10:04] UPDATING ACCOUNTS (JobID: d92f6111-5bf4-4b65-aeae-9a8a468562f5)
 - New and modified: 0

[24/Jun/2023:18:10:04] DELETING ACCOUNTS (JobID: d92f6111-5bf4-4b65-aeae-9a8a468562f5)
 - Deleted: 0

[24/Jun/2023:18:10:40] UPDATING PRODUCTS (JobID: 13d2c150-33a8-4e9f-966a-5a4f1f341043)
 - New and modified: 0

[24/Jun/2023:18:10:42] UPDATING PREPAGATI (JobID: fb830dd0-35f7-463d-a85f-3ba0de532144)
 - New and modified: 0

[24/Jun/2023:18:10:42] DELETING PREPAGATI (JobID: fb830dd0-35f7-463d-a85f-3ba0de532144)
 - Deleted: 0

[24/Jun/2023:18:40:04] UPDATING ACCOUNTS (JobID: 81c9e791-f80e-4152-8ae0-2138e44866ed)
 - New and modified: 0

[24/Jun/2023:18:40:04] DELETING ACCOUNTS (JobID: 81c9e791-f80e-4152-8ae0-2138e44866ed)
 - Deleted: 0

[24/Jun/2023:18:40:37] UPDATING PRODUCTS (JobID: be6f78c7-a076-460d-897a-91072d28e18d)
 - New and modified: 0

[24/Jun/2023:18:40:39] UPDATING PREPAGATI (JobID: 1bd01164-f8dc-4192-a922-d00edbeb68a8)
 - New and modified: 0

[24/Jun/2023:18:40:39] DELETING PREPAGATI (JobID: 1bd01164-f8dc-4192-a922-d00edbeb68a8)
 - Deleted: 0

[24/Jun/2023:18:50:04] UPDATING ACCOUNTS (JobID: 22889a2b-e2ae-45ea-9045-a246fb106da5)
 - New and modified: 0

[24/Jun/2023:18:50:04] DELETING ACCOUNTS (JobID: 22889a2b-e2ae-45ea-9045-a246fb106da5)
 - Deleted: 0

[24/Jun/2023:18:50:35] UPDATING PRODUCTS (JobID: 156f9e04-e6fd-4576-9b17-b9a04343d7f5)
 - New and modified: 0

[24/Jun/2023:18:50:37] UPDATING PREPAGATI (JobID: ca6097f8-32bb-423f-8443-b0a6051cba34)
 - New and modified: 0

[24/Jun/2023:18:50:37] DELETING PREPAGATI (JobID: ca6097f8-32bb-423f-8443-b0a6051cba34)
 - Deleted: 0

[24/Jun/2023:19:10:04] UPDATING ACCOUNTS (JobID: 228af7ea-32a3-4377-a754-ee68ca6ea679)
 - New and modified: 0

[24/Jun/2023:19:10:04] DELETING ACCOUNTS (JobID: 228af7ea-32a3-4377-a754-ee68ca6ea679)
 - Deleted: 0

[24/Jun/2023:19:10:36] UPDATING PRODUCTS (JobID: 4e763bfe-19b8-44aa-8ebb-8e47ac9f6b3b)
 - New and modified: 0

[24/Jun/2023:19:10:38] UPDATING PREPAGATI (JobID: 02b04e66-3946-4af2-bc0e-220e08843574)
 - New and modified: 0

[24/Jun/2023:19:10:38] DELETING PREPAGATI (JobID: 02b04e66-3946-4af2-bc0e-220e08843574)
 - Deleted: 0

[24/Jun/2023:19:40:04] UPDATING ACCOUNTS (JobID: 9e76b3fc-c4aa-4bb6-8be6-55a3bcf3f531)
 - New and modified: 0

[24/Jun/2023:19:40:04] DELETING ACCOUNTS (JobID: 9e76b3fc-c4aa-4bb6-8be6-55a3bcf3f531)
 - Deleted: 0

[24/Jun/2023:19:40:36] UPDATING PRODUCTS (JobID: fa4d075d-d534-437e-9f03-8e4a6ff21848)
 - New and modified: 0

[24/Jun/2023:19:40:38] UPDATING PREPAGATI (JobID: 843f505c-c2be-4fef-a42e-2bea252ec97d)
 - New and modified: 0

[24/Jun/2023:19:40:38] DELETING PREPAGATI (JobID: 843f505c-c2be-4fef-a42e-2bea252ec97d)
 - Deleted: 0

[24/Jun/2023:20:20:04] UPDATING ACCOUNTS (JobID: 690c1286-7a3e-4539-ba41-c0421605b601)
 - New and modified: 0

[24/Jun/2023:20:20:04] DELETING ACCOUNTS (JobID: 690c1286-7a3e-4539-ba41-c0421605b601)
 - Deleted: 0

[24/Jun/2023:20:20:38] UPDATING PRODUCTS (JobID: bf615f92-624a-474e-b3e3-eda4088224ec)
 - New and modified: 0

[24/Jun/2023:20:20:39] UPDATING PREPAGATI (JobID: b98f4207-6cae-40b5-8d57-f84daa518aff)
 - New and modified: 0

[24/Jun/2023:20:20:39] DELETING PREPAGATI (JobID: b98f4207-6cae-40b5-8d57-f84daa518aff)
 - Deleted: 0

[24/Jun/2023:21:00:05] UPDATING ACCOUNTS (JobID: 24e57777-8948-41fa-a1b8-30387afe2404)
 - New and modified: 0

[24/Jun/2023:21:00:05] DELETING ACCOUNTS (JobID: 24e57777-8948-41fa-a1b8-30387afe2404)
 - Deleted: 0

[24/Jun/2023:21:00:36] UPDATING PRODUCTS (JobID: b8d6f632-e362-426e-95b3-ee34d149822f)
 - New and modified: 0

[24/Jun/2023:21:00:38] UPDATING PREPAGATI (JobID: cd4c9d93-6f72-40d6-8b4f-27b08e847943)
 - New and modified: 0

[24/Jun/2023:21:00:38] DELETING PREPAGATI (JobID: cd4c9d93-6f72-40d6-8b4f-27b08e847943)
 - Deleted: 0

[24/Jun/2023:22:00:06] UPDATING ACCOUNTS (JobID: 840ee809-2c7a-4ab5-b395-89c9e58e2de1)
 - New and modified: 0

[24/Jun/2023:22:00:06] DELETING ACCOUNTS (JobID: 840ee809-2c7a-4ab5-b395-89c9e58e2de1)
 - Deleted: 0

[24/Jun/2023:22:00:38] UPDATING PRODUCTS (JobID: 71f12734-61e2-40da-bef8-b3c767d6c687)
 - New and modified: 0

[24/Jun/2023:22:00:40] UPDATING PREPAGATI (JobID: 519adcbc-d9a1-43f7-875c-9edaf837002a)
 - New and modified: 0

[24/Jun/2023:22:00:40] DELETING PREPAGATI (JobID: 519adcbc-d9a1-43f7-875c-9edaf837002a)
 - Deleted: 0

[24/Jun/2023:22:20:04] UPDATING ACCOUNTS (JobID: e42cd417-e144-4cc0-af81-009899ecbec3)
 - New and modified: 0

[24/Jun/2023:22:20:04] DELETING ACCOUNTS (JobID: e42cd417-e144-4cc0-af81-009899ecbec3)
 - Deleted: 0

[24/Jun/2023:22:20:34] UPDATING PRODUCTS (JobID: 383aa341-e545-4f49-81bb-55ef1e0bb938)
 - New and modified: 0

[24/Jun/2023:22:20:36] UPDATING PREPAGATI (JobID: aa7cfc33-08b5-47a0-ad2d-81f320687aa2)
 - New and modified: 0

[24/Jun/2023:22:20:36] DELETING PREPAGATI (JobID: aa7cfc33-08b5-47a0-ad2d-81f320687aa2)
 - Deleted: 0

[24/Jun/2023:23:00:04] UPDATING ACCOUNTS (JobID: a6482478-12fd-4b89-b477-4b998a9d0d8d)
 - New and modified: 0

[24/Jun/2023:23:00:04] DELETING ACCOUNTS (JobID: a6482478-12fd-4b89-b477-4b998a9d0d8d)
 - Deleted: 0

[24/Jun/2023:23:00:35] UPDATING PRODUCTS (JobID: 2d7ba374-4a31-41aa-95ee-b34559addc63)
 - New and modified: 0

[24/Jun/2023:23:00:36] UPDATING PREPAGATI (JobID: 742927bc-4887-4847-90e5-8c4c8ddcbc6f)
 - New and modified: 0

[24/Jun/2023:23:00:36] DELETING PREPAGATI (JobID: 742927bc-4887-4847-90e5-8c4c8ddcbc6f)
 - Deleted: 0

[24/Jun/2023:23:10:04] UPDATING ACCOUNTS (JobID: 1b757e79-a712-4b21-a565-eacb5b22bb95)
 - New and modified: 0

[24/Jun/2023:23:10:04] DELETING ACCOUNTS (JobID: 1b757e79-a712-4b21-a565-eacb5b22bb95)
 - Deleted: 0

[24/Jun/2023:23:10:36] UPDATING PRODUCTS (JobID: 7ec8e6c5-1903-48fb-b7c1-fbb1f34f8de3)
 - New and modified: 0

[24/Jun/2023:23:10:38] UPDATING PREPAGATI (JobID: 9984022c-0b54-4732-8add-949499a10d67)
 - New and modified: 0

[24/Jun/2023:23:10:38] DELETING PREPAGATI (JobID: 9984022c-0b54-4732-8add-949499a10d67)
 - Deleted: 0

[24/Jun/2023:23:20:04] UPDATING ACCOUNTS (JobID: c52a8840-3e61-4d7c-837e-3a6761866e70)
 - New and modified: 0

[24/Jun/2023:23:20:04] DELETING ACCOUNTS (JobID: c52a8840-3e61-4d7c-837e-3a6761866e70)
 - Deleted: 0

[24/Jun/2023:23:20:34] UPDATING PRODUCTS (JobID: 88f7af08-75fe-4c50-bcd2-5db0d0f96cbb)
 - New and modified: 0

[24/Jun/2023:23:20:36] UPDATING PREPAGATI (JobID: 0f849066-96e0-4400-82aa-fc5356030427)
 - New and modified: 0

[24/Jun/2023:23:20:36] DELETING PREPAGATI (JobID: 0f849066-96e0-4400-82aa-fc5356030427)
 - Deleted: 0

[24/Jun/2023:23:50:04] UPDATING ACCOUNTS (JobID: 95f61d59-f9f6-40a2-8d4b-baa334d5834d)
 - New and modified: 0

[24/Jun/2023:23:50:04] DELETING ACCOUNTS (JobID: 95f61d59-f9f6-40a2-8d4b-baa334d5834d)
 - Deleted: 0

[24/Jun/2023:23:50:35] UPDATING PRODUCTS (JobID: 8eb7ed15-7703-46e9-9b79-cebe47be86b6)
 - New and modified: 0

[24/Jun/2023:23:50:37] UPDATING PREPAGATI (JobID: 5c01f627-e406-44d9-b1b6-67fc5414b2ad)
 - New and modified: 0

[24/Jun/2023:23:50:37] DELETING PREPAGATI (JobID: 5c01f627-e406-44d9-b1b6-67fc5414b2ad)
 - Deleted: 0

