[07/Jun/2023:00:00:04] UPDATING ACCOUNTS (JobID: 33531b3f-21b4-4eb6-97d2-d084b28171e5)
 - New and modified: 0

[07/Jun/2023:00:00:04] DELETING ACCOUNTS (JobID: 33531b3f-21b4-4eb6-97d2-d084b28171e5)
 - Deleted: 0

[07/Jun/2023:00:00:37] UPDATING PRODUCTS (JobID: ddc14a76-145f-4fc3-90d8-2ff2f3f6ac1e)
 - New and modified: 0

[07/Jun/2023:00:00:38] UPDATING PREPAGATI (JobID: 7d3f046a-fcf4-4521-b48e-033d89a24372)
 - New and modified: 0

[07/Jun/2023:00:00:38] DELETING PREPAGATI (JobID: 7d3f046a-fcf4-4521-b48e-033d89a24372)
 - Deleted: 0

[07/Jun/2023:00:10:04] UPDATING ACCOUNTS (JobID: 7304db41-7eb3-4930-adfb-9499f609de5b)
 - New and modified: 0

[07/Jun/2023:00:10:04] DELETING ACCOUNTS (JobID: 7304db41-7eb3-4930-adfb-9499f609de5b)
 - Deleted: 0

[07/Jun/2023:00:10:39] UPDATING PRODUCTS (JobID: 111cfbea-7acd-4cf1-816c-068cf339699c)
 - New and modified: 0

[07/Jun/2023:00:10:41] UPDATING PREPAGATI (JobID: bfaf0e5d-6df7-440a-bea3-2ddb91c67395)
 - New and modified: 0

[07/Jun/2023:00:10:41] DELETING PREPAGATI (JobID: bfaf0e5d-6df7-440a-bea3-2ddb91c67395)
 - Deleted: 0

[07/Jun/2023:00:20:04] UPDATING ACCOUNTS (JobID: 3b568566-1509-427e-8138-8606e52020e7)
 - New and modified: 0

[07/Jun/2023:00:20:04] DELETING ACCOUNTS (JobID: 3b568566-1509-427e-8138-8606e52020e7)
 - Deleted: 0

[07/Jun/2023:00:20:37] UPDATING PRODUCTS (JobID: 99c34ebd-96e0-4b09-807b-621689499da9)
 - New and modified: 0

[07/Jun/2023:00:20:39] UPDATING PREPAGATI (JobID: 5c556c4d-cc39-4310-9230-3a680276fe0c)
 - New and modified: 0

[07/Jun/2023:00:20:39] DELETING PREPAGATI (JobID: 5c556c4d-cc39-4310-9230-3a680276fe0c)
 - Deleted: 0

[07/Jun/2023:00:30:04] UPDATING ACCOUNTS (JobID: b012a830-0343-482b-9534-e25e8b2e5b5c)
 - New and modified: 0

[07/Jun/2023:00:30:04] DELETING ACCOUNTS (JobID: b012a830-0343-482b-9534-e25e8b2e5b5c)
 - Deleted: 0

[07/Jun/2023:00:30:38] UPDATING PRODUCTS (JobID: 1d8da055-e69d-47a2-8e70-d5fd6f25a90c)
 - New and modified: 0

[07/Jun/2023:00:30:40] UPDATING PREPAGATI (JobID: a6a14649-0738-417f-bb7a-e7d3bb87e728)
 - New and modified: 0

[07/Jun/2023:00:30:40] DELETING PREPAGATI (JobID: a6a14649-0738-417f-bb7a-e7d3bb87e728)
 - Deleted: 0

[07/Jun/2023:00:40:04] UPDATING ACCOUNTS (JobID: b7c908e5-0c14-4ce4-a832-61f61e5e733d)
 - New and modified: 0

[07/Jun/2023:00:40:04] DELETING ACCOUNTS (JobID: b7c908e5-0c14-4ce4-a832-61f61e5e733d)
 - Deleted: 0

[07/Jun/2023:00:40:37] UPDATING PRODUCTS (JobID: 478dff36-fc1f-4cb8-bf76-24caa2c60b8e)
 - New and modified: 0

[07/Jun/2023:00:40:39] UPDATING PREPAGATI (JobID: 5c2917ab-4d62-4dbb-9cc0-ae1bc8478ba6)
 - New and modified: 0

[07/Jun/2023:00:40:39] DELETING PREPAGATI (JobID: 5c2917ab-4d62-4dbb-9cc0-ae1bc8478ba6)
 - Deleted: 0

[07/Jun/2023:00:50:04] UPDATING ACCOUNTS (JobID: e07ce4b2-eb8c-4c56-af98-da7e546697f2)
 - New and modified: 0

[07/Jun/2023:00:50:04] DELETING ACCOUNTS (JobID: e07ce4b2-eb8c-4c56-af98-da7e546697f2)
 - Deleted: 0

[07/Jun/2023:00:50:37] UPDATING PRODUCTS (JobID: be05a389-37d3-4913-8ef0-a6c3e61f0064)
 - New and modified: 0

[07/Jun/2023:00:50:39] UPDATING PREPAGATI (JobID: 6ed5932b-983e-4b26-bf59-05fd31230296)
 - New and modified: 0

[07/Jun/2023:00:50:39] DELETING PREPAGATI (JobID: 6ed5932b-983e-4b26-bf59-05fd31230296)
 - Deleted: 0

[07/Jun/2023:01:00:04] UPDATING ACCOUNTS (JobID: fd9d9336-9aae-4861-b84b-955600ef80e0)
 - New and modified: 0

[07/Jun/2023:01:00:04] DELETING ACCOUNTS (JobID: fd9d9336-9aae-4861-b84b-955600ef80e0)
 - Deleted: 0

[07/Jun/2023:01:00:38] UPDATING PRODUCTS (JobID: c8a02b7a-c835-49c4-93b2-99d53b3d5032)
 - New and modified: 0

[07/Jun/2023:01:00:39] UPDATING PREPAGATI (JobID: fb05a37b-9d2b-42e1-8ebf-af3718c127cb)
 - New and modified: 0

[07/Jun/2023:01:00:39] DELETING PREPAGATI (JobID: fb05a37b-9d2b-42e1-8ebf-af3718c127cb)
 - Deleted: 0

[07/Jun/2023:01:10:05] UPDATING ACCOUNTS (JobID: 526fdcb3-ddb7-41cf-9703-e8e89c681b78)
 - New and modified: 0

[07/Jun/2023:01:10:05] DELETING ACCOUNTS (JobID: 526fdcb3-ddb7-41cf-9703-e8e89c681b78)
 - Deleted: 0

[07/Jun/2023:01:10:44] UPDATING PRODUCTS (JobID: 48c6816b-5d0f-4e79-a30c-cc31f421b049)
 - New and modified: 0

[07/Jun/2023:01:10:47] UPDATING PREPAGATI (JobID: 0ec5d1bf-823c-408b-b6f9-f679b03675e2)
 - New and modified: 0

[07/Jun/2023:01:10:47] DELETING PREPAGATI (JobID: 0ec5d1bf-823c-408b-b6f9-f679b03675e2)
 - Deleted: 0

[07/Jun/2023:01:20:04] UPDATING ACCOUNTS (JobID: fa24e3ed-d9e1-4f15-aafe-e91915be5166)
 - New and modified: 0

[07/Jun/2023:01:20:04] DELETING ACCOUNTS (JobID: fa24e3ed-d9e1-4f15-aafe-e91915be5166)
 - Deleted: 0

[07/Jun/2023:01:20:40] UPDATING PRODUCTS (JobID: c0941ff6-bc26-4379-8916-93b9ece918e2)
 - New and modified: 0

[07/Jun/2023:01:20:42] UPDATING PREPAGATI (JobID: dfbe533a-cfe7-4dc4-aefa-457f2fd3a6a2)
 - New and modified: 0

[07/Jun/2023:01:20:42] DELETING PREPAGATI (JobID: dfbe533a-cfe7-4dc4-aefa-457f2fd3a6a2)
 - Deleted: 0

[07/Jun/2023:01:30:04] UPDATING ACCOUNTS (JobID: d925d50b-d8e9-40cb-b27b-4b11a23a162c)
 - New and modified: 0

[07/Jun/2023:01:30:04] DELETING ACCOUNTS (JobID: d925d50b-d8e9-40cb-b27b-4b11a23a162c)
 - Deleted: 0

[07/Jun/2023:01:30:35] UPDATING PRODUCTS (JobID: c5315147-e0c7-4d1e-8ab2-7699fb0c2c27)
 - New and modified: 0

[07/Jun/2023:01:30:36] UPDATING PREPAGATI (JobID: 1ae9aaee-09f5-4327-8e99-7393b63322d2)
 - New and modified: 0

[07/Jun/2023:01:30:36] DELETING PREPAGATI (JobID: 1ae9aaee-09f5-4327-8e99-7393b63322d2)
 - Deleted: 0

[07/Jun/2023:01:40:05] UPDATING ACCOUNTS (JobID: 97144ebf-f4d9-4f19-8d00-4bfcffd3fe3b)
 - New and modified: 0

[07/Jun/2023:01:40:05] DELETING ACCOUNTS (JobID: 97144ebf-f4d9-4f19-8d00-4bfcffd3fe3b)
 - Deleted: 0

[07/Jun/2023:01:40:43] UPDATING PRODUCTS (JobID: b60f605b-b015-4b78-abb0-d562591b0913)
 - New and modified: 0

[07/Jun/2023:01:40:45] UPDATING PREPAGATI (JobID: aed099b0-0e43-4924-bbf3-80ccbdb5ec16)
 - New and modified: 0

[07/Jun/2023:01:40:45] DELETING PREPAGATI (JobID: aed099b0-0e43-4924-bbf3-80ccbdb5ec16)
 - Deleted: 0

[07/Jun/2023:01:50:05] UPDATING ACCOUNTS (JobID: 50a76caa-5760-4589-bce2-4dc122118501)
 - New and modified: 0

[07/Jun/2023:01:50:05] DELETING ACCOUNTS (JobID: 50a76caa-5760-4589-bce2-4dc122118501)
 - Deleted: 0

[07/Jun/2023:01:50:41] UPDATING PRODUCTS (JobID: 3fff5719-6d35-4e53-ac79-87cc282f9a6b)
 - New and modified: 0

[07/Jun/2023:01:50:42] UPDATING PREPAGATI (JobID: 8da0d08b-44a9-493f-a360-2e67b4c001e1)
 - New and modified: 0

[07/Jun/2023:01:50:42] DELETING PREPAGATI (JobID: 8da0d08b-44a9-493f-a360-2e67b4c001e1)
 - Deleted: 0

[07/Jun/2023:02:00:05] UPDATING ACCOUNTS (JobID: 1c03d7e3-7e7f-4f7f-bf83-0e3ad1afde21)
 - New and modified: 0

[07/Jun/2023:02:00:05] DELETING ACCOUNTS (JobID: 1c03d7e3-7e7f-4f7f-bf83-0e3ad1afde21)
 - Deleted: 0

[07/Jun/2023:02:00:42] UPDATING PRODUCTS (JobID: cb3cb50c-d929-47ef-9006-3de5ea77e412)
 - New and modified: 0

[07/Jun/2023:02:00:44] UPDATING PREPAGATI (JobID: 46454627-ac5b-4f12-bdb5-40c5d9ef5902)
 - New and modified: 0

[07/Jun/2023:02:00:44] DELETING PREPAGATI (JobID: 46454627-ac5b-4f12-bdb5-40c5d9ef5902)
 - Deleted: 0

[07/Jun/2023:02:10:04] UPDATING ACCOUNTS (JobID: 79303350-67ad-4d1b-b637-0ecd488ef93e)
 - New and modified: 0

[07/Jun/2023:02:10:04] DELETING ACCOUNTS (JobID: 79303350-67ad-4d1b-b637-0ecd488ef93e)
 - Deleted: 0

[07/Jun/2023:02:10:40] UPDATING PRODUCTS (JobID: 8cb396e3-e85e-4187-b502-d7fc1db31c8e)
 - New and modified: 0

[07/Jun/2023:02:10:41] UPDATING PREPAGATI (JobID: b5f79231-5554-4273-8b96-3e56c405d375)
 - New and modified: 0

[07/Jun/2023:02:10:41] DELETING PREPAGATI (JobID: b5f79231-5554-4273-8b96-3e56c405d375)
 - Deleted: 0

[07/Jun/2023:02:20:05] UPDATING ACCOUNTS (JobID: 763bca98-03dd-4399-9423-755a6d9cd543)
 - New and modified: 0

[07/Jun/2023:02:20:05] DELETING ACCOUNTS (JobID: 763bca98-03dd-4399-9423-755a6d9cd543)
 - Deleted: 0

[07/Jun/2023:02:20:42] UPDATING PRODUCTS (JobID: 04e29c40-2dd1-4e02-8c6f-82b1a709d1ec)
 - New and modified: 0

[07/Jun/2023:02:20:43] UPDATING PREPAGATI (JobID: dc4007d9-ae5a-461e-8242-29cc24aac3f2)
 - New and modified: 0

[07/Jun/2023:02:20:43] DELETING PREPAGATI (JobID: dc4007d9-ae5a-461e-8242-29cc24aac3f2)
 - Deleted: 0

[07/Jun/2023:02:30:04] UPDATING ACCOUNTS (JobID: b57e37e8-6a8d-4f18-b453-c004d9ced55e)
 - New and modified: 0

[07/Jun/2023:02:30:04] DELETING ACCOUNTS (JobID: b57e37e8-6a8d-4f18-b453-c004d9ced55e)
 - Deleted: 0

[07/Jun/2023:02:30:38] UPDATING PRODUCTS (JobID: 5ddc07a7-8d4b-4fc3-a0e2-57fc3baafd9f)
 - New and modified: 0

[07/Jun/2023:02:30:40] UPDATING PREPAGATI (JobID: cb67530a-456f-4853-b83c-1af718d46aed)
 - New and modified: 0

[07/Jun/2023:02:30:40] DELETING PREPAGATI (JobID: cb67530a-456f-4853-b83c-1af718d46aed)
 - Deleted: 0

[07/Jun/2023:02:40:04] UPDATING ACCOUNTS (JobID: 71eedb11-da8e-46db-a062-56c0e4d79103)
 - New and modified: 0

[07/Jun/2023:02:40:04] DELETING ACCOUNTS (JobID: 71eedb11-da8e-46db-a062-56c0e4d79103)
 - Deleted: 0

[07/Jun/2023:02:40:40] UPDATING PRODUCTS (JobID: 50295172-8a4f-4564-9913-dca01d27ccae)
 - New and modified: 0

[07/Jun/2023:02:40:43] UPDATING PREPAGATI (JobID: 43c604cb-a08d-41cd-bb05-179422f6a26a)
 - New and modified: 0

[07/Jun/2023:02:40:43] DELETING PREPAGATI (JobID: 43c604cb-a08d-41cd-bb05-179422f6a26a)
 - Deleted: 0

[07/Jun/2023:02:50:05] UPDATING ACCOUNTS (JobID: bb4331be-9874-4e8b-875a-0ab701751908)
 - New and modified: 0

[07/Jun/2023:02:50:05] DELETING ACCOUNTS (JobID: bb4331be-9874-4e8b-875a-0ab701751908)
 - Deleted: 0

[07/Jun/2023:02:50:42] UPDATING PRODUCTS (JobID: eb526dc5-fe27-4501-baee-f821aa94cd2c)
 - New and modified: 0

[07/Jun/2023:02:50:44] UPDATING PREPAGATI (JobID: 5a55b495-ec39-4e8c-a1bf-dfb3b69d8758)
 - New and modified: 0

[07/Jun/2023:02:50:44] DELETING PREPAGATI (JobID: 5a55b495-ec39-4e8c-a1bf-dfb3b69d8758)
 - Deleted: 0

[07/Jun/2023:03:00:05] UPDATING ACCOUNTS (JobID: 66654510-6037-4d88-bd00-af608b03974d)
 - New and modified: 0

[07/Jun/2023:03:00:05] DELETING ACCOUNTS (JobID: 66654510-6037-4d88-bd00-af608b03974d)
 - Deleted: 0

[07/Jun/2023:03:00:45] UPDATING PRODUCTS (JobID: f6cf9290-e1ad-478b-a335-5c9f92ba4e6a)
 - New and modified: 0

[07/Jun/2023:03:00:47] UPDATING PREPAGATI (JobID: 1709be12-e724-4036-954a-af26bcbd00cd)
 - New and modified: 0

[07/Jun/2023:03:00:47] DELETING PREPAGATI (JobID: 1709be12-e724-4036-954a-af26bcbd00cd)
 - Deleted: 0

[07/Jun/2023:03:10:05] UPDATING ACCOUNTS (JobID: 8b9da4fd-1d00-43f3-b411-bed5d272f880)
 - New and modified: 0

[07/Jun/2023:03:10:05] DELETING ACCOUNTS (JobID: 8b9da4fd-1d00-43f3-b411-bed5d272f880)
 - Deleted: 0

[07/Jun/2023:03:10:42] UPDATING PRODUCTS (JobID: 9b5c1d4b-82eb-4f3d-9260-69c9e7ce40a3)
 - New and modified: 0

[07/Jun/2023:03:10:44] UPDATING PREPAGATI (JobID: 417e3526-e984-4ce6-bbb3-5b083eadfe6c)
 - New and modified: 0

[07/Jun/2023:03:10:44] DELETING PREPAGATI (JobID: 417e3526-e984-4ce6-bbb3-5b083eadfe6c)
 - Deleted: 0

[07/Jun/2023:03:20:04] UPDATING ACCOUNTS (JobID: 075623b6-51e1-4e0e-9279-897e9eadd9f4)
 - New and modified: 0

[07/Jun/2023:03:20:04] DELETING ACCOUNTS (JobID: 075623b6-51e1-4e0e-9279-897e9eadd9f4)
 - Deleted: 0

[07/Jun/2023:03:20:46] UPDATING PRODUCTS (JobID: e6a9aa40-0e69-474f-8499-fa55e8a69de3)
 - New and modified: 0

[07/Jun/2023:03:20:48] UPDATING PREPAGATI (JobID: 28038d33-3a3e-4701-963c-04b2098d85f9)
 - New and modified: 0

[07/Jun/2023:03:20:48] DELETING PREPAGATI (JobID: 28038d33-3a3e-4701-963c-04b2098d85f9)
 - Deleted: 0

[07/Jun/2023:03:30:04] UPDATING ACCOUNTS (JobID: 77e59446-75a0-44d6-9c72-89bc3df8c65b)
 - New and modified: 0

[07/Jun/2023:03:30:04] DELETING ACCOUNTS (JobID: 77e59446-75a0-44d6-9c72-89bc3df8c65b)
 - Deleted: 0

[07/Jun/2023:03:30:40] UPDATING PRODUCTS (JobID: 0a95572f-80f2-42ed-bf28-e2b68935b562)
 - New and modified: 0

[07/Jun/2023:03:30:42] UPDATING PREPAGATI (JobID: 4ec19b83-25aa-47cb-81ef-e12ce9902908)
 - New and modified: 0

[07/Jun/2023:03:30:42] DELETING PREPAGATI (JobID: 4ec19b83-25aa-47cb-81ef-e12ce9902908)
 - Deleted: 0

[07/Jun/2023:03:40:04] UPDATING ACCOUNTS (JobID: 02bdd175-4786-418e-919c-cff621dcbedf)
 - New and modified: 0

[07/Jun/2023:03:40:04] DELETING ACCOUNTS (JobID: 02bdd175-4786-418e-919c-cff621dcbedf)
 - Deleted: 0

[07/Jun/2023:03:40:40] UPDATING PRODUCTS (JobID: 35ad3b49-9fb4-4d1e-a72b-4d29b4052081)
 - New and modified: 0

[07/Jun/2023:03:40:42] UPDATING PREPAGATI (JobID: 4af00372-a777-400d-97f1-79caef4318fe)
 - New and modified: 0

[07/Jun/2023:03:40:42] DELETING PREPAGATI (JobID: 4af00372-a777-400d-97f1-79caef4318fe)
 - Deleted: 0

[07/Jun/2023:03:50:04] UPDATING ACCOUNTS (JobID: a0160f90-d219-4b32-a6f5-43f44c9c87bf)
 - New and modified: 0

[07/Jun/2023:03:50:04] DELETING ACCOUNTS (JobID: a0160f90-d219-4b32-a6f5-43f44c9c87bf)
 - Deleted: 0

[07/Jun/2023:03:50:39] UPDATING PRODUCTS (JobID: 6913f500-d1e8-48a1-bcbf-4315f965597d)
 - New and modified: 0

[07/Jun/2023:03:50:41] UPDATING PREPAGATI (JobID: a4bdc4bb-6e05-4dd5-9b8b-2597aeb382ee)
 - New and modified: 0

[07/Jun/2023:03:50:41] DELETING PREPAGATI (JobID: a4bdc4bb-6e05-4dd5-9b8b-2597aeb382ee)
 - Deleted: 0

[07/Jun/2023:04:00:05] UPDATING ACCOUNTS (JobID: 6bc51237-ea41-47a6-92dd-708916029edf)
 - New and modified: 0

[07/Jun/2023:04:00:05] DELETING ACCOUNTS (JobID: 6bc51237-ea41-47a6-92dd-708916029edf)
 - Deleted: 0

[07/Jun/2023:04:00:40] UPDATING PRODUCTS (JobID: 4096c00c-9637-4c38-a82d-11edff9b8ec6)
 - New and modified: 0

[07/Jun/2023:04:00:42] UPDATING PREPAGATI (JobID: 08a03513-c082-4646-8cb7-eef025dc3dea)
 - New and modified: 0

[07/Jun/2023:04:00:42] DELETING PREPAGATI (JobID: 08a03513-c082-4646-8cb7-eef025dc3dea)
 - Deleted: 0

[07/Jun/2023:04:10:04] UPDATING ACCOUNTS (JobID: cb8e0bd3-8dcf-4015-bf3b-3812e39c4947)
 - New and modified: 0

[07/Jun/2023:04:10:04] DELETING ACCOUNTS (JobID: cb8e0bd3-8dcf-4015-bf3b-3812e39c4947)
 - Deleted: 0

[07/Jun/2023:04:10:40] UPDATING PRODUCTS (JobID: 7e8c6ce8-13c7-4ec7-9bdc-8c49e0d4f64b)
 - New and modified: 0

[07/Jun/2023:04:10:42] UPDATING PREPAGATI (JobID: 255eecdb-cb60-47b5-a4de-828ebcaa23b8)
 - New and modified: 0

[07/Jun/2023:04:10:42] DELETING PREPAGATI (JobID: 255eecdb-cb60-47b5-a4de-828ebcaa23b8)
 - Deleted: 0

[07/Jun/2023:04:20:04] UPDATING ACCOUNTS (JobID: 87f3dd5e-cf2d-41c0-a0c7-a864a1e2312d)
 - New and modified: 0

[07/Jun/2023:04:20:04] DELETING ACCOUNTS (JobID: 87f3dd5e-cf2d-41c0-a0c7-a864a1e2312d)
 - Deleted: 0

[07/Jun/2023:04:20:38] UPDATING PRODUCTS (JobID: 5368a421-7a72-4bd6-b0e2-1458afd5b751)
 - New and modified: 0

[07/Jun/2023:04:20:40] UPDATING PREPAGATI (JobID: 7b4cfd45-1ad6-4cdb-ae29-f59e4e0d42e9)
 - New and modified: 0

[07/Jun/2023:04:20:40] DELETING PREPAGATI (JobID: 7b4cfd45-1ad6-4cdb-ae29-f59e4e0d42e9)
 - Deleted: 0

[07/Jun/2023:04:30:04] UPDATING ACCOUNTS (JobID: 661614f1-1c8e-41c5-b80d-374e80fadde6)
 - New and modified: 0

[07/Jun/2023:04:30:04] DELETING ACCOUNTS (JobID: 661614f1-1c8e-41c5-b80d-374e80fadde6)
 - Deleted: 0

[07/Jun/2023:04:30:40] UPDATING PRODUCTS (JobID: 82a4dd04-96ee-4844-8e54-ec9742a3ecda)
 - New and modified: 0

[07/Jun/2023:04:30:41] UPDATING PREPAGATI (JobID: 33261a94-a9f3-4e71-aff2-716d476b2611)
 - New and modified: 0

[07/Jun/2023:04:30:41] DELETING PREPAGATI (JobID: 33261a94-a9f3-4e71-aff2-716d476b2611)
 - Deleted: 0

[07/Jun/2023:04:40:04] UPDATING ACCOUNTS (JobID: b52e0636-26a5-4f4d-8143-4f931632cef2)
 - New and modified: 0

[07/Jun/2023:04:40:04] DELETING ACCOUNTS (JobID: b52e0636-26a5-4f4d-8143-4f931632cef2)
 - Deleted: 0

[07/Jun/2023:04:40:40] UPDATING PRODUCTS (JobID: d3027335-afba-4e5b-9b37-05bc22e94221)
 - New and modified: 0

[07/Jun/2023:04:40:41] UPDATING PREPAGATI (JobID: 93e69db7-d807-4051-8812-e04fab124f14)
 - New and modified: 0

[07/Jun/2023:04:40:41] DELETING PREPAGATI (JobID: 93e69db7-d807-4051-8812-e04fab124f14)
 - Deleted: 0

[07/Jun/2023:04:50:04] UPDATING ACCOUNTS (JobID: 52967bb4-0a1a-417d-b3bd-2b5c6b3a93b6)
 - New and modified: 0

[07/Jun/2023:04:50:04] DELETING ACCOUNTS (JobID: 52967bb4-0a1a-417d-b3bd-2b5c6b3a93b6)
 - Deleted: 0

[07/Jun/2023:04:50:39] UPDATING PRODUCTS (JobID: e562009c-e4ac-4765-bed3-c69f7f653149)
 - New and modified: 0

[07/Jun/2023:04:50:41] UPDATING PREPAGATI (JobID: 8794c11b-334b-46cf-9587-46cdba232b29)
 - New and modified: 0

[07/Jun/2023:04:50:41] DELETING PREPAGATI (JobID: 8794c11b-334b-46cf-9587-46cdba232b29)
 - Deleted: 0

[07/Jun/2023:05:00:05] UPDATING ACCOUNTS (JobID: e308672d-ad9c-4e32-a156-ddf0dff5d84f)
 - New and modified: 0

[07/Jun/2023:05:00:05] DELETING ACCOUNTS (JobID: e308672d-ad9c-4e32-a156-ddf0dff5d84f)
 - Deleted: 0

[07/Jun/2023:05:00:40] UPDATING PRODUCTS (JobID: b51bcab0-f78c-4cc6-a2ce-17b06eeb5dde)
 - New and modified: 0

[07/Jun/2023:05:00:42] UPDATING PREPAGATI (JobID: 33483127-afb0-4067-ac13-5d134878afde)
 - New and modified: 0

[07/Jun/2023:05:00:42] DELETING PREPAGATI (JobID: 33483127-afb0-4067-ac13-5d134878afde)
 - Deleted: 0

[07/Jun/2023:05:10:04] UPDATING ACCOUNTS (JobID: bf107e2b-11c1-4435-925b-6aea1db98455)
 - New and modified: 0

[07/Jun/2023:05:10:04] DELETING ACCOUNTS (JobID: bf107e2b-11c1-4435-925b-6aea1db98455)
 - Deleted: 0

[07/Jun/2023:05:10:40] UPDATING PRODUCTS (JobID: 8dc7de24-a1b4-4a24-8fc4-3c5a1a8e7da1)
 - New and modified: 0

[07/Jun/2023:05:10:42] UPDATING PREPAGATI (JobID: 517731bd-633f-406e-8ec0-9f70d91b8bce)
 - New and modified: 0

[07/Jun/2023:05:10:42] DELETING PREPAGATI (JobID: 517731bd-633f-406e-8ec0-9f70d91b8bce)
 - Deleted: 0

[07/Jun/2023:05:20:04] UPDATING ACCOUNTS (JobID: 15c13ce4-dd51-4d22-9729-3b4cf89cfe07)
 - New and modified: 0

[07/Jun/2023:05:20:04] DELETING ACCOUNTS (JobID: 15c13ce4-dd51-4d22-9729-3b4cf89cfe07)
 - Deleted: 0

[07/Jun/2023:05:20:39] UPDATING PRODUCTS (JobID: 5ce38a68-d297-4f08-b915-2daf7126a731)
 - New and modified: 0

[07/Jun/2023:05:20:40] UPDATING PREPAGATI (JobID: 135ece00-b64e-4e4e-b34d-f218337703a2)
 - New and modified: 0

[07/Jun/2023:05:20:40] DELETING PREPAGATI (JobID: 135ece00-b64e-4e4e-b34d-f218337703a2)
 - Deleted: 0

[07/Jun/2023:05:30:04] UPDATING ACCOUNTS (JobID: 5c2ac566-3f81-451d-a0ed-648a3d38116d)
 - New and modified: 0

[07/Jun/2023:05:30:04] DELETING ACCOUNTS (JobID: 5c2ac566-3f81-451d-a0ed-648a3d38116d)
 - Deleted: 0

[07/Jun/2023:05:30:38] UPDATING PRODUCTS (JobID: 555062f4-e536-4d97-b134-6191fb1912fa)
 - New and modified: 0

[07/Jun/2023:05:30:40] UPDATING PREPAGATI (JobID: 3b9ff097-9ad9-40f3-ae5e-351500ef45a5)
 - New and modified: 0

[07/Jun/2023:05:30:40] DELETING PREPAGATI (JobID: 3b9ff097-9ad9-40f3-ae5e-351500ef45a5)
 - Deleted: 0

[07/Jun/2023:05:40:04] UPDATING ACCOUNTS (JobID: e78e9fcd-84de-4973-89fe-a4a2cf0e3a36)
 - New and modified: 0

[07/Jun/2023:05:40:04] DELETING ACCOUNTS (JobID: e78e9fcd-84de-4973-89fe-a4a2cf0e3a36)
 - Deleted: 0

[07/Jun/2023:05:40:39] UPDATING PRODUCTS (JobID: eb0c70fe-1916-4298-8c47-4f1a05716875)
 - New and modified: 0

[07/Jun/2023:05:40:41] UPDATING PREPAGATI (JobID: fa531861-556c-45e6-8f6d-c1438e5ce7d0)
 - New and modified: 0

[07/Jun/2023:05:40:41] DELETING PREPAGATI (JobID: fa531861-556c-45e6-8f6d-c1438e5ce7d0)
 - Deleted: 0

[07/Jun/2023:05:50:04] UPDATING ACCOUNTS (JobID: a7bd1a47-0d01-4bf5-a944-5eeb1e3c41ba)
 - New and modified: 0

[07/Jun/2023:05:50:04] DELETING ACCOUNTS (JobID: a7bd1a47-0d01-4bf5-a944-5eeb1e3c41ba)
 - Deleted: 0

[07/Jun/2023:05:50:38] UPDATING PRODUCTS (JobID: f5924bf5-12da-4075-b6c8-bfc242d184e8)
 - New and modified: 0

[07/Jun/2023:05:50:40] UPDATING PREPAGATI (JobID: ea011f30-9d31-46a9-a99b-d7197354accd)
 - New and modified: 0

[07/Jun/2023:05:50:40] DELETING PREPAGATI (JobID: ea011f30-9d31-46a9-a99b-d7197354accd)
 - Deleted: 0

[07/Jun/2023:06:00:04] UPDATING ACCOUNTS (JobID: 6c593a2b-dab2-4d32-815f-bead27ce60f5)
 - New and modified: 0

[07/Jun/2023:06:00:04] DELETING ACCOUNTS (JobID: 6c593a2b-dab2-4d32-815f-bead27ce60f5)
 - Deleted: 0

[07/Jun/2023:06:00:40] UPDATING PRODUCTS (JobID: 1b9ee9b2-8a4e-4bfc-9511-e931c7e85803)
 - New and modified: 0

[07/Jun/2023:06:00:42] UPDATING PREPAGATI (JobID: 8abc759c-4e69-4762-b2d9-95885cd65773)
 - New and modified: 0

[07/Jun/2023:06:00:42] DELETING PREPAGATI (JobID: 8abc759c-4e69-4762-b2d9-95885cd65773)
 - Deleted: 0

[07/Jun/2023:06:10:04] UPDATING ACCOUNTS (JobID: a74b5199-0a01-45c8-adda-813fb20764fd)
 - New and modified: 0

[07/Jun/2023:06:10:04] DELETING ACCOUNTS (JobID: a74b5199-0a01-45c8-adda-813fb20764fd)
 - Deleted: 0

[07/Jun/2023:06:10:39] UPDATING PRODUCTS (JobID: 571f2bf3-3e0f-454e-ae92-c902d5821ea0)
 - New and modified: 0

[07/Jun/2023:06:10:40] UPDATING PREPAGATI (JobID: 14d2ed4e-49de-4acf-b820-93e40f223cac)
 - New and modified: 0

[07/Jun/2023:06:10:40] DELETING PREPAGATI (JobID: 14d2ed4e-49de-4acf-b820-93e40f223cac)
 - Deleted: 0

[07/Jun/2023:06:20:05] UPDATING ACCOUNTS (JobID: f26e2714-2494-4a0c-9113-508e99647f50)
 - New and modified: 0

[07/Jun/2023:06:20:05] DELETING ACCOUNTS (JobID: f26e2714-2494-4a0c-9113-508e99647f50)
 - Deleted: 0

[07/Jun/2023:06:20:42] UPDATING PRODUCTS (JobID: 1574510f-47a6-4fe0-9dd7-4bc0036e802b)
 - New and modified: 0

[07/Jun/2023:06:20:43] UPDATING PREPAGATI (JobID: 30776ee1-a9be-4644-a7bc-a61a5d19789a)
 - New and modified: 0

[07/Jun/2023:06:20:43] DELETING PREPAGATI (JobID: 30776ee1-a9be-4644-a7bc-a61a5d19789a)
 - Deleted: 0

[07/Jun/2023:06:30:04] UPDATING ACCOUNTS (JobID: c8731490-a8a0-4b55-8344-bd16d0a8be0c)
 - New and modified: 0

[07/Jun/2023:06:30:04] DELETING ACCOUNTS (JobID: c8731490-a8a0-4b55-8344-bd16d0a8be0c)
 - Deleted: 0

[07/Jun/2023:06:30:38] UPDATING PRODUCTS (JobID: 457930ca-e4b5-4ea8-b5fd-f36a5558a7a8)
 - New and modified: 0

[07/Jun/2023:06:30:40] UPDATING PREPAGATI (JobID: 17f16e9f-85bf-480a-9a6f-c234e8652abc)
 - New and modified: 0

[07/Jun/2023:06:30:40] DELETING PREPAGATI (JobID: 17f16e9f-85bf-480a-9a6f-c234e8652abc)
 - Deleted: 0

[07/Jun/2023:06:40:04] UPDATING ACCOUNTS (JobID: 2011c1f1-38df-442b-bade-71c5da53b939)
 - New and modified: 0

[07/Jun/2023:06:40:04] DELETING ACCOUNTS (JobID: 2011c1f1-38df-442b-bade-71c5da53b939)
 - Deleted: 0

[07/Jun/2023:06:40:37] UPDATING PRODUCTS (JobID: 3a54a885-9823-43fd-9bbb-dffcc803947f)
 - New and modified: 0

[07/Jun/2023:06:40:38] UPDATING PREPAGATI (JobID: d20aac0e-28f5-4d1e-ba7f-ffbd1f733a77)
 - New and modified: 0

[07/Jun/2023:06:40:38] DELETING PREPAGATI (JobID: d20aac0e-28f5-4d1e-ba7f-ffbd1f733a77)
 - Deleted: 0

[07/Jun/2023:06:50:04] UPDATING ACCOUNTS (JobID: d7cefab2-3e86-4cd0-b001-d4d921412e65)
 - New and modified: 0

[07/Jun/2023:06:50:04] DELETING ACCOUNTS (JobID: d7cefab2-3e86-4cd0-b001-d4d921412e65)
 - Deleted: 0

[07/Jun/2023:06:50:38] UPDATING PRODUCTS (JobID: 532fd4ab-8dea-4c35-a88f-d01eeea5d232)
 - New and modified: 0

[07/Jun/2023:06:50:39] UPDATING PREPAGATI (JobID: 4cc84d82-d5b5-4e42-aa7d-51ed5fbdaa73)
 - New and modified: 0

[07/Jun/2023:06:50:39] DELETING PREPAGATI (JobID: 4cc84d82-d5b5-4e42-aa7d-51ed5fbdaa73)
 - Deleted: 0

[07/Jun/2023:07:00:19] UPDATING ACCOUNTS (JobID: 59cff288-23ed-4c5a-8f80-d6fce095b334)
 - New and modified: 0

[07/Jun/2023:07:00:19] DELETING ACCOUNTS (JobID: 59cff288-23ed-4c5a-8f80-d6fce095b334)
 - Deleted: 0

[07/Jun/2023:07:00:54] UPDATING PRODUCTS (JobID: 391ceaf5-7831-46ea-94b7-6cc85dbd9571)
 - New and modified: 0

[07/Jun/2023:07:00:55] UPDATING PREPAGATI (JobID: ee711bca-e0e2-43ab-9442-20cdbe355018)
 - New and modified: 0

[07/Jun/2023:07:00:55] DELETING PREPAGATI (JobID: ee711bca-e0e2-43ab-9442-20cdbe355018)
 - Deleted: 0

[07/Jun/2023:07:10:04] UPDATING ACCOUNTS (JobID: 64fc3762-7e4e-4320-8c4e-21a805553cba)
 - New and modified: 0

[07/Jun/2023:07:10:04] DELETING ACCOUNTS (JobID: 64fc3762-7e4e-4320-8c4e-21a805553cba)
 - Deleted: 0

[07/Jun/2023:07:10:39] UPDATING PRODUCTS (JobID: 6dccbe32-8868-4ee9-9ba6-e5241e393909)
 - New and modified: 0

[07/Jun/2023:07:10:41] UPDATING PREPAGATI (JobID: 8357f41e-1a7e-4b6d-9e49-ecbb621286d6)
 - New and modified: 0

[07/Jun/2023:07:10:41] DELETING PREPAGATI (JobID: 8357f41e-1a7e-4b6d-9e49-ecbb621286d6)
 - Deleted: 0

[07/Jun/2023:07:20:05] UPDATING ACCOUNTS (JobID: 580cdcd1-d438-458f-b33b-c403b3892fc4)
 - New and modified: 0

[07/Jun/2023:07:20:05] DELETING ACCOUNTS (JobID: 580cdcd1-d438-458f-b33b-c403b3892fc4)
 - Deleted: 0

[07/Jun/2023:07:20:42] UPDATING PRODUCTS (JobID: 77588d42-5236-471c-bc37-5db6a494599b)
 - New and modified: 0

[07/Jun/2023:07:20:44] UPDATING PREPAGATI (JobID: dac1b0f3-309a-449e-9c31-c52c308854ed)
 - New and modified: 0

[07/Jun/2023:07:20:44] DELETING PREPAGATI (JobID: dac1b0f3-309a-449e-9c31-c52c308854ed)
 - Deleted: 0

[07/Jun/2023:07:30:05] UPDATING ACCOUNTS (JobID: 3735d67a-beb2-4721-a7cd-63943db1ff9b)
 - New and modified: 0

[07/Jun/2023:07:30:05] DELETING ACCOUNTS (JobID: 3735d67a-beb2-4721-a7cd-63943db1ff9b)
 - Deleted: 0

[07/Jun/2023:07:30:44] UPDATING PRODUCTS (JobID: ac8d9560-0279-4ab9-bd4a-9e1dbd487dc6)
 - New and modified: 0

[07/Jun/2023:07:30:45] UPDATING PREPAGATI (JobID: 789114d7-c35b-4f8a-ab24-0f222e81092f)
 - New and modified: 0

[07/Jun/2023:07:30:45] DELETING PREPAGATI (JobID: 789114d7-c35b-4f8a-ab24-0f222e81092f)
 - Deleted: 0

[07/Jun/2023:07:40:04] UPDATING ACCOUNTS (JobID: e49359d1-e3cc-4c5a-a77d-b402c610cba3)
 - New and modified: 0

[07/Jun/2023:07:40:04] DELETING ACCOUNTS (JobID: e49359d1-e3cc-4c5a-a77d-b402c610cba3)
 - Deleted: 0

[07/Jun/2023:07:40:40] UPDATING PRODUCTS (JobID: 91a776be-3d98-42f1-aa49-ecb132be5fff)
 - New and modified: 0

[07/Jun/2023:07:40:41] UPDATING PREPAGATI (JobID: d4c68bde-33be-4ebd-a46f-58be282f4e13)
 - New and modified: 0

[07/Jun/2023:07:40:42] DELETING PREPAGATI (JobID: d4c68bde-33be-4ebd-a46f-58be282f4e13)
 - Deleted: 0

[07/Jun/2023:07:50:04] UPDATING ACCOUNTS (JobID: 45b58c26-186d-44d0-a5f5-b88cbb173256)
 - New and modified: 0

[07/Jun/2023:07:50:04] DELETING ACCOUNTS (JobID: 45b58c26-186d-44d0-a5f5-b88cbb173256)
 - Deleted: 0

[07/Jun/2023:07:50:41] UPDATING PRODUCTS (JobID: c8a1290c-f4fc-4734-8ceb-8c10daebaec4)
 - New and modified: 0

[07/Jun/2023:07:50:43] UPDATING PREPAGATI (JobID: 8e420288-1bfa-4279-be45-52756153df51)
 - New and modified: 0

[07/Jun/2023:07:50:43] DELETING PREPAGATI (JobID: 8e420288-1bfa-4279-be45-52756153df51)
 - Deleted: 0

[07/Jun/2023:08:00:04] UPDATING ACCOUNTS (JobID: 4b75e732-ad9a-44ce-a794-282a9f19df58)
 - New and modified: 0

[07/Jun/2023:08:00:04] DELETING ACCOUNTS (JobID: 4b75e732-ad9a-44ce-a794-282a9f19df58)
 - Deleted: 0

[07/Jun/2023:08:00:41] UPDATING PRODUCTS (JobID: 509d383c-eb1e-4e57-8acc-599f76627fdf)
 - New and modified: 0

[07/Jun/2023:08:00:43] UPDATING PREPAGATI (JobID: 3a2280c4-e040-4530-ba9c-7c1e6dfab3c3)
 - New and modified: 0

[07/Jun/2023:08:00:43] DELETING PREPAGATI (JobID: 3a2280c4-e040-4530-ba9c-7c1e6dfab3c3)
 - Deleted: 0

[07/Jun/2023:08:10:05] UPDATING ACCOUNTS (JobID: f869c1e9-2f1f-4d2b-a4d4-8fc00a2c8f5f)
 - New and modified: 0

[07/Jun/2023:08:10:05] DELETING ACCOUNTS (JobID: f869c1e9-2f1f-4d2b-a4d4-8fc00a2c8f5f)
 - Deleted: 0

[07/Jun/2023:08:10:42] UPDATING PRODUCTS (JobID: fd94c14d-e5d2-4008-b0ac-c604da1c7635)
 - New and modified: 0

[07/Jun/2023:08:10:44] UPDATING PREPAGATI (JobID: 19a78fb2-3e4c-484d-8b46-5952876de107)
 - New and modified: 0

[07/Jun/2023:08:10:44] DELETING PREPAGATI (JobID: 19a78fb2-3e4c-484d-8b46-5952876de107)
 - Deleted: 0

[07/Jun/2023:08:20:04] UPDATING ACCOUNTS (JobID: 18f37671-bd32-47e8-b814-a4608169bf44)
 - New and modified: 0

[07/Jun/2023:08:20:04] DELETING ACCOUNTS (JobID: 18f37671-bd32-47e8-b814-a4608169bf44)
 - Deleted: 0

[07/Jun/2023:08:20:40] UPDATING PRODUCTS (JobID: e58fb03c-a9c1-45c0-a6ed-49b563586214)
 - New and modified: 0

[07/Jun/2023:08:20:42] UPDATING PREPAGATI (JobID: 14ffd4ed-e34a-4ca5-8f96-a62b082f8926)
 - New and modified: 0

[07/Jun/2023:08:20:42] DELETING PREPAGATI (JobID: 14ffd4ed-e34a-4ca5-8f96-a62b082f8926)
 - Deleted: 0

[07/Jun/2023:08:40:04] UPDATING ACCOUNTS (JobID: bcf50114-88b4-4973-ab28-566057679db2)
 - New and modified: 0

[07/Jun/2023:08:40:04] DELETING ACCOUNTS (JobID: bcf50114-88b4-4973-ab28-566057679db2)
 - Deleted: 0

[07/Jun/2023:08:40:39] UPDATING PRODUCTS (JobID: c9d65a30-2760-4bc4-bca5-b026e1f4929b)
 - New and modified: 0

[07/Jun/2023:08:40:41] UPDATING PREPAGATI (JobID: ec2f4d40-aff4-498c-824d-2412c1253622)
 - New and modified: 0

[07/Jun/2023:08:40:41] DELETING PREPAGATI (JobID: ec2f4d40-aff4-498c-824d-2412c1253622)
 - Deleted: 0

[07/Jun/2023:08:50:05] UPDATING ACCOUNTS (JobID: 45a301dd-6b6f-49c9-9ea9-d190b35668c2)
 - New and modified: 0

[07/Jun/2023:08:50:05] DELETING ACCOUNTS (JobID: 45a301dd-6b6f-49c9-9ea9-d190b35668c2)
 - Deleted: 0

[07/Jun/2023:08:50:39] UPDATING PRODUCTS (JobID: 08698880-0ebb-4e17-b76f-e53a5f8180a4)
 - New and modified: 0

[07/Jun/2023:08:50:41] UPDATING PREPAGATI (JobID: 7c2760de-8ac0-4bf0-a4bd-d6ddcd04c337)
 - New and modified: 0

[07/Jun/2023:08:50:41] DELETING PREPAGATI (JobID: 7c2760de-8ac0-4bf0-a4bd-d6ddcd04c337)
 - Deleted: 0

[07/Jun/2023:09:00:04] UPDATING ACCOUNTS (JobID: 10996bb4-05ef-4fa7-894b-07e34b2eec67)
 - New and modified: 0

[07/Jun/2023:09:00:04] DELETING ACCOUNTS (JobID: 10996bb4-05ef-4fa7-894b-07e34b2eec67)
 - Deleted: 0

[07/Jun/2023:09:00:42] UPDATING PRODUCTS (JobID: d8c926d9-f314-49fd-93cc-21c99195ff01)
 - New and modified: 0

[07/Jun/2023:09:00:44] UPDATING PREPAGATI (JobID: 9bb2685f-0296-4b4a-8fda-470bda408866)
 - New and modified: 0

[07/Jun/2023:09:00:44] DELETING PREPAGATI (JobID: 9bb2685f-0296-4b4a-8fda-470bda408866)
 - Deleted: 0

[07/Jun/2023:09:10:04] UPDATING ACCOUNTS (JobID: 545ad2a0-f153-4c3d-bf98-ed134102cd1e)
 - New and modified: 0

[07/Jun/2023:09:10:04] DELETING ACCOUNTS (JobID: 545ad2a0-f153-4c3d-bf98-ed134102cd1e)
 - Deleted: 0

[07/Jun/2023:09:10:38] UPDATING PRODUCTS (JobID: 74ced0f9-3bfa-4015-8d1d-b9328ed52da4)
 - New and modified: 0

[07/Jun/2023:09:10:40] UPDATING PREPAGATI (JobID: 541aa545-c472-43ae-8c4e-e746439ed3ef)
 - New and modified: 0

[07/Jun/2023:09:10:40] DELETING PREPAGATI (JobID: 541aa545-c472-43ae-8c4e-e746439ed3ef)
 - Deleted: 0

[07/Jun/2023:09:20:04] UPDATING ACCOUNTS (JobID: 5c48dc2a-47d2-4437-9bd4-1752cf036646)
 - New and modified: 0

[07/Jun/2023:09:20:04] DELETING ACCOUNTS (JobID: 5c48dc2a-47d2-4437-9bd4-1752cf036646)
 - Deleted: 0

[07/Jun/2023:09:20:40] UPDATING PRODUCTS (JobID: c2aa31a2-49d5-4202-b30c-10b5d9c924c6)
 - New and modified: 0

[07/Jun/2023:09:20:42] UPDATING PREPAGATI (JobID: 8ba1eab8-eca3-417f-8f9c-3803b5d6bdfa)
 - New and modified: 0

[07/Jun/2023:09:20:42] DELETING PREPAGATI (JobID: 8ba1eab8-eca3-417f-8f9c-3803b5d6bdfa)
 - Deleted: 0

[07/Jun/2023:09:30:05] UPDATING ACCOUNTS (JobID: 5028dda6-192f-4601-a02e-544b0c2c4eca)
 - New and modified: 0

[07/Jun/2023:09:30:05] DELETING ACCOUNTS (JobID: 5028dda6-192f-4601-a02e-544b0c2c4eca)
 - Deleted: 0

[07/Jun/2023:09:30:39] UPDATING PRODUCTS (JobID: 42be26e9-b5b3-4137-a97c-fa2aa6b7d441)
 - New and modified: 0

[07/Jun/2023:09:30:41] UPDATING PREPAGATI (JobID: 38b1cb0c-c794-450a-95c1-42a0a791663f)
 - New and modified: 0

[07/Jun/2023:09:30:41] DELETING PREPAGATI (JobID: 38b1cb0c-c794-450a-95c1-42a0a791663f)
 - Deleted: 0

[07/Jun/2023:09:40:04] UPDATING ACCOUNTS (JobID: 26396cc4-2183-4795-b1b4-57f2f62c9cbb)
 - New and modified: 0

[07/Jun/2023:09:40:04] DELETING ACCOUNTS (JobID: 26396cc4-2183-4795-b1b4-57f2f62c9cbb)
 - Deleted: 0

[07/Jun/2023:09:40:37] UPDATING PRODUCTS (JobID: 7f210463-6db7-4bc8-9953-b8e12bc4bdae)
 - New and modified: 0

[07/Jun/2023:09:40:39] UPDATING PREPAGATI (JobID: 19cd9d93-a185-478b-85ba-b6e43f201e09)
 - New and modified: 0

[07/Jun/2023:09:40:39] DELETING PREPAGATI (JobID: 19cd9d93-a185-478b-85ba-b6e43f201e09)
 - Deleted: 0

[07/Jun/2023:09:50:04] UPDATING ACCOUNTS (JobID: fdb879b6-fe4d-497b-a5c8-ae06414c10e2)
 - New and modified: 0

[07/Jun/2023:09:50:04] DELETING ACCOUNTS (JobID: fdb879b6-fe4d-497b-a5c8-ae06414c10e2)
 - Deleted: 0

[07/Jun/2023:09:50:37] UPDATING PRODUCTS (JobID: 0f2f3950-8c2d-45f7-ae04-08330918271b)
 - New and modified: 0

[07/Jun/2023:09:50:39] UPDATING PREPAGATI (JobID: c06e47ab-ff33-48a1-971d-48f6015aa96b)
 - New and modified: 0

[07/Jun/2023:09:50:39] DELETING PREPAGATI (JobID: c06e47ab-ff33-48a1-971d-48f6015aa96b)
 - Deleted: 0

[07/Jun/2023:10:00:05] UPDATING ACCOUNTS (JobID: 6edefbc0-3edc-4e03-b986-b4bfcd029add)
 - New and modified: 0

[07/Jun/2023:10:00:05] DELETING ACCOUNTS (JobID: 6edefbc0-3edc-4e03-b986-b4bfcd029add)
 - Deleted: 0

[07/Jun/2023:10:00:39] UPDATING PRODUCTS (JobID: 3dd86c4e-7f76-4726-aff9-8c4bc2ff0302)
 - New and modified: 0

[07/Jun/2023:10:00:41] UPDATING PREPAGATI (JobID: 60aa1c4f-fa73-436f-b0e8-b9a553fd3025)
 - New and modified: 0

[07/Jun/2023:10:00:41] DELETING PREPAGATI (JobID: 60aa1c4f-fa73-436f-b0e8-b9a553fd3025)
 - Deleted: 0

[07/Jun/2023:10:10:04] UPDATING ACCOUNTS (JobID: 4a0dd5dc-1242-4c19-80bd-50c777e3e3b6)
 - New and modified: 0

[07/Jun/2023:10:10:04] DELETING ACCOUNTS (JobID: 4a0dd5dc-1242-4c19-80bd-50c777e3e3b6)
 - Deleted: 0

[07/Jun/2023:10:10:38] UPDATING PRODUCTS (JobID: 923ef37c-32ba-4759-bc3e-8bdee7b67048)
 - New and modified: 0

[07/Jun/2023:10:10:40] UPDATING PREPAGATI (JobID: 7fc1043e-6d2a-4d84-9eaa-5ab85ab382fb)
 - New and modified: 0

[07/Jun/2023:10:10:40] DELETING PREPAGATI (JobID: 7fc1043e-6d2a-4d84-9eaa-5ab85ab382fb)
 - Deleted: 0

[07/Jun/2023:10:20:04] UPDATING ACCOUNTS (JobID: 140d474e-4835-4bdb-8f39-86df894113fa)
 - New and modified: 0

[07/Jun/2023:10:20:04] DELETING ACCOUNTS (JobID: 140d474e-4835-4bdb-8f39-86df894113fa)
 - Deleted: 0

[07/Jun/2023:10:20:39] UPDATING PRODUCTS (JobID: 1573dc39-fc5f-4eca-b8fa-f41860147c22)
 - New and modified: 0

[07/Jun/2023:10:20:41] UPDATING PREPAGATI (JobID: dbe2727a-d37a-4133-8cfe-643a16249770)
 - New and modified: 0

[07/Jun/2023:10:20:41] DELETING PREPAGATI (JobID: dbe2727a-d37a-4133-8cfe-643a16249770)
 - Deleted: 0

[07/Jun/2023:10:30:04] UPDATING ACCOUNTS (JobID: 5f63c0b1-c8b6-4241-90fa-a9e2373f788b)
 - New and modified: 0

[07/Jun/2023:10:30:04] DELETING ACCOUNTS (JobID: 5f63c0b1-c8b6-4241-90fa-a9e2373f788b)
 - Deleted: 0

[07/Jun/2023:10:30:37] UPDATING PRODUCTS (JobID: 8fc755e3-9222-4002-97ec-1323151191b6)
 - New and modified: 0

[07/Jun/2023:10:30:39] UPDATING PREPAGATI (JobID: bc39642f-a609-4b40-9f2e-59a4240a384c)
 - New and modified: 0

[07/Jun/2023:10:30:39] DELETING PREPAGATI (JobID: bc39642f-a609-4b40-9f2e-59a4240a384c)
 - Deleted: 0

[07/Jun/2023:10:40:04] UPDATING ACCOUNTS (JobID: 000be2d7-de20-46c5-be80-81d5eaa70900)
 - New and modified: 0

[07/Jun/2023:10:40:04] DELETING ACCOUNTS (JobID: 000be2d7-de20-46c5-be80-81d5eaa70900)
 - Deleted: 0

[07/Jun/2023:10:40:37] UPDATING PRODUCTS (JobID: ad8d50c8-137f-4066-8645-feb238969e9f)
 - New and modified: 0

[07/Jun/2023:10:40:39] UPDATING PREPAGATI (JobID: 19759273-bcf7-467b-9f3b-5973d898dfc2)
 - New and modified: 0

[07/Jun/2023:10:40:39] DELETING PREPAGATI (JobID: 19759273-bcf7-467b-9f3b-5973d898dfc2)
 - Deleted: 0

[07/Jun/2023:10:50:04] UPDATING ACCOUNTS (JobID: 27a4a458-241b-46c5-b499-3805a047e7cb)
 - New and modified: 0

[07/Jun/2023:10:50:04] DELETING ACCOUNTS (JobID: 27a4a458-241b-46c5-b499-3805a047e7cb)
 - Deleted: 0

[07/Jun/2023:10:50:38] UPDATING PRODUCTS (JobID: 2839cc6b-f42b-4488-8759-019066fed4dc)
 - New and modified: 0

[07/Jun/2023:10:50:40] UPDATING PREPAGATI (JobID: 637773aa-9bd7-49e2-963e-94b9d233ca34)
 - New and modified: 0

[07/Jun/2023:10:50:40] DELETING PREPAGATI (JobID: 637773aa-9bd7-49e2-963e-94b9d233ca34)
 - Deleted: 0

[07/Jun/2023:11:00:04] UPDATING ACCOUNTS (JobID: a6cd7e8b-1840-44da-89d0-7a06fd09c094)
 - New and modified: 0

[07/Jun/2023:11:00:04] DELETING ACCOUNTS (JobID: a6cd7e8b-1840-44da-89d0-7a06fd09c094)
 - Deleted: 0

[07/Jun/2023:11:00:39] UPDATING PRODUCTS (JobID: 204c4a7d-30f7-4b80-8a0f-b5e44c07b700)
 - New and modified: 0

[07/Jun/2023:11:00:41] UPDATING PREPAGATI (JobID: 715b48ca-b9fe-484a-b8e7-c6ab3e55dafd)
 - New and modified: 0

[07/Jun/2023:11:00:41] DELETING PREPAGATI (JobID: 715b48ca-b9fe-484a-b8e7-c6ab3e55dafd)
 - Deleted: 0

[07/Jun/2023:11:10:04] UPDATING ACCOUNTS (JobID: 5d4f5a7b-b398-4a8a-a2bd-e424139a5fef)
 - New and modified: 0

[07/Jun/2023:11:10:04] DELETING ACCOUNTS (JobID: 5d4f5a7b-b398-4a8a-a2bd-e424139a5fef)
 - Deleted: 0

[07/Jun/2023:11:10:40] UPDATING PRODUCTS (JobID: 01488e3c-d881-4958-a806-85e81def4526)
 - New and modified: 0

[07/Jun/2023:11:10:42] UPDATING PREPAGATI (JobID: 798bd98f-fbe2-4a71-a964-cf9fe94904ba)
 - New and modified: 0

[07/Jun/2023:11:10:42] DELETING PREPAGATI (JobID: 798bd98f-fbe2-4a71-a964-cf9fe94904ba)
 - Deleted: 0

[07/Jun/2023:11:20:04] UPDATING ACCOUNTS (JobID: d0af8211-d985-40d3-a94f-2f09b1b6f046)
 - New and modified: 0

[07/Jun/2023:11:20:04] DELETING ACCOUNTS (JobID: d0af8211-d985-40d3-a94f-2f09b1b6f046)
 - Deleted: 0

[07/Jun/2023:11:20:40] UPDATING PRODUCTS (JobID: e8c6e2ca-7f57-4d7d-8da8-3191ce177031)
 - New and modified: 0

[07/Jun/2023:11:20:42] UPDATING PREPAGATI (JobID: a382f389-cd99-4bc2-b3fa-f806a85297e5)
 - New and modified: 0

[07/Jun/2023:11:20:42] DELETING PREPAGATI (JobID: a382f389-cd99-4bc2-b3fa-f806a85297e5)
 - Deleted: 0

[07/Jun/2023:11:30:04] UPDATING ACCOUNTS (JobID: 30183a63-66f2-46ad-9bf9-f02efd8afbb6)
 - New and modified: 0

[07/Jun/2023:11:30:04] DELETING ACCOUNTS (JobID: 30183a63-66f2-46ad-9bf9-f02efd8afbb6)
 - Deleted: 0

[07/Jun/2023:11:30:37] UPDATING PRODUCTS (JobID: ec26d0f2-175a-4e8d-b336-4cdbfaf1a3e1)
 - New and modified: 0

[07/Jun/2023:11:30:39] UPDATING PREPAGATI (JobID: 61f79375-7058-416a-b34e-45a9510ca9db)
 - New and modified: 0

[07/Jun/2023:11:30:39] DELETING PREPAGATI (JobID: 61f79375-7058-416a-b34e-45a9510ca9db)
 - Deleted: 0

[07/Jun/2023:11:40:04] UPDATING ACCOUNTS (JobID: ad500c69-1c6c-4a01-9c75-5c8b939f32fc)
 - New and modified: 0

[07/Jun/2023:11:40:04] DELETING ACCOUNTS (JobID: ad500c69-1c6c-4a01-9c75-5c8b939f32fc)
 - Deleted: 0

[07/Jun/2023:11:40:38] UPDATING PRODUCTS (JobID: 2cce0cad-62f9-4332-b253-c0e25ea88126)
 - New and modified: 0

[07/Jun/2023:11:40:39] UPDATING PREPAGATI (JobID: e654532d-4f08-40c2-aa53-a6c7d2837c10)
 - New and modified: 0

[07/Jun/2023:11:40:39] DELETING PREPAGATI (JobID: e654532d-4f08-40c2-aa53-a6c7d2837c10)
 - Deleted: 0

[07/Jun/2023:11:50:04] UPDATING ACCOUNTS (JobID: 6e855a00-170f-4811-93df-912f094f56f4)
 - New and modified: 0

[07/Jun/2023:11:50:04] DELETING ACCOUNTS (JobID: 6e855a00-170f-4811-93df-912f094f56f4)
 - Deleted: 0

[07/Jun/2023:11:50:38] UPDATING PRODUCTS (JobID: 3f009050-5a58-4e70-9beb-92781751e006)
 - New and modified: 0

[07/Jun/2023:11:50:40] UPDATING PREPAGATI (JobID: c689e8f3-3e83-4333-818d-ab73d5ca4d39)
 - New and modified: 0

[07/Jun/2023:11:50:40] DELETING PREPAGATI (JobID: c689e8f3-3e83-4333-818d-ab73d5ca4d39)
 - Deleted: 0

[07/Jun/2023:12:00:04] UPDATING ACCOUNTS (JobID: 1a90764b-ea17-4656-8f0c-3d951be3da2a)
 - New and modified: 0

[07/Jun/2023:12:00:04] DELETING ACCOUNTS (JobID: 1a90764b-ea17-4656-8f0c-3d951be3da2a)
 - Deleted: 0

[07/Jun/2023:12:00:38] UPDATING PRODUCTS (JobID: a4237b84-842f-4529-bc70-d60d3cb2105f)
 - New and modified: 0

[07/Jun/2023:12:00:39] UPDATING PREPAGATI (JobID: 6f797bd7-d83c-488b-9c1a-4b69a19eb5fd)
 - New and modified: 0

[07/Jun/2023:12:00:39] DELETING PREPAGATI (JobID: 6f797bd7-d83c-488b-9c1a-4b69a19eb5fd)
 - Deleted: 0

[07/Jun/2023:12:10:04] UPDATING ACCOUNTS (JobID: ef6a9892-df31-471e-b3bc-fa56e32cdc62)
 - New and modified: 0

[07/Jun/2023:12:10:04] DELETING ACCOUNTS (JobID: ef6a9892-df31-471e-b3bc-fa56e32cdc62)
 - Deleted: 0

[07/Jun/2023:12:10:38] UPDATING PRODUCTS (JobID: fda0dd65-90f5-4c7c-8c40-d41d75c172de)
 - New and modified: 0

[07/Jun/2023:12:10:40] UPDATING PREPAGATI (JobID: 78f7cbfb-40c1-42fc-9897-2b7529b7d469)
 - New and modified: 0

[07/Jun/2023:12:10:40] DELETING PREPAGATI (JobID: 78f7cbfb-40c1-42fc-9897-2b7529b7d469)
 - Deleted: 0

[07/Jun/2023:12:20:04] UPDATING ACCOUNTS (JobID: 10eeeafe-5748-4664-a9f5-01d3d20f4f6c)
 - New and modified: 0

[07/Jun/2023:12:20:04] DELETING ACCOUNTS (JobID: 10eeeafe-5748-4664-a9f5-01d3d20f4f6c)
 - Deleted: 0

[07/Jun/2023:12:20:38] UPDATING PRODUCTS (JobID: 6231a035-3f17-494c-b208-d789c5ad12df)
 - New and modified: 0

[07/Jun/2023:12:20:40] UPDATING PREPAGATI (JobID: dc03bc1a-4e1e-4975-9b37-2096f2912d45)
 - New and modified: 0

[07/Jun/2023:12:20:40] DELETING PREPAGATI (JobID: dc03bc1a-4e1e-4975-9b37-2096f2912d45)
 - Deleted: 0

[07/Jun/2023:12:30:04] UPDATING ACCOUNTS (JobID: 74147209-5830-4805-916a-fa68e6c3d854)
 - New and modified: 0

[07/Jun/2023:12:30:04] DELETING ACCOUNTS (JobID: 74147209-5830-4805-916a-fa68e6c3d854)
 - Deleted: 0

[07/Jun/2023:12:30:38] UPDATING PRODUCTS (JobID: 35466c31-a609-4358-8b35-be53a41b02af)
 - New and modified: 0

[07/Jun/2023:12:30:40] UPDATING PREPAGATI (JobID: d6f1ddb2-f4cf-4725-aa6c-1de1adea8bb8)
 - New and modified: 0

[07/Jun/2023:12:30:40] DELETING PREPAGATI (JobID: d6f1ddb2-f4cf-4725-aa6c-1de1adea8bb8)
 - Deleted: 0

[07/Jun/2023:12:40:04] UPDATING ACCOUNTS (JobID: 7868a828-fc88-4e92-a434-d79e8626121c)
 - New and modified: 0

[07/Jun/2023:12:40:04] DELETING ACCOUNTS (JobID: 7868a828-fc88-4e92-a434-d79e8626121c)
 - Deleted: 0

[07/Jun/2023:12:40:37] UPDATING PRODUCTS (JobID: fc9230bd-da86-4f3e-8039-838205f42421)
 - New and modified: 0

[07/Jun/2023:12:40:39] UPDATING PREPAGATI (JobID: 6a641873-aaac-4cf4-87dc-6d886b4e9fe2)
 - New and modified: 0

[07/Jun/2023:12:40:39] DELETING PREPAGATI (JobID: 6a641873-aaac-4cf4-87dc-6d886b4e9fe2)
 - Deleted: 0

[07/Jun/2023:12:50:04] UPDATING ACCOUNTS (JobID: 87f407f6-ed82-4327-be44-387dc110479e)
 - New and modified: 0

[07/Jun/2023:12:50:04] DELETING ACCOUNTS (JobID: 87f407f6-ed82-4327-be44-387dc110479e)
 - Deleted: 0

[07/Jun/2023:12:50:41] UPDATING PRODUCTS (JobID: dadb5179-6b9c-4a29-862d-2bac0a8a2e20)
 - New and modified: 0

[07/Jun/2023:12:50:43] UPDATING PREPAGATI (JobID: 76d0c1b7-0e19-4aea-9318-2cd6d9fe94e6)
 - New and modified: 0

[07/Jun/2023:12:50:43] DELETING PREPAGATI (JobID: 76d0c1b7-0e19-4aea-9318-2cd6d9fe94e6)
 - Deleted: 0

[07/Jun/2023:13:00:04] UPDATING ACCOUNTS (JobID: d18974af-ad3a-4bcf-8887-13884d9b2813)
 - New and modified: 0

[07/Jun/2023:13:00:04] DELETING ACCOUNTS (JobID: d18974af-ad3a-4bcf-8887-13884d9b2813)
 - Deleted: 0

[07/Jun/2023:13:00:38] UPDATING PRODUCTS (JobID: ac2e8630-398a-42a2-af65-8b95c7605d80)
 - New and modified: 0

[07/Jun/2023:13:00:40] UPDATING PREPAGATI (JobID: b6ed09bd-72a4-496c-8a2e-7f0a95e4e88c)
 - New and modified: 0

[07/Jun/2023:13:00:40] DELETING PREPAGATI (JobID: b6ed09bd-72a4-496c-8a2e-7f0a95e4e88c)
 - Deleted: 0

[07/Jun/2023:13:10:05] UPDATING ACCOUNTS (JobID: 3c49684a-3d03-4f39-b231-b6ddcbeb7546)
 - New and modified: 0

[07/Jun/2023:13:10:05] DELETING ACCOUNTS (JobID: 3c49684a-3d03-4f39-b231-b6ddcbeb7546)
 - Deleted: 0

[07/Jun/2023:13:10:41] UPDATING PRODUCTS (JobID: 5e8cab74-9131-46ec-9859-33d3cce75740)
 - New and modified: 0

[07/Jun/2023:13:10:44] UPDATING PREPAGATI (JobID: bdc2e00d-efda-4d7d-a161-311dc1689bc1)
 - New and modified: 0

[07/Jun/2023:13:10:44] DELETING PREPAGATI (JobID: bdc2e00d-efda-4d7d-a161-311dc1689bc1)
 - Deleted: 0

[07/Jun/2023:13:20:05] UPDATING ACCOUNTS (JobID: e71ddf5e-c144-4e24-a21a-4afcbc3861f4)
 - New and modified: 0

[07/Jun/2023:13:20:05] DELETING ACCOUNTS (JobID: e71ddf5e-c144-4e24-a21a-4afcbc3861f4)
 - Deleted: 0

[07/Jun/2023:13:20:40] UPDATING PRODUCTS (JobID: 2fca54d4-50be-46de-81fd-5b904578c7f2)
 - New and modified: 0

[07/Jun/2023:13:20:42] UPDATING PREPAGATI (JobID: 6b8ade9d-c2a8-4e06-a361-b889971ec8af)
 - New and modified: 0

[07/Jun/2023:13:20:42] DELETING PREPAGATI (JobID: 6b8ade9d-c2a8-4e06-a361-b889971ec8af)
 - Deleted: 0

[07/Jun/2023:13:30:04] UPDATING ACCOUNTS (JobID: f5d81daf-c12f-4f13-94bc-68d314fee5a2)
 - New and modified: 0

[07/Jun/2023:13:30:04] DELETING ACCOUNTS (JobID: f5d81daf-c12f-4f13-94bc-68d314fee5a2)
 - Deleted: 0

[07/Jun/2023:13:30:40] UPDATING PRODUCTS (JobID: 90d87cf5-0bf0-456f-9dd6-ad466caf610d)
 - New and modified: 0

[07/Jun/2023:13:30:42] UPDATING PREPAGATI (JobID: 3ae26091-a80f-4af6-ad58-1002b53573e9)
 - New and modified: 0

[07/Jun/2023:13:30:42] DELETING PREPAGATI (JobID: 3ae26091-a80f-4af6-ad58-1002b53573e9)
 - Deleted: 0

[07/Jun/2023:13:40:04] UPDATING ACCOUNTS (JobID: 15cc84fd-7d44-4b33-af56-82360265feef)
 - New and modified: 0

[07/Jun/2023:13:40:04] DELETING ACCOUNTS (JobID: 15cc84fd-7d44-4b33-af56-82360265feef)
 - Deleted: 0

[07/Jun/2023:13:40:37] UPDATING PRODUCTS (JobID: 6d5c24c4-7600-4e17-8ad8-b264c98ce13e)
 - New and modified: 0

[07/Jun/2023:13:40:39] UPDATING PREPAGATI (JobID: 7639cd44-f6e3-42e1-92c7-4c55dab3eadb)
 - New and modified: 0

[07/Jun/2023:13:40:39] DELETING PREPAGATI (JobID: 7639cd44-f6e3-42e1-92c7-4c55dab3eadb)
 - Deleted: 0

[07/Jun/2023:13:50:04] UPDATING ACCOUNTS (JobID: 34338b47-bdf9-4748-9a05-ae1f864c7d7f)
 - New and modified: 0

[07/Jun/2023:13:50:04] DELETING ACCOUNTS (JobID: 34338b47-bdf9-4748-9a05-ae1f864c7d7f)
 - Deleted: 0

[07/Jun/2023:13:50:37] UPDATING PRODUCTS (JobID: 3071c5aa-5d8b-4e1e-b08d-1133734b542e)
 - New and modified: 0

[07/Jun/2023:13:50:39] UPDATING PREPAGATI (JobID: 07a78689-3ac9-448d-981a-360329b2408d)
 - New and modified: 0

[07/Jun/2023:13:50:39] DELETING PREPAGATI (JobID: 07a78689-3ac9-448d-981a-360329b2408d)
 - Deleted: 0

[07/Jun/2023:14:00:04] UPDATING ACCOUNTS (JobID: b277d310-5cea-443f-9908-565e18d6871b)
 - New and modified: 0

[07/Jun/2023:14:00:05] DELETING ACCOUNTS (JobID: b277d310-5cea-443f-9908-565e18d6871b)
 - Deleted: 0

[07/Jun/2023:14:00:39] UPDATING PRODUCTS (JobID: 4bd62424-92ea-4e45-b2cf-7124c14920a6)
 - New and modified: 0

[07/Jun/2023:14:00:41] UPDATING PREPAGATI (JobID: 2a178617-172e-4211-8116-fd1825295f27)
 - New and modified: 0

[07/Jun/2023:14:00:41] DELETING PREPAGATI (JobID: 2a178617-172e-4211-8116-fd1825295f27)
 - Deleted: 0

[07/Jun/2023:14:10:04] UPDATING ACCOUNTS (JobID: 7cd1767b-a0e6-4844-b29b-4fb441562a56)
 - New and modified: 0

[07/Jun/2023:14:10:04] DELETING ACCOUNTS (JobID: 7cd1767b-a0e6-4844-b29b-4fb441562a56)
 - Deleted: 0

[07/Jun/2023:14:10:39] UPDATING PRODUCTS (JobID: 807582ee-270c-428b-b12d-921594afb66d)
 - New and modified: 0

[07/Jun/2023:14:10:41] UPDATING PREPAGATI (JobID: 92581fb6-edaf-4c44-96a1-585bb86ce6b2)
 - New and modified: 0

[07/Jun/2023:14:10:41] DELETING PREPAGATI (JobID: 92581fb6-edaf-4c44-96a1-585bb86ce6b2)
 - Deleted: 0

[07/Jun/2023:14:20:04] UPDATING ACCOUNTS (JobID: 78936f59-cce8-49d2-8129-67a95530b37b)
 - New and modified: 0

[07/Jun/2023:14:20:04] DELETING ACCOUNTS (JobID: 78936f59-cce8-49d2-8129-67a95530b37b)
 - Deleted: 0

[07/Jun/2023:14:20:37] UPDATING PRODUCTS (JobID: 20ccf87c-7091-484d-9dd9-492e685e22ed)
 - New and modified: 0

[07/Jun/2023:14:20:39] UPDATING PREPAGATI (JobID: d45ccbae-65a2-421f-ae1b-91327d8e8a08)
 - New and modified: 0

[07/Jun/2023:14:20:39] DELETING PREPAGATI (JobID: d45ccbae-65a2-421f-ae1b-91327d8e8a08)
 - Deleted: 0

[07/Jun/2023:14:30:04] UPDATING ACCOUNTS (JobID: bba0dc00-33e9-4069-92a5-11f21db19801)
 - New and modified: 0

[07/Jun/2023:14:30:04] DELETING ACCOUNTS (JobID: bba0dc00-33e9-4069-92a5-11f21db19801)
 - Deleted: 0

[07/Jun/2023:14:30:38] UPDATING PRODUCTS (JobID: 810320cd-786f-46e1-b02e-1b2a613ada6c)
 - New and modified: 0

[07/Jun/2023:14:30:40] UPDATING PREPAGATI (JobID: a38acdfe-37d5-4f20-a3f0-ba8be7bbf9c5)
 - New and modified: 0

[07/Jun/2023:14:30:40] DELETING PREPAGATI (JobID: a38acdfe-37d5-4f20-a3f0-ba8be7bbf9c5)
 - Deleted: 0

[07/Jun/2023:14:40:04] UPDATING ACCOUNTS (JobID: d3a3e8b5-e2b4-4206-81eb-6f442beb9a53)
 - New and modified: 0

[07/Jun/2023:14:40:04] DELETING ACCOUNTS (JobID: d3a3e8b5-e2b4-4206-81eb-6f442beb9a53)
 - Deleted: 0

[07/Jun/2023:14:40:37] UPDATING PRODUCTS (JobID: e9976676-0dd4-4a47-88aa-e320258d9b0e)
 - New and modified: 0

[07/Jun/2023:14:40:39] UPDATING PREPAGATI (JobID: 3e5bc199-e111-44a4-b9f4-9be4c022cc7a)
 - New and modified: 0

[07/Jun/2023:14:40:39] DELETING PREPAGATI (JobID: 3e5bc199-e111-44a4-b9f4-9be4c022cc7a)
 - Deleted: 0

[07/Jun/2023:14:50:04] UPDATING ACCOUNTS (JobID: 18a35083-0b85-45dd-8353-2f41098a843b)
 - New and modified: 0

[07/Jun/2023:14:50:04] DELETING ACCOUNTS (JobID: 18a35083-0b85-45dd-8353-2f41098a843b)
 - Deleted: 0

[07/Jun/2023:14:50:38] UPDATING PRODUCTS (JobID: 967d510a-9db8-48b5-a8a6-48c5c32e4d98)
 - New and modified: 0

[07/Jun/2023:14:50:39] UPDATING PREPAGATI (JobID: 11545e55-0f96-4ede-a4a8-fada045c3d93)
 - New and modified: 0

[07/Jun/2023:14:50:39] DELETING PREPAGATI (JobID: 11545e55-0f96-4ede-a4a8-fada045c3d93)
 - Deleted: 0

[07/Jun/2023:15:00:04] UPDATING ACCOUNTS (JobID: 04dad77f-1f00-45e1-ae60-09fc7e5fb31f)
 - New and modified: 0

[07/Jun/2023:15:00:04] DELETING ACCOUNTS (JobID: 04dad77f-1f00-45e1-ae60-09fc7e5fb31f)
 - Deleted: 0

[07/Jun/2023:15:00:39] UPDATING PRODUCTS (JobID: cc37603e-39df-4aff-9c04-e386c330ba8f)
 - New and modified: 0

[07/Jun/2023:15:00:40] UPDATING PREPAGATI (JobID: 9b11a3d3-84e5-4dd5-b9b2-55c952a5955d)
 - New and modified: 0

[07/Jun/2023:15:00:40] DELETING PREPAGATI (JobID: 9b11a3d3-84e5-4dd5-b9b2-55c952a5955d)
 - Deleted: 0

[07/Jun/2023:15:10:04] UPDATING ACCOUNTS (JobID: 9b54df47-5305-491b-8f11-9927a9454ebd)
 - New and modified: 0

[07/Jun/2023:15:10:04] DELETING ACCOUNTS (JobID: 9b54df47-5305-491b-8f11-9927a9454ebd)
 - Deleted: 0

[07/Jun/2023:15:10:38] UPDATING PRODUCTS (JobID: aabe83e2-1936-444b-8845-c6ea8c4f5f36)
 - New and modified: 0

[07/Jun/2023:15:10:40] UPDATING PREPAGATI (JobID: 86d23f9e-e490-4426-9b71-8867dcf576fd)
 - New and modified: 0

[07/Jun/2023:15:10:40] DELETING PREPAGATI (JobID: 86d23f9e-e490-4426-9b71-8867dcf576fd)
 - Deleted: 0

[07/Jun/2023:15:20:04] UPDATING ACCOUNTS (JobID: 152ea2fc-b554-4683-af18-4a4cbb174cb2)
 - New and modified: 0

[07/Jun/2023:15:20:04] DELETING ACCOUNTS (JobID: 152ea2fc-b554-4683-af18-4a4cbb174cb2)
 - Deleted: 0

[07/Jun/2023:15:20:39] UPDATING PRODUCTS (JobID: f4f89468-f6b5-474c-b394-575c001f4f61)
 - New and modified: 0

[07/Jun/2023:15:20:41] UPDATING PREPAGATI (JobID: f19bbb56-29e3-4aec-81c4-7ac33c47f207)
 - New and modified: 0

[07/Jun/2023:15:20:41] DELETING PREPAGATI (JobID: f19bbb56-29e3-4aec-81c4-7ac33c47f207)
 - Deleted: 0

[07/Jun/2023:15:30:04] UPDATING ACCOUNTS (JobID: 1aac4d41-3931-43be-b968-6ab4f569a30a)
 - New and modified: 0

[07/Jun/2023:15:30:04] DELETING ACCOUNTS (JobID: 1aac4d41-3931-43be-b968-6ab4f569a30a)
 - Deleted: 0

[07/Jun/2023:15:30:38] UPDATING PRODUCTS (JobID: 15850366-1443-498a-809a-b28e3e3b4eb1)
 - New and modified: 0

[07/Jun/2023:15:30:40] UPDATING PREPAGATI (JobID: 9c5faccf-31f6-4a9d-b1b4-e0274ce580fb)
 - New and modified: 0

[07/Jun/2023:15:30:40] DELETING PREPAGATI (JobID: 9c5faccf-31f6-4a9d-b1b4-e0274ce580fb)
 - Deleted: 0

[07/Jun/2023:15:40:04] UPDATING ACCOUNTS (JobID: 53548966-a963-431a-b74d-7108ac2baab4)
 - New and modified: 0

[07/Jun/2023:15:40:04] DELETING ACCOUNTS (JobID: 53548966-a963-431a-b74d-7108ac2baab4)
 - Deleted: 0

[07/Jun/2023:15:40:37] UPDATING PRODUCTS (JobID: c014b8f5-1e2c-4379-92b8-b1da3640ad6c)
 - New and modified: 0

[07/Jun/2023:15:40:39] UPDATING PREPAGATI (JobID: abd71e9d-c56a-4629-b412-64182182d7d9)
 - New and modified: 0

[07/Jun/2023:15:40:39] DELETING PREPAGATI (JobID: abd71e9d-c56a-4629-b412-64182182d7d9)
 - Deleted: 0

[07/Jun/2023:15:50:04] UPDATING ACCOUNTS (JobID: 5c1dec06-c319-498b-8d55-037e5625f11c)
 - New and modified: 0

[07/Jun/2023:15:50:04] DELETING ACCOUNTS (JobID: 5c1dec06-c319-498b-8d55-037e5625f11c)
 - Deleted: 0

[07/Jun/2023:15:50:37] UPDATING PRODUCTS (JobID: d619f599-7e5d-4eca-b160-4e016ee912b4)
 - New and modified: 0

[07/Jun/2023:15:50:39] UPDATING PREPAGATI (JobID: 55707e5b-2025-4725-98d1-c430548f4f7d)
 - New and modified: 0

[07/Jun/2023:15:50:39] DELETING PREPAGATI (JobID: 55707e5b-2025-4725-98d1-c430548f4f7d)
 - Deleted: 0

[07/Jun/2023:16:00:04] UPDATING ACCOUNTS (JobID: 13854396-cefa-4c5e-8fc0-d8c7e9b7b461)
 - New and modified: 0

[07/Jun/2023:16:00:04] DELETING ACCOUNTS (JobID: 13854396-cefa-4c5e-8fc0-d8c7e9b7b461)
 - Deleted: 0

[07/Jun/2023:16:00:38] UPDATING PRODUCTS (JobID: b3864824-d4df-40c0-a392-2892fe5f4fa7)
 - New and modified: 0

[07/Jun/2023:16:00:39] UPDATING PREPAGATI (JobID: 3ad5f5ac-fe6c-4f29-a745-34022412ca40)
 - New and modified: 0

[07/Jun/2023:16:00:39] DELETING PREPAGATI (JobID: 3ad5f5ac-fe6c-4f29-a745-34022412ca40)
 - Deleted: 0

[07/Jun/2023:16:10:04] UPDATING ACCOUNTS (JobID: bc27925d-6584-4477-b283-9c841382f201)
 - New and modified: 0

[07/Jun/2023:16:10:04] DELETING ACCOUNTS (JobID: bc27925d-6584-4477-b283-9c841382f201)
 - Deleted: 0

[07/Jun/2023:16:10:38] UPDATING PRODUCTS (JobID: 5f697c42-f413-46ae-bbc2-b2801c026295)
 - New and modified: 0

[07/Jun/2023:16:10:40] UPDATING PREPAGATI (JobID: 944c3a45-20a9-460a-8f2f-8671da3ac8c4)
 - New and modified: 0

[07/Jun/2023:16:10:40] DELETING PREPAGATI (JobID: 944c3a45-20a9-460a-8f2f-8671da3ac8c4)
 - Deleted: 0

[07/Jun/2023:16:20:04] UPDATING ACCOUNTS (JobID: 6972c55b-dbf4-4ad9-97b4-2602d91a2e16)
 - New and modified: 0

[07/Jun/2023:16:20:04] DELETING ACCOUNTS (JobID: 6972c55b-dbf4-4ad9-97b4-2602d91a2e16)
 - Deleted: 0

[07/Jun/2023:16:20:38] UPDATING PRODUCTS (JobID: 0bd6b2bc-f232-457b-8877-35196599a702)
 - New and modified: 0

[07/Jun/2023:16:20:40] UPDATING PREPAGATI (JobID: f21ddc6b-6ed9-45c6-aaa9-e5e67bf9338d)
 - New and modified: 0

[07/Jun/2023:16:20:40] DELETING PREPAGATI (JobID: f21ddc6b-6ed9-45c6-aaa9-e5e67bf9338d)
 - Deleted: 0

[07/Jun/2023:16:30:05] UPDATING ACCOUNTS (JobID: ffbd3ade-7120-4fd4-8f2c-9732ff9db265)
 - New and modified: 0

[07/Jun/2023:16:30:05] DELETING ACCOUNTS (JobID: ffbd3ade-7120-4fd4-8f2c-9732ff9db265)
 - Deleted: 0

[07/Jun/2023:16:30:38] UPDATING PRODUCTS (JobID: ab1271fc-a233-40c7-ac3c-487a9ea796d4)
 - New and modified: 0

[07/Jun/2023:16:30:40] UPDATING PREPAGATI (JobID: df4a4f9e-315f-4c34-888a-928f93ae3b86)
 - New and modified: 0

[07/Jun/2023:16:30:40] DELETING PREPAGATI (JobID: df4a4f9e-315f-4c34-888a-928f93ae3b86)
 - Deleted: 0

[07/Jun/2023:16:40:04] UPDATING ACCOUNTS (JobID: 317642c7-fe3c-487b-a3df-6dace5440e81)
 - New and modified: 0

[07/Jun/2023:16:40:04] DELETING ACCOUNTS (JobID: 317642c7-fe3c-487b-a3df-6dace5440e81)
 - Deleted: 0

[07/Jun/2023:16:40:37] UPDATING PRODUCTS (JobID: 93413a55-97d8-4363-a82f-2e59322c4035)
 - New and modified: 0

[07/Jun/2023:16:40:39] UPDATING PREPAGATI (JobID: 4b2bb499-47c3-4a6e-8089-1962229ea723)
 - New and modified: 0

[07/Jun/2023:16:40:39] DELETING PREPAGATI (JobID: 4b2bb499-47c3-4a6e-8089-1962229ea723)
 - Deleted: 0

[07/Jun/2023:16:50:05] UPDATING ACCOUNTS (JobID: f710c96a-d69a-485a-add8-792d99485844)
 - New and modified: 0

[07/Jun/2023:16:50:05] DELETING ACCOUNTS (JobID: f710c96a-d69a-485a-add8-792d99485844)
 - Deleted: 0

[07/Jun/2023:16:50:38] UPDATING PRODUCTS (JobID: ebaa0014-9d80-4cfc-9a93-5046e3ac557b)
 - New and modified: 0

[07/Jun/2023:16:50:40] UPDATING PREPAGATI (JobID: 3f970cc5-fa7f-4e79-9fdd-af11421622fd)
 - New and modified: 0

[07/Jun/2023:16:50:40] DELETING PREPAGATI (JobID: 3f970cc5-fa7f-4e79-9fdd-af11421622fd)
 - Deleted: 0

[07/Jun/2023:17:00:04] UPDATING ACCOUNTS (JobID: 15e260bd-2f3e-40fb-b33f-e11e53652026)
 - New and modified: 0

[07/Jun/2023:17:00:04] DELETING ACCOUNTS (JobID: 15e260bd-2f3e-40fb-b33f-e11e53652026)
 - Deleted: 0

[07/Jun/2023:17:00:38] UPDATING PRODUCTS (JobID: 3885efab-d409-40bd-9db1-26b73c331b42)
 - New and modified: 0

[07/Jun/2023:17:00:40] UPDATING PREPAGATI (JobID: 5ec53786-a7ca-478e-b2e8-71782e41f9eb)
 - New and modified: 0

[07/Jun/2023:17:00:40] DELETING PREPAGATI (JobID: 5ec53786-a7ca-478e-b2e8-71782e41f9eb)
 - Deleted: 0

[07/Jun/2023:17:10:04] UPDATING ACCOUNTS (JobID: 134345f7-02c7-4fda-8df9-f06cedc4272c)
 - New and modified: 0

[07/Jun/2023:17:10:04] DELETING ACCOUNTS (JobID: 134345f7-02c7-4fda-8df9-f06cedc4272c)
 - Deleted: 0

[07/Jun/2023:17:10:38] UPDATING PRODUCTS (JobID: 064644b7-c1ca-47fe-b19d-d17209338bf8)
 - New and modified: 0

[07/Jun/2023:17:10:39] UPDATING PREPAGATI (JobID: df4a0042-4d8f-47b3-94c6-88b5f2787b33)
 - New and modified: 0

[07/Jun/2023:17:10:39] DELETING PREPAGATI (JobID: df4a0042-4d8f-47b3-94c6-88b5f2787b33)
 - Deleted: 0

[07/Jun/2023:17:20:04] UPDATING ACCOUNTS (JobID: f2a28ee2-2604-4460-acab-e857858c4a5a)
 - New and modified: 0

[07/Jun/2023:17:20:04] DELETING ACCOUNTS (JobID: f2a28ee2-2604-4460-acab-e857858c4a5a)
 - Deleted: 0

[07/Jun/2023:17:20:37] UPDATING PRODUCTS (JobID: 49525213-0987-4d91-915f-f800249d3665)
 - New and modified: 0

[07/Jun/2023:17:20:39] UPDATING PREPAGATI (JobID: 41aff1b8-693e-4ebf-82c2-5432f760432d)
 - New and modified: 0

[07/Jun/2023:17:20:39] DELETING PREPAGATI (JobID: 41aff1b8-693e-4ebf-82c2-5432f760432d)
 - Deleted: 0

[07/Jun/2023:17:30:04] UPDATING ACCOUNTS (JobID: bdbfd944-949d-48b8-8851-f4ae954808f0)
 - New and modified: 0

[07/Jun/2023:17:30:04] DELETING ACCOUNTS (JobID: bdbfd944-949d-48b8-8851-f4ae954808f0)
 - Deleted: 0

[07/Jun/2023:17:30:38] UPDATING PRODUCTS (JobID: 5914f241-f966-4cc8-9f10-d2267a4c6a4b)
 - New and modified: 0

[07/Jun/2023:17:30:39] UPDATING PREPAGATI (JobID: 67cb0dbb-05eb-42bc-bb4b-5d853d734448)
 - New and modified: 0

[07/Jun/2023:17:30:39] DELETING PREPAGATI (JobID: 67cb0dbb-05eb-42bc-bb4b-5d853d734448)
 - Deleted: 0

[07/Jun/2023:17:40:04] UPDATING ACCOUNTS (JobID: 67915374-0634-4a0c-a622-7a4c044cdc46)
 - New and modified: 0

[07/Jun/2023:17:40:04] DELETING ACCOUNTS (JobID: 67915374-0634-4a0c-a622-7a4c044cdc46)
 - Deleted: 0

[07/Jun/2023:17:40:37] UPDATING PRODUCTS (JobID: a790c3f1-0877-411a-aec8-bc4ffb389a85)
 - New and modified: 0

[07/Jun/2023:17:40:39] UPDATING PREPAGATI (JobID: c837b425-585b-4942-9f4e-912c58d53ea9)
 - New and modified: 0

[07/Jun/2023:17:40:39] DELETING PREPAGATI (JobID: c837b425-585b-4942-9f4e-912c58d53ea9)
 - Deleted: 0

[07/Jun/2023:17:50:05] UPDATING ACCOUNTS (JobID: 5c688605-0cd0-48ab-80ce-5fb6e7ec9e55)
 - New and modified: 0

[07/Jun/2023:17:50:05] DELETING ACCOUNTS (JobID: 5c688605-0cd0-48ab-80ce-5fb6e7ec9e55)
 - Deleted: 0

[07/Jun/2023:17:50:39] UPDATING PRODUCTS (JobID: 51949b0b-cad7-46e0-bcc9-61c2f4dd0d83)
 - New and modified: 0

[07/Jun/2023:17:50:41] UPDATING PREPAGATI (JobID: 85796f69-56bc-4926-b3e9-4c60e080ecf2)
 - New and modified: 0

[07/Jun/2023:17:50:41] DELETING PREPAGATI (JobID: 85796f69-56bc-4926-b3e9-4c60e080ecf2)
 - Deleted: 0

[07/Jun/2023:18:00:04] UPDATING ACCOUNTS (JobID: 8bdb0ece-0ad8-4d17-8b19-3c81a0375a20)
 - New and modified: 0

[07/Jun/2023:18:00:04] DELETING ACCOUNTS (JobID: 8bdb0ece-0ad8-4d17-8b19-3c81a0375a20)
 - Deleted: 0

[07/Jun/2023:18:00:38] UPDATING PRODUCTS (JobID: 3f5c26a1-21bf-4597-b4bc-fce1fdd2173f)
 - New and modified: 0

[07/Jun/2023:18:00:39] UPDATING PREPAGATI (JobID: 61efd1c3-d226-4f36-a3f8-2af6bc89c5e4)
 - New and modified: 0

[07/Jun/2023:18:00:40] DELETING PREPAGATI (JobID: 61efd1c3-d226-4f36-a3f8-2af6bc89c5e4)
 - Deleted: 0

[07/Jun/2023:18:20:04] UPDATING ACCOUNTS (JobID: 1f419f48-a3cf-4545-8192-1240cfca5555)
 - New and modified: 0

[07/Jun/2023:18:20:04] DELETING ACCOUNTS (JobID: 1f419f48-a3cf-4545-8192-1240cfca5555)
 - Deleted: 0

[07/Jun/2023:18:20:39] UPDATING PRODUCTS (JobID: bb5a9d25-e868-41eb-a933-6d397aba58a9)
 - New and modified: 0

[07/Jun/2023:18:20:41] UPDATING PREPAGATI (JobID: 163cf5b3-0544-4eaf-909c-784824a00ea8)
 - New and modified: 0

[07/Jun/2023:18:20:41] DELETING PREPAGATI (JobID: 163cf5b3-0544-4eaf-909c-784824a00ea8)
 - Deleted: 0

[07/Jun/2023:18:30:04] UPDATING ACCOUNTS (JobID: 2760bfd6-850a-4005-a2da-4ea5bdd4cfb9)
 - New and modified: 0

[07/Jun/2023:18:30:04] DELETING ACCOUNTS (JobID: 2760bfd6-850a-4005-a2da-4ea5bdd4cfb9)
 - Deleted: 0

[07/Jun/2023:18:30:40] UPDATING PRODUCTS (JobID: 6c366e22-df21-4b54-8e24-3a2d5c535d5c)
 - New and modified: 0

[07/Jun/2023:18:30:42] UPDATING PREPAGATI (JobID: 744d6e7d-528a-44aa-8512-596ea7c1a0d3)
 - New and modified: 0

[07/Jun/2023:18:30:42] DELETING PREPAGATI (JobID: 744d6e7d-528a-44aa-8512-596ea7c1a0d3)
 - Deleted: 0

[07/Jun/2023:18:40:04] UPDATING ACCOUNTS (JobID: ea52b60b-3c57-46e7-9e46-d8ad7f182873)
 - New and modified: 0

[07/Jun/2023:18:40:04] DELETING ACCOUNTS (JobID: ea52b60b-3c57-46e7-9e46-d8ad7f182873)
 - Deleted: 0

[07/Jun/2023:18:40:40] UPDATING PRODUCTS (JobID: fb1d4c82-8527-4a3e-be48-9784d52e8137)
 - New and modified: 0

[07/Jun/2023:18:40:42] UPDATING PREPAGATI (JobID: 845abb7a-4ca5-473e-b63c-b9670d0a2bba)
 - New and modified: 0

[07/Jun/2023:18:40:42] DELETING PREPAGATI (JobID: 845abb7a-4ca5-473e-b63c-b9670d0a2bba)
 - Deleted: 0

[07/Jun/2023:18:50:05] UPDATING ACCOUNTS (JobID: ba395411-f111-4241-9e25-7f420ef88c25)
 - New and modified: 0

[07/Jun/2023:18:50:05] DELETING ACCOUNTS (JobID: ba395411-f111-4241-9e25-7f420ef88c25)
 - Deleted: 0

[07/Jun/2023:18:50:41] UPDATING PRODUCTS (JobID: df40bc74-8921-40ce-b5d6-2fa20ca66fd8)
 - New and modified: 0

[07/Jun/2023:18:50:43] UPDATING PREPAGATI (JobID: 7189c8e2-ff3a-4713-83f9-719876321174)
 - New and modified: 0

[07/Jun/2023:18:50:43] DELETING PREPAGATI (JobID: 7189c8e2-ff3a-4713-83f9-719876321174)
 - Deleted: 0

[07/Jun/2023:19:00:20] UPDATING ACCOUNTS (JobID: e68c8658-8479-4538-a187-7d3013e14dfb)
 - New and modified: 0

[07/Jun/2023:19:00:20] DELETING ACCOUNTS (JobID: e68c8658-8479-4538-a187-7d3013e14dfb)
 - Deleted: 0

[07/Jun/2023:19:00:55] UPDATING PRODUCTS (JobID: 1093ec70-e727-4d5e-b8f2-67ec4adfee11)
 - New and modified: 0

[07/Jun/2023:19:00:57] UPDATING PREPAGATI (JobID: 00d3f5b6-a8e4-4a86-b13c-c11e57d04d14)
 - New and modified: 0

[07/Jun/2023:19:00:57] DELETING PREPAGATI (JobID: 00d3f5b6-a8e4-4a86-b13c-c11e57d04d14)
 - Deleted: 0

[07/Jun/2023:19:10:04] UPDATING ACCOUNTS (JobID: 6caeee6b-a315-4639-8b20-2a1db60cea1f)
 - New and modified: 0

[07/Jun/2023:19:10:04] DELETING ACCOUNTS (JobID: 6caeee6b-a315-4639-8b20-2a1db60cea1f)
 - Deleted: 0

[07/Jun/2023:19:10:40] UPDATING PRODUCTS (JobID: fef30d7d-c95e-4b54-aaa8-e9268144af12)
 - New and modified: 0

[07/Jun/2023:19:10:42] UPDATING PREPAGATI (JobID: 11992341-a4ea-4342-9d4f-a49a5288f4bc)
 - New and modified: 0

[07/Jun/2023:19:10:42] DELETING PREPAGATI (JobID: 11992341-a4ea-4342-9d4f-a49a5288f4bc)
 - Deleted: 0

[07/Jun/2023:19:20:04] UPDATING ACCOUNTS (JobID: c418184b-96b6-467a-9234-6a68e3a705bc)
 - New and modified: 0

[07/Jun/2023:19:20:04] DELETING ACCOUNTS (JobID: c418184b-96b6-467a-9234-6a68e3a705bc)
 - Deleted: 0

[07/Jun/2023:19:20:38] UPDATING PRODUCTS (JobID: 47b4aaef-91ab-4e5d-a962-2eaa13bf15e7)
 - New and modified: 0

[07/Jun/2023:19:20:39] UPDATING PREPAGATI (JobID: d7be298a-accd-4695-a312-42239f92cee4)
 - New and modified: 0

[07/Jun/2023:19:20:39] DELETING PREPAGATI (JobID: d7be298a-accd-4695-a312-42239f92cee4)
 - Deleted: 0

[07/Jun/2023:19:30:04] UPDATING ACCOUNTS (JobID: d3b63a64-457d-4645-9a4f-46babee4e485)
 - New and modified: 0

[07/Jun/2023:19:30:04] DELETING ACCOUNTS (JobID: d3b63a64-457d-4645-9a4f-46babee4e485)
 - Deleted: 0

[07/Jun/2023:19:30:38] UPDATING PRODUCTS (JobID: 3dace97a-30f3-45ac-85a6-13b6df09bc4d)
 - New and modified: 0

[07/Jun/2023:19:30:40] UPDATING PREPAGATI (JobID: 0e429ba0-36b6-45e9-9758-9a1b5a411305)
 - New and modified: 0

[07/Jun/2023:19:30:40] DELETING PREPAGATI (JobID: 0e429ba0-36b6-45e9-9758-9a1b5a411305)
 - Deleted: 0

[07/Jun/2023:19:40:04] UPDATING ACCOUNTS (JobID: 4e850f02-e0ef-4060-98bf-3667924b5d56)
 - New and modified: 0

[07/Jun/2023:19:40:04] DELETING ACCOUNTS (JobID: 4e850f02-e0ef-4060-98bf-3667924b5d56)
 - Deleted: 0

[07/Jun/2023:19:40:39] UPDATING PRODUCTS (JobID: 79f0694c-d7e3-4882-8429-5de725ddb482)
 - New and modified: 0

[07/Jun/2023:19:40:41] UPDATING PREPAGATI (JobID: c670ea38-b33b-48cb-8d71-a9029d3a7fcd)
 - New and modified: 0

[07/Jun/2023:19:40:41] DELETING PREPAGATI (JobID: c670ea38-b33b-48cb-8d71-a9029d3a7fcd)
 - Deleted: 0

[07/Jun/2023:19:50:04] UPDATING ACCOUNTS (JobID: 919a966a-8c1e-4e65-a32f-50736473f491)
 - New and modified: 0

[07/Jun/2023:19:50:04] DELETING ACCOUNTS (JobID: 919a966a-8c1e-4e65-a32f-50736473f491)
 - Deleted: 0

[07/Jun/2023:19:50:38] UPDATING PRODUCTS (JobID: b07b65f6-9f8a-4f03-b5c0-d1ebdae5ad45)
 - New and modified: 0

[07/Jun/2023:19:50:39] UPDATING PREPAGATI (JobID: 37ef8200-b1c1-4fbe-a498-9e04b2360441)
 - New and modified: 0

[07/Jun/2023:19:50:39] DELETING PREPAGATI (JobID: 37ef8200-b1c1-4fbe-a498-9e04b2360441)
 - Deleted: 0

[07/Jun/2023:20:00:05] UPDATING ACCOUNTS (JobID: f81c41dd-f665-4b96-9786-85dd85c9288f)
 - New and modified: 0

[07/Jun/2023:20:00:05] DELETING ACCOUNTS (JobID: f81c41dd-f665-4b96-9786-85dd85c9288f)
 - Deleted: 0

[07/Jun/2023:20:00:38] UPDATING PRODUCTS (JobID: ee70406b-ee76-42a3-a7b6-129790ca08ef)
 - New and modified: 0

[07/Jun/2023:20:00:40] UPDATING PREPAGATI (JobID: 5b43d102-707d-4ec0-8c88-a9667740eab7)
 - New and modified: 0

[07/Jun/2023:20:00:40] DELETING PREPAGATI (JobID: 5b43d102-707d-4ec0-8c88-a9667740eab7)
 - Deleted: 0

[07/Jun/2023:20:10:04] UPDATING ACCOUNTS (JobID: eb342337-2630-45fb-973b-dcecff9f64c4)
 - New and modified: 0

[07/Jun/2023:20:10:04] DELETING ACCOUNTS (JobID: eb342337-2630-45fb-973b-dcecff9f64c4)
 - Deleted: 0

[07/Jun/2023:20:10:36] UPDATING PRODUCTS (JobID: 96a1a5aa-6d0d-4da3-b2eb-8811810dfe26)
 - New and modified: 0

[07/Jun/2023:20:10:38] UPDATING PREPAGATI (JobID: 03876eef-d169-4b43-b427-101d5f66258d)
 - New and modified: 0

[07/Jun/2023:20:10:38] DELETING PREPAGATI (JobID: 03876eef-d169-4b43-b427-101d5f66258d)
 - Deleted: 0

[07/Jun/2023:20:20:04] UPDATING ACCOUNTS (JobID: 47be3d7b-4f75-477c-b604-5939f298d384)
 - New and modified: 0

[07/Jun/2023:20:20:04] DELETING ACCOUNTS (JobID: 47be3d7b-4f75-477c-b604-5939f298d384)
 - Deleted: 0

[07/Jun/2023:20:20:37] UPDATING PRODUCTS (JobID: 901cc6b9-7d11-4f58-ace2-0049e8ddaa11)
 - New and modified: 0

[07/Jun/2023:20:20:38] UPDATING PREPAGATI (JobID: 89a8a1eb-81d0-44a4-88e8-f1a4e1423347)
 - New and modified: 0

[07/Jun/2023:20:20:38] DELETING PREPAGATI (JobID: 89a8a1eb-81d0-44a4-88e8-f1a4e1423347)
 - Deleted: 0

[07/Jun/2023:20:30:04] UPDATING ACCOUNTS (JobID: 619765ec-b00c-41fe-aa26-fce52d0ea256)
 - New and modified: 0

[07/Jun/2023:20:30:04] DELETING ACCOUNTS (JobID: 619765ec-b00c-41fe-aa26-fce52d0ea256)
 - Deleted: 0

[07/Jun/2023:20:30:39] UPDATING PRODUCTS (JobID: 70aa927c-3ef7-4300-9b03-ed7248a20fe8)
 - New and modified: 0

[07/Jun/2023:20:30:40] UPDATING PREPAGATI (JobID: 355f8897-3c25-4132-bf47-09d71fbd79f0)
 - New and modified: 0

[07/Jun/2023:20:30:40] DELETING PREPAGATI (JobID: 355f8897-3c25-4132-bf47-09d71fbd79f0)
 - Deleted: 0

[07/Jun/2023:20:40:04] UPDATING ACCOUNTS (JobID: 515ade75-ec83-4993-8d7b-27a2bb2a408e)
 - New and modified: 0

[07/Jun/2023:20:40:04] DELETING ACCOUNTS (JobID: 515ade75-ec83-4993-8d7b-27a2bb2a408e)
 - Deleted: 0

[07/Jun/2023:20:40:38] UPDATING PRODUCTS (JobID: f51f22d7-e4f1-4104-b99c-fe7643d2f43a)
 - New and modified: 0

[07/Jun/2023:20:40:39] UPDATING PREPAGATI (JobID: d77fc10b-c825-4eaf-8c13-6325f9fc694d)
 - New and modified: 0

[07/Jun/2023:20:40:39] DELETING PREPAGATI (JobID: d77fc10b-c825-4eaf-8c13-6325f9fc694d)
 - Deleted: 0

[07/Jun/2023:20:50:04] UPDATING ACCOUNTS (JobID: 4c8bb0ed-1e7a-4592-ad80-f7aace7fad8e)
 - New and modified: 0

[07/Jun/2023:20:50:04] DELETING ACCOUNTS (JobID: 4c8bb0ed-1e7a-4592-ad80-f7aace7fad8e)
 - Deleted: 0

[07/Jun/2023:20:50:38] UPDATING PRODUCTS (JobID: 95627237-fc7f-477d-8043-f3739ea4eec3)
 - New and modified: 0

[07/Jun/2023:20:50:39] UPDATING PREPAGATI (JobID: 9d81d2e7-cb92-40d9-bca0-3783e4b4129f)
 - New and modified: 0

[07/Jun/2023:20:50:39] DELETING PREPAGATI (JobID: 9d81d2e7-cb92-40d9-bca0-3783e4b4129f)
 - Deleted: 0

[07/Jun/2023:21:00:04] UPDATING ACCOUNTS (JobID: c295be20-44ed-429f-98fd-d68aa60f3dea)
 - New and modified: 0

[07/Jun/2023:21:00:04] DELETING ACCOUNTS (JobID: c295be20-44ed-429f-98fd-d68aa60f3dea)
 - Deleted: 0

[07/Jun/2023:21:00:37] UPDATING PRODUCTS (JobID: 00fb9dfe-ff5f-47fc-8553-42c827a7ec11)
 - New and modified: 0

[07/Jun/2023:21:00:39] UPDATING PREPAGATI (JobID: fe6711c2-84ce-4737-a5d7-2db891df12c8)
 - New and modified: 0

[07/Jun/2023:21:00:39] DELETING PREPAGATI (JobID: fe6711c2-84ce-4737-a5d7-2db891df12c8)
 - Deleted: 0

[07/Jun/2023:21:10:04] UPDATING ACCOUNTS (JobID: 161d1787-0d00-4083-ae27-45bebf74fd32)
 - New and modified: 0

[07/Jun/2023:21:10:04] DELETING ACCOUNTS (JobID: 161d1787-0d00-4083-ae27-45bebf74fd32)
 - Deleted: 0

[07/Jun/2023:21:10:37] UPDATING PRODUCTS (JobID: fb5f0044-3afd-4f7a-9e5b-ba9239dce8f4)
 - New and modified: 0

[07/Jun/2023:21:10:39] UPDATING PREPAGATI (JobID: 7f467726-f45d-4c57-9886-45cee8004fee)
 - New and modified: 0

[07/Jun/2023:21:10:39] DELETING PREPAGATI (JobID: 7f467726-f45d-4c57-9886-45cee8004fee)
 - Deleted: 0

[07/Jun/2023:21:30:04] UPDATING ACCOUNTS (JobID: 4c40ef23-698e-4eb7-bdb3-54fe545ae523)
 - New and modified: 0

[07/Jun/2023:21:30:04] DELETING ACCOUNTS (JobID: 4c40ef23-698e-4eb7-bdb3-54fe545ae523)
 - Deleted: 0

[07/Jun/2023:21:30:37] UPDATING PRODUCTS (JobID: fc88d692-f10d-4044-94c7-70bcc53016dc)
 - New and modified: 0

[07/Jun/2023:21:30:39] UPDATING PREPAGATI (JobID: ad0c2dbf-e22f-414d-a734-c237ae06c767)
 - New and modified: 0

[07/Jun/2023:21:30:39] DELETING PREPAGATI (JobID: ad0c2dbf-e22f-414d-a734-c237ae06c767)
 - Deleted: 0

[07/Jun/2023:21:40:04] UPDATING ACCOUNTS (JobID: edcf7f38-f8a1-4795-a6a5-17b7f88c5793)
 - New and modified: 0

[07/Jun/2023:21:40:04] DELETING ACCOUNTS (JobID: edcf7f38-f8a1-4795-a6a5-17b7f88c5793)
 - Deleted: 0

[07/Jun/2023:21:40:38] UPDATING PRODUCTS (JobID: d820b69e-1b92-415c-b718-bc3996ef796b)
 - New and modified: 0

[07/Jun/2023:21:40:40] UPDATING PREPAGATI (JobID: db653957-bb32-4298-971e-809c33981857)
 - New and modified: 0

[07/Jun/2023:21:40:40] DELETING PREPAGATI (JobID: db653957-bb32-4298-971e-809c33981857)
 - Deleted: 0

[07/Jun/2023:21:50:04] UPDATING ACCOUNTS (JobID: 9dbf333b-676d-40aa-8f09-ecad6df8e2ce)
 - New and modified: 0

[07/Jun/2023:21:50:04] DELETING ACCOUNTS (JobID: 9dbf333b-676d-40aa-8f09-ecad6df8e2ce)
 - Deleted: 0

[07/Jun/2023:21:50:38] UPDATING PRODUCTS (JobID: f5489914-3276-4e85-85ed-139a0cd78045)
 - New and modified: 0

[07/Jun/2023:21:50:40] UPDATING PREPAGATI (JobID: e172ea20-e9e3-4c10-b178-c7c83788dd79)
 - New and modified: 0

[07/Jun/2023:21:50:40] DELETING PREPAGATI (JobID: e172ea20-e9e3-4c10-b178-c7c83788dd79)
 - Deleted: 0

[07/Jun/2023:22:00:04] UPDATING ACCOUNTS (JobID: 4a6d5df1-a3de-471d-ae12-bda5f3af49da)
 - New and modified: 0

[07/Jun/2023:22:00:04] DELETING ACCOUNTS (JobID: 4a6d5df1-a3de-471d-ae12-bda5f3af49da)
 - Deleted: 0

[07/Jun/2023:22:00:37] UPDATING PRODUCTS (JobID: ec289940-9e0a-4e55-aef4-3c9509f20bec)
 - New and modified: 0

[07/Jun/2023:22:00:39] UPDATING PREPAGATI (JobID: 7cac348b-6cb5-4d1c-ae36-6b1922913186)
 - New and modified: 0

[07/Jun/2023:22:00:39] DELETING PREPAGATI (JobID: 7cac348b-6cb5-4d1c-ae36-6b1922913186)
 - Deleted: 0

[07/Jun/2023:22:10:04] UPDATING ACCOUNTS (JobID: 28b23d9b-6a28-45ee-8f6c-04443fc22795)
 - New and modified: 0

[07/Jun/2023:22:10:04] DELETING ACCOUNTS (JobID: 28b23d9b-6a28-45ee-8f6c-04443fc22795)
 - Deleted: 0

[07/Jun/2023:22:10:37] UPDATING PRODUCTS (JobID: 1dd7276f-6dab-4814-afcb-ed5aa597ed3e)
 - New and modified: 0

[07/Jun/2023:22:10:39] UPDATING PREPAGATI (JobID: 0f59cde2-c3a5-4952-a56f-9027c42f6004)
 - New and modified: 0

[07/Jun/2023:22:10:39] DELETING PREPAGATI (JobID: 0f59cde2-c3a5-4952-a56f-9027c42f6004)
 - Deleted: 0

[07/Jun/2023:22:20:04] UPDATING ACCOUNTS (JobID: f2a49e52-4340-4fb2-adbc-0f2e808e68ca)
 - New and modified: 0

[07/Jun/2023:22:20:04] DELETING ACCOUNTS (JobID: f2a49e52-4340-4fb2-adbc-0f2e808e68ca)
 - Deleted: 0

[07/Jun/2023:22:20:37] UPDATING PRODUCTS (JobID: 9e802418-978d-430e-8875-a1afe22290f7)
 - New and modified: 0

[07/Jun/2023:22:20:39] UPDATING PREPAGATI (JobID: 10e91d89-96d9-4dd7-9eb0-0db7a423b78e)
 - New and modified: 0

[07/Jun/2023:22:20:39] DELETING PREPAGATI (JobID: 10e91d89-96d9-4dd7-9eb0-0db7a423b78e)
 - Deleted: 0

[07/Jun/2023:22:30:04] UPDATING ACCOUNTS (JobID: 59bc1be8-ee51-4c0e-a181-fc2a949d4aa3)
 - New and modified: 0

[07/Jun/2023:22:30:04] DELETING ACCOUNTS (JobID: 59bc1be8-ee51-4c0e-a181-fc2a949d4aa3)
 - Deleted: 0

[07/Jun/2023:22:30:37] UPDATING PRODUCTS (JobID: 1af65297-e386-4291-b4b6-119320f356f1)
 - New and modified: 0

[07/Jun/2023:22:30:39] UPDATING PREPAGATI (JobID: 864edaed-c958-45e9-ba3a-0a3833012d03)
 - New and modified: 0

[07/Jun/2023:22:30:39] DELETING PREPAGATI (JobID: 864edaed-c958-45e9-ba3a-0a3833012d03)
 - Deleted: 0

[07/Jun/2023:22:40:04] UPDATING ACCOUNTS (JobID: d4a5105b-cc51-431a-aa4a-20a3db4e3b93)
 - New and modified: 0

[07/Jun/2023:22:40:04] DELETING ACCOUNTS (JobID: d4a5105b-cc51-431a-aa4a-20a3db4e3b93)
 - Deleted: 0

[07/Jun/2023:22:40:38] UPDATING PRODUCTS (JobID: be4d4851-c3fd-476a-ac07-cd577dcdbd9b)
 - New and modified: 0

[07/Jun/2023:22:40:39] UPDATING PREPAGATI (JobID: 3c0d0259-eec2-44dc-89db-e6ab8ba04052)
 - New and modified: 0

[07/Jun/2023:22:40:39] DELETING PREPAGATI (JobID: 3c0d0259-eec2-44dc-89db-e6ab8ba04052)
 - Deleted: 0

[07/Jun/2023:22:50:04] UPDATING ACCOUNTS (JobID: c5ffdae0-871d-4921-abd2-af53d3590c38)
 - New and modified: 0

[07/Jun/2023:22:50:04] DELETING ACCOUNTS (JobID: c5ffdae0-871d-4921-abd2-af53d3590c38)
 - Deleted: 0

[07/Jun/2023:22:50:38] UPDATING PRODUCTS (JobID: 75bd93c9-b0e2-4820-bc4f-ae9a9a9b1841)
 - New and modified: 0

[07/Jun/2023:22:50:39] UPDATING PREPAGATI (JobID: 9aa66f6c-85ba-4f0e-a0e7-b8f9c1db0284)
 - New and modified: 0

[07/Jun/2023:22:50:39] DELETING PREPAGATI (JobID: 9aa66f6c-85ba-4f0e-a0e7-b8f9c1db0284)
 - Deleted: 0

[07/Jun/2023:23:00:04] UPDATING ACCOUNTS (JobID: 06113620-c2de-471d-88e1-5f99622a5c5f)
 - New and modified: 0

[07/Jun/2023:23:00:04] DELETING ACCOUNTS (JobID: 06113620-c2de-471d-88e1-5f99622a5c5f)
 - Deleted: 0

[07/Jun/2023:23:00:34] UPDATING PRODUCTS (JobID: ff377672-5b05-4e53-85bc-46648dcb2013)
 - New and modified: 0

[07/Jun/2023:23:00:36] UPDATING PREPAGATI (JobID: c3edc459-4219-4727-96e0-3b32deb20f66)
 - New and modified: 0

[07/Jun/2023:23:00:36] DELETING PREPAGATI (JobID: c3edc459-4219-4727-96e0-3b32deb20f66)
 - Deleted: 0

[07/Jun/2023:23:10:04] UPDATING ACCOUNTS (JobID: 2f170b2f-7d7a-40f2-a1cf-66ba323827ea)
 - New and modified: 0

[07/Jun/2023:23:10:04] DELETING ACCOUNTS (JobID: 2f170b2f-7d7a-40f2-a1cf-66ba323827ea)
 - Deleted: 0

[07/Jun/2023:23:10:34] UPDATING PRODUCTS (JobID: 3f8df693-a4a1-4dec-abd1-e0f3f1f01994)
 - New and modified: 0

[07/Jun/2023:23:10:36] UPDATING PREPAGATI (JobID: 7faf74d6-91e7-4a62-a33b-75a397d986a8)
 - New and modified: 0

[07/Jun/2023:23:10:36] DELETING PREPAGATI (JobID: 7faf74d6-91e7-4a62-a33b-75a397d986a8)
 - Deleted: 0

[07/Jun/2023:23:20:04] UPDATING ACCOUNTS (JobID: 0921ee98-6d6f-46d6-99b7-621f0dfd31ba)
 - New and modified: 0

[07/Jun/2023:23:20:04] DELETING ACCOUNTS (JobID: 0921ee98-6d6f-46d6-99b7-621f0dfd31ba)
 - Deleted: 0

[07/Jun/2023:23:20:37] UPDATING PRODUCTS (JobID: 55fefede-ffac-4cff-bbab-ba83e7272367)
 - New and modified: 0

[07/Jun/2023:23:20:38] UPDATING PREPAGATI (JobID: ca255884-df84-4a79-884b-48109ac1229c)
 - New and modified: 0

[07/Jun/2023:23:20:38] DELETING PREPAGATI (JobID: ca255884-df84-4a79-884b-48109ac1229c)
 - Deleted: 0

[07/Jun/2023:23:30:04] UPDATING ACCOUNTS (JobID: 074c7c92-dec1-4c32-a6b2-d5a8ae274e56)
 - New and modified: 0

[07/Jun/2023:23:30:04] DELETING ACCOUNTS (JobID: 074c7c92-dec1-4c32-a6b2-d5a8ae274e56)
 - Deleted: 0

[07/Jun/2023:23:30:37] UPDATING PRODUCTS (JobID: 966b7c3a-96d3-4450-bf78-359da811efc9)
 - New and modified: 0

[07/Jun/2023:23:30:39] UPDATING PREPAGATI (JobID: da3ed7b9-a3b3-4606-9936-82b27179fbfe)
 - New and modified: 0

[07/Jun/2023:23:30:39] DELETING PREPAGATI (JobID: da3ed7b9-a3b3-4606-9936-82b27179fbfe)
 - Deleted: 0

[07/Jun/2023:23:40:04] UPDATING ACCOUNTS (JobID: 42748157-c618-4433-a88f-883adf741715)
 - New and modified: 0

[07/Jun/2023:23:40:04] DELETING ACCOUNTS (JobID: 42748157-c618-4433-a88f-883adf741715)
 - Deleted: 0

[07/Jun/2023:23:40:38] UPDATING PRODUCTS (JobID: 93e94786-b4c3-42b9-93ed-6605c29256b6)
 - New and modified: 0

[07/Jun/2023:23:40:39] UPDATING PREPAGATI (JobID: 13fae210-8426-4d56-a89a-3b1ea63a91fe)
 - New and modified: 0

[07/Jun/2023:23:40:39] DELETING PREPAGATI (JobID: 13fae210-8426-4d56-a89a-3b1ea63a91fe)
 - Deleted: 0

[07/Jun/2023:23:50:04] UPDATING ACCOUNTS (JobID: 3718bc09-a8f5-4539-b250-6d5d69f18ec2)
 - New and modified: 0

[07/Jun/2023:23:50:04] DELETING ACCOUNTS (JobID: 3718bc09-a8f5-4539-b250-6d5d69f18ec2)
 - Deleted: 0

[07/Jun/2023:23:50:38] UPDATING PRODUCTS (JobID: df4f4e49-e7ef-4d30-b33c-f6e8f319643c)
 - New and modified: 0

[07/Jun/2023:23:50:40] UPDATING PREPAGATI (JobID: 451c6840-906e-4909-a4c3-6e5633a9c8df)
 - New and modified: 0

[07/Jun/2023:23:50:40] DELETING PREPAGATI (JobID: 451c6840-906e-4909-a4c3-6e5633a9c8df)
 - Deleted: 0

