[20/Sep/2023:00:00:07] UPDATING ACCOUNTS (JobID: 985928f8-2596-48c4-8d06-ce0c68513386)
 - New and modified: 0

[20/Sep/2023:00:00:07] DELETING ACCOUNTS (JobID: 985928f8-2596-48c4-8d06-ce0c68513386)
 - Deleted: 0

[20/Sep/2023:00:00:40] UPDATING PRODUCTS (JobID: b3254a85-dbda-42c0-812a-24291653808c)
 - New and modified: 0

[20/Sep/2023:00:00:43] UPDATING PREPAGATI (JobID: a5d7b9dc-e74e-46d3-9720-a527f73f6b27)
 - New and modified: 0

[20/Sep/2023:00:00:43] DELETING PREPAGATI (JobID: a5d7b9dc-e74e-46d3-9720-a527f73f6b27)
 - Deleted: 0

[20/Sep/2023:00:30:09] UPDATING ACCOUNTS (JobID: 5b8bd061-5d7e-4376-806e-d577e523561d)
 - New and modified: 0

[20/Sep/2023:00:30:09] DELETING ACCOUNTS (JobID: 5b8bd061-5d7e-4376-806e-d577e523561d)
 - Deleted: 0

[20/Sep/2023:00:30:40] UPDATING PRODUCTS (JobID: 05183266-72c1-4062-a43f-bdd18a3d3d21)
 - New and modified: 0

[20/Sep/2023:00:30:43] UPDATING PREPAGATI (JobID: 72582f52-9f76-4baf-afda-0ad2f4388899)
 - New and modified: 0

[20/Sep/2023:00:30:43] DELETING PREPAGATI (JobID: 72582f52-9f76-4baf-afda-0ad2f4388899)
 - Deleted: 0

[20/Sep/2023:01:00:04] UPDATING ACCOUNTS (JobID: 5a84a996-2a71-44bc-9c2b-5de7f0bf8a02)
 - New and modified: 0

[20/Sep/2023:01:00:04] DELETING ACCOUNTS (JobID: 5a84a996-2a71-44bc-9c2b-5de7f0bf8a02)
 - Deleted: 0

[20/Sep/2023:01:00:35] UPDATING PRODUCTS (JobID: 8d51f66c-5066-4c12-b9f6-660901da86f9)
 - New and modified: 0

[20/Sep/2023:01:00:37] UPDATING PREPAGATI (JobID: ded0c098-f898-4ba0-b99b-f5e661207ed1)
 - New and modified: 0

[20/Sep/2023:01:00:37] DELETING PREPAGATI (JobID: ded0c098-f898-4ba0-b99b-f5e661207ed1)
 - Deleted: 0

[20/Sep/2023:01:30:09] UPDATING ACCOUNTS (JobID: 05f88701-b99b-4db0-9b50-f16ddbefda79)
 - New and modified: 0

[20/Sep/2023:01:30:09] DELETING ACCOUNTS (JobID: 05f88701-b99b-4db0-9b50-f16ddbefda79)
 - Deleted: 0

[20/Sep/2023:01:30:41] UPDATING PRODUCTS (JobID: e9310012-1247-4dbc-bf27-826049eb2d41)
 - New and modified: 0

[20/Sep/2023:01:30:45] UPDATING PREPAGATI (JobID: cdd2e4d5-2da0-429c-bfd7-5d4c99d5b83d)
 - New and modified: 0

[20/Sep/2023:01:30:45] DELETING PREPAGATI (JobID: cdd2e4d5-2da0-429c-bfd7-5d4c99d5b83d)
 - Deleted: 0

[20/Sep/2023:02:00:04] UPDATING ACCOUNTS (JobID: 36edd502-3b81-4cd4-9039-1df6981a3c42)
 - New and modified: 0

[20/Sep/2023:02:00:04] DELETING ACCOUNTS (JobID: 36edd502-3b81-4cd4-9039-1df6981a3c42)
 - Deleted: 0

[20/Sep/2023:02:00:34] UPDATING PRODUCTS (JobID: 311ef971-2a8e-47b6-b84e-57844d93835b)
 - New and modified: 0

[20/Sep/2023:02:00:36] UPDATING PREPAGATI (JobID: c2ac0522-7329-4d68-8925-b9d121db95ba)
 - New and modified: 0

[20/Sep/2023:02:00:36] DELETING PREPAGATI (JobID: c2ac0522-7329-4d68-8925-b9d121db95ba)
 - Deleted: 0

[20/Sep/2023:02:30:09] UPDATING ACCOUNTS (JobID: 0d1015b8-20af-459c-8c85-65b464780ea8)
 - New and modified: 0

[20/Sep/2023:02:30:09] DELETING ACCOUNTS (JobID: 0d1015b8-20af-459c-8c85-65b464780ea8)
 - Deleted: 0

[20/Sep/2023:02:30:40] UPDATING PRODUCTS (JobID: 6e9f643c-c795-4aee-be53-c7ffae150f70)
 - New and modified: 0

[20/Sep/2023:02:30:43] UPDATING PREPAGATI (JobID: 333509f3-06e8-44aa-a0ab-9c04ee7b1cb6)
 - New and modified: 0

[20/Sep/2023:02:30:43] DELETING PREPAGATI (JobID: 333509f3-06e8-44aa-a0ab-9c04ee7b1cb6)
 - Deleted: 0

[20/Sep/2023:03:00:10] UPDATING ACCOUNTS (JobID: c0bda102-3151-46e3-a87e-2a8bfebb8180)
 - New and modified: 0

[20/Sep/2023:03:00:10] DELETING ACCOUNTS (JobID: c0bda102-3151-46e3-a87e-2a8bfebb8180)
 - Deleted: 0

[20/Sep/2023:03:00:40] UPDATING PRODUCTS (JobID: 95c6d5e1-f100-423b-82f5-ef98872bfcf9)
 - New and modified: 0

[20/Sep/2023:03:00:43] UPDATING PREPAGATI (JobID: 33b4cdb1-b86a-41e0-bdef-8bccd8fd0e67)
 - New and modified: 0

[20/Sep/2023:03:00:43] DELETING PREPAGATI (JobID: 33b4cdb1-b86a-41e0-bdef-8bccd8fd0e67)
 - Deleted: 0

[20/Sep/2023:03:30:09] UPDATING ACCOUNTS (JobID: 351ae52f-de62-4f73-a646-411a1530f4d7)
 - New and modified: 0

[20/Sep/2023:03:30:09] DELETING ACCOUNTS (JobID: 351ae52f-de62-4f73-a646-411a1530f4d7)
 - Deleted: 0

[20/Sep/2023:03:30:37] UPDATING PRODUCTS (JobID: 31b939ca-685e-45bf-8267-d5df4f36b1df)
 - New and modified: 0

[20/Sep/2023:03:30:40] UPDATING PREPAGATI (JobID: 4a1e0608-066d-473c-a680-5a1de96c199e)
 - New and modified: 0

[20/Sep/2023:03:30:40] DELETING PREPAGATI (JobID: 4a1e0608-066d-473c-a680-5a1de96c199e)
 - Deleted: 0

[20/Sep/2023:04:00:09] UPDATING ACCOUNTS (JobID: f795f49b-4d09-4a69-a147-bc276b013804)
 - New and modified: 0

[20/Sep/2023:04:00:09] DELETING ACCOUNTS (JobID: f795f49b-4d09-4a69-a147-bc276b013804)
 - Deleted: 0

[20/Sep/2023:04:00:39] UPDATING PRODUCTS (JobID: 8788617a-5168-44ce-a514-430f3076cf4c)
 - New and modified: 0

[20/Sep/2023:04:00:42] UPDATING PREPAGATI (JobID: 723160d0-42d6-4e44-8a43-0a3af317b292)
 - New and modified: 0

[20/Sep/2023:04:00:42] DELETING PREPAGATI (JobID: 723160d0-42d6-4e44-8a43-0a3af317b292)
 - Deleted: 0

[20/Sep/2023:04:30:04] UPDATING ACCOUNTS (JobID: 346e363c-0893-4f73-a947-8fc8878be78a)
 - New and modified: 0

[20/Sep/2023:04:30:04] DELETING ACCOUNTS (JobID: 346e363c-0893-4f73-a947-8fc8878be78a)
 - Deleted: 0

[20/Sep/2023:04:30:34] UPDATING PRODUCTS (JobID: 1c3e4a63-191c-433d-b32c-24886fbd85e1)
 - New and modified: 0

[20/Sep/2023:04:30:36] UPDATING PREPAGATI (JobID: 76a62b86-a590-451f-9c49-04f14eead7d9)
 - New and modified: 0

[20/Sep/2023:04:30:36] DELETING PREPAGATI (JobID: 76a62b86-a590-451f-9c49-04f14eead7d9)
 - Deleted: 0

[20/Sep/2023:05:00:09] UPDATING ACCOUNTS (JobID: d54b4a93-21f2-4ae9-bc67-b71d5970b5b9)
 - New and modified: 0

[20/Sep/2023:05:00:09] DELETING ACCOUNTS (JobID: d54b4a93-21f2-4ae9-bc67-b71d5970b5b9)
 - Deleted: 0

[20/Sep/2023:05:00:39] UPDATING PRODUCTS (JobID: 1387c8cd-bb78-4311-a56b-121601c562df)
 - New and modified: 0

[20/Sep/2023:05:00:42] UPDATING PREPAGATI (JobID: 2bacf3d5-a6bb-49c0-9a4a-d5916f3e4586)
 - New and modified: 0

[20/Sep/2023:05:00:42] DELETING PREPAGATI (JobID: 2bacf3d5-a6bb-49c0-9a4a-d5916f3e4586)
 - Deleted: 0

[20/Sep/2023:05:30:03] UPDATING ACCOUNTS (JobID: 75f371d3-e681-465b-8bb3-41b270d545c6)
 - New and modified: 0

[20/Sep/2023:05:30:03] DELETING ACCOUNTS (JobID: 75f371d3-e681-465b-8bb3-41b270d545c6)
 - Deleted: 0

[20/Sep/2023:05:30:33] UPDATING PRODUCTS (JobID: da01227e-cc75-4036-9245-ae210aba2e59)
 - New and modified: 0

[20/Sep/2023:05:30:35] UPDATING PREPAGATI (JobID: 5a1752aa-caee-4512-a980-23aa492f1beb)
 - New and modified: 0

[20/Sep/2023:05:30:35] DELETING PREPAGATI (JobID: 5a1752aa-caee-4512-a980-23aa492f1beb)
 - Deleted: 0

[20/Sep/2023:06:00:09] UPDATING ACCOUNTS (JobID: 858112bf-de0e-4d55-85b8-1a2410210956)
 - New and modified: 0

[20/Sep/2023:06:00:09] DELETING ACCOUNTS (JobID: 858112bf-de0e-4d55-85b8-1a2410210956)
 - Deleted: 0

[20/Sep/2023:06:00:39] UPDATING PRODUCTS (JobID: 6ca079be-df18-46bd-b4d5-d55d812b8b03)
 - New and modified: 0

[20/Sep/2023:06:00:42] UPDATING PREPAGATI (JobID: af4fab91-492f-4c1f-857f-50759b93d8b9)
 - New and modified: 0

[20/Sep/2023:06:00:42] DELETING PREPAGATI (JobID: af4fab91-492f-4c1f-857f-50759b93d8b9)
 - Deleted: 0

[20/Sep/2023:06:30:09] UPDATING ACCOUNTS (JobID: 30189544-b59f-4f60-bf19-e85db7680f90)
 - New and modified: 0

[20/Sep/2023:06:30:09] DELETING ACCOUNTS (JobID: 30189544-b59f-4f60-bf19-e85db7680f90)
 - Deleted: 0

[20/Sep/2023:06:30:43] UPDATING PRODUCTS (JobID: 434218d7-e157-4e9b-af43-d6ebbb3fcba7)
 - New and modified: 0

[20/Sep/2023:06:30:46] UPDATING PREPAGATI (JobID: 87232665-0fed-481e-b170-f4f688aee6a1)
 - New and modified: 0

[20/Sep/2023:06:30:46] DELETING PREPAGATI (JobID: 87232665-0fed-481e-b170-f4f688aee6a1)
 - Deleted: 0

[20/Sep/2023:07:00:23] UPDATING ACCOUNTS (JobID: 5b761153-76c0-4c7e-9098-f2c1b9e0fe33)
 - New and modified: 0

[20/Sep/2023:07:00:23] DELETING ACCOUNTS (JobID: 5b761153-76c0-4c7e-9098-f2c1b9e0fe33)
 - Deleted: 0

[20/Sep/2023:07:00:55] UPDATING PRODUCTS (JobID: 270c2c95-d74c-4954-b525-5ef30e5ea2c5)
 - New and modified: 0

[20/Sep/2023:07:00:57] UPDATING PREPAGATI (JobID: efcd7df5-9639-439c-8bf7-a21d52e0ec57)
 - New and modified: 0

[20/Sep/2023:07:00:57] DELETING PREPAGATI (JobID: efcd7df5-9639-439c-8bf7-a21d52e0ec57)
 - Deleted: 0

[20/Sep/2023:07:30:04] UPDATING ACCOUNTS (JobID: 3b70ffba-fc17-4cf5-9fea-a39929839d15)
 - New and modified: 0

[20/Sep/2023:07:30:04] DELETING ACCOUNTS (JobID: 3b70ffba-fc17-4cf5-9fea-a39929839d15)
 - Deleted: 0

[20/Sep/2023:07:30:37] UPDATING PRODUCTS (JobID: 86b36b7d-9d8e-4700-8384-7acf8b052cf9)
 - New and modified: 0

[20/Sep/2023:07:30:39] UPDATING PREPAGATI (JobID: 6477899f-4233-4f39-b904-50d2b1498733)
 - New and modified: 0

[20/Sep/2023:07:30:39] DELETING PREPAGATI (JobID: 6477899f-4233-4f39-b904-50d2b1498733)
 - Deleted: 0

[20/Sep/2023:08:00:03] UPDATING ACCOUNTS (JobID: f087bbdf-34c8-4fe2-95df-384c7ae40904)
 - New and modified: 0

[20/Sep/2023:08:00:03] DELETING ACCOUNTS (JobID: f087bbdf-34c8-4fe2-95df-384c7ae40904)
 - Deleted: 0

[20/Sep/2023:08:00:35] UPDATING PRODUCTS (JobID: 2a0e0f72-6975-4651-884f-cdcfd7ee2b51)
 - New and modified: 0

[20/Sep/2023:08:00:37] UPDATING PREPAGATI (JobID: c18081c6-8afc-4df9-9845-2e4e4096b693)
 - New and modified: 0

[20/Sep/2023:08:00:37] DELETING PREPAGATI (JobID: c18081c6-8afc-4df9-9845-2e4e4096b693)
 - Deleted: 0

[20/Sep/2023:08:30:05] UPDATING ACCOUNTS (JobID: ce63af8b-9c54-45c2-a6fd-0c6de45d5c72)
 - New and modified: 0

[20/Sep/2023:08:30:05] DELETING ACCOUNTS (JobID: ce63af8b-9c54-45c2-a6fd-0c6de45d5c72)
 - Deleted: 0

[20/Sep/2023:08:30:37] UPDATING PRODUCTS (JobID: d46636bb-c35c-4a5c-bcb1-c6d0ccb1ec86)
 - New and modified: 0

[20/Sep/2023:08:30:38] UPDATING PREPAGATI (JobID: 8d0fc1a5-a192-4820-9f3c-7ae03c3514d1)
 - New and modified: 0

[20/Sep/2023:08:30:38] DELETING PREPAGATI (JobID: 8d0fc1a5-a192-4820-9f3c-7ae03c3514d1)
 - Deleted: 0

[20/Sep/2023:09:00:04] UPDATING ACCOUNTS (JobID: bf83d4db-c919-462b-a573-3bcf2fce9af7)
 - New and modified: 0

[20/Sep/2023:09:00:04] DELETING ACCOUNTS (JobID: bf83d4db-c919-462b-a573-3bcf2fce9af7)
 - Deleted: 0

[20/Sep/2023:09:00:35] UPDATING PRODUCTS (JobID: 0b1ca8d5-f153-4581-b6cb-a4982569d4c4)
 - New and modified: 0

[20/Sep/2023:09:00:36] UPDATING PREPAGATI (JobID: f6a7c010-e68a-4532-8bd0-98ba49bdb760)
 - New and modified: 0

[20/Sep/2023:09:00:36] DELETING PREPAGATI (JobID: f6a7c010-e68a-4532-8bd0-98ba49bdb760)
 - Deleted: 0

[20/Sep/2023:09:30:09] UPDATING ACCOUNTS (JobID: d3977628-fd34-4dc4-a007-3918925e0415)
 - New and modified: 0

[20/Sep/2023:09:30:09] DELETING ACCOUNTS (JobID: d3977628-fd34-4dc4-a007-3918925e0415)
 - Deleted: 0

[20/Sep/2023:09:30:41] UPDATING PRODUCTS (JobID: fd15035c-73fb-4523-8f1a-2744e46278a7)
 - New and modified: 0

[20/Sep/2023:09:30:44] UPDATING PREPAGATI (JobID: b2bfad70-eaa4-4642-812e-496ef0f15cc5)
 - New and modified: 0

[20/Sep/2023:09:30:44] DELETING PREPAGATI (JobID: b2bfad70-eaa4-4642-812e-496ef0f15cc5)
 - Deleted: 0

[20/Sep/2023:10:00:04] UPDATING ACCOUNTS (JobID: 42fb044c-52da-449b-b0bb-17590e73f455)
 - New and modified: 0

[20/Sep/2023:10:00:04] DELETING ACCOUNTS (JobID: 42fb044c-52da-449b-b0bb-17590e73f455)
 - Deleted: 0

[20/Sep/2023:10:00:34] UPDATING PRODUCTS (JobID: 3e456a5f-3868-42a7-9dd6-e0688bab26a5)
 - New and modified: 0

[20/Sep/2023:10:00:36] UPDATING PREPAGATI (JobID: 69f2d1a1-d280-470f-b3e6-f4ade3d58a89)
 - New and modified: 0

[20/Sep/2023:10:00:36] DELETING PREPAGATI (JobID: 69f2d1a1-d280-470f-b3e6-f4ade3d58a89)
 - Deleted: 0

[20/Sep/2023:10:30:08] UPDATING ACCOUNTS (JobID: 31ebf54b-a0dd-48f4-a6a5-05743de2e962)
 - New and modified: 0

[20/Sep/2023:10:30:08] DELETING ACCOUNTS (JobID: 31ebf54b-a0dd-48f4-a6a5-05743de2e962)
 - Deleted: 0

[20/Sep/2023:10:30:41] UPDATING PRODUCTS (JobID: 08f556a4-28b9-4709-836b-f76dd3ba06b8)
 - New and modified: 0

[20/Sep/2023:10:30:44] UPDATING PREPAGATI (JobID: f745a798-bfa9-4969-afba-84079cad732f)
 - New and modified: 0

[20/Sep/2023:10:30:44] DELETING PREPAGATI (JobID: f745a798-bfa9-4969-afba-84079cad732f)
 - Deleted: 0

[20/Sep/2023:11:00:07] UPDATING ACCOUNTS (JobID: 05d80178-2a73-48d7-af7c-16759c61d7c5)
 - New and modified: 0

[20/Sep/2023:11:00:07] DELETING ACCOUNTS (JobID: 05d80178-2a73-48d7-af7c-16759c61d7c5)
 - Deleted: 0

[20/Sep/2023:11:00:38] UPDATING PRODUCTS (JobID: f403802a-5c21-492d-9de5-04448946252e)
 - New and modified: 0

[20/Sep/2023:11:00:41] UPDATING PREPAGATI (JobID: 7674146a-7e36-4c22-a704-dfe58612254b)
 - New and modified: 0

[20/Sep/2023:11:00:41] DELETING PREPAGATI (JobID: 7674146a-7e36-4c22-a704-dfe58612254b)
 - Deleted: 0

[20/Sep/2023:11:30:08] UPDATING ACCOUNTS (JobID: 96fdc747-f1cb-45f8-9cb6-7badae3462a0)
 - New and modified: 0

[20/Sep/2023:11:30:08] DELETING ACCOUNTS (JobID: 96fdc747-f1cb-45f8-9cb6-7badae3462a0)
 - Deleted: 0

[20/Sep/2023:11:30:41] UPDATING PRODUCTS (JobID: 870b7ce3-b49b-4cff-9b3c-437ae7e1eaa5)
 - New and modified: 0

[20/Sep/2023:11:30:45] UPDATING PREPAGATI (JobID: 1d81b276-ecb2-4ded-84d7-2aaaa9d928d9)
 - New and modified: 0

[20/Sep/2023:11:30:45] DELETING PREPAGATI (JobID: 1d81b276-ecb2-4ded-84d7-2aaaa9d928d9)
 - Deleted: 0

[20/Sep/2023:12:00:10] UPDATING ACCOUNTS (JobID: 8608c2e1-7d99-4d6a-93d9-a488db87310f)
 - New and modified: 0

[20/Sep/2023:12:00:10] DELETING ACCOUNTS (JobID: 8608c2e1-7d99-4d6a-93d9-a488db87310f)
 - Deleted: 0

[20/Sep/2023:12:00:44] UPDATING PRODUCTS (JobID: b5485e0a-2e4d-4b96-b8c2-2bcdd41b6989)
 - New and modified: 0

[20/Sep/2023:12:00:47] UPDATING PREPAGATI (JobID: c2ba41e3-b662-45d2-90d8-50bd3a5fbd26)
 - New and modified: 0

[20/Sep/2023:12:00:47] DELETING PREPAGATI (JobID: c2ba41e3-b662-45d2-90d8-50bd3a5fbd26)
 - Deleted: 0

[20/Sep/2023:12:30:04] UPDATING ACCOUNTS (JobID: 99dc867a-fc3a-4ca9-9b7a-c683b8f41675)
 - New and modified: 0

[20/Sep/2023:12:30:04] DELETING ACCOUNTS (JobID: 99dc867a-fc3a-4ca9-9b7a-c683b8f41675)
 - Deleted: 0

[20/Sep/2023:12:30:36] UPDATING PRODUCTS (JobID: e7a41d24-65fd-4e91-9583-d1ee9ccce7a3)
 - New and modified: 0

[20/Sep/2023:12:30:38] UPDATING PREPAGATI (JobID: 77a8a319-a0c3-4946-a48c-d2e6328a682e)
 - New and modified: 0

[20/Sep/2023:12:30:38] DELETING PREPAGATI (JobID: 77a8a319-a0c3-4946-a48c-d2e6328a682e)
 - Deleted: 0

[20/Sep/2023:13:00:04] UPDATING ACCOUNTS (JobID: bca4305b-37f4-43f6-8ab3-124c88ee6bfb)
 - New and modified: 0

[20/Sep/2023:13:00:04] DELETING ACCOUNTS (JobID: bca4305b-37f4-43f6-8ab3-124c88ee6bfb)
 - Deleted: 0

[20/Sep/2023:13:00:35] UPDATING PRODUCTS (JobID: 6cfe3129-3b59-438d-8712-04c819983f8b)
 - New and modified: 0

[20/Sep/2023:13:00:37] UPDATING PREPAGATI (JobID: 334b51d4-89da-4a9d-bcab-15ef08fca04d)
 - New and modified: 0

[20/Sep/2023:13:00:37] DELETING PREPAGATI (JobID: 334b51d4-89da-4a9d-bcab-15ef08fca04d)
 - Deleted: 0

[20/Sep/2023:13:30:09] UPDATING ACCOUNTS (JobID: 02e12928-c5f8-43f0-84d2-f484971a3c41)
 - New and modified: 0

[20/Sep/2023:13:30:09] DELETING ACCOUNTS (JobID: 02e12928-c5f8-43f0-84d2-f484971a3c41)
 - Deleted: 0

[20/Sep/2023:13:30:39] UPDATING PRODUCTS (JobID: 0d0f5564-47c6-4757-858b-c42e48747f65)
 - New and modified: 0

[20/Sep/2023:13:30:42] UPDATING PREPAGATI (JobID: ec373f12-e5e2-4798-a056-f0472dbe9293)
 - New and modified: 0

[20/Sep/2023:13:30:42] DELETING PREPAGATI (JobID: ec373f12-e5e2-4798-a056-f0472dbe9293)
 - Deleted: 0

[20/Sep/2023:14:00:09] UPDATING ACCOUNTS (JobID: 9c00459c-c7c7-4ae0-ad54-3336c9a2d0b1)
 - New and modified: 0

[20/Sep/2023:14:00:09] DELETING ACCOUNTS (JobID: 9c00459c-c7c7-4ae0-ad54-3336c9a2d0b1)
 - Deleted: 0

[20/Sep/2023:14:00:39] UPDATING PRODUCTS (JobID: 98f0cf80-f0f4-45c3-a4cd-a96f64d3eb88)
 - New and modified: 0

[20/Sep/2023:14:00:42] UPDATING PREPAGATI (JobID: be997b51-bde9-4f66-8437-cee5cdea1c39)
 - New and modified: 0

[20/Sep/2023:14:00:42] DELETING PREPAGATI (JobID: be997b51-bde9-4f66-8437-cee5cdea1c39)
 - Deleted: 0

[20/Sep/2023:14:30:07] UPDATING ACCOUNTS (JobID: dce0946f-6b36-4e26-8ccd-9e232264459b)
 - New and modified: 0

[20/Sep/2023:14:30:07] DELETING ACCOUNTS (JobID: dce0946f-6b36-4e26-8ccd-9e232264459b)
 - Deleted: 0

[20/Sep/2023:14:30:39] UPDATING PRODUCTS (JobID: 4082fefc-dc59-4286-bcfc-2dfa61be7688)
 - New and modified: 0

[20/Sep/2023:14:30:42] UPDATING PREPAGATI (JobID: 771a89ca-2343-42f7-9205-7ff9de9ff5a4)
 - New and modified: 0

[20/Sep/2023:14:30:42] DELETING PREPAGATI (JobID: 771a89ca-2343-42f7-9205-7ff9de9ff5a4)
 - Deleted: 0

[20/Sep/2023:15:00:09] UPDATING ACCOUNTS (JobID: a8a39b33-ea7e-451b-8cbf-a60b12945176)
 - New and modified: 0

[20/Sep/2023:15:00:09] DELETING ACCOUNTS (JobID: a8a39b33-ea7e-451b-8cbf-a60b12945176)
 - Deleted: 0

[20/Sep/2023:15:00:40] UPDATING PRODUCTS (JobID: 279f29e4-7945-4457-b631-28ed84b60e06)
 - New and modified: 0

[20/Sep/2023:15:00:43] UPDATING PREPAGATI (JobID: 9bdb1b25-5c53-4f23-95e2-4cc3debba2da)
 - New and modified: 0

[20/Sep/2023:15:00:43] DELETING PREPAGATI (JobID: 9bdb1b25-5c53-4f23-95e2-4cc3debba2da)
 - Deleted: 0

[20/Sep/2023:15:30:09] UPDATING ACCOUNTS (JobID: aa83e66e-df65-47c3-877b-3fe3bf8d467b)
 - New and modified: 0

[20/Sep/2023:15:30:09] DELETING ACCOUNTS (JobID: aa83e66e-df65-47c3-877b-3fe3bf8d467b)
 - Deleted: 0

[20/Sep/2023:15:30:41] UPDATING PRODUCTS (JobID: 8ae1d30b-0d42-4fbf-911e-564d0be3f05c)
 - New and modified: 0

[20/Sep/2023:15:30:44] UPDATING PREPAGATI (JobID: f7c10dff-a7e8-424b-9d21-f1db807832f4)
 - New and modified: 0

[20/Sep/2023:15:30:44] DELETING PREPAGATI (JobID: f7c10dff-a7e8-424b-9d21-f1db807832f4)
 - Deleted: 0

[20/Sep/2023:16:00:04] UPDATING ACCOUNTS (JobID: b40eb03a-178f-4f6f-8396-62068ee0f7e9)
 - New and modified: 0

[20/Sep/2023:16:00:04] DELETING ACCOUNTS (JobID: b40eb03a-178f-4f6f-8396-62068ee0f7e9)
 - Deleted: 0

[20/Sep/2023:16:00:33] UPDATING PRODUCTS (JobID: 28231cb8-019b-4176-94dc-b779e66bc58b)
 - New and modified: 0

[20/Sep/2023:16:00:35] UPDATING PREPAGATI (JobID: c1c571cb-5ff6-4baf-a1b5-ee1daebe05e6)
 - New and modified: 0

[20/Sep/2023:16:00:35] DELETING PREPAGATI (JobID: c1c571cb-5ff6-4baf-a1b5-ee1daebe05e6)
 - Deleted: 0

[20/Sep/2023:16:30:07] UPDATING ACCOUNTS (JobID: 3d7a6618-2e53-495d-83ee-73198aaae87c)
 - New and modified: 0

[20/Sep/2023:16:30:07] DELETING ACCOUNTS (JobID: 3d7a6618-2e53-495d-83ee-73198aaae87c)
 - Deleted: 0

[20/Sep/2023:16:30:37] UPDATING PRODUCTS (JobID: 0d82707b-5c26-4799-9637-ea14074648d0)
 - New and modified: 0

[20/Sep/2023:16:30:40] UPDATING PREPAGATI (JobID: ccb07854-45c7-42a8-a3fe-6b13f8055012)
 - New and modified: 0

[20/Sep/2023:16:30:40] DELETING PREPAGATI (JobID: ccb07854-45c7-42a8-a3fe-6b13f8055012)
 - Deleted: 0

[20/Sep/2023:17:30:09] UPDATING ACCOUNTS (JobID: 3e1488f7-ceaf-479b-8496-c9867ba8b37d)
 - New and modified: 0

[20/Sep/2023:17:30:09] DELETING ACCOUNTS (JobID: 3e1488f7-ceaf-479b-8496-c9867ba8b37d)
 - Deleted: 0

[20/Sep/2023:17:30:39] UPDATING PRODUCTS (JobID: fbb69150-a08e-4d59-a65b-5368568a41ff)
 - New and modified: 0

[20/Sep/2023:17:30:42] UPDATING PREPAGATI (JobID: bf710bb6-b0ed-49e8-9ce6-08dd00364151)
 - New and modified: 0

[20/Sep/2023:17:30:42] DELETING PREPAGATI (JobID: bf710bb6-b0ed-49e8-9ce6-08dd00364151)
 - Deleted: 0

[20/Sep/2023:18:00:16] UPDATING ACCOUNTS (JobID: c62f4dc1-4ca0-4dc7-9d53-1553221100cc)
 - New and modified: 0

[20/Sep/2023:18:00:16] DELETING ACCOUNTS (JobID: c62f4dc1-4ca0-4dc7-9d53-1553221100cc)
 - Deleted: 0

[20/Sep/2023:18:00:56] UPDATING PRODUCTS (JobID: d2d55897-5dc6-40bc-bbf0-dc7af8eadb48)
 - New and modified: 0

[20/Sep/2023:18:01:00] UPDATING PREPAGATI (JobID: 11de894a-68f2-4db6-b23f-9ae1ee952142)
 - New and modified: 0

[20/Sep/2023:18:01:00] DELETING PREPAGATI (JobID: 11de894a-68f2-4db6-b23f-9ae1ee952142)
 - Deleted: 0

[20/Sep/2023:18:30:04] UPDATING ACCOUNTS (JobID: 9d6e7076-fa08-4bf0-9c48-19c2660f998c)
 - New and modified: 0

[20/Sep/2023:18:30:04] DELETING ACCOUNTS (JobID: 9d6e7076-fa08-4bf0-9c48-19c2660f998c)
 - Deleted: 0

[20/Sep/2023:18:30:34] UPDATING PRODUCTS (JobID: 7888677f-469d-483b-8486-9bf6fbc7ca8c)
 - New and modified: 0

[20/Sep/2023:18:30:36] UPDATING PREPAGATI (JobID: 031fcd75-4e0c-4b79-81c7-a39944aaf2d1)
 - New and modified: 0

[20/Sep/2023:18:30:36] DELETING PREPAGATI (JobID: 031fcd75-4e0c-4b79-81c7-a39944aaf2d1)
 - Deleted: 0

[20/Sep/2023:19:00:26] UPDATING ACCOUNTS (JobID: 7d050a6a-d747-4db0-a33a-0b75893f1add)
 - New and modified: 0

[20/Sep/2023:19:00:26] DELETING ACCOUNTS (JobID: 7d050a6a-d747-4db0-a33a-0b75893f1add)
 - Deleted: 0

[20/Sep/2023:19:00:56] UPDATING PRODUCTS (JobID: f5cdc787-1c44-42dd-8f91-72c454788c06)
 - New and modified: 0

[20/Sep/2023:19:00:59] UPDATING PREPAGATI (JobID: 009386ec-65cb-4951-9b0e-c08bc171f226)
 - New and modified: 0

[20/Sep/2023:19:00:59] DELETING PREPAGATI (JobID: 009386ec-65cb-4951-9b0e-c08bc171f226)
 - Deleted: 0

[20/Sep/2023:19:30:04] UPDATING ACCOUNTS (JobID: cc9ae4dd-c0fc-4cac-87d4-78645b8c62fc)
 - New and modified: 0

[20/Sep/2023:19:30:04] DELETING ACCOUNTS (JobID: cc9ae4dd-c0fc-4cac-87d4-78645b8c62fc)
 - Deleted: 0

[20/Sep/2023:19:30:33] UPDATING PRODUCTS (JobID: c5a41ca1-6152-492c-8356-f3b3d8b59312)
 - New and modified: 0

[20/Sep/2023:19:30:35] UPDATING PREPAGATI (JobID: a9778a61-e17b-4e7a-9ba2-bfc8bf4ab962)
 - New and modified: 0

[20/Sep/2023:19:30:35] DELETING PREPAGATI (JobID: a9778a61-e17b-4e7a-9ba2-bfc8bf4ab962)
 - Deleted: 0

[20/Sep/2023:20:00:09] UPDATING ACCOUNTS (JobID: 3df392cf-aa20-4ae8-a67a-f248f7531cf3)
 - New and modified: 0

[20/Sep/2023:20:00:09] DELETING ACCOUNTS (JobID: 3df392cf-aa20-4ae8-a67a-f248f7531cf3)
 - Deleted: 0

[20/Sep/2023:20:00:39] UPDATING PRODUCTS (JobID: 7c38806d-6fc3-41cc-9603-f37e4b1649f4)
 - New and modified: 0

[20/Sep/2023:20:00:42] UPDATING PREPAGATI (JobID: 2160ec4d-c2c1-4a87-a6c8-254ef8fcf178)
 - New and modified: 0

[20/Sep/2023:20:00:42] DELETING PREPAGATI (JobID: 2160ec4d-c2c1-4a87-a6c8-254ef8fcf178)
 - Deleted: 0

[20/Sep/2023:20:30:09] UPDATING ACCOUNTS (JobID: 1146fa4f-fe81-4021-95ec-ecafa852cf65)
 - New and modified: 0

[20/Sep/2023:20:30:09] DELETING ACCOUNTS (JobID: 1146fa4f-fe81-4021-95ec-ecafa852cf65)
 - Deleted: 0

[20/Sep/2023:20:30:39] UPDATING PRODUCTS (JobID: 7fc81444-f589-498c-9de1-b4ff864ee0dd)
 - New and modified: 0

[20/Sep/2023:20:30:42] UPDATING PREPAGATI (JobID: 0587ac20-f183-40e6-8edc-848853b87808)
 - New and modified: 0

[20/Sep/2023:20:30:42] DELETING PREPAGATI (JobID: 0587ac20-f183-40e6-8edc-848853b87808)
 - Deleted: 0

[20/Sep/2023:21:00:04] UPDATING ACCOUNTS (JobID: 7a769f97-3173-4427-931c-ea1cd3d6f828)
 - New and modified: 0

[20/Sep/2023:21:00:04] DELETING ACCOUNTS (JobID: 7a769f97-3173-4427-931c-ea1cd3d6f828)
 - Deleted: 0

[20/Sep/2023:21:00:33] UPDATING PRODUCTS (JobID: 9ca808e6-5549-4729-8f99-c62f7a9c1c7d)
 - New and modified: 0

[20/Sep/2023:21:00:35] UPDATING PREPAGATI (JobID: bd3dad38-32bb-48fe-80ca-e4519c5aa046)
 - New and modified: 0

[20/Sep/2023:21:00:35] DELETING PREPAGATI (JobID: bd3dad38-32bb-48fe-80ca-e4519c5aa046)
 - Deleted: 0

[20/Sep/2023:21:30:09] UPDATING ACCOUNTS (JobID: 83bd8c22-595c-44a1-9d41-6442d90245ec)
 - New and modified: 0

[20/Sep/2023:21:30:09] DELETING ACCOUNTS (JobID: 83bd8c22-595c-44a1-9d41-6442d90245ec)
 - Deleted: 0

[20/Sep/2023:21:30:38] UPDATING PRODUCTS (JobID: 0a0dafea-f4ff-46fe-a109-dbceb3869484)
 - New and modified: 0

[20/Sep/2023:21:30:41] UPDATING PREPAGATI (JobID: c75e2d2b-6a7f-4076-9557-2bc7cd97a0a2)
 - New and modified: 0

[20/Sep/2023:21:30:41] DELETING PREPAGATI (JobID: c75e2d2b-6a7f-4076-9557-2bc7cd97a0a2)
 - Deleted: 0

[20/Sep/2023:22:00:07] UPDATING ACCOUNTS (JobID: fc3199f9-280f-437c-9c59-a5f48f9da2df)
 - New and modified: 0

[20/Sep/2023:22:00:07] DELETING ACCOUNTS (JobID: fc3199f9-280f-437c-9c59-a5f48f9da2df)
 - Deleted: 0

[20/Sep/2023:22:00:37] UPDATING PRODUCTS (JobID: d8fceaa2-940c-4435-b847-ade909b2659f)
 - New and modified: 0

[20/Sep/2023:22:00:40] UPDATING PREPAGATI (JobID: 16ffa428-2f6e-4ce8-9bfc-adbb92a5b5ba)
 - New and modified: 0

[20/Sep/2023:22:00:40] DELETING PREPAGATI (JobID: 16ffa428-2f6e-4ce8-9bfc-adbb92a5b5ba)
 - Deleted: 0

[20/Sep/2023:22:30:04] UPDATING ACCOUNTS (JobID: 3634e07e-f7e2-452b-8e10-ecb429f2f5e2)
 - New and modified: 0

[20/Sep/2023:22:30:04] DELETING ACCOUNTS (JobID: 3634e07e-f7e2-452b-8e10-ecb429f2f5e2)
 - Deleted: 0

[20/Sep/2023:22:30:32] UPDATING PRODUCTS (JobID: 3bbaee8e-55d7-4237-a371-e658b5c74ac1)
 - New and modified: 0

[20/Sep/2023:22:30:34] UPDATING PREPAGATI (JobID: 8ddf9782-21e5-4084-b011-3e363de6ad52)
 - New and modified: 0

[20/Sep/2023:22:30:34] DELETING PREPAGATI (JobID: 8ddf9782-21e5-4084-b011-3e363de6ad52)
 - Deleted: 0

[20/Sep/2023:23:00:04] UPDATING ACCOUNTS (JobID: 8ed19ed0-f58b-4f5e-9d5c-9a95b683aede)
 - New and modified: 0

[20/Sep/2023:23:00:04] DELETING ACCOUNTS (JobID: 8ed19ed0-f58b-4f5e-9d5c-9a95b683aede)
 - Deleted: 0

[20/Sep/2023:23:00:33] UPDATING PRODUCTS (JobID: e48c823d-ced7-4916-8440-58a2dc5f8668)
 - New and modified: 0

[20/Sep/2023:23:00:35] UPDATING PREPAGATI (JobID: a6378a68-c26c-4f0b-91be-92e51ccda141)
 - New and modified: 0

[20/Sep/2023:23:00:35] DELETING PREPAGATI (JobID: a6378a68-c26c-4f0b-91be-92e51ccda141)
 - Deleted: 0

[20/Sep/2023:23:30:09] UPDATING ACCOUNTS (JobID: 113751c5-8f65-473e-906e-284bbae43084)
 - New and modified: 0

[20/Sep/2023:23:30:09] DELETING ACCOUNTS (JobID: 113751c5-8f65-473e-906e-284bbae43084)
 - Deleted: 0

[20/Sep/2023:23:30:39] UPDATING PRODUCTS (JobID: ed16595b-4704-4503-8e8a-3d0cac5be8d6)
 - New and modified: 0

[20/Sep/2023:23:30:42] UPDATING PREPAGATI (JobID: 68cb4b4c-edf5-44b1-893d-4196cbff0ad1)
 - New and modified: 0

[20/Sep/2023:23:30:42] DELETING PREPAGATI (JobID: 68cb4b4c-edf5-44b1-893d-4196cbff0ad1)
 - Deleted: 0

