[01/Oct/2023:00:00:09] UPDATING ACCOUNTS (JobID: 924fc260-f0e6-46bb-b5ec-3b17bc10d9bf)
 - New and modified: 0

[01/Oct/2023:00:00:09] DELETING ACCOUNTS (JobID: 924fc260-f0e6-46bb-b5ec-3b17bc10d9bf)
 - Deleted: 0

[01/Oct/2023:00:00:42] UPDATING PRODUCTS (JobID: ceb503b8-952e-4a8a-87ab-dfa944238a41)
 - New and modified: 0

[01/Oct/2023:00:00:45] UPDATING PREPAGATI (JobID: e1629473-c842-437c-91e1-f5d67e891e65)
 - New and modified: 0

[01/Oct/2023:00:00:45] DELETING PREPAGATI (JobID: e1629473-c842-437c-91e1-f5d67e891e65)
 - Deleted: 0

[01/Oct/2023:00:30:04] UPDATING ACCOUNTS (JobID: 5d78a360-3651-4f44-9e28-a0ced4ba0542)
 - New and modified: 0

[01/Oct/2023:00:30:04] DELETING ACCOUNTS (JobID: 5d78a360-3651-4f44-9e28-a0ced4ba0542)
 - Deleted: 0

[01/Oct/2023:00:30:36] UPDATING PRODUCTS (JobID: c53d52ba-2690-4848-8c9d-214285e17e3d)
 - New and modified: 0

[01/Oct/2023:00:30:38] UPDATING PREPAGATI (JobID: 103b9d0c-1bf6-4346-aa2f-5b9111d0820f)
 - New and modified: 0

[01/Oct/2023:00:30:38] DELETING PREPAGATI (JobID: 103b9d0c-1bf6-4346-aa2f-5b9111d0820f)
 - Deleted: 0

[01/Oct/2023:01:00:08] UPDATING ACCOUNTS (JobID: 6ab05098-5705-4308-b065-995301a69294)
 - New and modified: 0

[01/Oct/2023:01:00:08] DELETING ACCOUNTS (JobID: 6ab05098-5705-4308-b065-995301a69294)
 - Deleted: 0

[01/Oct/2023:01:00:41] UPDATING PRODUCTS (JobID: c33d0b54-5e83-483c-a93c-bccc5fe7f587)
 - New and modified: 0

[01/Oct/2023:01:00:44] UPDATING PREPAGATI (JobID: 128fea3e-6081-4098-93a7-48fe38a6b72a)
 - New and modified: 0

[01/Oct/2023:01:00:44] DELETING PREPAGATI (JobID: 128fea3e-6081-4098-93a7-48fe38a6b72a)
 - Deleted: 0

[01/Oct/2023:01:30:08] UPDATING ACCOUNTS (JobID: 962e4abd-28e5-45c3-9749-a488ecc7f4b8)
 - New and modified: 0

[01/Oct/2023:01:30:08] DELETING ACCOUNTS (JobID: 962e4abd-28e5-45c3-9749-a488ecc7f4b8)
 - Deleted: 0

[01/Oct/2023:01:30:36] UPDATING PRODUCTS (JobID: 05c7efef-c8e7-47ea-a7f9-9dec8fb4c40f)
 - New and modified: 0

[01/Oct/2023:01:30:39] UPDATING PREPAGATI (JobID: 58f3ceb3-47a2-4898-9467-37c16553dfee)
 - New and modified: 0

[01/Oct/2023:01:30:39] DELETING PREPAGATI (JobID: 58f3ceb3-47a2-4898-9467-37c16553dfee)
 - Deleted: 0

[01/Oct/2023:02:00:09] UPDATING ACCOUNTS (JobID: 8f545c64-2c8a-4e66-973f-36ae2ad6486c)
 - New and modified: 0

[01/Oct/2023:02:00:09] DELETING ACCOUNTS (JobID: 8f545c64-2c8a-4e66-973f-36ae2ad6486c)
 - Deleted: 0

[01/Oct/2023:02:00:41] UPDATING PRODUCTS (JobID: a45d8c8d-cb3f-441d-9371-48a67dc896fe)
 - New and modified: 0

[01/Oct/2023:02:00:44] UPDATING PREPAGATI (JobID: 7cbfbfda-9faa-4a7a-8073-55b9315ead51)
 - New and modified: 0

[01/Oct/2023:02:00:44] DELETING PREPAGATI (JobID: 7cbfbfda-9faa-4a7a-8073-55b9315ead51)
 - Deleted: 0

[01/Oct/2023:02:30:09] UPDATING ACCOUNTS (JobID: 46d03723-1589-4d97-99ff-01027e0f3ffc)
 - New and modified: 0

[01/Oct/2023:02:30:09] DELETING ACCOUNTS (JobID: 46d03723-1589-4d97-99ff-01027e0f3ffc)
 - Deleted: 0

[01/Oct/2023:02:30:39] UPDATING PRODUCTS (JobID: 308a0b5f-3943-4f7c-afa0-7cde477ef5bf)
 - New and modified: 0

[01/Oct/2023:02:30:42] UPDATING PREPAGATI (JobID: 545bfa63-5ca6-4b77-b306-40e2d422629e)
 - New and modified: 0

[01/Oct/2023:02:30:43] DELETING PREPAGATI (JobID: 545bfa63-5ca6-4b77-b306-40e2d422629e)
 - Deleted: 0

[01/Oct/2023:03:30:09] UPDATING ACCOUNTS (JobID: 13195d62-c7ad-4ac9-9f3f-5602a73cfc84)
 - New and modified: 0

[01/Oct/2023:03:30:09] DELETING ACCOUNTS (JobID: 13195d62-c7ad-4ac9-9f3f-5602a73cfc84)
 - Deleted: 0

[01/Oct/2023:03:30:40] UPDATING PRODUCTS (JobID: 24f2128e-a1bc-46e7-bf6a-739b8f75eae5)
 - New and modified: 0

[01/Oct/2023:03:30:43] UPDATING PREPAGATI (JobID: d57320c2-e25a-4a8d-b91f-09a267ce394c)
 - New and modified: 0

[01/Oct/2023:03:30:43] DELETING PREPAGATI (JobID: d57320c2-e25a-4a8d-b91f-09a267ce394c)
 - Deleted: 0

[01/Oct/2023:04:30:07] UPDATING ACCOUNTS (JobID: 78c44cfc-eace-487d-8ebc-0432e0195246)
 - New and modified: 0

[01/Oct/2023:04:30:07] DELETING ACCOUNTS (JobID: 78c44cfc-eace-487d-8ebc-0432e0195246)
 - Deleted: 0

[01/Oct/2023:04:30:38] UPDATING PRODUCTS (JobID: ea406aca-9ab0-4d17-848b-3fa4f1ed837e)
 - New and modified: 0

[01/Oct/2023:04:30:41] UPDATING PREPAGATI (JobID: 92d60097-f420-4e09-9266-971bcd9f6abb)
 - New and modified: 0

[01/Oct/2023:04:30:41] DELETING PREPAGATI (JobID: 92d60097-f420-4e09-9266-971bcd9f6abb)
 - Deleted: 0

[01/Oct/2023:05:00:09] UPDATING ACCOUNTS (JobID: 9740ea29-e202-4d3a-81b1-345853254124)
 - New and modified: 0

[01/Oct/2023:05:00:09] DELETING ACCOUNTS (JobID: 9740ea29-e202-4d3a-81b1-345853254124)
 - Deleted: 0

[01/Oct/2023:05:00:40] UPDATING PRODUCTS (JobID: bb2ad8ce-23bc-4382-b653-e912c3da7361)
 - New and modified: 0

[01/Oct/2023:05:00:43] UPDATING PREPAGATI (JobID: 88e29937-7442-4f15-8328-9233ee3e94b2)
 - New and modified: 0

[01/Oct/2023:05:00:43] DELETING PREPAGATI (JobID: 88e29937-7442-4f15-8328-9233ee3e94b2)
 - Deleted: 0

[01/Oct/2023:05:30:09] UPDATING ACCOUNTS (JobID: 85bf1089-59a9-4f12-b10f-eb7770bcb479)
 - New and modified: 0

[01/Oct/2023:05:30:09] DELETING ACCOUNTS (JobID: 85bf1089-59a9-4f12-b10f-eb7770bcb479)
 - Deleted: 0

[01/Oct/2023:05:30:41] UPDATING PRODUCTS (JobID: 4691caaf-d4cc-4d90-90fa-e1b3d41b38f9)
 - New and modified: 0

[01/Oct/2023:05:30:44] UPDATING PREPAGATI (JobID: 43480f02-570e-4a06-8480-e557e4f42448)
 - New and modified: 0

[01/Oct/2023:05:30:44] DELETING PREPAGATI (JobID: 43480f02-570e-4a06-8480-e557e4f42448)
 - Deleted: 0

[01/Oct/2023:06:00:04] UPDATING ACCOUNTS (JobID: c0dc4aa4-7c0b-4c18-8a3c-5c5f08a1612c)
 - New and modified: 0

[01/Oct/2023:06:00:04] DELETING ACCOUNTS (JobID: c0dc4aa4-7c0b-4c18-8a3c-5c5f08a1612c)
 - Deleted: 0

[01/Oct/2023:06:00:34] UPDATING PRODUCTS (JobID: b753543d-9fb2-4705-8365-2f88bb61bab3)
 - New and modified: 0

[01/Oct/2023:06:00:36] UPDATING PREPAGATI (JobID: d8223aa1-a8bc-4bb3-b394-f2eb6e2cc174)
 - New and modified: 0

[01/Oct/2023:06:00:36] DELETING PREPAGATI (JobID: d8223aa1-a8bc-4bb3-b394-f2eb6e2cc174)
 - Deleted: 0

[01/Oct/2023:06:30:04] UPDATING ACCOUNTS (JobID: 28565fd3-ce01-4b6e-a0b7-0183c062e65b)
 - New and modified: 0

[01/Oct/2023:06:30:04] DELETING ACCOUNTS (JobID: 28565fd3-ce01-4b6e-a0b7-0183c062e65b)
 - Deleted: 0

[01/Oct/2023:06:30:37] UPDATING PRODUCTS (JobID: 3b909867-ee9e-4c14-919b-3774d61c6e3a)
 - New and modified: 0

[01/Oct/2023:06:30:39] UPDATING PREPAGATI (JobID: dd518a22-7017-4319-a324-560bcc437eef)
 - New and modified: 0

[01/Oct/2023:06:30:39] DELETING PREPAGATI (JobID: dd518a22-7017-4319-a324-560bcc437eef)
 - Deleted: 0

[01/Oct/2023:07:00:09] UPDATING ACCOUNTS (JobID: 32a1b152-9c42-40d6-af40-768c19acfb41)
 - New and modified: 0

[01/Oct/2023:07:00:09] DELETING ACCOUNTS (JobID: 32a1b152-9c42-40d6-af40-768c19acfb41)
 - Deleted: 0

[01/Oct/2023:07:00:40] UPDATING PRODUCTS (JobID: f30ef992-7067-4325-bd05-b67b486eea62)
 - New and modified: 0

[01/Oct/2023:07:00:48] UPDATING PREPAGATI (JobID: b46cb1c9-81de-4ca2-b99b-bfd9cd6fac14)
 - New and modified: 0

[01/Oct/2023:07:00:48] DELETING PREPAGATI (JobID: b46cb1c9-81de-4ca2-b99b-bfd9cd6fac14)
 - Deleted: 0

[01/Oct/2023:07:30:09] UPDATING ACCOUNTS (JobID: 90d86667-48c3-4596-8f0b-35703f3f4323)
 - New and modified: 0

[01/Oct/2023:07:30:09] DELETING ACCOUNTS (JobID: 90d86667-48c3-4596-8f0b-35703f3f4323)
 - Deleted: 0

[01/Oct/2023:07:30:41] UPDATING PRODUCTS (JobID: 39bf83fe-cf22-4294-b69e-04d3317da703)
 - New and modified: 0

[01/Oct/2023:07:30:45] UPDATING PREPAGATI (JobID: 031564ba-4097-47d1-8b52-d4fc8b8bf18a)
 - New and modified: 0

[01/Oct/2023:07:30:45] DELETING PREPAGATI (JobID: 031564ba-4097-47d1-8b52-d4fc8b8bf18a)
 - Deleted: 0

[01/Oct/2023:08:00:04] UPDATING ACCOUNTS (JobID: 854a3c26-b478-47e4-b8a2-8b8c5485f6be)
 - New and modified: 0

[01/Oct/2023:08:00:04] DELETING ACCOUNTS (JobID: 854a3c26-b478-47e4-b8a2-8b8c5485f6be)
 - Deleted: 0

[01/Oct/2023:08:00:36] UPDATING PRODUCTS (JobID: 285c9b7f-5415-4161-af4c-e4b79890596e)
 - New and modified: 0

[01/Oct/2023:08:00:39] UPDATING PREPAGATI (JobID: 0394d178-b429-4e49-8628-87aa6ae143c5)
 - New and modified: 0

[01/Oct/2023:08:00:39] DELETING PREPAGATI (JobID: 0394d178-b429-4e49-8628-87aa6ae143c5)
 - Deleted: 0

[01/Oct/2023:08:30:08] UPDATING ACCOUNTS (JobID: 79905fce-4a74-4a9a-b4ab-b040e7d91993)
 - New and modified: 0

[01/Oct/2023:08:30:08] DELETING ACCOUNTS (JobID: 79905fce-4a74-4a9a-b4ab-b040e7d91993)
 - Deleted: 0

[01/Oct/2023:08:30:42] UPDATING PRODUCTS (JobID: d954737a-fd84-4aae-b17f-f5bf3e10db58)
 - New and modified: 0

[01/Oct/2023:08:30:45] UPDATING PREPAGATI (JobID: 3e07ba62-c214-4637-81ac-bd792620082e)
 - New and modified: 0

[01/Oct/2023:08:30:45] DELETING PREPAGATI (JobID: 3e07ba62-c214-4637-81ac-bd792620082e)
 - Deleted: 0

[01/Oct/2023:09:00:10] UPDATING ACCOUNTS (JobID: 74b66ef7-cf75-45d0-bb3b-3763921d1300)
 - New and modified: 0

[01/Oct/2023:09:00:10] DELETING ACCOUNTS (JobID: 74b66ef7-cf75-45d0-bb3b-3763921d1300)
 - Deleted: 0

[01/Oct/2023:09:00:45] UPDATING PRODUCTS (JobID: ed99b5d2-480e-4db8-ac05-03946d22a346)
 - New and modified: 0

[01/Oct/2023:09:00:48] UPDATING PREPAGATI (JobID: 8197b6c2-3cdd-4124-9d4e-6eea0cb1a0a6)
 - New and modified: 0

[01/Oct/2023:09:00:48] DELETING PREPAGATI (JobID: 8197b6c2-3cdd-4124-9d4e-6eea0cb1a0a6)
 - Deleted: 0

[01/Oct/2023:09:30:04] UPDATING ACCOUNTS (JobID: 59bd50db-3b06-4108-ac45-fd15e27d684a)
 - New and modified: 0

[01/Oct/2023:09:30:04] DELETING ACCOUNTS (JobID: 59bd50db-3b06-4108-ac45-fd15e27d684a)
 - Deleted: 0

[01/Oct/2023:09:30:39] UPDATING PRODUCTS (JobID: 5624f34a-ac31-478a-8d7f-9fd714abb5e1)
 - New and modified: 0

[01/Oct/2023:09:30:41] UPDATING PREPAGATI (JobID: 397d7ed3-2b40-49ca-ac1c-8c22ae8cb229)
 - New and modified: 0

[01/Oct/2023:09:30:41] DELETING PREPAGATI (JobID: 397d7ed3-2b40-49ca-ac1c-8c22ae8cb229)
 - Deleted: 0

[01/Oct/2023:10:00:04] UPDATING ACCOUNTS (JobID: c93e4fc8-8188-431e-a7c9-a981c05cd2e9)
 - New and modified: 0

[01/Oct/2023:10:00:04] DELETING ACCOUNTS (JobID: c93e4fc8-8188-431e-a7c9-a981c05cd2e9)
 - Deleted: 0

[01/Oct/2023:10:00:39] UPDATING PRODUCTS (JobID: 09e453fd-9c7c-4ad2-bafe-1d6991d24b5c)
 - New and modified: 0

[01/Oct/2023:10:00:41] UPDATING PREPAGATI (JobID: e8ff9ad3-05aa-42a5-a8ce-5285b8cb0ef4)
 - New and modified: 0

[01/Oct/2023:10:00:41] DELETING PREPAGATI (JobID: e8ff9ad3-05aa-42a5-a8ce-5285b8cb0ef4)
 - Deleted: 0

[01/Oct/2023:10:30:10] UPDATING ACCOUNTS (JobID: dd117c1f-c024-4011-8c90-cca98fc94937)
 - New and modified: 0

[01/Oct/2023:10:30:10] DELETING ACCOUNTS (JobID: dd117c1f-c024-4011-8c90-cca98fc94937)
 - Deleted: 0

[01/Oct/2023:10:30:42] UPDATING PRODUCTS (JobID: 95104cb5-b33f-442f-8486-0dc850b1a289)
 - New and modified: 0

[01/Oct/2023:10:30:45] UPDATING PREPAGATI (JobID: 6c4b9d9d-2825-4594-8762-f56434fa6837)
 - New and modified: 0

[01/Oct/2023:10:30:45] DELETING PREPAGATI (JobID: 6c4b9d9d-2825-4594-8762-f56434fa6837)
 - Deleted: 0

[01/Oct/2023:11:00:08] UPDATING ACCOUNTS (JobID: 8970884c-b6d9-4d12-a3e3-549d30a1eccc)
 - New and modified: 0

[01/Oct/2023:11:00:08] DELETING ACCOUNTS (JobID: 8970884c-b6d9-4d12-a3e3-549d30a1eccc)
 - Deleted: 0

[01/Oct/2023:11:00:42] UPDATING PRODUCTS (JobID: 20dd9e45-342c-43bc-a18d-8a9ee3d04437)
 - New and modified: 0

[01/Oct/2023:11:00:45] UPDATING PREPAGATI (JobID: 63570ad5-ec7f-41e1-be97-9fc10de4e247)
 - New and modified: 0

[01/Oct/2023:11:00:45] DELETING PREPAGATI (JobID: 63570ad5-ec7f-41e1-be97-9fc10de4e247)
 - Deleted: 0

[01/Oct/2023:11:30:04] UPDATING ACCOUNTS (JobID: 0b8409ca-eb35-4a8a-8b79-f15a2676cf43)
 - New and modified: 0

[01/Oct/2023:11:30:04] DELETING ACCOUNTS (JobID: 0b8409ca-eb35-4a8a-8b79-f15a2676cf43)
 - Deleted: 0

[01/Oct/2023:11:30:36] UPDATING PRODUCTS (JobID: c8c1c577-ece0-40a4-a402-d3efaad400f4)
 - New and modified: 0

[01/Oct/2023:11:30:38] UPDATING PREPAGATI (JobID: 8db8c7f8-2590-445a-a2bf-a301d2927987)
 - New and modified: 0

[01/Oct/2023:11:30:38] DELETING PREPAGATI (JobID: 8db8c7f8-2590-445a-a2bf-a301d2927987)
 - Deleted: 0

[01/Oct/2023:12:00:09] UPDATING ACCOUNTS (JobID: e32ad81f-332d-4c94-8042-4bcc6d0d8755)
 - New and modified: 0

[01/Oct/2023:12:00:09] DELETING ACCOUNTS (JobID: e32ad81f-332d-4c94-8042-4bcc6d0d8755)
 - Deleted: 0

[01/Oct/2023:12:00:44] UPDATING PRODUCTS (JobID: 35c01be9-0d9c-4b78-afce-a60e9e8f95e8)
 - New and modified: 0

[01/Oct/2023:12:00:47] UPDATING PREPAGATI (JobID: d28cc4b3-1d69-4c5c-b0ab-5d581d10e262)
 - New and modified: 0

[01/Oct/2023:12:00:47] DELETING PREPAGATI (JobID: d28cc4b3-1d69-4c5c-b0ab-5d581d10e262)
 - Deleted: 0

[01/Oct/2023:12:30:08] UPDATING ACCOUNTS (JobID: f093f587-b22b-4777-b6d2-ab5c48a52321)
 - New and modified: 0

[01/Oct/2023:12:30:08] DELETING ACCOUNTS (JobID: f093f587-b22b-4777-b6d2-ab5c48a52321)
 - Deleted: 0

[01/Oct/2023:12:30:39] UPDATING PRODUCTS (JobID: 681ac440-38d3-434b-9c44-34dc63a596b9)
 - New and modified: 0

[01/Oct/2023:12:30:43] UPDATING PREPAGATI (JobID: c8a45882-5eb7-4e9b-b2e3-5bef26a2f9ce)
 - New and modified: 0

[01/Oct/2023:12:30:43] DELETING PREPAGATI (JobID: c8a45882-5eb7-4e9b-b2e3-5bef26a2f9ce)
 - Deleted: 0

[01/Oct/2023:13:00:04] UPDATING ACCOUNTS (JobID: 21a7c035-23eb-4381-96ac-b2b419239bb4)
 - New and modified: 0

[01/Oct/2023:13:00:04] DELETING ACCOUNTS (JobID: 21a7c035-23eb-4381-96ac-b2b419239bb4)
 - Deleted: 0

[01/Oct/2023:13:00:38] UPDATING PRODUCTS (JobID: 4dd0e13c-abfb-49d0-83e8-839a29ebb3cc)
 - New and modified: 0

[01/Oct/2023:13:00:40] UPDATING PREPAGATI (JobID: f1de22ef-4f80-491b-bbaf-fc0b918e6e21)
 - New and modified: 0

[01/Oct/2023:13:00:40] DELETING PREPAGATI (JobID: f1de22ef-4f80-491b-bbaf-fc0b918e6e21)
 - Deleted: 0

[01/Oct/2023:13:30:05] UPDATING ACCOUNTS (JobID: 46d4fb5f-ca73-4161-9b61-00af7d83bb7c)
 - New and modified: 0

[01/Oct/2023:13:30:05] DELETING ACCOUNTS (JobID: 46d4fb5f-ca73-4161-9b61-00af7d83bb7c)
 - Deleted: 0

[01/Oct/2023:13:30:39] UPDATING PRODUCTS (JobID: e191aed0-2bf2-4a33-bda4-ace2e7f5fb3f)
 - New and modified: 0

[01/Oct/2023:13:30:41] UPDATING PREPAGATI (JobID: 97b3ed44-d56f-43b0-ad7e-d89c465d4a47)
 - New and modified: 0

[01/Oct/2023:13:30:41] DELETING PREPAGATI (JobID: 97b3ed44-d56f-43b0-ad7e-d89c465d4a47)
 - Deleted: 0

[01/Oct/2023:14:00:07] UPDATING ACCOUNTS (JobID: e09ec4af-bdf5-4482-b161-dea265bc0b63)
 - New and modified: 0

[01/Oct/2023:14:00:07] DELETING ACCOUNTS (JobID: e09ec4af-bdf5-4482-b161-dea265bc0b63)
 - Deleted: 0

[01/Oct/2023:14:00:40] UPDATING PRODUCTS (JobID: d100f388-1a1f-4a89-b7a0-70ccf040cacc)
 - New and modified: 0

[01/Oct/2023:14:00:43] UPDATING PREPAGATI (JobID: 4c545c2a-c31f-4e87-8070-ead32201687d)
 - New and modified: 0

[01/Oct/2023:14:00:43] DELETING PREPAGATI (JobID: 4c545c2a-c31f-4e87-8070-ead32201687d)
 - Deleted: 0

[01/Oct/2023:14:30:10] UPDATING ACCOUNTS (JobID: 6c3a8092-8c2e-4735-9809-ffa1804c2b72)
 - New and modified: 0

[01/Oct/2023:14:30:10] DELETING ACCOUNTS (JobID: 6c3a8092-8c2e-4735-9809-ffa1804c2b72)
 - Deleted: 0

[01/Oct/2023:14:30:41] UPDATING PRODUCTS (JobID: bd78dbf8-5c29-49b0-b18b-7c1052569bc6)
 - New and modified: 0

[01/Oct/2023:14:30:45] UPDATING PREPAGATI (JobID: b0e5ba34-f168-4d00-928d-5ba00996cc22)
 - New and modified: 0

[01/Oct/2023:14:30:45] DELETING PREPAGATI (JobID: b0e5ba34-f168-4d00-928d-5ba00996cc22)
 - Deleted: 0

[01/Oct/2023:15:00:07] UPDATING ACCOUNTS (JobID: b985823c-3168-4a27-85ea-2353600cc511)
 - New and modified: 0

[01/Oct/2023:15:00:07] DELETING ACCOUNTS (JobID: b985823c-3168-4a27-85ea-2353600cc511)
 - Deleted: 0

[01/Oct/2023:15:00:39] UPDATING PRODUCTS (JobID: d1f6bfbb-6b56-446b-9824-e2bc8ca7a9b2)
 - New and modified: 0

[01/Oct/2023:15:00:44] UPDATING PREPAGATI (JobID: d4502a76-05f3-40c1-afc5-c1bb00beb828)
 - New and modified: 0

[01/Oct/2023:15:00:44] DELETING PREPAGATI (JobID: d4502a76-05f3-40c1-afc5-c1bb00beb828)
 - Deleted: 0

[01/Oct/2023:15:30:07] UPDATING ACCOUNTS (JobID: 00ce6ee6-07c3-46da-8894-fbc4c794f2b7)
 - New and modified: 0

[01/Oct/2023:15:30:07] DELETING ACCOUNTS (JobID: 00ce6ee6-07c3-46da-8894-fbc4c794f2b7)
 - Deleted: 0

[01/Oct/2023:15:30:39] UPDATING PRODUCTS (JobID: f94c1b81-e6a2-45c2-9e72-dfaa1e49fe5b)
 - New and modified: 0

[01/Oct/2023:15:30:42] UPDATING PREPAGATI (JobID: 3b59c707-c9f9-4e6c-adce-557e17630431)
 - New and modified: 0

[01/Oct/2023:15:30:42] DELETING PREPAGATI (JobID: 3b59c707-c9f9-4e6c-adce-557e17630431)
 - Deleted: 0

[01/Oct/2023:16:00:11] UPDATING ACCOUNTS (JobID: 81ef1eda-8582-404b-9e88-41f6f93b66fc)
 - New and modified: 0

[01/Oct/2023:16:00:11] DELETING ACCOUNTS (JobID: 81ef1eda-8582-404b-9e88-41f6f93b66fc)
 - Deleted: 0

[01/Oct/2023:16:00:44] UPDATING PRODUCTS (JobID: ff423ac7-67de-4322-a185-a12798cfa395)
 - New and modified: 0

[01/Oct/2023:16:00:47] UPDATING PREPAGATI (JobID: 52b899f1-b594-409b-84e3-480224a6a72a)
 - New and modified: 0

[01/Oct/2023:16:00:47] DELETING PREPAGATI (JobID: 52b899f1-b594-409b-84e3-480224a6a72a)
 - Deleted: 0

[01/Oct/2023:17:00:07] UPDATING ACCOUNTS (JobID: 85220eb2-956b-48d1-93f4-cf69ca094c8a)
 - New and modified: 0

[01/Oct/2023:17:00:07] DELETING ACCOUNTS (JobID: 85220eb2-956b-48d1-93f4-cf69ca094c8a)
 - Deleted: 0

[01/Oct/2023:17:00:39] UPDATING PRODUCTS (JobID: 4851111b-a10f-45bd-915f-8d7aa68bd5fb)
 - New and modified: 0

[01/Oct/2023:17:00:42] UPDATING PREPAGATI (JobID: c69b324f-e626-4b60-a3b5-78512d92b204)
 - New and modified: 0

[01/Oct/2023:17:00:42] DELETING PREPAGATI (JobID: c69b324f-e626-4b60-a3b5-78512d92b204)
 - Deleted: 0

[01/Oct/2023:17:30:10] UPDATING ACCOUNTS (JobID: 0f8f6294-8dcc-46c3-8592-63e90cb29ae3)
 - New and modified: 0

[01/Oct/2023:17:30:10] DELETING ACCOUNTS (JobID: 0f8f6294-8dcc-46c3-8592-63e90cb29ae3)
 - Deleted: 0

[01/Oct/2023:17:30:42] UPDATING PRODUCTS (JobID: f933f0f1-afe6-42dc-b8d4-bec8943fe149)
 - New and modified: 0

[01/Oct/2023:17:30:46] UPDATING PREPAGATI (JobID: 3ec631ac-d318-4450-85b2-b9493632873b)
 - New and modified: 0

[01/Oct/2023:17:30:46] DELETING PREPAGATI (JobID: 3ec631ac-d318-4450-85b2-b9493632873b)
 - Deleted: 0

[01/Oct/2023:18:00:14] UPDATING ACCOUNTS (JobID: b5fbb87c-e53d-4d51-b2ef-8b988becd357)
 - New and modified: 0

[01/Oct/2023:18:00:14] DELETING ACCOUNTS (JobID: b5fbb87c-e53d-4d51-b2ef-8b988becd357)
 - Deleted: 0

[01/Oct/2023:18:00:56] UPDATING PRODUCTS (JobID: 240d46ad-4d19-4640-9f48-32767271ad0f)
 - New and modified: 0

[01/Oct/2023:18:01:00] UPDATING PREPAGATI (JobID: a93bcb12-6f6b-490a-a2ef-2a6643457437)
 - New and modified: 0

[01/Oct/2023:18:01:00] DELETING PREPAGATI (JobID: a93bcb12-6f6b-490a-a2ef-2a6643457437)
 - Deleted: 0

[01/Oct/2023:18:30:09] UPDATING ACCOUNTS (JobID: 9c2bddc4-d9ff-4406-95f8-fceaa5eef485)
 - New and modified: 0

[01/Oct/2023:18:30:09] DELETING ACCOUNTS (JobID: 9c2bddc4-d9ff-4406-95f8-fceaa5eef485)
 - Deleted: 0

[01/Oct/2023:18:30:43] UPDATING PRODUCTS (JobID: f765aa66-7424-473b-b4e8-8fd5839fc1c5)
 - New and modified: 0

[01/Oct/2023:18:30:46] UPDATING PREPAGATI (JobID: c3401750-ecb3-41f0-8d1f-e4ea46fd85e5)
 - New and modified: 0

[01/Oct/2023:18:30:46] DELETING PREPAGATI (JobID: c3401750-ecb3-41f0-8d1f-e4ea46fd85e5)
 - Deleted: 0

[01/Oct/2023:19:00:09] UPDATING ACCOUNTS (JobID: 1b52e592-b02a-4cb0-8a3e-f04f439f230c)
 - New and modified: 0

[01/Oct/2023:19:00:09] DELETING ACCOUNTS (JobID: 1b52e592-b02a-4cb0-8a3e-f04f439f230c)
 - Deleted: 0

[01/Oct/2023:19:00:42] UPDATING PRODUCTS (JobID: b47db2be-d9ba-41e9-b810-7ce27c193a24)
 - New and modified: 0

[01/Oct/2023:19:00:45] UPDATING PREPAGATI (JobID: b7dad48b-c7dd-475b-a536-31b24e8923f0)
 - New and modified: 0

[01/Oct/2023:19:00:45] DELETING PREPAGATI (JobID: b7dad48b-c7dd-475b-a536-31b24e8923f0)
 - Deleted: 0

[01/Oct/2023:19:30:09] UPDATING ACCOUNTS (JobID: 919d07a4-88fb-4a61-942f-02495061dee4)
 - New and modified: 0

[01/Oct/2023:19:30:09] DELETING ACCOUNTS (JobID: 919d07a4-88fb-4a61-942f-02495061dee4)
 - Deleted: 0

[01/Oct/2023:19:30:42] UPDATING PRODUCTS (JobID: b211524c-9d4a-4c61-bbf2-2cd958d11abc)
 - New and modified: 0

[01/Oct/2023:19:30:46] UPDATING PREPAGATI (JobID: cace1448-883d-40e0-93ac-1613b64ae826)
 - New and modified: 0

[01/Oct/2023:19:30:46] DELETING PREPAGATI (JobID: cace1448-883d-40e0-93ac-1613b64ae826)
 - Deleted: 0

[01/Oct/2023:20:00:09] UPDATING ACCOUNTS (JobID: 767f5cb3-eb9d-4527-952f-3e764eff1bc8)
 - New and modified: 0

[01/Oct/2023:20:00:09] DELETING ACCOUNTS (JobID: 767f5cb3-eb9d-4527-952f-3e764eff1bc8)
 - Deleted: 0

[01/Oct/2023:20:00:41] UPDATING PRODUCTS (JobID: 69d45471-71fa-49c3-ac67-4cdfbe534c2c)
 - New and modified: 0

[01/Oct/2023:20:00:44] UPDATING PREPAGATI (JobID: 247ae567-0bd9-496b-9b01-e639b4a1c210)
 - New and modified: 0

[01/Oct/2023:20:00:44] DELETING PREPAGATI (JobID: 247ae567-0bd9-496b-9b01-e639b4a1c210)
 - Deleted: 0

[01/Oct/2023:20:30:04] UPDATING ACCOUNTS (JobID: 467ff482-d9f6-4667-8522-19feba399a03)
 - New and modified: 0

[01/Oct/2023:20:30:04] DELETING ACCOUNTS (JobID: 467ff482-d9f6-4667-8522-19feba399a03)
 - Deleted: 0

[01/Oct/2023:20:30:37] UPDATING PRODUCTS (JobID: 62eeee24-02d9-429a-adef-1fcb17fcdf2b)
 - New and modified: 0

[01/Oct/2023:20:30:39] UPDATING PREPAGATI (JobID: 89966945-4c0a-4f28-89b5-e4c7ca60b960)
 - New and modified: 0

[01/Oct/2023:20:30:39] DELETING PREPAGATI (JobID: 89966945-4c0a-4f28-89b5-e4c7ca60b960)
 - Deleted: 0

[01/Oct/2023:21:00:09] UPDATING ACCOUNTS (JobID: b6d86e63-7094-4e2f-80f8-a50481c9ff3f)
 - New and modified: 0

[01/Oct/2023:21:00:09] DELETING ACCOUNTS (JobID: b6d86e63-7094-4e2f-80f8-a50481c9ff3f)
 - Deleted: 0

[01/Oct/2023:21:00:42] UPDATING PRODUCTS (JobID: 57a02b85-7149-442f-b955-8969bcf4d32a)
 - New and modified: 0

[01/Oct/2023:21:00:46] UPDATING PREPAGATI (JobID: fea440af-20dc-4512-a485-274e14495ce1)
 - New and modified: 0

[01/Oct/2023:21:00:46] DELETING PREPAGATI (JobID: fea440af-20dc-4512-a485-274e14495ce1)
 - Deleted: 0

[01/Oct/2023:21:30:08] UPDATING ACCOUNTS (JobID: 5cbcf7fe-0d4b-4d97-a584-b7015d683947)
 - New and modified: 0

[01/Oct/2023:21:30:08] DELETING ACCOUNTS (JobID: 5cbcf7fe-0d4b-4d97-a584-b7015d683947)
 - Deleted: 0

[01/Oct/2023:21:30:42] UPDATING PRODUCTS (JobID: 729dfb11-db4e-4e47-b8c0-cc31f10dcf98)
 - New and modified: 0

[01/Oct/2023:21:30:46] UPDATING PREPAGATI (JobID: 4d67e368-9c65-402e-8197-b9062c0ffaae)
 - New and modified: 0

[01/Oct/2023:21:30:46] DELETING PREPAGATI (JobID: 4d67e368-9c65-402e-8197-b9062c0ffaae)
 - Deleted: 0

[01/Oct/2023:22:00:04] UPDATING ACCOUNTS (JobID: 837b21c6-1058-4672-96c5-2b8c6fc2efd2)
 - New and modified: 0

[01/Oct/2023:22:00:04] DELETING ACCOUNTS (JobID: 837b21c6-1058-4672-96c5-2b8c6fc2efd2)
 - Deleted: 0

[01/Oct/2023:22:00:37] UPDATING PRODUCTS (JobID: f7f02922-a161-49b7-ad79-ab6a5a4ae48d)
 - New and modified: 0

[01/Oct/2023:22:00:39] UPDATING PREPAGATI (JobID: 29206119-45cb-4fbe-9d37-8d9366528b28)
 - New and modified: 0

[01/Oct/2023:22:00:39] DELETING PREPAGATI (JobID: 29206119-45cb-4fbe-9d37-8d9366528b28)
 - Deleted: 0

[01/Oct/2023:22:30:04] UPDATING ACCOUNTS (JobID: ce0c9a12-b83a-483e-9f84-451aeb625d7e)
 - New and modified: 0

[01/Oct/2023:22:30:04] DELETING ACCOUNTS (JobID: ce0c9a12-b83a-483e-9f84-451aeb625d7e)
 - Deleted: 0

[01/Oct/2023:22:30:37] UPDATING PRODUCTS (JobID: 5e914c31-31f2-431c-aa14-f63f7e4d88e2)
 - New and modified: 0

[01/Oct/2023:22:30:39] UPDATING PREPAGATI (JobID: 650498ed-89a1-47d9-8853-7ccf9e2cadbf)
 - New and modified: 0

[01/Oct/2023:22:30:39] DELETING PREPAGATI (JobID: 650498ed-89a1-47d9-8853-7ccf9e2cadbf)
 - Deleted: 0

[01/Oct/2023:23:00:09] UPDATING ACCOUNTS (JobID: df4ce249-5b39-4821-8541-614f860b6155)
 - New and modified: 0

[01/Oct/2023:23:00:09] DELETING ACCOUNTS (JobID: df4ce249-5b39-4821-8541-614f860b6155)
 - Deleted: 0

[01/Oct/2023:23:00:43] UPDATING PRODUCTS (JobID: 4b774cfd-3d39-46f7-ac78-ca6d15955a77)
 - New and modified: 0

[01/Oct/2023:23:00:46] UPDATING PREPAGATI (JobID: c3445179-6323-4e83-9ead-c71d2de7a28c)
 - New and modified: 0

[01/Oct/2023:23:00:46] DELETING PREPAGATI (JobID: c3445179-6323-4e83-9ead-c71d2de7a28c)
 - Deleted: 0

[01/Oct/2023:23:30:04] UPDATING ACCOUNTS (JobID: 67c69488-ffd6-4f58-931d-60bf61cec1c6)
 - New and modified: 0

[01/Oct/2023:23:30:04] DELETING ACCOUNTS (JobID: 67c69488-ffd6-4f58-931d-60bf61cec1c6)
 - Deleted: 0

[01/Oct/2023:23:30:37] UPDATING PRODUCTS (JobID: 653bf86b-97b5-4ad4-83fb-f84784ed137f)
 - New and modified: 0

[01/Oct/2023:23:30:39] UPDATING PREPAGATI (JobID: 7b7a63c4-000d-4573-9ec4-d0c9cc3ceb4d)
 - New and modified: 0

[01/Oct/2023:23:30:39] DELETING PREPAGATI (JobID: 7b7a63c4-000d-4573-9ec4-d0c9cc3ceb4d)
 - Deleted: 0

