[02/May/2023:00:00:07] UPDATING ACCOUNTS (JobID: b0cabffb-a3eb-4541-bbc6-2bcf66e70eae)
 - New and modified: 0

[02/May/2023:00:00:07] DELETING ACCOUNTS (JobID: b0cabffb-a3eb-4541-bbc6-2bcf66e70eae)
 - Deleted: 0

[02/May/2023:00:01:03] UPDATING PRODUCTS (JobID: f0043746-913b-4054-8696-af3188361c7f)
 - New and modified: 0

[02/May/2023:00:01:07] UPDATING PREPAGATI (JobID: 2bd3cb63-ca40-4716-98cb-ad0944a00255)
 - New and modified: 0

[02/May/2023:00:01:07] DELETING PREPAGATI (JobID: 2bd3cb63-ca40-4716-98cb-ad0944a00255)
 - Deleted: 0

[02/May/2023:00:10:04] UPDATING ACCOUNTS (JobID: dddd7723-55e6-4e08-a595-8a116455d819)
 - New and modified: 0

[02/May/2023:00:10:04] DELETING ACCOUNTS (JobID: dddd7723-55e6-4e08-a595-8a116455d819)
 - Deleted: 0

[02/May/2023:00:10:49] UPDATING PRODUCTS (JobID: a226a4de-508e-4de3-b05f-c2b52a64acad)
 - New and modified: 0

[02/May/2023:00:10:51] UPDATING PREPAGATI (JobID: 022e6d72-707b-4b7f-a288-7c8b31365036)
 - New and modified: 0

[02/May/2023:00:10:51] DELETING PREPAGATI (JobID: 022e6d72-707b-4b7f-a288-7c8b31365036)
 - Deleted: 0

[02/May/2023:00:20:04] UPDATING ACCOUNTS (JobID: e5bfba13-7470-4ffa-833d-1a7e4e7e2772)
 - New and modified: 0

[02/May/2023:00:20:04] DELETING ACCOUNTS (JobID: e5bfba13-7470-4ffa-833d-1a7e4e7e2772)
 - Deleted: 0

[02/May/2023:00:20:48] UPDATING PRODUCTS (JobID: d8bd42f9-b87e-4d7e-bd8b-a37d63050a3e)
 - New and modified: 0

[02/May/2023:00:20:51] UPDATING PREPAGATI (JobID: 4213a9f5-c90e-4dea-ae46-d50e303e960c)
 - New and modified: 0

[02/May/2023:00:20:51] DELETING PREPAGATI (JobID: 4213a9f5-c90e-4dea-ae46-d50e303e960c)
 - Deleted: 0

[02/May/2023:00:40:05] UPDATING ACCOUNTS (JobID: d0619eb1-c13b-4302-9faf-1784e26344f2)
 - New and modified: 0

[02/May/2023:00:40:05] DELETING ACCOUNTS (JobID: d0619eb1-c13b-4302-9faf-1784e26344f2)
 - Deleted: 0

[02/May/2023:00:40:52] UPDATING PRODUCTS (JobID: 49fd8d00-803a-45d3-aa78-1354f1e5f892)
 - New and modified: 0

[02/May/2023:00:40:54] UPDATING PREPAGATI (JobID: 7ae53832-e3d7-43f3-8884-217e9faf07c2)
 - New and modified: 0

[02/May/2023:00:40:54] DELETING PREPAGATI (JobID: 7ae53832-e3d7-43f3-8884-217e9faf07c2)
 - Deleted: 0

[02/May/2023:00:50:11] UPDATING ACCOUNTS (JobID: a8375fae-5552-4473-9817-13cc082101ed)
 - New and modified: 0

[02/May/2023:00:50:11] DELETING ACCOUNTS (JobID: a8375fae-5552-4473-9817-13cc082101ed)
 - Deleted: 0

[02/May/2023:00:51:04] UPDATING PRODUCTS (JobID: 74ebeb5e-0960-4eaf-ad33-953a6fe8bc35)
 - New and modified: 0

[02/May/2023:00:51:13] UPDATING PREPAGATI (JobID: 554b52af-e3ad-4e3c-bbdf-3174bfaf48c1)
 - New and modified: 0

[02/May/2023:00:51:13] DELETING PREPAGATI (JobID: 554b52af-e3ad-4e3c-bbdf-3174bfaf48c1)
 - Deleted: 0

[02/May/2023:01:00:07] UPDATING ACCOUNTS (JobID: 62ed16b4-e71c-49fd-a753-897e5fd4d0d0)
 - New and modified: 0

[02/May/2023:01:00:07] DELETING ACCOUNTS (JobID: 62ed16b4-e71c-49fd-a753-897e5fd4d0d0)
 - Deleted: 0

[02/May/2023:01:02:50] UPDATING PRODUCTS (JobID: a52a2b67-9962-4fa6-a848-a3ba6c8ec15f)
 - New and modified: 0

[02/May/2023:01:02:59] UPDATING PREPAGATI (JobID: 3c6ffbe6-83d1-466c-b64a-a8da4bd69931)
 - New and modified: 0

[02/May/2023:01:02:59] DELETING PREPAGATI (JobID: 3c6ffbe6-83d1-466c-b64a-a8da4bd69931)
 - Deleted: 0

[02/May/2023:01:20:06] UPDATING ACCOUNTS (JobID: b301eeca-9325-48fd-847e-c21342bc54e7)
 - New and modified: 0

[02/May/2023:01:20:06] DELETING ACCOUNTS (JobID: b301eeca-9325-48fd-847e-c21342bc54e7)
 - Deleted: 0

[02/May/2023:01:21:14] UPDATING PRODUCTS (JobID: aa6f4a31-8c23-409b-9e99-ff482672abd3)
 - New and modified: 0

[02/May/2023:01:21:17] UPDATING PREPAGATI (JobID: 3de08cbc-20a7-4076-80a9-09679c207a5f)
 - New and modified: 0

[02/May/2023:01:21:17] DELETING PREPAGATI (JobID: 3de08cbc-20a7-4076-80a9-09679c207a5f)
 - Deleted: 0

[02/May/2023:01:50:06] UPDATING ACCOUNTS (JobID: 60db5a03-5c44-4db5-ac7f-98f0956261e0)
 - New and modified: 0

[02/May/2023:01:50:06] DELETING ACCOUNTS (JobID: 60db5a03-5c44-4db5-ac7f-98f0956261e0)
 - Deleted: 0

[02/May/2023:01:50:45] UPDATING PRODUCTS (JobID: bbc53cb3-9199-43fe-8463-91f4f764d2cf)
 - New and modified: 0

[02/May/2023:01:50:47] UPDATING PREPAGATI (JobID: 37bb487b-2e60-4aec-8c75-195b0467eb7e)
 - New and modified: 0

[02/May/2023:01:50:47] DELETING PREPAGATI (JobID: 37bb487b-2e60-4aec-8c75-195b0467eb7e)
 - Deleted: 0

[02/May/2023:02:40:05] UPDATING ACCOUNTS (JobID: bdaa545e-0ff2-4a42-a2ab-0e0f7ab3daf3)
 - New and modified: 0

[02/May/2023:02:40:05] DELETING ACCOUNTS (JobID: bdaa545e-0ff2-4a42-a2ab-0e0f7ab3daf3)
 - Deleted: 0

[02/May/2023:02:40:46] UPDATING PRODUCTS (JobID: 23b0dd37-d125-40fa-95bb-6b554994b99d)
 - New and modified: 0

[02/May/2023:02:40:48] UPDATING PREPAGATI (JobID: d8dffb00-6195-4d1e-9c95-eac4c0be4455)
 - New and modified: 0

[02/May/2023:02:40:48] DELETING PREPAGATI (JobID: d8dffb00-6195-4d1e-9c95-eac4c0be4455)
 - Deleted: 0

[02/May/2023:02:50:05] UPDATING ACCOUNTS (JobID: 6563cd35-4265-46f4-899f-a2691e0006dc)
 - New and modified: 0

[02/May/2023:02:50:05] DELETING ACCOUNTS (JobID: 6563cd35-4265-46f4-899f-a2691e0006dc)
 - Deleted: 0

[02/May/2023:02:50:49] UPDATING PRODUCTS (JobID: 4c503905-df34-44bc-8830-fbc03e972e86)
 - New and modified: 0

[02/May/2023:02:50:51] UPDATING PREPAGATI (JobID: 32626c74-2062-459e-9b91-cc05bac2a1f0)
 - New and modified: 0

[02/May/2023:02:50:51] DELETING PREPAGATI (JobID: 32626c74-2062-459e-9b91-cc05bac2a1f0)
 - Deleted: 0

[02/May/2023:03:00:04] UPDATING ACCOUNTS (JobID: a9457944-e4e6-4cd1-8ccc-9cdc88e69ee8)
 - New and modified: 0

[02/May/2023:03:00:04] DELETING ACCOUNTS (JobID: a9457944-e4e6-4cd1-8ccc-9cdc88e69ee8)
 - Deleted: 0

[02/May/2023:03:00:47] UPDATING PRODUCTS (JobID: 75022924-12a6-4a76-9fec-6f9c533b812c)
 - New and modified: 0

[02/May/2023:03:00:49] UPDATING PREPAGATI (JobID: 2067e004-45ce-4420-ad5a-98e6ccd88915)
 - New and modified: 0

[02/May/2023:03:00:49] DELETING PREPAGATI (JobID: 2067e004-45ce-4420-ad5a-98e6ccd88915)
 - Deleted: 0

[02/May/2023:03:10:04] UPDATING ACCOUNTS (JobID: 8950b0af-4a7c-4f6b-adda-4917cc6312d9)
 - New and modified: 0

[02/May/2023:03:10:04] DELETING ACCOUNTS (JobID: 8950b0af-4a7c-4f6b-adda-4917cc6312d9)
 - Deleted: 0

[02/May/2023:03:10:44] UPDATING PRODUCTS (JobID: a0ae7b45-bfc3-4245-a6c4-bc131a43f102)
 - New and modified: 0

[02/May/2023:03:10:46] UPDATING PREPAGATI (JobID: 257e371c-4e3f-4fc0-9ebe-64ed41317bfa)
 - New and modified: 0

[02/May/2023:03:10:46] DELETING PREPAGATI (JobID: 257e371c-4e3f-4fc0-9ebe-64ed41317bfa)
 - Deleted: 0

[02/May/2023:03:20:05] UPDATING ACCOUNTS (JobID: b713bea6-53c0-4923-8d6a-33f704ec5c6b)
 - New and modified: 0

[02/May/2023:03:20:05] DELETING ACCOUNTS (JobID: b713bea6-53c0-4923-8d6a-33f704ec5c6b)
 - Deleted: 0

[02/May/2023:03:20:51] UPDATING PRODUCTS (JobID: 90397e5b-cfd9-4d9d-8eb1-4b29f6b3c9c9)
 - New and modified: 0

[02/May/2023:03:20:54] UPDATING PREPAGATI (JobID: 803c8f16-09ec-4f06-a677-1cb595540ccd)
 - New and modified: 0

[02/May/2023:03:20:54] DELETING PREPAGATI (JobID: 803c8f16-09ec-4f06-a677-1cb595540ccd)
 - Deleted: 0

[02/May/2023:03:30:05] UPDATING ACCOUNTS (JobID: 19967704-b5af-451a-bcd0-7da2391ceba2)
 - New and modified: 0

[02/May/2023:03:30:05] DELETING ACCOUNTS (JobID: 19967704-b5af-451a-bcd0-7da2391ceba2)
 - Deleted: 0

[02/May/2023:03:30:46] UPDATING PRODUCTS (JobID: 76fbaa0f-0394-4cc2-b276-46d455f26c8a)
 - New and modified: 0

[02/May/2023:03:30:48] UPDATING PREPAGATI (JobID: 704d81d2-f6c1-4e68-9ab1-327125deb16b)
 - New and modified: 0

[02/May/2023:03:30:48] DELETING PREPAGATI (JobID: 704d81d2-f6c1-4e68-9ab1-327125deb16b)
 - Deleted: 0

[02/May/2023:03:40:05] UPDATING ACCOUNTS (JobID: 63a40580-c3b9-42b3-bd20-f318230207d2)
 - New and modified: 0

[02/May/2023:03:40:05] DELETING ACCOUNTS (JobID: 63a40580-c3b9-42b3-bd20-f318230207d2)
 - Deleted: 0

[02/May/2023:03:40:44] UPDATING PRODUCTS (JobID: 1b144876-6a99-4c19-ad40-0201e7a5298e)
 - New and modified: 0

[02/May/2023:03:40:49] UPDATING PREPAGATI (JobID: bce64c60-c449-4579-8473-c3c6a368127b)
 - New and modified: 0

[02/May/2023:03:40:49] DELETING PREPAGATI (JobID: bce64c60-c449-4579-8473-c3c6a368127b)
 - Deleted: 0

[02/May/2023:03:50:04] UPDATING ACCOUNTS (JobID: 0222c096-b2d1-495e-95af-443dba756f3a)
 - New and modified: 0

[02/May/2023:03:50:04] DELETING ACCOUNTS (JobID: 0222c096-b2d1-495e-95af-443dba756f3a)
 - Deleted: 0

[02/May/2023:03:50:43] UPDATING PRODUCTS (JobID: 5b4cfdc9-ba2d-422c-85c8-ce033479d5dd)
 - New and modified: 0

[02/May/2023:03:50:49] UPDATING PREPAGATI (JobID: 57910e69-417a-4924-8a89-d9a53604b65d)
 - New and modified: 0

[02/May/2023:03:50:49] DELETING PREPAGATI (JobID: 57910e69-417a-4924-8a89-d9a53604b65d)
 - Deleted: 0

[02/May/2023:04:00:06] UPDATING ACCOUNTS (JobID: 682928bf-bf24-4670-aae5-bc34f3fed23e)
 - New and modified: 0

[02/May/2023:04:00:06] DELETING ACCOUNTS (JobID: 682928bf-bf24-4670-aae5-bc34f3fed23e)
 - Deleted: 0

[02/May/2023:04:00:50] UPDATING PRODUCTS (JobID: 244be871-be23-4d2f-89bd-5f27866d8948)
 - New and modified: 0

[02/May/2023:04:00:52] UPDATING PREPAGATI (JobID: 373b919a-ad8a-4124-bd7d-a9f43e31d89a)
 - New and modified: 0

[02/May/2023:04:00:52] DELETING PREPAGATI (JobID: 373b919a-ad8a-4124-bd7d-a9f43e31d89a)
 - Deleted: 0

[02/May/2023:04:40:05] UPDATING ACCOUNTS (JobID: 9e5d8feb-f425-41e7-9b27-4daae61d9b4a)
 - New and modified: 0

[02/May/2023:04:40:05] DELETING ACCOUNTS (JobID: 9e5d8feb-f425-41e7-9b27-4daae61d9b4a)
 - Deleted: 0

[02/May/2023:04:40:48] UPDATING PRODUCTS (JobID: 27ec1315-a30a-4d25-a0bd-50e2d511718c)
 - New and modified: 0

[02/May/2023:04:40:50] UPDATING PREPAGATI (JobID: cb1e5508-22b4-49bf-8a77-08d715f72150)
 - New and modified: 0

[02/May/2023:04:40:50] DELETING PREPAGATI (JobID: cb1e5508-22b4-49bf-8a77-08d715f72150)
 - Deleted: 0

[02/May/2023:05:00:06] UPDATING ACCOUNTS (JobID: acfa178f-6abf-4ae2-9f35-63c3b8fe4ab5)
 - New and modified: 0

[02/May/2023:05:00:06] DELETING ACCOUNTS (JobID: acfa178f-6abf-4ae2-9f35-63c3b8fe4ab5)
 - Deleted: 0

[02/May/2023:05:00:44] UPDATING PRODUCTS (JobID: 8b29a78a-2a23-41ce-9d82-8f1b0d446686)
 - New and modified: 0

[02/May/2023:05:00:46] UPDATING PREPAGATI (JobID: 2ae6d102-c954-418f-8c81-3e496907e8e8)
 - New and modified: 0

[02/May/2023:05:00:46] DELETING PREPAGATI (JobID: 2ae6d102-c954-418f-8c81-3e496907e8e8)
 - Deleted: 0

[02/May/2023:05:10:08] UPDATING ACCOUNTS (JobID: 8e14ac27-b25e-41ee-8470-db7bbf796fbd)
 - New and modified: 0

[02/May/2023:05:10:08] DELETING ACCOUNTS (JobID: 8e14ac27-b25e-41ee-8470-db7bbf796fbd)
 - Deleted: 0

[02/May/2023:05:10:51] UPDATING PRODUCTS (JobID: 25affa37-7cb6-48bf-97e0-1fa0bdacd7ee)
 - New and modified: 0

[02/May/2023:05:10:53] UPDATING PREPAGATI (JobID: 3c670bf9-3a04-4b1e-8747-4fb003f065c4)
 - New and modified: 0

[02/May/2023:05:10:53] DELETING PREPAGATI (JobID: 3c670bf9-3a04-4b1e-8747-4fb003f065c4)
 - Deleted: 0

[02/May/2023:06:20:10] UPDATING ACCOUNTS (JobID: 3d43d8a2-bf85-473a-8e15-f42515734ebb)
 - New and modified: 0

[02/May/2023:06:20:10] DELETING ACCOUNTS (JobID: 3d43d8a2-bf85-473a-8e15-f42515734ebb)
 - Deleted: 0

[02/May/2023:06:22:31] UPDATING PRODUCTS (JobID: 391fa5db-18b6-4d28-b146-4d13876abf91)
 - New and modified: 0

[02/May/2023:06:22:39] UPDATING PREPAGATI (JobID: d2e86e22-8781-4637-8a7b-6bdf16ed1a57)
 - New and modified: 0

[02/May/2023:06:22:39] DELETING PREPAGATI (JobID: d2e86e22-8781-4637-8a7b-6bdf16ed1a57)
 - Deleted: 0

[02/May/2023:06:35:31] UPDATING ACCOUNTS (JobID: 214c9613-a337-4716-8b90-60cc070a05d6)
 - New and modified: 0

[02/May/2023:06:35:31] DELETING ACCOUNTS (JobID: 214c9613-a337-4716-8b90-60cc070a05d6)
 - Deleted: 0

[02/May/2023:06:47:33] UPDATING PRODUCTS (JobID: ade897f4-fad7-4590-bc35-749eae0d69f2)
 - New and modified: 0

[02/May/2023:06:47:40] UPDATING PREPAGATI (JobID: 56c30792-37a1-4ea5-8602-70dc6a2dc16c)
 - New and modified: 0

[02/May/2023:06:47:40] DELETING PREPAGATI (JobID: 56c30792-37a1-4ea5-8602-70dc6a2dc16c)
 - Deleted: 0

[02/May/2023:07:20:09] UPDATING ACCOUNTS (JobID: edee1711-0940-4446-886e-d7a0a1f96484)
 - New and modified: 0

[02/May/2023:07:20:09] DELETING ACCOUNTS (JobID: edee1711-0940-4446-886e-d7a0a1f96484)
 - Deleted: 0

[02/May/2023:07:21:15] UPDATING PRODUCTS (JobID: e9882ff6-e84b-458b-b83f-87f304aad617)
 - New and modified: 0

[02/May/2023:07:21:21] UPDATING PREPAGATI (JobID: 7daa6aab-0b4d-49ee-a7a0-ef2a5944cfc1)
 - New and modified: 0

[02/May/2023:07:21:21] DELETING PREPAGATI (JobID: 7daa6aab-0b4d-49ee-a7a0-ef2a5944cfc1)
 - Deleted: 0

[02/May/2023:07:30:09] UPDATING ACCOUNTS (JobID: 3a184c87-69d6-4acd-80e0-47d0bd1cc5d3)
 - New and modified: 1
   0000020

[02/May/2023:07:30:09] DELETING ACCOUNTS (JobID: 3a184c87-69d6-4acd-80e0-47d0bd1cc5d3)
 - Deleted: 0

[02/May/2023:07:31:27] UPDATING PRODUCTS (JobID: 6cd7de85-2929-4998-aa7a-ed594a854d31)
 - New and modified: 0

[02/May/2023:07:31:30] UPDATING PREPAGATI (JobID: 5e903a8e-360b-49cd-9485-60521d5be74c)
 - New and modified: 0

[02/May/2023:07:31:30] DELETING PREPAGATI (JobID: 5e903a8e-360b-49cd-9485-60521d5be74c)
 - Deleted: 0

[02/May/2023:07:40:06] UPDATING ACCOUNTS (JobID: 7f595597-1dba-4b31-b36a-5cf7bfb31b6e)
 - New and modified: 0

[02/May/2023:07:40:06] DELETING ACCOUNTS (JobID: 7f595597-1dba-4b31-b36a-5cf7bfb31b6e)
 - Deleted: 0

[02/May/2023:07:41:13] UPDATING PRODUCTS (JobID: bd20ad65-fc41-4253-89ce-cb7263ebeba0)
 - New and modified: 0

[02/May/2023:07:41:16] UPDATING PREPAGATI (JobID: 3584e78c-8d61-467c-89cc-0eaf2b70a5d8)
 - New and modified: 0

[02/May/2023:07:41:16] DELETING PREPAGATI (JobID: 3584e78c-8d61-467c-89cc-0eaf2b70a5d8)
 - Deleted: 0

[02/May/2023:07:50:11] UPDATING ACCOUNTS (JobID: 7b4f7916-e469-4a1f-bacd-93152f8e9b16)
 - New and modified: 0

[02/May/2023:07:50:11] DELETING ACCOUNTS (JobID: 7b4f7916-e469-4a1f-bacd-93152f8e9b16)
 - Deleted: 0

[02/May/2023:07:51:10] UPDATING PRODUCTS (JobID: b29b52b1-ab91-408e-86db-c239927a5b98)
 - New and modified: 0

[02/May/2023:07:51:21] UPDATING PREPAGATI (JobID: 626bbd4e-27be-4234-85e0-b923ef9f87e0)
 - New and modified: 0

[02/May/2023:07:51:21] DELETING PREPAGATI (JobID: 626bbd4e-27be-4234-85e0-b923ef9f87e0)
 - Deleted: 0

[02/May/2023:08:20:08] UPDATING ACCOUNTS (JobID: 52272167-2fcb-4d6c-8ddc-daaf6c0f77fa)
 - New and modified: 0

[02/May/2023:08:20:08] DELETING ACCOUNTS (JobID: 52272167-2fcb-4d6c-8ddc-daaf6c0f77fa)
 - Deleted: 0

[02/May/2023:08:21:11] UPDATING PRODUCTS (JobID: 46e5074f-8062-47c9-893e-40ac0397d4e2)
 - New and modified: 0

[02/May/2023:08:21:15] UPDATING PREPAGATI (JobID: 9e770c8a-0082-45d7-a514-5de1cf4a8075)
 - New and modified: 0

[02/May/2023:08:21:15] DELETING PREPAGATI (JobID: 9e770c8a-0082-45d7-a514-5de1cf4a8075)
 - Deleted: 0

[02/May/2023:09:10:06] UPDATING ACCOUNTS (JobID: 004b60c8-944f-457f-ae45-7f6f98af479d)
 - New and modified: 0

[02/May/2023:09:10:06] DELETING ACCOUNTS (JobID: 004b60c8-944f-457f-ae45-7f6f98af479d)
 - Deleted: 0

[02/May/2023:09:11:08] UPDATING PRODUCTS (JobID: 261bd270-77cc-40fa-805b-d44a963073ee)
 - New and modified: 0

[02/May/2023:09:11:13] UPDATING PREPAGATI (JobID: c481386c-a1cf-4cb3-a7ce-940b446fb27c)
 - New and modified: 0

[02/May/2023:09:11:13] DELETING PREPAGATI (JobID: c481386c-a1cf-4cb3-a7ce-940b446fb27c)
 - Deleted: 0

[02/May/2023:09:30:10] UPDATING ACCOUNTS (JobID: 51f83791-2958-4d93-aad9-14b1f87771b9)
 - New and modified: 0

[02/May/2023:09:30:10] DELETING ACCOUNTS (JobID: 51f83791-2958-4d93-aad9-14b1f87771b9)
 - Deleted: 0

[02/May/2023:09:31:26] UPDATING PRODUCTS (JobID: 820fe476-8c43-4f6a-b211-784291fa85bd)
 - New and modified: 0

[02/May/2023:09:31:29] UPDATING PREPAGATI (JobID: 6bd74e34-f3c1-40ec-8d0d-9e2ffadb8bbe)
 - New and modified: 0

[02/May/2023:09:31:29] DELETING PREPAGATI (JobID: 6bd74e34-f3c1-40ec-8d0d-9e2ffadb8bbe)
 - Deleted: 0

[02/May/2023:09:50:09] UPDATING ACCOUNTS (JobID: d5a25ca3-f6c0-4ffe-8c89-6c1aa4f093b3)
 - New and modified: 0

[02/May/2023:09:50:09] DELETING ACCOUNTS (JobID: d5a25ca3-f6c0-4ffe-8c89-6c1aa4f093b3)
 - Deleted: 0

[02/May/2023:09:51:13] UPDATING PRODUCTS (JobID: 030d60cf-9ef8-47a5-9f2f-ef53c315d604)
 - New and modified: 0

[02/May/2023:09:51:17] UPDATING PREPAGATI (JobID: 7b50a1a5-a803-48c9-9cec-dda6507c56a7)
 - New and modified: 0

[02/May/2023:09:51:17] DELETING PREPAGATI (JobID: 7b50a1a5-a803-48c9-9cec-dda6507c56a7)
 - Deleted: 0

[02/May/2023:10:00:11] UPDATING ACCOUNTS (JobID: 07a91962-d34b-45c1-9b8a-0fa6d68bf703)
 - New and modified: 0

[02/May/2023:10:00:11] DELETING ACCOUNTS (JobID: 07a91962-d34b-45c1-9b8a-0fa6d68bf703)
 - Deleted: 0

[02/May/2023:10:01:37] UPDATING PRODUCTS (JobID: babb91ac-3eb7-440b-acac-bcf8f69d135c)
 - New and modified: 0

[02/May/2023:10:01:40] UPDATING PREPAGATI (JobID: cc818bdc-9b2f-4a99-aec6-acefeba2967f)
 - New and modified: 0

[02/May/2023:10:01:40] DELETING PREPAGATI (JobID: cc818bdc-9b2f-4a99-aec6-acefeba2967f)
 - Deleted: 0

[02/May/2023:10:20:05] UPDATING ACCOUNTS (JobID: 723412ab-fe14-4f78-bf4d-c409cd16823b)
 - New and modified: 0

[02/May/2023:10:20:05] DELETING ACCOUNTS (JobID: 723412ab-fe14-4f78-bf4d-c409cd16823b)
 - Deleted: 0

[02/May/2023:10:21:20] UPDATING PRODUCTS (JobID: 3c969e50-2971-4e2e-8bd4-4d1d91c0b0a3)
 - New and modified: 0

[02/May/2023:10:21:23] UPDATING PREPAGATI (JobID: 760f3b59-be16-4794-83d8-803a8e8575b8)
 - New and modified: 0

[02/May/2023:10:21:23] DELETING PREPAGATI (JobID: 760f3b59-be16-4794-83d8-803a8e8575b8)
 - Deleted: 0

[02/May/2023:10:30:11] UPDATING ACCOUNTS (JobID: 4a607e92-c029-4f2a-9886-ef0e62af6510)
 - New and modified: 0

[02/May/2023:10:30:11] DELETING ACCOUNTS (JobID: 4a607e92-c029-4f2a-9886-ef0e62af6510)
 - Deleted: 0

[02/May/2023:10:31:12] UPDATING PRODUCTS (JobID: 1d425cfc-49b7-4208-855b-1223b50a8b30)
 - New and modified: 0

[02/May/2023:10:31:14] UPDATING PREPAGATI (JobID: 692c7a69-d6e6-4b0c-b4d0-45fa9501abbd)
 - New and modified: 0

[02/May/2023:10:31:14] DELETING PREPAGATI (JobID: 692c7a69-d6e6-4b0c-b4d0-45fa9501abbd)
 - Deleted: 0

[02/May/2023:11:00:12] UPDATING ACCOUNTS (JobID: 05215c2a-4642-4695-836b-d75d0102ba2f)
 - New and modified: 0

[02/May/2023:11:00:12] DELETING ACCOUNTS (JobID: 05215c2a-4642-4695-836b-d75d0102ba2f)
 - Deleted: 0

[02/May/2023:11:01:55] UPDATING PRODUCTS (JobID: bce2bb2f-9bf8-4781-92b6-175a387d518e)
 - New and modified: 0

[02/May/2023:11:01:58] UPDATING PREPAGATI (JobID: 4da3d611-1266-4b50-a3c3-648b29eb73d5)
 - New and modified: 0

[02/May/2023:11:01:58] DELETING PREPAGATI (JobID: 4da3d611-1266-4b50-a3c3-648b29eb73d5)
 - Deleted: 0

[02/May/2023:11:50:07] UPDATING ACCOUNTS (JobID: 9c9cb384-6897-48c4-a18a-4380a130ae62)
 - New and modified: 0

[02/May/2023:11:50:07] DELETING ACCOUNTS (JobID: 9c9cb384-6897-48c4-a18a-4380a130ae62)
 - Deleted: 0

[02/May/2023:11:51:20] UPDATING PRODUCTS (JobID: 568917aa-b749-436b-998c-9275ceeecef1)
 - New and modified: 0

[02/May/2023:11:51:24] UPDATING PREPAGATI (JobID: c077ca58-fbc8-43a8-903e-dca5e2fbc60c)
 - New and modified: 0

[02/May/2023:11:51:24] DELETING PREPAGATI (JobID: c077ca58-fbc8-43a8-903e-dca5e2fbc60c)
 - Deleted: 0

[02/May/2023:12:10:20] UPDATING ACCOUNTS (JobID: c1377a67-2e2f-4f4a-a3db-a794c6e97bdd)
 - New and modified: 0

[02/May/2023:12:10:20] DELETING ACCOUNTS (JobID: c1377a67-2e2f-4f4a-a3db-a794c6e97bdd)
 - Deleted: 0

[02/May/2023:12:11:44] UPDATING PRODUCTS (JobID: 0e6f8f97-899f-4df0-aa46-5bc757817c80)
 - New and modified: 0

[02/May/2023:12:11:47] UPDATING PREPAGATI (JobID: d97b81ea-5034-4476-b2a6-df147234a4fa)
 - New and modified: 0

[02/May/2023:12:11:47] DELETING PREPAGATI (JobID: d97b81ea-5034-4476-b2a6-df147234a4fa)
 - Deleted: 0

[02/May/2023:12:20:09] UPDATING ACCOUNTS (JobID: 639bd6b4-b0ea-4fee-9e0a-c2f3b4e4cfad)
 - New and modified: 0

[02/May/2023:12:20:09] DELETING ACCOUNTS (JobID: 639bd6b4-b0ea-4fee-9e0a-c2f3b4e4cfad)
 - Deleted: 0

[02/May/2023:12:20:55] UPDATING PRODUCTS (JobID: 8e025b31-db08-4d64-9aac-7224e7f8e67c)
 - New and modified: 0

[02/May/2023:12:20:57] UPDATING PREPAGATI (JobID: 9a58935c-237b-4b30-80a5-4314a515e6b9)
 - New and modified: 0

[02/May/2023:12:20:57] DELETING PREPAGATI (JobID: 9a58935c-237b-4b30-80a5-4314a515e6b9)
 - Deleted: 0

[02/May/2023:12:30:05] UPDATING ACCOUNTS (JobID: 633abd94-f20f-46d2-bbdb-f8a035bcac0e)
 - New and modified: 0

[02/May/2023:12:30:05] DELETING ACCOUNTS (JobID: 633abd94-f20f-46d2-bbdb-f8a035bcac0e)
 - Deleted: 0

[02/May/2023:12:30:49] UPDATING PRODUCTS (JobID: ad799387-76a3-4291-8acb-2d1d75674124)
 - New and modified: 0

[02/May/2023:12:30:51] UPDATING PREPAGATI (JobID: b0d28e41-06dc-4851-a7bb-e180e9e80d40)
 - New and modified: 0

[02/May/2023:12:30:51] DELETING PREPAGATI (JobID: b0d28e41-06dc-4851-a7bb-e180e9e80d40)
 - Deleted: 0

[02/May/2023:13:00:08] UPDATING ACCOUNTS (JobID: be634240-5349-4075-9f43-2aee9d4b06c0)
 - New and modified: 0

[02/May/2023:13:00:08] DELETING ACCOUNTS (JobID: be634240-5349-4075-9f43-2aee9d4b06c0)
 - Deleted: 0

[02/May/2023:13:01:41] UPDATING PRODUCTS (JobID: b4cac42d-6b6f-4a35-85e6-e3d6d34fe29f)
 - New and modified: 0

[02/May/2023:13:01:58] UPDATING PREPAGATI (JobID: cc46d837-005a-41fe-9a09-10f953f99929)
 - New and modified: 0

[02/May/2023:13:01:58] DELETING PREPAGATI (JobID: cc46d837-005a-41fe-9a09-10f953f99929)
 - Deleted: 0

[02/May/2023:13:20:09] UPDATING ACCOUNTS (JobID: 2720cdfd-7bff-4123-bfed-cefe7181e573)
 - New and modified: 0

[02/May/2023:13:20:09] DELETING ACCOUNTS (JobID: 2720cdfd-7bff-4123-bfed-cefe7181e573)
 - Deleted: 0

[02/May/2023:13:20:52] UPDATING PRODUCTS (JobID: c5efc0cc-b708-497d-b464-8ff7167b022c)
 - New and modified: 0

[02/May/2023:13:20:54] UPDATING PREPAGATI (JobID: f98b9a37-1263-4b91-9c74-cc374deedc22)
 - New and modified: 0

[02/May/2023:13:20:54] DELETING PREPAGATI (JobID: f98b9a37-1263-4b91-9c74-cc374deedc22)
 - Deleted: 0

[02/May/2023:13:30:04] UPDATING ACCOUNTS (JobID: 9ddc68c6-5ed2-4d8c-8ddf-2664f50adc10)
 - New and modified: 0

[02/May/2023:13:30:04] DELETING ACCOUNTS (JobID: 9ddc68c6-5ed2-4d8c-8ddf-2664f50adc10)
 - Deleted: 0

[02/May/2023:13:30:45] UPDATING PRODUCTS (JobID: 1948e51e-f510-4cdb-bcc8-94dd79a3954d)
 - New and modified: 0

[02/May/2023:13:30:47] UPDATING PREPAGATI (JobID: bb7b5bcb-eeee-43b4-a438-8d549d84df79)
 - New and modified: 0

[02/May/2023:13:30:47] DELETING PREPAGATI (JobID: bb7b5bcb-eeee-43b4-a438-8d549d84df79)
 - Deleted: 0

[02/May/2023:13:50:04] UPDATING ACCOUNTS (JobID: 64af8d04-d563-418e-a8bd-d15af5548e99)
 - New and modified: 0

[02/May/2023:13:50:04] DELETING ACCOUNTS (JobID: 64af8d04-d563-418e-a8bd-d15af5548e99)
 - Deleted: 0

[02/May/2023:13:50:43] UPDATING PRODUCTS (JobID: 0f2ef34c-a599-4e55-8393-b25d0d8629d5)
 - New and modified: 0

[02/May/2023:13:50:45] UPDATING PREPAGATI (JobID: c5a8b7fa-f8b7-464c-a074-777e212af910)
 - New and modified: 0

[02/May/2023:13:50:45] DELETING PREPAGATI (JobID: c5a8b7fa-f8b7-464c-a074-777e212af910)
 - Deleted: 0

[02/May/2023:14:00:10] UPDATING ACCOUNTS (JobID: 1109dc80-dffe-47ef-b5c6-372fafd39129)
 - New and modified: 0

[02/May/2023:14:00:10] DELETING ACCOUNTS (JobID: 1109dc80-dffe-47ef-b5c6-372fafd39129)
 - Deleted: 0

[02/May/2023:14:02:12] UPDATING PRODUCTS (JobID: 458c8f9e-e152-4f90-84b7-098b677de07c)
 - New and modified: 0

[02/May/2023:14:02:37] UPDATING PREPAGATI (JobID: 0f52d948-3dd1-4665-9234-c81b15f839c3)
 - New and modified: 0

[02/May/2023:14:02:37] DELETING PREPAGATI (JobID: 0f52d948-3dd1-4665-9234-c81b15f839c3)
 - Deleted: 0

[02/May/2023:14:10:05] UPDATING ACCOUNTS (JobID: fe162861-69af-4c7e-a788-54bb766db1fe)
 - New and modified: 0

[02/May/2023:14:10:05] DELETING ACCOUNTS (JobID: fe162861-69af-4c7e-a788-54bb766db1fe)
 - Deleted: 0

[02/May/2023:14:10:51] UPDATING PRODUCTS (JobID: e4d303a0-c1cf-471b-85d0-3d2688c2c700)
 - New and modified: 0

[02/May/2023:14:10:54] UPDATING PREPAGATI (JobID: 971cb462-1b34-439d-a3ba-a0543afffd8b)
 - New and modified: 0

[02/May/2023:14:10:54] DELETING PREPAGATI (JobID: 971cb462-1b34-439d-a3ba-a0543afffd8b)
 - Deleted: 0

[02/May/2023:14:20:06] UPDATING ACCOUNTS (JobID: 04e4f399-417b-471a-bb46-552614bcdfae)
 - New and modified: 0

[02/May/2023:14:20:06] DELETING ACCOUNTS (JobID: 04e4f399-417b-471a-bb46-552614bcdfae)
 - Deleted: 0

[02/May/2023:14:20:54] UPDATING PRODUCTS (JobID: ec6f8c0b-ede4-4d66-8b13-47697f0de0ab)
 - New and modified: 0

[02/May/2023:14:20:56] UPDATING PREPAGATI (JobID: 4e26fcdc-f287-44cb-8d9b-ae6b370d2bec)
 - New and modified: 0

[02/May/2023:14:20:56] DELETING PREPAGATI (JobID: 4e26fcdc-f287-44cb-8d9b-ae6b370d2bec)
 - Deleted: 0

[02/May/2023:14:40:04] UPDATING ACCOUNTS (JobID: 1a93a391-16c1-44db-8468-37f82f92ccfd)
 - New and modified: 0

[02/May/2023:14:40:04] DELETING ACCOUNTS (JobID: 1a93a391-16c1-44db-8468-37f82f92ccfd)
 - Deleted: 0

[02/May/2023:14:40:43] UPDATING PRODUCTS (JobID: 413fc93c-ea5b-4554-a6a0-e913dbeb638a)
 - New and modified: 1
   IPC-HFW3241TP-ZS

[02/May/2023:14:40:45] UPDATING PREPAGATI (JobID: 4c703d65-4d69-46a8-91a2-b598dd6e41d5)
 - New and modified: 0

[02/May/2023:14:40:45] DELETING PREPAGATI (JobID: 4c703d65-4d69-46a8-91a2-b598dd6e41d5)
 - Deleted: 0

[02/May/2023:14:50:06] UPDATING ACCOUNTS (JobID: 6d061f5c-e468-4189-8f36-1308a3fdf984)
 - New and modified: 0

[02/May/2023:14:50:06] DELETING ACCOUNTS (JobID: 6d061f5c-e468-4189-8f36-1308a3fdf984)
 - Deleted: 0

[02/May/2023:14:50:45] UPDATING PRODUCTS (JobID: 669846a3-3716-4ff7-9c61-3a903ad2d44b)
 - New and modified: 0

[02/May/2023:14:50:47] UPDATING PREPAGATI (JobID: db2fd729-0d45-4643-8c37-398db522eaa3)
 - New and modified: 0

[02/May/2023:14:50:47] DELETING PREPAGATI (JobID: db2fd729-0d45-4643-8c37-398db522eaa3)
 - Deleted: 0

[02/May/2023:15:00:05] UPDATING ACCOUNTS (JobID: f7b32ff6-8350-4b5a-926e-81c5f1a3731a)
 - New and modified: 0

[02/May/2023:15:00:05] DELETING ACCOUNTS (JobID: f7b32ff6-8350-4b5a-926e-81c5f1a3731a)
 - Deleted: 0

[02/May/2023:15:01:19] UPDATING PRODUCTS (JobID: 2605378a-e3ed-457d-8f14-43d6ca42d4ff)
 - New and modified: 0

[02/May/2023:15:01:24] UPDATING PREPAGATI (JobID: c22d53a9-52ff-4946-9f78-c817aed824d5)
 - New and modified: 0

[02/May/2023:15:01:24] DELETING PREPAGATI (JobID: c22d53a9-52ff-4946-9f78-c817aed824d5)
 - Deleted: 0

[02/May/2023:15:20:04] UPDATING ACCOUNTS (JobID: a36af1a7-cb1b-40ee-8bb9-80c5c210e1c9)
 - New and modified: 0

[02/May/2023:15:20:04] DELETING ACCOUNTS (JobID: a36af1a7-cb1b-40ee-8bb9-80c5c210e1c9)
 - Deleted: 0

[02/May/2023:15:20:43] UPDATING PRODUCTS (JobID: bb522da2-e4ec-40fe-88db-29065810a2c5)
 - New and modified: 0

[02/May/2023:15:20:46] UPDATING PREPAGATI (JobID: fffa07f3-bfa6-483d-9f75-0e49653747fd)
 - New and modified: 0

[02/May/2023:15:20:46] DELETING PREPAGATI (JobID: fffa07f3-bfa6-483d-9f75-0e49653747fd)
 - Deleted: 0

[02/May/2023:15:30:04] UPDATING ACCOUNTS (JobID: ecc68a93-03dc-4731-921f-15ebc3127c1c)
 - New and modified: 0

[02/May/2023:15:30:04] DELETING ACCOUNTS (JobID: ecc68a93-03dc-4731-921f-15ebc3127c1c)
 - Deleted: 0

[02/May/2023:15:30:48] UPDATING PRODUCTS (JobID: bed9d769-52e8-41b0-822d-c7720fda88de)
 - New and modified: 0

[02/May/2023:15:30:50] UPDATING PREPAGATI (JobID: 017c87d4-d755-4d35-a8e0-a51a2a20ccda)
 - New and modified: 0

[02/May/2023:15:30:50] DELETING PREPAGATI (JobID: 017c87d4-d755-4d35-a8e0-a51a2a20ccda)
 - Deleted: 0

[02/May/2023:15:50:06] UPDATING ACCOUNTS (JobID: 5181237c-f790-4e30-a8f3-c3077ce21072)
 - New and modified: 0

[02/May/2023:15:50:06] DELETING ACCOUNTS (JobID: 5181237c-f790-4e30-a8f3-c3077ce21072)
 - Deleted: 0

[02/May/2023:15:50:45] UPDATING PRODUCTS (JobID: 0de91f7a-ac60-408c-8f2f-807a5158d9b6)
 - New and modified: 0

[02/May/2023:15:50:48] UPDATING PREPAGATI (JobID: ac95a9bf-5ec2-439e-9a4a-80094764abd1)
 - New and modified: 0

[02/May/2023:15:50:48] DELETING PREPAGATI (JobID: ac95a9bf-5ec2-439e-9a4a-80094764abd1)
 - Deleted: 0

[02/May/2023:16:10:07] UPDATING ACCOUNTS (JobID: 89351af3-3560-44b9-bfee-be3fc165fb9f)
 - New and modified: 0

[02/May/2023:16:10:07] DELETING ACCOUNTS (JobID: 89351af3-3560-44b9-bfee-be3fc165fb9f)
 - Deleted: 0

[02/May/2023:16:11:16] UPDATING PRODUCTS (JobID: 3e5a56d1-08d3-40f0-b938-3ed858c26391)
 - New and modified: 0

[02/May/2023:16:11:20] UPDATING PREPAGATI (JobID: 96286b25-439b-4a89-b4cc-b4d33924e42f)
 - New and modified: 0

[02/May/2023:16:11:20] DELETING PREPAGATI (JobID: 96286b25-439b-4a89-b4cc-b4d33924e42f)
 - Deleted: 0

[02/May/2023:16:20:06] UPDATING ACCOUNTS (JobID: 0e08d8b7-eda7-45f1-9294-96fd64f0279b)
 - New and modified: 0

[02/May/2023:16:20:06] DELETING ACCOUNTS (JobID: 0e08d8b7-eda7-45f1-9294-96fd64f0279b)
 - Deleted: 0

[02/May/2023:16:20:49] UPDATING PRODUCTS (JobID: 87debac1-f9d1-4f74-8366-7b599927f525)
 - New and modified: 0

[02/May/2023:16:20:52] UPDATING PREPAGATI (JobID: fd92aaff-4d79-4bf8-a0ac-ee0e7cf25f7b)
 - New and modified: 0

[02/May/2023:16:20:52] DELETING PREPAGATI (JobID: fd92aaff-4d79-4bf8-a0ac-ee0e7cf25f7b)
 - Deleted: 0

[02/May/2023:16:30:04] UPDATING ACCOUNTS (JobID: 4717170c-d5b0-46d7-a01d-85653a290be0)
 - New and modified: 0

[02/May/2023:16:30:04] DELETING ACCOUNTS (JobID: 4717170c-d5b0-46d7-a01d-85653a290be0)
 - Deleted: 0

[02/May/2023:16:30:44] UPDATING PRODUCTS (JobID: eda5cc86-b404-4bc3-99f9-88c35ffbe94f)
 - New and modified: 0

[02/May/2023:16:30:46] UPDATING PREPAGATI (JobID: 94703044-9ed9-49c3-82c7-9c23e3a4f5fb)
 - New and modified: 0

[02/May/2023:16:30:46] DELETING PREPAGATI (JobID: 94703044-9ed9-49c3-82c7-9c23e3a4f5fb)
 - Deleted: 0

[02/May/2023:16:40:05] UPDATING ACCOUNTS (JobID: cb6fafe8-bfd2-43ba-a3c9-207260acfb5b)
 - New and modified: 0

[02/May/2023:16:40:05] DELETING ACCOUNTS (JobID: cb6fafe8-bfd2-43ba-a3c9-207260acfb5b)
 - Deleted: 0

[02/May/2023:16:40:45] UPDATING PRODUCTS (JobID: 67d3fd75-4ff7-4d16-94a8-373dd9ebab90)
 - New and modified: 0

[02/May/2023:16:40:47] UPDATING PREPAGATI (JobID: e4c5bc50-604b-46cf-b10f-ff33cb6da9b4)
 - New and modified: 0

[02/May/2023:16:40:47] DELETING PREPAGATI (JobID: e4c5bc50-604b-46cf-b10f-ff33cb6da9b4)
 - Deleted: 0

[02/May/2023:17:00:10] UPDATING ACCOUNTS (JobID: a2b709fd-c8a4-4729-9d72-de63801d6015)
 - New and modified: 0

[02/May/2023:17:00:10] DELETING ACCOUNTS (JobID: a2b709fd-c8a4-4729-9d72-de63801d6015)
 - Deleted: 0

[02/May/2023:17:01:47] UPDATING PRODUCTS (JobID: 8fb3b699-6a67-44d0-aa32-7dbcc1bebd0b)
 - New and modified: 0

[02/May/2023:17:01:53] UPDATING PREPAGATI (JobID: 6a5ad9f1-bf8a-445c-af8a-913cc650182c)
 - New and modified: 0

[02/May/2023:17:01:53] DELETING PREPAGATI (JobID: 6a5ad9f1-bf8a-445c-af8a-913cc650182c)
 - Deleted: 0

[02/May/2023:17:20:07] UPDATING ACCOUNTS (JobID: f041f42e-2a0a-453f-a18e-2a35da14fb6e)
 - New and modified: 0

[02/May/2023:17:20:07] DELETING ACCOUNTS (JobID: f041f42e-2a0a-453f-a18e-2a35da14fb6e)
 - Deleted: 0

[02/May/2023:17:20:46] UPDATING PRODUCTS (JobID: 6ee7d6a5-431e-4ac5-95b2-ac3781444643)
 - New and modified: 0

[02/May/2023:17:20:48] UPDATING PREPAGATI (JobID: 0f44632e-24da-4fb6-9416-3b54a33b293f)
 - New and modified: 0

[02/May/2023:17:20:48] DELETING PREPAGATI (JobID: 0f44632e-24da-4fb6-9416-3b54a33b293f)
 - Deleted: 0

[02/May/2023:17:50:05] UPDATING ACCOUNTS (JobID: d153f144-0d1a-4573-be89-1a003b238053)
 - New and modified: 0

[02/May/2023:17:50:05] DELETING ACCOUNTS (JobID: d153f144-0d1a-4573-be89-1a003b238053)
 - Deleted: 0

[02/May/2023:17:50:43] UPDATING PRODUCTS (JobID: 6bc95582-7769-4a29-8dd6-47fd6357a2f9)
 - New and modified: 0

[02/May/2023:17:50:46] UPDATING PREPAGATI (JobID: 10100c38-3173-4ab9-b087-989136471a3e)
 - New and modified: 0

[02/May/2023:17:50:46] DELETING PREPAGATI (JobID: 10100c38-3173-4ab9-b087-989136471a3e)
 - Deleted: 0

[02/May/2023:18:20:05] UPDATING ACCOUNTS (JobID: 784060f6-69d7-4eb1-9dfd-a3609d81b7f7)
 - New and modified: 0

[02/May/2023:18:20:05] DELETING ACCOUNTS (JobID: 784060f6-69d7-4eb1-9dfd-a3609d81b7f7)
 - Deleted: 0

[02/May/2023:18:20:47] UPDATING PRODUCTS (JobID: f951a05d-85d0-4dfb-99a5-67a53bc5603e)
 - New and modified: 0

[02/May/2023:18:20:49] UPDATING PREPAGATI (JobID: a561a995-0eca-4f92-adb9-4834bb063caa)
 - New and modified: 0

[02/May/2023:18:20:49] DELETING PREPAGATI (JobID: a561a995-0eca-4f92-adb9-4834bb063caa)
 - Deleted: 0

[02/May/2023:18:30:04] UPDATING ACCOUNTS (JobID: 2d3daa59-b2fa-44b5-9442-907dbce7b0c0)
 - New and modified: 0

[02/May/2023:18:30:04] DELETING ACCOUNTS (JobID: 2d3daa59-b2fa-44b5-9442-907dbce7b0c0)
 - Deleted: 0

[02/May/2023:18:30:43] UPDATING PRODUCTS (JobID: 55106218-88bb-4ea7-a98b-f812b7d60bd5)
 - New and modified: 0

[02/May/2023:18:30:46] UPDATING PREPAGATI (JobID: 00adea39-c173-4c31-aecb-52f925c8ae43)
 - New and modified: 0

[02/May/2023:18:30:46] DELETING PREPAGATI (JobID: 00adea39-c173-4c31-aecb-52f925c8ae43)
 - Deleted: 0

[02/May/2023:19:10:05] UPDATING ACCOUNTS (JobID: ac0c26f6-29ae-4b4f-a0a0-12b7137b2dba)
 - New and modified: 0

[02/May/2023:19:10:05] DELETING ACCOUNTS (JobID: ac0c26f6-29ae-4b4f-a0a0-12b7137b2dba)
 - Deleted: 0

[02/May/2023:19:10:45] UPDATING PRODUCTS (JobID: 06a0d487-648c-44ef-90a5-d51ba8319d65)
 - New and modified: 0

[02/May/2023:19:10:47] UPDATING PREPAGATI (JobID: 2376992e-e241-41e4-bae9-7bbb1179bdba)
 - New and modified: 0

[02/May/2023:19:10:47] DELETING PREPAGATI (JobID: 2376992e-e241-41e4-bae9-7bbb1179bdba)
 - Deleted: 0

[02/May/2023:19:20:07] UPDATING ACCOUNTS (JobID: 1ac8bdec-5356-40a5-a8ec-479a9bacc422)
 - New and modified: 0

[02/May/2023:19:20:07] DELETING ACCOUNTS (JobID: 1ac8bdec-5356-40a5-a8ec-479a9bacc422)
 - Deleted: 0

[02/May/2023:19:20:47] UPDATING PRODUCTS (JobID: c94bf8a5-4902-4b33-bc5a-98dc6d2ce784)
 - New and modified: 0

[02/May/2023:19:20:49] UPDATING PREPAGATI (JobID: 49bd43f9-875b-4179-b9d3-6b9f878332c9)
 - New and modified: 0

[02/May/2023:19:20:49] DELETING PREPAGATI (JobID: 49bd43f9-875b-4179-b9d3-6b9f878332c9)
 - Deleted: 0

[02/May/2023:19:40:04] UPDATING ACCOUNTS (JobID: 3bbd5d53-c920-47a8-9503-b4b60ece683a)
 - New and modified: 0

[02/May/2023:19:40:04] DELETING ACCOUNTS (JobID: 3bbd5d53-c920-47a8-9503-b4b60ece683a)
 - Deleted: 0

[02/May/2023:19:40:42] UPDATING PRODUCTS (JobID: fc5e419c-123e-41c6-9c08-dfdfae5879ce)
 - New and modified: 0

[02/May/2023:19:40:43] UPDATING PREPAGATI (JobID: fd3495b0-6044-4abb-93c4-fa233ab45c8a)
 - New and modified: 0

[02/May/2023:19:40:43] DELETING PREPAGATI (JobID: fd3495b0-6044-4abb-93c4-fa233ab45c8a)
 - Deleted: 0

[02/May/2023:20:00:06] UPDATING ACCOUNTS (JobID: e7f16a35-96f7-4154-a63a-29a6bb5cee10)
 - New and modified: 0

[02/May/2023:20:00:06] DELETING ACCOUNTS (JobID: e7f16a35-96f7-4154-a63a-29a6bb5cee10)
 - Deleted: 0

[02/May/2023:20:00:42] UPDATING PRODUCTS (JobID: 53503275-36e4-4852-b2d5-9a6afe288c75)
 - New and modified: 0

[02/May/2023:20:00:44] UPDATING PREPAGATI (JobID: 6f8e2ddd-53e9-4a97-8125-9298b48bcc22)
 - New and modified: 0

[02/May/2023:20:00:44] DELETING PREPAGATI (JobID: 6f8e2ddd-53e9-4a97-8125-9298b48bcc22)
 - Deleted: 0

[02/May/2023:20:30:04] UPDATING ACCOUNTS (JobID: ef1deefb-5686-43b1-afba-f4032a7233a9)
 - New and modified: 0

[02/May/2023:20:30:04] DELETING ACCOUNTS (JobID: ef1deefb-5686-43b1-afba-f4032a7233a9)
 - Deleted: 0

[02/May/2023:20:30:44] UPDATING PRODUCTS (JobID: d6cd0b14-203f-49e6-8b9e-03b36bfe11de)
 - New and modified: 0

[02/May/2023:20:30:46] UPDATING PREPAGATI (JobID: a3af55e1-27e2-432b-995c-4d2d02bb5554)
 - New and modified: 0

[02/May/2023:20:30:46] DELETING PREPAGATI (JobID: a3af55e1-27e2-432b-995c-4d2d02bb5554)
 - Deleted: 0

[02/May/2023:20:40:05] UPDATING ACCOUNTS (JobID: c026a188-1e83-408f-8c58-deaf61848204)
 - New and modified: 0

[02/May/2023:20:40:05] DELETING ACCOUNTS (JobID: c026a188-1e83-408f-8c58-deaf61848204)
 - Deleted: 0

[02/May/2023:20:40:43] UPDATING PRODUCTS (JobID: 014c73b8-db29-436f-9107-90bd4cbe9818)
 - New and modified: 0

[02/May/2023:20:40:44] UPDATING PREPAGATI (JobID: 7577cc3e-53e4-4d72-9a19-f7ba9c7d9f6a)
 - New and modified: 0

[02/May/2023:20:40:44] DELETING PREPAGATI (JobID: 7577cc3e-53e4-4d72-9a19-f7ba9c7d9f6a)
 - Deleted: 0

[02/May/2023:21:00:05] UPDATING ACCOUNTS (JobID: f5ca7159-0b58-439c-9e21-73acb19adc72)
 - New and modified: 0

[02/May/2023:21:00:05] DELETING ACCOUNTS (JobID: f5ca7159-0b58-439c-9e21-73acb19adc72)
 - Deleted: 0

[02/May/2023:21:00:59] UPDATING PRODUCTS (JobID: 214151a2-0c4c-4c51-b652-fe921e8eacf7)
 - New and modified: 0

[02/May/2023:21:01:02] UPDATING PREPAGATI (JobID: 3862ad08-42b3-4a8d-b37f-cdfacf0afab8)
 - New and modified: 0

[02/May/2023:21:01:02] DELETING PREPAGATI (JobID: 3862ad08-42b3-4a8d-b37f-cdfacf0afab8)
 - Deleted: 0

[02/May/2023:21:20:05] UPDATING ACCOUNTS (JobID: 0966f1a8-b88d-4406-8db6-95bc3e40040e)
 - New and modified: 0

[02/May/2023:21:20:05] DELETING ACCOUNTS (JobID: 0966f1a8-b88d-4406-8db6-95bc3e40040e)
 - Deleted: 0

[02/May/2023:21:20:43] UPDATING PRODUCTS (JobID: 95b93182-e7e6-4464-af44-251f560b3b97)
 - New and modified: 0

[02/May/2023:21:20:45] UPDATING PREPAGATI (JobID: 8cc71e70-52a3-464b-af60-741a71035ceb)
 - New and modified: 0

[02/May/2023:21:20:45] DELETING PREPAGATI (JobID: 8cc71e70-52a3-464b-af60-741a71035ceb)
 - Deleted: 0

[02/May/2023:21:50:04] UPDATING ACCOUNTS (JobID: 22f8255d-4b97-4e6c-b99a-ed61782871b7)
 - New and modified: 0

[02/May/2023:21:50:04] DELETING ACCOUNTS (JobID: 22f8255d-4b97-4e6c-b99a-ed61782871b7)
 - Deleted: 0

[02/May/2023:21:50:44] UPDATING PRODUCTS (JobID: 20b5e45e-d1f2-4535-8f97-e314a5be4f18)
 - New and modified: 0

[02/May/2023:21:50:45] UPDATING PREPAGATI (JobID: d2b7012f-1271-41d0-b96b-fe8f6699ffca)
 - New and modified: 0

[02/May/2023:21:50:45] DELETING PREPAGATI (JobID: d2b7012f-1271-41d0-b96b-fe8f6699ffca)
 - Deleted: 0

[02/May/2023:22:00:05] UPDATING ACCOUNTS (JobID: 3c061d45-6e6a-4929-92fd-1b633a2cafcc)
 - New and modified: 0

[02/May/2023:22:00:05] DELETING ACCOUNTS (JobID: 3c061d45-6e6a-4929-92fd-1b633a2cafcc)
 - Deleted: 0

[02/May/2023:22:00:50] UPDATING PRODUCTS (JobID: 2d049d08-61f9-4fdc-b997-5940fc2bf0f1)
 - New and modified: 0

[02/May/2023:22:00:54] UPDATING PREPAGATI (JobID: 2ae17e14-f805-4678-a6b9-9defa0f6b240)
 - New and modified: 0

[02/May/2023:22:00:54] DELETING PREPAGATI (JobID: 2ae17e14-f805-4678-a6b9-9defa0f6b240)
 - Deleted: 0

[02/May/2023:22:10:13] UPDATING ACCOUNTS (JobID: 84e56561-846c-4f3c-8b01-667d70ac9aa5)
 - New and modified: 0

[02/May/2023:22:10:13] DELETING ACCOUNTS (JobID: 84e56561-846c-4f3c-8b01-667d70ac9aa5)
 - Deleted: 0

[02/May/2023:22:11:51] UPDATING PRODUCTS (JobID: c696f334-c2bb-4a5d-a976-f66a07c52267)
 - New and modified: 0

[02/May/2023:22:11:54] UPDATING PREPAGATI (JobID: f9475ac3-05ba-4c74-ae4d-a4811ee6a55e)
 - New and modified: 0

[02/May/2023:22:11:54] DELETING PREPAGATI (JobID: f9475ac3-05ba-4c74-ae4d-a4811ee6a55e)
 - Deleted: 0

[02/May/2023:22:30:04] UPDATING ACCOUNTS (JobID: fe8d997b-1039-45e6-a873-4e94aecd37f2)
 - New and modified: 0

[02/May/2023:22:30:04] DELETING ACCOUNTS (JobID: fe8d997b-1039-45e6-a873-4e94aecd37f2)
 - Deleted: 0

[02/May/2023:22:30:44] UPDATING PRODUCTS (JobID: b69a181c-3c8f-4e03-8ff4-f820ab72eb71)
 - New and modified: 0

[02/May/2023:22:30:46] UPDATING PREPAGATI (JobID: 490fa02d-d79d-4808-8533-91ee80dc2ca7)
 - New and modified: 0

[02/May/2023:22:30:46] DELETING PREPAGATI (JobID: 490fa02d-d79d-4808-8533-91ee80dc2ca7)
 - Deleted: 0

[02/May/2023:22:50:05] UPDATING ACCOUNTS (JobID: ba7e3c05-e5a1-4bb8-a6ff-0dea2c8350e1)
 - New and modified: 0

[02/May/2023:22:50:05] DELETING ACCOUNTS (JobID: ba7e3c05-e5a1-4bb8-a6ff-0dea2c8350e1)
 - Deleted: 0

[02/May/2023:22:50:47] UPDATING PRODUCTS (JobID: 5bea4faf-aa8e-46ba-a749-53e5720ec2f8)
 - New and modified: 0

[02/May/2023:22:50:49] UPDATING PREPAGATI (JobID: ae3e157f-629e-4cd4-a13b-7d8a6fdbb660)
 - New and modified: 0

[02/May/2023:22:50:49] DELETING PREPAGATI (JobID: ae3e157f-629e-4cd4-a13b-7d8a6fdbb660)
 - Deleted: 0

[02/May/2023:23:00:05] UPDATING ACCOUNTS (JobID: 861efa6b-21dc-4672-a8cc-07e981e626ac)
 - New and modified: 0

[02/May/2023:23:00:05] DELETING ACCOUNTS (JobID: 861efa6b-21dc-4672-a8cc-07e981e626ac)
 - Deleted: 0

[02/May/2023:23:00:45] UPDATING PRODUCTS (JobID: 62926c13-e0c3-4426-9f24-721a8234955e)
 - New and modified: 0

[02/May/2023:23:00:47] UPDATING PREPAGATI (JobID: d648da6e-e83d-4b46-87de-dd3976216f00)
 - New and modified: 0

[02/May/2023:23:00:47] DELETING PREPAGATI (JobID: d648da6e-e83d-4b46-87de-dd3976216f00)
 - Deleted: 0

[02/May/2023:23:10:04] UPDATING ACCOUNTS (JobID: 0eedcdce-811f-40d9-8efe-83db8c81921c)
 - New and modified: 0

[02/May/2023:23:10:04] DELETING ACCOUNTS (JobID: 0eedcdce-811f-40d9-8efe-83db8c81921c)
 - Deleted: 0

[02/May/2023:23:10:46] UPDATING PRODUCTS (JobID: 8c8ed8ec-a25c-46ed-9d88-1a088ff10f94)
 - New and modified: 0

[02/May/2023:23:10:48] UPDATING PREPAGATI (JobID: b02242e1-1880-48cf-83d3-2f216f201c7a)
 - New and modified: 0

[02/May/2023:23:10:48] DELETING PREPAGATI (JobID: b02242e1-1880-48cf-83d3-2f216f201c7a)
 - Deleted: 0

[02/May/2023:23:50:05] UPDATING ACCOUNTS (JobID: 895a85df-9b17-454c-8a72-9f2ca949f6d1)
 - New and modified: 0

[02/May/2023:23:50:05] DELETING ACCOUNTS (JobID: 895a85df-9b17-454c-8a72-9f2ca949f6d1)
 - Deleted: 0

[02/May/2023:23:50:47] UPDATING PRODUCTS (JobID: 0afa3058-9f42-447e-ac90-095c70020f04)
 - New and modified: 0

[02/May/2023:23:50:49] UPDATING PREPAGATI (JobID: b445d82a-e2a9-44be-81f8-bb575f1e90e6)
 - New and modified: 0

[02/May/2023:23:50:49] DELETING PREPAGATI (JobID: b445d82a-e2a9-44be-81f8-bb575f1e90e6)
 - Deleted: 0

