[18/Jul/2023:00:00:07] UPDATING ACCOUNTS (JobID: 89d1f32e-ac28-4751-9dfe-e8609b18f176)
 - New and modified: 0

[18/Jul/2023:00:00:07] DELETING ACCOUNTS (JobID: 89d1f32e-ac28-4751-9dfe-e8609b18f176)
 - Deleted: 0

[18/Jul/2023:00:00:37] UPDATING PRODUCTS (JobID: 4e4070c2-953a-4bd5-b086-2a0a14681164)
 - New and modified: 0

[18/Jul/2023:00:00:40] UPDATING PREPAGATI (JobID: bcb879ca-adce-422c-bf2b-23888e1713a8)
 - New and modified: 0

[18/Jul/2023:00:00:40] DELETING PREPAGATI (JobID: bcb879ca-adce-422c-bf2b-23888e1713a8)
 - Deleted: 0

[18/Jul/2023:00:30:04] UPDATING ACCOUNTS (JobID: 35fb7035-538a-4159-9de2-e08b74e21fda)
 - New and modified: 0

[18/Jul/2023:00:30:04] DELETING ACCOUNTS (JobID: 35fb7035-538a-4159-9de2-e08b74e21fda)
 - Deleted: 0

[18/Jul/2023:00:30:36] UPDATING PRODUCTS (JobID: bf8884d4-8b69-4ac1-aaae-4e7c5c16b9e3)
 - New and modified: 0

[18/Jul/2023:00:30:38] UPDATING PREPAGATI (JobID: 83294608-854c-492f-9d84-6a8f0a0eba19)
 - New and modified: 0

[18/Jul/2023:00:30:38] DELETING PREPAGATI (JobID: 83294608-854c-492f-9d84-6a8f0a0eba19)
 - Deleted: 0

[18/Jul/2023:01:00:08] UPDATING ACCOUNTS (JobID: fdad7936-563b-47a5-8003-6f39af6494a7)
 - New and modified: 0

[18/Jul/2023:01:00:08] DELETING ACCOUNTS (JobID: fdad7936-563b-47a5-8003-6f39af6494a7)
 - Deleted: 0

[18/Jul/2023:01:00:39] UPDATING PRODUCTS (JobID: 764efa7a-8f9d-40f7-8c41-8af7d48429d9)
 - New and modified: 0

[18/Jul/2023:01:00:41] UPDATING PREPAGATI (JobID: 0d594343-64dd-4535-815c-dcf88996690d)
 - New and modified: 0

[18/Jul/2023:01:00:41] DELETING PREPAGATI (JobID: 0d594343-64dd-4535-815c-dcf88996690d)
 - Deleted: 0

[18/Jul/2023:01:30:08] UPDATING ACCOUNTS (JobID: 6bafb872-b6a9-4fad-86c2-8efb24cf56f3)
 - New and modified: 0

[18/Jul/2023:01:30:08] DELETING ACCOUNTS (JobID: 6bafb872-b6a9-4fad-86c2-8efb24cf56f3)
 - Deleted: 0

[18/Jul/2023:01:30:37] UPDATING PRODUCTS (JobID: 873f32f1-36cc-4baf-84c8-d0c4ffbd9035)
 - New and modified: 0

[18/Jul/2023:01:30:39] UPDATING PREPAGATI (JobID: 4b8d892e-2a8b-4db1-8477-cb24dfd38b8c)
 - New and modified: 0

[18/Jul/2023:01:30:39] DELETING PREPAGATI (JobID: 4b8d892e-2a8b-4db1-8477-cb24dfd38b8c)
 - Deleted: 0

[18/Jul/2023:02:00:04] UPDATING ACCOUNTS (JobID: ff744011-b19f-4f81-a108-141738adff53)
 - New and modified: 0

[18/Jul/2023:02:00:04] DELETING ACCOUNTS (JobID: ff744011-b19f-4f81-a108-141738adff53)
 - Deleted: 0

[18/Jul/2023:02:00:37] UPDATING PRODUCTS (JobID: 8b7291f1-2867-4fc5-9bb9-e2ab1ad7d7e0)
 - New and modified: 0

[18/Jul/2023:02:00:39] UPDATING PREPAGATI (JobID: 2c88c0ad-2b91-424c-a330-a2921adcc7dc)
 - New and modified: 0

[18/Jul/2023:02:00:39] DELETING PREPAGATI (JobID: 2c88c0ad-2b91-424c-a330-a2921adcc7dc)
 - Deleted: 0

[18/Jul/2023:02:30:08] UPDATING ACCOUNTS (JobID: a88fb6f8-a0dd-45e9-be69-ef9d4b2dc7e0)
 - New and modified: 0

[18/Jul/2023:02:30:08] DELETING ACCOUNTS (JobID: a88fb6f8-a0dd-45e9-be69-ef9d4b2dc7e0)
 - Deleted: 0

[18/Jul/2023:02:30:37] UPDATING PRODUCTS (JobID: 6a3568a5-398d-46df-901d-e05d5906d487)
 - New and modified: 0

[18/Jul/2023:02:30:40] UPDATING PREPAGATI (JobID: d2e9dcb3-450a-49b7-942b-d4b433868b70)
 - New and modified: 0

[18/Jul/2023:02:30:40] DELETING PREPAGATI (JobID: d2e9dcb3-450a-49b7-942b-d4b433868b70)
 - Deleted: 0

[18/Jul/2023:03:00:08] UPDATING ACCOUNTS (JobID: 623e4a3b-1bf3-4380-ad50-54834b0f844e)
 - New and modified: 0

[18/Jul/2023:03:00:08] DELETING ACCOUNTS (JobID: 623e4a3b-1bf3-4380-ad50-54834b0f844e)
 - Deleted: 0

[18/Jul/2023:03:00:40] UPDATING PRODUCTS (JobID: d89e6bf7-5c99-49c1-899f-41932df6e82d)
 - New and modified: 0

[18/Jul/2023:03:00:43] UPDATING PREPAGATI (JobID: 997887b5-3d8a-4ec9-b751-72fad7a6e794)
 - New and modified: 0

[18/Jul/2023:03:00:43] DELETING PREPAGATI (JobID: 997887b5-3d8a-4ec9-b751-72fad7a6e794)
 - Deleted: 0

[18/Jul/2023:03:30:07] UPDATING ACCOUNTS (JobID: a17f06be-ba07-480e-9703-96dd82617044)
 - New and modified: 0

[18/Jul/2023:03:30:07] DELETING ACCOUNTS (JobID: a17f06be-ba07-480e-9703-96dd82617044)
 - Deleted: 0

[18/Jul/2023:03:30:40] UPDATING PRODUCTS (JobID: 56cc4a80-f990-43e4-907d-da695dc02acb)
 - New and modified: 0

[18/Jul/2023:03:30:43] UPDATING PREPAGATI (JobID: a9b5e7e5-548c-49f1-83dd-b93d5c9e79c9)
 - New and modified: 0

[18/Jul/2023:03:30:43] DELETING PREPAGATI (JobID: a9b5e7e5-548c-49f1-83dd-b93d5c9e79c9)
 - Deleted: 0

[18/Jul/2023:04:00:07] UPDATING ACCOUNTS (JobID: 45c74350-c0e7-475e-b4b9-6b7c106535be)
 - New and modified: 0

[18/Jul/2023:04:00:07] DELETING ACCOUNTS (JobID: 45c74350-c0e7-475e-b4b9-6b7c106535be)
 - Deleted: 0

[18/Jul/2023:04:00:41] UPDATING PRODUCTS (JobID: 050379c9-9864-4ea4-aa62-e47f9af85169)
 - New and modified: 0

[18/Jul/2023:04:00:44] UPDATING PREPAGATI (JobID: 4d2416d1-c16e-42fe-aa65-8cb265ccfddc)
 - New and modified: 0

[18/Jul/2023:04:00:44] DELETING PREPAGATI (JobID: 4d2416d1-c16e-42fe-aa65-8cb265ccfddc)
 - Deleted: 0

[18/Jul/2023:04:30:09] UPDATING ACCOUNTS (JobID: 6dd3f5bd-8db9-4c0d-a90e-76bc77e46130)
 - New and modified: 0

[18/Jul/2023:04:30:09] DELETING ACCOUNTS (JobID: 6dd3f5bd-8db9-4c0d-a90e-76bc77e46130)
 - Deleted: 0

[18/Jul/2023:04:30:43] UPDATING PRODUCTS (JobID: 3e89d9d8-a776-4b9c-ba27-f064b7e1fde5)
 - New and modified: 0

[18/Jul/2023:04:30:46] UPDATING PREPAGATI (JobID: 3e95e753-ef3f-48df-9ea6-713ecbb35fc2)
 - New and modified: 0

[18/Jul/2023:04:30:46] DELETING PREPAGATI (JobID: 3e95e753-ef3f-48df-9ea6-713ecbb35fc2)
 - Deleted: 0

[18/Jul/2023:05:00:09] UPDATING ACCOUNTS (JobID: d0a1a8f9-4fcf-4966-9815-92d2e459ee34)
 - New and modified: 0

[18/Jul/2023:05:00:09] DELETING ACCOUNTS (JobID: d0a1a8f9-4fcf-4966-9815-92d2e459ee34)
 - Deleted: 0

[18/Jul/2023:05:00:40] UPDATING PRODUCTS (JobID: b309e7a2-0c86-4fe6-b1f7-7443ecfc4e1c)
 - New and modified: 0

[18/Jul/2023:05:00:43] UPDATING PREPAGATI (JobID: 7b3f75f9-b1ee-45a4-90ac-3479d64b973f)
 - New and modified: 0

[18/Jul/2023:05:00:43] DELETING PREPAGATI (JobID: 7b3f75f9-b1ee-45a4-90ac-3479d64b973f)
 - Deleted: 0

[18/Jul/2023:05:30:08] UPDATING ACCOUNTS (JobID: 560c8756-970f-49db-a409-57598c20332c)
 - New and modified: 0

[18/Jul/2023:05:30:08] DELETING ACCOUNTS (JobID: 560c8756-970f-49db-a409-57598c20332c)
 - Deleted: 0

[18/Jul/2023:05:30:38] UPDATING PRODUCTS (JobID: 07327892-486e-424e-a7e0-b5db3fa2decb)
 - New and modified: 0

[18/Jul/2023:05:30:41] UPDATING PREPAGATI (JobID: 67c2d430-0f81-423a-9900-db27d45ee3a8)
 - New and modified: 0

[18/Jul/2023:05:30:41] DELETING PREPAGATI (JobID: 67c2d430-0f81-423a-9900-db27d45ee3a8)
 - Deleted: 0

[18/Jul/2023:06:00:04] UPDATING ACCOUNTS (JobID: 5183cc4c-db56-43fb-a566-228a9ee834f8)
 - New and modified: 0

[18/Jul/2023:06:00:04] DELETING ACCOUNTS (JobID: 5183cc4c-db56-43fb-a566-228a9ee834f8)
 - Deleted: 0

[18/Jul/2023:06:00:34] UPDATING PRODUCTS (JobID: 54d20f80-c2fe-4676-b1a5-c2adc76746a5)
 - New and modified: 0

[18/Jul/2023:06:00:36] UPDATING PREPAGATI (JobID: bebf6c5e-77a1-4573-b36f-a4e9c749fb4b)
 - New and modified: 0

[18/Jul/2023:06:00:36] DELETING PREPAGATI (JobID: bebf6c5e-77a1-4573-b36f-a4e9c749fb4b)
 - Deleted: 0

[18/Jul/2023:06:30:08] UPDATING ACCOUNTS (JobID: 20dc39f6-1450-44ca-9c37-22deea2d6c45)
 - New and modified: 0

[18/Jul/2023:06:30:08] DELETING ACCOUNTS (JobID: 20dc39f6-1450-44ca-9c37-22deea2d6c45)
 - Deleted: 0

[18/Jul/2023:06:30:40] UPDATING PRODUCTS (JobID: c3ab2e87-a3fc-40f3-8a0b-fcdfd42614b0)
 - New and modified: 0

[18/Jul/2023:06:30:43] UPDATING PREPAGATI (JobID: c3de10be-fce8-48d3-8425-6c220021c99b)
 - New and modified: 0

[18/Jul/2023:06:30:43] DELETING PREPAGATI (JobID: c3de10be-fce8-48d3-8425-6c220021c99b)
 - Deleted: 0

[18/Jul/2023:07:00:17] UPDATING ACCOUNTS (JobID: 399ca90b-e2c9-4983-8ed9-f4e902d353da)
 - New and modified: 0

[18/Jul/2023:07:00:17] DELETING ACCOUNTS (JobID: 399ca90b-e2c9-4983-8ed9-f4e902d353da)
 - Deleted: 0

[18/Jul/2023:07:00:47] UPDATING PRODUCTS (JobID: 0e47c66a-dfa5-4940-b36d-63a720723f92)
 - New and modified: 0

[18/Jul/2023:07:00:48] UPDATING PREPAGATI (JobID: 8c21b93f-710f-4558-8389-fe0e2b897aaa)
 - New and modified: 0

[18/Jul/2023:07:00:48] DELETING PREPAGATI (JobID: 8c21b93f-710f-4558-8389-fe0e2b897aaa)
 - Deleted: 0

[18/Jul/2023:07:30:03] UPDATING ACCOUNTS (JobID: c4f80edf-3241-41bc-9d01-0475046a960d)
 - New and modified: 0

[18/Jul/2023:07:30:03] DELETING ACCOUNTS (JobID: c4f80edf-3241-41bc-9d01-0475046a960d)
 - Deleted: 0

[18/Jul/2023:07:30:35] UPDATING PRODUCTS (JobID: e646b4b5-33bf-49ce-968a-e54c65c37dbf)
 - New and modified: 0

[18/Jul/2023:07:30:37] UPDATING PREPAGATI (JobID: f196c593-cf3c-406f-b7f2-4390ef362e3e)
 - New and modified: 0

[18/Jul/2023:07:30:37] DELETING PREPAGATI (JobID: f196c593-cf3c-406f-b7f2-4390ef362e3e)
 - Deleted: 0

[18/Jul/2023:08:00:04] UPDATING ACCOUNTS (JobID: 99298a61-cbf5-4127-b060-03e27e61df78)
 - New and modified: 0

[18/Jul/2023:08:00:04] DELETING ACCOUNTS (JobID: 99298a61-cbf5-4127-b060-03e27e61df78)
 - Deleted: 0

[18/Jul/2023:08:00:35] UPDATING PRODUCTS (JobID: 6e12b6e7-0152-4ed6-b5a7-e44c4115f12e)
 - New and modified: 0

[18/Jul/2023:08:00:37] UPDATING PREPAGATI (JobID: 95677642-9e2b-432f-8a03-7416991b0fc3)
 - New and modified: 0

[18/Jul/2023:08:00:37] DELETING PREPAGATI (JobID: 95677642-9e2b-432f-8a03-7416991b0fc3)
 - Deleted: 0

[18/Jul/2023:08:30:04] UPDATING ACCOUNTS (JobID: 9d384517-1f32-43b7-807e-6eeb0b2048a3)
 - New and modified: 0

[18/Jul/2023:08:30:04] DELETING ACCOUNTS (JobID: 9d384517-1f32-43b7-807e-6eeb0b2048a3)
 - Deleted: 0

[18/Jul/2023:08:30:33] UPDATING PRODUCTS (JobID: c11ada79-64cd-40cd-acb0-128a92198cdc)
 - New and modified: 0

[18/Jul/2023:08:30:35] UPDATING PREPAGATI (JobID: 57fde23b-d199-4339-b0f8-64eeeb1d1ab5)
 - New and modified: 0

[18/Jul/2023:08:30:35] DELETING PREPAGATI (JobID: 57fde23b-d199-4339-b0f8-64eeeb1d1ab5)
 - Deleted: 0

[18/Jul/2023:09:00:08] UPDATING ACCOUNTS (JobID: f08ade49-e44a-4ff8-8fdc-2c7379d94aa7)
 - New and modified: 0

[18/Jul/2023:09:00:08] DELETING ACCOUNTS (JobID: f08ade49-e44a-4ff8-8fdc-2c7379d94aa7)
 - Deleted: 0

[18/Jul/2023:09:00:37] UPDATING PRODUCTS (JobID: e480ea59-4f5d-4b0e-b54b-8c9bb6daaffe)
 - New and modified: 0

[18/Jul/2023:09:00:40] UPDATING PREPAGATI (JobID: 529baf1b-c6b5-4fa7-a55b-e1940cf6856e)
 - New and modified: 0

[18/Jul/2023:09:00:40] DELETING PREPAGATI (JobID: 529baf1b-c6b5-4fa7-a55b-e1940cf6856e)
 - Deleted: 0

[18/Jul/2023:09:30:08] UPDATING ACCOUNTS (JobID: 3af1597a-0d77-4b6c-aa2c-bdf71cd0b263)
 - New and modified: 0

[18/Jul/2023:09:30:08] DELETING ACCOUNTS (JobID: 3af1597a-0d77-4b6c-aa2c-bdf71cd0b263)
 - Deleted: 0

[18/Jul/2023:09:30:38] UPDATING PRODUCTS (JobID: adf77fad-affb-47cb-a22d-e8c30e0b1b69)
 - New and modified: 0

[18/Jul/2023:09:30:41] UPDATING PREPAGATI (JobID: 8c8c9b0f-f1ae-4e47-8e4c-5e8b93e96ed2)
 - New and modified: 0

[18/Jul/2023:09:30:41] DELETING PREPAGATI (JobID: 8c8c9b0f-f1ae-4e47-8e4c-5e8b93e96ed2)
 - Deleted: 0

[18/Jul/2023:10:00:06] UPDATING ACCOUNTS (JobID: 755ab370-e04a-4725-bf00-17b57578b193)
 - New and modified: 0

[18/Jul/2023:10:00:06] DELETING ACCOUNTS (JobID: 755ab370-e04a-4725-bf00-17b57578b193)
 - Deleted: 0

[18/Jul/2023:10:00:36] UPDATING PRODUCTS (JobID: 2066cb76-9046-430f-9891-6e973ad563d2)
 - New and modified: 0

[18/Jul/2023:10:00:37] UPDATING PREPAGATI (JobID: 4fbc92ab-9220-41bf-964c-ac8cad0bec2d)
 - New and modified: 0

[18/Jul/2023:10:00:38] DELETING PREPAGATI (JobID: 4fbc92ab-9220-41bf-964c-ac8cad0bec2d)
 - Deleted: 0

[18/Jul/2023:10:30:08] UPDATING ACCOUNTS (JobID: add818b8-6760-4fbf-aa7a-9dd948251e04)
 - New and modified: 0

[18/Jul/2023:10:30:08] DELETING ACCOUNTS (JobID: add818b8-6760-4fbf-aa7a-9dd948251e04)
 - Deleted: 0

[18/Jul/2023:10:30:39] UPDATING PRODUCTS (JobID: 2f4e9001-4474-45f1-bca6-3f90015c95b5)
 - New and modified: 0

[18/Jul/2023:10:30:42] UPDATING PREPAGATI (JobID: beb404ed-3a3f-4df9-8ec2-cda44cc5bd50)
 - New and modified: 0

[18/Jul/2023:10:30:42] DELETING PREPAGATI (JobID: beb404ed-3a3f-4df9-8ec2-cda44cc5bd50)
 - Deleted: 0

[18/Jul/2023:11:00:07] UPDATING ACCOUNTS (JobID: e1682437-be6a-491f-b7fc-aaa462f316a6)
 - New and modified: 0

[18/Jul/2023:11:00:07] DELETING ACCOUNTS (JobID: e1682437-be6a-491f-b7fc-aaa462f316a6)
 - Deleted: 0

[18/Jul/2023:11:00:36] UPDATING PRODUCTS (JobID: d4be51eb-4b57-4edc-b6f0-907d90f59932)
 - New and modified: 0

[18/Jul/2023:11:00:39] UPDATING PREPAGATI (JobID: c36c6ffb-1885-4c27-9b30-14a883761010)
 - New and modified: 0

[18/Jul/2023:11:00:39] DELETING PREPAGATI (JobID: c36c6ffb-1885-4c27-9b30-14a883761010)
 - Deleted: 0

[18/Jul/2023:11:30:08] UPDATING ACCOUNTS (JobID: d6c196cd-d9bd-46d0-9d3b-3af9d398afbe)
 - New and modified: 0

[18/Jul/2023:11:30:08] DELETING ACCOUNTS (JobID: d6c196cd-d9bd-46d0-9d3b-3af9d398afbe)
 - Deleted: 0

[18/Jul/2023:11:30:37] UPDATING PRODUCTS (JobID: 9ec4e670-0000-4a2e-bb2c-5a4f784b3448)
 - New and modified: 0

[18/Jul/2023:11:30:40] UPDATING PREPAGATI (JobID: aade639d-f979-46c9-8de0-8223ea927796)
 - New and modified: 0

[18/Jul/2023:11:30:40] DELETING PREPAGATI (JobID: aade639d-f979-46c9-8de0-8223ea927796)
 - Deleted: 0

[18/Jul/2023:12:00:04] UPDATING ACCOUNTS (JobID: 4708b083-949b-41e1-a2d6-44c682094edc)
 - New and modified: 0

[18/Jul/2023:12:00:04] DELETING ACCOUNTS (JobID: 4708b083-949b-41e1-a2d6-44c682094edc)
 - Deleted: 0

[18/Jul/2023:12:00:33] UPDATING PRODUCTS (JobID: 1a8c8e6a-530f-4dfa-8e0f-7e639fc69ec0)
 - New and modified: 0

[18/Jul/2023:12:00:35] UPDATING PREPAGATI (JobID: 913d9986-69a9-46a7-a5a5-abda6a3c76cd)
 - New and modified: 0

[18/Jul/2023:12:00:35] DELETING PREPAGATI (JobID: 913d9986-69a9-46a7-a5a5-abda6a3c76cd)
 - Deleted: 0

[18/Jul/2023:12:30:07] UPDATING ACCOUNTS (JobID: 87cb1cdc-1296-4c2f-8389-0fbe8c1ceb1f)
 - New and modified: 0

[18/Jul/2023:12:30:07] DELETING ACCOUNTS (JobID: 87cb1cdc-1296-4c2f-8389-0fbe8c1ceb1f)
 - Deleted: 0

[18/Jul/2023:12:30:38] UPDATING PRODUCTS (JobID: c19d1743-c957-4df4-861d-d505e41ff2f5)
 - New and modified: 0

[18/Jul/2023:12:30:41] UPDATING PREPAGATI (JobID: ae1952f0-a048-40c2-a552-02789d4ee84c)
 - New and modified: 0

[18/Jul/2023:12:30:41] DELETING PREPAGATI (JobID: ae1952f0-a048-40c2-a552-02789d4ee84c)
 - Deleted: 0

[18/Jul/2023:13:00:04] UPDATING ACCOUNTS (JobID: 801ec9c2-6c97-47cc-ab38-668842ae31ac)
 - New and modified: 0

[18/Jul/2023:13:00:04] DELETING ACCOUNTS (JobID: 801ec9c2-6c97-47cc-ab38-668842ae31ac)
 - Deleted: 0

[18/Jul/2023:13:00:34] UPDATING PRODUCTS (JobID: c900be24-876d-4e7e-be94-62a356f8fea5)
 - New and modified: 0

[18/Jul/2023:13:00:36] UPDATING PREPAGATI (JobID: fa9f581f-d8d7-474d-be3e-22b0758d8dd0)
 - New and modified: 0

[18/Jul/2023:13:00:36] DELETING PREPAGATI (JobID: fa9f581f-d8d7-474d-be3e-22b0758d8dd0)
 - Deleted: 0

[18/Jul/2023:13:30:07] UPDATING ACCOUNTS (JobID: 8bc7da13-f8f5-4942-824e-2b104eb58711)
 - New and modified: 0

[18/Jul/2023:13:30:07] DELETING ACCOUNTS (JobID: 8bc7da13-f8f5-4942-824e-2b104eb58711)
 - Deleted: 0

[18/Jul/2023:13:30:37] UPDATING PRODUCTS (JobID: 7a0d19eb-0797-43c2-805f-550900710855)
 - New and modified: 0

[18/Jul/2023:13:30:40] UPDATING PREPAGATI (JobID: 8bdb4789-31ea-4459-8f00-9b0afd23bd27)
 - New and modified: 0

[18/Jul/2023:13:30:40] DELETING PREPAGATI (JobID: 8bdb4789-31ea-4459-8f00-9b0afd23bd27)
 - Deleted: 0

[18/Jul/2023:14:00:04] UPDATING ACCOUNTS (JobID: bb8a877d-05c9-4637-9819-95e83bdf3d7d)
 - New and modified: 0

[18/Jul/2023:14:00:04] DELETING ACCOUNTS (JobID: bb8a877d-05c9-4637-9819-95e83bdf3d7d)
 - Deleted: 0

[18/Jul/2023:14:00:36] UPDATING PRODUCTS (JobID: 3f7cd5b4-2af7-45e4-bdc4-6fdbd17b5382)
 - New and modified: 0

[18/Jul/2023:14:00:37] UPDATING PREPAGATI (JobID: 70cd17f2-91f1-46bd-8970-5de433cc86aa)
 - New and modified: 0

[18/Jul/2023:14:00:37] DELETING PREPAGATI (JobID: 70cd17f2-91f1-46bd-8970-5de433cc86aa)
 - Deleted: 0

[18/Jul/2023:14:30:03] UPDATING ACCOUNTS (JobID: b3880f0d-0652-4aeb-8bd4-44903ef27889)
 - New and modified: 0

[18/Jul/2023:14:30:03] DELETING ACCOUNTS (JobID: b3880f0d-0652-4aeb-8bd4-44903ef27889)
 - Deleted: 0

[18/Jul/2023:14:30:35] UPDATING PRODUCTS (JobID: e4afd370-6b6d-402e-af6d-c9aa12ac06f0)
 - New and modified: 0

[18/Jul/2023:14:30:36] UPDATING PREPAGATI (JobID: 2e605647-db32-4098-9516-3ec7dc120ee0)
 - New and modified: 0

[18/Jul/2023:14:30:36] DELETING PREPAGATI (JobID: 2e605647-db32-4098-9516-3ec7dc120ee0)
 - Deleted: 0

[18/Jul/2023:15:00:09] UPDATING ACCOUNTS (JobID: 3c8aa2ab-b587-4294-bb6a-73dbb125c586)
 - New and modified: 0

[18/Jul/2023:15:00:09] DELETING ACCOUNTS (JobID: 3c8aa2ab-b587-4294-bb6a-73dbb125c586)
 - Deleted: 0

[18/Jul/2023:15:00:40] UPDATING PRODUCTS (JobID: 95ef98ff-ab7e-4d85-a737-4226c7efb289)
 - New and modified: 0

[18/Jul/2023:15:00:50] UPDATING PREPAGATI (JobID: 2d0279a7-a470-47e8-9492-ba5334ca0bfb)
 - New and modified: 0

[18/Jul/2023:15:00:50] DELETING PREPAGATI (JobID: 2d0279a7-a470-47e8-9492-ba5334ca0bfb)
 - Deleted: 0

[18/Jul/2023:15:30:07] UPDATING ACCOUNTS (JobID: 93538d2c-a978-4ce1-ae4c-d64090015484)
 - New and modified: 0

[18/Jul/2023:15:30:07] DELETING ACCOUNTS (JobID: 93538d2c-a978-4ce1-ae4c-d64090015484)
 - Deleted: 0

[18/Jul/2023:15:30:38] UPDATING PRODUCTS (JobID: 33333e0d-2ff1-4240-81c8-fd8e27a896b2)
 - New and modified: 0

[18/Jul/2023:15:30:41] UPDATING PREPAGATI (JobID: 62e78aa9-87db-4858-b3e5-f6e784f6df1e)
 - New and modified: 0

[18/Jul/2023:15:30:41] DELETING PREPAGATI (JobID: 62e78aa9-87db-4858-b3e5-f6e784f6df1e)
 - Deleted: 0

[18/Jul/2023:16:00:04] UPDATING ACCOUNTS (JobID: 9b9ec937-469f-4300-a4c4-a456c3afa29f)
 - New and modified: 0

[18/Jul/2023:16:00:04] DELETING ACCOUNTS (JobID: 9b9ec937-469f-4300-a4c4-a456c3afa29f)
 - Deleted: 0

[18/Jul/2023:16:00:34] UPDATING PRODUCTS (JobID: 66c3dbfe-bbe1-4370-b7cd-ebdf388df73f)
 - New and modified: 0

[18/Jul/2023:16:00:35] UPDATING PREPAGATI (JobID: 90247182-ab2e-472f-8bbb-f1bbd8957944)
 - New and modified: 0

[18/Jul/2023:16:00:35] DELETING PREPAGATI (JobID: 90247182-ab2e-472f-8bbb-f1bbd8957944)
 - Deleted: 0

[18/Jul/2023:16:30:08] UPDATING ACCOUNTS (JobID: 6ab66ad0-45c4-4245-9cc6-c13f539bc16d)
 - New and modified: 0

[18/Jul/2023:16:30:08] DELETING ACCOUNTS (JobID: 6ab66ad0-45c4-4245-9cc6-c13f539bc16d)
 - Deleted: 0

[18/Jul/2023:16:30:38] UPDATING PRODUCTS (JobID: 3a689a6f-1f8b-4973-afbf-af3a706bf447)
 - New and modified: 0

[18/Jul/2023:16:30:41] UPDATING PREPAGATI (JobID: f8283169-d8e5-4e0c-bafc-9589198ceb05)
 - New and modified: 0

[18/Jul/2023:16:30:42] DELETING PREPAGATI (JobID: f8283169-d8e5-4e0c-bafc-9589198ceb05)
 - Deleted: 0

[18/Jul/2023:17:00:03] UPDATING ACCOUNTS (JobID: d0171311-f129-4e61-ae61-f3284be22bcd)
 - New and modified: 0

[18/Jul/2023:17:00:03] DELETING ACCOUNTS (JobID: d0171311-f129-4e61-ae61-f3284be22bcd)
 - Deleted: 0

[18/Jul/2023:17:00:36] UPDATING PRODUCTS (JobID: c4f83686-b814-4a8b-90ea-4de762ac79d9)
 - New and modified: 0

[18/Jul/2023:17:00:38] UPDATING PREPAGATI (JobID: e1b080d7-6581-462e-b3ec-defd8aa723a1)
 - New and modified: 0

[18/Jul/2023:17:00:38] DELETING PREPAGATI (JobID: e1b080d7-6581-462e-b3ec-defd8aa723a1)
 - Deleted: 0

[18/Jul/2023:17:30:04] UPDATING ACCOUNTS (JobID: 8eecabd0-7a10-40ae-b825-b71cbcd71be3)
 - New and modified: 0

[18/Jul/2023:17:30:04] DELETING ACCOUNTS (JobID: 8eecabd0-7a10-40ae-b825-b71cbcd71be3)
 - Deleted: 0

[18/Jul/2023:17:30:35] UPDATING PRODUCTS (JobID: dffbb7c4-d82f-4336-a978-f8ece6e498c7)
 - New and modified: 0

[18/Jul/2023:17:30:36] UPDATING PREPAGATI (JobID: d7328fca-baf7-4cca-b52f-e63676fb8ee4)
 - New and modified: 0

[18/Jul/2023:17:30:36] DELETING PREPAGATI (JobID: d7328fca-baf7-4cca-b52f-e63676fb8ee4)
 - Deleted: 0

[18/Jul/2023:18:00:09] UPDATING ACCOUNTS (JobID: 23ae5592-e9d1-47f1-ac87-4dedc7d5e729)
 - New and modified: 0

[18/Jul/2023:18:00:09] DELETING ACCOUNTS (JobID: 23ae5592-e9d1-47f1-ac87-4dedc7d5e729)
 - Deleted: 0

[18/Jul/2023:18:00:44] UPDATING PRODUCTS (JobID: 5a79c98d-73df-4e45-b3e9-c9308cd35262)
 - New and modified: 0

[18/Jul/2023:18:00:46] UPDATING PREPAGATI (JobID: 230078d1-9496-4065-b19b-b3ac4fc1af7a)
 - New and modified: 0

[18/Jul/2023:18:00:46] DELETING PREPAGATI (JobID: 230078d1-9496-4065-b19b-b3ac4fc1af7a)
 - Deleted: 0

[18/Jul/2023:18:30:07] UPDATING ACCOUNTS (JobID: 63184e9b-599d-4177-961d-adf4ac9220e3)
 - New and modified: 0

[18/Jul/2023:18:30:07] DELETING ACCOUNTS (JobID: 63184e9b-599d-4177-961d-adf4ac9220e3)
 - Deleted: 0

[18/Jul/2023:18:30:39] UPDATING PRODUCTS (JobID: eaaee9a0-b32e-4d21-baa2-3d4594db29a8)
 - New and modified: 0

[18/Jul/2023:18:30:42] UPDATING PREPAGATI (JobID: 46abfe53-9cf9-4ee7-ac85-6253567141ec)
 - New and modified: 0

[18/Jul/2023:18:30:42] DELETING PREPAGATI (JobID: 46abfe53-9cf9-4ee7-ac85-6253567141ec)
 - Deleted: 0

[18/Jul/2023:19:00:20] UPDATING ACCOUNTS (JobID: e9fde377-a9b4-4862-85b3-938fab6b19b7)
 - New and modified: 0

[18/Jul/2023:19:00:20] DELETING ACCOUNTS (JobID: e9fde377-a9b4-4862-85b3-938fab6b19b7)
 - Deleted: 0

[18/Jul/2023:19:00:52] UPDATING PRODUCTS (JobID: 97b3c6d9-c2c7-432f-a824-8906e66ab8d2)
 - New and modified: 0

[18/Jul/2023:19:00:54] UPDATING PREPAGATI (JobID: 8531baa4-ddf1-49e4-adf8-be9b66e0b819)
 - New and modified: 0

[18/Jul/2023:19:00:54] DELETING PREPAGATI (JobID: 8531baa4-ddf1-49e4-adf8-be9b66e0b819)
 - Deleted: 0

[18/Jul/2023:19:30:03] UPDATING ACCOUNTS (JobID: 91395caa-2aa2-4d5b-99b9-01bf14bd6388)
 - New and modified: 0

[18/Jul/2023:19:30:03] DELETING ACCOUNTS (JobID: 91395caa-2aa2-4d5b-99b9-01bf14bd6388)
 - Deleted: 0

[18/Jul/2023:19:30:34] UPDATING PRODUCTS (JobID: 01a5a632-fddb-473d-95ed-05683fb55dca)
 - New and modified: 0

[18/Jul/2023:19:30:36] UPDATING PREPAGATI (JobID: 00bc329d-82f5-440a-ad50-cb953a7a5aa9)
 - New and modified: 0

[18/Jul/2023:19:30:36] DELETING PREPAGATI (JobID: 00bc329d-82f5-440a-ad50-cb953a7a5aa9)
 - Deleted: 0

[18/Jul/2023:20:00:03] UPDATING ACCOUNTS (JobID: ceb2a102-49f1-4a70-a273-f9ee52ca7ec5)
 - New and modified: 0

[18/Jul/2023:20:00:03] DELETING ACCOUNTS (JobID: ceb2a102-49f1-4a70-a273-f9ee52ca7ec5)
 - Deleted: 0

[18/Jul/2023:20:00:35] UPDATING PRODUCTS (JobID: abb6ee93-6fc1-4500-afd1-3f32d5a2cea5)
 - New and modified: 0

[18/Jul/2023:20:00:37] UPDATING PREPAGATI (JobID: 644cab71-a686-4b6d-9309-ec8865ee7f4b)
 - New and modified: 0

[18/Jul/2023:20:00:37] DELETING PREPAGATI (JobID: 644cab71-a686-4b6d-9309-ec8865ee7f4b)
 - Deleted: 0

[18/Jul/2023:21:00:08] UPDATING ACCOUNTS (JobID: 02e49be1-44f8-4baa-b86c-3651ad18c772)
 - New and modified: 0

[18/Jul/2023:21:00:08] DELETING ACCOUNTS (JobID: 02e49be1-44f8-4baa-b86c-3651ad18c772)
 - Deleted: 0

[18/Jul/2023:21:00:40] UPDATING PRODUCTS (JobID: 9b9138c4-d970-49f1-8fe2-e720eae5a0e5)
 - New and modified: 0

[18/Jul/2023:21:00:43] UPDATING PREPAGATI (JobID: 79211376-7a5b-4602-b1f0-a95045997d5e)
 - New and modified: 0

[18/Jul/2023:21:00:43] DELETING PREPAGATI (JobID: 79211376-7a5b-4602-b1f0-a95045997d5e)
 - Deleted: 0

[18/Jul/2023:21:30:08] UPDATING ACCOUNTS (JobID: 98429525-6aaa-4e57-a995-ac4772eeecb9)
 - New and modified: 0

[18/Jul/2023:21:30:08] DELETING ACCOUNTS (JobID: 98429525-6aaa-4e57-a995-ac4772eeecb9)
 - Deleted: 0

[18/Jul/2023:21:30:39] UPDATING PRODUCTS (JobID: af4067ea-c68a-45c7-8ed4-f263aee699c8)
 - New and modified: 0

[18/Jul/2023:21:30:42] UPDATING PREPAGATI (JobID: 09d9b5b7-d37d-47f6-8eab-2c91b588f9a3)
 - New and modified: 0

[18/Jul/2023:21:30:42] DELETING PREPAGATI (JobID: 09d9b5b7-d37d-47f6-8eab-2c91b588f9a3)
 - Deleted: 0

[18/Jul/2023:22:00:04] UPDATING ACCOUNTS (JobID: 2d3caf8c-580e-446f-91bf-4d2b19f34d95)
 - New and modified: 0

[18/Jul/2023:22:00:04] DELETING ACCOUNTS (JobID: 2d3caf8c-580e-446f-91bf-4d2b19f34d95)
 - Deleted: 0

[18/Jul/2023:22:00:34] UPDATING PRODUCTS (JobID: 7cab06e4-7b97-49b7-a34b-2625c57fe9d3)
 - New and modified: 0

[18/Jul/2023:22:00:36] UPDATING PREPAGATI (JobID: 012d06cb-c406-40a8-8a94-4f4c799b0410)
 - New and modified: 0

[18/Jul/2023:22:00:36] DELETING PREPAGATI (JobID: 012d06cb-c406-40a8-8a94-4f4c799b0410)
 - Deleted: 0

[18/Jul/2023:22:30:09] UPDATING ACCOUNTS (JobID: e37fcede-67ee-47cd-bd01-d17a8dae523d)
 - New and modified: 0

[18/Jul/2023:22:30:09] DELETING ACCOUNTS (JobID: e37fcede-67ee-47cd-bd01-d17a8dae523d)
 - Deleted: 0

[18/Jul/2023:22:30:39] UPDATING PRODUCTS (JobID: c019ab79-4fd7-438e-bd4b-c4e19975a91a)
 - New and modified: 0

[18/Jul/2023:22:30:42] UPDATING PREPAGATI (JobID: d20ab8d9-9cb0-4212-9e9c-9c33110b71f2)
 - New and modified: 0

[18/Jul/2023:22:30:42] DELETING PREPAGATI (JobID: d20ab8d9-9cb0-4212-9e9c-9c33110b71f2)
 - Deleted: 0

[18/Jul/2023:23:00:09] UPDATING ACCOUNTS (JobID: f9b3c648-ad72-472e-ade0-73e2bfb62611)
 - New and modified: 0

[18/Jul/2023:23:00:09] DELETING ACCOUNTS (JobID: f9b3c648-ad72-472e-ade0-73e2bfb62611)
 - Deleted: 0

[18/Jul/2023:23:00:39] UPDATING PRODUCTS (JobID: 2564d54d-d376-42d3-b10d-69e6f39b847e)
 - New and modified: 0

[18/Jul/2023:23:00:41] UPDATING PREPAGATI (JobID: c22062ba-e605-4bf6-a1bc-a35a19d5d3b5)
 - New and modified: 0

[18/Jul/2023:23:00:41] DELETING PREPAGATI (JobID: c22062ba-e605-4bf6-a1bc-a35a19d5d3b5)
 - Deleted: 0

[18/Jul/2023:23:30:07] UPDATING ACCOUNTS (JobID: bd9767f2-8d97-4c7b-8efe-14a1d4246492)
 - New and modified: 0

[18/Jul/2023:23:30:07] DELETING ACCOUNTS (JobID: bd9767f2-8d97-4c7b-8efe-14a1d4246492)
 - Deleted: 0

[18/Jul/2023:23:30:36] UPDATING PRODUCTS (JobID: 6e00367e-e0bc-49a5-8245-3d6e11ece787)
 - New and modified: 0

[18/Jul/2023:23:30:39] UPDATING PREPAGATI (JobID: ba24a2dc-698f-4a2e-a543-48a0de792702)
 - New and modified: 0

[18/Jul/2023:23:30:39] DELETING PREPAGATI (JobID: ba24a2dc-698f-4a2e-a543-48a0de792702)
 - Deleted: 0

