[31/Oct/2023:00:00:07] UPDATING ACCOUNTS (JobID: 370e62b2-6c9f-4840-9b83-c7390edb92f1)
 - New and modified: 0

[31/Oct/2023:00:00:07] DELETING ACCOUNTS (JobID: 370e62b2-6c9f-4840-9b83-c7390edb92f1)
 - Deleted: 0

[31/Oct/2023:00:00:39] UPDATING PRODUCTS (JobID: b8efea92-10d4-4c3e-9c60-9a6a6aa3767d)
 - New and modified: 0

[31/Oct/2023:00:00:42] UPDATING PREPAGATI (JobID: b42c97bf-d835-4d57-b55b-6e0997682655)
 - New and modified: 0

[31/Oct/2023:00:00:42] DELETING PREPAGATI (JobID: b42c97bf-d835-4d57-b55b-6e0997682655)
 - Deleted: 0

[31/Oct/2023:00:30:09] UPDATING ACCOUNTS (JobID: 86218bfb-a482-40ab-afc3-5f8e361815ee)
 - New and modified: 0

[31/Oct/2023:00:30:09] DELETING ACCOUNTS (JobID: 86218bfb-a482-40ab-afc3-5f8e361815ee)
 - Deleted: 0

[31/Oct/2023:00:30:42] UPDATING PRODUCTS (JobID: 9c445534-3daa-4046-8017-1c007a0e8743)
 - New and modified: 0

[31/Oct/2023:00:30:45] UPDATING PREPAGATI (JobID: 5b8286af-0d68-490a-aaa6-aed60efd6b09)
 - New and modified: 0

[31/Oct/2023:00:30:45] DELETING PREPAGATI (JobID: 5b8286af-0d68-490a-aaa6-aed60efd6b09)
 - Deleted: 0

[31/Oct/2023:02:00:05] UPDATING ACCOUNTS (JobID: a003f965-a944-49c3-a51a-d1543f910be0)
 - New and modified: 0

[31/Oct/2023:02:00:05] DELETING ACCOUNTS (JobID: a003f965-a944-49c3-a51a-d1543f910be0)
 - Deleted: 0

[31/Oct/2023:02:00:39] UPDATING PRODUCTS (JobID: d9dd63f4-ba11-4422-8ac5-6b00cde11286)
 - New and modified: 0

[31/Oct/2023:02:00:43] UPDATING PREPAGATI (JobID: 16d59a68-5d31-480c-96cb-7a96cac9f7eb)
 - New and modified: 0

[31/Oct/2023:02:00:43] DELETING PREPAGATI (JobID: 16d59a68-5d31-480c-96cb-7a96cac9f7eb)
 - Deleted: 0

[31/Oct/2023:02:30:04] UPDATING ACCOUNTS (JobID: d8493ab7-7014-4a96-9837-ed42bdbb214d)
 - New and modified: 0

[31/Oct/2023:02:30:04] DELETING ACCOUNTS (JobID: d8493ab7-7014-4a96-9837-ed42bdbb214d)
 - Deleted: 0

[31/Oct/2023:02:30:37] UPDATING PRODUCTS (JobID: 9d62d32a-7be9-40fa-abf3-c6620ac555ba)
 - New and modified: 0

[31/Oct/2023:02:30:39] UPDATING PREPAGATI (JobID: 6e5e3578-59c1-43e2-a9b0-4361c097647b)
 - New and modified: 0

[31/Oct/2023:02:30:39] DELETING PREPAGATI (JobID: 6e5e3578-59c1-43e2-a9b0-4361c097647b)
 - Deleted: 0

[31/Oct/2023:03:00:07] UPDATING ACCOUNTS (JobID: 91a3713f-4a8c-4362-9e45-ae8a7fb454cb)
 - New and modified: 0

[31/Oct/2023:03:00:07] DELETING ACCOUNTS (JobID: 91a3713f-4a8c-4362-9e45-ae8a7fb454cb)
 - Deleted: 0

[31/Oct/2023:03:00:42] UPDATING PRODUCTS (JobID: ea880151-400c-47a3-baff-030744d02edd)
 - New and modified: 0

[31/Oct/2023:03:00:46] UPDATING PREPAGATI (JobID: 0cab8aba-4b63-4d8c-aa66-773660482404)
 - New and modified: 0

[31/Oct/2023:03:00:46] DELETING PREPAGATI (JobID: 0cab8aba-4b63-4d8c-aa66-773660482404)
 - Deleted: 0

[31/Oct/2023:03:30:09] UPDATING ACCOUNTS (JobID: 3425a649-2598-4c74-802a-61681bbb64ad)
 - New and modified: 0

[31/Oct/2023:03:30:09] DELETING ACCOUNTS (JobID: 3425a649-2598-4c74-802a-61681bbb64ad)
 - Deleted: 0

[31/Oct/2023:03:30:40] UPDATING PRODUCTS (JobID: f6e09d34-ac70-4296-a185-f393c0959a16)
 - New and modified: 0

[31/Oct/2023:03:30:44] UPDATING PREPAGATI (JobID: ca1ac60d-3b0b-4f9f-8db6-54eee325b051)
 - New and modified: 0

[31/Oct/2023:03:30:44] DELETING PREPAGATI (JobID: ca1ac60d-3b0b-4f9f-8db6-54eee325b051)
 - Deleted: 0

[31/Oct/2023:04:00:08] UPDATING ACCOUNTS (JobID: 08827137-b3d3-4207-bd0e-2f1e75f2306b)
 - New and modified: 0

[31/Oct/2023:04:00:08] DELETING ACCOUNTS (JobID: 08827137-b3d3-4207-bd0e-2f1e75f2306b)
 - Deleted: 0

[31/Oct/2023:04:00:41] UPDATING PRODUCTS (JobID: 0385be7f-29a1-447d-9f43-2684f35c170f)
 - New and modified: 0

[31/Oct/2023:04:00:44] UPDATING PREPAGATI (JobID: 78f0c253-a808-4e9d-ad1d-825fc240bfff)
 - New and modified: 0

[31/Oct/2023:04:00:44] DELETING PREPAGATI (JobID: 78f0c253-a808-4e9d-ad1d-825fc240bfff)
 - Deleted: 0

[31/Oct/2023:04:30:09] UPDATING ACCOUNTS (JobID: 1db9385f-812b-4661-a4d7-33f67140ea6b)
 - New and modified: 0

[31/Oct/2023:04:30:09] DELETING ACCOUNTS (JobID: 1db9385f-812b-4661-a4d7-33f67140ea6b)
 - Deleted: 0

[31/Oct/2023:04:30:40] UPDATING PRODUCTS (JobID: ebc9585b-f2ff-426e-b7e1-616de8c7b3c3)
 - New and modified: 0

[31/Oct/2023:04:30:43] UPDATING PREPAGATI (JobID: e515d863-8dce-472b-b3f3-4621d5b31b9f)
 - New and modified: 0

[31/Oct/2023:04:30:43] DELETING PREPAGATI (JobID: e515d863-8dce-472b-b3f3-4621d5b31b9f)
 - Deleted: 0

[31/Oct/2023:05:00:05] UPDATING ACCOUNTS (JobID: c3854d78-f3e3-4f55-8872-e4498a3f571a)
 - New and modified: 0

[31/Oct/2023:05:00:05] DELETING ACCOUNTS (JobID: c3854d78-f3e3-4f55-8872-e4498a3f571a)
 - Deleted: 0

[31/Oct/2023:05:00:37] UPDATING PRODUCTS (JobID: 3badc777-a621-4654-9f83-dee1c88fbb43)
 - New and modified: 0

[31/Oct/2023:05:00:39] UPDATING PREPAGATI (JobID: c8893de6-c605-4450-9d84-45f33c1c2cc1)
 - New and modified: 0

[31/Oct/2023:05:00:39] DELETING PREPAGATI (JobID: c8893de6-c605-4450-9d84-45f33c1c2cc1)
 - Deleted: 0

[31/Oct/2023:05:30:03] UPDATING ACCOUNTS (JobID: 2dbc23e1-712d-4dc3-a48e-92736d270e34)
 - New and modified: 0

[31/Oct/2023:05:30:03] DELETING ACCOUNTS (JobID: 2dbc23e1-712d-4dc3-a48e-92736d270e34)
 - Deleted: 0

[31/Oct/2023:05:30:37] UPDATING PRODUCTS (JobID: 15c57d79-7867-45cf-85b0-7ede0687498e)
 - New and modified: 0

[31/Oct/2023:05:30:38] UPDATING PREPAGATI (JobID: 08c0eb04-c452-421d-a692-77983218f1a4)
 - New and modified: 0

[31/Oct/2023:05:30:38] DELETING PREPAGATI (JobID: 08c0eb04-c452-421d-a692-77983218f1a4)
 - Deleted: 0

[31/Oct/2023:06:00:04] UPDATING ACCOUNTS (JobID: 5de5f353-3028-4be4-aa3d-ab2ed0ff8f5b)
 - New and modified: 0

[31/Oct/2023:06:00:04] DELETING ACCOUNTS (JobID: 5de5f353-3028-4be4-aa3d-ab2ed0ff8f5b)
 - Deleted: 0

[31/Oct/2023:06:00:37] UPDATING PRODUCTS (JobID: 09845edb-6109-4dcc-8054-183dd959333d)
 - New and modified: 0

[31/Oct/2023:06:00:39] UPDATING PREPAGATI (JobID: c85390d8-9741-4a24-9208-e6d36bd31ad4)
 - New and modified: 0

[31/Oct/2023:06:00:39] DELETING PREPAGATI (JobID: c85390d8-9741-4a24-9208-e6d36bd31ad4)
 - Deleted: 0

[31/Oct/2023:06:30:09] UPDATING ACCOUNTS (JobID: 8921198e-9c74-4c5c-932c-4b8338ff9321)
 - New and modified: 0

[31/Oct/2023:06:30:09] DELETING ACCOUNTS (JobID: 8921198e-9c74-4c5c-932c-4b8338ff9321)
 - Deleted: 0

[31/Oct/2023:06:30:40] UPDATING PRODUCTS (JobID: 2dcd0762-afc8-4c7c-90f0-cfb05e0404a5)
 - New and modified: 0

[31/Oct/2023:06:30:44] UPDATING PREPAGATI (JobID: 9d05322c-7950-4cfc-b905-a1769b415029)
 - New and modified: 0

[31/Oct/2023:06:30:44] DELETING PREPAGATI (JobID: 9d05322c-7950-4cfc-b905-a1769b415029)
 - Deleted: 0

[31/Oct/2023:07:00:23] UPDATING ACCOUNTS (JobID: 23981741-f3fc-42ae-8a5b-9dfef32003c1)
 - New and modified: 0

[31/Oct/2023:07:00:23] DELETING ACCOUNTS (JobID: 23981741-f3fc-42ae-8a5b-9dfef32003c1)
 - Deleted: 0

[31/Oct/2023:07:00:55] UPDATING PRODUCTS (JobID: 79e60571-2adb-47b5-a5a3-642536018780)
 - New and modified: 0

[31/Oct/2023:07:00:58] UPDATING PREPAGATI (JobID: 349a376e-4cdd-42e2-9952-5a862a15f054)
 - New and modified: 0

[31/Oct/2023:07:00:58] DELETING PREPAGATI (JobID: 349a376e-4cdd-42e2-9952-5a862a15f054)
 - Deleted: 0

[31/Oct/2023:07:30:04] UPDATING ACCOUNTS (JobID: 731a18cf-f2ae-4cf0-9ff0-320d0f5a79d4)
 - New and modified: 0

[31/Oct/2023:07:30:04] DELETING ACCOUNTS (JobID: 731a18cf-f2ae-4cf0-9ff0-320d0f5a79d4)
 - Deleted: 0

[31/Oct/2023:07:30:35] UPDATING PRODUCTS (JobID: 3dfca02c-1d66-4800-94ea-2d0f3cd445e0)
 - New and modified: 0

[31/Oct/2023:07:30:37] UPDATING PREPAGATI (JobID: 75c0372b-d73c-4e3b-af82-45cf2df17784)
 - New and modified: 0

[31/Oct/2023:07:30:37] DELETING PREPAGATI (JobID: 75c0372b-d73c-4e3b-af82-45cf2df17784)
 - Deleted: 0

[31/Oct/2023:08:00:08] UPDATING ACCOUNTS (JobID: b466ffc1-a3e8-4f3f-92e2-90530363a89f)
 - New and modified: 0

[31/Oct/2023:08:00:08] DELETING ACCOUNTS (JobID: b466ffc1-a3e8-4f3f-92e2-90530363a89f)
 - Deleted: 0

[31/Oct/2023:08:00:39] UPDATING PRODUCTS (JobID: 84bf4b13-dcef-4b3d-af30-682131afbab9)
 - New and modified: 0

[31/Oct/2023:08:00:42] UPDATING PREPAGATI (JobID: 3c4e8d09-3499-44f9-a9fd-c68e254c7a9f)
 - New and modified: 0

[31/Oct/2023:08:00:42] DELETING PREPAGATI (JobID: 3c4e8d09-3499-44f9-a9fd-c68e254c7a9f)
 - Deleted: 0

[31/Oct/2023:08:30:09] UPDATING ACCOUNTS (JobID: 273878a9-51c6-4f32-848a-39207bde1fe3)
 - New and modified: 0

[31/Oct/2023:08:30:09] DELETING ACCOUNTS (JobID: 273878a9-51c6-4f32-848a-39207bde1fe3)
 - Deleted: 0

[31/Oct/2023:08:30:42] UPDATING PRODUCTS (JobID: 6a518e47-56af-4770-8c9b-2d1e834d26b5)
 - New and modified: 0

[31/Oct/2023:08:30:45] UPDATING PREPAGATI (JobID: bce4af29-5420-4a31-9007-1711143d00bd)
 - New and modified: 0

[31/Oct/2023:08:30:45] DELETING PREPAGATI (JobID: bce4af29-5420-4a31-9007-1711143d00bd)
 - Deleted: 0

[31/Oct/2023:09:00:04] UPDATING ACCOUNTS (JobID: eff68217-21d3-4539-b1dd-f2824e3cdd85)
 - New and modified: 0

[31/Oct/2023:09:00:04] DELETING ACCOUNTS (JobID: eff68217-21d3-4539-b1dd-f2824e3cdd85)
 - Deleted: 0

[31/Oct/2023:09:00:36] UPDATING PRODUCTS (JobID: 075fda6c-e1c0-43a1-98fa-61baf7bd1a2a)
 - New and modified: 0

[31/Oct/2023:09:00:38] UPDATING PREPAGATI (JobID: 066a3f16-ee91-4aaa-a251-0fd91413a3b4)
 - New and modified: 0

[31/Oct/2023:09:00:38] DELETING PREPAGATI (JobID: 066a3f16-ee91-4aaa-a251-0fd91413a3b4)
 - Deleted: 0

[31/Oct/2023:09:30:04] UPDATING ACCOUNTS (JobID: 60774c18-680e-40e2-b5c2-3c6e77019402)
 - New and modified: 0

[31/Oct/2023:09:30:04] DELETING ACCOUNTS (JobID: 60774c18-680e-40e2-b5c2-3c6e77019402)
 - Deleted: 0

[31/Oct/2023:09:30:37] UPDATING PRODUCTS (JobID: f7c21b59-7d73-44d5-99fe-566810762422)
 - New and modified: 0

[31/Oct/2023:09:30:39] UPDATING PREPAGATI (JobID: a9b2a28b-6b29-4906-8007-44112e66232e)
 - New and modified: 0

[31/Oct/2023:09:30:39] DELETING PREPAGATI (JobID: a9b2a28b-6b29-4906-8007-44112e66232e)
 - Deleted: 0

[31/Oct/2023:11:00:05] UPDATING ACCOUNTS (JobID: 7fd82ee2-d4fc-46ee-94b7-fe5afc87644b)
 - New and modified: 0

[31/Oct/2023:11:00:05] DELETING ACCOUNTS (JobID: 7fd82ee2-d4fc-46ee-94b7-fe5afc87644b)
 - Deleted: 0

[31/Oct/2023:11:00:40] UPDATING PRODUCTS (JobID: 1d3f9dee-244a-4fe0-a0bf-af42244be8e3)
 - New and modified: 0

[31/Oct/2023:11:00:43] UPDATING PREPAGATI (JobID: c827a601-b331-4a0e-931d-b7aac7af11b3)
 - New and modified: 0

[31/Oct/2023:11:00:43] DELETING PREPAGATI (JobID: c827a601-b331-4a0e-931d-b7aac7af11b3)
 - Deleted: 0

[31/Oct/2023:11:30:10] UPDATING ACCOUNTS (JobID: d2af1e5a-df58-4853-a947-40f012523326)
 - New and modified: 0

[31/Oct/2023:11:30:10] DELETING ACCOUNTS (JobID: d2af1e5a-df58-4853-a947-40f012523326)
 - Deleted: 0

[31/Oct/2023:11:30:40] UPDATING PRODUCTS (JobID: f3a322a0-0229-4166-92c4-9e548fbc5dd9)
 - New and modified: 1
   883T7EA

[31/Oct/2023:11:30:43] UPDATING PREPAGATI (JobID: 3d8ac628-fc0c-4e44-9eac-ea5d26df0e88)
 - New and modified: 0

[31/Oct/2023:11:30:43] DELETING PREPAGATI (JobID: 3d8ac628-fc0c-4e44-9eac-ea5d26df0e88)
 - Deleted: 0

[31/Oct/2023:12:00:04] UPDATING ACCOUNTS (JobID: 740a495b-d60f-43dd-a7b0-e5e5a44b976d)
 - New and modified: 0

[31/Oct/2023:12:00:04] DELETING ACCOUNTS (JobID: 740a495b-d60f-43dd-a7b0-e5e5a44b976d)
 - Deleted: 0

[31/Oct/2023:12:00:37] UPDATING PRODUCTS (JobID: 85a9070b-ab9f-4941-b706-07769d7d520e)
 - New and modified: 0

[31/Oct/2023:12:00:39] UPDATING PREPAGATI (JobID: bbeb8667-41ec-4fb4-b22a-cd7815a47470)
 - New and modified: 0

[31/Oct/2023:12:00:39] DELETING PREPAGATI (JobID: bbeb8667-41ec-4fb4-b22a-cd7815a47470)
 - Deleted: 0

[31/Oct/2023:13:00:09] UPDATING ACCOUNTS (JobID: 6a65e7bc-743f-4186-9add-affb4438358c)
 - New and modified: 0

[31/Oct/2023:13:00:09] DELETING ACCOUNTS (JobID: 6a65e7bc-743f-4186-9add-affb4438358c)
 - Deleted: 0

[31/Oct/2023:13:00:42] UPDATING PRODUCTS (JobID: 939a2fd6-a6b8-4e0b-9234-0a2676c3fdaf)
 - New and modified: 0

[31/Oct/2023:13:00:46] UPDATING PREPAGATI (JobID: 2bc679da-babc-42b0-9360-a6f997db518d)
 - New and modified: 0

[31/Oct/2023:13:00:46] DELETING PREPAGATI (JobID: 2bc679da-babc-42b0-9360-a6f997db518d)
 - Deleted: 0

[31/Oct/2023:14:30:04] UPDATING ACCOUNTS (JobID: 8bd7fe69-dbbb-4a3e-9e6f-2c11e616140a)
 - New and modified: 0

[31/Oct/2023:14:30:04] DELETING ACCOUNTS (JobID: 8bd7fe69-dbbb-4a3e-9e6f-2c11e616140a)
 - Deleted: 0

[31/Oct/2023:14:30:37] UPDATING PRODUCTS (JobID: f4c7c0b2-e025-4e3d-9fd6-a7f54dd3bbad)
 - New and modified: 0

[31/Oct/2023:14:30:40] UPDATING PREPAGATI (JobID: 95084dad-cbe1-413e-b152-eed73203658f)
 - New and modified: 0

[31/Oct/2023:14:30:40] DELETING PREPAGATI (JobID: 95084dad-cbe1-413e-b152-eed73203658f)
 - Deleted: 0

[31/Oct/2023:15:30:04] UPDATING ACCOUNTS (JobID: 77275e02-fd13-42ed-a6b0-aac079ffd943)
 - New and modified: 0

[31/Oct/2023:15:30:04] DELETING ACCOUNTS (JobID: 77275e02-fd13-42ed-a6b0-aac079ffd943)
 - Deleted: 0

[31/Oct/2023:15:30:36] UPDATING PRODUCTS (JobID: 596c1d95-9b49-4fed-ab1b-4255dcbff40f)
 - New and modified: 0

[31/Oct/2023:15:30:40] UPDATING PREPAGATI (JobID: 055939f6-66e0-49be-af1d-023e436b0692)
 - New and modified: 1
   0000012049

[31/Oct/2023:15:30:40] DELETING PREPAGATI (JobID: 055939f6-66e0-49be-af1d-023e436b0692)
 - Deleted: 0

[31/Oct/2023:16:30:04] UPDATING ACCOUNTS (JobID: 0d85f43e-8279-45c5-913c-d86a3d6eae58)
 - New and modified: 0

[31/Oct/2023:16:30:04] DELETING ACCOUNTS (JobID: 0d85f43e-8279-45c5-913c-d86a3d6eae58)
 - Deleted: 0

[31/Oct/2023:16:30:35] UPDATING PRODUCTS (JobID: c364cc43-e397-4151-a85b-af74cc2880c7)
 - New and modified: 0

[31/Oct/2023:16:30:37] UPDATING PREPAGATI (JobID: d4629437-df3a-4ed2-a0a9-5a619bf7311b)
 - New and modified: 0

[31/Oct/2023:16:30:37] DELETING PREPAGATI (JobID: d4629437-df3a-4ed2-a0a9-5a619bf7311b)
 - Deleted: 0

[31/Oct/2023:17:00:04] UPDATING ACCOUNTS (JobID: 476f231d-8673-448d-95b5-89c4f9a32a75)
 - New and modified: 0

[31/Oct/2023:17:00:04] DELETING ACCOUNTS (JobID: 476f231d-8673-448d-95b5-89c4f9a32a75)
 - Deleted: 0

[31/Oct/2023:17:00:36] UPDATING PRODUCTS (JobID: 1edb938f-3065-466d-85e6-17d3aac468d8)
 - New and modified: 0

[31/Oct/2023:17:00:38] UPDATING PREPAGATI (JobID: acac862f-2e3f-47bf-89c0-19afc08949de)
 - New and modified: 0

[31/Oct/2023:17:00:38] DELETING PREPAGATI (JobID: acac862f-2e3f-47bf-89c0-19afc08949de)
 - Deleted: 0

[31/Oct/2023:17:30:08] UPDATING ACCOUNTS (JobID: bfa708bc-d688-4058-8e60-c94c3809d1cb)
 - New and modified: 0

[31/Oct/2023:17:30:08] DELETING ACCOUNTS (JobID: bfa708bc-d688-4058-8e60-c94c3809d1cb)
 - Deleted: 0

[31/Oct/2023:17:30:41] UPDATING PRODUCTS (JobID: 3b05b507-2594-4b4f-803c-dcb157a9cfe1)
 - New and modified: 0

[31/Oct/2023:17:30:44] UPDATING PREPAGATI (JobID: 6921ff7a-a40e-4f22-b7ca-62a906b2da59)
 - New and modified: 0

[31/Oct/2023:17:30:44] DELETING PREPAGATI (JobID: 6921ff7a-a40e-4f22-b7ca-62a906b2da59)
 - Deleted: 0

[31/Oct/2023:18:30:04] UPDATING ACCOUNTS (JobID: 7cc54c05-63a6-4db2-9e21-247ebf988105)
 - New and modified: 0

[31/Oct/2023:18:30:04] DELETING ACCOUNTS (JobID: 7cc54c05-63a6-4db2-9e21-247ebf988105)
 - Deleted: 0

[31/Oct/2023:18:30:36] UPDATING PRODUCTS (JobID: 2678607c-bc75-409e-b3ae-56e9c7052edd)
 - New and modified: 0

[31/Oct/2023:18:30:39] UPDATING PREPAGATI (JobID: 196ecb2a-5696-4184-bdc6-0de5f629af0a)
 - New and modified: 0

[31/Oct/2023:18:30:39] DELETING PREPAGATI (JobID: 196ecb2a-5696-4184-bdc6-0de5f629af0a)
 - Deleted: 0

[31/Oct/2023:19:00:30] UPDATING ACCOUNTS (JobID: d2ad20f2-02ec-40b1-804f-02aa854cc09b)
 - New and modified: 0

[31/Oct/2023:19:00:30] DELETING ACCOUNTS (JobID: d2ad20f2-02ec-40b1-804f-02aa854cc09b)
 - Deleted: 0

[31/Oct/2023:19:01:02] UPDATING PRODUCTS (JobID: 6cbff613-fd00-4b4e-aa08-98facccaac43)
 - New and modified: 0

[31/Oct/2023:19:01:05] UPDATING PREPAGATI (JobID: 53be3fff-b8c9-4f25-8ef2-631aa1262edf)
 - New and modified: 0

[31/Oct/2023:19:01:05] DELETING PREPAGATI (JobID: 53be3fff-b8c9-4f25-8ef2-631aa1262edf)
 - Deleted: 0

[31/Oct/2023:20:00:04] UPDATING ACCOUNTS (JobID: 44f17dc4-7cbd-4539-9857-cb564f848261)
 - New and modified: 0

[31/Oct/2023:20:00:04] DELETING ACCOUNTS (JobID: 44f17dc4-7cbd-4539-9857-cb564f848261)
 - Deleted: 0

[31/Oct/2023:20:00:38] UPDATING PRODUCTS (JobID: a23f9beb-c52f-4e5b-964e-692a2d946af8)
 - New and modified: 0

[31/Oct/2023:20:00:41] UPDATING PREPAGATI (JobID: 56b1139e-4476-4238-b607-72f6f152378b)
 - New and modified: 0

[31/Oct/2023:20:00:41] DELETING PREPAGATI (JobID: 56b1139e-4476-4238-b607-72f6f152378b)
 - Deleted: 0

[31/Oct/2023:20:30:08] UPDATING ACCOUNTS (JobID: 08534139-64a9-42dc-9feb-1ef47540a1e3)
 - New and modified: 0

[31/Oct/2023:20:30:08] DELETING ACCOUNTS (JobID: 08534139-64a9-42dc-9feb-1ef47540a1e3)
 - Deleted: 0

[31/Oct/2023:20:30:42] UPDATING PRODUCTS (JobID: 99be29d6-156c-4127-9cb0-3a48a50c1397)
 - New and modified: 0

[31/Oct/2023:20:30:45] UPDATING PREPAGATI (JobID: 0faa5e70-d53f-4dbe-81af-884fa0ae53fb)
 - New and modified: 0

[31/Oct/2023:20:30:45] DELETING PREPAGATI (JobID: 0faa5e70-d53f-4dbe-81af-884fa0ae53fb)
 - Deleted: 0

[31/Oct/2023:21:30:07] UPDATING ACCOUNTS (JobID: f6a75b3d-fd86-40e9-8306-45e5ce08cbcf)
 - New and modified: 0

[31/Oct/2023:21:30:07] DELETING ACCOUNTS (JobID: f6a75b3d-fd86-40e9-8306-45e5ce08cbcf)
 - Deleted: 0

[31/Oct/2023:21:30:41] UPDATING PRODUCTS (JobID: bf94c3d5-3a40-4d20-8882-10f3b00f5aaf)
 - New and modified: 0

[31/Oct/2023:21:30:45] UPDATING PREPAGATI (JobID: 83cfa0b1-8c20-4796-aa48-3abd5be1de79)
 - New and modified: 0

[31/Oct/2023:21:30:45] DELETING PREPAGATI (JobID: 83cfa0b1-8c20-4796-aa48-3abd5be1de79)
 - Deleted: 0

[31/Oct/2023:22:00:04] UPDATING ACCOUNTS (JobID: 99743068-4db2-4b93-b2dd-132056c08611)
 - New and modified: 0

[31/Oct/2023:22:00:04] DELETING ACCOUNTS (JobID: 99743068-4db2-4b93-b2dd-132056c08611)
 - Deleted: 0

[31/Oct/2023:22:00:40] UPDATING PRODUCTS (JobID: fdfa7a69-a979-4cf7-9efd-2bcd776871da)
 - New and modified: 0

[31/Oct/2023:22:00:42] UPDATING PREPAGATI (JobID: 877a5827-a87d-4fb6-906e-c9b81aa8c060)
 - New and modified: 0

[31/Oct/2023:22:00:42] DELETING PREPAGATI (JobID: 877a5827-a87d-4fb6-906e-c9b81aa8c060)
 - Deleted: 0

