[06/Jul/2023:00:00:04] UPDATING ACCOUNTS (JobID: 4928558a-6ce4-4c06-9d5c-bf698c6b52f3)
 - New and modified: 0

[06/Jul/2023:00:00:04] DELETING ACCOUNTS (JobID: 4928558a-6ce4-4c06-9d5c-bf698c6b52f3)
 - Deleted: 0

[06/Jul/2023:00:00:36] UPDATING PRODUCTS (JobID: da2d3865-cc6d-4cf8-932d-3093178eaf88)
 - New and modified: 0

[06/Jul/2023:00:00:38] UPDATING PREPAGATI (JobID: c4207435-f3ed-4e35-847c-29676be9a04b)
 - New and modified: 0

[06/Jul/2023:00:00:38] DELETING PREPAGATI (JobID: c4207435-f3ed-4e35-847c-29676be9a04b)
 - Deleted: 0

[06/Jul/2023:00:10:04] UPDATING ACCOUNTS (JobID: d4d34913-b367-4bf5-afb4-57939b78a3d8)
 - New and modified: 0

[06/Jul/2023:00:10:04] DELETING ACCOUNTS (JobID: d4d34913-b367-4bf5-afb4-57939b78a3d8)
 - Deleted: 0

[06/Jul/2023:00:10:35] UPDATING PRODUCTS (JobID: fbac6be7-df5b-489a-9052-2e00e1f197f1)
 - New and modified: 0

[06/Jul/2023:00:10:37] UPDATING PREPAGATI (JobID: 44aa5a86-cd42-4db2-9e2f-dbf021cdcac4)
 - New and modified: 0

[06/Jul/2023:00:10:37] DELETING PREPAGATI (JobID: 44aa5a86-cd42-4db2-9e2f-dbf021cdcac4)
 - Deleted: 0

[06/Jul/2023:00:20:04] UPDATING ACCOUNTS (JobID: 6d675f59-39f8-4085-a78c-d840e86442af)
 - New and modified: 0

[06/Jul/2023:00:20:04] DELETING ACCOUNTS (JobID: 6d675f59-39f8-4085-a78c-d840e86442af)
 - Deleted: 0

[06/Jul/2023:00:20:35] UPDATING PRODUCTS (JobID: 2b291ef5-7913-4ece-92b2-46a9e528f6a9)
 - New and modified: 0

[06/Jul/2023:00:20:36] UPDATING PREPAGATI (JobID: 1624cece-50fd-4c7f-bca5-1de4396b60e3)
 - New and modified: 0

[06/Jul/2023:00:20:36] DELETING PREPAGATI (JobID: 1624cece-50fd-4c7f-bca5-1de4396b60e3)
 - Deleted: 0

[06/Jul/2023:00:30:04] UPDATING ACCOUNTS (JobID: 40cd0b83-6011-4752-b3d0-7ad34f847d28)
 - New and modified: 0

[06/Jul/2023:00:30:05] DELETING ACCOUNTS (JobID: 40cd0b83-6011-4752-b3d0-7ad34f847d28)
 - Deleted: 0

[06/Jul/2023:00:30:36] UPDATING PRODUCTS (JobID: b9d5b88b-e852-4dd5-af6e-ac5ede8f54a1)
 - New and modified: 0

[06/Jul/2023:00:30:38] UPDATING PREPAGATI (JobID: 3a64fdfc-f4a9-433c-b663-f2654bbcd73e)
 - New and modified: 0

[06/Jul/2023:00:30:38] DELETING PREPAGATI (JobID: 3a64fdfc-f4a9-433c-b663-f2654bbcd73e)
 - Deleted: 0

[06/Jul/2023:00:40:04] UPDATING ACCOUNTS (JobID: e98b54ed-c9ca-4b53-bfcf-04718ccc5012)
 - New and modified: 0

[06/Jul/2023:00:40:04] DELETING ACCOUNTS (JobID: e98b54ed-c9ca-4b53-bfcf-04718ccc5012)
 - Deleted: 0

[06/Jul/2023:00:40:35] UPDATING PRODUCTS (JobID: 79f51560-aa15-4cfd-8dc5-ebfbae9c5619)
 - New and modified: 0

[06/Jul/2023:00:40:37] UPDATING PREPAGATI (JobID: 7426f9ed-a99f-4883-93e0-877f16831f0d)
 - New and modified: 0

[06/Jul/2023:00:40:37] DELETING PREPAGATI (JobID: 7426f9ed-a99f-4883-93e0-877f16831f0d)
 - Deleted: 0

[06/Jul/2023:00:50:03] UPDATING ACCOUNTS (JobID: 76591f2c-d4c7-4434-a07c-4aaf7d3ffae2)
 - New and modified: 0

[06/Jul/2023:00:50:03] DELETING ACCOUNTS (JobID: 76591f2c-d4c7-4434-a07c-4aaf7d3ffae2)
 - Deleted: 0

[06/Jul/2023:00:50:34] UPDATING PRODUCTS (JobID: 6f3be541-c95d-44a7-9bd8-6ef2ea1954d9)
 - New and modified: 0

[06/Jul/2023:00:50:36] UPDATING PREPAGATI (JobID: b165354f-028e-44e6-bed6-fb5e20e65c16)
 - New and modified: 0

[06/Jul/2023:00:50:36] DELETING PREPAGATI (JobID: b165354f-028e-44e6-bed6-fb5e20e65c16)
 - Deleted: 0

[06/Jul/2023:01:00:04] UPDATING ACCOUNTS (JobID: c75dd270-58d8-4225-af91-3c35e2d4212c)
 - New and modified: 0

[06/Jul/2023:01:00:04] DELETING ACCOUNTS (JobID: c75dd270-58d8-4225-af91-3c35e2d4212c)
 - Deleted: 0

[06/Jul/2023:01:00:35] UPDATING PRODUCTS (JobID: eaff41b7-39ce-4f2d-a482-e3c9abc2f37e)
 - New and modified: 0

[06/Jul/2023:01:00:37] UPDATING PREPAGATI (JobID: c7a5d542-ce3f-498c-8b59-befe0a17a15a)
 - New and modified: 0

[06/Jul/2023:01:00:37] DELETING PREPAGATI (JobID: c7a5d542-ce3f-498c-8b59-befe0a17a15a)
 - Deleted: 0

[06/Jul/2023:01:10:05] UPDATING ACCOUNTS (JobID: 87303675-7536-4fba-9ddf-795c5ded2b0f)
 - New and modified: 0

[06/Jul/2023:01:10:05] DELETING ACCOUNTS (JobID: 87303675-7536-4fba-9ddf-795c5ded2b0f)
 - Deleted: 0

[06/Jul/2023:01:10:42] UPDATING PRODUCTS (JobID: fb00f446-8d90-40e5-8e95-ea889329f646)
 - New and modified: 0

[06/Jul/2023:01:10:44] UPDATING PREPAGATI (JobID: c46ed836-d3d2-4b3d-98d5-a736d59fe064)
 - New and modified: 0

[06/Jul/2023:01:10:44] DELETING PREPAGATI (JobID: c46ed836-d3d2-4b3d-98d5-a736d59fe064)
 - Deleted: 0

[06/Jul/2023:01:20:05] UPDATING ACCOUNTS (JobID: 881c4c2e-ef9e-4eb0-9303-a46349ad8525)
 - New and modified: 0

[06/Jul/2023:01:20:05] DELETING ACCOUNTS (JobID: 881c4c2e-ef9e-4eb0-9303-a46349ad8525)
 - Deleted: 0

[06/Jul/2023:01:20:43] UPDATING PRODUCTS (JobID: 58ecb5d6-1e85-48dc-a0cc-f624f12749bb)
 - New and modified: 0

[06/Jul/2023:01:20:45] UPDATING PREPAGATI (JobID: 359ff055-73b5-49b1-b328-ba74bf2412af)
 - New and modified: 0

[06/Jul/2023:01:20:45] DELETING PREPAGATI (JobID: 359ff055-73b5-49b1-b328-ba74bf2412af)
 - Deleted: 0

[06/Jul/2023:01:30:05] UPDATING ACCOUNTS (JobID: a6660944-dcaf-4c2b-87a6-ac233e7839e9)
 - New and modified: 0

[06/Jul/2023:01:30:05] DELETING ACCOUNTS (JobID: a6660944-dcaf-4c2b-87a6-ac233e7839e9)
 - Deleted: 0

[06/Jul/2023:01:30:36] UPDATING PRODUCTS (JobID: f37d7616-f7d4-4926-8d79-e6f5ef74608d)
 - New and modified: 0

[06/Jul/2023:01:30:38] UPDATING PREPAGATI (JobID: a602889e-439e-4e1e-b510-00f3eeb0533b)
 - New and modified: 0

[06/Jul/2023:01:30:38] DELETING PREPAGATI (JobID: a602889e-439e-4e1e-b510-00f3eeb0533b)
 - Deleted: 0

[06/Jul/2023:01:40:04] UPDATING ACCOUNTS (JobID: 2b2e411b-eaf4-423f-8bc5-0553d28999ee)
 - New and modified: 0

[06/Jul/2023:01:40:04] DELETING ACCOUNTS (JobID: 2b2e411b-eaf4-423f-8bc5-0553d28999ee)
 - Deleted: 0

[06/Jul/2023:01:40:41] UPDATING PRODUCTS (JobID: c1e58757-3ec8-4a87-9fc9-8e6ae03e5043)
 - New and modified: 0

[06/Jul/2023:01:40:43] UPDATING PREPAGATI (JobID: 498a4ea6-f908-474a-82dd-647b179b80af)
 - New and modified: 0

[06/Jul/2023:01:40:43] DELETING PREPAGATI (JobID: 498a4ea6-f908-474a-82dd-647b179b80af)
 - Deleted: 0

[06/Jul/2023:01:50:04] UPDATING ACCOUNTS (JobID: dd9c9d29-febe-49ea-9453-169dfec63b33)
 - New and modified: 0

[06/Jul/2023:01:50:04] DELETING ACCOUNTS (JobID: dd9c9d29-febe-49ea-9453-169dfec63b33)
 - Deleted: 0

[06/Jul/2023:01:50:40] UPDATING PRODUCTS (JobID: c6520e32-0dbd-4ebe-9d85-bfd68d099dbf)
 - New and modified: 0

[06/Jul/2023:01:50:42] UPDATING PREPAGATI (JobID: 3e792b6e-5314-4416-96cf-56b24493faf9)
 - New and modified: 0

[06/Jul/2023:01:50:42] DELETING PREPAGATI (JobID: 3e792b6e-5314-4416-96cf-56b24493faf9)
 - Deleted: 0

[06/Jul/2023:02:10:05] UPDATING ACCOUNTS (JobID: bb0fc40c-d366-46d2-aad6-3cdf294cfb51)
 - New and modified: 0

[06/Jul/2023:02:10:05] DELETING ACCOUNTS (JobID: bb0fc40c-d366-46d2-aad6-3cdf294cfb51)
 - Deleted: 0

[06/Jul/2023:02:10:43] UPDATING PRODUCTS (JobID: 37a4a7d6-e396-49b7-a082-24c87b7d6417)
 - New and modified: 0

[06/Jul/2023:02:10:45] UPDATING PREPAGATI (JobID: 602d1827-ceec-42e9-92ca-61900ac911fd)
 - New and modified: 0

[06/Jul/2023:02:10:45] DELETING PREPAGATI (JobID: 602d1827-ceec-42e9-92ca-61900ac911fd)
 - Deleted: 0

[06/Jul/2023:02:20:04] UPDATING ACCOUNTS (JobID: f5f7d5f5-c40a-452e-af08-7a77cd150d59)
 - New and modified: 0

[06/Jul/2023:02:20:04] DELETING ACCOUNTS (JobID: f5f7d5f5-c40a-452e-af08-7a77cd150d59)
 - Deleted: 0

[06/Jul/2023:02:20:40] UPDATING PRODUCTS (JobID: e1992628-f574-4829-90b7-10e80996a34a)
 - New and modified: 0

[06/Jul/2023:02:20:42] UPDATING PREPAGATI (JobID: 94719018-8701-4888-b09e-e2d7451cd613)
 - New and modified: 0

[06/Jul/2023:02:20:42] DELETING PREPAGATI (JobID: 94719018-8701-4888-b09e-e2d7451cd613)
 - Deleted: 0

[06/Jul/2023:02:30:04] UPDATING ACCOUNTS (JobID: 33ef788d-b30a-431b-a4f8-5c919e432311)
 - New and modified: 0

[06/Jul/2023:02:30:04] DELETING ACCOUNTS (JobID: 33ef788d-b30a-431b-a4f8-5c919e432311)
 - Deleted: 0

[06/Jul/2023:02:30:43] UPDATING PRODUCTS (JobID: 51a44145-470b-45df-9f36-944eb18c2dca)
 - New and modified: 0

[06/Jul/2023:02:30:45] UPDATING PREPAGATI (JobID: 101e3f7c-9453-4169-9b29-e0f6d1e495ac)
 - New and modified: 0

[06/Jul/2023:02:30:45] DELETING PREPAGATI (JobID: 101e3f7c-9453-4169-9b29-e0f6d1e495ac)
 - Deleted: 0

[06/Jul/2023:02:40:04] UPDATING ACCOUNTS (JobID: 77060834-88fe-440f-8427-43aa6cdc7dec)
 - New and modified: 0

[06/Jul/2023:02:40:04] DELETING ACCOUNTS (JobID: 77060834-88fe-440f-8427-43aa6cdc7dec)
 - Deleted: 0

[06/Jul/2023:02:40:43] UPDATING PRODUCTS (JobID: 170d94b5-084c-43b4-b5e3-f3a3eeea73f5)
 - New and modified: 0

[06/Jul/2023:02:40:48] UPDATING PREPAGATI (JobID: ac13d768-95da-4ac3-9057-3ebd71ea2d35)
 - New and modified: 0

[06/Jul/2023:02:40:48] DELETING PREPAGATI (JobID: ac13d768-95da-4ac3-9057-3ebd71ea2d35)
 - Deleted: 0

[06/Jul/2023:02:50:04] UPDATING ACCOUNTS (JobID: 263f7bd9-0349-40fc-b9a3-d565bff7984a)
 - New and modified: 0

[06/Jul/2023:02:50:04] DELETING ACCOUNTS (JobID: 263f7bd9-0349-40fc-b9a3-d565bff7984a)
 - Deleted: 0

[06/Jul/2023:02:50:39] UPDATING PRODUCTS (JobID: f01645dd-ce9e-4ba4-82ac-e5f0de950abb)
 - New and modified: 0

[06/Jul/2023:02:50:41] UPDATING PREPAGATI (JobID: fe85f08f-c20d-4fef-a82e-7b92f79e8639)
 - New and modified: 0

[06/Jul/2023:02:50:41] DELETING PREPAGATI (JobID: fe85f08f-c20d-4fef-a82e-7b92f79e8639)
 - Deleted: 0

[06/Jul/2023:03:00:04] UPDATING ACCOUNTS (JobID: 5c06bebb-03b8-4e1e-a3eb-9e5422739dc9)
 - New and modified: 0

[06/Jul/2023:03:00:04] DELETING ACCOUNTS (JobID: 5c06bebb-03b8-4e1e-a3eb-9e5422739dc9)
 - Deleted: 0

[06/Jul/2023:03:00:37] UPDATING PRODUCTS (JobID: 35e74b07-6f6e-40e5-8d7d-5eba0ee73e62)
 - New and modified: 0

[06/Jul/2023:03:00:39] UPDATING PREPAGATI (JobID: c4881d46-b251-4232-9e41-751d9664ceae)
 - New and modified: 0

[06/Jul/2023:03:00:39] DELETING PREPAGATI (JobID: c4881d46-b251-4232-9e41-751d9664ceae)
 - Deleted: 0

[06/Jul/2023:03:10:05] UPDATING ACCOUNTS (JobID: 9890ce35-4b5e-4f6a-95a1-e0aa563cc709)
 - New and modified: 0

[06/Jul/2023:03:10:05] DELETING ACCOUNTS (JobID: 9890ce35-4b5e-4f6a-95a1-e0aa563cc709)
 - Deleted: 0

[06/Jul/2023:03:10:38] UPDATING PRODUCTS (JobID: 7348e194-be22-4a7f-b0fd-a0e08cc6b04d)
 - New and modified: 0

[06/Jul/2023:03:10:40] UPDATING PREPAGATI (JobID: b88202c0-f3f2-4a9a-8d48-9d37464f242a)
 - New and modified: 0

[06/Jul/2023:03:10:40] DELETING PREPAGATI (JobID: b88202c0-f3f2-4a9a-8d48-9d37464f242a)
 - Deleted: 0

[06/Jul/2023:03:20:04] UPDATING ACCOUNTS (JobID: ecc7ca0e-b868-4f0e-81fd-a2aba0bc1510)
 - New and modified: 0

[06/Jul/2023:03:20:04] DELETING ACCOUNTS (JobID: ecc7ca0e-b868-4f0e-81fd-a2aba0bc1510)
 - Deleted: 0

[06/Jul/2023:03:20:38] UPDATING PRODUCTS (JobID: 430a5971-caa7-43bd-8453-beb603085cd5)
 - New and modified: 0

[06/Jul/2023:03:20:40] UPDATING PREPAGATI (JobID: 60ebd9e0-cf3f-4fa0-a47f-c2eb199a5896)
 - New and modified: 0

[06/Jul/2023:03:20:40] DELETING PREPAGATI (JobID: 60ebd9e0-cf3f-4fa0-a47f-c2eb199a5896)
 - Deleted: 0

[06/Jul/2023:03:30:04] UPDATING ACCOUNTS (JobID: c6ea02f6-3279-4730-80d1-b47043795838)
 - New and modified: 0

[06/Jul/2023:03:30:04] DELETING ACCOUNTS (JobID: c6ea02f6-3279-4730-80d1-b47043795838)
 - Deleted: 0

[06/Jul/2023:03:30:37] UPDATING PRODUCTS (JobID: 9c9f9095-ac0c-4594-97b6-f091cbe4f8cc)
 - New and modified: 0

[06/Jul/2023:03:30:39] UPDATING PREPAGATI (JobID: c908c97f-b81f-46da-9f44-e37eed8bdc93)
 - New and modified: 0

[06/Jul/2023:03:30:39] DELETING PREPAGATI (JobID: c908c97f-b81f-46da-9f44-e37eed8bdc93)
 - Deleted: 0

[06/Jul/2023:03:40:04] UPDATING ACCOUNTS (JobID: b619d6cd-27bc-4e24-b05e-f9aa98464225)
 - New and modified: 0

[06/Jul/2023:03:40:04] DELETING ACCOUNTS (JobID: b619d6cd-27bc-4e24-b05e-f9aa98464225)
 - Deleted: 0

[06/Jul/2023:03:40:38] UPDATING PRODUCTS (JobID: 147bdd22-7241-4e09-870f-a2f4d85dc918)
 - New and modified: 0

[06/Jul/2023:03:40:40] UPDATING PREPAGATI (JobID: d0d659f0-6589-4c7d-9bd6-ef7d99f8ffeb)
 - New and modified: 0

[06/Jul/2023:03:40:40] DELETING PREPAGATI (JobID: d0d659f0-6589-4c7d-9bd6-ef7d99f8ffeb)
 - Deleted: 0

[06/Jul/2023:03:50:05] UPDATING ACCOUNTS (JobID: 9d22444a-8fa8-4ee0-aefb-154ac81022b0)
 - New and modified: 0

[06/Jul/2023:03:50:05] DELETING ACCOUNTS (JobID: 9d22444a-8fa8-4ee0-aefb-154ac81022b0)
 - Deleted: 0

[06/Jul/2023:03:50:38] UPDATING PRODUCTS (JobID: 89f12d78-2ca9-455a-a842-6188139a6aed)
 - New and modified: 0

[06/Jul/2023:03:50:41] UPDATING PREPAGATI (JobID: 77cde910-717f-48c8-be30-98fa441302d5)
 - New and modified: 0

[06/Jul/2023:03:50:41] DELETING PREPAGATI (JobID: 77cde910-717f-48c8-be30-98fa441302d5)
 - Deleted: 0

[06/Jul/2023:04:00:05] UPDATING ACCOUNTS (JobID: 481033d9-afa1-4cf2-af7f-eca9c86f119e)
 - New and modified: 0

[06/Jul/2023:04:00:05] DELETING ACCOUNTS (JobID: 481033d9-afa1-4cf2-af7f-eca9c86f119e)
 - Deleted: 0

[06/Jul/2023:04:00:38] UPDATING PRODUCTS (JobID: fad34413-d462-4d50-8a8a-de345ee66eb4)
 - New and modified: 0

[06/Jul/2023:04:00:40] UPDATING PREPAGATI (JobID: c96e5f10-1e9f-4c61-a89a-28d512f2cbb6)
 - New and modified: 0

[06/Jul/2023:04:00:40] DELETING PREPAGATI (JobID: c96e5f10-1e9f-4c61-a89a-28d512f2cbb6)
 - Deleted: 0

[06/Jul/2023:04:10:05] UPDATING ACCOUNTS (JobID: 77386fe9-fb57-4760-9760-fa28256caba9)
 - New and modified: 0

[06/Jul/2023:04:10:05] DELETING ACCOUNTS (JobID: 77386fe9-fb57-4760-9760-fa28256caba9)
 - Deleted: 0

[06/Jul/2023:04:10:42] UPDATING PRODUCTS (JobID: 0417cf09-028a-48f9-ab7c-84db7258a943)
 - New and modified: 0

[06/Jul/2023:04:10:44] UPDATING PREPAGATI (JobID: 7c95e2f6-65c8-462d-939d-7c90581a39e0)
 - New and modified: 0

[06/Jul/2023:04:10:44] DELETING PREPAGATI (JobID: 7c95e2f6-65c8-462d-939d-7c90581a39e0)
 - Deleted: 0

[06/Jul/2023:04:20:04] UPDATING ACCOUNTS (JobID: 3c543e33-1fb9-46ea-9924-47948bdcb543)
 - New and modified: 0

[06/Jul/2023:04:20:04] DELETING ACCOUNTS (JobID: 3c543e33-1fb9-46ea-9924-47948bdcb543)
 - Deleted: 0

[06/Jul/2023:04:20:41] UPDATING PRODUCTS (JobID: 99b4bafd-6dce-4b38-905b-209d0af1df3e)
 - New and modified: 0

[06/Jul/2023:04:20:43] UPDATING PREPAGATI (JobID: 0aec97ba-3e33-43b6-b478-d36981d76732)
 - New and modified: 0

[06/Jul/2023:04:20:43] DELETING PREPAGATI (JobID: 0aec97ba-3e33-43b6-b478-d36981d76732)
 - Deleted: 0

[06/Jul/2023:04:30:05] UPDATING ACCOUNTS (JobID: e8c9b1f5-a523-4810-b1fb-d586ca760d8b)
 - New and modified: 0

[06/Jul/2023:04:30:05] DELETING ACCOUNTS (JobID: e8c9b1f5-a523-4810-b1fb-d586ca760d8b)
 - Deleted: 0

[06/Jul/2023:04:30:41] UPDATING PRODUCTS (JobID: c8958d16-3901-4ad2-8af4-00290771c167)
 - New and modified: 0

[06/Jul/2023:04:30:43] UPDATING PREPAGATI (JobID: f837b8f3-18c7-4a8a-8e01-70325f09db1e)
 - New and modified: 0

[06/Jul/2023:04:30:43] DELETING PREPAGATI (JobID: f837b8f3-18c7-4a8a-8e01-70325f09db1e)
 - Deleted: 0

[06/Jul/2023:04:40:05] UPDATING ACCOUNTS (JobID: 513cd479-4a68-4243-9cc9-0f1b3bb0877a)
 - New and modified: 0

[06/Jul/2023:04:40:05] DELETING ACCOUNTS (JobID: 513cd479-4a68-4243-9cc9-0f1b3bb0877a)
 - Deleted: 0

[06/Jul/2023:04:40:39] UPDATING PRODUCTS (JobID: 63037977-7a28-4b34-a6c0-123d1ec68e16)
 - New and modified: 0

[06/Jul/2023:04:40:41] UPDATING PREPAGATI (JobID: 47f23ce4-6a7c-4505-9873-1bf256084d22)
 - New and modified: 0

[06/Jul/2023:04:40:41] DELETING PREPAGATI (JobID: 47f23ce4-6a7c-4505-9873-1bf256084d22)
 - Deleted: 0

[06/Jul/2023:04:50:04] UPDATING ACCOUNTS (JobID: 267c55ba-d259-4e39-a094-be828c73899b)
 - New and modified: 0

[06/Jul/2023:04:50:04] DELETING ACCOUNTS (JobID: 267c55ba-d259-4e39-a094-be828c73899b)
 - Deleted: 0

[06/Jul/2023:04:50:40] UPDATING PRODUCTS (JobID: a6fe0d0b-2548-47bc-955e-f9385152727e)
 - New and modified: 0

[06/Jul/2023:04:50:42] UPDATING PREPAGATI (JobID: 5d42bdd5-445c-4d2b-ad6b-1f6f13f48692)
 - New and modified: 0

[06/Jul/2023:04:50:42] DELETING PREPAGATI (JobID: 5d42bdd5-445c-4d2b-ad6b-1f6f13f48692)
 - Deleted: 0

[06/Jul/2023:05:00:05] UPDATING ACCOUNTS (JobID: 366c3590-c43a-4db7-bd7c-a748ffd86725)
 - New and modified: 0

[06/Jul/2023:05:00:05] DELETING ACCOUNTS (JobID: 366c3590-c43a-4db7-bd7c-a748ffd86725)
 - Deleted: 0

[06/Jul/2023:05:00:41] UPDATING PRODUCTS (JobID: c8803f8a-0057-4763-b642-60e34da0453a)
 - New and modified: 0

[06/Jul/2023:05:00:43] UPDATING PREPAGATI (JobID: 7306df52-3994-4b1b-af8d-5a225d033737)
 - New and modified: 0

[06/Jul/2023:05:00:43] DELETING PREPAGATI (JobID: 7306df52-3994-4b1b-af8d-5a225d033737)
 - Deleted: 0

[06/Jul/2023:05:10:04] UPDATING ACCOUNTS (JobID: e074cce4-4c33-403b-b1b0-adfb9e948d81)
 - New and modified: 0

[06/Jul/2023:05:10:04] DELETING ACCOUNTS (JobID: e074cce4-4c33-403b-b1b0-adfb9e948d81)
 - Deleted: 0

[06/Jul/2023:05:10:42] UPDATING PRODUCTS (JobID: 67893831-3c76-445c-baa0-67a9cb6ca81b)
 - New and modified: 0

[06/Jul/2023:05:10:44] UPDATING PREPAGATI (JobID: 3d325c83-1811-46b6-aca0-d9693e16dabf)
 - New and modified: 0

[06/Jul/2023:05:10:44] DELETING PREPAGATI (JobID: 3d325c83-1811-46b6-aca0-d9693e16dabf)
 - Deleted: 0

[06/Jul/2023:05:20:04] UPDATING ACCOUNTS (JobID: 0845df50-0697-4512-953b-4e9d147ca576)
 - New and modified: 0

[06/Jul/2023:05:20:04] DELETING ACCOUNTS (JobID: 0845df50-0697-4512-953b-4e9d147ca576)
 - Deleted: 0

[06/Jul/2023:05:20:39] UPDATING PRODUCTS (JobID: 0cf7309c-b0f8-422d-8572-ea7873f0bad5)
 - New and modified: 0

[06/Jul/2023:05:20:40] UPDATING PREPAGATI (JobID: 28028da8-eb0b-4dcf-860d-845f5ebe59f6)
 - New and modified: 0

[06/Jul/2023:05:20:40] DELETING PREPAGATI (JobID: 28028da8-eb0b-4dcf-860d-845f5ebe59f6)
 - Deleted: 0

[06/Jul/2023:05:30:05] UPDATING ACCOUNTS (JobID: e8d09efd-2a0e-4296-a77f-235829a63800)
 - New and modified: 0

[06/Jul/2023:05:30:05] DELETING ACCOUNTS (JobID: e8d09efd-2a0e-4296-a77f-235829a63800)
 - Deleted: 0

[06/Jul/2023:05:30:49] UPDATING PRODUCTS (JobID: 4dc68c34-a2b1-4852-a4ee-4abfeabb07b0)
 - New and modified: 0

[06/Jul/2023:05:30:52] UPDATING PREPAGATI (JobID: ee919ff3-3544-41ec-b2a1-cafee53b83a2)
 - New and modified: 0

[06/Jul/2023:05:30:52] DELETING PREPAGATI (JobID: ee919ff3-3544-41ec-b2a1-cafee53b83a2)
 - Deleted: 0

[06/Jul/2023:05:40:05] UPDATING ACCOUNTS (JobID: d0680a14-4293-4afc-824b-30a2fbdc5ebe)
 - New and modified: 0

[06/Jul/2023:05:40:05] DELETING ACCOUNTS (JobID: d0680a14-4293-4afc-824b-30a2fbdc5ebe)
 - Deleted: 0

[06/Jul/2023:05:40:40] UPDATING PRODUCTS (JobID: 40435835-330a-4228-8276-b6f074426cd3)
 - New and modified: 0

[06/Jul/2023:05:40:42] UPDATING PREPAGATI (JobID: 25a307e2-d924-40c2-8a27-03214b5cc284)
 - New and modified: 0

[06/Jul/2023:05:40:42] DELETING PREPAGATI (JobID: 25a307e2-d924-40c2-8a27-03214b5cc284)
 - Deleted: 0

[06/Jul/2023:05:50:04] UPDATING ACCOUNTS (JobID: ecfdc01d-ac88-4e33-a9df-e470426c25b8)
 - New and modified: 0

[06/Jul/2023:05:50:04] DELETING ACCOUNTS (JobID: ecfdc01d-ac88-4e33-a9df-e470426c25b8)
 - Deleted: 0

[06/Jul/2023:05:50:41] UPDATING PRODUCTS (JobID: 21eeac00-3788-4a1d-86cb-cf723c4036cf)
 - New and modified: 0

[06/Jul/2023:05:50:43] UPDATING PREPAGATI (JobID: e99de8d4-b51b-4484-9b57-bb30f1ce5c7d)
 - New and modified: 0

[06/Jul/2023:05:50:43] DELETING PREPAGATI (JobID: e99de8d4-b51b-4484-9b57-bb30f1ce5c7d)
 - Deleted: 0

[06/Jul/2023:06:00:05] UPDATING ACCOUNTS (JobID: b213c470-fa34-4577-90cd-ddd37da2f2e6)
 - New and modified: 0

[06/Jul/2023:06:00:05] DELETING ACCOUNTS (JobID: b213c470-fa34-4577-90cd-ddd37da2f2e6)
 - Deleted: 0

[06/Jul/2023:06:00:40] UPDATING PRODUCTS (JobID: 35b641b2-eeb5-4790-a616-5f31594448d7)
 - New and modified: 0

[06/Jul/2023:06:00:42] UPDATING PREPAGATI (JobID: 5ceb75f2-8b78-4d6c-ae13-43f6c3f186af)
 - New and modified: 0

[06/Jul/2023:06:00:42] DELETING PREPAGATI (JobID: 5ceb75f2-8b78-4d6c-ae13-43f6c3f186af)
 - Deleted: 0

[06/Jul/2023:06:10:04] UPDATING ACCOUNTS (JobID: fccc03f1-808c-47ea-ba9c-6b7af08774ff)
 - New and modified: 0

[06/Jul/2023:06:10:04] DELETING ACCOUNTS (JobID: fccc03f1-808c-47ea-ba9c-6b7af08774ff)
 - Deleted: 0

[06/Jul/2023:06:10:37] UPDATING PRODUCTS (JobID: 74c3eb6c-5c51-4c7b-8e5e-4b5a5c209d5f)
 - New and modified: 0

[06/Jul/2023:06:10:38] UPDATING PREPAGATI (JobID: 45cdc616-248e-475a-a24e-bbb80dff8265)
 - New and modified: 0

[06/Jul/2023:06:10:38] DELETING PREPAGATI (JobID: 45cdc616-248e-475a-a24e-bbb80dff8265)
 - Deleted: 0

[06/Jul/2023:06:20:04] UPDATING ACCOUNTS (JobID: d65d3442-d0bb-4537-9585-3e44ceae95fe)
 - New and modified: 0

[06/Jul/2023:06:20:04] DELETING ACCOUNTS (JobID: d65d3442-d0bb-4537-9585-3e44ceae95fe)
 - Deleted: 0

[06/Jul/2023:06:20:38] UPDATING PRODUCTS (JobID: b060152e-3595-4bf8-93c3-06132c2f22e9)
 - New and modified: 0

[06/Jul/2023:06:20:40] UPDATING PREPAGATI (JobID: 523ff603-e5b1-4d10-a959-1a8d5f7310cd)
 - New and modified: 0

[06/Jul/2023:06:20:40] DELETING PREPAGATI (JobID: 523ff603-e5b1-4d10-a959-1a8d5f7310cd)
 - Deleted: 0

[06/Jul/2023:06:30:04] UPDATING ACCOUNTS (JobID: b1990800-c2eb-4dde-8669-7f447b2368c0)
 - New and modified: 0

[06/Jul/2023:06:30:04] DELETING ACCOUNTS (JobID: b1990800-c2eb-4dde-8669-7f447b2368c0)
 - Deleted: 0

[06/Jul/2023:06:30:37] UPDATING PRODUCTS (JobID: e3d74935-26ca-4c53-a168-39ed330933f1)
 - New and modified: 0

[06/Jul/2023:06:30:38] UPDATING PREPAGATI (JobID: f6f85113-845c-4428-aed7-741c488a2ecb)
 - New and modified: 0

[06/Jul/2023:06:30:38] DELETING PREPAGATI (JobID: f6f85113-845c-4428-aed7-741c488a2ecb)
 - Deleted: 0

[06/Jul/2023:06:50:04] UPDATING ACCOUNTS (JobID: 0e260527-6549-4514-bd7c-3a24fec63416)
 - New and modified: 0

[06/Jul/2023:06:50:04] DELETING ACCOUNTS (JobID: 0e260527-6549-4514-bd7c-3a24fec63416)
 - Deleted: 0

[06/Jul/2023:06:50:39] UPDATING PRODUCTS (JobID: b5eae37d-2f0d-4012-9ea1-fbdeeba83a02)
 - New and modified: 0

[06/Jul/2023:06:50:41] UPDATING PREPAGATI (JobID: 555f2d28-f1e6-45de-a5b6-e2de5735a4e8)
 - New and modified: 0

[06/Jul/2023:06:50:41] DELETING PREPAGATI (JobID: 555f2d28-f1e6-45de-a5b6-e2de5735a4e8)
 - Deleted: 0

[06/Jul/2023:07:00:16] UPDATING ACCOUNTS (JobID: 990af8a2-720f-4e5a-a1db-c116d455baf9)
 - New and modified: 0

[06/Jul/2023:07:00:16] DELETING ACCOUNTS (JobID: 990af8a2-720f-4e5a-a1db-c116d455baf9)
 - Deleted: 0

[06/Jul/2023:07:00:50] UPDATING PRODUCTS (JobID: cc2751dc-c609-412d-95e5-0e01e25ec6b5)
 - New and modified: 0

[06/Jul/2023:07:00:52] UPDATING PREPAGATI (JobID: bf29b37f-6071-403a-b057-7e5d65fd7eb2)
 - New and modified: 0

[06/Jul/2023:07:00:52] DELETING PREPAGATI (JobID: bf29b37f-6071-403a-b057-7e5d65fd7eb2)
 - Deleted: 0

[06/Jul/2023:07:10:04] UPDATING ACCOUNTS (JobID: 9c10a2fe-4fe9-48b0-9da6-14112a44c6a2)
 - New and modified: 0

[06/Jul/2023:07:10:04] DELETING ACCOUNTS (JobID: 9c10a2fe-4fe9-48b0-9da6-14112a44c6a2)
 - Deleted: 0

[06/Jul/2023:07:10:39] UPDATING PRODUCTS (JobID: c07468f0-91a1-44c5-bf30-84890e0d546c)
 - New and modified: 0

[06/Jul/2023:07:10:40] UPDATING PREPAGATI (JobID: 9d474f32-bdee-463d-bdbd-e13d16519c00)
 - New and modified: 0

[06/Jul/2023:07:10:40] DELETING PREPAGATI (JobID: 9d474f32-bdee-463d-bdbd-e13d16519c00)
 - Deleted: 0

[06/Jul/2023:07:20:05] UPDATING ACCOUNTS (JobID: d3ad22d1-e435-4fd7-afb0-3284b44d82e3)
 - New and modified: 0

[06/Jul/2023:07:20:05] DELETING ACCOUNTS (JobID: d3ad22d1-e435-4fd7-afb0-3284b44d82e3)
 - Deleted: 0

[06/Jul/2023:07:20:41] UPDATING PRODUCTS (JobID: 8f87116d-22dc-4541-807f-f8ca161528a1)
 - New and modified: 0

[06/Jul/2023:07:20:43] UPDATING PREPAGATI (JobID: 1d6da846-36d4-4294-a93c-91999f1d264f)
 - New and modified: 0

[06/Jul/2023:07:20:43] DELETING PREPAGATI (JobID: 1d6da846-36d4-4294-a93c-91999f1d264f)
 - Deleted: 0

[06/Jul/2023:07:30:04] UPDATING ACCOUNTS (JobID: eca79546-117e-4361-8340-858870fe1f61)
 - New and modified: 0

[06/Jul/2023:07:30:04] DELETING ACCOUNTS (JobID: eca79546-117e-4361-8340-858870fe1f61)
 - Deleted: 0

[06/Jul/2023:07:30:41] UPDATING PRODUCTS (JobID: 59844f6f-a551-460c-b419-ef0b864732d6)
 - New and modified: 0

[06/Jul/2023:07:30:44] UPDATING PREPAGATI (JobID: 14153a25-42b6-497e-8ae4-ca86de67e65b)
 - New and modified: 0

[06/Jul/2023:07:30:44] DELETING PREPAGATI (JobID: 14153a25-42b6-497e-8ae4-ca86de67e65b)
 - Deleted: 0

[06/Jul/2023:07:40:05] UPDATING ACCOUNTS (JobID: 83461c33-223f-498c-af6c-e82db4928382)
 - New and modified: 0

[06/Jul/2023:07:40:05] DELETING ACCOUNTS (JobID: 83461c33-223f-498c-af6c-e82db4928382)
 - Deleted: 0

[06/Jul/2023:07:40:39] UPDATING PRODUCTS (JobID: 0a868880-bbcc-462d-9cfe-ef0eda54cc0e)
 - New and modified: 0

[06/Jul/2023:07:40:41] UPDATING PREPAGATI (JobID: dff4b665-a4a3-4c11-bac9-1271c3f84f77)
 - New and modified: 0

[06/Jul/2023:07:40:41] DELETING PREPAGATI (JobID: dff4b665-a4a3-4c11-bac9-1271c3f84f77)
 - Deleted: 0

[06/Jul/2023:07:50:05] UPDATING ACCOUNTS (JobID: 660d0ec7-0458-4d63-a251-7bd41d70139b)
 - New and modified: 0

[06/Jul/2023:07:50:05] DELETING ACCOUNTS (JobID: 660d0ec7-0458-4d63-a251-7bd41d70139b)
 - Deleted: 0

[06/Jul/2023:07:50:42] UPDATING PRODUCTS (JobID: e77129cf-45ec-48fa-aeeb-190931139e6f)
 - New and modified: 0

[06/Jul/2023:07:50:44] UPDATING PREPAGATI (JobID: 54b2958f-cb82-479b-a26e-77836fde7c26)
 - New and modified: 0

[06/Jul/2023:07:50:44] DELETING PREPAGATI (JobID: 54b2958f-cb82-479b-a26e-77836fde7c26)
 - Deleted: 0

[06/Jul/2023:08:00:04] UPDATING ACCOUNTS (JobID: c9e23e15-3c8b-4f4e-a410-f8e065ec9f5b)
 - New and modified: 0

[06/Jul/2023:08:00:04] DELETING ACCOUNTS (JobID: c9e23e15-3c8b-4f4e-a410-f8e065ec9f5b)
 - Deleted: 0

[06/Jul/2023:08:00:43] UPDATING PRODUCTS (JobID: f81d8b9a-2b7b-4768-9a71-7f6057b1c1a3)
 - New and modified: 0

[06/Jul/2023:08:00:45] UPDATING PREPAGATI (JobID: 284cbefc-8adf-4d0e-90d8-6cdb3565d800)
 - New and modified: 0

[06/Jul/2023:08:00:45] DELETING PREPAGATI (JobID: 284cbefc-8adf-4d0e-90d8-6cdb3565d800)
 - Deleted: 0

[06/Jul/2023:08:10:04] UPDATING ACCOUNTS (JobID: 63e74f9a-5a51-41d9-9195-c05969c87033)
 - New and modified: 0

[06/Jul/2023:08:10:04] DELETING ACCOUNTS (JobID: 63e74f9a-5a51-41d9-9195-c05969c87033)
 - Deleted: 0

[06/Jul/2023:08:10:40] UPDATING PRODUCTS (JobID: 2c1ba8d2-1148-4f77-ad9f-d01cc1a39245)
 - New and modified: 0

[06/Jul/2023:08:10:42] UPDATING PREPAGATI (JobID: e0a034f4-dbbb-403d-9ee8-a94f009d6dc1)
 - New and modified: 0

[06/Jul/2023:08:10:42] DELETING PREPAGATI (JobID: e0a034f4-dbbb-403d-9ee8-a94f009d6dc1)
 - Deleted: 0

[06/Jul/2023:08:20:05] UPDATING ACCOUNTS (JobID: e4825446-db44-4631-99d1-d5f27d149327)
 - New and modified: 0

[06/Jul/2023:08:20:05] DELETING ACCOUNTS (JobID: e4825446-db44-4631-99d1-d5f27d149327)
 - Deleted: 0

[06/Jul/2023:08:20:40] UPDATING PRODUCTS (JobID: 267550b2-27cc-4c9d-99a9-beb5264f8e9a)
 - New and modified: 0

[06/Jul/2023:08:20:42] UPDATING PREPAGATI (JobID: b5968b6f-d675-4f26-97e3-fe5ba2e1f15c)
 - New and modified: 0

[06/Jul/2023:08:20:42] DELETING PREPAGATI (JobID: b5968b6f-d675-4f26-97e3-fe5ba2e1f15c)
 - Deleted: 0

[06/Jul/2023:08:30:04] UPDATING ACCOUNTS (JobID: bbd01d5d-ae82-4034-be78-d1dfd6727c66)
 - New and modified: 0

[06/Jul/2023:08:30:04] DELETING ACCOUNTS (JobID: bbd01d5d-ae82-4034-be78-d1dfd6727c66)
 - Deleted: 0

[06/Jul/2023:08:30:39] UPDATING PRODUCTS (JobID: a117bd6f-add4-4daf-9d71-f27ab5fcfab4)
 - New and modified: 0

[06/Jul/2023:08:30:41] UPDATING PREPAGATI (JobID: 83be123a-7bb0-404c-8074-ae70956e4469)
 - New and modified: 0

[06/Jul/2023:08:30:41] DELETING PREPAGATI (JobID: 83be123a-7bb0-404c-8074-ae70956e4469)
 - Deleted: 0

[06/Jul/2023:08:40:04] UPDATING ACCOUNTS (JobID: 705dabfc-d656-47e2-ab9e-1cbdd0d9ac82)
 - New and modified: 0

[06/Jul/2023:08:40:04] DELETING ACCOUNTS (JobID: 705dabfc-d656-47e2-ab9e-1cbdd0d9ac82)
 - Deleted: 0

[06/Jul/2023:08:40:38] UPDATING PRODUCTS (JobID: 91e0fd1d-11cb-4aac-baac-9e05e6f78cb8)
 - New and modified: 0

[06/Jul/2023:08:40:41] UPDATING PREPAGATI (JobID: 946baf23-dcdf-4e63-8035-732e00ccf26c)
 - New and modified: 0

[06/Jul/2023:08:40:41] DELETING PREPAGATI (JobID: 946baf23-dcdf-4e63-8035-732e00ccf26c)
 - Deleted: 0

[06/Jul/2023:08:50:04] UPDATING ACCOUNTS (JobID: 35896d82-1bb4-4a98-bea2-dbf0f4b5bfa2)
 - New and modified: 0

[06/Jul/2023:08:50:04] DELETING ACCOUNTS (JobID: 35896d82-1bb4-4a98-bea2-dbf0f4b5bfa2)
 - Deleted: 0

[06/Jul/2023:08:50:38] UPDATING PRODUCTS (JobID: 989733ad-68d4-4964-84a5-10a49aa0b3a8)
 - New and modified: 0

[06/Jul/2023:08:50:40] UPDATING PREPAGATI (JobID: ee7648b5-b5a8-47ee-a297-d894d7371085)
 - New and modified: 0

[06/Jul/2023:08:50:40] DELETING PREPAGATI (JobID: ee7648b5-b5a8-47ee-a297-d894d7371085)
 - Deleted: 0

[06/Jul/2023:09:00:04] UPDATING ACCOUNTS (JobID: ac809d5c-aa82-460d-ac2e-91ebb8c10344)
 - New and modified: 0

[06/Jul/2023:09:00:04] DELETING ACCOUNTS (JobID: ac809d5c-aa82-460d-ac2e-91ebb8c10344)
 - Deleted: 0

[06/Jul/2023:09:00:39] UPDATING PRODUCTS (JobID: b7c9c89e-2d50-4ee7-81ce-01d9f9deb649)
 - New and modified: 0

[06/Jul/2023:09:00:41] UPDATING PREPAGATI (JobID: 51181b21-a9fe-4723-8f1f-9a5fdf980a17)
 - New and modified: 0

[06/Jul/2023:09:00:41] DELETING PREPAGATI (JobID: 51181b21-a9fe-4723-8f1f-9a5fdf980a17)
 - Deleted: 0

[06/Jul/2023:09:10:04] UPDATING ACCOUNTS (JobID: 95a363a2-5195-4913-b0cb-3b77eeaa6905)
 - New and modified: 0

[06/Jul/2023:09:10:04] DELETING ACCOUNTS (JobID: 95a363a2-5195-4913-b0cb-3b77eeaa6905)
 - Deleted: 0

[06/Jul/2023:09:10:39] UPDATING PRODUCTS (JobID: 700ebef5-fddf-4858-a569-39418033b07b)
 - New and modified: 0

[06/Jul/2023:09:10:41] UPDATING PREPAGATI (JobID: 65b8bfad-04e1-4dfa-8cda-2c95a5908dcf)
 - New and modified: 0

[06/Jul/2023:09:10:41] DELETING PREPAGATI (JobID: 65b8bfad-04e1-4dfa-8cda-2c95a5908dcf)
 - Deleted: 0

[06/Jul/2023:09:20:04] UPDATING ACCOUNTS (JobID: 805998bf-6777-40fb-bc19-6fae10b430f8)
 - New and modified: 0

[06/Jul/2023:09:20:04] DELETING ACCOUNTS (JobID: 805998bf-6777-40fb-bc19-6fae10b430f8)
 - Deleted: 0

[06/Jul/2023:09:20:39] UPDATING PRODUCTS (JobID: e4a6e897-35b8-404b-9296-e61aab0b0e62)
 - New and modified: 0

[06/Jul/2023:09:20:41] UPDATING PREPAGATI (JobID: 182c76f1-5398-4b65-ac2a-0f470bc6d6b2)
 - New and modified: 0

[06/Jul/2023:09:20:41] DELETING PREPAGATI (JobID: 182c76f1-5398-4b65-ac2a-0f470bc6d6b2)
 - Deleted: 0

[06/Jul/2023:09:30:04] UPDATING ACCOUNTS (JobID: 8115db1b-58b1-4155-a076-af09041da0e9)
 - New and modified: 0

[06/Jul/2023:09:30:04] DELETING ACCOUNTS (JobID: 8115db1b-58b1-4155-a076-af09041da0e9)
 - Deleted: 0

[06/Jul/2023:09:30:39] UPDATING PRODUCTS (JobID: aeabf4a3-4ad6-44e1-8f87-b0061b7edb4a)
 - New and modified: 0

[06/Jul/2023:09:30:41] UPDATING PREPAGATI (JobID: 53cc341a-fb74-49a0-9a93-4bde397606ad)
 - New and modified: 0

[06/Jul/2023:09:30:41] DELETING PREPAGATI (JobID: 53cc341a-fb74-49a0-9a93-4bde397606ad)
 - Deleted: 0

[06/Jul/2023:09:40:04] UPDATING ACCOUNTS (JobID: 0b8a279a-72c1-4de9-b894-bfefd64626dc)
 - New and modified: 0

[06/Jul/2023:09:40:04] DELETING ACCOUNTS (JobID: 0b8a279a-72c1-4de9-b894-bfefd64626dc)
 - Deleted: 0

[06/Jul/2023:09:40:37] UPDATING PRODUCTS (JobID: d45dd9af-adbd-4743-b8a0-d9259cf5b0f9)
 - New and modified: 0

[06/Jul/2023:09:40:39] UPDATING PREPAGATI (JobID: 4a336fec-7727-488d-bd59-18b397e1e265)
 - New and modified: 0

[06/Jul/2023:09:40:39] DELETING PREPAGATI (JobID: 4a336fec-7727-488d-bd59-18b397e1e265)
 - Deleted: 0

[06/Jul/2023:09:50:04] UPDATING ACCOUNTS (JobID: f382cc35-916d-44bb-806b-26bb41e7b0b3)
 - New and modified: 0

[06/Jul/2023:09:50:04] DELETING ACCOUNTS (JobID: f382cc35-916d-44bb-806b-26bb41e7b0b3)
 - Deleted: 0

[06/Jul/2023:09:50:37] UPDATING PRODUCTS (JobID: 6cc4f6d5-5ec5-42a3-98e2-40925955cbd0)
 - New and modified: 0

[06/Jul/2023:09:50:39] UPDATING PREPAGATI (JobID: fe228219-7a32-49ea-bea1-bd5b096c013d)
 - New and modified: 0

[06/Jul/2023:09:50:39] DELETING PREPAGATI (JobID: fe228219-7a32-49ea-bea1-bd5b096c013d)
 - Deleted: 0

[06/Jul/2023:10:00:05] UPDATING ACCOUNTS (JobID: b74d5e87-7c7b-4222-bbf8-6bbb65b8eb38)
 - New and modified: 0

[06/Jul/2023:10:00:05] DELETING ACCOUNTS (JobID: b74d5e87-7c7b-4222-bbf8-6bbb65b8eb38)
 - Deleted: 0

[06/Jul/2023:10:00:39] UPDATING PRODUCTS (JobID: 595d0fc4-e731-4b79-9d1e-93a5d63a230c)
 - New and modified: 0

[06/Jul/2023:10:00:40] UPDATING PREPAGATI (JobID: ba5c33d3-2a4f-4e4c-bbc9-24842cc12602)
 - New and modified: 0

[06/Jul/2023:10:00:40] DELETING PREPAGATI (JobID: ba5c33d3-2a4f-4e4c-bbc9-24842cc12602)
 - Deleted: 0

[06/Jul/2023:10:20:05] UPDATING ACCOUNTS (JobID: 81d1bd6f-ea3c-47e0-815e-a863f4663b65)
 - New and modified: 1
   0000216

[06/Jul/2023:10:20:05] DELETING ACCOUNTS (JobID: 81d1bd6f-ea3c-47e0-815e-a863f4663b65)
 - Deleted: 0

[06/Jul/2023:10:20:39] UPDATING PRODUCTS (JobID: 3f584f2a-8e4c-49b4-bcec-5e5c4a65f514)
 - New and modified: 0

[06/Jul/2023:10:20:41] UPDATING PREPAGATI (JobID: 3474b85e-bcde-4bad-a495-4abc881a835a)
 - New and modified: 0

[06/Jul/2023:10:20:41] DELETING PREPAGATI (JobID: 3474b85e-bcde-4bad-a495-4abc881a835a)
 - Deleted: 0

[06/Jul/2023:10:30:04] UPDATING ACCOUNTS (JobID: 95749f81-9150-4150-afaa-a84c3cadb85c)
 - New and modified: 0

[06/Jul/2023:10:30:04] DELETING ACCOUNTS (JobID: 95749f81-9150-4150-afaa-a84c3cadb85c)
 - Deleted: 0

[06/Jul/2023:10:30:37] UPDATING PRODUCTS (JobID: f6c8e928-55c9-49ff-af4a-2489193a0fa0)
 - New and modified: 0

[06/Jul/2023:10:30:39] UPDATING PREPAGATI (JobID: 5b2d8eb4-68ce-420b-b0b1-b8a1411c6a2b)
 - New and modified: 0

[06/Jul/2023:10:30:39] DELETING PREPAGATI (JobID: 5b2d8eb4-68ce-420b-b0b1-b8a1411c6a2b)
 - Deleted: 0

[06/Jul/2023:10:40:04] UPDATING ACCOUNTS (JobID: c7ffb5f0-575d-463b-bdec-eace920b6f8f)
 - New and modified: 0

[06/Jul/2023:10:40:04] DELETING ACCOUNTS (JobID: c7ffb5f0-575d-463b-bdec-eace920b6f8f)
 - Deleted: 0

[06/Jul/2023:10:40:37] UPDATING PRODUCTS (JobID: ac5c7817-c655-4b4a-806a-d3fbc36d2ad9)
 - New and modified: 0

[06/Jul/2023:10:40:39] UPDATING PREPAGATI (JobID: ad50a664-54ae-49e6-8247-98751ba5271d)
 - New and modified: 0

[06/Jul/2023:10:40:39] DELETING PREPAGATI (JobID: ad50a664-54ae-49e6-8247-98751ba5271d)
 - Deleted: 0

[06/Jul/2023:10:50:04] UPDATING ACCOUNTS (JobID: 084da65f-97b5-4867-965e-358f26ff5d51)
 - New and modified: 0

[06/Jul/2023:10:50:04] DELETING ACCOUNTS (JobID: 084da65f-97b5-4867-965e-358f26ff5d51)
 - Deleted: 0

[06/Jul/2023:10:50:37] UPDATING PRODUCTS (JobID: 48e54ade-32f3-46c1-b84a-0b5285eeff2d)
 - New and modified: 0

[06/Jul/2023:10:50:39] UPDATING PREPAGATI (JobID: 6a7b15f2-7e85-438a-ad20-4b9e8ab3ed8b)
 - New and modified: 0

[06/Jul/2023:10:50:39] DELETING PREPAGATI (JobID: 6a7b15f2-7e85-438a-ad20-4b9e8ab3ed8b)
 - Deleted: 0

[06/Jul/2023:11:00:04] UPDATING ACCOUNTS (JobID: e47a137b-a201-4dcb-836b-0355b1d2951f)
 - New and modified: 0

[06/Jul/2023:11:00:04] DELETING ACCOUNTS (JobID: e47a137b-a201-4dcb-836b-0355b1d2951f)
 - Deleted: 0

[06/Jul/2023:11:00:36] UPDATING PRODUCTS (JobID: 22eeda5e-75d3-4abc-92d4-45d32b8bba62)
 - New and modified: 0

[06/Jul/2023:11:00:38] UPDATING PREPAGATI (JobID: 766729f8-a7c3-4dfc-9456-33af2ec75d12)
 - New and modified: 0

[06/Jul/2023:11:00:38] DELETING PREPAGATI (JobID: 766729f8-a7c3-4dfc-9456-33af2ec75d12)
 - Deleted: 0

[06/Jul/2023:11:10:04] UPDATING ACCOUNTS (JobID: 00bc5a81-4bc5-499c-ac49-0c2cfd866e4d)
 - New and modified: 0

[06/Jul/2023:11:10:04] DELETING ACCOUNTS (JobID: 00bc5a81-4bc5-499c-ac49-0c2cfd866e4d)
 - Deleted: 0

[06/Jul/2023:11:10:38] UPDATING PRODUCTS (JobID: 266a7757-58c2-4df4-8ce4-31386ba52bda)
 - New and modified: 0

[06/Jul/2023:11:10:39] UPDATING PREPAGATI (JobID: 2c99aab8-2fcd-437a-8cc1-005e510fadec)
 - New and modified: 0

[06/Jul/2023:11:10:39] DELETING PREPAGATI (JobID: 2c99aab8-2fcd-437a-8cc1-005e510fadec)
 - Deleted: 0

[06/Jul/2023:11:30:04] UPDATING ACCOUNTS (JobID: 34b024d2-5e8f-4a11-88f3-00407d4c1775)
 - New and modified: 0

[06/Jul/2023:11:30:04] DELETING ACCOUNTS (JobID: 34b024d2-5e8f-4a11-88f3-00407d4c1775)
 - Deleted: 0

[06/Jul/2023:11:30:38] UPDATING PRODUCTS (JobID: 2c5f8ba9-ded9-4c34-a9cb-253c8c14d231)
 - New and modified: 0

[06/Jul/2023:11:30:40] UPDATING PREPAGATI (JobID: 979c3203-8ab2-4591-9f4d-1892d5896f26)
 - New and modified: 0

[06/Jul/2023:11:30:40] DELETING PREPAGATI (JobID: 979c3203-8ab2-4591-9f4d-1892d5896f26)
 - Deleted: 0

[06/Jul/2023:11:40:04] UPDATING ACCOUNTS (JobID: 47f55a1c-30e8-44a9-9dac-7934ad72992f)
 - New and modified: 0

[06/Jul/2023:11:40:04] DELETING ACCOUNTS (JobID: 47f55a1c-30e8-44a9-9dac-7934ad72992f)
 - Deleted: 0

[06/Jul/2023:11:40:37] UPDATING PRODUCTS (JobID: d9b728d6-ec97-4eee-a525-721a8fe8716a)
 - New and modified: 0

[06/Jul/2023:11:40:39] UPDATING PREPAGATI (JobID: e1274b2d-a806-47a9-9d14-5e0ee865099e)
 - New and modified: 0

[06/Jul/2023:11:40:39] DELETING PREPAGATI (JobID: e1274b2d-a806-47a9-9d14-5e0ee865099e)
 - Deleted: 0

[06/Jul/2023:11:50:04] UPDATING ACCOUNTS (JobID: 1f4f8a8e-1e20-4d8b-b0a8-c7ea0ed32a94)
 - New and modified: 0

[06/Jul/2023:11:50:04] DELETING ACCOUNTS (JobID: 1f4f8a8e-1e20-4d8b-b0a8-c7ea0ed32a94)
 - Deleted: 0

[06/Jul/2023:11:50:36] UPDATING PRODUCTS (JobID: 32a0c48f-08b5-443d-8ead-914d05fc49e4)
 - New and modified: 0

[06/Jul/2023:11:50:37] UPDATING PREPAGATI (JobID: 9b36b2c2-4f75-4a23-bfd5-c6c8d5f1ba95)
 - New and modified: 0

[06/Jul/2023:11:50:37] DELETING PREPAGATI (JobID: 9b36b2c2-4f75-4a23-bfd5-c6c8d5f1ba95)
 - Deleted: 0

[06/Jul/2023:12:00:04] UPDATING ACCOUNTS (JobID: f0df7b24-91ed-461f-973f-beaca68bdcbb)
 - New and modified: 0

[06/Jul/2023:12:00:04] DELETING ACCOUNTS (JobID: f0df7b24-91ed-461f-973f-beaca68bdcbb)
 - Deleted: 0

[06/Jul/2023:12:00:37] UPDATING PRODUCTS (JobID: d0c5e15c-2636-41bd-a2ec-af6aa3541be6)
 - New and modified: 0

[06/Jul/2023:12:00:39] UPDATING PREPAGATI (JobID: a7c7c40c-e623-4e17-b2c3-037fd8e7b97a)
 - New and modified: 0

[06/Jul/2023:12:00:39] DELETING PREPAGATI (JobID: a7c7c40c-e623-4e17-b2c3-037fd8e7b97a)
 - Deleted: 0

[06/Jul/2023:12:10:04] UPDATING ACCOUNTS (JobID: a4f94399-4d42-4d0d-8c0e-63478ff9ad70)
 - New and modified: 0

[06/Jul/2023:12:10:04] DELETING ACCOUNTS (JobID: a4f94399-4d42-4d0d-8c0e-63478ff9ad70)
 - Deleted: 0

[06/Jul/2023:12:10:37] UPDATING PRODUCTS (JobID: 5868720a-9810-4fd9-bbdb-9977746ed7b2)
 - New and modified: 0

[06/Jul/2023:12:10:39] UPDATING PREPAGATI (JobID: 7f057588-b372-4958-8540-acb44b527cfa)
 - New and modified: 0

[06/Jul/2023:12:10:39] DELETING PREPAGATI (JobID: 7f057588-b372-4958-8540-acb44b527cfa)
 - Deleted: 0

[06/Jul/2023:12:20:04] UPDATING ACCOUNTS (JobID: deab5ad6-8b6f-4ae7-a562-41d046b99c60)
 - New and modified: 0

[06/Jul/2023:12:20:04] DELETING ACCOUNTS (JobID: deab5ad6-8b6f-4ae7-a562-41d046b99c60)
 - Deleted: 0

[06/Jul/2023:12:20:38] UPDATING PRODUCTS (JobID: 7e4f889b-d722-4c7f-a41b-0bdd107fe48c)
 - New and modified: 0

[06/Jul/2023:12:20:40] UPDATING PREPAGATI (JobID: 6551f8e8-8c31-4b6c-9105-df70921fe68f)
 - New and modified: 0

[06/Jul/2023:12:20:40] DELETING PREPAGATI (JobID: 6551f8e8-8c31-4b6c-9105-df70921fe68f)
 - Deleted: 0

[06/Jul/2023:12:30:04] UPDATING ACCOUNTS (JobID: 0c1a999a-61d6-426c-bd33-1a163d2a4e85)
 - New and modified: 0

[06/Jul/2023:12:30:04] DELETING ACCOUNTS (JobID: 0c1a999a-61d6-426c-bd33-1a163d2a4e85)
 - Deleted: 0

[06/Jul/2023:12:30:36] UPDATING PRODUCTS (JobID: 422a53db-031a-4189-adcb-eff563424304)
 - New and modified: 0

[06/Jul/2023:12:30:38] UPDATING PREPAGATI (JobID: 37784996-40ae-49ad-8fe2-90e5c2f578f5)
 - New and modified: 0

[06/Jul/2023:12:30:38] DELETING PREPAGATI (JobID: 37784996-40ae-49ad-8fe2-90e5c2f578f5)
 - Deleted: 0

[06/Jul/2023:12:40:05] UPDATING ACCOUNTS (JobID: 8243fdae-749c-4c97-be2c-5c69fccb3f2c)
 - New and modified: 0

[06/Jul/2023:12:40:05] DELETING ACCOUNTS (JobID: 8243fdae-749c-4c97-be2c-5c69fccb3f2c)
 - Deleted: 0

[06/Jul/2023:12:40:38] UPDATING PRODUCTS (JobID: 4c9d2aec-00e7-4318-8f9f-e85126a91c20)
 - New and modified: 0

[06/Jul/2023:12:40:39] UPDATING PREPAGATI (JobID: 4610e165-2a51-4ada-af46-cdaf603827fe)
 - New and modified: 0

[06/Jul/2023:12:40:39] DELETING PREPAGATI (JobID: 4610e165-2a51-4ada-af46-cdaf603827fe)
 - Deleted: 0

[06/Jul/2023:12:50:04] UPDATING ACCOUNTS (JobID: cf971495-f764-4b3a-980e-e8ce8570ea8d)
 - New and modified: 0

[06/Jul/2023:12:50:04] DELETING ACCOUNTS (JobID: cf971495-f764-4b3a-980e-e8ce8570ea8d)
 - Deleted: 0

[06/Jul/2023:12:50:39] UPDATING PRODUCTS (JobID: cedc42e6-79bb-4928-bb22-756b3e810b2a)
 - New and modified: 0

[06/Jul/2023:12:50:40] UPDATING PREPAGATI (JobID: 5dd2d5c9-1605-4e44-bc10-2ca165d0f598)
 - New and modified: 0

[06/Jul/2023:12:50:40] DELETING PREPAGATI (JobID: 5dd2d5c9-1605-4e44-bc10-2ca165d0f598)
 - Deleted: 0

[06/Jul/2023:13:00:05] UPDATING ACCOUNTS (JobID: bfe66cde-df76-4d5b-9977-73b0b24cf131)
 - New and modified: 0

[06/Jul/2023:13:00:05] DELETING ACCOUNTS (JobID: bfe66cde-df76-4d5b-9977-73b0b24cf131)
 - Deleted: 0

[06/Jul/2023:13:00:57] UPDATING PRODUCTS (JobID: ff919471-4e90-49ee-b78e-f70dc5dcb027)
 - New and modified: 0

[06/Jul/2023:13:00:59] UPDATING PREPAGATI (JobID: cd4e5aa1-fdfd-4812-96fe-7f0f4148ef4e)
 - New and modified: 0

[06/Jul/2023:13:00:59] DELETING PREPAGATI (JobID: cd4e5aa1-fdfd-4812-96fe-7f0f4148ef4e)
 - Deleted: 0

[06/Jul/2023:13:10:04] UPDATING ACCOUNTS (JobID: 7ec28c51-dffd-4041-91ea-00c55f56599f)
 - New and modified: 0

[06/Jul/2023:13:10:04] DELETING ACCOUNTS (JobID: 7ec28c51-dffd-4041-91ea-00c55f56599f)
 - Deleted: 0

[06/Jul/2023:13:10:38] UPDATING PRODUCTS (JobID: 88203d22-f576-4df0-ac57-0e2bd9d4cf0b)
 - New and modified: 0

[06/Jul/2023:13:10:40] UPDATING PREPAGATI (JobID: 0ca6af58-3614-46ac-835c-e77c730b3a39)
 - New and modified: 0

[06/Jul/2023:13:10:40] DELETING PREPAGATI (JobID: 0ca6af58-3614-46ac-835c-e77c730b3a39)
 - Deleted: 0

[06/Jul/2023:13:20:04] UPDATING ACCOUNTS (JobID: 07817dd2-be57-448d-bcca-8e607ff598fd)
 - New and modified: 0

[06/Jul/2023:13:20:04] DELETING ACCOUNTS (JobID: 07817dd2-be57-448d-bcca-8e607ff598fd)
 - Deleted: 0

[06/Jul/2023:13:20:38] UPDATING PRODUCTS (JobID: 74fbe556-af85-4a15-a1b5-84c79a9e30de)
 - New and modified: 0

[06/Jul/2023:13:20:39] UPDATING PREPAGATI (JobID: 3a108441-6aa8-43e5-bbd6-e1af37072bde)
 - New and modified: 0

[06/Jul/2023:13:20:39] DELETING PREPAGATI (JobID: 3a108441-6aa8-43e5-bbd6-e1af37072bde)
 - Deleted: 0

[06/Jul/2023:13:30:04] UPDATING ACCOUNTS (JobID: b72f1822-4ef9-4413-a0b9-c3ba7c62b8a6)
 - New and modified: 0

[06/Jul/2023:13:30:04] DELETING ACCOUNTS (JobID: b72f1822-4ef9-4413-a0b9-c3ba7c62b8a6)
 - Deleted: 0

[06/Jul/2023:13:30:37] UPDATING PRODUCTS (JobID: 5e34fcd3-423a-446c-8534-41a5f02a317c)
 - New and modified: 0

[06/Jul/2023:13:30:38] UPDATING PREPAGATI (JobID: b2adacc3-a4f2-46ee-8935-de0942270a93)
 - New and modified: 0

[06/Jul/2023:13:30:38] DELETING PREPAGATI (JobID: b2adacc3-a4f2-46ee-8935-de0942270a93)
 - Deleted: 0

[06/Jul/2023:13:40:04] UPDATING ACCOUNTS (JobID: 8345f6f2-47ed-4f31-8bf3-15907d60e182)
 - New and modified: 0

[06/Jul/2023:13:40:04] DELETING ACCOUNTS (JobID: 8345f6f2-47ed-4f31-8bf3-15907d60e182)
 - Deleted: 0

[06/Jul/2023:13:40:38] UPDATING PRODUCTS (JobID: 3b33f226-3cde-4759-87b3-4af31f4e475f)
 - New and modified: 0

[06/Jul/2023:13:40:40] UPDATING PREPAGATI (JobID: c33db55f-ad13-491d-8894-68396a9882cd)
 - New and modified: 0

[06/Jul/2023:13:40:40] DELETING PREPAGATI (JobID: c33db55f-ad13-491d-8894-68396a9882cd)
 - Deleted: 0

[06/Jul/2023:13:50:04] UPDATING ACCOUNTS (JobID: 649af768-0233-45a6-a27b-e19e624416df)
 - New and modified: 0

[06/Jul/2023:13:50:04] DELETING ACCOUNTS (JobID: 649af768-0233-45a6-a27b-e19e624416df)
 - Deleted: 0

[06/Jul/2023:13:50:37] UPDATING PRODUCTS (JobID: de5ded99-082b-48eb-ac9a-4880ba1f1922)
 - New and modified: 0

[06/Jul/2023:13:50:39] UPDATING PREPAGATI (JobID: a437cade-aa49-4da1-81e4-31ca5e236116)
 - New and modified: 0

[06/Jul/2023:13:50:39] DELETING PREPAGATI (JobID: a437cade-aa49-4da1-81e4-31ca5e236116)
 - Deleted: 0

[06/Jul/2023:14:00:04] UPDATING ACCOUNTS (JobID: ecb91ff6-59b7-444b-972b-eb4677798def)
 - New and modified: 0

[06/Jul/2023:14:00:04] DELETING ACCOUNTS (JobID: ecb91ff6-59b7-444b-972b-eb4677798def)
 - Deleted: 0

[06/Jul/2023:14:00:39] UPDATING PRODUCTS (JobID: 0548e1dd-4fae-4949-affd-79ee5380dc02)
 - New and modified: 0

[06/Jul/2023:14:00:42] UPDATING PREPAGATI (JobID: d6183a59-63af-4a80-b27e-818246a782b2)
 - New and modified: 0

[06/Jul/2023:14:00:42] DELETING PREPAGATI (JobID: d6183a59-63af-4a80-b27e-818246a782b2)
 - Deleted: 0

[06/Jul/2023:14:10:04] UPDATING ACCOUNTS (JobID: 649dcf8a-67aa-4d7b-9a01-cfede7e853f2)
 - New and modified: 0

[06/Jul/2023:14:10:04] DELETING ACCOUNTS (JobID: 649dcf8a-67aa-4d7b-9a01-cfede7e853f2)
 - Deleted: 0

[06/Jul/2023:14:10:38] UPDATING PRODUCTS (JobID: 7fa0c76a-ddd2-435f-8354-e81deb384f0d)
 - New and modified: 0

[06/Jul/2023:14:10:40] UPDATING PREPAGATI (JobID: cb57241e-fd41-4df5-80ee-ff9286e4f9cf)
 - New and modified: 0

[06/Jul/2023:14:10:40] DELETING PREPAGATI (JobID: cb57241e-fd41-4df5-80ee-ff9286e4f9cf)
 - Deleted: 0

[06/Jul/2023:14:20:04] UPDATING ACCOUNTS (JobID: ccb30690-a44a-4c99-a308-ede279e881d9)
 - New and modified: 0

[06/Jul/2023:14:20:04] DELETING ACCOUNTS (JobID: ccb30690-a44a-4c99-a308-ede279e881d9)
 - Deleted: 0

[06/Jul/2023:14:20:36] UPDATING PRODUCTS (JobID: 9d143691-a58a-4803-acf5-073a64704ff2)
 - New and modified: 0

[06/Jul/2023:14:20:38] UPDATING PREPAGATI (JobID: c6209518-94f9-4039-b339-c449f2af7d36)
 - New and modified: 0

[06/Jul/2023:14:20:38] DELETING PREPAGATI (JobID: c6209518-94f9-4039-b339-c449f2af7d36)
 - Deleted: 0

[06/Jul/2023:14:30:05] UPDATING ACCOUNTS (JobID: 73c9381d-014a-41e4-8e6e-f440a3d60575)
 - New and modified: 0

[06/Jul/2023:14:30:05] DELETING ACCOUNTS (JobID: 73c9381d-014a-41e4-8e6e-f440a3d60575)
 - Deleted: 0

[06/Jul/2023:14:30:41] UPDATING PRODUCTS (JobID: efc1ffe8-0cb2-4163-8e69-9e5506ccbcb0)
 - New and modified: 0

[06/Jul/2023:14:30:42] UPDATING PREPAGATI (JobID: 420c3aad-1f65-4bdc-9c6c-6228226f030d)
 - New and modified: 0

[06/Jul/2023:14:30:42] DELETING PREPAGATI (JobID: 420c3aad-1f65-4bdc-9c6c-6228226f030d)
 - Deleted: 0

[06/Jul/2023:14:40:04] UPDATING ACCOUNTS (JobID: 4bbef74a-f5fa-4c9c-8d27-a042257e080e)
 - New and modified: 0

[06/Jul/2023:14:40:04] DELETING ACCOUNTS (JobID: 4bbef74a-f5fa-4c9c-8d27-a042257e080e)
 - Deleted: 0

[06/Jul/2023:14:40:36] UPDATING PRODUCTS (JobID: 099b8837-9c88-4d65-a9a8-2c8eccbda14b)
 - New and modified: 0

[06/Jul/2023:14:40:38] UPDATING PREPAGATI (JobID: 08832d83-beac-4661-8396-f07ca7ccde39)
 - New and modified: 0

[06/Jul/2023:14:40:38] DELETING PREPAGATI (JobID: 08832d83-beac-4661-8396-f07ca7ccde39)
 - Deleted: 0

[06/Jul/2023:14:50:04] UPDATING ACCOUNTS (JobID: 7c554225-293e-4a35-baa9-af7237571168)
 - New and modified: 0

[06/Jul/2023:14:50:04] DELETING ACCOUNTS (JobID: 7c554225-293e-4a35-baa9-af7237571168)
 - Deleted: 0

[06/Jul/2023:14:50:38] UPDATING PRODUCTS (JobID: 09ad6d01-95fb-4dd0-9884-9e37dc3ef589)
 - New and modified: 0

[06/Jul/2023:14:50:40] UPDATING PREPAGATI (JobID: 63c1c4b4-4516-4d44-a254-74a89f188762)
 - New and modified: 0

[06/Jul/2023:14:50:40] DELETING PREPAGATI (JobID: 63c1c4b4-4516-4d44-a254-74a89f188762)
 - Deleted: 0

[06/Jul/2023:15:00:04] UPDATING ACCOUNTS (JobID: b695910a-9841-450b-8f54-8812be8bc990)
 - New and modified: 0

[06/Jul/2023:15:00:04] DELETING ACCOUNTS (JobID: b695910a-9841-450b-8f54-8812be8bc990)
 - Deleted: 0

[06/Jul/2023:15:00:39] UPDATING PRODUCTS (JobID: c3d78373-d6b8-4b2b-9392-fa6dd1b73966)
 - New and modified: 0

[06/Jul/2023:15:00:40] UPDATING PREPAGATI (JobID: 744180f8-d62f-45ca-a229-3da62f2f651d)
 - New and modified: 0

[06/Jul/2023:15:00:40] DELETING PREPAGATI (JobID: 744180f8-d62f-45ca-a229-3da62f2f651d)
 - Deleted: 0

[06/Jul/2023:15:10:04] UPDATING ACCOUNTS (JobID: 25df4ae8-5fd1-4449-8cf0-d56bf607a3de)
 - New and modified: 0

[06/Jul/2023:15:10:04] DELETING ACCOUNTS (JobID: 25df4ae8-5fd1-4449-8cf0-d56bf607a3de)
 - Deleted: 0

[06/Jul/2023:15:10:38] UPDATING PRODUCTS (JobID: 25f58a57-a94b-48c4-8296-14deb33e442f)
 - New and modified: 0

[06/Jul/2023:15:10:40] UPDATING PREPAGATI (JobID: 9ea33364-51c1-4802-b7cf-8d42bee832ec)
 - New and modified: 0

[06/Jul/2023:15:10:40] DELETING PREPAGATI (JobID: 9ea33364-51c1-4802-b7cf-8d42bee832ec)
 - Deleted: 0

[06/Jul/2023:15:20:04] UPDATING ACCOUNTS (JobID: 0c26cbb9-d131-4523-8d5a-d06a1e6c8d57)
 - New and modified: 0

[06/Jul/2023:15:20:04] DELETING ACCOUNTS (JobID: 0c26cbb9-d131-4523-8d5a-d06a1e6c8d57)
 - Deleted: 0

[06/Jul/2023:15:20:38] UPDATING PRODUCTS (JobID: c88df964-5163-4584-b7b1-2d28eadcbe25)
 - New and modified: 0

[06/Jul/2023:15:20:40] UPDATING PREPAGATI (JobID: 67afcc3a-1305-4011-ba71-537784708ae5)
 - New and modified: 0

[06/Jul/2023:15:20:40] DELETING PREPAGATI (JobID: 67afcc3a-1305-4011-ba71-537784708ae5)
 - Deleted: 0

[06/Jul/2023:15:30:04] UPDATING ACCOUNTS (JobID: 5a5f5f6c-834a-4378-a67f-ef865bbc4a2d)
 - New and modified: 0

[06/Jul/2023:15:30:04] DELETING ACCOUNTS (JobID: 5a5f5f6c-834a-4378-a67f-ef865bbc4a2d)
 - Deleted: 0

[06/Jul/2023:15:30:35] UPDATING PRODUCTS (JobID: bb06f5b6-9dbc-4fbf-9d5e-cc2396b9cd6d)
 - New and modified: 0

[06/Jul/2023:15:30:37] UPDATING PREPAGATI (JobID: 118cf690-0165-45bf-816a-20778ea91a09)
 - New and modified: 0

[06/Jul/2023:15:30:37] DELETING PREPAGATI (JobID: 118cf690-0165-45bf-816a-20778ea91a09)
 - Deleted: 0

[06/Jul/2023:15:40:04] UPDATING ACCOUNTS (JobID: 362d6eeb-8fda-4a74-b447-9e365b65791c)
 - New and modified: 0

[06/Jul/2023:15:40:04] DELETING ACCOUNTS (JobID: 362d6eeb-8fda-4a74-b447-9e365b65791c)
 - Deleted: 0

[06/Jul/2023:15:40:35] UPDATING PRODUCTS (JobID: 037ca90c-294c-4e9f-9acc-09ec1f2ec1e0)
 - New and modified: 0

[06/Jul/2023:15:40:36] UPDATING PREPAGATI (JobID: f41affe9-ae0a-435d-aebd-e885443407dd)
 - New and modified: 0

[06/Jul/2023:15:40:36] DELETING PREPAGATI (JobID: f41affe9-ae0a-435d-aebd-e885443407dd)
 - Deleted: 0

[06/Jul/2023:15:50:04] UPDATING ACCOUNTS (JobID: 836ad522-a04e-4d79-8122-474f75ba80bd)
 - New and modified: 0

[06/Jul/2023:15:50:04] DELETING ACCOUNTS (JobID: 836ad522-a04e-4d79-8122-474f75ba80bd)
 - Deleted: 0

[06/Jul/2023:15:50:34] UPDATING PRODUCTS (JobID: 1396ffd5-f9e2-4594-9526-bcdca47153c7)
 - New and modified: 0

[06/Jul/2023:15:50:36] UPDATING PREPAGATI (JobID: 192bab25-1a11-4d06-a712-4ff5bec1d6d8)
 - New and modified: 0

[06/Jul/2023:15:50:36] DELETING PREPAGATI (JobID: 192bab25-1a11-4d06-a712-4ff5bec1d6d8)
 - Deleted: 0

[06/Jul/2023:16:10:04] UPDATING ACCOUNTS (JobID: 6b1d9f8a-8f0f-4417-b78a-2a077162dc25)
 - New and modified: 0

[06/Jul/2023:16:10:04] DELETING ACCOUNTS (JobID: 6b1d9f8a-8f0f-4417-b78a-2a077162dc25)
 - Deleted: 0

[06/Jul/2023:16:10:38] UPDATING PRODUCTS (JobID: 6cafef38-3445-48c2-b9e5-89d78c5b04b6)
 - New and modified: 0

[06/Jul/2023:16:10:40] UPDATING PREPAGATI (JobID: f38dd018-b24a-480d-8ece-c59ea2d7379b)
 - New and modified: 0

[06/Jul/2023:16:10:40] DELETING PREPAGATI (JobID: f38dd018-b24a-480d-8ece-c59ea2d7379b)
 - Deleted: 0

[06/Jul/2023:16:20:04] UPDATING ACCOUNTS (JobID: 8f4b14f7-ee44-40ec-b91a-7015e0fe1125)
 - New and modified: 0

[06/Jul/2023:16:20:04] DELETING ACCOUNTS (JobID: 8f4b14f7-ee44-40ec-b91a-7015e0fe1125)
 - Deleted: 0

[06/Jul/2023:16:20:36] UPDATING PRODUCTS (JobID: 6cc7110e-f5dd-43de-8ebe-0d885f2f15ef)
 - New and modified: 0

[06/Jul/2023:16:20:38] UPDATING PREPAGATI (JobID: 55076da0-c670-4903-83fa-24d6cd70be35)
 - New and modified: 0

[06/Jul/2023:16:20:38] DELETING PREPAGATI (JobID: 55076da0-c670-4903-83fa-24d6cd70be35)
 - Deleted: 0

[06/Jul/2023:16:30:04] UPDATING ACCOUNTS (JobID: b41f1da4-e572-424b-b2c0-feeab5a2c6cd)
 - New and modified: 0

[06/Jul/2023:16:30:04] DELETING ACCOUNTS (JobID: b41f1da4-e572-424b-b2c0-feeab5a2c6cd)
 - Deleted: 0

[06/Jul/2023:16:30:36] UPDATING PRODUCTS (JobID: 07039929-402f-4c11-9de1-7879877545a0)
 - New and modified: 0

[06/Jul/2023:16:30:38] UPDATING PREPAGATI (JobID: cbf8d4c1-ca72-4908-80a5-6ee11e40b3b2)
 - New and modified: 0

[06/Jul/2023:16:30:38] DELETING PREPAGATI (JobID: cbf8d4c1-ca72-4908-80a5-6ee11e40b3b2)
 - Deleted: 0

[06/Jul/2023:16:40:04] UPDATING ACCOUNTS (JobID: bda1567b-46dd-4776-bb7a-cdf3da98aad4)
 - New and modified: 0

[06/Jul/2023:16:40:04] DELETING ACCOUNTS (JobID: bda1567b-46dd-4776-bb7a-cdf3da98aad4)
 - Deleted: 0

[06/Jul/2023:16:40:36] UPDATING PRODUCTS (JobID: f37b9d4e-a87d-4af2-8a28-bb96b79057f7)
 - New and modified: 0

[06/Jul/2023:16:40:37] UPDATING PREPAGATI (JobID: 651f0038-f13c-4585-905a-bdbde1d119e6)
 - New and modified: 0

[06/Jul/2023:16:40:37] DELETING PREPAGATI (JobID: 651f0038-f13c-4585-905a-bdbde1d119e6)
 - Deleted: 0

[06/Jul/2023:16:50:04] UPDATING ACCOUNTS (JobID: c7a4fa9d-6c56-4aee-8d34-83f40fbfd647)
 - New and modified: 0

[06/Jul/2023:16:50:04] DELETING ACCOUNTS (JobID: c7a4fa9d-6c56-4aee-8d34-83f40fbfd647)
 - Deleted: 0

[06/Jul/2023:16:50:36] UPDATING PRODUCTS (JobID: 86f4d0ab-8cba-4bd4-a1fa-567d05041b8e)
 - New and modified: 0

[06/Jul/2023:16:50:37] UPDATING PREPAGATI (JobID: 74ddb588-b37f-4674-ab63-8b3c59269b25)
 - New and modified: 0

[06/Jul/2023:16:50:37] DELETING PREPAGATI (JobID: 74ddb588-b37f-4674-ab63-8b3c59269b25)
 - Deleted: 0

[06/Jul/2023:17:00:04] UPDATING ACCOUNTS (JobID: b4feda97-b81b-451e-bff2-b8a7a2c85b97)
 - New and modified: 0

[06/Jul/2023:17:00:04] DELETING ACCOUNTS (JobID: b4feda97-b81b-451e-bff2-b8a7a2c85b97)
 - Deleted: 0

[06/Jul/2023:17:00:36] UPDATING PRODUCTS (JobID: a579b51d-0f2d-4c21-a1b0-25d86879ee8d)
 - New and modified: 0

[06/Jul/2023:17:00:38] UPDATING PREPAGATI (JobID: 4c1156bd-d034-4630-91ff-617c9d1c28d8)
 - New and modified: 0

[06/Jul/2023:17:00:38] DELETING PREPAGATI (JobID: 4c1156bd-d034-4630-91ff-617c9d1c28d8)
 - Deleted: 0

[06/Jul/2023:17:10:03] UPDATING ACCOUNTS (JobID: acf36537-e42e-442e-b217-ed983f73f08b)
 - New and modified: 0

[06/Jul/2023:17:10:03] DELETING ACCOUNTS (JobID: acf36537-e42e-442e-b217-ed983f73f08b)
 - Deleted: 0

[06/Jul/2023:17:10:35] UPDATING PRODUCTS (JobID: 41ac9bf7-8626-49c0-9a1b-47cb246af14e)
 - New and modified: 0

[06/Jul/2023:17:10:37] UPDATING PREPAGATI (JobID: 74148574-d5b8-4585-a825-f582c0c5ee8a)
 - New and modified: 0

[06/Jul/2023:17:10:37] DELETING PREPAGATI (JobID: 74148574-d5b8-4585-a825-f582c0c5ee8a)
 - Deleted: 0

[06/Jul/2023:17:20:04] UPDATING ACCOUNTS (JobID: cce6424d-aadd-460c-9eca-883811ed85a1)
 - New and modified: 0

[06/Jul/2023:17:20:04] DELETING ACCOUNTS (JobID: cce6424d-aadd-460c-9eca-883811ed85a1)
 - Deleted: 0

[06/Jul/2023:17:20:35] UPDATING PRODUCTS (JobID: 91af1c4e-f7b5-4135-9e71-2da69efbb5b0)
 - New and modified: 0

[06/Jul/2023:17:20:37] UPDATING PREPAGATI (JobID: 25ef3eaa-fdaf-46da-b8d7-bed186faddc3)
 - New and modified: 0

[06/Jul/2023:17:20:37] DELETING PREPAGATI (JobID: 25ef3eaa-fdaf-46da-b8d7-bed186faddc3)
 - Deleted: 0

[06/Jul/2023:17:30:04] UPDATING ACCOUNTS (JobID: d7a67cfe-f768-43b7-80ac-5fa1bb4a04a7)
 - New and modified: 0

[06/Jul/2023:17:30:04] DELETING ACCOUNTS (JobID: d7a67cfe-f768-43b7-80ac-5fa1bb4a04a7)
 - Deleted: 0

[06/Jul/2023:17:30:35] UPDATING PRODUCTS (JobID: fa9b2280-267d-424c-b808-cb433a9e8d9e)
 - New and modified: 0

[06/Jul/2023:17:30:37] UPDATING PREPAGATI (JobID: 1df1cad1-b82d-40c3-b1e2-e6814f4c0b20)
 - New and modified: 0

[06/Jul/2023:17:30:37] DELETING PREPAGATI (JobID: 1df1cad1-b82d-40c3-b1e2-e6814f4c0b20)
 - Deleted: 0

[06/Jul/2023:17:40:04] UPDATING ACCOUNTS (JobID: 0be0fa29-0f9e-47fa-a9b3-e47ade3bf9d2)
 - New and modified: 0

[06/Jul/2023:17:40:04] DELETING ACCOUNTS (JobID: 0be0fa29-0f9e-47fa-a9b3-e47ade3bf9d2)
 - Deleted: 0

[06/Jul/2023:17:40:35] UPDATING PRODUCTS (JobID: e0190d39-31aa-4f32-abb7-c7ae6bfcb1f3)
 - New and modified: 0

[06/Jul/2023:17:40:37] UPDATING PREPAGATI (JobID: a6d43482-2394-4ab4-a7fa-5bd5379d0b66)
 - New and modified: 0

[06/Jul/2023:17:40:37] DELETING PREPAGATI (JobID: a6d43482-2394-4ab4-a7fa-5bd5379d0b66)
 - Deleted: 0

[06/Jul/2023:17:50:04] UPDATING ACCOUNTS (JobID: b027e805-8c9b-405e-b69f-ecbfcc95b599)
 - New and modified: 0

[06/Jul/2023:17:50:04] DELETING ACCOUNTS (JobID: b027e805-8c9b-405e-b69f-ecbfcc95b599)
 - Deleted: 0

[06/Jul/2023:17:50:37] UPDATING PRODUCTS (JobID: 2a04983f-0632-415c-89bd-ac835a307ea5)
 - New and modified: 0

[06/Jul/2023:17:50:39] UPDATING PREPAGATI (JobID: 4172df05-33b7-47dc-87ef-19e4890a3e26)
 - New and modified: 0

[06/Jul/2023:17:50:39] DELETING PREPAGATI (JobID: 4172df05-33b7-47dc-87ef-19e4890a3e26)
 - Deleted: 0

[06/Jul/2023:18:00:10] UPDATING ACCOUNTS (JobID: 8f24a79d-2d13-419d-919b-ec0e9bccbfba)
 - New and modified: 0

[06/Jul/2023:18:00:10] DELETING ACCOUNTS (JobID: 8f24a79d-2d13-419d-919b-ec0e9bccbfba)
 - Deleted: 0

[06/Jul/2023:18:00:50] UPDATING PRODUCTS (JobID: 6024aff8-145d-4d18-a6fa-15c2adfeebc4)
 - New and modified: 0

[06/Jul/2023:18:00:52] UPDATING PREPAGATI (JobID: 907da222-2a4c-46ad-9f04-d337926e19dd)
 - New and modified: 0

[06/Jul/2023:18:00:52] DELETING PREPAGATI (JobID: 907da222-2a4c-46ad-9f04-d337926e19dd)
 - Deleted: 0

[06/Jul/2023:18:10:04] UPDATING ACCOUNTS (JobID: 48fc5690-ef22-4788-96a8-c9f3c73a11ea)
 - New and modified: 0

[06/Jul/2023:18:10:04] DELETING ACCOUNTS (JobID: 48fc5690-ef22-4788-96a8-c9f3c73a11ea)
 - Deleted: 0

[06/Jul/2023:18:10:37] UPDATING PRODUCTS (JobID: 747674a2-c35a-4dda-a8e3-389297aee298)
 - New and modified: 0

[06/Jul/2023:18:10:39] UPDATING PREPAGATI (JobID: 1437f280-3363-4d12-a6a6-a81d56da1f7c)
 - New and modified: 0

[06/Jul/2023:18:10:39] DELETING PREPAGATI (JobID: 1437f280-3363-4d12-a6a6-a81d56da1f7c)
 - Deleted: 0

[06/Jul/2023:18:20:04] UPDATING ACCOUNTS (JobID: 6109eb25-abcf-4caa-98b0-e8ee9c10e1eb)
 - New and modified: 0

[06/Jul/2023:18:20:04] DELETING ACCOUNTS (JobID: 6109eb25-abcf-4caa-98b0-e8ee9c10e1eb)
 - Deleted: 0

[06/Jul/2023:18:20:38] UPDATING PRODUCTS (JobID: 5a25691e-3b84-4135-b024-886ecb586983)
 - New and modified: 0

[06/Jul/2023:18:20:39] UPDATING PREPAGATI (JobID: f07570d9-6849-4945-b26c-1c9448c68fc9)
 - New and modified: 0

[06/Jul/2023:18:20:39] DELETING PREPAGATI (JobID: f07570d9-6849-4945-b26c-1c9448c68fc9)
 - Deleted: 0

[06/Jul/2023:18:30:04] UPDATING ACCOUNTS (JobID: b51224bb-aa23-41e0-8972-f8f706eb194c)
 - New and modified: 0

[06/Jul/2023:18:30:04] DELETING ACCOUNTS (JobID: b51224bb-aa23-41e0-8972-f8f706eb194c)
 - Deleted: 0

[06/Jul/2023:18:30:36] UPDATING PRODUCTS (JobID: c9dcb512-067a-40eb-96b0-6567abc211e1)
 - New and modified: 0

[06/Jul/2023:18:30:38] UPDATING PREPAGATI (JobID: 15d78114-7e8b-4e97-b0cc-5936c6e4bdfb)
 - New and modified: 0

[06/Jul/2023:18:30:38] DELETING PREPAGATI (JobID: 15d78114-7e8b-4e97-b0cc-5936c6e4bdfb)
 - Deleted: 0

[06/Jul/2023:18:40:04] UPDATING ACCOUNTS (JobID: 9e960bfa-fe98-4b95-a487-1dd604940f27)
 - New and modified: 0

[06/Jul/2023:18:40:04] DELETING ACCOUNTS (JobID: 9e960bfa-fe98-4b95-a487-1dd604940f27)
 - Deleted: 0

[06/Jul/2023:18:40:36] UPDATING PRODUCTS (JobID: a67aa6a8-e0f2-4617-8ea0-ff3f2c4a1acd)
 - New and modified: 0

[06/Jul/2023:18:40:37] UPDATING PREPAGATI (JobID: abaec8c2-29ce-4a42-a8ef-bb75e52f7450)
 - New and modified: 0

[06/Jul/2023:18:40:37] DELETING PREPAGATI (JobID: abaec8c2-29ce-4a42-a8ef-bb75e52f7450)
 - Deleted: 0

[06/Jul/2023:18:50:04] UPDATING ACCOUNTS (JobID: d4dd8590-2062-48c1-8225-c6aa4782f3ae)
 - New and modified: 0

[06/Jul/2023:18:50:04] DELETING ACCOUNTS (JobID: d4dd8590-2062-48c1-8225-c6aa4782f3ae)
 - Deleted: 0

[06/Jul/2023:18:50:36] UPDATING PRODUCTS (JobID: 47686347-b76b-4b0f-8233-d5eaef2a168a)
 - New and modified: 0

[06/Jul/2023:18:50:38] UPDATING PREPAGATI (JobID: 5246db06-656c-417c-8efc-fb945956847c)
 - New and modified: 0

[06/Jul/2023:18:50:38] DELETING PREPAGATI (JobID: 5246db06-656c-417c-8efc-fb945956847c)
 - Deleted: 0

[06/Jul/2023:19:00:15] UPDATING ACCOUNTS (JobID: eee899e6-2732-45ab-a8b3-a3ae4a0374bb)
 - New and modified: 0

[06/Jul/2023:19:00:15] DELETING ACCOUNTS (JobID: eee899e6-2732-45ab-a8b3-a3ae4a0374bb)
 - Deleted: 0

[06/Jul/2023:19:00:47] UPDATING PRODUCTS (JobID: da55336a-efac-40c5-8b50-58ad6fdaf9dc)
 - New and modified: 0

[06/Jul/2023:19:00:48] UPDATING PREPAGATI (JobID: 26268671-a148-4d29-9817-27cb24c5fed3)
 - New and modified: 0

[06/Jul/2023:19:00:48] DELETING PREPAGATI (JobID: 26268671-a148-4d29-9817-27cb24c5fed3)
 - Deleted: 0

[06/Jul/2023:19:10:04] UPDATING ACCOUNTS (JobID: 1b0714db-21c3-46f1-b156-d5f30a8e685f)
 - New and modified: 0

[06/Jul/2023:19:10:04] DELETING ACCOUNTS (JobID: 1b0714db-21c3-46f1-b156-d5f30a8e685f)
 - Deleted: 0

[06/Jul/2023:19:10:37] UPDATING PRODUCTS (JobID: 5b9b6dff-d6a8-46db-abf5-12492f978158)
 - New and modified: 0

[06/Jul/2023:19:10:39] UPDATING PREPAGATI (JobID: 82ef38f6-ff65-414c-a669-7662b2fcd7c8)
 - New and modified: 0

[06/Jul/2023:19:10:39] DELETING PREPAGATI (JobID: 82ef38f6-ff65-414c-a669-7662b2fcd7c8)
 - Deleted: 0

[06/Jul/2023:19:20:04] UPDATING ACCOUNTS (JobID: 2a131fec-7263-4776-8d08-b05889041d87)
 - New and modified: 0

[06/Jul/2023:19:20:04] DELETING ACCOUNTS (JobID: 2a131fec-7263-4776-8d08-b05889041d87)
 - Deleted: 0

[06/Jul/2023:19:20:39] UPDATING PRODUCTS (JobID: ad6a8e75-ee82-4094-a1ed-8d071863aaf2)
 - New and modified: 0

[06/Jul/2023:19:20:41] UPDATING PREPAGATI (JobID: 0937d70e-edca-4e77-9085-e2918471f185)
 - New and modified: 0

[06/Jul/2023:19:20:41] DELETING PREPAGATI (JobID: 0937d70e-edca-4e77-9085-e2918471f185)
 - Deleted: 0

[06/Jul/2023:19:30:04] UPDATING ACCOUNTS (JobID: 1527ff78-c091-40a3-aa78-5556fe162788)
 - New and modified: 0

[06/Jul/2023:19:30:04] DELETING ACCOUNTS (JobID: 1527ff78-c091-40a3-aa78-5556fe162788)
 - Deleted: 0

[06/Jul/2023:19:30:38] UPDATING PRODUCTS (JobID: 1d2cad1c-f0b8-49a5-944d-a4036887ae40)
 - New and modified: 0

[06/Jul/2023:19:30:40] UPDATING PREPAGATI (JobID: 649c8e09-0990-41ec-806b-38fe4322231d)
 - New and modified: 0

[06/Jul/2023:19:30:40] DELETING PREPAGATI (JobID: 649c8e09-0990-41ec-806b-38fe4322231d)
 - Deleted: 0

[06/Jul/2023:19:40:04] UPDATING ACCOUNTS (JobID: 1dc9b6b3-06ef-4e46-b994-d26cf1f2e4b5)
 - New and modified: 0

[06/Jul/2023:19:40:04] DELETING ACCOUNTS (JobID: 1dc9b6b3-06ef-4e46-b994-d26cf1f2e4b5)
 - Deleted: 0

[06/Jul/2023:19:40:37] UPDATING PRODUCTS (JobID: 55e4b870-1b96-4509-aef1-fa27578e91ba)
 - New and modified: 0

[06/Jul/2023:19:40:39] UPDATING PREPAGATI (JobID: f3e6a421-881a-4edf-92a1-84cdc8746f41)
 - New and modified: 0

[06/Jul/2023:19:40:39] DELETING PREPAGATI (JobID: f3e6a421-881a-4edf-92a1-84cdc8746f41)
 - Deleted: 0

[06/Jul/2023:19:50:04] UPDATING ACCOUNTS (JobID: 02c5613c-4264-43a8-84fd-994c121cf03a)
 - New and modified: 0

[06/Jul/2023:19:50:04] DELETING ACCOUNTS (JobID: 02c5613c-4264-43a8-84fd-994c121cf03a)
 - Deleted: 0

[06/Jul/2023:19:50:37] UPDATING PRODUCTS (JobID: 77c36a7f-53a4-4296-bc38-36927b54bcd1)
 - New and modified: 0

[06/Jul/2023:19:50:39] UPDATING PREPAGATI (JobID: ba6fd180-eec9-41e8-b9c6-7b00a45ee17e)
 - New and modified: 0

[06/Jul/2023:19:50:39] DELETING PREPAGATI (JobID: ba6fd180-eec9-41e8-b9c6-7b00a45ee17e)
 - Deleted: 0

[06/Jul/2023:20:00:05] UPDATING ACCOUNTS (JobID: 5c0bfc25-7997-4309-b3c6-12b564087e9f)
 - New and modified: 0

[06/Jul/2023:20:00:05] DELETING ACCOUNTS (JobID: 5c0bfc25-7997-4309-b3c6-12b564087e9f)
 - Deleted: 0

[06/Jul/2023:20:00:38] UPDATING PRODUCTS (JobID: 4b3c83ed-2e91-48f8-a3c7-35524f001270)
 - New and modified: 0

[06/Jul/2023:20:00:40] UPDATING PREPAGATI (JobID: e63f74b8-2836-47c8-9b40-15f616c5bbb0)
 - New and modified: 0

[06/Jul/2023:20:00:40] DELETING PREPAGATI (JobID: e63f74b8-2836-47c8-9b40-15f616c5bbb0)
 - Deleted: 0

[06/Jul/2023:20:10:04] UPDATING ACCOUNTS (JobID: e87496a1-abe5-4e2b-a0b5-94ba2d139e0f)
 - New and modified: 0

[06/Jul/2023:20:10:04] DELETING ACCOUNTS (JobID: e87496a1-abe5-4e2b-a0b5-94ba2d139e0f)
 - Deleted: 0

[06/Jul/2023:20:10:38] UPDATING PRODUCTS (JobID: 0688c7b6-5913-4b43-a760-7f446424545e)
 - New and modified: 0

[06/Jul/2023:20:10:40] UPDATING PREPAGATI (JobID: e7ac7619-3772-4ae1-a5c1-42ee65bab2ef)
 - New and modified: 0

[06/Jul/2023:20:10:40] DELETING PREPAGATI (JobID: e7ac7619-3772-4ae1-a5c1-42ee65bab2ef)
 - Deleted: 0

[06/Jul/2023:20:20:04] UPDATING ACCOUNTS (JobID: ca2e03cd-313b-4f30-8054-ea2156990777)
 - New and modified: 0

[06/Jul/2023:20:20:04] DELETING ACCOUNTS (JobID: ca2e03cd-313b-4f30-8054-ea2156990777)
 - Deleted: 0

[06/Jul/2023:20:20:38] UPDATING PRODUCTS (JobID: aa5ff1ab-7151-415b-8bcb-c661e23ee34f)
 - New and modified: 0

[06/Jul/2023:20:20:40] UPDATING PREPAGATI (JobID: 7dd9003d-e3f4-4133-8ae2-ffb2315df23f)
 - New and modified: 0

[06/Jul/2023:20:20:40] DELETING PREPAGATI (JobID: 7dd9003d-e3f4-4133-8ae2-ffb2315df23f)
 - Deleted: 0

[06/Jul/2023:20:30:04] UPDATING ACCOUNTS (JobID: 8fd45174-f587-46ba-8353-cc1261a853a2)
 - New and modified: 0

[06/Jul/2023:20:30:04] DELETING ACCOUNTS (JobID: 8fd45174-f587-46ba-8353-cc1261a853a2)
 - Deleted: 0

[06/Jul/2023:20:30:38] UPDATING PRODUCTS (JobID: 483f68fc-b0ab-43ed-98d9-0a7a6e4f1d3e)
 - New and modified: 0

[06/Jul/2023:20:30:40] UPDATING PREPAGATI (JobID: fda4fd36-ed3b-4ce0-b117-b99b5a073264)
 - New and modified: 0

[06/Jul/2023:20:30:40] DELETING PREPAGATI (JobID: fda4fd36-ed3b-4ce0-b117-b99b5a073264)
 - Deleted: 0

[06/Jul/2023:20:40:03] UPDATING ACCOUNTS (JobID: e0b840a7-8eb0-4761-97c1-894f08f927c3)
 - New and modified: 0

[06/Jul/2023:20:40:03] DELETING ACCOUNTS (JobID: e0b840a7-8eb0-4761-97c1-894f08f927c3)
 - Deleted: 0

[06/Jul/2023:20:40:39] UPDATING PRODUCTS (JobID: 29b02169-b1e4-4aae-bd1f-0f397ee2c10f)
 - New and modified: 0

[06/Jul/2023:20:40:41] UPDATING PREPAGATI (JobID: 304785e3-88c2-4097-af38-a9fd25a6053b)
 - New and modified: 0

[06/Jul/2023:20:40:41] DELETING PREPAGATI (JobID: 304785e3-88c2-4097-af38-a9fd25a6053b)
 - Deleted: 0

[06/Jul/2023:20:50:03] UPDATING ACCOUNTS (JobID: f06d3a36-cdee-4b60-9648-b1a0d29a638e)
 - New and modified: 0

[06/Jul/2023:20:50:03] DELETING ACCOUNTS (JobID: f06d3a36-cdee-4b60-9648-b1a0d29a638e)
 - Deleted: 0

[06/Jul/2023:20:50:36] UPDATING PRODUCTS (JobID: 15a66665-89a2-4b02-981b-171ef580921c)
 - New and modified: 0

[06/Jul/2023:20:50:38] UPDATING PREPAGATI (JobID: a0d4480d-3172-47a4-b524-6af118116e5f)
 - New and modified: 0

[06/Jul/2023:20:50:38] DELETING PREPAGATI (JobID: a0d4480d-3172-47a4-b524-6af118116e5f)
 - Deleted: 0

[06/Jul/2023:21:00:04] UPDATING ACCOUNTS (JobID: 55a4228c-a8bb-4934-afa7-b59981614fe9)
 - New and modified: 0

[06/Jul/2023:21:00:04] DELETING ACCOUNTS (JobID: 55a4228c-a8bb-4934-afa7-b59981614fe9)
 - Deleted: 0

[06/Jul/2023:21:00:37] UPDATING PRODUCTS (JobID: 722592de-6a75-41a5-952d-010567041185)
 - New and modified: 0

[06/Jul/2023:21:00:38] UPDATING PREPAGATI (JobID: ae74cf76-dcfb-4fa6-89e2-b44fadfd9762)
 - New and modified: 0

[06/Jul/2023:21:00:38] DELETING PREPAGATI (JobID: ae74cf76-dcfb-4fa6-89e2-b44fadfd9762)
 - Deleted: 0

[06/Jul/2023:21:10:04] UPDATING ACCOUNTS (JobID: 3f111094-062b-499a-a6c8-e1f7db6495a1)
 - New and modified: 0

[06/Jul/2023:21:10:04] DELETING ACCOUNTS (JobID: 3f111094-062b-499a-a6c8-e1f7db6495a1)
 - Deleted: 0

[06/Jul/2023:21:10:38] UPDATING PRODUCTS (JobID: 0538819c-34c5-4a95-9689-dd46ab234d10)
 - New and modified: 0

[06/Jul/2023:21:10:39] UPDATING PREPAGATI (JobID: 5bed5b6a-4e0c-4d1b-9640-2d10974d29a2)
 - New and modified: 0

[06/Jul/2023:21:10:39] DELETING PREPAGATI (JobID: 5bed5b6a-4e0c-4d1b-9640-2d10974d29a2)
 - Deleted: 0

[06/Jul/2023:21:20:04] UPDATING ACCOUNTS (JobID: 9cc7e8dc-5880-4048-b278-159524a6fff1)
 - New and modified: 0

[06/Jul/2023:21:20:04] DELETING ACCOUNTS (JobID: 9cc7e8dc-5880-4048-b278-159524a6fff1)
 - Deleted: 0

[06/Jul/2023:21:20:37] UPDATING PRODUCTS (JobID: 88ddb616-b2dc-4f73-972c-0f08f14da90b)
 - New and modified: 0

[06/Jul/2023:21:20:38] UPDATING PREPAGATI (JobID: 1f5e9469-5ccf-4fb1-b295-debaac5a2ef7)
 - New and modified: 0

[06/Jul/2023:21:20:38] DELETING PREPAGATI (JobID: 1f5e9469-5ccf-4fb1-b295-debaac5a2ef7)
 - Deleted: 0

[06/Jul/2023:21:30:04] UPDATING ACCOUNTS (JobID: 73820695-2f18-4855-946d-5decd754fcfc)
 - New and modified: 0

[06/Jul/2023:21:30:04] DELETING ACCOUNTS (JobID: 73820695-2f18-4855-946d-5decd754fcfc)
 - Deleted: 0

[06/Jul/2023:21:30:37] UPDATING PRODUCTS (JobID: 442b92dd-f13a-48dc-b372-4506492f5a3e)
 - New and modified: 0

[06/Jul/2023:21:30:38] UPDATING PREPAGATI (JobID: 87259ac9-014c-429a-a593-1e636f53c427)
 - New and modified: 0

[06/Jul/2023:21:30:38] DELETING PREPAGATI (JobID: 87259ac9-014c-429a-a593-1e636f53c427)
 - Deleted: 0

[06/Jul/2023:21:40:04] UPDATING ACCOUNTS (JobID: 73513083-d120-4a93-a812-06d6f9344b78)
 - New and modified: 0

[06/Jul/2023:21:40:04] DELETING ACCOUNTS (JobID: 73513083-d120-4a93-a812-06d6f9344b78)
 - Deleted: 0

[06/Jul/2023:21:40:36] UPDATING PRODUCTS (JobID: 71b91153-4cb3-4a39-8ca9-dc2dde1c8b35)
 - New and modified: 0

[06/Jul/2023:21:40:37] UPDATING PREPAGATI (JobID: aff4f4f2-3b1e-47dc-98c6-199d53bcf843)
 - New and modified: 0

[06/Jul/2023:21:40:37] DELETING PREPAGATI (JobID: aff4f4f2-3b1e-47dc-98c6-199d53bcf843)
 - Deleted: 0

[06/Jul/2023:21:50:04] UPDATING ACCOUNTS (JobID: f499012a-efb4-4ec9-bc31-47933e785473)
 - New and modified: 0

[06/Jul/2023:21:50:04] DELETING ACCOUNTS (JobID: f499012a-efb4-4ec9-bc31-47933e785473)
 - Deleted: 0

[06/Jul/2023:21:50:36] UPDATING PRODUCTS (JobID: 685e0f2a-66a5-4fbf-a6d9-8fef148f6a6f)
 - New and modified: 0

[06/Jul/2023:21:50:37] UPDATING PREPAGATI (JobID: d38994db-9354-4c62-8f70-b6e033ea35f4)
 - New and modified: 0

[06/Jul/2023:21:50:37] DELETING PREPAGATI (JobID: d38994db-9354-4c62-8f70-b6e033ea35f4)
 - Deleted: 0

[06/Jul/2023:22:00:06] UPDATING ACCOUNTS (JobID: 2cb22156-95c9-4004-a4c5-8b4e88f4abf5)
 - New and modified: 0

[06/Jul/2023:22:00:06] DELETING ACCOUNTS (JobID: 2cb22156-95c9-4004-a4c5-8b4e88f4abf5)
 - Deleted: 0

[06/Jul/2023:22:00:38] UPDATING PRODUCTS (JobID: 28f383b6-8f37-4671-a119-f30fefdf5c46)
 - New and modified: 0

[06/Jul/2023:22:00:39] UPDATING PREPAGATI (JobID: 7cf5eef0-7844-414a-bbc6-8ef4a0d5cfd2)
 - New and modified: 0

[06/Jul/2023:22:00:39] DELETING PREPAGATI (JobID: 7cf5eef0-7844-414a-bbc6-8ef4a0d5cfd2)
 - Deleted: 0

[06/Jul/2023:22:10:04] UPDATING ACCOUNTS (JobID: a6b6ad35-1b05-4149-8bd1-2d5b7deed39e)
 - New and modified: 0

[06/Jul/2023:22:10:04] DELETING ACCOUNTS (JobID: a6b6ad35-1b05-4149-8bd1-2d5b7deed39e)
 - Deleted: 0

[06/Jul/2023:22:10:36] UPDATING PRODUCTS (JobID: f10b8155-b73c-4b65-b7df-5b5a2ff17a69)
 - New and modified: 0

[06/Jul/2023:22:10:38] UPDATING PREPAGATI (JobID: f01cacc7-efc1-4754-9fc6-8ed278a82f1e)
 - New and modified: 0

[06/Jul/2023:22:10:38] DELETING PREPAGATI (JobID: f01cacc7-efc1-4754-9fc6-8ed278a82f1e)
 - Deleted: 0

[06/Jul/2023:22:20:04] UPDATING ACCOUNTS (JobID: a50cebcf-28e5-474e-a0dd-5ebc805227c0)
 - New and modified: 0

[06/Jul/2023:22:20:04] DELETING ACCOUNTS (JobID: a50cebcf-28e5-474e-a0dd-5ebc805227c0)
 - Deleted: 0

[06/Jul/2023:22:20:35] UPDATING PRODUCTS (JobID: 8c3f5f27-270a-4b67-9130-1341eca485d4)
 - New and modified: 0

[06/Jul/2023:22:20:37] UPDATING PREPAGATI (JobID: a8a1fb82-185b-4f74-a8b8-6cfdff2f2413)
 - New and modified: 0

[06/Jul/2023:22:20:37] DELETING PREPAGATI (JobID: a8a1fb82-185b-4f74-a8b8-6cfdff2f2413)
 - Deleted: 0

[06/Jul/2023:22:30:04] UPDATING ACCOUNTS (JobID: ed6f8983-8608-483e-a4c5-9f89a2043150)
 - New and modified: 0

[06/Jul/2023:22:30:04] DELETING ACCOUNTS (JobID: ed6f8983-8608-483e-a4c5-9f89a2043150)
 - Deleted: 0

[06/Jul/2023:22:30:36] UPDATING PRODUCTS (JobID: 56748e7d-2672-40a5-904a-54da6d31ad1b)
 - New and modified: 0

[06/Jul/2023:22:30:37] UPDATING PREPAGATI (JobID: 73c803e3-ddf2-4f3d-b8e5-cb7e493ba860)
 - New and modified: 0

[06/Jul/2023:22:30:37] DELETING PREPAGATI (JobID: 73c803e3-ddf2-4f3d-b8e5-cb7e493ba860)
 - Deleted: 0

[06/Jul/2023:22:40:04] UPDATING ACCOUNTS (JobID: ea91da1c-5aa1-427b-9d55-5424931c7184)
 - New and modified: 0

[06/Jul/2023:22:40:04] DELETING ACCOUNTS (JobID: ea91da1c-5aa1-427b-9d55-5424931c7184)
 - Deleted: 0

[06/Jul/2023:22:40:36] UPDATING PRODUCTS (JobID: ca4ee316-dec1-4aec-92d5-808f772ba711)
 - New and modified: 0

[06/Jul/2023:22:40:37] UPDATING PREPAGATI (JobID: f35ef0c4-04d6-4719-af2b-c5f6afcaee67)
 - New and modified: 0

[06/Jul/2023:22:40:37] DELETING PREPAGATI (JobID: f35ef0c4-04d6-4719-af2b-c5f6afcaee67)
 - Deleted: 0

[06/Jul/2023:22:50:04] UPDATING ACCOUNTS (JobID: 643df153-91d7-4ce3-9eb2-213acba8580f)
 - New and modified: 0

[06/Jul/2023:22:50:04] DELETING ACCOUNTS (JobID: 643df153-91d7-4ce3-9eb2-213acba8580f)
 - Deleted: 0

[06/Jul/2023:22:50:35] UPDATING PRODUCTS (JobID: b1f1ac97-bc16-4d9c-898e-56f787c63a3c)
 - New and modified: 0

[06/Jul/2023:22:50:37] UPDATING PREPAGATI (JobID: 51384482-810d-45b9-bc2d-bbda2f1d6c14)
 - New and modified: 0

[06/Jul/2023:22:50:37] DELETING PREPAGATI (JobID: 51384482-810d-45b9-bc2d-bbda2f1d6c14)
 - Deleted: 0

[06/Jul/2023:23:00:05] UPDATING ACCOUNTS (JobID: 9f8477ec-4a1f-4dad-b586-e96d6687d785)
 - New and modified: 0

[06/Jul/2023:23:00:05] DELETING ACCOUNTS (JobID: 9f8477ec-4a1f-4dad-b586-e96d6687d785)
 - Deleted: 0

[06/Jul/2023:23:00:38] UPDATING PRODUCTS (JobID: 68fe1c89-5b29-4b32-8360-1fd72bca32be)
 - New and modified: 0

[06/Jul/2023:23:00:39] UPDATING PREPAGATI (JobID: f49192fc-f4c5-49ee-8b8a-00c5a82e70aa)
 - New and modified: 0

[06/Jul/2023:23:00:39] DELETING PREPAGATI (JobID: f49192fc-f4c5-49ee-8b8a-00c5a82e70aa)
 - Deleted: 0

[06/Jul/2023:23:10:04] UPDATING ACCOUNTS (JobID: d789d5f6-6673-4745-8c60-b71c143a12c2)
 - New and modified: 0

[06/Jul/2023:23:10:04] DELETING ACCOUNTS (JobID: d789d5f6-6673-4745-8c60-b71c143a12c2)
 - Deleted: 0

[06/Jul/2023:23:10:37] UPDATING PRODUCTS (JobID: 43993a89-33bc-4c85-872a-913ad4cc272a)
 - New and modified: 0

[06/Jul/2023:23:10:39] UPDATING PREPAGATI (JobID: 426c1099-cf7e-4b41-a493-6dd0b83b98ea)
 - New and modified: 0

[06/Jul/2023:23:10:39] DELETING PREPAGATI (JobID: 426c1099-cf7e-4b41-a493-6dd0b83b98ea)
 - Deleted: 0

[06/Jul/2023:23:20:04] UPDATING ACCOUNTS (JobID: 2cbe4b48-ae8f-4e67-876b-1abccea3fa03)
 - New and modified: 0

[06/Jul/2023:23:20:04] DELETING ACCOUNTS (JobID: 2cbe4b48-ae8f-4e67-876b-1abccea3fa03)
 - Deleted: 0

[06/Jul/2023:23:20:36] UPDATING PRODUCTS (JobID: cd8f6716-d46f-4aca-adf2-8e1e705ea7d8)
 - New and modified: 0

[06/Jul/2023:23:20:38] UPDATING PREPAGATI (JobID: 56babd7c-d06c-4c3e-a43c-00ad6f9c4f48)
 - New and modified: 0

[06/Jul/2023:23:20:38] DELETING PREPAGATI (JobID: 56babd7c-d06c-4c3e-a43c-00ad6f9c4f48)
 - Deleted: 0

[06/Jul/2023:23:30:04] UPDATING ACCOUNTS (JobID: e8a1ff69-4aad-4cdd-ab6b-f305773f9e4d)
 - New and modified: 0

[06/Jul/2023:23:30:04] DELETING ACCOUNTS (JobID: e8a1ff69-4aad-4cdd-ab6b-f305773f9e4d)
 - Deleted: 0

[06/Jul/2023:23:30:35] UPDATING PRODUCTS (JobID: 1f06012e-c6c0-4747-bbbb-1c0846b656bf)
 - New and modified: 0

[06/Jul/2023:23:30:37] UPDATING PREPAGATI (JobID: ed6ada04-52bb-4a32-878a-2fb98bb13c17)
 - New and modified: 0

[06/Jul/2023:23:30:37] DELETING PREPAGATI (JobID: ed6ada04-52bb-4a32-878a-2fb98bb13c17)
 - Deleted: 0

[06/Jul/2023:23:40:04] UPDATING ACCOUNTS (JobID: 0c39bb9d-910a-4c13-98df-810cd9004bb7)
 - New and modified: 0

[06/Jul/2023:23:40:04] DELETING ACCOUNTS (JobID: 0c39bb9d-910a-4c13-98df-810cd9004bb7)
 - Deleted: 0

[06/Jul/2023:23:40:36] UPDATING PRODUCTS (JobID: 617b0083-ff1a-4183-a83f-b6b050fa26f0)
 - New and modified: 0

[06/Jul/2023:23:40:38] UPDATING PREPAGATI (JobID: d349cfea-dfa6-4a97-9398-c970bc2be657)
 - New and modified: 0

[06/Jul/2023:23:40:38] DELETING PREPAGATI (JobID: d349cfea-dfa6-4a97-9398-c970bc2be657)
 - Deleted: 0

[06/Jul/2023:23:50:04] UPDATING ACCOUNTS (JobID: 3d93df13-17ce-4b9c-bb16-f8599039a55c)
 - New and modified: 0

[06/Jul/2023:23:50:04] DELETING ACCOUNTS (JobID: 3d93df13-17ce-4b9c-bb16-f8599039a55c)
 - Deleted: 0

[06/Jul/2023:23:50:36] UPDATING PRODUCTS (JobID: 6fd2519d-2c69-4477-88e6-a266147eced2)
 - New and modified: 0

[06/Jul/2023:23:50:38] UPDATING PREPAGATI (JobID: bd82c685-c91c-4636-b5dd-040512a11c74)
 - New and modified: 0

[06/Jul/2023:23:50:38] DELETING PREPAGATI (JobID: bd82c685-c91c-4636-b5dd-040512a11c74)
 - Deleted: 0

