[30/Jun/2023:00:00:04] UPDATING ACCOUNTS (JobID: 49c09490-746e-42d2-886c-5f1a2748d139)
 - New and modified: 0

[30/Jun/2023:00:00:04] DELETING ACCOUNTS (JobID: 49c09490-746e-42d2-886c-5f1a2748d139)
 - Deleted: 0

[30/Jun/2023:00:00:38] UPDATING PRODUCTS (JobID: d4200579-0e6a-4777-b79c-ed1ef1f4d275)
 - New and modified: 0

[30/Jun/2023:00:00:39] UPDATING PREPAGATI (JobID: adbfa4d8-4727-4569-a656-e8ee626cfce0)
 - New and modified: 0

[30/Jun/2023:00:00:39] DELETING PREPAGATI (JobID: adbfa4d8-4727-4569-a656-e8ee626cfce0)
 - Deleted: 0

[30/Jun/2023:00:40:04] UPDATING ACCOUNTS (JobID: 2a90722c-783e-4e73-948c-a646c402c9c2)
 - New and modified: 0

[30/Jun/2023:00:40:04] DELETING ACCOUNTS (JobID: 2a90722c-783e-4e73-948c-a646c402c9c2)
 - Deleted: 0

[30/Jun/2023:00:40:38] UPDATING PRODUCTS (JobID: 306eb66f-921e-42dd-9438-bf31b9ded996)
 - New and modified: 0

[30/Jun/2023:00:40:40] UPDATING PREPAGATI (JobID: c72bc1e3-1f4e-4ecb-af90-d26ba5542751)
 - New and modified: 0

[30/Jun/2023:00:40:40] DELETING PREPAGATI (JobID: c72bc1e3-1f4e-4ecb-af90-d26ba5542751)
 - Deleted: 0

[30/Jun/2023:00:50:03] UPDATING ACCOUNTS (JobID: cc0ca36d-9d74-42c8-94da-b6f8e7f33d59)
 - New and modified: 0

[30/Jun/2023:00:50:03] DELETING ACCOUNTS (JobID: cc0ca36d-9d74-42c8-94da-b6f8e7f33d59)
 - Deleted: 0

[30/Jun/2023:00:50:36] UPDATING PRODUCTS (JobID: f5c14aea-4482-4a66-8de6-8fc4c38f7adb)
 - New and modified: 0

[30/Jun/2023:00:50:38] UPDATING PREPAGATI (JobID: 19afbb68-78bf-43bb-829a-9510e262b053)
 - New and modified: 0

[30/Jun/2023:00:50:38] DELETING PREPAGATI (JobID: 19afbb68-78bf-43bb-829a-9510e262b053)
 - Deleted: 0

[30/Jun/2023:01:00:04] UPDATING ACCOUNTS (JobID: d06b9c2a-e339-4554-a63c-451d51e07e64)
 - New and modified: 0

[30/Jun/2023:01:00:04] DELETING ACCOUNTS (JobID: d06b9c2a-e339-4554-a63c-451d51e07e64)
 - Deleted: 0

[30/Jun/2023:01:00:37] UPDATING PRODUCTS (JobID: d4862d39-6577-49eb-8314-69834027b28d)
 - New and modified: 0

[30/Jun/2023:01:00:39] UPDATING PREPAGATI (JobID: d4835770-1006-4729-9c96-6993b73ffd8f)
 - New and modified: 0

[30/Jun/2023:01:00:39] DELETING PREPAGATI (JobID: d4835770-1006-4729-9c96-6993b73ffd8f)
 - Deleted: 0

[30/Jun/2023:01:10:05] UPDATING ACCOUNTS (JobID: 90f6580a-c30a-4a14-8443-422a7207db3e)
 - New and modified: 0

[30/Jun/2023:01:10:05] DELETING ACCOUNTS (JobID: 90f6580a-c30a-4a14-8443-422a7207db3e)
 - Deleted: 0

[30/Jun/2023:01:10:43] UPDATING PRODUCTS (JobID: 17bdabc1-ea40-42c4-ae42-c399f65daa39)
 - New and modified: 0

[30/Jun/2023:01:10:45] UPDATING PREPAGATI (JobID: 9b370357-cfff-4933-a50d-0c770198602e)
 - New and modified: 0

[30/Jun/2023:01:10:45] DELETING PREPAGATI (JobID: 9b370357-cfff-4933-a50d-0c770198602e)
 - Deleted: 0

[30/Jun/2023:01:40:04] UPDATING ACCOUNTS (JobID: eef5b0cb-b63c-4a3a-8cf5-fcf9bbaaa98c)
 - New and modified: 0

[30/Jun/2023:01:40:04] DELETING ACCOUNTS (JobID: eef5b0cb-b63c-4a3a-8cf5-fcf9bbaaa98c)
 - Deleted: 0

[30/Jun/2023:01:40:38] UPDATING PRODUCTS (JobID: f83ab5a3-436d-4118-8bc7-5732a059809b)
 - New and modified: 0

[30/Jun/2023:01:40:40] UPDATING PREPAGATI (JobID: ebf49562-5870-4aec-bb0a-b920bf3e7648)
 - New and modified: 0

[30/Jun/2023:01:40:40] DELETING PREPAGATI (JobID: ebf49562-5870-4aec-bb0a-b920bf3e7648)
 - Deleted: 0

[30/Jun/2023:02:00:04] UPDATING ACCOUNTS (JobID: a77a0453-8801-4bc7-ad32-1f24b477f74b)
 - New and modified: 0

[30/Jun/2023:02:00:04] DELETING ACCOUNTS (JobID: a77a0453-8801-4bc7-ad32-1f24b477f74b)
 - Deleted: 0

[30/Jun/2023:02:00:39] UPDATING PRODUCTS (JobID: 490f6fee-18e9-4494-95b6-e5b57d71162c)
 - New and modified: 0

[30/Jun/2023:02:00:41] UPDATING PREPAGATI (JobID: 6777eba7-4f41-4f9e-82db-e8ea07d9c059)
 - New and modified: 0

[30/Jun/2023:02:00:41] DELETING PREPAGATI (JobID: 6777eba7-4f41-4f9e-82db-e8ea07d9c059)
 - Deleted: 0

[30/Jun/2023:02:20:04] UPDATING ACCOUNTS (JobID: f5a4ecad-4f64-42e8-9d80-71de1c633cc4)
 - New and modified: 0

[30/Jun/2023:02:20:04] DELETING ACCOUNTS (JobID: f5a4ecad-4f64-42e8-9d80-71de1c633cc4)
 - Deleted: 0

[30/Jun/2023:02:20:41] UPDATING PRODUCTS (JobID: c282bbd8-8538-48fe-8fa4-5b023fe0a20d)
 - New and modified: 0

[30/Jun/2023:02:20:43] UPDATING PREPAGATI (JobID: a6ca317f-7b03-45dc-ba2c-99f5b4b839c3)
 - New and modified: 0

[30/Jun/2023:02:20:43] DELETING PREPAGATI (JobID: a6ca317f-7b03-45dc-ba2c-99f5b4b839c3)
 - Deleted: 0

[30/Jun/2023:02:50:04] UPDATING ACCOUNTS (JobID: f24f4d98-ead1-486d-80e5-7566ec9d4f95)
 - New and modified: 0

[30/Jun/2023:02:50:04] DELETING ACCOUNTS (JobID: f24f4d98-ead1-486d-80e5-7566ec9d4f95)
 - Deleted: 0

[30/Jun/2023:02:50:38] UPDATING PRODUCTS (JobID: 026f364b-f45f-44bd-bed6-4f3aab0f1dcb)
 - New and modified: 0

[30/Jun/2023:02:50:40] UPDATING PREPAGATI (JobID: dd9b4bac-3e02-48f6-9796-50b0a3901462)
 - New and modified: 0

[30/Jun/2023:02:50:40] DELETING PREPAGATI (JobID: dd9b4bac-3e02-48f6-9796-50b0a3901462)
 - Deleted: 0

[30/Jun/2023:03:30:05] UPDATING ACCOUNTS (JobID: a294f7eb-3d56-4ed7-aeac-a9f6b94607c4)
 - New and modified: 0

[30/Jun/2023:03:30:05] DELETING ACCOUNTS (JobID: a294f7eb-3d56-4ed7-aeac-a9f6b94607c4)
 - Deleted: 0

[30/Jun/2023:03:30:40] UPDATING PRODUCTS (JobID: 11e7832e-5bc0-4529-9e9e-ec1c62ef8873)
 - New and modified: 0

[30/Jun/2023:03:30:42] UPDATING PREPAGATI (JobID: 2a1c9cd9-5bec-4304-8a5f-1a7d758f8294)
 - New and modified: 0

[30/Jun/2023:03:30:42] DELETING PREPAGATI (JobID: 2a1c9cd9-5bec-4304-8a5f-1a7d758f8294)
 - Deleted: 0

[30/Jun/2023:03:40:05] UPDATING ACCOUNTS (JobID: 2cdcb511-b324-48c7-9ce4-3f46787ced73)
 - New and modified: 0

[30/Jun/2023:03:40:05] DELETING ACCOUNTS (JobID: 2cdcb511-b324-48c7-9ce4-3f46787ced73)
 - Deleted: 0

[30/Jun/2023:03:40:43] UPDATING PRODUCTS (JobID: 931eebd3-47df-42b3-8efc-9bfd92e46bf1)
 - New and modified: 0

[30/Jun/2023:03:40:46] UPDATING PREPAGATI (JobID: 7d0fa969-6e7a-4238-bce4-00077a8200b7)
 - New and modified: 0

[30/Jun/2023:03:40:46] DELETING PREPAGATI (JobID: 7d0fa969-6e7a-4238-bce4-00077a8200b7)
 - Deleted: 0

[30/Jun/2023:03:50:04] UPDATING ACCOUNTS (JobID: d987db2a-ef94-48fc-86de-b35a7862e8c6)
 - New and modified: 0

[30/Jun/2023:03:50:04] DELETING ACCOUNTS (JobID: d987db2a-ef94-48fc-86de-b35a7862e8c6)
 - Deleted: 0

[30/Jun/2023:03:50:40] UPDATING PRODUCTS (JobID: ad374880-3398-434d-a4e7-e82a99e6f1c7)
 - New and modified: 0

[30/Jun/2023:03:50:42] UPDATING PREPAGATI (JobID: d642c63f-6dab-4eef-8dd9-fdfa28d7bc03)
 - New and modified: 0

[30/Jun/2023:03:50:42] DELETING PREPAGATI (JobID: d642c63f-6dab-4eef-8dd9-fdfa28d7bc03)
 - Deleted: 0

[30/Jun/2023:04:30:05] UPDATING ACCOUNTS (JobID: 115bdbd3-b3c1-4a75-94b4-736c82fd551c)
 - New and modified: 0

[30/Jun/2023:04:30:05] DELETING ACCOUNTS (JobID: 115bdbd3-b3c1-4a75-94b4-736c82fd551c)
 - Deleted: 0

[30/Jun/2023:04:30:41] UPDATING PRODUCTS (JobID: e84cd2dc-3e72-4eb4-8d38-94d5273ec707)
 - New and modified: 0

[30/Jun/2023:04:30:43] UPDATING PREPAGATI (JobID: 1321dfe1-3d9d-477d-b4dd-715002de480f)
 - New and modified: 0

[30/Jun/2023:04:30:43] DELETING PREPAGATI (JobID: 1321dfe1-3d9d-477d-b4dd-715002de480f)
 - Deleted: 0

[30/Jun/2023:04:40:05] UPDATING ACCOUNTS (JobID: 3ee327bb-24fa-4619-8a48-4808da80e5a0)
 - New and modified: 0

[30/Jun/2023:04:40:05] DELETING ACCOUNTS (JobID: 3ee327bb-24fa-4619-8a48-4808da80e5a0)
 - Deleted: 0

[30/Jun/2023:04:40:40] UPDATING PRODUCTS (JobID: 0996d17f-dbf3-4c2d-834c-a47c1571fb67)
 - New and modified: 0

[30/Jun/2023:04:40:42] UPDATING PREPAGATI (JobID: c38367a1-a0b7-48bd-ab23-bffeba6509ed)
 - New and modified: 0

[30/Jun/2023:04:40:42] DELETING PREPAGATI (JobID: c38367a1-a0b7-48bd-ab23-bffeba6509ed)
 - Deleted: 0

[30/Jun/2023:04:50:04] UPDATING ACCOUNTS (JobID: 8f407236-1af3-49a7-9083-908b9c606dbf)
 - New and modified: 0

[30/Jun/2023:04:50:04] DELETING ACCOUNTS (JobID: 8f407236-1af3-49a7-9083-908b9c606dbf)
 - Deleted: 0

[30/Jun/2023:04:50:39] UPDATING PRODUCTS (JobID: a356dcc3-9510-4128-b9b0-924273ca0e6a)
 - New and modified: 0

[30/Jun/2023:04:50:41] UPDATING PREPAGATI (JobID: 6bdfb138-db0a-4ca9-916c-ff2f4256c9ff)
 - New and modified: 0

[30/Jun/2023:04:50:41] DELETING PREPAGATI (JobID: 6bdfb138-db0a-4ca9-916c-ff2f4256c9ff)
 - Deleted: 0

[30/Jun/2023:05:00:05] UPDATING ACCOUNTS (JobID: 8e4946e7-1a12-486d-b64d-bc706782ecec)
 - New and modified: 0

[30/Jun/2023:05:00:05] DELETING ACCOUNTS (JobID: 8e4946e7-1a12-486d-b64d-bc706782ecec)
 - Deleted: 0

[30/Jun/2023:05:00:37] UPDATING PRODUCTS (JobID: 7bec5001-2db5-455b-a709-5d7c5fe1e503)
 - New and modified: 0

[30/Jun/2023:05:00:39] UPDATING PREPAGATI (JobID: b563cdac-73f7-41f6-a096-f1acce3cfc6f)
 - New and modified: 0

[30/Jun/2023:05:00:39] DELETING PREPAGATI (JobID: b563cdac-73f7-41f6-a096-f1acce3cfc6f)
 - Deleted: 0

[30/Jun/2023:05:30:04] UPDATING ACCOUNTS (JobID: 9eb75d3f-f537-4aa7-95ad-4c7fbdecde98)
 - New and modified: 0

[30/Jun/2023:05:30:04] DELETING ACCOUNTS (JobID: 9eb75d3f-f537-4aa7-95ad-4c7fbdecde98)
 - Deleted: 0

[30/Jun/2023:05:30:35] UPDATING PRODUCTS (JobID: f46c34f1-1ae1-4abb-92a9-224b0785a26b)
 - New and modified: 0

[30/Jun/2023:05:30:37] UPDATING PREPAGATI (JobID: 1d66411d-1d02-42db-8d1a-df9d174f7649)
 - New and modified: 0

[30/Jun/2023:05:30:37] DELETING PREPAGATI (JobID: 1d66411d-1d02-42db-8d1a-df9d174f7649)
 - Deleted: 0

[30/Jun/2023:05:50:04] UPDATING ACCOUNTS (JobID: 110a2e82-2bde-4700-8552-1142ad0ff84b)
 - New and modified: 0

[30/Jun/2023:05:50:04] DELETING ACCOUNTS (JobID: 110a2e82-2bde-4700-8552-1142ad0ff84b)
 - Deleted: 0

[30/Jun/2023:05:50:36] UPDATING PRODUCTS (JobID: 405e1748-8c5b-4fa7-bb1c-53fc7d317ba4)
 - New and modified: 0

[30/Jun/2023:05:50:38] UPDATING PREPAGATI (JobID: 6dbefe09-1502-4090-a71d-c1ce3238ed29)
 - New and modified: 0

[30/Jun/2023:05:50:38] DELETING PREPAGATI (JobID: 6dbefe09-1502-4090-a71d-c1ce3238ed29)
 - Deleted: 0

[30/Jun/2023:06:00:05] UPDATING ACCOUNTS (JobID: 29b81072-55e6-48b4-bb32-5eaae511cba2)
 - New and modified: 0

[30/Jun/2023:06:00:05] DELETING ACCOUNTS (JobID: 29b81072-55e6-48b4-bb32-5eaae511cba2)
 - Deleted: 0

[30/Jun/2023:06:00:38] UPDATING PRODUCTS (JobID: 593f7026-07cb-425a-b5d4-009680741d4e)
 - New and modified: 0

[30/Jun/2023:06:00:40] UPDATING PREPAGATI (JobID: c0f9d1ec-42db-42c8-a422-ef5f3f65fad0)
 - New and modified: 0

[30/Jun/2023:06:00:40] DELETING PREPAGATI (JobID: c0f9d1ec-42db-42c8-a422-ef5f3f65fad0)
 - Deleted: 0

[30/Jun/2023:06:10:04] UPDATING ACCOUNTS (JobID: f5985c7b-cd32-4784-94d1-440b31f58466)
 - New and modified: 0

[30/Jun/2023:06:10:04] DELETING ACCOUNTS (JobID: f5985c7b-cd32-4784-94d1-440b31f58466)
 - Deleted: 0

[30/Jun/2023:06:10:41] UPDATING PRODUCTS (JobID: 54ec82ee-13f7-432a-8781-202d9a01a391)
 - New and modified: 0

[30/Jun/2023:06:10:42] UPDATING PREPAGATI (JobID: e9206811-6894-4cb3-b318-abe390b2fd28)
 - New and modified: 0

[30/Jun/2023:06:10:42] DELETING PREPAGATI (JobID: e9206811-6894-4cb3-b318-abe390b2fd28)
 - Deleted: 0

[30/Jun/2023:06:20:04] UPDATING ACCOUNTS (JobID: 564b5c2f-9b90-4015-a46a-328697fa1144)
 - New and modified: 0

[30/Jun/2023:06:20:04] DELETING ACCOUNTS (JobID: 564b5c2f-9b90-4015-a46a-328697fa1144)
 - Deleted: 0

[30/Jun/2023:06:20:39] UPDATING PRODUCTS (JobID: 30375eda-2017-477a-a4d9-8321d343f2c1)
 - New and modified: 0

[30/Jun/2023:06:20:41] UPDATING PREPAGATI (JobID: aacd37be-8386-47ac-88ea-48a0bdd294d0)
 - New and modified: 0

[30/Jun/2023:06:20:41] DELETING PREPAGATI (JobID: aacd37be-8386-47ac-88ea-48a0bdd294d0)
 - Deleted: 0

[30/Jun/2023:06:30:04] UPDATING ACCOUNTS (JobID: 91e130a2-cc9f-4dd6-a211-bab8c6615393)
 - New and modified: 0

[30/Jun/2023:06:30:04] DELETING ACCOUNTS (JobID: 91e130a2-cc9f-4dd6-a211-bab8c6615393)
 - Deleted: 0

[30/Jun/2023:06:30:38] UPDATING PRODUCTS (JobID: 843bcd4a-345d-4dec-b8d3-ea9e63b69330)
 - New and modified: 0

[30/Jun/2023:06:30:40] UPDATING PREPAGATI (JobID: 414c30c4-fa8f-4ce3-a137-b53f9542a190)
 - New and modified: 0

[30/Jun/2023:06:30:40] DELETING PREPAGATI (JobID: 414c30c4-fa8f-4ce3-a137-b53f9542a190)
 - Deleted: 0

[30/Jun/2023:07:00:17] UPDATING ACCOUNTS (JobID: ca5175e0-61e3-44c5-b90f-df16698e2b99)
 - New and modified: 0

[30/Jun/2023:07:00:17] DELETING ACCOUNTS (JobID: ca5175e0-61e3-44c5-b90f-df16698e2b99)
 - Deleted: 0

[30/Jun/2023:07:00:52] UPDATING PRODUCTS (JobID: e2a8f425-728a-405c-9776-98d18ac6d1fa)
 - New and modified: 0

[30/Jun/2023:07:00:54] UPDATING PREPAGATI (JobID: 2f82d931-2604-4d41-8449-fbf675f21ef5)
 - New and modified: 0

[30/Jun/2023:07:00:54] DELETING PREPAGATI (JobID: 2f82d931-2604-4d41-8449-fbf675f21ef5)
 - Deleted: 0

[30/Jun/2023:07:10:04] UPDATING ACCOUNTS (JobID: bca0632d-af0b-462e-83fd-260dc2ba73fc)
 - New and modified: 0

[30/Jun/2023:07:10:04] DELETING ACCOUNTS (JobID: bca0632d-af0b-462e-83fd-260dc2ba73fc)
 - Deleted: 0

[30/Jun/2023:07:10:40] UPDATING PRODUCTS (JobID: fa99f30e-a940-47af-b59c-f5413432ecf3)
 - New and modified: 0

[30/Jun/2023:07:10:43] UPDATING PREPAGATI (JobID: b164be15-164c-4a8d-8081-8f1d436afead)
 - New and modified: 0

[30/Jun/2023:07:10:43] DELETING PREPAGATI (JobID: b164be15-164c-4a8d-8081-8f1d436afead)
 - Deleted: 0

[30/Jun/2023:08:00:04] UPDATING ACCOUNTS (JobID: c1923713-e1e8-4f5c-9e48-04fc50e56c93)
 - New and modified: 0

[30/Jun/2023:08:00:04] DELETING ACCOUNTS (JobID: c1923713-e1e8-4f5c-9e48-04fc50e56c93)
 - Deleted: 0

[30/Jun/2023:08:00:42] UPDATING PRODUCTS (JobID: 65121c12-75f5-45f7-ab35-6dfd1752d70e)
 - New and modified: 0

[30/Jun/2023:08:00:44] UPDATING PREPAGATI (JobID: 25f3e00d-7e6a-4b41-b5c6-e99347fe166e)
 - New and modified: 0

[30/Jun/2023:08:00:44] DELETING PREPAGATI (JobID: 25f3e00d-7e6a-4b41-b5c6-e99347fe166e)
 - Deleted: 0

[30/Jun/2023:08:10:04] UPDATING ACCOUNTS (JobID: 67a72030-d29d-4242-9869-68d70c12dc24)
 - New and modified: 0

[30/Jun/2023:08:10:04] DELETING ACCOUNTS (JobID: 67a72030-d29d-4242-9869-68d70c12dc24)
 - Deleted: 0

[30/Jun/2023:08:10:38] UPDATING PRODUCTS (JobID: f1a847ca-f213-455a-9bd7-8a971a21799f)
 - New and modified: 0

[30/Jun/2023:08:10:40] UPDATING PREPAGATI (JobID: 94514d3d-3bb2-4a5d-ab18-ae99dbae9a66)
 - New and modified: 0

[30/Jun/2023:08:10:40] DELETING PREPAGATI (JobID: 94514d3d-3bb2-4a5d-ab18-ae99dbae9a66)
 - Deleted: 0

[30/Jun/2023:08:20:04] UPDATING ACCOUNTS (JobID: 986ba126-ce3c-4b94-bfb0-f138e48dadd8)
 - New and modified: 0

[30/Jun/2023:08:20:04] DELETING ACCOUNTS (JobID: 986ba126-ce3c-4b94-bfb0-f138e48dadd8)
 - Deleted: 0

[30/Jun/2023:08:20:39] UPDATING PRODUCTS (JobID: 6875721c-f3df-4588-9f39-2eafc9b72745)
 - New and modified: 0

[30/Jun/2023:08:20:41] UPDATING PREPAGATI (JobID: 3bcf8257-5c40-40ed-b99c-f09670cd6097)
 - New and modified: 0

[30/Jun/2023:08:20:41] DELETING PREPAGATI (JobID: 3bcf8257-5c40-40ed-b99c-f09670cd6097)
 - Deleted: 0

[30/Jun/2023:08:30:05] UPDATING ACCOUNTS (JobID: d57c19ae-c53d-4154-aa9c-d20431a64946)
 - New and modified: 0

[30/Jun/2023:08:30:05] DELETING ACCOUNTS (JobID: d57c19ae-c53d-4154-aa9c-d20431a64946)
 - Deleted: 0

[30/Jun/2023:08:30:37] UPDATING PRODUCTS (JobID: 0022cb3d-335c-4773-8411-0580c2e626a5)
 - New and modified: 0

[30/Jun/2023:08:30:39] UPDATING PREPAGATI (JobID: 5b438145-0b9b-4b84-a019-1a511f80d394)
 - New and modified: 0

[30/Jun/2023:08:30:39] DELETING PREPAGATI (JobID: 5b438145-0b9b-4b84-a019-1a511f80d394)
 - Deleted: 0

[30/Jun/2023:08:40:04] UPDATING ACCOUNTS (JobID: 5fa48c90-91ba-481a-a899-d15ade7ddbb7)
 - New and modified: 0

[30/Jun/2023:08:40:04] DELETING ACCOUNTS (JobID: 5fa48c90-91ba-481a-a899-d15ade7ddbb7)
 - Deleted: 0

[30/Jun/2023:08:40:35] UPDATING PRODUCTS (JobID: 8759092c-cf80-45dd-a6ef-c6a1813040d4)
 - New and modified: 0

[30/Jun/2023:08:40:36] UPDATING PREPAGATI (JobID: caacdbca-6fbe-4748-b439-a9b83d53682c)
 - New and modified: 0

[30/Jun/2023:08:40:36] DELETING PREPAGATI (JobID: caacdbca-6fbe-4748-b439-a9b83d53682c)
 - Deleted: 0

[30/Jun/2023:09:00:04] UPDATING ACCOUNTS (JobID: 915b05d3-8a24-4075-9d3c-3a929c45f3d6)
 - New and modified: 0

[30/Jun/2023:09:00:04] DELETING ACCOUNTS (JobID: 915b05d3-8a24-4075-9d3c-3a929c45f3d6)
 - Deleted: 0

[30/Jun/2023:09:00:37] UPDATING PRODUCTS (JobID: cde4e9ef-a067-4744-b6cf-7a753ce5c77e)
 - New and modified: 0

[30/Jun/2023:09:00:39] UPDATING PREPAGATI (JobID: c99d8a1e-72a6-4c57-a042-e960f37a96be)
 - New and modified: 0

[30/Jun/2023:09:00:39] DELETING PREPAGATI (JobID: c99d8a1e-72a6-4c57-a042-e960f37a96be)
 - Deleted: 0

[30/Jun/2023:09:10:04] UPDATING ACCOUNTS (JobID: badfe1a3-eff9-4a40-a72c-e063518d61e7)
 - New and modified: 0

[30/Jun/2023:09:10:04] DELETING ACCOUNTS (JobID: badfe1a3-eff9-4a40-a72c-e063518d61e7)
 - Deleted: 0

[30/Jun/2023:09:10:35] UPDATING PRODUCTS (JobID: dd2e3f8a-4ae0-4d7f-850a-90b34e8cfd21)
 - New and modified: 0

[30/Jun/2023:09:10:37] UPDATING PREPAGATI (JobID: 3fd93025-4027-4c30-83d0-6f9b3c7251a9)
 - New and modified: 0

[30/Jun/2023:09:10:37] DELETING PREPAGATI (JobID: 3fd93025-4027-4c30-83d0-6f9b3c7251a9)
 - Deleted: 0

[30/Jun/2023:09:30:04] UPDATING ACCOUNTS (JobID: 83c9506f-7ed8-4bda-a7b8-723a09d36150)
 - New and modified: 0

[30/Jun/2023:09:30:04] DELETING ACCOUNTS (JobID: 83c9506f-7ed8-4bda-a7b8-723a09d36150)
 - Deleted: 0

[30/Jun/2023:09:30:37] UPDATING PRODUCTS (JobID: f9ecebfe-9f7e-4f50-a659-017bb6411b4d)
 - New and modified: 0

[30/Jun/2023:09:30:39] UPDATING PREPAGATI (JobID: 043ed278-971a-4036-b206-330856cbc78b)
 - New and modified: 0

[30/Jun/2023:09:30:39] DELETING PREPAGATI (JobID: 043ed278-971a-4036-b206-330856cbc78b)
 - Deleted: 0

[30/Jun/2023:10:10:05] UPDATING ACCOUNTS (JobID: c2786eef-3c24-4c72-b8dd-4816c3be9692)
 - New and modified: 0

[30/Jun/2023:10:10:05] DELETING ACCOUNTS (JobID: c2786eef-3c24-4c72-b8dd-4816c3be9692)
 - Deleted: 0

[30/Jun/2023:10:10:37] UPDATING PRODUCTS (JobID: d00a0df4-e48a-457f-a5df-80fda86bd5fd)
 - New and modified: 0

[30/Jun/2023:10:10:39] UPDATING PREPAGATI (JobID: c066bfd6-a397-417e-99b0-a77bd512041b)
 - New and modified: 0

[30/Jun/2023:10:10:39] DELETING PREPAGATI (JobID: c066bfd6-a397-417e-99b0-a77bd512041b)
 - Deleted: 0

[30/Jun/2023:10:20:04] UPDATING ACCOUNTS (JobID: 19d37ade-04cb-410c-967e-123b79dfcb41)
 - New and modified: 0

[30/Jun/2023:10:20:04] DELETING ACCOUNTS (JobID: 19d37ade-04cb-410c-967e-123b79dfcb41)
 - Deleted: 0

[30/Jun/2023:10:20:36] UPDATING PRODUCTS (JobID: aa234dfe-802d-4146-93f0-a2195aea7858)
 - New and modified: 0

[30/Jun/2023:10:20:38] UPDATING PREPAGATI (JobID: 8bcd55e0-fea4-47e9-8772-716e9a350ae7)
 - New and modified: 0

[30/Jun/2023:10:20:38] DELETING PREPAGATI (JobID: 8bcd55e0-fea4-47e9-8772-716e9a350ae7)
 - Deleted: 0

[30/Jun/2023:10:40:04] UPDATING ACCOUNTS (JobID: 789a2b5e-9007-4e25-bfb6-cba9e15fd87b)
 - New and modified: 0

[30/Jun/2023:10:40:04] DELETING ACCOUNTS (JobID: 789a2b5e-9007-4e25-bfb6-cba9e15fd87b)
 - Deleted: 0

[30/Jun/2023:10:40:35] UPDATING PRODUCTS (JobID: e903c9eb-db26-4784-b672-8ff3f3ee22fc)
 - New and modified: 0

[30/Jun/2023:10:40:36] UPDATING PREPAGATI (JobID: d4606094-5dcd-4250-a29e-49728a1e6d47)
 - New and modified: 0

[30/Jun/2023:10:40:36] DELETING PREPAGATI (JobID: d4606094-5dcd-4250-a29e-49728a1e6d47)
 - Deleted: 0

[30/Jun/2023:11:00:04] UPDATING ACCOUNTS (JobID: 73a5b3de-2edd-47af-8517-95971848ece4)
 - New and modified: 0

[30/Jun/2023:11:00:04] DELETING ACCOUNTS (JobID: 73a5b3de-2edd-47af-8517-95971848ece4)
 - Deleted: 0

[30/Jun/2023:11:00:39] UPDATING PRODUCTS (JobID: 91628c06-4afd-4af6-9b97-2644e8b95e55)
 - New and modified: 0

[30/Jun/2023:11:00:41] UPDATING PREPAGATI (JobID: 11aa66a9-1438-4e2d-9a06-1c90eebb785c)
 - New and modified: 0

[30/Jun/2023:11:00:41] DELETING PREPAGATI (JobID: 11aa66a9-1438-4e2d-9a06-1c90eebb785c)
 - Deleted: 0

[30/Jun/2023:11:10:04] UPDATING ACCOUNTS (JobID: e99e49da-04b3-4f70-a3b3-ea45bd4575b3)
 - New and modified: 0

[30/Jun/2023:11:10:04] DELETING ACCOUNTS (JobID: e99e49da-04b3-4f70-a3b3-ea45bd4575b3)
 - Deleted: 0

[30/Jun/2023:11:10:38] UPDATING PRODUCTS (JobID: 3edb7258-00e8-4ee4-b816-3f0e42921945)
 - New and modified: 0

[30/Jun/2023:11:10:40] UPDATING PREPAGATI (JobID: e96b2d77-0fc5-4d4f-9ea4-427d6c5a7a1d)
 - New and modified: 0

[30/Jun/2023:11:10:40] DELETING PREPAGATI (JobID: e96b2d77-0fc5-4d4f-9ea4-427d6c5a7a1d)
 - Deleted: 0

[30/Jun/2023:11:40:04] UPDATING ACCOUNTS (JobID: 0148d5f7-0887-43bd-9872-3a96251a773f)
 - New and modified: 0

[30/Jun/2023:11:40:04] DELETING ACCOUNTS (JobID: 0148d5f7-0887-43bd-9872-3a96251a773f)
 - Deleted: 0

[30/Jun/2023:11:40:37] UPDATING PRODUCTS (JobID: dc8d5a1e-ae5d-46c6-8ecf-d7e38543d2ee)
 - New and modified: 0

[30/Jun/2023:11:40:38] UPDATING PREPAGATI (JobID: d1a78328-34e8-4c62-a6bc-6e4233902727)
 - New and modified: 0

[30/Jun/2023:11:40:38] DELETING PREPAGATI (JobID: d1a78328-34e8-4c62-a6bc-6e4233902727)
 - Deleted: 0

[30/Jun/2023:12:00:04] UPDATING ACCOUNTS (JobID: ef4ca2ef-3c30-42b4-8e5b-3cab13c8bd6f)
 - New and modified: 0

[30/Jun/2023:12:00:04] DELETING ACCOUNTS (JobID: ef4ca2ef-3c30-42b4-8e5b-3cab13c8bd6f)
 - Deleted: 0

[30/Jun/2023:12:00:35] UPDATING PRODUCTS (JobID: ff8c2c94-7c17-400e-8881-7b08de73b3a9)
 - New and modified: 0

[30/Jun/2023:12:00:38] UPDATING PREPAGATI (JobID: 28764f3c-5eba-4cbb-9c0c-5056b0e91ebe)
 - New and modified: 0

[30/Jun/2023:12:00:38] DELETING PREPAGATI (JobID: 28764f3c-5eba-4cbb-9c0c-5056b0e91ebe)
 - Deleted: 0

[30/Jun/2023:12:10:04] UPDATING ACCOUNTS (JobID: 7df0b137-db6f-49ce-bfdd-cf12f9c4328b)
 - New and modified: 0

[30/Jun/2023:12:10:04] DELETING ACCOUNTS (JobID: 7df0b137-db6f-49ce-bfdd-cf12f9c4328b)
 - Deleted: 0

[30/Jun/2023:12:10:38] UPDATING PRODUCTS (JobID: ef832730-0979-454d-819a-e2326adbbd0e)
 - New and modified: 0

[30/Jun/2023:12:10:40] UPDATING PREPAGATI (JobID: 925dca22-7fd9-4ff1-b50e-eba53981d696)
 - New and modified: 0

[30/Jun/2023:12:10:40] DELETING PREPAGATI (JobID: 925dca22-7fd9-4ff1-b50e-eba53981d696)
 - Deleted: 0

[30/Jun/2023:12:30:04] UPDATING ACCOUNTS (JobID: a88eb737-e12c-43d6-840e-ba48d295f095)
 - New and modified: 0

[30/Jun/2023:12:30:04] DELETING ACCOUNTS (JobID: a88eb737-e12c-43d6-840e-ba48d295f095)
 - Deleted: 0

[30/Jun/2023:12:30:36] UPDATING PRODUCTS (JobID: 8f38f361-1e07-48f3-a027-af4d4de1dc66)
 - New and modified: 0

[30/Jun/2023:12:30:38] UPDATING PREPAGATI (JobID: 082f1fe1-1c7d-477a-931a-d73c4d467bc9)
 - New and modified: 0

[30/Jun/2023:12:30:38] DELETING PREPAGATI (JobID: 082f1fe1-1c7d-477a-931a-d73c4d467bc9)
 - Deleted: 0

[30/Jun/2023:12:40:04] UPDATING ACCOUNTS (JobID: bec05d21-b685-4eab-95df-e0b960aa0400)
 - New and modified: 0

[30/Jun/2023:12:40:04] DELETING ACCOUNTS (JobID: bec05d21-b685-4eab-95df-e0b960aa0400)
 - Deleted: 0

[30/Jun/2023:12:40:35] UPDATING PRODUCTS (JobID: 09a0a874-6426-4939-8fcc-794408df5fdc)
 - New and modified: 0

[30/Jun/2023:12:40:37] UPDATING PREPAGATI (JobID: bc1d8d96-08f9-463a-b9c2-a4b0b0bde78a)
 - New and modified: 0

[30/Jun/2023:12:40:37] DELETING PREPAGATI (JobID: bc1d8d96-08f9-463a-b9c2-a4b0b0bde78a)
 - Deleted: 0

[30/Jun/2023:13:20:04] UPDATING ACCOUNTS (JobID: a8bacf66-25c5-40ce-aa6a-3bbcf8be2200)
 - New and modified: 0

[30/Jun/2023:13:20:04] DELETING ACCOUNTS (JobID: a8bacf66-25c5-40ce-aa6a-3bbcf8be2200)
 - Deleted: 0

[30/Jun/2023:13:20:37] UPDATING PRODUCTS (JobID: ba7e433f-9e97-427d-b996-8c7f5a8debaa)
 - New and modified: 0

[30/Jun/2023:13:20:38] UPDATING PREPAGATI (JobID: 1dd71d8d-4885-4767-ad66-59517b3fd030)
 - New and modified: 0

[30/Jun/2023:13:20:38] DELETING PREPAGATI (JobID: 1dd71d8d-4885-4767-ad66-59517b3fd030)
 - Deleted: 0

[30/Jun/2023:14:10:04] UPDATING ACCOUNTS (JobID: 05262a9c-466e-4aa9-97fd-2833366b8de5)
 - New and modified: 0

[30/Jun/2023:14:10:04] DELETING ACCOUNTS (JobID: 05262a9c-466e-4aa9-97fd-2833366b8de5)
 - Deleted: 0

[30/Jun/2023:14:10:38] UPDATING PRODUCTS (JobID: 8e76adab-04ca-4df1-a698-fc4c6910e7a9)
 - New and modified: 0

[30/Jun/2023:14:10:40] UPDATING PREPAGATI (JobID: 8492cde0-b55a-4bbb-9e9d-e44e832624cb)
 - New and modified: 0

[30/Jun/2023:14:10:40] DELETING PREPAGATI (JobID: 8492cde0-b55a-4bbb-9e9d-e44e832624cb)
 - Deleted: 0

[30/Jun/2023:15:10:04] UPDATING ACCOUNTS (JobID: b750d829-7960-4353-833f-0a8814c4d4ac)
 - New and modified: 0

[30/Jun/2023:15:10:04] DELETING ACCOUNTS (JobID: b750d829-7960-4353-833f-0a8814c4d4ac)
 - Deleted: 0

[30/Jun/2023:15:10:39] UPDATING PRODUCTS (JobID: 881516f4-d510-4ee3-8158-8374748ff701)
 - New and modified: 0

[30/Jun/2023:15:10:40] UPDATING PREPAGATI (JobID: 34a81712-d799-4d63-b0f3-4937e86057b8)
 - New and modified: 0

[30/Jun/2023:15:10:40] DELETING PREPAGATI (JobID: 34a81712-d799-4d63-b0f3-4937e86057b8)
 - Deleted: 0

[30/Jun/2023:16:00:04] UPDATING ACCOUNTS (JobID: e7a09964-eb20-4539-a07d-85ed8cca2053)
 - New and modified: 0

[30/Jun/2023:16:00:04] DELETING ACCOUNTS (JobID: e7a09964-eb20-4539-a07d-85ed8cca2053)
 - Deleted: 0

[30/Jun/2023:16:00:38] UPDATING PRODUCTS (JobID: 725241ca-9b31-4ab0-8ff2-2d589d28cc9d)
 - New and modified: 0

[30/Jun/2023:16:00:41] UPDATING PREPAGATI (JobID: 2cc724ac-3356-4a17-a264-e4134904010c)
 - New and modified: 0

[30/Jun/2023:16:00:41] DELETING PREPAGATI (JobID: 2cc724ac-3356-4a17-a264-e4134904010c)
 - Deleted: 0

[30/Jun/2023:16:20:04] UPDATING ACCOUNTS (JobID: 6468ace6-5e4b-4d2d-8c81-c7806b009d3f)
 - New and modified: 0

[30/Jun/2023:16:20:04] DELETING ACCOUNTS (JobID: 6468ace6-5e4b-4d2d-8c81-c7806b009d3f)
 - Deleted: 0

[30/Jun/2023:16:20:39] UPDATING PRODUCTS (JobID: d0acbf4c-0128-4569-b663-a31e22f148e6)
 - New and modified: 0

[30/Jun/2023:16:20:42] UPDATING PREPAGATI (JobID: b41f521d-e92b-4eb7-82c2-d829cb19ea17)
 - New and modified: 0

[30/Jun/2023:16:20:42] DELETING PREPAGATI (JobID: b41f521d-e92b-4eb7-82c2-d829cb19ea17)
 - Deleted: 0

[30/Jun/2023:16:40:04] UPDATING ACCOUNTS (JobID: 31fb71ce-af0a-44f4-8de2-bfe01b3ada5b)
 - New and modified: 0

[30/Jun/2023:16:40:04] DELETING ACCOUNTS (JobID: 31fb71ce-af0a-44f4-8de2-bfe01b3ada5b)
 - Deleted: 0

[30/Jun/2023:16:40:36] UPDATING PRODUCTS (JobID: 686fe431-76d2-49e8-90ee-dc394f9b0061)
 - New and modified: 0

[30/Jun/2023:16:40:38] UPDATING PREPAGATI (JobID: 9a35faae-6a5a-476e-b373-516c32a65728)
 - New and modified: 0

[30/Jun/2023:16:40:38] DELETING PREPAGATI (JobID: 9a35faae-6a5a-476e-b373-516c32a65728)
 - Deleted: 0

[30/Jun/2023:17:00:05] UPDATING ACCOUNTS (JobID: 47a36fe3-a9ce-45d4-a09b-f9bd8d30bd7b)
 - New and modified: 0

[30/Jun/2023:17:00:05] DELETING ACCOUNTS (JobID: 47a36fe3-a9ce-45d4-a09b-f9bd8d30bd7b)
 - Deleted: 0

[30/Jun/2023:17:00:37] UPDATING PRODUCTS (JobID: f1a0327f-e346-4144-a095-05a4b2a3111d)
 - New and modified: 0

[30/Jun/2023:17:00:39] UPDATING PREPAGATI (JobID: 2fffec33-f62a-4071-bd47-532101b267e7)
 - New and modified: 0

[30/Jun/2023:17:00:39] DELETING PREPAGATI (JobID: 2fffec33-f62a-4071-bd47-532101b267e7)
 - Deleted: 0

[30/Jun/2023:17:20:04] UPDATING ACCOUNTS (JobID: 2611c217-8644-4e88-bf5a-3e8dba290bde)
 - New and modified: 0

[30/Jun/2023:17:20:04] DELETING ACCOUNTS (JobID: 2611c217-8644-4e88-bf5a-3e8dba290bde)
 - Deleted: 0

[30/Jun/2023:17:20:41] UPDATING PRODUCTS (JobID: f06bc65b-f1b1-4704-813e-64fc15891a49)
 - New and modified: 0

[30/Jun/2023:17:20:43] UPDATING PREPAGATI (JobID: 62587a38-30ab-4e9b-8ba9-052a29f7e3ad)
 - New and modified: 0

[30/Jun/2023:17:20:43] DELETING PREPAGATI (JobID: 62587a38-30ab-4e9b-8ba9-052a29f7e3ad)
 - Deleted: 0

[30/Jun/2023:17:50:04] UPDATING ACCOUNTS (JobID: dc96ff25-8532-4cc9-b752-0cfecb04ee3e)
 - New and modified: 0

[30/Jun/2023:17:50:04] DELETING ACCOUNTS (JobID: dc96ff25-8532-4cc9-b752-0cfecb04ee3e)
 - Deleted: 0

[30/Jun/2023:17:50:37] UPDATING PRODUCTS (JobID: 91e4c97f-bc18-45b7-811a-fc30a2a0d664)
 - New and modified: 0

[30/Jun/2023:17:50:39] UPDATING PREPAGATI (JobID: 77a033f2-f025-40db-878b-2b3b7d1a0ae9)
 - New and modified: 0

[30/Jun/2023:17:50:39] DELETING PREPAGATI (JobID: 77a033f2-f025-40db-878b-2b3b7d1a0ae9)
 - Deleted: 0

[30/Jun/2023:18:10:04] UPDATING ACCOUNTS (JobID: f7ebd24a-0695-4425-b2d0-3a10f8ada7e2)
 - New and modified: 0

[30/Jun/2023:18:10:04] DELETING ACCOUNTS (JobID: f7ebd24a-0695-4425-b2d0-3a10f8ada7e2)
 - Deleted: 0

[30/Jun/2023:18:10:38] UPDATING PRODUCTS (JobID: 4cd89395-a055-4ab7-99ad-9a0c89bc666d)
 - New and modified: 0

[30/Jun/2023:18:10:40] UPDATING PREPAGATI (JobID: 75dd770f-e628-42f5-bf8d-d2863c57698d)
 - New and modified: 0

[30/Jun/2023:18:10:40] DELETING PREPAGATI (JobID: 75dd770f-e628-42f5-bf8d-d2863c57698d)
 - Deleted: 0

[30/Jun/2023:18:40:04] UPDATING ACCOUNTS (JobID: 8c69d6cb-06d0-4f03-a5a0-485c8fe1b905)
 - New and modified: 0

[30/Jun/2023:18:40:04] DELETING ACCOUNTS (JobID: 8c69d6cb-06d0-4f03-a5a0-485c8fe1b905)
 - Deleted: 0

[30/Jun/2023:18:40:37] UPDATING PRODUCTS (JobID: c05cb59f-8c6a-4422-9f3c-3148b85559d4)
 - New and modified: 0

[30/Jun/2023:18:40:39] UPDATING PREPAGATI (JobID: 3145a71f-38dc-4bf5-809e-f3d61408e9de)
 - New and modified: 0

[30/Jun/2023:18:40:39] DELETING PREPAGATI (JobID: 3145a71f-38dc-4bf5-809e-f3d61408e9de)
 - Deleted: 0

[30/Jun/2023:19:20:05] UPDATING ACCOUNTS (JobID: ecc498f3-6ebd-4dd5-a774-5836b79874be)
 - New and modified: 0

[30/Jun/2023:19:20:05] DELETING ACCOUNTS (JobID: ecc498f3-6ebd-4dd5-a774-5836b79874be)
 - Deleted: 0

[30/Jun/2023:19:20:40] UPDATING PRODUCTS (JobID: 5e3543cf-2f12-4e70-a831-d7a998cb977d)
 - New and modified: 0

[30/Jun/2023:19:20:42] UPDATING PREPAGATI (JobID: 92266029-883d-4036-ba84-54cbbbe3daeb)
 - New and modified: 0

[30/Jun/2023:19:20:42] DELETING PREPAGATI (JobID: 92266029-883d-4036-ba84-54cbbbe3daeb)
 - Deleted: 0

[30/Jun/2023:19:40:05] UPDATING ACCOUNTS (JobID: e830026d-f97b-47e3-99df-fcccc7e52541)
 - New and modified: 0

[30/Jun/2023:19:40:05] DELETING ACCOUNTS (JobID: e830026d-f97b-47e3-99df-fcccc7e52541)
 - Deleted: 0

[30/Jun/2023:19:40:38] UPDATING PRODUCTS (JobID: 11cb7777-8837-4638-a579-5c307db8d21c)
 - New and modified: 0

[30/Jun/2023:19:40:40] UPDATING PREPAGATI (JobID: 6a64929e-fdc7-4ea1-b659-cdff8557cedc)
 - New and modified: 0

[30/Jun/2023:19:40:40] DELETING PREPAGATI (JobID: 6a64929e-fdc7-4ea1-b659-cdff8557cedc)
 - Deleted: 0

[30/Jun/2023:19:50:04] UPDATING ACCOUNTS (JobID: 4c579d4c-b2ee-4e89-aad2-c596536edb39)
 - New and modified: 0

[30/Jun/2023:19:50:04] DELETING ACCOUNTS (JobID: 4c579d4c-b2ee-4e89-aad2-c596536edb39)
 - Deleted: 0

[30/Jun/2023:19:50:38] UPDATING PRODUCTS (JobID: 0533f95a-93e0-4d43-9559-1583220700af)
 - New and modified: 0

[30/Jun/2023:19:50:39] UPDATING PREPAGATI (JobID: 3ea073b9-eafa-4174-8020-586a8455f1cb)
 - New and modified: 0

[30/Jun/2023:19:50:39] DELETING PREPAGATI (JobID: 3ea073b9-eafa-4174-8020-586a8455f1cb)
 - Deleted: 0

[30/Jun/2023:20:00:04] UPDATING ACCOUNTS (JobID: a729a546-9a2c-4b35-ac11-e59a091e58e7)
 - New and modified: 0

[30/Jun/2023:20:00:04] DELETING ACCOUNTS (JobID: a729a546-9a2c-4b35-ac11-e59a091e58e7)
 - Deleted: 0

[30/Jun/2023:20:00:38] UPDATING PRODUCTS (JobID: edaec9a4-e38d-4df5-ab67-b756f338a154)
 - New and modified: 0

[30/Jun/2023:20:00:40] UPDATING PREPAGATI (JobID: 0d123865-6a2b-41e7-ba09-3d32fc7bc9a9)
 - New and modified: 0

[30/Jun/2023:20:00:40] DELETING PREPAGATI (JobID: 0d123865-6a2b-41e7-ba09-3d32fc7bc9a9)
 - Deleted: 0

[30/Jun/2023:20:40:05] UPDATING ACCOUNTS (JobID: f610ce73-1aaf-455a-b9ad-6cf4dbd386c7)
 - New and modified: 0

[30/Jun/2023:20:40:05] DELETING ACCOUNTS (JobID: f610ce73-1aaf-455a-b9ad-6cf4dbd386c7)
 - Deleted: 0

[30/Jun/2023:20:40:39] UPDATING PRODUCTS (JobID: 6fe57d53-2fde-4c27-87a3-147bad461305)
 - New and modified: 0

[30/Jun/2023:20:40:41] UPDATING PREPAGATI (JobID: 9a55eed6-790e-4135-a04b-b96082d213a9)
 - New and modified: 0

[30/Jun/2023:20:40:41] DELETING PREPAGATI (JobID: 9a55eed6-790e-4135-a04b-b96082d213a9)
 - Deleted: 0

[30/Jun/2023:20:50:06] UPDATING ACCOUNTS (JobID: 73db11de-d891-4a5c-b71b-12dc245b484c)
 - New and modified: 0

[30/Jun/2023:20:50:06] DELETING ACCOUNTS (JobID: 73db11de-d891-4a5c-b71b-12dc245b484c)
 - Deleted: 0

[30/Jun/2023:20:50:40] UPDATING PRODUCTS (JobID: bacca84b-a7ae-4ce5-aa3d-e955caf6f430)
 - New and modified: 0

[30/Jun/2023:20:50:42] UPDATING PREPAGATI (JobID: 46e75ebf-c99d-487b-8b4c-208e1fefefee)
 - New and modified: 0

[30/Jun/2023:20:50:42] DELETING PREPAGATI (JobID: 46e75ebf-c99d-487b-8b4c-208e1fefefee)
 - Deleted: 0

[30/Jun/2023:21:10:04] UPDATING ACCOUNTS (JobID: 0a327aa7-f02d-4d6d-8799-356891235b50)
 - New and modified: 0

[30/Jun/2023:21:10:04] DELETING ACCOUNTS (JobID: 0a327aa7-f02d-4d6d-8799-356891235b50)
 - Deleted: 0

[30/Jun/2023:21:10:36] UPDATING PRODUCTS (JobID: c7d53fc0-2013-4b9a-9996-117d0bf0a07c)
 - New and modified: 0

[30/Jun/2023:21:10:38] UPDATING PREPAGATI (JobID: b2dd82cd-ae39-4435-bd61-2fe094eaa8b4)
 - New and modified: 0

[30/Jun/2023:21:10:38] DELETING PREPAGATI (JobID: b2dd82cd-ae39-4435-bd61-2fe094eaa8b4)
 - Deleted: 0

[30/Jun/2023:21:20:04] UPDATING ACCOUNTS (JobID: 2e5514f8-6551-476e-8172-379cbdd20d5f)
 - New and modified: 0

[30/Jun/2023:21:20:04] DELETING ACCOUNTS (JobID: 2e5514f8-6551-476e-8172-379cbdd20d5f)
 - Deleted: 0

[30/Jun/2023:21:20:36] UPDATING PRODUCTS (JobID: e56c4ef5-d5a8-40d4-8b21-35d8e52390c6)
 - New and modified: 0

[30/Jun/2023:21:20:38] UPDATING PREPAGATI (JobID: b47becca-ee89-4a1c-9fc9-c2e564a08e51)
 - New and modified: 0

[30/Jun/2023:21:20:38] DELETING PREPAGATI (JobID: b47becca-ee89-4a1c-9fc9-c2e564a08e51)
 - Deleted: 0

[30/Jun/2023:21:50:04] UPDATING ACCOUNTS (JobID: d0eed4f2-9d84-4bf7-ab3e-f7a5d87c1cf3)
 - New and modified: 0

[30/Jun/2023:21:50:04] DELETING ACCOUNTS (JobID: d0eed4f2-9d84-4bf7-ab3e-f7a5d87c1cf3)
 - Deleted: 0

[30/Jun/2023:21:50:36] UPDATING PRODUCTS (JobID: bb41282e-b6f9-4023-9ae0-17732d00b10d)
 - New and modified: 0

[30/Jun/2023:21:50:38] UPDATING PREPAGATI (JobID: b558156c-3902-478c-89f1-4bee810920ad)
 - New and modified: 0

[30/Jun/2023:21:50:38] DELETING PREPAGATI (JobID: b558156c-3902-478c-89f1-4bee810920ad)
 - Deleted: 0

[30/Jun/2023:22:00:05] UPDATING ACCOUNTS (JobID: 0552ef59-58bc-4fc1-af25-0f5545aac590)
 - New and modified: 0

[30/Jun/2023:22:00:05] DELETING ACCOUNTS (JobID: 0552ef59-58bc-4fc1-af25-0f5545aac590)
 - Deleted: 0

[30/Jun/2023:22:00:38] UPDATING PRODUCTS (JobID: 70f13eda-2cc9-4f6c-ae9f-9a9f85a0a376)
 - New and modified: 0

[30/Jun/2023:22:00:40] UPDATING PREPAGATI (JobID: aa22c3f1-8e93-4de0-9aca-0cf0b0d6cca0)
 - New and modified: 0

[30/Jun/2023:22:00:40] DELETING PREPAGATI (JobID: aa22c3f1-8e93-4de0-9aca-0cf0b0d6cca0)
 - Deleted: 0

[30/Jun/2023:23:30:04] UPDATING ACCOUNTS (JobID: b8a30887-4a42-4f89-91d3-3705a8e9a45e)
 - New and modified: 0

[30/Jun/2023:23:30:04] DELETING ACCOUNTS (JobID: b8a30887-4a42-4f89-91d3-3705a8e9a45e)
 - Deleted: 0

[30/Jun/2023:23:30:36] UPDATING PRODUCTS (JobID: 05f8d824-3a8f-48d4-88c2-8710fc843ba4)
 - New and modified: 0

[30/Jun/2023:23:30:38] UPDATING PREPAGATI (JobID: 1678ab1a-cccf-4b64-8196-4cd8613954ff)
 - New and modified: 0

[30/Jun/2023:23:30:38] DELETING PREPAGATI (JobID: 1678ab1a-cccf-4b64-8196-4cd8613954ff)
 - Deleted: 0

