[14/May/2023:00:00:06] UPDATING ACCOUNTS (JobID: a08de10e-d56d-4451-bcd2-d2960b9763eb)
 - New and modified: 0

[14/May/2023:00:00:06] DELETING ACCOUNTS (JobID: a08de10e-d56d-4451-bcd2-d2960b9763eb)
 - Deleted: 0

[14/May/2023:00:00:52] UPDATING PRODUCTS (JobID: f20c9342-fc77-4834-8fef-a677994378b8)
 - New and modified: 0

[14/May/2023:00:00:55] UPDATING PREPAGATI (JobID: 76ee9061-3988-4cda-94df-8ff54691b613)
 - New and modified: 0

[14/May/2023:00:00:55] DELETING PREPAGATI (JobID: 76ee9061-3988-4cda-94df-8ff54691b613)
 - Deleted: 0

[14/May/2023:00:10:05] UPDATING ACCOUNTS (JobID: e1ab7075-791f-45cc-8c39-153c763be299)
 - New and modified: 0

[14/May/2023:00:10:05] DELETING ACCOUNTS (JobID: e1ab7075-791f-45cc-8c39-153c763be299)
 - Deleted: 0

[14/May/2023:00:10:46] UPDATING PRODUCTS (JobID: ef350cfa-1c90-4d6f-9db7-7e9127c10fe4)
 - New and modified: 0

[14/May/2023:00:10:49] UPDATING PREPAGATI (JobID: aee97212-8462-49ee-81ef-56e5256345d9)
 - New and modified: 0

[14/May/2023:00:10:49] DELETING PREPAGATI (JobID: aee97212-8462-49ee-81ef-56e5256345d9)
 - Deleted: 0

[14/May/2023:00:20:06] UPDATING ACCOUNTS (JobID: 44ae013f-2ef0-4eab-b85c-61e8d156d8bb)
 - New and modified: 0

[14/May/2023:00:20:06] DELETING ACCOUNTS (JobID: 44ae013f-2ef0-4eab-b85c-61e8d156d8bb)
 - Deleted: 0

[14/May/2023:00:20:49] UPDATING PRODUCTS (JobID: f12ecc2c-04da-4936-aae4-b770ee3ef45b)
 - New and modified: 0

[14/May/2023:00:20:52] UPDATING PREPAGATI (JobID: 28f921c6-7386-4e69-85d5-58d3ea2df947)
 - New and modified: 0

[14/May/2023:00:20:52] DELETING PREPAGATI (JobID: 28f921c6-7386-4e69-85d5-58d3ea2df947)
 - Deleted: 0

[14/May/2023:00:30:05] UPDATING ACCOUNTS (JobID: dd29b310-826f-4d1e-8f67-57762d94f913)
 - New and modified: 0

[14/May/2023:00:30:05] DELETING ACCOUNTS (JobID: dd29b310-826f-4d1e-8f67-57762d94f913)
 - Deleted: 0

[14/May/2023:00:30:44] UPDATING PRODUCTS (JobID: 685e97b7-2fdb-42f8-9738-775c49189914)
 - New and modified: 0

[14/May/2023:00:30:47] UPDATING PREPAGATI (JobID: f5c85fa2-460b-4c5f-bcee-77a64ce0c1fc)
 - New and modified: 0

[14/May/2023:00:30:47] DELETING PREPAGATI (JobID: f5c85fa2-460b-4c5f-bcee-77a64ce0c1fc)
 - Deleted: 0

[14/May/2023:00:40:05] UPDATING ACCOUNTS (JobID: 7e0a63bf-2004-4dbf-89dc-384e6b790e4b)
 - New and modified: 0

[14/May/2023:00:40:05] DELETING ACCOUNTS (JobID: 7e0a63bf-2004-4dbf-89dc-384e6b790e4b)
 - Deleted: 0

[14/May/2023:00:40:47] UPDATING PRODUCTS (JobID: b8a06442-11dd-4248-b0a1-27ec13af3d7a)
 - New and modified: 0

[14/May/2023:00:40:50] UPDATING PREPAGATI (JobID: 203e79a4-ca2e-4bf3-b2fb-224e4ba05476)
 - New and modified: 0

[14/May/2023:00:40:50] DELETING PREPAGATI (JobID: 203e79a4-ca2e-4bf3-b2fb-224e4ba05476)
 - Deleted: 0

[14/May/2023:00:50:06] UPDATING ACCOUNTS (JobID: 21314ec1-4ee5-4b1f-a883-e11927d4c215)
 - New and modified: 0

[14/May/2023:00:50:06] DELETING ACCOUNTS (JobID: 21314ec1-4ee5-4b1f-a883-e11927d4c215)
 - Deleted: 0

[14/May/2023:00:50:49] UPDATING PRODUCTS (JobID: 49713aab-cf12-4c48-94a6-711a465bbe19)
 - New and modified: 0

[14/May/2023:00:50:53] UPDATING PREPAGATI (JobID: a23d7c96-867d-4a2f-ad63-4718179d821e)
 - New and modified: 0

[14/May/2023:00:50:53] DELETING PREPAGATI (JobID: a23d7c96-867d-4a2f-ad63-4718179d821e)
 - Deleted: 0

[14/May/2023:01:00:06] UPDATING ACCOUNTS (JobID: c3708777-e718-46f4-b2d8-30f85c39f45a)
 - New and modified: 0

[14/May/2023:01:00:06] DELETING ACCOUNTS (JobID: c3708777-e718-46f4-b2d8-30f85c39f45a)
 - Deleted: 0

[14/May/2023:01:00:50] UPDATING PRODUCTS (JobID: 36131110-7662-4e98-be7a-c7314385e710)
 - New and modified: 0

[14/May/2023:01:00:54] UPDATING PREPAGATI (JobID: 8e6c65e2-6f9d-472d-88ea-451dfa90d144)
 - New and modified: 0

[14/May/2023:01:00:54] DELETING PREPAGATI (JobID: 8e6c65e2-6f9d-472d-88ea-451dfa90d144)
 - Deleted: 0

[14/May/2023:01:10:05] UPDATING ACCOUNTS (JobID: 9eb7a77a-de7b-4bbd-ae22-3379c810835b)
 - New and modified: 0

[14/May/2023:01:10:05] DELETING ACCOUNTS (JobID: 9eb7a77a-de7b-4bbd-ae22-3379c810835b)
 - Deleted: 0

[14/May/2023:01:10:44] UPDATING PRODUCTS (JobID: 0d9ff711-8e0b-4b3c-987d-d905937b1a53)
 - New and modified: 0

[14/May/2023:01:10:47] UPDATING PREPAGATI (JobID: 4ff6c920-641f-45e0-a237-fcde76e1ab11)
 - New and modified: 0

[14/May/2023:01:10:47] DELETING PREPAGATI (JobID: 4ff6c920-641f-45e0-a237-fcde76e1ab11)
 - Deleted: 0

[14/May/2023:01:20:06] UPDATING ACCOUNTS (JobID: 9a2b2403-c7e7-43ea-ae81-7cb58e144452)
 - New and modified: 0

[14/May/2023:01:20:06] DELETING ACCOUNTS (JobID: 9a2b2403-c7e7-43ea-ae81-7cb58e144452)
 - Deleted: 0

[14/May/2023:01:20:50] UPDATING PRODUCTS (JobID: 05ef273d-0a1a-4a88-91f2-3e9f6938830c)
 - New and modified: 0

[14/May/2023:01:20:53] UPDATING PREPAGATI (JobID: aec069cf-16f8-4d69-9e17-b56019c28e6b)
 - New and modified: 0

[14/May/2023:01:20:53] DELETING PREPAGATI (JobID: aec069cf-16f8-4d69-9e17-b56019c28e6b)
 - Deleted: 0

[14/May/2023:01:30:05] UPDATING ACCOUNTS (JobID: 6d223a1b-1bc3-4482-b3c2-596a4dd7e41e)
 - New and modified: 0

[14/May/2023:01:30:05] DELETING ACCOUNTS (JobID: 6d223a1b-1bc3-4482-b3c2-596a4dd7e41e)
 - Deleted: 0

[14/May/2023:01:30:49] UPDATING PRODUCTS (JobID: f786166c-6d9f-4a71-944e-aa3134883d16)
 - New and modified: 0

[14/May/2023:01:30:52] UPDATING PREPAGATI (JobID: c1f0ddbd-6719-4f99-a469-cc0cce057812)
 - New and modified: 0

[14/May/2023:01:30:52] DELETING PREPAGATI (JobID: c1f0ddbd-6719-4f99-a469-cc0cce057812)
 - Deleted: 0

[14/May/2023:01:40:05] UPDATING ACCOUNTS (JobID: 6427a814-4dad-4eb6-aff1-c5884f639d5a)
 - New and modified: 0

[14/May/2023:01:40:05] DELETING ACCOUNTS (JobID: 6427a814-4dad-4eb6-aff1-c5884f639d5a)
 - Deleted: 0

[14/May/2023:01:40:41] UPDATING PRODUCTS (JobID: ff4c74c4-e203-4240-9e9d-8410e18942c5)
 - New and modified: 0

[14/May/2023:01:40:44] UPDATING PREPAGATI (JobID: 6be0cf4e-c720-4d37-9537-875b879b0d3a)
 - New and modified: 0

[14/May/2023:01:40:44] DELETING PREPAGATI (JobID: 6be0cf4e-c720-4d37-9537-875b879b0d3a)
 - Deleted: 0

[14/May/2023:01:50:05] UPDATING ACCOUNTS (JobID: 0c63ac3b-24f0-4818-83c1-d749219de4a8)
 - New and modified: 0

[14/May/2023:01:50:05] DELETING ACCOUNTS (JobID: 0c63ac3b-24f0-4818-83c1-d749219de4a8)
 - Deleted: 0

[14/May/2023:01:50:46] UPDATING PRODUCTS (JobID: faa4a87c-2427-43f8-82b5-209bf29b4b9c)
 - New and modified: 0

[14/May/2023:01:50:49] UPDATING PREPAGATI (JobID: 7aadd16d-405a-4d59-b280-97c60e6eaa74)
 - New and modified: 0

[14/May/2023:01:50:49] DELETING PREPAGATI (JobID: 7aadd16d-405a-4d59-b280-97c60e6eaa74)
 - Deleted: 0

[14/May/2023:02:00:05] UPDATING ACCOUNTS (JobID: 98e2931d-7021-45d0-9473-5a6067ce2143)
 - New and modified: 0

[14/May/2023:02:00:05] DELETING ACCOUNTS (JobID: 98e2931d-7021-45d0-9473-5a6067ce2143)
 - Deleted: 0

[14/May/2023:02:00:44] UPDATING PRODUCTS (JobID: 2b07eb8c-0432-4eba-87ab-e5c52af0bf73)
 - New and modified: 0

[14/May/2023:02:00:48] UPDATING PREPAGATI (JobID: 047334ae-7d1e-4604-82ab-7913a0de3114)
 - New and modified: 0

[14/May/2023:02:00:48] DELETING PREPAGATI (JobID: 047334ae-7d1e-4604-82ab-7913a0de3114)
 - Deleted: 0

[14/May/2023:02:10:05] UPDATING ACCOUNTS (JobID: fe9d3d3e-00d5-45df-9682-6bf42966d3d3)
 - New and modified: 0

[14/May/2023:02:10:05] DELETING ACCOUNTS (JobID: fe9d3d3e-00d5-45df-9682-6bf42966d3d3)
 - Deleted: 0

[14/May/2023:02:10:48] UPDATING PRODUCTS (JobID: 25672b7e-04c7-4311-99e7-640c83e4e7f4)
 - New and modified: 0

[14/May/2023:02:10:52] UPDATING PREPAGATI (JobID: 478e1c70-6cb9-4d81-8278-50aea1762c7c)
 - New and modified: 0

[14/May/2023:02:10:52] DELETING PREPAGATI (JobID: 478e1c70-6cb9-4d81-8278-50aea1762c7c)
 - Deleted: 0

[14/May/2023:02:20:06] UPDATING ACCOUNTS (JobID: bb1867f6-db55-42c2-8233-e603504262d9)
 - New and modified: 0

[14/May/2023:02:20:06] DELETING ACCOUNTS (JobID: bb1867f6-db55-42c2-8233-e603504262d9)
 - Deleted: 0

[14/May/2023:02:20:52] UPDATING PRODUCTS (JobID: 5cda02f5-3aa0-429b-9500-2c7219756f02)
 - New and modified: 0

[14/May/2023:02:20:55] UPDATING PREPAGATI (JobID: ac4ee31c-1103-4f84-afe5-47ab1bc501f2)
 - New and modified: 0

[14/May/2023:02:20:55] DELETING PREPAGATI (JobID: ac4ee31c-1103-4f84-afe5-47ab1bc501f2)
 - Deleted: 0

[14/May/2023:02:30:06] UPDATING ACCOUNTS (JobID: 95086a4b-de99-4f5c-b8d4-155f67dad844)
 - New and modified: 0

[14/May/2023:02:30:06] DELETING ACCOUNTS (JobID: 95086a4b-de99-4f5c-b8d4-155f67dad844)
 - Deleted: 0

[14/May/2023:02:30:53] UPDATING PRODUCTS (JobID: 026a8439-e334-47ab-8427-f50015434972)
 - New and modified: 0

[14/May/2023:02:30:57] UPDATING PREPAGATI (JobID: c4023ac3-a3cb-457e-a5f3-f7a2822bc0e5)
 - New and modified: 0

[14/May/2023:02:30:57] DELETING PREPAGATI (JobID: c4023ac3-a3cb-457e-a5f3-f7a2822bc0e5)
 - Deleted: 0

[14/May/2023:02:40:05] UPDATING ACCOUNTS (JobID: 41b8ee77-d386-4d7f-af5d-7de8028ef148)
 - New and modified: 0

[14/May/2023:02:40:05] DELETING ACCOUNTS (JobID: 41b8ee77-d386-4d7f-af5d-7de8028ef148)
 - Deleted: 0

[14/May/2023:02:40:45] UPDATING PRODUCTS (JobID: eccf6258-64b8-45a0-8376-a5aabb89d0aa)
 - New and modified: 0

[14/May/2023:02:40:48] UPDATING PREPAGATI (JobID: d9a7212e-1d83-47a4-8d58-2414200e4807)
 - New and modified: 0

[14/May/2023:02:40:48] DELETING PREPAGATI (JobID: d9a7212e-1d83-47a4-8d58-2414200e4807)
 - Deleted: 0

[14/May/2023:02:50:06] UPDATING ACCOUNTS (JobID: 68065ab7-eb0e-47b3-91b9-b0f2216fd372)
 - New and modified: 0

[14/May/2023:02:50:06] DELETING ACCOUNTS (JobID: 68065ab7-eb0e-47b3-91b9-b0f2216fd372)
 - Deleted: 0

[14/May/2023:02:50:49] UPDATING PRODUCTS (JobID: d5fca6ef-96f2-4876-8938-89eac4f8daad)
 - New and modified: 0

[14/May/2023:02:50:52] UPDATING PREPAGATI (JobID: 567b69ac-a767-4f75-8652-e9d498c2edf5)
 - New and modified: 0

[14/May/2023:02:50:52] DELETING PREPAGATI (JobID: 567b69ac-a767-4f75-8652-e9d498c2edf5)
 - Deleted: 0

[14/May/2023:03:00:06] UPDATING ACCOUNTS (JobID: df6f79ae-507e-4e14-ba0e-699b5b43d138)
 - New and modified: 0

[14/May/2023:03:00:06] DELETING ACCOUNTS (JobID: df6f79ae-507e-4e14-ba0e-699b5b43d138)
 - Deleted: 0

[14/May/2023:03:00:46] UPDATING PRODUCTS (JobID: 6f525971-3339-45e3-b4be-b8d5ac143b80)
 - New and modified: 0

[14/May/2023:03:00:50] UPDATING PREPAGATI (JobID: 4933ebfa-5a07-49ec-8bf8-e5c612abe3f8)
 - New and modified: 0

[14/May/2023:03:00:50] DELETING PREPAGATI (JobID: 4933ebfa-5a07-49ec-8bf8-e5c612abe3f8)
 - Deleted: 0

[14/May/2023:03:10:05] UPDATING ACCOUNTS (JobID: f3ff5609-73b6-4735-a7b1-c4d7cc08b837)
 - New and modified: 0

[14/May/2023:03:10:05] DELETING ACCOUNTS (JobID: f3ff5609-73b6-4735-a7b1-c4d7cc08b837)
 - Deleted: 0

[14/May/2023:03:10:43] UPDATING PRODUCTS (JobID: 7eb7fd74-46e9-49fb-926d-0dd26cfc52fd)
 - New and modified: 0

[14/May/2023:03:10:46] UPDATING PREPAGATI (JobID: 79fdf21a-d0eb-43e7-affd-254f3715effe)
 - New and modified: 0

[14/May/2023:03:10:46] DELETING PREPAGATI (JobID: 79fdf21a-d0eb-43e7-affd-254f3715effe)
 - Deleted: 0

[14/May/2023:03:20:05] UPDATING ACCOUNTS (JobID: aa9e5bdd-d797-488f-801e-a7b6a05371fb)
 - New and modified: 0

[14/May/2023:03:20:05] DELETING ACCOUNTS (JobID: aa9e5bdd-d797-488f-801e-a7b6a05371fb)
 - Deleted: 0

[14/May/2023:03:20:51] UPDATING PRODUCTS (JobID: 75441732-80e5-4d0f-bc89-f103f13a150a)
 - New and modified: 0

[14/May/2023:03:20:54] UPDATING PREPAGATI (JobID: 7cc0c71c-a781-4939-bba9-52fea696a060)
 - New and modified: 0

[14/May/2023:03:20:54] DELETING PREPAGATI (JobID: 7cc0c71c-a781-4939-bba9-52fea696a060)
 - Deleted: 0

[14/May/2023:03:30:06] UPDATING ACCOUNTS (JobID: bd622b3d-9327-4096-b437-2bb3b1bbecb4)
 - New and modified: 0

[14/May/2023:03:30:06] DELETING ACCOUNTS (JobID: bd622b3d-9327-4096-b437-2bb3b1bbecb4)
 - Deleted: 0

[14/May/2023:03:30:48] UPDATING PRODUCTS (JobID: e83c02d8-e762-4330-90d3-980ea9853afa)
 - New and modified: 0

[14/May/2023:03:30:52] UPDATING PREPAGATI (JobID: f76ed96c-77e7-4f4b-9ff3-3d78a089f584)
 - New and modified: 0

[14/May/2023:03:30:52] DELETING PREPAGATI (JobID: f76ed96c-77e7-4f4b-9ff3-3d78a089f584)
 - Deleted: 0

[14/May/2023:03:40:06] UPDATING ACCOUNTS (JobID: f51de73a-fa74-45a8-b69b-2f2a386c1211)
 - New and modified: 0

[14/May/2023:03:40:06] DELETING ACCOUNTS (JobID: f51de73a-fa74-45a8-b69b-2f2a386c1211)
 - Deleted: 0

[14/May/2023:03:40:47] UPDATING PRODUCTS (JobID: 4aeec99e-61e3-4c33-8baf-7f661bc46686)
 - New and modified: 0

[14/May/2023:03:40:50] UPDATING PREPAGATI (JobID: b7989aac-dac3-4e9f-9484-80d1c189cda4)
 - New and modified: 0

[14/May/2023:03:40:50] DELETING PREPAGATI (JobID: b7989aac-dac3-4e9f-9484-80d1c189cda4)
 - Deleted: 0

[14/May/2023:03:50:05] UPDATING ACCOUNTS (JobID: aecf78d3-08f6-4740-ad0b-d7c931bd51e7)
 - New and modified: 0

[14/May/2023:03:50:05] DELETING ACCOUNTS (JobID: aecf78d3-08f6-4740-ad0b-d7c931bd51e7)
 - Deleted: 0

[14/May/2023:03:50:52] UPDATING PRODUCTS (JobID: 171e34d1-3f53-4acd-a1b7-2c0d30fe8982)
 - New and modified: 0

[14/May/2023:03:50:56] UPDATING PREPAGATI (JobID: cfba9ba8-04b9-4a95-ab25-9eeef8bb7acd)
 - New and modified: 0

[14/May/2023:03:50:56] DELETING PREPAGATI (JobID: cfba9ba8-04b9-4a95-ab25-9eeef8bb7acd)
 - Deleted: 0

[14/May/2023:04:00:06] UPDATING ACCOUNTS (JobID: d5a2fe9b-5ba2-4418-8672-04c6f3afaa49)
 - New and modified: 0

[14/May/2023:04:00:06] DELETING ACCOUNTS (JobID: d5a2fe9b-5ba2-4418-8672-04c6f3afaa49)
 - Deleted: 0

[14/May/2023:04:00:50] UPDATING PRODUCTS (JobID: f0788d1c-f72f-4f83-b4ae-d4d8636c4569)
 - New and modified: 0

[14/May/2023:04:00:54] UPDATING PREPAGATI (JobID: ce9224fc-2683-46b8-884a-db2709b76b67)
 - New and modified: 0

[14/May/2023:04:00:54] DELETING PREPAGATI (JobID: ce9224fc-2683-46b8-884a-db2709b76b67)
 - Deleted: 0

[14/May/2023:04:10:06] UPDATING ACCOUNTS (JobID: fa71e6cc-e38f-4654-aa3e-5489e59e58f7)
 - New and modified: 0

[14/May/2023:04:10:06] DELETING ACCOUNTS (JobID: fa71e6cc-e38f-4654-aa3e-5489e59e58f7)
 - Deleted: 0

[14/May/2023:04:10:45] UPDATING PRODUCTS (JobID: 69c6e3af-1c65-4bdf-8908-6d72731f0fde)
 - New and modified: 0

[14/May/2023:04:10:48] UPDATING PREPAGATI (JobID: 2de0d463-87c9-4522-9223-2d5c0f217bec)
 - New and modified: 0

[14/May/2023:04:10:48] DELETING PREPAGATI (JobID: 2de0d463-87c9-4522-9223-2d5c0f217bec)
 - Deleted: 0

[14/May/2023:04:20:05] UPDATING ACCOUNTS (JobID: 1b7beb66-f675-483b-a8a0-624debd7208c)
 - New and modified: 0

[14/May/2023:04:20:05] DELETING ACCOUNTS (JobID: 1b7beb66-f675-483b-a8a0-624debd7208c)
 - Deleted: 0

[14/May/2023:04:20:48] UPDATING PRODUCTS (JobID: 7d35c364-11ec-4c53-b5b0-c27f9bd7435e)
 - New and modified: 0

[14/May/2023:04:20:52] UPDATING PREPAGATI (JobID: 9a46eb8c-84f3-4440-b678-13324a92ad9b)
 - New and modified: 0

[14/May/2023:04:20:52] DELETING PREPAGATI (JobID: 9a46eb8c-84f3-4440-b678-13324a92ad9b)
 - Deleted: 0

[14/May/2023:04:30:06] UPDATING ACCOUNTS (JobID: ebbc28a2-9faf-455a-b832-2e8970a0b38c)
 - New and modified: 0

[14/May/2023:04:30:06] DELETING ACCOUNTS (JobID: ebbc28a2-9faf-455a-b832-2e8970a0b38c)
 - Deleted: 0

[14/May/2023:04:30:48] UPDATING PRODUCTS (JobID: 1065e08a-9839-472c-9527-627bddd881bd)
 - New and modified: 0

[14/May/2023:04:30:52] UPDATING PREPAGATI (JobID: 4529418f-c8be-482f-ab2e-568be98f9dd9)
 - New and modified: 0

[14/May/2023:04:30:52] DELETING PREPAGATI (JobID: 4529418f-c8be-482f-ab2e-568be98f9dd9)
 - Deleted: 0

[14/May/2023:04:40:06] UPDATING ACCOUNTS (JobID: fa8e91de-ff52-4fbe-b4ec-dc459fd3c01b)
 - New and modified: 0

[14/May/2023:04:40:06] DELETING ACCOUNTS (JobID: fa8e91de-ff52-4fbe-b4ec-dc459fd3c01b)
 - Deleted: 0

[14/May/2023:04:40:48] UPDATING PRODUCTS (JobID: cd60019c-198e-4171-bff1-b326d4a348c0)
 - New and modified: 0

[14/May/2023:04:40:51] UPDATING PREPAGATI (JobID: b7bae846-866b-40f8-ada0-544cca6fd1b2)
 - New and modified: 0

[14/May/2023:04:40:51] DELETING PREPAGATI (JobID: b7bae846-866b-40f8-ada0-544cca6fd1b2)
 - Deleted: 0

[14/May/2023:04:50:06] UPDATING ACCOUNTS (JobID: f47e6f67-1ab2-430a-935d-118c42e06082)
 - New and modified: 0

[14/May/2023:04:50:06] DELETING ACCOUNTS (JobID: f47e6f67-1ab2-430a-935d-118c42e06082)
 - Deleted: 0

[14/May/2023:04:50:45] UPDATING PRODUCTS (JobID: 23036f9f-5c24-4ec2-b7c7-32daa0340604)
 - New and modified: 0

[14/May/2023:04:50:49] UPDATING PREPAGATI (JobID: 44a65f64-7f66-4b3b-9e39-0ca6217c06d6)
 - New and modified: 0

[14/May/2023:04:50:49] DELETING PREPAGATI (JobID: 44a65f64-7f66-4b3b-9e39-0ca6217c06d6)
 - Deleted: 0

[14/May/2023:05:00:04] UPDATING ACCOUNTS (JobID: 9d463d2d-69ff-484b-a14e-eeafd0208d20)
 - New and modified: 0

[14/May/2023:05:00:04] DELETING ACCOUNTS (JobID: 9d463d2d-69ff-484b-a14e-eeafd0208d20)
 - Deleted: 0

[14/May/2023:05:00:42] UPDATING PRODUCTS (JobID: afcd2015-f890-41df-84de-137cba5d1603)
 - New and modified: 0

[14/May/2023:05:00:45] UPDATING PREPAGATI (JobID: c8e9fc9c-f48d-46ba-b931-799e1194666e)
 - New and modified: 0

[14/May/2023:05:00:45] DELETING PREPAGATI (JobID: c8e9fc9c-f48d-46ba-b931-799e1194666e)
 - Deleted: 0

[14/May/2023:05:10:06] UPDATING ACCOUNTS (JobID: e37b02ca-81a7-4958-9615-76563e057413)
 - New and modified: 0

[14/May/2023:05:10:06] DELETING ACCOUNTS (JobID: e37b02ca-81a7-4958-9615-76563e057413)
 - Deleted: 0

[14/May/2023:05:10:45] UPDATING PRODUCTS (JobID: 0c51b177-5b70-448d-b8b8-689858bae816)
 - New and modified: 0

[14/May/2023:05:10:48] UPDATING PREPAGATI (JobID: 777f0501-db6b-445e-b89e-994e2a096ec5)
 - New and modified: 0

[14/May/2023:05:10:48] DELETING PREPAGATI (JobID: 777f0501-db6b-445e-b89e-994e2a096ec5)
 - Deleted: 0

[14/May/2023:05:20:05] UPDATING ACCOUNTS (JobID: 735bb7ef-1d76-4e63-8a7f-e030ad309509)
 - New and modified: 0

[14/May/2023:05:20:05] DELETING ACCOUNTS (JobID: 735bb7ef-1d76-4e63-8a7f-e030ad309509)
 - Deleted: 0

[14/May/2023:05:20:44] UPDATING PRODUCTS (JobID: fd2de309-b590-4acf-ac6e-78a30c474793)
 - New and modified: 0

[14/May/2023:05:20:48] UPDATING PREPAGATI (JobID: 8309afb5-1e87-462b-b00a-78cef6ed4b03)
 - New and modified: 0

[14/May/2023:05:20:48] DELETING PREPAGATI (JobID: 8309afb5-1e87-462b-b00a-78cef6ed4b03)
 - Deleted: 0

[14/May/2023:05:30:05] UPDATING ACCOUNTS (JobID: af0987da-d526-4758-8c45-bb0e07bc1a65)
 - New and modified: 0

[14/May/2023:05:30:05] DELETING ACCOUNTS (JobID: af0987da-d526-4758-8c45-bb0e07bc1a65)
 - Deleted: 0

[14/May/2023:05:30:42] UPDATING PRODUCTS (JobID: dd956716-0c3e-415e-be14-f1fdf548471d)
 - New and modified: 0

[14/May/2023:05:30:45] UPDATING PREPAGATI (JobID: 86f2c7a7-d74a-4393-863e-620c7a7f6c84)
 - New and modified: 0

[14/May/2023:05:30:45] DELETING PREPAGATI (JobID: 86f2c7a7-d74a-4393-863e-620c7a7f6c84)
 - Deleted: 0

[14/May/2023:05:40:06] UPDATING ACCOUNTS (JobID: ce296cc5-a8b7-425c-bec6-176872f4ae6d)
 - New and modified: 0

[14/May/2023:05:40:06] DELETING ACCOUNTS (JobID: ce296cc5-a8b7-425c-bec6-176872f4ae6d)
 - Deleted: 0

[14/May/2023:05:40:47] UPDATING PRODUCTS (JobID: 212eff43-954b-457c-b248-2f9fd91c5486)
 - New and modified: 0

[14/May/2023:05:40:50] UPDATING PREPAGATI (JobID: 4da7928b-1f48-4d1d-a080-290a0e9058fa)
 - New and modified: 0

[14/May/2023:05:40:50] DELETING PREPAGATI (JobID: 4da7928b-1f48-4d1d-a080-290a0e9058fa)
 - Deleted: 0

[14/May/2023:05:50:06] UPDATING ACCOUNTS (JobID: 5d2f318a-5f57-4d38-945e-be97a4d99b6c)
 - New and modified: 0

[14/May/2023:05:50:06] DELETING ACCOUNTS (JobID: 5d2f318a-5f57-4d38-945e-be97a4d99b6c)
 - Deleted: 0

[14/May/2023:05:50:44] UPDATING PRODUCTS (JobID: 8100e5f2-1155-41fe-858a-f053aed0a7aa)
 - New and modified: 0

[14/May/2023:05:50:49] UPDATING PREPAGATI (JobID: 8b4c0991-1474-40e6-a5c5-27d79e50c5f7)
 - New and modified: 0

[14/May/2023:05:50:49] DELETING PREPAGATI (JobID: 8b4c0991-1474-40e6-a5c5-27d79e50c5f7)
 - Deleted: 0

[14/May/2023:06:00:05] UPDATING ACCOUNTS (JobID: e31c0ce9-0ee1-4ed9-a1ef-8259eac822df)
 - New and modified: 0

[14/May/2023:06:00:05] DELETING ACCOUNTS (JobID: e31c0ce9-0ee1-4ed9-a1ef-8259eac822df)
 - Deleted: 0

[14/May/2023:06:00:43] UPDATING PRODUCTS (JobID: fe24c6df-7afd-4830-bf12-cd8751736c65)
 - New and modified: 0

[14/May/2023:06:00:46] UPDATING PREPAGATI (JobID: 739df60c-b59d-43d5-b3d0-05d6c6e7412c)
 - New and modified: 0

[14/May/2023:06:00:46] DELETING PREPAGATI (JobID: 739df60c-b59d-43d5-b3d0-05d6c6e7412c)
 - Deleted: 0

[14/May/2023:06:10:05] UPDATING ACCOUNTS (JobID: bf7cb680-d580-4293-a915-5f9cb786aa8b)
 - New and modified: 0

[14/May/2023:06:10:05] DELETING ACCOUNTS (JobID: bf7cb680-d580-4293-a915-5f9cb786aa8b)
 - Deleted: 0

[14/May/2023:06:10:44] UPDATING PRODUCTS (JobID: 384ddcd2-4ccd-4d06-9eb8-fba939937e5a)
 - New and modified: 0

[14/May/2023:06:10:48] UPDATING PREPAGATI (JobID: f1f9f44e-f871-4105-ba89-2868b0b9be8f)
 - New and modified: 0

[14/May/2023:06:10:48] DELETING PREPAGATI (JobID: f1f9f44e-f871-4105-ba89-2868b0b9be8f)
 - Deleted: 0

[14/May/2023:06:20:05] UPDATING ACCOUNTS (JobID: 6360787d-59be-47bd-ae24-38a545c5c7e4)
 - New and modified: 0

[14/May/2023:06:20:05] DELETING ACCOUNTS (JobID: 6360787d-59be-47bd-ae24-38a545c5c7e4)
 - Deleted: 0

[14/May/2023:06:20:43] UPDATING PRODUCTS (JobID: 06e9575a-d200-4098-8b4d-e54738666dcd)
 - New and modified: 0

[14/May/2023:06:20:47] UPDATING PREPAGATI (JobID: 9cf3deab-1de2-4cdf-a2b3-088e8192d1c1)
 - New and modified: 0

[14/May/2023:06:20:47] DELETING PREPAGATI (JobID: 9cf3deab-1de2-4cdf-a2b3-088e8192d1c1)
 - Deleted: 0

[14/May/2023:06:32:10] UPDATING ACCOUNTS (JobID: cf9ff70a-00c8-4ee7-9e0c-a86d1ce53264)
 - New and modified: 0

[14/May/2023:06:32:10] DELETING ACCOUNTS (JobID: cf9ff70a-00c8-4ee7-9e0c-a86d1ce53264)
 - Deleted: 0

[14/May/2023:06:33:40] UPDATING PRODUCTS (JobID: f6332d19-8a11-46d7-b6ad-45c04c0e1a49)
 - New and modified: 0

[14/May/2023:06:33:44] UPDATING PREPAGATI (JobID: 4e218c35-4479-423b-9433-c62ed54db612)
 - New and modified: 0

[14/May/2023:06:33:44] DELETING PREPAGATI (JobID: 4e218c35-4479-423b-9433-c62ed54db612)
 - Deleted: 0

[14/May/2023:06:40:05] UPDATING ACCOUNTS (JobID: ecf7ac1e-dfb9-4a2f-a143-63cd3391700f)
 - New and modified: 0

[14/May/2023:06:40:05] DELETING ACCOUNTS (JobID: ecf7ac1e-dfb9-4a2f-a143-63cd3391700f)
 - Deleted: 0

[14/May/2023:06:40:46] UPDATING PRODUCTS (JobID: 2e977e83-3432-413c-a4e2-ec99175243a6)
 - New and modified: 0

[14/May/2023:06:40:50] UPDATING PREPAGATI (JobID: 2500acb5-901b-4000-990b-74377c776640)
 - New and modified: 0

[14/May/2023:06:40:50] DELETING PREPAGATI (JobID: 2500acb5-901b-4000-990b-74377c776640)
 - Deleted: 0

[14/May/2023:06:50:06] UPDATING ACCOUNTS (JobID: 7fd1e4f2-cf26-42ae-aeae-cf69cf4c8dd0)
 - New and modified: 0

[14/May/2023:06:50:06] DELETING ACCOUNTS (JobID: 7fd1e4f2-cf26-42ae-aeae-cf69cf4c8dd0)
 - Deleted: 0

[14/May/2023:06:50:44] UPDATING PRODUCTS (JobID: 27d9de80-3182-4d92-8ff6-5b89bc35553d)
 - New and modified: 0

[14/May/2023:06:50:47] UPDATING PREPAGATI (JobID: 3d3c1567-8f7b-4f88-8fcd-ec607edd6f18)
 - New and modified: 0

[14/May/2023:06:50:47] DELETING PREPAGATI (JobID: 3d3c1567-8f7b-4f88-8fcd-ec607edd6f18)
 - Deleted: 0

[14/May/2023:07:00:05] UPDATING ACCOUNTS (JobID: 6e5f8f01-00e7-4cb2-874c-4a8b696bc675)
 - New and modified: 0

[14/May/2023:07:00:05] DELETING ACCOUNTS (JobID: 6e5f8f01-00e7-4cb2-874c-4a8b696bc675)
 - Deleted: 0

[14/May/2023:07:00:45] UPDATING PRODUCTS (JobID: 0e05ab89-1b23-463c-9b38-66ed229485dc)
 - New and modified: 0

[14/May/2023:07:00:48] UPDATING PREPAGATI (JobID: 3c742db8-7248-4a1d-9503-bf84289cfff4)
 - New and modified: 0

[14/May/2023:07:00:48] DELETING PREPAGATI (JobID: 3c742db8-7248-4a1d-9503-bf84289cfff4)
 - Deleted: 0

[14/May/2023:07:10:06] UPDATING ACCOUNTS (JobID: 59e57f35-4731-42e7-a3f6-3294348a0473)
 - New and modified: 0

[14/May/2023:07:10:06] DELETING ACCOUNTS (JobID: 59e57f35-4731-42e7-a3f6-3294348a0473)
 - Deleted: 0

[14/May/2023:07:10:50] UPDATING PRODUCTS (JobID: a2aa2149-ef45-4f56-9a7d-1ae63495ed83)
 - New and modified: 0

[14/May/2023:07:10:54] UPDATING PREPAGATI (JobID: 780202dd-9cae-4f3a-bd99-9387713a06ce)
 - New and modified: 0

[14/May/2023:07:10:54] DELETING PREPAGATI (JobID: 780202dd-9cae-4f3a-bd99-9387713a06ce)
 - Deleted: 0

[14/May/2023:07:20:06] UPDATING ACCOUNTS (JobID: 2e5deb4c-99b3-4da7-8923-b40782ab14f2)
 - New and modified: 0

[14/May/2023:07:20:06] DELETING ACCOUNTS (JobID: 2e5deb4c-99b3-4da7-8923-b40782ab14f2)
 - Deleted: 0

[14/May/2023:07:20:50] UPDATING PRODUCTS (JobID: b5a7c7e0-53cd-4738-8d71-94a2a11ae483)
 - New and modified: 0

[14/May/2023:07:20:54] UPDATING PREPAGATI (JobID: e4ef8556-b205-43b8-9d5b-c1d226dcbdbf)
 - New and modified: 0

[14/May/2023:07:20:54] DELETING PREPAGATI (JobID: e4ef8556-b205-43b8-9d5b-c1d226dcbdbf)
 - Deleted: 0

[14/May/2023:07:30:06] UPDATING ACCOUNTS (JobID: 9cd46ecd-7908-4599-8a68-1fc4fa546986)
 - New and modified: 0

[14/May/2023:07:30:06] DELETING ACCOUNTS (JobID: 9cd46ecd-7908-4599-8a68-1fc4fa546986)
 - Deleted: 0

[14/May/2023:07:30:46] UPDATING PRODUCTS (JobID: 19c1efbf-d995-41bc-8ce9-eac35b0d5442)
 - New and modified: 0

[14/May/2023:07:30:49] UPDATING PREPAGATI (JobID: 8dc0044a-671c-4cdd-abc3-25df2b544f00)
 - New and modified: 0

[14/May/2023:07:30:49] DELETING PREPAGATI (JobID: 8dc0044a-671c-4cdd-abc3-25df2b544f00)
 - Deleted: 0

[14/May/2023:07:40:05] UPDATING ACCOUNTS (JobID: bbfd5194-a2b0-4a1d-a7ac-d6e09aa62848)
 - New and modified: 0

[14/May/2023:07:40:05] DELETING ACCOUNTS (JobID: bbfd5194-a2b0-4a1d-a7ac-d6e09aa62848)
 - Deleted: 0

[14/May/2023:07:40:48] UPDATING PRODUCTS (JobID: 382f5077-87de-4068-a5f5-69094c5458df)
 - New and modified: 0

[14/May/2023:07:40:51] UPDATING PREPAGATI (JobID: 4b260328-2ad8-4d1e-aa63-6775f08f95a3)
 - New and modified: 0

[14/May/2023:07:40:51] DELETING PREPAGATI (JobID: 4b260328-2ad8-4d1e-aa63-6775f08f95a3)
 - Deleted: 0

[14/May/2023:07:50:05] UPDATING ACCOUNTS (JobID: a86037d3-e537-450f-aa0f-ec035ea641bc)
 - New and modified: 0

[14/May/2023:07:50:05] DELETING ACCOUNTS (JobID: a86037d3-e537-450f-aa0f-ec035ea641bc)
 - Deleted: 0

[14/May/2023:07:50:43] UPDATING PRODUCTS (JobID: 89cd6aa8-487b-473e-80b4-734d6bc51e73)
 - New and modified: 0

[14/May/2023:07:50:46] UPDATING PREPAGATI (JobID: 58f0db4b-a735-4dbd-880c-b12223951e66)
 - New and modified: 0

[14/May/2023:07:50:46] DELETING PREPAGATI (JobID: 58f0db4b-a735-4dbd-880c-b12223951e66)
 - Deleted: 0

[14/May/2023:08:00:06] UPDATING ACCOUNTS (JobID: 4a39bb87-4e87-4b89-990e-52f00ab3ff5a)
 - New and modified: 0

[14/May/2023:08:00:06] DELETING ACCOUNTS (JobID: 4a39bb87-4e87-4b89-990e-52f00ab3ff5a)
 - Deleted: 0

[14/May/2023:08:00:47] UPDATING PRODUCTS (JobID: 61f742c5-8464-4673-b931-7f9c590163e8)
 - New and modified: 0

[14/May/2023:08:00:51] UPDATING PREPAGATI (JobID: 7bb52d3a-df62-4429-9aab-530846af8e1d)
 - New and modified: 0

[14/May/2023:08:00:51] DELETING PREPAGATI (JobID: 7bb52d3a-df62-4429-9aab-530846af8e1d)
 - Deleted: 0

[14/May/2023:08:10:05] UPDATING ACCOUNTS (JobID: 7dd57e54-6017-42da-9262-2ec03f75bbb7)
 - New and modified: 0

[14/May/2023:08:10:05] DELETING ACCOUNTS (JobID: 7dd57e54-6017-42da-9262-2ec03f75bbb7)
 - Deleted: 0

[14/May/2023:08:10:50] UPDATING PRODUCTS (JobID: b4f5ecd8-4286-49ee-9cf7-1e7a991ac618)
 - New and modified: 0

[14/May/2023:08:10:53] UPDATING PREPAGATI (JobID: eb6e210e-a7b7-4432-976a-7f6f84ddef5e)
 - New and modified: 0

[14/May/2023:08:10:53] DELETING PREPAGATI (JobID: eb6e210e-a7b7-4432-976a-7f6f84ddef5e)
 - Deleted: 0

[14/May/2023:08:20:06] UPDATING ACCOUNTS (JobID: 9e6ad959-d657-4d35-a9f3-4bfd6ef9850a)
 - New and modified: 0

[14/May/2023:08:20:06] DELETING ACCOUNTS (JobID: 9e6ad959-d657-4d35-a9f3-4bfd6ef9850a)
 - Deleted: 0

[14/May/2023:08:20:49] UPDATING PRODUCTS (JobID: 37d0076b-ee7d-4af2-88f9-a71a39a4b8dd)
 - New and modified: 0

[14/May/2023:08:20:52] UPDATING PREPAGATI (JobID: 74c48d26-e0f2-4ca3-9ccd-ae027ccc4f47)
 - New and modified: 0

[14/May/2023:08:20:52] DELETING PREPAGATI (JobID: 74c48d26-e0f2-4ca3-9ccd-ae027ccc4f47)
 - Deleted: 0

[14/May/2023:08:30:06] UPDATING ACCOUNTS (JobID: ca71d265-2b78-46d3-9144-9c371b80e734)
 - New and modified: 0

[14/May/2023:08:30:06] DELETING ACCOUNTS (JobID: ca71d265-2b78-46d3-9144-9c371b80e734)
 - Deleted: 0

[14/May/2023:08:30:47] UPDATING PRODUCTS (JobID: daae8b22-c052-4d49-ac7f-ef79b66e1034)
 - New and modified: 0

[14/May/2023:08:30:50] UPDATING PREPAGATI (JobID: 46d68c37-24d8-42f5-915a-bdcc44a9a97c)
 - New and modified: 0

[14/May/2023:08:30:50] DELETING PREPAGATI (JobID: 46d68c37-24d8-42f5-915a-bdcc44a9a97c)
 - Deleted: 0

[14/May/2023:08:40:06] UPDATING ACCOUNTS (JobID: b7ab667a-fd46-4b79-bff6-b2aef4824385)
 - New and modified: 0

[14/May/2023:08:40:06] DELETING ACCOUNTS (JobID: b7ab667a-fd46-4b79-bff6-b2aef4824385)
 - Deleted: 0

[14/May/2023:08:40:53] UPDATING PRODUCTS (JobID: d5ce58bc-e43c-4827-945f-7ad50d2e70d7)
 - New and modified: 0

[14/May/2023:08:40:56] UPDATING PREPAGATI (JobID: 7100ec81-a108-4167-b9ad-2b58a4ea1b7c)
 - New and modified: 0

[14/May/2023:08:40:56] DELETING PREPAGATI (JobID: 7100ec81-a108-4167-b9ad-2b58a4ea1b7c)
 - Deleted: 0

[14/May/2023:08:50:06] UPDATING ACCOUNTS (JobID: 4a9b9286-1ac1-41d8-95a2-0bf70d67c12b)
 - New and modified: 0

[14/May/2023:08:50:06] DELETING ACCOUNTS (JobID: 4a9b9286-1ac1-41d8-95a2-0bf70d67c12b)
 - Deleted: 0

[14/May/2023:08:50:46] UPDATING PRODUCTS (JobID: 021490b2-94eb-4c1f-898f-61f64ca54c97)
 - New and modified: 0

[14/May/2023:08:50:50] UPDATING PREPAGATI (JobID: 179bfd03-5c7f-4b63-9f7a-e7d681b7b0e3)
 - New and modified: 0

[14/May/2023:08:50:50] DELETING PREPAGATI (JobID: 179bfd03-5c7f-4b63-9f7a-e7d681b7b0e3)
 - Deleted: 0

[14/May/2023:09:00:07] UPDATING ACCOUNTS (JobID: 370259e4-6e25-46b0-b9ff-e8ce53694d90)
 - New and modified: 0

[14/May/2023:09:00:07] DELETING ACCOUNTS (JobID: 370259e4-6e25-46b0-b9ff-e8ce53694d90)
 - Deleted: 0

[14/May/2023:09:00:47] UPDATING PRODUCTS (JobID: b807b42d-67f8-49c2-a411-a1196955cc34)
 - New and modified: 0

[14/May/2023:09:00:50] UPDATING PREPAGATI (JobID: 39b30c1a-e095-4c60-bbe2-525d067b9204)
 - New and modified: 0

[14/May/2023:09:00:50] DELETING PREPAGATI (JobID: 39b30c1a-e095-4c60-bbe2-525d067b9204)
 - Deleted: 0

[14/May/2023:09:10:06] UPDATING ACCOUNTS (JobID: 593aa398-c66a-4274-b61f-de866831fb90)
 - New and modified: 0

[14/May/2023:09:10:06] DELETING ACCOUNTS (JobID: 593aa398-c66a-4274-b61f-de866831fb90)
 - Deleted: 0

[14/May/2023:09:10:49] UPDATING PRODUCTS (JobID: 9dbdd58d-3525-42c9-90c4-117ce5a7222c)
 - New and modified: 0

[14/May/2023:09:10:52] UPDATING PREPAGATI (JobID: eaa2ef3a-75b6-446b-b8f8-d725f5e7d06d)
 - New and modified: 0

[14/May/2023:09:10:52] DELETING PREPAGATI (JobID: eaa2ef3a-75b6-446b-b8f8-d725f5e7d06d)
 - Deleted: 0

[14/May/2023:09:20:06] UPDATING ACCOUNTS (JobID: 8b187cd1-dba8-4af0-ab91-ae827c166762)
 - New and modified: 0

[14/May/2023:09:20:06] DELETING ACCOUNTS (JobID: 8b187cd1-dba8-4af0-ab91-ae827c166762)
 - Deleted: 0

[14/May/2023:09:20:44] UPDATING PRODUCTS (JobID: 7817cf7c-c906-4f30-8688-a55e0ca0eb2b)
 - New and modified: 0

[14/May/2023:09:20:47] UPDATING PREPAGATI (JobID: dcbdf066-5260-4f96-b08c-90d44103b2c5)
 - New and modified: 0

[14/May/2023:09:20:47] DELETING PREPAGATI (JobID: dcbdf066-5260-4f96-b08c-90d44103b2c5)
 - Deleted: 0

[14/May/2023:09:30:07] UPDATING ACCOUNTS (JobID: 01deffa2-b4d9-4ff2-98dc-224c2f70038c)
 - New and modified: 0

[14/May/2023:09:30:07] DELETING ACCOUNTS (JobID: 01deffa2-b4d9-4ff2-98dc-224c2f70038c)
 - Deleted: 0

[14/May/2023:09:30:47] UPDATING PRODUCTS (JobID: 5a9e15fe-c3e7-4b03-bbc4-12ae14a71364)
 - New and modified: 0

[14/May/2023:09:30:50] UPDATING PREPAGATI (JobID: 24fadb95-ca95-4168-bf00-a3c701147771)
 - New and modified: 0

[14/May/2023:09:30:50] DELETING PREPAGATI (JobID: 24fadb95-ca95-4168-bf00-a3c701147771)
 - Deleted: 0

[14/May/2023:09:40:05] UPDATING ACCOUNTS (JobID: 6f9e0796-48cd-41e7-aee2-87a7fecb2500)
 - New and modified: 0

[14/May/2023:09:40:05] DELETING ACCOUNTS (JobID: 6f9e0796-48cd-41e7-aee2-87a7fecb2500)
 - Deleted: 0

[14/May/2023:09:40:49] UPDATING PRODUCTS (JobID: e577bb32-0068-42a3-9a5c-92a0b8725284)
 - New and modified: 0

[14/May/2023:09:40:52] UPDATING PREPAGATI (JobID: 152ea09f-5421-4da1-a5f2-d21a1364c803)
 - New and modified: 0

[14/May/2023:09:40:52] DELETING PREPAGATI (JobID: 152ea09f-5421-4da1-a5f2-d21a1364c803)
 - Deleted: 0

[14/May/2023:09:50:05] UPDATING ACCOUNTS (JobID: 5f3ec42f-9274-45b5-99da-823cde20633d)
 - New and modified: 0

[14/May/2023:09:50:05] DELETING ACCOUNTS (JobID: 5f3ec42f-9274-45b5-99da-823cde20633d)
 - Deleted: 0

[14/May/2023:09:50:43] UPDATING PRODUCTS (JobID: ed39eee5-227c-420e-bfd6-b50787039609)
 - New and modified: 0

[14/May/2023:09:50:47] UPDATING PREPAGATI (JobID: 3d529136-63b4-4fbe-8f85-993c60a23451)
 - New and modified: 0

[14/May/2023:09:50:47] DELETING PREPAGATI (JobID: 3d529136-63b4-4fbe-8f85-993c60a23451)
 - Deleted: 0

[14/May/2023:10:00:07] UPDATING ACCOUNTS (JobID: 608ecd7a-0013-45eb-aecc-f5d6a7b555b0)
 - New and modified: 0

[14/May/2023:10:00:07] DELETING ACCOUNTS (JobID: 608ecd7a-0013-45eb-aecc-f5d6a7b555b0)
 - Deleted: 0

[14/May/2023:10:00:48] UPDATING PRODUCTS (JobID: 8b4848ce-823a-459b-8c33-21426ace26e3)
 - New and modified: 0

[14/May/2023:10:00:51] UPDATING PREPAGATI (JobID: e59e0aba-9621-4d17-8b18-d58ec546e907)
 - New and modified: 0

[14/May/2023:10:00:51] DELETING PREPAGATI (JobID: e59e0aba-9621-4d17-8b18-d58ec546e907)
 - Deleted: 0

[14/May/2023:10:10:05] UPDATING ACCOUNTS (JobID: 90484dd5-aab1-4d1f-a8f0-f4ad9cb2c69c)
 - New and modified: 0

[14/May/2023:10:10:05] DELETING ACCOUNTS (JobID: 90484dd5-aab1-4d1f-a8f0-f4ad9cb2c69c)
 - Deleted: 0

[14/May/2023:10:10:50] UPDATING PRODUCTS (JobID: 74209f42-41fe-4c27-ab6d-4eacf90a708a)
 - New and modified: 0

[14/May/2023:10:10:53] UPDATING PREPAGATI (JobID: 5184f1bf-34c0-4e7f-9206-ce7a4140ac19)
 - New and modified: 0

[14/May/2023:10:10:53] DELETING PREPAGATI (JobID: 5184f1bf-34c0-4e7f-9206-ce7a4140ac19)
 - Deleted: 0

[14/May/2023:10:20:05] UPDATING ACCOUNTS (JobID: cbeeb583-3a2b-4218-bb4e-e5d71437af83)
 - New and modified: 0

[14/May/2023:10:20:05] DELETING ACCOUNTS (JobID: cbeeb583-3a2b-4218-bb4e-e5d71437af83)
 - Deleted: 0

[14/May/2023:10:20:43] UPDATING PRODUCTS (JobID: 41180dbd-4d79-4f62-b1d9-051eff1d3728)
 - New and modified: 0

[14/May/2023:10:20:46] UPDATING PREPAGATI (JobID: 6161e5fc-5719-4048-9058-f8a13b78af51)
 - New and modified: 0

[14/May/2023:10:20:46] DELETING PREPAGATI (JobID: 6161e5fc-5719-4048-9058-f8a13b78af51)
 - Deleted: 0

[14/May/2023:10:30:06] UPDATING ACCOUNTS (JobID: b629b7c8-0e9f-40ac-b259-f5ea9f962916)
 - New and modified: 0

[14/May/2023:10:30:06] DELETING ACCOUNTS (JobID: b629b7c8-0e9f-40ac-b259-f5ea9f962916)
 - Deleted: 0

[14/May/2023:10:30:47] UPDATING PRODUCTS (JobID: f436f2f5-4a45-40fc-a6b1-c7509a0102d1)
 - New and modified: 0

[14/May/2023:10:30:50] UPDATING PREPAGATI (JobID: 315a08bd-bddf-4a75-ab02-88eae46dd71e)
 - New and modified: 0

[14/May/2023:10:30:50] DELETING PREPAGATI (JobID: 315a08bd-bddf-4a75-ab02-88eae46dd71e)
 - Deleted: 0

[14/May/2023:10:40:06] UPDATING ACCOUNTS (JobID: fec2de90-8bd5-40bf-b70b-f49b51b73cc4)
 - New and modified: 0

[14/May/2023:10:40:06] DELETING ACCOUNTS (JobID: fec2de90-8bd5-40bf-b70b-f49b51b73cc4)
 - Deleted: 0

[14/May/2023:10:40:48] UPDATING PRODUCTS (JobID: 9f9bd4a0-2173-40ee-8900-2f1a82cbca55)
 - New and modified: 0

[14/May/2023:10:40:51] UPDATING PREPAGATI (JobID: 1cf83976-7520-46d8-9257-3b211da4cbd8)
 - New and modified: 0

[14/May/2023:10:40:51] DELETING PREPAGATI (JobID: 1cf83976-7520-46d8-9257-3b211da4cbd8)
 - Deleted: 0

[14/May/2023:10:50:06] UPDATING ACCOUNTS (JobID: fa292835-5a36-4685-a92b-eebd552fb38b)
 - New and modified: 0

[14/May/2023:10:50:06] DELETING ACCOUNTS (JobID: fa292835-5a36-4685-a92b-eebd552fb38b)
 - Deleted: 0

[14/May/2023:10:50:44] UPDATING PRODUCTS (JobID: a14dcd52-95ce-4225-868b-fc2f1df19bc8)
 - New and modified: 0

[14/May/2023:10:50:46] UPDATING PREPAGATI (JobID: 1bdf55ac-c0ca-47fa-a44b-7d0419036620)
 - New and modified: 0

[14/May/2023:10:50:46] DELETING PREPAGATI (JobID: 1bdf55ac-c0ca-47fa-a44b-7d0419036620)
 - Deleted: 0

[14/May/2023:11:00:06] UPDATING ACCOUNTS (JobID: 5122f88c-0f9a-4b41-880c-38a36b81158d)
 - New and modified: 0

[14/May/2023:11:00:06] DELETING ACCOUNTS (JobID: 5122f88c-0f9a-4b41-880c-38a36b81158d)
 - Deleted: 0

[14/May/2023:11:00:46] UPDATING PRODUCTS (JobID: 368def0d-3f8c-4f80-9d8e-d60630b213a0)
 - New and modified: 0

[14/May/2023:11:00:50] UPDATING PREPAGATI (JobID: 3a4ee7ec-79bc-4d89-90fb-01aaa125b788)
 - New and modified: 0

[14/May/2023:11:00:50] DELETING PREPAGATI (JobID: 3a4ee7ec-79bc-4d89-90fb-01aaa125b788)
 - Deleted: 0

[14/May/2023:11:10:06] UPDATING ACCOUNTS (JobID: ff9fa9ef-99af-4012-9b88-3b239e4a6ec5)
 - New and modified: 0

[14/May/2023:11:10:06] DELETING ACCOUNTS (JobID: ff9fa9ef-99af-4012-9b88-3b239e4a6ec5)
 - Deleted: 0

[14/May/2023:11:10:46] UPDATING PRODUCTS (JobID: a7a97710-fb2b-4c15-a785-5a1cd224e166)
 - New and modified: 0

[14/May/2023:11:10:49] UPDATING PREPAGATI (JobID: 10c1cd1b-59b3-42a7-97ba-9f36e33257c4)
 - New and modified: 0

[14/May/2023:11:10:49] DELETING PREPAGATI (JobID: 10c1cd1b-59b3-42a7-97ba-9f36e33257c4)
 - Deleted: 0

[14/May/2023:11:20:06] UPDATING ACCOUNTS (JobID: e9ee574c-0d35-4b17-bdf6-fb596f0995e5)
 - New and modified: 0

[14/May/2023:11:20:06] DELETING ACCOUNTS (JobID: e9ee574c-0d35-4b17-bdf6-fb596f0995e5)
 - Deleted: 0

[14/May/2023:11:20:44] UPDATING PRODUCTS (JobID: 00ea802c-16f7-4792-b9cc-39cec9960776)
 - New and modified: 0

[14/May/2023:11:20:47] UPDATING PREPAGATI (JobID: f0362291-891d-4315-99ff-c67d5130c90a)
 - New and modified: 0

[14/May/2023:11:20:47] DELETING PREPAGATI (JobID: f0362291-891d-4315-99ff-c67d5130c90a)
 - Deleted: 0

[14/May/2023:11:30:06] UPDATING ACCOUNTS (JobID: 94f4bee0-3550-4439-b840-3e66872c1aa4)
 - New and modified: 0

[14/May/2023:11:30:06] DELETING ACCOUNTS (JobID: 94f4bee0-3550-4439-b840-3e66872c1aa4)
 - Deleted: 0

[14/May/2023:11:30:45] UPDATING PRODUCTS (JobID: f86ec0e0-8af7-4a1d-b6cc-f132e2980217)
 - New and modified: 0

[14/May/2023:11:30:48] UPDATING PREPAGATI (JobID: d9dd181a-374c-4381-a4e5-88fed271eb21)
 - New and modified: 0

[14/May/2023:11:30:48] DELETING PREPAGATI (JobID: d9dd181a-374c-4381-a4e5-88fed271eb21)
 - Deleted: 0

[14/May/2023:11:40:05] UPDATING ACCOUNTS (JobID: b7697e72-64b2-49b2-8335-aa15c1ba3c53)
 - New and modified: 0

[14/May/2023:11:40:05] DELETING ACCOUNTS (JobID: b7697e72-64b2-49b2-8335-aa15c1ba3c53)
 - Deleted: 0

[14/May/2023:11:40:50] UPDATING PRODUCTS (JobID: 8e49ff66-7a80-460e-8dac-21d25d14c9e0)
 - New and modified: 0

[14/May/2023:11:40:53] UPDATING PREPAGATI (JobID: 2ed3ad52-8c86-40bc-b3b6-cae846a75774)
 - New and modified: 0

[14/May/2023:11:40:53] DELETING PREPAGATI (JobID: 2ed3ad52-8c86-40bc-b3b6-cae846a75774)
 - Deleted: 0

[14/May/2023:11:50:06] UPDATING ACCOUNTS (JobID: 8878a68e-3197-4ed5-bb3d-8d40202e6be8)
 - New and modified: 0

[14/May/2023:11:50:06] DELETING ACCOUNTS (JobID: 8878a68e-3197-4ed5-bb3d-8d40202e6be8)
 - Deleted: 0

[14/May/2023:11:50:48] UPDATING PRODUCTS (JobID: 4390fca0-d180-43b3-bc75-eb78d20458a0)
 - New and modified: 0

[14/May/2023:11:50:51] UPDATING PREPAGATI (JobID: 033ab286-1ace-4504-8a0c-b447ddb34178)
 - New and modified: 0

[14/May/2023:11:50:51] DELETING PREPAGATI (JobID: 033ab286-1ace-4504-8a0c-b447ddb34178)
 - Deleted: 0

[14/May/2023:12:00:07] UPDATING ACCOUNTS (JobID: b05fe467-8d3e-404c-991e-9543ce13e975)
 - New and modified: 0

[14/May/2023:12:00:07] DELETING ACCOUNTS (JobID: b05fe467-8d3e-404c-991e-9543ce13e975)
 - Deleted: 0

[14/May/2023:12:00:50] UPDATING PRODUCTS (JobID: 50046443-5547-45f0-ab83-96e423a71571)
 - New and modified: 0

[14/May/2023:12:00:54] UPDATING PREPAGATI (JobID: 829f0e1c-4e56-4020-86d5-9f18f31f2dbb)
 - New and modified: 0

[14/May/2023:12:00:54] DELETING PREPAGATI (JobID: 829f0e1c-4e56-4020-86d5-9f18f31f2dbb)
 - Deleted: 0

[14/May/2023:12:10:05] UPDATING ACCOUNTS (JobID: 6306b7d9-7cf6-43ca-875a-9fe5e4ec2c81)
 - New and modified: 0

[14/May/2023:12:10:05] DELETING ACCOUNTS (JobID: 6306b7d9-7cf6-43ca-875a-9fe5e4ec2c81)
 - Deleted: 0

[14/May/2023:12:10:50] UPDATING PRODUCTS (JobID: 804c1b9e-96d5-42d0-9ddd-502e619b248a)
 - New and modified: 0

[14/May/2023:12:10:53] UPDATING PREPAGATI (JobID: fc9b7ab5-a252-439c-8104-9707303fceac)
 - New and modified: 0

[14/May/2023:12:10:53] DELETING PREPAGATI (JobID: fc9b7ab5-a252-439c-8104-9707303fceac)
 - Deleted: 0

[14/May/2023:12:20:05] UPDATING ACCOUNTS (JobID: d724b444-8641-4e73-8c69-354c8a3c8a0f)
 - New and modified: 0

[14/May/2023:12:20:05] DELETING ACCOUNTS (JobID: d724b444-8641-4e73-8c69-354c8a3c8a0f)
 - Deleted: 0

[14/May/2023:12:20:47] UPDATING PRODUCTS (JobID: 42c829da-729e-4e91-9ffb-099ee9670908)
 - New and modified: 0

[14/May/2023:12:20:50] UPDATING PREPAGATI (JobID: f76b26ad-a443-4eb3-ad74-2ac0f44f0631)
 - New and modified: 0

[14/May/2023:12:20:50] DELETING PREPAGATI (JobID: f76b26ad-a443-4eb3-ad74-2ac0f44f0631)
 - Deleted: 0

[14/May/2023:12:30:07] UPDATING ACCOUNTS (JobID: c30961b2-3386-4145-8ca0-d8f03f7825af)
 - New and modified: 0

[14/May/2023:12:30:07] DELETING ACCOUNTS (JobID: c30961b2-3386-4145-8ca0-d8f03f7825af)
 - Deleted: 0

[14/May/2023:12:30:51] UPDATING PRODUCTS (JobID: 71c01ebe-85f1-406c-b7f2-eb0b2f06ea58)
 - New and modified: 0

[14/May/2023:12:30:54] UPDATING PREPAGATI (JobID: 56e7b407-2364-4b2e-a445-6ce9ac2d9cbe)
 - New and modified: 0

[14/May/2023:12:30:54] DELETING PREPAGATI (JobID: 56e7b407-2364-4b2e-a445-6ce9ac2d9cbe)
 - Deleted: 0

[14/May/2023:12:40:05] UPDATING ACCOUNTS (JobID: e2c9925f-33c0-4c92-adbe-b1ca6538d129)
 - New and modified: 0

[14/May/2023:12:40:05] DELETING ACCOUNTS (JobID: e2c9925f-33c0-4c92-adbe-b1ca6538d129)
 - Deleted: 0

[14/May/2023:12:40:50] UPDATING PRODUCTS (JobID: 6f4dace7-dddc-4825-9d11-8601b9bcd66f)
 - New and modified: 0

[14/May/2023:12:40:54] UPDATING PREPAGATI (JobID: b0407674-8ba9-40ec-bfce-230615e1a7e2)
 - New and modified: 0

[14/May/2023:12:40:54] DELETING PREPAGATI (JobID: b0407674-8ba9-40ec-bfce-230615e1a7e2)
 - Deleted: 0

[14/May/2023:12:50:05] UPDATING ACCOUNTS (JobID: 723b0072-93d3-44e0-99f1-516f5b94be9b)
 - New and modified: 0

[14/May/2023:12:50:05] DELETING ACCOUNTS (JobID: 723b0072-93d3-44e0-99f1-516f5b94be9b)
 - Deleted: 0

[14/May/2023:12:50:45] UPDATING PRODUCTS (JobID: 385a3d3c-6d8e-4bb4-a33b-8d29c3720a82)
 - New and modified: 0

[14/May/2023:12:50:48] UPDATING PREPAGATI (JobID: 41ffc365-1365-4197-a646-3894d3129974)
 - New and modified: 0

[14/May/2023:12:50:48] DELETING PREPAGATI (JobID: 41ffc365-1365-4197-a646-3894d3129974)
 - Deleted: 0

[14/May/2023:13:00:06] UPDATING ACCOUNTS (JobID: 125bafd2-74cd-42e6-bdf3-10d7bd5aea40)
 - New and modified: 0

[14/May/2023:13:00:06] DELETING ACCOUNTS (JobID: 125bafd2-74cd-42e6-bdf3-10d7bd5aea40)
 - Deleted: 0

[14/May/2023:13:00:50] UPDATING PRODUCTS (JobID: b9f506fe-80e5-4a43-8ee9-89642e5489b4)
 - New and modified: 0

[14/May/2023:13:00:53] UPDATING PREPAGATI (JobID: 24480614-750e-4b27-a47e-4f2b73d2edde)
 - New and modified: 0

[14/May/2023:13:00:53] DELETING PREPAGATI (JobID: 24480614-750e-4b27-a47e-4f2b73d2edde)
 - Deleted: 0

[14/May/2023:13:10:06] UPDATING ACCOUNTS (JobID: 7fb08b8b-c9bb-48ce-aa22-64eb38243d73)
 - New and modified: 0

[14/May/2023:13:10:06] DELETING ACCOUNTS (JobID: 7fb08b8b-c9bb-48ce-aa22-64eb38243d73)
 - Deleted: 0

[14/May/2023:13:10:51] UPDATING PRODUCTS (JobID: 0c64780f-1fd6-4499-835a-87a6deaebd66)
 - New and modified: 0

[14/May/2023:13:10:54] UPDATING PREPAGATI (JobID: 2d751227-4c56-40b5-9e47-c961869d606b)
 - New and modified: 0

[14/May/2023:13:10:54] DELETING PREPAGATI (JobID: 2d751227-4c56-40b5-9e47-c961869d606b)
 - Deleted: 0

[14/May/2023:13:20:05] UPDATING ACCOUNTS (JobID: b414c0c2-0905-4e1d-a147-09ccb98c521e)
 - New and modified: 0

[14/May/2023:13:20:05] DELETING ACCOUNTS (JobID: b414c0c2-0905-4e1d-a147-09ccb98c521e)
 - Deleted: 0

[14/May/2023:13:20:43] UPDATING PRODUCTS (JobID: 163ea856-8cee-4922-b227-fa8cfe91d405)
 - New and modified: 0

[14/May/2023:13:20:46] UPDATING PREPAGATI (JobID: fe60a395-6799-4d6b-aef1-c1de44382a9c)
 - New and modified: 0

[14/May/2023:13:20:46] DELETING PREPAGATI (JobID: fe60a395-6799-4d6b-aef1-c1de44382a9c)
 - Deleted: 0

[14/May/2023:13:30:06] UPDATING ACCOUNTS (JobID: 5e8562af-c973-483d-ac21-a19e890e512a)
 - New and modified: 0

[14/May/2023:13:30:06] DELETING ACCOUNTS (JobID: 5e8562af-c973-483d-ac21-a19e890e512a)
 - Deleted: 0

[14/May/2023:13:30:45] UPDATING PRODUCTS (JobID: af66d6a9-ae39-4b81-8d33-b035f50aba1c)
 - New and modified: 0

[14/May/2023:13:30:48] UPDATING PREPAGATI (JobID: cfab00f8-25bc-446c-8ff4-487afafafe64)
 - New and modified: 0

[14/May/2023:13:30:48] DELETING PREPAGATI (JobID: cfab00f8-25bc-446c-8ff4-487afafafe64)
 - Deleted: 0

[14/May/2023:13:40:06] UPDATING ACCOUNTS (JobID: ffedd90e-8edf-41ef-8c7c-f7905100e12c)
 - New and modified: 0

[14/May/2023:13:40:06] DELETING ACCOUNTS (JobID: ffedd90e-8edf-41ef-8c7c-f7905100e12c)
 - Deleted: 0

[14/May/2023:13:40:49] UPDATING PRODUCTS (JobID: dc0bc72b-d056-4976-8d16-946e482f0115)
 - New and modified: 0

[14/May/2023:13:40:52] UPDATING PREPAGATI (JobID: 2b8099b1-7add-4e26-afd7-a0553e8bd7bc)
 - New and modified: 0

[14/May/2023:13:40:52] DELETING PREPAGATI (JobID: 2b8099b1-7add-4e26-afd7-a0553e8bd7bc)
 - Deleted: 0

[14/May/2023:13:50:05] UPDATING ACCOUNTS (JobID: 0ecce135-bb6e-4463-b6da-42ad64214faf)
 - New and modified: 0

[14/May/2023:13:50:05] DELETING ACCOUNTS (JobID: 0ecce135-bb6e-4463-b6da-42ad64214faf)
 - Deleted: 0

[14/May/2023:13:50:43] UPDATING PRODUCTS (JobID: 5e3d35f1-6cdd-4673-a3ba-7d2de14de40d)
 - New and modified: 0

[14/May/2023:13:50:46] UPDATING PREPAGATI (JobID: 7287b19c-d11f-4f0e-9c42-7ac704beecc4)
 - New and modified: 0

[14/May/2023:13:50:46] DELETING PREPAGATI (JobID: 7287b19c-d11f-4f0e-9c42-7ac704beecc4)
 - Deleted: 0

[14/May/2023:14:00:05] UPDATING ACCOUNTS (JobID: 444ec526-94fe-42ae-8bff-f98d3d6c6b52)
 - New and modified: 0

[14/May/2023:14:00:05] DELETING ACCOUNTS (JobID: 444ec526-94fe-42ae-8bff-f98d3d6c6b52)
 - Deleted: 0

[14/May/2023:14:00:45] UPDATING PRODUCTS (JobID: 5392823a-67d9-4c6c-9073-097db15476af)
 - New and modified: 0

[14/May/2023:14:00:48] UPDATING PREPAGATI (JobID: e84708ee-1dbd-4b8e-b2e5-c2cf8bd8319b)
 - New and modified: 0

[14/May/2023:14:00:48] DELETING PREPAGATI (JobID: e84708ee-1dbd-4b8e-b2e5-c2cf8bd8319b)
 - Deleted: 0

[14/May/2023:14:10:05] UPDATING ACCOUNTS (JobID: 8816eb93-a5a0-460a-ab87-239b1ff7cc81)
 - New and modified: 0

[14/May/2023:14:10:05] DELETING ACCOUNTS (JobID: 8816eb93-a5a0-460a-ab87-239b1ff7cc81)
 - Deleted: 0

[14/May/2023:14:10:47] UPDATING PRODUCTS (JobID: 630ed51e-03c0-453e-b382-2f0297855fc0)
 - New and modified: 0

[14/May/2023:14:10:50] UPDATING PREPAGATI (JobID: c95a0d61-496a-4c73-9ebc-0a2047020d19)
 - New and modified: 0

[14/May/2023:14:10:50] DELETING PREPAGATI (JobID: c95a0d61-496a-4c73-9ebc-0a2047020d19)
 - Deleted: 0

[14/May/2023:14:20:05] UPDATING ACCOUNTS (JobID: da8d2c89-fc1f-4987-a58b-12e4673a85c6)
 - New and modified: 0

[14/May/2023:14:20:05] DELETING ACCOUNTS (JobID: da8d2c89-fc1f-4987-a58b-12e4673a85c6)
 - Deleted: 0

[14/May/2023:14:20:45] UPDATING PRODUCTS (JobID: c8064377-b269-4072-a7fc-24e9044c52c9)
 - New and modified: 0

[14/May/2023:14:20:49] UPDATING PREPAGATI (JobID: 2d1e8795-71a9-446f-9b7a-64c952d446fb)
 - New and modified: 0

[14/May/2023:14:20:49] DELETING PREPAGATI (JobID: 2d1e8795-71a9-446f-9b7a-64c952d446fb)
 - Deleted: 0

[14/May/2023:14:30:06] UPDATING ACCOUNTS (JobID: 9060e554-e15b-44e4-901c-a1a3d1442a28)
 - New and modified: 0

[14/May/2023:14:30:06] DELETING ACCOUNTS (JobID: 9060e554-e15b-44e4-901c-a1a3d1442a28)
 - Deleted: 0

[14/May/2023:14:30:49] UPDATING PRODUCTS (JobID: 6c94e704-9ae9-4209-8525-24867b6c1559)
 - New and modified: 0

[14/May/2023:14:30:53] UPDATING PREPAGATI (JobID: 8f9a9fff-0bbc-4d7e-b6d0-5ff8840280a3)
 - New and modified: 0

[14/May/2023:14:30:53] DELETING PREPAGATI (JobID: 8f9a9fff-0bbc-4d7e-b6d0-5ff8840280a3)
 - Deleted: 0

[14/May/2023:14:40:05] UPDATING ACCOUNTS (JobID: 764ebe00-6f3d-44f3-b2e3-2e02b9786b51)
 - New and modified: 0

[14/May/2023:14:40:05] DELETING ACCOUNTS (JobID: 764ebe00-6f3d-44f3-b2e3-2e02b9786b51)
 - Deleted: 0

[14/May/2023:14:40:46] UPDATING PRODUCTS (JobID: 667b8f3e-8d25-49ae-a832-ed8c91f237b8)
 - New and modified: 0

[14/May/2023:14:40:50] UPDATING PREPAGATI (JobID: 86cf6147-9729-4289-af56-260182c82f8c)
 - New and modified: 0

[14/May/2023:14:40:50] DELETING PREPAGATI (JobID: 86cf6147-9729-4289-af56-260182c82f8c)
 - Deleted: 0

[14/May/2023:14:50:05] UPDATING ACCOUNTS (JobID: d0eaf48e-0d5a-4237-9eb4-6897009cffa0)
 - New and modified: 0

[14/May/2023:14:50:05] DELETING ACCOUNTS (JobID: d0eaf48e-0d5a-4237-9eb4-6897009cffa0)
 - Deleted: 0

[14/May/2023:14:50:45] UPDATING PRODUCTS (JobID: 2bd4796b-ce2a-4ba4-be7f-6bcef28a4829)
 - New and modified: 0

[14/May/2023:14:50:48] UPDATING PREPAGATI (JobID: ae998b2a-fd7c-43a8-af8c-9dbfae136fc4)
 - New and modified: 0

[14/May/2023:14:50:48] DELETING PREPAGATI (JobID: ae998b2a-fd7c-43a8-af8c-9dbfae136fc4)
 - Deleted: 0

[14/May/2023:15:00:06] UPDATING ACCOUNTS (JobID: 5f24db17-fedc-4e40-a24b-1a441e3baf07)
 - New and modified: 0

[14/May/2023:15:00:06] DELETING ACCOUNTS (JobID: 5f24db17-fedc-4e40-a24b-1a441e3baf07)
 - Deleted: 0

[14/May/2023:15:00:49] UPDATING PRODUCTS (JobID: bc53dd8c-ce5d-4df8-af8a-95a3e925cff4)
 - New and modified: 0

[14/May/2023:15:00:52] UPDATING PREPAGATI (JobID: be383ab7-8fcc-43fc-aa56-7d54b02c7771)
 - New and modified: 0

[14/May/2023:15:00:52] DELETING PREPAGATI (JobID: be383ab7-8fcc-43fc-aa56-7d54b02c7771)
 - Deleted: 0

[14/May/2023:15:10:05] UPDATING ACCOUNTS (JobID: b184085e-ce15-400a-acee-4091677957d4)
 - New and modified: 0

[14/May/2023:15:10:05] DELETING ACCOUNTS (JobID: b184085e-ce15-400a-acee-4091677957d4)
 - Deleted: 0

[14/May/2023:15:10:51] UPDATING PRODUCTS (JobID: b03ec2f1-4b46-4428-838b-82acd8c51afb)
 - New and modified: 0

[14/May/2023:15:10:55] UPDATING PREPAGATI (JobID: 18a7054f-b404-4f7f-9649-2fb1aab86932)
 - New and modified: 0

[14/May/2023:15:10:55] DELETING PREPAGATI (JobID: 18a7054f-b404-4f7f-9649-2fb1aab86932)
 - Deleted: 0

[14/May/2023:15:20:05] UPDATING ACCOUNTS (JobID: d92a4045-c847-4342-8fa1-d8df4e7bb181)
 - New and modified: 0

[14/May/2023:15:20:05] DELETING ACCOUNTS (JobID: d92a4045-c847-4342-8fa1-d8df4e7bb181)
 - Deleted: 0

[14/May/2023:15:20:45] UPDATING PRODUCTS (JobID: 4ec1cd5d-d24a-4f3b-8fdb-e2c4f3e6dfed)
 - New and modified: 0

[14/May/2023:15:20:48] UPDATING PREPAGATI (JobID: d972c2b8-a3a5-46f5-bde0-94f186876314)
 - New and modified: 0

[14/May/2023:15:20:48] DELETING PREPAGATI (JobID: d972c2b8-a3a5-46f5-bde0-94f186876314)
 - Deleted: 0

[14/May/2023:15:30:06] UPDATING ACCOUNTS (JobID: a83b736f-9b74-4b17-9ba3-ae5acac9b3b6)
 - New and modified: 0

[14/May/2023:15:30:06] DELETING ACCOUNTS (JobID: a83b736f-9b74-4b17-9ba3-ae5acac9b3b6)
 - Deleted: 0

[14/May/2023:15:30:48] UPDATING PRODUCTS (JobID: cd1df76f-6d4c-4a5f-9bb3-969b0136e855)
 - New and modified: 0

[14/May/2023:15:30:51] UPDATING PREPAGATI (JobID: 514e67d9-dcd2-4300-907f-dc2b8a6875f6)
 - New and modified: 0

[14/May/2023:15:30:51] DELETING PREPAGATI (JobID: 514e67d9-dcd2-4300-907f-dc2b8a6875f6)
 - Deleted: 0

[14/May/2023:15:40:05] UPDATING ACCOUNTS (JobID: 2d5f3982-8de5-4552-b874-e02c1d1a9c57)
 - New and modified: 0

[14/May/2023:15:40:05] DELETING ACCOUNTS (JobID: 2d5f3982-8de5-4552-b874-e02c1d1a9c57)
 - Deleted: 0

[14/May/2023:15:40:45] UPDATING PRODUCTS (JobID: 296bbfa8-cc5d-43b8-9aab-bb5a12530a4d)
 - New and modified: 0

[14/May/2023:15:40:49] UPDATING PREPAGATI (JobID: ecac7a5c-df92-44da-93e6-82f5f41c48b3)
 - New and modified: 0

[14/May/2023:15:40:49] DELETING PREPAGATI (JobID: ecac7a5c-df92-44da-93e6-82f5f41c48b3)
 - Deleted: 0

[14/May/2023:15:50:05] UPDATING ACCOUNTS (JobID: 280db09e-8291-4b93-946e-ea4046af52c2)
 - New and modified: 0

[14/May/2023:15:50:05] DELETING ACCOUNTS (JobID: 280db09e-8291-4b93-946e-ea4046af52c2)
 - Deleted: 0

[14/May/2023:15:50:43] UPDATING PRODUCTS (JobID: 0fecf223-dfcb-42fe-bfd2-04ceb1218997)
 - New and modified: 0

[14/May/2023:15:50:46] UPDATING PREPAGATI (JobID: b6a6ac40-806c-42c5-8860-612a2aee1c93)
 - New and modified: 0

[14/May/2023:15:50:46] DELETING PREPAGATI (JobID: b6a6ac40-806c-42c5-8860-612a2aee1c93)
 - Deleted: 0

[14/May/2023:16:00:07] UPDATING ACCOUNTS (JobID: 30effa84-6b5d-4a2c-9527-e73b5cdbab16)
 - New and modified: 0

[14/May/2023:16:00:07] DELETING ACCOUNTS (JobID: 30effa84-6b5d-4a2c-9527-e73b5cdbab16)
 - Deleted: 0

[14/May/2023:16:00:53] UPDATING PRODUCTS (JobID: dd03c879-fbef-444f-8acf-11028b897ab6)
 - New and modified: 0

[14/May/2023:16:00:56] UPDATING PREPAGATI (JobID: f0d6c26d-37ac-4e09-9b6a-17d4dacc0e92)
 - New and modified: 0

[14/May/2023:16:00:56] DELETING PREPAGATI (JobID: f0d6c26d-37ac-4e09-9b6a-17d4dacc0e92)
 - Deleted: 0

[14/May/2023:16:10:07] UPDATING ACCOUNTS (JobID: 9374901e-c8c1-41e0-abb2-d17008b50b6a)
 - New and modified: 0

[14/May/2023:16:10:07] DELETING ACCOUNTS (JobID: 9374901e-c8c1-41e0-abb2-d17008b50b6a)
 - Deleted: 0

[14/May/2023:16:10:51] UPDATING PRODUCTS (JobID: bf635845-e011-49db-90b4-b61f4ce91f3a)
 - New and modified: 0

[14/May/2023:16:10:55] UPDATING PREPAGATI (JobID: 60df1518-5b93-4baf-8f5d-15705523af7c)
 - New and modified: 0

[14/May/2023:16:10:55] DELETING PREPAGATI (JobID: 60df1518-5b93-4baf-8f5d-15705523af7c)
 - Deleted: 0

[14/May/2023:16:20:05] UPDATING ACCOUNTS (JobID: 132968d2-f432-4e8d-bc6a-07d13d748af6)
 - New and modified: 0

[14/May/2023:16:20:05] DELETING ACCOUNTS (JobID: 132968d2-f432-4e8d-bc6a-07d13d748af6)
 - Deleted: 0

[14/May/2023:16:20:43] UPDATING PRODUCTS (JobID: 355a12cc-302d-47fd-b513-0592698997dc)
 - New and modified: 0

[14/May/2023:16:20:46] UPDATING PREPAGATI (JobID: 70dace86-9218-42aa-ba69-872fff67bb43)
 - New and modified: 0

[14/May/2023:16:20:46] DELETING PREPAGATI (JobID: 70dace86-9218-42aa-ba69-872fff67bb43)
 - Deleted: 0

[14/May/2023:16:30:07] UPDATING ACCOUNTS (JobID: 38ebcb48-659f-478f-a56c-b0a57fdee16c)
 - New and modified: 0

[14/May/2023:16:30:07] DELETING ACCOUNTS (JobID: 38ebcb48-659f-478f-a56c-b0a57fdee16c)
 - Deleted: 0

[14/May/2023:16:30:49] UPDATING PRODUCTS (JobID: 46e85a45-2584-4830-bbc1-a73816090473)
 - New and modified: 0

[14/May/2023:16:30:52] UPDATING PREPAGATI (JobID: 9e488374-5063-4fa6-b22c-d741ebba14a0)
 - New and modified: 0

[14/May/2023:16:30:52] DELETING PREPAGATI (JobID: 9e488374-5063-4fa6-b22c-d741ebba14a0)
 - Deleted: 0

[14/May/2023:16:40:06] UPDATING ACCOUNTS (JobID: d4d3d48e-d69e-42e3-8375-f1458cd8f20f)
 - New and modified: 0

[14/May/2023:16:40:06] DELETING ACCOUNTS (JobID: d4d3d48e-d69e-42e3-8375-f1458cd8f20f)
 - Deleted: 0

[14/May/2023:16:40:49] UPDATING PRODUCTS (JobID: 34c1f979-d363-4abd-a081-31fc28ccf1c5)
 - New and modified: 0

[14/May/2023:16:40:53] UPDATING PREPAGATI (JobID: a110d07f-a253-4652-8d1a-96d51a7758b8)
 - New and modified: 0

[14/May/2023:16:40:53] DELETING PREPAGATI (JobID: a110d07f-a253-4652-8d1a-96d51a7758b8)
 - Deleted: 0

[14/May/2023:16:50:06] UPDATING ACCOUNTS (JobID: 6a48a99f-baa1-4b71-b85c-6a39d048d0cd)
 - New and modified: 0

[14/May/2023:16:50:06] DELETING ACCOUNTS (JobID: 6a48a99f-baa1-4b71-b85c-6a39d048d0cd)
 - Deleted: 0

[14/May/2023:16:50:48] UPDATING PRODUCTS (JobID: 174db5e8-5e40-4be1-b8fc-b0525a775673)
 - New and modified: 0

[14/May/2023:16:50:51] UPDATING PREPAGATI (JobID: d4f7e2e7-2471-4e2d-b08e-782273c8a7e9)
 - New and modified: 0

[14/May/2023:16:50:51] DELETING PREPAGATI (JobID: d4f7e2e7-2471-4e2d-b08e-782273c8a7e9)
 - Deleted: 0

[14/May/2023:17:00:06] UPDATING ACCOUNTS (JobID: 708c2ce9-7069-46af-ad0f-e30ddc7afd51)
 - New and modified: 0

[14/May/2023:17:00:06] DELETING ACCOUNTS (JobID: 708c2ce9-7069-46af-ad0f-e30ddc7afd51)
 - Deleted: 0

[14/May/2023:17:00:50] UPDATING PRODUCTS (JobID: 255b78ee-539f-42ad-8c36-b4ff43981fb3)
 - New and modified: 0

[14/May/2023:17:00:53] UPDATING PREPAGATI (JobID: a30cba36-9a5b-4dd7-a429-2947aa17d64e)
 - New and modified: 0

[14/May/2023:17:00:53] DELETING PREPAGATI (JobID: a30cba36-9a5b-4dd7-a429-2947aa17d64e)
 - Deleted: 0

[14/May/2023:17:10:06] UPDATING ACCOUNTS (JobID: 85c3d641-7004-404a-a4e5-a701a1fa1816)
 - New and modified: 0

[14/May/2023:17:10:06] DELETING ACCOUNTS (JobID: 85c3d641-7004-404a-a4e5-a701a1fa1816)
 - Deleted: 0

[14/May/2023:17:10:53] UPDATING PRODUCTS (JobID: 021c665f-7c20-4f32-a2c7-07ed53b278be)
 - New and modified: 0

[14/May/2023:17:10:57] UPDATING PREPAGATI (JobID: 9313adf4-d7da-4fac-9139-c84f3020c421)
 - New and modified: 0

[14/May/2023:17:10:57] DELETING PREPAGATI (JobID: 9313adf4-d7da-4fac-9139-c84f3020c421)
 - Deleted: 0

[14/May/2023:17:20:06] UPDATING ACCOUNTS (JobID: e64bb2f6-c23c-44e9-b053-cefd4e3e9993)
 - New and modified: 0

[14/May/2023:17:20:06] DELETING ACCOUNTS (JobID: e64bb2f6-c23c-44e9-b053-cefd4e3e9993)
 - Deleted: 0

[14/May/2023:17:20:47] UPDATING PRODUCTS (JobID: 26a0e9d6-e8ce-4ec6-93a5-3c6dbfe9939c)
 - New and modified: 0

[14/May/2023:17:20:50] UPDATING PREPAGATI (JobID: 91e9aa5b-7cbe-42b3-98ee-24e46b1dcfa6)
 - New and modified: 0

[14/May/2023:17:20:50] DELETING PREPAGATI (JobID: 91e9aa5b-7cbe-42b3-98ee-24e46b1dcfa6)
 - Deleted: 0

[14/May/2023:17:30:07] UPDATING ACCOUNTS (JobID: 1fc6f28c-6d66-47e8-be8b-a405f09b3894)
 - New and modified: 0

[14/May/2023:17:30:07] DELETING ACCOUNTS (JobID: 1fc6f28c-6d66-47e8-be8b-a405f09b3894)
 - Deleted: 0

[14/May/2023:17:30:54] UPDATING PRODUCTS (JobID: 2315a6ac-544b-45e8-99a9-2e029febc03e)
 - New and modified: 0

[14/May/2023:17:30:58] UPDATING PREPAGATI (JobID: d21de769-2986-477e-8a03-63f8422f05e6)
 - New and modified: 0

[14/May/2023:17:30:58] DELETING PREPAGATI (JobID: d21de769-2986-477e-8a03-63f8422f05e6)
 - Deleted: 0

[14/May/2023:17:40:06] UPDATING ACCOUNTS (JobID: 50aec26b-9176-4500-b7f8-e9523c645093)
 - New and modified: 0

[14/May/2023:17:40:06] DELETING ACCOUNTS (JobID: 50aec26b-9176-4500-b7f8-e9523c645093)
 - Deleted: 0

[14/May/2023:17:40:49] UPDATING PRODUCTS (JobID: 91a74432-5139-4488-907b-a7e7a39bea60)
 - New and modified: 0

[14/May/2023:17:40:53] UPDATING PREPAGATI (JobID: 8c2c1673-6988-4800-bfc0-27d28a8286a3)
 - New and modified: 0

[14/May/2023:17:40:53] DELETING PREPAGATI (JobID: 8c2c1673-6988-4800-bfc0-27d28a8286a3)
 - Deleted: 0

[14/May/2023:17:50:05] UPDATING ACCOUNTS (JobID: f21e2e15-a531-4444-90a0-90112beafc04)
 - New and modified: 0

[14/May/2023:17:50:05] DELETING ACCOUNTS (JobID: f21e2e15-a531-4444-90a0-90112beafc04)
 - Deleted: 0

[14/May/2023:17:50:43] UPDATING PRODUCTS (JobID: ac47b179-acd2-4194-92c6-0a7be613a329)
 - New and modified: 0

[14/May/2023:17:50:47] UPDATING PREPAGATI (JobID: 71cea114-2568-44ed-a11d-31a934df01f5)
 - New and modified: 0

[14/May/2023:17:50:47] DELETING PREPAGATI (JobID: 71cea114-2568-44ed-a11d-31a934df01f5)
 - Deleted: 0

[14/May/2023:18:00:10] UPDATING ACCOUNTS (JobID: f677ac1e-d1ad-4058-9616-6ac94f5801ee)
 - New and modified: 0

[14/May/2023:18:00:10] DELETING ACCOUNTS (JobID: f677ac1e-d1ad-4058-9616-6ac94f5801ee)
 - Deleted: 0

[14/May/2023:18:00:53] UPDATING PRODUCTS (JobID: 6b7b29e2-aff6-4d7e-9e33-83c5fcf9fe36)
 - New and modified: 0

[14/May/2023:18:00:56] UPDATING PREPAGATI (JobID: 3ce8cbc4-0d49-4620-af99-bcc0df836381)
 - New and modified: 0

[14/May/2023:18:00:56] DELETING PREPAGATI (JobID: 3ce8cbc4-0d49-4620-af99-bcc0df836381)
 - Deleted: 0

[14/May/2023:18:10:05] UPDATING ACCOUNTS (JobID: 645ac790-27e0-4320-a259-202e8f796b21)
 - New and modified: 0

[14/May/2023:18:10:05] DELETING ACCOUNTS (JobID: 645ac790-27e0-4320-a259-202e8f796b21)
 - Deleted: 0

[14/May/2023:18:10:45] UPDATING PRODUCTS (JobID: 4ad40860-ba07-4ac5-bd4a-036b566046ff)
 - New and modified: 0

[14/May/2023:18:10:49] UPDATING PREPAGATI (JobID: 1f8be721-0bda-4c51-9866-ee6c02865945)
 - New and modified: 0

[14/May/2023:18:10:49] DELETING PREPAGATI (JobID: 1f8be721-0bda-4c51-9866-ee6c02865945)
 - Deleted: 0

[14/May/2023:18:20:05] UPDATING ACCOUNTS (JobID: 097dc3bb-bf91-4ddb-a1dc-a0ad183008aa)
 - New and modified: 0

[14/May/2023:18:20:05] DELETING ACCOUNTS (JobID: 097dc3bb-bf91-4ddb-a1dc-a0ad183008aa)
 - Deleted: 0

[14/May/2023:18:20:44] UPDATING PRODUCTS (JobID: ce26f2aa-3edb-48e2-80b9-75119de4fc8d)
 - New and modified: 0

[14/May/2023:18:20:47] UPDATING PREPAGATI (JobID: b740e215-26ea-4e4f-a74f-8f62ed184c42)
 - New and modified: 0

[14/May/2023:18:20:47] DELETING PREPAGATI (JobID: b740e215-26ea-4e4f-a74f-8f62ed184c42)
 - Deleted: 0

[14/May/2023:18:30:05] UPDATING ACCOUNTS (JobID: 3ec0e88f-add6-444c-9342-0061636a47d3)
 - New and modified: 0

[14/May/2023:18:30:05] DELETING ACCOUNTS (JobID: 3ec0e88f-add6-444c-9342-0061636a47d3)
 - Deleted: 0

[14/May/2023:18:30:46] UPDATING PRODUCTS (JobID: 9342e0b5-2084-4448-b5f5-8a09ae5a3ac9)
 - New and modified: 0

[14/May/2023:18:30:49] UPDATING PREPAGATI (JobID: d13d6b68-c8d9-4e52-8620-83ce3545ccdb)
 - New and modified: 0

[14/May/2023:18:30:49] DELETING PREPAGATI (JobID: d13d6b68-c8d9-4e52-8620-83ce3545ccdb)
 - Deleted: 0

[14/May/2023:18:40:05] UPDATING ACCOUNTS (JobID: bf01736c-a328-48f6-8bb6-7e7687e22ecb)
 - New and modified: 0

[14/May/2023:18:40:05] DELETING ACCOUNTS (JobID: bf01736c-a328-48f6-8bb6-7e7687e22ecb)
 - Deleted: 0

[14/May/2023:18:40:46] UPDATING PRODUCTS (JobID: 5af5bc20-c618-4a3c-9cea-da8f35b52096)
 - New and modified: 0

[14/May/2023:18:40:50] UPDATING PREPAGATI (JobID: 497f4566-6ec8-48c4-801d-91a9b42f5a8a)
 - New and modified: 0

[14/May/2023:18:40:50] DELETING PREPAGATI (JobID: 497f4566-6ec8-48c4-801d-91a9b42f5a8a)
 - Deleted: 0

[14/May/2023:18:50:05] UPDATING ACCOUNTS (JobID: 48a75212-968e-4381-b67b-354505102739)
 - New and modified: 0

[14/May/2023:18:50:05] DELETING ACCOUNTS (JobID: 48a75212-968e-4381-b67b-354505102739)
 - Deleted: 0

[14/May/2023:18:50:43] UPDATING PRODUCTS (JobID: 85d9e5ea-ec00-4be6-9185-f156879a590c)
 - New and modified: 0

[14/May/2023:18:50:46] UPDATING PREPAGATI (JobID: 6f2199ee-c3d3-4e96-a237-c6ab19869d01)
 - New and modified: 0

[14/May/2023:18:50:46] DELETING PREPAGATI (JobID: 6f2199ee-c3d3-4e96-a237-c6ab19869d01)
 - Deleted: 0

[14/May/2023:19:00:05] UPDATING ACCOUNTS (JobID: 62b5a722-7c9f-4cc6-807a-dce8a0d39d89)
 - New and modified: 0

[14/May/2023:19:00:05] DELETING ACCOUNTS (JobID: 62b5a722-7c9f-4cc6-807a-dce8a0d39d89)
 - Deleted: 0

[14/May/2023:19:00:47] UPDATING PRODUCTS (JobID: f9b14af9-595f-42d3-ae25-4c64594e2b19)
 - New and modified: 0

[14/May/2023:19:00:50] UPDATING PREPAGATI (JobID: 923b9607-a3c9-4f30-9897-8e82283ef89c)
 - New and modified: 0

[14/May/2023:19:00:50] DELETING PREPAGATI (JobID: 923b9607-a3c9-4f30-9897-8e82283ef89c)
 - Deleted: 0

[14/May/2023:19:10:05] UPDATING ACCOUNTS (JobID: a8d67415-35a7-4091-b893-a54e7e358dff)
 - New and modified: 0

[14/May/2023:19:10:05] DELETING ACCOUNTS (JobID: a8d67415-35a7-4091-b893-a54e7e358dff)
 - Deleted: 0

[14/May/2023:19:10:46] UPDATING PRODUCTS (JobID: c76e8a56-0356-4e9e-b68b-7bb836a0b829)
 - New and modified: 0

[14/May/2023:19:10:50] UPDATING PREPAGATI (JobID: 76f71423-8678-477d-856e-8b03a8f16b51)
 - New and modified: 0

[14/May/2023:19:10:50] DELETING PREPAGATI (JobID: 76f71423-8678-477d-856e-8b03a8f16b51)
 - Deleted: 0

[14/May/2023:19:20:05] UPDATING ACCOUNTS (JobID: 98388ba4-90f4-43e5-9730-fc6109793f67)
 - New and modified: 0

[14/May/2023:19:20:05] DELETING ACCOUNTS (JobID: 98388ba4-90f4-43e5-9730-fc6109793f67)
 - Deleted: 0

[14/May/2023:19:20:44] UPDATING PRODUCTS (JobID: 7f16e7ab-51d0-458d-8e75-336fd51c0bfc)
 - New and modified: 0

[14/May/2023:19:20:47] UPDATING PREPAGATI (JobID: 10033cee-4608-4929-ba9b-ae4d7f502f33)
 - New and modified: 0

[14/May/2023:19:20:47] DELETING PREPAGATI (JobID: 10033cee-4608-4929-ba9b-ae4d7f502f33)
 - Deleted: 0

[14/May/2023:19:30:06] UPDATING ACCOUNTS (JobID: 0a1ec516-6687-4797-b77e-bb0e1fd506e4)
 - New and modified: 0

[14/May/2023:19:30:06] DELETING ACCOUNTS (JobID: 0a1ec516-6687-4797-b77e-bb0e1fd506e4)
 - Deleted: 0

[14/May/2023:19:30:48] UPDATING PRODUCTS (JobID: 6234e824-0722-45f9-a4db-bfd7552f352e)
 - New and modified: 0

[14/May/2023:19:30:51] UPDATING PREPAGATI (JobID: 2c9d34d8-7a70-4da5-87cb-23a459d10bda)
 - New and modified: 0

[14/May/2023:19:30:51] DELETING PREPAGATI (JobID: 2c9d34d8-7a70-4da5-87cb-23a459d10bda)
 - Deleted: 0

[14/May/2023:19:40:06] UPDATING ACCOUNTS (JobID: e3f3c2d1-c8e2-485f-9770-42357f858b35)
 - New and modified: 0

[14/May/2023:19:40:06] DELETING ACCOUNTS (JobID: e3f3c2d1-c8e2-485f-9770-42357f858b35)
 - Deleted: 0

[14/May/2023:19:40:45] UPDATING PRODUCTS (JobID: 05d9d8c1-d3ff-47d7-a44d-5431376b0d3e)
 - New and modified: 0

[14/May/2023:19:40:49] UPDATING PREPAGATI (JobID: a5aee253-314f-45b1-8c83-7a0e8f3d19ff)
 - New and modified: 0

[14/May/2023:19:40:49] DELETING PREPAGATI (JobID: a5aee253-314f-45b1-8c83-7a0e8f3d19ff)
 - Deleted: 0

[14/May/2023:19:50:05] UPDATING ACCOUNTS (JobID: fb2e7995-29aa-4698-b691-b9eaeecf227b)
 - New and modified: 0

[14/May/2023:19:50:05] DELETING ACCOUNTS (JobID: fb2e7995-29aa-4698-b691-b9eaeecf227b)
 - Deleted: 0

[14/May/2023:19:50:44] UPDATING PRODUCTS (JobID: a6c125fd-b1dc-48c5-9519-d244a1d6d399)
 - New and modified: 0

[14/May/2023:19:50:47] UPDATING PREPAGATI (JobID: ef7d2882-8a5b-4f1d-9271-621a485bc0f6)
 - New and modified: 0

[14/May/2023:19:50:47] DELETING PREPAGATI (JobID: ef7d2882-8a5b-4f1d-9271-621a485bc0f6)
 - Deleted: 0

[14/May/2023:20:00:05] UPDATING ACCOUNTS (JobID: b2f0700c-9e7e-4fc2-aa43-0918a3916d4c)
 - New and modified: 0

[14/May/2023:20:00:05] DELETING ACCOUNTS (JobID: b2f0700c-9e7e-4fc2-aa43-0918a3916d4c)
 - Deleted: 0

[14/May/2023:20:00:46] UPDATING PRODUCTS (JobID: 64c73b37-54db-4300-9867-017a3d404b6b)
 - New and modified: 0

[14/May/2023:20:00:49] UPDATING PREPAGATI (JobID: befa84c2-72e4-43fa-b0d8-0ceb995c32fa)
 - New and modified: 0

[14/May/2023:20:00:49] DELETING PREPAGATI (JobID: befa84c2-72e4-43fa-b0d8-0ceb995c32fa)
 - Deleted: 0

[14/May/2023:20:10:06] UPDATING ACCOUNTS (JobID: d6350b9a-2a1c-4ad3-a735-4b1df9add7fb)
 - New and modified: 0

[14/May/2023:20:10:06] DELETING ACCOUNTS (JobID: d6350b9a-2a1c-4ad3-a735-4b1df9add7fb)
 - Deleted: 0

[14/May/2023:20:10:45] UPDATING PRODUCTS (JobID: 43cf8151-206e-418b-96bd-1f9296dcbaa8)
 - New and modified: 0

[14/May/2023:20:10:48] UPDATING PREPAGATI (JobID: dea2a75f-f12f-49c6-945a-8b300e7a22cc)
 - New and modified: 0

[14/May/2023:20:10:48] DELETING PREPAGATI (JobID: dea2a75f-f12f-49c6-945a-8b300e7a22cc)
 - Deleted: 0

[14/May/2023:20:20:11] UPDATING ACCOUNTS (JobID: 7ffb161b-da37-44fb-886d-c44c7101e582)
 - New and modified: 0

[14/May/2023:20:20:11] DELETING ACCOUNTS (JobID: 7ffb161b-da37-44fb-886d-c44c7101e582)
 - Deleted: 0

[14/May/2023:20:20:48] UPDATING PRODUCTS (JobID: ff6023b4-26ba-4de0-8ea4-64d42434a834)
 - New and modified: 0

[14/May/2023:20:20:53] UPDATING PREPAGATI (JobID: 1dd96451-61a6-4db5-b52d-e17e669c9637)
 - New and modified: 0

[14/May/2023:20:20:53] DELETING PREPAGATI (JobID: 1dd96451-61a6-4db5-b52d-e17e669c9637)
 - Deleted: 0

[14/May/2023:20:30:05] UPDATING ACCOUNTS (JobID: c05bf58f-ffcf-4a02-8bfc-9f9998ebca23)
 - New and modified: 0

[14/May/2023:20:30:05] DELETING ACCOUNTS (JobID: c05bf58f-ffcf-4a02-8bfc-9f9998ebca23)
 - Deleted: 0

[14/May/2023:20:30:49] UPDATING PRODUCTS (JobID: 604704e0-6237-4c0d-a75c-6e1815a9273c)
 - New and modified: 0

[14/May/2023:20:30:53] UPDATING PREPAGATI (JobID: 4603526e-e619-47ca-9d68-59ecc4ae20a9)
 - New and modified: 0

[14/May/2023:20:30:53] DELETING PREPAGATI (JobID: 4603526e-e619-47ca-9d68-59ecc4ae20a9)
 - Deleted: 0

[14/May/2023:20:40:06] UPDATING ACCOUNTS (JobID: 1a4a0d28-c29a-46e9-b2e2-507fe962f848)
 - New and modified: 0

[14/May/2023:20:40:06] DELETING ACCOUNTS (JobID: 1a4a0d28-c29a-46e9-b2e2-507fe962f848)
 - Deleted: 0

[14/May/2023:20:40:48] UPDATING PRODUCTS (JobID: becdac47-d0f1-4377-94a9-22c0bd6a67ce)
 - New and modified: 0

[14/May/2023:20:40:51] UPDATING PREPAGATI (JobID: eba753f9-65a9-400d-8665-200cb7c7ab4f)
 - New and modified: 0

[14/May/2023:20:40:51] DELETING PREPAGATI (JobID: eba753f9-65a9-400d-8665-200cb7c7ab4f)
 - Deleted: 0

[14/May/2023:20:50:05] UPDATING ACCOUNTS (JobID: 14611cf1-37ed-4a2c-8316-018eead3a306)
 - New and modified: 0

[14/May/2023:20:50:05] DELETING ACCOUNTS (JobID: 14611cf1-37ed-4a2c-8316-018eead3a306)
 - Deleted: 0

[14/May/2023:20:50:46] UPDATING PRODUCTS (JobID: e18b8dad-e759-4a54-8c37-3c6e13434a89)
 - New and modified: 0

[14/May/2023:20:50:49] UPDATING PREPAGATI (JobID: 20112a00-64c8-457a-b8db-3c24c04d0993)
 - New and modified: 0

[14/May/2023:20:50:49] DELETING PREPAGATI (JobID: 20112a00-64c8-457a-b8db-3c24c04d0993)
 - Deleted: 0

[14/May/2023:21:00:05] UPDATING ACCOUNTS (JobID: ab9dd0be-db40-4a39-bdc2-e6a341ef8cbb)
 - New and modified: 0

[14/May/2023:21:00:05] DELETING ACCOUNTS (JobID: ab9dd0be-db40-4a39-bdc2-e6a341ef8cbb)
 - Deleted: 0

[14/May/2023:21:00:51] UPDATING PRODUCTS (JobID: 1cd1e0b0-62d4-4d6f-b895-8fd8a36bf7ee)
 - New and modified: 0

[14/May/2023:21:00:54] UPDATING PREPAGATI (JobID: dcb577f6-0187-4b8d-8ba9-48564f0d70cc)
 - New and modified: 0

[14/May/2023:21:00:54] DELETING PREPAGATI (JobID: dcb577f6-0187-4b8d-8ba9-48564f0d70cc)
 - Deleted: 0

[14/May/2023:21:10:06] UPDATING ACCOUNTS (JobID: 7cc99cb0-5ed7-42f5-8d4f-8f6e785820d6)
 - New and modified: 0

[14/May/2023:21:10:06] DELETING ACCOUNTS (JobID: 7cc99cb0-5ed7-42f5-8d4f-8f6e785820d6)
 - Deleted: 0

[14/May/2023:21:10:48] UPDATING PRODUCTS (JobID: 96dfeba2-daf7-487b-94ef-fb414d823675)
 - New and modified: 0

[14/May/2023:21:10:52] UPDATING PREPAGATI (JobID: bc63c413-c7f3-4353-8300-834e80ce946e)
 - New and modified: 0

[14/May/2023:21:10:52] DELETING PREPAGATI (JobID: bc63c413-c7f3-4353-8300-834e80ce946e)
 - Deleted: 0

[14/May/2023:21:20:06] UPDATING ACCOUNTS (JobID: 11fdc253-2536-4fb6-82d9-4ea036faabec)
 - New and modified: 0

[14/May/2023:21:20:06] DELETING ACCOUNTS (JobID: 11fdc253-2536-4fb6-82d9-4ea036faabec)
 - Deleted: 0

[14/May/2023:21:20:47] UPDATING PRODUCTS (JobID: 58d7355e-f51f-42b1-9bb0-12a8d48d79e7)
 - New and modified: 0

[14/May/2023:21:20:50] UPDATING PREPAGATI (JobID: 3c2c2475-cfd8-4e54-ab2e-89f4ddebd176)
 - New and modified: 0

[14/May/2023:21:20:50] DELETING PREPAGATI (JobID: 3c2c2475-cfd8-4e54-ab2e-89f4ddebd176)
 - Deleted: 0

[14/May/2023:21:30:06] UPDATING ACCOUNTS (JobID: 8190a1c7-0310-46aa-9c86-549d96cacb90)
 - New and modified: 0

[14/May/2023:21:30:06] DELETING ACCOUNTS (JobID: 8190a1c7-0310-46aa-9c86-549d96cacb90)
 - Deleted: 0

[14/May/2023:21:30:51] UPDATING PRODUCTS (JobID: 150ee22d-5c1d-4783-9454-596ef4f9f907)
 - New and modified: 0

[14/May/2023:21:30:55] UPDATING PREPAGATI (JobID: 15318b6d-d45e-466b-b96f-0de2730931f0)
 - New and modified: 0

[14/May/2023:21:30:55] DELETING PREPAGATI (JobID: 15318b6d-d45e-466b-b96f-0de2730931f0)
 - Deleted: 0

[14/May/2023:21:40:06] UPDATING ACCOUNTS (JobID: 3b755ac8-c2bc-48a3-ac5f-1e955bbff1a1)
 - New and modified: 0

[14/May/2023:21:40:06] DELETING ACCOUNTS (JobID: 3b755ac8-c2bc-48a3-ac5f-1e955bbff1a1)
 - Deleted: 0

[14/May/2023:21:40:46] UPDATING PRODUCTS (JobID: 2b074b28-467b-462f-a52d-62aa97c7fde8)
 - New and modified: 0

[14/May/2023:21:40:51] UPDATING PREPAGATI (JobID: c7d9014b-7950-43db-9289-c289149bf42e)
 - New and modified: 0

[14/May/2023:21:40:51] DELETING PREPAGATI (JobID: c7d9014b-7950-43db-9289-c289149bf42e)
 - Deleted: 0

[14/May/2023:21:50:05] UPDATING ACCOUNTS (JobID: 15a3a893-cd05-4820-b2d0-6dd9a7909268)
 - New and modified: 0

[14/May/2023:21:50:05] DELETING ACCOUNTS (JobID: 15a3a893-cd05-4820-b2d0-6dd9a7909268)
 - Deleted: 0

[14/May/2023:21:50:46] UPDATING PRODUCTS (JobID: 9959efb0-70b8-4998-8d70-420dbe097e4e)
 - New and modified: 0

[14/May/2023:21:50:49] UPDATING PREPAGATI (JobID: 92065875-84eb-4aed-8a28-2e329db04376)
 - New and modified: 0

[14/May/2023:21:50:49] DELETING PREPAGATI (JobID: 92065875-84eb-4aed-8a28-2e329db04376)
 - Deleted: 0

[14/May/2023:22:00:06] UPDATING ACCOUNTS (JobID: ba7c775d-d240-402e-a9ba-4fe119e6e5db)
 - New and modified: 0

[14/May/2023:22:00:06] DELETING ACCOUNTS (JobID: ba7c775d-d240-402e-a9ba-4fe119e6e5db)
 - Deleted: 0

[14/May/2023:22:00:47] UPDATING PRODUCTS (JobID: 14bdffd7-6f58-47e2-bcbf-1f1c2aea4039)
 - New and modified: 0

[14/May/2023:22:00:50] UPDATING PREPAGATI (JobID: 711ea8be-c337-4864-83bf-d5fa929a84ed)
 - New and modified: 0

[14/May/2023:22:00:50] DELETING PREPAGATI (JobID: 711ea8be-c337-4864-83bf-d5fa929a84ed)
 - Deleted: 0

[14/May/2023:22:10:06] UPDATING ACCOUNTS (JobID: e2d973a6-9208-41e7-8819-a119b95d2725)
 - New and modified: 0

[14/May/2023:22:10:06] DELETING ACCOUNTS (JobID: e2d973a6-9208-41e7-8819-a119b95d2725)
 - Deleted: 0

[14/May/2023:22:10:44] UPDATING PRODUCTS (JobID: d8fa90cc-428f-4530-89bd-837734cc54d8)
 - New and modified: 0

[14/May/2023:22:10:47] UPDATING PREPAGATI (JobID: f3c31081-a4fe-4228-ac79-45b725f526ae)
 - New and modified: 0

[14/May/2023:22:10:47] DELETING PREPAGATI (JobID: f3c31081-a4fe-4228-ac79-45b725f526ae)
 - Deleted: 0

[14/May/2023:22:20:06] UPDATING ACCOUNTS (JobID: f567a2c6-6017-4c08-9f71-b11304a3a3bb)
 - New and modified: 0

[14/May/2023:22:20:06] DELETING ACCOUNTS (JobID: f567a2c6-6017-4c08-9f71-b11304a3a3bb)
 - Deleted: 0

[14/May/2023:22:20:43] UPDATING PRODUCTS (JobID: bb4eba30-89c6-42b6-a4c4-1d98086edbee)
 - New and modified: 0

[14/May/2023:22:20:46] UPDATING PREPAGATI (JobID: b2aaf223-6293-4370-ae61-d46f209f44ee)
 - New and modified: 0

[14/May/2023:22:20:46] DELETING PREPAGATI (JobID: b2aaf223-6293-4370-ae61-d46f209f44ee)
 - Deleted: 0

[14/May/2023:22:30:05] UPDATING ACCOUNTS (JobID: f8df8ad4-f49e-4041-b7c8-32d66a04df21)
 - New and modified: 0

[14/May/2023:22:30:05] DELETING ACCOUNTS (JobID: f8df8ad4-f49e-4041-b7c8-32d66a04df21)
 - Deleted: 0

[14/May/2023:22:30:47] UPDATING PRODUCTS (JobID: 11ff7368-fe04-44fa-9008-9d08547619d5)
 - New and modified: 0

[14/May/2023:22:30:50] UPDATING PREPAGATI (JobID: d799637f-a408-44ce-8bb2-913aee8ef5ca)
 - New and modified: 0

[14/May/2023:22:30:50] DELETING PREPAGATI (JobID: d799637f-a408-44ce-8bb2-913aee8ef5ca)
 - Deleted: 0

[14/May/2023:22:40:05] UPDATING ACCOUNTS (JobID: dc391c97-4de9-4b66-94e5-6a016c12c3a9)
 - New and modified: 0

[14/May/2023:22:40:05] DELETING ACCOUNTS (JobID: dc391c97-4de9-4b66-94e5-6a016c12c3a9)
 - Deleted: 0

[14/May/2023:22:40:43] UPDATING PRODUCTS (JobID: eefd24fc-ab88-4ff7-a3e8-815f804f52b9)
 - New and modified: 0

[14/May/2023:22:40:47] UPDATING PREPAGATI (JobID: a17c12d1-75d2-4bb0-9ea4-facfff74ef52)
 - New and modified: 0

[14/May/2023:22:40:47] DELETING PREPAGATI (JobID: a17c12d1-75d2-4bb0-9ea4-facfff74ef52)
 - Deleted: 0

[14/May/2023:22:50:05] UPDATING ACCOUNTS (JobID: a2fd1888-4e0b-47aa-a882-7c40f9632d1d)
 - New and modified: 0

[14/May/2023:22:50:05] DELETING ACCOUNTS (JobID: a2fd1888-4e0b-47aa-a882-7c40f9632d1d)
 - Deleted: 0

[14/May/2023:22:50:41] UPDATING PRODUCTS (JobID: f4dbbfa7-5a88-489b-b1e4-6cdd61659d48)
 - New and modified: 0

[14/May/2023:22:50:44] UPDATING PREPAGATI (JobID: b8081036-bc28-4b8f-9402-73f520b461c6)
 - New and modified: 0

[14/May/2023:22:50:44] DELETING PREPAGATI (JobID: b8081036-bc28-4b8f-9402-73f520b461c6)
 - Deleted: 0

[14/May/2023:23:00:05] UPDATING ACCOUNTS (JobID: b5478339-6d28-4048-9fc0-753a5780b5c2)
 - New and modified: 0

[14/May/2023:23:00:05] DELETING ACCOUNTS (JobID: b5478339-6d28-4048-9fc0-753a5780b5c2)
 - Deleted: 0

[14/May/2023:23:00:47] UPDATING PRODUCTS (JobID: 815e0f3d-4d40-4cb8-a4c7-61a3da156197)
 - New and modified: 0

[14/May/2023:23:00:51] UPDATING PREPAGATI (JobID: db5e0ba6-9461-40af-afed-1fb62d28b250)
 - New and modified: 0

[14/May/2023:23:00:51] DELETING PREPAGATI (JobID: db5e0ba6-9461-40af-afed-1fb62d28b250)
 - Deleted: 0

[14/May/2023:23:10:05] UPDATING ACCOUNTS (JobID: 3301f604-253b-4585-9fe1-3b62a46a3a10)
 - New and modified: 0

[14/May/2023:23:10:05] DELETING ACCOUNTS (JobID: 3301f604-253b-4585-9fe1-3b62a46a3a10)
 - Deleted: 0

[14/May/2023:23:10:45] UPDATING PRODUCTS (JobID: 85f08267-3e31-4367-bfb0-352382431f7d)
 - New and modified: 0

[14/May/2023:23:10:49] UPDATING PREPAGATI (JobID: d163f91b-c774-4064-8115-b784278fff21)
 - New and modified: 0

[14/May/2023:23:10:49] DELETING PREPAGATI (JobID: d163f91b-c774-4064-8115-b784278fff21)
 - Deleted: 0

[14/May/2023:23:20:06] UPDATING ACCOUNTS (JobID: 361d511c-d6c4-4ec5-9170-2dd511ab7438)
 - New and modified: 0

[14/May/2023:23:20:06] DELETING ACCOUNTS (JobID: 361d511c-d6c4-4ec5-9170-2dd511ab7438)
 - Deleted: 0

[14/May/2023:23:20:44] UPDATING PRODUCTS (JobID: 83d83efb-82f2-416b-a115-02ce070f2e15)
 - New and modified: 0

[14/May/2023:23:20:47] UPDATING PREPAGATI (JobID: d7e3616b-f80b-43bf-84a5-75cf6a5b2418)
 - New and modified: 0

[14/May/2023:23:20:47] DELETING PREPAGATI (JobID: d7e3616b-f80b-43bf-84a5-75cf6a5b2418)
 - Deleted: 0

[14/May/2023:23:30:05] UPDATING ACCOUNTS (JobID: 5627437a-4a47-46ec-8912-9b3e3049c380)
 - New and modified: 0

[14/May/2023:23:30:05] DELETING ACCOUNTS (JobID: 5627437a-4a47-46ec-8912-9b3e3049c380)
 - Deleted: 0

[14/May/2023:23:30:47] UPDATING PRODUCTS (JobID: 0e561cdd-cc45-4146-b994-007f8d00cbb7)
 - New and modified: 0

[14/May/2023:23:30:51] UPDATING PREPAGATI (JobID: cf5afd68-3cbc-4b65-be0a-ae9760c45353)
 - New and modified: 0

[14/May/2023:23:30:51] DELETING PREPAGATI (JobID: cf5afd68-3cbc-4b65-be0a-ae9760c45353)
 - Deleted: 0

[14/May/2023:23:40:05] UPDATING ACCOUNTS (JobID: bd0285db-2bc6-4b6a-965a-c2970d700983)
 - New and modified: 0

[14/May/2023:23:40:05] DELETING ACCOUNTS (JobID: bd0285db-2bc6-4b6a-965a-c2970d700983)
 - Deleted: 0

[14/May/2023:23:40:45] UPDATING PRODUCTS (JobID: a26e580a-5d29-4c30-80bf-845716d33965)
 - New and modified: 0

[14/May/2023:23:40:49] UPDATING PREPAGATI (JobID: 2d120ce7-d8cf-4ed3-9b18-4e4b9838b89b)
 - New and modified: 0

[14/May/2023:23:40:49] DELETING PREPAGATI (JobID: 2d120ce7-d8cf-4ed3-9b18-4e4b9838b89b)
 - Deleted: 0

[14/May/2023:23:50:06] UPDATING ACCOUNTS (JobID: ca7cb726-121b-48ea-9136-d68ef6454ec1)
 - New and modified: 0

[14/May/2023:23:50:06] DELETING ACCOUNTS (JobID: ca7cb726-121b-48ea-9136-d68ef6454ec1)
 - Deleted: 0

[14/May/2023:23:50:46] UPDATING PRODUCTS (JobID: 3d4637bb-f566-4637-b7e3-b842612ae123)
 - New and modified: 0

[14/May/2023:23:50:50] UPDATING PREPAGATI (JobID: ca6f654d-8831-4616-a25c-f457dd4b7380)
 - New and modified: 0

[14/May/2023:23:50:50] DELETING PREPAGATI (JobID: ca6f654d-8831-4616-a25c-f457dd4b7380)
 - Deleted: 0

