[09/Jun/2023:00:00:04] UPDATING ACCOUNTS (JobID: c8a05395-eb71-430c-b837-909fd5113c0e)
 - New and modified: 0

[09/Jun/2023:00:00:04] DELETING ACCOUNTS (JobID: c8a05395-eb71-430c-b837-909fd5113c0e)
 - Deleted: 0

[09/Jun/2023:00:00:37] UPDATING PRODUCTS (JobID: 419e69fd-4d0e-4468-b1ac-5b95d49cc9ba)
 - New and modified: 0

[09/Jun/2023:00:00:38] UPDATING PREPAGATI (JobID: ec6b51e7-61f0-41e5-9183-1d4c1c857f2f)
 - New and modified: 0

[09/Jun/2023:00:00:38] DELETING PREPAGATI (JobID: ec6b51e7-61f0-41e5-9183-1d4c1c857f2f)
 - Deleted: 0

[09/Jun/2023:00:10:04] UPDATING ACCOUNTS (JobID: fec4f7c8-22f9-43da-9e19-4e03cc5d236f)
 - New and modified: 0

[09/Jun/2023:00:10:04] DELETING ACCOUNTS (JobID: fec4f7c8-22f9-43da-9e19-4e03cc5d236f)
 - Deleted: 0

[09/Jun/2023:00:10:38] UPDATING PRODUCTS (JobID: 71bd0ab6-1bd0-4f4d-b6c1-5e6d17968f11)
 - New and modified: 0

[09/Jun/2023:00:10:39] UPDATING PREPAGATI (JobID: ff84fbd5-1d43-4b32-8ff9-348ffe9397db)
 - New and modified: 0

[09/Jun/2023:00:10:39] DELETING PREPAGATI (JobID: ff84fbd5-1d43-4b32-8ff9-348ffe9397db)
 - Deleted: 0

[09/Jun/2023:00:30:04] UPDATING ACCOUNTS (JobID: e8612cef-dc5c-4ca6-b102-4e108e5bcc61)
 - New and modified: 0

[09/Jun/2023:00:30:04] DELETING ACCOUNTS (JobID: e8612cef-dc5c-4ca6-b102-4e108e5bcc61)
 - Deleted: 0

[09/Jun/2023:00:30:39] UPDATING PRODUCTS (JobID: b9a9ed43-206f-4a5c-9cb5-55825be2a893)
 - New and modified: 0

[09/Jun/2023:00:30:40] UPDATING PREPAGATI (JobID: a5e2a8ca-66a0-4cb3-b99c-c875bb782ceb)
 - New and modified: 0

[09/Jun/2023:00:30:40] DELETING PREPAGATI (JobID: a5e2a8ca-66a0-4cb3-b99c-c875bb782ceb)
 - Deleted: 0

[09/Jun/2023:00:40:04] UPDATING ACCOUNTS (JobID: aa583d68-3ceb-43bc-94d5-d9bbf4c62efd)
 - New and modified: 0

[09/Jun/2023:00:40:04] DELETING ACCOUNTS (JobID: aa583d68-3ceb-43bc-94d5-d9bbf4c62efd)
 - Deleted: 0

[09/Jun/2023:00:40:38] UPDATING PRODUCTS (JobID: aceb65f3-5c7d-4773-8d36-e291a3a5c1d0)
 - New and modified: 0

[09/Jun/2023:00:40:40] UPDATING PREPAGATI (JobID: 3600ef0a-240d-46cd-a7b0-209199d7a0e0)
 - New and modified: 0

[09/Jun/2023:00:40:40] DELETING PREPAGATI (JobID: 3600ef0a-240d-46cd-a7b0-209199d7a0e0)
 - Deleted: 0

[09/Jun/2023:00:50:05] UPDATING ACCOUNTS (JobID: 5502ec63-9139-4153-8ced-43d7c0a700c3)
 - New and modified: 0

[09/Jun/2023:00:50:05] DELETING ACCOUNTS (JobID: 5502ec63-9139-4153-8ced-43d7c0a700c3)
 - Deleted: 0

[09/Jun/2023:00:50:39] UPDATING PRODUCTS (JobID: 4a941f8c-3ff9-4235-b09c-35053800876c)
 - New and modified: 0

[09/Jun/2023:00:50:40] UPDATING PREPAGATI (JobID: 25b4444c-1f17-4ba2-9a85-a55bd5902e74)
 - New and modified: 0

[09/Jun/2023:00:50:40] DELETING PREPAGATI (JobID: 25b4444c-1f17-4ba2-9a85-a55bd5902e74)
 - Deleted: 0

[09/Jun/2023:01:00:04] UPDATING ACCOUNTS (JobID: 6f4620e0-1b3b-4993-bba1-d6b2899d345b)
 - New and modified: 0

[09/Jun/2023:01:00:04] DELETING ACCOUNTS (JobID: 6f4620e0-1b3b-4993-bba1-d6b2899d345b)
 - Deleted: 0

[09/Jun/2023:01:00:38] UPDATING PRODUCTS (JobID: 339f7fba-9069-4612-92c1-1d2f041e370d)
 - New and modified: 0

[09/Jun/2023:01:00:40] UPDATING PREPAGATI (JobID: ec36c807-d951-4fd2-8ea0-5616d16e09d8)
 - New and modified: 0

[09/Jun/2023:01:00:40] DELETING PREPAGATI (JobID: ec36c807-d951-4fd2-8ea0-5616d16e09d8)
 - Deleted: 0

[09/Jun/2023:01:10:05] UPDATING ACCOUNTS (JobID: ad99e4bf-e19e-4cb2-a629-857eb5db2a38)
 - New and modified: 0

[09/Jun/2023:01:10:05] DELETING ACCOUNTS (JobID: ad99e4bf-e19e-4cb2-a629-857eb5db2a38)
 - Deleted: 0

[09/Jun/2023:01:10:44] UPDATING PRODUCTS (JobID: 8736d240-c5ca-42da-b1bf-b3b165d8293f)
 - New and modified: 0

[09/Jun/2023:01:10:46] UPDATING PREPAGATI (JobID: 8752a4ea-617d-4102-a232-601e449e33d6)
 - New and modified: 0

[09/Jun/2023:01:10:46] DELETING PREPAGATI (JobID: 8752a4ea-617d-4102-a232-601e449e33d6)
 - Deleted: 0

[09/Jun/2023:02:20:05] UPDATING ACCOUNTS (JobID: 99569093-1e82-48d7-af83-059aadcf8820)
 - New and modified: 0

[09/Jun/2023:02:20:05] DELETING ACCOUNTS (JobID: 99569093-1e82-48d7-af83-059aadcf8820)
 - Deleted: 0

[09/Jun/2023:02:20:41] UPDATING PRODUCTS (JobID: 57af7e74-a0b1-4419-8a96-d6c852c259a2)
 - New and modified: 0

[09/Jun/2023:02:20:43] UPDATING PREPAGATI (JobID: a86c69e8-0374-4f4c-b668-bdcca85b1e7b)
 - New and modified: 0

[09/Jun/2023:02:20:43] DELETING PREPAGATI (JobID: a86c69e8-0374-4f4c-b668-bdcca85b1e7b)
 - Deleted: 0

[09/Jun/2023:02:40:05] UPDATING ACCOUNTS (JobID: 412929d2-6dd5-4fcb-9bb8-aa87942197f6)
 - New and modified: 0

[09/Jun/2023:02:40:05] DELETING ACCOUNTS (JobID: 412929d2-6dd5-4fcb-9bb8-aa87942197f6)
 - Deleted: 0

[09/Jun/2023:02:40:39] UPDATING PRODUCTS (JobID: b555747e-40f3-42cb-9e71-d5566331d535)
 - New and modified: 0

[09/Jun/2023:02:40:41] UPDATING PREPAGATI (JobID: 502f05e8-5278-41e9-ac15-df83a9c22921)
 - New and modified: 0

[09/Jun/2023:02:40:41] DELETING PREPAGATI (JobID: 502f05e8-5278-41e9-ac15-df83a9c22921)
 - Deleted: 0

[09/Jun/2023:02:50:05] UPDATING ACCOUNTS (JobID: 62c51390-2f27-4656-9c48-a2109d5a0998)
 - New and modified: 0

[09/Jun/2023:02:50:05] DELETING ACCOUNTS (JobID: 62c51390-2f27-4656-9c48-a2109d5a0998)
 - Deleted: 0

[09/Jun/2023:02:50:41] UPDATING PRODUCTS (JobID: c492b7da-9d93-40e0-86ba-62347b2e3dd7)
 - New and modified: 0

[09/Jun/2023:02:50:43] UPDATING PREPAGATI (JobID: ef9ec944-832f-476c-a3a6-d26dc3d5c990)
 - New and modified: 0

[09/Jun/2023:02:50:43] DELETING PREPAGATI (JobID: ef9ec944-832f-476c-a3a6-d26dc3d5c990)
 - Deleted: 0

[09/Jun/2023:03:10:04] UPDATING ACCOUNTS (JobID: 29cec337-b416-4414-8bb0-4ec9386e3b66)
 - New and modified: 0

[09/Jun/2023:03:10:04] DELETING ACCOUNTS (JobID: 29cec337-b416-4414-8bb0-4ec9386e3b66)
 - Deleted: 0

[09/Jun/2023:03:10:44] UPDATING PRODUCTS (JobID: 1af3b856-ff8f-4494-9910-261965de5894)
 - New and modified: 0

[09/Jun/2023:03:10:47] UPDATING PREPAGATI (JobID: 2add5fe1-5121-442f-bf37-e8bce46abe69)
 - New and modified: 0

[09/Jun/2023:03:10:47] DELETING PREPAGATI (JobID: 2add5fe1-5121-442f-bf37-e8bce46abe69)
 - Deleted: 0

[09/Jun/2023:03:20:04] UPDATING ACCOUNTS (JobID: 1266c67c-9f03-4f2b-8782-62b0fa80d53f)
 - New and modified: 0

[09/Jun/2023:03:20:04] DELETING ACCOUNTS (JobID: 1266c67c-9f03-4f2b-8782-62b0fa80d53f)
 - Deleted: 0

[09/Jun/2023:03:20:41] UPDATING PRODUCTS (JobID: 948d879f-404b-4b16-887a-df41d60bec4f)
 - New and modified: 0

[09/Jun/2023:03:20:43] UPDATING PREPAGATI (JobID: 6ec5b53d-b8d5-47a5-b01a-7dacad11440b)
 - New and modified: 0

[09/Jun/2023:03:20:43] DELETING PREPAGATI (JobID: 6ec5b53d-b8d5-47a5-b01a-7dacad11440b)
 - Deleted: 0

[09/Jun/2023:03:30:05] UPDATING ACCOUNTS (JobID: 59588fc4-1991-4ffc-a5a1-a7524d11b6e1)
 - New and modified: 0

[09/Jun/2023:03:30:05] DELETING ACCOUNTS (JobID: 59588fc4-1991-4ffc-a5a1-a7524d11b6e1)
 - Deleted: 0

[09/Jun/2023:03:30:41] UPDATING PRODUCTS (JobID: 16123157-9738-4331-ac38-947fedd6c94c)
 - New and modified: 0

[09/Jun/2023:03:30:43] UPDATING PREPAGATI (JobID: e63db28a-ce58-49cb-9b76-773b819bd13a)
 - New and modified: 0

[09/Jun/2023:03:30:43] DELETING PREPAGATI (JobID: e63db28a-ce58-49cb-9b76-773b819bd13a)
 - Deleted: 0

[09/Jun/2023:03:40:05] UPDATING ACCOUNTS (JobID: 73bae9a9-6f48-443a-b906-56e3791f2a39)
 - New and modified: 0

[09/Jun/2023:03:40:05] DELETING ACCOUNTS (JobID: 73bae9a9-6f48-443a-b906-56e3791f2a39)
 - Deleted: 0

[09/Jun/2023:03:40:43] UPDATING PRODUCTS (JobID: 6850574a-b68c-43d2-912b-f54471fadc81)
 - New and modified: 0

[09/Jun/2023:03:40:45] UPDATING PREPAGATI (JobID: be241bf4-7892-46f5-a650-d8c0886970e1)
 - New and modified: 0

[09/Jun/2023:03:40:45] DELETING PREPAGATI (JobID: be241bf4-7892-46f5-a650-d8c0886970e1)
 - Deleted: 0

[09/Jun/2023:04:00:04] UPDATING ACCOUNTS (JobID: 654d30d9-ba36-4c62-b00d-8ae08388a49a)
 - New and modified: 0

[09/Jun/2023:04:00:04] DELETING ACCOUNTS (JobID: 654d30d9-ba36-4c62-b00d-8ae08388a49a)
 - Deleted: 0

[09/Jun/2023:04:00:38] UPDATING PRODUCTS (JobID: 0b683720-b987-4505-9623-f4f56f840976)
 - New and modified: 0

[09/Jun/2023:04:00:39] UPDATING PREPAGATI (JobID: 8204a439-b08c-4a94-b98c-229231e724bd)
 - New and modified: 0

[09/Jun/2023:04:00:39] DELETING PREPAGATI (JobID: 8204a439-b08c-4a94-b98c-229231e724bd)
 - Deleted: 0

[09/Jun/2023:04:10:04] UPDATING ACCOUNTS (JobID: 1694a182-17cc-433c-9635-0e02ac30190d)
 - New and modified: 0

[09/Jun/2023:04:10:04] DELETING ACCOUNTS (JobID: 1694a182-17cc-433c-9635-0e02ac30190d)
 - Deleted: 0

[09/Jun/2023:04:10:38] UPDATING PRODUCTS (JobID: 08f2fb7d-b5ca-48b6-8f70-a7a0bf899693)
 - New and modified: 0

[09/Jun/2023:04:10:40] UPDATING PREPAGATI (JobID: 71474123-11df-4750-8de8-4e5d4ad46d3a)
 - New and modified: 0

[09/Jun/2023:04:10:40] DELETING PREPAGATI (JobID: 71474123-11df-4750-8de8-4e5d4ad46d3a)
 - Deleted: 0

[09/Jun/2023:04:20:04] UPDATING ACCOUNTS (JobID: 223f808b-a3b1-4849-b21c-3c268090d45e)
 - New and modified: 0

[09/Jun/2023:04:20:04] DELETING ACCOUNTS (JobID: 223f808b-a3b1-4849-b21c-3c268090d45e)
 - Deleted: 0

[09/Jun/2023:04:20:37] UPDATING PRODUCTS (JobID: 762efa15-8469-408a-9f04-d27db5e2df3f)
 - New and modified: 0

[09/Jun/2023:04:20:39] UPDATING PREPAGATI (JobID: e1751c9b-53f7-4cbf-b634-17d058c1b851)
 - New and modified: 0

[09/Jun/2023:04:20:39] DELETING PREPAGATI (JobID: e1751c9b-53f7-4cbf-b634-17d058c1b851)
 - Deleted: 0

[09/Jun/2023:04:30:04] UPDATING ACCOUNTS (JobID: da9d0eae-13a1-4677-b9e0-163ce2e8641b)
 - New and modified: 0

[09/Jun/2023:04:30:04] DELETING ACCOUNTS (JobID: da9d0eae-13a1-4677-b9e0-163ce2e8641b)
 - Deleted: 0

[09/Jun/2023:04:30:38] UPDATING PRODUCTS (JobID: 1ac19565-2add-4657-b49f-a0242f74c10b)
 - New and modified: 0

[09/Jun/2023:04:30:40] UPDATING PREPAGATI (JobID: a21cf401-6323-46e5-846a-714993f5fe6f)
 - New and modified: 0

[09/Jun/2023:04:30:40] DELETING PREPAGATI (JobID: a21cf401-6323-46e5-846a-714993f5fe6f)
 - Deleted: 0

[09/Jun/2023:05:00:05] UPDATING ACCOUNTS (JobID: 55abc850-8497-4389-a226-911421f230a2)
 - New and modified: 0

[09/Jun/2023:05:00:05] DELETING ACCOUNTS (JobID: 55abc850-8497-4389-a226-911421f230a2)
 - Deleted: 0

[09/Jun/2023:05:00:41] UPDATING PRODUCTS (JobID: 4d6f7454-c382-451c-ae74-a9b352f1e1b6)
 - New and modified: 0

[09/Jun/2023:05:00:43] UPDATING PREPAGATI (JobID: 2c92dc4f-c4ec-4262-87b9-dd71abbf4f83)
 - New and modified: 0

[09/Jun/2023:05:00:43] DELETING PREPAGATI (JobID: 2c92dc4f-c4ec-4262-87b9-dd71abbf4f83)
 - Deleted: 0

[09/Jun/2023:05:10:04] UPDATING ACCOUNTS (JobID: 27517ec9-d9dd-4299-bba4-0d3169e4700e)
 - New and modified: 0

[09/Jun/2023:05:10:04] DELETING ACCOUNTS (JobID: 27517ec9-d9dd-4299-bba4-0d3169e4700e)
 - Deleted: 0

[09/Jun/2023:05:10:38] UPDATING PRODUCTS (JobID: 877eadfb-4495-4618-95d2-8d483020bee5)
 - New and modified: 0

[09/Jun/2023:05:10:40] UPDATING PREPAGATI (JobID: 63a67c8f-1b3d-4a40-9643-a86dbcef4a95)
 - New and modified: 0

[09/Jun/2023:05:10:40] DELETING PREPAGATI (JobID: 63a67c8f-1b3d-4a40-9643-a86dbcef4a95)
 - Deleted: 0

[09/Jun/2023:05:20:04] UPDATING ACCOUNTS (JobID: 056a57f6-2b77-433b-a9b3-0d3c19ecfe0a)
 - New and modified: 0

[09/Jun/2023:05:20:04] DELETING ACCOUNTS (JobID: 056a57f6-2b77-433b-a9b3-0d3c19ecfe0a)
 - Deleted: 0

[09/Jun/2023:05:20:39] UPDATING PRODUCTS (JobID: bf190e43-6fe9-451e-8e91-28b45638462c)
 - New and modified: 0

[09/Jun/2023:05:20:41] UPDATING PREPAGATI (JobID: 33a70700-10ec-4557-8629-38b57bc01e29)
 - New and modified: 0

[09/Jun/2023:05:20:41] DELETING PREPAGATI (JobID: 33a70700-10ec-4557-8629-38b57bc01e29)
 - Deleted: 0

[09/Jun/2023:05:50:04] UPDATING ACCOUNTS (JobID: 0073b0cf-5322-4763-b841-a183c4cb542d)
 - New and modified: 0

[09/Jun/2023:05:50:05] DELETING ACCOUNTS (JobID: 0073b0cf-5322-4763-b841-a183c4cb542d)
 - Deleted: 0

[09/Jun/2023:05:50:40] UPDATING PRODUCTS (JobID: fdeec56b-534f-4278-9e06-57ffadffbcc3)
 - New and modified: 0

[09/Jun/2023:05:50:42] UPDATING PREPAGATI (JobID: 9ce7792f-93c3-477e-a6a9-5bb4ff30e75f)
 - New and modified: 0

[09/Jun/2023:05:50:42] DELETING PREPAGATI (JobID: 9ce7792f-93c3-477e-a6a9-5bb4ff30e75f)
 - Deleted: 0

[09/Jun/2023:06:10:09] UPDATING ACCOUNTS (JobID: 69e7984d-7b2a-46c9-88f8-c8bed0313d0b)
 - New and modified: 0

[09/Jun/2023:06:10:09] DELETING ACCOUNTS (JobID: 69e7984d-7b2a-46c9-88f8-c8bed0313d0b)
 - Deleted: 0

[09/Jun/2023:06:10:45] UPDATING PRODUCTS (JobID: ea2eb92c-9f5b-446d-9219-b2fc448866b1)
 - New and modified: 0

[09/Jun/2023:06:10:48] UPDATING PREPAGATI (JobID: a7bb4876-17fa-4129-982a-da43d600efb6)
 - New and modified: 0

[09/Jun/2023:06:10:48] DELETING PREPAGATI (JobID: a7bb4876-17fa-4129-982a-da43d600efb6)
 - Deleted: 0

[09/Jun/2023:06:20:04] UPDATING ACCOUNTS (JobID: 48112fc1-f19c-432a-a16d-bc0ed269b230)
 - New and modified: 0

[09/Jun/2023:06:20:04] DELETING ACCOUNTS (JobID: 48112fc1-f19c-432a-a16d-bc0ed269b230)
 - Deleted: 0

[09/Jun/2023:06:20:41] UPDATING PRODUCTS (JobID: 93783783-77b5-43e0-88b8-459d3a7ba291)
 - New and modified: 0

[09/Jun/2023:06:20:43] UPDATING PREPAGATI (JobID: b3f57e11-8820-43fc-92be-cc5b903381ac)
 - New and modified: 0

[09/Jun/2023:06:20:43] DELETING PREPAGATI (JobID: b3f57e11-8820-43fc-92be-cc5b903381ac)
 - Deleted: 0

[09/Jun/2023:06:30:04] UPDATING ACCOUNTS (JobID: 5f1fcf2f-02d9-4bed-82fc-c6a7f55c94da)
 - New and modified: 0

[09/Jun/2023:06:30:04] DELETING ACCOUNTS (JobID: 5f1fcf2f-02d9-4bed-82fc-c6a7f55c94da)
 - Deleted: 0

[09/Jun/2023:06:30:40] UPDATING PRODUCTS (JobID: e470bbd0-6e5e-40c8-be12-a437e73bccdc)
 - New and modified: 0

[09/Jun/2023:06:30:42] UPDATING PREPAGATI (JobID: 4d9751b2-7b80-4160-9c1f-cd23475362c5)
 - New and modified: 0

[09/Jun/2023:06:30:42] DELETING PREPAGATI (JobID: 4d9751b2-7b80-4160-9c1f-cd23475362c5)
 - Deleted: 0

