[08/Aug/2023:00:30:06] UPDATING ACCOUNTS (JobID: 393074cc-e7fa-42dd-87d8-7e4375a17c41)
 - New and modified: 0

[08/Aug/2023:00:30:06] DELETING ACCOUNTS (JobID: 393074cc-e7fa-42dd-87d8-7e4375a17c41)
 - Deleted: 0

[08/Aug/2023:00:30:38] UPDATING PRODUCTS (JobID: 5801136a-81db-4bd2-819c-1c1100afbe12)
 - New and modified: 0

[08/Aug/2023:00:30:41] UPDATING PREPAGATI (JobID: 1a9d7ed5-a1ed-4eea-88be-baf1bd752d39)
 - New and modified: 0

[08/Aug/2023:00:30:41] DELETING PREPAGATI (JobID: 1a9d7ed5-a1ed-4eea-88be-baf1bd752d39)
 - Deleted: 0

[08/Aug/2023:01:00:07] UPDATING ACCOUNTS (JobID: 34be7faf-cda3-40f8-97b4-0916b0a4af3c)
 - New and modified: 0

[08/Aug/2023:01:00:07] DELETING ACCOUNTS (JobID: 34be7faf-cda3-40f8-97b4-0916b0a4af3c)
 - Deleted: 0

[08/Aug/2023:01:00:38] UPDATING PRODUCTS (JobID: 31c1261b-a5d7-4c06-b773-94a36bdfce25)
 - New and modified: 0

[08/Aug/2023:01:00:41] UPDATING PREPAGATI (JobID: 0e0de626-9717-4801-9612-0b4472e910dc)
 - New and modified: 0

[08/Aug/2023:01:00:41] DELETING PREPAGATI (JobID: 0e0de626-9717-4801-9612-0b4472e910dc)
 - Deleted: 0

[08/Aug/2023:01:30:09] UPDATING ACCOUNTS (JobID: a2fb532c-2dcf-4f4b-8e2e-160c75da828d)
 - New and modified: 0

[08/Aug/2023:01:30:09] DELETING ACCOUNTS (JobID: a2fb532c-2dcf-4f4b-8e2e-160c75da828d)
 - Deleted: 0

[08/Aug/2023:01:30:40] UPDATING PRODUCTS (JobID: 2897dfb8-45da-4ab2-a340-dccecdd867d6)
 - New and modified: 0

[08/Aug/2023:01:30:43] UPDATING PREPAGATI (JobID: 3fa1c4d6-0c80-4dcb-8f04-1c88c0f4075b)
 - New and modified: 0

[08/Aug/2023:01:30:43] DELETING PREPAGATI (JobID: 3fa1c4d6-0c80-4dcb-8f04-1c88c0f4075b)
 - Deleted: 0

[08/Aug/2023:02:00:04] UPDATING ACCOUNTS (JobID: b851c517-6981-4e83-9fd6-5adf12274919)
 - New and modified: 0

[08/Aug/2023:02:00:04] DELETING ACCOUNTS (JobID: b851c517-6981-4e83-9fd6-5adf12274919)
 - Deleted: 0

[08/Aug/2023:02:00:32] UPDATING PRODUCTS (JobID: c77ad81e-96ee-43ee-9b4d-3803abf866a0)
 - New and modified: 0

[08/Aug/2023:02:00:34] UPDATING PREPAGATI (JobID: db10d0c5-c10a-4b14-9142-088614df034a)
 - New and modified: 0

[08/Aug/2023:02:00:34] DELETING PREPAGATI (JobID: db10d0c5-c10a-4b14-9142-088614df034a)
 - Deleted: 0

[08/Aug/2023:03:00:08] UPDATING ACCOUNTS (JobID: 684dd83c-0ef9-495f-8f26-9d3dcf6cbe34)
 - New and modified: 0

[08/Aug/2023:03:00:08] DELETING ACCOUNTS (JobID: 684dd83c-0ef9-495f-8f26-9d3dcf6cbe34)
 - Deleted: 0

[08/Aug/2023:03:00:40] UPDATING PRODUCTS (JobID: 370a400d-4206-48d9-a8f1-5133a6c8aace)
 - New and modified: 0

[08/Aug/2023:03:00:43] UPDATING PREPAGATI (JobID: 9d737936-7b1f-477c-9c12-d35faaabd7a3)
 - New and modified: 0

[08/Aug/2023:03:00:43] DELETING PREPAGATI (JobID: 9d737936-7b1f-477c-9c12-d35faaabd7a3)
 - Deleted: 0

[08/Aug/2023:03:30:07] UPDATING ACCOUNTS (JobID: c9f06d3f-8ff7-4ec0-886c-04e7dc895769)
 - New and modified: 0

[08/Aug/2023:03:30:07] DELETING ACCOUNTS (JobID: c9f06d3f-8ff7-4ec0-886c-04e7dc895769)
 - Deleted: 0

[08/Aug/2023:03:30:39] UPDATING PRODUCTS (JobID: b27d26f4-648c-44f4-bf0e-ef84fe76ad61)
 - New and modified: 0

[08/Aug/2023:03:30:42] UPDATING PREPAGATI (JobID: ef8b4de5-abff-44b6-801f-c2c6c1c5980b)
 - New and modified: 0

[08/Aug/2023:03:30:42] DELETING PREPAGATI (JobID: ef8b4de5-abff-44b6-801f-c2c6c1c5980b)
 - Deleted: 0

[08/Aug/2023:04:00:04] UPDATING ACCOUNTS (JobID: cdf1c7ac-20a4-4c87-8776-19c739152751)
 - New and modified: 0

[08/Aug/2023:04:00:04] DELETING ACCOUNTS (JobID: cdf1c7ac-20a4-4c87-8776-19c739152751)
 - Deleted: 0

[08/Aug/2023:04:00:34] UPDATING PRODUCTS (JobID: afa58021-d234-4d2f-8041-2eac1065b237)
 - New and modified: 0

[08/Aug/2023:04:00:36] UPDATING PREPAGATI (JobID: 30cf3a2b-2d70-480c-9392-f72186c30bd2)
 - New and modified: 0

[08/Aug/2023:04:00:36] DELETING PREPAGATI (JobID: 30cf3a2b-2d70-480c-9392-f72186c30bd2)
 - Deleted: 0

[08/Aug/2023:04:30:08] UPDATING ACCOUNTS (JobID: 2ea13e0a-a4ad-46a9-8689-2f1554d9f98c)
 - New and modified: 0

[08/Aug/2023:04:30:08] DELETING ACCOUNTS (JobID: 2ea13e0a-a4ad-46a9-8689-2f1554d9f98c)
 - Deleted: 0

[08/Aug/2023:04:30:38] UPDATING PRODUCTS (JobID: a4a791bd-ca51-461c-beb6-989362637fa4)
 - New and modified: 0

[08/Aug/2023:04:30:40] UPDATING PREPAGATI (JobID: faaa712b-657d-4438-b13a-ba4bd02f6cf8)
 - New and modified: 0

[08/Aug/2023:04:30:40] DELETING PREPAGATI (JobID: faaa712b-657d-4438-b13a-ba4bd02f6cf8)
 - Deleted: 0

[08/Aug/2023:05:00:11] UPDATING ACCOUNTS (JobID: 9ddf9585-9705-4ab2-af9b-ef48a0fbc233)
 - New and modified: 0

[08/Aug/2023:05:00:11] DELETING ACCOUNTS (JobID: 9ddf9585-9705-4ab2-af9b-ef48a0fbc233)
 - Deleted: 0

[08/Aug/2023:05:00:40] UPDATING PRODUCTS (JobID: 632f8efd-feea-460e-a4f3-94ff0fe5a161)
 - New and modified: 0

[08/Aug/2023:05:00:43] UPDATING PREPAGATI (JobID: 09ae7f4e-fd3f-4d32-80ec-d2351f8856b6)
 - New and modified: 0

[08/Aug/2023:05:00:43] DELETING PREPAGATI (JobID: 09ae7f4e-fd3f-4d32-80ec-d2351f8856b6)
 - Deleted: 0

[08/Aug/2023:05:30:08] UPDATING ACCOUNTS (JobID: 903aef86-a780-4319-ba31-5a7defc010a0)
 - New and modified: 0

[08/Aug/2023:05:30:08] DELETING ACCOUNTS (JobID: 903aef86-a780-4319-ba31-5a7defc010a0)
 - Deleted: 0

[08/Aug/2023:05:30:38] UPDATING PRODUCTS (JobID: 284b97ca-354a-450f-983c-c903a993083b)
 - New and modified: 0

[08/Aug/2023:05:30:41] UPDATING PREPAGATI (JobID: d88a9b48-267f-475f-a162-bc17caac70f3)
 - New and modified: 0

[08/Aug/2023:05:30:41] DELETING PREPAGATI (JobID: d88a9b48-267f-475f-a162-bc17caac70f3)
 - Deleted: 0

[08/Aug/2023:06:00:04] UPDATING ACCOUNTS (JobID: 39682262-a47e-4ef3-b57f-3c0bde1e7f34)
 - New and modified: 0

[08/Aug/2023:06:00:04] DELETING ACCOUNTS (JobID: 39682262-a47e-4ef3-b57f-3c0bde1e7f34)
 - Deleted: 0

[08/Aug/2023:06:00:33] UPDATING PRODUCTS (JobID: 5c277996-0794-424d-8870-8765ca5f5e82)
 - New and modified: 0

[08/Aug/2023:06:00:35] UPDATING PREPAGATI (JobID: 86906b5f-6d7f-45e4-befe-f02ce72688e0)
 - New and modified: 0

[08/Aug/2023:06:00:35] DELETING PREPAGATI (JobID: 86906b5f-6d7f-45e4-befe-f02ce72688e0)
 - Deleted: 0

[08/Aug/2023:06:30:08] UPDATING ACCOUNTS (JobID: 867246e1-4fa1-4358-9b8f-098038bf1c13)
 - New and modified: 0

[08/Aug/2023:06:30:08] DELETING ACCOUNTS (JobID: 867246e1-4fa1-4358-9b8f-098038bf1c13)
 - Deleted: 0

[08/Aug/2023:06:30:41] UPDATING PRODUCTS (JobID: af1cc54a-f316-48f9-9fdc-be69c30144ea)
 - New and modified: 0

[08/Aug/2023:06:30:44] UPDATING PREPAGATI (JobID: bc42e361-52a9-4c30-b5b0-33e4a12510a8)
 - New and modified: 0

[08/Aug/2023:06:30:44] DELETING PREPAGATI (JobID: bc42e361-52a9-4c30-b5b0-33e4a12510a8)
 - Deleted: 0

[08/Aug/2023:07:00:27] UPDATING ACCOUNTS (JobID: 567ba798-7905-4dfd-be6b-c48b23020f15)
 - New and modified: 0

[08/Aug/2023:07:00:27] DELETING ACCOUNTS (JobID: 567ba798-7905-4dfd-be6b-c48b23020f15)
 - Deleted: 0

[08/Aug/2023:07:00:59] UPDATING PRODUCTS (JobID: 592e8d5b-6078-4f2a-8b0f-6f0db3e3d8c0)
 - New and modified: 0

[08/Aug/2023:07:01:03] UPDATING PREPAGATI (JobID: edbbf595-1398-486a-8f6c-1d76d7feaedf)
 - New and modified: 0

[08/Aug/2023:07:01:03] DELETING PREPAGATI (JobID: edbbf595-1398-486a-8f6c-1d76d7feaedf)
 - Deleted: 0

[08/Aug/2023:07:30:06] UPDATING ACCOUNTS (JobID: a22480e8-1304-46b7-af44-1e6d96472ba6)
 - New and modified: 0

[08/Aug/2023:07:30:06] DELETING ACCOUNTS (JobID: a22480e8-1304-46b7-af44-1e6d96472ba6)
 - Deleted: 0

[08/Aug/2023:07:30:41] UPDATING PRODUCTS (JobID: f79d2ae3-cacc-477c-978e-111c1c3db98b)
 - New and modified: 0

[08/Aug/2023:07:30:42] UPDATING PREPAGATI (JobID: d5707f02-f21b-4c4c-b3b9-6ff8a716e297)
 - New and modified: 0

[08/Aug/2023:07:30:42] DELETING PREPAGATI (JobID: d5707f02-f21b-4c4c-b3b9-6ff8a716e297)
 - Deleted: 0

[08/Aug/2023:08:00:07] UPDATING ACCOUNTS (JobID: 35221a2d-64f5-4500-9ed9-4590b5f89df6)
 - New and modified: 0

[08/Aug/2023:08:00:07] DELETING ACCOUNTS (JobID: 35221a2d-64f5-4500-9ed9-4590b5f89df6)
 - Deleted: 0

[08/Aug/2023:08:00:37] UPDATING PRODUCTS (JobID: 566295ad-c19d-4d6e-9141-1a26b39378a0)
 - New and modified: 0

[08/Aug/2023:08:00:40] UPDATING PREPAGATI (JobID: 0e400303-6d47-4c80-8351-ae3a5990b0d9)
 - New and modified: 0

[08/Aug/2023:08:00:40] DELETING PREPAGATI (JobID: 0e400303-6d47-4c80-8351-ae3a5990b0d9)
 - Deleted: 0

[08/Aug/2023:08:30:04] UPDATING ACCOUNTS (JobID: baf06708-9d3e-46c8-9c53-d4ccbaf27f53)
 - New and modified: 0

[08/Aug/2023:08:30:04] DELETING ACCOUNTS (JobID: baf06708-9d3e-46c8-9c53-d4ccbaf27f53)
 - Deleted: 0

[08/Aug/2023:08:30:35] UPDATING PRODUCTS (JobID: c7cafdce-5b80-4759-8bd7-0bb830fa6956)
 - New and modified: 0

[08/Aug/2023:08:30:37] UPDATING PREPAGATI (JobID: f8350485-ff79-48ec-b076-ba30a3c781df)
 - New and modified: 0

[08/Aug/2023:08:30:37] DELETING PREPAGATI (JobID: f8350485-ff79-48ec-b076-ba30a3c781df)
 - Deleted: 0

[08/Aug/2023:09:00:06] UPDATING ACCOUNTS (JobID: 408948b8-6654-402b-a104-bf54acb39bfc)
 - New and modified: 0

[08/Aug/2023:09:00:06] DELETING ACCOUNTS (JobID: 408948b8-6654-402b-a104-bf54acb39bfc)
 - Deleted: 0

[08/Aug/2023:09:00:36] UPDATING PRODUCTS (JobID: 6dd9e655-079a-46e5-9e59-9f2b09230a17)
 - New and modified: 0

[08/Aug/2023:09:00:38] UPDATING PREPAGATI (JobID: 68433848-4d89-4df0-8909-6e379f5f0d19)
 - New and modified: 0

[08/Aug/2023:09:00:38] DELETING PREPAGATI (JobID: 68433848-4d89-4df0-8909-6e379f5f0d19)
 - Deleted: 0

[08/Aug/2023:09:30:08] UPDATING ACCOUNTS (JobID: 67317eb5-5797-494c-b6b2-dcd2ccc3d488)
 - New and modified: 0

[08/Aug/2023:09:30:08] DELETING ACCOUNTS (JobID: 67317eb5-5797-494c-b6b2-dcd2ccc3d488)
 - Deleted: 0

[08/Aug/2023:09:30:38] UPDATING PRODUCTS (JobID: 21609058-5c42-4bd2-996d-51c87d294da6)
 - New and modified: 0

[08/Aug/2023:09:30:41] UPDATING PREPAGATI (JobID: e2710f05-eee7-4f44-9371-36e572882e9b)
 - New and modified: 0

[08/Aug/2023:09:30:41] DELETING PREPAGATI (JobID: e2710f05-eee7-4f44-9371-36e572882e9b)
 - Deleted: 0

[08/Aug/2023:10:00:04] UPDATING ACCOUNTS (JobID: 13fa9c43-47ea-41c1-8b1a-266f28c85bec)
 - New and modified: 0

[08/Aug/2023:10:00:04] DELETING ACCOUNTS (JobID: 13fa9c43-47ea-41c1-8b1a-266f28c85bec)
 - Deleted: 0

[08/Aug/2023:10:00:34] UPDATING PRODUCTS (JobID: d0e7da03-f461-4401-a1e2-e4230ccbae9a)
 - New and modified: 0

[08/Aug/2023:10:00:36] UPDATING PREPAGATI (JobID: ad3cbb48-b562-4567-a77f-885cbf3d1d25)
 - New and modified: 0

[08/Aug/2023:10:00:36] DELETING PREPAGATI (JobID: ad3cbb48-b562-4567-a77f-885cbf3d1d25)
 - Deleted: 0

[08/Aug/2023:10:30:04] UPDATING ACCOUNTS (JobID: d6dd6bc7-c422-4c3f-8ab2-7bf33d97245d)
 - New and modified: 0

[08/Aug/2023:10:30:04] DELETING ACCOUNTS (JobID: d6dd6bc7-c422-4c3f-8ab2-7bf33d97245d)
 - Deleted: 0

[08/Aug/2023:10:30:33] UPDATING PRODUCTS (JobID: cb31938d-8dcb-451d-89ed-750cbbd8e5bd)
 - New and modified: 0

[08/Aug/2023:10:30:35] UPDATING PREPAGATI (JobID: b7f76f9e-6653-49c2-8a11-70931fb550fc)
 - New and modified: 0

[08/Aug/2023:10:30:35] DELETING PREPAGATI (JobID: b7f76f9e-6653-49c2-8a11-70931fb550fc)
 - Deleted: 0

[08/Aug/2023:11:00:04] UPDATING ACCOUNTS (JobID: 99b9204a-6823-4d24-a2de-eb0419e6e7a0)
 - New and modified: 0

[08/Aug/2023:11:00:04] DELETING ACCOUNTS (JobID: 99b9204a-6823-4d24-a2de-eb0419e6e7a0)
 - Deleted: 0

[08/Aug/2023:11:00:33] UPDATING PRODUCTS (JobID: 9fd8b0e3-9793-4ad8-98db-dc2ca341249a)
 - New and modified: 0

[08/Aug/2023:11:00:35] UPDATING PREPAGATI (JobID: 0f69c609-2fff-48d9-b9c2-bf1667ab13b6)
 - New and modified: 0

[08/Aug/2023:11:00:35] DELETING PREPAGATI (JobID: 0f69c609-2fff-48d9-b9c2-bf1667ab13b6)
 - Deleted: 0

[08/Aug/2023:11:30:06] UPDATING ACCOUNTS (JobID: 8222ddcd-5e19-40cc-9a6f-8a2d16609fd2)
 - New and modified: 0

[08/Aug/2023:11:30:06] DELETING ACCOUNTS (JobID: 8222ddcd-5e19-40cc-9a6f-8a2d16609fd2)
 - Deleted: 0

[08/Aug/2023:11:30:36] UPDATING PRODUCTS (JobID: bab2059f-1d51-40bf-b038-3daf53957fb5)
 - New and modified: 0

[08/Aug/2023:11:30:39] UPDATING PREPAGATI (JobID: 2c841d56-fa6a-4995-a099-b2e67482d01f)
 - New and modified: 0

[08/Aug/2023:11:30:39] DELETING PREPAGATI (JobID: 2c841d56-fa6a-4995-a099-b2e67482d01f)
 - Deleted: 0

[08/Aug/2023:12:00:04] UPDATING ACCOUNTS (JobID: 321ba5a0-fa5b-4021-b310-035e95510e2e)
 - New and modified: 0

[08/Aug/2023:12:00:04] DELETING ACCOUNTS (JobID: 321ba5a0-fa5b-4021-b310-035e95510e2e)
 - Deleted: 0

[08/Aug/2023:12:00:33] UPDATING PRODUCTS (JobID: 6d3875f0-fba7-4345-9251-f8d35fd9b767)
 - New and modified: 0

[08/Aug/2023:12:00:34] UPDATING PREPAGATI (JobID: 19e4401b-2932-40e8-ae87-cef879ed25f5)
 - New and modified: 0

[08/Aug/2023:12:00:34] DELETING PREPAGATI (JobID: 19e4401b-2932-40e8-ae87-cef879ed25f5)
 - Deleted: 0

[08/Aug/2023:12:30:04] UPDATING ACCOUNTS (JobID: 432c5718-0c74-41fd-9b99-d92427440017)
 - New and modified: 0

[08/Aug/2023:12:30:04] DELETING ACCOUNTS (JobID: 432c5718-0c74-41fd-9b99-d92427440017)
 - Deleted: 0

[08/Aug/2023:12:30:35] UPDATING PRODUCTS (JobID: 9f1075a8-725b-46be-9f74-c1ff94e8df18)
 - New and modified: 0

[08/Aug/2023:12:30:38] UPDATING PREPAGATI (JobID: 334806c5-79ae-4775-bf26-aac3acc26940)
 - New and modified: 0

[08/Aug/2023:12:30:38] DELETING PREPAGATI (JobID: 334806c5-79ae-4775-bf26-aac3acc26940)
 - Deleted: 0

[08/Aug/2023:13:00:07] UPDATING ACCOUNTS (JobID: ffaf4cd1-ded0-4545-82bf-3c332802ee9c)
 - New and modified: 0

[08/Aug/2023:13:00:07] DELETING ACCOUNTS (JobID: ffaf4cd1-ded0-4545-82bf-3c332802ee9c)
 - Deleted: 0

[08/Aug/2023:13:00:36] UPDATING PRODUCTS (JobID: 056686e5-b48a-4c06-9e8f-3b0ef7ea3a94)
 - New and modified: 0

[08/Aug/2023:13:00:39] UPDATING PREPAGATI (JobID: 6e1de324-ba6e-4302-b6f9-3df8080691fd)
 - New and modified: 0

[08/Aug/2023:13:00:39] DELETING PREPAGATI (JobID: 6e1de324-ba6e-4302-b6f9-3df8080691fd)
 - Deleted: 0

[08/Aug/2023:13:30:07] UPDATING ACCOUNTS (JobID: 9750b94f-b7dd-47ca-ba71-6a8b8efdcf15)
 - New and modified: 0

[08/Aug/2023:13:30:07] DELETING ACCOUNTS (JobID: 9750b94f-b7dd-47ca-ba71-6a8b8efdcf15)
 - Deleted: 0

[08/Aug/2023:13:30:37] UPDATING PRODUCTS (JobID: acf05c37-9140-4a85-a360-7e170464e4df)
 - New and modified: 0

[08/Aug/2023:13:30:40] UPDATING PREPAGATI (JobID: 4f5684df-aed3-4bd7-8351-2ee029f5411e)
 - New and modified: 0

[08/Aug/2023:13:30:40] DELETING PREPAGATI (JobID: 4f5684df-aed3-4bd7-8351-2ee029f5411e)
 - Deleted: 0

[08/Aug/2023:14:00:04] UPDATING ACCOUNTS (JobID: dec06729-a7e9-4ae7-957f-87cd32f77ca6)
 - New and modified: 0

[08/Aug/2023:14:00:04] DELETING ACCOUNTS (JobID: dec06729-a7e9-4ae7-957f-87cd32f77ca6)
 - Deleted: 0

[08/Aug/2023:14:00:33] UPDATING PRODUCTS (JobID: 20d60f6a-42f1-4eaa-9c56-93c743d364d4)
 - New and modified: 0

[08/Aug/2023:14:00:35] UPDATING PREPAGATI (JobID: 07866c40-45c4-4757-9d78-273b2d805acc)
 - New and modified: 0

[08/Aug/2023:14:00:35] DELETING PREPAGATI (JobID: 07866c40-45c4-4757-9d78-273b2d805acc)
 - Deleted: 0

[08/Aug/2023:15:00:06] UPDATING ACCOUNTS (JobID: 0ec649f6-7607-4980-b1ce-1be2c26db92b)
 - New and modified: 0

[08/Aug/2023:15:00:06] DELETING ACCOUNTS (JobID: 0ec649f6-7607-4980-b1ce-1be2c26db92b)
 - Deleted: 0

[08/Aug/2023:15:00:36] UPDATING PRODUCTS (JobID: 9c92ef2b-92b5-4d10-a79d-f889eaa548b8)
 - New and modified: 0

[08/Aug/2023:15:00:39] UPDATING PREPAGATI (JobID: 29ddc611-7b09-40c8-bfc4-acdad4b94a3c)
 - New and modified: 0

[08/Aug/2023:15:00:39] DELETING PREPAGATI (JobID: 29ddc611-7b09-40c8-bfc4-acdad4b94a3c)
 - Deleted: 0

[08/Aug/2023:15:30:04] UPDATING ACCOUNTS (JobID: e7854774-cf7b-424e-b5cc-3d0c35925e04)
 - New and modified: 0

[08/Aug/2023:15:30:04] DELETING ACCOUNTS (JobID: e7854774-cf7b-424e-b5cc-3d0c35925e04)
 - Deleted: 0

[08/Aug/2023:15:30:33] UPDATING PRODUCTS (JobID: 399bdb87-d3fd-4496-b763-d068fd4e5f39)
 - New and modified: 0

[08/Aug/2023:15:30:35] UPDATING PREPAGATI (JobID: 14b438a7-f2f7-4750-9ca7-f5aa4bb4c331)
 - New and modified: 0

[08/Aug/2023:15:30:35] DELETING PREPAGATI (JobID: 14b438a7-f2f7-4750-9ca7-f5aa4bb4c331)
 - Deleted: 0

[08/Aug/2023:16:00:08] UPDATING ACCOUNTS (JobID: 216bfd22-07be-42f2-817a-26a5bcda0c95)
 - New and modified: 0

[08/Aug/2023:16:00:08] DELETING ACCOUNTS (JobID: 216bfd22-07be-42f2-817a-26a5bcda0c95)
 - Deleted: 0

[08/Aug/2023:16:00:38] UPDATING PRODUCTS (JobID: 13fac561-8d52-4b12-a7fc-e1be6b4d271e)
 - New and modified: 0

[08/Aug/2023:16:00:40] UPDATING PREPAGATI (JobID: f4e33986-7875-4377-9608-d86fc7671869)
 - New and modified: 0

[08/Aug/2023:16:00:40] DELETING PREPAGATI (JobID: f4e33986-7875-4377-9608-d86fc7671869)
 - Deleted: 0

[08/Aug/2023:16:30:08] UPDATING ACCOUNTS (JobID: ebb4ddfd-505c-48ca-8cb0-8857d0d41564)
 - New and modified: 0

[08/Aug/2023:16:30:08] DELETING ACCOUNTS (JobID: ebb4ddfd-505c-48ca-8cb0-8857d0d41564)
 - Deleted: 0

[08/Aug/2023:16:30:38] UPDATING PRODUCTS (JobID: d53fe617-993c-4de0-88c0-9df559ef21de)
 - New and modified: 0

[08/Aug/2023:16:30:40] UPDATING PREPAGATI (JobID: 6e7b295a-a3e8-47bc-988c-a6696fb2e334)
 - New and modified: 0

[08/Aug/2023:16:30:40] DELETING PREPAGATI (JobID: 6e7b295a-a3e8-47bc-988c-a6696fb2e334)
 - Deleted: 0

[08/Aug/2023:17:00:04] UPDATING ACCOUNTS (JobID: 5ac5a5c3-3e21-4a66-9f7f-e16169f7a342)
 - New and modified: 0

[08/Aug/2023:17:00:04] DELETING ACCOUNTS (JobID: 5ac5a5c3-3e21-4a66-9f7f-e16169f7a342)
 - Deleted: 0

[08/Aug/2023:17:00:33] UPDATING PRODUCTS (JobID: 3fd1a0e9-6b39-42b5-a054-1b885803106f)
 - New and modified: 0

[08/Aug/2023:17:00:35] UPDATING PREPAGATI (JobID: 56dfaca6-8cbb-4180-a51f-cfdaedf3eb08)
 - New and modified: 0

[08/Aug/2023:17:00:35] DELETING PREPAGATI (JobID: 56dfaca6-8cbb-4180-a51f-cfdaedf3eb08)
 - Deleted: 0

[08/Aug/2023:17:30:06] UPDATING ACCOUNTS (JobID: 5fb525a4-988f-4eb2-8e80-7b6423a99495)
 - New and modified: 0

[08/Aug/2023:17:30:06] DELETING ACCOUNTS (JobID: 5fb525a4-988f-4eb2-8e80-7b6423a99495)
 - Deleted: 0

[08/Aug/2023:17:30:36] UPDATING PRODUCTS (JobID: d5928f90-ea69-49a6-a9d0-e6e7ae141982)
 - New and modified: 0

[08/Aug/2023:17:30:38] UPDATING PREPAGATI (JobID: 35c4c024-d195-455a-881d-b94f108cb8eb)
 - New and modified: 0

[08/Aug/2023:17:30:38] DELETING PREPAGATI (JobID: 35c4c024-d195-455a-881d-b94f108cb8eb)
 - Deleted: 0

[08/Aug/2023:18:00:09] UPDATING ACCOUNTS (JobID: cd3d5d4f-71b9-49cb-b5a7-e4c32a8998df)
 - New and modified: 0

[08/Aug/2023:18:00:09] DELETING ACCOUNTS (JobID: cd3d5d4f-71b9-49cb-b5a7-e4c32a8998df)
 - Deleted: 0

[08/Aug/2023:18:00:51] UPDATING PRODUCTS (JobID: 69160439-ab04-4a56-bb59-40647c6ce64d)
 - New and modified: 0

[08/Aug/2023:18:00:53] UPDATING PREPAGATI (JobID: c0a9b6a7-270a-4e91-9357-9c2b89f7e0e0)
 - New and modified: 0

[08/Aug/2023:18:00:53] DELETING PREPAGATI (JobID: c0a9b6a7-270a-4e91-9357-9c2b89f7e0e0)
 - Deleted: 0

[08/Aug/2023:18:30:04] UPDATING ACCOUNTS (JobID: 9802e64b-796f-4eec-8224-e08aa6960ac5)
 - New and modified: 0

[08/Aug/2023:18:30:04] DELETING ACCOUNTS (JobID: 9802e64b-796f-4eec-8224-e08aa6960ac5)
 - Deleted: 0

[08/Aug/2023:18:30:33] UPDATING PRODUCTS (JobID: e158c9b2-fb2e-4b01-a10a-3900fb3a7a6d)
 - New and modified: 0

[08/Aug/2023:18:30:35] UPDATING PREPAGATI (JobID: 021ffc7f-c9ab-4be9-ae3f-c74c3caa54f0)
 - New and modified: 0

[08/Aug/2023:18:30:35] DELETING PREPAGATI (JobID: 021ffc7f-c9ab-4be9-ae3f-c74c3caa54f0)
 - Deleted: 0

[08/Aug/2023:19:00:25] UPDATING ACCOUNTS (JobID: 378b044f-8fdf-4c86-8384-89322ee1badc)
 - New and modified: 0

[08/Aug/2023:19:00:25] DELETING ACCOUNTS (JobID: 378b044f-8fdf-4c86-8384-89322ee1badc)
 - Deleted: 0

[08/Aug/2023:19:00:57] UPDATING PRODUCTS (JobID: c472f68e-deaf-404a-9257-cd1a05be9e57)
 - New and modified: 0

[08/Aug/2023:19:01:00] UPDATING PREPAGATI (JobID: 29802e17-7278-43c2-98a5-fd6e5fc78582)
 - New and modified: 0

[08/Aug/2023:19:01:00] DELETING PREPAGATI (JobID: 29802e17-7278-43c2-98a5-fd6e5fc78582)
 - Deleted: 0

[08/Aug/2023:19:30:04] UPDATING ACCOUNTS (JobID: 9672cbb8-ed48-4187-873c-06da5d85058f)
 - New and modified: 0

[08/Aug/2023:19:30:04] DELETING ACCOUNTS (JobID: 9672cbb8-ed48-4187-873c-06da5d85058f)
 - Deleted: 0

[08/Aug/2023:19:30:36] UPDATING PRODUCTS (JobID: ac0a46fc-9982-4ac9-ad2b-437410ff753a)
 - New and modified: 0

[08/Aug/2023:19:30:38] UPDATING PREPAGATI (JobID: 7b0b45c8-59f1-4aac-a2ba-f90cf232c77c)
 - New and modified: 0

[08/Aug/2023:19:30:38] DELETING PREPAGATI (JobID: 7b0b45c8-59f1-4aac-a2ba-f90cf232c77c)
 - Deleted: 0

[08/Aug/2023:20:00:04] UPDATING ACCOUNTS (JobID: afaa17b0-7a48-4abd-bc96-e3e6d3181b7e)
 - New and modified: 0

[08/Aug/2023:20:00:04] DELETING ACCOUNTS (JobID: afaa17b0-7a48-4abd-bc96-e3e6d3181b7e)
 - Deleted: 0

[08/Aug/2023:20:00:36] UPDATING PRODUCTS (JobID: 808c019d-f418-4754-8b5f-ec4958e2a59c)
 - New and modified: 0

[08/Aug/2023:20:00:39] UPDATING PREPAGATI (JobID: 34ac8fe9-a785-4319-ba61-7823ffb9528a)
 - New and modified: 0

[08/Aug/2023:20:00:39] DELETING PREPAGATI (JobID: 34ac8fe9-a785-4319-ba61-7823ffb9528a)
 - Deleted: 0

[08/Aug/2023:20:30:08] UPDATING ACCOUNTS (JobID: 3a34d596-13c8-48a3-8ce1-0de5118120a6)
 - New and modified: 0

[08/Aug/2023:20:30:08] DELETING ACCOUNTS (JobID: 3a34d596-13c8-48a3-8ce1-0de5118120a6)
 - Deleted: 0

[08/Aug/2023:20:30:38] UPDATING PRODUCTS (JobID: 6dd0c543-9ec0-4a81-b6da-1fd6358d69e3)
 - New and modified: 0

[08/Aug/2023:20:30:41] UPDATING PREPAGATI (JobID: fe90ce11-bb71-4e4f-81bf-c7d07e0d7c7e)
 - New and modified: 0

[08/Aug/2023:20:30:41] DELETING PREPAGATI (JobID: fe90ce11-bb71-4e4f-81bf-c7d07e0d7c7e)
 - Deleted: 0

[08/Aug/2023:21:00:07] UPDATING ACCOUNTS (JobID: 984ad972-a979-4fe0-809c-1a64cd4f0980)
 - New and modified: 0

[08/Aug/2023:21:00:07] DELETING ACCOUNTS (JobID: 984ad972-a979-4fe0-809c-1a64cd4f0980)
 - Deleted: 0

[08/Aug/2023:21:00:37] UPDATING PRODUCTS (JobID: 8c5cd89b-4fb5-404c-b44e-5f2b33c8d76f)
 - New and modified: 0

[08/Aug/2023:21:00:40] UPDATING PREPAGATI (JobID: a67c0486-0b44-4738-89a7-af2270c28aaf)
 - New and modified: 0

[08/Aug/2023:21:00:40] DELETING PREPAGATI (JobID: a67c0486-0b44-4738-89a7-af2270c28aaf)
 - Deleted: 0

[08/Aug/2023:21:30:04] UPDATING ACCOUNTS (JobID: 1f39b7b7-9a0d-4e4e-a54a-4ee80e7a9f65)
 - New and modified: 0

[08/Aug/2023:21:30:05] DELETING ACCOUNTS (JobID: 1f39b7b7-9a0d-4e4e-a54a-4ee80e7a9f65)
 - Deleted: 0

[08/Aug/2023:21:30:34] UPDATING PRODUCTS (JobID: a9587205-46f6-43fb-8100-d1b73dce060c)
 - New and modified: 0

[08/Aug/2023:21:30:36] UPDATING PREPAGATI (JobID: d3ed3ccf-d4b0-47a0-98af-e5cdaf1810a9)
 - New and modified: 0

[08/Aug/2023:21:30:36] DELETING PREPAGATI (JobID: d3ed3ccf-d4b0-47a0-98af-e5cdaf1810a9)
 - Deleted: 0

[08/Aug/2023:22:00:08] UPDATING ACCOUNTS (JobID: 4c876c59-1697-4420-85c5-2f3128b5addf)
 - New and modified: 0

[08/Aug/2023:22:00:08] DELETING ACCOUNTS (JobID: 4c876c59-1697-4420-85c5-2f3128b5addf)
 - Deleted: 0

[08/Aug/2023:22:00:37] UPDATING PRODUCTS (JobID: 1bb873d9-92bc-4d74-bb40-9e6604f74cbd)
 - New and modified: 0

[08/Aug/2023:22:00:40] UPDATING PREPAGATI (JobID: 80efe84d-9e71-4eb6-802c-11562e20ace9)
 - New and modified: 0

[08/Aug/2023:22:00:40] DELETING PREPAGATI (JobID: 80efe84d-9e71-4eb6-802c-11562e20ace9)
 - Deleted: 0

[08/Aug/2023:22:30:06] UPDATING ACCOUNTS (JobID: da597474-f3af-498a-8b79-27b14f16af4e)
 - New and modified: 0

[08/Aug/2023:22:30:06] DELETING ACCOUNTS (JobID: da597474-f3af-498a-8b79-27b14f16af4e)
 - Deleted: 0

[08/Aug/2023:22:30:35] UPDATING PRODUCTS (JobID: fe1f642f-de1c-40ff-b9f5-eaca83b09c8c)
 - New and modified: 0

[08/Aug/2023:22:30:38] UPDATING PREPAGATI (JobID: e2a357cc-de3e-4084-9539-b69b1f4e1f31)
 - New and modified: 0

[08/Aug/2023:22:30:38] DELETING PREPAGATI (JobID: e2a357cc-de3e-4084-9539-b69b1f4e1f31)
 - Deleted: 0

[08/Aug/2023:23:00:07] UPDATING ACCOUNTS (JobID: 2b2d269a-644a-4066-9ed0-02836f2808f1)
 - New and modified: 0

[08/Aug/2023:23:00:07] DELETING ACCOUNTS (JobID: 2b2d269a-644a-4066-9ed0-02836f2808f1)
 - Deleted: 0

[08/Aug/2023:23:00:36] UPDATING PRODUCTS (JobID: fdf47ec7-0642-441c-8740-c8810d857adb)
 - New and modified: 0

[08/Aug/2023:23:00:39] UPDATING PREPAGATI (JobID: b88c3576-f189-46cd-9cb0-bab82a2dc8db)
 - New and modified: 0

[08/Aug/2023:23:00:39] DELETING PREPAGATI (JobID: b88c3576-f189-46cd-9cb0-bab82a2dc8db)
 - Deleted: 0

[08/Aug/2023:23:30:04] UPDATING ACCOUNTS (JobID: 89122f4e-506c-48d5-9888-66fa1e75fd26)
 - New and modified: 0

[08/Aug/2023:23:30:04] DELETING ACCOUNTS (JobID: 89122f4e-506c-48d5-9888-66fa1e75fd26)
 - Deleted: 0

[08/Aug/2023:23:30:34] UPDATING PRODUCTS (JobID: f4439e96-474e-44e6-8971-cc8e0212a6d5)
 - New and modified: 0

[08/Aug/2023:23:30:35] UPDATING PREPAGATI (JobID: 822b08bd-25bf-4ca4-b12b-f78ce2f98a35)
 - New and modified: 0

[08/Aug/2023:23:30:35] DELETING PREPAGATI (JobID: 822b08bd-25bf-4ca4-b12b-f78ce2f98a35)
 - Deleted: 0

