[29/Aug/2023:00:00:05] UPDATING ACCOUNTS (JobID: 06a66363-c3b2-4ae1-ad01-ad7c241adc45)
 - New and modified: 0

[29/Aug/2023:00:00:05] DELETING ACCOUNTS (JobID: 06a66363-c3b2-4ae1-ad01-ad7c241adc45)
 - Deleted: 0

[29/Aug/2023:00:00:25] UPDATING PRODUCTS (JobID: 13c98358-c42b-426b-9363-2a1d5a72520c)
 - New and modified: 0

[29/Aug/2023:00:00:27] UPDATING PREPAGATI (JobID: 3cec07e2-a803-4867-9f22-e165f7cbfc2b)
 - New and modified: 0

[29/Aug/2023:00:00:27] DELETING PREPAGATI (JobID: 3cec07e2-a803-4867-9f22-e165f7cbfc2b)
 - Deleted: 0

[29/Aug/2023:00:30:03] UPDATING ACCOUNTS (JobID: f38ac1a2-0b53-416c-a153-1febd0c0f747)
 - New and modified: 0

[29/Aug/2023:00:30:03] DELETING ACCOUNTS (JobID: f38ac1a2-0b53-416c-a153-1febd0c0f747)
 - Deleted: 0

[29/Aug/2023:00:30:24] UPDATING PRODUCTS (JobID: 4a472c37-aade-4f1d-b37c-d2b80cec81af)
 - New and modified: 0

[29/Aug/2023:00:30:25] UPDATING PREPAGATI (JobID: 4004dd05-b176-4ede-ab23-81ac1925f522)
 - New and modified: 0

[29/Aug/2023:00:30:25] DELETING PREPAGATI (JobID: 4004dd05-b176-4ede-ab23-81ac1925f522)
 - Deleted: 0

[29/Aug/2023:01:30:06] UPDATING ACCOUNTS (JobID: c50aeaab-839a-4c6d-9508-dc28ca9e7b6b)
 - New and modified: 0

[29/Aug/2023:01:30:06] DELETING ACCOUNTS (JobID: c50aeaab-839a-4c6d-9508-dc28ca9e7b6b)
 - Deleted: 0

[29/Aug/2023:01:30:27] UPDATING PRODUCTS (JobID: 6364dcc6-a199-4f2c-88cb-d5c6a66cda88)
 - New and modified: 0

[29/Aug/2023:01:30:29] UPDATING PREPAGATI (JobID: fac75701-91e1-43a7-b01c-6ce4c4dad9bb)
 - New and modified: 0

[29/Aug/2023:01:30:29] DELETING PREPAGATI (JobID: fac75701-91e1-43a7-b01c-6ce4c4dad9bb)
 - Deleted: 0

[29/Aug/2023:04:00:07] UPDATING ACCOUNTS (JobID: 203476d3-02f0-4fbe-acfc-a0dd3f4c04ed)
 - New and modified: 0

[29/Aug/2023:04:00:07] DELETING ACCOUNTS (JobID: 203476d3-02f0-4fbe-acfc-a0dd3f4c04ed)
 - Deleted: 0

[29/Aug/2023:04:00:30] UPDATING PRODUCTS (JobID: f2f0b578-c067-4c88-86aa-8ba8a174457b)
 - New and modified: 0

[29/Aug/2023:04:00:32] UPDATING PREPAGATI (JobID: cb07b409-c9e2-46dc-803f-1b2c82cca181)
 - New and modified: 0

[29/Aug/2023:04:00:32] DELETING PREPAGATI (JobID: cb07b409-c9e2-46dc-803f-1b2c82cca181)
 - Deleted: 0

[29/Aug/2023:05:30:06] UPDATING ACCOUNTS (JobID: f2cc0b94-2ac9-4dc2-942d-440c0e787f08)
 - New and modified: 0

[29/Aug/2023:05:30:06] DELETING ACCOUNTS (JobID: f2cc0b94-2ac9-4dc2-942d-440c0e787f08)
 - Deleted: 0

[29/Aug/2023:05:30:26] UPDATING PRODUCTS (JobID: 25f63fdb-efe3-4bff-b074-ae04f0d61c92)
 - New and modified: 0

[29/Aug/2023:05:30:28] UPDATING PREPAGATI (JobID: 48cbb1da-3930-4330-97b4-f5a17b0ddd55)
 - New and modified: 0

[29/Aug/2023:05:30:28] DELETING PREPAGATI (JobID: 48cbb1da-3930-4330-97b4-f5a17b0ddd55)
 - Deleted: 0

[29/Aug/2023:09:30:06] UPDATING ACCOUNTS (JobID: 4b2007b4-e06f-44c5-a1df-38468ef3aca0)
 - New and modified: 0

[29/Aug/2023:09:30:06] DELETING ACCOUNTS (JobID: 4b2007b4-e06f-44c5-a1df-38468ef3aca0)
 - Deleted: 0

[29/Aug/2023:09:30:25] UPDATING PRODUCTS (JobID: 006b4868-0b70-4323-b237-8d24cf9f62a0)
 - New and modified: 0

[29/Aug/2023:09:30:28] UPDATING PREPAGATI (JobID: 4de97f5c-d367-4167-a684-fe4215d37e34)
 - New and modified: 0

[29/Aug/2023:09:30:28] DELETING PREPAGATI (JobID: 4de97f5c-d367-4167-a684-fe4215d37e34)
 - Deleted: 0

[29/Aug/2023:10:00:03] UPDATING ACCOUNTS (JobID: 3d841858-8ed8-49fd-b1e2-756a330fccd5)
 - New and modified: 0

[29/Aug/2023:10:00:03] DELETING ACCOUNTS (JobID: 3d841858-8ed8-49fd-b1e2-756a330fccd5)
 - Deleted: 0

[29/Aug/2023:10:00:23] UPDATING PRODUCTS (JobID: c31bd981-8c5b-4666-b668-4e1611c4a93a)
 - New and modified: 0

[29/Aug/2023:10:00:26] UPDATING PREPAGATI (JobID: b6e38709-b98a-4fd0-9c34-9f487051f60b)
 - New and modified: 0

[29/Aug/2023:10:00:26] DELETING PREPAGATI (JobID: b6e38709-b98a-4fd0-9c34-9f487051f60b)
 - Deleted: 0

[29/Aug/2023:11:00:06] UPDATING ACCOUNTS (JobID: 8dd74fd3-e093-4302-93be-db9319e96354)
 - New and modified: 0

[29/Aug/2023:11:00:06] DELETING ACCOUNTS (JobID: 8dd74fd3-e093-4302-93be-db9319e96354)
 - Deleted: 0

[29/Aug/2023:11:00:25] UPDATING PRODUCTS (JobID: 18421298-4bb1-4db2-8794-68e58759d122)
 - New and modified: 0

[29/Aug/2023:11:00:28] UPDATING PREPAGATI (JobID: c65f69bd-5cde-4547-9739-71dec4622073)
 - New and modified: 0

[29/Aug/2023:11:00:28] DELETING PREPAGATI (JobID: c65f69bd-5cde-4547-9739-71dec4622073)
 - Deleted: 0

[29/Aug/2023:14:00:07] UPDATING ACCOUNTS (JobID: f7f01829-c64f-47f1-9e3e-24e293862b67)
 - New and modified: 0

[29/Aug/2023:14:00:07] DELETING ACCOUNTS (JobID: f7f01829-c64f-47f1-9e3e-24e293862b67)
 - Deleted: 0

[29/Aug/2023:14:00:27] UPDATING PRODUCTS (JobID: 47c2172c-4f97-4f7c-bb7f-272dff8f80fb)
 - New and modified: 0

[29/Aug/2023:14:00:29] UPDATING PREPAGATI (JobID: 6754b59c-d39d-4428-9d4a-a11805c27fd1)
 - New and modified: 0

[29/Aug/2023:14:00:29] DELETING PREPAGATI (JobID: 6754b59c-d39d-4428-9d4a-a11805c27fd1)
 - Deleted: 0

[29/Aug/2023:16:00:02] UPDATING ACCOUNTS (JobID: 149efe8a-9111-47cd-9c3f-4d82eef18e16)
 - New and modified: 0

[29/Aug/2023:16:00:02] DELETING ACCOUNTS (JobID: 149efe8a-9111-47cd-9c3f-4d82eef18e16)
 - Deleted: 0

[29/Aug/2023:16:00:22] UPDATING PRODUCTS (JobID: 1a9ee9ad-6a7f-4944-ab8f-ab4ea8062c85)
 - New and modified: 0

[29/Aug/2023:16:00:23] UPDATING PREPAGATI (JobID: 077a4acf-cb30-4644-afc4-f206246b3c3a)
 - New and modified: 0

[29/Aug/2023:16:00:23] DELETING PREPAGATI (JobID: 077a4acf-cb30-4644-afc4-f206246b3c3a)
 - Deleted: 0

[29/Aug/2023:17:00:07] UPDATING ACCOUNTS (JobID: 558ee3be-0825-4836-8e6e-7f1ce8e788df)
 - New and modified: 0

[29/Aug/2023:17:00:07] DELETING ACCOUNTS (JobID: 558ee3be-0825-4836-8e6e-7f1ce8e788df)
 - Deleted: 0

[29/Aug/2023:17:00:25] UPDATING PRODUCTS (JobID: f8404ba4-777f-4dba-a5ac-4544fe480c28)
 - New and modified: 0

[29/Aug/2023:17:00:28] UPDATING PREPAGATI (JobID: b6e1a61b-bdfe-4e66-9708-4ecd01ce6510)
 - New and modified: 0

[29/Aug/2023:17:00:28] DELETING PREPAGATI (JobID: b6e1a61b-bdfe-4e66-9708-4ecd01ce6510)
 - Deleted: 0

[29/Aug/2023:20:30:03] UPDATING ACCOUNTS (JobID: f9b670e2-1235-4f4e-a343-d1306c45a03f)
 - New and modified: 0

[29/Aug/2023:20:30:03] DELETING ACCOUNTS (JobID: f9b670e2-1235-4f4e-a343-d1306c45a03f)
 - Deleted: 0

[29/Aug/2023:20:30:21] UPDATING PRODUCTS (JobID: e29d3f3d-23a5-4173-85d0-2a45d861d523)
 - New and modified: 0

[29/Aug/2023:20:30:24] UPDATING PREPAGATI (JobID: c98e1003-5d26-44cf-8393-e0383ea06672)
 - New and modified: 0

[29/Aug/2023:20:30:24] DELETING PREPAGATI (JobID: c98e1003-5d26-44cf-8393-e0383ea06672)
 - Deleted: 0

[29/Aug/2023:22:00:05] UPDATING ACCOUNTS (JobID: 9f996127-8cec-4453-afba-f90bb81c1541)
 - New and modified: 0

[29/Aug/2023:22:00:05] DELETING ACCOUNTS (JobID: 9f996127-8cec-4453-afba-f90bb81c1541)
 - Deleted: 0

[29/Aug/2023:22:00:23] UPDATING PRODUCTS (JobID: 89276ae6-16cc-40d2-9587-0a395f6dffdf)
 - New and modified: 0

[29/Aug/2023:22:00:25] UPDATING PREPAGATI (JobID: 982aba04-7aa4-4c90-a292-242e2b100b31)
 - New and modified: 0

[29/Aug/2023:22:00:25] DELETING PREPAGATI (JobID: 982aba04-7aa4-4c90-a292-242e2b100b31)
 - Deleted: 0

[29/Aug/2023:23:00:03] UPDATING ACCOUNTS (JobID: 4b4c9f91-64c6-4639-b133-df4c2c85c362)
 - New and modified: 0

[29/Aug/2023:23:00:03] DELETING ACCOUNTS (JobID: 4b4c9f91-64c6-4639-b133-df4c2c85c362)
 - Deleted: 0

[29/Aug/2023:23:00:22] UPDATING PRODUCTS (JobID: 035d5a92-e247-4114-8d04-6545553bbdce)
 - New and modified: 0

[29/Aug/2023:23:00:24] UPDATING PREPAGATI (JobID: 5d2d5f65-2463-4f11-9f00-6d4e4ca58da7)
 - New and modified: 0

[29/Aug/2023:23:00:24] DELETING PREPAGATI (JobID: 5d2d5f65-2463-4f11-9f00-6d4e4ca58da7)
 - Deleted: 0

