[27/Jun/2023:00:00:03] UPDATING ACCOUNTS (JobID: 4d2be96b-5a17-4121-99d8-188e3aaf67df)
 - New and modified: 0

[27/Jun/2023:00:00:03] DELETING ACCOUNTS (JobID: 4d2be96b-5a17-4121-99d8-188e3aaf67df)
 - Deleted: 0

[27/Jun/2023:00:00:34] UPDATING PRODUCTS (JobID: ba51c2ba-95b7-4277-bfc3-a7e72f9a035e)
 - New and modified: 0

[27/Jun/2023:00:00:35] UPDATING PREPAGATI (JobID: 14e554a8-b396-4d81-88fc-fc117d3caca7)
 - New and modified: 0

[27/Jun/2023:00:00:35] DELETING PREPAGATI (JobID: 14e554a8-b396-4d81-88fc-fc117d3caca7)
 - Deleted: 0

[27/Jun/2023:00:20:04] UPDATING ACCOUNTS (JobID: 79297646-5165-41e0-b397-7157935269fd)
 - New and modified: 0

[27/Jun/2023:00:20:04] DELETING ACCOUNTS (JobID: 79297646-5165-41e0-b397-7157935269fd)
 - Deleted: 0

[27/Jun/2023:00:20:35] UPDATING PRODUCTS (JobID: b0660e09-6d92-4bda-958c-484ecab1c2ea)
 - New and modified: 0

[27/Jun/2023:00:20:36] UPDATING PREPAGATI (JobID: 749edc86-a413-4f0b-96fb-04b62ceb469e)
 - New and modified: 0

[27/Jun/2023:00:20:36] DELETING PREPAGATI (JobID: 749edc86-a413-4f0b-96fb-04b62ceb469e)
 - Deleted: 0

[27/Jun/2023:01:00:04] UPDATING ACCOUNTS (JobID: 4bbd0fd9-7e0a-409f-a79b-73a6baadc321)
 - New and modified: 0

[27/Jun/2023:01:00:04] DELETING ACCOUNTS (JobID: 4bbd0fd9-7e0a-409f-a79b-73a6baadc321)
 - Deleted: 0

[27/Jun/2023:01:00:36] UPDATING PRODUCTS (JobID: bee4bc72-d0fe-48ab-aa84-306cc5009a05)
 - New and modified: 0

[27/Jun/2023:01:00:39] UPDATING PREPAGATI (JobID: 279b4e73-11bf-4a49-b5b8-39ce8fa94ef5)
 - New and modified: 0

[27/Jun/2023:01:00:39] DELETING PREPAGATI (JobID: 279b4e73-11bf-4a49-b5b8-39ce8fa94ef5)
 - Deleted: 0

[27/Jun/2023:01:10:04] UPDATING ACCOUNTS (JobID: c9fc51ce-fabc-436e-a14c-e8a774d57355)
 - New and modified: 0

[27/Jun/2023:01:10:04] DELETING ACCOUNTS (JobID: c9fc51ce-fabc-436e-a14c-e8a774d57355)
 - Deleted: 0

[27/Jun/2023:01:10:39] UPDATING PRODUCTS (JobID: 7dd54aa2-87e3-4bb5-ab60-f4ab884af1d0)
 - New and modified: 0

[27/Jun/2023:01:10:41] UPDATING PREPAGATI (JobID: 3dd4fb1c-4f8e-4991-b633-16057e8ca43e)
 - New and modified: 0

[27/Jun/2023:01:10:41] DELETING PREPAGATI (JobID: 3dd4fb1c-4f8e-4991-b633-16057e8ca43e)
 - Deleted: 0

[27/Jun/2023:01:20:04] UPDATING ACCOUNTS (JobID: 2bdb0d9b-5b56-4ebf-9d8d-ffefbac45b78)
 - New and modified: 0

[27/Jun/2023:01:20:04] DELETING ACCOUNTS (JobID: 2bdb0d9b-5b56-4ebf-9d8d-ffefbac45b78)
 - Deleted: 0

[27/Jun/2023:01:20:36] UPDATING PRODUCTS (JobID: 7cc4d3a5-464f-4b9b-8dc6-a0baa853f2ff)
 - New and modified: 0

[27/Jun/2023:01:20:38] UPDATING PREPAGATI (JobID: fc56aceb-fca1-4efa-a1f6-4084a62a7ac5)
 - New and modified: 0

[27/Jun/2023:01:20:38] DELETING PREPAGATI (JobID: fc56aceb-fca1-4efa-a1f6-4084a62a7ac5)
 - Deleted: 0

[27/Jun/2023:01:30:04] UPDATING ACCOUNTS (JobID: 70b8d1ba-20d1-42c4-965a-90c10a57521e)
 - New and modified: 0

[27/Jun/2023:01:30:05] DELETING ACCOUNTS (JobID: 70b8d1ba-20d1-42c4-965a-90c10a57521e)
 - Deleted: 0

[27/Jun/2023:01:30:32] UPDATING PRODUCTS (JobID: 75aad727-6e0e-400a-b19d-c20f7ab7396e)
 - New and modified: 0

[27/Jun/2023:01:30:34] UPDATING PREPAGATI (JobID: 28d32a70-5bbe-43e0-8bfd-adf46f20abf3)
 - New and modified: 0

[27/Jun/2023:01:30:34] DELETING PREPAGATI (JobID: 28d32a70-5bbe-43e0-8bfd-adf46f20abf3)
 - Deleted: 0

[27/Jun/2023:01:40:05] UPDATING ACCOUNTS (JobID: ded537f3-93b9-414b-8fbd-8f9cf25fca73)
 - New and modified: 0

[27/Jun/2023:01:40:05] DELETING ACCOUNTS (JobID: ded537f3-93b9-414b-8fbd-8f9cf25fca73)
 - Deleted: 0

[27/Jun/2023:01:40:38] UPDATING PRODUCTS (JobID: 2769bec0-54f8-47a5-a046-39017b3d0929)
 - New and modified: 0

[27/Jun/2023:01:40:40] UPDATING PREPAGATI (JobID: bc6e77c0-8d1b-4737-869d-75e25540340b)
 - New and modified: 0

[27/Jun/2023:01:40:40] DELETING PREPAGATI (JobID: bc6e77c0-8d1b-4737-869d-75e25540340b)
 - Deleted: 0

[27/Jun/2023:02:00:04] UPDATING ACCOUNTS (JobID: 8e11c672-e15b-4ba2-8b53-67841ecb25a1)
 - New and modified: 0

[27/Jun/2023:02:00:04] DELETING ACCOUNTS (JobID: 8e11c672-e15b-4ba2-8b53-67841ecb25a1)
 - Deleted: 0

[27/Jun/2023:02:00:38] UPDATING PRODUCTS (JobID: e19dd081-34e5-4a39-a1c5-d912d9b3cafb)
 - New and modified: 0

[27/Jun/2023:02:00:40] UPDATING PREPAGATI (JobID: 1edc1640-599b-4a09-8ae5-14dc8b3c86fd)
 - New and modified: 0

[27/Jun/2023:02:00:40] DELETING PREPAGATI (JobID: 1edc1640-599b-4a09-8ae5-14dc8b3c86fd)
 - Deleted: 0

[27/Jun/2023:02:40:04] UPDATING ACCOUNTS (JobID: adcc4530-8495-446b-8dd5-3602148d34a3)
 - New and modified: 0

[27/Jun/2023:02:40:04] DELETING ACCOUNTS (JobID: adcc4530-8495-446b-8dd5-3602148d34a3)
 - Deleted: 0

[27/Jun/2023:02:40:37] UPDATING PRODUCTS (JobID: f33089cf-dcd5-41c7-93af-77f722611646)
 - New and modified: 0

[27/Jun/2023:02:40:39] UPDATING PREPAGATI (JobID: 812a2557-43a7-4271-8a0a-b7cbf92f415d)
 - New and modified: 0

[27/Jun/2023:02:40:39] DELETING PREPAGATI (JobID: 812a2557-43a7-4271-8a0a-b7cbf92f415d)
 - Deleted: 0

[27/Jun/2023:02:50:04] UPDATING ACCOUNTS (JobID: 0fe1ec7d-34d5-4192-936c-d7e69cb57ecc)
 - New and modified: 0

[27/Jun/2023:02:50:04] DELETING ACCOUNTS (JobID: 0fe1ec7d-34d5-4192-936c-d7e69cb57ecc)
 - Deleted: 0

[27/Jun/2023:02:50:37] UPDATING PRODUCTS (JobID: 026a7d55-49a9-4c7f-b84f-50f2849af51c)
 - New and modified: 0

[27/Jun/2023:02:50:39] UPDATING PREPAGATI (JobID: 12e7235a-d8a2-4f59-b13e-118a0aa4c1af)
 - New and modified: 0

[27/Jun/2023:02:50:39] DELETING PREPAGATI (JobID: 12e7235a-d8a2-4f59-b13e-118a0aa4c1af)
 - Deleted: 0

[27/Jun/2023:03:00:04] UPDATING ACCOUNTS (JobID: 3492afd5-10e8-4b59-8f21-57e26f5261de)
 - New and modified: 0

[27/Jun/2023:03:00:04] DELETING ACCOUNTS (JobID: 3492afd5-10e8-4b59-8f21-57e26f5261de)
 - Deleted: 0

[27/Jun/2023:03:00:36] UPDATING PRODUCTS (JobID: b121ebb5-09df-47b8-a9fd-95b13caeda0c)
 - New and modified: 0

[27/Jun/2023:03:00:38] UPDATING PREPAGATI (JobID: c8324171-8240-462c-a01c-88bf939c7936)
 - New and modified: 0

[27/Jun/2023:03:00:38] DELETING PREPAGATI (JobID: c8324171-8240-462c-a01c-88bf939c7936)
 - Deleted: 0

[27/Jun/2023:03:10:04] UPDATING ACCOUNTS (JobID: 7f50c0bd-a577-4fdd-9f9d-9585b52bae2f)
 - New and modified: 0

[27/Jun/2023:03:10:04] DELETING ACCOUNTS (JobID: 7f50c0bd-a577-4fdd-9f9d-9585b52bae2f)
 - Deleted: 0

[27/Jun/2023:03:10:38] UPDATING PRODUCTS (JobID: 2b511576-14ee-487f-a510-087de1d74b0d)
 - New and modified: 0

[27/Jun/2023:03:10:39] UPDATING PREPAGATI (JobID: b0616aa4-669e-4d2a-88f0-8304ff200a4c)
 - New and modified: 0

[27/Jun/2023:03:10:39] DELETING PREPAGATI (JobID: b0616aa4-669e-4d2a-88f0-8304ff200a4c)
 - Deleted: 0

[27/Jun/2023:03:40:04] UPDATING ACCOUNTS (JobID: 0d7eebd1-7c30-45d6-83e7-7947532841bf)
 - New and modified: 0

[27/Jun/2023:03:40:04] DELETING ACCOUNTS (JobID: 0d7eebd1-7c30-45d6-83e7-7947532841bf)
 - Deleted: 0

[27/Jun/2023:03:40:39] UPDATING PRODUCTS (JobID: 8e830224-edfc-4e97-b80f-91521634e995)
 - New and modified: 0

[27/Jun/2023:03:40:41] UPDATING PREPAGATI (JobID: 4783c62b-294f-4ef0-82da-c86242ba9f78)
 - New and modified: 0

[27/Jun/2023:03:40:41] DELETING PREPAGATI (JobID: 4783c62b-294f-4ef0-82da-c86242ba9f78)
 - Deleted: 0

[27/Jun/2023:03:50:04] UPDATING ACCOUNTS (JobID: a95f2a63-8270-4949-b5e3-d67b42b6b137)
 - New and modified: 0

[27/Jun/2023:03:50:04] DELETING ACCOUNTS (JobID: a95f2a63-8270-4949-b5e3-d67b42b6b137)
 - Deleted: 0

[27/Jun/2023:03:50:38] UPDATING PRODUCTS (JobID: 8d8efed9-989a-4d49-aa17-c8d1db5cc8b6)
 - New and modified: 0

[27/Jun/2023:03:50:40] UPDATING PREPAGATI (JobID: 628a6aad-b9d9-412e-82d1-39b281d0213b)
 - New and modified: 0

[27/Jun/2023:03:50:40] DELETING PREPAGATI (JobID: 628a6aad-b9d9-412e-82d1-39b281d0213b)
 - Deleted: 0

[27/Jun/2023:04:00:04] UPDATING ACCOUNTS (JobID: d027dcd3-61a7-4b08-a8cd-9d0eac82cdc4)
 - New and modified: 0

[27/Jun/2023:04:00:04] DELETING ACCOUNTS (JobID: d027dcd3-61a7-4b08-a8cd-9d0eac82cdc4)
 - Deleted: 0

[27/Jun/2023:04:00:35] UPDATING PRODUCTS (JobID: d59387c8-daa4-4b95-ac0c-cd54f9ba35b6)
 - New and modified: 0

[27/Jun/2023:04:00:38] UPDATING PREPAGATI (JobID: 8115f73e-2ddf-42a5-9fda-1d229008bff4)
 - New and modified: 0

[27/Jun/2023:04:00:38] DELETING PREPAGATI (JobID: 8115f73e-2ddf-42a5-9fda-1d229008bff4)
 - Deleted: 0

[27/Jun/2023:04:10:05] UPDATING ACCOUNTS (JobID: 57b70e51-374d-4ef1-be27-9d4893f82306)
 - New and modified: 0

[27/Jun/2023:04:10:05] DELETING ACCOUNTS (JobID: 57b70e51-374d-4ef1-be27-9d4893f82306)
 - Deleted: 0

[27/Jun/2023:04:10:40] UPDATING PRODUCTS (JobID: 8d4781b6-fe17-4511-aff2-f7c1c32bc1cc)
 - New and modified: 0

[27/Jun/2023:04:10:42] UPDATING PREPAGATI (JobID: d9c85467-5b7b-41fb-a7a7-795f9e02ab6b)
 - New and modified: 0

[27/Jun/2023:04:10:42] DELETING PREPAGATI (JobID: d9c85467-5b7b-41fb-a7a7-795f9e02ab6b)
 - Deleted: 0

[27/Jun/2023:04:20:04] UPDATING ACCOUNTS (JobID: 116438a8-a14c-47d3-a447-a648cf9fe3dd)
 - New and modified: 0

[27/Jun/2023:04:20:04] DELETING ACCOUNTS (JobID: 116438a8-a14c-47d3-a447-a648cf9fe3dd)
 - Deleted: 0

[27/Jun/2023:04:20:37] UPDATING PRODUCTS (JobID: 1cdbc9b5-332e-4651-a0b1-bed87dcfb68c)
 - New and modified: 0

[27/Jun/2023:04:20:39] UPDATING PREPAGATI (JobID: a9308bea-9813-4960-9aaf-732a51337d5d)
 - New and modified: 0

[27/Jun/2023:04:20:39] DELETING PREPAGATI (JobID: a9308bea-9813-4960-9aaf-732a51337d5d)
 - Deleted: 0

[27/Jun/2023:04:40:04] UPDATING ACCOUNTS (JobID: 223702be-c67c-44c3-962f-c527be9fad13)
 - New and modified: 0

[27/Jun/2023:04:40:04] DELETING ACCOUNTS (JobID: 223702be-c67c-44c3-962f-c527be9fad13)
 - Deleted: 0

[27/Jun/2023:04:40:36] UPDATING PRODUCTS (JobID: 33e4c31e-9c7b-4aed-aedc-ce6176d655ce)
 - New and modified: 0

[27/Jun/2023:04:40:38] UPDATING PREPAGATI (JobID: 210fe10c-e125-4bd1-847a-487f5e6e1835)
 - New and modified: 0

[27/Jun/2023:04:40:38] DELETING PREPAGATI (JobID: 210fe10c-e125-4bd1-847a-487f5e6e1835)
 - Deleted: 0

[27/Jun/2023:04:50:04] UPDATING ACCOUNTS (JobID: 16a23438-49c1-48a4-9d16-9c888aef027a)
 - New and modified: 0

[27/Jun/2023:04:50:04] DELETING ACCOUNTS (JobID: 16a23438-49c1-48a4-9d16-9c888aef027a)
 - Deleted: 0

[27/Jun/2023:04:50:35] UPDATING PRODUCTS (JobID: 50104bf6-21c1-4bb1-975f-d33f25fb009e)
 - New and modified: 0

[27/Jun/2023:04:50:36] UPDATING PREPAGATI (JobID: b4fae6c8-6074-4d59-b96c-51de87609ce4)
 - New and modified: 0

[27/Jun/2023:04:50:36] DELETING PREPAGATI (JobID: b4fae6c8-6074-4d59-b96c-51de87609ce4)
 - Deleted: 0

[27/Jun/2023:05:00:03] UPDATING ACCOUNTS (JobID: cb41a933-85eb-4ba4-bd14-703b89f3dba5)
 - New and modified: 0

[27/Jun/2023:05:00:03] DELETING ACCOUNTS (JobID: cb41a933-85eb-4ba4-bd14-703b89f3dba5)
 - Deleted: 0

[27/Jun/2023:05:00:34] UPDATING PRODUCTS (JobID: 04eb1c90-dae5-49a5-be4c-89dce900ecae)
 - New and modified: 0

[27/Jun/2023:05:00:35] UPDATING PREPAGATI (JobID: e1983681-befc-4c9f-962e-930f8b8426ef)
 - New and modified: 0

[27/Jun/2023:05:00:35] DELETING PREPAGATI (JobID: e1983681-befc-4c9f-962e-930f8b8426ef)
 - Deleted: 0

[27/Jun/2023:05:10:04] UPDATING ACCOUNTS (JobID: 88a412f8-e3ff-4229-b58c-e0b52c2d1af5)
 - New and modified: 0

[27/Jun/2023:05:10:04] DELETING ACCOUNTS (JobID: 88a412f8-e3ff-4229-b58c-e0b52c2d1af5)
 - Deleted: 0

[27/Jun/2023:05:10:33] UPDATING PRODUCTS (JobID: 32603b7a-c44b-44c3-bfb6-9a14206a2a52)
 - New and modified: 0

[27/Jun/2023:05:10:35] UPDATING PREPAGATI (JobID: 4ad2e6ee-9d3d-4298-97fc-5dc8ce45dc6a)
 - New and modified: 0

[27/Jun/2023:05:10:35] DELETING PREPAGATI (JobID: 4ad2e6ee-9d3d-4298-97fc-5dc8ce45dc6a)
 - Deleted: 0

[27/Jun/2023:05:30:04] UPDATING ACCOUNTS (JobID: d909e02f-28ed-4199-9583-accd3ff596f7)
 - New and modified: 0

[27/Jun/2023:05:30:04] DELETING ACCOUNTS (JobID: d909e02f-28ed-4199-9583-accd3ff596f7)
 - Deleted: 0

[27/Jun/2023:05:30:34] UPDATING PRODUCTS (JobID: 01e016ce-3b11-4fb3-83f7-696cc8a7cef9)
 - New and modified: 0

[27/Jun/2023:05:30:36] UPDATING PREPAGATI (JobID: 3510ce68-bdae-4968-8c46-5d81bf14e972)
 - New and modified: 0

[27/Jun/2023:05:30:36] DELETING PREPAGATI (JobID: 3510ce68-bdae-4968-8c46-5d81bf14e972)
 - Deleted: 0

[27/Jun/2023:05:40:04] UPDATING ACCOUNTS (JobID: d9dc305e-9bf8-4c2b-9f98-7e1ddfe18012)
 - New and modified: 0

[27/Jun/2023:05:40:04] DELETING ACCOUNTS (JobID: d9dc305e-9bf8-4c2b-9f98-7e1ddfe18012)
 - Deleted: 0

[27/Jun/2023:05:40:36] UPDATING PRODUCTS (JobID: 17fe4680-553c-417f-994c-a6cbedfab4c0)
 - New and modified: 0

[27/Jun/2023:05:40:38] UPDATING PREPAGATI (JobID: 46952839-7e8b-4b8c-bca4-93d34dfdb21f)
 - New and modified: 0

[27/Jun/2023:05:40:38] DELETING PREPAGATI (JobID: 46952839-7e8b-4b8c-bca4-93d34dfdb21f)
 - Deleted: 0

[27/Jun/2023:05:50:04] UPDATING ACCOUNTS (JobID: 1a614c1e-7e99-4767-bd29-58bf2986c379)
 - New and modified: 0

[27/Jun/2023:05:50:04] DELETING ACCOUNTS (JobID: 1a614c1e-7e99-4767-bd29-58bf2986c379)
 - Deleted: 0

[27/Jun/2023:05:50:36] UPDATING PRODUCTS (JobID: b999788f-a4a4-4185-be3f-8c66d4a2e011)
 - New and modified: 0

[27/Jun/2023:05:50:37] UPDATING PREPAGATI (JobID: c1a86d96-8d28-45cb-847a-724a7b8d0a68)
 - New and modified: 0

[27/Jun/2023:05:50:37] DELETING PREPAGATI (JobID: c1a86d96-8d28-45cb-847a-724a7b8d0a68)
 - Deleted: 0

[27/Jun/2023:06:20:04] UPDATING ACCOUNTS (JobID: d154d648-cc9a-4455-a496-b703f8937537)
 - New and modified: 0

[27/Jun/2023:06:20:04] DELETING ACCOUNTS (JobID: d154d648-cc9a-4455-a496-b703f8937537)
 - Deleted: 0

[27/Jun/2023:06:20:36] UPDATING PRODUCTS (JobID: 12e2bcbd-028e-418c-bd01-fdaaf68eb72b)
 - New and modified: 0

[27/Jun/2023:06:20:38] UPDATING PREPAGATI (JobID: 05e526af-fcd0-4929-a2d8-5937911d0c8b)
 - New and modified: 0

[27/Jun/2023:06:20:38] DELETING PREPAGATI (JobID: 05e526af-fcd0-4929-a2d8-5937911d0c8b)
 - Deleted: 0

[27/Jun/2023:07:00:15] UPDATING ACCOUNTS (JobID: a5f4c8f2-936b-48f3-9253-6bc149f7c932)
 - New and modified: 0

[27/Jun/2023:07:00:15] DELETING ACCOUNTS (JobID: a5f4c8f2-936b-48f3-9253-6bc149f7c932)
 - Deleted: 0

[27/Jun/2023:07:00:50] UPDATING PRODUCTS (JobID: a786f78c-8bc4-4ec7-90dd-e31ecb231e06)
 - New and modified: 0

[27/Jun/2023:07:00:52] UPDATING PREPAGATI (JobID: e741f326-be4f-44ec-986d-f97d562418a9)
 - New and modified: 0

[27/Jun/2023:07:00:52] DELETING PREPAGATI (JobID: e741f326-be4f-44ec-986d-f97d562418a9)
 - Deleted: 0

[27/Jun/2023:07:20:04] UPDATING ACCOUNTS (JobID: 232439a6-8df7-47ff-8cdf-0afe05b08363)
 - New and modified: 0

[27/Jun/2023:07:20:04] DELETING ACCOUNTS (JobID: 232439a6-8df7-47ff-8cdf-0afe05b08363)
 - Deleted: 0

[27/Jun/2023:07:20:38] UPDATING PRODUCTS (JobID: cf3a60d5-e850-47bf-b1c4-cf7df92dbd2e)
 - New and modified: 0

[27/Jun/2023:07:20:40] UPDATING PREPAGATI (JobID: 249f713d-ab48-4c36-aa29-03b2d9b09eaa)
 - New and modified: 0

[27/Jun/2023:07:20:40] DELETING PREPAGATI (JobID: 249f713d-ab48-4c36-aa29-03b2d9b09eaa)
 - Deleted: 0

[27/Jun/2023:07:40:04] UPDATING ACCOUNTS (JobID: 2106703d-1978-4e40-9060-374b839205fc)
 - New and modified: 0

[27/Jun/2023:07:40:04] DELETING ACCOUNTS (JobID: 2106703d-1978-4e40-9060-374b839205fc)
 - Deleted: 0

[27/Jun/2023:07:40:37] UPDATING PRODUCTS (JobID: b6372b8f-ad90-496a-ac9c-458f10924ba3)
 - New and modified: 0

[27/Jun/2023:07:40:39] UPDATING PREPAGATI (JobID: 2a895976-d67c-4851-8272-06d4d8222da5)
 - New and modified: 0

[27/Jun/2023:07:40:39] DELETING PREPAGATI (JobID: 2a895976-d67c-4851-8272-06d4d8222da5)
 - Deleted: 0

[27/Jun/2023:08:00:04] UPDATING ACCOUNTS (JobID: a3075b8e-6cfd-4ec2-9116-7ccb93bbafdc)
 - New and modified: 1
   0000020

[27/Jun/2023:08:00:04] DELETING ACCOUNTS (JobID: a3075b8e-6cfd-4ec2-9116-7ccb93bbafdc)
 - Deleted: 0

[27/Jun/2023:08:00:40] UPDATING PRODUCTS (JobID: c5c6853b-6d83-4d0c-86bc-65b949bf0339)
 - New and modified: 0

[27/Jun/2023:08:00:42] UPDATING PREPAGATI (JobID: f47d5743-7911-4ad9-a619-0b3b4966acf0)
 - New and modified: 0

[27/Jun/2023:08:00:42] DELETING PREPAGATI (JobID: f47d5743-7911-4ad9-a619-0b3b4966acf0)
 - Deleted: 0

[27/Jun/2023:08:10:05] UPDATING ACCOUNTS (JobID: 673304c8-6d59-4bdf-8bd6-ad86a7fb6bd0)
 - New and modified: 0

[27/Jun/2023:08:10:05] DELETING ACCOUNTS (JobID: 673304c8-6d59-4bdf-8bd6-ad86a7fb6bd0)
 - Deleted: 0

[27/Jun/2023:08:10:40] UPDATING PRODUCTS (JobID: 6addb324-ba6b-4a11-9729-613e45660314)
 - New and modified: 0

[27/Jun/2023:08:10:42] UPDATING PREPAGATI (JobID: f2b6e342-0715-4855-9771-1eb29336aaac)
 - New and modified: 0

[27/Jun/2023:08:10:42] DELETING PREPAGATI (JobID: f2b6e342-0715-4855-9771-1eb29336aaac)
 - Deleted: 0

[27/Jun/2023:08:50:04] UPDATING ACCOUNTS (JobID: c6448300-c727-49ba-99da-7fc3d73fa48a)
 - New and modified: 0

[27/Jun/2023:08:50:04] DELETING ACCOUNTS (JobID: c6448300-c727-49ba-99da-7fc3d73fa48a)
 - Deleted: 0

[27/Jun/2023:08:50:36] UPDATING PRODUCTS (JobID: 627fda06-73bc-47c4-ad46-76d97458b25a)
 - New and modified: 0

[27/Jun/2023:08:50:38] UPDATING PREPAGATI (JobID: ed2be65c-ecdb-417c-ba9c-a92992822b0e)
 - New and modified: 0

[27/Jun/2023:08:50:38] DELETING PREPAGATI (JobID: ed2be65c-ecdb-417c-ba9c-a92992822b0e)
 - Deleted: 0

[27/Jun/2023:09:00:04] UPDATING ACCOUNTS (JobID: 777aa196-e4b0-4fca-bdea-6388d7927c44)
 - New and modified: 0

[27/Jun/2023:09:00:04] DELETING ACCOUNTS (JobID: 777aa196-e4b0-4fca-bdea-6388d7927c44)
 - Deleted: 0

[27/Jun/2023:09:00:36] UPDATING PRODUCTS (JobID: ad2eb9eb-f3bd-4d6b-bcac-862380a54786)
 - New and modified: 0

[27/Jun/2023:09:00:38] UPDATING PREPAGATI (JobID: af3c5643-a3dd-40fe-a5ad-f27f9b6f13b6)
 - New and modified: 0

[27/Jun/2023:09:00:38] DELETING PREPAGATI (JobID: af3c5643-a3dd-40fe-a5ad-f27f9b6f13b6)
 - Deleted: 0

[27/Jun/2023:09:10:04] UPDATING ACCOUNTS (JobID: aba94063-c6f3-40e6-b8b7-9e18736ff68e)
 - New and modified: 0

[27/Jun/2023:09:10:04] DELETING ACCOUNTS (JobID: aba94063-c6f3-40e6-b8b7-9e18736ff68e)
 - Deleted: 0

[27/Jun/2023:09:10:36] UPDATING PRODUCTS (JobID: 2c5ba5c6-6c94-4109-b507-b6c0136b993c)
 - New and modified: 0

[27/Jun/2023:09:10:37] UPDATING PREPAGATI (JobID: c51f2b8a-3642-4c0f-88f3-857ede09eab5)
 - New and modified: 0

[27/Jun/2023:09:10:37] DELETING PREPAGATI (JobID: c51f2b8a-3642-4c0f-88f3-857ede09eab5)
 - Deleted: 0

[27/Jun/2023:09:20:04] UPDATING ACCOUNTS (JobID: 013220e5-104e-49eb-87d2-45cddd649b90)
 - New and modified: 0

[27/Jun/2023:09:20:04] DELETING ACCOUNTS (JobID: 013220e5-104e-49eb-87d2-45cddd649b90)
 - Deleted: 0

[27/Jun/2023:09:20:36] UPDATING PRODUCTS (JobID: aca2c172-33cb-4415-af91-ec048f0d6b06)
 - New and modified: 0

[27/Jun/2023:09:20:37] UPDATING PREPAGATI (JobID: ddb82966-4f59-4d92-aeb7-b9aa6502ec11)
 - New and modified: 0

[27/Jun/2023:09:20:37] DELETING PREPAGATI (JobID: ddb82966-4f59-4d92-aeb7-b9aa6502ec11)
 - Deleted: 0

[27/Jun/2023:09:30:04] UPDATING ACCOUNTS (JobID: 34f89a3a-6c77-4016-bc7b-b91896be2cef)
 - New and modified: 0

[27/Jun/2023:09:30:04] DELETING ACCOUNTS (JobID: 34f89a3a-6c77-4016-bc7b-b91896be2cef)
 - Deleted: 0

[27/Jun/2023:09:30:36] UPDATING PRODUCTS (JobID: 6ffb7437-9982-4f05-95ba-9bfb0e28efd9)
 - New and modified: 0

[27/Jun/2023:09:30:38] UPDATING PREPAGATI (JobID: 8148d39a-9c49-4864-a399-7d11c99798d6)
 - New and modified: 0

[27/Jun/2023:09:30:38] DELETING PREPAGATI (JobID: 8148d39a-9c49-4864-a399-7d11c99798d6)
 - Deleted: 0

[27/Jun/2023:09:40:04] UPDATING ACCOUNTS (JobID: 0db48f61-ef81-41b7-9664-4befedc4ef1b)
 - New and modified: 0

[27/Jun/2023:09:40:04] DELETING ACCOUNTS (JobID: 0db48f61-ef81-41b7-9664-4befedc4ef1b)
 - Deleted: 0

[27/Jun/2023:09:40:34] UPDATING PRODUCTS (JobID: 3684fb89-1a9a-4f99-8434-3616875a9684)
 - New and modified: 0

[27/Jun/2023:09:40:36] UPDATING PREPAGATI (JobID: 4ad11372-eacb-4f7b-9f78-11083373fe03)
 - New and modified: 0

[27/Jun/2023:09:40:36] DELETING PREPAGATI (JobID: 4ad11372-eacb-4f7b-9f78-11083373fe03)
 - Deleted: 0

[27/Jun/2023:10:00:04] UPDATING ACCOUNTS (JobID: cfc13421-d42a-4698-b13b-fe82cb679cfb)
 - New and modified: 0

[27/Jun/2023:10:00:04] DELETING ACCOUNTS (JobID: cfc13421-d42a-4698-b13b-fe82cb679cfb)
 - Deleted: 0

[27/Jun/2023:10:00:35] UPDATING PRODUCTS (JobID: 843b60a5-147c-46cb-97e4-3c69267c0051)
 - New and modified: 0

[27/Jun/2023:10:00:37] UPDATING PREPAGATI (JobID: e3f1d3d8-086f-458d-8146-1103d5943075)
 - New and modified: 0

[27/Jun/2023:10:00:37] DELETING PREPAGATI (JobID: e3f1d3d8-086f-458d-8146-1103d5943075)
 - Deleted: 0

[27/Jun/2023:10:10:05] UPDATING ACCOUNTS (JobID: 56fa68e7-74f0-43ee-bbc7-0e315207883e)
 - New and modified: 0

[27/Jun/2023:10:10:05] DELETING ACCOUNTS (JobID: 56fa68e7-74f0-43ee-bbc7-0e315207883e)
 - Deleted: 0

[27/Jun/2023:10:10:37] UPDATING PRODUCTS (JobID: 93e78e82-a993-403d-84c9-5e4b0927a2dc)
 - New and modified: 0

[27/Jun/2023:10:10:38] UPDATING PREPAGATI (JobID: 14c3c864-a16a-4fe4-a76c-a9082565253c)
 - New and modified: 0

[27/Jun/2023:10:10:38] DELETING PREPAGATI (JobID: 14c3c864-a16a-4fe4-a76c-a9082565253c)
 - Deleted: 0

[27/Jun/2023:10:20:04] UPDATING ACCOUNTS (JobID: 7959ac1f-8989-4395-96b5-e79850985cb4)
 - New and modified: 0

[27/Jun/2023:10:20:04] DELETING ACCOUNTS (JobID: 7959ac1f-8989-4395-96b5-e79850985cb4)
 - Deleted: 0

[27/Jun/2023:10:20:35] UPDATING PRODUCTS (JobID: df1b45b5-f032-4fad-ba1e-98b3ab8e076d)
 - New and modified: 0

[27/Jun/2023:10:20:36] UPDATING PREPAGATI (JobID: 7ef86d43-506e-4500-a679-ed2e7a010d5c)
 - New and modified: 0

[27/Jun/2023:10:20:36] DELETING PREPAGATI (JobID: 7ef86d43-506e-4500-a679-ed2e7a010d5c)
 - Deleted: 0

[27/Jun/2023:11:30:04] UPDATING ACCOUNTS (JobID: 081e28e6-d35a-4f2c-8af3-2a802e4d9ce3)
 - New and modified: 0

[27/Jun/2023:11:30:04] DELETING ACCOUNTS (JobID: 081e28e6-d35a-4f2c-8af3-2a802e4d9ce3)
 - Deleted: 0

[27/Jun/2023:11:30:36] UPDATING PRODUCTS (JobID: 4367b583-51d3-486e-8975-8f95ee08ee6d)
 - New and modified: 0

[27/Jun/2023:11:30:38] UPDATING PREPAGATI (JobID: 61fa2234-fde9-413d-b30a-28921fff0d65)
 - New and modified: 0

[27/Jun/2023:11:30:38] DELETING PREPAGATI (JobID: 61fa2234-fde9-413d-b30a-28921fff0d65)
 - Deleted: 0

[27/Jun/2023:11:40:04] UPDATING ACCOUNTS (JobID: 5c68a349-9d49-4ffe-baea-9397a2063fdb)
 - New and modified: 0

[27/Jun/2023:11:40:04] DELETING ACCOUNTS (JobID: 5c68a349-9d49-4ffe-baea-9397a2063fdb)
 - Deleted: 0

[27/Jun/2023:11:40:39] UPDATING PRODUCTS (JobID: 826fbe8a-8919-4d63-9faf-aef4c9369f78)
 - New and modified: 0

[27/Jun/2023:11:40:41] UPDATING PREPAGATI (JobID: 1e7972ce-cf10-4529-8f6e-ca06edb4b24f)
 - New and modified: 0

[27/Jun/2023:11:40:41] DELETING PREPAGATI (JobID: 1e7972ce-cf10-4529-8f6e-ca06edb4b24f)
 - Deleted: 0

[27/Jun/2023:13:20:04] UPDATING ACCOUNTS (JobID: a1255cb4-e692-4027-9fbb-d9207c32dbee)
 - New and modified: 0

[27/Jun/2023:13:20:04] DELETING ACCOUNTS (JobID: a1255cb4-e692-4027-9fbb-d9207c32dbee)
 - Deleted: 0

[27/Jun/2023:13:20:36] UPDATING PRODUCTS (JobID: 1fa1d2a0-dc9e-406b-8dec-5e65e8501423)
 - New and modified: 0

[27/Jun/2023:13:20:38] UPDATING PREPAGATI (JobID: c07f27e8-1e11-48a1-943f-5a320e3cc22e)
 - New and modified: 0

[27/Jun/2023:13:20:38] DELETING PREPAGATI (JobID: c07f27e8-1e11-48a1-943f-5a320e3cc22e)
 - Deleted: 0

[27/Jun/2023:13:50:04] UPDATING ACCOUNTS (JobID: 87a05539-a3f6-4fb0-9787-d2b18ff3f67d)
 - New and modified: 0

[27/Jun/2023:13:50:04] DELETING ACCOUNTS (JobID: 87a05539-a3f6-4fb0-9787-d2b18ff3f67d)
 - Deleted: 0

[27/Jun/2023:13:50:37] UPDATING PRODUCTS (JobID: 93fb197c-9378-427c-8d95-c19d2e7b362e)
 - New and modified: 0

[27/Jun/2023:13:50:38] UPDATING PREPAGATI (JobID: 5f327b43-7dd9-4e62-9091-76036ef6b9d7)
 - New and modified: 0

[27/Jun/2023:13:50:38] DELETING PREPAGATI (JobID: 5f327b43-7dd9-4e62-9091-76036ef6b9d7)
 - Deleted: 0

[27/Jun/2023:15:00:04] UPDATING ACCOUNTS (JobID: aeb46a21-f014-4a09-bb00-1789e47b3eea)
 - New and modified: 0

[27/Jun/2023:15:00:04] DELETING ACCOUNTS (JobID: aeb46a21-f014-4a09-bb00-1789e47b3eea)
 - Deleted: 0

[27/Jun/2023:15:00:36] UPDATING PRODUCTS (JobID: 8ca35e42-e32e-472d-a0ce-e603712eaa90)
 - New and modified: 0

[27/Jun/2023:15:00:38] UPDATING PREPAGATI (JobID: 7ab38045-4736-4049-b3ae-7f9a59942817)
 - New and modified: 0

[27/Jun/2023:15:00:38] DELETING PREPAGATI (JobID: 7ab38045-4736-4049-b3ae-7f9a59942817)
 - Deleted: 0

[27/Jun/2023:15:10:04] UPDATING ACCOUNTS (JobID: 94e86ff6-ed31-4e7e-960e-b3c969207232)
 - New and modified: 0

[27/Jun/2023:15:10:04] DELETING ACCOUNTS (JobID: 94e86ff6-ed31-4e7e-960e-b3c969207232)
 - Deleted: 0

[27/Jun/2023:15:10:38] UPDATING PRODUCTS (JobID: c2216185-2afe-4258-98fd-e9c3b078d7fe)
 - New and modified: 0

[27/Jun/2023:15:10:40] UPDATING PREPAGATI (JobID: 05f840b0-3d1d-4e08-b966-6798cf4d5977)
 - New and modified: 0

[27/Jun/2023:15:10:40] DELETING PREPAGATI (JobID: 05f840b0-3d1d-4e08-b966-6798cf4d5977)
 - Deleted: 0

[27/Jun/2023:15:40:04] UPDATING ACCOUNTS (JobID: 6c98e939-6a1b-447d-9181-48bfd3c5a73a)
 - New and modified: 0

[27/Jun/2023:15:40:04] DELETING ACCOUNTS (JobID: 6c98e939-6a1b-447d-9181-48bfd3c5a73a)
 - Deleted: 0

[27/Jun/2023:15:40:34] UPDATING PRODUCTS (JobID: cc3ce310-115b-4864-a448-09e4be8c54c6)
 - New and modified: 0

[27/Jun/2023:15:40:36] UPDATING PREPAGATI (JobID: 0e64d04f-dbbc-4a7c-a4f4-ae080cb6fa79)
 - New and modified: 0

[27/Jun/2023:15:40:36] DELETING PREPAGATI (JobID: 0e64d04f-dbbc-4a7c-a4f4-ae080cb6fa79)
 - Deleted: 0

[27/Jun/2023:15:50:04] UPDATING ACCOUNTS (JobID: d79dd3df-af86-47b2-bf53-0ded9136ec8c)
 - New and modified: 0

[27/Jun/2023:15:50:04] DELETING ACCOUNTS (JobID: d79dd3df-af86-47b2-bf53-0ded9136ec8c)
 - Deleted: 0

[27/Jun/2023:15:50:33] UPDATING PRODUCTS (JobID: ff967b12-12a5-4ad9-bfbc-3a151fc80736)
 - New and modified: 0

[27/Jun/2023:15:50:35] UPDATING PREPAGATI (JobID: 0c0643f1-2fad-4c5f-ad8d-9df3cd82568f)
 - New and modified: 0

[27/Jun/2023:15:50:35] DELETING PREPAGATI (JobID: 0c0643f1-2fad-4c5f-ad8d-9df3cd82568f)
 - Deleted: 0

[27/Jun/2023:16:20:04] UPDATING ACCOUNTS (JobID: 6ea1dbf2-71d0-48aa-8a7c-5f51649bd243)
 - New and modified: 0

[27/Jun/2023:16:20:04] DELETING ACCOUNTS (JobID: 6ea1dbf2-71d0-48aa-8a7c-5f51649bd243)
 - Deleted: 0

[27/Jun/2023:16:20:35] UPDATING PRODUCTS (JobID: 13fd9518-c0a9-4cb8-a1fc-af14e165bc00)
 - New and modified: 0

[27/Jun/2023:16:20:37] UPDATING PREPAGATI (JobID: 9ebc6139-854c-4213-8b01-223bad741288)
 - New and modified: 0

[27/Jun/2023:16:20:37] DELETING PREPAGATI (JobID: 9ebc6139-854c-4213-8b01-223bad741288)
 - Deleted: 0

[27/Jun/2023:17:00:04] UPDATING ACCOUNTS (JobID: 738135c7-3f11-455d-a95d-63f8c38b0001)
 - New and modified: 0

[27/Jun/2023:17:00:04] DELETING ACCOUNTS (JobID: 738135c7-3f11-455d-a95d-63f8c38b0001)
 - Deleted: 0

[27/Jun/2023:17:00:36] UPDATING PRODUCTS (JobID: c56b7307-4a9d-474a-b8fd-3b474ab4a99f)
 - New and modified: 0

[27/Jun/2023:17:00:38] UPDATING PREPAGATI (JobID: 9a74ee74-1912-419b-9edf-71211918f419)
 - New and modified: 0

[27/Jun/2023:17:00:38] DELETING PREPAGATI (JobID: 9a74ee74-1912-419b-9edf-71211918f419)
 - Deleted: 0

[27/Jun/2023:17:10:04] UPDATING ACCOUNTS (JobID: 011c024d-cb4d-46c6-95b3-c6e26d67e5d4)
 - New and modified: 0

[27/Jun/2023:17:10:04] DELETING ACCOUNTS (JobID: 011c024d-cb4d-46c6-95b3-c6e26d67e5d4)
 - Deleted: 0

[27/Jun/2023:17:10:35] UPDATING PRODUCTS (JobID: 89564123-8dc3-462f-ade7-0d23283ec7b2)
 - New and modified: 0

[27/Jun/2023:17:10:37] UPDATING PREPAGATI (JobID: e8c76072-a30c-42cc-8435-d7d87634d47d)
 - New and modified: 0

[27/Jun/2023:17:10:37] DELETING PREPAGATI (JobID: e8c76072-a30c-42cc-8435-d7d87634d47d)
 - Deleted: 0

[27/Jun/2023:17:50:04] UPDATING ACCOUNTS (JobID: 1fa9d320-51c7-4111-a4f3-b823df2615d7)
 - New and modified: 0

[27/Jun/2023:17:50:04] DELETING ACCOUNTS (JobID: 1fa9d320-51c7-4111-a4f3-b823df2615d7)
 - Deleted: 0

[27/Jun/2023:17:50:35] UPDATING PRODUCTS (JobID: d818e729-9225-43e7-8cbf-49cf96d452a8)
 - New and modified: 0

[27/Jun/2023:17:50:37] UPDATING PREPAGATI (JobID: 97fff0f9-19a6-42ca-974a-1f2360d7fd63)
 - New and modified: 0

[27/Jun/2023:17:50:37] DELETING PREPAGATI (JobID: 97fff0f9-19a6-42ca-974a-1f2360d7fd63)
 - Deleted: 0

[27/Jun/2023:18:10:04] UPDATING ACCOUNTS (JobID: 53774e02-8ae5-4760-af7c-1d1e0beb0868)
 - New and modified: 0

[27/Jun/2023:18:10:04] DELETING ACCOUNTS (JobID: 53774e02-8ae5-4760-af7c-1d1e0beb0868)
 - Deleted: 0

[27/Jun/2023:18:10:35] UPDATING PRODUCTS (JobID: 60c87489-4eb0-4893-93c8-e008cf6e3a2b)
 - New and modified: 0

[27/Jun/2023:18:10:37] UPDATING PREPAGATI (JobID: edefb376-16a6-42be-aa7d-3afd969eb91b)
 - New and modified: 0

[27/Jun/2023:18:10:37] DELETING PREPAGATI (JobID: edefb376-16a6-42be-aa7d-3afd969eb91b)
 - Deleted: 0

[27/Jun/2023:18:20:04] UPDATING ACCOUNTS (JobID: 8ae6a3a6-dfce-4355-b2f8-62276f9dee9d)
 - New and modified: 0

[27/Jun/2023:18:20:04] DELETING ACCOUNTS (JobID: 8ae6a3a6-dfce-4355-b2f8-62276f9dee9d)
 - Deleted: 0

[27/Jun/2023:18:20:38] UPDATING PRODUCTS (JobID: 2ff60ade-7f43-485f-8ee6-323763b4ffad)
 - New and modified: 0

[27/Jun/2023:18:20:40] UPDATING PREPAGATI (JobID: 96cf40ca-a16a-4205-9221-c8bf0350e02b)
 - New and modified: 0

[27/Jun/2023:18:20:40] DELETING PREPAGATI (JobID: 96cf40ca-a16a-4205-9221-c8bf0350e02b)
 - Deleted: 0

[27/Jun/2023:18:50:04] UPDATING ACCOUNTS (JobID: 6091d831-e54b-42c0-850d-dadfca265e44)
 - New and modified: 0

[27/Jun/2023:18:50:04] DELETING ACCOUNTS (JobID: 6091d831-e54b-42c0-850d-dadfca265e44)
 - Deleted: 0

[27/Jun/2023:18:50:37] UPDATING PRODUCTS (JobID: b34708fe-dccf-4a19-b815-6e8ed70b03d9)
 - New and modified: 0

[27/Jun/2023:18:50:39] UPDATING PREPAGATI (JobID: 76eb2106-d0bd-4d2e-97bc-43aad59e4919)
 - New and modified: 0

[27/Jun/2023:18:50:39] DELETING PREPAGATI (JobID: 76eb2106-d0bd-4d2e-97bc-43aad59e4919)
 - Deleted: 0

[27/Jun/2023:19:00:16] UPDATING ACCOUNTS (JobID: 115cd100-74de-4220-88b1-5e7ea200aa7b)
 - New and modified: 0

[27/Jun/2023:19:00:16] DELETING ACCOUNTS (JobID: 115cd100-74de-4220-88b1-5e7ea200aa7b)
 - Deleted: 0

[27/Jun/2023:19:00:47] UPDATING PRODUCTS (JobID: 097fabf1-dabc-442a-bbab-69a44fb7fd58)
 - New and modified: 0

[27/Jun/2023:19:00:49] UPDATING PREPAGATI (JobID: ee0933b9-37d9-4c7b-be62-cde3ea05d163)
 - New and modified: 0

[27/Jun/2023:19:00:49] DELETING PREPAGATI (JobID: ee0933b9-37d9-4c7b-be62-cde3ea05d163)
 - Deleted: 0

[27/Jun/2023:19:30:04] UPDATING ACCOUNTS (JobID: 80a12571-3f0f-4da9-9662-45461c3c741a)
 - New and modified: 0

[27/Jun/2023:19:30:04] DELETING ACCOUNTS (JobID: 80a12571-3f0f-4da9-9662-45461c3c741a)
 - Deleted: 0

[27/Jun/2023:19:30:38] UPDATING PRODUCTS (JobID: ee8e8fbf-4f57-416f-83c2-4833f4cfd9f7)
 - New and modified: 0

[27/Jun/2023:19:30:40] UPDATING PREPAGATI (JobID: 9b84cc8e-b2fb-4433-be4e-b2ca6e1cf29e)
 - New and modified: 0

[27/Jun/2023:19:30:40] DELETING PREPAGATI (JobID: 9b84cc8e-b2fb-4433-be4e-b2ca6e1cf29e)
 - Deleted: 0

[27/Jun/2023:20:40:04] UPDATING ACCOUNTS (JobID: 59c5dfff-5b0b-4b21-a8c2-f3a7cc04fd6a)
 - New and modified: 0

[27/Jun/2023:20:40:04] DELETING ACCOUNTS (JobID: 59c5dfff-5b0b-4b21-a8c2-f3a7cc04fd6a)
 - Deleted: 0

[27/Jun/2023:20:40:38] UPDATING PRODUCTS (JobID: 04bdd4ef-4a68-4c29-8944-52b99c9677a6)
 - New and modified: 0

[27/Jun/2023:20:40:39] UPDATING PREPAGATI (JobID: db2cef8b-025d-4c56-9700-dfdc72911706)
 - New and modified: 0

[27/Jun/2023:20:40:39] DELETING PREPAGATI (JobID: db2cef8b-025d-4c56-9700-dfdc72911706)
 - Deleted: 0

[27/Jun/2023:21:00:04] UPDATING ACCOUNTS (JobID: 9358a1ef-dafb-496f-8bf1-581f989724ff)
 - New and modified: 0

[27/Jun/2023:21:00:04] DELETING ACCOUNTS (JobID: 9358a1ef-dafb-496f-8bf1-581f989724ff)
 - Deleted: 0

[27/Jun/2023:21:00:37] UPDATING PRODUCTS (JobID: 6f6347e4-760e-46e8-9800-b3bb8ad48fa5)
 - New and modified: 0

[27/Jun/2023:21:00:39] UPDATING PREPAGATI (JobID: d303416f-d4a7-44e8-ad12-9e566d8e6163)
 - New and modified: 0

[27/Jun/2023:21:00:39] DELETING PREPAGATI (JobID: d303416f-d4a7-44e8-ad12-9e566d8e6163)
 - Deleted: 0

[27/Jun/2023:21:40:04] UPDATING ACCOUNTS (JobID: e5b79476-cfab-4b44-9b09-1124b3226725)
 - New and modified: 0

[27/Jun/2023:21:40:04] DELETING ACCOUNTS (JobID: e5b79476-cfab-4b44-9b09-1124b3226725)
 - Deleted: 0

[27/Jun/2023:21:40:37] UPDATING PRODUCTS (JobID: 31ddec24-2bf7-4752-80d9-8275f9bee3ba)
 - New and modified: 0

[27/Jun/2023:21:40:39] UPDATING PREPAGATI (JobID: 7df0f7d0-0dbe-40cf-965f-752189cdd73e)
 - New and modified: 0

[27/Jun/2023:21:40:39] DELETING PREPAGATI (JobID: 7df0f7d0-0dbe-40cf-965f-752189cdd73e)
 - Deleted: 0

[27/Jun/2023:21:50:05] UPDATING ACCOUNTS (JobID: 0ad3f596-15c0-4af4-8fc0-cbdd30ec24af)
 - New and modified: 0

[27/Jun/2023:21:50:05] DELETING ACCOUNTS (JobID: 0ad3f596-15c0-4af4-8fc0-cbdd30ec24af)
 - Deleted: 0

[27/Jun/2023:21:50:39] UPDATING PRODUCTS (JobID: 033f7bf6-e4ba-4fee-bc6f-76420366084f)
 - New and modified: 0

[27/Jun/2023:21:50:40] UPDATING PREPAGATI (JobID: 18fb54a2-571d-46ff-acd5-f679f8aab87d)
 - New and modified: 0

[27/Jun/2023:21:50:40] DELETING PREPAGATI (JobID: 18fb54a2-571d-46ff-acd5-f679f8aab87d)
 - Deleted: 0

[27/Jun/2023:22:00:05] UPDATING ACCOUNTS (JobID: 9e9e3cbb-cc8c-4c90-a388-62b08e961b47)
 - New and modified: 0

[27/Jun/2023:22:00:05] DELETING ACCOUNTS (JobID: 9e9e3cbb-cc8c-4c90-a388-62b08e961b47)
 - Deleted: 0

[27/Jun/2023:22:00:36] UPDATING PRODUCTS (JobID: 51a39286-4dc9-4cae-80d0-94aa4a262f1c)
 - New and modified: 0

[27/Jun/2023:22:00:38] UPDATING PREPAGATI (JobID: f865381c-862b-4c29-bd51-897b15dee53a)
 - New and modified: 0

[27/Jun/2023:22:00:38] DELETING PREPAGATI (JobID: f865381c-862b-4c29-bd51-897b15dee53a)
 - Deleted: 0

[27/Jun/2023:22:10:05] UPDATING ACCOUNTS (JobID: 30fc5a03-ae20-4213-a7e4-156933c6c1ec)
 - New and modified: 0

[27/Jun/2023:22:10:05] DELETING ACCOUNTS (JobID: 30fc5a03-ae20-4213-a7e4-156933c6c1ec)
 - Deleted: 0

[27/Jun/2023:22:10:37] UPDATING PRODUCTS (JobID: 80ee06bd-5b30-4756-872d-775cfc94a4c7)
 - New and modified: 0

[27/Jun/2023:22:10:39] UPDATING PREPAGATI (JobID: a7aa68f8-8f38-4b73-9ecb-0d86ea20449d)
 - New and modified: 0

[27/Jun/2023:22:10:39] DELETING PREPAGATI (JobID: a7aa68f8-8f38-4b73-9ecb-0d86ea20449d)
 - Deleted: 0

[27/Jun/2023:22:30:04] UPDATING ACCOUNTS (JobID: 457eb705-aa7e-4bdf-84b8-ebfd45b0e103)
 - New and modified: 0

[27/Jun/2023:22:30:04] DELETING ACCOUNTS (JobID: 457eb705-aa7e-4bdf-84b8-ebfd45b0e103)
 - Deleted: 0

[27/Jun/2023:22:30:35] UPDATING PRODUCTS (JobID: defbba2f-81d0-4146-824b-981759fad6a3)
 - New and modified: 0

[27/Jun/2023:22:30:37] UPDATING PREPAGATI (JobID: de242b39-a5e7-4849-94fc-5efe483054ba)
 - New and modified: 0

[27/Jun/2023:22:30:37] DELETING PREPAGATI (JobID: de242b39-a5e7-4849-94fc-5efe483054ba)
 - Deleted: 0

[27/Jun/2023:22:40:05] UPDATING ACCOUNTS (JobID: 7651487a-285e-412f-be93-1d9c0f09b17b)
 - New and modified: 0

[27/Jun/2023:22:40:05] DELETING ACCOUNTS (JobID: 7651487a-285e-412f-be93-1d9c0f09b17b)
 - Deleted: 0

[27/Jun/2023:22:40:37] UPDATING PRODUCTS (JobID: b585e3fa-1151-430c-9657-df62547987a5)
 - New and modified: 0

[27/Jun/2023:22:40:39] UPDATING PREPAGATI (JobID: 66d80ccc-b6ca-4f6a-ad4c-7af977a3ce47)
 - New and modified: 0

[27/Jun/2023:22:40:39] DELETING PREPAGATI (JobID: 66d80ccc-b6ca-4f6a-ad4c-7af977a3ce47)
 - Deleted: 0

[27/Jun/2023:22:50:04] UPDATING ACCOUNTS (JobID: 75c42727-ce43-43f4-baa6-a9af56c2873b)
 - New and modified: 0

[27/Jun/2023:22:50:04] DELETING ACCOUNTS (JobID: 75c42727-ce43-43f4-baa6-a9af56c2873b)
 - Deleted: 0

[27/Jun/2023:22:50:36] UPDATING PRODUCTS (JobID: 49d638d4-3b83-49b2-9fe9-6f727d24c1a3)
 - New and modified: 0

[27/Jun/2023:22:50:38] UPDATING PREPAGATI (JobID: c4191c54-8bb3-403f-8fef-d10da1aa85ea)
 - New and modified: 0

[27/Jun/2023:22:50:38] DELETING PREPAGATI (JobID: c4191c54-8bb3-403f-8fef-d10da1aa85ea)
 - Deleted: 0

[27/Jun/2023:23:00:05] UPDATING ACCOUNTS (JobID: 68583800-2bed-457d-a007-9038b237095e)
 - New and modified: 0

[27/Jun/2023:23:00:05] DELETING ACCOUNTS (JobID: 68583800-2bed-457d-a007-9038b237095e)
 - Deleted: 0

[27/Jun/2023:23:00:36] UPDATING PRODUCTS (JobID: 0784d509-7d4f-4a3a-8ad9-6f92a471fe9a)
 - New and modified: 0

[27/Jun/2023:23:00:38] UPDATING PREPAGATI (JobID: 0c126a35-b1e5-4cca-866f-14daa0adb971)
 - New and modified: 0

[27/Jun/2023:23:00:38] DELETING PREPAGATI (JobID: 0c126a35-b1e5-4cca-866f-14daa0adb971)
 - Deleted: 0

[27/Jun/2023:23:20:05] UPDATING ACCOUNTS (JobID: 3577be90-a2e6-4256-b262-638919f43837)
 - New and modified: 0

[27/Jun/2023:23:20:05] DELETING ACCOUNTS (JobID: 3577be90-a2e6-4256-b262-638919f43837)
 - Deleted: 0

[27/Jun/2023:23:20:37] UPDATING PRODUCTS (JobID: c1844b53-425a-48c2-a873-6eea6f69ce58)
 - New and modified: 0

[27/Jun/2023:23:20:39] UPDATING PREPAGATI (JobID: 47a36487-0083-4bb9-b7c3-34842d123a7e)
 - New and modified: 0

[27/Jun/2023:23:20:39] DELETING PREPAGATI (JobID: 47a36487-0083-4bb9-b7c3-34842d123a7e)
 - Deleted: 0

[27/Jun/2023:23:30:04] UPDATING ACCOUNTS (JobID: f6d4c541-6212-4717-8ff0-0eb2ab063209)
 - New and modified: 0

[27/Jun/2023:23:30:05] DELETING ACCOUNTS (JobID: f6d4c541-6212-4717-8ff0-0eb2ab063209)
 - Deleted: 0

[27/Jun/2023:23:30:38] UPDATING PRODUCTS (JobID: 092b3d7e-e2a9-4351-881e-76f8237cddd1)
 - New and modified: 0

[27/Jun/2023:23:30:40] UPDATING PREPAGATI (JobID: 15b52b8a-ae20-4e1a-bbc7-e9cf20662ff1)
 - New and modified: 0

[27/Jun/2023:23:30:40] DELETING PREPAGATI (JobID: 15b52b8a-ae20-4e1a-bbc7-e9cf20662ff1)
 - Deleted: 0

[27/Jun/2023:23:40:05] UPDATING ACCOUNTS (JobID: 5abfe42b-90e3-42ec-8d13-269cdeb63815)
 - New and modified: 0

[27/Jun/2023:23:40:05] DELETING ACCOUNTS (JobID: 5abfe42b-90e3-42ec-8d13-269cdeb63815)
 - Deleted: 0

[27/Jun/2023:23:40:37] UPDATING PRODUCTS (JobID: ed85567e-e034-4f7f-8506-ec4fdd5c2f47)
 - New and modified: 0

[27/Jun/2023:23:40:39] UPDATING PREPAGATI (JobID: a94b0283-3a31-4d79-8ffb-07585a40b6cf)
 - New and modified: 0

[27/Jun/2023:23:40:39] DELETING PREPAGATI (JobID: a94b0283-3a31-4d79-8ffb-07585a40b6cf)
 - Deleted: 0

[27/Jun/2023:23:50:04] UPDATING ACCOUNTS (JobID: cf9678c0-51aa-4c67-bca1-fb22d08b6f3e)
 - New and modified: 0

[27/Jun/2023:23:50:04] DELETING ACCOUNTS (JobID: cf9678c0-51aa-4c67-bca1-fb22d08b6f3e)
 - Deleted: 0

[27/Jun/2023:23:50:37] UPDATING PRODUCTS (JobID: 79b23d46-3e0a-45b1-96ba-333e94ed48b5)
 - New and modified: 0

[27/Jun/2023:23:50:39] UPDATING PREPAGATI (JobID: ff8781a8-3687-41e7-bfc1-7685e7ccfe2d)
 - New and modified: 0

[27/Jun/2023:23:50:39] DELETING PREPAGATI (JobID: ff8781a8-3687-41e7-bfc1-7685e7ccfe2d)
 - Deleted: 0

