[26/Aug/2023:00:30:09] UPDATING ACCOUNTS (JobID: b089f685-78d1-4b25-bbd9-2b036833c822)
 - New and modified: 0

[26/Aug/2023:00:30:09] DELETING ACCOUNTS (JobID: b089f685-78d1-4b25-bbd9-2b036833c822)
 - Deleted: 0

[26/Aug/2023:00:30:41] UPDATING PRODUCTS (JobID: 1fcf10b1-eb81-4690-a864-ab58b949c305)
 - New and modified: 0

[26/Aug/2023:00:30:43] UPDATING PREPAGATI (JobID: de76952c-0e98-4852-89bd-4be324804a25)
 - New and modified: 0

[26/Aug/2023:00:30:43] DELETING PREPAGATI (JobID: de76952c-0e98-4852-89bd-4be324804a25)
 - Deleted: 0

[26/Aug/2023:01:30:09] UPDATING ACCOUNTS (JobID: c7035350-7937-4f7f-9063-25e416288a9c)
 - New and modified: 0

[26/Aug/2023:01:30:09] DELETING ACCOUNTS (JobID: c7035350-7937-4f7f-9063-25e416288a9c)
 - Deleted: 0

[26/Aug/2023:01:30:35] UPDATING PRODUCTS (JobID: 9a221272-ba69-4c33-b9d6-cb80b4291c60)
 - New and modified: 0

[26/Aug/2023:01:30:38] UPDATING PREPAGATI (JobID: 27b47d5e-254b-4b01-8d58-a1e14da036ef)
 - New and modified: 0

[26/Aug/2023:01:30:38] DELETING PREPAGATI (JobID: 27b47d5e-254b-4b01-8d58-a1e14da036ef)
 - Deleted: 0

[26/Aug/2023:02:00:04] UPDATING ACCOUNTS (JobID: 901756a0-4aa7-4304-87d2-21f135ef1978)
 - New and modified: 0

[26/Aug/2023:02:00:04] DELETING ACCOUNTS (JobID: 901756a0-4aa7-4304-87d2-21f135ef1978)
 - Deleted: 0

[26/Aug/2023:02:00:34] UPDATING PRODUCTS (JobID: 8136f918-cac0-4e49-966d-7bb334023f25)
 - New and modified: 0

[26/Aug/2023:02:00:36] UPDATING PREPAGATI (JobID: 23cc8fae-d294-481f-ad06-2c355f1f67c8)
 - New and modified: 0

[26/Aug/2023:02:00:36] DELETING PREPAGATI (JobID: 23cc8fae-d294-481f-ad06-2c355f1f67c8)
 - Deleted: 0

[26/Aug/2023:06:00:07] UPDATING ACCOUNTS (JobID: 31a365ce-b580-4a41-ab9a-b6f7d919ad2b)
 - New and modified: 0

[26/Aug/2023:06:00:07] DELETING ACCOUNTS (JobID: 31a365ce-b580-4a41-ab9a-b6f7d919ad2b)
 - Deleted: 0

[26/Aug/2023:06:00:39] UPDATING PRODUCTS (JobID: d7c53eb4-7ce6-4f98-b0e3-57d7ec40dd06)
 - New and modified: 0

[26/Aug/2023:06:00:42] UPDATING PREPAGATI (JobID: 824652e1-c26f-4807-a6aa-0c07ce81e377)
 - New and modified: 0

[26/Aug/2023:06:00:42] DELETING PREPAGATI (JobID: 824652e1-c26f-4807-a6aa-0c07ce81e377)
 - Deleted: 0

[26/Aug/2023:06:30:08] UPDATING ACCOUNTS (JobID: e73eaa66-34b4-4add-a471-6a9230b18b2f)
 - New and modified: 0

[26/Aug/2023:06:30:08] DELETING ACCOUNTS (JobID: e73eaa66-34b4-4add-a471-6a9230b18b2f)
 - Deleted: 0

[26/Aug/2023:06:30:39] UPDATING PRODUCTS (JobID: e5ce4168-d39b-4959-9a1b-170c994cbfb4)
 - New and modified: 0

[26/Aug/2023:06:30:42] UPDATING PREPAGATI (JobID: 5cb85f63-7068-45e9-a369-bcd9696560b5)
 - New and modified: 0

[26/Aug/2023:06:30:42] DELETING PREPAGATI (JobID: 5cb85f63-7068-45e9-a369-bcd9696560b5)
 - Deleted: 0

[26/Aug/2023:07:00:08] UPDATING ACCOUNTS (JobID: 8a061dab-e8f1-490c-aec4-509ba537234c)
 - New and modified: 0

[26/Aug/2023:07:00:08] DELETING ACCOUNTS (JobID: 8a061dab-e8f1-490c-aec4-509ba537234c)
 - Deleted: 0

[26/Aug/2023:07:00:40] UPDATING PRODUCTS (JobID: dee394ea-d900-4eca-a6c0-c6874db574da)
 - New and modified: 0

[26/Aug/2023:07:00:42] UPDATING PREPAGATI (JobID: 1e903e09-64ec-4d8d-8528-a678f0e1c84d)
 - New and modified: 0

[26/Aug/2023:07:00:42] DELETING PREPAGATI (JobID: 1e903e09-64ec-4d8d-8528-a678f0e1c84d)
 - Deleted: 0

[26/Aug/2023:09:00:09] UPDATING ACCOUNTS (JobID: e3e1c38f-3365-4f5b-be02-b4a9770ee718)
 - New and modified: 0

[26/Aug/2023:09:00:09] DELETING ACCOUNTS (JobID: e3e1c38f-3365-4f5b-be02-b4a9770ee718)
 - Deleted: 0

[26/Aug/2023:09:00:41] UPDATING PRODUCTS (JobID: db213803-76d3-4be8-9ae6-5d7ba692abdf)
 - New and modified: 0

[26/Aug/2023:09:00:44] UPDATING PREPAGATI (JobID: 3fa35e73-ddf9-4c9e-ac43-4d148f8a39cc)
 - New and modified: 0

[26/Aug/2023:09:00:44] DELETING PREPAGATI (JobID: 3fa35e73-ddf9-4c9e-ac43-4d148f8a39cc)
 - Deleted: 0

[26/Aug/2023:11:30:04] UPDATING ACCOUNTS (JobID: d6cc4d57-5a50-4f01-864f-ec7ac33ff575)
 - New and modified: 0

[26/Aug/2023:11:30:04] DELETING ACCOUNTS (JobID: d6cc4d57-5a50-4f01-864f-ec7ac33ff575)
 - Deleted: 0

[26/Aug/2023:11:30:34] UPDATING PRODUCTS (JobID: ad33ab2d-abb3-4ee7-a935-03b5d42bc7b0)
 - New and modified: 0

[26/Aug/2023:11:30:37] UPDATING PREPAGATI (JobID: 9e73621a-5ab3-4a84-9aa2-3960628f3153)
 - New and modified: 0

[26/Aug/2023:11:30:37] DELETING PREPAGATI (JobID: 9e73621a-5ab3-4a84-9aa2-3960628f3153)
 - Deleted: 0

[26/Aug/2023:12:00:09] UPDATING ACCOUNTS (JobID: 3d5fe0cb-3896-4094-8966-1fc9a14f1c79)
 - New and modified: 0

[26/Aug/2023:12:00:09] DELETING ACCOUNTS (JobID: 3d5fe0cb-3896-4094-8966-1fc9a14f1c79)
 - Deleted: 0

[26/Aug/2023:12:00:38] UPDATING PRODUCTS (JobID: 7c4858ad-f8f6-4cc1-9761-78251dd3c1da)
 - New and modified: 0

[26/Aug/2023:12:00:41] UPDATING PREPAGATI (JobID: 4099b30f-2378-4257-9805-c6c4944c053c)
 - New and modified: 0

[26/Aug/2023:12:00:41] DELETING PREPAGATI (JobID: 4099b30f-2378-4257-9805-c6c4944c053c)
 - Deleted: 0

[26/Aug/2023:13:00:08] UPDATING ACCOUNTS (JobID: 9e36eb33-e0d3-4268-a625-13beb6a31b3e)
 - New and modified: 0

[26/Aug/2023:13:00:08] DELETING ACCOUNTS (JobID: 9e36eb33-e0d3-4268-a625-13beb6a31b3e)
 - Deleted: 0

[26/Aug/2023:13:00:38] UPDATING PRODUCTS (JobID: c05dd0d4-0f73-49dd-a2dc-a4dd9124f8f1)
 - New and modified: 0

[26/Aug/2023:13:00:41] UPDATING PREPAGATI (JobID: b94b633c-d12d-4ef5-89f1-bf96a11b8fa3)
 - New and modified: 0

[26/Aug/2023:13:00:41] DELETING PREPAGATI (JobID: b94b633c-d12d-4ef5-89f1-bf96a11b8fa3)
 - Deleted: 0

[26/Aug/2023:14:00:08] UPDATING ACCOUNTS (JobID: 2dbcee36-dbac-4d11-b16e-56f4a0eea790)
 - New and modified: 0

[26/Aug/2023:14:00:08] DELETING ACCOUNTS (JobID: 2dbcee36-dbac-4d11-b16e-56f4a0eea790)
 - Deleted: 0

[26/Aug/2023:14:00:39] UPDATING PRODUCTS (JobID: dd51f931-9410-43d2-bd11-1003f4f0f3df)
 - New and modified: 0

[26/Aug/2023:14:00:42] UPDATING PREPAGATI (JobID: 7d743d7d-eae4-405c-8dc7-3f9611cab7a6)
 - New and modified: 0

[26/Aug/2023:14:00:42] DELETING PREPAGATI (JobID: 7d743d7d-eae4-405c-8dc7-3f9611cab7a6)
 - Deleted: 0

[26/Aug/2023:17:30:09] UPDATING ACCOUNTS (JobID: ccd3d9f9-e54a-4d02-ad1b-cf303edf189e)
 - New and modified: 0

[26/Aug/2023:17:30:09] DELETING ACCOUNTS (JobID: ccd3d9f9-e54a-4d02-ad1b-cf303edf189e)
 - Deleted: 0

[26/Aug/2023:17:30:40] UPDATING PRODUCTS (JobID: 1a417ae0-8ea1-4b2a-8902-b34081713f00)
 - New and modified: 0

[26/Aug/2023:17:30:43] UPDATING PREPAGATI (JobID: f56765cc-8687-4d20-a67e-0b6df27588c0)
 - New and modified: 0

[26/Aug/2023:17:30:43] DELETING PREPAGATI (JobID: f56765cc-8687-4d20-a67e-0b6df27588c0)
 - Deleted: 0

[26/Aug/2023:18:30:09] UPDATING ACCOUNTS (JobID: 487bf8e8-94bd-4787-80fc-c640e34b2679)
 - New and modified: 0

[26/Aug/2023:18:30:09] DELETING ACCOUNTS (JobID: 487bf8e8-94bd-4787-80fc-c640e34b2679)
 - Deleted: 0

[26/Aug/2023:18:30:41] UPDATING PRODUCTS (JobID: fa7d84c7-a859-46b5-901b-e5a170762b1d)
 - New and modified: 0

[26/Aug/2023:18:30:44] UPDATING PREPAGATI (JobID: 83aaefa0-c1fb-40bc-98e3-b70b6ce470b0)
 - New and modified: 0

[26/Aug/2023:18:30:44] DELETING PREPAGATI (JobID: 83aaefa0-c1fb-40bc-98e3-b70b6ce470b0)
 - Deleted: 0

[26/Aug/2023:22:30:08] UPDATING ACCOUNTS (JobID: 456e28e3-79f2-40fe-9217-2adad51aee95)
 - New and modified: 0

[26/Aug/2023:22:30:08] DELETING ACCOUNTS (JobID: 456e28e3-79f2-40fe-9217-2adad51aee95)
 - Deleted: 0

[26/Aug/2023:22:30:45] UPDATING PRODUCTS (JobID: 4f3c134b-51e8-47ed-b02a-e4a4fdb6e300)
 - New and modified: 0

[26/Aug/2023:22:30:49] UPDATING PREPAGATI (JobID: 63821605-76a2-4689-a5c3-cc209cdd28ce)
 - New and modified: 0

[26/Aug/2023:22:30:49] DELETING PREPAGATI (JobID: 63821605-76a2-4689-a5c3-cc209cdd28ce)
 - Deleted: 0

