[31/May/2023:00:00:04] UPDATING ACCOUNTS (JobID: 5be05aaa-ba3f-4042-90af-6e7edb43d2d5)
 - New and modified: 0

[31/May/2023:00:00:04] DELETING ACCOUNTS (JobID: 5be05aaa-ba3f-4042-90af-6e7edb43d2d5)
 - Deleted: 0

[31/May/2023:00:00:37] UPDATING PRODUCTS (JobID: 4641c264-31d0-44ed-a3e1-0feaf5b4ef6d)
 - New and modified: 0

[31/May/2023:00:00:39] UPDATING PREPAGATI (JobID: a026be31-105b-46f0-9861-315ff8aef334)
 - New and modified: 0

[31/May/2023:00:00:39] DELETING PREPAGATI (JobID: a026be31-105b-46f0-9861-315ff8aef334)
 - Deleted: 0

[31/May/2023:00:20:04] UPDATING ACCOUNTS (JobID: d62d70d6-1677-406d-b034-9b8352a1138f)
 - New and modified: 0

[31/May/2023:00:20:04] DELETING ACCOUNTS (JobID: d62d70d6-1677-406d-b034-9b8352a1138f)
 - Deleted: 0

[31/May/2023:00:20:38] UPDATING PRODUCTS (JobID: 1ac4d15b-2ca0-477b-988b-e3aa73787702)
 - New and modified: 0

[31/May/2023:00:20:40] UPDATING PREPAGATI (JobID: 4c7ee47a-3e17-4d4f-aece-2b9770586fea)
 - New and modified: 0

[31/May/2023:00:20:40] DELETING PREPAGATI (JobID: 4c7ee47a-3e17-4d4f-aece-2b9770586fea)
 - Deleted: 0

[31/May/2023:00:40:05] UPDATING ACCOUNTS (JobID: 0683c8c5-2799-417c-95c7-e011ae1e26a3)
 - New and modified: 0

[31/May/2023:00:40:05] DELETING ACCOUNTS (JobID: 0683c8c5-2799-417c-95c7-e011ae1e26a3)
 - Deleted: 0

[31/May/2023:00:40:41] UPDATING PRODUCTS (JobID: 096777a7-b454-4f7a-8e7e-2257e31d954b)
 - New and modified: 0

[31/May/2023:00:40:43] UPDATING PREPAGATI (JobID: f9850f0a-ebf8-4b86-9cde-855d46260621)
 - New and modified: 0

[31/May/2023:00:40:43] DELETING PREPAGATI (JobID: f9850f0a-ebf8-4b86-9cde-855d46260621)
 - Deleted: 0

[31/May/2023:00:50:04] UPDATING ACCOUNTS (JobID: 5e7cc561-f351-4fa4-85dc-deca28125fe4)
 - New and modified: 0

[31/May/2023:00:50:04] DELETING ACCOUNTS (JobID: 5e7cc561-f351-4fa4-85dc-deca28125fe4)
 - Deleted: 0

[31/May/2023:00:50:42] UPDATING PRODUCTS (JobID: c3d27f35-0b9b-4a7b-ab70-b3960436a042)
 - New and modified: 0

[31/May/2023:00:50:44] UPDATING PREPAGATI (JobID: 9b437fc5-301d-4afb-8aad-67fa5501083d)
 - New and modified: 0

[31/May/2023:00:50:44] DELETING PREPAGATI (JobID: 9b437fc5-301d-4afb-8aad-67fa5501083d)
 - Deleted: 0

[31/May/2023:01:00:04] UPDATING ACCOUNTS (JobID: 52943da7-1b21-4f2d-ba41-3e8d1b0fa5da)
 - New and modified: 0

[31/May/2023:01:00:04] DELETING ACCOUNTS (JobID: 52943da7-1b21-4f2d-ba41-3e8d1b0fa5da)
 - Deleted: 0

[31/May/2023:01:00:40] UPDATING PRODUCTS (JobID: 8c679869-236d-47d6-b717-cdd023b10a9f)
 - New and modified: 0

[31/May/2023:01:00:43] UPDATING PREPAGATI (JobID: 59ead08a-4e73-411c-bd6b-a14512711497)
 - New and modified: 0

[31/May/2023:01:00:43] DELETING PREPAGATI (JobID: 59ead08a-4e73-411c-bd6b-a14512711497)
 - Deleted: 0

[31/May/2023:01:40:05] UPDATING ACCOUNTS (JobID: cbb71a93-3a6d-4b8c-963d-97f072fbebdb)
 - New and modified: 0

[31/May/2023:01:40:05] DELETING ACCOUNTS (JobID: cbb71a93-3a6d-4b8c-963d-97f072fbebdb)
 - Deleted: 0

[31/May/2023:01:40:45] UPDATING PRODUCTS (JobID: e6911a88-aad5-49e9-991f-5311bbdaa1d1)
 - New and modified: 0

[31/May/2023:01:40:47] UPDATING PREPAGATI (JobID: 88a29c31-f540-4f8d-b6ab-8f68f1951588)
 - New and modified: 0

[31/May/2023:01:40:47] DELETING PREPAGATI (JobID: 88a29c31-f540-4f8d-b6ab-8f68f1951588)
 - Deleted: 0

[31/May/2023:01:50:04] UPDATING ACCOUNTS (JobID: b373f748-da2e-4c15-a7ad-3c4fdd9d2ffd)
 - New and modified: 0

[31/May/2023:01:50:04] DELETING ACCOUNTS (JobID: b373f748-da2e-4c15-a7ad-3c4fdd9d2ffd)
 - Deleted: 0

[31/May/2023:01:50:41] UPDATING PRODUCTS (JobID: 2b143425-b80e-406e-b0b0-6e3fa0cf1169)
 - New and modified: 0

[31/May/2023:01:50:43] UPDATING PREPAGATI (JobID: 78dda957-8a7c-423a-ae4a-cc311fabe062)
 - New and modified: 0

[31/May/2023:01:50:43] DELETING PREPAGATI (JobID: 78dda957-8a7c-423a-ae4a-cc311fabe062)
 - Deleted: 0

[31/May/2023:02:10:05] UPDATING ACCOUNTS (JobID: 5bd5a646-5016-4d1d-be93-e900ce31a257)
 - New and modified: 0

[31/May/2023:02:10:05] DELETING ACCOUNTS (JobID: 5bd5a646-5016-4d1d-be93-e900ce31a257)
 - Deleted: 0

[31/May/2023:02:10:39] UPDATING PRODUCTS (JobID: 2c827460-e8d4-425e-ade0-f78a84df2f16)
 - New and modified: 0

[31/May/2023:02:10:41] UPDATING PREPAGATI (JobID: c7401c66-12e7-4688-93d6-e252adbf5310)
 - New and modified: 0

[31/May/2023:02:10:41] DELETING PREPAGATI (JobID: c7401c66-12e7-4688-93d6-e252adbf5310)
 - Deleted: 0

[31/May/2023:02:20:04] UPDATING ACCOUNTS (JobID: 49f891cd-ba84-4bf2-9b50-f72677f6cc5a)
 - New and modified: 0

[31/May/2023:02:20:04] DELETING ACCOUNTS (JobID: 49f891cd-ba84-4bf2-9b50-f72677f6cc5a)
 - Deleted: 0

[31/May/2023:02:20:37] UPDATING PRODUCTS (JobID: 3feb7e3d-c9ee-470b-9006-c79049a7bff8)
 - New and modified: 0

[31/May/2023:02:20:39] UPDATING PREPAGATI (JobID: 95dfd4ae-980c-46f7-954b-8f36554f643a)
 - New and modified: 0

[31/May/2023:02:20:39] DELETING PREPAGATI (JobID: 95dfd4ae-980c-46f7-954b-8f36554f643a)
 - Deleted: 0

[31/May/2023:02:30:04] UPDATING ACCOUNTS (JobID: 24fca3d0-dc33-4620-bde4-7cedcd9b8ae4)
 - New and modified: 0

[31/May/2023:02:30:04] DELETING ACCOUNTS (JobID: 24fca3d0-dc33-4620-bde4-7cedcd9b8ae4)
 - Deleted: 0

[31/May/2023:02:30:38] UPDATING PRODUCTS (JobID: 4cd45b08-a643-405a-b207-a25337817d8a)
 - New and modified: 0

[31/May/2023:02:30:40] UPDATING PREPAGATI (JobID: d6b67de7-ca93-4baa-9a2f-79d66f7f5ea1)
 - New and modified: 0

[31/May/2023:02:30:40] DELETING PREPAGATI (JobID: d6b67de7-ca93-4baa-9a2f-79d66f7f5ea1)
 - Deleted: 0

[31/May/2023:02:50:04] UPDATING ACCOUNTS (JobID: 10b9194c-0e54-44f4-89b1-abb8ddc07ac9)
 - New and modified: 0

[31/May/2023:02:50:04] DELETING ACCOUNTS (JobID: 10b9194c-0e54-44f4-89b1-abb8ddc07ac9)
 - Deleted: 0

[31/May/2023:02:50:41] UPDATING PRODUCTS (JobID: 627c0ad8-57df-4f14-ba33-86390b7eee0e)
 - New and modified: 0

[31/May/2023:02:50:42] UPDATING PREPAGATI (JobID: f6d14f12-54ae-4abf-b7b0-c41b84e659af)
 - New and modified: 0

[31/May/2023:02:50:42] DELETING PREPAGATI (JobID: f6d14f12-54ae-4abf-b7b0-c41b84e659af)
 - Deleted: 0

[31/May/2023:03:30:04] UPDATING ACCOUNTS (JobID: 6cbe3448-ce7f-4590-ae84-180730b71587)
 - New and modified: 0

[31/May/2023:03:30:04] DELETING ACCOUNTS (JobID: 6cbe3448-ce7f-4590-ae84-180730b71587)
 - Deleted: 0

[31/May/2023:03:30:39] UPDATING PRODUCTS (JobID: 759bc681-cf54-4441-a897-c2896465a195)
 - New and modified: 0

[31/May/2023:03:30:41] UPDATING PREPAGATI (JobID: a792c0ca-d2a4-4248-baa5-1438871e6ff1)
 - New and modified: 0

[31/May/2023:03:30:41] DELETING PREPAGATI (JobID: a792c0ca-d2a4-4248-baa5-1438871e6ff1)
 - Deleted: 0

[31/May/2023:03:40:04] UPDATING ACCOUNTS (JobID: 723d340e-5b58-4540-9c75-077c1ae89688)
 - New and modified: 0

[31/May/2023:03:40:04] DELETING ACCOUNTS (JobID: 723d340e-5b58-4540-9c75-077c1ae89688)
 - Deleted: 0

[31/May/2023:03:40:38] UPDATING PRODUCTS (JobID: 4d09c285-42a4-41c6-9d9c-c59988762baf)
 - New and modified: 0

[31/May/2023:03:40:40] UPDATING PREPAGATI (JobID: 3dc52735-f1f7-4831-b014-58ff43767e8d)
 - New and modified: 0

[31/May/2023:03:40:40] DELETING PREPAGATI (JobID: 3dc52735-f1f7-4831-b014-58ff43767e8d)
 - Deleted: 0

[31/May/2023:03:50:04] UPDATING ACCOUNTS (JobID: e2f97d69-ffc5-4a2e-bc86-a78ef48953ff)
 - New and modified: 0

[31/May/2023:03:50:04] DELETING ACCOUNTS (JobID: e2f97d69-ffc5-4a2e-bc86-a78ef48953ff)
 - Deleted: 0

[31/May/2023:03:50:37] UPDATING PRODUCTS (JobID: 68b58c8e-1b39-49d9-8dd8-a3c3ae8bc114)
 - New and modified: 0

[31/May/2023:03:50:38] UPDATING PREPAGATI (JobID: 005200fe-bdff-4488-a175-49f22b60fe33)
 - New and modified: 0

[31/May/2023:03:50:38] DELETING PREPAGATI (JobID: 005200fe-bdff-4488-a175-49f22b60fe33)
 - Deleted: 0

[31/May/2023:04:10:04] UPDATING ACCOUNTS (JobID: 2fb41769-75f3-4d5e-9cf7-be0e262e055f)
 - New and modified: 0

[31/May/2023:04:10:04] DELETING ACCOUNTS (JobID: 2fb41769-75f3-4d5e-9cf7-be0e262e055f)
 - Deleted: 0

[31/May/2023:04:10:36] UPDATING PRODUCTS (JobID: 30fe1ea3-a58a-4742-9577-abf44cbb650b)
 - New and modified: 0

[31/May/2023:04:10:38] UPDATING PREPAGATI (JobID: 8476d950-cd9b-4eec-b287-e6c631cef0ad)
 - New and modified: 0

[31/May/2023:04:10:38] DELETING PREPAGATI (JobID: 8476d950-cd9b-4eec-b287-e6c631cef0ad)
 - Deleted: 0

[31/May/2023:04:20:04] UPDATING ACCOUNTS (JobID: eb6c3577-be01-4d68-a248-e8fcb42b0d5e)
 - New and modified: 0

[31/May/2023:04:20:04] DELETING ACCOUNTS (JobID: eb6c3577-be01-4d68-a248-e8fcb42b0d5e)
 - Deleted: 0

[31/May/2023:04:20:37] UPDATING PRODUCTS (JobID: dcde3932-79d1-4604-a93c-bc831c21e510)
 - New and modified: 0

[31/May/2023:04:20:39] UPDATING PREPAGATI (JobID: b1d59094-ba20-460d-a55f-aa8636ae2887)
 - New and modified: 0

[31/May/2023:04:20:39] DELETING PREPAGATI (JobID: b1d59094-ba20-460d-a55f-aa8636ae2887)
 - Deleted: 0

[31/May/2023:04:40:04] UPDATING ACCOUNTS (JobID: 171d1c08-c371-4dd9-bc40-2abbd73dd5ad)
 - New and modified: 0

[31/May/2023:04:40:04] DELETING ACCOUNTS (JobID: 171d1c08-c371-4dd9-bc40-2abbd73dd5ad)
 - Deleted: 0

[31/May/2023:04:40:38] UPDATING PRODUCTS (JobID: 6b92eec6-2612-47b3-9c3b-df8600f2babf)
 - New and modified: 0

[31/May/2023:04:40:39] UPDATING PREPAGATI (JobID: 0c1570d3-a650-4861-a549-5597413bd1d7)
 - New and modified: 0

[31/May/2023:04:40:39] DELETING PREPAGATI (JobID: 0c1570d3-a650-4861-a549-5597413bd1d7)
 - Deleted: 0

[31/May/2023:04:50:04] UPDATING ACCOUNTS (JobID: 700f94a1-270a-47b2-91d9-f4ab7312ff52)
 - New and modified: 0

[31/May/2023:04:50:04] DELETING ACCOUNTS (JobID: 700f94a1-270a-47b2-91d9-f4ab7312ff52)
 - Deleted: 0

[31/May/2023:04:50:39] UPDATING PRODUCTS (JobID: 340ab045-1d5b-46e9-be62-d67b65a295e3)
 - New and modified: 0

[31/May/2023:04:50:41] UPDATING PREPAGATI (JobID: a4c7f942-d005-4340-867d-f8669246bfcd)
 - New and modified: 0

[31/May/2023:04:50:41] DELETING PREPAGATI (JobID: a4c7f942-d005-4340-867d-f8669246bfcd)
 - Deleted: 0

[31/May/2023:05:00:07] UPDATING ACCOUNTS (JobID: 0f1c6d3b-c3b3-4b11-b852-04f025941071)
 - New and modified: 0

[31/May/2023:05:00:07] DELETING ACCOUNTS (JobID: 0f1c6d3b-c3b3-4b11-b852-04f025941071)
 - Deleted: 0

[31/May/2023:05:00:40] UPDATING PRODUCTS (JobID: 07e26fe2-47b1-41a2-91ab-0b6406daeec0)
 - New and modified: 0

[31/May/2023:05:00:41] UPDATING PREPAGATI (JobID: c23882ab-9212-49f4-8fda-e9d3c4c3cafb)
 - New and modified: 0

[31/May/2023:05:00:41] DELETING PREPAGATI (JobID: c23882ab-9212-49f4-8fda-e9d3c4c3cafb)
 - Deleted: 0

[31/May/2023:05:10:04] UPDATING ACCOUNTS (JobID: 6ef258de-b8aa-4a24-8d87-97f85c7a5ac7)
 - New and modified: 0

[31/May/2023:05:10:04] DELETING ACCOUNTS (JobID: 6ef258de-b8aa-4a24-8d87-97f85c7a5ac7)
 - Deleted: 0

[31/May/2023:05:10:36] UPDATING PRODUCTS (JobID: 2ed6772e-9d79-40c0-a6ef-f9004b0ee3fe)
 - New and modified: 0

[31/May/2023:05:10:38] UPDATING PREPAGATI (JobID: afa6ffc7-8270-4120-a115-a742acc4ce71)
 - New and modified: 0

[31/May/2023:05:10:38] DELETING PREPAGATI (JobID: afa6ffc7-8270-4120-a115-a742acc4ce71)
 - Deleted: 0

[31/May/2023:05:30:04] UPDATING ACCOUNTS (JobID: 8bf0d32d-0a63-4db4-8d78-c81e243daaf6)
 - New and modified: 0

[31/May/2023:05:30:04] DELETING ACCOUNTS (JobID: 8bf0d32d-0a63-4db4-8d78-c81e243daaf6)
 - Deleted: 0

[31/May/2023:05:30:37] UPDATING PRODUCTS (JobID: f44f8464-bda1-4c6a-ad2e-dff10dd6f049)
 - New and modified: 0

[31/May/2023:05:30:39] UPDATING PREPAGATI (JobID: baf4d2ca-0d7e-445a-87dd-11c8c4912bd4)
 - New and modified: 0

[31/May/2023:05:30:39] DELETING PREPAGATI (JobID: baf4d2ca-0d7e-445a-87dd-11c8c4912bd4)
 - Deleted: 0

[31/May/2023:05:50:04] UPDATING ACCOUNTS (JobID: 6a97ec85-1dc3-486c-b995-87881a283170)
 - New and modified: 0

[31/May/2023:05:50:04] DELETING ACCOUNTS (JobID: 6a97ec85-1dc3-486c-b995-87881a283170)
 - Deleted: 0

[31/May/2023:05:50:37] UPDATING PRODUCTS (JobID: 2758e883-cfca-4d15-9114-c259d2197b66)
 - New and modified: 0

[31/May/2023:05:50:38] UPDATING PREPAGATI (JobID: 89c94df8-5cfc-4afb-ada1-dc0600a2d69f)
 - New and modified: 0

[31/May/2023:05:50:38] DELETING PREPAGATI (JobID: 89c94df8-5cfc-4afb-ada1-dc0600a2d69f)
 - Deleted: 0

[31/May/2023:06:00:04] UPDATING ACCOUNTS (JobID: 4a327115-4476-4a3e-a44d-b483d1832296)
 - New and modified: 0

[31/May/2023:06:00:04] DELETING ACCOUNTS (JobID: 4a327115-4476-4a3e-a44d-b483d1832296)
 - Deleted: 0

[31/May/2023:06:00:38] UPDATING PRODUCTS (JobID: 3a75d74e-c049-43cc-90c0-ec96423dbdcc)
 - New and modified: 0

[31/May/2023:06:00:44] UPDATING PREPAGATI (JobID: a667db04-1494-45e6-b20a-de1269dd17f4)
 - New and modified: 0

[31/May/2023:06:00:44] DELETING PREPAGATI (JobID: a667db04-1494-45e6-b20a-de1269dd17f4)
 - Deleted: 0

[31/May/2023:06:20:04] UPDATING ACCOUNTS (JobID: bdd09232-f082-4139-a639-543245be9be5)
 - New and modified: 0

[31/May/2023:06:20:04] DELETING ACCOUNTS (JobID: bdd09232-f082-4139-a639-543245be9be5)
 - Deleted: 0

[31/May/2023:06:20:39] UPDATING PRODUCTS (JobID: 4261c1f8-bd6f-4291-b72e-618176762289)
 - New and modified: 0

[31/May/2023:06:20:41] UPDATING PREPAGATI (JobID: eb583d9b-a0ac-4758-bef9-403aa92da91d)
 - New and modified: 0

[31/May/2023:06:20:41] DELETING PREPAGATI (JobID: eb583d9b-a0ac-4758-bef9-403aa92da91d)
 - Deleted: 0

[31/May/2023:06:30:04] UPDATING ACCOUNTS (JobID: 833307fa-dcb6-4291-a7f2-579e627867e8)
 - New and modified: 0

[31/May/2023:06:30:04] DELETING ACCOUNTS (JobID: 833307fa-dcb6-4291-a7f2-579e627867e8)
 - Deleted: 0

[31/May/2023:06:30:37] UPDATING PRODUCTS (JobID: 78a9a392-0e4b-4e58-8664-3293dbc53551)
 - New and modified: 0

[31/May/2023:06:30:38] UPDATING PREPAGATI (JobID: 712d0b14-b3ef-448c-8110-9172fcfc42a9)
 - New and modified: 0

[31/May/2023:06:30:38] DELETING PREPAGATI (JobID: 712d0b14-b3ef-448c-8110-9172fcfc42a9)
 - Deleted: 0

[31/May/2023:06:40:04] UPDATING ACCOUNTS (JobID: 44176e93-7764-48cd-9ffb-e84523af6694)
 - New and modified: 0

[31/May/2023:06:40:04] DELETING ACCOUNTS (JobID: 44176e93-7764-48cd-9ffb-e84523af6694)
 - Deleted: 0

[31/May/2023:06:40:34] UPDATING PRODUCTS (JobID: 3730eb40-6a21-49ae-83d7-bd761849455d)
 - New and modified: 0

[31/May/2023:06:40:35] UPDATING PREPAGATI (JobID: 40784459-6752-4339-934f-e00d0e7f3a49)
 - New and modified: 0

[31/May/2023:06:40:35] DELETING PREPAGATI (JobID: 40784459-6752-4339-934f-e00d0e7f3a49)
 - Deleted: 0

[31/May/2023:06:50:05] UPDATING ACCOUNTS (JobID: e462be51-6910-4325-bae4-cf005239841d)
 - New and modified: 0

[31/May/2023:06:50:05] DELETING ACCOUNTS (JobID: e462be51-6910-4325-bae4-cf005239841d)
 - Deleted: 0

[31/May/2023:06:50:37] UPDATING PRODUCTS (JobID: dff6927d-4277-45f7-8c39-30b4941559c7)
 - New and modified: 0

[31/May/2023:06:50:39] UPDATING PREPAGATI (JobID: 9d674a28-0579-4ffd-8281-3bf9f6848b4f)
 - New and modified: 0

[31/May/2023:06:50:39] DELETING PREPAGATI (JobID: 9d674a28-0579-4ffd-8281-3bf9f6848b4f)
 - Deleted: 0

[31/May/2023:07:00:18] UPDATING ACCOUNTS (JobID: bdb8dd82-4fbf-4a2d-9ba0-4dc78ddc27ed)
 - New and modified: 0

[31/May/2023:07:00:18] DELETING ACCOUNTS (JobID: bdb8dd82-4fbf-4a2d-9ba0-4dc78ddc27ed)
 - Deleted: 0

[31/May/2023:07:00:51] UPDATING PRODUCTS (JobID: d95a6721-ae8f-4797-9d16-ed3caf1ea16d)
 - New and modified: 0

[31/May/2023:07:00:52] UPDATING PREPAGATI (JobID: 1367b81c-f3c5-4f00-91db-14064ffd153b)
 - New and modified: 0

[31/May/2023:07:00:52] DELETING PREPAGATI (JobID: 1367b81c-f3c5-4f00-91db-14064ffd153b)
 - Deleted: 0

[31/May/2023:07:10:04] UPDATING ACCOUNTS (JobID: e5e968ec-60c2-44cc-a131-d914a8701e3e)
 - New and modified: 0

[31/May/2023:07:10:04] DELETING ACCOUNTS (JobID: e5e968ec-60c2-44cc-a131-d914a8701e3e)
 - Deleted: 0

[31/May/2023:07:10:38] UPDATING PRODUCTS (JobID: e29d7c42-3179-4e5c-9385-7fda422b001b)
 - New and modified: 0

[31/May/2023:07:10:40] UPDATING PREPAGATI (JobID: f60d078b-c2b7-4095-b635-1e482f8dad27)
 - New and modified: 0

[31/May/2023:07:10:40] DELETING PREPAGATI (JobID: f60d078b-c2b7-4095-b635-1e482f8dad27)
 - Deleted: 0

[31/May/2023:07:40:04] UPDATING ACCOUNTS (JobID: 5c8df9ca-613c-4db8-b9da-cc6b266d3ad2)
 - New and modified: 0

[31/May/2023:07:40:04] DELETING ACCOUNTS (JobID: 5c8df9ca-613c-4db8-b9da-cc6b266d3ad2)
 - Deleted: 0

[31/May/2023:07:40:39] UPDATING PRODUCTS (JobID: 449b6e90-780e-4fc6-8bc7-370c399eadb4)
 - New and modified: 0

[31/May/2023:07:40:41] UPDATING PREPAGATI (JobID: 1274b15a-ac4e-48a0-b1b6-67943760de8b)
 - New and modified: 0

[31/May/2023:07:40:41] DELETING PREPAGATI (JobID: 1274b15a-ac4e-48a0-b1b6-67943760de8b)
 - Deleted: 0

[31/May/2023:07:50:04] UPDATING ACCOUNTS (JobID: 033b9aeb-1c84-4e2e-aedb-30575277a875)
 - New and modified: 0

[31/May/2023:07:50:04] DELETING ACCOUNTS (JobID: 033b9aeb-1c84-4e2e-aedb-30575277a875)
 - Deleted: 0

[31/May/2023:07:50:38] UPDATING PRODUCTS (JobID: daa46a98-9c34-45ad-aafc-059a993d021d)
 - New and modified: 0

[31/May/2023:07:50:40] UPDATING PREPAGATI (JobID: d0c6f5e5-1a40-4179-9fc6-1f63391b4dc6)
 - New and modified: 0

[31/May/2023:07:50:40] DELETING PREPAGATI (JobID: d0c6f5e5-1a40-4179-9fc6-1f63391b4dc6)
 - Deleted: 0

[31/May/2023:08:10:04] UPDATING ACCOUNTS (JobID: ca02a631-71e1-4554-a0c1-7e597dd785bf)
 - New and modified: 0

[31/May/2023:08:10:04] DELETING ACCOUNTS (JobID: ca02a631-71e1-4554-a0c1-7e597dd785bf)
 - Deleted: 0

[31/May/2023:08:10:38] UPDATING PRODUCTS (JobID: 78eef10d-3709-4eff-b3a5-2f05a0c7a4e4)
 - New and modified: 0

[31/May/2023:08:10:40] UPDATING PREPAGATI (JobID: d84d6e10-ffde-4386-be91-41554a19f3b9)
 - New and modified: 0

[31/May/2023:08:10:40] DELETING PREPAGATI (JobID: d84d6e10-ffde-4386-be91-41554a19f3b9)
 - Deleted: 0

[31/May/2023:08:30:04] UPDATING ACCOUNTS (JobID: 26bcb9b8-58a3-45b8-ae91-831bcee53d16)
 - New and modified: 0

[31/May/2023:08:30:04] DELETING ACCOUNTS (JobID: 26bcb9b8-58a3-45b8-ae91-831bcee53d16)
 - Deleted: 0

[31/May/2023:08:30:39] UPDATING PRODUCTS (JobID: ce8b8b03-6487-49fe-9e92-f51829c4ee91)
 - New and modified: 0

[31/May/2023:08:30:41] UPDATING PREPAGATI (JobID: 1ce73600-a119-4435-9800-7d3fc18edbfe)
 - New and modified: 0

[31/May/2023:08:30:41] DELETING PREPAGATI (JobID: 1ce73600-a119-4435-9800-7d3fc18edbfe)
 - Deleted: 0

[31/May/2023:08:40:04] UPDATING ACCOUNTS (JobID: cfe68a34-5dc2-4377-bb9c-12f59e1d655a)
 - New and modified: 0

[31/May/2023:08:40:04] DELETING ACCOUNTS (JobID: cfe68a34-5dc2-4377-bb9c-12f59e1d655a)
 - Deleted: 0

[31/May/2023:08:40:37] UPDATING PRODUCTS (JobID: 489b754f-a514-427e-bdaa-215d7dc08986)
 - New and modified: 0

[31/May/2023:08:40:39] UPDATING PREPAGATI (JobID: 28a321ec-24d8-4e07-8882-d8072b3a9628)
 - New and modified: 0

[31/May/2023:08:40:39] DELETING PREPAGATI (JobID: 28a321ec-24d8-4e07-8882-d8072b3a9628)
 - Deleted: 0

[31/May/2023:09:10:04] UPDATING ACCOUNTS (JobID: 2365a4bf-60ca-4b0b-bb01-0d298fbf08cb)
 - New and modified: 0

[31/May/2023:09:10:04] DELETING ACCOUNTS (JobID: 2365a4bf-60ca-4b0b-bb01-0d298fbf08cb)
 - Deleted: 0

[31/May/2023:09:10:38] UPDATING PRODUCTS (JobID: 38b4744b-34e2-46cc-be1d-f783f396399a)
 - New and modified: 0

[31/May/2023:09:10:39] UPDATING PREPAGATI (JobID: 353b1636-8920-4b81-8328-93f759495416)
 - New and modified: 0

[31/May/2023:09:10:39] DELETING PREPAGATI (JobID: 353b1636-8920-4b81-8328-93f759495416)
 - Deleted: 0

[31/May/2023:09:20:04] UPDATING ACCOUNTS (JobID: cdbc066f-5164-4afc-a99b-e2f2d475cd9f)
 - New and modified: 0

[31/May/2023:09:20:04] DELETING ACCOUNTS (JobID: cdbc066f-5164-4afc-a99b-e2f2d475cd9f)
 - Deleted: 0

[31/May/2023:09:20:37] UPDATING PRODUCTS (JobID: 6112356e-57ff-438d-bdfa-94ad81ce1fbb)
 - New and modified: 0

[31/May/2023:09:20:38] UPDATING PREPAGATI (JobID: 2b765562-997b-4832-a7c8-8ce666c8938a)
 - New and modified: 0

[31/May/2023:09:20:38] DELETING PREPAGATI (JobID: 2b765562-997b-4832-a7c8-8ce666c8938a)
 - Deleted: 0

[31/May/2023:09:30:04] UPDATING ACCOUNTS (JobID: 8d009a8a-9d79-4c20-995f-8023089b06a8)
 - New and modified: 0

[31/May/2023:09:30:04] DELETING ACCOUNTS (JobID: 8d009a8a-9d79-4c20-995f-8023089b06a8)
 - Deleted: 0

[31/May/2023:09:30:37] UPDATING PRODUCTS (JobID: 44224b38-c711-4a30-9518-5e84c16dd34b)
 - New and modified: 0

[31/May/2023:09:30:39] UPDATING PREPAGATI (JobID: 336b5e16-5758-44e9-b82e-aefbd4dd832d)
 - New and modified: 0

[31/May/2023:09:30:39] DELETING PREPAGATI (JobID: 336b5e16-5758-44e9-b82e-aefbd4dd832d)
 - Deleted: 0

[31/May/2023:09:40:04] UPDATING ACCOUNTS (JobID: 2e11000a-1045-4c03-b839-2d939d6d6a95)
 - New and modified: 0

[31/May/2023:09:40:04] DELETING ACCOUNTS (JobID: 2e11000a-1045-4c03-b839-2d939d6d6a95)
 - Deleted: 0

[31/May/2023:09:40:36] UPDATING PRODUCTS (JobID: a6742efa-62e1-4d96-b688-a0e2e5226bbb)
 - New and modified: 0

[31/May/2023:09:40:38] UPDATING PREPAGATI (JobID: 7c51aa7a-1721-4ed2-af13-011a5930e676)
 - New and modified: 0

[31/May/2023:09:40:38] DELETING PREPAGATI (JobID: 7c51aa7a-1721-4ed2-af13-011a5930e676)
 - Deleted: 0

[31/May/2023:09:50:04] UPDATING ACCOUNTS (JobID: 033d72e9-3f44-4f9b-aba3-aa136ba0016d)
 - New and modified: 0

[31/May/2023:09:50:04] DELETING ACCOUNTS (JobID: 033d72e9-3f44-4f9b-aba3-aa136ba0016d)
 - Deleted: 0

[31/May/2023:09:50:39] UPDATING PRODUCTS (JobID: 16603a48-6569-4b2e-9f9e-f26093fb00d0)
 - New and modified: 0

[31/May/2023:09:50:41] UPDATING PREPAGATI (JobID: 7349b5da-345d-4852-8c51-b8b1e84d92c2)
 - New and modified: 0

[31/May/2023:09:50:41] DELETING PREPAGATI (JobID: 7349b5da-345d-4852-8c51-b8b1e84d92c2)
 - Deleted: 0

[31/May/2023:10:10:04] UPDATING ACCOUNTS (JobID: 8cdd2dce-ff4e-4ced-a94e-631c4a3f06e6)
 - New and modified: 0

[31/May/2023:10:10:04] DELETING ACCOUNTS (JobID: 8cdd2dce-ff4e-4ced-a94e-631c4a3f06e6)
 - Deleted: 0

[31/May/2023:10:10:38] UPDATING PRODUCTS (JobID: 6931013b-11ab-4184-9c2c-657fbfce636c)
 - New and modified: 0

[31/May/2023:10:10:40] UPDATING PREPAGATI (JobID: a2f7f9f1-f33d-4953-8983-103b040d0ea3)
 - New and modified: 0

[31/May/2023:10:10:40] DELETING PREPAGATI (JobID: a2f7f9f1-f33d-4953-8983-103b040d0ea3)
 - Deleted: 0

[31/May/2023:10:20:04] UPDATING ACCOUNTS (JobID: b0d5c210-2092-4bd5-8c71-07fce6742572)
 - New and modified: 0

[31/May/2023:10:20:04] DELETING ACCOUNTS (JobID: b0d5c210-2092-4bd5-8c71-07fce6742572)
 - Deleted: 0

[31/May/2023:10:20:38] UPDATING PRODUCTS (JobID: 89bf0c8f-3c18-4398-9da6-0cdf88b7013e)
 - New and modified: 0

[31/May/2023:10:20:40] UPDATING PREPAGATI (JobID: ef77a36a-2d8f-4406-ba9a-94948c9aa029)
 - New and modified: 0

[31/May/2023:10:20:40] DELETING PREPAGATI (JobID: ef77a36a-2d8f-4406-ba9a-94948c9aa029)
 - Deleted: 0

[31/May/2023:10:30:04] UPDATING ACCOUNTS (JobID: 01fab361-3f7a-4cf9-9121-6592921c3019)
 - New and modified: 0

[31/May/2023:10:30:04] DELETING ACCOUNTS (JobID: 01fab361-3f7a-4cf9-9121-6592921c3019)
 - Deleted: 0

[31/May/2023:10:30:38] UPDATING PRODUCTS (JobID: 5d738976-daa9-4afc-9b57-2da5b46a0d22)
 - New and modified: 0

[31/May/2023:10:30:40] UPDATING PREPAGATI (JobID: a893b7b8-7ac4-4a82-9fe3-460b0679d470)
 - New and modified: 0

[31/May/2023:10:30:40] DELETING PREPAGATI (JobID: a893b7b8-7ac4-4a82-9fe3-460b0679d470)
 - Deleted: 0

[31/May/2023:10:50:05] UPDATING ACCOUNTS (JobID: 39c773aa-2d28-4c87-b83b-4572c7f51487)
 - New and modified: 0

[31/May/2023:10:50:05] DELETING ACCOUNTS (JobID: 39c773aa-2d28-4c87-b83b-4572c7f51487)
 - Deleted: 0

[31/May/2023:10:50:36] UPDATING PRODUCTS (JobID: 073bc0f4-4110-42b8-b3a3-74b392208090)
 - New and modified: 0

[31/May/2023:10:50:38] UPDATING PREPAGATI (JobID: 7d27420d-e0f2-44a3-ae2a-311821f05c4a)
 - New and modified: 0

[31/May/2023:10:50:38] DELETING PREPAGATI (JobID: 7d27420d-e0f2-44a3-ae2a-311821f05c4a)
 - Deleted: 0

[31/May/2023:11:00:04] UPDATING ACCOUNTS (JobID: 90c7f048-876a-47fc-8968-39147d7acc60)
 - New and modified: 0

[31/May/2023:11:00:04] DELETING ACCOUNTS (JobID: 90c7f048-876a-47fc-8968-39147d7acc60)
 - Deleted: 0

[31/May/2023:11:00:36] UPDATING PRODUCTS (JobID: ef136102-2d20-49d2-9ab0-d0218b9c4ec5)
 - New and modified: 0

[31/May/2023:11:00:38] UPDATING PREPAGATI (JobID: 4c728276-a3ed-431c-972d-d04e41560636)
 - New and modified: 0

[31/May/2023:11:00:38] DELETING PREPAGATI (JobID: 4c728276-a3ed-431c-972d-d04e41560636)
 - Deleted: 0

[31/May/2023:11:20:04] UPDATING ACCOUNTS (JobID: e67ed807-e736-4b59-b7c2-caf4f42fc69d)
 - New and modified: 0

[31/May/2023:11:20:04] DELETING ACCOUNTS (JobID: e67ed807-e736-4b59-b7c2-caf4f42fc69d)
 - Deleted: 0

[31/May/2023:11:20:37] UPDATING PRODUCTS (JobID: f4549c42-0e0a-4dff-8969-d1f75d19fe3c)
 - New and modified: 0

[31/May/2023:11:20:39] UPDATING PREPAGATI (JobID: 62bc687c-a026-4ff7-863f-5ae241d3659e)
 - New and modified: 0

[31/May/2023:11:20:39] DELETING PREPAGATI (JobID: 62bc687c-a026-4ff7-863f-5ae241d3659e)
 - Deleted: 0

[31/May/2023:12:10:04] UPDATING ACCOUNTS (JobID: adb7d823-5f48-4929-a2cf-ef4731be9a50)
 - New and modified: 0

[31/May/2023:12:10:04] DELETING ACCOUNTS (JobID: adb7d823-5f48-4929-a2cf-ef4731be9a50)
 - Deleted: 0

[31/May/2023:12:10:35] UPDATING PRODUCTS (JobID: c982f1a2-a2b2-483f-9419-62b92bed9794)
 - New and modified: 0

[31/May/2023:12:10:37] UPDATING PREPAGATI (JobID: 36c23053-181b-4e55-80d3-5aaf44c6ed76)
 - New and modified: 0

[31/May/2023:12:10:37] DELETING PREPAGATI (JobID: 36c23053-181b-4e55-80d3-5aaf44c6ed76)
 - Deleted: 0

[31/May/2023:12:20:04] UPDATING ACCOUNTS (JobID: c1916b4c-9ba5-407b-b177-996ef750f65a)
 - New and modified: 0

[31/May/2023:12:20:04] DELETING ACCOUNTS (JobID: c1916b4c-9ba5-407b-b177-996ef750f65a)
 - Deleted: 0

[31/May/2023:12:20:40] UPDATING PRODUCTS (JobID: 2481b253-51e8-4506-aae9-99d17ee776e3)
 - New and modified: 0

[31/May/2023:12:20:41] UPDATING PREPAGATI (JobID: 00866ef2-9ff8-4064-a9fa-0bfbd044279d)
 - New and modified: 0

[31/May/2023:12:20:41] DELETING PREPAGATI (JobID: 00866ef2-9ff8-4064-a9fa-0bfbd044279d)
 - Deleted: 0

[31/May/2023:12:30:05] UPDATING ACCOUNTS (JobID: ca9eda88-f49c-4a1e-ad40-ff683cfde862)
 - New and modified: 0

[31/May/2023:12:30:05] DELETING ACCOUNTS (JobID: ca9eda88-f49c-4a1e-ad40-ff683cfde862)
 - Deleted: 0

[31/May/2023:12:30:39] UPDATING PRODUCTS (JobID: b29be541-06a2-4b14-bde4-18f210086d4e)
 - New and modified: 0

[31/May/2023:12:30:40] UPDATING PREPAGATI (JobID: f049a654-b1c5-47d5-90bc-8444c32ff439)
 - New and modified: 0

[31/May/2023:12:30:40] DELETING PREPAGATI (JobID: f049a654-b1c5-47d5-90bc-8444c32ff439)
 - Deleted: 0

[31/May/2023:12:40:04] UPDATING ACCOUNTS (JobID: dc32cdd7-7fa8-4a92-9a88-a78d75707f8a)
 - New and modified: 0

[31/May/2023:12:40:04] DELETING ACCOUNTS (JobID: dc32cdd7-7fa8-4a92-9a88-a78d75707f8a)
 - Deleted: 0

[31/May/2023:12:40:36] UPDATING PRODUCTS (JobID: a5d45424-300b-40ff-9363-1fe6b3bf3786)
 - New and modified: 0

[31/May/2023:12:40:37] UPDATING PREPAGATI (JobID: 2653fbd1-e895-4d7e-87f5-e8038f0cc69d)
 - New and modified: 0

[31/May/2023:12:40:37] DELETING PREPAGATI (JobID: 2653fbd1-e895-4d7e-87f5-e8038f0cc69d)
 - Deleted: 0

[31/May/2023:12:50:04] UPDATING ACCOUNTS (JobID: 27e2acfd-e7e1-4882-9b86-61b68221ed8b)
 - New and modified: 0

[31/May/2023:12:50:04] DELETING ACCOUNTS (JobID: 27e2acfd-e7e1-4882-9b86-61b68221ed8b)
 - Deleted: 0

[31/May/2023:12:50:35] UPDATING PRODUCTS (JobID: 302ef10c-2e73-493f-8461-1dd5e133c40a)
 - New and modified: 0

[31/May/2023:12:50:37] UPDATING PREPAGATI (JobID: e29a1d3d-afea-4f68-a754-b5681d55593d)
 - New and modified: 0

[31/May/2023:12:50:37] DELETING PREPAGATI (JobID: e29a1d3d-afea-4f68-a754-b5681d55593d)
 - Deleted: 0

[31/May/2023:13:00:04] UPDATING ACCOUNTS (JobID: 98881c4f-7cb8-4fd5-aee6-db03a8bbf28b)
 - New and modified: 0

[31/May/2023:13:00:04] DELETING ACCOUNTS (JobID: 98881c4f-7cb8-4fd5-aee6-db03a8bbf28b)
 - Deleted: 0

[31/May/2023:13:00:36] UPDATING PRODUCTS (JobID: 8dc9b6cf-59f8-4569-9098-8c63539413f9)
 - New and modified: 0

[31/May/2023:13:00:38] UPDATING PREPAGATI (JobID: d8e8c35e-ec2b-446e-b336-24b9764c6df4)
 - New and modified: 0

[31/May/2023:13:00:38] DELETING PREPAGATI (JobID: d8e8c35e-ec2b-446e-b336-24b9764c6df4)
 - Deleted: 0

[31/May/2023:13:20:04] UPDATING ACCOUNTS (JobID: 748d9420-cab1-481a-b72b-22d3ed062798)
 - New and modified: 0

[31/May/2023:13:20:04] DELETING ACCOUNTS (JobID: 748d9420-cab1-481a-b72b-22d3ed062798)
 - Deleted: 0

[31/May/2023:13:20:35] UPDATING PRODUCTS (JobID: e27bb8ec-9b0e-4aff-a63d-5aec6bf23500)
 - New and modified: 0

[31/May/2023:13:20:37] UPDATING PREPAGATI (JobID: adb41fa4-336a-4aec-b851-93e6b2ef2082)
 - New and modified: 0

[31/May/2023:13:20:37] DELETING PREPAGATI (JobID: adb41fa4-336a-4aec-b851-93e6b2ef2082)
 - Deleted: 0

[31/May/2023:13:30:04] UPDATING ACCOUNTS (JobID: ade5b20c-65d1-4d61-b070-18df8b5e0965)
 - New and modified: 0

[31/May/2023:13:30:04] DELETING ACCOUNTS (JobID: ade5b20c-65d1-4d61-b070-18df8b5e0965)
 - Deleted: 0

[31/May/2023:13:30:38] UPDATING PRODUCTS (JobID: b0db1084-db51-4bc5-9f63-63d83207857c)
 - New and modified: 0

[31/May/2023:13:30:40] UPDATING PREPAGATI (JobID: 17aab52d-c980-4007-8e2d-097c0c76f496)
 - New and modified: 0

[31/May/2023:13:30:40] DELETING PREPAGATI (JobID: 17aab52d-c980-4007-8e2d-097c0c76f496)
 - Deleted: 0

[31/May/2023:13:40:04] UPDATING ACCOUNTS (JobID: b56a1ef4-3a9d-4b3a-b245-ea3575428947)
 - New and modified: 0

[31/May/2023:13:40:04] DELETING ACCOUNTS (JobID: b56a1ef4-3a9d-4b3a-b245-ea3575428947)
 - Deleted: 0

[31/May/2023:13:40:38] UPDATING PRODUCTS (JobID: 34830741-a7ab-4992-9b8b-16cda97e86ed)
 - New and modified: 0

[31/May/2023:13:40:40] UPDATING PREPAGATI (JobID: 441157a5-7e61-4c05-926b-2edf91477eae)
 - New and modified: 0

[31/May/2023:13:40:40] DELETING PREPAGATI (JobID: 441157a5-7e61-4c05-926b-2edf91477eae)
 - Deleted: 0

[31/May/2023:14:20:04] UPDATING ACCOUNTS (JobID: 639f0f5c-96d1-49ce-88d3-cfe04a8161b9)
 - New and modified: 0

[31/May/2023:14:20:04] DELETING ACCOUNTS (JobID: 639f0f5c-96d1-49ce-88d3-cfe04a8161b9)
 - Deleted: 0

[31/May/2023:14:20:38] UPDATING PRODUCTS (JobID: f5ccd34f-161c-40b5-ac4e-6cc726e5c327)
 - New and modified: 0

[31/May/2023:14:20:39] UPDATING PREPAGATI (JobID: 93fe4904-6479-4ba8-b695-0321da78d50b)
 - New and modified: 0

[31/May/2023:14:20:39] DELETING PREPAGATI (JobID: 93fe4904-6479-4ba8-b695-0321da78d50b)
 - Deleted: 0

[31/May/2023:14:30:05] UPDATING ACCOUNTS (JobID: 61d2c4b5-708a-4b20-8cb3-6fb0bf2d7916)
 - New and modified: 0

[31/May/2023:14:30:05] DELETING ACCOUNTS (JobID: 61d2c4b5-708a-4b20-8cb3-6fb0bf2d7916)
 - Deleted: 0

[31/May/2023:14:30:39] UPDATING PRODUCTS (JobID: ea8c14f7-13ce-4606-8b79-ba22a5447e91)
 - New and modified: 0

[31/May/2023:14:30:40] UPDATING PREPAGATI (JobID: 41bad88f-ac76-4139-8f38-125bee69755f)
 - New and modified: 0

[31/May/2023:14:30:40] DELETING PREPAGATI (JobID: 41bad88f-ac76-4139-8f38-125bee69755f)
 - Deleted: 0

[31/May/2023:15:50:29] UPDATING ACCOUNTS (JobID: 6d573ffa-0493-47a3-bb63-61e9b2baa7f6)
 - New and modified: 0

[31/May/2023:15:50:29] DELETING ACCOUNTS (JobID: 6d573ffa-0493-47a3-bb63-61e9b2baa7f6)
 - Deleted: 0

[31/May/2023:15:51:02] UPDATING PRODUCTS (JobID: 28847733-df7a-49d9-bd9a-2196d2e4334a)
 - New and modified: 0

[31/May/2023:15:51:05] UPDATING PREPAGATI (JobID: 8d74e1e9-830f-4d75-8397-ea4bd1f8b63b)
 - New and modified: 0

[31/May/2023:15:51:05] DELETING PREPAGATI (JobID: 8d74e1e9-830f-4d75-8397-ea4bd1f8b63b)
 - Deleted: 0

[31/May/2023:16:10:04] UPDATING ACCOUNTS (JobID: ef3f1c7f-4f7e-4ff3-a9e4-b09b087d2694)
 - New and modified: 0

[31/May/2023:16:10:04] DELETING ACCOUNTS (JobID: ef3f1c7f-4f7e-4ff3-a9e4-b09b087d2694)
 - Deleted: 0

[31/May/2023:16:10:38] UPDATING PRODUCTS (JobID: acbe4fd8-a915-4436-944a-75e39dee029a)
 - New and modified: 0

[31/May/2023:16:10:40] UPDATING PREPAGATI (JobID: 1e6f97eb-786b-4b9c-896e-00fc6074c9e3)
 - New and modified: 0

[31/May/2023:16:10:40] DELETING PREPAGATI (JobID: 1e6f97eb-786b-4b9c-896e-00fc6074c9e3)
 - Deleted: 0

[31/May/2023:17:30:05] UPDATING ACCOUNTS (JobID: be348a3b-531b-4e33-bd35-7d3d41c45b21)
 - New and modified: 0

[31/May/2023:17:30:05] DELETING ACCOUNTS (JobID: be348a3b-531b-4e33-bd35-7d3d41c45b21)
 - Deleted: 0

[31/May/2023:17:30:39] UPDATING PRODUCTS (JobID: f8d20202-8f61-4773-a9c8-60096ac2da1c)
 - New and modified: 0

[31/May/2023:17:30:41] UPDATING PREPAGATI (JobID: aa657429-948a-4085-831c-6b8b3a6be4f6)
 - New and modified: 0

[31/May/2023:17:30:41] DELETING PREPAGATI (JobID: aa657429-948a-4085-831c-6b8b3a6be4f6)
 - Deleted: 0

[31/May/2023:17:50:04] UPDATING ACCOUNTS (JobID: 60f1ba98-ac26-4377-addb-612278da3eec)
 - New and modified: 0

[31/May/2023:17:50:04] DELETING ACCOUNTS (JobID: 60f1ba98-ac26-4377-addb-612278da3eec)
 - Deleted: 0

[31/May/2023:17:50:39] UPDATING PRODUCTS (JobID: a263c055-f5a0-42f7-8887-f5dab4a94dc8)
 - New and modified: 0

[31/May/2023:17:50:41] UPDATING PREPAGATI (JobID: 1b0d76bc-bb62-413b-832a-082db9f6f564)
 - New and modified: 0

[31/May/2023:17:50:41] DELETING PREPAGATI (JobID: 1b0d76bc-bb62-413b-832a-082db9f6f564)
 - Deleted: 0

[31/May/2023:18:00:08] UPDATING ACCOUNTS (JobID: 6868d72d-9203-4255-998f-32fa0f39188e)
 - New and modified: 0

[31/May/2023:18:00:08] DELETING ACCOUNTS (JobID: 6868d72d-9203-4255-998f-32fa0f39188e)
 - Deleted: 0

[31/May/2023:18:00:40] UPDATING PRODUCTS (JobID: 1d023294-6121-460e-a385-053401803aec)
 - New and modified: 0

[31/May/2023:18:00:42] UPDATING PREPAGATI (JobID: ca687fa4-815f-4d01-bcc5-87b3433b2482)
 - New and modified: 0

[31/May/2023:18:00:42] DELETING PREPAGATI (JobID: ca687fa4-815f-4d01-bcc5-87b3433b2482)
 - Deleted: 0

[31/May/2023:18:10:04] UPDATING ACCOUNTS (JobID: 672aea9f-a94a-432d-9b0a-78e9514bcfed)
 - New and modified: 0

[31/May/2023:18:10:04] DELETING ACCOUNTS (JobID: 672aea9f-a94a-432d-9b0a-78e9514bcfed)
 - Deleted: 0

[31/May/2023:18:10:37] UPDATING PRODUCTS (JobID: c2a38b9e-a7d0-4fbc-b057-d8b64a8ec372)
 - New and modified: 0

[31/May/2023:18:10:39] UPDATING PREPAGATI (JobID: 00c507df-95dc-4379-9caa-64dae05eb26f)
 - New and modified: 0

[31/May/2023:18:10:39] DELETING PREPAGATI (JobID: 00c507df-95dc-4379-9caa-64dae05eb26f)
 - Deleted: 0

[31/May/2023:19:30:05] UPDATING ACCOUNTS (JobID: dcbfb14a-ba9b-4ff3-89a2-6f620ebc4e49)
 - New and modified: 0

[31/May/2023:19:30:05] DELETING ACCOUNTS (JobID: dcbfb14a-ba9b-4ff3-89a2-6f620ebc4e49)
 - Deleted: 0

[31/May/2023:19:30:38] UPDATING PRODUCTS (JobID: 2ad3109b-066d-46e8-8777-029c335a4541)
 - New and modified: 0

[31/May/2023:19:30:41] UPDATING PREPAGATI (JobID: d96f42d3-1a36-4b5e-8114-2ab69e72bc0a)
 - New and modified: 0

[31/May/2023:19:30:41] DELETING PREPAGATI (JobID: d96f42d3-1a36-4b5e-8114-2ab69e72bc0a)
 - Deleted: 0

[31/May/2023:19:40:04] UPDATING ACCOUNTS (JobID: 2e51bd03-2622-479a-97de-8d1b14eca3c6)
 - New and modified: 0

[31/May/2023:19:40:04] DELETING ACCOUNTS (JobID: 2e51bd03-2622-479a-97de-8d1b14eca3c6)
 - Deleted: 0

[31/May/2023:19:40:38] UPDATING PRODUCTS (JobID: f4eac8fe-32df-4c8c-8e85-8737cd0abe62)
 - New and modified: 0

[31/May/2023:19:40:40] UPDATING PREPAGATI (JobID: 612104d2-f99a-4faa-98a3-a4404e54251b)
 - New and modified: 0

[31/May/2023:19:40:40] DELETING PREPAGATI (JobID: 612104d2-f99a-4faa-98a3-a4404e54251b)
 - Deleted: 0

[31/May/2023:19:50:04] UPDATING ACCOUNTS (JobID: 5e8bdfea-a8c3-4e04-93f5-3e06205c97c7)
 - New and modified: 0

[31/May/2023:19:50:04] DELETING ACCOUNTS (JobID: 5e8bdfea-a8c3-4e04-93f5-3e06205c97c7)
 - Deleted: 0

[31/May/2023:19:50:39] UPDATING PRODUCTS (JobID: f2a3bb3e-f946-4a40-82dc-b2fcfdda821c)
 - New and modified: 0

[31/May/2023:19:50:41] UPDATING PREPAGATI (JobID: 52ae6b0e-2385-44bd-8c50-7d86b72df26d)
 - New and modified: 0

[31/May/2023:19:50:41] DELETING PREPAGATI (JobID: 52ae6b0e-2385-44bd-8c50-7d86b72df26d)
 - Deleted: 0

[31/May/2023:20:10:04] UPDATING ACCOUNTS (JobID: 32443294-c606-4e91-94be-bc34df3b92c2)
 - New and modified: 0

[31/May/2023:20:10:04] DELETING ACCOUNTS (JobID: 32443294-c606-4e91-94be-bc34df3b92c2)
 - Deleted: 0

[31/May/2023:20:10:40] UPDATING PRODUCTS (JobID: 0809fe69-0cd9-44fe-aa64-0987cebfe0ce)
 - New and modified: 0

[31/May/2023:20:10:43] UPDATING PREPAGATI (JobID: 4eab87fe-de59-40af-bf6d-fc51278e7b34)
 - New and modified: 0

[31/May/2023:20:10:43] DELETING PREPAGATI (JobID: 4eab87fe-de59-40af-bf6d-fc51278e7b34)
 - Deleted: 0

[31/May/2023:20:20:04] UPDATING ACCOUNTS (JobID: a05ab7b2-a085-4603-a489-e60496b6041f)
 - New and modified: 0

[31/May/2023:20:20:04] DELETING ACCOUNTS (JobID: a05ab7b2-a085-4603-a489-e60496b6041f)
 - Deleted: 0

[31/May/2023:20:20:38] UPDATING PRODUCTS (JobID: 780d5988-3d5e-4644-b587-ee7e5d5bc83e)
 - New and modified: 0

[31/May/2023:20:20:39] UPDATING PREPAGATI (JobID: c0aef376-e9c1-46a1-af97-5178950a9add)
 - New and modified: 0

[31/May/2023:20:20:39] DELETING PREPAGATI (JobID: c0aef376-e9c1-46a1-af97-5178950a9add)
 - Deleted: 0

[31/May/2023:20:50:04] UPDATING ACCOUNTS (JobID: 7097f627-308a-4ed4-9f9b-3129b4c41192)
 - New and modified: 0

[31/May/2023:20:50:04] DELETING ACCOUNTS (JobID: 7097f627-308a-4ed4-9f9b-3129b4c41192)
 - Deleted: 0

[31/May/2023:20:50:37] UPDATING PRODUCTS (JobID: 287d51d2-e591-4f98-9c2f-899cf96b79ab)
 - New and modified: 0

[31/May/2023:20:50:39] UPDATING PREPAGATI (JobID: a0a0ff56-168e-4116-8345-05089829b287)
 - New and modified: 0

[31/May/2023:20:50:39] DELETING PREPAGATI (JobID: a0a0ff56-168e-4116-8345-05089829b287)
 - Deleted: 0

[31/May/2023:21:00:05] UPDATING ACCOUNTS (JobID: 68310c31-bd45-4a7f-96f4-67f4fb9a68ae)
 - New and modified: 0

[31/May/2023:21:00:05] DELETING ACCOUNTS (JobID: 68310c31-bd45-4a7f-96f4-67f4fb9a68ae)
 - Deleted: 0

[31/May/2023:21:00:38] UPDATING PRODUCTS (JobID: a9427dbd-8bfb-493d-ad0e-5fb3bd49c165)
 - New and modified: 0

[31/May/2023:21:00:40] UPDATING PREPAGATI (JobID: e4deba67-c92a-4a20-9199-5bc573457fcb)
 - New and modified: 0

[31/May/2023:21:00:40] DELETING PREPAGATI (JobID: e4deba67-c92a-4a20-9199-5bc573457fcb)
 - Deleted: 0

[31/May/2023:21:30:05] UPDATING ACCOUNTS (JobID: c8666a3a-1354-4e09-827f-b8d77ea2bff3)
 - New and modified: 0

[31/May/2023:21:30:05] DELETING ACCOUNTS (JobID: c8666a3a-1354-4e09-827f-b8d77ea2bff3)
 - Deleted: 0

[31/May/2023:21:30:39] UPDATING PRODUCTS (JobID: 1854784e-2892-4ece-82c3-03b23ea7d3d2)
 - New and modified: 0

[31/May/2023:21:30:40] UPDATING PREPAGATI (JobID: e3fca49b-1bd2-499d-95f4-c3803c88826d)
 - New and modified: 0

[31/May/2023:21:30:40] DELETING PREPAGATI (JobID: e3fca49b-1bd2-499d-95f4-c3803c88826d)
 - Deleted: 0

[31/May/2023:21:40:04] UPDATING ACCOUNTS (JobID: bf5129e9-6316-4e7e-8f85-05f1074e38d2)
 - New and modified: 0

[31/May/2023:21:40:04] DELETING ACCOUNTS (JobID: bf5129e9-6316-4e7e-8f85-05f1074e38d2)
 - Deleted: 0

[31/May/2023:21:40:37] UPDATING PRODUCTS (JobID: 8f53e621-271a-4cd8-89fb-48247552ddcf)
 - New and modified: 0

[31/May/2023:21:40:39] UPDATING PREPAGATI (JobID: d93ec9d5-7095-4b49-b249-bfcc54328e97)
 - New and modified: 0

[31/May/2023:21:40:39] DELETING PREPAGATI (JobID: d93ec9d5-7095-4b49-b249-bfcc54328e97)
 - Deleted: 0

[31/May/2023:22:10:04] UPDATING ACCOUNTS (JobID: db7af164-2ead-466d-84ee-a2f81e43d9ad)
 - New and modified: 0

[31/May/2023:22:10:04] DELETING ACCOUNTS (JobID: db7af164-2ead-466d-84ee-a2f81e43d9ad)
 - Deleted: 0

[31/May/2023:22:10:38] UPDATING PRODUCTS (JobID: dbe5bb30-1c49-4d7c-8711-d5e0dd838c29)
 - New and modified: 0

[31/May/2023:22:10:39] UPDATING PREPAGATI (JobID: e3f26bdb-f536-41ff-ba7e-bf7277e2a6d1)
 - New and modified: 0

[31/May/2023:22:10:39] DELETING PREPAGATI (JobID: e3f26bdb-f536-41ff-ba7e-bf7277e2a6d1)
 - Deleted: 0

[31/May/2023:22:30:04] UPDATING ACCOUNTS (JobID: f65b397d-c9b8-4c26-8342-2974074c510b)
 - New and modified: 0

[31/May/2023:22:30:04] DELETING ACCOUNTS (JobID: f65b397d-c9b8-4c26-8342-2974074c510b)
 - Deleted: 0

[31/May/2023:22:30:38] UPDATING PRODUCTS (JobID: 9e6922de-067c-43c2-8f91-2230431e7392)
 - New and modified: 0

[31/May/2023:22:30:40] UPDATING PREPAGATI (JobID: cad37c4e-65cd-4312-ad1d-59ebcabd4fff)
 - New and modified: 0

[31/May/2023:22:30:40] DELETING PREPAGATI (JobID: cad37c4e-65cd-4312-ad1d-59ebcabd4fff)
 - Deleted: 0

[31/May/2023:22:50:04] UPDATING ACCOUNTS (JobID: e8633e43-672f-4ca6-ab42-9bf7fe68feb4)
 - New and modified: 0

[31/May/2023:22:50:04] DELETING ACCOUNTS (JobID: e8633e43-672f-4ca6-ab42-9bf7fe68feb4)
 - Deleted: 0

[31/May/2023:22:50:37] UPDATING PRODUCTS (JobID: 7f6a142b-c731-4ac1-b9f0-412c5dee0c36)
 - New and modified: 0

[31/May/2023:22:50:39] UPDATING PREPAGATI (JobID: 797b1178-09fa-42fc-8d7d-49df6cbf8bb7)
 - New and modified: 0

[31/May/2023:22:50:39] DELETING PREPAGATI (JobID: 797b1178-09fa-42fc-8d7d-49df6cbf8bb7)
 - Deleted: 0

[31/May/2023:23:20:05] UPDATING ACCOUNTS (JobID: d8a021ca-e20d-49f9-8ec9-c53f4ca5f6c9)
 - New and modified: 0

[31/May/2023:23:20:05] DELETING ACCOUNTS (JobID: d8a021ca-e20d-49f9-8ec9-c53f4ca5f6c9)
 - Deleted: 0

[31/May/2023:23:20:37] UPDATING PRODUCTS (JobID: aede6995-a1c1-4eeb-9f2a-75c475a5ab58)
 - New and modified: 0

[31/May/2023:23:20:39] UPDATING PREPAGATI (JobID: 02d7e00c-6454-4b31-8eb3-55823f5b86f5)
 - New and modified: 0

[31/May/2023:23:20:39] DELETING PREPAGATI (JobID: 02d7e00c-6454-4b31-8eb3-55823f5b86f5)
 - Deleted: 0

[31/May/2023:23:30:04] UPDATING ACCOUNTS (JobID: e719d82b-69d3-401c-9195-0b80adebe00f)
 - New and modified: 0

[31/May/2023:23:30:04] DELETING ACCOUNTS (JobID: e719d82b-69d3-401c-9195-0b80adebe00f)
 - Deleted: 0

[31/May/2023:23:30:37] UPDATING PRODUCTS (JobID: 70a8603a-86a8-4d47-9d09-266576c2050a)
 - New and modified: 0

[31/May/2023:23:30:39] UPDATING PREPAGATI (JobID: 39c17147-7c77-4092-8c17-8f9132f9030a)
 - New and modified: 0

[31/May/2023:23:30:39] DELETING PREPAGATI (JobID: 39c17147-7c77-4092-8c17-8f9132f9030a)
 - Deleted: 0

[31/May/2023:23:40:04] UPDATING ACCOUNTS (JobID: f4105c2f-6d76-45b2-9a85-e4cba1e43739)
 - New and modified: 0

[31/May/2023:23:40:04] DELETING ACCOUNTS (JobID: f4105c2f-6d76-45b2-9a85-e4cba1e43739)
 - Deleted: 0

[31/May/2023:23:40:39] UPDATING PRODUCTS (JobID: c8315bc5-b1ca-43ee-81f2-596f15b67765)
 - New and modified: 0

[31/May/2023:23:40:41] UPDATING PREPAGATI (JobID: e041423d-ea41-476b-824a-af907af06c8c)
 - New and modified: 0

[31/May/2023:23:40:41] DELETING PREPAGATI (JobID: e041423d-ea41-476b-824a-af907af06c8c)
 - Deleted: 0

[31/May/2023:23:50:04] UPDATING ACCOUNTS (JobID: df745661-cbad-4a41-927d-f26e6e352486)
 - New and modified: 0

[31/May/2023:23:50:04] DELETING ACCOUNTS (JobID: df745661-cbad-4a41-927d-f26e6e352486)
 - Deleted: 0

[31/May/2023:23:50:38] UPDATING PRODUCTS (JobID: 69a91fd1-ccb5-4305-9e32-7702b3b9198a)
 - New and modified: 0

[31/May/2023:23:50:40] UPDATING PREPAGATI (JobID: d26a3074-15df-469c-b254-c29fb1d49650)
 - New and modified: 0

[31/May/2023:23:50:40] DELETING PREPAGATI (JobID: d26a3074-15df-469c-b254-c29fb1d49650)
 - Deleted: 0

