[28/Jun/2023:00:00:05] UPDATING ACCOUNTS (JobID: a12b24a6-fc14-4277-a320-728dcc69b6e8)
 - New and modified: 0

[28/Jun/2023:00:00:05] DELETING ACCOUNTS (JobID: a12b24a6-fc14-4277-a320-728dcc69b6e8)
 - Deleted: 0

[28/Jun/2023:00:00:36] UPDATING PRODUCTS (JobID: a17660a6-47c7-485e-9350-1d49b8213f8f)
 - New and modified: 0

[28/Jun/2023:00:00:38] UPDATING PREPAGATI (JobID: 29b0ba27-20c5-43a9-8d7d-4a64db146c2f)
 - New and modified: 0

[28/Jun/2023:00:00:38] DELETING PREPAGATI (JobID: 29b0ba27-20c5-43a9-8d7d-4a64db146c2f)
 - Deleted: 0

[28/Jun/2023:00:10:04] UPDATING ACCOUNTS (JobID: c5c31ebb-075d-480e-b65b-f75e91d66961)
 - New and modified: 0

[28/Jun/2023:00:10:04] DELETING ACCOUNTS (JobID: c5c31ebb-075d-480e-b65b-f75e91d66961)
 - Deleted: 0

[28/Jun/2023:00:10:36] UPDATING PRODUCTS (JobID: 289f2a92-6a84-4298-806b-fc43d152c725)
 - New and modified: 0

[28/Jun/2023:00:10:38] UPDATING PREPAGATI (JobID: 3ab7221a-cd4b-431a-a6fc-7821a414bd14)
 - New and modified: 0

[28/Jun/2023:00:10:38] DELETING PREPAGATI (JobID: 3ab7221a-cd4b-431a-a6fc-7821a414bd14)
 - Deleted: 0

[28/Jun/2023:00:20:04] UPDATING ACCOUNTS (JobID: 0aee249b-a1c4-4190-9a62-1036a6472f3a)
 - New and modified: 0

[28/Jun/2023:00:20:04] DELETING ACCOUNTS (JobID: 0aee249b-a1c4-4190-9a62-1036a6472f3a)
 - Deleted: 0

[28/Jun/2023:00:20:37] UPDATING PRODUCTS (JobID: a761a4e5-c955-46bc-ac0f-d6d197f4386c)
 - New and modified: 0

[28/Jun/2023:00:20:39] UPDATING PREPAGATI (JobID: 23374960-6a3f-4b81-aca0-11206636e48a)
 - New and modified: 0

[28/Jun/2023:00:20:39] DELETING PREPAGATI (JobID: 23374960-6a3f-4b81-aca0-11206636e48a)
 - Deleted: 0

[28/Jun/2023:00:30:04] UPDATING ACCOUNTS (JobID: 1b05182a-90ca-4476-9d78-806a75c6f867)
 - New and modified: 0

[28/Jun/2023:00:30:04] DELETING ACCOUNTS (JobID: 1b05182a-90ca-4476-9d78-806a75c6f867)
 - Deleted: 0

[28/Jun/2023:00:30:37] UPDATING PRODUCTS (JobID: 2ead6746-c7ca-43de-9c48-10c4ffc2dcc3)
 - New and modified: 0

[28/Jun/2023:00:30:39] UPDATING PREPAGATI (JobID: b35356e2-5f3a-4350-87ce-1a4f33ffa9ac)
 - New and modified: 0

[28/Jun/2023:00:30:39] DELETING PREPAGATI (JobID: b35356e2-5f3a-4350-87ce-1a4f33ffa9ac)
 - Deleted: 0

[28/Jun/2023:00:40:04] UPDATING ACCOUNTS (JobID: 9e15ceda-f27a-4172-b198-d3a88925438e)
 - New and modified: 0

[28/Jun/2023:00:40:04] DELETING ACCOUNTS (JobID: 9e15ceda-f27a-4172-b198-d3a88925438e)
 - Deleted: 0

[28/Jun/2023:00:40:38] UPDATING PRODUCTS (JobID: 2fa1fd80-45a3-413d-9ceb-a3e116bcc972)
 - New and modified: 0

[28/Jun/2023:00:40:40] UPDATING PREPAGATI (JobID: d423ee78-e4b1-4c49-9486-9252a67043a8)
 - New and modified: 0

[28/Jun/2023:00:40:40] DELETING PREPAGATI (JobID: d423ee78-e4b1-4c49-9486-9252a67043a8)
 - Deleted: 0

[28/Jun/2023:00:50:04] UPDATING ACCOUNTS (JobID: 060697ce-e626-4e0d-a7ae-7617efb74c79)
 - New and modified: 0

[28/Jun/2023:00:50:04] DELETING ACCOUNTS (JobID: 060697ce-e626-4e0d-a7ae-7617efb74c79)
 - Deleted: 0

[28/Jun/2023:00:50:37] UPDATING PRODUCTS (JobID: 087dbab3-ab15-480c-95f8-34840575bc1c)
 - New and modified: 0

[28/Jun/2023:00:50:39] UPDATING PREPAGATI (JobID: 19d23fd5-d96b-4adf-9528-168872b02f74)
 - New and modified: 0

[28/Jun/2023:00:50:39] DELETING PREPAGATI (JobID: 19d23fd5-d96b-4adf-9528-168872b02f74)
 - Deleted: 0

[28/Jun/2023:01:00:04] UPDATING ACCOUNTS (JobID: 26159880-33df-4476-8269-4f8e12593b09)
 - New and modified: 0

[28/Jun/2023:01:00:04] DELETING ACCOUNTS (JobID: 26159880-33df-4476-8269-4f8e12593b09)
 - Deleted: 0

[28/Jun/2023:01:00:37] UPDATING PRODUCTS (JobID: 77279423-3cec-49fd-ac5a-865bb6e740b6)
 - New and modified: 0

[28/Jun/2023:01:00:39] UPDATING PREPAGATI (JobID: e0305f8b-4085-4d6d-b6e9-fbee396fd8f9)
 - New and modified: 0

[28/Jun/2023:01:00:39] DELETING PREPAGATI (JobID: e0305f8b-4085-4d6d-b6e9-fbee396fd8f9)
 - Deleted: 0

[28/Jun/2023:01:10:04] UPDATING ACCOUNTS (JobID: 7857dc93-7313-419b-bc45-dce231619b17)
 - New and modified: 0

[28/Jun/2023:01:10:04] DELETING ACCOUNTS (JobID: 7857dc93-7313-419b-bc45-dce231619b17)
 - Deleted: 0

[28/Jun/2023:01:10:42] UPDATING PRODUCTS (JobID: 0436833b-6042-4db7-9a67-b0e945b8621a)
 - New and modified: 0

[28/Jun/2023:01:10:44] UPDATING PREPAGATI (JobID: 11e510e8-0869-43d4-9a15-4e86f84c1840)
 - New and modified: 0

[28/Jun/2023:01:10:44] DELETING PREPAGATI (JobID: 11e510e8-0869-43d4-9a15-4e86f84c1840)
 - Deleted: 0

[28/Jun/2023:01:20:05] UPDATING ACCOUNTS (JobID: a474ead8-da32-47ef-ba0a-c6cf2f24ccf3)
 - New and modified: 0

[28/Jun/2023:01:20:05] DELETING ACCOUNTS (JobID: a474ead8-da32-47ef-ba0a-c6cf2f24ccf3)
 - Deleted: 0

[28/Jun/2023:01:20:38] UPDATING PRODUCTS (JobID: 1e232458-5acd-4163-acf7-88fb2432f144)
 - New and modified: 0

[28/Jun/2023:01:20:40] UPDATING PREPAGATI (JobID: f8eb1a0e-efda-49b5-a979-38e8cb65af44)
 - New and modified: 0

[28/Jun/2023:01:20:40] DELETING PREPAGATI (JobID: f8eb1a0e-efda-49b5-a979-38e8cb65af44)
 - Deleted: 0

[28/Jun/2023:01:30:04] UPDATING ACCOUNTS (JobID: b5bc6284-5124-48a4-bfd3-17c6db586397)
 - New and modified: 0

[28/Jun/2023:01:30:04] DELETING ACCOUNTS (JobID: b5bc6284-5124-48a4-bfd3-17c6db586397)
 - Deleted: 0

[28/Jun/2023:01:30:35] UPDATING PRODUCTS (JobID: 1fa25879-1c65-4c93-bf6a-fdfe60858400)
 - New and modified: 0

[28/Jun/2023:01:30:36] UPDATING PREPAGATI (JobID: ec516d86-5dcf-46ab-9d2b-24b224538dc0)
 - New and modified: 0

[28/Jun/2023:01:30:36] DELETING PREPAGATI (JobID: ec516d86-5dcf-46ab-9d2b-24b224538dc0)
 - Deleted: 0

[28/Jun/2023:01:40:04] UPDATING ACCOUNTS (JobID: 7dad97c6-05fc-44ca-80fa-7a541d9ac4ae)
 - New and modified: 0

[28/Jun/2023:01:40:04] DELETING ACCOUNTS (JobID: 7dad97c6-05fc-44ca-80fa-7a541d9ac4ae)
 - Deleted: 0

[28/Jun/2023:01:40:37] UPDATING PRODUCTS (JobID: 392d4329-c8b9-4b6e-ab0e-96c0559ba098)
 - New and modified: 0

[28/Jun/2023:01:40:39] UPDATING PREPAGATI (JobID: 34bfb01f-6bb8-4c8b-af18-fcf5432e2315)
 - New and modified: 0

[28/Jun/2023:01:40:39] DELETING PREPAGATI (JobID: 34bfb01f-6bb8-4c8b-af18-fcf5432e2315)
 - Deleted: 0

[28/Jun/2023:01:50:04] UPDATING ACCOUNTS (JobID: c3c4ac20-743d-49db-80a0-9d5d90f5157e)
 - New and modified: 0

[28/Jun/2023:01:50:04] DELETING ACCOUNTS (JobID: c3c4ac20-743d-49db-80a0-9d5d90f5157e)
 - Deleted: 0

[28/Jun/2023:01:50:37] UPDATING PRODUCTS (JobID: f543d1d4-cde7-4453-96fc-d205da58da50)
 - New and modified: 0

[28/Jun/2023:01:50:39] UPDATING PREPAGATI (JobID: ae139f07-2b77-4567-8e97-bdcb6c61bf0f)
 - New and modified: 0

[28/Jun/2023:01:50:39] DELETING PREPAGATI (JobID: ae139f07-2b77-4567-8e97-bdcb6c61bf0f)
 - Deleted: 0

[28/Jun/2023:02:00:05] UPDATING ACCOUNTS (JobID: dee6d61d-a264-464e-ac5e-09167241df3e)
 - New and modified: 0

[28/Jun/2023:02:00:05] DELETING ACCOUNTS (JobID: dee6d61d-a264-464e-ac5e-09167241df3e)
 - Deleted: 0

[28/Jun/2023:02:00:41] UPDATING PRODUCTS (JobID: 20f1413b-0e4c-415c-b6f6-01a6814718c5)
 - New and modified: 0

[28/Jun/2023:02:00:43] UPDATING PREPAGATI (JobID: df46f308-0124-41de-b7b2-9b9d02c42fac)
 - New and modified: 0

[28/Jun/2023:02:00:43] DELETING PREPAGATI (JobID: df46f308-0124-41de-b7b2-9b9d02c42fac)
 - Deleted: 0

[28/Jun/2023:02:10:04] UPDATING ACCOUNTS (JobID: c0f8fdad-446e-4826-ac41-45208f2676dd)
 - New and modified: 0

[28/Jun/2023:02:10:04] DELETING ACCOUNTS (JobID: c0f8fdad-446e-4826-ac41-45208f2676dd)
 - Deleted: 0

[28/Jun/2023:02:10:38] UPDATING PRODUCTS (JobID: 13e65a56-1d88-45c9-afe5-0c0c904a31ad)
 - New and modified: 0

[28/Jun/2023:02:10:40] UPDATING PREPAGATI (JobID: 98aeb134-9a5d-4c3c-aa5c-5ecf6188404b)
 - New and modified: 0

[28/Jun/2023:02:10:40] DELETING PREPAGATI (JobID: 98aeb134-9a5d-4c3c-aa5c-5ecf6188404b)
 - Deleted: 0

[28/Jun/2023:02:20:04] UPDATING ACCOUNTS (JobID: 94dd6bfd-ea6b-4cdd-b49a-f0a250af2fbe)
 - New and modified: 0

[28/Jun/2023:02:20:04] DELETING ACCOUNTS (JobID: 94dd6bfd-ea6b-4cdd-b49a-f0a250af2fbe)
 - Deleted: 0

[28/Jun/2023:02:20:37] UPDATING PRODUCTS (JobID: 96a1f1ab-661f-40ab-a643-7df6df502227)
 - New and modified: 0

[28/Jun/2023:02:20:38] UPDATING PREPAGATI (JobID: 3cae7d60-788e-4cca-976f-5c057c04b5cf)
 - New and modified: 0

[28/Jun/2023:02:20:38] DELETING PREPAGATI (JobID: 3cae7d60-788e-4cca-976f-5c057c04b5cf)
 - Deleted: 0

[28/Jun/2023:02:30:04] UPDATING ACCOUNTS (JobID: e8a66f13-1e2e-4532-9d11-f8ac10b61098)
 - New and modified: 0

[28/Jun/2023:02:30:04] DELETING ACCOUNTS (JobID: e8a66f13-1e2e-4532-9d11-f8ac10b61098)
 - Deleted: 0

[28/Jun/2023:02:30:37] UPDATING PRODUCTS (JobID: 80e4fc24-4a37-4ac7-a499-6a139363a424)
 - New and modified: 0

[28/Jun/2023:02:30:39] UPDATING PREPAGATI (JobID: d4bb317b-fd52-4abf-b6e6-e65fdd3ffc03)
 - New and modified: 0

[28/Jun/2023:02:30:39] DELETING PREPAGATI (JobID: d4bb317b-fd52-4abf-b6e6-e65fdd3ffc03)
 - Deleted: 0

[28/Jun/2023:02:40:04] UPDATING ACCOUNTS (JobID: 1c5452d7-6996-4629-9911-b4b16c2de742)
 - New and modified: 0

[28/Jun/2023:02:40:04] DELETING ACCOUNTS (JobID: 1c5452d7-6996-4629-9911-b4b16c2de742)
 - Deleted: 0

[28/Jun/2023:02:40:37] UPDATING PRODUCTS (JobID: a812ec7d-49fd-4524-8667-3249c7f410bc)
 - New and modified: 0

[28/Jun/2023:02:40:39] UPDATING PREPAGATI (JobID: 58e92d1f-b784-4f5d-8670-ea1693fcad46)
 - New and modified: 0

[28/Jun/2023:02:40:39] DELETING PREPAGATI (JobID: 58e92d1f-b784-4f5d-8670-ea1693fcad46)
 - Deleted: 0

[28/Jun/2023:02:50:05] UPDATING ACCOUNTS (JobID: 72a221c7-ae83-49a3-99ac-45e3aceb195d)
 - New and modified: 0

[28/Jun/2023:02:50:05] DELETING ACCOUNTS (JobID: 72a221c7-ae83-49a3-99ac-45e3aceb195d)
 - Deleted: 0

[28/Jun/2023:02:50:37] UPDATING PRODUCTS (JobID: 9ea45ac9-4af1-4dbf-bac7-3923e28a09ac)
 - New and modified: 0

[28/Jun/2023:02:50:38] UPDATING PREPAGATI (JobID: 7ba8fbbe-54f4-417b-a60b-51f041f89ed2)
 - New and modified: 0

[28/Jun/2023:02:50:38] DELETING PREPAGATI (JobID: 7ba8fbbe-54f4-417b-a60b-51f041f89ed2)
 - Deleted: 0

[28/Jun/2023:03:00:05] UPDATING ACCOUNTS (JobID: 555b7c47-18a1-4196-85bb-3efd53a06388)
 - New and modified: 0

[28/Jun/2023:03:00:05] DELETING ACCOUNTS (JobID: 555b7c47-18a1-4196-85bb-3efd53a06388)
 - Deleted: 0

[28/Jun/2023:03:00:39] UPDATING PRODUCTS (JobID: 63efd56f-b87a-4b2c-a8c8-94673c5b7a21)
 - New and modified: 0

[28/Jun/2023:03:00:40] UPDATING PREPAGATI (JobID: b39bcccf-0088-455c-bfa5-328692114455)
 - New and modified: 0

[28/Jun/2023:03:00:40] DELETING PREPAGATI (JobID: b39bcccf-0088-455c-bfa5-328692114455)
 - Deleted: 0

[28/Jun/2023:03:10:04] UPDATING ACCOUNTS (JobID: 9b535480-f979-4131-981e-510a4f51b9af)
 - New and modified: 0

[28/Jun/2023:03:10:04] DELETING ACCOUNTS (JobID: 9b535480-f979-4131-981e-510a4f51b9af)
 - Deleted: 0

[28/Jun/2023:03:10:37] UPDATING PRODUCTS (JobID: 71984886-ee9b-4a63-9c36-8a4f708d4051)
 - New and modified: 0

[28/Jun/2023:03:10:39] UPDATING PREPAGATI (JobID: 0c9c6b96-d2f6-478a-bda6-da75610fb5ca)
 - New and modified: 0

[28/Jun/2023:03:10:39] DELETING PREPAGATI (JobID: 0c9c6b96-d2f6-478a-bda6-da75610fb5ca)
 - Deleted: 0

[28/Jun/2023:03:20:04] UPDATING ACCOUNTS (JobID: b04b47b5-c766-4ec4-98f2-fea27e0c5e1b)
 - New and modified: 0

[28/Jun/2023:03:20:05] DELETING ACCOUNTS (JobID: b04b47b5-c766-4ec4-98f2-fea27e0c5e1b)
 - Deleted: 0

[28/Jun/2023:03:20:37] UPDATING PRODUCTS (JobID: fb7c3f23-fb09-4421-8a7f-db49413d0a8e)
 - New and modified: 0

[28/Jun/2023:03:20:38] UPDATING PREPAGATI (JobID: bc2fb35a-7b90-4fd7-9f83-45764b299e10)
 - New and modified: 0

[28/Jun/2023:03:20:38] DELETING PREPAGATI (JobID: bc2fb35a-7b90-4fd7-9f83-45764b299e10)
 - Deleted: 0

[28/Jun/2023:03:30:04] UPDATING ACCOUNTS (JobID: e4e41fc4-6faa-4917-b9fe-776b0abbcdc8)
 - New and modified: 0

[28/Jun/2023:03:30:04] DELETING ACCOUNTS (JobID: e4e41fc4-6faa-4917-b9fe-776b0abbcdc8)
 - Deleted: 0

[28/Jun/2023:03:30:37] UPDATING PRODUCTS (JobID: 8d96760f-2aa4-45a2-b8d4-74934d5cd21b)
 - New and modified: 0

[28/Jun/2023:03:30:39] UPDATING PREPAGATI (JobID: b8250a70-f0bf-45af-8ac0-422855a176d5)
 - New and modified: 0

[28/Jun/2023:03:30:39] DELETING PREPAGATI (JobID: b8250a70-f0bf-45af-8ac0-422855a176d5)
 - Deleted: 0

[28/Jun/2023:03:40:04] UPDATING ACCOUNTS (JobID: 1770d690-89a7-4d27-8c49-a6b96ff754e5)
 - New and modified: 0

[28/Jun/2023:03:40:04] DELETING ACCOUNTS (JobID: 1770d690-89a7-4d27-8c49-a6b96ff754e5)
 - Deleted: 0

[28/Jun/2023:03:40:41] UPDATING PRODUCTS (JobID: 4c0a6c16-c3ec-4385-b30e-687c001a8abb)
 - New and modified: 0

[28/Jun/2023:03:40:43] UPDATING PREPAGATI (JobID: 60843512-9e45-47c0-9879-75d0720015df)
 - New and modified: 0

[28/Jun/2023:03:40:43] DELETING PREPAGATI (JobID: 60843512-9e45-47c0-9879-75d0720015df)
 - Deleted: 0

[28/Jun/2023:03:50:04] UPDATING ACCOUNTS (JobID: d62a0583-da94-4775-8a54-77db4b3c3084)
 - New and modified: 0

[28/Jun/2023:03:50:04] DELETING ACCOUNTS (JobID: d62a0583-da94-4775-8a54-77db4b3c3084)
 - Deleted: 0

[28/Jun/2023:03:50:39] UPDATING PRODUCTS (JobID: f234167d-6a21-40bd-8bc9-4af25a569f48)
 - New and modified: 0

[28/Jun/2023:03:50:41] UPDATING PREPAGATI (JobID: f7b4108e-0551-447e-b31b-7249aa44ea21)
 - New and modified: 0

[28/Jun/2023:03:50:41] DELETING PREPAGATI (JobID: f7b4108e-0551-447e-b31b-7249aa44ea21)
 - Deleted: 0

[28/Jun/2023:04:00:04] UPDATING ACCOUNTS (JobID: 705487ca-9d95-41a9-aba6-cbdfdd2b68b5)
 - New and modified: 0

[28/Jun/2023:04:00:04] DELETING ACCOUNTS (JobID: 705487ca-9d95-41a9-aba6-cbdfdd2b68b5)
 - Deleted: 0

[28/Jun/2023:04:00:37] UPDATING PRODUCTS (JobID: 19e5d9e3-8191-418b-a1a0-e001be315548)
 - New and modified: 0

[28/Jun/2023:04:00:39] UPDATING PREPAGATI (JobID: 23a7ff54-b15f-47ab-a482-2edb9997ac82)
 - New and modified: 0

[28/Jun/2023:04:00:39] DELETING PREPAGATI (JobID: 23a7ff54-b15f-47ab-a482-2edb9997ac82)
 - Deleted: 0

[28/Jun/2023:04:10:04] UPDATING ACCOUNTS (JobID: 6813756b-8430-4735-a1cd-cf45f254faaf)
 - New and modified: 0

[28/Jun/2023:04:10:04] DELETING ACCOUNTS (JobID: 6813756b-8430-4735-a1cd-cf45f254faaf)
 - Deleted: 0

[28/Jun/2023:04:10:37] UPDATING PRODUCTS (JobID: 4a85f2da-a3b9-4847-9ba0-9fc108c30319)
 - New and modified: 0

[28/Jun/2023:04:10:39] UPDATING PREPAGATI (JobID: 806715ad-17b7-497f-8b5d-ff46607d42d4)
 - New and modified: 0

[28/Jun/2023:04:10:39] DELETING PREPAGATI (JobID: 806715ad-17b7-497f-8b5d-ff46607d42d4)
 - Deleted: 0

[28/Jun/2023:04:20:04] UPDATING ACCOUNTS (JobID: f5d9cf85-4462-4840-9769-f3cd0b2eeb38)
 - New and modified: 0

[28/Jun/2023:04:20:04] DELETING ACCOUNTS (JobID: f5d9cf85-4462-4840-9769-f3cd0b2eeb38)
 - Deleted: 0

[28/Jun/2023:04:20:37] UPDATING PRODUCTS (JobID: ffe93d1e-90a9-4425-812f-c42688b627e6)
 - New and modified: 0

[28/Jun/2023:04:20:39] UPDATING PREPAGATI (JobID: 4806cffa-ffe4-4c6b-889d-1b3879281602)
 - New and modified: 0

[28/Jun/2023:04:20:39] DELETING PREPAGATI (JobID: 4806cffa-ffe4-4c6b-889d-1b3879281602)
 - Deleted: 0

[28/Jun/2023:04:30:04] UPDATING ACCOUNTS (JobID: e4b8a05e-1ac0-46da-a96b-70aca0429012)
 - New and modified: 0

[28/Jun/2023:04:30:04] DELETING ACCOUNTS (JobID: e4b8a05e-1ac0-46da-a96b-70aca0429012)
 - Deleted: 0

[28/Jun/2023:04:30:38] UPDATING PRODUCTS (JobID: 1343127a-2f50-40c7-8584-9db874d52935)
 - New and modified: 0

[28/Jun/2023:04:30:40] UPDATING PREPAGATI (JobID: 70e4c1ce-a546-4c9b-af80-e5e95bf39d42)
 - New and modified: 0

[28/Jun/2023:04:30:40] DELETING PREPAGATI (JobID: 70e4c1ce-a546-4c9b-af80-e5e95bf39d42)
 - Deleted: 0

[28/Jun/2023:04:40:04] UPDATING ACCOUNTS (JobID: d12ac540-47c5-4f7f-82d6-2e0a98c3118e)
 - New and modified: 0

[28/Jun/2023:04:40:04] DELETING ACCOUNTS (JobID: d12ac540-47c5-4f7f-82d6-2e0a98c3118e)
 - Deleted: 0

[28/Jun/2023:04:40:37] UPDATING PRODUCTS (JobID: 25f34b01-6bd2-4307-8005-1f0fa817e066)
 - New and modified: 0

[28/Jun/2023:04:40:39] UPDATING PREPAGATI (JobID: 8f58eec7-ce72-4b20-bdd1-07111973995c)
 - New and modified: 0

[28/Jun/2023:04:40:39] DELETING PREPAGATI (JobID: 8f58eec7-ce72-4b20-bdd1-07111973995c)
 - Deleted: 0

[28/Jun/2023:04:50:03] UPDATING ACCOUNTS (JobID: 8c1c37d5-3573-4f17-a41f-dbeab48b06bd)
 - New and modified: 0

[28/Jun/2023:04:50:03] DELETING ACCOUNTS (JobID: 8c1c37d5-3573-4f17-a41f-dbeab48b06bd)
 - Deleted: 0

[28/Jun/2023:04:50:34] UPDATING PRODUCTS (JobID: 307012bd-b6b4-4f72-9b70-cd7d4f76a735)
 - New and modified: 0

[28/Jun/2023:04:50:36] UPDATING PREPAGATI (JobID: 4e5b99ee-e144-4697-8128-e199b122d23a)
 - New and modified: 0

[28/Jun/2023:04:50:36] DELETING PREPAGATI (JobID: 4e5b99ee-e144-4697-8128-e199b122d23a)
 - Deleted: 0

[28/Jun/2023:05:00:05] UPDATING ACCOUNTS (JobID: 9f02b20b-0e15-45bc-acc1-fce4d8032a90)
 - New and modified: 0

[28/Jun/2023:05:00:05] DELETING ACCOUNTS (JobID: 9f02b20b-0e15-45bc-acc1-fce4d8032a90)
 - Deleted: 0

[28/Jun/2023:05:00:35] UPDATING PRODUCTS (JobID: b2aa0d9e-8ff1-461a-80bf-44b675dc6060)
 - New and modified: 0

[28/Jun/2023:05:00:37] UPDATING PREPAGATI (JobID: 092202ca-833e-4c79-8391-4381a6bfd195)
 - New and modified: 0

[28/Jun/2023:05:00:37] DELETING PREPAGATI (JobID: 092202ca-833e-4c79-8391-4381a6bfd195)
 - Deleted: 0

[28/Jun/2023:05:10:05] UPDATING ACCOUNTS (JobID: f0eade74-bed5-489b-be4c-c36868e34f6a)
 - New and modified: 0

[28/Jun/2023:05:10:05] DELETING ACCOUNTS (JobID: f0eade74-bed5-489b-be4c-c36868e34f6a)
 - Deleted: 0

[28/Jun/2023:05:10:36] UPDATING PRODUCTS (JobID: 6c9b8e36-15e6-4353-92ca-9b40860c964a)
 - New and modified: 0

[28/Jun/2023:05:10:37] UPDATING PREPAGATI (JobID: 15519c3c-fb8b-4900-b1c8-ca32e16badec)
 - New and modified: 0

[28/Jun/2023:05:10:37] DELETING PREPAGATI (JobID: 15519c3c-fb8b-4900-b1c8-ca32e16badec)
 - Deleted: 0

[28/Jun/2023:05:20:04] UPDATING ACCOUNTS (JobID: 7e10c1f4-9b40-4968-bfff-07780bfe1fe8)
 - New and modified: 0

[28/Jun/2023:05:20:04] DELETING ACCOUNTS (JobID: 7e10c1f4-9b40-4968-bfff-07780bfe1fe8)
 - Deleted: 0

[28/Jun/2023:05:20:35] UPDATING PRODUCTS (JobID: c84471e5-dea2-4b96-8151-a60c4ba06a9d)
 - New and modified: 0

[28/Jun/2023:05:20:37] UPDATING PREPAGATI (JobID: c5e14f59-efe8-4bd5-890e-a785bf932de5)
 - New and modified: 0

[28/Jun/2023:05:20:37] DELETING PREPAGATI (JobID: c5e14f59-efe8-4bd5-890e-a785bf932de5)
 - Deleted: 0

[28/Jun/2023:05:30:04] UPDATING ACCOUNTS (JobID: abde062c-6748-4135-9dd4-aa8dce3336ce)
 - New and modified: 0

[28/Jun/2023:05:30:04] DELETING ACCOUNTS (JobID: abde062c-6748-4135-9dd4-aa8dce3336ce)
 - Deleted: 0

[28/Jun/2023:05:30:37] UPDATING PRODUCTS (JobID: 8badb140-7b37-44a4-a947-e31936b97657)
 - New and modified: 0

[28/Jun/2023:05:30:39] UPDATING PREPAGATI (JobID: d8346f39-35c0-41ea-9254-1bf46bad8bf2)
 - New and modified: 0

[28/Jun/2023:05:30:39] DELETING PREPAGATI (JobID: d8346f39-35c0-41ea-9254-1bf46bad8bf2)
 - Deleted: 0

[28/Jun/2023:05:40:04] UPDATING ACCOUNTS (JobID: 235531e1-d232-4814-b6ab-952eb42ab32c)
 - New and modified: 0

[28/Jun/2023:05:40:04] DELETING ACCOUNTS (JobID: 235531e1-d232-4814-b6ab-952eb42ab32c)
 - Deleted: 0

[28/Jun/2023:05:40:39] UPDATING PRODUCTS (JobID: 03d8e800-ae14-4c81-b7cc-b1c820d7afa1)
 - New and modified: 0

[28/Jun/2023:05:40:42] UPDATING PREPAGATI (JobID: 29b750d0-1d69-4017-ab89-0f413e69dd48)
 - New and modified: 0

[28/Jun/2023:05:40:42] DELETING PREPAGATI (JobID: 29b750d0-1d69-4017-ab89-0f413e69dd48)
 - Deleted: 0

[28/Jun/2023:05:50:04] UPDATING ACCOUNTS (JobID: 2d298cfa-4a2d-423b-a447-2672b76463ab)
 - New and modified: 0

[28/Jun/2023:05:50:04] DELETING ACCOUNTS (JobID: 2d298cfa-4a2d-423b-a447-2672b76463ab)
 - Deleted: 0

[28/Jun/2023:05:50:35] UPDATING PRODUCTS (JobID: e1b40fe8-19fd-4b0f-b85e-2052c3df9e9c)
 - New and modified: 0

[28/Jun/2023:05:50:37] UPDATING PREPAGATI (JobID: 9bff8a1a-4939-4501-8211-5289c39d576f)
 - New and modified: 0

[28/Jun/2023:05:50:37] DELETING PREPAGATI (JobID: 9bff8a1a-4939-4501-8211-5289c39d576f)
 - Deleted: 0

[28/Jun/2023:06:00:04] UPDATING ACCOUNTS (JobID: 11f67104-a552-4155-ab4d-1aff33d55a6f)
 - New and modified: 0

[28/Jun/2023:06:00:04] DELETING ACCOUNTS (JobID: 11f67104-a552-4155-ab4d-1aff33d55a6f)
 - Deleted: 0

[28/Jun/2023:06:00:36] UPDATING PRODUCTS (JobID: de3e7f8c-289a-4a32-a3b9-6133ae8b5b41)
 - New and modified: 0

[28/Jun/2023:06:00:38] UPDATING PREPAGATI (JobID: ee32297f-2be4-4df3-bfca-ba2b0ae57ab8)
 - New and modified: 0

[28/Jun/2023:06:00:38] DELETING PREPAGATI (JobID: ee32297f-2be4-4df3-bfca-ba2b0ae57ab8)
 - Deleted: 0

[28/Jun/2023:06:10:04] UPDATING ACCOUNTS (JobID: deb9f152-0d86-4515-82a1-483771fdfa10)
 - New and modified: 0

[28/Jun/2023:06:10:04] DELETING ACCOUNTS (JobID: deb9f152-0d86-4515-82a1-483771fdfa10)
 - Deleted: 0

[28/Jun/2023:06:10:38] UPDATING PRODUCTS (JobID: 1983c227-c1b6-49f8-af97-3a91e265912f)
 - New and modified: 0

[28/Jun/2023:06:10:40] UPDATING PREPAGATI (JobID: e1d950c5-d387-4a98-9335-4869c033e327)
 - New and modified: 0

[28/Jun/2023:06:10:40] DELETING PREPAGATI (JobID: e1d950c5-d387-4a98-9335-4869c033e327)
 - Deleted: 0

[28/Jun/2023:06:20:04] UPDATING ACCOUNTS (JobID: c0acd181-2ea7-4ef2-b4e4-c5edb9f6316d)
 - New and modified: 0

[28/Jun/2023:06:20:04] DELETING ACCOUNTS (JobID: c0acd181-2ea7-4ef2-b4e4-c5edb9f6316d)
 - Deleted: 0

[28/Jun/2023:06:20:38] UPDATING PRODUCTS (JobID: 99edb3d9-ec22-4558-bcf5-a6de239bb0f8)
 - New and modified: 0

[28/Jun/2023:06:20:40] UPDATING PREPAGATI (JobID: 8fc488b4-cf4b-4b51-b193-9d29bf48edcb)
 - New and modified: 0

[28/Jun/2023:06:20:40] DELETING PREPAGATI (JobID: 8fc488b4-cf4b-4b51-b193-9d29bf48edcb)
 - Deleted: 0

[28/Jun/2023:06:40:04] UPDATING ACCOUNTS (JobID: 9c848712-1434-467d-9926-2de32649a52d)
 - New and modified: 0

[28/Jun/2023:06:40:04] DELETING ACCOUNTS (JobID: 9c848712-1434-467d-9926-2de32649a52d)
 - Deleted: 0

[28/Jun/2023:06:40:36] UPDATING PRODUCTS (JobID: 0f419f48-717c-4cc8-b304-8983e8a56ba8)
 - New and modified: 0

[28/Jun/2023:06:40:38] UPDATING PREPAGATI (JobID: e347344e-820e-4bbc-a118-b35c3a848de9)
 - New and modified: 0

[28/Jun/2023:06:40:38] DELETING PREPAGATI (JobID: e347344e-820e-4bbc-a118-b35c3a848de9)
 - Deleted: 0

[28/Jun/2023:06:50:05] UPDATING ACCOUNTS (JobID: e075febb-456f-48e7-8faa-47a02de59910)
 - New and modified: 0

[28/Jun/2023:06:50:05] DELETING ACCOUNTS (JobID: e075febb-456f-48e7-8faa-47a02de59910)
 - Deleted: 0

[28/Jun/2023:06:50:39] UPDATING PRODUCTS (JobID: 45254e5e-2b0c-4eae-bf56-263739bb9230)
 - New and modified: 0

[28/Jun/2023:06:50:41] UPDATING PREPAGATI (JobID: fe00296b-c00e-4ecb-a485-9a74b359440f)
 - New and modified: 0

[28/Jun/2023:06:50:41] DELETING PREPAGATI (JobID: fe00296b-c00e-4ecb-a485-9a74b359440f)
 - Deleted: 0

[28/Jun/2023:07:00:17] UPDATING ACCOUNTS (JobID: 7e824ff5-8ae7-48bb-a99d-e7e08b874feb)
 - New and modified: 0

[28/Jun/2023:07:00:17] DELETING ACCOUNTS (JobID: 7e824ff5-8ae7-48bb-a99d-e7e08b874feb)
 - Deleted: 0

[28/Jun/2023:07:00:59] UPDATING PRODUCTS (JobID: 84f62d05-a8b8-456f-8057-a6a5a06ecf98)
 - New and modified: 0

[28/Jun/2023:07:01:01] UPDATING PREPAGATI (JobID: b789f18e-3b32-4c45-8c2b-3f889461f01d)
 - New and modified: 0

[28/Jun/2023:07:01:01] DELETING PREPAGATI (JobID: b789f18e-3b32-4c45-8c2b-3f889461f01d)
 - Deleted: 0

[28/Jun/2023:07:10:04] UPDATING ACCOUNTS (JobID: 1a2e685b-088c-4d25-8abd-73deb5c7527f)
 - New and modified: 0

[28/Jun/2023:07:10:04] DELETING ACCOUNTS (JobID: 1a2e685b-088c-4d25-8abd-73deb5c7527f)
 - Deleted: 0

[28/Jun/2023:07:10:42] UPDATING PRODUCTS (JobID: 6f0779ea-a83f-49d8-97a6-3694de26ca28)
 - New and modified: 0

[28/Jun/2023:07:10:44] UPDATING PREPAGATI (JobID: 76784570-5e15-4a21-874a-99434133b38c)
 - New and modified: 0

[28/Jun/2023:07:10:44] DELETING PREPAGATI (JobID: 76784570-5e15-4a21-874a-99434133b38c)
 - Deleted: 0

[28/Jun/2023:07:20:06] UPDATING ACCOUNTS (JobID: e1c3b390-11de-4ba1-8477-df38b8486e3f)
 - New and modified: 0

[28/Jun/2023:07:20:06] DELETING ACCOUNTS (JobID: e1c3b390-11de-4ba1-8477-df38b8486e3f)
 - Deleted: 0

[28/Jun/2023:07:20:41] UPDATING PRODUCTS (JobID: c7f8bf8c-17ef-47ab-855d-b5452f0a256b)
 - New and modified: 0

[28/Jun/2023:07:20:43] UPDATING PREPAGATI (JobID: b52c6475-91ce-4491-b50b-213d48c9512c)
 - New and modified: 0

[28/Jun/2023:07:20:43] DELETING PREPAGATI (JobID: b52c6475-91ce-4491-b50b-213d48c9512c)
 - Deleted: 0

[28/Jun/2023:07:30:04] UPDATING ACCOUNTS (JobID: 7cbd1c7d-cb29-416a-b368-57965cc67c2b)
 - New and modified: 0

[28/Jun/2023:07:30:04] DELETING ACCOUNTS (JobID: 7cbd1c7d-cb29-416a-b368-57965cc67c2b)
 - Deleted: 0

[28/Jun/2023:07:30:39] UPDATING PRODUCTS (JobID: a95c99d3-9424-4f5f-9236-041404b99665)
 - New and modified: 0

[28/Jun/2023:07:30:40] UPDATING PREPAGATI (JobID: 99f3de9d-4ad7-47d9-ad70-0a6246c0335b)
 - New and modified: 0

[28/Jun/2023:07:30:40] DELETING PREPAGATI (JobID: 99f3de9d-4ad7-47d9-ad70-0a6246c0335b)
 - Deleted: 0

[28/Jun/2023:07:40:04] UPDATING ACCOUNTS (JobID: 0c1470e1-2771-4216-9322-c9da628bbd9e)
 - New and modified: 0

[28/Jun/2023:07:40:04] DELETING ACCOUNTS (JobID: 0c1470e1-2771-4216-9322-c9da628bbd9e)
 - Deleted: 0

[28/Jun/2023:07:40:38] UPDATING PRODUCTS (JobID: 1f05400d-3ded-4fb0-94a6-27fc24bc3e5f)
 - New and modified: 0

[28/Jun/2023:07:40:40] UPDATING PREPAGATI (JobID: 04dce61d-af8b-4cea-9049-71c95188649f)
 - New and modified: 0

[28/Jun/2023:07:40:40] DELETING PREPAGATI (JobID: 04dce61d-af8b-4cea-9049-71c95188649f)
 - Deleted: 0

[28/Jun/2023:07:50:04] UPDATING ACCOUNTS (JobID: 536bfc23-a02c-4631-93bf-aac9a4133ec4)
 - New and modified: 0

[28/Jun/2023:07:50:04] DELETING ACCOUNTS (JobID: 536bfc23-a02c-4631-93bf-aac9a4133ec4)
 - Deleted: 0

[28/Jun/2023:07:50:38] UPDATING PRODUCTS (JobID: 8d8079f8-fc5f-4ee5-98c3-c7b5c0e8fd54)
 - New and modified: 0

[28/Jun/2023:07:50:40] UPDATING PREPAGATI (JobID: 4b81df01-f34e-475d-a772-ec5197e45383)
 - New and modified: 0

[28/Jun/2023:07:50:40] DELETING PREPAGATI (JobID: 4b81df01-f34e-475d-a772-ec5197e45383)
 - Deleted: 0

[28/Jun/2023:08:00:04] UPDATING ACCOUNTS (JobID: 6d8799ce-a64a-4400-9468-521998aac063)
 - New and modified: 0

[28/Jun/2023:08:00:04] DELETING ACCOUNTS (JobID: 6d8799ce-a64a-4400-9468-521998aac063)
 - Deleted: 0

[28/Jun/2023:08:00:39] UPDATING PRODUCTS (JobID: 6ece332e-96b8-42b5-87a8-2b9ff8cd04bc)
 - New and modified: 0

[28/Jun/2023:08:00:41] UPDATING PREPAGATI (JobID: ef0ac7f5-9367-4947-9c9e-ba05cd786d30)
 - New and modified: 0

[28/Jun/2023:08:00:41] DELETING PREPAGATI (JobID: ef0ac7f5-9367-4947-9c9e-ba05cd786d30)
 - Deleted: 0

[28/Jun/2023:08:10:05] UPDATING ACCOUNTS (JobID: 2d74dac3-f1fa-4290-b759-3e77bd3d06f3)
 - New and modified: 0

[28/Jun/2023:08:10:05] DELETING ACCOUNTS (JobID: 2d74dac3-f1fa-4290-b759-3e77bd3d06f3)
 - Deleted: 0

[28/Jun/2023:08:10:38] UPDATING PRODUCTS (JobID: 77bfc230-f834-4a60-ad6f-a588628ccff2)
 - New and modified: 0

[28/Jun/2023:08:10:40] UPDATING PREPAGATI (JobID: ad67c776-a3e0-4dad-a5bf-72c8eded0479)
 - New and modified: 0

[28/Jun/2023:08:10:40] DELETING PREPAGATI (JobID: ad67c776-a3e0-4dad-a5bf-72c8eded0479)
 - Deleted: 0

[28/Jun/2023:08:20:04] UPDATING ACCOUNTS (JobID: 30695c08-9e03-49b5-8f4e-31c2563440a5)
 - New and modified: 0

[28/Jun/2023:08:20:04] DELETING ACCOUNTS (JobID: 30695c08-9e03-49b5-8f4e-31c2563440a5)
 - Deleted: 0

[28/Jun/2023:08:20:36] UPDATING PRODUCTS (JobID: 50d2b8f9-1378-41db-9ab5-739bac21e439)
 - New and modified: 0

[28/Jun/2023:08:20:38] UPDATING PREPAGATI (JobID: 16dff123-c087-4e1f-ab9a-3aea10c52579)
 - New and modified: 0

[28/Jun/2023:08:20:38] DELETING PREPAGATI (JobID: 16dff123-c087-4e1f-ab9a-3aea10c52579)
 - Deleted: 0

[28/Jun/2023:08:30:04] UPDATING ACCOUNTS (JobID: ac434f63-4722-4a31-b154-a1f20b4a3e2b)
 - New and modified: 0

[28/Jun/2023:08:30:04] DELETING ACCOUNTS (JobID: ac434f63-4722-4a31-b154-a1f20b4a3e2b)
 - Deleted: 0

[28/Jun/2023:08:30:37] UPDATING PRODUCTS (JobID: cd009498-5c4d-4a65-bf12-d75d961404ed)
 - New and modified: 0

[28/Jun/2023:08:30:39] UPDATING PREPAGATI (JobID: 4857d527-8ef7-4f53-a23e-82c5532e1113)
 - New and modified: 0

[28/Jun/2023:08:30:39] DELETING PREPAGATI (JobID: 4857d527-8ef7-4f53-a23e-82c5532e1113)
 - Deleted: 0

[28/Jun/2023:08:40:04] UPDATING ACCOUNTS (JobID: 8c4e7f3c-967d-4eae-8c05-0b931c4dc2c1)
 - New and modified: 0

[28/Jun/2023:08:40:04] DELETING ACCOUNTS (JobID: 8c4e7f3c-967d-4eae-8c05-0b931c4dc2c1)
 - Deleted: 0

[28/Jun/2023:08:40:35] UPDATING PRODUCTS (JobID: 543a857c-1f19-4cf9-bba1-b132993de3f6)
 - New and modified: 0

[28/Jun/2023:08:40:37] UPDATING PREPAGATI (JobID: 3fe70f5a-fcbd-424c-8c26-f6a297e1828c)
 - New and modified: 0

[28/Jun/2023:08:40:37] DELETING PREPAGATI (JobID: 3fe70f5a-fcbd-424c-8c26-f6a297e1828c)
 - Deleted: 0

[28/Jun/2023:08:50:04] UPDATING ACCOUNTS (JobID: fd428929-e54c-4401-bf95-45111fa47d45)
 - New and modified: 0

[28/Jun/2023:08:50:04] DELETING ACCOUNTS (JobID: fd428929-e54c-4401-bf95-45111fa47d45)
 - Deleted: 0

[28/Jun/2023:08:50:38] UPDATING PRODUCTS (JobID: 6c24a22f-e362-492d-81ca-c52e92797cac)
 - New and modified: 0

[28/Jun/2023:08:50:39] UPDATING PREPAGATI (JobID: ff4d1f79-fa9d-4900-ae17-41cce451bc12)
 - New and modified: 0

[28/Jun/2023:08:50:39] DELETING PREPAGATI (JobID: ff4d1f79-fa9d-4900-ae17-41cce451bc12)
 - Deleted: 0

[28/Jun/2023:09:00:04] UPDATING ACCOUNTS (JobID: b0cae553-1fdc-4dcc-85ea-1903977cfb4b)
 - New and modified: 0

[28/Jun/2023:09:00:04] DELETING ACCOUNTS (JobID: b0cae553-1fdc-4dcc-85ea-1903977cfb4b)
 - Deleted: 0

[28/Jun/2023:09:00:35] UPDATING PRODUCTS (JobID: db8c78a0-40ef-491e-a2c2-34451e7371cb)
 - New and modified: 0

[28/Jun/2023:09:00:36] UPDATING PREPAGATI (JobID: 604d1622-7ec6-4b86-b54e-6b02e07f248b)
 - New and modified: 0

[28/Jun/2023:09:00:36] DELETING PREPAGATI (JobID: 604d1622-7ec6-4b86-b54e-6b02e07f248b)
 - Deleted: 0

[28/Jun/2023:09:10:04] UPDATING ACCOUNTS (JobID: 65c4292d-15c8-4f41-94ba-2f9cdc49d7e7)
 - New and modified: 0

[28/Jun/2023:09:10:04] DELETING ACCOUNTS (JobID: 65c4292d-15c8-4f41-94ba-2f9cdc49d7e7)
 - Deleted: 0

[28/Jun/2023:09:10:37] UPDATING PRODUCTS (JobID: 34b196f9-3580-4531-bcec-2502af88cec4)
 - New and modified: 0

[28/Jun/2023:09:10:39] UPDATING PREPAGATI (JobID: ac1ee481-fe02-42b6-8602-52503c0a405a)
 - New and modified: 0

[28/Jun/2023:09:10:39] DELETING PREPAGATI (JobID: ac1ee481-fe02-42b6-8602-52503c0a405a)
 - Deleted: 0

[28/Jun/2023:09:20:04] UPDATING ACCOUNTS (JobID: 6749a125-32e5-4119-a352-c21b3aa5540b)
 - New and modified: 0

[28/Jun/2023:09:20:04] DELETING ACCOUNTS (JobID: 6749a125-32e5-4119-a352-c21b3aa5540b)
 - Deleted: 0

[28/Jun/2023:09:20:35] UPDATING PRODUCTS (JobID: 06bdba57-d52f-4ade-8048-c259da4d7d35)
 - New and modified: 0

[28/Jun/2023:09:20:37] UPDATING PREPAGATI (JobID: ccefbc13-c367-41e1-9e66-51158961419e)
 - New and modified: 0

[28/Jun/2023:09:20:37] DELETING PREPAGATI (JobID: ccefbc13-c367-41e1-9e66-51158961419e)
 - Deleted: 0

[28/Jun/2023:09:30:04] UPDATING ACCOUNTS (JobID: c8f1788f-e226-487c-afbf-47b7653a65ae)
 - New and modified: 0

[28/Jun/2023:09:30:04] DELETING ACCOUNTS (JobID: c8f1788f-e226-487c-afbf-47b7653a65ae)
 - Deleted: 0

[28/Jun/2023:09:30:34] UPDATING PRODUCTS (JobID: 71f80344-ebcc-4d8a-960c-6b097e2056d4)
 - New and modified: 0

[28/Jun/2023:09:30:36] UPDATING PREPAGATI (JobID: 4dc41a48-b4c4-4d3c-ba97-9bb0303ea38a)
 - New and modified: 0

[28/Jun/2023:09:30:36] DELETING PREPAGATI (JobID: 4dc41a48-b4c4-4d3c-ba97-9bb0303ea38a)
 - Deleted: 0

[28/Jun/2023:09:40:04] UPDATING ACCOUNTS (JobID: d0deff79-595e-4e8d-a7f7-c03a3bd9294a)
 - New and modified: 0

[28/Jun/2023:09:40:04] DELETING ACCOUNTS (JobID: d0deff79-595e-4e8d-a7f7-c03a3bd9294a)
 - Deleted: 0

[28/Jun/2023:09:40:33] UPDATING PRODUCTS (JobID: ddca001b-80fa-4da2-9531-9d441cb766cf)
 - New and modified: 0

[28/Jun/2023:09:40:34] UPDATING PREPAGATI (JobID: 714c5697-7580-4373-abc9-e0b41bd5e50a)
 - New and modified: 0

[28/Jun/2023:09:40:34] DELETING PREPAGATI (JobID: 714c5697-7580-4373-abc9-e0b41bd5e50a)
 - Deleted: 0

[28/Jun/2023:09:50:04] UPDATING ACCOUNTS (JobID: 558e5256-fc64-4b91-95d0-e9f57066f721)
 - New and modified: 0

[28/Jun/2023:09:50:04] DELETING ACCOUNTS (JobID: 558e5256-fc64-4b91-95d0-e9f57066f721)
 - Deleted: 0

[28/Jun/2023:09:50:33] UPDATING PRODUCTS (JobID: 12045b10-5dcb-4909-b507-bb452947b496)
 - New and modified: 0

[28/Jun/2023:09:50:35] UPDATING PREPAGATI (JobID: 3848b841-9cd0-4878-8e52-9a6f31c94497)
 - New and modified: 0

[28/Jun/2023:09:50:35] DELETING PREPAGATI (JobID: 3848b841-9cd0-4878-8e52-9a6f31c94497)
 - Deleted: 0

[28/Jun/2023:10:00:04] UPDATING ACCOUNTS (JobID: dd534784-a331-4190-b72e-17fe9a2a9463)
 - New and modified: 0

[28/Jun/2023:10:00:04] DELETING ACCOUNTS (JobID: dd534784-a331-4190-b72e-17fe9a2a9463)
 - Deleted: 0

[28/Jun/2023:10:00:36] UPDATING PRODUCTS (JobID: 64d1435f-d075-4aaf-b812-bee1f4e417fc)
 - New and modified: 0

[28/Jun/2023:10:00:38] UPDATING PREPAGATI (JobID: bc103bbb-b05c-42f8-8d43-e1a6f9fe804d)
 - New and modified: 0

[28/Jun/2023:10:00:38] DELETING PREPAGATI (JobID: bc103bbb-b05c-42f8-8d43-e1a6f9fe804d)
 - Deleted: 0

[28/Jun/2023:10:10:04] UPDATING ACCOUNTS (JobID: 3603cb94-f77a-4a26-b090-6f37ce189241)
 - New and modified: 0

[28/Jun/2023:10:10:04] DELETING ACCOUNTS (JobID: 3603cb94-f77a-4a26-b090-6f37ce189241)
 - Deleted: 0

[28/Jun/2023:10:10:37] UPDATING PRODUCTS (JobID: d918bd66-4fa1-4d9c-8cbe-b322954ec286)
 - New and modified: 0

[28/Jun/2023:10:10:39] UPDATING PREPAGATI (JobID: c124cbae-4830-42da-9db7-e689b09f95f1)
 - New and modified: 0

[28/Jun/2023:10:10:39] DELETING PREPAGATI (JobID: c124cbae-4830-42da-9db7-e689b09f95f1)
 - Deleted: 0

[28/Jun/2023:10:20:04] UPDATING ACCOUNTS (JobID: 14137afd-5dd8-4c1c-8b64-52cd375ba7d7)
 - New and modified: 0

[28/Jun/2023:10:20:04] DELETING ACCOUNTS (JobID: 14137afd-5dd8-4c1c-8b64-52cd375ba7d7)
 - Deleted: 0

[28/Jun/2023:10:20:37] UPDATING PRODUCTS (JobID: 088a5e05-f681-46cf-8c49-1ffa0a585968)
 - New and modified: 0

[28/Jun/2023:10:20:39] UPDATING PREPAGATI (JobID: 1753546a-405f-43ce-8e14-87fdb514c840)
 - New and modified: 0

[28/Jun/2023:10:20:39] DELETING PREPAGATI (JobID: 1753546a-405f-43ce-8e14-87fdb514c840)
 - Deleted: 0

[28/Jun/2023:10:30:04] UPDATING ACCOUNTS (JobID: c7a19893-155f-4cf8-a585-0a56d9e0d892)
 - New and modified: 0

[28/Jun/2023:10:30:04] DELETING ACCOUNTS (JobID: c7a19893-155f-4cf8-a585-0a56d9e0d892)
 - Deleted: 0

[28/Jun/2023:10:30:35] UPDATING PRODUCTS (JobID: 7a713134-db94-416f-b616-260bb938d092)
 - New and modified: 0

[28/Jun/2023:10:30:37] UPDATING PREPAGATI (JobID: 75e3fecc-3f34-4413-a198-cca069c5c594)
 - New and modified: 0

[28/Jun/2023:10:30:37] DELETING PREPAGATI (JobID: 75e3fecc-3f34-4413-a198-cca069c5c594)
 - Deleted: 0

[28/Jun/2023:10:40:05] UPDATING ACCOUNTS (JobID: 7a4b2471-1350-4343-946b-fc06ccc4349f)
 - New and modified: 0

[28/Jun/2023:10:40:05] DELETING ACCOUNTS (JobID: 7a4b2471-1350-4343-946b-fc06ccc4349f)
 - Deleted: 0

[28/Jun/2023:10:40:37] UPDATING PRODUCTS (JobID: c7724645-1a0f-4ca3-a1bf-59e98f8cd246)
 - New and modified: 0

[28/Jun/2023:10:40:39] UPDATING PREPAGATI (JobID: b7844ca2-036d-4759-b104-ca6d74fb22f4)
 - New and modified: 0

[28/Jun/2023:10:40:39] DELETING PREPAGATI (JobID: b7844ca2-036d-4759-b104-ca6d74fb22f4)
 - Deleted: 0

[28/Jun/2023:10:50:05] UPDATING ACCOUNTS (JobID: d8b997e8-c411-4686-8b4c-128f31667283)
 - New and modified: 0

[28/Jun/2023:10:50:05] DELETING ACCOUNTS (JobID: d8b997e8-c411-4686-8b4c-128f31667283)
 - Deleted: 0

[28/Jun/2023:10:50:35] UPDATING PRODUCTS (JobID: 8d8e956e-0eec-4124-852a-ee2a677f38f3)
 - New and modified: 0

[28/Jun/2023:10:50:37] UPDATING PREPAGATI (JobID: 7acee06b-023e-4853-acdd-3d00d6123fdc)
 - New and modified: 0

[28/Jun/2023:10:50:37] DELETING PREPAGATI (JobID: 7acee06b-023e-4853-acdd-3d00d6123fdc)
 - Deleted: 0

[28/Jun/2023:11:00:04] UPDATING ACCOUNTS (JobID: be4738ca-a5af-4b6c-99b5-bd867d33efdd)
 - New and modified: 0

[28/Jun/2023:11:00:04] DELETING ACCOUNTS (JobID: be4738ca-a5af-4b6c-99b5-bd867d33efdd)
 - Deleted: 0

[28/Jun/2023:11:00:38] UPDATING PRODUCTS (JobID: cb2ad213-dba9-43ed-9010-c2507bba755e)
 - New and modified: 0

[28/Jun/2023:11:00:40] UPDATING PREPAGATI (JobID: 69249724-6230-4813-81e5-6bb2a4664e0a)
 - New and modified: 0

[28/Jun/2023:11:00:40] DELETING PREPAGATI (JobID: 69249724-6230-4813-81e5-6bb2a4664e0a)
 - Deleted: 0

[28/Jun/2023:11:10:04] UPDATING ACCOUNTS (JobID: b28b992f-8d2e-4a0c-8b92-04e8a5dda0c4)
 - New and modified: 0

[28/Jun/2023:11:10:04] DELETING ACCOUNTS (JobID: b28b992f-8d2e-4a0c-8b92-04e8a5dda0c4)
 - Deleted: 0

[28/Jun/2023:11:10:36] UPDATING PRODUCTS (JobID: aca554b0-d5f8-4910-a9f1-c9998ffbc602)
 - New and modified: 0

[28/Jun/2023:11:10:38] UPDATING PREPAGATI (JobID: 97da2ed1-8188-49af-b68d-f5d7a1bbe870)
 - New and modified: 0

[28/Jun/2023:11:10:38] DELETING PREPAGATI (JobID: 97da2ed1-8188-49af-b68d-f5d7a1bbe870)
 - Deleted: 0

[28/Jun/2023:11:20:04] UPDATING ACCOUNTS (JobID: e1f06977-9083-4bc1-bb44-2d7676c5925f)
 - New and modified: 0

[28/Jun/2023:11:20:04] DELETING ACCOUNTS (JobID: e1f06977-9083-4bc1-bb44-2d7676c5925f)
 - Deleted: 0

[28/Jun/2023:11:20:35] UPDATING PRODUCTS (JobID: 55a1b6d3-f8cb-4601-a05b-eafed087d9d7)
 - New and modified: 0

[28/Jun/2023:11:20:37] UPDATING PREPAGATI (JobID: e198f13c-830c-41e2-858c-0de05fe81e65)
 - New and modified: 0

[28/Jun/2023:11:20:37] DELETING PREPAGATI (JobID: e198f13c-830c-41e2-858c-0de05fe81e65)
 - Deleted: 0

[28/Jun/2023:11:30:04] UPDATING ACCOUNTS (JobID: 3da96cbb-830d-4f86-ae5e-68eda0eda64d)
 - New and modified: 0

[28/Jun/2023:11:30:04] DELETING ACCOUNTS (JobID: 3da96cbb-830d-4f86-ae5e-68eda0eda64d)
 - Deleted: 0

[28/Jun/2023:11:30:33] UPDATING PRODUCTS (JobID: 2ed11b0f-0fdd-4cd9-b2c7-e2aad7ecf151)
 - New and modified: 0

[28/Jun/2023:11:30:35] UPDATING PREPAGATI (JobID: f78c4c58-3e12-48e6-8e44-7cbd80e997f2)
 - New and modified: 0

[28/Jun/2023:11:30:35] DELETING PREPAGATI (JobID: f78c4c58-3e12-48e6-8e44-7cbd80e997f2)
 - Deleted: 0

[28/Jun/2023:11:40:04] UPDATING ACCOUNTS (JobID: fd45df5d-678c-4881-b411-f8138579310e)
 - New and modified: 0

[28/Jun/2023:11:40:04] DELETING ACCOUNTS (JobID: fd45df5d-678c-4881-b411-f8138579310e)
 - Deleted: 0

[28/Jun/2023:11:40:35] UPDATING PRODUCTS (JobID: 13fdec5f-d457-4099-a029-fb79aadf06de)
 - New and modified: 0

[28/Jun/2023:11:40:36] UPDATING PREPAGATI (JobID: 1d1b504f-e830-4d49-acc3-6dca6526ba24)
 - New and modified: 0

[28/Jun/2023:11:40:36] DELETING PREPAGATI (JobID: 1d1b504f-e830-4d49-acc3-6dca6526ba24)
 - Deleted: 0

[28/Jun/2023:11:50:04] UPDATING ACCOUNTS (JobID: 5a218fb4-819f-4dd3-b0a7-ffba7c368473)
 - New and modified: 0

[28/Jun/2023:11:50:04] DELETING ACCOUNTS (JobID: 5a218fb4-819f-4dd3-b0a7-ffba7c368473)
 - Deleted: 0

[28/Jun/2023:11:50:34] UPDATING PRODUCTS (JobID: 600353b8-b04b-446b-bf3f-842c980f3df3)
 - New and modified: 0

[28/Jun/2023:11:50:36] UPDATING PREPAGATI (JobID: ce88ebff-3b41-444f-a0e7-591aec551854)
 - New and modified: 0

[28/Jun/2023:11:50:36] DELETING PREPAGATI (JobID: ce88ebff-3b41-444f-a0e7-591aec551854)
 - Deleted: 0

[28/Jun/2023:12:00:04] UPDATING ACCOUNTS (JobID: a273dc41-17bd-4ade-afdb-25a2dbd81032)
 - New and modified: 0

[28/Jun/2023:12:00:04] DELETING ACCOUNTS (JobID: a273dc41-17bd-4ade-afdb-25a2dbd81032)
 - Deleted: 0

[28/Jun/2023:12:00:35] UPDATING PRODUCTS (JobID: 18076363-8e4c-4c81-960c-5086582262fa)
 - New and modified: 0

[28/Jun/2023:12:00:37] UPDATING PREPAGATI (JobID: f998e3a2-283d-4e20-b12f-e7e9f248314a)
 - New and modified: 0

[28/Jun/2023:12:00:37] DELETING PREPAGATI (JobID: f998e3a2-283d-4e20-b12f-e7e9f248314a)
 - Deleted: 0

[28/Jun/2023:12:10:03] UPDATING ACCOUNTS (JobID: 2e6bd0af-abeb-49b7-acca-5802ad5523b8)
 - New and modified: 0

[28/Jun/2023:12:10:03] DELETING ACCOUNTS (JobID: 2e6bd0af-abeb-49b7-acca-5802ad5523b8)
 - Deleted: 0

[28/Jun/2023:12:10:34] UPDATING PRODUCTS (JobID: 80982886-5fdc-4b93-9725-bf2c201ab6e1)
 - New and modified: 0

[28/Jun/2023:12:10:36] UPDATING PREPAGATI (JobID: 245f7807-781a-4223-84f2-c96826ebf691)
 - New and modified: 0

[28/Jun/2023:12:10:36] DELETING PREPAGATI (JobID: 245f7807-781a-4223-84f2-c96826ebf691)
 - Deleted: 0

[28/Jun/2023:12:20:04] UPDATING ACCOUNTS (JobID: 5fb12314-8eb6-4bc3-9536-49ad88e02d6e)
 - New and modified: 0

[28/Jun/2023:12:20:04] DELETING ACCOUNTS (JobID: 5fb12314-8eb6-4bc3-9536-49ad88e02d6e)
 - Deleted: 0

[28/Jun/2023:12:20:36] UPDATING PRODUCTS (JobID: 1fd17a74-8126-47ba-ba5e-47643f7270c4)
 - New and modified: 0

[28/Jun/2023:12:20:37] UPDATING PREPAGATI (JobID: 72ecc70e-585e-446e-b179-00a25f2435e8)
 - New and modified: 0

[28/Jun/2023:12:20:37] DELETING PREPAGATI (JobID: 72ecc70e-585e-446e-b179-00a25f2435e8)
 - Deleted: 0

[28/Jun/2023:12:30:04] UPDATING ACCOUNTS (JobID: 2c04dd06-ea7e-4056-a070-70b763336afb)
 - New and modified: 0

[28/Jun/2023:12:30:04] DELETING ACCOUNTS (JobID: 2c04dd06-ea7e-4056-a070-70b763336afb)
 - Deleted: 0

[28/Jun/2023:12:30:34] UPDATING PRODUCTS (JobID: 936b2b3e-820e-412a-93f6-6eca6c20b1dd)
 - New and modified: 0

[28/Jun/2023:12:30:35] UPDATING PREPAGATI (JobID: 4e0c8ab8-581a-4fa8-a5bf-a6059b6a84d1)
 - New and modified: 0

[28/Jun/2023:12:30:35] DELETING PREPAGATI (JobID: 4e0c8ab8-581a-4fa8-a5bf-a6059b6a84d1)
 - Deleted: 0

[28/Jun/2023:12:40:04] UPDATING ACCOUNTS (JobID: 84badbe0-960d-4795-b352-be57fb4fe4f3)
 - New and modified: 0

[28/Jun/2023:12:40:04] DELETING ACCOUNTS (JobID: 84badbe0-960d-4795-b352-be57fb4fe4f3)
 - Deleted: 0

[28/Jun/2023:12:40:33] UPDATING PRODUCTS (JobID: a76d21f9-0745-4fc3-b81b-bf9b3e43b97f)
 - New and modified: 0

[28/Jun/2023:12:40:35] UPDATING PREPAGATI (JobID: ba4e4bab-cdf2-4fe5-9c71-bcd1dff272e7)
 - New and modified: 0

[28/Jun/2023:12:40:35] DELETING PREPAGATI (JobID: ba4e4bab-cdf2-4fe5-9c71-bcd1dff272e7)
 - Deleted: 0

[28/Jun/2023:12:50:04] UPDATING ACCOUNTS (JobID: 813bed73-fd7a-4a4e-864d-eb3265e42473)
 - New and modified: 0

[28/Jun/2023:12:50:04] DELETING ACCOUNTS (JobID: 813bed73-fd7a-4a4e-864d-eb3265e42473)
 - Deleted: 0

[28/Jun/2023:12:50:33] UPDATING PRODUCTS (JobID: eca5155b-4b5e-4009-95df-6914db7ea316)
 - New and modified: 0

[28/Jun/2023:12:50:35] UPDATING PREPAGATI (JobID: 662d9dc6-001a-4f32-95a9-aa39a0e1dceb)
 - New and modified: 0

[28/Jun/2023:12:50:35] DELETING PREPAGATI (JobID: 662d9dc6-001a-4f32-95a9-aa39a0e1dceb)
 - Deleted: 0

[28/Jun/2023:13:00:03] UPDATING ACCOUNTS (JobID: 069154a9-aa55-440b-b223-0c42c21f159b)
 - New and modified: 0

[28/Jun/2023:13:00:03] DELETING ACCOUNTS (JobID: 069154a9-aa55-440b-b223-0c42c21f159b)
 - Deleted: 0

[28/Jun/2023:13:00:33] UPDATING PRODUCTS (JobID: 83d70fbc-fdee-4d43-84ec-108209196063)
 - New and modified: 0

[28/Jun/2023:13:00:35] UPDATING PREPAGATI (JobID: ce2aaa88-9a73-4ce2-8144-1765ca26572a)
 - New and modified: 0

[28/Jun/2023:13:00:35] DELETING PREPAGATI (JobID: ce2aaa88-9a73-4ce2-8144-1765ca26572a)
 - Deleted: 0

[28/Jun/2023:13:10:04] UPDATING ACCOUNTS (JobID: 3cc7194d-2ba0-44f2-a1f2-76b332b771fb)
 - New and modified: 0

[28/Jun/2023:13:10:04] DELETING ACCOUNTS (JobID: 3cc7194d-2ba0-44f2-a1f2-76b332b771fb)
 - Deleted: 0

[28/Jun/2023:13:10:35] UPDATING PRODUCTS (JobID: ab4bcace-c701-43e5-97ff-373175f98b04)
 - New and modified: 0

[28/Jun/2023:13:10:37] UPDATING PREPAGATI (JobID: 67b2f72c-0114-4e88-a244-b33364739e66)
 - New and modified: 0

[28/Jun/2023:13:10:37] DELETING PREPAGATI (JobID: 67b2f72c-0114-4e88-a244-b33364739e66)
 - Deleted: 0

[28/Jun/2023:13:30:04] UPDATING ACCOUNTS (JobID: 7d03ef30-9bb3-4667-8cf2-bf2cd2ac25f4)
 - New and modified: 0

[28/Jun/2023:13:30:04] DELETING ACCOUNTS (JobID: 7d03ef30-9bb3-4667-8cf2-bf2cd2ac25f4)
 - Deleted: 0

[28/Jun/2023:13:30:34] UPDATING PRODUCTS (JobID: c3488379-7fda-4292-b82a-1589f280cd04)
 - New and modified: 0

[28/Jun/2023:13:30:36] UPDATING PREPAGATI (JobID: 735bab1d-b8de-42f3-8d74-6bb1a4aea82b)
 - New and modified: 0

[28/Jun/2023:13:30:36] DELETING PREPAGATI (JobID: 735bab1d-b8de-42f3-8d74-6bb1a4aea82b)
 - Deleted: 0

[28/Jun/2023:13:40:04] UPDATING ACCOUNTS (JobID: 1f74a5eb-647c-49a7-adf3-63181c41d27b)
 - New and modified: 0

[28/Jun/2023:13:40:04] DELETING ACCOUNTS (JobID: 1f74a5eb-647c-49a7-adf3-63181c41d27b)
 - Deleted: 0

[28/Jun/2023:13:40:34] UPDATING PRODUCTS (JobID: 0ce96b0a-64d9-4804-a773-6e5036dbbb62)
 - New and modified: 0

[28/Jun/2023:13:40:35] UPDATING PREPAGATI (JobID: 73a436e7-20c3-43b6-9952-662c2ed8b535)
 - New and modified: 0

[28/Jun/2023:13:40:35] DELETING PREPAGATI (JobID: 73a436e7-20c3-43b6-9952-662c2ed8b535)
 - Deleted: 0

[28/Jun/2023:13:50:04] UPDATING ACCOUNTS (JobID: 52d58c15-ba5a-4f40-a08e-b25dc5a482ed)
 - New and modified: 0

[28/Jun/2023:13:50:04] DELETING ACCOUNTS (JobID: 52d58c15-ba5a-4f40-a08e-b25dc5a482ed)
 - Deleted: 0

[28/Jun/2023:13:50:35] UPDATING PRODUCTS (JobID: e2a0f575-3e01-4b33-a925-ff0e98465c8a)
 - New and modified: 0

[28/Jun/2023:13:50:36] UPDATING PREPAGATI (JobID: ae2daaef-00a0-4ae2-8a6d-712170fa29f8)
 - New and modified: 0

[28/Jun/2023:13:50:36] DELETING PREPAGATI (JobID: ae2daaef-00a0-4ae2-8a6d-712170fa29f8)
 - Deleted: 0

[28/Jun/2023:14:00:04] UPDATING ACCOUNTS (JobID: c3d271d4-a254-4b27-9c18-2ce62efa7afa)
 - New and modified: 0

[28/Jun/2023:14:00:04] DELETING ACCOUNTS (JobID: c3d271d4-a254-4b27-9c18-2ce62efa7afa)
 - Deleted: 0

[28/Jun/2023:14:00:36] UPDATING PRODUCTS (JobID: 69c75093-6fa5-4ebf-a6af-adbac4f77333)
 - New and modified: 0

[28/Jun/2023:14:00:38] UPDATING PREPAGATI (JobID: 2b010a48-7dee-4ba6-a2dd-d55ee4d8f619)
 - New and modified: 0

[28/Jun/2023:14:00:38] DELETING PREPAGATI (JobID: 2b010a48-7dee-4ba6-a2dd-d55ee4d8f619)
 - Deleted: 0

[28/Jun/2023:14:10:04] UPDATING ACCOUNTS (JobID: 5b0f4482-07e1-4ba1-b2db-3b1b4d299e94)
 - New and modified: 0

[28/Jun/2023:14:10:04] DELETING ACCOUNTS (JobID: 5b0f4482-07e1-4ba1-b2db-3b1b4d299e94)
 - Deleted: 0

[28/Jun/2023:14:10:33] UPDATING PRODUCTS (JobID: 1bf00b3f-62b5-462f-a69e-ac6ecc114e42)
 - New and modified: 0

[28/Jun/2023:14:10:35] UPDATING PREPAGATI (JobID: c170381b-8dda-43b6-8261-82220f7473ec)
 - New and modified: 0

[28/Jun/2023:14:10:35] DELETING PREPAGATI (JobID: c170381b-8dda-43b6-8261-82220f7473ec)
 - Deleted: 0

[28/Jun/2023:14:20:04] UPDATING ACCOUNTS (JobID: 6e6ae3af-0a86-4c29-9067-95efe9b78d8e)
 - New and modified: 0

[28/Jun/2023:14:20:04] DELETING ACCOUNTS (JobID: 6e6ae3af-0a86-4c29-9067-95efe9b78d8e)
 - Deleted: 0

[28/Jun/2023:14:20:34] UPDATING PRODUCTS (JobID: 95bf116a-4489-4554-bec6-b0acd2509eb3)
 - New and modified: 1
   5V8P3EA

[28/Jun/2023:14:20:36] UPDATING PREPAGATI (JobID: f6716cba-bf39-4c02-96d2-ec4ea809b9c5)
 - New and modified: 0

[28/Jun/2023:14:20:36] DELETING PREPAGATI (JobID: f6716cba-bf39-4c02-96d2-ec4ea809b9c5)
 - Deleted: 0

[28/Jun/2023:14:30:04] UPDATING ACCOUNTS (JobID: 353fdc62-2af5-4eda-9799-5245f4435e7d)
 - New and modified: 0

[28/Jun/2023:14:30:04] DELETING ACCOUNTS (JobID: 353fdc62-2af5-4eda-9799-5245f4435e7d)
 - Deleted: 0

[28/Jun/2023:14:30:34] UPDATING PRODUCTS (JobID: 9ea7e7e2-a487-470f-892a-519214e01afc)
 - New and modified: 0

[28/Jun/2023:14:30:35] UPDATING PREPAGATI (JobID: f1938021-6077-44a3-b050-5f57d400999e)
 - New and modified: 0

[28/Jun/2023:14:30:35] DELETING PREPAGATI (JobID: f1938021-6077-44a3-b050-5f57d400999e)
 - Deleted: 0

[28/Jun/2023:14:40:04] UPDATING ACCOUNTS (JobID: 86bec40b-4efa-4518-92b3-8f23a88ed1b3)
 - New and modified: 0

[28/Jun/2023:14:40:04] DELETING ACCOUNTS (JobID: 86bec40b-4efa-4518-92b3-8f23a88ed1b3)
 - Deleted: 0

[28/Jun/2023:14:40:35] UPDATING PRODUCTS (JobID: 1e45fdff-7111-48b2-a9ff-388952b498c5)
 - New and modified: 0

[28/Jun/2023:14:40:36] UPDATING PREPAGATI (JobID: 8318dc0b-f2a1-460a-8d14-9da57db19270)
 - New and modified: 0

[28/Jun/2023:14:40:36] DELETING PREPAGATI (JobID: 8318dc0b-f2a1-460a-8d14-9da57db19270)
 - Deleted: 0

[28/Jun/2023:14:50:04] UPDATING ACCOUNTS (JobID: a633e539-fcf9-4399-811c-e408b0e7b13e)
 - New and modified: 0

[28/Jun/2023:14:50:04] DELETING ACCOUNTS (JobID: a633e539-fcf9-4399-811c-e408b0e7b13e)
 - Deleted: 0

[28/Jun/2023:14:50:34] UPDATING PRODUCTS (JobID: 75512b42-aade-4dd4-811f-42a098820532)
 - New and modified: 0

[28/Jun/2023:14:50:35] UPDATING PREPAGATI (JobID: 9185c6fe-690d-4616-96f3-65efcfd60e62)
 - New and modified: 0

[28/Jun/2023:14:50:35] DELETING PREPAGATI (JobID: 9185c6fe-690d-4616-96f3-65efcfd60e62)
 - Deleted: 0

[28/Jun/2023:15:10:04] UPDATING ACCOUNTS (JobID: 6781a16b-b03b-45fe-8905-e4956d72db16)
 - New and modified: 0

[28/Jun/2023:15:10:04] DELETING ACCOUNTS (JobID: 6781a16b-b03b-45fe-8905-e4956d72db16)
 - Deleted: 0

[28/Jun/2023:15:10:36] UPDATING PRODUCTS (JobID: c7f7ab0e-ac05-46b3-adac-15cd5adca60c)
 - New and modified: 0

[28/Jun/2023:15:10:38] UPDATING PREPAGATI (JobID: f8700d21-159c-4e5f-bb05-39f2285e57a9)
 - New and modified: 0

[28/Jun/2023:15:10:38] DELETING PREPAGATI (JobID: f8700d21-159c-4e5f-bb05-39f2285e57a9)
 - Deleted: 0

[28/Jun/2023:15:20:04] UPDATING ACCOUNTS (JobID: 1dc85208-9103-4abe-be53-46b8aef2c677)
 - New and modified: 0

[28/Jun/2023:15:20:04] DELETING ACCOUNTS (JobID: 1dc85208-9103-4abe-be53-46b8aef2c677)
 - Deleted: 0

[28/Jun/2023:15:20:35] UPDATING PRODUCTS (JobID: c01fafc1-ec4d-43c0-84bc-f4309fd25f99)
 - New and modified: 1
   P56961-B21

[28/Jun/2023:15:20:37] UPDATING PREPAGATI (JobID: 2db6dbfa-5c9c-4965-b002-6213dda2f8ea)
 - New and modified: 0

[28/Jun/2023:15:20:37] DELETING PREPAGATI (JobID: 2db6dbfa-5c9c-4965-b002-6213dda2f8ea)
 - Deleted: 0

[28/Jun/2023:15:30:03] UPDATING ACCOUNTS (JobID: da09d31f-45f4-4e9e-8704-e48cee96002d)
 - New and modified: 0

[28/Jun/2023:15:30:03] DELETING ACCOUNTS (JobID: da09d31f-45f4-4e9e-8704-e48cee96002d)
 - Deleted: 0

[28/Jun/2023:15:30:34] UPDATING PRODUCTS (JobID: 5a5dd880-a42b-487d-99df-f3cd4a94807e)
 - New and modified: 3
   865414-B21
   P18420-B21
   P28352-B21

[28/Jun/2023:15:30:35] UPDATING PREPAGATI (JobID: c8a0b585-2686-4946-b590-946beac04b6e)
 - New and modified: 0

[28/Jun/2023:15:30:35] DELETING PREPAGATI (JobID: c8a0b585-2686-4946-b590-946beac04b6e)
 - Deleted: 0

[28/Jun/2023:15:40:04] UPDATING ACCOUNTS (JobID: 9f0725c0-0aa6-48d5-8369-63fbd315d0a5)
 - New and modified: 0

[28/Jun/2023:15:40:04] DELETING ACCOUNTS (JobID: 9f0725c0-0aa6-48d5-8369-63fbd315d0a5)
 - Deleted: 0

[28/Jun/2023:15:40:34] UPDATING PRODUCTS (JobID: fc6f8dea-d76e-4ba4-8955-ddf40a9801fb)
 - New and modified: 0

[28/Jun/2023:15:40:35] UPDATING PREPAGATI (JobID: e9447401-a490-400a-ba6a-ebd3fa784cf7)
 - New and modified: 0

[28/Jun/2023:15:40:35] DELETING PREPAGATI (JobID: e9447401-a490-400a-ba6a-ebd3fa784cf7)
 - Deleted: 0

[28/Jun/2023:15:50:04] UPDATING ACCOUNTS (JobID: a2702b0f-d962-4cdc-844f-f730085fd164)
 - New and modified: 0

[28/Jun/2023:15:50:04] DELETING ACCOUNTS (JobID: a2702b0f-d962-4cdc-844f-f730085fd164)
 - Deleted: 0

[28/Jun/2023:15:50:34] UPDATING PRODUCTS (JobID: b70906dd-19cc-4e48-8a50-6d21aed31f71)
 - New and modified: 0

[28/Jun/2023:15:50:35] UPDATING PREPAGATI (JobID: 4b9e4b37-c070-4066-95a5-2d7078ccb237)
 - New and modified: 0

[28/Jun/2023:15:50:35] DELETING PREPAGATI (JobID: 4b9e4b37-c070-4066-95a5-2d7078ccb237)
 - Deleted: 0

[28/Jun/2023:16:20:04] UPDATING ACCOUNTS (JobID: 54738dd4-b15f-4013-a188-7c85b2f5c7ed)
 - New and modified: 0

[28/Jun/2023:16:20:04] DELETING ACCOUNTS (JobID: 54738dd4-b15f-4013-a188-7c85b2f5c7ed)
 - Deleted: 0

[28/Jun/2023:16:20:35] UPDATING PRODUCTS (JobID: 85654a17-752b-449d-a003-b665521e86a8)
 - New and modified: 0

[28/Jun/2023:16:20:36] UPDATING PREPAGATI (JobID: 32b2ef66-7700-4c08-8a29-e6e1e8e1a396)
 - New and modified: 0

[28/Jun/2023:16:20:36] DELETING PREPAGATI (JobID: 32b2ef66-7700-4c08-8a29-e6e1e8e1a396)
 - Deleted: 0

[28/Jun/2023:16:30:04] UPDATING ACCOUNTS (JobID: dd513ac0-59a5-44e0-a3a2-5361f3d970e8)
 - New and modified: 0

[28/Jun/2023:16:30:04] DELETING ACCOUNTS (JobID: dd513ac0-59a5-44e0-a3a2-5361f3d970e8)
 - Deleted: 0

[28/Jun/2023:16:30:33] UPDATING PRODUCTS (JobID: 8954581d-e765-49fe-8e39-f5577e33f356)
 - New and modified: 0

[28/Jun/2023:16:30:35] UPDATING PREPAGATI (JobID: 1e97b3df-460d-4ecb-9450-b428a53fe021)
 - New and modified: 0

[28/Jun/2023:16:30:35] DELETING PREPAGATI (JobID: 1e97b3df-460d-4ecb-9450-b428a53fe021)
 - Deleted: 0

[28/Jun/2023:16:40:04] UPDATING ACCOUNTS (JobID: 0ccb14a6-9cb2-4245-8c02-7851874fc9da)
 - New and modified: 0

[28/Jun/2023:16:40:04] DELETING ACCOUNTS (JobID: 0ccb14a6-9cb2-4245-8c02-7851874fc9da)
 - Deleted: 0

[28/Jun/2023:16:40:33] UPDATING PRODUCTS (JobID: 65fe049d-3198-407b-b973-7c0fa9748668)
 - New and modified: 0

[28/Jun/2023:16:40:34] UPDATING PREPAGATI (JobID: fd0577be-8ba9-4bf0-9cc7-8b7657094e03)
 - New and modified: 0

[28/Jun/2023:16:40:34] DELETING PREPAGATI (JobID: fd0577be-8ba9-4bf0-9cc7-8b7657094e03)
 - Deleted: 0

[28/Jun/2023:16:50:04] UPDATING ACCOUNTS (JobID: c5871ff8-0dc3-4b07-b841-9f0f8b32794d)
 - New and modified: 0

[28/Jun/2023:16:50:04] DELETING ACCOUNTS (JobID: c5871ff8-0dc3-4b07-b841-9f0f8b32794d)
 - Deleted: 0

[28/Jun/2023:16:50:33] UPDATING PRODUCTS (JobID: 283abe6d-0666-49df-b469-ae4892b47f73)
 - New and modified: 0

[28/Jun/2023:16:50:34] UPDATING PREPAGATI (JobID: aa983e5c-1167-4eed-b858-d55ec6ed4866)
 - New and modified: 0

[28/Jun/2023:16:50:34] DELETING PREPAGATI (JobID: aa983e5c-1167-4eed-b858-d55ec6ed4866)
 - Deleted: 0

[28/Jun/2023:17:00:04] UPDATING ACCOUNTS (JobID: e25a4d64-e46c-4af2-b7bc-13f99068f886)
 - New and modified: 0

[28/Jun/2023:17:00:04] DELETING ACCOUNTS (JobID: e25a4d64-e46c-4af2-b7bc-13f99068f886)
 - Deleted: 0

[28/Jun/2023:17:00:33] UPDATING PRODUCTS (JobID: 5489be07-9c0a-4f0c-a142-b2295b934179)
 - New and modified: 0

[28/Jun/2023:17:00:35] UPDATING PREPAGATI (JobID: faf1f27c-9f9b-4095-b796-ba10690d5c87)
 - New and modified: 0

[28/Jun/2023:17:00:35] DELETING PREPAGATI (JobID: faf1f27c-9f9b-4095-b796-ba10690d5c87)
 - Deleted: 0

[28/Jun/2023:17:10:03] UPDATING ACCOUNTS (JobID: bf3d018c-57cb-40ce-bb74-b63777ef77ac)
 - New and modified: 0

[28/Jun/2023:17:10:03] DELETING ACCOUNTS (JobID: bf3d018c-57cb-40ce-bb74-b63777ef77ac)
 - Deleted: 0

[28/Jun/2023:17:10:34] UPDATING PRODUCTS (JobID: 21d48848-542d-4960-98b9-2d0db036d9cc)
 - New and modified: 0

[28/Jun/2023:17:10:35] UPDATING PREPAGATI (JobID: f637719d-5c0b-4992-93fb-71d7f69fa6a4)
 - New and modified: 0

[28/Jun/2023:17:10:35] DELETING PREPAGATI (JobID: f637719d-5c0b-4992-93fb-71d7f69fa6a4)
 - Deleted: 0

[28/Jun/2023:17:20:03] UPDATING ACCOUNTS (JobID: c8ed0b6e-ea8c-4d50-8346-ac127db6a653)
 - New and modified: 0

[28/Jun/2023:17:20:03] DELETING ACCOUNTS (JobID: c8ed0b6e-ea8c-4d50-8346-ac127db6a653)
 - Deleted: 0

[28/Jun/2023:17:20:34] UPDATING PRODUCTS (JobID: 75fc27f6-cf24-4e8c-be72-7ce8847f3f56)
 - New and modified: 0

[28/Jun/2023:17:20:35] UPDATING PREPAGATI (JobID: 8d5fe3e7-630d-4245-a2f5-27fa417d8baa)
 - New and modified: 0

[28/Jun/2023:17:20:35] DELETING PREPAGATI (JobID: 8d5fe3e7-630d-4245-a2f5-27fa417d8baa)
 - Deleted: 0

[28/Jun/2023:17:30:04] UPDATING ACCOUNTS (JobID: ac031b25-8dbf-4360-a509-93edb91196fe)
 - New and modified: 0

[28/Jun/2023:17:30:04] DELETING ACCOUNTS (JobID: ac031b25-8dbf-4360-a509-93edb91196fe)
 - Deleted: 0

[28/Jun/2023:17:30:34] UPDATING PRODUCTS (JobID: 63bbbf7d-938d-41c2-a7f4-0464f6414803)
 - New and modified: 0

[28/Jun/2023:17:30:36] UPDATING PREPAGATI (JobID: d528624b-d141-4a62-98b4-7dfc57f8b697)
 - New and modified: 0

[28/Jun/2023:17:30:36] DELETING PREPAGATI (JobID: d528624b-d141-4a62-98b4-7dfc57f8b697)
 - Deleted: 0

[28/Jun/2023:17:40:04] UPDATING ACCOUNTS (JobID: d9f100ac-2b94-4510-8ab3-850146eaeda2)
 - New and modified: 0

[28/Jun/2023:17:40:04] DELETING ACCOUNTS (JobID: d9f100ac-2b94-4510-8ab3-850146eaeda2)
 - Deleted: 0

[28/Jun/2023:17:40:33] UPDATING PRODUCTS (JobID: c41f2c40-f9f1-461b-bddb-091eedd99e5c)
 - New and modified: 0

[28/Jun/2023:17:40:35] UPDATING PREPAGATI (JobID: 2228c4f3-2080-471d-9f33-7ceaf4f20ff9)
 - New and modified: 0

[28/Jun/2023:17:40:35] DELETING PREPAGATI (JobID: 2228c4f3-2080-471d-9f33-7ceaf4f20ff9)
 - Deleted: 0

[28/Jun/2023:17:50:04] UPDATING ACCOUNTS (JobID: 994bac49-be3d-422d-9c68-adbb084782d3)
 - New and modified: 0

[28/Jun/2023:17:50:04] DELETING ACCOUNTS (JobID: 994bac49-be3d-422d-9c68-adbb084782d3)
 - Deleted: 0

[28/Jun/2023:17:50:34] UPDATING PRODUCTS (JobID: 1884d24e-2c17-4aef-9a29-7beb046ac324)
 - New and modified: 0

[28/Jun/2023:17:50:35] UPDATING PREPAGATI (JobID: e065a378-1c3d-4633-bbba-60f513eb799c)
 - New and modified: 0

[28/Jun/2023:17:50:35] DELETING PREPAGATI (JobID: e065a378-1c3d-4633-bbba-60f513eb799c)
 - Deleted: 0

[28/Jun/2023:18:00:07] UPDATING ACCOUNTS (JobID: 01c66739-2b65-4c1f-98d2-88b86bec3fb1)
 - New and modified: 0

[28/Jun/2023:18:00:07] DELETING ACCOUNTS (JobID: 01c66739-2b65-4c1f-98d2-88b86bec3fb1)
 - Deleted: 0

[28/Jun/2023:18:00:38] UPDATING PRODUCTS (JobID: 662962eb-3e49-4b0b-8225-2cff7c7c3ecf)
 - New and modified: 0

[28/Jun/2023:18:00:40] UPDATING PREPAGATI (JobID: 889dcf71-273d-4d1b-8db1-c20ab4ecf26b)
 - New and modified: 0

[28/Jun/2023:18:00:40] DELETING PREPAGATI (JobID: 889dcf71-273d-4d1b-8db1-c20ab4ecf26b)
 - Deleted: 0

[28/Jun/2023:18:10:04] UPDATING ACCOUNTS (JobID: 27105c4c-e943-4cfc-82ca-a8676a8677cd)
 - New and modified: 0

[28/Jun/2023:18:10:04] DELETING ACCOUNTS (JobID: 27105c4c-e943-4cfc-82ca-a8676a8677cd)
 - Deleted: 0

[28/Jun/2023:18:10:36] UPDATING PRODUCTS (JobID: 37ad4158-ecb0-494e-b120-4b8ba62cc9dd)
 - New and modified: 0

[28/Jun/2023:18:10:38] UPDATING PREPAGATI (JobID: b9991eae-812f-4988-874f-039c6149f89b)
 - New and modified: 0

[28/Jun/2023:18:10:38] DELETING PREPAGATI (JobID: b9991eae-812f-4988-874f-039c6149f89b)
 - Deleted: 0

[28/Jun/2023:18:20:04] UPDATING ACCOUNTS (JobID: 2cef692e-25d5-4b57-9726-d48e3b04da17)
 - New and modified: 0

[28/Jun/2023:18:20:04] DELETING ACCOUNTS (JobID: 2cef692e-25d5-4b57-9726-d48e3b04da17)
 - Deleted: 0

[28/Jun/2023:18:20:37] UPDATING PRODUCTS (JobID: 6d10bbaf-02ca-4a43-84cd-c7a16930d75c)
 - New and modified: 0

[28/Jun/2023:18:20:38] UPDATING PREPAGATI (JobID: 23e1aae2-c0a0-4a6b-860c-8e4acfa758b9)
 - New and modified: 0

[28/Jun/2023:18:20:38] DELETING PREPAGATI (JobID: 23e1aae2-c0a0-4a6b-860c-8e4acfa758b9)
 - Deleted: 0

[28/Jun/2023:18:30:04] UPDATING ACCOUNTS (JobID: 21c9f2aa-eddb-4d85-8be8-b423d9ef804b)
 - New and modified: 0

[28/Jun/2023:18:30:04] DELETING ACCOUNTS (JobID: 21c9f2aa-eddb-4d85-8be8-b423d9ef804b)
 - Deleted: 0

[28/Jun/2023:18:30:36] UPDATING PRODUCTS (JobID: 61732127-0ee2-481c-a0c6-272af05c4521)
 - New and modified: 0

[28/Jun/2023:18:30:38] UPDATING PREPAGATI (JobID: 63fb4dbb-2bdc-4976-9e63-6a12faaed59f)
 - New and modified: 0

[28/Jun/2023:18:30:38] DELETING PREPAGATI (JobID: 63fb4dbb-2bdc-4976-9e63-6a12faaed59f)
 - Deleted: 0

[28/Jun/2023:18:40:04] UPDATING ACCOUNTS (JobID: c8dcb229-3d78-4219-bbc7-24be332e153d)
 - New and modified: 0

[28/Jun/2023:18:40:04] DELETING ACCOUNTS (JobID: c8dcb229-3d78-4219-bbc7-24be332e153d)
 - Deleted: 0

[28/Jun/2023:18:40:35] UPDATING PRODUCTS (JobID: 7e430904-dcff-45ac-a90f-5d812be91bef)
 - New and modified: 0

[28/Jun/2023:18:40:37] UPDATING PREPAGATI (JobID: c94ff156-9622-48ba-84ff-eb42ffb96318)
 - New and modified: 0

[28/Jun/2023:18:40:37] DELETING PREPAGATI (JobID: c94ff156-9622-48ba-84ff-eb42ffb96318)
 - Deleted: 0

[28/Jun/2023:18:50:04] UPDATING ACCOUNTS (JobID: aaaf58e9-646d-4dae-85e6-eb98b34daafd)
 - New and modified: 0

[28/Jun/2023:18:50:04] DELETING ACCOUNTS (JobID: aaaf58e9-646d-4dae-85e6-eb98b34daafd)
 - Deleted: 0

[28/Jun/2023:18:50:36] UPDATING PRODUCTS (JobID: fecbf827-baed-4d94-84a5-cd6a365f01cf)
 - New and modified: 0

[28/Jun/2023:18:50:38] UPDATING PREPAGATI (JobID: ef52e9b4-95d9-4aba-a0f3-a04552177e06)
 - New and modified: 0

[28/Jun/2023:18:50:38] DELETING PREPAGATI (JobID: ef52e9b4-95d9-4aba-a0f3-a04552177e06)
 - Deleted: 0

[28/Jun/2023:19:00:15] UPDATING ACCOUNTS (JobID: 9bc8b920-84bd-4975-a4d9-ecad33c0c38d)
 - New and modified: 0

[28/Jun/2023:19:00:15] DELETING ACCOUNTS (JobID: 9bc8b920-84bd-4975-a4d9-ecad33c0c38d)
 - Deleted: 0

[28/Jun/2023:19:00:53] UPDATING PRODUCTS (JobID: 6e28bcca-7e76-4ed8-aba4-0751bd008d37)
 - New and modified: 0

[28/Jun/2023:19:00:55] UPDATING PREPAGATI (JobID: b23cba4a-59ee-4b16-a2e9-28fa42a50046)
 - New and modified: 0

[28/Jun/2023:19:00:55] DELETING PREPAGATI (JobID: b23cba4a-59ee-4b16-a2e9-28fa42a50046)
 - Deleted: 0

[28/Jun/2023:19:10:04] UPDATING ACCOUNTS (JobID: 86d2f5f4-9352-45c6-ae74-5d56db37508a)
 - New and modified: 0

[28/Jun/2023:19:10:04] DELETING ACCOUNTS (JobID: 86d2f5f4-9352-45c6-ae74-5d56db37508a)
 - Deleted: 0

[28/Jun/2023:19:10:37] UPDATING PRODUCTS (JobID: f215a014-2b3e-4103-a723-c8da1d84fa1b)
 - New and modified: 0

[28/Jun/2023:19:10:39] UPDATING PREPAGATI (JobID: 3db133f1-236e-4826-b8f2-8a5b14545c73)
 - New and modified: 0

[28/Jun/2023:19:10:39] DELETING PREPAGATI (JobID: 3db133f1-236e-4826-b8f2-8a5b14545c73)
 - Deleted: 0

[28/Jun/2023:19:20:04] UPDATING ACCOUNTS (JobID: a59b9534-cddd-41d4-a160-43a36ea12802)
 - New and modified: 0

[28/Jun/2023:19:20:04] DELETING ACCOUNTS (JobID: a59b9534-cddd-41d4-a160-43a36ea12802)
 - Deleted: 0

[28/Jun/2023:19:20:36] UPDATING PRODUCTS (JobID: bdbeae68-66f9-456d-a703-a72bc1a01721)
 - New and modified: 0

[28/Jun/2023:19:20:38] UPDATING PREPAGATI (JobID: 0e857039-3fd4-42cb-afbd-0ed2c073c63a)
 - New and modified: 0

[28/Jun/2023:19:20:38] DELETING PREPAGATI (JobID: 0e857039-3fd4-42cb-afbd-0ed2c073c63a)
 - Deleted: 0

[28/Jun/2023:19:30:04] UPDATING ACCOUNTS (JobID: 82ff46c9-d786-4908-acf7-a19d272f1af2)
 - New and modified: 0

[28/Jun/2023:19:30:04] DELETING ACCOUNTS (JobID: 82ff46c9-d786-4908-acf7-a19d272f1af2)
 - Deleted: 0

[28/Jun/2023:19:30:36] UPDATING PRODUCTS (JobID: 7588f823-9ced-44d9-81e3-614a87be5414)
 - New and modified: 0

[28/Jun/2023:19:30:38] UPDATING PREPAGATI (JobID: 19aa650e-febe-470a-8a1c-5d7a027528b5)
 - New and modified: 0

[28/Jun/2023:19:30:38] DELETING PREPAGATI (JobID: 19aa650e-febe-470a-8a1c-5d7a027528b5)
 - Deleted: 0

[28/Jun/2023:19:40:04] UPDATING ACCOUNTS (JobID: 4c39cd6b-df6e-4017-a5fa-86ae678e1471)
 - New and modified: 0

[28/Jun/2023:19:40:04] DELETING ACCOUNTS (JobID: 4c39cd6b-df6e-4017-a5fa-86ae678e1471)
 - Deleted: 0

[28/Jun/2023:19:40:36] UPDATING PRODUCTS (JobID: f2f9a110-c64f-4163-ab98-1da4c9b4b44e)
 - New and modified: 0

[28/Jun/2023:19:40:38] UPDATING PREPAGATI (JobID: ea4b2db7-0349-4c62-8ac5-e13b1a7200d7)
 - New and modified: 0

[28/Jun/2023:19:40:38] DELETING PREPAGATI (JobID: ea4b2db7-0349-4c62-8ac5-e13b1a7200d7)
 - Deleted: 0

[28/Jun/2023:19:50:04] UPDATING ACCOUNTS (JobID: 10e435c7-2814-4882-99ad-9ef904ea9fb1)
 - New and modified: 0

[28/Jun/2023:19:50:04] DELETING ACCOUNTS (JobID: 10e435c7-2814-4882-99ad-9ef904ea9fb1)
 - Deleted: 0

[28/Jun/2023:19:50:36] UPDATING PRODUCTS (JobID: 00131368-2fdb-4d9d-bd3c-4706cf825e79)
 - New and modified: 0

[28/Jun/2023:19:50:38] UPDATING PREPAGATI (JobID: c848ad46-6af3-4a80-9661-d30b02aad2e4)
 - New and modified: 0

[28/Jun/2023:19:50:38] DELETING PREPAGATI (JobID: c848ad46-6af3-4a80-9661-d30b02aad2e4)
 - Deleted: 0

[28/Jun/2023:20:00:04] UPDATING ACCOUNTS (JobID: caea0bfd-53a2-4660-b600-798fabe185e0)
 - New and modified: 0

[28/Jun/2023:20:00:04] DELETING ACCOUNTS (JobID: caea0bfd-53a2-4660-b600-798fabe185e0)
 - Deleted: 0

[28/Jun/2023:20:00:35] UPDATING PRODUCTS (JobID: 6f333294-aa7c-4664-9c23-789a4131fdaa)
 - New and modified: 0

[28/Jun/2023:20:00:36] UPDATING PREPAGATI (JobID: b3640167-bfaa-46bc-99a2-4ca86a785ecc)
 - New and modified: 0

[28/Jun/2023:20:00:36] DELETING PREPAGATI (JobID: b3640167-bfaa-46bc-99a2-4ca86a785ecc)
 - Deleted: 0

[28/Jun/2023:20:10:04] UPDATING ACCOUNTS (JobID: 3a80eccd-714a-43a1-8703-5b1ae76f8ae9)
 - New and modified: 0

[28/Jun/2023:20:10:04] DELETING ACCOUNTS (JobID: 3a80eccd-714a-43a1-8703-5b1ae76f8ae9)
 - Deleted: 0

[28/Jun/2023:20:10:34] UPDATING PRODUCTS (JobID: c039a11a-4fcc-4c6a-8eed-fcbff93683a1)
 - New and modified: 0

[28/Jun/2023:20:10:36] UPDATING PREPAGATI (JobID: 2bdc395c-8f5b-428c-b788-9a1eee84a545)
 - New and modified: 0

[28/Jun/2023:20:10:36] DELETING PREPAGATI (JobID: 2bdc395c-8f5b-428c-b788-9a1eee84a545)
 - Deleted: 0

[28/Jun/2023:20:20:04] UPDATING ACCOUNTS (JobID: 3bd83bb9-6593-4353-b7ec-ecfd96efabb4)
 - New and modified: 0

[28/Jun/2023:20:20:04] DELETING ACCOUNTS (JobID: 3bd83bb9-6593-4353-b7ec-ecfd96efabb4)
 - Deleted: 0

[28/Jun/2023:20:20:35] UPDATING PRODUCTS (JobID: fe773b18-ff23-4e49-b38f-34c57b7ef69e)
 - New and modified: 0

[28/Jun/2023:20:20:37] UPDATING PREPAGATI (JobID: d73baa95-db45-494f-b64a-fbd590dd2036)
 - New and modified: 0

[28/Jun/2023:20:20:37] DELETING PREPAGATI (JobID: d73baa95-db45-494f-b64a-fbd590dd2036)
 - Deleted: 0

[28/Jun/2023:20:30:05] UPDATING ACCOUNTS (JobID: a8e97466-dd8c-4b23-8fc1-f4adf95257d1)
 - New and modified: 0

[28/Jun/2023:20:30:05] DELETING ACCOUNTS (JobID: a8e97466-dd8c-4b23-8fc1-f4adf95257d1)
 - Deleted: 0

[28/Jun/2023:20:30:35] UPDATING PRODUCTS (JobID: 759fe93c-4230-4e1c-8abf-41c8f5f7c95b)
 - New and modified: 0

[28/Jun/2023:20:30:38] UPDATING PREPAGATI (JobID: b064f8f1-65e2-44c0-a85f-4a4e7005fb58)
 - New and modified: 0

[28/Jun/2023:20:30:38] DELETING PREPAGATI (JobID: b064f8f1-65e2-44c0-a85f-4a4e7005fb58)
 - Deleted: 0

[28/Jun/2023:20:40:04] UPDATING ACCOUNTS (JobID: 47396037-8cc1-436b-82d5-32b609b2ee6d)
 - New and modified: 0

[28/Jun/2023:20:40:04] DELETING ACCOUNTS (JobID: 47396037-8cc1-436b-82d5-32b609b2ee6d)
 - Deleted: 0

[28/Jun/2023:20:40:36] UPDATING PRODUCTS (JobID: 8979879c-93ca-445c-9d10-8d943d950fc2)
 - New and modified: 0

[28/Jun/2023:20:40:38] UPDATING PREPAGATI (JobID: da860807-5bdc-47f4-a466-9917fdf312f7)
 - New and modified: 0

[28/Jun/2023:20:40:38] DELETING PREPAGATI (JobID: da860807-5bdc-47f4-a466-9917fdf312f7)
 - Deleted: 0

[28/Jun/2023:21:00:05] UPDATING ACCOUNTS (JobID: dfe9c6f6-200c-4057-89f3-f2fed4cd32c0)
 - New and modified: 0

[28/Jun/2023:21:00:05] DELETING ACCOUNTS (JobID: dfe9c6f6-200c-4057-89f3-f2fed4cd32c0)
 - Deleted: 0

[28/Jun/2023:21:00:37] UPDATING PRODUCTS (JobID: 43ebb18f-e4c9-423b-8b2d-6dedfbc4c608)
 - New and modified: 0

[28/Jun/2023:21:00:39] UPDATING PREPAGATI (JobID: 6099a450-dd69-4248-a2d8-129d69b422c4)
 - New and modified: 0

[28/Jun/2023:21:00:39] DELETING PREPAGATI (JobID: 6099a450-dd69-4248-a2d8-129d69b422c4)
 - Deleted: 0

[28/Jun/2023:21:20:04] UPDATING ACCOUNTS (JobID: 22fea4cc-a6f7-4922-b872-c1b3495d1ee0)
 - New and modified: 0

[28/Jun/2023:21:20:04] DELETING ACCOUNTS (JobID: 22fea4cc-a6f7-4922-b872-c1b3495d1ee0)
 - Deleted: 0

[28/Jun/2023:21:20:36] UPDATING PRODUCTS (JobID: 614c0ea9-47a9-49be-885e-6ce62416b24f)
 - New and modified: 0

[28/Jun/2023:21:20:37] UPDATING PREPAGATI (JobID: 61a84737-9044-4297-bf77-b68570007f13)
 - New and modified: 0

[28/Jun/2023:21:20:37] DELETING PREPAGATI (JobID: 61a84737-9044-4297-bf77-b68570007f13)
 - Deleted: 0

[28/Jun/2023:21:30:03] UPDATING ACCOUNTS (JobID: 73b9f7e1-f4c0-4aa7-98a8-70335b40793a)
 - New and modified: 0

[28/Jun/2023:21:30:03] DELETING ACCOUNTS (JobID: 73b9f7e1-f4c0-4aa7-98a8-70335b40793a)
 - Deleted: 0

[28/Jun/2023:21:30:35] UPDATING PRODUCTS (JobID: b976bbf3-f140-4206-bdb6-36a75b467d8e)
 - New and modified: 0

[28/Jun/2023:21:30:37] UPDATING PREPAGATI (JobID: 27b36127-f8a6-4d91-98e3-d5c90f22c104)
 - New and modified: 0

[28/Jun/2023:21:30:37] DELETING PREPAGATI (JobID: 27b36127-f8a6-4d91-98e3-d5c90f22c104)
 - Deleted: 0

[28/Jun/2023:21:40:04] UPDATING ACCOUNTS (JobID: 9349370e-d8dc-460f-872b-37ed383c7b57)
 - New and modified: 0

[28/Jun/2023:21:40:04] DELETING ACCOUNTS (JobID: 9349370e-d8dc-460f-872b-37ed383c7b57)
 - Deleted: 0

[28/Jun/2023:21:40:36] UPDATING PRODUCTS (JobID: 65707a96-3bf0-4593-8b94-70d09b50492c)
 - New and modified: 0

[28/Jun/2023:21:40:38] UPDATING PREPAGATI (JobID: 5fbcbf56-b68d-4aa4-ac7a-ecaf28bed091)
 - New and modified: 0

[28/Jun/2023:21:40:38] DELETING PREPAGATI (JobID: 5fbcbf56-b68d-4aa4-ac7a-ecaf28bed091)
 - Deleted: 0

[28/Jun/2023:22:00:04] UPDATING ACCOUNTS (JobID: 3a719952-9505-4ebc-8d34-85614f36af5a)
 - New and modified: 0

[28/Jun/2023:22:00:04] DELETING ACCOUNTS (JobID: 3a719952-9505-4ebc-8d34-85614f36af5a)
 - Deleted: 0

[28/Jun/2023:22:00:35] UPDATING PRODUCTS (JobID: d8d7b12f-acca-4a03-922f-c7039e823515)
 - New and modified: 0

[28/Jun/2023:22:00:37] UPDATING PREPAGATI (JobID: 2f713fe3-2ee8-4c36-a5be-0de3a2286880)
 - New and modified: 0

[28/Jun/2023:22:00:37] DELETING PREPAGATI (JobID: 2f713fe3-2ee8-4c36-a5be-0de3a2286880)
 - Deleted: 0

[28/Jun/2023:22:10:04] UPDATING ACCOUNTS (JobID: 3199ef8a-207e-449c-a53a-655af935071a)
 - New and modified: 0

[28/Jun/2023:22:10:04] DELETING ACCOUNTS (JobID: 3199ef8a-207e-449c-a53a-655af935071a)
 - Deleted: 0

[28/Jun/2023:22:10:35] UPDATING PRODUCTS (JobID: e0923ac2-9367-4512-b3f9-891ab2d19025)
 - New and modified: 0

[28/Jun/2023:22:10:37] UPDATING PREPAGATI (JobID: 0535b17d-4a40-443c-8189-8fa1e1927c1b)
 - New and modified: 0

[28/Jun/2023:22:10:37] DELETING PREPAGATI (JobID: 0535b17d-4a40-443c-8189-8fa1e1927c1b)
 - Deleted: 0

[28/Jun/2023:22:20:04] UPDATING ACCOUNTS (JobID: 66e727ee-5e40-4f63-9777-329ed7962116)
 - New and modified: 0

[28/Jun/2023:22:20:04] DELETING ACCOUNTS (JobID: 66e727ee-5e40-4f63-9777-329ed7962116)
 - Deleted: 0

[28/Jun/2023:22:20:35] UPDATING PRODUCTS (JobID: b08ea6af-ae38-4074-9e0c-95cf48995906)
 - New and modified: 0

[28/Jun/2023:22:20:37] UPDATING PREPAGATI (JobID: 54870c34-9d8a-4c6b-bf7b-927bc420ce92)
 - New and modified: 0

[28/Jun/2023:22:20:37] DELETING PREPAGATI (JobID: 54870c34-9d8a-4c6b-bf7b-927bc420ce92)
 - Deleted: 0

[28/Jun/2023:22:30:03] UPDATING ACCOUNTS (JobID: 0412d301-cd03-45ff-b31c-cfd5649aca43)
 - New and modified: 0

[28/Jun/2023:22:30:03] DELETING ACCOUNTS (JobID: 0412d301-cd03-45ff-b31c-cfd5649aca43)
 - Deleted: 0

[28/Jun/2023:22:30:35] UPDATING PRODUCTS (JobID: 955068d9-f10e-4b7e-8f39-04ead2a4cc64)
 - New and modified: 0

[28/Jun/2023:22:30:36] UPDATING PREPAGATI (JobID: 57d38375-ca3c-4555-901e-1f0f4a845a54)
 - New and modified: 0

[28/Jun/2023:22:30:36] DELETING PREPAGATI (JobID: 57d38375-ca3c-4555-901e-1f0f4a845a54)
 - Deleted: 0

[28/Jun/2023:22:40:04] UPDATING ACCOUNTS (JobID: a07b6fa0-5b21-4627-ae15-2987c3c026aa)
 - New and modified: 0

[28/Jun/2023:22:40:04] DELETING ACCOUNTS (JobID: a07b6fa0-5b21-4627-ae15-2987c3c026aa)
 - Deleted: 0

[28/Jun/2023:22:40:36] UPDATING PRODUCTS (JobID: 809e2b46-98fc-4c1f-87cd-3403c65add44)
 - New and modified: 0

[28/Jun/2023:22:40:37] UPDATING PREPAGATI (JobID: 4246b4df-f56a-494d-bc04-8f3f5a068353)
 - New and modified: 0

[28/Jun/2023:22:40:37] DELETING PREPAGATI (JobID: 4246b4df-f56a-494d-bc04-8f3f5a068353)
 - Deleted: 0

[28/Jun/2023:22:50:04] UPDATING ACCOUNTS (JobID: d9878834-9f5c-463f-a672-3df80a5b8e40)
 - New and modified: 0

[28/Jun/2023:22:50:04] DELETING ACCOUNTS (JobID: d9878834-9f5c-463f-a672-3df80a5b8e40)
 - Deleted: 0

[28/Jun/2023:22:50:34] UPDATING PRODUCTS (JobID: 3fe50214-147a-4bca-b0ea-aba821143f0f)
 - New and modified: 0

[28/Jun/2023:22:50:36] UPDATING PREPAGATI (JobID: 24c8307f-abb3-41d3-8722-97048a76c8e5)
 - New and modified: 0

[28/Jun/2023:22:50:36] DELETING PREPAGATI (JobID: 24c8307f-abb3-41d3-8722-97048a76c8e5)
 - Deleted: 0

[28/Jun/2023:23:00:03] UPDATING ACCOUNTS (JobID: 47dd6c48-aa7d-45e3-b283-add66d609d79)
 - New and modified: 0

[28/Jun/2023:23:00:03] DELETING ACCOUNTS (JobID: 47dd6c48-aa7d-45e3-b283-add66d609d79)
 - Deleted: 0

[28/Jun/2023:23:00:35] UPDATING PRODUCTS (JobID: 6fb133fd-9300-417e-97bc-d417f401c9b4)
 - New and modified: 0

[28/Jun/2023:23:00:36] UPDATING PREPAGATI (JobID: 392f37f9-ebf2-4cbc-87a3-ab442fc75234)
 - New and modified: 0

[28/Jun/2023:23:00:36] DELETING PREPAGATI (JobID: 392f37f9-ebf2-4cbc-87a3-ab442fc75234)
 - Deleted: 0

[28/Jun/2023:23:10:03] UPDATING ACCOUNTS (JobID: 6805d73d-183d-4dcb-bcb3-297ba9e8b166)
 - New and modified: 0

[28/Jun/2023:23:10:03] DELETING ACCOUNTS (JobID: 6805d73d-183d-4dcb-bcb3-297ba9e8b166)
 - Deleted: 0

[28/Jun/2023:23:10:35] UPDATING PRODUCTS (JobID: 0974439f-ee15-4518-b8ba-a4aee790b072)
 - New and modified: 0

[28/Jun/2023:23:10:37] UPDATING PREPAGATI (JobID: 9ab9b059-69ce-4325-95ee-f74cb67ee5b1)
 - New and modified: 0

[28/Jun/2023:23:10:37] DELETING PREPAGATI (JobID: 9ab9b059-69ce-4325-95ee-f74cb67ee5b1)
 - Deleted: 0

[28/Jun/2023:23:20:04] UPDATING ACCOUNTS (JobID: e8a77e2c-f084-4eb1-a493-c8008ce413be)
 - New and modified: 0

[28/Jun/2023:23:20:04] DELETING ACCOUNTS (JobID: e8a77e2c-f084-4eb1-a493-c8008ce413be)
 - Deleted: 0

[28/Jun/2023:23:20:34] UPDATING PRODUCTS (JobID: ca8ec8e7-36d7-4181-829e-f8bc13c9da44)
 - New and modified: 0

[28/Jun/2023:23:20:36] UPDATING PREPAGATI (JobID: 7d2a5422-bcb1-46cf-865b-621474270451)
 - New and modified: 0

[28/Jun/2023:23:20:36] DELETING PREPAGATI (JobID: 7d2a5422-bcb1-46cf-865b-621474270451)
 - Deleted: 0

[28/Jun/2023:23:30:03] UPDATING ACCOUNTS (JobID: 00b60d60-e099-4c0f-bf1f-8df159b6a576)
 - New and modified: 0

[28/Jun/2023:23:30:03] DELETING ACCOUNTS (JobID: 00b60d60-e099-4c0f-bf1f-8df159b6a576)
 - Deleted: 0

[28/Jun/2023:23:30:33] UPDATING PRODUCTS (JobID: 8a9d589f-0b8e-4da5-a2df-10383856a57c)
 - New and modified: 0

[28/Jun/2023:23:30:35] UPDATING PREPAGATI (JobID: 7a24a59e-f970-4bf2-846b-d014b08d99cb)
 - New and modified: 0

[28/Jun/2023:23:30:35] DELETING PREPAGATI (JobID: 7a24a59e-f970-4bf2-846b-d014b08d99cb)
 - Deleted: 0

[28/Jun/2023:23:40:04] UPDATING ACCOUNTS (JobID: a56b713a-f64c-4b19-99bc-106fcfc21dda)
 - New and modified: 0

[28/Jun/2023:23:40:04] DELETING ACCOUNTS (JobID: a56b713a-f64c-4b19-99bc-106fcfc21dda)
 - Deleted: 0

[28/Jun/2023:23:40:43] UPDATING PRODUCTS (JobID: 67977b45-8afd-4df6-9863-38dfc7af7cf2)
 - New and modified: 0

[28/Jun/2023:23:40:44] UPDATING PREPAGATI (JobID: 16351c61-0231-4a80-9648-bc84934bbf6a)
 - New and modified: 0

[28/Jun/2023:23:40:44] DELETING PREPAGATI (JobID: 16351c61-0231-4a80-9648-bc84934bbf6a)
 - Deleted: 0

