[11/Jul/2023:00:00:04] UPDATING ACCOUNTS (JobID: 1397e3ee-c6e4-403a-9dc8-b27f516045ea)
 - New and modified: 0

[11/Jul/2023:00:00:04] DELETING ACCOUNTS (JobID: 1397e3ee-c6e4-403a-9dc8-b27f516045ea)
 - Deleted: 0

[11/Jul/2023:00:00:36] UPDATING PRODUCTS (JobID: dbd36c2e-95ea-4245-9c5e-cdd0a1f01f28)
 - New and modified: 0

[11/Jul/2023:00:00:38] UPDATING PREPAGATI (JobID: 25824524-fcba-4a03-bf0c-5c11669b5568)
 - New and modified: 0

[11/Jul/2023:00:00:38] DELETING PREPAGATI (JobID: 25824524-fcba-4a03-bf0c-5c11669b5568)
 - Deleted: 0

[11/Jul/2023:00:10:04] UPDATING ACCOUNTS (JobID: 1b3e397b-dfd7-4a00-a37b-7b31b94478c8)
 - New and modified: 0

[11/Jul/2023:00:10:04] DELETING ACCOUNTS (JobID: 1b3e397b-dfd7-4a00-a37b-7b31b94478c8)
 - Deleted: 0

[11/Jul/2023:00:10:37] UPDATING PRODUCTS (JobID: 8d56d33c-4f91-4e71-852c-c392dc248d2b)
 - New and modified: 0

[11/Jul/2023:00:10:39] UPDATING PREPAGATI (JobID: f7f0b59e-43d1-42f5-93cd-ee91860b3f5f)
 - New and modified: 0

[11/Jul/2023:00:10:39] DELETING PREPAGATI (JobID: f7f0b59e-43d1-42f5-93cd-ee91860b3f5f)
 - Deleted: 0

[11/Jul/2023:00:20:04] UPDATING ACCOUNTS (JobID: ce680d73-13f4-40d2-8528-795cb74ab310)
 - New and modified: 0

[11/Jul/2023:00:20:04] DELETING ACCOUNTS (JobID: ce680d73-13f4-40d2-8528-795cb74ab310)
 - Deleted: 0

[11/Jul/2023:00:20:37] UPDATING PRODUCTS (JobID: 2b042628-ab06-4c04-b2a7-b4b16298ee44)
 - New and modified: 0

[11/Jul/2023:00:20:39] UPDATING PREPAGATI (JobID: fa4bc912-b88b-4e29-8738-8df46f0bfc21)
 - New and modified: 0

[11/Jul/2023:00:20:39] DELETING PREPAGATI (JobID: fa4bc912-b88b-4e29-8738-8df46f0bfc21)
 - Deleted: 0

[11/Jul/2023:01:00:04] UPDATING ACCOUNTS (JobID: ca240943-ab23-47f6-8dec-ae98844116c3)
 - New and modified: 0

[11/Jul/2023:01:00:04] DELETING ACCOUNTS (JobID: ca240943-ab23-47f6-8dec-ae98844116c3)
 - Deleted: 0

[11/Jul/2023:01:00:37] UPDATING PRODUCTS (JobID: a6f869ac-9b02-4520-ad68-a883517733cb)
 - New and modified: 0

[11/Jul/2023:01:00:39] UPDATING PREPAGATI (JobID: 2242bcf7-e916-4c83-b2b7-6d3b28823319)
 - New and modified: 0

[11/Jul/2023:01:00:39] DELETING PREPAGATI (JobID: 2242bcf7-e916-4c83-b2b7-6d3b28823319)
 - Deleted: 0

[11/Jul/2023:01:10:04] UPDATING ACCOUNTS (JobID: 7d5068c0-187c-4c4f-91ee-8817f8cf282b)
 - New and modified: 0

[11/Jul/2023:01:10:04] DELETING ACCOUNTS (JobID: 7d5068c0-187c-4c4f-91ee-8817f8cf282b)
 - Deleted: 0

[11/Jul/2023:01:10:39] UPDATING PRODUCTS (JobID: d6235f1a-03be-4ed5-8868-8f31d921f9ad)
 - New and modified: 0

[11/Jul/2023:01:10:41] UPDATING PREPAGATI (JobID: a57c71d5-90b4-4468-bbdd-27d48cdabf7c)
 - New and modified: 0

[11/Jul/2023:01:10:41] DELETING PREPAGATI (JobID: a57c71d5-90b4-4468-bbdd-27d48cdabf7c)
 - Deleted: 0

[11/Jul/2023:02:00:05] UPDATING ACCOUNTS (JobID: 467674cd-a61c-4808-879a-a58789d6280c)
 - New and modified: 0

[11/Jul/2023:02:00:05] DELETING ACCOUNTS (JobID: 467674cd-a61c-4808-879a-a58789d6280c)
 - Deleted: 0

[11/Jul/2023:02:00:39] UPDATING PRODUCTS (JobID: 3cd8c8ce-a884-4f23-8b27-5bada6cbdc0f)
 - New and modified: 0

[11/Jul/2023:02:00:41] UPDATING PREPAGATI (JobID: bb7ebd87-7268-4822-bc9c-83224806a9ec)
 - New and modified: 0

[11/Jul/2023:02:00:41] DELETING PREPAGATI (JobID: bb7ebd87-7268-4822-bc9c-83224806a9ec)
 - Deleted: 0

[11/Jul/2023:02:30:04] UPDATING ACCOUNTS (JobID: c39cb84e-2ac3-4da5-bd69-26a8ff6ac721)
 - New and modified: 0

[11/Jul/2023:02:30:04] DELETING ACCOUNTS (JobID: c39cb84e-2ac3-4da5-bd69-26a8ff6ac721)
 - Deleted: 0

[11/Jul/2023:02:30:39] UPDATING PRODUCTS (JobID: f817150a-8185-4848-b658-ef7a4def6019)
 - New and modified: 0

[11/Jul/2023:02:30:41] UPDATING PREPAGATI (JobID: 9bfca9d1-1dce-4eb9-b851-a20ebd64e39d)
 - New and modified: 0

[11/Jul/2023:02:30:41] DELETING PREPAGATI (JobID: 9bfca9d1-1dce-4eb9-b851-a20ebd64e39d)
 - Deleted: 0

[11/Jul/2023:02:50:04] UPDATING ACCOUNTS (JobID: f0fe750b-2468-4d49-b5a1-90e9328dbbb0)
 - New and modified: 0

[11/Jul/2023:02:50:04] DELETING ACCOUNTS (JobID: f0fe750b-2468-4d49-b5a1-90e9328dbbb0)
 - Deleted: 0

[11/Jul/2023:02:50:38] UPDATING PRODUCTS (JobID: d04ca95b-518c-417e-b6ea-1dd2b3b67dd1)
 - New and modified: 0

[11/Jul/2023:02:50:40] UPDATING PREPAGATI (JobID: fb4907f1-8312-45f1-8a39-806cca755132)
 - New and modified: 0

[11/Jul/2023:02:50:40] DELETING PREPAGATI (JobID: fb4907f1-8312-45f1-8a39-806cca755132)
 - Deleted: 0

[11/Jul/2023:03:20:04] UPDATING ACCOUNTS (JobID: 0b81a506-bfe7-4a3b-b6b7-1824993b21f3)
 - New and modified: 0

[11/Jul/2023:03:20:04] DELETING ACCOUNTS (JobID: 0b81a506-bfe7-4a3b-b6b7-1824993b21f3)
 - Deleted: 0

[11/Jul/2023:03:20:35] UPDATING PRODUCTS (JobID: 52ed8153-5d8b-47cc-8725-80b60a3d3aae)
 - New and modified: 0

[11/Jul/2023:03:20:37] UPDATING PREPAGATI (JobID: c4f1c7a3-4716-40d1-9b3b-dff776875f34)
 - New and modified: 0

[11/Jul/2023:03:20:37] DELETING PREPAGATI (JobID: c4f1c7a3-4716-40d1-9b3b-dff776875f34)
 - Deleted: 0

[11/Jul/2023:03:30:05] UPDATING ACCOUNTS (JobID: 80849323-347e-474b-a91f-0ea6bef35865)
 - New and modified: 0

[11/Jul/2023:03:30:05] DELETING ACCOUNTS (JobID: 80849323-347e-474b-a91f-0ea6bef35865)
 - Deleted: 0

[11/Jul/2023:03:30:37] UPDATING PRODUCTS (JobID: f35802be-9582-45b7-8d93-a900383fb599)
 - New and modified: 0

[11/Jul/2023:03:30:38] UPDATING PREPAGATI (JobID: bce8ba5c-c139-43c7-8620-207c0bb22835)
 - New and modified: 0

[11/Jul/2023:03:30:38] DELETING PREPAGATI (JobID: bce8ba5c-c139-43c7-8620-207c0bb22835)
 - Deleted: 0

[11/Jul/2023:03:40:04] UPDATING ACCOUNTS (JobID: 9836d156-3119-4f29-97c6-99e09d9e42e9)
 - New and modified: 0

[11/Jul/2023:03:40:04] DELETING ACCOUNTS (JobID: 9836d156-3119-4f29-97c6-99e09d9e42e9)
 - Deleted: 0

[11/Jul/2023:03:40:36] UPDATING PRODUCTS (JobID: 8ba3c3cb-e99d-4316-b1ba-9d2cdec6a224)
 - New and modified: 0

[11/Jul/2023:03:40:37] UPDATING PREPAGATI (JobID: f64becae-e96e-4ab8-889d-6be6d0a7ef5b)
 - New and modified: 0

[11/Jul/2023:03:40:37] DELETING PREPAGATI (JobID: f64becae-e96e-4ab8-889d-6be6d0a7ef5b)
 - Deleted: 0

[11/Jul/2023:04:00:05] UPDATING ACCOUNTS (JobID: 696010b6-6e8c-4968-9d6a-f975f4a51583)
 - New and modified: 0

[11/Jul/2023:04:00:05] DELETING ACCOUNTS (JobID: 696010b6-6e8c-4968-9d6a-f975f4a51583)
 - Deleted: 0

[11/Jul/2023:04:00:41] UPDATING PRODUCTS (JobID: 487c5dfb-4a00-420f-8d77-278e68cc75df)
 - New and modified: 0

[11/Jul/2023:04:00:43] UPDATING PREPAGATI (JobID: 7c914445-ce90-455e-9573-107e49bf8aa0)
 - New and modified: 0

[11/Jul/2023:04:00:43] DELETING PREPAGATI (JobID: 7c914445-ce90-455e-9573-107e49bf8aa0)
 - Deleted: 0

[11/Jul/2023:04:10:04] UPDATING ACCOUNTS (JobID: b71c122b-3806-490b-9c82-af242609a63f)
 - New and modified: 0

[11/Jul/2023:04:10:04] DELETING ACCOUNTS (JobID: b71c122b-3806-490b-9c82-af242609a63f)
 - Deleted: 0

[11/Jul/2023:04:10:38] UPDATING PRODUCTS (JobID: fccc1bf8-ff14-48d2-948b-807effcd4e48)
 - New and modified: 0

[11/Jul/2023:04:10:40] UPDATING PREPAGATI (JobID: 7360c528-9c0d-4e64-9461-0c7e061bc595)
 - New and modified: 0

[11/Jul/2023:04:10:40] DELETING PREPAGATI (JobID: 7360c528-9c0d-4e64-9461-0c7e061bc595)
 - Deleted: 0

[11/Jul/2023:04:30:04] UPDATING ACCOUNTS (JobID: 764f2a81-c355-4279-a517-2b19df53c506)
 - New and modified: 0

[11/Jul/2023:04:30:04] DELETING ACCOUNTS (JobID: 764f2a81-c355-4279-a517-2b19df53c506)
 - Deleted: 0

[11/Jul/2023:04:30:36] UPDATING PRODUCTS (JobID: 6c148fc2-e0ea-4740-9889-a85ae18b9362)
 - New and modified: 0

[11/Jul/2023:04:30:38] UPDATING PREPAGATI (JobID: 23c8d46a-814b-4efe-a7c2-84d925c12182)
 - New and modified: 0

[11/Jul/2023:04:30:38] DELETING PREPAGATI (JobID: 23c8d46a-814b-4efe-a7c2-84d925c12182)
 - Deleted: 0

[11/Jul/2023:04:50:04] UPDATING ACCOUNTS (JobID: 7c23d1a9-ed00-4657-968b-a22d3d614268)
 - New and modified: 0

[11/Jul/2023:04:50:04] DELETING ACCOUNTS (JobID: 7c23d1a9-ed00-4657-968b-a22d3d614268)
 - Deleted: 0

[11/Jul/2023:04:50:37] UPDATING PRODUCTS (JobID: aa8b70f9-ff0f-4904-aa6c-21b3947364b3)
 - New and modified: 0

[11/Jul/2023:04:50:39] UPDATING PREPAGATI (JobID: 0331bdf8-2712-4537-8b2a-975ff968edc5)
 - New and modified: 0

[11/Jul/2023:04:50:39] DELETING PREPAGATI (JobID: 0331bdf8-2712-4537-8b2a-975ff968edc5)
 - Deleted: 0

[11/Jul/2023:05:00:05] UPDATING ACCOUNTS (JobID: 78c9efe9-f198-4870-8e62-101ca8474f53)
 - New and modified: 0

[11/Jul/2023:05:00:05] DELETING ACCOUNTS (JobID: 78c9efe9-f198-4870-8e62-101ca8474f53)
 - Deleted: 0

[11/Jul/2023:05:00:38] UPDATING PRODUCTS (JobID: 880062cd-57be-4ea7-95ba-9daec692497f)
 - New and modified: 0

[11/Jul/2023:05:00:39] UPDATING PREPAGATI (JobID: f38ac21d-bc1a-4f41-8192-d19d4d3fae07)
 - New and modified: 0

[11/Jul/2023:05:00:39] DELETING PREPAGATI (JobID: f38ac21d-bc1a-4f41-8192-d19d4d3fae07)
 - Deleted: 0

[11/Jul/2023:05:10:04] UPDATING ACCOUNTS (JobID: eb5e6913-229e-4fd4-86d2-cd0f2c8ac4a2)
 - New and modified: 0

[11/Jul/2023:05:10:04] DELETING ACCOUNTS (JobID: eb5e6913-229e-4fd4-86d2-cd0f2c8ac4a2)
 - Deleted: 0

[11/Jul/2023:05:10:36] UPDATING PRODUCTS (JobID: aa086ef4-c6ea-41eb-988f-3c0c84598f3b)
 - New and modified: 0

[11/Jul/2023:05:10:38] UPDATING PREPAGATI (JobID: 535fcf93-8e98-471a-8a11-1fd7e267cae6)
 - New and modified: 0

[11/Jul/2023:05:10:38] DELETING PREPAGATI (JobID: 535fcf93-8e98-471a-8a11-1fd7e267cae6)
 - Deleted: 0

[11/Jul/2023:05:30:04] UPDATING ACCOUNTS (JobID: 29751aaf-d8a7-4016-9a9a-5e1c3d5da592)
 - New and modified: 0

[11/Jul/2023:05:30:04] DELETING ACCOUNTS (JobID: 29751aaf-d8a7-4016-9a9a-5e1c3d5da592)
 - Deleted: 0

[11/Jul/2023:05:30:39] UPDATING PRODUCTS (JobID: 6f5baaf8-21b3-4f54-8138-df4be96b37b2)
 - New and modified: 0

[11/Jul/2023:05:30:40] UPDATING PREPAGATI (JobID: 76e9b980-dbb8-43c0-919a-c1cdc2855707)
 - New and modified: 0

[11/Jul/2023:05:30:40] DELETING PREPAGATI (JobID: 76e9b980-dbb8-43c0-919a-c1cdc2855707)
 - Deleted: 0

[11/Jul/2023:05:40:03] UPDATING ACCOUNTS (JobID: 18e65094-4890-47b7-aaba-3514d57b967d)
 - New and modified: 0

[11/Jul/2023:05:40:04] DELETING ACCOUNTS (JobID: 18e65094-4890-47b7-aaba-3514d57b967d)
 - Deleted: 0

[11/Jul/2023:05:40:37] UPDATING PRODUCTS (JobID: ebb4f3f6-087a-461b-916f-cd332fa982fd)
 - New and modified: 0

[11/Jul/2023:05:40:39] UPDATING PREPAGATI (JobID: baadc082-1dbd-4294-aab2-69795326e399)
 - New and modified: 0

[11/Jul/2023:05:40:39] DELETING PREPAGATI (JobID: baadc082-1dbd-4294-aab2-69795326e399)
 - Deleted: 0

[11/Jul/2023:05:50:04] UPDATING ACCOUNTS (JobID: aec7da7a-46d8-4f48-a2a5-c98035c2839b)
 - New and modified: 0

[11/Jul/2023:05:50:04] DELETING ACCOUNTS (JobID: aec7da7a-46d8-4f48-a2a5-c98035c2839b)
 - Deleted: 0

[11/Jul/2023:05:50:39] UPDATING PRODUCTS (JobID: 16b0612b-2ec4-4413-87cd-ed354b3508fc)
 - New and modified: 0

[11/Jul/2023:05:50:41] UPDATING PREPAGATI (JobID: b56b3b11-5713-4c2d-bb94-47b834eb7720)
 - New and modified: 0

[11/Jul/2023:05:50:41] DELETING PREPAGATI (JobID: b56b3b11-5713-4c2d-bb94-47b834eb7720)
 - Deleted: 0

[11/Jul/2023:06:10:04] UPDATING ACCOUNTS (JobID: 3945ab74-9ecf-4d80-852a-8b44d3367694)
 - New and modified: 0

[11/Jul/2023:06:10:04] DELETING ACCOUNTS (JobID: 3945ab74-9ecf-4d80-852a-8b44d3367694)
 - Deleted: 0

[11/Jul/2023:06:10:38] UPDATING PRODUCTS (JobID: 3d259599-3538-4ef9-82f2-bde1705c1855)
 - New and modified: 0

[11/Jul/2023:06:10:39] UPDATING PREPAGATI (JobID: 1ceb0502-6aa2-4058-8571-ea68273f811a)
 - New and modified: 0

[11/Jul/2023:06:10:39] DELETING PREPAGATI (JobID: 1ceb0502-6aa2-4058-8571-ea68273f811a)
 - Deleted: 0

[11/Jul/2023:06:20:04] UPDATING ACCOUNTS (JobID: d9ec68ef-3d47-4fef-b0ca-c63b38aaab27)
 - New and modified: 0

[11/Jul/2023:06:20:04] DELETING ACCOUNTS (JobID: d9ec68ef-3d47-4fef-b0ca-c63b38aaab27)
 - Deleted: 0

[11/Jul/2023:06:20:37] UPDATING PRODUCTS (JobID: 9800746e-20af-4c87-9d79-6376ccdd78f4)
 - New and modified: 0

[11/Jul/2023:06:20:39] UPDATING PREPAGATI (JobID: db471bd9-6ed4-4a7f-9a10-26e30aaa929e)
 - New and modified: 0

[11/Jul/2023:06:20:39] DELETING PREPAGATI (JobID: db471bd9-6ed4-4a7f-9a10-26e30aaa929e)
 - Deleted: 0

[11/Jul/2023:06:30:04] UPDATING ACCOUNTS (JobID: cadf9c8a-6281-4f4a-be24-694ae83465d8)
 - New and modified: 0

[11/Jul/2023:06:30:04] DELETING ACCOUNTS (JobID: cadf9c8a-6281-4f4a-be24-694ae83465d8)
 - Deleted: 0

[11/Jul/2023:06:30:36] UPDATING PRODUCTS (JobID: d162de97-78c6-46ca-8d5a-d9dbc40e18f5)
 - New and modified: 0

[11/Jul/2023:06:30:38] UPDATING PREPAGATI (JobID: 91239244-9226-45ed-ba57-aaee5a44703f)
 - New and modified: 0

[11/Jul/2023:06:30:38] DELETING PREPAGATI (JobID: 91239244-9226-45ed-ba57-aaee5a44703f)
 - Deleted: 0

[11/Jul/2023:06:50:04] UPDATING ACCOUNTS (JobID: dc38d720-e4fe-4617-a685-a36b2a798601)
 - New and modified: 0

[11/Jul/2023:06:50:04] DELETING ACCOUNTS (JobID: dc38d720-e4fe-4617-a685-a36b2a798601)
 - Deleted: 0

[11/Jul/2023:06:50:38] UPDATING PRODUCTS (JobID: 2bd0232c-434f-4c05-b8f1-331147c73ec9)
 - New and modified: 0

[11/Jul/2023:06:50:39] UPDATING PREPAGATI (JobID: e12979a9-fba4-4ac8-86f7-d03d14254cbf)
 - New and modified: 0

[11/Jul/2023:06:50:39] DELETING PREPAGATI (JobID: e12979a9-fba4-4ac8-86f7-d03d14254cbf)
 - Deleted: 0

[11/Jul/2023:07:00:14] UPDATING ACCOUNTS (JobID: e336064e-aa6d-487f-b242-2acaea5d85ca)
 - New and modified: 0

[11/Jul/2023:07:00:14] DELETING ACCOUNTS (JobID: e336064e-aa6d-487f-b242-2acaea5d85ca)
 - Deleted: 0

[11/Jul/2023:07:00:46] UPDATING PRODUCTS (JobID: b02c1e64-b4b2-40ac-8f3b-101184679c95)
 - New and modified: 0

[11/Jul/2023:07:00:48] UPDATING PREPAGATI (JobID: ea6d38ce-e638-4144-aa5e-a835644f562b)
 - New and modified: 0

[11/Jul/2023:07:00:48] DELETING PREPAGATI (JobID: ea6d38ce-e638-4144-aa5e-a835644f562b)
 - Deleted: 0

[11/Jul/2023:07:20:04] UPDATING ACCOUNTS (JobID: 8c2ff8a7-896f-4f79-9231-8ce8fcefee0d)
 - New and modified: 0

[11/Jul/2023:07:20:04] DELETING ACCOUNTS (JobID: 8c2ff8a7-896f-4f79-9231-8ce8fcefee0d)
 - Deleted: 0

[11/Jul/2023:07:20:36] UPDATING PRODUCTS (JobID: 76906920-e8e8-4eff-9857-b6d9cba2fc9b)
 - New and modified: 0

[11/Jul/2023:07:20:37] UPDATING PREPAGATI (JobID: b2c702c2-21ab-4b70-a25f-2634e9a52100)
 - New and modified: 0

[11/Jul/2023:07:20:37] DELETING PREPAGATI (JobID: b2c702c2-21ab-4b70-a25f-2634e9a52100)
 - Deleted: 0

[11/Jul/2023:07:30:04] UPDATING ACCOUNTS (JobID: 6c3d5e77-c87c-461b-ade2-747be1181008)
 - New and modified: 0

[11/Jul/2023:07:30:04] DELETING ACCOUNTS (JobID: 6c3d5e77-c87c-461b-ade2-747be1181008)
 - Deleted: 0

[11/Jul/2023:07:30:37] UPDATING PRODUCTS (JobID: 90ede5ee-d915-495b-a47a-103a3e00084a)
 - New and modified: 0

[11/Jul/2023:07:30:39] UPDATING PREPAGATI (JobID: b41fa359-1034-4120-838f-31cf3457b093)
 - New and modified: 0

[11/Jul/2023:07:30:39] DELETING PREPAGATI (JobID: b41fa359-1034-4120-838f-31cf3457b093)
 - Deleted: 0

[11/Jul/2023:07:40:04] UPDATING ACCOUNTS (JobID: 09edb826-c78d-4349-b624-89c36f6c98dc)
 - New and modified: 0

[11/Jul/2023:07:40:04] DELETING ACCOUNTS (JobID: 09edb826-c78d-4349-b624-89c36f6c98dc)
 - Deleted: 0

[11/Jul/2023:07:40:37] UPDATING PRODUCTS (JobID: adeb60bc-8ac4-442f-b070-7d62ff869543)
 - New and modified: 0

[11/Jul/2023:07:40:39] UPDATING PREPAGATI (JobID: 17092cb3-f69a-42fc-ba4a-bdd32ef0e16d)
 - New and modified: 0

[11/Jul/2023:07:40:39] DELETING PREPAGATI (JobID: 17092cb3-f69a-42fc-ba4a-bdd32ef0e16d)
 - Deleted: 0

[11/Jul/2023:08:00:04] UPDATING ACCOUNTS (JobID: aa7fae5a-dfe1-4711-af00-c08b26c65d2b)
 - New and modified: 0

[11/Jul/2023:08:00:04] DELETING ACCOUNTS (JobID: aa7fae5a-dfe1-4711-af00-c08b26c65d2b)
 - Deleted: 0

[11/Jul/2023:08:00:40] UPDATING PRODUCTS (JobID: 9bf52721-a947-4954-ab13-81fdb3a684f2)
 - New and modified: 0

[11/Jul/2023:08:00:41] UPDATING PREPAGATI (JobID: dd16ca51-106d-456f-a727-e153094aa464)
 - New and modified: 0

[11/Jul/2023:08:00:41] DELETING PREPAGATI (JobID: dd16ca51-106d-456f-a727-e153094aa464)
 - Deleted: 0

[11/Jul/2023:08:10:04] UPDATING ACCOUNTS (JobID: 32a29068-1ecc-414a-8fc6-932e2e6ecc70)
 - New and modified: 0

[11/Jul/2023:08:10:04] DELETING ACCOUNTS (JobID: 32a29068-1ecc-414a-8fc6-932e2e6ecc70)
 - Deleted: 0

[11/Jul/2023:08:10:38] UPDATING PRODUCTS (JobID: f49e648a-5123-4248-b5b1-f404eef4085e)
 - New and modified: 0

[11/Jul/2023:08:10:40] UPDATING PREPAGATI (JobID: b27fea92-825a-4b0f-b72d-05b10c6f0bcd)
 - New and modified: 0

[11/Jul/2023:08:10:40] DELETING PREPAGATI (JobID: b27fea92-825a-4b0f-b72d-05b10c6f0bcd)
 - Deleted: 0

[11/Jul/2023:08:40:05] UPDATING ACCOUNTS (JobID: ce84cfff-c512-43fa-9791-163ebc0c5010)
 - New and modified: 0

[11/Jul/2023:08:40:05] DELETING ACCOUNTS (JobID: ce84cfff-c512-43fa-9791-163ebc0c5010)
 - Deleted: 0

[11/Jul/2023:08:40:38] UPDATING PRODUCTS (JobID: 15b13310-e742-4765-92c5-c2aa8ad07c7e)
 - New and modified: 0

[11/Jul/2023:08:40:40] UPDATING PREPAGATI (JobID: 6244ff72-7071-4c2e-8f62-ea5db0546e4d)
 - New and modified: 0

[11/Jul/2023:08:40:40] DELETING PREPAGATI (JobID: 6244ff72-7071-4c2e-8f62-ea5db0546e4d)
 - Deleted: 0

[11/Jul/2023:08:50:03] UPDATING ACCOUNTS (JobID: 0afadfb8-9dbb-4b88-89a9-84ce59176e30)
 - New and modified: 0

[11/Jul/2023:08:50:03] DELETING ACCOUNTS (JobID: 0afadfb8-9dbb-4b88-89a9-84ce59176e30)
 - Deleted: 0

[11/Jul/2023:08:50:35] UPDATING PRODUCTS (JobID: b4738db5-dd4f-42b4-b746-7c8525ab3be6)
 - New and modified: 0

[11/Jul/2023:08:50:37] UPDATING PREPAGATI (JobID: 0fde6783-5bb5-466f-838e-bf2682f0f828)
 - New and modified: 0

[11/Jul/2023:08:50:37] DELETING PREPAGATI (JobID: 0fde6783-5bb5-466f-838e-bf2682f0f828)
 - Deleted: 0

[11/Jul/2023:09:20:04] UPDATING ACCOUNTS (JobID: eb1e59fc-c37b-40e7-b68a-4a291e80f8eb)
 - New and modified: 0

[11/Jul/2023:09:20:04] DELETING ACCOUNTS (JobID: eb1e59fc-c37b-40e7-b68a-4a291e80f8eb)
 - Deleted: 0

[11/Jul/2023:09:20:37] UPDATING PRODUCTS (JobID: 04ef23c6-b2a3-42eb-a9f3-b448fb3429d0)
 - New and modified: 0

[11/Jul/2023:09:20:39] UPDATING PREPAGATI (JobID: 2f684648-d4e7-4a2f-beca-7f2921b507a1)
 - New and modified: 0

[11/Jul/2023:09:20:39] DELETING PREPAGATI (JobID: 2f684648-d4e7-4a2f-beca-7f2921b507a1)
 - Deleted: 0

[11/Jul/2023:09:40:04] UPDATING ACCOUNTS (JobID: 839226fb-04f7-4c74-96c7-0fc48f7bf0e9)
 - New and modified: 0

[11/Jul/2023:09:40:04] DELETING ACCOUNTS (JobID: 839226fb-04f7-4c74-96c7-0fc48f7bf0e9)
 - Deleted: 0

[11/Jul/2023:09:40:36] UPDATING PRODUCTS (JobID: 7f96f5ed-3e96-45c7-88b4-4c39da4072f5)
 - New and modified: 0

[11/Jul/2023:09:40:38] UPDATING PREPAGATI (JobID: 07dcbe27-e921-4631-994c-826dfcff0b18)
 - New and modified: 0

[11/Jul/2023:09:40:38] DELETING PREPAGATI (JobID: 07dcbe27-e921-4631-994c-826dfcff0b18)
 - Deleted: 0

[11/Jul/2023:10:00:05] UPDATING ACCOUNTS (JobID: bb207420-622e-4fe7-b5a4-37017032d114)
 - New and modified: 0

[11/Jul/2023:10:00:05] DELETING ACCOUNTS (JobID: bb207420-622e-4fe7-b5a4-37017032d114)
 - Deleted: 0

[11/Jul/2023:10:00:38] UPDATING PRODUCTS (JobID: d3f62387-c085-4c15-97df-2cca4b7b9fba)
 - New and modified: 0

[11/Jul/2023:10:00:40] UPDATING PREPAGATI (JobID: 3583cc54-16d5-41ac-be99-600d8dd3185a)
 - New and modified: 0

[11/Jul/2023:10:00:40] DELETING PREPAGATI (JobID: 3583cc54-16d5-41ac-be99-600d8dd3185a)
 - Deleted: 0

[11/Jul/2023:10:30:04] UPDATING ACCOUNTS (JobID: 5d4ad3fa-b529-4e2f-bde7-bc4a3b2da02b)
 - New and modified: 0

[11/Jul/2023:10:30:04] DELETING ACCOUNTS (JobID: 5d4ad3fa-b529-4e2f-bde7-bc4a3b2da02b)
 - Deleted: 0

[11/Jul/2023:10:30:36] UPDATING PRODUCTS (JobID: 0462d35c-c2da-4af3-b2b1-c1ecec4fb3ff)
 - New and modified: 0

[11/Jul/2023:10:30:38] UPDATING PREPAGATI (JobID: 262a8c2f-0b35-4d2c-92b0-44257d0743ac)
 - New and modified: 0

[11/Jul/2023:10:30:38] DELETING PREPAGATI (JobID: 262a8c2f-0b35-4d2c-92b0-44257d0743ac)
 - Deleted: 0

[11/Jul/2023:10:50:05] UPDATING ACCOUNTS (JobID: aa30a9bd-18ff-4b18-a742-d0d0fd340a74)
 - New and modified: 0

[11/Jul/2023:10:50:05] DELETING ACCOUNTS (JobID: aa30a9bd-18ff-4b18-a742-d0d0fd340a74)
 - Deleted: 0

[11/Jul/2023:10:50:38] UPDATING PRODUCTS (JobID: cb84e373-a50b-4269-99fd-181a4f294647)
 - New and modified: 0

[11/Jul/2023:10:50:39] UPDATING PREPAGATI (JobID: f78e0bb8-077b-45a6-b077-be10a3c7f536)
 - New and modified: 0

[11/Jul/2023:10:50:39] DELETING PREPAGATI (JobID: f78e0bb8-077b-45a6-b077-be10a3c7f536)
 - Deleted: 0

[11/Jul/2023:11:00:04] UPDATING ACCOUNTS (JobID: 99fcba48-d791-44a8-9b7e-264208a79117)
 - New and modified: 0

[11/Jul/2023:11:00:04] DELETING ACCOUNTS (JobID: 99fcba48-d791-44a8-9b7e-264208a79117)
 - Deleted: 0

[11/Jul/2023:11:00:39] UPDATING PRODUCTS (JobID: 88d1f208-2bf5-4417-9867-25a4a26c11b4)
 - New and modified: 0

[11/Jul/2023:11:00:41] UPDATING PREPAGATI (JobID: 4b34bfe6-4b43-4b1d-a3b0-816c953635ea)
 - New and modified: 0

[11/Jul/2023:11:00:41] DELETING PREPAGATI (JobID: 4b34bfe6-4b43-4b1d-a3b0-816c953635ea)
 - Deleted: 0

[11/Jul/2023:11:10:04] UPDATING ACCOUNTS (JobID: 70a94b85-5289-4d06-8fb5-98c90f3f0d25)
 - New and modified: 0

[11/Jul/2023:11:10:04] DELETING ACCOUNTS (JobID: 70a94b85-5289-4d06-8fb5-98c90f3f0d25)
 - Deleted: 0

[11/Jul/2023:11:10:40] UPDATING PRODUCTS (JobID: f15d0e70-f89b-4eae-8e9a-560cf9206bb4)
 - New and modified: 0

[11/Jul/2023:11:10:42] UPDATING PREPAGATI (JobID: 194c7a70-a4cf-4520-838b-2ab89f609abb)
 - New and modified: 0

[11/Jul/2023:11:10:42] DELETING PREPAGATI (JobID: 194c7a70-a4cf-4520-838b-2ab89f609abb)
 - Deleted: 0

[11/Jul/2023:11:20:04] UPDATING ACCOUNTS (JobID: 0129dd8a-6c29-4b6b-8094-44908c81d6f1)
 - New and modified: 0

[11/Jul/2023:11:20:04] DELETING ACCOUNTS (JobID: 0129dd8a-6c29-4b6b-8094-44908c81d6f1)
 - Deleted: 0

[11/Jul/2023:11:20:35] UPDATING PRODUCTS (JobID: 8ead2764-84c8-424a-b52b-6c8f32d7b4af)
 - New and modified: 0

[11/Jul/2023:11:20:37] UPDATING PREPAGATI (JobID: e337521c-bb71-4bb9-af9b-e74daf6a35a3)
 - New and modified: 0

[11/Jul/2023:11:20:37] DELETING PREPAGATI (JobID: e337521c-bb71-4bb9-af9b-e74daf6a35a3)
 - Deleted: 0

[11/Jul/2023:12:00:04] UPDATING ACCOUNTS (JobID: 5b6ba1ab-1933-4c06-88c6-d4f6684a016c)
 - New and modified: 0

[11/Jul/2023:12:00:04] DELETING ACCOUNTS (JobID: 5b6ba1ab-1933-4c06-88c6-d4f6684a016c)
 - Deleted: 0

[11/Jul/2023:12:00:35] UPDATING PRODUCTS (JobID: bc7843d3-9d01-49b2-a2eb-32a3003d6ae5)
 - New and modified: 0

[11/Jul/2023:12:00:37] UPDATING PREPAGATI (JobID: 5f1894c7-61e8-44b3-aa94-29078ceb1fbf)
 - New and modified: 0

[11/Jul/2023:12:00:37] DELETING PREPAGATI (JobID: 5f1894c7-61e8-44b3-aa94-29078ceb1fbf)
 - Deleted: 0

[11/Jul/2023:12:30:04] UPDATING ACCOUNTS (JobID: 1021e92a-e96a-4182-86ad-0b2e4a32a4f8)
 - New and modified: 0

[11/Jul/2023:12:30:04] DELETING ACCOUNTS (JobID: 1021e92a-e96a-4182-86ad-0b2e4a32a4f8)
 - Deleted: 0

[11/Jul/2023:12:30:36] UPDATING PRODUCTS (JobID: 83d2b87b-1d40-44ac-ae0c-7cfa24568d6c)
 - New and modified: 0

[11/Jul/2023:12:30:38] UPDATING PREPAGATI (JobID: ef89d461-9d54-4d97-9c91-fd976fd64501)
 - New and modified: 0

[11/Jul/2023:12:30:38] DELETING PREPAGATI (JobID: ef89d461-9d54-4d97-9c91-fd976fd64501)
 - Deleted: 0

[11/Jul/2023:13:20:04] UPDATING ACCOUNTS (JobID: e65143ee-fba2-4411-8170-7b3380c8887b)
 - New and modified: 0

[11/Jul/2023:13:20:04] DELETING ACCOUNTS (JobID: e65143ee-fba2-4411-8170-7b3380c8887b)
 - Deleted: 0

[11/Jul/2023:13:20:34] UPDATING PRODUCTS (JobID: 1d660b12-9529-4db8-822a-c5aaebc8e453)
 - New and modified: 0

[11/Jul/2023:13:20:35] UPDATING PREPAGATI (JobID: 8401de0b-0fd4-440d-8152-ca887d1f000c)
 - New and modified: 0

[11/Jul/2023:13:20:35] DELETING PREPAGATI (JobID: 8401de0b-0fd4-440d-8152-ca887d1f000c)
 - Deleted: 0

[11/Jul/2023:13:40:04] UPDATING ACCOUNTS (JobID: 416cd6ee-a207-4a86-8ca1-376f1c881fc9)
 - New and modified: 0

[11/Jul/2023:13:40:04] DELETING ACCOUNTS (JobID: 416cd6ee-a207-4a86-8ca1-376f1c881fc9)
 - Deleted: 0

[11/Jul/2023:13:40:34] UPDATING PRODUCTS (JobID: e3e53608-20b8-42ae-83f3-5f057850aab7)
 - New and modified: 0

[11/Jul/2023:13:40:36] UPDATING PREPAGATI (JobID: 448d92b0-74b5-432b-a37e-191f14b4b256)
 - New and modified: 0

[11/Jul/2023:13:40:36] DELETING PREPAGATI (JobID: 448d92b0-74b5-432b-a37e-191f14b4b256)
 - Deleted: 0

[11/Jul/2023:13:50:04] UPDATING ACCOUNTS (JobID: a3784bd9-68db-4762-8b7a-4e168054a2c6)
 - New and modified: 0

[11/Jul/2023:13:50:04] DELETING ACCOUNTS (JobID: a3784bd9-68db-4762-8b7a-4e168054a2c6)
 - Deleted: 0

[11/Jul/2023:13:50:35] UPDATING PRODUCTS (JobID: dfe701c3-f7a9-43c1-8001-e40f1522c54b)
 - New and modified: 0

[11/Jul/2023:13:50:37] UPDATING PREPAGATI (JobID: 9c4577cc-b1f1-4cba-bdbe-a4581ff04fb7)
 - New and modified: 0

[11/Jul/2023:13:50:37] DELETING PREPAGATI (JobID: 9c4577cc-b1f1-4cba-bdbe-a4581ff04fb7)
 - Deleted: 0

[11/Jul/2023:14:30:04] UPDATING ACCOUNTS (JobID: 38af73b4-1f58-4d73-8c3e-d55be030f20c)
 - New and modified: 0

[11/Jul/2023:14:30:04] DELETING ACCOUNTS (JobID: 38af73b4-1f58-4d73-8c3e-d55be030f20c)
 - Deleted: 0

[11/Jul/2023:14:30:36] UPDATING PRODUCTS (JobID: 7f986770-724a-4847-be0a-75038e9b8f82)
 - New and modified: 0

[11/Jul/2023:14:30:38] UPDATING PREPAGATI (JobID: 00f225e7-58d0-48c3-bf61-4246ac54441f)
 - New and modified: 0

[11/Jul/2023:14:30:38] DELETING PREPAGATI (JobID: 00f225e7-58d0-48c3-bf61-4246ac54441f)
 - Deleted: 0

[11/Jul/2023:14:40:04] UPDATING ACCOUNTS (JobID: f11791bd-9008-4f0e-b747-73f976a5ab56)
 - New and modified: 0

[11/Jul/2023:14:40:04] DELETING ACCOUNTS (JobID: f11791bd-9008-4f0e-b747-73f976a5ab56)
 - Deleted: 0

[11/Jul/2023:14:40:35] UPDATING PRODUCTS (JobID: c4b887e5-b52e-4202-86a7-79ed82d70772)
 - New and modified: 0

[11/Jul/2023:14:40:37] UPDATING PREPAGATI (JobID: 0d0bbe29-55e8-46b6-8448-f6186e1a5090)
 - New and modified: 0

[11/Jul/2023:14:40:37] DELETING PREPAGATI (JobID: 0d0bbe29-55e8-46b6-8448-f6186e1a5090)
 - Deleted: 0

[11/Jul/2023:14:50:04] UPDATING ACCOUNTS (JobID: 3c38cc1a-c93e-469f-9ea9-b3e6f7f92357)
 - New and modified: 0

[11/Jul/2023:14:50:04] DELETING ACCOUNTS (JobID: 3c38cc1a-c93e-469f-9ea9-b3e6f7f92357)
 - Deleted: 0

[11/Jul/2023:14:50:35] UPDATING PRODUCTS (JobID: 410de538-3a80-4f9e-8da3-d26f4c55bbe0)
 - New and modified: 0

[11/Jul/2023:14:50:37] UPDATING PREPAGATI (JobID: fed5b26c-e284-4a61-b2d7-746d29e609ef)
 - New and modified: 0

[11/Jul/2023:14:50:37] DELETING PREPAGATI (JobID: fed5b26c-e284-4a61-b2d7-746d29e609ef)
 - Deleted: 0

[11/Jul/2023:15:10:04] UPDATING ACCOUNTS (JobID: d26909b4-0adf-411f-aed5-4b71e48761eb)
 - New and modified: 0

[11/Jul/2023:15:10:04] DELETING ACCOUNTS (JobID: d26909b4-0adf-411f-aed5-4b71e48761eb)
 - Deleted: 0

[11/Jul/2023:15:10:35] UPDATING PRODUCTS (JobID: 8eb47e2c-be9b-47c9-9c0e-2eee872d58dc)
 - New and modified: 0

[11/Jul/2023:15:10:37] UPDATING PREPAGATI (JobID: 84bbea56-33f5-46f3-a8ef-028b3782b102)
 - New and modified: 0

[11/Jul/2023:15:10:37] DELETING PREPAGATI (JobID: 84bbea56-33f5-46f3-a8ef-028b3782b102)
 - Deleted: 0

[11/Jul/2023:15:30:03] UPDATING ACCOUNTS (JobID: 45a4d833-48f6-42c6-abe1-150c24fc1635)
 - New and modified: 0

[11/Jul/2023:15:30:03] DELETING ACCOUNTS (JobID: 45a4d833-48f6-42c6-abe1-150c24fc1635)
 - Deleted: 0

[11/Jul/2023:15:30:35] UPDATING PRODUCTS (JobID: 43205a65-572d-4120-ad9e-4d07dfee6a36)
 - New and modified: 0

[11/Jul/2023:15:30:36] UPDATING PREPAGATI (JobID: 026fa656-62ff-4644-af72-83d75e3c78b4)
 - New and modified: 0

[11/Jul/2023:15:30:36] DELETING PREPAGATI (JobID: 026fa656-62ff-4644-af72-83d75e3c78b4)
 - Deleted: 0

[11/Jul/2023:16:00:04] UPDATING ACCOUNTS (JobID: 1b72d262-f910-42f6-932b-a32e647d1398)
 - New and modified: 0

[11/Jul/2023:16:00:04] DELETING ACCOUNTS (JobID: 1b72d262-f910-42f6-932b-a32e647d1398)
 - Deleted: 0

[11/Jul/2023:16:00:36] UPDATING PRODUCTS (JobID: 056c058d-b429-43f2-b66e-66a2fa40c1cd)
 - New and modified: 0

[11/Jul/2023:16:00:37] UPDATING PREPAGATI (JobID: 08bf056a-3208-404f-89f7-93480bc1a30a)
 - New and modified: 0

[11/Jul/2023:16:00:37] DELETING PREPAGATI (JobID: 08bf056a-3208-404f-89f7-93480bc1a30a)
 - Deleted: 0

[11/Jul/2023:18:30:05] UPDATING ACCOUNTS (JobID: be3e677c-5261-48ae-8928-feb55465a389)
 - New and modified: 0

[11/Jul/2023:18:30:05] DELETING ACCOUNTS (JobID: be3e677c-5261-48ae-8928-feb55465a389)
 - Deleted: 0

[11/Jul/2023:18:30:38] UPDATING PRODUCTS (JobID: 59bad18a-5109-4cbf-9f06-7531b5af58a8)
 - New and modified: 0

[11/Jul/2023:18:30:41] UPDATING PREPAGATI (JobID: b695a8e9-eb6e-42dd-8a04-38d572494487)
 - New and modified: 0

[11/Jul/2023:18:30:41] DELETING PREPAGATI (JobID: b695a8e9-eb6e-42dd-8a04-38d572494487)
 - Deleted: 0

[11/Jul/2023:21:30:08] UPDATING ACCOUNTS (JobID: b175754a-72e0-45a0-85c6-de37c56c70f5)
 - New and modified: 0

[11/Jul/2023:21:30:08] DELETING ACCOUNTS (JobID: b175754a-72e0-45a0-85c6-de37c56c70f5)
 - Deleted: 0

[11/Jul/2023:21:30:40] UPDATING PRODUCTS (JobID: cfa74544-63c4-4b5e-a35f-986a553a333b)
 - New and modified: 0

[11/Jul/2023:21:30:43] UPDATING PREPAGATI (JobID: 3e7ef8ce-d795-4565-9c78-17907a16416d)
 - New and modified: 0

[11/Jul/2023:21:30:43] DELETING PREPAGATI (JobID: 3e7ef8ce-d795-4565-9c78-17907a16416d)
 - Deleted: 0

[11/Jul/2023:22:30:04] UPDATING ACCOUNTS (JobID: 6c502879-acbb-47ce-b2ba-3b249831de44)
 - New and modified: 0

[11/Jul/2023:22:30:04] DELETING ACCOUNTS (JobID: 6c502879-acbb-47ce-b2ba-3b249831de44)
 - Deleted: 0

[11/Jul/2023:22:30:38] UPDATING PRODUCTS (JobID: 62707228-a4fc-42eb-b3af-c9a7b044a33d)
 - New and modified: 0

[11/Jul/2023:22:30:40] UPDATING PREPAGATI (JobID: befe044b-2bfe-446a-ba24-17731354b32d)
 - New and modified: 0

[11/Jul/2023:22:30:40] DELETING PREPAGATI (JobID: befe044b-2bfe-446a-ba24-17731354b32d)
 - Deleted: 0

[11/Jul/2023:23:00:04] UPDATING ACCOUNTS (JobID: 244b637a-5995-4db5-a75b-b4a4b876b66e)
 - New and modified: 0

[11/Jul/2023:23:00:04] DELETING ACCOUNTS (JobID: 244b637a-5995-4db5-a75b-b4a4b876b66e)
 - Deleted: 0

[11/Jul/2023:23:00:38] UPDATING PRODUCTS (JobID: d5e1b665-1c1f-4487-827f-0ce7289aa3b5)
 - New and modified: 0

[11/Jul/2023:23:00:40] UPDATING PREPAGATI (JobID: e1947650-f5b8-4247-b4fb-12c7db370be2)
 - New and modified: 0

[11/Jul/2023:23:00:40] DELETING PREPAGATI (JobID: e1947650-f5b8-4247-b4fb-12c7db370be2)
 - Deleted: 0

