[05/Jun/2023:00:00:04] UPDATING ACCOUNTS (JobID: 56869640-335e-436c-b537-17ae77b91fcc)
 - New and modified: 0

[05/Jun/2023:00:00:04] DELETING ACCOUNTS (JobID: 56869640-335e-436c-b537-17ae77b91fcc)
 - Deleted: 0

[05/Jun/2023:00:00:36] UPDATING PRODUCTS (JobID: 48fa397d-a26d-455b-92bd-4eae3f0afb5f)
 - New and modified: 0

[05/Jun/2023:00:00:38] UPDATING PREPAGATI (JobID: edfcc1ff-55f2-4134-a75b-ee12ac25bda9)
 - New and modified: 0

[05/Jun/2023:00:00:38] DELETING PREPAGATI (JobID: edfcc1ff-55f2-4134-a75b-ee12ac25bda9)
 - Deleted: 0

[05/Jun/2023:00:10:04] UPDATING ACCOUNTS (JobID: 748b63d9-e18a-4318-9445-50d0861cf78f)
 - New and modified: 0

[05/Jun/2023:00:10:04] DELETING ACCOUNTS (JobID: 748b63d9-e18a-4318-9445-50d0861cf78f)
 - Deleted: 0

[05/Jun/2023:00:10:39] UPDATING PRODUCTS (JobID: d6af4c1b-68cb-45f9-9bba-0de0ca41474d)
 - New and modified: 0

[05/Jun/2023:00:10:41] UPDATING PREPAGATI (JobID: 2d4fd429-5643-4676-b136-ec43d8f38f9c)
 - New and modified: 0

[05/Jun/2023:00:10:41] DELETING PREPAGATI (JobID: 2d4fd429-5643-4676-b136-ec43d8f38f9c)
 - Deleted: 0

[05/Jun/2023:00:30:04] UPDATING ACCOUNTS (JobID: 0d63b7f0-5348-4875-b347-5633a23c9361)
 - New and modified: 0

[05/Jun/2023:00:30:04] DELETING ACCOUNTS (JobID: 0d63b7f0-5348-4875-b347-5633a23c9361)
 - Deleted: 0

[05/Jun/2023:00:30:37] UPDATING PRODUCTS (JobID: 453e9abe-7352-4932-8d59-0fcf3ed25516)
 - New and modified: 0

[05/Jun/2023:00:30:38] UPDATING PREPAGATI (JobID: 187371ec-b86e-47da-9ad1-c12d8c557a6c)
 - New and modified: 0

[05/Jun/2023:00:30:38] DELETING PREPAGATI (JobID: 187371ec-b86e-47da-9ad1-c12d8c557a6c)
 - Deleted: 0

[05/Jun/2023:00:50:04] UPDATING ACCOUNTS (JobID: 182b04ee-764d-4575-be39-94cbe2f738a9)
 - New and modified: 0

[05/Jun/2023:00:50:04] DELETING ACCOUNTS (JobID: 182b04ee-764d-4575-be39-94cbe2f738a9)
 - Deleted: 0

[05/Jun/2023:00:50:38] UPDATING PRODUCTS (JobID: a6218e0f-38b2-447b-a9aa-1e3157aa1367)
 - New and modified: 0

[05/Jun/2023:00:50:39] UPDATING PREPAGATI (JobID: 7e09465b-370d-4104-a020-abf0f86856b3)
 - New and modified: 0

[05/Jun/2023:00:50:39] DELETING PREPAGATI (JobID: 7e09465b-370d-4104-a020-abf0f86856b3)
 - Deleted: 0

[05/Jun/2023:01:10:05] UPDATING ACCOUNTS (JobID: 05851c43-d13c-403b-bfcd-b62cf2afe442)
 - New and modified: 0

[05/Jun/2023:01:10:05] DELETING ACCOUNTS (JobID: 05851c43-d13c-403b-bfcd-b62cf2afe442)
 - Deleted: 0

[05/Jun/2023:01:10:42] UPDATING PRODUCTS (JobID: 56720565-9b8f-4578-a8c7-073c9174a806)
 - New and modified: 0

[05/Jun/2023:01:10:44] UPDATING PREPAGATI (JobID: 8fc7ed13-3b9f-4c34-a939-6d71cf7513bc)
 - New and modified: 0

[05/Jun/2023:01:10:44] DELETING PREPAGATI (JobID: 8fc7ed13-3b9f-4c34-a939-6d71cf7513bc)
 - Deleted: 0

[05/Jun/2023:01:30:04] UPDATING ACCOUNTS (JobID: a14b49e6-440f-4156-8cdf-2c5746e0cbd2)
 - New and modified: 0

[05/Jun/2023:01:30:04] DELETING ACCOUNTS (JobID: a14b49e6-440f-4156-8cdf-2c5746e0cbd2)
 - Deleted: 0

[05/Jun/2023:01:30:34] UPDATING PRODUCTS (JobID: bd11055e-633c-4b87-b6ed-061ec02b4f85)
 - New and modified: 0

[05/Jun/2023:01:30:36] UPDATING PREPAGATI (JobID: 2f9082e2-2275-419c-abeb-74410fdad31d)
 - New and modified: 0

[05/Jun/2023:01:30:36] DELETING PREPAGATI (JobID: 2f9082e2-2275-419c-abeb-74410fdad31d)
 - Deleted: 0

[05/Jun/2023:01:40:04] UPDATING ACCOUNTS (JobID: 5c36639b-e582-4c43-8291-e87afa851955)
 - New and modified: 0

[05/Jun/2023:01:40:04] DELETING ACCOUNTS (JobID: 5c36639b-e582-4c43-8291-e87afa851955)
 - Deleted: 0

[05/Jun/2023:01:40:45] UPDATING PRODUCTS (JobID: 75a07d6b-7c70-4ec4-803b-2cc2ca2b0cd8)
 - New and modified: 0

[05/Jun/2023:01:40:47] UPDATING PREPAGATI (JobID: 11d6351b-7c0f-4ac7-907e-9527812b541c)
 - New and modified: 0

[05/Jun/2023:01:40:47] DELETING PREPAGATI (JobID: 11d6351b-7c0f-4ac7-907e-9527812b541c)
 - Deleted: 0

[05/Jun/2023:02:00:05] UPDATING ACCOUNTS (JobID: 485152b9-5468-4ab6-ac19-eb0dc4e201dc)
 - New and modified: 0

[05/Jun/2023:02:00:05] DELETING ACCOUNTS (JobID: 485152b9-5468-4ab6-ac19-eb0dc4e201dc)
 - Deleted: 0

[05/Jun/2023:02:00:41] UPDATING PRODUCTS (JobID: fd0a02f5-ffec-4958-a7c2-4164e2e82ec4)
 - New and modified: 0

[05/Jun/2023:02:00:43] UPDATING PREPAGATI (JobID: 0df7f315-cf77-4122-9cdc-95592cba4cdb)
 - New and modified: 0

[05/Jun/2023:02:00:43] DELETING PREPAGATI (JobID: 0df7f315-cf77-4122-9cdc-95592cba4cdb)
 - Deleted: 0

[05/Jun/2023:02:10:04] UPDATING ACCOUNTS (JobID: 1d8836a0-1a21-47af-8792-b7a98ece10a3)
 - New and modified: 0

[05/Jun/2023:02:10:04] DELETING ACCOUNTS (JobID: 1d8836a0-1a21-47af-8792-b7a98ece10a3)
 - Deleted: 0

[05/Jun/2023:02:10:41] UPDATING PRODUCTS (JobID: 7e2d1c86-381f-4c85-abd9-2131b4e32078)
 - New and modified: 0

[05/Jun/2023:02:10:42] UPDATING PREPAGATI (JobID: e7718f72-a2ea-43e2-a02b-881c7f3fa6fb)
 - New and modified: 0

[05/Jun/2023:02:10:42] DELETING PREPAGATI (JobID: e7718f72-a2ea-43e2-a02b-881c7f3fa6fb)
 - Deleted: 0

[05/Jun/2023:02:20:04] UPDATING ACCOUNTS (JobID: f0016863-8d1e-4976-bf69-aa01ebc2a08b)
 - New and modified: 0

[05/Jun/2023:02:20:04] DELETING ACCOUNTS (JobID: f0016863-8d1e-4976-bf69-aa01ebc2a08b)
 - Deleted: 0

[05/Jun/2023:02:20:41] UPDATING PRODUCTS (JobID: 91243850-9e5e-4d59-86b4-0d78accba530)
 - New and modified: 0

[05/Jun/2023:02:20:44] UPDATING PREPAGATI (JobID: fffc41e0-8ea1-4537-9b94-a9d4d7e6092f)
 - New and modified: 0

[05/Jun/2023:02:20:44] DELETING PREPAGATI (JobID: fffc41e0-8ea1-4537-9b94-a9d4d7e6092f)
 - Deleted: 0

[05/Jun/2023:02:50:05] UPDATING ACCOUNTS (JobID: 35d01528-0f65-488e-bf65-27968ffc4e3e)
 - New and modified: 0

[05/Jun/2023:02:50:05] DELETING ACCOUNTS (JobID: 35d01528-0f65-488e-bf65-27968ffc4e3e)
 - Deleted: 0

[05/Jun/2023:02:50:44] UPDATING PRODUCTS (JobID: a5ea7084-d4fd-4a06-a32d-8897e9568321)
 - New and modified: 0

[05/Jun/2023:02:50:46] UPDATING PREPAGATI (JobID: 6c909e84-f60c-4c78-a69b-de0e9e6f04fd)
 - New and modified: 0

[05/Jun/2023:02:50:46] DELETING PREPAGATI (JobID: 6c909e84-f60c-4c78-a69b-de0e9e6f04fd)
 - Deleted: 0

[05/Jun/2023:03:00:04] UPDATING ACCOUNTS (JobID: 8ec964b4-aa67-4f00-80c7-abd9528f193f)
 - New and modified: 0

[05/Jun/2023:03:00:04] DELETING ACCOUNTS (JobID: 8ec964b4-aa67-4f00-80c7-abd9528f193f)
 - Deleted: 0

[05/Jun/2023:03:00:43] UPDATING PRODUCTS (JobID: 239c5904-eeb7-45f2-b53a-aa814d1a799e)
 - New and modified: 0

[05/Jun/2023:03:00:45] UPDATING PREPAGATI (JobID: fe0e6db0-8f1d-473b-a4a1-9c5c8357ed30)
 - New and modified: 0

[05/Jun/2023:03:00:45] DELETING PREPAGATI (JobID: fe0e6db0-8f1d-473b-a4a1-9c5c8357ed30)
 - Deleted: 0

[05/Jun/2023:03:10:04] UPDATING ACCOUNTS (JobID: 4bc1f598-5900-4d10-b51c-573da18b086b)
 - New and modified: 0

[05/Jun/2023:03:10:04] DELETING ACCOUNTS (JobID: 4bc1f598-5900-4d10-b51c-573da18b086b)
 - Deleted: 0

[05/Jun/2023:03:10:40] UPDATING PRODUCTS (JobID: 2d0dc9ca-fcd0-402b-a223-1a9a64f51d86)
 - New and modified: 0

[05/Jun/2023:03:10:42] UPDATING PREPAGATI (JobID: 01fe0577-e72d-4fca-9097-ad0efbc5cf89)
 - New and modified: 0

[05/Jun/2023:03:10:42] DELETING PREPAGATI (JobID: 01fe0577-e72d-4fca-9097-ad0efbc5cf89)
 - Deleted: 0

[05/Jun/2023:03:20:05] UPDATING ACCOUNTS (JobID: 9f1aae1f-c2e3-4277-a274-078d8f6e6be6)
 - New and modified: 0

[05/Jun/2023:03:20:05] DELETING ACCOUNTS (JobID: 9f1aae1f-c2e3-4277-a274-078d8f6e6be6)
 - Deleted: 0

[05/Jun/2023:03:20:40] UPDATING PRODUCTS (JobID: 8ed07cfb-a491-41e3-b708-b46ddef08d9e)
 - New and modified: 0

[05/Jun/2023:03:20:42] UPDATING PREPAGATI (JobID: 11143b36-415e-4f1b-bc73-fa7265668497)
 - New and modified: 0

[05/Jun/2023:03:20:42] DELETING PREPAGATI (JobID: 11143b36-415e-4f1b-bc73-fa7265668497)
 - Deleted: 0

[05/Jun/2023:03:30:05] UPDATING ACCOUNTS (JobID: 3e32445f-e87e-4d45-af89-21de008a1808)
 - New and modified: 0

[05/Jun/2023:03:30:05] DELETING ACCOUNTS (JobID: 3e32445f-e87e-4d45-af89-21de008a1808)
 - Deleted: 0

[05/Jun/2023:03:30:41] UPDATING PRODUCTS (JobID: a8cae029-8828-4f9a-961f-2f76a158d9f1)
 - New and modified: 0

[05/Jun/2023:03:30:42] UPDATING PREPAGATI (JobID: 11926851-113c-48a7-a506-d31c0e66fa7e)
 - New and modified: 0

[05/Jun/2023:03:30:42] DELETING PREPAGATI (JobID: 11926851-113c-48a7-a506-d31c0e66fa7e)
 - Deleted: 0

[05/Jun/2023:03:40:04] UPDATING ACCOUNTS (JobID: dec7ca7d-7ae3-4c9d-8903-744e177ba5aa)
 - New and modified: 0

[05/Jun/2023:03:40:04] DELETING ACCOUNTS (JobID: dec7ca7d-7ae3-4c9d-8903-744e177ba5aa)
 - Deleted: 0

[05/Jun/2023:03:40:41] UPDATING PRODUCTS (JobID: 8475a662-f02e-4a6f-b2a7-796817d45a58)
 - New and modified: 0

[05/Jun/2023:03:40:42] UPDATING PREPAGATI (JobID: 3e95d16d-c268-4997-9d7b-800e6be257b4)
 - New and modified: 0

[05/Jun/2023:03:40:42] DELETING PREPAGATI (JobID: 3e95d16d-c268-4997-9d7b-800e6be257b4)
 - Deleted: 0

[05/Jun/2023:03:50:04] UPDATING ACCOUNTS (JobID: b263efec-b4b9-4d79-bf8d-f8db05287db0)
 - New and modified: 0

[05/Jun/2023:03:50:04] DELETING ACCOUNTS (JobID: b263efec-b4b9-4d79-bf8d-f8db05287db0)
 - Deleted: 0

[05/Jun/2023:03:50:39] UPDATING PRODUCTS (JobID: 37718920-a15c-44e8-bdbf-051184177a13)
 - New and modified: 0

[05/Jun/2023:03:50:40] UPDATING PREPAGATI (JobID: 1db0c621-fcf2-4b13-ac93-17a2e38fbf1c)
 - New and modified: 0

[05/Jun/2023:03:50:40] DELETING PREPAGATI (JobID: 1db0c621-fcf2-4b13-ac93-17a2e38fbf1c)
 - Deleted: 0

[05/Jun/2023:04:00:04] UPDATING ACCOUNTS (JobID: 05d329f5-7b38-4218-941d-f8d6ddcb0c50)
 - New and modified: 0

[05/Jun/2023:04:00:04] DELETING ACCOUNTS (JobID: 05d329f5-7b38-4218-941d-f8d6ddcb0c50)
 - Deleted: 0

[05/Jun/2023:04:00:41] UPDATING PRODUCTS (JobID: b62a0444-cc7d-41ef-9b97-340555b9fec4)
 - New and modified: 0

[05/Jun/2023:04:00:42] UPDATING PREPAGATI (JobID: 9b33449a-95a7-4b51-b74b-e802a6af844b)
 - New and modified: 0

[05/Jun/2023:04:00:42] DELETING PREPAGATI (JobID: 9b33449a-95a7-4b51-b74b-e802a6af844b)
 - Deleted: 0

[05/Jun/2023:04:20:05] UPDATING ACCOUNTS (JobID: 3a2d2fcb-c5e1-4d6a-b61f-27bf0aab243e)
 - New and modified: 0

[05/Jun/2023:04:20:05] DELETING ACCOUNTS (JobID: 3a2d2fcb-c5e1-4d6a-b61f-27bf0aab243e)
 - Deleted: 0

[05/Jun/2023:04:20:41] UPDATING PRODUCTS (JobID: e06e4f1d-aebc-461e-bbe5-e5fbfc854d82)
 - New and modified: 0

[05/Jun/2023:04:20:43] UPDATING PREPAGATI (JobID: 4f851d1d-a830-4200-88b5-dc0143ea8107)
 - New and modified: 0

[05/Jun/2023:04:20:43] DELETING PREPAGATI (JobID: 4f851d1d-a830-4200-88b5-dc0143ea8107)
 - Deleted: 0

[05/Jun/2023:04:40:04] UPDATING ACCOUNTS (JobID: 6b4b56ff-1b6e-411e-9c28-53046b92ddfb)
 - New and modified: 0

[05/Jun/2023:04:40:04] DELETING ACCOUNTS (JobID: 6b4b56ff-1b6e-411e-9c28-53046b92ddfb)
 - Deleted: 0

[05/Jun/2023:04:40:39] UPDATING PRODUCTS (JobID: db0b2c83-33e0-45b1-9996-defe829749dd)
 - New and modified: 0

[05/Jun/2023:04:40:41] UPDATING PREPAGATI (JobID: d65fbeac-536c-4ce9-8ddd-2bc4914abe37)
 - New and modified: 0

[05/Jun/2023:04:40:41] DELETING PREPAGATI (JobID: d65fbeac-536c-4ce9-8ddd-2bc4914abe37)
 - Deleted: 0

[05/Jun/2023:04:50:04] UPDATING ACCOUNTS (JobID: b991c3a5-6985-4536-8a5e-93d526ebf275)
 - New and modified: 0

[05/Jun/2023:04:50:04] DELETING ACCOUNTS (JobID: b991c3a5-6985-4536-8a5e-93d526ebf275)
 - Deleted: 0

[05/Jun/2023:04:50:40] UPDATING PRODUCTS (JobID: 2ba1a10f-6f3b-4079-aa1d-596f29b845e3)
 - New and modified: 0

[05/Jun/2023:04:50:42] UPDATING PREPAGATI (JobID: 8c6ae010-bf61-4328-8b97-6756b1eaec28)
 - New and modified: 0

[05/Jun/2023:04:50:42] DELETING PREPAGATI (JobID: 8c6ae010-bf61-4328-8b97-6756b1eaec28)
 - Deleted: 0

[05/Jun/2023:05:00:05] UPDATING ACCOUNTS (JobID: 2741b145-5866-4391-b3d2-db86bd290fc8)
 - New and modified: 0

[05/Jun/2023:05:00:05] DELETING ACCOUNTS (JobID: 2741b145-5866-4391-b3d2-db86bd290fc8)
 - Deleted: 0

[05/Jun/2023:05:00:41] UPDATING PRODUCTS (JobID: 13362669-3479-42d4-b0ee-36d925d84840)
 - New and modified: 0

[05/Jun/2023:05:00:43] UPDATING PREPAGATI (JobID: e7e63626-b521-4655-b42f-ee0f5a1e87c2)
 - New and modified: 0

[05/Jun/2023:05:00:43] DELETING PREPAGATI (JobID: e7e63626-b521-4655-b42f-ee0f5a1e87c2)
 - Deleted: 0

[05/Jun/2023:05:10:05] UPDATING ACCOUNTS (JobID: c784fe0d-a2b4-40f8-abca-9c9ace23ccba)
 - New and modified: 0

[05/Jun/2023:05:10:05] DELETING ACCOUNTS (JobID: c784fe0d-a2b4-40f8-abca-9c9ace23ccba)
 - Deleted: 0

[05/Jun/2023:05:10:40] UPDATING PRODUCTS (JobID: 5445183d-9b82-4ba9-af21-6c07790a50b4)
 - New and modified: 0

[05/Jun/2023:05:10:42] UPDATING PREPAGATI (JobID: c83b6fe0-c263-4500-9862-67106dcc8342)
 - New and modified: 0

[05/Jun/2023:05:10:42] DELETING PREPAGATI (JobID: c83b6fe0-c263-4500-9862-67106dcc8342)
 - Deleted: 0

[05/Jun/2023:05:50:04] UPDATING ACCOUNTS (JobID: 2b4b18e5-0cc4-442d-b49b-9ac1edddd5b1)
 - New and modified: 0

[05/Jun/2023:05:50:04] DELETING ACCOUNTS (JobID: 2b4b18e5-0cc4-442d-b49b-9ac1edddd5b1)
 - Deleted: 0

[05/Jun/2023:05:50:40] UPDATING PRODUCTS (JobID: 4cbdc719-5788-4245-842b-3301f827caa8)
 - New and modified: 0

[05/Jun/2023:05:50:42] UPDATING PREPAGATI (JobID: 22afb871-71d3-4227-b573-f1489170fa31)
 - New and modified: 0

[05/Jun/2023:05:50:42] DELETING PREPAGATI (JobID: 22afb871-71d3-4227-b573-f1489170fa31)
 - Deleted: 0

[05/Jun/2023:06:00:04] UPDATING ACCOUNTS (JobID: b3219f22-1171-4f50-88da-efe9dab171dd)
 - New and modified: 0

[05/Jun/2023:06:00:04] DELETING ACCOUNTS (JobID: b3219f22-1171-4f50-88da-efe9dab171dd)
 - Deleted: 0

[05/Jun/2023:06:00:40] UPDATING PRODUCTS (JobID: 67e86519-a05e-409f-a358-a1d59b656170)
 - New and modified: 0

[05/Jun/2023:06:00:42] UPDATING PREPAGATI (JobID: ea428d00-20cd-4c5e-ba8c-6505e65d9b7b)
 - New and modified: 0

[05/Jun/2023:06:00:42] DELETING PREPAGATI (JobID: ea428d00-20cd-4c5e-ba8c-6505e65d9b7b)
 - Deleted: 0

[05/Jun/2023:06:10:04] UPDATING ACCOUNTS (JobID: d4224e1f-9d46-4fcd-99f9-7798fbd1846b)
 - New and modified: 0

[05/Jun/2023:06:10:04] DELETING ACCOUNTS (JobID: d4224e1f-9d46-4fcd-99f9-7798fbd1846b)
 - Deleted: 0

[05/Jun/2023:06:10:40] UPDATING PRODUCTS (JobID: 09ca4d47-4f1e-4653-b3ce-0030409636de)
 - New and modified: 0

[05/Jun/2023:06:10:42] UPDATING PREPAGATI (JobID: 6429cdf0-b55b-4a1a-9374-52698cc25e90)
 - New and modified: 0

[05/Jun/2023:06:10:42] DELETING PREPAGATI (JobID: 6429cdf0-b55b-4a1a-9374-52698cc25e90)
 - Deleted: 0

[05/Jun/2023:06:20:04] UPDATING ACCOUNTS (JobID: c10d19f0-b0b0-4917-96a5-5b79971b8975)
 - New and modified: 0

[05/Jun/2023:06:20:04] DELETING ACCOUNTS (JobID: c10d19f0-b0b0-4917-96a5-5b79971b8975)
 - Deleted: 0

[05/Jun/2023:06:20:39] UPDATING PRODUCTS (JobID: 85ee7211-1082-4363-91ad-ac80a45d6fd9)
 - New and modified: 0

[05/Jun/2023:06:20:41] UPDATING PREPAGATI (JobID: 0ea3a35a-3c13-4b08-8e52-49d50fca50d7)
 - New and modified: 0

[05/Jun/2023:06:20:41] DELETING PREPAGATI (JobID: 0ea3a35a-3c13-4b08-8e52-49d50fca50d7)
 - Deleted: 0

[05/Jun/2023:06:30:04] UPDATING ACCOUNTS (JobID: 3674d708-c750-4e71-bf03-9462199b9f2b)
 - New and modified: 0

[05/Jun/2023:06:30:04] DELETING ACCOUNTS (JobID: 3674d708-c750-4e71-bf03-9462199b9f2b)
 - Deleted: 0

[05/Jun/2023:06:30:38] UPDATING PRODUCTS (JobID: f7a4d2a7-7513-43da-bfbb-ace9a720c394)
 - New and modified: 0

[05/Jun/2023:06:30:40] UPDATING PREPAGATI (JobID: fcc0a359-e47b-44d2-81ad-f190d8865a5d)
 - New and modified: 0

[05/Jun/2023:06:30:40] DELETING PREPAGATI (JobID: fcc0a359-e47b-44d2-81ad-f190d8865a5d)
 - Deleted: 0

[05/Jun/2023:07:10:04] UPDATING ACCOUNTS (JobID: 8187eeef-95a7-4c5f-a4e6-9a8bb5f57bde)
 - New and modified: 0

[05/Jun/2023:07:10:04] DELETING ACCOUNTS (JobID: 8187eeef-95a7-4c5f-a4e6-9a8bb5f57bde)
 - Deleted: 0

[05/Jun/2023:07:10:39] UPDATING PRODUCTS (JobID: ae24208c-5ea5-405b-97af-2fdd7556bde4)
 - New and modified: 0

[05/Jun/2023:07:10:41] UPDATING PREPAGATI (JobID: d842031f-b6ff-468b-9b52-ec9ed18db09d)
 - New and modified: 0

[05/Jun/2023:07:10:41] DELETING PREPAGATI (JobID: d842031f-b6ff-468b-9b52-ec9ed18db09d)
 - Deleted: 0

[05/Jun/2023:07:40:05] UPDATING ACCOUNTS (JobID: e7308686-d037-4a0b-b3f9-88d8ab4fdc14)
 - New and modified: 0

[05/Jun/2023:07:40:05] DELETING ACCOUNTS (JobID: e7308686-d037-4a0b-b3f9-88d8ab4fdc14)
 - Deleted: 0

[05/Jun/2023:07:40:40] UPDATING PRODUCTS (JobID: 70351cfa-8161-4329-960e-c8e4352c2079)
 - New and modified: 0

[05/Jun/2023:07:40:42] UPDATING PREPAGATI (JobID: 1c103dd2-0755-40ed-8e62-c716afc77e58)
 - New and modified: 0

[05/Jun/2023:07:40:42] DELETING PREPAGATI (JobID: 1c103dd2-0755-40ed-8e62-c716afc77e58)
 - Deleted: 0

[05/Jun/2023:09:00:05] UPDATING ACCOUNTS (JobID: 06c50b37-fb26-43bd-8838-92f93c39c358)
 - New and modified: 0

[05/Jun/2023:09:00:05] DELETING ACCOUNTS (JobID: 06c50b37-fb26-43bd-8838-92f93c39c358)
 - Deleted: 0

[05/Jun/2023:09:00:43] UPDATING PRODUCTS (JobID: 50bfd11b-e2ec-482a-9319-b85003195b12)
 - New and modified: 0

[05/Jun/2023:09:00:45] UPDATING PREPAGATI (JobID: 86fdcda0-09c0-48a9-a067-429a7f42153d)
 - New and modified: 0

[05/Jun/2023:09:00:45] DELETING PREPAGATI (JobID: 86fdcda0-09c0-48a9-a067-429a7f42153d)
 - Deleted: 0

[05/Jun/2023:09:10:04] UPDATING ACCOUNTS (JobID: 62c82e4e-6216-4a3a-bd1b-4ba12fa64105)
 - New and modified: 0

[05/Jun/2023:09:10:04] DELETING ACCOUNTS (JobID: 62c82e4e-6216-4a3a-bd1b-4ba12fa64105)
 - Deleted: 0

[05/Jun/2023:09:10:39] UPDATING PRODUCTS (JobID: e908039d-f7e3-4e15-963b-70dcd6c13970)
 - New and modified: 0

[05/Jun/2023:09:10:41] UPDATING PREPAGATI (JobID: ccbee9df-9c57-4697-8eb5-14214141b39e)
 - New and modified: 0

[05/Jun/2023:09:10:41] DELETING PREPAGATI (JobID: ccbee9df-9c57-4697-8eb5-14214141b39e)
 - Deleted: 0

[05/Jun/2023:09:40:05] UPDATING ACCOUNTS (JobID: 721457c9-9aa7-481a-b645-45418ee98a66)
 - New and modified: 0

[05/Jun/2023:09:40:05] DELETING ACCOUNTS (JobID: 721457c9-9aa7-481a-b645-45418ee98a66)
 - Deleted: 0

[05/Jun/2023:09:40:42] UPDATING PRODUCTS (JobID: 8abf35e6-ed09-47cb-bcf6-4509d1cfebbb)
 - New and modified: 0

[05/Jun/2023:09:40:44] UPDATING PREPAGATI (JobID: d369573d-323b-42be-8b07-5f61d02f777a)
 - New and modified: 0

[05/Jun/2023:09:40:44] DELETING PREPAGATI (JobID: d369573d-323b-42be-8b07-5f61d02f777a)
 - Deleted: 0

[05/Jun/2023:10:00:04] UPDATING ACCOUNTS (JobID: 6dc6a350-0a1f-4e3c-8847-8e4a13ad9e6b)
 - New and modified: 0

[05/Jun/2023:10:00:04] DELETING ACCOUNTS (JobID: 6dc6a350-0a1f-4e3c-8847-8e4a13ad9e6b)
 - Deleted: 0

[05/Jun/2023:10:00:40] UPDATING PRODUCTS (JobID: 3dbc0fbc-deb1-4313-82e8-dd6d0efa0e78)
 - New and modified: 0

[05/Jun/2023:10:00:42] UPDATING PREPAGATI (JobID: 0405ec57-97cd-4bf2-8a72-89ecec39db79)
 - New and modified: 0

[05/Jun/2023:10:00:42] DELETING PREPAGATI (JobID: 0405ec57-97cd-4bf2-8a72-89ecec39db79)
 - Deleted: 0

[05/Jun/2023:10:50:05] UPDATING ACCOUNTS (JobID: 58a49bae-7b4f-4805-8b8f-32c304827308)
 - New and modified: 0

[05/Jun/2023:10:50:05] DELETING ACCOUNTS (JobID: 58a49bae-7b4f-4805-8b8f-32c304827308)
 - Deleted: 0

[05/Jun/2023:10:50:40] UPDATING PRODUCTS (JobID: bbdd26be-53b8-4398-ac23-5586053a392a)
 - New and modified: 0

[05/Jun/2023:10:50:41] UPDATING PREPAGATI (JobID: 531949ff-7b3b-4a11-bf5a-86d24800b4b2)
 - New and modified: 0

[05/Jun/2023:10:50:41] DELETING PREPAGATI (JobID: 531949ff-7b3b-4a11-bf5a-86d24800b4b2)
 - Deleted: 0

[05/Jun/2023:11:00:04] UPDATING ACCOUNTS (JobID: 5225424a-55c1-4ede-b0e0-717828bce3cf)
 - New and modified: 0

[05/Jun/2023:11:00:04] DELETING ACCOUNTS (JobID: 5225424a-55c1-4ede-b0e0-717828bce3cf)
 - Deleted: 0

[05/Jun/2023:11:00:40] UPDATING PRODUCTS (JobID: e664c282-abce-49e2-87ba-cfb49302b0d9)
 - New and modified: 0

[05/Jun/2023:11:00:42] UPDATING PREPAGATI (JobID: 277f77bf-2ac4-4f54-b032-47a70356ea85)
 - New and modified: 0

[05/Jun/2023:11:00:42] DELETING PREPAGATI (JobID: 277f77bf-2ac4-4f54-b032-47a70356ea85)
 - Deleted: 0

[05/Jun/2023:11:30:04] UPDATING ACCOUNTS (JobID: b5062fa9-53df-4fd9-bb41-4c490d53e611)
 - New and modified: 0

[05/Jun/2023:11:30:04] DELETING ACCOUNTS (JobID: b5062fa9-53df-4fd9-bb41-4c490d53e611)
 - Deleted: 0

[05/Jun/2023:11:30:38] UPDATING PRODUCTS (JobID: 6dff6741-0b8c-4ec2-8287-182e6419a2ef)
 - New and modified: 0

[05/Jun/2023:11:30:40] UPDATING PREPAGATI (JobID: cdfcfaa1-d517-4c24-8945-31b1df2a16ce)
 - New and modified: 0

[05/Jun/2023:11:30:40] DELETING PREPAGATI (JobID: cdfcfaa1-d517-4c24-8945-31b1df2a16ce)
 - Deleted: 0

[05/Jun/2023:11:40:04] UPDATING ACCOUNTS (JobID: a8e1f4bc-0de4-49ec-880e-eff091477248)
 - New and modified: 0

[05/Jun/2023:11:40:04] DELETING ACCOUNTS (JobID: a8e1f4bc-0de4-49ec-880e-eff091477248)
 - Deleted: 0

[05/Jun/2023:11:40:41] UPDATING PRODUCTS (JobID: cbeb89a2-2b77-4b07-a850-1fbdd91cb5af)
 - New and modified: 0

[05/Jun/2023:11:40:42] UPDATING PREPAGATI (JobID: 23b6f364-8a2a-45ca-835c-71194d2b5479)
 - New and modified: 0

[05/Jun/2023:11:40:42] DELETING PREPAGATI (JobID: 23b6f364-8a2a-45ca-835c-71194d2b5479)
 - Deleted: 0

[05/Jun/2023:12:00:04] UPDATING ACCOUNTS (JobID: aa2b1c2f-5697-4cab-bdc4-e3988a08749f)
 - New and modified: 0

[05/Jun/2023:12:00:04] DELETING ACCOUNTS (JobID: aa2b1c2f-5697-4cab-bdc4-e3988a08749f)
 - Deleted: 0

[05/Jun/2023:12:00:39] UPDATING PRODUCTS (JobID: bb9e4094-3f48-4a09-8296-a0f9616c4f26)
 - New and modified: 0

[05/Jun/2023:12:00:40] UPDATING PREPAGATI (JobID: 4ad8a1ba-6fad-44dd-b4fe-f182a06ca233)
 - New and modified: 0

[05/Jun/2023:12:00:40] DELETING PREPAGATI (JobID: 4ad8a1ba-6fad-44dd-b4fe-f182a06ca233)
 - Deleted: 0

[05/Jun/2023:12:40:04] UPDATING ACCOUNTS (JobID: 6c5442b6-e663-4b23-a235-aa6350af9b1e)
 - New and modified: 0

[05/Jun/2023:12:40:04] DELETING ACCOUNTS (JobID: 6c5442b6-e663-4b23-a235-aa6350af9b1e)
 - Deleted: 0

[05/Jun/2023:12:40:39] UPDATING PRODUCTS (JobID: c87a0f70-10e0-4fa3-9d4d-ae745247c30e)
 - New and modified: 0

[05/Jun/2023:12:40:41] UPDATING PREPAGATI (JobID: e31acff4-9d6e-411e-835c-d8b4c90fb70e)
 - New and modified: 0

[05/Jun/2023:12:40:41] DELETING PREPAGATI (JobID: e31acff4-9d6e-411e-835c-d8b4c90fb70e)
 - Deleted: 0

[05/Jun/2023:12:50:04] UPDATING ACCOUNTS (JobID: d3202abf-00c1-4141-8775-0d75752e9941)
 - New and modified: 0

[05/Jun/2023:12:50:04] DELETING ACCOUNTS (JobID: d3202abf-00c1-4141-8775-0d75752e9941)
 - Deleted: 0

[05/Jun/2023:12:50:40] UPDATING PRODUCTS (JobID: 14a2d930-83fa-42ec-b803-ab0cecfc07ca)
 - New and modified: 0

[05/Jun/2023:12:50:42] UPDATING PREPAGATI (JobID: 2bdccd84-cbb2-41eb-824f-b48a6a3714f2)
 - New and modified: 0

[05/Jun/2023:12:50:42] DELETING PREPAGATI (JobID: 2bdccd84-cbb2-41eb-824f-b48a6a3714f2)
 - Deleted: 0

[05/Jun/2023:13:00:04] UPDATING ACCOUNTS (JobID: 4b5416fe-b262-44b3-9d73-77cce7b1e665)
 - New and modified: 0

[05/Jun/2023:13:00:04] DELETING ACCOUNTS (JobID: 4b5416fe-b262-44b3-9d73-77cce7b1e665)
 - Deleted: 0

[05/Jun/2023:13:00:38] UPDATING PRODUCTS (JobID: 89a70e96-14a5-4b8f-87ef-ded1bf9d1531)
 - New and modified: 0

[05/Jun/2023:13:00:40] UPDATING PREPAGATI (JobID: dbc82a6a-7d02-436f-a0b7-5948aa28c6d7)
 - New and modified: 0

[05/Jun/2023:13:00:40] DELETING PREPAGATI (JobID: dbc82a6a-7d02-436f-a0b7-5948aa28c6d7)
 - Deleted: 0

[05/Jun/2023:13:10:04] UPDATING ACCOUNTS (JobID: 64eec6ee-5d69-4574-9ca2-787a59d155ec)
 - New and modified: 0

[05/Jun/2023:13:10:04] DELETING ACCOUNTS (JobID: 64eec6ee-5d69-4574-9ca2-787a59d155ec)
 - Deleted: 0

[05/Jun/2023:13:10:37] UPDATING PRODUCTS (JobID: 8c812e07-3dad-4d82-a572-9f8feec64644)
 - New and modified: 0

[05/Jun/2023:13:10:39] UPDATING PREPAGATI (JobID: e9487286-5e79-4479-b60d-0b7b95c83924)
 - New and modified: 0

[05/Jun/2023:13:10:39] DELETING PREPAGATI (JobID: e9487286-5e79-4479-b60d-0b7b95c83924)
 - Deleted: 0

[05/Jun/2023:13:20:05] UPDATING ACCOUNTS (JobID: 9ea54ffd-dc67-4dbc-af73-807e6e2b063d)
 - New and modified: 0

[05/Jun/2023:13:20:05] DELETING ACCOUNTS (JobID: 9ea54ffd-dc67-4dbc-af73-807e6e2b063d)
 - Deleted: 0

[05/Jun/2023:13:20:39] UPDATING PRODUCTS (JobID: 634f9f38-9b22-4c2c-ba02-33b8d2b80842)
 - New and modified: 0

[05/Jun/2023:13:20:41] UPDATING PREPAGATI (JobID: 92714235-287e-4446-b024-647f4b6054cb)
 - New and modified: 0

[05/Jun/2023:13:20:41] DELETING PREPAGATI (JobID: 92714235-287e-4446-b024-647f4b6054cb)
 - Deleted: 0

[05/Jun/2023:13:30:04] UPDATING ACCOUNTS (JobID: b0388c5f-cb95-4acc-97ba-17d48726c7fa)
 - New and modified: 0

[05/Jun/2023:13:30:04] DELETING ACCOUNTS (JobID: b0388c5f-cb95-4acc-97ba-17d48726c7fa)
 - Deleted: 0

[05/Jun/2023:13:30:37] UPDATING PRODUCTS (JobID: 5e608448-211a-4b4d-b0da-21e48507ce98)
 - New and modified: 0

[05/Jun/2023:13:30:39] UPDATING PREPAGATI (JobID: a7be43fb-d00d-4185-8c8b-cc83db5e7f9e)
 - New and modified: 0

[05/Jun/2023:13:30:39] DELETING PREPAGATI (JobID: a7be43fb-d00d-4185-8c8b-cc83db5e7f9e)
 - Deleted: 0

[05/Jun/2023:13:40:03] UPDATING ACCOUNTS (JobID: d26e22a9-d424-43fe-89b3-c544bde889a8)
 - New and modified: 0

[05/Jun/2023:13:40:03] DELETING ACCOUNTS (JobID: d26e22a9-d424-43fe-89b3-c544bde889a8)
 - Deleted: 0

[05/Jun/2023:13:40:37] UPDATING PRODUCTS (JobID: adf542f4-a107-4cff-a2de-ca370f3c775f)
 - New and modified: 0

[05/Jun/2023:13:40:39] UPDATING PREPAGATI (JobID: b8518db3-96b6-4fbe-a58e-57defc41e8d0)
 - New and modified: 0

[05/Jun/2023:13:40:39] DELETING PREPAGATI (JobID: b8518db3-96b6-4fbe-a58e-57defc41e8d0)
 - Deleted: 0

[05/Jun/2023:14:10:05] UPDATING ACCOUNTS (JobID: 309477b2-9fda-415e-91e4-73d94715c2c3)
 - New and modified: 0

[05/Jun/2023:14:10:05] DELETING ACCOUNTS (JobID: 309477b2-9fda-415e-91e4-73d94715c2c3)
 - Deleted: 0

[05/Jun/2023:14:10:42] UPDATING PRODUCTS (JobID: 8bca3daf-bbc9-459b-a4f8-92c9f19ff52f)
 - New and modified: 0

[05/Jun/2023:14:10:44] UPDATING PREPAGATI (JobID: 6cc35b27-544a-4eeb-8cee-d2c4bf6ad545)
 - New and modified: 0

[05/Jun/2023:14:10:44] DELETING PREPAGATI (JobID: 6cc35b27-544a-4eeb-8cee-d2c4bf6ad545)
 - Deleted: 0

[05/Jun/2023:14:50:04] UPDATING ACCOUNTS (JobID: acb195dd-e2bc-4877-b405-a0614a9eb85d)
 - New and modified: 0

[05/Jun/2023:14:50:04] DELETING ACCOUNTS (JobID: acb195dd-e2bc-4877-b405-a0614a9eb85d)
 - Deleted: 0

[05/Jun/2023:14:50:39] UPDATING PRODUCTS (JobID: daa2bbf1-e99e-4aef-8697-894e71c7b84e)
 - New and modified: 0

[05/Jun/2023:14:50:41] UPDATING PREPAGATI (JobID: 73b3712f-2ae9-4821-aabd-e99dda96932e)
 - New and modified: 0

[05/Jun/2023:14:50:41] DELETING PREPAGATI (JobID: 73b3712f-2ae9-4821-aabd-e99dda96932e)
 - Deleted: 0

[05/Jun/2023:15:00:04] UPDATING ACCOUNTS (JobID: ef315ae8-2fa4-4405-aa58-eda3b257fbe0)
 - New and modified: 0

[05/Jun/2023:15:00:04] DELETING ACCOUNTS (JobID: ef315ae8-2fa4-4405-aa58-eda3b257fbe0)
 - Deleted: 0

[05/Jun/2023:15:00:38] UPDATING PRODUCTS (JobID: a7009f57-1813-4e94-b243-b421b8379649)
 - New and modified: 0

[05/Jun/2023:15:00:46] UPDATING PREPAGATI (JobID: 23eb7000-a818-4841-b7b6-41de8042de04)
 - New and modified: 0

[05/Jun/2023:15:00:46] DELETING PREPAGATI (JobID: 23eb7000-a818-4841-b7b6-41de8042de04)
 - Deleted: 0

[05/Jun/2023:15:20:04] UPDATING ACCOUNTS (JobID: 56e21631-b451-4a7f-8029-05bd66dd0987)
 - New and modified: 0

[05/Jun/2023:15:20:04] DELETING ACCOUNTS (JobID: 56e21631-b451-4a7f-8029-05bd66dd0987)
 - Deleted: 0

[05/Jun/2023:15:20:39] UPDATING PRODUCTS (JobID: 56d9145d-ed76-4f64-acbb-d15265638f09)
 - New and modified: 0

[05/Jun/2023:15:20:41] UPDATING PREPAGATI (JobID: a13ddf96-75e8-4bbf-aba7-832095ba888a)
 - New and modified: 0

[05/Jun/2023:15:20:41] DELETING PREPAGATI (JobID: a13ddf96-75e8-4bbf-aba7-832095ba888a)
 - Deleted: 0

[05/Jun/2023:15:30:04] UPDATING ACCOUNTS (JobID: 8947d932-8327-47bd-a81c-aadc8b9da7d7)
 - New and modified: 0

[05/Jun/2023:15:30:04] DELETING ACCOUNTS (JobID: 8947d932-8327-47bd-a81c-aadc8b9da7d7)
 - Deleted: 0

[05/Jun/2023:15:30:40] UPDATING PRODUCTS (JobID: f9b13d07-b37a-4a21-8680-16ec90a8ff52)
 - New and modified: 0

[05/Jun/2023:15:30:42] UPDATING PREPAGATI (JobID: 1b6adb11-bf0b-4406-a874-62c5b247eda6)
 - New and modified: 0

[05/Jun/2023:15:30:42] DELETING PREPAGATI (JobID: 1b6adb11-bf0b-4406-a874-62c5b247eda6)
 - Deleted: 0

[05/Jun/2023:15:40:04] UPDATING ACCOUNTS (JobID: b69da993-8f6e-4f52-8a8b-e1cd584ec898)
 - New and modified: 0

[05/Jun/2023:15:40:04] DELETING ACCOUNTS (JobID: b69da993-8f6e-4f52-8a8b-e1cd584ec898)
 - Deleted: 0

[05/Jun/2023:15:40:39] UPDATING PRODUCTS (JobID: 0edefc4a-ec80-422e-99f1-c7550f8e8188)
 - New and modified: 0

[05/Jun/2023:15:40:41] UPDATING PREPAGATI (JobID: db5e90fb-083d-47e1-a96e-743c1030afcb)
 - New and modified: 0

[05/Jun/2023:15:40:41] DELETING PREPAGATI (JobID: db5e90fb-083d-47e1-a96e-743c1030afcb)
 - Deleted: 0

[05/Jun/2023:15:50:04] UPDATING ACCOUNTS (JobID: 2ee4a409-ada5-4803-8f7c-f819445b1c88)
 - New and modified: 0

[05/Jun/2023:15:50:04] DELETING ACCOUNTS (JobID: 2ee4a409-ada5-4803-8f7c-f819445b1c88)
 - Deleted: 0

[05/Jun/2023:15:50:36] UPDATING PRODUCTS (JobID: fe0398a1-b757-4d3c-b7f3-c45cd94c0503)
 - New and modified: 0

[05/Jun/2023:15:50:38] UPDATING PREPAGATI (JobID: 2340fe5d-8b4c-4d0e-af93-c15d1b2dc84d)
 - New and modified: 0

[05/Jun/2023:15:50:38] DELETING PREPAGATI (JobID: 2340fe5d-8b4c-4d0e-af93-c15d1b2dc84d)
 - Deleted: 0

[05/Jun/2023:16:40:04] UPDATING ACCOUNTS (JobID: 33b071a6-cd4f-4308-a4b5-79ee257dcab8)
 - New and modified: 0

[05/Jun/2023:16:40:04] DELETING ACCOUNTS (JobID: 33b071a6-cd4f-4308-a4b5-79ee257dcab8)
 - Deleted: 0

[05/Jun/2023:16:40:40] UPDATING PRODUCTS (JobID: a32affc0-aac1-4569-b3e5-5e5153377481)
 - New and modified: 0

[05/Jun/2023:16:40:42] UPDATING PREPAGATI (JobID: bfefadcf-f8f4-4c4c-8729-692d422e39e9)
 - New and modified: 0

[05/Jun/2023:16:40:42] DELETING PREPAGATI (JobID: bfefadcf-f8f4-4c4c-8729-692d422e39e9)
 - Deleted: 0

[05/Jun/2023:17:10:04] UPDATING ACCOUNTS (JobID: bcbd245b-1d10-4fab-87a2-83850966afd5)
 - New and modified: 0

[05/Jun/2023:17:10:04] DELETING ACCOUNTS (JobID: bcbd245b-1d10-4fab-87a2-83850966afd5)
 - Deleted: 0

[05/Jun/2023:17:10:37] UPDATING PRODUCTS (JobID: e4cea977-a709-4258-b06f-385b7d757c86)
 - New and modified: 0

[05/Jun/2023:17:10:39] UPDATING PREPAGATI (JobID: a37d85dc-3aec-4018-8227-13b3ed19de72)
 - New and modified: 0

[05/Jun/2023:17:10:39] DELETING PREPAGATI (JobID: a37d85dc-3aec-4018-8227-13b3ed19de72)
 - Deleted: 0

[05/Jun/2023:17:20:04] UPDATING ACCOUNTS (JobID: bd9984fb-aa14-4df7-8d02-b72c15898d98)
 - New and modified: 0

[05/Jun/2023:17:20:04] DELETING ACCOUNTS (JobID: bd9984fb-aa14-4df7-8d02-b72c15898d98)
 - Deleted: 0

[05/Jun/2023:17:20:38] UPDATING PRODUCTS (JobID: 458abcc1-9372-4804-9278-3aaa71a0cd01)
 - New and modified: 0

[05/Jun/2023:17:20:40] UPDATING PREPAGATI (JobID: 25905a28-7444-4f57-8032-2de2cb1bfe12)
 - New and modified: 0

[05/Jun/2023:17:20:40] DELETING PREPAGATI (JobID: 25905a28-7444-4f57-8032-2de2cb1bfe12)
 - Deleted: 0

[05/Jun/2023:17:50:04] UPDATING ACCOUNTS (JobID: c1edfc00-f863-4a89-a92c-29f7c5ec5dc9)
 - New and modified: 0

[05/Jun/2023:17:50:04] DELETING ACCOUNTS (JobID: c1edfc00-f863-4a89-a92c-29f7c5ec5dc9)
 - Deleted: 0

[05/Jun/2023:17:50:38] UPDATING PRODUCTS (JobID: 58bedbaf-3fca-4859-bb8a-262ee95a0e97)
 - New and modified: 0

[05/Jun/2023:17:50:39] UPDATING PREPAGATI (JobID: c58e8f59-0160-4bd1-b0dc-e850923c7a4c)
 - New and modified: 0

[05/Jun/2023:17:50:39] DELETING PREPAGATI (JobID: c58e8f59-0160-4bd1-b0dc-e850923c7a4c)
 - Deleted: 0

[05/Jun/2023:18:10:04] UPDATING ACCOUNTS (JobID: 939ef4f7-caa2-40e0-8a0d-b8528b226a1f)
 - New and modified: 0

[05/Jun/2023:18:10:04] DELETING ACCOUNTS (JobID: 939ef4f7-caa2-40e0-8a0d-b8528b226a1f)
 - Deleted: 0

[05/Jun/2023:18:10:40] UPDATING PRODUCTS (JobID: 03ec7dd8-a7da-4dfd-a6a5-492f793ecfa2)
 - New and modified: 0

[05/Jun/2023:18:10:42] UPDATING PREPAGATI (JobID: a2127ae2-f3be-4d41-a990-511c95735280)
 - New and modified: 0

[05/Jun/2023:18:10:42] DELETING PREPAGATI (JobID: a2127ae2-f3be-4d41-a990-511c95735280)
 - Deleted: 0

[05/Jun/2023:18:30:04] UPDATING ACCOUNTS (JobID: 90f522ad-5554-4d52-a420-ee84c2ca8607)
 - New and modified: 0

[05/Jun/2023:18:30:04] DELETING ACCOUNTS (JobID: 90f522ad-5554-4d52-a420-ee84c2ca8607)
 - Deleted: 0

[05/Jun/2023:18:30:40] UPDATING PRODUCTS (JobID: d8c5c91b-61b3-4101-b391-d74eee413ac5)
 - New and modified: 0

[05/Jun/2023:18:30:42] UPDATING PREPAGATI (JobID: 006321af-cedc-4787-ada5-52e26b8814e6)
 - New and modified: 0

[05/Jun/2023:18:30:42] DELETING PREPAGATI (JobID: 006321af-cedc-4787-ada5-52e26b8814e6)
 - Deleted: 0

[05/Jun/2023:19:20:04] UPDATING ACCOUNTS (JobID: 1d1bc973-fa82-4901-a325-3fac443d104c)
 - New and modified: 0

[05/Jun/2023:19:20:04] DELETING ACCOUNTS (JobID: 1d1bc973-fa82-4901-a325-3fac443d104c)
 - Deleted: 0

[05/Jun/2023:19:20:38] UPDATING PRODUCTS (JobID: 35e3ca91-0b05-4009-a422-1aa327757930)
 - New and modified: 0

[05/Jun/2023:19:20:40] UPDATING PREPAGATI (JobID: dadffb6c-6e50-4660-a11b-dfe7fd26d870)
 - New and modified: 0

[05/Jun/2023:19:20:40] DELETING PREPAGATI (JobID: dadffb6c-6e50-4660-a11b-dfe7fd26d870)
 - Deleted: 0

[05/Jun/2023:19:40:04] UPDATING ACCOUNTS (JobID: 584b915a-2acb-400a-9858-479c52095907)
 - New and modified: 0

[05/Jun/2023:19:40:04] DELETING ACCOUNTS (JobID: 584b915a-2acb-400a-9858-479c52095907)
 - Deleted: 0

[05/Jun/2023:19:40:38] UPDATING PRODUCTS (JobID: 7d02b456-8ca5-4b6a-b21a-522e6949ecde)
 - New and modified: 0

[05/Jun/2023:19:40:39] UPDATING PREPAGATI (JobID: a7b6527f-a8d6-42a1-b60b-ad7870366ead)
 - New and modified: 0

[05/Jun/2023:19:40:39] DELETING PREPAGATI (JobID: a7b6527f-a8d6-42a1-b60b-ad7870366ead)
 - Deleted: 0

[05/Jun/2023:19:50:04] UPDATING ACCOUNTS (JobID: 36ab0953-0fa1-4e72-996a-3ca9ef2fbb5f)
 - New and modified: 0

[05/Jun/2023:19:50:04] DELETING ACCOUNTS (JobID: 36ab0953-0fa1-4e72-996a-3ca9ef2fbb5f)
 - Deleted: 0

[05/Jun/2023:19:50:38] UPDATING PRODUCTS (JobID: 79aa051e-55da-4a35-84ca-34d33959f180)
 - New and modified: 0

[05/Jun/2023:19:50:39] UPDATING PREPAGATI (JobID: 03f91985-8004-4763-98a6-04ff3683487f)
 - New and modified: 0

[05/Jun/2023:19:50:39] DELETING PREPAGATI (JobID: 03f91985-8004-4763-98a6-04ff3683487f)
 - Deleted: 0

[05/Jun/2023:20:00:05] UPDATING ACCOUNTS (JobID: 6860b141-c71d-4ab0-81fc-f424123ae570)
 - New and modified: 0

[05/Jun/2023:20:00:05] DELETING ACCOUNTS (JobID: 6860b141-c71d-4ab0-81fc-f424123ae570)
 - Deleted: 0

[05/Jun/2023:20:00:39] UPDATING PRODUCTS (JobID: dd48a7d3-9977-43df-b26a-588645b9ef34)
 - New and modified: 0

[05/Jun/2023:20:00:40] UPDATING PREPAGATI (JobID: 46b2126b-99a8-4146-b088-84c118acd86b)
 - New and modified: 0

[05/Jun/2023:20:00:40] DELETING PREPAGATI (JobID: 46b2126b-99a8-4146-b088-84c118acd86b)
 - Deleted: 0

[05/Jun/2023:20:10:04] UPDATING ACCOUNTS (JobID: 77e9695a-8a2a-4b06-b8d4-e9608c9f143b)
 - New and modified: 0

[05/Jun/2023:20:10:04] DELETING ACCOUNTS (JobID: 77e9695a-8a2a-4b06-b8d4-e9608c9f143b)
 - Deleted: 0

[05/Jun/2023:20:10:37] UPDATING PRODUCTS (JobID: c3990c6c-7955-4623-abe7-4dc4a1fca8ed)
 - New and modified: 0

[05/Jun/2023:20:10:38] UPDATING PREPAGATI (JobID: da3b61fd-e229-41ee-a18a-5081cad20e86)
 - New and modified: 0

[05/Jun/2023:20:10:38] DELETING PREPAGATI (JobID: da3b61fd-e229-41ee-a18a-5081cad20e86)
 - Deleted: 0

[05/Jun/2023:20:20:05] UPDATING ACCOUNTS (JobID: a9e0cec6-1d49-4df2-93e4-0983cc8e9429)
 - New and modified: 0

[05/Jun/2023:20:20:05] DELETING ACCOUNTS (JobID: a9e0cec6-1d49-4df2-93e4-0983cc8e9429)
 - Deleted: 0

[05/Jun/2023:20:20:38] UPDATING PRODUCTS (JobID: a14b577f-388a-4710-b797-c566fd9cbb2c)
 - New and modified: 0

[05/Jun/2023:20:20:39] UPDATING PREPAGATI (JobID: da12888f-53ff-4604-b837-7e0112648ce8)
 - New and modified: 0

[05/Jun/2023:20:20:39] DELETING PREPAGATI (JobID: da12888f-53ff-4604-b837-7e0112648ce8)
 - Deleted: 0

[05/Jun/2023:20:50:04] UPDATING ACCOUNTS (JobID: acc26a85-ccbf-43c0-8908-7c4e40b35816)
 - New and modified: 0

[05/Jun/2023:20:50:04] DELETING ACCOUNTS (JobID: acc26a85-ccbf-43c0-8908-7c4e40b35816)
 - Deleted: 0

[05/Jun/2023:20:50:37] UPDATING PRODUCTS (JobID: 4685a899-2687-4aa5-a4af-77cc2b3d070a)
 - New and modified: 0

[05/Jun/2023:20:50:39] UPDATING PREPAGATI (JobID: 038a79f9-7802-4f08-becc-f2002d0c8522)
 - New and modified: 0

[05/Jun/2023:20:50:39] DELETING PREPAGATI (JobID: 038a79f9-7802-4f08-becc-f2002d0c8522)
 - Deleted: 0

[05/Jun/2023:21:10:05] UPDATING ACCOUNTS (JobID: 88ee2b19-cf66-404e-af93-4d7919032e8e)
 - New and modified: 0

[05/Jun/2023:21:10:05] DELETING ACCOUNTS (JobID: 88ee2b19-cf66-404e-af93-4d7919032e8e)
 - Deleted: 0

[05/Jun/2023:21:10:38] UPDATING PRODUCTS (JobID: e03b89b3-71ec-4c67-93fb-a36927d0db6f)
 - New and modified: 0

[05/Jun/2023:21:10:40] UPDATING PREPAGATI (JobID: 6c243644-943f-417e-9498-63f7e51f7c3e)
 - New and modified: 0

[05/Jun/2023:21:10:40] DELETING PREPAGATI (JobID: 6c243644-943f-417e-9498-63f7e51f7c3e)
 - Deleted: 0

[05/Jun/2023:21:20:04] UPDATING ACCOUNTS (JobID: 1ad54c90-fa8f-4977-8379-5cb6ce599a38)
 - New and modified: 0

[05/Jun/2023:21:20:04] DELETING ACCOUNTS (JobID: 1ad54c90-fa8f-4977-8379-5cb6ce599a38)
 - Deleted: 0

[05/Jun/2023:21:20:38] UPDATING PRODUCTS (JobID: 27b07bb8-59c2-4de8-90af-042b7cdfa765)
 - New and modified: 0

[05/Jun/2023:21:20:40] UPDATING PREPAGATI (JobID: a4ecff9a-9cbd-4083-8b22-afe72136a4b5)
 - New and modified: 0

[05/Jun/2023:21:20:40] DELETING PREPAGATI (JobID: a4ecff9a-9cbd-4083-8b22-afe72136a4b5)
 - Deleted: 0

[05/Jun/2023:21:30:04] UPDATING ACCOUNTS (JobID: c2976a95-d315-4cc4-a3db-b296043e93f8)
 - New and modified: 0

[05/Jun/2023:21:30:04] DELETING ACCOUNTS (JobID: c2976a95-d315-4cc4-a3db-b296043e93f8)
 - Deleted: 0

[05/Jun/2023:21:30:37] UPDATING PRODUCTS (JobID: 5e88fe47-b41c-4ed4-ba2b-cb92aec9e072)
 - New and modified: 0

[05/Jun/2023:21:30:38] UPDATING PREPAGATI (JobID: bec25c6a-0217-41dd-8c34-12679f32c0cf)
 - New and modified: 0

[05/Jun/2023:21:30:38] DELETING PREPAGATI (JobID: bec25c6a-0217-41dd-8c34-12679f32c0cf)
 - Deleted: 0

[05/Jun/2023:21:50:04] UPDATING ACCOUNTS (JobID: 2ff83f09-346d-43a7-9142-f200378561f1)
 - New and modified: 0

[05/Jun/2023:21:50:04] DELETING ACCOUNTS (JobID: 2ff83f09-346d-43a7-9142-f200378561f1)
 - Deleted: 0

[05/Jun/2023:21:50:37] UPDATING PRODUCTS (JobID: 7196f60e-b9ef-48a2-89a4-ec2a14e52c25)
 - New and modified: 0

[05/Jun/2023:21:50:39] UPDATING PREPAGATI (JobID: c16d2e15-5063-4022-96f9-10422db3df08)
 - New and modified: 0

[05/Jun/2023:21:50:39] DELETING PREPAGATI (JobID: c16d2e15-5063-4022-96f9-10422db3df08)
 - Deleted: 0

[05/Jun/2023:22:20:04] UPDATING ACCOUNTS (JobID: aff71c27-cce3-4fab-aca3-6e7a2c5fa5d9)
 - New and modified: 0

[05/Jun/2023:22:20:04] DELETING ACCOUNTS (JobID: aff71c27-cce3-4fab-aca3-6e7a2c5fa5d9)
 - Deleted: 0

[05/Jun/2023:22:20:37] UPDATING PRODUCTS (JobID: f4cba057-4c54-4d6b-aab0-5bbb12321431)
 - New and modified: 0

[05/Jun/2023:22:20:38] UPDATING PREPAGATI (JobID: 2778c88f-b2b1-40b5-9a9a-669a222bb4be)
 - New and modified: 0

[05/Jun/2023:22:20:38] DELETING PREPAGATI (JobID: 2778c88f-b2b1-40b5-9a9a-669a222bb4be)
 - Deleted: 0

[05/Jun/2023:22:30:04] UPDATING ACCOUNTS (JobID: 9555ee3e-2edb-47a1-9e16-7915a4582473)
 - New and modified: 0

[05/Jun/2023:22:30:04] DELETING ACCOUNTS (JobID: 9555ee3e-2edb-47a1-9e16-7915a4582473)
 - Deleted: 0

[05/Jun/2023:22:30:38] UPDATING PRODUCTS (JobID: 8882bf06-5cb8-47a1-b313-47631e36f3ee)
 - New and modified: 0

[05/Jun/2023:22:30:40] UPDATING PREPAGATI (JobID: 7882588e-bd30-4b75-824d-6bd5cb9bb7c4)
 - New and modified: 0

[05/Jun/2023:22:30:40] DELETING PREPAGATI (JobID: 7882588e-bd30-4b75-824d-6bd5cb9bb7c4)
 - Deleted: 0

[05/Jun/2023:22:40:04] UPDATING ACCOUNTS (JobID: 62e9dfc0-3177-4625-9bc6-7828b78a0ba9)
 - New and modified: 0

[05/Jun/2023:22:40:04] DELETING ACCOUNTS (JobID: 62e9dfc0-3177-4625-9bc6-7828b78a0ba9)
 - Deleted: 0

[05/Jun/2023:22:40:38] UPDATING PRODUCTS (JobID: 63c16f0c-b34a-4374-ab8b-410ad2b0b55f)
 - New and modified: 0

[05/Jun/2023:22:40:40] UPDATING PREPAGATI (JobID: f060fd10-c8a9-400b-ba54-59b200fb6d72)
 - New and modified: 0

[05/Jun/2023:22:40:40] DELETING PREPAGATI (JobID: f060fd10-c8a9-400b-ba54-59b200fb6d72)
 - Deleted: 0

[05/Jun/2023:23:10:04] UPDATING ACCOUNTS (JobID: 5c7a4d0c-d7a1-486f-b374-14066a442b3a)
 - New and modified: 0

[05/Jun/2023:23:10:04] DELETING ACCOUNTS (JobID: 5c7a4d0c-d7a1-486f-b374-14066a442b3a)
 - Deleted: 0

[05/Jun/2023:23:10:38] UPDATING PRODUCTS (JobID: d79ea95e-0ada-4a79-9a74-f7517ab5ff59)
 - New and modified: 0

[05/Jun/2023:23:10:40] UPDATING PREPAGATI (JobID: 86fc2490-d570-4df8-9c0e-52f4746a11fd)
 - New and modified: 0

[05/Jun/2023:23:10:40] DELETING PREPAGATI (JobID: 86fc2490-d570-4df8-9c0e-52f4746a11fd)
 - Deleted: 0

