[01/Jun/2023:00:00:04] UPDATING ACCOUNTS (JobID: 3763e8ab-2fa8-4723-8055-6cbe3d8833a2)
 - New and modified: 0

[01/Jun/2023:00:00:04] DELETING ACCOUNTS (JobID: 3763e8ab-2fa8-4723-8055-6cbe3d8833a2)
 - Deleted: 0

[01/Jun/2023:00:00:37] UPDATING PRODUCTS (JobID: 83aed0dd-ae52-4b76-bb9c-cef3e9d366a4)
 - New and modified: 0

[01/Jun/2023:00:00:39] UPDATING PREPAGATI (JobID: a0471e60-e67d-4cd5-ad22-7768b77fe4bc)
 - New and modified: 0

[01/Jun/2023:00:00:39] DELETING PREPAGATI (JobID: a0471e60-e67d-4cd5-ad22-7768b77fe4bc)
 - Deleted: 0

[01/Jun/2023:00:30:04] UPDATING ACCOUNTS (JobID: 8f42acd7-5072-49ea-b8bb-3ae22890ac00)
 - New and modified: 0

[01/Jun/2023:00:30:04] DELETING ACCOUNTS (JobID: 8f42acd7-5072-49ea-b8bb-3ae22890ac00)
 - Deleted: 0

[01/Jun/2023:00:30:38] UPDATING PRODUCTS (JobID: e1b5045d-c79a-4a8e-84d5-699c70b3293e)
 - New and modified: 0

[01/Jun/2023:00:30:39] UPDATING PREPAGATI (JobID: 65d5df7d-7b4e-4d7e-aeb4-e2701b8341da)
 - New and modified: 0

[01/Jun/2023:00:30:39] DELETING PREPAGATI (JobID: 65d5df7d-7b4e-4d7e-aeb4-e2701b8341da)
 - Deleted: 0

[01/Jun/2023:00:50:04] UPDATING ACCOUNTS (JobID: 45920058-2153-4939-9191-af93d9051e57)
 - New and modified: 0

[01/Jun/2023:00:50:04] DELETING ACCOUNTS (JobID: 45920058-2153-4939-9191-af93d9051e57)
 - Deleted: 0

[01/Jun/2023:00:50:39] UPDATING PRODUCTS (JobID: 9e5a6358-f8b7-4834-8b09-6c2880ca2495)
 - New and modified: 0

[01/Jun/2023:00:50:41] UPDATING PREPAGATI (JobID: 63be283f-9b28-4e7d-ac2f-8d37d04f1657)
 - New and modified: 0

[01/Jun/2023:00:50:41] DELETING PREPAGATI (JobID: 63be283f-9b28-4e7d-ac2f-8d37d04f1657)
 - Deleted: 0

[01/Jun/2023:01:10:04] UPDATING ACCOUNTS (JobID: cd816181-dadf-4a05-a3c9-427e3cd57e85)
 - New and modified: 0

[01/Jun/2023:01:10:04] DELETING ACCOUNTS (JobID: cd816181-dadf-4a05-a3c9-427e3cd57e85)
 - Deleted: 0

[01/Jun/2023:01:10:44] UPDATING PRODUCTS (JobID: a12d5c4e-135d-42ee-8343-0308dbaec051)
 - New and modified: 0

[01/Jun/2023:01:10:46] UPDATING PREPAGATI (JobID: a54a7021-6888-4eed-9f52-83a1263632aa)
 - New and modified: 0

[01/Jun/2023:01:10:46] DELETING PREPAGATI (JobID: a54a7021-6888-4eed-9f52-83a1263632aa)
 - Deleted: 0

[01/Jun/2023:01:40:05] UPDATING ACCOUNTS (JobID: 02947c44-00ab-4294-904e-18c10e995b5b)
 - New and modified: 0

[01/Jun/2023:01:40:05] DELETING ACCOUNTS (JobID: 02947c44-00ab-4294-904e-18c10e995b5b)
 - Deleted: 0

[01/Jun/2023:01:40:41] UPDATING PRODUCTS (JobID: a0aac729-6e94-405d-91f3-62eb7a88f9a2)
 - New and modified: 0

[01/Jun/2023:01:40:43] UPDATING PREPAGATI (JobID: 7518359e-c213-46ab-8481-3f5aa8d09887)
 - New and modified: 0

[01/Jun/2023:01:40:43] DELETING PREPAGATI (JobID: 7518359e-c213-46ab-8481-3f5aa8d09887)
 - Deleted: 0

[01/Jun/2023:01:50:04] UPDATING ACCOUNTS (JobID: 8165dafe-6f8a-49f6-9b3a-f873e2d03e3f)
 - New and modified: 0

[01/Jun/2023:01:50:04] DELETING ACCOUNTS (JobID: 8165dafe-6f8a-49f6-9b3a-f873e2d03e3f)
 - Deleted: 0

[01/Jun/2023:01:50:40] UPDATING PRODUCTS (JobID: 5be0cce5-06a1-4faa-9288-62212911edd3)
 - New and modified: 0

[01/Jun/2023:01:50:42] UPDATING PREPAGATI (JobID: 8ee7da00-0f0c-4acc-a959-b7382a121542)
 - New and modified: 0

[01/Jun/2023:01:50:42] DELETING PREPAGATI (JobID: 8ee7da00-0f0c-4acc-a959-b7382a121542)
 - Deleted: 0

[01/Jun/2023:02:10:04] UPDATING ACCOUNTS (JobID: 7e535420-c302-4b06-be67-43c034b6daa6)
 - New and modified: 0

[01/Jun/2023:02:10:04] DELETING ACCOUNTS (JobID: 7e535420-c302-4b06-be67-43c034b6daa6)
 - Deleted: 0

[01/Jun/2023:02:10:39] UPDATING PRODUCTS (JobID: 967d6a0a-7105-4bef-9c24-430cee0aca87)
 - New and modified: 0

[01/Jun/2023:02:10:41] UPDATING PREPAGATI (JobID: 61d55699-0556-4c8b-9a75-d294a8b80e2a)
 - New and modified: 0

[01/Jun/2023:02:10:41] DELETING PREPAGATI (JobID: 61d55699-0556-4c8b-9a75-d294a8b80e2a)
 - Deleted: 0

[01/Jun/2023:02:20:05] UPDATING ACCOUNTS (JobID: 78bb66f5-a723-4955-9cbf-508c718d51dd)
 - New and modified: 0

[01/Jun/2023:02:20:05] DELETING ACCOUNTS (JobID: 78bb66f5-a723-4955-9cbf-508c718d51dd)
 - Deleted: 0

[01/Jun/2023:02:20:42] UPDATING PRODUCTS (JobID: 82761dc2-8130-40db-a530-16ed671de025)
 - New and modified: 0

[01/Jun/2023:02:20:44] UPDATING PREPAGATI (JobID: f9011b16-cb2f-404e-ad96-8dc973037f83)
 - New and modified: 0

[01/Jun/2023:02:20:44] DELETING PREPAGATI (JobID: f9011b16-cb2f-404e-ad96-8dc973037f83)
 - Deleted: 0

[01/Jun/2023:02:40:04] UPDATING ACCOUNTS (JobID: dd71c7c6-c72e-42ca-849c-44b0b3ff8339)
 - New and modified: 0

[01/Jun/2023:02:40:04] DELETING ACCOUNTS (JobID: dd71c7c6-c72e-42ca-849c-44b0b3ff8339)
 - Deleted: 0

[01/Jun/2023:02:40:39] UPDATING PRODUCTS (JobID: 1a8e8aaa-de35-4a98-af77-8c04f2d409cb)
 - New and modified: 0

[01/Jun/2023:02:40:41] UPDATING PREPAGATI (JobID: 73e6c35b-d884-4fe2-b505-80d866a349eb)
 - New and modified: 0

[01/Jun/2023:02:40:41] DELETING PREPAGATI (JobID: 73e6c35b-d884-4fe2-b505-80d866a349eb)
 - Deleted: 0

[01/Jun/2023:03:00:05] UPDATING ACCOUNTS (JobID: 255cef7c-f5f8-45db-acd7-a98332f8f0cc)
 - New and modified: 0

[01/Jun/2023:03:00:05] DELETING ACCOUNTS (JobID: 255cef7c-f5f8-45db-acd7-a98332f8f0cc)
 - Deleted: 0

[01/Jun/2023:03:00:42] UPDATING PRODUCTS (JobID: ecd45926-280f-4e1b-b7ea-92d38a6b2b60)
 - New and modified: 0

[01/Jun/2023:03:00:44] UPDATING PREPAGATI (JobID: e7b53558-d630-4655-bba3-f356da7a41cb)
 - New and modified: 0

[01/Jun/2023:03:00:44] DELETING PREPAGATI (JobID: e7b53558-d630-4655-bba3-f356da7a41cb)
 - Deleted: 0

[01/Jun/2023:03:30:05] UPDATING ACCOUNTS (JobID: d3c5ed82-b67e-422a-a7d8-d851bd8d1a3f)
 - New and modified: 0

[01/Jun/2023:03:30:05] DELETING ACCOUNTS (JobID: d3c5ed82-b67e-422a-a7d8-d851bd8d1a3f)
 - Deleted: 0

[01/Jun/2023:03:30:41] UPDATING PRODUCTS (JobID: a2f49de1-be9a-433c-99c7-6106f620c765)
 - New and modified: 0

[01/Jun/2023:03:30:42] UPDATING PREPAGATI (JobID: 94dbbdfc-7527-4005-bbb9-cbf2f4e24e11)
 - New and modified: 0

[01/Jun/2023:03:30:42] DELETING PREPAGATI (JobID: 94dbbdfc-7527-4005-bbb9-cbf2f4e24e11)
 - Deleted: 0

[01/Jun/2023:03:40:05] UPDATING ACCOUNTS (JobID: cb1c8c9e-5c99-4a60-8158-4973d592c980)
 - New and modified: 0

[01/Jun/2023:03:40:05] DELETING ACCOUNTS (JobID: cb1c8c9e-5c99-4a60-8158-4973d592c980)
 - Deleted: 0

[01/Jun/2023:03:40:42] UPDATING PRODUCTS (JobID: 42f0031f-6167-44a3-9151-35a0b83d3a81)
 - New and modified: 0

[01/Jun/2023:03:40:44] UPDATING PREPAGATI (JobID: a2dc9f6e-9ba5-43bf-87c4-0ba615d43bd3)
 - New and modified: 0

[01/Jun/2023:03:40:44] DELETING PREPAGATI (JobID: a2dc9f6e-9ba5-43bf-87c4-0ba615d43bd3)
 - Deleted: 0

[01/Jun/2023:03:50:04] UPDATING ACCOUNTS (JobID: 34b4fa03-73b5-4bb8-a219-ec3cfbb7cb0a)
 - New and modified: 0

[01/Jun/2023:03:50:04] DELETING ACCOUNTS (JobID: 34b4fa03-73b5-4bb8-a219-ec3cfbb7cb0a)
 - Deleted: 0

[01/Jun/2023:03:50:43] UPDATING PRODUCTS (JobID: b3b413d0-a3d8-4e17-844a-4122e46602d7)
 - New and modified: 0

[01/Jun/2023:03:50:45] UPDATING PREPAGATI (JobID: a47dec9e-b371-4f63-96b3-5c5b482200c4)
 - New and modified: 0

[01/Jun/2023:03:50:45] DELETING PREPAGATI (JobID: a47dec9e-b371-4f63-96b3-5c5b482200c4)
 - Deleted: 0

[01/Jun/2023:04:10:05] UPDATING ACCOUNTS (JobID: 2a997331-0af4-4961-9d91-7154507d0c3d)
 - New and modified: 0

[01/Jun/2023:04:10:05] DELETING ACCOUNTS (JobID: 2a997331-0af4-4961-9d91-7154507d0c3d)
 - Deleted: 0

[01/Jun/2023:04:10:44] UPDATING PRODUCTS (JobID: 19dc9b42-3720-4dd8-b69e-930fc3c89c3e)
 - New and modified: 0

[01/Jun/2023:04:10:46] UPDATING PREPAGATI (JobID: d621936a-1c97-4c1c-a607-50f25f0a6be7)
 - New and modified: 0

[01/Jun/2023:04:10:46] DELETING PREPAGATI (JobID: d621936a-1c97-4c1c-a607-50f25f0a6be7)
 - Deleted: 0

[01/Jun/2023:04:30:05] UPDATING ACCOUNTS (JobID: fbf3fef0-fec3-4790-aa6b-a3396b212afd)
 - New and modified: 0

[01/Jun/2023:04:30:05] DELETING ACCOUNTS (JobID: fbf3fef0-fec3-4790-aa6b-a3396b212afd)
 - Deleted: 0

[01/Jun/2023:04:30:42] UPDATING PRODUCTS (JobID: fd13a813-ce94-4793-8147-2249861864d3)
 - New and modified: 0

[01/Jun/2023:04:30:44] UPDATING PREPAGATI (JobID: 55646f03-1d90-4dcd-b621-f8da425a171f)
 - New and modified: 0

[01/Jun/2023:04:30:44] DELETING PREPAGATI (JobID: 55646f03-1d90-4dcd-b621-f8da425a171f)
 - Deleted: 0

[01/Jun/2023:04:40:04] UPDATING ACCOUNTS (JobID: 664271cb-80a2-4142-9435-3c82b501c661)
 - New and modified: 0

[01/Jun/2023:04:40:04] DELETING ACCOUNTS (JobID: 664271cb-80a2-4142-9435-3c82b501c661)
 - Deleted: 0

[01/Jun/2023:04:40:40] UPDATING PRODUCTS (JobID: d77ae2b3-8644-43e0-8752-6366c716be39)
 - New and modified: 0

[01/Jun/2023:04:40:42] UPDATING PREPAGATI (JobID: d72537d8-249c-43ac-91ea-c5261a1c5f26)
 - New and modified: 0

[01/Jun/2023:04:40:42] DELETING PREPAGATI (JobID: d72537d8-249c-43ac-91ea-c5261a1c5f26)
 - Deleted: 0

[01/Jun/2023:05:10:05] UPDATING ACCOUNTS (JobID: 1b203033-83b9-40a1-9d01-0c31ba9cdbf1)
 - New and modified: 0

[01/Jun/2023:05:10:05] DELETING ACCOUNTS (JobID: 1b203033-83b9-40a1-9d01-0c31ba9cdbf1)
 - Deleted: 0

[01/Jun/2023:05:10:43] UPDATING PRODUCTS (JobID: bd6d0005-ec73-41cf-a2fd-261f0390e337)
 - New and modified: 0

[01/Jun/2023:05:10:45] UPDATING PREPAGATI (JobID: eb5f132e-9654-49ff-8d1b-450da9b752ee)
 - New and modified: 0

[01/Jun/2023:05:10:45] DELETING PREPAGATI (JobID: eb5f132e-9654-49ff-8d1b-450da9b752ee)
 - Deleted: 0

[01/Jun/2023:05:20:04] UPDATING ACCOUNTS (JobID: 176dc58c-04e8-4844-b978-6f91b46b76ba)
 - New and modified: 0

[01/Jun/2023:05:20:04] DELETING ACCOUNTS (JobID: 176dc58c-04e8-4844-b978-6f91b46b76ba)
 - Deleted: 0

[01/Jun/2023:05:20:41] UPDATING PRODUCTS (JobID: 15cc8ca9-c5ff-4cda-957d-d527a1adff86)
 - New and modified: 0

[01/Jun/2023:05:20:43] UPDATING PREPAGATI (JobID: 85bae186-6c81-4928-95f3-1a914d464958)
 - New and modified: 0

[01/Jun/2023:05:20:43] DELETING PREPAGATI (JobID: 85bae186-6c81-4928-95f3-1a914d464958)
 - Deleted: 0

[01/Jun/2023:06:40:04] UPDATING ACCOUNTS (JobID: b2e44a01-579e-4555-941f-41e6b4e28df4)
 - New and modified: 0

[01/Jun/2023:06:40:04] DELETING ACCOUNTS (JobID: b2e44a01-579e-4555-941f-41e6b4e28df4)
 - Deleted: 0

[01/Jun/2023:06:40:43] UPDATING PRODUCTS (JobID: 556a09df-c8b9-4a67-9b37-0449fef9ee8f)
 - New and modified: 0

[01/Jun/2023:06:40:45] UPDATING PREPAGATI (JobID: 7ead3db2-0774-426a-8b2e-702e0843c917)
 - New and modified: 0

[01/Jun/2023:06:40:45] DELETING PREPAGATI (JobID: 7ead3db2-0774-426a-8b2e-702e0843c917)
 - Deleted: 0

[01/Jun/2023:07:40:04] UPDATING ACCOUNTS (JobID: 30e91a33-2c69-4b18-ac4c-19cfe604d353)
 - New and modified: 0

[01/Jun/2023:07:40:04] DELETING ACCOUNTS (JobID: 30e91a33-2c69-4b18-ac4c-19cfe604d353)
 - Deleted: 0

[01/Jun/2023:07:40:41] UPDATING PRODUCTS (JobID: 0aaa9864-8dee-411c-a09b-863beea68bf5)
 - New and modified: 0

[01/Jun/2023:07:40:43] UPDATING PREPAGATI (JobID: 5be7515d-0f74-477a-a5a3-88702d35bcc6)
 - New and modified: 0

[01/Jun/2023:07:40:43] DELETING PREPAGATI (JobID: 5be7515d-0f74-477a-a5a3-88702d35bcc6)
 - Deleted: 0

[01/Jun/2023:07:50:05] UPDATING ACCOUNTS (JobID: f4d8ee12-8e60-4339-b1c8-d7d1cc24d2e4)
 - New and modified: 0

[01/Jun/2023:07:50:05] DELETING ACCOUNTS (JobID: f4d8ee12-8e60-4339-b1c8-d7d1cc24d2e4)
 - Deleted: 0

[01/Jun/2023:07:50:45] UPDATING PRODUCTS (JobID: 7b40a9ac-4be1-4eca-9cdd-a2e7d41165fe)
 - New and modified: 0

[01/Jun/2023:07:50:47] UPDATING PREPAGATI (JobID: f41b1843-f14d-4b86-88eb-7b75ae817897)
 - New and modified: 0

[01/Jun/2023:07:50:47] DELETING PREPAGATI (JobID: f41b1843-f14d-4b86-88eb-7b75ae817897)
 - Deleted: 0

[01/Jun/2023:08:10:05] UPDATING ACCOUNTS (JobID: fc2c449d-b96c-472b-8c71-da2832e39ba3)
 - New and modified: 0

[01/Jun/2023:08:10:05] DELETING ACCOUNTS (JobID: fc2c449d-b96c-472b-8c71-da2832e39ba3)
 - Deleted: 0

[01/Jun/2023:08:10:43] UPDATING PRODUCTS (JobID: 47deaf5c-edc7-4f64-b5be-8c980cd97834)
 - New and modified: 0

[01/Jun/2023:08:10:45] UPDATING PREPAGATI (JobID: c3667be4-d4c6-48e7-b44d-c70da9c676d1)
 - New and modified: 0

[01/Jun/2023:08:10:45] DELETING PREPAGATI (JobID: c3667be4-d4c6-48e7-b44d-c70da9c676d1)
 - Deleted: 0

[01/Jun/2023:08:40:05] UPDATING ACCOUNTS (JobID: 7852e127-f556-49b6-aac5-c122d2ddb4a6)
 - New and modified: 0

[01/Jun/2023:08:40:05] DELETING ACCOUNTS (JobID: 7852e127-f556-49b6-aac5-c122d2ddb4a6)
 - Deleted: 0

[01/Jun/2023:08:40:40] UPDATING PRODUCTS (JobID: 24f6466a-9b2f-4a7a-97ef-a8c6bff01308)
 - New and modified: 0

[01/Jun/2023:08:40:42] UPDATING PREPAGATI (JobID: 82fce706-9fa0-4625-b212-59918eb52a96)
 - New and modified: 0

[01/Jun/2023:08:40:42] DELETING PREPAGATI (JobID: 82fce706-9fa0-4625-b212-59918eb52a96)
 - Deleted: 0

[01/Jun/2023:08:50:04] UPDATING ACCOUNTS (JobID: a7780d63-3be6-47c4-b11c-cfad594c8b08)
 - New and modified: 0

[01/Jun/2023:08:50:04] DELETING ACCOUNTS (JobID: a7780d63-3be6-47c4-b11c-cfad594c8b08)
 - Deleted: 0

[01/Jun/2023:08:50:43] UPDATING PRODUCTS (JobID: d32863a0-540f-493d-aaf2-0a7870e2b9ca)
 - New and modified: 0

[01/Jun/2023:08:50:44] UPDATING PREPAGATI (JobID: bc68d1b0-b0b4-4af1-a99e-54f2c682791c)
 - New and modified: 0

[01/Jun/2023:08:50:44] DELETING PREPAGATI (JobID: bc68d1b0-b0b4-4af1-a99e-54f2c682791c)
 - Deleted: 0

[01/Jun/2023:09:00:04] UPDATING ACCOUNTS (JobID: be0d376b-dd64-4ac1-ae03-9248f617a1f9)
 - New and modified: 0

[01/Jun/2023:09:00:04] DELETING ACCOUNTS (JobID: be0d376b-dd64-4ac1-ae03-9248f617a1f9)
 - Deleted: 0

[01/Jun/2023:09:00:39] UPDATING PRODUCTS (JobID: c93564b1-2c9d-4a0f-9820-dc85f9915347)
 - New and modified: 0

[01/Jun/2023:09:00:41] UPDATING PREPAGATI (JobID: 37baf2fd-c7a1-4b18-9906-174024c1bfdd)
 - New and modified: 0

[01/Jun/2023:09:00:41] DELETING PREPAGATI (JobID: 37baf2fd-c7a1-4b18-9906-174024c1bfdd)
 - Deleted: 0

[01/Jun/2023:09:10:04] UPDATING ACCOUNTS (JobID: 0e4af0ae-d1fa-4b4d-9f78-3fa4e888358d)
 - New and modified: 0

[01/Jun/2023:09:10:04] DELETING ACCOUNTS (JobID: 0e4af0ae-d1fa-4b4d-9f78-3fa4e888358d)
 - Deleted: 0

[01/Jun/2023:09:10:38] UPDATING PRODUCTS (JobID: 62a5f0b7-6166-4a7a-a96e-e8fe3cf02d69)
 - New and modified: 0

[01/Jun/2023:09:10:40] UPDATING PREPAGATI (JobID: 3a002097-ef82-4015-9bba-b2d01171d547)
 - New and modified: 0

[01/Jun/2023:09:10:40] DELETING PREPAGATI (JobID: 3a002097-ef82-4015-9bba-b2d01171d547)
 - Deleted: 0

[01/Jun/2023:09:20:04] UPDATING ACCOUNTS (JobID: 11bf4150-e5ea-4009-9b55-cf9700155dbe)
 - New and modified: 0

[01/Jun/2023:09:20:04] DELETING ACCOUNTS (JobID: 11bf4150-e5ea-4009-9b55-cf9700155dbe)
 - Deleted: 0

[01/Jun/2023:09:20:41] UPDATING PRODUCTS (JobID: 04edb4e4-ef66-41c6-8bea-32020526bf3b)
 - New and modified: 0

[01/Jun/2023:09:20:42] UPDATING PREPAGATI (JobID: dc2048a3-490a-4efe-98b6-810ccbf8239f)
 - New and modified: 0

[01/Jun/2023:09:20:42] DELETING PREPAGATI (JobID: dc2048a3-490a-4efe-98b6-810ccbf8239f)
 - Deleted: 0

[01/Jun/2023:09:30:04] UPDATING ACCOUNTS (JobID: 13e9d98a-947a-40aa-bf81-cb31ac28f2d2)
 - New and modified: 0

[01/Jun/2023:09:30:04] DELETING ACCOUNTS (JobID: 13e9d98a-947a-40aa-bf81-cb31ac28f2d2)
 - Deleted: 0

[01/Jun/2023:09:30:37] UPDATING PRODUCTS (JobID: 7f9ced2d-2d9c-4b7f-9e0b-441b8cddc69b)
 - New and modified: 0

[01/Jun/2023:09:30:39] UPDATING PREPAGATI (JobID: ecc4cf52-5082-457b-a19d-154062400b1b)
 - New and modified: 0

[01/Jun/2023:09:30:39] DELETING PREPAGATI (JobID: ecc4cf52-5082-457b-a19d-154062400b1b)
 - Deleted: 0

[01/Jun/2023:10:10:04] UPDATING ACCOUNTS (JobID: 78da7b1c-caec-4867-bd92-c9d3acef00be)
 - New and modified: 0

[01/Jun/2023:10:10:04] DELETING ACCOUNTS (JobID: 78da7b1c-caec-4867-bd92-c9d3acef00be)
 - Deleted: 0

[01/Jun/2023:10:10:38] UPDATING PRODUCTS (JobID: 83280111-73f7-4db9-85fa-1020d4dd8806)
 - New and modified: 0

[01/Jun/2023:10:10:40] UPDATING PREPAGATI (JobID: 51c39a10-d0d8-4e75-a9ea-748b975a35d1)
 - New and modified: 0

[01/Jun/2023:10:10:40] DELETING PREPAGATI (JobID: 51c39a10-d0d8-4e75-a9ea-748b975a35d1)
 - Deleted: 0

[01/Jun/2023:10:30:04] UPDATING ACCOUNTS (JobID: fb57005e-7598-43cd-b9ea-de6611a17326)
 - New and modified: 0

[01/Jun/2023:10:30:04] DELETING ACCOUNTS (JobID: fb57005e-7598-43cd-b9ea-de6611a17326)
 - Deleted: 0

[01/Jun/2023:10:30:39] UPDATING PRODUCTS (JobID: 296df4dc-21a9-47f4-a98e-960339613512)
 - New and modified: 0

[01/Jun/2023:10:30:40] UPDATING PREPAGATI (JobID: 29d9448c-54b3-4ae1-88ae-858511731194)
 - New and modified: 0

[01/Jun/2023:10:30:40] DELETING PREPAGATI (JobID: 29d9448c-54b3-4ae1-88ae-858511731194)
 - Deleted: 0

[01/Jun/2023:10:50:04] UPDATING ACCOUNTS (JobID: c5b3863a-bb57-4b54-818f-f9e98ac6422e)
 - New and modified: 0

[01/Jun/2023:10:50:04] DELETING ACCOUNTS (JobID: c5b3863a-bb57-4b54-818f-f9e98ac6422e)
 - Deleted: 0

[01/Jun/2023:10:50:37] UPDATING PRODUCTS (JobID: c43bb7ae-3eb5-4b4a-90ad-306bcfe81064)
 - New and modified: 0

[01/Jun/2023:10:50:39] UPDATING PREPAGATI (JobID: 48306ee3-3985-4375-846e-615018d2a830)
 - New and modified: 0

[01/Jun/2023:10:50:39] DELETING PREPAGATI (JobID: 48306ee3-3985-4375-846e-615018d2a830)
 - Deleted: 0

[01/Jun/2023:11:20:04] UPDATING ACCOUNTS (JobID: 096ef560-8ef4-497a-ba2d-b989a331a99f)
 - New and modified: 0

[01/Jun/2023:11:20:04] DELETING ACCOUNTS (JobID: 096ef560-8ef4-497a-ba2d-b989a331a99f)
 - Deleted: 0

[01/Jun/2023:11:20:36] UPDATING PRODUCTS (JobID: a65d0194-e5dd-4dea-892c-f28068852312)
 - New and modified: 0

[01/Jun/2023:11:20:38] UPDATING PREPAGATI (JobID: 5aca958f-4170-4b1d-8039-771db373e9e8)
 - New and modified: 0

[01/Jun/2023:11:20:38] DELETING PREPAGATI (JobID: 5aca958f-4170-4b1d-8039-771db373e9e8)
 - Deleted: 0

[01/Jun/2023:11:40:04] UPDATING ACCOUNTS (JobID: 55b6fea3-5161-4513-858e-5040da42ebb0)
 - New and modified: 0

[01/Jun/2023:11:40:04] DELETING ACCOUNTS (JobID: 55b6fea3-5161-4513-858e-5040da42ebb0)
 - Deleted: 0

[01/Jun/2023:11:40:37] UPDATING PRODUCTS (JobID: 1beadaf7-d1bc-4993-80f8-521265210485)
 - New and modified: 0

[01/Jun/2023:11:40:39] UPDATING PREPAGATI (JobID: 9c0a7751-78ca-4bb7-b59f-ce4ad82639ca)
 - New and modified: 0

[01/Jun/2023:11:40:39] DELETING PREPAGATI (JobID: 9c0a7751-78ca-4bb7-b59f-ce4ad82639ca)
 - Deleted: 0

[01/Jun/2023:11:50:04] UPDATING ACCOUNTS (JobID: 3f4ef3fa-69a1-49c5-adb3-fc0d880ca3f1)
 - New and modified: 0

[01/Jun/2023:11:50:04] DELETING ACCOUNTS (JobID: 3f4ef3fa-69a1-49c5-adb3-fc0d880ca3f1)
 - Deleted: 0

[01/Jun/2023:11:50:36] UPDATING PRODUCTS (JobID: 4256ac3c-1cc0-4365-a098-5c4042aa2384)
 - New and modified: 0

[01/Jun/2023:11:50:38] UPDATING PREPAGATI (JobID: 65dadb6e-2b7f-4541-8bfb-6b55fdb43efc)
 - New and modified: 0

[01/Jun/2023:11:50:38] DELETING PREPAGATI (JobID: 65dadb6e-2b7f-4541-8bfb-6b55fdb43efc)
 - Deleted: 0

[01/Jun/2023:12:00:04] UPDATING ACCOUNTS (JobID: 69e59ba9-872d-4483-979b-57df8ef1b7df)
 - New and modified: 0

[01/Jun/2023:12:00:04] DELETING ACCOUNTS (JobID: 69e59ba9-872d-4483-979b-57df8ef1b7df)
 - Deleted: 0

[01/Jun/2023:12:00:38] UPDATING PRODUCTS (JobID: cd09792a-e830-48c5-84be-b33853c3c307)
 - New and modified: 0

[01/Jun/2023:12:00:40] UPDATING PREPAGATI (JobID: 016e4f83-4e2c-4930-b02d-1a1076652ccc)
 - New and modified: 0

[01/Jun/2023:12:00:40] DELETING PREPAGATI (JobID: 016e4f83-4e2c-4930-b02d-1a1076652ccc)
 - Deleted: 0

[01/Jun/2023:12:20:03] UPDATING ACCOUNTS (JobID: e3dd228e-dc8d-415c-a189-544084886b6e)
 - New and modified: 0

[01/Jun/2023:12:20:03] DELETING ACCOUNTS (JobID: e3dd228e-dc8d-415c-a189-544084886b6e)
 - Deleted: 0

[01/Jun/2023:12:20:36] UPDATING PRODUCTS (JobID: 10c7c869-dc50-4963-95d0-28d85970ffde)
 - New and modified: 0

[01/Jun/2023:12:20:37] UPDATING PREPAGATI (JobID: 62d77903-1372-48ce-af62-293ae6e08186)
 - New and modified: 0

[01/Jun/2023:12:20:37] DELETING PREPAGATI (JobID: 62d77903-1372-48ce-af62-293ae6e08186)
 - Deleted: 0

[01/Jun/2023:12:40:04] UPDATING ACCOUNTS (JobID: 20ee5d6f-e16c-45f1-8b39-f489171ff0b0)
 - New and modified: 0

[01/Jun/2023:12:40:04] DELETING ACCOUNTS (JobID: 20ee5d6f-e16c-45f1-8b39-f489171ff0b0)
 - Deleted: 0

[01/Jun/2023:12:40:38] UPDATING PRODUCTS (JobID: 02240721-20a3-489d-a93a-9af2cdf014e0)
 - New and modified: 0

[01/Jun/2023:12:40:40] UPDATING PREPAGATI (JobID: 5a326354-c06b-46f8-8cab-68a6ecca232c)
 - New and modified: 0

[01/Jun/2023:12:40:40] DELETING PREPAGATI (JobID: 5a326354-c06b-46f8-8cab-68a6ecca232c)
 - Deleted: 0

[01/Jun/2023:13:00:04] UPDATING ACCOUNTS (JobID: 4b55f359-aef8-4b26-b493-9acf2df06cbf)
 - New and modified: 0

[01/Jun/2023:13:00:04] DELETING ACCOUNTS (JobID: 4b55f359-aef8-4b26-b493-9acf2df06cbf)
 - Deleted: 0

[01/Jun/2023:13:00:37] UPDATING PRODUCTS (JobID: 9d27d1fe-3e66-41da-ba2d-2b2e29b6cad4)
 - New and modified: 0

[01/Jun/2023:13:00:39] UPDATING PREPAGATI (JobID: 7e634e9a-e8d1-4391-94af-8aabae310224)
 - New and modified: 0

[01/Jun/2023:13:00:39] DELETING PREPAGATI (JobID: 7e634e9a-e8d1-4391-94af-8aabae310224)
 - Deleted: 0

[01/Jun/2023:13:20:04] UPDATING ACCOUNTS (JobID: 8803d75c-461a-4224-b280-3590d667248f)
 - New and modified: 0

[01/Jun/2023:13:20:04] DELETING ACCOUNTS (JobID: 8803d75c-461a-4224-b280-3590d667248f)
 - Deleted: 0

[01/Jun/2023:13:20:36] UPDATING PRODUCTS (JobID: 1eee3ecf-1802-499a-9b97-516193ebdd4e)
 - New and modified: 0

[01/Jun/2023:13:20:38] UPDATING PREPAGATI (JobID: bee63f65-9a21-4731-a293-c1a33dd68d09)
 - New and modified: 0

[01/Jun/2023:13:20:38] DELETING PREPAGATI (JobID: bee63f65-9a21-4731-a293-c1a33dd68d09)
 - Deleted: 0

[01/Jun/2023:13:40:04] UPDATING ACCOUNTS (JobID: d1e40ba5-bbca-49e2-90cf-8c639047fae8)
 - New and modified: 0

[01/Jun/2023:13:40:04] DELETING ACCOUNTS (JobID: d1e40ba5-bbca-49e2-90cf-8c639047fae8)
 - Deleted: 0

[01/Jun/2023:13:40:37] UPDATING PRODUCTS (JobID: 16b5e649-5421-4ec9-aefb-f6110878ac04)
 - New and modified: 0

[01/Jun/2023:13:40:39] UPDATING PREPAGATI (JobID: 1acc78e3-588b-4331-98e9-49c8561cad23)
 - New and modified: 0

[01/Jun/2023:13:40:39] DELETING PREPAGATI (JobID: 1acc78e3-588b-4331-98e9-49c8561cad23)
 - Deleted: 0

[01/Jun/2023:13:50:04] UPDATING ACCOUNTS (JobID: d8a3cfdf-ea40-4f30-8dd0-572706394d44)
 - New and modified: 0

[01/Jun/2023:13:50:04] DELETING ACCOUNTS (JobID: d8a3cfdf-ea40-4f30-8dd0-572706394d44)
 - Deleted: 0

[01/Jun/2023:13:50:36] UPDATING PRODUCTS (JobID: d1bddd5f-177d-4ed6-ae1c-c2c92bbd2e58)
 - New and modified: 0

[01/Jun/2023:13:50:37] UPDATING PREPAGATI (JobID: 31c8885a-7a21-4c53-ab11-8e961d154cf6)
 - New and modified: 0

[01/Jun/2023:13:50:37] DELETING PREPAGATI (JobID: 31c8885a-7a21-4c53-ab11-8e961d154cf6)
 - Deleted: 0

[01/Jun/2023:14:00:05] UPDATING ACCOUNTS (JobID: 1ee3c8e0-5054-4ea8-80cb-4d4c144e06b4)
 - New and modified: 0

[01/Jun/2023:14:00:05] DELETING ACCOUNTS (JobID: 1ee3c8e0-5054-4ea8-80cb-4d4c144e06b4)
 - Deleted: 0

[01/Jun/2023:14:00:37] UPDATING PRODUCTS (JobID: 396aa751-3010-41df-a419-1b648b65b6dc)
 - New and modified: 0

[01/Jun/2023:14:00:39] UPDATING PREPAGATI (JobID: 093f78bc-6b44-4d1b-aa6e-aaf81a1119e2)
 - New and modified: 0

[01/Jun/2023:14:00:39] DELETING PREPAGATI (JobID: 093f78bc-6b44-4d1b-aa6e-aaf81a1119e2)
 - Deleted: 0

[01/Jun/2023:14:20:04] UPDATING ACCOUNTS (JobID: 3696805a-9d5d-49d0-9ef7-b6989eda488e)
 - New and modified: 0

[01/Jun/2023:14:20:04] DELETING ACCOUNTS (JobID: 3696805a-9d5d-49d0-9ef7-b6989eda488e)
 - Deleted: 0

[01/Jun/2023:14:20:36] UPDATING PRODUCTS (JobID: bb1d50bd-cb99-4745-a4b6-377e298ee51a)
 - New and modified: 0

[01/Jun/2023:14:20:38] UPDATING PREPAGATI (JobID: c82a886b-0966-46a4-bffc-a0e9ed265326)
 - New and modified: 0

[01/Jun/2023:14:20:38] DELETING PREPAGATI (JobID: c82a886b-0966-46a4-bffc-a0e9ed265326)
 - Deleted: 0

[01/Jun/2023:14:30:04] UPDATING ACCOUNTS (JobID: baee0ff4-a1eb-4261-b182-1375c4e64ccf)
 - New and modified: 0

[01/Jun/2023:14:30:04] DELETING ACCOUNTS (JobID: baee0ff4-a1eb-4261-b182-1375c4e64ccf)
 - Deleted: 0

[01/Jun/2023:14:30:39] UPDATING PRODUCTS (JobID: 1f5c002a-0b81-4ed1-95cb-8fde6e1611d5)
 - New and modified: 0

[01/Jun/2023:14:30:40] UPDATING PREPAGATI (JobID: b7d6266a-fa48-4794-96b8-29175981c3e1)
 - New and modified: 0

[01/Jun/2023:14:30:40] DELETING PREPAGATI (JobID: b7d6266a-fa48-4794-96b8-29175981c3e1)
 - Deleted: 0

[01/Jun/2023:14:50:04] UPDATING ACCOUNTS (JobID: 0a71baa8-67bc-4099-98eb-9d86dd7bc32d)
 - New and modified: 0

[01/Jun/2023:14:50:04] DELETING ACCOUNTS (JobID: 0a71baa8-67bc-4099-98eb-9d86dd7bc32d)
 - Deleted: 0

[01/Jun/2023:14:50:35] UPDATING PRODUCTS (JobID: 14f2bc17-efc9-46ab-9439-4ec7f7f14b43)
 - New and modified: 0

[01/Jun/2023:14:50:37] UPDATING PREPAGATI (JobID: fc811d3d-e8e6-4bec-a11b-a6baa06a45fe)
 - New and modified: 0

[01/Jun/2023:14:50:37] DELETING PREPAGATI (JobID: fc811d3d-e8e6-4bec-a11b-a6baa06a45fe)
 - Deleted: 0

[01/Jun/2023:15:10:04] UPDATING ACCOUNTS (JobID: 6d461f76-0a14-4943-a4c3-8a2ab7a34791)
 - New and modified: 0

[01/Jun/2023:15:10:04] DELETING ACCOUNTS (JobID: 6d461f76-0a14-4943-a4c3-8a2ab7a34791)
 - Deleted: 0

[01/Jun/2023:15:10:37] UPDATING PRODUCTS (JobID: 95d71c1f-3078-49c8-b03a-95a03e303d1f)
 - New and modified: 0

[01/Jun/2023:15:10:39] UPDATING PREPAGATI (JobID: 2be26fe1-cc4d-416d-bc19-66c1ca7bd06e)
 - New and modified: 0

[01/Jun/2023:15:10:39] DELETING PREPAGATI (JobID: 2be26fe1-cc4d-416d-bc19-66c1ca7bd06e)
 - Deleted: 0

[01/Jun/2023:15:50:04] UPDATING ACCOUNTS (JobID: 256103da-5103-4985-8f24-b1015852a78d)
 - New and modified: 0

[01/Jun/2023:15:50:04] DELETING ACCOUNTS (JobID: 256103da-5103-4985-8f24-b1015852a78d)
 - Deleted: 0

[01/Jun/2023:15:50:36] UPDATING PRODUCTS (JobID: ed8ce892-9af4-4150-ada4-2f264cc9cdab)
 - New and modified: 0

[01/Jun/2023:15:50:38] UPDATING PREPAGATI (JobID: 2136bbcc-6787-42c5-af0e-fe1bde1b20b7)
 - New and modified: 0

[01/Jun/2023:15:50:38] DELETING PREPAGATI (JobID: 2136bbcc-6787-42c5-af0e-fe1bde1b20b7)
 - Deleted: 0

[01/Jun/2023:16:00:04] UPDATING ACCOUNTS (JobID: 9ed420be-2392-48ca-8a12-542817ffaacd)
 - New and modified: 0

[01/Jun/2023:16:00:04] DELETING ACCOUNTS (JobID: 9ed420be-2392-48ca-8a12-542817ffaacd)
 - Deleted: 0

[01/Jun/2023:16:00:36] UPDATING PRODUCTS (JobID: 952ca4da-1926-438c-8be2-9d1a3ce08a75)
 - New and modified: 0

[01/Jun/2023:16:00:38] UPDATING PREPAGATI (JobID: 0aadceb9-604f-4548-89fd-50604bbf8e34)
 - New and modified: 0

[01/Jun/2023:16:00:38] DELETING PREPAGATI (JobID: 0aadceb9-604f-4548-89fd-50604bbf8e34)
 - Deleted: 0

[01/Jun/2023:16:20:03] UPDATING ACCOUNTS (JobID: fe3baab2-d35e-4ecb-b69d-951573aa95dd)
 - New and modified: 0

[01/Jun/2023:16:20:03] DELETING ACCOUNTS (JobID: fe3baab2-d35e-4ecb-b69d-951573aa95dd)
 - Deleted: 0

[01/Jun/2023:16:20:35] UPDATING PRODUCTS (JobID: 5c262ee3-cdd8-42ad-b0fa-4cad86d7ef15)
 - New and modified: 0

[01/Jun/2023:16:20:37] UPDATING PREPAGATI (JobID: df27579e-95a1-4c37-b225-fbcc3079e725)
 - New and modified: 0

[01/Jun/2023:16:20:37] DELETING PREPAGATI (JobID: df27579e-95a1-4c37-b225-fbcc3079e725)
 - Deleted: 0

[01/Jun/2023:17:00:04] UPDATING ACCOUNTS (JobID: 9a2623f3-3567-47e7-a702-23ee7278731f)
 - New and modified: 0

[01/Jun/2023:17:00:04] DELETING ACCOUNTS (JobID: 9a2623f3-3567-47e7-a702-23ee7278731f)
 - Deleted: 0

[01/Jun/2023:17:00:38] UPDATING PRODUCTS (JobID: 59e3ac4c-3422-45ae-9b60-3d1a61e48a9a)
 - New and modified: 0

[01/Jun/2023:17:00:39] UPDATING PREPAGATI (JobID: fc9728b8-e709-4ca6-b65c-c715ffd7d97b)
 - New and modified: 0

[01/Jun/2023:17:00:39] DELETING PREPAGATI (JobID: fc9728b8-e709-4ca6-b65c-c715ffd7d97b)
 - Deleted: 0

[01/Jun/2023:17:10:04] UPDATING ACCOUNTS (JobID: 975d8181-90cf-468f-bf3c-2d3b199ab192)
 - New and modified: 0

[01/Jun/2023:17:10:04] DELETING ACCOUNTS (JobID: 975d8181-90cf-468f-bf3c-2d3b199ab192)
 - Deleted: 0

[01/Jun/2023:17:10:37] UPDATING PRODUCTS (JobID: f38f59ac-03e5-4db8-b57a-0d5e88f538d1)
 - New and modified: 0

[01/Jun/2023:17:10:39] UPDATING PREPAGATI (JobID: c40f91b4-44d7-4840-a158-59f3df5711d7)
 - New and modified: 0

[01/Jun/2023:17:10:39] DELETING PREPAGATI (JobID: c40f91b4-44d7-4840-a158-59f3df5711d7)
 - Deleted: 0

[01/Jun/2023:17:30:03] UPDATING ACCOUNTS (JobID: ba2c063e-ddcc-4538-91fa-814c9f46f600)
 - New and modified: 0

[01/Jun/2023:17:30:03] DELETING ACCOUNTS (JobID: ba2c063e-ddcc-4538-91fa-814c9f46f600)
 - Deleted: 0

[01/Jun/2023:17:30:35] UPDATING PRODUCTS (JobID: e22ba731-01af-47c7-af9f-5e71069079f8)
 - New and modified: 0

[01/Jun/2023:17:30:37] UPDATING PREPAGATI (JobID: a079350e-a153-4100-a047-b24b0c97cec8)
 - New and modified: 0

[01/Jun/2023:17:30:37] DELETING PREPAGATI (JobID: a079350e-a153-4100-a047-b24b0c97cec8)
 - Deleted: 0

[01/Jun/2023:18:00:06] UPDATING ACCOUNTS (JobID: d1e81c0f-827d-47ad-91d9-27d308ee1b5a)
 - New and modified: 0

[01/Jun/2023:18:00:06] DELETING ACCOUNTS (JobID: d1e81c0f-827d-47ad-91d9-27d308ee1b5a)
 - Deleted: 0

[01/Jun/2023:18:00:38] UPDATING PRODUCTS (JobID: d6b006c6-e5a8-4890-98dc-70b1da107a30)
 - New and modified: 0

[01/Jun/2023:18:00:40] UPDATING PREPAGATI (JobID: 7fbe67bd-d82f-428c-9579-98e9acdbec5d)
 - New and modified: 0

[01/Jun/2023:18:00:40] DELETING PREPAGATI (JobID: 7fbe67bd-d82f-428c-9579-98e9acdbec5d)
 - Deleted: 0

[01/Jun/2023:18:20:05] UPDATING ACCOUNTS (JobID: ce580119-99b4-4e66-b8a4-98c0a7a3074c)
 - New and modified: 0

[01/Jun/2023:18:20:05] DELETING ACCOUNTS (JobID: ce580119-99b4-4e66-b8a4-98c0a7a3074c)
 - Deleted: 0

[01/Jun/2023:18:20:40] UPDATING PRODUCTS (JobID: 9e38fcf2-ee69-4694-8816-ede555ffc019)
 - New and modified: 0

[01/Jun/2023:18:20:41] UPDATING PREPAGATI (JobID: a5ec8a9a-d9f7-40c5-8e72-a572f0538aa4)
 - New and modified: 0

[01/Jun/2023:18:20:41] DELETING PREPAGATI (JobID: a5ec8a9a-d9f7-40c5-8e72-a572f0538aa4)
 - Deleted: 0

[01/Jun/2023:18:50:04] UPDATING ACCOUNTS (JobID: a70d0cd6-9cb8-42a7-a774-6feb7b5dea84)
 - New and modified: 0

[01/Jun/2023:18:50:04] DELETING ACCOUNTS (JobID: a70d0cd6-9cb8-42a7-a774-6feb7b5dea84)
 - Deleted: 0

[01/Jun/2023:18:50:39] UPDATING PRODUCTS (JobID: cc3db7b3-f033-4c10-be47-2cb1655ebbe5)
 - New and modified: 0

[01/Jun/2023:18:50:41] UPDATING PREPAGATI (JobID: c56e07d6-39f7-4108-8f1d-8e4fcae36a5b)
 - New and modified: 0

[01/Jun/2023:18:50:41] DELETING PREPAGATI (JobID: c56e07d6-39f7-4108-8f1d-8e4fcae36a5b)
 - Deleted: 0

[01/Jun/2023:19:20:04] UPDATING ACCOUNTS (JobID: 66c003e3-1aef-4151-b873-929fc02bb9ca)
 - New and modified: 0

[01/Jun/2023:19:20:04] DELETING ACCOUNTS (JobID: 66c003e3-1aef-4151-b873-929fc02bb9ca)
 - Deleted: 0

[01/Jun/2023:19:20:37] UPDATING PRODUCTS (JobID: 74c2781f-45a1-436c-bdc4-a34834ee8a75)
 - New and modified: 0

[01/Jun/2023:19:20:39] UPDATING PREPAGATI (JobID: aa02c259-d615-4287-b16e-4b428d264f6e)
 - New and modified: 0

[01/Jun/2023:19:20:39] DELETING PREPAGATI (JobID: aa02c259-d615-4287-b16e-4b428d264f6e)
 - Deleted: 0

[01/Jun/2023:19:50:05] UPDATING ACCOUNTS (JobID: 357befe0-e31d-443f-8d74-618bbd116043)
 - New and modified: 0

[01/Jun/2023:19:50:05] DELETING ACCOUNTS (JobID: 357befe0-e31d-443f-8d74-618bbd116043)
 - Deleted: 0

[01/Jun/2023:19:50:37] UPDATING PRODUCTS (JobID: 2322c9b5-0ae0-4841-872e-0cdb84186e30)
 - New and modified: 0

[01/Jun/2023:19:50:39] UPDATING PREPAGATI (JobID: 2201413e-1ba1-4d45-b36e-7fb039b4b34c)
 - New and modified: 0

[01/Jun/2023:19:50:39] DELETING PREPAGATI (JobID: 2201413e-1ba1-4d45-b36e-7fb039b4b34c)
 - Deleted: 0

[01/Jun/2023:20:10:05] UPDATING ACCOUNTS (JobID: 7ba6d580-2ef2-4364-91e6-5c1a4c7bf5ef)
 - New and modified: 0

[01/Jun/2023:20:10:05] DELETING ACCOUNTS (JobID: 7ba6d580-2ef2-4364-91e6-5c1a4c7bf5ef)
 - Deleted: 0

[01/Jun/2023:20:10:39] UPDATING PRODUCTS (JobID: 484768a0-684e-40b2-a01a-f220b54c60d4)
 - New and modified: 0

[01/Jun/2023:20:10:40] UPDATING PREPAGATI (JobID: f29bd28b-c417-4fe2-91e1-03c53a809895)
 - New and modified: 0

[01/Jun/2023:20:10:40] DELETING PREPAGATI (JobID: f29bd28b-c417-4fe2-91e1-03c53a809895)
 - Deleted: 0

[01/Jun/2023:20:30:04] UPDATING ACCOUNTS (JobID: 57ffd33c-ab8c-48c9-9bb4-52128e953d5f)
 - New and modified: 0

[01/Jun/2023:20:30:04] DELETING ACCOUNTS (JobID: 57ffd33c-ab8c-48c9-9bb4-52128e953d5f)
 - Deleted: 0

[01/Jun/2023:20:30:37] UPDATING PRODUCTS (JobID: ca1ab5e8-ecca-4fd1-8e72-b28bb14a1977)
 - New and modified: 0

[01/Jun/2023:20:30:39] UPDATING PREPAGATI (JobID: 86ee66c2-855c-46e7-921a-5a05e0da513b)
 - New and modified: 0

[01/Jun/2023:20:30:39] DELETING PREPAGATI (JobID: 86ee66c2-855c-46e7-921a-5a05e0da513b)
 - Deleted: 0

[01/Jun/2023:20:40:04] UPDATING ACCOUNTS (JobID: 6bd9cdfa-c1ce-4d44-931d-fbd35ab339a8)
 - New and modified: 0

[01/Jun/2023:20:40:04] DELETING ACCOUNTS (JobID: 6bd9cdfa-c1ce-4d44-931d-fbd35ab339a8)
 - Deleted: 0

[01/Jun/2023:20:40:37] UPDATING PRODUCTS (JobID: e90237c2-b8e3-41af-8455-8dc89b6d5428)
 - New and modified: 0

[01/Jun/2023:20:40:38] UPDATING PREPAGATI (JobID: 2a3cf42e-a22c-4a45-8e09-f1091cc37af3)
 - New and modified: 0

[01/Jun/2023:20:40:38] DELETING PREPAGATI (JobID: 2a3cf42e-a22c-4a45-8e09-f1091cc37af3)
 - Deleted: 0

[01/Jun/2023:21:10:04] UPDATING ACCOUNTS (JobID: c6d51f18-e85d-45cf-86aa-91921007aa14)
 - New and modified: 0

[01/Jun/2023:21:10:04] DELETING ACCOUNTS (JobID: c6d51f18-e85d-45cf-86aa-91921007aa14)
 - Deleted: 0

[01/Jun/2023:21:10:36] UPDATING PRODUCTS (JobID: 0cd488bd-ec00-4288-92cc-8e2d50188c9e)
 - New and modified: 0

[01/Jun/2023:21:10:38] UPDATING PREPAGATI (JobID: a910f5c1-2dc7-49f4-97f2-fe9d5d5ca5dd)
 - New and modified: 0

[01/Jun/2023:21:10:38] DELETING PREPAGATI (JobID: a910f5c1-2dc7-49f4-97f2-fe9d5d5ca5dd)
 - Deleted: 0

[01/Jun/2023:21:20:05] UPDATING ACCOUNTS (JobID: 2c873562-3baf-4b68-9b94-c73729042bb4)
 - New and modified: 0

[01/Jun/2023:21:20:05] DELETING ACCOUNTS (JobID: 2c873562-3baf-4b68-9b94-c73729042bb4)
 - Deleted: 0

[01/Jun/2023:21:20:37] UPDATING PRODUCTS (JobID: 975984a4-7577-4ec3-87c8-020bcfb15ab0)
 - New and modified: 0

[01/Jun/2023:21:20:39] UPDATING PREPAGATI (JobID: 5ca73a75-8ffa-40ef-98a2-400080c92480)
 - New and modified: 0

[01/Jun/2023:21:20:39] DELETING PREPAGATI (JobID: 5ca73a75-8ffa-40ef-98a2-400080c92480)
 - Deleted: 0

[01/Jun/2023:21:50:05] UPDATING ACCOUNTS (JobID: 2bb52223-93e7-4dc8-a1ca-4ee66c20e6de)
 - New and modified: 0

[01/Jun/2023:21:50:05] DELETING ACCOUNTS (JobID: 2bb52223-93e7-4dc8-a1ca-4ee66c20e6de)
 - Deleted: 0

[01/Jun/2023:21:50:44] UPDATING PRODUCTS (JobID: e7a4706f-804c-4f00-911b-7c35acaf39dd)
 - New and modified: 0

[01/Jun/2023:21:50:47] UPDATING PREPAGATI (JobID: d3bd2e0f-432e-418f-8cf4-30dbbd92742c)
 - New and modified: 0

[01/Jun/2023:21:50:47] DELETING PREPAGATI (JobID: d3bd2e0f-432e-418f-8cf4-30dbbd92742c)
 - Deleted: 0

[01/Jun/2023:22:00:05] UPDATING ACCOUNTS (JobID: d9a066cc-7e8f-4bb1-8be4-259dcb8cb777)
 - New and modified: 0

[01/Jun/2023:22:00:05] DELETING ACCOUNTS (JobID: d9a066cc-7e8f-4bb1-8be4-259dcb8cb777)
 - Deleted: 0

[01/Jun/2023:22:00:43] UPDATING PRODUCTS (JobID: abbeca70-1215-4cd8-9579-2e6c291c510e)
 - New and modified: 0

[01/Jun/2023:22:00:45] UPDATING PREPAGATI (JobID: 2fdf42ed-56eb-417b-ae6b-bb29275a3ef4)
 - New and modified: 0

[01/Jun/2023:22:00:45] DELETING PREPAGATI (JobID: 2fdf42ed-56eb-417b-ae6b-bb29275a3ef4)
 - Deleted: 0

[01/Jun/2023:22:30:05] UPDATING ACCOUNTS (JobID: c1cfb638-7743-45eb-85fe-0e2776323abe)
 - New and modified: 0

[01/Jun/2023:22:30:05] DELETING ACCOUNTS (JobID: c1cfb638-7743-45eb-85fe-0e2776323abe)
 - Deleted: 0

[01/Jun/2023:22:30:41] UPDATING PRODUCTS (JobID: fbb56f1c-fbb0-494b-8d12-cd29dc3c89b8)
 - New and modified: 0

[01/Jun/2023:22:30:43] UPDATING PREPAGATI (JobID: 276a8882-0ce7-4606-bd25-8a3e49215211)
 - New and modified: 0

[01/Jun/2023:22:30:43] DELETING PREPAGATI (JobID: 276a8882-0ce7-4606-bd25-8a3e49215211)
 - Deleted: 0

[01/Jun/2023:22:40:04] UPDATING ACCOUNTS (JobID: 003fdefc-06aa-4d7e-825a-49babc51022f)
 - New and modified: 0

[01/Jun/2023:22:40:04] DELETING ACCOUNTS (JobID: 003fdefc-06aa-4d7e-825a-49babc51022f)
 - Deleted: 0

[01/Jun/2023:22:40:40] UPDATING PRODUCTS (JobID: 2de6d42c-8038-4d7f-945b-acdbadb19641)
 - New and modified: 0

[01/Jun/2023:22:40:42] UPDATING PREPAGATI (JobID: 9aac310f-7bab-48ba-8649-5f391cba4892)
 - New and modified: 0

[01/Jun/2023:22:40:42] DELETING PREPAGATI (JobID: 9aac310f-7bab-48ba-8649-5f391cba4892)
 - Deleted: 0

[01/Jun/2023:22:50:04] UPDATING ACCOUNTS (JobID: 20537052-0f2f-4693-8357-981fab996b94)
 - New and modified: 0

[01/Jun/2023:22:50:04] DELETING ACCOUNTS (JobID: 20537052-0f2f-4693-8357-981fab996b94)
 - Deleted: 0

[01/Jun/2023:22:50:41] UPDATING PRODUCTS (JobID: 6997f6ab-f8c2-4acd-ac60-afd538183d09)
 - New and modified: 0

[01/Jun/2023:22:50:43] UPDATING PREPAGATI (JobID: 6545ee68-981b-4603-94c2-2e68b70e13b7)
 - New and modified: 0

[01/Jun/2023:22:50:43] DELETING PREPAGATI (JobID: 6545ee68-981b-4603-94c2-2e68b70e13b7)
 - Deleted: 0

[01/Jun/2023:23:20:04] UPDATING ACCOUNTS (JobID: 8eebb93c-727d-4048-8f14-bc9c85e7c743)
 - New and modified: 0

[01/Jun/2023:23:20:04] DELETING ACCOUNTS (JobID: 8eebb93c-727d-4048-8f14-bc9c85e7c743)
 - Deleted: 0

[01/Jun/2023:23:20:36] UPDATING PRODUCTS (JobID: 011007e6-19c8-43a0-befa-a6da571c2f09)
 - New and modified: 0

[01/Jun/2023:23:20:38] UPDATING PREPAGATI (JobID: 97c02a1b-2555-415c-916f-ef7035d78dc1)
 - New and modified: 0

[01/Jun/2023:23:20:38] DELETING PREPAGATI (JobID: 97c02a1b-2555-415c-916f-ef7035d78dc1)
 - Deleted: 0

[01/Jun/2023:23:30:04] UPDATING ACCOUNTS (JobID: 46e6065e-c755-4f22-b251-47d2bcd9d255)
 - New and modified: 0

[01/Jun/2023:23:30:04] DELETING ACCOUNTS (JobID: 46e6065e-c755-4f22-b251-47d2bcd9d255)
 - Deleted: 0

[01/Jun/2023:23:30:36] UPDATING PRODUCTS (JobID: a3cdd9c2-6ecf-4a8d-9058-3f78754820aa)
 - New and modified: 0

[01/Jun/2023:23:30:38] UPDATING PREPAGATI (JobID: 099b8a29-ed5e-4d65-8973-be9c9cfc48f6)
 - New and modified: 0

[01/Jun/2023:23:30:38] DELETING PREPAGATI (JobID: 099b8a29-ed5e-4d65-8973-be9c9cfc48f6)
 - Deleted: 0

