[07/Aug/2023:00:30:08] UPDATING ACCOUNTS (JobID: a5ab67c8-7b1f-4a0a-885a-6bf204cd5d8c)
 - New and modified: 0

[07/Aug/2023:00:30:08] DELETING ACCOUNTS (JobID: a5ab67c8-7b1f-4a0a-885a-6bf204cd5d8c)
 - Deleted: 0

[07/Aug/2023:00:30:37] UPDATING PRODUCTS (JobID: f75cf9b8-3770-4615-95ac-f306ec9eb92c)
 - New and modified: 0

[07/Aug/2023:00:30:40] UPDATING PREPAGATI (JobID: 3103023e-e583-41ec-9e6c-2de6c823c1e4)
 - New and modified: 0

[07/Aug/2023:00:30:40] DELETING PREPAGATI (JobID: 3103023e-e583-41ec-9e6c-2de6c823c1e4)
 - Deleted: 0

[07/Aug/2023:01:30:07] UPDATING ACCOUNTS (JobID: 33ac409a-40c9-4ab6-85ec-2d3a30e57b9f)
 - New and modified: 0

[07/Aug/2023:01:30:07] DELETING ACCOUNTS (JobID: 33ac409a-40c9-4ab6-85ec-2d3a30e57b9f)
 - Deleted: 0

[07/Aug/2023:01:30:41] UPDATING PRODUCTS (JobID: c22a03ae-9b1a-41b2-902f-949f36d9b661)
 - New and modified: 0

[07/Aug/2023:01:30:43] UPDATING PREPAGATI (JobID: 083c5ed6-69f5-438c-8386-98725f2aed37)
 - New and modified: 0

[07/Aug/2023:01:30:43] DELETING PREPAGATI (JobID: 083c5ed6-69f5-438c-8386-98725f2aed37)
 - Deleted: 0

[07/Aug/2023:02:30:07] UPDATING ACCOUNTS (JobID: bef68010-947a-473d-b969-b4a6cbfce4fc)
 - New and modified: 0

[07/Aug/2023:02:30:07] DELETING ACCOUNTS (JobID: bef68010-947a-473d-b969-b4a6cbfce4fc)
 - Deleted: 0

[07/Aug/2023:02:30:39] UPDATING PRODUCTS (JobID: d8f745c7-7582-4fe5-9614-7fd981ab5ed2)
 - New and modified: 0

[07/Aug/2023:02:30:42] UPDATING PREPAGATI (JobID: b5abac88-de73-4e77-968d-06f304013899)
 - New and modified: 0

[07/Aug/2023:02:30:42] DELETING PREPAGATI (JobID: b5abac88-de73-4e77-968d-06f304013899)
 - Deleted: 0

[07/Aug/2023:03:00:04] UPDATING ACCOUNTS (JobID: 50adc97f-968c-4120-beb3-5f5f62df250b)
 - New and modified: 0

[07/Aug/2023:03:00:04] DELETING ACCOUNTS (JobID: 50adc97f-968c-4120-beb3-5f5f62df250b)
 - Deleted: 0

[07/Aug/2023:03:00:34] UPDATING PRODUCTS (JobID: 639d4c10-f931-4928-a2bd-d656755d7b91)
 - New and modified: 0

[07/Aug/2023:03:00:36] UPDATING PREPAGATI (JobID: 63257a83-51ef-4e11-9a47-54175999ec9b)
 - New and modified: 0

[07/Aug/2023:03:00:36] DELETING PREPAGATI (JobID: 63257a83-51ef-4e11-9a47-54175999ec9b)
 - Deleted: 0

[07/Aug/2023:04:00:07] UPDATING ACCOUNTS (JobID: 98edde83-953a-4430-9df8-924a36eea465)
 - New and modified: 0

[07/Aug/2023:04:00:07] DELETING ACCOUNTS (JobID: 98edde83-953a-4430-9df8-924a36eea465)
 - Deleted: 0

[07/Aug/2023:04:00:37] UPDATING PRODUCTS (JobID: 66f1079c-873e-4ce7-9997-12840cef697f)
 - New and modified: 0

[07/Aug/2023:04:00:40] UPDATING PREPAGATI (JobID: e519a74e-db70-4d79-bb51-9e68b1b878ea)
 - New and modified: 0

[07/Aug/2023:04:00:40] DELETING PREPAGATI (JobID: e519a74e-db70-4d79-bb51-9e68b1b878ea)
 - Deleted: 0

[07/Aug/2023:04:30:07] UPDATING ACCOUNTS (JobID: 2726f18e-3cf6-446f-9813-93a4099db749)
 - New and modified: 0

[07/Aug/2023:04:30:07] DELETING ACCOUNTS (JobID: 2726f18e-3cf6-446f-9813-93a4099db749)
 - Deleted: 0

[07/Aug/2023:04:30:38] UPDATING PRODUCTS (JobID: 22fc3dd0-c280-4fed-9e46-00a4abbf03f4)
 - New and modified: 0

[07/Aug/2023:04:30:41] UPDATING PREPAGATI (JobID: 231c19fe-92ab-4438-b0a3-d71d5189ecb0)
 - New and modified: 0

[07/Aug/2023:04:30:41] DELETING PREPAGATI (JobID: 231c19fe-92ab-4438-b0a3-d71d5189ecb0)
 - Deleted: 0

[07/Aug/2023:05:00:10] UPDATING ACCOUNTS (JobID: afaec99d-70eb-4e79-aeb2-03c5dee1421b)
 - New and modified: 0

[07/Aug/2023:05:00:10] DELETING ACCOUNTS (JobID: afaec99d-70eb-4e79-aeb2-03c5dee1421b)
 - Deleted: 0

[07/Aug/2023:05:00:43] UPDATING PRODUCTS (JobID: c67184a1-914f-4066-b928-81d73aad9d7b)
 - New and modified: 0

[07/Aug/2023:05:00:46] UPDATING PREPAGATI (JobID: 85c74cd2-aab2-459b-ba6f-11827eb12005)
 - New and modified: 0

[07/Aug/2023:05:00:46] DELETING PREPAGATI (JobID: 85c74cd2-aab2-459b-ba6f-11827eb12005)
 - Deleted: 0

[07/Aug/2023:05:30:05] UPDATING ACCOUNTS (JobID: 1e7a24aa-81bc-42ad-9ab7-403ae61f0c16)
 - New and modified: 0

[07/Aug/2023:05:30:05] DELETING ACCOUNTS (JobID: 1e7a24aa-81bc-42ad-9ab7-403ae61f0c16)
 - Deleted: 0

[07/Aug/2023:05:30:35] UPDATING PRODUCTS (JobID: fc5e960c-baa1-4916-a7a1-94d9fbd12f26)
 - New and modified: 0

[07/Aug/2023:05:30:37] UPDATING PREPAGATI (JobID: eb8f0ea0-a705-4722-aafa-428ad1e31cea)
 - New and modified: 0

[07/Aug/2023:05:30:37] DELETING PREPAGATI (JobID: eb8f0ea0-a705-4722-aafa-428ad1e31cea)
 - Deleted: 0

[07/Aug/2023:06:00:07] UPDATING ACCOUNTS (JobID: e1ee0efc-3d4e-4615-b5b1-1d8062fa9335)
 - New and modified: 0

[07/Aug/2023:06:00:07] DELETING ACCOUNTS (JobID: e1ee0efc-3d4e-4615-b5b1-1d8062fa9335)
 - Deleted: 0

[07/Aug/2023:06:00:38] UPDATING PRODUCTS (JobID: 927eb01a-d6ae-4880-86bb-df2bb8c0f796)
 - New and modified: 0

[07/Aug/2023:06:00:41] UPDATING PREPAGATI (JobID: c514748f-34ea-48df-8f49-4ce847e2d9b0)
 - New and modified: 0

[07/Aug/2023:06:00:41] DELETING PREPAGATI (JobID: c514748f-34ea-48df-8f49-4ce847e2d9b0)
 - Deleted: 0

[07/Aug/2023:07:00:22] UPDATING ACCOUNTS (JobID: 071ed67a-5432-4d39-9ba0-9b7c1fa7f32e)
 - New and modified: 0

[07/Aug/2023:07:00:22] DELETING ACCOUNTS (JobID: 071ed67a-5432-4d39-9ba0-9b7c1fa7f32e)
 - Deleted: 0

[07/Aug/2023:07:00:55] UPDATING PRODUCTS (JobID: c1c850f9-68f4-46f4-80f2-458f7052cb20)
 - New and modified: 0

[07/Aug/2023:07:00:58] UPDATING PREPAGATI (JobID: ab733616-d333-47cb-96af-31134653ca41)
 - New and modified: 0

[07/Aug/2023:07:00:58] DELETING PREPAGATI (JobID: ab733616-d333-47cb-96af-31134653ca41)
 - Deleted: 0

[07/Aug/2023:07:30:09] UPDATING ACCOUNTS (JobID: b5052657-5da0-44aa-9542-f0c1859da88c)
 - New and modified: 0

[07/Aug/2023:07:30:09] DELETING ACCOUNTS (JobID: b5052657-5da0-44aa-9542-f0c1859da88c)
 - Deleted: 0

[07/Aug/2023:07:30:38] UPDATING PRODUCTS (JobID: 8e0f8b1e-96d5-4f19-b503-6207e9bf757c)
 - New and modified: 0

[07/Aug/2023:07:30:41] UPDATING PREPAGATI (JobID: 7536bde8-6add-4226-ac3b-b76c043fccb1)
 - New and modified: 0

[07/Aug/2023:07:30:41] DELETING PREPAGATI (JobID: 7536bde8-6add-4226-ac3b-b76c043fccb1)
 - Deleted: 0

[07/Aug/2023:08:00:10] UPDATING ACCOUNTS (JobID: 05f76da8-2c09-48ed-8530-328fc60fe799)
 - New and modified: 0

[07/Aug/2023:08:00:10] DELETING ACCOUNTS (JobID: 05f76da8-2c09-48ed-8530-328fc60fe799)
 - Deleted: 0

[07/Aug/2023:08:00:51] UPDATING PRODUCTS (JobID: ef04afc1-dd97-4202-9f4a-a966a2549962)
 - New and modified: 0

[07/Aug/2023:08:00:55] UPDATING PREPAGATI (JobID: 7ea592b2-6f2b-4222-9205-a57424795f42)
 - New and modified: 0

[07/Aug/2023:08:00:55] DELETING PREPAGATI (JobID: 7ea592b2-6f2b-4222-9205-a57424795f42)
 - Deleted: 0

[07/Aug/2023:08:30:07] UPDATING ACCOUNTS (JobID: deadf4dd-274f-4d45-9c24-01340cd8523f)
 - New and modified: 0

[07/Aug/2023:08:30:07] DELETING ACCOUNTS (JobID: deadf4dd-274f-4d45-9c24-01340cd8523f)
 - Deleted: 0

[07/Aug/2023:08:30:39] UPDATING PRODUCTS (JobID: a95d9f63-e53b-437e-ab2f-afd9ffb18d6d)
 - New and modified: 0

[07/Aug/2023:08:30:43] UPDATING PREPAGATI (JobID: f3dc911d-6f51-40cf-bed6-c1d9a06deaae)
 - New and modified: 0

[07/Aug/2023:08:30:43] DELETING PREPAGATI (JobID: f3dc911d-6f51-40cf-bed6-c1d9a06deaae)
 - Deleted: 0

[07/Aug/2023:09:00:04] UPDATING ACCOUNTS (JobID: bfa3bc0b-cadc-449d-b0bf-efb9e21a6bf9)
 - New and modified: 0

[07/Aug/2023:09:00:04] DELETING ACCOUNTS (JobID: bfa3bc0b-cadc-449d-b0bf-efb9e21a6bf9)
 - Deleted: 0

[07/Aug/2023:09:00:38] UPDATING PRODUCTS (JobID: eb4f26b8-d84e-4b77-8434-4476acd5f0bb)
 - New and modified: 0

[07/Aug/2023:09:00:40] UPDATING PREPAGATI (JobID: 077fe78e-142c-42f4-a2ed-dcc79df9c228)
 - New and modified: 0

[07/Aug/2023:09:00:40] DELETING PREPAGATI (JobID: 077fe78e-142c-42f4-a2ed-dcc79df9c228)
 - Deleted: 0

[07/Aug/2023:10:30:07] UPDATING ACCOUNTS (JobID: 3b3371fa-b9d8-4057-a44c-4b1513c6412c)
 - New and modified: 0

[07/Aug/2023:10:30:07] DELETING ACCOUNTS (JobID: 3b3371fa-b9d8-4057-a44c-4b1513c6412c)
 - Deleted: 0

[07/Aug/2023:10:30:38] UPDATING PRODUCTS (JobID: d435635c-0e95-4eb0-ac4f-5e1053c29e3e)
 - New and modified: 0

[07/Aug/2023:10:30:41] UPDATING PREPAGATI (JobID: 87dd38d5-ce04-429c-968f-deb002ecdde0)
 - New and modified: 0

[07/Aug/2023:10:30:41] DELETING PREPAGATI (JobID: 87dd38d5-ce04-429c-968f-deb002ecdde0)
 - Deleted: 0

[07/Aug/2023:11:00:04] UPDATING ACCOUNTS (JobID: f6c6e9db-3875-4399-b79a-68dd88b8b53b)
 - New and modified: 0

[07/Aug/2023:11:00:04] DELETING ACCOUNTS (JobID: f6c6e9db-3875-4399-b79a-68dd88b8b53b)
 - Deleted: 0

[07/Aug/2023:11:00:35] UPDATING PRODUCTS (JobID: 796da6aa-aec0-46b9-9e06-43425c85f9f9)
 - New and modified: 0

[07/Aug/2023:11:00:36] UPDATING PREPAGATI (JobID: 68ee19fd-1667-4062-94e3-d1b58bbaa699)
 - New and modified: 0

[07/Aug/2023:11:00:36] DELETING PREPAGATI (JobID: 68ee19fd-1667-4062-94e3-d1b58bbaa699)
 - Deleted: 0

[07/Aug/2023:11:30:08] UPDATING ACCOUNTS (JobID: c5924f83-0c85-49de-9fe5-79a0f54eaab0)
 - New and modified: 0

[07/Aug/2023:11:30:08] DELETING ACCOUNTS (JobID: c5924f83-0c85-49de-9fe5-79a0f54eaab0)
 - Deleted: 0

[07/Aug/2023:11:30:38] UPDATING PRODUCTS (JobID: 77592cd4-b635-4ed0-8c94-002bec11a710)
 - New and modified: 0

[07/Aug/2023:11:30:41] UPDATING PREPAGATI (JobID: 5b44e509-c0a3-47b1-8717-a82807c63c96)
 - New and modified: 0

[07/Aug/2023:11:30:41] DELETING PREPAGATI (JobID: 5b44e509-c0a3-47b1-8717-a82807c63c96)
 - Deleted: 0

[07/Aug/2023:12:00:04] UPDATING ACCOUNTS (JobID: d8de7c83-9a8d-42b5-8e79-ce3c959de694)
 - New and modified: 0

[07/Aug/2023:12:00:04] DELETING ACCOUNTS (JobID: d8de7c83-9a8d-42b5-8e79-ce3c959de694)
 - Deleted: 0

[07/Aug/2023:12:00:34] UPDATING PRODUCTS (JobID: 848fd7fe-e6c6-4b99-b9fc-7986e458e216)
 - New and modified: 0

[07/Aug/2023:12:00:36] UPDATING PREPAGATI (JobID: 38200e0a-893c-4efc-a487-a08c6746d59e)
 - New and modified: 0

[07/Aug/2023:12:00:36] DELETING PREPAGATI (JobID: 38200e0a-893c-4efc-a487-a08c6746d59e)
 - Deleted: 0

[07/Aug/2023:13:00:04] UPDATING ACCOUNTS (JobID: 87cde937-3b1b-4d14-8764-f05f512e8c3e)
 - New and modified: 0

[07/Aug/2023:13:00:04] DELETING ACCOUNTS (JobID: 87cde937-3b1b-4d14-8764-f05f512e8c3e)
 - Deleted: 0

[07/Aug/2023:13:00:33] UPDATING PRODUCTS (JobID: bc158663-6bb0-49d9-b160-bc03a59feb66)
 - New and modified: 0

[07/Aug/2023:13:00:35] UPDATING PREPAGATI (JobID: cbae5cf5-7590-40db-aebf-d830a48b6f87)
 - New and modified: 0

[07/Aug/2023:13:00:35] DELETING PREPAGATI (JobID: cbae5cf5-7590-40db-aebf-d830a48b6f87)
 - Deleted: 0

[07/Aug/2023:13:30:04] UPDATING ACCOUNTS (JobID: 1480eb4f-9f12-4669-890a-89771c0e3e70)
 - New and modified: 0

[07/Aug/2023:13:30:04] DELETING ACCOUNTS (JobID: 1480eb4f-9f12-4669-890a-89771c0e3e70)
 - Deleted: 0

[07/Aug/2023:13:30:35] UPDATING PRODUCTS (JobID: 74b07d65-203f-4d0f-a122-81aadfbf3edb)
 - New and modified: 0

[07/Aug/2023:13:30:37] UPDATING PREPAGATI (JobID: 0c922913-4e72-44ef-bc6d-c7d8f10954ec)
 - New and modified: 0

[07/Aug/2023:13:30:37] DELETING PREPAGATI (JobID: 0c922913-4e72-44ef-bc6d-c7d8f10954ec)
 - Deleted: 0

[07/Aug/2023:14:00:07] UPDATING ACCOUNTS (JobID: 54d05fc7-c6f7-407b-a4a2-54aa2c2cb1b2)
 - New and modified: 0

[07/Aug/2023:14:00:07] DELETING ACCOUNTS (JobID: 54d05fc7-c6f7-407b-a4a2-54aa2c2cb1b2)
 - Deleted: 0

[07/Aug/2023:14:00:36] UPDATING PRODUCTS (JobID: 7d76636f-85d4-45f4-9d6f-51ac55450523)
 - New and modified: 0

[07/Aug/2023:14:00:39] UPDATING PREPAGATI (JobID: 7e9667c1-c4cd-474d-9b07-c391553bc094)
 - New and modified: 0

[07/Aug/2023:14:00:39] DELETING PREPAGATI (JobID: 7e9667c1-c4cd-474d-9b07-c391553bc094)
 - Deleted: 0

[07/Aug/2023:15:30:07] UPDATING ACCOUNTS (JobID: be3b5dc8-c857-4cd5-bd46-751b9369d016)
 - New and modified: 0

[07/Aug/2023:15:30:07] DELETING ACCOUNTS (JobID: be3b5dc8-c857-4cd5-bd46-751b9369d016)
 - Deleted: 0

[07/Aug/2023:15:30:38] UPDATING PRODUCTS (JobID: 40a6c93b-1def-4319-bbfc-3ecede123dc5)
 - New and modified: 0

[07/Aug/2023:15:30:41] UPDATING PREPAGATI (JobID: 91790d52-a489-4ac2-a107-5cc723cd15db)
 - New and modified: 0

[07/Aug/2023:15:30:41] DELETING PREPAGATI (JobID: 91790d52-a489-4ac2-a107-5cc723cd15db)
 - Deleted: 0

[07/Aug/2023:16:00:08] UPDATING ACCOUNTS (JobID: 4579ee40-acf8-4743-91d8-943adee3c759)
 - New and modified: 0

[07/Aug/2023:16:00:08] DELETING ACCOUNTS (JobID: 4579ee40-acf8-4743-91d8-943adee3c759)
 - Deleted: 0

[07/Aug/2023:16:00:39] UPDATING PRODUCTS (JobID: dbb0b403-c9db-4082-a46d-b2899cc38ec1)
 - New and modified: 0

[07/Aug/2023:16:00:42] UPDATING PREPAGATI (JobID: 532e00f2-d2a8-474a-9e33-e8fee6988ba7)
 - New and modified: 0

[07/Aug/2023:16:00:42] DELETING PREPAGATI (JobID: 532e00f2-d2a8-474a-9e33-e8fee6988ba7)
 - Deleted: 0

[07/Aug/2023:16:30:07] UPDATING ACCOUNTS (JobID: cc62f3eb-2bf0-4110-b10b-1ede3df931d1)
 - New and modified: 0

[07/Aug/2023:16:30:07] DELETING ACCOUNTS (JobID: cc62f3eb-2bf0-4110-b10b-1ede3df931d1)
 - Deleted: 0

[07/Aug/2023:16:30:37] UPDATING PRODUCTS (JobID: 63c69193-19e5-409e-8348-5fbea9ab7c92)
 - New and modified: 0

[07/Aug/2023:16:30:40] UPDATING PREPAGATI (JobID: baf15923-d44e-4603-b3ce-8e9e8c1a9960)
 - New and modified: 0

[07/Aug/2023:16:30:40] DELETING PREPAGATI (JobID: baf15923-d44e-4603-b3ce-8e9e8c1a9960)
 - Deleted: 0

[07/Aug/2023:17:00:08] UPDATING ACCOUNTS (JobID: cea89bc2-ec4b-4209-8c2f-f22f4f329863)
 - New and modified: 0

[07/Aug/2023:17:00:08] DELETING ACCOUNTS (JobID: cea89bc2-ec4b-4209-8c2f-f22f4f329863)
 - Deleted: 0

[07/Aug/2023:17:00:40] UPDATING PRODUCTS (JobID: 8016cee1-0390-41b1-8960-090309e08714)
 - New and modified: 0

[07/Aug/2023:17:00:43] UPDATING PREPAGATI (JobID: fc08ddbe-b90c-44e1-8013-988b64f8b78d)
 - New and modified: 0

[07/Aug/2023:17:00:43] DELETING PREPAGATI (JobID: fc08ddbe-b90c-44e1-8013-988b64f8b78d)
 - Deleted: 0

[07/Aug/2023:18:00:13] UPDATING ACCOUNTS (JobID: 831c4346-b03f-41f0-892b-0f898856e6f6)
 - New and modified: 0

[07/Aug/2023:18:00:13] DELETING ACCOUNTS (JobID: 831c4346-b03f-41f0-892b-0f898856e6f6)
 - Deleted: 0

[07/Aug/2023:18:00:50] UPDATING PRODUCTS (JobID: bdc25d12-5c18-4732-87fe-044aef59d6d6)
 - New and modified: 0

[07/Aug/2023:18:00:54] UPDATING PREPAGATI (JobID: 3689ea72-9519-4f26-b941-d9c827cc345c)
 - New and modified: 0

[07/Aug/2023:18:00:54] DELETING PREPAGATI (JobID: 3689ea72-9519-4f26-b941-d9c827cc345c)
 - Deleted: 0

[07/Aug/2023:18:30:04] UPDATING ACCOUNTS (JobID: 3eb81620-0553-4899-834e-9155d5438301)
 - New and modified: 0

[07/Aug/2023:18:30:04] DELETING ACCOUNTS (JobID: 3eb81620-0553-4899-834e-9155d5438301)
 - Deleted: 0

[07/Aug/2023:18:30:35] UPDATING PRODUCTS (JobID: fad48927-d9e5-427e-8a88-aa7b0b93dff8)
 - New and modified: 0

[07/Aug/2023:18:30:37] UPDATING PREPAGATI (JobID: e3c66a65-18b5-4ffe-9b3d-56cf030f97d2)
 - New and modified: 0

[07/Aug/2023:18:30:37] DELETING PREPAGATI (JobID: e3c66a65-18b5-4ffe-9b3d-56cf030f97d2)
 - Deleted: 0

[07/Aug/2023:19:00:25] UPDATING ACCOUNTS (JobID: 5e4830a0-25b3-4ffe-bede-f79db3558144)
 - New and modified: 0

[07/Aug/2023:19:00:25] DELETING ACCOUNTS (JobID: 5e4830a0-25b3-4ffe-bede-f79db3558144)
 - Deleted: 0

[07/Aug/2023:19:00:57] UPDATING PRODUCTS (JobID: abe43c02-1bd9-4a93-9c7f-37155a266c37)
 - New and modified: 0

[07/Aug/2023:19:01:01] UPDATING PREPAGATI (JobID: 894f166c-9aa1-4b5a-bae6-320f9a0a416e)
 - New and modified: 0

[07/Aug/2023:19:01:01] DELETING PREPAGATI (JobID: 894f166c-9aa1-4b5a-bae6-320f9a0a416e)
 - Deleted: 0

[07/Aug/2023:19:30:09] UPDATING ACCOUNTS (JobID: 7f184a6b-187b-45cc-a037-821c4d7c1c27)
 - New and modified: 0

[07/Aug/2023:19:30:09] DELETING ACCOUNTS (JobID: 7f184a6b-187b-45cc-a037-821c4d7c1c27)
 - Deleted: 0

[07/Aug/2023:19:30:40] UPDATING PRODUCTS (JobID: 1d9cbab4-7fb1-4b14-bf85-5dfc0280f133)
 - New and modified: 0

[07/Aug/2023:19:30:43] UPDATING PREPAGATI (JobID: c779fe9d-850c-4f6e-939e-d1d9a9193d5b)
 - New and modified: 0

[07/Aug/2023:19:30:43] DELETING PREPAGATI (JobID: c779fe9d-850c-4f6e-939e-d1d9a9193d5b)
 - Deleted: 0

[07/Aug/2023:20:00:04] UPDATING ACCOUNTS (JobID: a80b9d5b-bc39-4a16-a15f-77e224600dbd)
 - New and modified: 0

[07/Aug/2023:20:00:04] DELETING ACCOUNTS (JobID: a80b9d5b-bc39-4a16-a15f-77e224600dbd)
 - Deleted: 0

[07/Aug/2023:20:00:37] UPDATING PRODUCTS (JobID: 14a0700b-3311-4274-bb3f-4954d4c45630)
 - New and modified: 0

[07/Aug/2023:20:00:39] UPDATING PREPAGATI (JobID: c84e2691-a92f-4fdc-8a3d-303767454aae)
 - New and modified: 0

[07/Aug/2023:20:00:39] DELETING PREPAGATI (JobID: c84e2691-a92f-4fdc-8a3d-303767454aae)
 - Deleted: 0

[07/Aug/2023:20:30:04] UPDATING ACCOUNTS (JobID: e572f3cd-0c1f-4210-9b43-ce8388f61d51)
 - New and modified: 0

[07/Aug/2023:20:30:04] DELETING ACCOUNTS (JobID: e572f3cd-0c1f-4210-9b43-ce8388f61d51)
 - Deleted: 0

[07/Aug/2023:20:30:37] UPDATING PRODUCTS (JobID: 883a81ea-c976-4269-a519-6a7ae33e1be1)
 - New and modified: 0

[07/Aug/2023:20:30:38] UPDATING PREPAGATI (JobID: ce4f7bc7-07ae-4c65-8fde-bdcd9a71f642)
 - New and modified: 0

[07/Aug/2023:20:30:38] DELETING PREPAGATI (JobID: ce4f7bc7-07ae-4c65-8fde-bdcd9a71f642)
 - Deleted: 0

[07/Aug/2023:21:00:09] UPDATING ACCOUNTS (JobID: a24d876b-6f03-40c8-91c5-490e64932c10)
 - New and modified: 0

[07/Aug/2023:21:00:09] DELETING ACCOUNTS (JobID: a24d876b-6f03-40c8-91c5-490e64932c10)
 - Deleted: 0

[07/Aug/2023:21:00:41] UPDATING PRODUCTS (JobID: 8644ce7c-3f59-4d1b-b3d5-b5887dec1aaf)
 - New and modified: 0

[07/Aug/2023:21:00:44] UPDATING PREPAGATI (JobID: 17370570-5d8a-439b-a08b-7ede3570bfa4)
 - New and modified: 0

[07/Aug/2023:21:00:44] DELETING PREPAGATI (JobID: 17370570-5d8a-439b-a08b-7ede3570bfa4)
 - Deleted: 0

[07/Aug/2023:21:30:04] UPDATING ACCOUNTS (JobID: 75aa4656-d0ff-42f3-9851-6185252d55fd)
 - New and modified: 0

[07/Aug/2023:21:30:04] DELETING ACCOUNTS (JobID: 75aa4656-d0ff-42f3-9851-6185252d55fd)
 - Deleted: 0

[07/Aug/2023:21:30:38] UPDATING PRODUCTS (JobID: 4451e3e9-bdb0-4f1b-955f-439dfad62794)
 - New and modified: 0

[07/Aug/2023:21:30:40] UPDATING PREPAGATI (JobID: d8d108c8-c6d7-4af8-bc53-f63e3255a0d7)
 - New and modified: 0

[07/Aug/2023:21:30:40] DELETING PREPAGATI (JobID: d8d108c8-c6d7-4af8-bc53-f63e3255a0d7)
 - Deleted: 0

[07/Aug/2023:22:00:06] UPDATING ACCOUNTS (JobID: ce70b5c9-7997-4e44-8972-d781d200e3d2)
 - New and modified: 0

[07/Aug/2023:22:00:06] DELETING ACCOUNTS (JobID: ce70b5c9-7997-4e44-8972-d781d200e3d2)
 - Deleted: 0

[07/Aug/2023:22:00:38] UPDATING PRODUCTS (JobID: 6e94126b-9424-443d-bb6e-ddeebb0504f8)
 - New and modified: 0

[07/Aug/2023:22:00:40] UPDATING PREPAGATI (JobID: 9ab506b5-db06-42c1-b12f-36f77457b768)
 - New and modified: 0

[07/Aug/2023:22:00:40] DELETING PREPAGATI (JobID: 9ab506b5-db06-42c1-b12f-36f77457b768)
 - Deleted: 0

[07/Aug/2023:22:30:04] UPDATING ACCOUNTS (JobID: bae79ac1-ff90-4e33-b55c-a6490bba5661)
 - New and modified: 0

[07/Aug/2023:22:30:04] DELETING ACCOUNTS (JobID: bae79ac1-ff90-4e33-b55c-a6490bba5661)
 - Deleted: 0

[07/Aug/2023:22:30:35] UPDATING PRODUCTS (JobID: 55d8028b-4cc1-4364-b2ef-b001ad2a53f1)
 - New and modified: 0

[07/Aug/2023:22:30:37] UPDATING PREPAGATI (JobID: 64ea139e-efe2-422c-82ae-34b425eca275)
 - New and modified: 0

[07/Aug/2023:22:30:37] DELETING PREPAGATI (JobID: 64ea139e-efe2-422c-82ae-34b425eca275)
 - Deleted: 0

[07/Aug/2023:23:00:04] UPDATING ACCOUNTS (JobID: 6133bcab-298f-458c-80dc-b6404836b93c)
 - New and modified: 0

[07/Aug/2023:23:00:04] DELETING ACCOUNTS (JobID: 6133bcab-298f-458c-80dc-b6404836b93c)
 - Deleted: 0

[07/Aug/2023:23:00:36] UPDATING PRODUCTS (JobID: 8f9a409c-6ef4-415e-983d-4e8878bfc41c)
 - New and modified: 0

[07/Aug/2023:23:00:38] UPDATING PREPAGATI (JobID: ca08a28c-3895-40b6-a69b-9b7e71392665)
 - New and modified: 0

[07/Aug/2023:23:00:38] DELETING PREPAGATI (JobID: ca08a28c-3895-40b6-a69b-9b7e71392665)
 - Deleted: 0

