[03/Oct/2023:00:00:08] UPDATING ACCOUNTS (JobID: 6f2da770-9b14-4283-aaf2-a88d9573c1eb)
 - New and modified: 0

[03/Oct/2023:00:00:08] DELETING ACCOUNTS (JobID: 6f2da770-9b14-4283-aaf2-a88d9573c1eb)
 - Deleted: 0

[03/Oct/2023:00:00:43] UPDATING PRODUCTS (JobID: a93d0617-a685-4480-b5ee-2b2977703f72)
 - New and modified: 0

[03/Oct/2023:00:00:46] UPDATING PREPAGATI (JobID: 73516c91-7e26-4103-840b-a56e1c22d3c8)
 - New and modified: 0

[03/Oct/2023:00:00:46] DELETING PREPAGATI (JobID: 73516c91-7e26-4103-840b-a56e1c22d3c8)
 - Deleted: 0

[03/Oct/2023:00:30:09] UPDATING ACCOUNTS (JobID: 60fcc0cd-7137-4189-94d0-0465bb6318c7)
 - New and modified: 0

[03/Oct/2023:00:30:09] DELETING ACCOUNTS (JobID: 60fcc0cd-7137-4189-94d0-0465bb6318c7)
 - Deleted: 0

[03/Oct/2023:00:30:41] UPDATING PRODUCTS (JobID: 8349708c-459b-47a6-9c9a-e7c5ed10af51)
 - New and modified: 0

[03/Oct/2023:00:30:44] UPDATING PREPAGATI (JobID: 26fa3f04-0e6d-4da6-b41f-27be15fe42fa)
 - New and modified: 0

[03/Oct/2023:00:30:44] DELETING PREPAGATI (JobID: 26fa3f04-0e6d-4da6-b41f-27be15fe42fa)
 - Deleted: 0

[03/Oct/2023:01:00:04] UPDATING ACCOUNTS (JobID: e12ed111-8174-4cf7-827f-50edecc49bf6)
 - New and modified: 0

[03/Oct/2023:01:00:04] DELETING ACCOUNTS (JobID: e12ed111-8174-4cf7-827f-50edecc49bf6)
 - Deleted: 0

[03/Oct/2023:01:00:37] UPDATING PRODUCTS (JobID: 8b5c99a8-2138-4b65-89bf-0f29f7d901ef)
 - New and modified: 0

[03/Oct/2023:01:00:39] UPDATING PREPAGATI (JobID: d7e41991-116d-4130-b8ed-8383948346b8)
 - New and modified: 0

[03/Oct/2023:01:00:39] DELETING PREPAGATI (JobID: d7e41991-116d-4130-b8ed-8383948346b8)
 - Deleted: 0

[03/Oct/2023:01:30:09] UPDATING ACCOUNTS (JobID: 622612dc-a8d5-4811-9884-27f4bd6db2da)
 - New and modified: 0

[03/Oct/2023:01:30:09] DELETING ACCOUNTS (JobID: 622612dc-a8d5-4811-9884-27f4bd6db2da)
 - Deleted: 0

[03/Oct/2023:01:30:42] UPDATING PRODUCTS (JobID: a4fe794b-52a2-43e0-b154-25a86a164472)
 - New and modified: 0

[03/Oct/2023:01:30:45] UPDATING PREPAGATI (JobID: 915cccf0-605f-4144-ae20-46c59192950a)
 - New and modified: 0

[03/Oct/2023:01:30:45] DELETING PREPAGATI (JobID: 915cccf0-605f-4144-ae20-46c59192950a)
 - Deleted: 0

[03/Oct/2023:02:00:04] UPDATING ACCOUNTS (JobID: e87c87d2-0e70-46af-aea8-2fed348dc554)
 - New and modified: 0

[03/Oct/2023:02:00:04] DELETING ACCOUNTS (JobID: e87c87d2-0e70-46af-aea8-2fed348dc554)
 - Deleted: 0

[03/Oct/2023:02:00:38] UPDATING PRODUCTS (JobID: 06c795aa-1d2b-430d-b18e-c0da7fd41f4d)
 - New and modified: 0

[03/Oct/2023:02:00:40] UPDATING PREPAGATI (JobID: 143450db-4c99-40bd-96bf-a1bfbfcc65ba)
 - New and modified: 0

[03/Oct/2023:02:00:40] DELETING PREPAGATI (JobID: 143450db-4c99-40bd-96bf-a1bfbfcc65ba)
 - Deleted: 0

[03/Oct/2023:02:30:04] UPDATING ACCOUNTS (JobID: fe6526e6-3c21-4960-b8c8-88f08f96b85f)
 - New and modified: 0

[03/Oct/2023:02:30:04] DELETING ACCOUNTS (JobID: fe6526e6-3c21-4960-b8c8-88f08f96b85f)
 - Deleted: 0

[03/Oct/2023:02:30:35] UPDATING PRODUCTS (JobID: 2519191b-e791-4e5e-b715-1e627b7bab7d)
 - New and modified: 0

[03/Oct/2023:02:30:37] UPDATING PREPAGATI (JobID: dc935ec3-0a37-4e78-b93f-bbe53a669b93)
 - New and modified: 0

[03/Oct/2023:02:30:37] DELETING PREPAGATI (JobID: dc935ec3-0a37-4e78-b93f-bbe53a669b93)
 - Deleted: 0

[03/Oct/2023:03:00:09] UPDATING ACCOUNTS (JobID: 26c1ecb8-9f41-463c-a301-346ae5a91ec7)
 - New and modified: 0

[03/Oct/2023:03:00:09] DELETING ACCOUNTS (JobID: 26c1ecb8-9f41-463c-a301-346ae5a91ec7)
 - Deleted: 0

[03/Oct/2023:03:00:40] UPDATING PRODUCTS (JobID: f33bc45e-d0de-4200-936a-8e28463720b2)
 - New and modified: 0

[03/Oct/2023:03:00:43] UPDATING PREPAGATI (JobID: b293c036-1677-43e6-b758-99631c226e7d)
 - New and modified: 0

[03/Oct/2023:03:00:43] DELETING PREPAGATI (JobID: b293c036-1677-43e6-b758-99631c226e7d)
 - Deleted: 0

[03/Oct/2023:03:30:03] UPDATING ACCOUNTS (JobID: 312cad0e-1811-4c33-a0ae-ec4f99491070)
 - New and modified: 0

[03/Oct/2023:03:30:03] DELETING ACCOUNTS (JobID: 312cad0e-1811-4c33-a0ae-ec4f99491070)
 - Deleted: 0

[03/Oct/2023:03:30:36] UPDATING PRODUCTS (JobID: 81af39af-699a-47f5-8f18-4b79414095bf)
 - New and modified: 0

[03/Oct/2023:03:30:37] UPDATING PREPAGATI (JobID: 7d26da4a-a72d-4088-bf13-ac43727617af)
 - New and modified: 0

[03/Oct/2023:03:30:37] DELETING PREPAGATI (JobID: 7d26da4a-a72d-4088-bf13-ac43727617af)
 - Deleted: 0

[03/Oct/2023:04:00:04] UPDATING ACCOUNTS (JobID: 06703486-3ede-4689-b569-67ffbeed33ad)
 - New and modified: 0

[03/Oct/2023:04:00:04] DELETING ACCOUNTS (JobID: 06703486-3ede-4689-b569-67ffbeed33ad)
 - Deleted: 0

[03/Oct/2023:04:00:35] UPDATING PRODUCTS (JobID: 8d71f17a-c3bf-45c2-a314-c8faf4884fc6)
 - New and modified: 0

[03/Oct/2023:04:00:37] UPDATING PREPAGATI (JobID: 6d3df7d6-0008-4414-93d7-3e60d3280c4a)
 - New and modified: 0

[03/Oct/2023:04:00:37] DELETING PREPAGATI (JobID: 6d3df7d6-0008-4414-93d7-3e60d3280c4a)
 - Deleted: 0

[03/Oct/2023:04:30:09] UPDATING ACCOUNTS (JobID: 633ff7ad-cd04-4d60-a940-85828c5aa181)
 - New and modified: 0

[03/Oct/2023:04:30:09] DELETING ACCOUNTS (JobID: 633ff7ad-cd04-4d60-a940-85828c5aa181)
 - Deleted: 0

[03/Oct/2023:04:30:40] UPDATING PRODUCTS (JobID: fad65f9e-4dd4-41f5-b901-a8932246930a)
 - New and modified: 0

[03/Oct/2023:04:30:43] UPDATING PREPAGATI (JobID: a45fb0cf-9180-4e7f-bbe3-7d4c1c62f413)
 - New and modified: 0

[03/Oct/2023:04:30:43] DELETING PREPAGATI (JobID: a45fb0cf-9180-4e7f-bbe3-7d4c1c62f413)
 - Deleted: 0

[03/Oct/2023:05:00:04] UPDATING ACCOUNTS (JobID: 095ada4a-05d0-422d-a72e-570379c49bbb)
 - New and modified: 0

[03/Oct/2023:05:00:04] DELETING ACCOUNTS (JobID: 095ada4a-05d0-422d-a72e-570379c49bbb)
 - Deleted: 0

[03/Oct/2023:05:00:35] UPDATING PRODUCTS (JobID: 60ec1e8d-8a24-4a6c-a0cf-e814ff64292e)
 - New and modified: 0

[03/Oct/2023:05:00:37] UPDATING PREPAGATI (JobID: c667e12c-d5e6-4f2e-aa04-acde81e0d74c)
 - New and modified: 0

[03/Oct/2023:05:00:37] DELETING PREPAGATI (JobID: c667e12c-d5e6-4f2e-aa04-acde81e0d74c)
 - Deleted: 0

[03/Oct/2023:05:30:07] UPDATING ACCOUNTS (JobID: df1deb2d-b955-40e1-9eed-7b0e49606336)
 - New and modified: 0

[03/Oct/2023:05:30:07] DELETING ACCOUNTS (JobID: df1deb2d-b955-40e1-9eed-7b0e49606336)
 - Deleted: 0

[03/Oct/2023:05:30:38] UPDATING PRODUCTS (JobID: ad009196-3cfe-4d68-9574-74251a8d67d0)
 - New and modified: 0

[03/Oct/2023:05:30:41] UPDATING PREPAGATI (JobID: 10fffd8d-21da-4ed2-8e81-425ed654db2b)
 - New and modified: 0

[03/Oct/2023:05:30:41] DELETING PREPAGATI (JobID: 10fffd8d-21da-4ed2-8e81-425ed654db2b)
 - Deleted: 0

[03/Oct/2023:06:00:07] UPDATING ACCOUNTS (JobID: 8a7dac51-5364-4c9f-ad25-285b268ba8db)
 - New and modified: 0

[03/Oct/2023:06:00:07] DELETING ACCOUNTS (JobID: 8a7dac51-5364-4c9f-ad25-285b268ba8db)
 - Deleted: 0

[03/Oct/2023:06:00:41] UPDATING PRODUCTS (JobID: a01a2529-8f4b-46f2-8d26-9169fb911223)
 - New and modified: 0

[03/Oct/2023:06:00:45] UPDATING PREPAGATI (JobID: 7d83c6bf-35c5-4d49-8c3c-98e94c0dad56)
 - New and modified: 0

[03/Oct/2023:06:00:45] DELETING PREPAGATI (JobID: 7d83c6bf-35c5-4d49-8c3c-98e94c0dad56)
 - Deleted: 0

[03/Oct/2023:07:00:24] UPDATING ACCOUNTS (JobID: 92f30423-cffb-41bb-9356-5291d0f07563)
 - New and modified: 0

[03/Oct/2023:07:00:24] DELETING ACCOUNTS (JobID: 92f30423-cffb-41bb-9356-5291d0f07563)
 - Deleted: 0

[03/Oct/2023:07:00:58] UPDATING PRODUCTS (JobID: affb366b-e7f1-4910-9955-4f94c52b2db5)
 - New and modified: 0

[03/Oct/2023:07:01:01] UPDATING PREPAGATI (JobID: b967cdc2-4c0c-4f50-baa7-e114362790ca)
 - New and modified: 0

[03/Oct/2023:07:01:01] DELETING PREPAGATI (JobID: b967cdc2-4c0c-4f50-baa7-e114362790ca)
 - Deleted: 0

[03/Oct/2023:07:30:04] UPDATING ACCOUNTS (JobID: beaf42ec-fe5b-4a36-ad70-eac27f8f72d9)
 - New and modified: 0

[03/Oct/2023:07:30:04] DELETING ACCOUNTS (JobID: beaf42ec-fe5b-4a36-ad70-eac27f8f72d9)
 - Deleted: 0

[03/Oct/2023:07:30:37] UPDATING PRODUCTS (JobID: 7605ceb0-d7c9-4094-b5de-e83d964f26ec)
 - New and modified: 0

[03/Oct/2023:07:30:39] UPDATING PREPAGATI (JobID: d9416af8-ff9e-4ff1-a251-d42e6487a138)
 - New and modified: 0

[03/Oct/2023:07:30:39] DELETING PREPAGATI (JobID: d9416af8-ff9e-4ff1-a251-d42e6487a138)
 - Deleted: 0

[03/Oct/2023:08:00:04] UPDATING ACCOUNTS (JobID: 1b29e0ad-26bd-4899-a76d-620b71102881)
 - New and modified: 0

[03/Oct/2023:08:00:04] DELETING ACCOUNTS (JobID: 1b29e0ad-26bd-4899-a76d-620b71102881)
 - Deleted: 0

[03/Oct/2023:08:00:36] UPDATING PRODUCTS (JobID: c0148cba-f6b1-4e25-8b91-54d9e93c8df0)
 - New and modified: 0

[03/Oct/2023:08:00:38] UPDATING PREPAGATI (JobID: 32e29359-bfb0-43f5-87af-8afea9ec63a1)
 - New and modified: 0

[03/Oct/2023:08:00:38] DELETING PREPAGATI (JobID: 32e29359-bfb0-43f5-87af-8afea9ec63a1)
 - Deleted: 0

[03/Oct/2023:09:00:11] UPDATING ACCOUNTS (JobID: 3ee7b871-02fc-4f5d-b9b7-464ef5ba2421)
 - New and modified: 0

[03/Oct/2023:09:00:11] DELETING ACCOUNTS (JobID: 3ee7b871-02fc-4f5d-b9b7-464ef5ba2421)
 - Deleted: 0

[03/Oct/2023:09:00:42] UPDATING PRODUCTS (JobID: 9795c38b-6535-4324-ae54-dd258cd9f937)
 - New and modified: 0

[03/Oct/2023:09:00:45] UPDATING PREPAGATI (JobID: 22376de4-3ddc-4179-8304-dccc93e69f96)
 - New and modified: 0

[03/Oct/2023:09:00:45] DELETING PREPAGATI (JobID: 22376de4-3ddc-4179-8304-dccc93e69f96)
 - Deleted: 0

[03/Oct/2023:09:30:04] UPDATING ACCOUNTS (JobID: e98df038-2e4c-4d3a-b004-4446f0aad5e8)
 - New and modified: 0

[03/Oct/2023:09:30:04] DELETING ACCOUNTS (JobID: e98df038-2e4c-4d3a-b004-4446f0aad5e8)
 - Deleted: 0

[03/Oct/2023:09:30:35] UPDATING PRODUCTS (JobID: 6aee9487-ec0a-4d9f-932c-6a438aab52bd)
 - New and modified: 0

[03/Oct/2023:09:30:37] UPDATING PREPAGATI (JobID: 228d0d3a-04bb-4eb7-b0ca-4a881d868552)
 - New and modified: 0

[03/Oct/2023:09:30:37] DELETING PREPAGATI (JobID: 228d0d3a-04bb-4eb7-b0ca-4a881d868552)
 - Deleted: 0

[03/Oct/2023:10:00:07] UPDATING ACCOUNTS (JobID: 92345afe-55e5-4478-93c2-72cbe615585c)
 - New and modified: 0

[03/Oct/2023:10:00:07] DELETING ACCOUNTS (JobID: 92345afe-55e5-4478-93c2-72cbe615585c)
 - Deleted: 0

[03/Oct/2023:10:00:38] UPDATING PRODUCTS (JobID: 3c48b786-a327-401d-9681-28fd0217d458)
 - New and modified: 0

[03/Oct/2023:10:00:41] UPDATING PREPAGATI (JobID: 8b237516-8cd5-4873-9a31-7113a0c0d366)
 - New and modified: 0

[03/Oct/2023:10:00:41] DELETING PREPAGATI (JobID: 8b237516-8cd5-4873-9a31-7113a0c0d366)
 - Deleted: 0

[03/Oct/2023:10:30:09] UPDATING ACCOUNTS (JobID: 7dfb2076-63b7-4c65-9370-7a95cc5ddf2d)
 - New and modified: 0

[03/Oct/2023:10:30:09] DELETING ACCOUNTS (JobID: 7dfb2076-63b7-4c65-9370-7a95cc5ddf2d)
 - Deleted: 0

[03/Oct/2023:10:30:41] UPDATING PRODUCTS (JobID: 72ec8951-d44e-4595-aa8d-dad33195af99)
 - New and modified: 0

[03/Oct/2023:10:30:44] UPDATING PREPAGATI (JobID: b37e4214-1360-4ef2-8f18-8dd558340584)
 - New and modified: 0

[03/Oct/2023:10:30:44] DELETING PREPAGATI (JobID: b37e4214-1360-4ef2-8f18-8dd558340584)
 - Deleted: 0

[03/Oct/2023:11:00:07] UPDATING ACCOUNTS (JobID: c4f2a30a-a442-49e0-a6c8-7abe77ab3a6b)
 - New and modified: 0

[03/Oct/2023:11:00:07] DELETING ACCOUNTS (JobID: c4f2a30a-a442-49e0-a6c8-7abe77ab3a6b)
 - Deleted: 0

[03/Oct/2023:11:00:38] UPDATING PRODUCTS (JobID: d84d412f-94dd-4c9c-8381-370f4f09888b)
 - New and modified: 0

[03/Oct/2023:11:00:43] UPDATING PREPAGATI (JobID: fd1ac294-af77-4722-9190-144ce78fa9c4)
 - New and modified: 0

[03/Oct/2023:11:00:43] DELETING PREPAGATI (JobID: fd1ac294-af77-4722-9190-144ce78fa9c4)
 - Deleted: 0

[03/Oct/2023:11:30:03] UPDATING ACCOUNTS (JobID: aa6739c3-a297-441e-9f62-ff3f2a6c41d2)
 - New and modified: 0

[03/Oct/2023:11:30:03] DELETING ACCOUNTS (JobID: aa6739c3-a297-441e-9f62-ff3f2a6c41d2)
 - Deleted: 0

[03/Oct/2023:11:30:33] UPDATING PRODUCTS (JobID: a036fe12-ed08-43d5-b016-45ffb88d3949)
 - New and modified: 0

[03/Oct/2023:11:30:35] UPDATING PREPAGATI (JobID: ea4bcb6f-bcd6-4baa-9aa6-9e142900a8cd)
 - New and modified: 0

[03/Oct/2023:11:30:35] DELETING PREPAGATI (JobID: ea4bcb6f-bcd6-4baa-9aa6-9e142900a8cd)
 - Deleted: 0

[03/Oct/2023:12:00:09] UPDATING ACCOUNTS (JobID: f9d215c9-fa5f-428e-94e8-569d0c2ac395)
 - New and modified: 0

[03/Oct/2023:12:00:09] DELETING ACCOUNTS (JobID: f9d215c9-fa5f-428e-94e8-569d0c2ac395)
 - Deleted: 0

[03/Oct/2023:12:00:40] UPDATING PRODUCTS (JobID: b7da0414-8973-403c-996d-f43287497448)
 - New and modified: 0

[03/Oct/2023:12:00:43] UPDATING PREPAGATI (JobID: e8f35bd0-1f07-4f24-940a-4d205f341d08)
 - New and modified: 0

[03/Oct/2023:12:00:43] DELETING PREPAGATI (JobID: e8f35bd0-1f07-4f24-940a-4d205f341d08)
 - Deleted: 0

[03/Oct/2023:12:30:08] UPDATING ACCOUNTS (JobID: 22902294-7fcf-40aa-a45c-73d8a0cf2673)
 - New and modified: 0

[03/Oct/2023:12:30:08] DELETING ACCOUNTS (JobID: 22902294-7fcf-40aa-a45c-73d8a0cf2673)
 - Deleted: 0

[03/Oct/2023:12:30:41] UPDATING PRODUCTS (JobID: 94fc733b-4a6c-447e-a1f1-1f1f3db4d06f)
 - New and modified: 0

[03/Oct/2023:12:30:44] UPDATING PREPAGATI (JobID: 1133ea61-91b8-47c2-ba9a-944835dfe425)
 - New and modified: 0

[03/Oct/2023:12:30:44] DELETING PREPAGATI (JobID: 1133ea61-91b8-47c2-ba9a-944835dfe425)
 - Deleted: 0

[03/Oct/2023:13:00:07] UPDATING ACCOUNTS (JobID: d92db66f-62fd-4e83-9caa-ca4ed5e653d6)
 - New and modified: 0

[03/Oct/2023:13:00:07] DELETING ACCOUNTS (JobID: d92db66f-62fd-4e83-9caa-ca4ed5e653d6)
 - Deleted: 0

[03/Oct/2023:13:00:38] UPDATING PRODUCTS (JobID: 645c390f-25d4-40c2-8c2b-f5a2436e4981)
 - New and modified: 0

[03/Oct/2023:13:00:42] UPDATING PREPAGATI (JobID: f9d523c4-2df5-429e-a91d-4f12796f77cf)
 - New and modified: 0

[03/Oct/2023:13:00:42] DELETING PREPAGATI (JobID: f9d523c4-2df5-429e-a91d-4f12796f77cf)
 - Deleted: 0

[03/Oct/2023:13:30:09] UPDATING ACCOUNTS (JobID: f6c15ce8-0f64-4a20-9507-a2cd2b5a521a)
 - New and modified: 0

[03/Oct/2023:13:30:09] DELETING ACCOUNTS (JobID: f6c15ce8-0f64-4a20-9507-a2cd2b5a521a)
 - Deleted: 0

[03/Oct/2023:13:30:40] UPDATING PRODUCTS (JobID: 14d909ac-d982-4c57-be27-6fc9809961a7)
 - New and modified: 1
   910-002238

[03/Oct/2023:13:30:43] UPDATING PREPAGATI (JobID: 6a1f7f0e-041f-449a-ac6d-f94de8c9895b)
 - New and modified: 0

[03/Oct/2023:13:30:43] DELETING PREPAGATI (JobID: 6a1f7f0e-041f-449a-ac6d-f94de8c9895b)
 - Deleted: 0

[03/Oct/2023:14:00:09] UPDATING ACCOUNTS (JobID: a1d0f881-f2eb-4df5-b8dd-9499ec708064)
 - New and modified: 0

[03/Oct/2023:14:00:09] DELETING ACCOUNTS (JobID: a1d0f881-f2eb-4df5-b8dd-9499ec708064)
 - Deleted: 0

[03/Oct/2023:14:00:40] UPDATING PRODUCTS (JobID: abd63ecc-3d3b-4ca1-badb-4f1d7f3b7bd2)
 - New and modified: 0

[03/Oct/2023:14:00:43] UPDATING PREPAGATI (JobID: 5de8ca88-a8d3-4926-93a1-fd1c1fd76df9)
 - New and modified: 0

[03/Oct/2023:14:00:43] DELETING PREPAGATI (JobID: 5de8ca88-a8d3-4926-93a1-fd1c1fd76df9)
 - Deleted: 0

[03/Oct/2023:14:30:09] UPDATING ACCOUNTS (JobID: cd7c06d6-d4d5-41b4-835e-a47d4f63d56c)
 - New and modified: 0

[03/Oct/2023:14:30:09] DELETING ACCOUNTS (JobID: cd7c06d6-d4d5-41b4-835e-a47d4f63d56c)
 - Deleted: 0

[03/Oct/2023:14:30:40] UPDATING PRODUCTS (JobID: f9321ff0-76fe-498f-88e8-6f08681b79b9)
 - New and modified: 0

[03/Oct/2023:14:30:43] UPDATING PREPAGATI (JobID: cdea1eae-ab27-4dea-9340-5af9c9c542c0)
 - New and modified: 0

[03/Oct/2023:14:30:43] DELETING PREPAGATI (JobID: cdea1eae-ab27-4dea-9340-5af9c9c542c0)
 - Deleted: 0

[03/Oct/2023:15:00:04] UPDATING ACCOUNTS (JobID: 82c982bd-e85e-401d-88a9-0e26296d7e14)
 - New and modified: 0

[03/Oct/2023:15:00:04] DELETING ACCOUNTS (JobID: 82c982bd-e85e-401d-88a9-0e26296d7e14)
 - Deleted: 0

[03/Oct/2023:15:00:34] UPDATING PRODUCTS (JobID: d2ce1fd1-7f14-4044-a605-3838edd93325)
 - New and modified: 0

[03/Oct/2023:15:00:36] UPDATING PREPAGATI (JobID: 9ff942b8-8262-4fc2-817b-b8d827d16a23)
 - New and modified: 0

[03/Oct/2023:15:00:36] DELETING PREPAGATI (JobID: 9ff942b8-8262-4fc2-817b-b8d827d16a23)
 - Deleted: 0

[03/Oct/2023:15:30:09] UPDATING ACCOUNTS (JobID: 2433bdc7-d135-4e8a-95f7-1637f1911108)
 - New and modified: 0

[03/Oct/2023:15:30:09] DELETING ACCOUNTS (JobID: 2433bdc7-d135-4e8a-95f7-1637f1911108)
 - Deleted: 0

[03/Oct/2023:15:30:40] UPDATING PRODUCTS (JobID: 3cad2bf8-6359-40ca-b4a5-dceefd2d8e2e)
 - New and modified: 0

[03/Oct/2023:15:30:43] UPDATING PREPAGATI (JobID: fa738b9f-62bd-42c3-a24b-c322b43484fa)
 - New and modified: 0

[03/Oct/2023:15:30:43] DELETING PREPAGATI (JobID: fa738b9f-62bd-42c3-a24b-c322b43484fa)
 - Deleted: 0

[03/Oct/2023:16:00:07] UPDATING ACCOUNTS (JobID: ab56116a-cb77-453a-8f57-3f273e3cbdc3)
 - New and modified: 0

[03/Oct/2023:16:00:07] DELETING ACCOUNTS (JobID: ab56116a-cb77-453a-8f57-3f273e3cbdc3)
 - Deleted: 0

[03/Oct/2023:16:00:37] UPDATING PRODUCTS (JobID: 494f5f3f-537d-4c25-a88d-46e4da4a1dd1)
 - New and modified: 0

[03/Oct/2023:16:00:40] UPDATING PREPAGATI (JobID: c65c2e5f-ede0-4223-ae65-bffba55b21d3)
 - New and modified: 0

[03/Oct/2023:16:00:40] DELETING PREPAGATI (JobID: c65c2e5f-ede0-4223-ae65-bffba55b21d3)
 - Deleted: 0

[03/Oct/2023:16:30:08] UPDATING ACCOUNTS (JobID: 49b192fb-0aff-4a17-97ac-61b6fb519e0f)
 - New and modified: 0

[03/Oct/2023:16:30:08] DELETING ACCOUNTS (JobID: 49b192fb-0aff-4a17-97ac-61b6fb519e0f)
 - Deleted: 0

[03/Oct/2023:16:30:39] UPDATING PRODUCTS (JobID: 0cba8ddd-5052-40ef-8379-8ee356b88f08)
 - New and modified: 0

[03/Oct/2023:16:30:42] UPDATING PREPAGATI (JobID: d4efba64-0bab-4552-801e-5f27827a2f6c)
 - New and modified: 0

[03/Oct/2023:16:30:42] DELETING PREPAGATI (JobID: d4efba64-0bab-4552-801e-5f27827a2f6c)
 - Deleted: 0

[03/Oct/2023:17:00:09] UPDATING ACCOUNTS (JobID: c6a56c72-6c8f-4edb-a02f-37ae60255fb7)
 - New and modified: 0

[03/Oct/2023:17:00:09] DELETING ACCOUNTS (JobID: c6a56c72-6c8f-4edb-a02f-37ae60255fb7)
 - Deleted: 0

[03/Oct/2023:17:00:39] UPDATING PRODUCTS (JobID: 2d5d80a2-0251-4a59-8191-2dd62d7513da)
 - New and modified: 0

[03/Oct/2023:17:00:42] UPDATING PREPAGATI (JobID: cacc50ca-929b-4f7f-995a-ecc1e1624840)
 - New and modified: 0

[03/Oct/2023:17:00:42] DELETING PREPAGATI (JobID: cacc50ca-929b-4f7f-995a-ecc1e1624840)
 - Deleted: 0

[03/Oct/2023:17:30:07] UPDATING ACCOUNTS (JobID: d4119c56-eeb6-42bb-b28b-23022e6eb5bd)
 - New and modified: 0

[03/Oct/2023:17:30:07] DELETING ACCOUNTS (JobID: d4119c56-eeb6-42bb-b28b-23022e6eb5bd)
 - Deleted: 0

[03/Oct/2023:17:30:38] UPDATING PRODUCTS (JobID: df4894b3-fbc8-480d-bcf5-fe7188190337)
 - New and modified: 0

[03/Oct/2023:17:30:41] UPDATING PREPAGATI (JobID: bdaca141-8e9f-4f6e-a27b-f09853d37868)
 - New and modified: 0

[03/Oct/2023:17:30:41] DELETING PREPAGATI (JobID: bdaca141-8e9f-4f6e-a27b-f09853d37868)
 - Deleted: 0

[03/Oct/2023:18:00:16] UPDATING ACCOUNTS (JobID: f8d7e232-0354-4eac-9c9e-8cd3ff4dccb8)
 - New and modified: 0

[03/Oct/2023:18:00:16] DELETING ACCOUNTS (JobID: f8d7e232-0354-4eac-9c9e-8cd3ff4dccb8)
 - Deleted: 0

[03/Oct/2023:18:01:00] UPDATING PRODUCTS (JobID: 5e99cf61-ca7b-436d-b74c-65279d465daf)
 - New and modified: 0

[03/Oct/2023:18:01:03] UPDATING PREPAGATI (JobID: 5e64c910-b37d-4aa8-aacc-55ee831f9624)
 - New and modified: 0

[03/Oct/2023:18:01:03] DELETING PREPAGATI (JobID: 5e64c910-b37d-4aa8-aacc-55ee831f9624)
 - Deleted: 0

[03/Oct/2023:18:30:04] UPDATING ACCOUNTS (JobID: e922c781-f3d7-450f-938d-5b626d77af20)
 - New and modified: 0

[03/Oct/2023:18:30:04] DELETING ACCOUNTS (JobID: e922c781-f3d7-450f-938d-5b626d77af20)
 - Deleted: 0

[03/Oct/2023:18:30:38] UPDATING PRODUCTS (JobID: a5fd5042-7a03-4932-b9ed-7cfb4eab126c)
 - New and modified: 0

[03/Oct/2023:18:30:40] UPDATING PREPAGATI (JobID: 35987b86-42a6-4c7d-8134-3607ed7ba735)
 - New and modified: 0

[03/Oct/2023:18:30:40] DELETING PREPAGATI (JobID: 35987b86-42a6-4c7d-8134-3607ed7ba735)
 - Deleted: 0

[03/Oct/2023:19:00:21] UPDATING ACCOUNTS (JobID: bfab31a1-884c-4149-a87b-fc7af674f994)
 - New and modified: 0

[03/Oct/2023:19:00:21] DELETING ACCOUNTS (JobID: bfab31a1-884c-4149-a87b-fc7af674f994)
 - Deleted: 0

[03/Oct/2023:19:00:54] UPDATING PRODUCTS (JobID: 5ac50446-2cca-463c-bf87-2022c2752e91)
 - New and modified: 0

[03/Oct/2023:19:00:56] UPDATING PREPAGATI (JobID: 28acb735-ccfc-4d96-a218-364fd7773ce7)
 - New and modified: 0

[03/Oct/2023:19:00:56] DELETING PREPAGATI (JobID: 28acb735-ccfc-4d96-a218-364fd7773ce7)
 - Deleted: 0

[03/Oct/2023:19:30:09] UPDATING ACCOUNTS (JobID: 01299e51-d29b-42d1-bfc0-2bae240488da)
 - New and modified: 0

[03/Oct/2023:19:30:09] DELETING ACCOUNTS (JobID: 01299e51-d29b-42d1-bfc0-2bae240488da)
 - Deleted: 0

[03/Oct/2023:19:30:41] UPDATING PRODUCTS (JobID: 79a7685a-fb0a-4160-b4c0-d8e44c2b585a)
 - New and modified: 0

[03/Oct/2023:19:30:44] UPDATING PREPAGATI (JobID: da9a99b4-b152-4e0c-b2ec-66365b255f22)
 - New and modified: 0

[03/Oct/2023:19:30:44] DELETING PREPAGATI (JobID: da9a99b4-b152-4e0c-b2ec-66365b255f22)
 - Deleted: 0

[03/Oct/2023:20:30:08] UPDATING ACCOUNTS (JobID: a184192e-7260-4e97-9ac4-cb9ef300983b)
 - New and modified: 0

[03/Oct/2023:20:30:08] DELETING ACCOUNTS (JobID: a184192e-7260-4e97-9ac4-cb9ef300983b)
 - Deleted: 0

[03/Oct/2023:20:30:40] UPDATING PRODUCTS (JobID: e9f0002b-98a9-4c66-8566-36a95d0fd7c4)
 - New and modified: 0

[03/Oct/2023:20:30:44] UPDATING PREPAGATI (JobID: b21ac89b-6bf7-4ee4-9954-6a4161a216ec)
 - New and modified: 0

[03/Oct/2023:20:30:44] DELETING PREPAGATI (JobID: b21ac89b-6bf7-4ee4-9954-6a4161a216ec)
 - Deleted: 0

[03/Oct/2023:21:30:09] UPDATING ACCOUNTS (JobID: c0608d3e-05bb-4495-9178-77703652d977)
 - New and modified: 0

[03/Oct/2023:21:30:09] DELETING ACCOUNTS (JobID: c0608d3e-05bb-4495-9178-77703652d977)
 - Deleted: 0

[03/Oct/2023:21:30:43] UPDATING PRODUCTS (JobID: 340e9fcb-1f3a-4ba0-9d7f-1439549e0244)
 - New and modified: 0

[03/Oct/2023:21:30:46] UPDATING PREPAGATI (JobID: e3d1959d-a161-4ee0-bc82-0066e6965b3e)
 - New and modified: 0

[03/Oct/2023:21:30:46] DELETING PREPAGATI (JobID: e3d1959d-a161-4ee0-bc82-0066e6965b3e)
 - Deleted: 0

[03/Oct/2023:22:00:04] UPDATING ACCOUNTS (JobID: eb82ebee-d06b-48bd-92e5-9acb0d4a6922)
 - New and modified: 0

[03/Oct/2023:22:00:04] DELETING ACCOUNTS (JobID: eb82ebee-d06b-48bd-92e5-9acb0d4a6922)
 - Deleted: 0

[03/Oct/2023:22:00:39] UPDATING PRODUCTS (JobID: 10c6f14a-ba05-4f25-9b69-5172ca697059)
 - New and modified: 0

[03/Oct/2023:22:00:41] UPDATING PREPAGATI (JobID: 4110ecd2-9c0c-411a-8465-c8733f2b517d)
 - New and modified: 0

[03/Oct/2023:22:00:41] DELETING PREPAGATI (JobID: 4110ecd2-9c0c-411a-8465-c8733f2b517d)
 - Deleted: 0

[03/Oct/2023:22:30:09] UPDATING ACCOUNTS (JobID: c2cb524b-7ddc-4f9e-88b4-a6e147e0573a)
 - New and modified: 0

[03/Oct/2023:22:30:09] DELETING ACCOUNTS (JobID: c2cb524b-7ddc-4f9e-88b4-a6e147e0573a)
 - Deleted: 0

[03/Oct/2023:22:30:42] UPDATING PRODUCTS (JobID: 87c714f7-f0f9-45f9-bffb-17f2b1bc9846)
 - New and modified: 0

[03/Oct/2023:22:30:45] UPDATING PREPAGATI (JobID: 5a40a0f6-0363-44cd-85bb-e0e32c5cbf1b)
 - New and modified: 0

[03/Oct/2023:22:30:45] DELETING PREPAGATI (JobID: 5a40a0f6-0363-44cd-85bb-e0e32c5cbf1b)
 - Deleted: 0

[03/Oct/2023:23:00:10] UPDATING ACCOUNTS (JobID: e1683501-7471-4227-9522-11e1f020eb91)
 - New and modified: 0

[03/Oct/2023:23:00:10] DELETING ACCOUNTS (JobID: e1683501-7471-4227-9522-11e1f020eb91)
 - Deleted: 0

[03/Oct/2023:23:00:43] UPDATING PRODUCTS (JobID: d65c9ef0-7cfb-440b-86ab-fd214ba4bc05)
 - New and modified: 0

[03/Oct/2023:23:00:46] UPDATING PREPAGATI (JobID: 083e0c27-80c2-409e-b895-1e0ac60b55af)
 - New and modified: 0

[03/Oct/2023:23:00:46] DELETING PREPAGATI (JobID: 083e0c27-80c2-409e-b895-1e0ac60b55af)
 - Deleted: 0

[03/Oct/2023:23:30:04] UPDATING ACCOUNTS (JobID: aeb4b070-ca1e-45dd-938a-9d1fb9f48768)
 - New and modified: 0

[03/Oct/2023:23:30:04] DELETING ACCOUNTS (JobID: aeb4b070-ca1e-45dd-938a-9d1fb9f48768)
 - Deleted: 0

[03/Oct/2023:23:30:38] UPDATING PRODUCTS (JobID: 3dbf568d-828e-4d51-90b2-ca41721549cd)
 - New and modified: 0

[03/Oct/2023:23:30:40] UPDATING PREPAGATI (JobID: 0b077a61-e0f7-41d3-bd25-d67c75d7ea4d)
 - New and modified: 0

[03/Oct/2023:23:30:40] DELETING PREPAGATI (JobID: 0b077a61-e0f7-41d3-bd25-d67c75d7ea4d)
 - Deleted: 0

