[19/Jul/2023:00:00:04] UPDATING ACCOUNTS (JobID: 91d9226e-e853-4a2a-a418-691be6130e0d)
 - New and modified: 0

[19/Jul/2023:00:00:04] DELETING ACCOUNTS (JobID: 91d9226e-e853-4a2a-a418-691be6130e0d)
 - Deleted: 0

[19/Jul/2023:00:00:33] UPDATING PRODUCTS (JobID: 6f222671-5aea-4b27-ab86-7d70273193da)
 - New and modified: 0

[19/Jul/2023:00:00:35] UPDATING PREPAGATI (JobID: 14728b73-3eb5-4e96-9252-02902c4b9f8e)
 - New and modified: 0

[19/Jul/2023:00:00:35] DELETING PREPAGATI (JobID: 14728b73-3eb5-4e96-9252-02902c4b9f8e)
 - Deleted: 0

[19/Jul/2023:00:30:08] UPDATING ACCOUNTS (JobID: dac3f515-2bfb-438d-99f8-7ee74487b24b)
 - New and modified: 0

[19/Jul/2023:00:30:08] DELETING ACCOUNTS (JobID: dac3f515-2bfb-438d-99f8-7ee74487b24b)
 - Deleted: 0

[19/Jul/2023:00:30:38] UPDATING PRODUCTS (JobID: 78c428e9-1218-4a0a-affc-0c94742b86fa)
 - New and modified: 0

[19/Jul/2023:00:30:41] UPDATING PREPAGATI (JobID: 381cb4cf-7dc4-42cd-bf75-e68db3d06530)
 - New and modified: 0

[19/Jul/2023:00:30:41] DELETING PREPAGATI (JobID: 381cb4cf-7dc4-42cd-bf75-e68db3d06530)
 - Deleted: 0

[19/Jul/2023:01:30:08] UPDATING ACCOUNTS (JobID: fa6a9a7a-99ed-4414-bef8-e1987cef34f7)
 - New and modified: 0

[19/Jul/2023:01:30:08] DELETING ACCOUNTS (JobID: fa6a9a7a-99ed-4414-bef8-e1987cef34f7)
 - Deleted: 0

[19/Jul/2023:01:30:41] UPDATING PRODUCTS (JobID: 249f102d-5a25-483e-909a-d06646949bdf)
 - New and modified: 0

[19/Jul/2023:01:30:44] UPDATING PREPAGATI (JobID: 320f7fe1-4abc-45f7-9f94-b0b766d3fe17)
 - New and modified: 0

[19/Jul/2023:01:30:44] DELETING PREPAGATI (JobID: 320f7fe1-4abc-45f7-9f94-b0b766d3fe17)
 - Deleted: 0

[19/Jul/2023:02:30:08] UPDATING ACCOUNTS (JobID: 89757240-084d-45d9-8edc-7135150383fa)
 - New and modified: 0

[19/Jul/2023:02:30:08] DELETING ACCOUNTS (JobID: 89757240-084d-45d9-8edc-7135150383fa)
 - Deleted: 0

[19/Jul/2023:02:30:40] UPDATING PRODUCTS (JobID: 5dbaaef9-7fd6-42cd-ad5e-58b6c4ffe4f2)
 - New and modified: 0

[19/Jul/2023:02:30:43] UPDATING PREPAGATI (JobID: 9cf2b1e2-2ce7-4b7c-9b75-de4ddc894f81)
 - New and modified: 0

[19/Jul/2023:02:30:43] DELETING PREPAGATI (JobID: 9cf2b1e2-2ce7-4b7c-9b75-de4ddc894f81)
 - Deleted: 0

[19/Jul/2023:03:00:04] UPDATING ACCOUNTS (JobID: be603d9e-1b60-4090-ae1d-bb81dddb9b07)
 - New and modified: 0

[19/Jul/2023:03:00:04] DELETING ACCOUNTS (JobID: be603d9e-1b60-4090-ae1d-bb81dddb9b07)
 - Deleted: 0

[19/Jul/2023:03:00:36] UPDATING PRODUCTS (JobID: 38ab4790-9608-448a-9366-4a5c4c5ab939)
 - New and modified: 0

[19/Jul/2023:03:00:38] UPDATING PREPAGATI (JobID: 39b2dd86-7a62-476b-bb98-d3b1855a851b)
 - New and modified: 0

[19/Jul/2023:03:00:38] DELETING PREPAGATI (JobID: 39b2dd86-7a62-476b-bb98-d3b1855a851b)
 - Deleted: 0

[19/Jul/2023:03:30:09] UPDATING ACCOUNTS (JobID: 67368317-c248-4bc7-81ae-6bcc7883dd7f)
 - New and modified: 0

[19/Jul/2023:03:30:09] DELETING ACCOUNTS (JobID: 67368317-c248-4bc7-81ae-6bcc7883dd7f)
 - Deleted: 0

[19/Jul/2023:03:30:39] UPDATING PRODUCTS (JobID: a8f3d077-2f71-4832-a855-df22de6acc5d)
 - New and modified: 0

[19/Jul/2023:03:30:42] UPDATING PREPAGATI (JobID: 278afdb5-1c1d-47d2-9151-e96de43fe81f)
 - New and modified: 0

[19/Jul/2023:03:30:42] DELETING PREPAGATI (JobID: 278afdb5-1c1d-47d2-9151-e96de43fe81f)
 - Deleted: 0

[19/Jul/2023:04:00:11] UPDATING ACCOUNTS (JobID: f7dcb202-5ff3-4901-9b7d-d310b6a7de1c)
 - New and modified: 0

[19/Jul/2023:04:00:11] DELETING ACCOUNTS (JobID: f7dcb202-5ff3-4901-9b7d-d310b6a7de1c)
 - Deleted: 0

[19/Jul/2023:04:00:44] UPDATING PRODUCTS (JobID: 52ae8300-709e-43fa-80d7-6b00128bfd41)
 - New and modified: 0

[19/Jul/2023:04:00:47] UPDATING PREPAGATI (JobID: e254cea4-4f2b-42ee-ac45-7cfbffa97fc9)
 - New and modified: 0

[19/Jul/2023:04:00:47] DELETING PREPAGATI (JobID: e254cea4-4f2b-42ee-ac45-7cfbffa97fc9)
 - Deleted: 0

[19/Jul/2023:05:00:04] UPDATING ACCOUNTS (JobID: b874ddd7-fc2a-4e03-8fff-8918b5a0a1ce)
 - New and modified: 0

[19/Jul/2023:05:00:04] DELETING ACCOUNTS (JobID: b874ddd7-fc2a-4e03-8fff-8918b5a0a1ce)
 - Deleted: 0

[19/Jul/2023:05:00:37] UPDATING PRODUCTS (JobID: 6784c374-0672-479f-b950-a4413fb2fb6e)
 - New and modified: 0

[19/Jul/2023:05:00:38] UPDATING PREPAGATI (JobID: 610ca804-8d54-44fc-beac-941fc88e7602)
 - New and modified: 0

[19/Jul/2023:05:00:38] DELETING PREPAGATI (JobID: 610ca804-8d54-44fc-beac-941fc88e7602)
 - Deleted: 0

[19/Jul/2023:05:30:09] UPDATING ACCOUNTS (JobID: eafab126-73a4-47ec-9674-8c8944c4427d)
 - New and modified: 0

[19/Jul/2023:05:30:09] DELETING ACCOUNTS (JobID: eafab126-73a4-47ec-9674-8c8944c4427d)
 - Deleted: 0

[19/Jul/2023:05:30:40] UPDATING PRODUCTS (JobID: a8c7de90-4b56-49a2-aa01-33b43cbba952)
 - New and modified: 0

[19/Jul/2023:05:30:43] UPDATING PREPAGATI (JobID: a47c785c-ccd5-4261-8940-32e1502296cd)
 - New and modified: 0

[19/Jul/2023:05:30:43] DELETING PREPAGATI (JobID: a47c785c-ccd5-4261-8940-32e1502296cd)
 - Deleted: 0

[19/Jul/2023:06:00:04] UPDATING ACCOUNTS (JobID: fb843050-3aa1-4259-904c-9ed5c06ce694)
 - New and modified: 0

[19/Jul/2023:06:00:04] DELETING ACCOUNTS (JobID: fb843050-3aa1-4259-904c-9ed5c06ce694)
 - Deleted: 0

[19/Jul/2023:06:00:44] UPDATING PRODUCTS (JobID: 8c813b6e-d816-4ce4-aad2-1d6d392f3201)
 - New and modified: 0

[19/Jul/2023:06:00:45] UPDATING PREPAGATI (JobID: 674b5362-169d-49ff-a82e-abe92e1a6e93)
 - New and modified: 0

[19/Jul/2023:06:00:45] DELETING PREPAGATI (JobID: 674b5362-169d-49ff-a82e-abe92e1a6e93)
 - Deleted: 0

[19/Jul/2023:06:30:08] UPDATING ACCOUNTS (JobID: 452a8b2e-376c-4ca2-a52c-d3cd2fd2f062)
 - New and modified: 0

[19/Jul/2023:06:30:08] DELETING ACCOUNTS (JobID: 452a8b2e-376c-4ca2-a52c-d3cd2fd2f062)
 - Deleted: 0

[19/Jul/2023:06:30:40] UPDATING PRODUCTS (JobID: f93dec3f-d3b0-459f-ac16-6fb4edb11aea)
 - New and modified: 0

[19/Jul/2023:06:30:43] UPDATING PREPAGATI (JobID: 698063a0-8726-4e8f-bbd7-0dbc87c5f659)
 - New and modified: 0

[19/Jul/2023:06:30:43] DELETING PREPAGATI (JobID: 698063a0-8726-4e8f-bbd7-0dbc87c5f659)
 - Deleted: 0

[19/Jul/2023:08:00:04] UPDATING ACCOUNTS (JobID: ec2d7da9-6940-4691-b43a-ec2aa1fcccaf)
 - New and modified: 0

[19/Jul/2023:08:00:04] DELETING ACCOUNTS (JobID: ec2d7da9-6940-4691-b43a-ec2aa1fcccaf)
 - Deleted: 0

[19/Jul/2023:08:00:37] UPDATING PRODUCTS (JobID: 797d5d09-f9e1-4c5e-a231-92883a80beac)
 - New and modified: 0

[19/Jul/2023:08:00:40] UPDATING PREPAGATI (JobID: abf38b3d-33fb-492c-9422-739dad2bdeb6)
 - New and modified: 0

[19/Jul/2023:08:00:40] DELETING PREPAGATI (JobID: abf38b3d-33fb-492c-9422-739dad2bdeb6)
 - Deleted: 0

[19/Jul/2023:10:30:04] UPDATING ACCOUNTS (JobID: 4a6ca3ac-ded0-41e0-b8fb-cc1706bca427)
 - New and modified: 0

[19/Jul/2023:10:30:04] DELETING ACCOUNTS (JobID: 4a6ca3ac-ded0-41e0-b8fb-cc1706bca427)
 - Deleted: 0

[19/Jul/2023:10:30:36] UPDATING PRODUCTS (JobID: 7793b18e-dc7d-45c3-b16c-229431494688)
 - New and modified: 0

[19/Jul/2023:10:30:39] UPDATING PREPAGATI (JobID: 977e9aaf-f8bb-4432-a24a-a4394ae2092f)
 - New and modified: 0

[19/Jul/2023:10:30:39] DELETING PREPAGATI (JobID: 977e9aaf-f8bb-4432-a24a-a4394ae2092f)
 - Deleted: 0

[19/Jul/2023:11:30:08] UPDATING ACCOUNTS (JobID: d74fb9e0-f549-41d7-b58e-7a47686b4171)
 - New and modified: 0

[19/Jul/2023:11:30:08] DELETING ACCOUNTS (JobID: d74fb9e0-f549-41d7-b58e-7a47686b4171)
 - Deleted: 0

[19/Jul/2023:11:30:40] UPDATING PRODUCTS (JobID: 4b83c42a-0c7c-4deb-860a-5f5df5f5e1df)
 - New and modified: 0

[19/Jul/2023:11:30:43] UPDATING PREPAGATI (JobID: 2f0f4eca-042b-4135-8333-3ce7db401776)
 - New and modified: 0

[19/Jul/2023:11:30:43] DELETING PREPAGATI (JobID: 2f0f4eca-042b-4135-8333-3ce7db401776)
 - Deleted: 0

[19/Jul/2023:12:00:07] UPDATING ACCOUNTS (JobID: fd4e0513-7943-4ce1-9efa-6e70e3578ee0)
 - New and modified: 0

[19/Jul/2023:12:00:07] DELETING ACCOUNTS (JobID: fd4e0513-7943-4ce1-9efa-6e70e3578ee0)
 - Deleted: 0

[19/Jul/2023:12:00:38] UPDATING PRODUCTS (JobID: c1d55fa0-529f-4ccd-b5fa-cd2408280982)
 - New and modified: 0

[19/Jul/2023:12:00:41] UPDATING PREPAGATI (JobID: 59ae9cf0-6b35-4e91-a605-7c264f31bd01)
 - New and modified: 0

[19/Jul/2023:12:00:41] DELETING PREPAGATI (JobID: 59ae9cf0-6b35-4e91-a605-7c264f31bd01)
 - Deleted: 0

[19/Jul/2023:13:00:03] UPDATING ACCOUNTS (JobID: ed67a542-2f30-41c4-863e-593300dde9ad)
 - New and modified: 0

[19/Jul/2023:13:00:03] DELETING ACCOUNTS (JobID: ed67a542-2f30-41c4-863e-593300dde9ad)
 - Deleted: 0

[19/Jul/2023:13:00:34] UPDATING PRODUCTS (JobID: 343fd6ac-8370-41d2-bd0e-df75b16f383a)
 - New and modified: 0

[19/Jul/2023:13:00:37] UPDATING PREPAGATI (JobID: bc717384-c70f-4327-99b5-23f4a70d20a1)
 - New and modified: 0

[19/Jul/2023:13:00:37] DELETING PREPAGATI (JobID: bc717384-c70f-4327-99b5-23f4a70d20a1)
 - Deleted: 0

[19/Jul/2023:13:30:04] UPDATING ACCOUNTS (JobID: 9fd52b77-a700-413e-86ac-0caf4a547832)
 - New and modified: 0

[19/Jul/2023:13:30:04] DELETING ACCOUNTS (JobID: 9fd52b77-a700-413e-86ac-0caf4a547832)
 - Deleted: 0

[19/Jul/2023:13:30:34] UPDATING PRODUCTS (JobID: 2fdde515-487d-4ade-921d-a5fbc24c520a)
 - New and modified: 0

[19/Jul/2023:13:30:36] UPDATING PREPAGATI (JobID: 44af80c9-655f-431b-9251-27af59b10dcf)
 - New and modified: 0

[19/Jul/2023:13:30:36] DELETING PREPAGATI (JobID: 44af80c9-655f-431b-9251-27af59b10dcf)
 - Deleted: 0

[19/Jul/2023:14:30:04] UPDATING ACCOUNTS (JobID: 37f181ae-58cd-4441-a5e0-adbb7b7400f2)
 - New and modified: 0

[19/Jul/2023:14:30:04] DELETING ACCOUNTS (JobID: 37f181ae-58cd-4441-a5e0-adbb7b7400f2)
 - Deleted: 0

[19/Jul/2023:14:30:38] UPDATING PRODUCTS (JobID: 9b3de37a-69ed-4f8c-937a-db74cb7b9991)
 - New and modified: 0

[19/Jul/2023:14:30:41] UPDATING PREPAGATI (JobID: 2e6ddb2f-53a5-4f21-a217-8980301cdeef)
 - New and modified: 0

[19/Jul/2023:14:30:41] DELETING PREPAGATI (JobID: 2e6ddb2f-53a5-4f21-a217-8980301cdeef)
 - Deleted: 0

[19/Jul/2023:15:00:08] UPDATING ACCOUNTS (JobID: dd3791fc-e6ee-4d33-8df1-4dbcf2c7dfe6)
 - New and modified: 0

[19/Jul/2023:15:00:08] DELETING ACCOUNTS (JobID: dd3791fc-e6ee-4d33-8df1-4dbcf2c7dfe6)
 - Deleted: 0

[19/Jul/2023:15:00:39] UPDATING PRODUCTS (JobID: 733ff4f1-f18d-45bb-b51b-2edd9eeddcb5)
 - New and modified: 1
   RBC17

[19/Jul/2023:15:00:42] UPDATING PREPAGATI (JobID: fc086143-98e1-42bc-a39c-38a64e95ff33)
 - New and modified: 0

[19/Jul/2023:15:00:42] DELETING PREPAGATI (JobID: fc086143-98e1-42bc-a39c-38a64e95ff33)
 - Deleted: 0

[19/Jul/2023:16:30:08] UPDATING ACCOUNTS (JobID: 7f3ff470-4d23-4467-a101-f6f9b0a69bff)
 - New and modified: 0

[19/Jul/2023:16:30:08] DELETING ACCOUNTS (JobID: 7f3ff470-4d23-4467-a101-f6f9b0a69bff)
 - Deleted: 0

[19/Jul/2023:16:30:38] UPDATING PRODUCTS (JobID: 2f9bc6de-335d-4710-aa71-4a8c79bc7ec9)
 - New and modified: 1
   APCRBC110

[19/Jul/2023:16:30:41] UPDATING PREPAGATI (JobID: 4edbd73b-601b-44c2-9332-be450a7c5f7b)
 - New and modified: 0

[19/Jul/2023:16:30:41] DELETING PREPAGATI (JobID: 4edbd73b-601b-44c2-9332-be450a7c5f7b)
 - Deleted: 0

[19/Jul/2023:17:00:08] UPDATING ACCOUNTS (JobID: eefac65b-052c-4547-9e5f-ab663536f4b0)
 - New and modified: 0

[19/Jul/2023:17:00:08] DELETING ACCOUNTS (JobID: eefac65b-052c-4547-9e5f-ab663536f4b0)
 - Deleted: 0

[19/Jul/2023:17:00:38] UPDATING PRODUCTS (JobID: d320726e-3790-4126-989b-6fa799e9101b)
 - New and modified: 0

[19/Jul/2023:17:00:41] UPDATING PREPAGATI (JobID: 0a1610ee-76d9-4247-b746-4fce2f9c67ba)
 - New and modified: 0

[19/Jul/2023:17:00:41] DELETING PREPAGATI (JobID: 0a1610ee-76d9-4247-b746-4fce2f9c67ba)
 - Deleted: 0

[19/Jul/2023:17:30:08] UPDATING ACCOUNTS (JobID: 99dcaf52-35c5-4b50-a8da-66f502fde8f3)
 - New and modified: 0

[19/Jul/2023:17:30:08] DELETING ACCOUNTS (JobID: 99dcaf52-35c5-4b50-a8da-66f502fde8f3)
 - Deleted: 0

[19/Jul/2023:17:30:37] UPDATING PRODUCTS (JobID: 485f8955-a87b-4a25-870c-ebdb83b30e22)
 - New and modified: 0

[19/Jul/2023:17:30:40] UPDATING PREPAGATI (JobID: eae7b959-913c-4699-8772-e852ca714d4b)
 - New and modified: 0

[19/Jul/2023:17:30:40] DELETING PREPAGATI (JobID: eae7b959-913c-4699-8772-e852ca714d4b)
 - Deleted: 0

[19/Jul/2023:18:00:09] UPDATING ACCOUNTS (JobID: d4c141c3-889c-4686-946b-b8fa1fd4ad22)
 - New and modified: 0

[19/Jul/2023:18:00:09] DELETING ACCOUNTS (JobID: d4c141c3-889c-4686-946b-b8fa1fd4ad22)
 - Deleted: 0

[19/Jul/2023:18:00:43] UPDATING PRODUCTS (JobID: a27556c1-d653-4b87-b2e9-ce2157874a7d)
 - New and modified: 0

[19/Jul/2023:18:00:45] UPDATING PREPAGATI (JobID: 29b0d0ff-d61a-4745-a4f9-3113fca2fc4a)
 - New and modified: 0

[19/Jul/2023:18:00:45] DELETING PREPAGATI (JobID: 29b0d0ff-d61a-4745-a4f9-3113fca2fc4a)
 - Deleted: 0

[19/Jul/2023:20:00:04] UPDATING ACCOUNTS (JobID: 14e2e9b9-1106-4a57-b8f0-5a410e138d2c)
 - New and modified: 0

[19/Jul/2023:20:00:04] DELETING ACCOUNTS (JobID: 14e2e9b9-1106-4a57-b8f0-5a410e138d2c)
 - Deleted: 0

[19/Jul/2023:20:00:35] UPDATING PRODUCTS (JobID: 4405877e-cc0d-45a2-bd90-e8b73eb425eb)
 - New and modified: 0

[19/Jul/2023:20:00:37] UPDATING PREPAGATI (JobID: 313db4ed-e690-4c2b-aa83-7852fce00e66)
 - New and modified: 0

[19/Jul/2023:20:00:37] DELETING PREPAGATI (JobID: 313db4ed-e690-4c2b-aa83-7852fce00e66)
 - Deleted: 0

[19/Jul/2023:20:30:08] UPDATING ACCOUNTS (JobID: d0dcf00d-d5c1-462c-a663-4878b035e210)
 - New and modified: 0

[19/Jul/2023:20:30:08] DELETING ACCOUNTS (JobID: d0dcf00d-d5c1-462c-a663-4878b035e210)
 - Deleted: 0

[19/Jul/2023:20:30:39] UPDATING PRODUCTS (JobID: db1fac46-2899-4ec4-a070-6a21331b69e4)
 - New and modified: 0

[19/Jul/2023:20:30:41] UPDATING PREPAGATI (JobID: c68bee23-ce33-4adb-8c3a-e1e3d3516e0e)
 - New and modified: 0

[19/Jul/2023:20:30:41] DELETING PREPAGATI (JobID: c68bee23-ce33-4adb-8c3a-e1e3d3516e0e)
 - Deleted: 0

[19/Jul/2023:21:00:08] UPDATING ACCOUNTS (JobID: 6964a750-7da4-481e-a79a-5a8c1ad7061d)
 - New and modified: 0

[19/Jul/2023:21:00:08] DELETING ACCOUNTS (JobID: 6964a750-7da4-481e-a79a-5a8c1ad7061d)
 - Deleted: 0

[19/Jul/2023:21:00:39] UPDATING PRODUCTS (JobID: a8b33daa-9c52-447e-9d67-de118e3e47d9)
 - New and modified: 0

[19/Jul/2023:21:00:42] UPDATING PREPAGATI (JobID: d1a65829-32f8-4d0e-bdb2-67bab0ae1663)
 - New and modified: 0

[19/Jul/2023:21:00:42] DELETING PREPAGATI (JobID: d1a65829-32f8-4d0e-bdb2-67bab0ae1663)
 - Deleted: 0

[19/Jul/2023:21:30:04] UPDATING ACCOUNTS (JobID: 418fc75e-2dc7-4fa8-aa8d-be2f73c2f6cd)
 - New and modified: 0

[19/Jul/2023:21:30:04] DELETING ACCOUNTS (JobID: 418fc75e-2dc7-4fa8-aa8d-be2f73c2f6cd)
 - Deleted: 0

[19/Jul/2023:21:30:34] UPDATING PRODUCTS (JobID: 4d8b514b-9613-4132-b3e0-e66a8e17345a)
 - New and modified: 0

[19/Jul/2023:21:30:36] UPDATING PREPAGATI (JobID: 483bcb05-791f-4cba-a0d7-3d12b584dfec)
 - New and modified: 0

[19/Jul/2023:21:30:36] DELETING PREPAGATI (JobID: 483bcb05-791f-4cba-a0d7-3d12b584dfec)
 - Deleted: 0

[19/Jul/2023:23:30:07] UPDATING ACCOUNTS (JobID: 91d15189-0a24-422b-a4df-6a3ed8e55ffc)
 - New and modified: 0

[19/Jul/2023:23:30:07] DELETING ACCOUNTS (JobID: 91d15189-0a24-422b-a4df-6a3ed8e55ffc)
 - Deleted: 0

[19/Jul/2023:23:30:38] UPDATING PRODUCTS (JobID: bdc4b32f-fc2e-4416-8e0d-6b97635aba5b)
 - New and modified: 0

[19/Jul/2023:23:30:41] UPDATING PREPAGATI (JobID: 1591253a-03bd-4bfe-9fae-df2e4c341faa)
 - New and modified: 0

[19/Jul/2023:23:30:41] DELETING PREPAGATI (JobID: 1591253a-03bd-4bfe-9fae-df2e4c341faa)
 - Deleted: 0

