[13/Jul/2023:00:00:08] UPDATING ACCOUNTS (JobID: faf9fa73-42df-43dd-aa8d-8ecdecb86d18)
 - New and modified: 0

[13/Jul/2023:00:00:08] DELETING ACCOUNTS (JobID: faf9fa73-42df-43dd-aa8d-8ecdecb86d18)
 - Deleted: 0

[13/Jul/2023:00:00:46] UPDATING PRODUCTS (JobID: 7fbdf9f4-1046-4a71-8769-23dfcffdf10c)
 - New and modified: 0

[13/Jul/2023:00:00:49] UPDATING PREPAGATI (JobID: d0c5a929-7235-4ff4-9cf3-4ec6dadce1ca)
 - New and modified: 0

[13/Jul/2023:00:00:49] DELETING PREPAGATI (JobID: d0c5a929-7235-4ff4-9cf3-4ec6dadce1ca)
 - Deleted: 0

[13/Jul/2023:00:30:09] UPDATING ACCOUNTS (JobID: df49abbb-7512-4fd4-a1c1-27ab85df10a9)
 - New and modified: 0

[13/Jul/2023:00:30:09] DELETING ACCOUNTS (JobID: df49abbb-7512-4fd4-a1c1-27ab85df10a9)
 - Deleted: 0

[13/Jul/2023:00:30:44] UPDATING PRODUCTS (JobID: 158f0498-0f19-40cb-ba81-32911679d46d)
 - New and modified: 0

[13/Jul/2023:00:30:47] UPDATING PREPAGATI (JobID: 0a77924c-0ca8-46c0-b1fa-01ab3a7a4b73)
 - New and modified: 0

[13/Jul/2023:00:30:47] DELETING PREPAGATI (JobID: 0a77924c-0ca8-46c0-b1fa-01ab3a7a4b73)
 - Deleted: 0

[13/Jul/2023:01:00:09] UPDATING ACCOUNTS (JobID: cda1765f-805b-4a7b-97da-140fdf0b1421)
 - New and modified: 0

[13/Jul/2023:01:00:09] DELETING ACCOUNTS (JobID: cda1765f-805b-4a7b-97da-140fdf0b1421)
 - Deleted: 0

[13/Jul/2023:01:00:46] UPDATING PRODUCTS (JobID: b8239965-a996-4d8d-a424-dd5b440beae7)
 - New and modified: 0

[13/Jul/2023:01:00:49] UPDATING PREPAGATI (JobID: 3445756d-1170-4b13-aa60-4b7554b7334b)
 - New and modified: 0

[13/Jul/2023:01:00:49] DELETING PREPAGATI (JobID: 3445756d-1170-4b13-aa60-4b7554b7334b)
 - Deleted: 0

[13/Jul/2023:01:30:04] UPDATING ACCOUNTS (JobID: bd4b00b5-72a4-4636-bd31-7b9a9d7815de)
 - New and modified: 0

[13/Jul/2023:01:30:04] DELETING ACCOUNTS (JobID: bd4b00b5-72a4-4636-bd31-7b9a9d7815de)
 - Deleted: 0

[13/Jul/2023:01:30:41] UPDATING PRODUCTS (JobID: 73c33435-35fd-4f6b-86b7-0d46527e0dd8)
 - New and modified: 0

[13/Jul/2023:01:30:43] UPDATING PREPAGATI (JobID: b17e31b6-4587-4b9d-bd7c-43de754ff03d)
 - New and modified: 0

[13/Jul/2023:01:30:43] DELETING PREPAGATI (JobID: b17e31b6-4587-4b9d-bd7c-43de754ff03d)
 - Deleted: 0

[13/Jul/2023:02:00:04] UPDATING ACCOUNTS (JobID: 268abbb5-40ce-4c2d-841c-3e35722b286b)
 - New and modified: 0

[13/Jul/2023:02:00:04] DELETING ACCOUNTS (JobID: 268abbb5-40ce-4c2d-841c-3e35722b286b)
 - Deleted: 0

[13/Jul/2023:02:00:39] UPDATING PRODUCTS (JobID: dd0a348f-aaf8-403f-a555-6428327f5a47)
 - New and modified: 0

[13/Jul/2023:02:00:41] UPDATING PREPAGATI (JobID: 12bb8032-1b3c-430b-8745-b65839f91bce)
 - New and modified: 0

[13/Jul/2023:02:00:41] DELETING PREPAGATI (JobID: 12bb8032-1b3c-430b-8745-b65839f91bce)
 - Deleted: 0

[13/Jul/2023:02:30:09] UPDATING ACCOUNTS (JobID: b7d87337-baeb-4eb2-8b68-b65a9af39a72)
 - New and modified: 0

[13/Jul/2023:02:30:09] DELETING ACCOUNTS (JobID: b7d87337-baeb-4eb2-8b68-b65a9af39a72)
 - Deleted: 0

[13/Jul/2023:02:30:43] UPDATING PRODUCTS (JobID: c062ea69-f540-4f10-87a1-4ecbc8c6e8b4)
 - New and modified: 0

[13/Jul/2023:02:30:46] UPDATING PREPAGATI (JobID: 6faa0afb-c17a-42a1-aabd-f00a1f093e05)
 - New and modified: 0

[13/Jul/2023:02:30:46] DELETING PREPAGATI (JobID: 6faa0afb-c17a-42a1-aabd-f00a1f093e05)
 - Deleted: 0

[13/Jul/2023:03:00:04] UPDATING ACCOUNTS (JobID: eb9f1ffa-444b-4d1e-8ca3-f81ed701e6c1)
 - New and modified: 0

[13/Jul/2023:03:00:04] DELETING ACCOUNTS (JobID: eb9f1ffa-444b-4d1e-8ca3-f81ed701e6c1)
 - Deleted: 0

[13/Jul/2023:03:00:41] UPDATING PRODUCTS (JobID: 6b63512b-f6cf-463f-86d2-ada339513974)
 - New and modified: 0

[13/Jul/2023:03:00:43] UPDATING PREPAGATI (JobID: ebff8304-62ad-413c-b54c-0fcd927160e6)
 - New and modified: 0

[13/Jul/2023:03:00:43] DELETING PREPAGATI (JobID: ebff8304-62ad-413c-b54c-0fcd927160e6)
 - Deleted: 0

[13/Jul/2023:03:30:04] UPDATING ACCOUNTS (JobID: 612cf2e7-fda9-4071-910a-224b6a516e75)
 - New and modified: 0

[13/Jul/2023:03:30:04] DELETING ACCOUNTS (JobID: 612cf2e7-fda9-4071-910a-224b6a516e75)
 - Deleted: 0

[13/Jul/2023:03:30:39] UPDATING PRODUCTS (JobID: 0b79e818-5db1-48a2-8665-b4afa9fa49f7)
 - New and modified: 0

[13/Jul/2023:03:30:41] UPDATING PREPAGATI (JobID: 288d38b0-f3bb-4252-8de1-06719996d0b3)
 - New and modified: 0

[13/Jul/2023:03:30:41] DELETING PREPAGATI (JobID: 288d38b0-f3bb-4252-8de1-06719996d0b3)
 - Deleted: 0

[13/Jul/2023:04:00:09] UPDATING ACCOUNTS (JobID: 7651a8fb-0824-47b6-8128-7d4e09d2b598)
 - New and modified: 0

[13/Jul/2023:04:00:09] DELETING ACCOUNTS (JobID: 7651a8fb-0824-47b6-8128-7d4e09d2b598)
 - Deleted: 0

[13/Jul/2023:04:00:49] UPDATING PRODUCTS (JobID: 02cbc09e-bb73-4acc-9598-50c9c9439d90)
 - New and modified: 0

[13/Jul/2023:04:00:53] UPDATING PREPAGATI (JobID: b4b183ec-771a-4369-a94f-1077deac5b8e)
 - New and modified: 0

[13/Jul/2023:04:00:53] DELETING PREPAGATI (JobID: b4b183ec-771a-4369-a94f-1077deac5b8e)
 - Deleted: 0

[13/Jul/2023:04:30:04] UPDATING ACCOUNTS (JobID: b44bb69a-e207-4323-af6e-74acfb55712f)
 - New and modified: 0

[13/Jul/2023:04:30:04] DELETING ACCOUNTS (JobID: b44bb69a-e207-4323-af6e-74acfb55712f)
 - Deleted: 0

[13/Jul/2023:04:30:43] UPDATING PRODUCTS (JobID: d56a73d5-b69d-4d7d-9e4d-3b47899d8002)
 - New and modified: 0

[13/Jul/2023:04:30:45] UPDATING PREPAGATI (JobID: e1642091-20d5-4dd6-ba76-c114c662818c)
 - New and modified: 0

[13/Jul/2023:04:30:45] DELETING PREPAGATI (JobID: e1642091-20d5-4dd6-ba76-c114c662818c)
 - Deleted: 0

[13/Jul/2023:05:00:10] UPDATING ACCOUNTS (JobID: 7282b18d-b921-42f4-8313-e0c808640cdf)
 - New and modified: 0

[13/Jul/2023:05:00:10] DELETING ACCOUNTS (JobID: 7282b18d-b921-42f4-8313-e0c808640cdf)
 - Deleted: 0

[13/Jul/2023:05:00:44] UPDATING PRODUCTS (JobID: 09c0bdfd-655e-45b0-b0a2-f740492807d6)
 - New and modified: 0

[13/Jul/2023:05:00:47] UPDATING PREPAGATI (JobID: a4b5f0e3-72db-476a-9eec-5dc932bed216)
 - New and modified: 0

[13/Jul/2023:05:00:47] DELETING PREPAGATI (JobID: a4b5f0e3-72db-476a-9eec-5dc932bed216)
 - Deleted: 0

[13/Jul/2023:05:30:04] UPDATING ACCOUNTS (JobID: 48cfa367-8178-467f-bc93-ad0549b2d788)
 - New and modified: 0

[13/Jul/2023:05:30:04] DELETING ACCOUNTS (JobID: 48cfa367-8178-467f-bc93-ad0549b2d788)
 - Deleted: 0

[13/Jul/2023:05:30:38] UPDATING PRODUCTS (JobID: 5528534e-228d-4c1c-aab2-d3824de3f561)
 - New and modified: 0

[13/Jul/2023:05:30:40] UPDATING PREPAGATI (JobID: b7de3d49-a804-4ffa-b6c1-50d633c8e2f1)
 - New and modified: 0

[13/Jul/2023:05:30:40] DELETING PREPAGATI (JobID: b7de3d49-a804-4ffa-b6c1-50d633c8e2f1)
 - Deleted: 0

[13/Jul/2023:06:00:07] UPDATING ACCOUNTS (JobID: 51866582-8f48-4690-b736-9215eec4903d)
 - New and modified: 0

[13/Jul/2023:06:00:07] DELETING ACCOUNTS (JobID: 51866582-8f48-4690-b736-9215eec4903d)
 - Deleted: 0

[13/Jul/2023:06:00:43] UPDATING PRODUCTS (JobID: 3711d7ae-f527-4c18-95e1-b349a30c3263)
 - New and modified: 0

[13/Jul/2023:06:00:46] UPDATING PREPAGATI (JobID: 08f85f84-a6c3-4cac-b73d-44da13c1cd55)
 - New and modified: 0

[13/Jul/2023:06:00:46] DELETING PREPAGATI (JobID: 08f85f84-a6c3-4cac-b73d-44da13c1cd55)
 - Deleted: 0

[13/Jul/2023:06:30:08] UPDATING ACCOUNTS (JobID: 80489099-7287-4f83-a831-e1747f511bbf)
 - New and modified: 0

[13/Jul/2023:06:30:08] DELETING ACCOUNTS (JobID: 80489099-7287-4f83-a831-e1747f511bbf)
 - Deleted: 0

[13/Jul/2023:06:30:44] UPDATING PRODUCTS (JobID: 5cc933ed-746d-4f8d-a112-4bb39cd943a7)
 - New and modified: 0

[13/Jul/2023:06:30:47] UPDATING PREPAGATI (JobID: ae482997-ee36-417a-a7c8-87e37145b64d)
 - New and modified: 0

[13/Jul/2023:06:30:47] DELETING PREPAGATI (JobID: ae482997-ee36-417a-a7c8-87e37145b64d)
 - Deleted: 0

[13/Jul/2023:07:00:19] UPDATING ACCOUNTS (JobID: 2923994a-57bb-4c04-8539-0062b66ddf37)
 - New and modified: 0

[13/Jul/2023:07:00:19] DELETING ACCOUNTS (JobID: 2923994a-57bb-4c04-8539-0062b66ddf37)
 - Deleted: 0

[13/Jul/2023:07:00:54] UPDATING PRODUCTS (JobID: 15c081b5-078a-405f-9f34-7eca5d970775)
 - New and modified: 0

[13/Jul/2023:07:00:57] UPDATING PREPAGATI (JobID: 28bb8d2a-540e-4503-be01-fb6460be4d96)
 - New and modified: 0

[13/Jul/2023:07:00:57] DELETING PREPAGATI (JobID: 28bb8d2a-540e-4503-be01-fb6460be4d96)
 - Deleted: 0

[13/Jul/2023:07:30:04] UPDATING ACCOUNTS (JobID: b805023d-6c49-4303-89ef-293d409b6662)
 - New and modified: 0

[13/Jul/2023:07:30:04] DELETING ACCOUNTS (JobID: b805023d-6c49-4303-89ef-293d409b6662)
 - Deleted: 0

[13/Jul/2023:07:30:39] UPDATING PRODUCTS (JobID: e54a941d-73c6-492a-ba59-d092f70180ba)
 - New and modified: 0

[13/Jul/2023:07:30:42] UPDATING PREPAGATI (JobID: b99b0f53-5330-491d-b47f-9e7165844727)
 - New and modified: 0

[13/Jul/2023:07:30:42] DELETING PREPAGATI (JobID: b99b0f53-5330-491d-b47f-9e7165844727)
 - Deleted: 0

[13/Jul/2023:08:00:09] UPDATING ACCOUNTS (JobID: 42c54fa7-20d9-4d7c-94e6-77df0e4d287b)
 - New and modified: 0

[13/Jul/2023:08:00:09] DELETING ACCOUNTS (JobID: 42c54fa7-20d9-4d7c-94e6-77df0e4d287b)
 - Deleted: 0

[13/Jul/2023:08:00:48] UPDATING PRODUCTS (JobID: 17c18582-7d31-4749-8d4d-bdf929859769)
 - New and modified: 0

[13/Jul/2023:08:00:51] UPDATING PREPAGATI (JobID: c99356a0-b125-4b2e-9062-7c881c55346f)
 - New and modified: 0

[13/Jul/2023:08:00:51] DELETING PREPAGATI (JobID: c99356a0-b125-4b2e-9062-7c881c55346f)
 - Deleted: 0

[13/Jul/2023:08:30:05] UPDATING ACCOUNTS (JobID: 97b254d1-2a44-4fa4-bd77-b4019ae98deb)
 - New and modified: 0

[13/Jul/2023:08:30:05] DELETING ACCOUNTS (JobID: 97b254d1-2a44-4fa4-bd77-b4019ae98deb)
 - Deleted: 0

[13/Jul/2023:08:30:41] UPDATING PRODUCTS (JobID: 5232b72c-a976-4cb3-b431-7be50957bc43)
 - New and modified: 0

[13/Jul/2023:08:30:43] UPDATING PREPAGATI (JobID: 3e8b5544-3e7a-4baf-99e0-89c85f3e98ec)
 - New and modified: 1
   0000011533

[13/Jul/2023:08:30:43] DELETING PREPAGATI (JobID: 3e8b5544-3e7a-4baf-99e0-89c85f3e98ec)
 - Deleted: 0

[13/Jul/2023:09:00:05] UPDATING ACCOUNTS (JobID: 08cf42e0-d7ea-43a7-9309-b11d6b1862e0)
 - New and modified: 0

[13/Jul/2023:09:00:05] DELETING ACCOUNTS (JobID: 08cf42e0-d7ea-43a7-9309-b11d6b1862e0)
 - Deleted: 0

[13/Jul/2023:09:00:40] UPDATING PRODUCTS (JobID: f2c8106f-45c3-4aaa-be75-3d981673d4ab)
 - New and modified: 0

[13/Jul/2023:09:00:42] UPDATING PREPAGATI (JobID: 5dfe87d5-7801-4739-a9e9-7b06a20e99bd)
 - New and modified: 0

[13/Jul/2023:09:00:42] DELETING PREPAGATI (JobID: 5dfe87d5-7801-4739-a9e9-7b06a20e99bd)
 - Deleted: 0

[13/Jul/2023:09:30:08] UPDATING ACCOUNTS (JobID: 0360b915-a9e9-4c51-881e-e4f3373b3bfc)
 - New and modified: 0

[13/Jul/2023:09:30:08] DELETING ACCOUNTS (JobID: 0360b915-a9e9-4c51-881e-e4f3373b3bfc)
 - Deleted: 0

[13/Jul/2023:09:30:42] UPDATING PRODUCTS (JobID: f298d026-91ff-47cc-9295-67aef6a491a1)
 - New and modified: 0

[13/Jul/2023:09:30:45] UPDATING PREPAGATI (JobID: 0a716666-ebd4-4871-9e78-38588f2ba0cb)
 - New and modified: 0

[13/Jul/2023:09:30:45] DELETING PREPAGATI (JobID: 0a716666-ebd4-4871-9e78-38588f2ba0cb)
 - Deleted: 0

[13/Jul/2023:10:00:09] UPDATING ACCOUNTS (JobID: 9e9a8820-215c-443f-9990-6973d3dde3a6)
 - New and modified: 0

[13/Jul/2023:10:00:09] DELETING ACCOUNTS (JobID: 9e9a8820-215c-443f-9990-6973d3dde3a6)
 - Deleted: 0

[13/Jul/2023:10:00:43] UPDATING PRODUCTS (JobID: a0eeb6c9-b5e6-4b62-8e23-1fb65b357dd0)
 - New and modified: 0

[13/Jul/2023:10:00:47] UPDATING PREPAGATI (JobID: ef0cdf4c-4e3f-4044-a1c5-a33959c2d795)
 - New and modified: 0

[13/Jul/2023:10:00:47] DELETING PREPAGATI (JobID: ef0cdf4c-4e3f-4044-a1c5-a33959c2d795)
 - Deleted: 0

[13/Jul/2023:10:30:04] UPDATING ACCOUNTS (JobID: fe0438df-02fc-43bc-bcbb-5572f61dd5f7)
 - New and modified: 0

[13/Jul/2023:10:30:04] DELETING ACCOUNTS (JobID: fe0438df-02fc-43bc-bcbb-5572f61dd5f7)
 - Deleted: 0

[13/Jul/2023:10:30:37] UPDATING PRODUCTS (JobID: 940c2ac9-d70d-4cef-b565-ae63d02bbfca)
 - New and modified: 0

[13/Jul/2023:10:30:39] UPDATING PREPAGATI (JobID: f14cbc82-3eef-42a7-89ae-cd45249a669c)
 - New and modified: 0

[13/Jul/2023:10:30:39] DELETING PREPAGATI (JobID: f14cbc82-3eef-42a7-89ae-cd45249a669c)
 - Deleted: 0

[13/Jul/2023:11:00:04] UPDATING ACCOUNTS (JobID: 0370f34d-520f-4c9b-a0ad-8044d2624cd4)
 - New and modified: 0

[13/Jul/2023:11:00:04] DELETING ACCOUNTS (JobID: 0370f34d-520f-4c9b-a0ad-8044d2624cd4)
 - Deleted: 0

[13/Jul/2023:11:00:39] UPDATING PRODUCTS (JobID: 64c68acd-ad66-49d4-9ae6-5b8e26c11878)
 - New and modified: 0

[13/Jul/2023:11:00:41] UPDATING PREPAGATI (JobID: b63e7301-377c-4d0c-9e4a-fca32b3200f1)
 - New and modified: 0

[13/Jul/2023:11:00:41] DELETING PREPAGATI (JobID: b63e7301-377c-4d0c-9e4a-fca32b3200f1)
 - Deleted: 0

[13/Jul/2023:11:30:09] UPDATING ACCOUNTS (JobID: 6ae1070d-3aa8-42dc-b3fd-74499990432e)
 - New and modified: 0

[13/Jul/2023:11:30:09] DELETING ACCOUNTS (JobID: 6ae1070d-3aa8-42dc-b3fd-74499990432e)
 - Deleted: 0

[13/Jul/2023:11:30:44] UPDATING PRODUCTS (JobID: 97d50cc4-9080-4fca-932e-e1998a32a3a9)
 - New and modified: 0

[13/Jul/2023:11:30:47] UPDATING PREPAGATI (JobID: 61b6a4ed-22e6-45f6-891b-0ae5e14588c9)
 - New and modified: 0

[13/Jul/2023:11:30:47] DELETING PREPAGATI (JobID: 61b6a4ed-22e6-45f6-891b-0ae5e14588c9)
 - Deleted: 0

[13/Jul/2023:12:00:04] UPDATING ACCOUNTS (JobID: 9f22fa22-63d4-4b01-b4ae-f4bd759120b6)
 - New and modified: 0

[13/Jul/2023:12:00:04] DELETING ACCOUNTS (JobID: 9f22fa22-63d4-4b01-b4ae-f4bd759120b6)
 - Deleted: 0

[13/Jul/2023:12:00:43] UPDATING PRODUCTS (JobID: 831099da-e086-4268-94ca-ac10dbd02e1d)
 - New and modified: 0

[13/Jul/2023:12:00:45] UPDATING PREPAGATI (JobID: 6f2c5746-e34f-4528-b8f3-defb040e5e11)
 - New and modified: 0

[13/Jul/2023:12:00:45] DELETING PREPAGATI (JobID: 6f2c5746-e34f-4528-b8f3-defb040e5e11)
 - Deleted: 0

[13/Jul/2023:12:30:04] UPDATING ACCOUNTS (JobID: 53286664-4cbd-4922-af01-6fe025353903)
 - New and modified: 0

[13/Jul/2023:12:30:04] DELETING ACCOUNTS (JobID: 53286664-4cbd-4922-af01-6fe025353903)
 - Deleted: 0

[13/Jul/2023:12:30:39] UPDATING PRODUCTS (JobID: 7289da4e-b19e-4e5e-ab32-1388eac72450)
 - New and modified: 0

[13/Jul/2023:12:30:41] UPDATING PREPAGATI (JobID: d81f269d-33b8-4ec8-842a-7f45f0242c03)
 - New and modified: 0

[13/Jul/2023:12:30:41] DELETING PREPAGATI (JobID: d81f269d-33b8-4ec8-842a-7f45f0242c03)
 - Deleted: 0

[13/Jul/2023:13:00:07] UPDATING ACCOUNTS (JobID: 7866c29a-3ce9-4314-9cc7-ff0872d0d121)
 - New and modified: 0

[13/Jul/2023:13:00:07] DELETING ACCOUNTS (JobID: 7866c29a-3ce9-4314-9cc7-ff0872d0d121)
 - Deleted: 0

[13/Jul/2023:13:00:43] UPDATING PRODUCTS (JobID: 712f16da-2c73-4e09-a991-e492dcb3f4ae)
 - New and modified: 0

[13/Jul/2023:13:00:46] UPDATING PREPAGATI (JobID: e52b0ef7-69fd-4b72-9887-383e479ef074)
 - New and modified: 0

[13/Jul/2023:13:00:46] DELETING PREPAGATI (JobID: e52b0ef7-69fd-4b72-9887-383e479ef074)
 - Deleted: 0

[13/Jul/2023:13:30:05] UPDATING ACCOUNTS (JobID: c9da0f59-9e80-40c2-b6f4-7e3dbd931146)
 - New and modified: 0

[13/Jul/2023:13:30:05] DELETING ACCOUNTS (JobID: c9da0f59-9e80-40c2-b6f4-7e3dbd931146)
 - Deleted: 0

[13/Jul/2023:13:30:38] UPDATING PRODUCTS (JobID: ca9ed7cb-0491-4cea-abc5-748a0918024b)
 - New and modified: 0

[13/Jul/2023:13:30:39] UPDATING PREPAGATI (JobID: 4ce1100a-50a8-4d66-8bb6-91c739a2fab8)
 - New and modified: 0

[13/Jul/2023:13:30:39] DELETING PREPAGATI (JobID: 4ce1100a-50a8-4d66-8bb6-91c739a2fab8)
 - Deleted: 0

[13/Jul/2023:14:00:05] UPDATING ACCOUNTS (JobID: 9d5ad4b2-5f25-427b-8a2b-2e7059d0caca)
 - New and modified: 0

[13/Jul/2023:14:00:05] DELETING ACCOUNTS (JobID: 9d5ad4b2-5f25-427b-8a2b-2e7059d0caca)
 - Deleted: 0

[13/Jul/2023:14:00:41] UPDATING PRODUCTS (JobID: b2837d95-b852-4c2d-83cd-1d909a91b5d6)
 - New and modified: 0

[13/Jul/2023:14:00:44] UPDATING PREPAGATI (JobID: 825b3d81-70ad-4a18-a398-f867c34b3222)
 - New and modified: 0

[13/Jul/2023:14:00:44] DELETING PREPAGATI (JobID: 825b3d81-70ad-4a18-a398-f867c34b3222)
 - Deleted: 0

[13/Jul/2023:14:30:07] UPDATING ACCOUNTS (JobID: 17544b00-b99f-4458-b528-ae013a2f1915)
 - New and modified: 0

[13/Jul/2023:14:30:07] DELETING ACCOUNTS (JobID: 17544b00-b99f-4458-b528-ae013a2f1915)
 - Deleted: 0

[13/Jul/2023:14:30:42] UPDATING PRODUCTS (JobID: 38805cd8-9c23-4fbe-b074-8eeaf553a8dc)
 - New and modified: 0

[13/Jul/2023:14:30:45] UPDATING PREPAGATI (JobID: 10480953-b422-48ad-ba78-6ee5340e1cca)
 - New and modified: 0

[13/Jul/2023:14:30:45] DELETING PREPAGATI (JobID: 10480953-b422-48ad-ba78-6ee5340e1cca)
 - Deleted: 0

[13/Jul/2023:15:00:04] UPDATING ACCOUNTS (JobID: 05c2da65-ff37-4393-b28c-3a150249c0aa)
 - New and modified: 0

[13/Jul/2023:15:00:04] DELETING ACCOUNTS (JobID: 05c2da65-ff37-4393-b28c-3a150249c0aa)
 - Deleted: 0

[13/Jul/2023:15:00:40] UPDATING PRODUCTS (JobID: 2b55a00b-2808-4f5d-8c7a-c46c425c5eac)
 - New and modified: 0

[13/Jul/2023:15:00:42] UPDATING PREPAGATI (JobID: 97a8e4df-81f6-4a44-8bc9-994e26f47dfc)
 - New and modified: 0

[13/Jul/2023:15:00:42] DELETING PREPAGATI (JobID: 97a8e4df-81f6-4a44-8bc9-994e26f47dfc)
 - Deleted: 0

[13/Jul/2023:15:30:07] UPDATING ACCOUNTS (JobID: 63857a7f-c30b-4d5d-bdd5-026a9090e073)
 - New and modified: 0

[13/Jul/2023:15:30:07] DELETING ACCOUNTS (JobID: 63857a7f-c30b-4d5d-bdd5-026a9090e073)
 - Deleted: 0

[13/Jul/2023:15:30:42] UPDATING PRODUCTS (JobID: 5a81db80-6e72-4c16-b622-65af51e9dc31)
 - New and modified: 0

[13/Jul/2023:15:30:45] UPDATING PREPAGATI (JobID: fe330f82-91dc-4028-aba4-c24b35fea4a4)
 - New and modified: 0

[13/Jul/2023:15:30:45] DELETING PREPAGATI (JobID: fe330f82-91dc-4028-aba4-c24b35fea4a4)
 - Deleted: 0

[13/Jul/2023:16:00:09] UPDATING ACCOUNTS (JobID: 6bdc8f58-c1e3-41f9-8618-32530bcf5b2d)
 - New and modified: 0

[13/Jul/2023:16:00:09] DELETING ACCOUNTS (JobID: 6bdc8f58-c1e3-41f9-8618-32530bcf5b2d)
 - Deleted: 0

[13/Jul/2023:16:00:47] UPDATING PRODUCTS (JobID: acf36b36-6969-42ee-bc57-d8eb866361ed)
 - New and modified: 0

[13/Jul/2023:16:00:51] UPDATING PREPAGATI (JobID: b1dd0ad2-8b90-4214-b9b8-90c28890c576)
 - New and modified: 0

[13/Jul/2023:16:00:51] DELETING PREPAGATI (JobID: b1dd0ad2-8b90-4214-b9b8-90c28890c576)
 - Deleted: 0

[13/Jul/2023:16:30:04] UPDATING ACCOUNTS (JobID: ae418089-b06f-48a0-8750-b62c4ffb278a)
 - New and modified: 0

[13/Jul/2023:16:30:04] DELETING ACCOUNTS (JobID: ae418089-b06f-48a0-8750-b62c4ffb278a)
 - Deleted: 0

[13/Jul/2023:16:30:39] UPDATING PRODUCTS (JobID: 2ad4a6f3-56ce-42e3-96eb-7b07fffce240)
 - New and modified: 0

[13/Jul/2023:16:30:41] UPDATING PREPAGATI (JobID: 2cf8ce33-06fe-44f0-bab4-43949951a6fc)
 - New and modified: 0

[13/Jul/2023:16:30:41] DELETING PREPAGATI (JobID: 2cf8ce33-06fe-44f0-bab4-43949951a6fc)
 - Deleted: 0

[13/Jul/2023:17:00:03] UPDATING ACCOUNTS (JobID: 359b7214-4f4c-466f-a697-1dc14ff9ea80)
 - New and modified: 0

[13/Jul/2023:17:00:03] DELETING ACCOUNTS (JobID: 359b7214-4f4c-466f-a697-1dc14ff9ea80)
 - Deleted: 0

[13/Jul/2023:17:00:38] UPDATING PRODUCTS (JobID: a972acea-b155-41a3-83cb-0f4865a720f1)
 - New and modified: 0

[13/Jul/2023:17:00:40] UPDATING PREPAGATI (JobID: 25c8dd14-c539-4077-8237-566a6ba3fc61)
 - New and modified: 0

[13/Jul/2023:17:00:40] DELETING PREPAGATI (JobID: 25c8dd14-c539-4077-8237-566a6ba3fc61)
 - Deleted: 0

[13/Jul/2023:17:30:08] UPDATING ACCOUNTS (JobID: 42707bca-bb16-4d37-836e-d0ec811e1fb5)
 - New and modified: 0

[13/Jul/2023:17:30:08] DELETING ACCOUNTS (JobID: 42707bca-bb16-4d37-836e-d0ec811e1fb5)
 - Deleted: 0

[13/Jul/2023:17:30:43] UPDATING PRODUCTS (JobID: bac77be6-6e94-4a20-80d4-a08dd63c5e0d)
 - New and modified: 0

[13/Jul/2023:17:30:46] UPDATING PREPAGATI (JobID: 1aa9797b-db10-4e8b-931f-92823dc8028b)
 - New and modified: 0

[13/Jul/2023:17:30:46] DELETING PREPAGATI (JobID: 1aa9797b-db10-4e8b-931f-92823dc8028b)
 - Deleted: 0

[13/Jul/2023:18:00:24] UPDATING ACCOUNTS (JobID: 0248cd9b-c1f0-47cc-a112-5a366c347f9e)
 - New and modified: 0

[13/Jul/2023:18:00:24] DELETING ACCOUNTS (JobID: 0248cd9b-c1f0-47cc-a112-5a366c347f9e)
 - Deleted: 0

[13/Jul/2023:18:01:10] UPDATING PRODUCTS (JobID: 16667f75-ddc1-4024-8d89-7af721a6faf9)
 - New and modified: 0

[13/Jul/2023:18:01:14] UPDATING PREPAGATI (JobID: c2a4f503-c75f-4104-8e85-5aead967e5c6)
 - New and modified: 0

[13/Jul/2023:18:01:14] DELETING PREPAGATI (JobID: c2a4f503-c75f-4104-8e85-5aead967e5c6)
 - Deleted: 0

[13/Jul/2023:18:30:08] UPDATING ACCOUNTS (JobID: 653a821d-a716-4bfe-86b9-600b8f7a9748)
 - New and modified: 0

[13/Jul/2023:18:30:08] DELETING ACCOUNTS (JobID: 653a821d-a716-4bfe-86b9-600b8f7a9748)
 - Deleted: 0

[13/Jul/2023:18:30:41] UPDATING PRODUCTS (JobID: e1107711-bb7d-4470-b7bf-87368c020637)
 - New and modified: 0

[13/Jul/2023:18:30:44] UPDATING PREPAGATI (JobID: c90e0ee5-2f33-4f2b-b2b5-0d57c4263cf8)
 - New and modified: 0

[13/Jul/2023:18:30:44] DELETING PREPAGATI (JobID: c90e0ee5-2f33-4f2b-b2b5-0d57c4263cf8)
 - Deleted: 0

[13/Jul/2023:19:00:16] UPDATING ACCOUNTS (JobID: c4494216-8add-4c99-aa46-8bbc198d8ded)
 - New and modified: 0

[13/Jul/2023:19:00:16] DELETING ACCOUNTS (JobID: c4494216-8add-4c99-aa46-8bbc198d8ded)
 - Deleted: 0

[13/Jul/2023:19:00:51] UPDATING PRODUCTS (JobID: 765b31f4-0879-4d28-83e2-acc22320d2cf)
 - New and modified: 0

[13/Jul/2023:19:00:53] UPDATING PREPAGATI (JobID: a4b917ab-ed00-478f-b130-69eecae70817)
 - New and modified: 0

[13/Jul/2023:19:00:53] DELETING PREPAGATI (JobID: a4b917ab-ed00-478f-b130-69eecae70817)
 - Deleted: 0

[13/Jul/2023:20:00:07] UPDATING ACCOUNTS (JobID: 03c2df7b-c3d9-4196-b9c4-5301b2be2f54)
 - New and modified: 0

[13/Jul/2023:20:00:07] DELETING ACCOUNTS (JobID: 03c2df7b-c3d9-4196-b9c4-5301b2be2f54)
 - Deleted: 0

[13/Jul/2023:20:00:40] UPDATING PRODUCTS (JobID: ce2a466a-ef66-43d8-9713-d4c00201f18b)
 - New and modified: 0

[13/Jul/2023:20:00:43] UPDATING PREPAGATI (JobID: 6e0ef9b0-df95-4e35-8530-909e0be1f167)
 - New and modified: 0

[13/Jul/2023:20:00:43] DELETING PREPAGATI (JobID: 6e0ef9b0-df95-4e35-8530-909e0be1f167)
 - Deleted: 0

[13/Jul/2023:20:30:09] UPDATING ACCOUNTS (JobID: e2f14eae-386a-4496-b41e-36fdf8df8ed5)
 - New and modified: 0

[13/Jul/2023:20:30:09] DELETING ACCOUNTS (JobID: e2f14eae-386a-4496-b41e-36fdf8df8ed5)
 - Deleted: 0

[13/Jul/2023:20:30:44] UPDATING PRODUCTS (JobID: 2f29ced3-b093-45dc-be92-0a7d6d8044d8)
 - New and modified: 0

[13/Jul/2023:20:30:47] UPDATING PREPAGATI (JobID: 6c935d52-ba45-4033-9d84-27bffdf86ba6)
 - New and modified: 0

[13/Jul/2023:20:30:47] DELETING PREPAGATI (JobID: 6c935d52-ba45-4033-9d84-27bffdf86ba6)
 - Deleted: 0

[13/Jul/2023:21:00:05] UPDATING ACCOUNTS (JobID: a0f8fb5e-be78-40b1-b685-b7591193d8c3)
 - New and modified: 0

[13/Jul/2023:21:00:05] DELETING ACCOUNTS (JobID: a0f8fb5e-be78-40b1-b685-b7591193d8c3)
 - Deleted: 0

[13/Jul/2023:21:00:40] UPDATING PRODUCTS (JobID: 94aa8ee9-3787-4cfa-a7da-7a0a9ec08dae)
 - New and modified: 0

[13/Jul/2023:21:00:42] UPDATING PREPAGATI (JobID: d2ccaf35-58ab-4ed9-8e8f-f26a8fc66e7f)
 - New and modified: 0

[13/Jul/2023:21:00:42] DELETING PREPAGATI (JobID: d2ccaf35-58ab-4ed9-8e8f-f26a8fc66e7f)
 - Deleted: 0

[13/Jul/2023:21:30:06] UPDATING ACCOUNTS (JobID: 9dd2df27-d260-4909-9bee-ce46d65f9b8d)
 - New and modified: 0

[13/Jul/2023:21:30:06] DELETING ACCOUNTS (JobID: 9dd2df27-d260-4909-9bee-ce46d65f9b8d)
 - Deleted: 0

[13/Jul/2023:21:30:48] UPDATING PRODUCTS (JobID: c51d1cac-4d28-42bf-98e6-a66ae2730152)
 - New and modified: 0

[13/Jul/2023:21:30:51] UPDATING PREPAGATI (JobID: 57bbb452-4eb2-43c8-8340-12aef2dd966c)
 - New and modified: 0

[13/Jul/2023:21:30:51] DELETING PREPAGATI (JobID: 57bbb452-4eb2-43c8-8340-12aef2dd966c)
 - Deleted: 0

[13/Jul/2023:22:00:05] UPDATING ACCOUNTS (JobID: 746ca5e9-6daf-43df-8161-0aa21c040c34)
 - New and modified: 0

[13/Jul/2023:22:00:05] DELETING ACCOUNTS (JobID: 746ca5e9-6daf-43df-8161-0aa21c040c34)
 - Deleted: 0

[13/Jul/2023:22:00:39] UPDATING PRODUCTS (JobID: 0b52d169-5ef0-48cf-9208-65efd0cdc7cf)
 - New and modified: 0

[13/Jul/2023:22:00:41] UPDATING PREPAGATI (JobID: b8641538-1bbc-417f-a2c9-fded4f7bc3e7)
 - New and modified: 0

[13/Jul/2023:22:00:41] DELETING PREPAGATI (JobID: b8641538-1bbc-417f-a2c9-fded4f7bc3e7)
 - Deleted: 0

[13/Jul/2023:22:30:09] UPDATING ACCOUNTS (JobID: d14a9b27-6be5-4540-a842-92b0c01b826b)
 - New and modified: 0

[13/Jul/2023:22:30:09] DELETING ACCOUNTS (JobID: d14a9b27-6be5-4540-a842-92b0c01b826b)
 - Deleted: 0

[13/Jul/2023:22:30:43] UPDATING PRODUCTS (JobID: ce636661-7817-41ae-a383-9b8153fcef52)
 - New and modified: 0

[13/Jul/2023:22:30:46] UPDATING PREPAGATI (JobID: e9478d8a-19f4-49e4-8d71-de8cc826a591)
 - New and modified: 0

[13/Jul/2023:22:30:46] DELETING PREPAGATI (JobID: e9478d8a-19f4-49e4-8d71-de8cc826a591)
 - Deleted: 0

[13/Jul/2023:23:00:04] UPDATING ACCOUNTS (JobID: 9874099a-7e87-479c-aac5-95f30b9fff3b)
 - New and modified: 0

[13/Jul/2023:23:00:04] DELETING ACCOUNTS (JobID: 9874099a-7e87-479c-aac5-95f30b9fff3b)
 - Deleted: 0

[13/Jul/2023:23:00:37] UPDATING PRODUCTS (JobID: cf5df041-e5da-4019-91e7-99603eb86a13)
 - New and modified: 0

[13/Jul/2023:23:00:38] UPDATING PREPAGATI (JobID: 09fb719d-8e2b-4272-8126-6cf3f0bd1b08)
 - New and modified: 0

[13/Jul/2023:23:00:38] DELETING PREPAGATI (JobID: 09fb719d-8e2b-4272-8126-6cf3f0bd1b08)
 - Deleted: 0

[13/Jul/2023:23:30:04] UPDATING ACCOUNTS (JobID: 738e68c1-ece4-44c6-a7c2-dcfcd780964c)
 - New and modified: 0

[13/Jul/2023:23:30:04] DELETING ACCOUNTS (JobID: 738e68c1-ece4-44c6-a7c2-dcfcd780964c)
 - Deleted: 0

[13/Jul/2023:23:30:39] UPDATING PRODUCTS (JobID: 861a9e55-392e-4c57-977b-9b7bae0ba589)
 - New and modified: 0

[13/Jul/2023:23:30:41] UPDATING PREPAGATI (JobID: dca29615-30de-4826-b607-efb8402525fa)
 - New and modified: 0

[13/Jul/2023:23:30:41] DELETING PREPAGATI (JobID: dca29615-30de-4826-b607-efb8402525fa)
 - Deleted: 0

