[16/Jul/2023:00:00:04] UPDATING ACCOUNTS (JobID: 08d23120-9ba3-4557-8b7f-f05507ff5912)
 - New and modified: 0

[16/Jul/2023:00:00:04] DELETING ACCOUNTS (JobID: 08d23120-9ba3-4557-8b7f-f05507ff5912)
 - Deleted: 0

[16/Jul/2023:00:00:34] UPDATING PRODUCTS (JobID: a7fd5ec0-6f05-4ca1-b6d8-ec081615064c)
 - New and modified: 0

[16/Jul/2023:00:00:36] UPDATING PREPAGATI (JobID: a998f358-3586-42d9-82a8-313c2cb0f193)
 - New and modified: 0

[16/Jul/2023:00:00:36] DELETING PREPAGATI (JobID: a998f358-3586-42d9-82a8-313c2cb0f193)
 - Deleted: 0

[16/Jul/2023:00:30:04] UPDATING ACCOUNTS (JobID: 42b423f1-1c13-47ed-b481-0a12e8b943e3)
 - New and modified: 0

[16/Jul/2023:00:30:04] DELETING ACCOUNTS (JobID: 42b423f1-1c13-47ed-b481-0a12e8b943e3)
 - Deleted: 0

[16/Jul/2023:00:30:36] UPDATING PRODUCTS (JobID: b28e28af-c067-4829-bd39-6818c9d01c92)
 - New and modified: 0

[16/Jul/2023:00:30:37] UPDATING PREPAGATI (JobID: 9f6c5182-8ea0-4b76-81c2-e5370488b83c)
 - New and modified: 0

[16/Jul/2023:00:30:37] DELETING PREPAGATI (JobID: 9f6c5182-8ea0-4b76-81c2-e5370488b83c)
 - Deleted: 0

[16/Jul/2023:02:00:04] UPDATING ACCOUNTS (JobID: 65c87401-54a1-4aea-af3b-e04210dffdaf)
 - New and modified: 0

[16/Jul/2023:02:00:04] DELETING ACCOUNTS (JobID: 65c87401-54a1-4aea-af3b-e04210dffdaf)
 - Deleted: 0

[16/Jul/2023:02:00:37] UPDATING PRODUCTS (JobID: 430675ce-1d94-405f-83ec-83fcd940fbf5)
 - New and modified: 0

[16/Jul/2023:02:00:40] UPDATING PREPAGATI (JobID: a36ad511-2be3-4329-99ff-9c8b8023f04e)
 - New and modified: 0

[16/Jul/2023:02:00:40] DELETING PREPAGATI (JobID: a36ad511-2be3-4329-99ff-9c8b8023f04e)
 - Deleted: 0

[16/Jul/2023:02:30:04] UPDATING ACCOUNTS (JobID: 60a3a792-e1e7-487a-b91d-587e854e450b)
 - New and modified: 0

[16/Jul/2023:02:30:04] DELETING ACCOUNTS (JobID: 60a3a792-e1e7-487a-b91d-587e854e450b)
 - Deleted: 0

[16/Jul/2023:02:30:36] UPDATING PRODUCTS (JobID: a928345e-d083-428c-a0c3-e81e5aa47ecd)
 - New and modified: 0

[16/Jul/2023:02:30:39] UPDATING PREPAGATI (JobID: eacbeb82-3f06-4c22-a2ea-87f1f3125a22)
 - New and modified: 0

[16/Jul/2023:02:30:39] DELETING PREPAGATI (JobID: eacbeb82-3f06-4c22-a2ea-87f1f3125a22)
 - Deleted: 0

[16/Jul/2023:03:00:07] UPDATING ACCOUNTS (JobID: 970cb5ff-1232-43d5-aec1-aa4ff75658f3)
 - New and modified: 0

[16/Jul/2023:03:00:07] DELETING ACCOUNTS (JobID: 970cb5ff-1232-43d5-aec1-aa4ff75658f3)
 - Deleted: 0

[16/Jul/2023:03:00:41] UPDATING PRODUCTS (JobID: e72a2222-860e-4b5d-a465-f0080b7e7d78)
 - New and modified: 0

[16/Jul/2023:03:00:44] UPDATING PREPAGATI (JobID: 9e52647e-835b-4cf0-993b-fca1f7d3528a)
 - New and modified: 0

[16/Jul/2023:03:00:44] DELETING PREPAGATI (JobID: 9e52647e-835b-4cf0-993b-fca1f7d3528a)
 - Deleted: 0

[16/Jul/2023:04:00:08] UPDATING ACCOUNTS (JobID: c782203e-c490-4063-b946-50d1da750b8f)
 - New and modified: 0

[16/Jul/2023:04:00:08] DELETING ACCOUNTS (JobID: c782203e-c490-4063-b946-50d1da750b8f)
 - Deleted: 0

[16/Jul/2023:04:00:39] UPDATING PRODUCTS (JobID: d04fbcd7-f670-4ae8-bf8c-79acee3131c7)
 - New and modified: 0

[16/Jul/2023:04:00:42] UPDATING PREPAGATI (JobID: 9fb1e083-b067-490d-ba66-892aba8a868b)
 - New and modified: 0

[16/Jul/2023:04:00:42] DELETING PREPAGATI (JobID: 9fb1e083-b067-490d-ba66-892aba8a868b)
 - Deleted: 0

[16/Jul/2023:05:00:04] UPDATING ACCOUNTS (JobID: c5e4603e-964e-4254-b687-74de230a15d0)
 - New and modified: 0

[16/Jul/2023:05:00:04] DELETING ACCOUNTS (JobID: c5e4603e-964e-4254-b687-74de230a15d0)
 - Deleted: 0

[16/Jul/2023:05:00:37] UPDATING PRODUCTS (JobID: cf1061e1-0f28-47a4-89cf-0081cf9ee2b2)
 - New and modified: 0

[16/Jul/2023:05:00:39] UPDATING PREPAGATI (JobID: b406c499-2557-487f-8c35-914f280c88b6)
 - New and modified: 0

[16/Jul/2023:05:00:39] DELETING PREPAGATI (JobID: b406c499-2557-487f-8c35-914f280c88b6)
 - Deleted: 0

[16/Jul/2023:05:30:07] UPDATING ACCOUNTS (JobID: e6d3058d-908e-4f11-a0b5-8a1924d9b2fb)
 - New and modified: 0

[16/Jul/2023:05:30:07] DELETING ACCOUNTS (JobID: e6d3058d-908e-4f11-a0b5-8a1924d9b2fb)
 - Deleted: 0

[16/Jul/2023:05:30:36] UPDATING PRODUCTS (JobID: 35a773a8-49ab-4956-9dce-b1dcfc315c41)
 - New and modified: 0

[16/Jul/2023:05:30:39] UPDATING PREPAGATI (JobID: 67b3d247-68d7-4656-b9b5-1f99dd2eae32)
 - New and modified: 0

[16/Jul/2023:05:30:39] DELETING PREPAGATI (JobID: 67b3d247-68d7-4656-b9b5-1f99dd2eae32)
 - Deleted: 0

[16/Jul/2023:07:00:09] UPDATING ACCOUNTS (JobID: 6212e9ec-574e-4dc3-8a13-20102c181e88)
 - New and modified: 0

[16/Jul/2023:07:00:09] DELETING ACCOUNTS (JobID: 6212e9ec-574e-4dc3-8a13-20102c181e88)
 - Deleted: 0

[16/Jul/2023:07:00:41] UPDATING PRODUCTS (JobID: 69a2b023-eb5d-47c6-9781-6193812f544c)
 - New and modified: 0

[16/Jul/2023:07:00:43] UPDATING PREPAGATI (JobID: 2e2ac590-f132-4b3e-8059-f899bc1ec500)
 - New and modified: 0

[16/Jul/2023:07:00:43] DELETING PREPAGATI (JobID: 2e2ac590-f132-4b3e-8059-f899bc1ec500)
 - Deleted: 0

[16/Jul/2023:08:00:08] UPDATING ACCOUNTS (JobID: f593500f-a9f0-47e9-a8c0-e58b2b6ffb00)
 - New and modified: 0

[16/Jul/2023:08:00:08] DELETING ACCOUNTS (JobID: f593500f-a9f0-47e9-a8c0-e58b2b6ffb00)
 - Deleted: 0

[16/Jul/2023:08:00:42] UPDATING PRODUCTS (JobID: df74e872-db59-472a-b8eb-93a0966ab287)
 - New and modified: 0

[16/Jul/2023:08:00:45] UPDATING PREPAGATI (JobID: f69b269c-f3b4-414b-9f92-3c9c8d4c6c1a)
 - New and modified: 0

[16/Jul/2023:08:00:45] DELETING PREPAGATI (JobID: f69b269c-f3b4-414b-9f92-3c9c8d4c6c1a)
 - Deleted: 0

[16/Jul/2023:08:30:04] UPDATING ACCOUNTS (JobID: 46b331f9-88e3-4b7f-999d-2a635199005e)
 - New and modified: 0

[16/Jul/2023:08:30:04] DELETING ACCOUNTS (JobID: 46b331f9-88e3-4b7f-999d-2a635199005e)
 - Deleted: 0

[16/Jul/2023:08:30:35] UPDATING PRODUCTS (JobID: 228e6233-6983-4797-a24c-6031d31ddcef)
 - New and modified: 0

[16/Jul/2023:08:30:37] UPDATING PREPAGATI (JobID: 9927b16f-cede-4de2-be64-48ec01abbe23)
 - New and modified: 0

[16/Jul/2023:08:30:37] DELETING PREPAGATI (JobID: 9927b16f-cede-4de2-be64-48ec01abbe23)
 - Deleted: 0

[16/Jul/2023:12:30:04] UPDATING ACCOUNTS (JobID: db213c09-e5a4-48d0-b178-1672f9eea25e)
 - New and modified: 0

[16/Jul/2023:12:30:04] DELETING ACCOUNTS (JobID: db213c09-e5a4-48d0-b178-1672f9eea25e)
 - Deleted: 0

[16/Jul/2023:12:30:37] UPDATING PRODUCTS (JobID: d1508bfe-afae-4f0c-8eec-8f1a70706845)
 - New and modified: 0

[16/Jul/2023:12:30:41] UPDATING PREPAGATI (JobID: f6e6ac24-e787-4040-8c0f-197988bce0f5)
 - New and modified: 0

[16/Jul/2023:12:30:41] DELETING PREPAGATI (JobID: f6e6ac24-e787-4040-8c0f-197988bce0f5)
 - Deleted: 0

[16/Jul/2023:13:00:10] UPDATING ACCOUNTS (JobID: f5f8633b-97b1-4077-9543-cae0ac314be7)
 - New and modified: 0

[16/Jul/2023:13:00:10] DELETING ACCOUNTS (JobID: f5f8633b-97b1-4077-9543-cae0ac314be7)
 - Deleted: 0

[16/Jul/2023:13:00:43] UPDATING PRODUCTS (JobID: 2310838c-6a73-4819-92e3-cf5b163ffb74)
 - New and modified: 0

[16/Jul/2023:13:00:47] UPDATING PREPAGATI (JobID: 6d14ecf1-b22a-4f46-9c1d-539142334d12)
 - New and modified: 0

[16/Jul/2023:13:00:47] DELETING PREPAGATI (JobID: 6d14ecf1-b22a-4f46-9c1d-539142334d12)
 - Deleted: 0

[16/Jul/2023:13:30:04] UPDATING ACCOUNTS (JobID: 7406146d-af15-449f-9a3b-7efd1d747d19)
 - New and modified: 0

[16/Jul/2023:13:30:04] DELETING ACCOUNTS (JobID: 7406146d-af15-449f-9a3b-7efd1d747d19)
 - Deleted: 0

[16/Jul/2023:13:30:36] UPDATING PRODUCTS (JobID: 1688cbb8-5e4e-4808-87dc-c222f3be523b)
 - New and modified: 0

[16/Jul/2023:13:30:38] UPDATING PREPAGATI (JobID: e0b66fa3-7066-4ce1-8fd0-c715bdf8c2a5)
 - New and modified: 0

[16/Jul/2023:13:30:38] DELETING PREPAGATI (JobID: e0b66fa3-7066-4ce1-8fd0-c715bdf8c2a5)
 - Deleted: 0

[16/Jul/2023:17:30:04] UPDATING ACCOUNTS (JobID: bde26c1e-6a82-4fe4-8a8a-b7c00f1a98d3)
 - New and modified: 0

[16/Jul/2023:17:30:04] DELETING ACCOUNTS (JobID: bde26c1e-6a82-4fe4-8a8a-b7c00f1a98d3)
 - Deleted: 0

[16/Jul/2023:17:30:38] UPDATING PRODUCTS (JobID: ed6e893f-34c6-42eb-b775-31a9f9ddb29f)
 - New and modified: 0

[16/Jul/2023:17:30:41] UPDATING PREPAGATI (JobID: 076765b6-8ab5-4659-a1cd-91b8669cc98f)
 - New and modified: 0

[16/Jul/2023:17:30:41] DELETING PREPAGATI (JobID: 076765b6-8ab5-4659-a1cd-91b8669cc98f)
 - Deleted: 0

[16/Jul/2023:18:30:08] UPDATING ACCOUNTS (JobID: 4fc445d8-3036-4105-92ce-db1078f06e31)
 - New and modified: 0

[16/Jul/2023:18:30:08] DELETING ACCOUNTS (JobID: 4fc445d8-3036-4105-92ce-db1078f06e31)
 - Deleted: 0

[16/Jul/2023:18:30:42] UPDATING PRODUCTS (JobID: 99ae672e-781c-4791-bb29-b7679f0b5219)
 - New and modified: 0

[16/Jul/2023:18:30:45] UPDATING PREPAGATI (JobID: e0149e17-1597-4195-ae54-3682424831bd)
 - New and modified: 0

[16/Jul/2023:18:30:45] DELETING PREPAGATI (JobID: e0149e17-1597-4195-ae54-3682424831bd)
 - Deleted: 0

[16/Jul/2023:20:30:04] UPDATING ACCOUNTS (JobID: 1e1a72b5-61ba-4b66-9937-6dd259c60a40)
 - New and modified: 0

[16/Jul/2023:20:30:04] DELETING ACCOUNTS (JobID: 1e1a72b5-61ba-4b66-9937-6dd259c60a40)
 - Deleted: 0

[16/Jul/2023:20:30:37] UPDATING PRODUCTS (JobID: 848eafbe-47d8-4ab4-b172-cec21717e4f9)
 - New and modified: 0

[16/Jul/2023:20:30:39] UPDATING PREPAGATI (JobID: 201d7a8b-152f-4f4d-944d-3a58393c2d79)
 - New and modified: 0

[16/Jul/2023:20:30:39] DELETING PREPAGATI (JobID: 201d7a8b-152f-4f4d-944d-3a58393c2d79)
 - Deleted: 0

[16/Jul/2023:22:00:07] UPDATING ACCOUNTS (JobID: 60a2de8a-89e0-43bf-96c0-ac88218ead11)
 - New and modified: 0

[16/Jul/2023:22:00:07] DELETING ACCOUNTS (JobID: 60a2de8a-89e0-43bf-96c0-ac88218ead11)
 - Deleted: 0

[16/Jul/2023:22:00:39] UPDATING PRODUCTS (JobID: 46c5c659-cc24-445d-8408-1d2c1a2f5adc)
 - New and modified: 0

[16/Jul/2023:22:00:43] UPDATING PREPAGATI (JobID: 6768703a-521b-4086-976e-9a3842c7df87)
 - New and modified: 0

[16/Jul/2023:22:00:43] DELETING PREPAGATI (JobID: 6768703a-521b-4086-976e-9a3842c7df87)
 - Deleted: 0

[16/Jul/2023:22:30:08] UPDATING ACCOUNTS (JobID: 721d084f-1d24-4246-9631-1dd57dbc1f18)
 - New and modified: 0

[16/Jul/2023:22:30:08] DELETING ACCOUNTS (JobID: 721d084f-1d24-4246-9631-1dd57dbc1f18)
 - Deleted: 0

[16/Jul/2023:22:30:40] UPDATING PRODUCTS (JobID: d648890c-d642-41a4-b36d-6acdd2ab78a9)
 - New and modified: 0

[16/Jul/2023:22:30:43] UPDATING PREPAGATI (JobID: 4a845fce-7b48-4a7d-9ef8-453a4aa6dbaa)
 - New and modified: 0

[16/Jul/2023:22:30:43] DELETING PREPAGATI (JobID: 4a845fce-7b48-4a7d-9ef8-453a4aa6dbaa)
 - Deleted: 0

