[09/Sep/2023:00:00:08] UPDATING ACCOUNTS (JobID: 12e06173-ad10-4576-9814-5f221a55c1a2)
 - New and modified: 0

[09/Sep/2023:00:00:08] DELETING ACCOUNTS (JobID: 12e06173-ad10-4576-9814-5f221a55c1a2)
 - Deleted: 0

[09/Sep/2023:00:00:26] UPDATING PRODUCTS (JobID: bdbb2d54-5d36-421f-bfe5-1b5218298830)
 - New and modified: 0

[09/Sep/2023:00:00:29] UPDATING PREPAGATI (JobID: f981f6fe-033d-4f7f-9852-422288e47b4b)
 - New and modified: 0

[09/Sep/2023:00:00:29] DELETING PREPAGATI (JobID: f981f6fe-033d-4f7f-9852-422288e47b4b)
 - Deleted: 0

[09/Sep/2023:01:30:09] UPDATING ACCOUNTS (JobID: 941412ed-5903-4d0f-aad5-fc094950e5e9)
 - New and modified: 0

[09/Sep/2023:01:30:09] DELETING ACCOUNTS (JobID: 941412ed-5903-4d0f-aad5-fc094950e5e9)
 - Deleted: 0

[09/Sep/2023:01:30:26] UPDATING PRODUCTS (JobID: 72bfff69-a7d1-4371-9446-012bdfa66f1e)
 - New and modified: 0

[09/Sep/2023:01:30:29] UPDATING PREPAGATI (JobID: 0e8c7024-dd57-49f6-a4a8-481f33249972)
 - New and modified: 0

[09/Sep/2023:01:30:29] DELETING PREPAGATI (JobID: 0e8c7024-dd57-49f6-a4a8-481f33249972)
 - Deleted: 0

[09/Sep/2023:02:00:03] UPDATING ACCOUNTS (JobID: cb0d0ac2-9c9e-44c3-803f-b0e8992a0cf8)
 - New and modified: 0

[09/Sep/2023:02:00:03] DELETING ACCOUNTS (JobID: cb0d0ac2-9c9e-44c3-803f-b0e8992a0cf8)
 - Deleted: 0

[09/Sep/2023:02:00:23] UPDATING PRODUCTS (JobID: a036af09-393f-48ec-a33a-5f26370512c5)
 - New and modified: 0

[09/Sep/2023:02:00:24] UPDATING PREPAGATI (JobID: 05c7ce9c-a82a-4ef5-ac80-6931978e56c5)
 - New and modified: 0

[09/Sep/2023:02:00:24] DELETING PREPAGATI (JobID: 05c7ce9c-a82a-4ef5-ac80-6931978e56c5)
 - Deleted: 0

[09/Sep/2023:06:00:07] UPDATING ACCOUNTS (JobID: 64a9bc58-9233-44c8-b493-5cf94afcb90c)
 - New and modified: 0

[09/Sep/2023:06:00:07] DELETING ACCOUNTS (JobID: 64a9bc58-9233-44c8-b493-5cf94afcb90c)
 - Deleted: 0

[09/Sep/2023:06:00:24] UPDATING PRODUCTS (JobID: b3d07122-db7f-44f8-8f4f-c1dbaf9f04fc)
 - New and modified: 0

[09/Sep/2023:06:00:33] UPDATING PREPAGATI (JobID: eb86f7d1-de06-4b30-b853-e594d1ffdcfa)
 - New and modified: 0

[09/Sep/2023:06:00:33] DELETING PREPAGATI (JobID: eb86f7d1-de06-4b30-b853-e594d1ffdcfa)
 - Deleted: 0

[09/Sep/2023:07:00:09] UPDATING ACCOUNTS (JobID: dd9243a9-d265-4b59-9d4b-6161ccfced9b)
 - New and modified: 0

[09/Sep/2023:07:00:09] DELETING ACCOUNTS (JobID: dd9243a9-d265-4b59-9d4b-6161ccfced9b)
 - Deleted: 0

[09/Sep/2023:07:00:27] UPDATING PRODUCTS (JobID: d133f370-1164-4935-8848-bca445961cab)
 - New and modified: 0

[09/Sep/2023:07:00:34] UPDATING PREPAGATI (JobID: 44d6c4c3-dec3-4a8f-9120-cc83ff6ef982)
 - New and modified: 0

[09/Sep/2023:07:00:34] DELETING PREPAGATI (JobID: 44d6c4c3-dec3-4a8f-9120-cc83ff6ef982)
 - Deleted: 0

[09/Sep/2023:11:00:07] UPDATING ACCOUNTS (JobID: a3b6ab6f-8551-4765-82f0-0d8ddd0c872e)
 - New and modified: 0

[09/Sep/2023:11:00:07] DELETING ACCOUNTS (JobID: a3b6ab6f-8551-4765-82f0-0d8ddd0c872e)
 - Deleted: 0

[09/Sep/2023:11:00:25] UPDATING PRODUCTS (JobID: f12dbf08-3ada-4a44-be1f-43f4377d637b)
 - New and modified: 0

[09/Sep/2023:11:00:30] UPDATING PREPAGATI (JobID: db8d1f88-f786-4258-a171-7a08e6c6f957)
 - New and modified: 0

[09/Sep/2023:11:00:30] DELETING PREPAGATI (JobID: db8d1f88-f786-4258-a171-7a08e6c6f957)
 - Deleted: 0

[09/Sep/2023:13:00:02] UPDATING ACCOUNTS (JobID: f7143a64-93a6-45d5-9c58-a2ea93ba8ce0)
 - New and modified: 0

[09/Sep/2023:13:00:02] DELETING ACCOUNTS (JobID: f7143a64-93a6-45d5-9c58-a2ea93ba8ce0)
 - Deleted: 0

[09/Sep/2023:13:00:21] UPDATING PRODUCTS (JobID: f8bf16d0-3f07-4034-95eb-abcbb59089b9)
 - New and modified: 0

[09/Sep/2023:13:00:23] UPDATING PREPAGATI (JobID: 823ab9dd-59ec-4d42-aa03-8616b8d9ad62)
 - New and modified: 0

[09/Sep/2023:13:00:23] DELETING PREPAGATI (JobID: 823ab9dd-59ec-4d42-aa03-8616b8d9ad62)
 - Deleted: 0

[09/Sep/2023:17:30:08] UPDATING ACCOUNTS (JobID: 3a167966-8f1b-452d-9e41-90ed9b51e05a)
 - New and modified: 0

[09/Sep/2023:17:30:08] DELETING ACCOUNTS (JobID: 3a167966-8f1b-452d-9e41-90ed9b51e05a)
 - Deleted: 0

[09/Sep/2023:17:30:25] UPDATING PRODUCTS (JobID: 148eb4d3-0fd0-4f62-9c5c-322a36574698)
 - New and modified: 0

[09/Sep/2023:17:30:28] UPDATING PREPAGATI (JobID: b56e8e14-90d2-4f64-ab41-fda971ca1599)
 - New and modified: 0

[09/Sep/2023:17:30:28] DELETING PREPAGATI (JobID: b56e8e14-90d2-4f64-ab41-fda971ca1599)
 - Deleted: 0

[09/Sep/2023:19:30:09] UPDATING ACCOUNTS (JobID: 54675280-8cd8-4da8-906c-a56f255257e8)
 - New and modified: 0

[09/Sep/2023:19:30:09] DELETING ACCOUNTS (JobID: 54675280-8cd8-4da8-906c-a56f255257e8)
 - Deleted: 0

[09/Sep/2023:19:30:27] UPDATING PRODUCTS (JobID: 2e298fce-bb5a-40a7-9cb3-712bf0430204)
 - New and modified: 0

[09/Sep/2023:19:30:30] UPDATING PREPAGATI (JobID: 1c5610ea-a243-46e2-a4c2-ff328311cd5d)
 - New and modified: 0

[09/Sep/2023:19:30:30] DELETING PREPAGATI (JobID: 1c5610ea-a243-46e2-a4c2-ff328311cd5d)
 - Deleted: 0

[09/Sep/2023:20:30:06] UPDATING ACCOUNTS (JobID: 2cd76072-0242-46ab-8f5d-d2b51e3dbfea)
 - New and modified: 0

[09/Sep/2023:20:30:06] DELETING ACCOUNTS (JobID: 2cd76072-0242-46ab-8f5d-d2b51e3dbfea)
 - Deleted: 0

[09/Sep/2023:20:30:23] UPDATING PRODUCTS (JobID: d891d555-af78-4233-80ea-4a2c04d31d38)
 - New and modified: 0

[09/Sep/2023:20:30:26] UPDATING PREPAGATI (JobID: dcae5ea8-49ea-4157-ab94-d25f7a9fd0c8)
 - New and modified: 0

[09/Sep/2023:20:30:26] DELETING PREPAGATI (JobID: dcae5ea8-49ea-4157-ab94-d25f7a9fd0c8)
 - Deleted: 0

[09/Sep/2023:22:30:08] UPDATING ACCOUNTS (JobID: a6326372-2794-4061-9f76-ff5a33456f05)
 - New and modified: 0

[09/Sep/2023:22:30:08] DELETING ACCOUNTS (JobID: a6326372-2794-4061-9f76-ff5a33456f05)
 - Deleted: 0

[09/Sep/2023:22:30:26] UPDATING PRODUCTS (JobID: 203246a5-174a-49ef-b845-71bcddddaad4)
 - New and modified: 0

[09/Sep/2023:22:30:29] UPDATING PREPAGATI (JobID: cba340fe-0abd-4282-9600-aa1f91ce17cb)
 - New and modified: 0

[09/Sep/2023:22:30:29] DELETING PREPAGATI (JobID: cba340fe-0abd-4282-9600-aa1f91ce17cb)
 - Deleted: 0

[09/Sep/2023:23:00:09] UPDATING ACCOUNTS (JobID: afc1cdbf-8771-4fa5-84c2-f060716ab9d6)
 - New and modified: 0

[09/Sep/2023:23:00:09] DELETING ACCOUNTS (JobID: afc1cdbf-8771-4fa5-84c2-f060716ab9d6)
 - Deleted: 0

[09/Sep/2023:23:00:25] UPDATING PRODUCTS (JobID: 6839dc5b-9c12-481d-b1a5-80c210cf8a01)
 - New and modified: 0

[09/Sep/2023:23:00:27] UPDATING PREPAGATI (JobID: 5f931a3f-d183-4bea-ad50-343bda7bd144)
 - New and modified: 0

[09/Sep/2023:23:00:27] DELETING PREPAGATI (JobID: 5f931a3f-d183-4bea-ad50-343bda7bd144)
 - Deleted: 0

[09/Sep/2023:23:30:07] UPDATING ACCOUNTS (JobID: 5c89666f-797a-453f-9fd3-145bd235c9f3)
 - New and modified: 0

[09/Sep/2023:23:30:07] DELETING ACCOUNTS (JobID: 5c89666f-797a-453f-9fd3-145bd235c9f3)
 - Deleted: 0

[09/Sep/2023:23:30:23] UPDATING PRODUCTS (JobID: 7ee9590f-6d5e-4234-afd4-e22aaac3d7cf)
 - New and modified: 0

[09/Sep/2023:23:30:26] UPDATING PREPAGATI (JobID: a2c38721-b3db-420d-90b7-fcd4e5701002)
 - New and modified: 0

[09/Sep/2023:23:30:26] DELETING PREPAGATI (JobID: a2c38721-b3db-420d-90b7-fcd4e5701002)
 - Deleted: 0

