[22/Sep/2023:00:30:09] UPDATING ACCOUNTS (JobID: fb59759b-745c-43cf-b710-e9995652d9cd)
 - New and modified: 0

[22/Sep/2023:00:30:09] DELETING ACCOUNTS (JobID: fb59759b-745c-43cf-b710-e9995652d9cd)
 - Deleted: 0

[22/Sep/2023:00:30:39] UPDATING PRODUCTS (JobID: 44ef255e-9456-4375-8e05-e2271f6b5206)
 - New and modified: 0

[22/Sep/2023:00:30:42] UPDATING PREPAGATI (JobID: 01ffdbf4-1dc7-4e6d-a07c-1aa0b6c4b061)
 - New and modified: 0

[22/Sep/2023:00:30:42] DELETING PREPAGATI (JobID: 01ffdbf4-1dc7-4e6d-a07c-1aa0b6c4b061)
 - Deleted: 0

[22/Sep/2023:02:30:09] UPDATING ACCOUNTS (JobID: e41871c2-0662-4b24-94d7-5c2c87d9518a)
 - New and modified: 0

[22/Sep/2023:02:30:09] DELETING ACCOUNTS (JobID: e41871c2-0662-4b24-94d7-5c2c87d9518a)
 - Deleted: 0

[22/Sep/2023:02:30:40] UPDATING PRODUCTS (JobID: e467dd34-64e2-48ed-bbc0-ba587e566265)
 - New and modified: 0

[22/Sep/2023:02:30:43] UPDATING PREPAGATI (JobID: 2a5fd3fb-264d-478c-872c-a5fc8a06f01b)
 - New and modified: 0

[22/Sep/2023:02:30:43] DELETING PREPAGATI (JobID: 2a5fd3fb-264d-478c-872c-a5fc8a06f01b)
 - Deleted: 0

[22/Sep/2023:04:30:09] UPDATING ACCOUNTS (JobID: 041dba0b-f1c1-43b1-ba47-7cc3f9e11644)
 - New and modified: 0

[22/Sep/2023:04:30:09] DELETING ACCOUNTS (JobID: 041dba0b-f1c1-43b1-ba47-7cc3f9e11644)
 - Deleted: 0

[22/Sep/2023:04:30:40] UPDATING PRODUCTS (JobID: 0db6400b-73c1-495b-9942-28cc0da8e21a)
 - New and modified: 0

[22/Sep/2023:04:30:43] UPDATING PREPAGATI (JobID: cfc0b310-dfaf-403f-a460-e368432cf17e)
 - New and modified: 0

[22/Sep/2023:04:30:43] DELETING PREPAGATI (JobID: cfc0b310-dfaf-403f-a460-e368432cf17e)
 - Deleted: 0

[22/Sep/2023:05:00:07] UPDATING ACCOUNTS (JobID: 9ce9274c-8540-4474-85e4-3fb9f229475e)
 - New and modified: 0

[22/Sep/2023:05:00:07] DELETING ACCOUNTS (JobID: 9ce9274c-8540-4474-85e4-3fb9f229475e)
 - Deleted: 0

[22/Sep/2023:05:00:37] UPDATING PRODUCTS (JobID: 0f1900e9-f20c-4a56-8398-27a96732a347)
 - New and modified: 0

[22/Sep/2023:05:00:40] UPDATING PREPAGATI (JobID: 086e8768-2e82-4944-a244-9bd0794d4e9f)
 - New and modified: 0

[22/Sep/2023:05:00:40] DELETING PREPAGATI (JobID: 086e8768-2e82-4944-a244-9bd0794d4e9f)
 - Deleted: 0

[22/Sep/2023:05:30:04] UPDATING ACCOUNTS (JobID: 7f348eb7-8353-4321-b68f-e8d2bddfd551)
 - New and modified: 0

[22/Sep/2023:05:30:04] DELETING ACCOUNTS (JobID: 7f348eb7-8353-4321-b68f-e8d2bddfd551)
 - Deleted: 0

[22/Sep/2023:05:30:35] UPDATING PRODUCTS (JobID: dd4c4690-4ab9-48bb-931f-4998dd8261a7)
 - New and modified: 0

[22/Sep/2023:05:30:37] UPDATING PREPAGATI (JobID: 6d81c9aa-baca-46db-8c43-1fc885f3e64d)
 - New and modified: 0

[22/Sep/2023:05:30:37] DELETING PREPAGATI (JobID: 6d81c9aa-baca-46db-8c43-1fc885f3e64d)
 - Deleted: 0

[22/Sep/2023:06:00:09] UPDATING ACCOUNTS (JobID: 1daee3e3-83c0-4bb8-b6db-bf926f631eed)
 - New and modified: 0

[22/Sep/2023:06:00:09] DELETING ACCOUNTS (JobID: 1daee3e3-83c0-4bb8-b6db-bf926f631eed)
 - Deleted: 0

[22/Sep/2023:06:00:40] UPDATING PRODUCTS (JobID: e1bcd317-38d0-4740-a5cb-a4a55bfd5736)
 - New and modified: 0

[22/Sep/2023:06:00:43] UPDATING PREPAGATI (JobID: a3657d43-523b-4550-83ab-5135d468ab15)
 - New and modified: 0

[22/Sep/2023:06:00:43] DELETING PREPAGATI (JobID: a3657d43-523b-4550-83ab-5135d468ab15)
 - Deleted: 0

[22/Sep/2023:08:00:09] UPDATING ACCOUNTS (JobID: 593112a3-cd29-4180-99c6-6bf32d73c431)
 - New and modified: 0

[22/Sep/2023:08:00:09] DELETING ACCOUNTS (JobID: 593112a3-cd29-4180-99c6-6bf32d73c431)
 - Deleted: 0

[22/Sep/2023:08:00:38] UPDATING PRODUCTS (JobID: d4c16165-aee0-468d-9c98-12ce0ffb70f6)
 - New and modified: 0

[22/Sep/2023:08:00:41] UPDATING PREPAGATI (JobID: dd69c3cd-ae65-4f1a-83ef-69b30a7d9e82)
 - New and modified: 0

[22/Sep/2023:08:00:41] DELETING PREPAGATI (JobID: dd69c3cd-ae65-4f1a-83ef-69b30a7d9e82)
 - Deleted: 0

[22/Sep/2023:08:30:04] UPDATING ACCOUNTS (JobID: 4a1004d4-dc08-4083-ad5a-c5d2df4279ad)
 - New and modified: 0

[22/Sep/2023:08:30:04] DELETING ACCOUNTS (JobID: 4a1004d4-dc08-4083-ad5a-c5d2df4279ad)
 - Deleted: 0

[22/Sep/2023:08:30:35] UPDATING PRODUCTS (JobID: 2440243f-1fff-479e-9e1e-22bcd6dd4412)
 - New and modified: 0

[22/Sep/2023:08:30:37] UPDATING PREPAGATI (JobID: 22e67fa5-fb0b-4327-a8c5-837ab0069a88)
 - New and modified: 0

[22/Sep/2023:08:30:37] DELETING PREPAGATI (JobID: 22e67fa5-fb0b-4327-a8c5-837ab0069a88)
 - Deleted: 0

[22/Sep/2023:09:00:04] UPDATING ACCOUNTS (JobID: 0d7fc4ba-6af2-4595-abde-c16fda67b8da)
 - New and modified: 0

[22/Sep/2023:09:00:04] DELETING ACCOUNTS (JobID: 0d7fc4ba-6af2-4595-abde-c16fda67b8da)
 - Deleted: 0

[22/Sep/2023:09:00:35] UPDATING PRODUCTS (JobID: 6fcaf538-0aa3-4d1b-a725-8296538bbfa4)
 - New and modified: 0

[22/Sep/2023:09:00:37] UPDATING PREPAGATI (JobID: 942bb575-7598-4112-bc12-81299e8fa48f)
 - New and modified: 0

[22/Sep/2023:09:00:37] DELETING PREPAGATI (JobID: 942bb575-7598-4112-bc12-81299e8fa48f)
 - Deleted: 0

[22/Sep/2023:10:30:08] UPDATING ACCOUNTS (JobID: 7257b6ca-79cb-4056-82ce-7203d4dd63a8)
 - New and modified: 0

[22/Sep/2023:10:30:08] DELETING ACCOUNTS (JobID: 7257b6ca-79cb-4056-82ce-7203d4dd63a8)
 - Deleted: 0

[22/Sep/2023:10:30:40] UPDATING PRODUCTS (JobID: c9e687e5-f4c1-4681-9d4e-2928e929191d)
 - New and modified: 1
   816Q3EA

[22/Sep/2023:10:30:43] UPDATING PREPAGATI (JobID: fe27d0a5-57db-4308-a7cb-9f728c1f6741)
 - New and modified: 0

[22/Sep/2023:10:30:43] DELETING PREPAGATI (JobID: fe27d0a5-57db-4308-a7cb-9f728c1f6741)
 - Deleted: 0

[22/Sep/2023:11:30:08] UPDATING ACCOUNTS (JobID: c7e488f4-491b-4943-bf45-c32a94a54bb2)
 - New and modified: 0

[22/Sep/2023:11:30:08] DELETING ACCOUNTS (JobID: c7e488f4-491b-4943-bf45-c32a94a54bb2)
 - Deleted: 0

[22/Sep/2023:11:30:39] UPDATING PRODUCTS (JobID: e9c4e307-5ef3-40df-8de1-4ee6e68e06b0)
 - New and modified: 0

[22/Sep/2023:11:30:42] UPDATING PREPAGATI (JobID: 76d463b4-9183-4c76-8b46-3886aac6b9f7)
 - New and modified: 0

[22/Sep/2023:11:30:42] DELETING PREPAGATI (JobID: 76d463b4-9183-4c76-8b46-3886aac6b9f7)
 - Deleted: 0

[22/Sep/2023:14:00:04] UPDATING ACCOUNTS (JobID: 45390ab2-2780-48ff-896b-c2c698429fae)
 - New and modified: 0

[22/Sep/2023:14:00:04] DELETING ACCOUNTS (JobID: 45390ab2-2780-48ff-896b-c2c698429fae)
 - Deleted: 0

[22/Sep/2023:14:00:41] UPDATING PRODUCTS (JobID: 0823be7a-e710-45cc-94c1-0b1b29e241eb)
 - New and modified: 0

[22/Sep/2023:14:00:45] UPDATING PREPAGATI (JobID: 4d7aae80-3680-446e-b06e-f198ee70e284)
 - New and modified: 0

[22/Sep/2023:14:00:45] DELETING PREPAGATI (JobID: 4d7aae80-3680-446e-b06e-f198ee70e284)
 - Deleted: 0

[22/Sep/2023:17:00:09] UPDATING ACCOUNTS (JobID: 99931cac-55ad-4de2-81fe-0546db125789)
 - New and modified: 0

[22/Sep/2023:17:00:09] DELETING ACCOUNTS (JobID: 99931cac-55ad-4de2-81fe-0546db125789)
 - Deleted: 0

[22/Sep/2023:17:00:41] UPDATING PRODUCTS (JobID: a40fa0ab-98e3-4217-9865-18488fe8c298)
 - New and modified: 0

[22/Sep/2023:17:00:44] UPDATING PREPAGATI (JobID: daa483ff-f670-47bd-b300-b567c78f720d)
 - New and modified: 0

[22/Sep/2023:17:00:44] DELETING PREPAGATI (JobID: daa483ff-f670-47bd-b300-b567c78f720d)
 - Deleted: 0

[22/Sep/2023:20:00:03] UPDATING ACCOUNTS (JobID: a7f7c269-d1c7-4578-9e0e-02cd5ec2cfd6)
 - New and modified: 0

[22/Sep/2023:20:00:03] DELETING ACCOUNTS (JobID: a7f7c269-d1c7-4578-9e0e-02cd5ec2cfd6)
 - Deleted: 0

[22/Sep/2023:20:00:35] UPDATING PRODUCTS (JobID: 32433353-2695-4cfc-839b-3590b896bc1f)
 - New and modified: 0

[22/Sep/2023:20:00:38] UPDATING PREPAGATI (JobID: 162ba2dd-6344-4582-ad8e-4281e63288b2)
 - New and modified: 0

[22/Sep/2023:20:00:38] DELETING PREPAGATI (JobID: 162ba2dd-6344-4582-ad8e-4281e63288b2)
 - Deleted: 0

[22/Sep/2023:20:30:09] UPDATING ACCOUNTS (JobID: ec88d6fb-1155-45d3-b609-00562efb5c09)
 - New and modified: 0

[22/Sep/2023:20:30:09] DELETING ACCOUNTS (JobID: ec88d6fb-1155-45d3-b609-00562efb5c09)
 - Deleted: 0

[22/Sep/2023:20:30:39] UPDATING PRODUCTS (JobID: 67e460a4-c5cf-4a45-ba9d-48bfa6bf35b4)
 - New and modified: 0

[22/Sep/2023:20:30:42] UPDATING PREPAGATI (JobID: 93b7bdb8-7bc3-4d6a-812c-cabb9e3345d5)
 - New and modified: 0

[22/Sep/2023:20:30:42] DELETING PREPAGATI (JobID: 93b7bdb8-7bc3-4d6a-812c-cabb9e3345d5)
 - Deleted: 0

[22/Sep/2023:22:00:08] UPDATING ACCOUNTS (JobID: eb9a30fe-1179-4e89-9d20-6b1cbaba2b03)
 - New and modified: 0

[22/Sep/2023:22:00:08] DELETING ACCOUNTS (JobID: eb9a30fe-1179-4e89-9d20-6b1cbaba2b03)
 - Deleted: 0

[22/Sep/2023:22:00:39] UPDATING PRODUCTS (JobID: 82d4b2c0-6df7-4e76-bef3-c7e7753cbc6c)
 - New and modified: 0

[22/Sep/2023:22:00:42] UPDATING PREPAGATI (JobID: df7eafa1-6d90-43fe-b9a5-45db8439816d)
 - New and modified: 0

[22/Sep/2023:22:00:42] DELETING PREPAGATI (JobID: df7eafa1-6d90-43fe-b9a5-45db8439816d)
 - Deleted: 0

[22/Sep/2023:22:30:04] UPDATING ACCOUNTS (JobID: cffc80be-894f-4a7a-bde2-d37e5d91e146)
 - New and modified: 0

[22/Sep/2023:22:30:04] DELETING ACCOUNTS (JobID: cffc80be-894f-4a7a-bde2-d37e5d91e146)
 - Deleted: 0

[22/Sep/2023:22:30:34] UPDATING PRODUCTS (JobID: 9c1b145b-cbfa-4d03-9730-95608376d979)
 - New and modified: 0

[22/Sep/2023:22:30:36] UPDATING PREPAGATI (JobID: 04b4ba66-bcee-454e-9591-8aef64f96f0f)
 - New and modified: 0

[22/Sep/2023:22:30:36] DELETING PREPAGATI (JobID: 04b4ba66-bcee-454e-9591-8aef64f96f0f)
 - Deleted: 0

[22/Sep/2023:23:00:09] UPDATING ACCOUNTS (JobID: e205cc7c-efa0-4589-acd6-42685d3cd743)
 - New and modified: 0

[22/Sep/2023:23:00:09] DELETING ACCOUNTS (JobID: e205cc7c-efa0-4589-acd6-42685d3cd743)
 - Deleted: 0

[22/Sep/2023:23:00:39] UPDATING PRODUCTS (JobID: a7fd8bd1-d5f2-43ce-9a77-1fb07cccce3a)
 - New and modified: 0

[22/Sep/2023:23:00:42] UPDATING PREPAGATI (JobID: 07cc46f1-c204-4bb7-a299-2ee62d11bd67)
 - New and modified: 0

[22/Sep/2023:23:00:42] DELETING PREPAGATI (JobID: 07cc46f1-c204-4bb7-a299-2ee62d11bd67)
 - Deleted: 0

