[18/Aug/2023:00:00:08] UPDATING ACCOUNTS (JobID: 76961ca9-e4c5-4c0b-8b3d-3e9532d56618)
 - New and modified: 0

[18/Aug/2023:00:00:08] DELETING ACCOUNTS (JobID: 76961ca9-e4c5-4c0b-8b3d-3e9532d56618)
 - Deleted: 0

[18/Aug/2023:00:00:39] UPDATING PRODUCTS (JobID: 93cc8669-7b5c-4386-b587-1a2f6e2d78fc)
 - New and modified: 0

[18/Aug/2023:00:00:41] UPDATING PREPAGATI (JobID: e174cee0-5f37-4e5d-a663-9ffb15ad7515)
 - New and modified: 0

[18/Aug/2023:00:00:41] DELETING PREPAGATI (JobID: e174cee0-5f37-4e5d-a663-9ffb15ad7515)
 - Deleted: 0

[18/Aug/2023:00:30:09] UPDATING ACCOUNTS (JobID: b829c5f4-beee-4178-a8fb-fd5e19cdf5c7)
 - New and modified: 0

[18/Aug/2023:00:30:09] DELETING ACCOUNTS (JobID: b829c5f4-beee-4178-a8fb-fd5e19cdf5c7)
 - Deleted: 0

[18/Aug/2023:00:30:40] UPDATING PRODUCTS (JobID: 6d562cf8-310e-49ac-b55b-e8e02f132275)
 - New and modified: 0

[18/Aug/2023:00:30:43] UPDATING PREPAGATI (JobID: 272ec2eb-b5f0-45dc-a44d-0083df9bb5d8)
 - New and modified: 0

[18/Aug/2023:00:30:43] DELETING PREPAGATI (JobID: 272ec2eb-b5f0-45dc-a44d-0083df9bb5d8)
 - Deleted: 0

[18/Aug/2023:01:00:06] UPDATING ACCOUNTS (JobID: 16418d7e-5553-47d1-bf24-214684ff2294)
 - New and modified: 0

[18/Aug/2023:01:00:06] DELETING ACCOUNTS (JobID: 16418d7e-5553-47d1-bf24-214684ff2294)
 - Deleted: 0

[18/Aug/2023:01:00:38] UPDATING PRODUCTS (JobID: e641e37a-fbbb-45fc-a309-eeb01b8631af)
 - New and modified: 0

[18/Aug/2023:01:00:41] UPDATING PREPAGATI (JobID: 376de773-8b44-440b-92ad-0f448ce033ae)
 - New and modified: 0

[18/Aug/2023:01:00:41] DELETING PREPAGATI (JobID: 376de773-8b44-440b-92ad-0f448ce033ae)
 - Deleted: 0

[18/Aug/2023:03:30:04] UPDATING ACCOUNTS (JobID: 29ad0f94-834f-4e27-8bcf-2a4efb92515a)
 - New and modified: 0

[18/Aug/2023:03:30:04] DELETING ACCOUNTS (JobID: 29ad0f94-834f-4e27-8bcf-2a4efb92515a)
 - Deleted: 0

[18/Aug/2023:03:30:35] UPDATING PRODUCTS (JobID: 744cda20-daa5-433b-b525-c18af7e635b5)
 - New and modified: 0

[18/Aug/2023:03:30:38] UPDATING PREPAGATI (JobID: a195573e-e166-4627-9e8c-aad00cdf05ac)
 - New and modified: 0

[18/Aug/2023:03:30:38] DELETING PREPAGATI (JobID: a195573e-e166-4627-9e8c-aad00cdf05ac)
 - Deleted: 0

[18/Aug/2023:04:00:09] UPDATING ACCOUNTS (JobID: c840b80f-179a-458a-9d7f-7d2313c11746)
 - New and modified: 0

[18/Aug/2023:04:00:09] DELETING ACCOUNTS (JobID: c840b80f-179a-458a-9d7f-7d2313c11746)
 - Deleted: 0

[18/Aug/2023:04:00:40] UPDATING PRODUCTS (JobID: 506a90e2-7724-48eb-87c8-4738718a5fbd)
 - New and modified: 0

[18/Aug/2023:04:00:42] UPDATING PREPAGATI (JobID: 4db8fc20-a810-4f92-b0dc-702ec74d97cb)
 - New and modified: 0

[18/Aug/2023:04:00:42] DELETING PREPAGATI (JobID: 4db8fc20-a810-4f92-b0dc-702ec74d97cb)
 - Deleted: 0

[18/Aug/2023:08:00:03] UPDATING ACCOUNTS (JobID: 928c5296-42cd-4328-9287-645cb5bf0f99)
 - New and modified: 0

[18/Aug/2023:08:00:03] DELETING ACCOUNTS (JobID: 928c5296-42cd-4328-9287-645cb5bf0f99)
 - Deleted: 0

[18/Aug/2023:08:00:36] UPDATING PRODUCTS (JobID: ac5dec65-01c9-4476-80b6-0ab31b31f1a0)
 - New and modified: 0

[18/Aug/2023:08:00:39] UPDATING PREPAGATI (JobID: 745bba42-1e0f-4c8b-a8b0-c4336837e0db)
 - New and modified: 0

[18/Aug/2023:08:00:39] DELETING PREPAGATI (JobID: 745bba42-1e0f-4c8b-a8b0-c4336837e0db)
 - Deleted: 0

[18/Aug/2023:08:30:09] UPDATING ACCOUNTS (JobID: 05ef509b-6859-43f6-aba3-2df65f9ddffe)
 - New and modified: 0

[18/Aug/2023:08:30:09] DELETING ACCOUNTS (JobID: 05ef509b-6859-43f6-aba3-2df65f9ddffe)
 - Deleted: 0

[18/Aug/2023:08:30:41] UPDATING PRODUCTS (JobID: 5b54c542-5830-40bb-a8fe-908c85dd30e8)
 - New and modified: 0

[18/Aug/2023:08:30:44] UPDATING PREPAGATI (JobID: 4feabe56-ade2-4c61-80e7-1ded43400e4a)
 - New and modified: 0

[18/Aug/2023:08:30:44] DELETING PREPAGATI (JobID: 4feabe56-ade2-4c61-80e7-1ded43400e4a)
 - Deleted: 0

[18/Aug/2023:09:00:08] UPDATING ACCOUNTS (JobID: b938b8b4-9898-4834-8dce-a105b00b8077)
 - New and modified: 0

[18/Aug/2023:09:00:08] DELETING ACCOUNTS (JobID: b938b8b4-9898-4834-8dce-a105b00b8077)
 - Deleted: 0

[18/Aug/2023:09:00:39] UPDATING PRODUCTS (JobID: 7f134c23-0ecb-41f2-a46e-db9a61ae066e)
 - New and modified: 0

[18/Aug/2023:09:00:42] UPDATING PREPAGATI (JobID: 08f226ec-0cac-40d3-9eaa-6ccb49daec51)
 - New and modified: 0

[18/Aug/2023:09:00:42] DELETING PREPAGATI (JobID: 08f226ec-0cac-40d3-9eaa-6ccb49daec51)
 - Deleted: 0

[18/Aug/2023:10:30:08] UPDATING ACCOUNTS (JobID: 2da7ec8e-7aac-44ec-85b7-da75e0a7152a)
 - New and modified: 0

[18/Aug/2023:10:30:08] DELETING ACCOUNTS (JobID: 2da7ec8e-7aac-44ec-85b7-da75e0a7152a)
 - Deleted: 0

[18/Aug/2023:10:30:42] UPDATING PRODUCTS (JobID: 1f628b9a-1485-43f4-aa38-8cefe68b0c2a)
 - New and modified: 0

[18/Aug/2023:10:30:45] UPDATING PREPAGATI (JobID: 4d894192-6326-4239-bf6f-2284e70f1d75)
 - New and modified: 0

[18/Aug/2023:10:30:45] DELETING PREPAGATI (JobID: 4d894192-6326-4239-bf6f-2284e70f1d75)
 - Deleted: 0

[18/Aug/2023:11:00:03] UPDATING ACCOUNTS (JobID: 3a029b9c-379d-4d15-94b8-e6f21f747e49)
 - New and modified: 0

[18/Aug/2023:11:00:03] DELETING ACCOUNTS (JobID: 3a029b9c-379d-4d15-94b8-e6f21f747e49)
 - Deleted: 0

[18/Aug/2023:11:00:34] UPDATING PRODUCTS (JobID: 3a3b1b67-8749-4027-a196-61f875370aaf)
 - New and modified: 0

[18/Aug/2023:11:00:36] UPDATING PREPAGATI (JobID: 3f0000dc-0331-4feb-8b85-6dbd1b558e6a)
 - New and modified: 0

[18/Aug/2023:11:00:36] DELETING PREPAGATI (JobID: 3f0000dc-0331-4feb-8b85-6dbd1b558e6a)
 - Deleted: 0

[18/Aug/2023:12:30:07] UPDATING ACCOUNTS (JobID: bae6c926-a713-4870-8729-e72f0d6b7c58)
 - New and modified: 0

[18/Aug/2023:12:30:07] DELETING ACCOUNTS (JobID: bae6c926-a713-4870-8729-e72f0d6b7c58)
 - Deleted: 0

[18/Aug/2023:12:30:39] UPDATING PRODUCTS (JobID: 30491b43-95f5-4334-a82f-8e3a444909b0)
 - New and modified: 0

[18/Aug/2023:12:30:42] UPDATING PREPAGATI (JobID: 8cea18b6-87f2-4229-bde3-e9f53928f058)
 - New and modified: 0

[18/Aug/2023:12:30:42] DELETING PREPAGATI (JobID: 8cea18b6-87f2-4229-bde3-e9f53928f058)
 - Deleted: 0

[18/Aug/2023:15:00:09] UPDATING ACCOUNTS (JobID: 5a4acbbe-7154-44bb-a240-0150c98e6cf2)
 - New and modified: 0

[18/Aug/2023:15:00:09] DELETING ACCOUNTS (JobID: 5a4acbbe-7154-44bb-a240-0150c98e6cf2)
 - Deleted: 0

[18/Aug/2023:15:00:41] UPDATING PRODUCTS (JobID: 82cda17b-9af7-49ea-b75d-da1bc5823859)
 - New and modified: 0

[18/Aug/2023:15:00:43] UPDATING PREPAGATI (JobID: 629549b7-cc66-4b2e-a81e-5017deccaf4e)
 - New and modified: 0

[18/Aug/2023:15:00:43] DELETING PREPAGATI (JobID: 629549b7-cc66-4b2e-a81e-5017deccaf4e)
 - Deleted: 0

[18/Aug/2023:15:30:07] UPDATING ACCOUNTS (JobID: 81341783-99fc-44b5-a372-fda15ac126b7)
 - New and modified: 0

[18/Aug/2023:15:30:07] DELETING ACCOUNTS (JobID: 81341783-99fc-44b5-a372-fda15ac126b7)
 - Deleted: 0

[18/Aug/2023:15:30:39] UPDATING PRODUCTS (JobID: 4ead438a-592e-4ff8-b290-b3f4f10bdebc)
 - New and modified: 0

[18/Aug/2023:15:30:42] UPDATING PREPAGATI (JobID: 528ef0c0-a062-4feb-bd6a-5c1929302b1c)
 - New and modified: 0

[18/Aug/2023:15:30:42] DELETING PREPAGATI (JobID: 528ef0c0-a062-4feb-bd6a-5c1929302b1c)
 - Deleted: 0

[18/Aug/2023:19:30:09] UPDATING ACCOUNTS (JobID: e7612eed-d508-42a8-9ec8-b003a658d979)
 - New and modified: 0

[18/Aug/2023:19:30:09] DELETING ACCOUNTS (JobID: e7612eed-d508-42a8-9ec8-b003a658d979)
 - Deleted: 0

[18/Aug/2023:19:30:42] UPDATING PRODUCTS (JobID: 0c680854-89cb-43b1-a3ef-31f1373b3083)
 - New and modified: 0

[18/Aug/2023:19:30:45] UPDATING PREPAGATI (JobID: fe10ba3e-1558-4db3-a0be-140bc67a9d03)
 - New and modified: 0

[18/Aug/2023:19:30:45] DELETING PREPAGATI (JobID: fe10ba3e-1558-4db3-a0be-140bc67a9d03)
 - Deleted: 0

[18/Aug/2023:20:30:09] UPDATING ACCOUNTS (JobID: c71392fc-438d-42a9-888b-e519a1859922)
 - New and modified: 0

[18/Aug/2023:20:30:09] DELETING ACCOUNTS (JobID: c71392fc-438d-42a9-888b-e519a1859922)
 - Deleted: 0

[18/Aug/2023:20:30:40] UPDATING PRODUCTS (JobID: 4355bdac-58d9-44e6-8d72-9831cf9401e7)
 - New and modified: 0

[18/Aug/2023:20:30:43] UPDATING PREPAGATI (JobID: 87fd486c-256e-4dfc-bf56-bd29ca05c823)
 - New and modified: 0

[18/Aug/2023:20:30:43] DELETING PREPAGATI (JobID: 87fd486c-256e-4dfc-bf56-bd29ca05c823)
 - Deleted: 0

[18/Aug/2023:22:00:05] UPDATING ACCOUNTS (JobID: b43fce81-8433-4363-9879-e6ca909ad211)
 - New and modified: 0

[18/Aug/2023:22:00:05] DELETING ACCOUNTS (JobID: b43fce81-8433-4363-9879-e6ca909ad211)
 - Deleted: 0

[18/Aug/2023:22:00:37] UPDATING PRODUCTS (JobID: 86c23195-ebd4-48a4-8bea-327e25be5e9f)
 - New and modified: 0

[18/Aug/2023:22:00:40] UPDATING PREPAGATI (JobID: c3563045-69d6-447c-b25d-ab39556b294e)
 - New and modified: 0

[18/Aug/2023:22:00:40] DELETING PREPAGATI (JobID: c3563045-69d6-447c-b25d-ab39556b294e)
 - Deleted: 0

[18/Aug/2023:23:00:09] UPDATING ACCOUNTS (JobID: f3fa747e-0276-4ba6-87fe-c8000020fea7)
 - New and modified: 0

[18/Aug/2023:23:00:09] DELETING ACCOUNTS (JobID: f3fa747e-0276-4ba6-87fe-c8000020fea7)
 - Deleted: 0

[18/Aug/2023:23:00:41] UPDATING PRODUCTS (JobID: 63faa85d-2201-431e-a358-8bb82e19e320)
 - New and modified: 0

[18/Aug/2023:23:00:44] UPDATING PREPAGATI (JobID: ec053dfd-a4ec-44c2-8fac-569db18b586c)
 - New and modified: 0

[18/Aug/2023:23:00:44] DELETING PREPAGATI (JobID: ec053dfd-a4ec-44c2-8fac-569db18b586c)
 - Deleted: 0

[18/Aug/2023:23:30:09] UPDATING ACCOUNTS (JobID: 9b9284f7-c4c1-4164-bcb8-25e05cd61b89)
 - New and modified: 0

[18/Aug/2023:23:30:09] DELETING ACCOUNTS (JobID: 9b9284f7-c4c1-4164-bcb8-25e05cd61b89)
 - Deleted: 0

[18/Aug/2023:23:30:41] UPDATING PRODUCTS (JobID: db33912f-3f12-442e-a8c2-1a739281f6e2)
 - New and modified: 0

[18/Aug/2023:23:30:45] UPDATING PREPAGATI (JobID: 1824732e-16e2-4865-a23a-a5180d3c74eb)
 - New and modified: 0

[18/Aug/2023:23:30:45] DELETING PREPAGATI (JobID: 1824732e-16e2-4865-a23a-a5180d3c74eb)
 - Deleted: 0

