[04/Sep/2023:00:00:03] UPDATING ACCOUNTS (JobID: e28dbcde-b57c-4a93-b74b-bb79171f9a91)
 - New and modified: 0

[04/Sep/2023:00:00:03] DELETING ACCOUNTS (JobID: e28dbcde-b57c-4a93-b74b-bb79171f9a91)
 - Deleted: 0

[04/Sep/2023:00:00:18] UPDATING PRODUCTS (JobID: d15b1774-d54c-4c8f-8e81-684092493a5f)
 - New and modified: 0

[04/Sep/2023:00:00:20] UPDATING PREPAGATI (JobID: d3ef6ea5-9726-4c23-a65e-0ebabd6db15e)
 - New and modified: 0

[04/Sep/2023:00:00:20] DELETING PREPAGATI (JobID: d3ef6ea5-9726-4c23-a65e-0ebabd6db15e)
 - Deleted: 0

[04/Sep/2023:00:30:08] UPDATING ACCOUNTS (JobID: 1f3edef5-3316-424d-806d-9c9b4e04dce7)
 - New and modified: 0

[04/Sep/2023:00:30:08] DELETING ACCOUNTS (JobID: 1f3edef5-3316-424d-806d-9c9b4e04dce7)
 - Deleted: 0

[04/Sep/2023:00:30:24] UPDATING PRODUCTS (JobID: 4fb6b95d-e62e-45fa-acad-2fc1127b4ce0)
 - New and modified: 0

[04/Sep/2023:00:30:27] UPDATING PREPAGATI (JobID: 52d54566-a136-4a2e-8533-7e649d31d5c3)
 - New and modified: 0

[04/Sep/2023:00:30:27] DELETING PREPAGATI (JobID: 52d54566-a136-4a2e-8533-7e649d31d5c3)
 - Deleted: 0

[04/Sep/2023:02:00:08] UPDATING ACCOUNTS (JobID: b457ebbf-7c38-428c-8280-0eb411e70349)
 - New and modified: 0

[04/Sep/2023:02:00:08] DELETING ACCOUNTS (JobID: b457ebbf-7c38-428c-8280-0eb411e70349)
 - Deleted: 0

[04/Sep/2023:02:00:25] UPDATING PRODUCTS (JobID: 584719c3-7567-4556-af61-3916bed12417)
 - New and modified: 0

[04/Sep/2023:02:00:27] UPDATING PREPAGATI (JobID: 94abd74e-436a-49fc-9ba1-5602d81d85f9)
 - New and modified: 0

[04/Sep/2023:02:00:27] DELETING PREPAGATI (JobID: 94abd74e-436a-49fc-9ba1-5602d81d85f9)
 - Deleted: 0

[04/Sep/2023:02:30:08] UPDATING ACCOUNTS (JobID: e2a2d137-93ed-4c4a-805c-54c775f8300c)
 - New and modified: 0

[04/Sep/2023:02:30:08] DELETING ACCOUNTS (JobID: e2a2d137-93ed-4c4a-805c-54c775f8300c)
 - Deleted: 0

[04/Sep/2023:02:30:24] UPDATING PRODUCTS (JobID: 9f2c0342-99c8-4232-819c-ce17cf10bd88)
 - New and modified: 0

[04/Sep/2023:02:30:26] UPDATING PREPAGATI (JobID: e1e34647-03b5-4ce9-95ad-0f49c8c954c0)
 - New and modified: 0

[04/Sep/2023:02:30:26] DELETING PREPAGATI (JobID: e1e34647-03b5-4ce9-95ad-0f49c8c954c0)
 - Deleted: 0

[04/Sep/2023:03:00:03] UPDATING ACCOUNTS (JobID: 18c6265c-9900-4713-85a6-342c90bd146e)
 - New and modified: 0

[04/Sep/2023:03:00:03] DELETING ACCOUNTS (JobID: 18c6265c-9900-4713-85a6-342c90bd146e)
 - Deleted: 0

[04/Sep/2023:03:00:19] UPDATING PRODUCTS (JobID: 0a1f2713-3070-4be0-967e-d4dc94134d43)
 - New and modified: 0

[04/Sep/2023:03:00:20] UPDATING PREPAGATI (JobID: 39d604a0-3e24-40a9-a8f6-60bb8a032762)
 - New and modified: 0

[04/Sep/2023:03:00:20] DELETING PREPAGATI (JobID: 39d604a0-3e24-40a9-a8f6-60bb8a032762)
 - Deleted: 0

[04/Sep/2023:05:30:08] UPDATING ACCOUNTS (JobID: 1d2cf7e8-68ac-4a91-8ccd-9508ad913411)
 - New and modified: 0

[04/Sep/2023:05:30:08] DELETING ACCOUNTS (JobID: 1d2cf7e8-68ac-4a91-8ccd-9508ad913411)
 - Deleted: 0

[04/Sep/2023:05:30:24] UPDATING PRODUCTS (JobID: bf6d5f51-a673-4677-99a4-cc710dc2d2e8)
 - New and modified: 0

[04/Sep/2023:05:30:26] UPDATING PREPAGATI (JobID: 87dc132e-2709-446b-b7f2-bc356c48d975)
 - New and modified: 0

[04/Sep/2023:05:30:26] DELETING PREPAGATI (JobID: 87dc132e-2709-446b-b7f2-bc356c48d975)
 - Deleted: 0

[04/Sep/2023:06:00:08] UPDATING ACCOUNTS (JobID: ad141dd6-3871-4673-a17b-3ee1f4055c27)
 - New and modified: 0

[04/Sep/2023:06:00:08] DELETING ACCOUNTS (JobID: ad141dd6-3871-4673-a17b-3ee1f4055c27)
 - Deleted: 0

[04/Sep/2023:06:00:25] UPDATING PRODUCTS (JobID: 5008b927-207a-406c-ac29-e062b6bb5694)
 - New and modified: 0

[04/Sep/2023:06:00:28] UPDATING PREPAGATI (JobID: 1f495d7e-fe57-4ed5-9fc5-d4d62320c0fa)
 - New and modified: 0

[04/Sep/2023:06:00:28] DELETING PREPAGATI (JobID: 1f495d7e-fe57-4ed5-9fc5-d4d62320c0fa)
 - Deleted: 0

[04/Sep/2023:06:30:03] UPDATING ACCOUNTS (JobID: c08f8136-93b5-49e1-a9b1-fb3fb01e6d73)
 - New and modified: 0

[04/Sep/2023:06:30:03] DELETING ACCOUNTS (JobID: c08f8136-93b5-49e1-a9b1-fb3fb01e6d73)
 - Deleted: 0

[04/Sep/2023:06:30:21] UPDATING PRODUCTS (JobID: 98e5230b-e0ae-4172-858f-8c6529141d39)
 - New and modified: 0

[04/Sep/2023:06:30:23] UPDATING PREPAGATI (JobID: 85063542-cea0-4b84-a398-a68f4ac602ea)
 - New and modified: 0

[04/Sep/2023:06:30:23] DELETING PREPAGATI (JobID: 85063542-cea0-4b84-a398-a68f4ac602ea)
 - Deleted: 0

[04/Sep/2023:07:00:21] UPDATING ACCOUNTS (JobID: 8acb0b28-ca61-4ece-892e-975435d34539)
 - New and modified: 0

[04/Sep/2023:07:00:21] DELETING ACCOUNTS (JobID: 8acb0b28-ca61-4ece-892e-975435d34539)
 - Deleted: 0

[04/Sep/2023:07:00:38] UPDATING PRODUCTS (JobID: 62acd22a-6ab8-40bd-9cd2-1fefdff99e11)
 - New and modified: 0

[04/Sep/2023:07:00:41] UPDATING PREPAGATI (JobID: 6471090e-2906-4cd6-9b78-81315c3ee5e2)
 - New and modified: 0

[04/Sep/2023:07:00:41] DELETING PREPAGATI (JobID: 6471090e-2906-4cd6-9b78-81315c3ee5e2)
 - Deleted: 0

[04/Sep/2023:07:30:08] UPDATING ACCOUNTS (JobID: 65c77983-f400-4179-a9db-33b5282598ec)
 - New and modified: 0

[04/Sep/2023:07:30:08] DELETING ACCOUNTS (JobID: 65c77983-f400-4179-a9db-33b5282598ec)
 - Deleted: 0

[04/Sep/2023:07:30:25] UPDATING PRODUCTS (JobID: 2ea18d49-7def-4762-84fd-03f54994e2dd)
 - New and modified: 0

[04/Sep/2023:07:30:28] UPDATING PREPAGATI (JobID: ae86ecaf-220d-4980-a366-e4a4cc4698bc)
 - New and modified: 0

[04/Sep/2023:07:30:28] DELETING PREPAGATI (JobID: ae86ecaf-220d-4980-a366-e4a4cc4698bc)
 - Deleted: 0

[04/Sep/2023:08:30:06] UPDATING ACCOUNTS (JobID: c620c65d-96d0-4f87-a1dc-7b47cd5b602d)
 - New and modified: 0

[04/Sep/2023:08:30:06] DELETING ACCOUNTS (JobID: c620c65d-96d0-4f87-a1dc-7b47cd5b602d)
 - Deleted: 0

[04/Sep/2023:08:30:24] UPDATING PRODUCTS (JobID: f56c6ccd-9f0b-43af-a0e4-3338b3f92f08)
 - New and modified: 0

[04/Sep/2023:08:30:26] UPDATING PREPAGATI (JobID: 8d430e33-7274-425a-ba7b-bdd25fdc39bc)
 - New and modified: 0

[04/Sep/2023:08:30:26] DELETING PREPAGATI (JobID: 8d430e33-7274-425a-ba7b-bdd25fdc39bc)
 - Deleted: 0

[04/Sep/2023:09:00:08] UPDATING ACCOUNTS (JobID: 85dfced0-4fa0-49db-82db-ad2e58438e54)
 - New and modified: 0

[04/Sep/2023:09:00:08] DELETING ACCOUNTS (JobID: 85dfced0-4fa0-49db-82db-ad2e58438e54)
 - Deleted: 0

[04/Sep/2023:09:00:25] UPDATING PRODUCTS (JobID: 1fffad2e-fc95-449a-8e05-b80317621e66)
 - New and modified: 0

[04/Sep/2023:09:00:28] UPDATING PREPAGATI (JobID: b6396251-467a-40a8-95d2-f50144fa7fa8)
 - New and modified: 0

[04/Sep/2023:09:00:28] DELETING PREPAGATI (JobID: b6396251-467a-40a8-95d2-f50144fa7fa8)
 - Deleted: 0

[04/Sep/2023:09:30:03] UPDATING ACCOUNTS (JobID: b0e40aff-d4d6-4bb2-bf35-7889daa7c603)
 - New and modified: 0

[04/Sep/2023:09:30:03] DELETING ACCOUNTS (JobID: b0e40aff-d4d6-4bb2-bf35-7889daa7c603)
 - Deleted: 0

[04/Sep/2023:09:30:21] UPDATING PRODUCTS (JobID: fab94930-cc13-4d34-84b5-0f5daf7634d8)
 - New and modified: 0

[04/Sep/2023:09:30:22] UPDATING PREPAGATI (JobID: a50e3262-76e8-4203-a871-0de0624f8e01)
 - New and modified: 0

[04/Sep/2023:09:30:22] DELETING PREPAGATI (JobID: a50e3262-76e8-4203-a871-0de0624f8e01)
 - Deleted: 0

[04/Sep/2023:10:30:09] UPDATING ACCOUNTS (JobID: 10a75aef-bd5e-4140-96b6-d5f76b30cb9d)
 - New and modified: 0

[04/Sep/2023:10:30:09] DELETING ACCOUNTS (JobID: 10a75aef-bd5e-4140-96b6-d5f76b30cb9d)
 - Deleted: 0

[04/Sep/2023:10:30:27] UPDATING PRODUCTS (JobID: 0ca9fde1-525c-476c-86cb-a7581114edb0)
 - New and modified: 0

[04/Sep/2023:10:30:29] UPDATING PREPAGATI (JobID: 4e7334c6-a320-4baa-966b-a9b7ba810e1a)
 - New and modified: 0

[04/Sep/2023:10:30:29] DELETING PREPAGATI (JobID: 4e7334c6-a320-4baa-966b-a9b7ba810e1a)
 - Deleted: 0

[04/Sep/2023:11:00:06] UPDATING ACCOUNTS (JobID: 6bbc8a23-a3b9-4238-873a-c3d5287b5a48)
 - New and modified: 0

[04/Sep/2023:11:00:06] DELETING ACCOUNTS (JobID: 6bbc8a23-a3b9-4238-873a-c3d5287b5a48)
 - Deleted: 0

[04/Sep/2023:11:00:22] UPDATING PRODUCTS (JobID: 0a2a7ea4-9443-427a-9fa3-7e341c8c650c)
 - New and modified: 0

[04/Sep/2023:11:00:25] UPDATING PREPAGATI (JobID: 5209c2c8-adfe-4d0e-81b9-46a5313b1dd4)
 - New and modified: 0

[04/Sep/2023:11:00:25] DELETING PREPAGATI (JobID: 5209c2c8-adfe-4d0e-81b9-46a5313b1dd4)
 - Deleted: 0

[04/Sep/2023:11:30:08] UPDATING ACCOUNTS (JobID: 1242760d-f585-42eb-86e0-3ac5080d7b1c)
 - New and modified: 0

[04/Sep/2023:11:30:08] DELETING ACCOUNTS (JobID: 1242760d-f585-42eb-86e0-3ac5080d7b1c)
 - Deleted: 0

[04/Sep/2023:11:30:27] UPDATING PRODUCTS (JobID: 5e0b8361-d1b9-4d8f-b23d-830769fefd87)
 - New and modified: 0

[04/Sep/2023:11:30:30] UPDATING PREPAGATI (JobID: 30d50337-b3d3-4829-b4ca-f044e8b01841)
 - New and modified: 0

[04/Sep/2023:11:30:30] DELETING PREPAGATI (JobID: 30d50337-b3d3-4829-b4ca-f044e8b01841)
 - Deleted: 0

[04/Sep/2023:12:00:08] UPDATING ACCOUNTS (JobID: 0184cfc8-a6ee-4c51-9c32-795fe297149e)
 - New and modified: 0

[04/Sep/2023:12:00:08] DELETING ACCOUNTS (JobID: 0184cfc8-a6ee-4c51-9c32-795fe297149e)
 - Deleted: 0

[04/Sep/2023:12:00:27] UPDATING PRODUCTS (JobID: 2e0926e1-38b9-4827-b09d-a75d52c62f05)
 - New and modified: 0

[04/Sep/2023:12:00:29] UPDATING PREPAGATI (JobID: ba4adaa6-d90c-400b-a92a-de655cb65a2c)
 - New and modified: 0

[04/Sep/2023:12:00:29] DELETING PREPAGATI (JobID: ba4adaa6-d90c-400b-a92a-de655cb65a2c)
 - Deleted: 0

[04/Sep/2023:12:30:08] UPDATING ACCOUNTS (JobID: 7ffff4be-9edf-491d-a8cb-cb9ee118d6fd)
 - New and modified: 0

[04/Sep/2023:12:30:08] DELETING ACCOUNTS (JobID: 7ffff4be-9edf-491d-a8cb-cb9ee118d6fd)
 - Deleted: 0

[04/Sep/2023:12:30:25] UPDATING PRODUCTS (JobID: f9fa18be-796b-4784-97af-0f17dd8e79a4)
 - New and modified: 0

[04/Sep/2023:12:30:27] UPDATING PREPAGATI (JobID: f6e4eae2-452a-4e11-8e18-aab0383787ff)
 - New and modified: 0

[04/Sep/2023:12:30:27] DELETING PREPAGATI (JobID: f6e4eae2-452a-4e11-8e18-aab0383787ff)
 - Deleted: 0

[04/Sep/2023:13:00:02] UPDATING ACCOUNTS (JobID: 5f2536d8-0e22-4e5f-a8ca-02421e98e004)
 - New and modified: 0

[04/Sep/2023:13:00:02] DELETING ACCOUNTS (JobID: 5f2536d8-0e22-4e5f-a8ca-02421e98e004)
 - Deleted: 0

[04/Sep/2023:13:00:21] UPDATING PRODUCTS (JobID: 71ded211-db74-449d-8fbd-9c2a8f0b5e2f)
 - New and modified: 0

[04/Sep/2023:13:00:22] UPDATING PREPAGATI (JobID: b54a0679-33c9-4df1-a672-fe13376f4f77)
 - New and modified: 0

[04/Sep/2023:13:00:22] DELETING PREPAGATI (JobID: b54a0679-33c9-4df1-a672-fe13376f4f77)
 - Deleted: 0

[04/Sep/2023:13:30:08] UPDATING ACCOUNTS (JobID: 1a5b769d-e99d-4e2f-be67-187260025494)
 - New and modified: 0

[04/Sep/2023:13:30:08] DELETING ACCOUNTS (JobID: 1a5b769d-e99d-4e2f-be67-187260025494)
 - Deleted: 0

[04/Sep/2023:13:30:23] UPDATING PRODUCTS (JobID: d941eec3-bafa-4008-863d-57d11994fbcb)
 - New and modified: 0

[04/Sep/2023:13:30:26] UPDATING PREPAGATI (JobID: 2d71f9c0-b054-4483-98e0-ff210f88071c)
 - New and modified: 0

[04/Sep/2023:13:30:26] DELETING PREPAGATI (JobID: 2d71f9c0-b054-4483-98e0-ff210f88071c)
 - Deleted: 0

[04/Sep/2023:14:00:08] UPDATING ACCOUNTS (JobID: 2f409a58-28a8-4eee-aa29-4f169af9f187)
 - New and modified: 0

[04/Sep/2023:14:00:08] DELETING ACCOUNTS (JobID: 2f409a58-28a8-4eee-aa29-4f169af9f187)
 - Deleted: 0

[04/Sep/2023:14:00:25] UPDATING PRODUCTS (JobID: 75a8d068-0bee-4927-bbe5-478ff1d7adc0)
 - New and modified: 0

[04/Sep/2023:14:00:27] UPDATING PREPAGATI (JobID: 91f31b36-eab4-4430-866f-23e68da5e009)
 - New and modified: 0

[04/Sep/2023:14:00:27] DELETING PREPAGATI (JobID: 91f31b36-eab4-4430-866f-23e68da5e009)
 - Deleted: 0

[04/Sep/2023:15:00:08] UPDATING ACCOUNTS (JobID: 37311270-84bf-4075-92d2-7dbdf5050e7e)
 - New and modified: 0

[04/Sep/2023:15:00:08] DELETING ACCOUNTS (JobID: 37311270-84bf-4075-92d2-7dbdf5050e7e)
 - Deleted: 0

[04/Sep/2023:15:00:24] UPDATING PRODUCTS (JobID: 25e53301-8fea-4168-abff-afbeaa9decf8)
 - New and modified: 0

[04/Sep/2023:15:00:26] UPDATING PREPAGATI (JobID: beeeb8c0-fd2d-4c29-91cf-b6d7eb536b45)
 - New and modified: 0

[04/Sep/2023:15:00:26] DELETING PREPAGATI (JobID: beeeb8c0-fd2d-4c29-91cf-b6d7eb536b45)
 - Deleted: 0

[04/Sep/2023:16:00:08] UPDATING ACCOUNTS (JobID: 7818f5c8-951f-4a5f-8c07-39f53bae7517)
 - New and modified: 0

[04/Sep/2023:16:00:08] DELETING ACCOUNTS (JobID: 7818f5c8-951f-4a5f-8c07-39f53bae7517)
 - Deleted: 0

[04/Sep/2023:16:00:24] UPDATING PRODUCTS (JobID: bb92623d-4ee4-4cd1-a21c-7328b69733fb)
 - New and modified: 0

[04/Sep/2023:16:00:27] UPDATING PREPAGATI (JobID: bdde926c-5ecc-4e45-a46c-779a7f482b82)
 - New and modified: 0

[04/Sep/2023:16:00:27] DELETING PREPAGATI (JobID: bdde926c-5ecc-4e45-a46c-779a7f482b82)
 - Deleted: 0

[04/Sep/2023:17:00:08] UPDATING ACCOUNTS (JobID: 7bafa3c5-2a90-43c2-aa21-4716ddfd8777)
 - New and modified: 0

[04/Sep/2023:17:00:08] DELETING ACCOUNTS (JobID: 7bafa3c5-2a90-43c2-aa21-4716ddfd8777)
 - Deleted: 0

[04/Sep/2023:17:00:23] UPDATING PRODUCTS (JobID: e9e000a4-937b-4349-8c02-b172376f9aaa)
 - New and modified: 0

[04/Sep/2023:17:00:25] UPDATING PREPAGATI (JobID: 8f21dad1-3c54-40cc-ae0b-92d906644c1a)
 - New and modified: 0

[04/Sep/2023:17:00:25] DELETING PREPAGATI (JobID: 8f21dad1-3c54-40cc-ae0b-92d906644c1a)
 - Deleted: 0

[04/Sep/2023:17:30:08] UPDATING ACCOUNTS (JobID: e587a68c-b48d-4e00-bd11-28ef1db085cd)
 - New and modified: 0

[04/Sep/2023:17:30:08] DELETING ACCOUNTS (JobID: e587a68c-b48d-4e00-bd11-28ef1db085cd)
 - Deleted: 0

[04/Sep/2023:17:30:25] UPDATING PRODUCTS (JobID: b1a40a4c-15b1-4842-a3d7-f7ad70cc0f80)
 - New and modified: 0

[04/Sep/2023:17:30:27] UPDATING PREPAGATI (JobID: 2e461b86-5538-4ddb-8d6f-2ac85299e543)
 - New and modified: 0

[04/Sep/2023:17:30:27] DELETING PREPAGATI (JobID: 2e461b86-5538-4ddb-8d6f-2ac85299e543)
 - Deleted: 0

[04/Sep/2023:18:00:10] UPDATING ACCOUNTS (JobID: 01fe44f8-5140-4548-b7d6-1caddb75d3ee)
 - New and modified: 0

[04/Sep/2023:18:00:10] DELETING ACCOUNTS (JobID: 01fe44f8-5140-4548-b7d6-1caddb75d3ee)
 - Deleted: 0

[04/Sep/2023:18:00:29] UPDATING PRODUCTS (JobID: 513ec60a-2156-4ac6-bb3c-da8ca519e557)
 - New and modified: 0

[04/Sep/2023:18:00:32] UPDATING PREPAGATI (JobID: 78e8c5ee-68aa-4d87-be49-c2ed46cfe9b6)
 - New and modified: 0

[04/Sep/2023:18:00:32] DELETING PREPAGATI (JobID: 78e8c5ee-68aa-4d87-be49-c2ed46cfe9b6)
 - Deleted: 0

[04/Sep/2023:19:00:22] UPDATING ACCOUNTS (JobID: f4dfd96c-0426-46d3-8594-c68841f78414)
 - New and modified: 0

[04/Sep/2023:19:00:22] DELETING ACCOUNTS (JobID: f4dfd96c-0426-46d3-8594-c68841f78414)
 - Deleted: 0

[04/Sep/2023:19:00:40] UPDATING PRODUCTS (JobID: 395087e5-f651-4418-bd7c-c5183ef49e5d)
 - New and modified: 0

[04/Sep/2023:19:00:43] UPDATING PREPAGATI (JobID: d581b0f3-3734-4779-bfa5-ae682152537d)
 - New and modified: 0

[04/Sep/2023:19:00:43] DELETING PREPAGATI (JobID: d581b0f3-3734-4779-bfa5-ae682152537d)
 - Deleted: 0

[04/Sep/2023:19:30:03] UPDATING ACCOUNTS (JobID: 38d56adb-21cd-416e-9157-e2c4cf900782)
 - New and modified: 0

[04/Sep/2023:19:30:03] DELETING ACCOUNTS (JobID: 38d56adb-21cd-416e-9157-e2c4cf900782)
 - Deleted: 0

[04/Sep/2023:19:30:20] UPDATING PRODUCTS (JobID: 6ad43db5-0f95-4831-9d31-0f6ddb75b247)
 - New and modified: 0

[04/Sep/2023:19:30:21] UPDATING PREPAGATI (JobID: 7ffb6996-fc79-48a6-accb-e364f30715f1)
 - New and modified: 0

[04/Sep/2023:19:30:21] DELETING PREPAGATI (JobID: 7ffb6996-fc79-48a6-accb-e364f30715f1)
 - Deleted: 0

[04/Sep/2023:21:00:06] UPDATING ACCOUNTS (JobID: a752933f-3061-4bcd-8d03-4b9e68635cc6)
 - New and modified: 0

[04/Sep/2023:21:00:06] DELETING ACCOUNTS (JobID: a752933f-3061-4bcd-8d03-4b9e68635cc6)
 - Deleted: 0

[04/Sep/2023:21:00:22] UPDATING PRODUCTS (JobID: 86e6f95f-5bc2-4301-929a-d89be83ef894)
 - New and modified: 0

[04/Sep/2023:21:00:25] UPDATING PREPAGATI (JobID: f11512ef-47ae-4e79-86eb-ccba556ca4a8)
 - New and modified: 0

[04/Sep/2023:21:00:25] DELETING PREPAGATI (JobID: f11512ef-47ae-4e79-86eb-ccba556ca4a8)
 - Deleted: 0

[04/Sep/2023:21:30:07] UPDATING ACCOUNTS (JobID: 491f5214-270f-426b-a8d4-b178dc0eb6ca)
 - New and modified: 0

[04/Sep/2023:21:30:07] DELETING ACCOUNTS (JobID: 491f5214-270f-426b-a8d4-b178dc0eb6ca)
 - Deleted: 0

[04/Sep/2023:21:30:23] UPDATING PRODUCTS (JobID: 09966c99-3cd7-44a9-a85d-da6a93600b54)
 - New and modified: 0

[04/Sep/2023:21:30:25] UPDATING PREPAGATI (JobID: 291d2ff5-b6d7-4ad6-961b-0e1fa66a1931)
 - New and modified: 0

[04/Sep/2023:21:30:25] DELETING PREPAGATI (JobID: 291d2ff5-b6d7-4ad6-961b-0e1fa66a1931)
 - Deleted: 0

[04/Sep/2023:22:00:08] UPDATING ACCOUNTS (JobID: 2dc82308-cf9f-4429-9b76-fabd052dd9c0)
 - New and modified: 0

[04/Sep/2023:22:00:08] DELETING ACCOUNTS (JobID: 2dc82308-cf9f-4429-9b76-fabd052dd9c0)
 - Deleted: 0

[04/Sep/2023:22:00:24] UPDATING PRODUCTS (JobID: 45f2cdef-ffc8-471c-a38d-964dbecc3d32)
 - New and modified: 0

[04/Sep/2023:22:00:27] UPDATING PREPAGATI (JobID: f72cf6db-07eb-4bf8-b44d-998eb888d3b7)
 - New and modified: 0

[04/Sep/2023:22:00:27] DELETING PREPAGATI (JobID: f72cf6db-07eb-4bf8-b44d-998eb888d3b7)
 - Deleted: 0

[04/Sep/2023:23:00:08] UPDATING ACCOUNTS (JobID: f992a966-07c7-4a1a-9f40-622b841ae9bb)
 - New and modified: 0

[04/Sep/2023:23:00:08] DELETING ACCOUNTS (JobID: f992a966-07c7-4a1a-9f40-622b841ae9bb)
 - Deleted: 0

[04/Sep/2023:23:00:23] UPDATING PRODUCTS (JobID: 4d28fe12-6c11-4b68-975e-3370d723057f)
 - New and modified: 0

[04/Sep/2023:23:00:26] UPDATING PREPAGATI (JobID: e81cc7df-a594-4037-a7cf-d24cf4e6eac3)
 - New and modified: 0

[04/Sep/2023:23:00:26] DELETING PREPAGATI (JobID: e81cc7df-a594-4037-a7cf-d24cf4e6eac3)
 - Deleted: 0

