[30/May/2023:00:00:04] UPDATING ACCOUNTS (JobID: a976c826-f4dc-4cf0-a4c5-96578a5a04a5)
 - New and modified: 0

[30/May/2023:00:00:04] DELETING ACCOUNTS (JobID: a976c826-f4dc-4cf0-a4c5-96578a5a04a5)
 - Deleted: 0

[30/May/2023:00:00:39] UPDATING PRODUCTS (JobID: 78080bcd-4999-4353-88ea-c62a5661d7ae)
 - New and modified: 0

[30/May/2023:00:00:40] UPDATING PREPAGATI (JobID: 9cd0073b-4604-4bde-b88f-af4d7294a84e)
 - New and modified: 0

[30/May/2023:00:00:40] DELETING PREPAGATI (JobID: 9cd0073b-4604-4bde-b88f-af4d7294a84e)
 - Deleted: 0

[30/May/2023:00:10:04] UPDATING ACCOUNTS (JobID: 3766b0af-305a-4ac3-87c5-175adb167b15)
 - New and modified: 0

[30/May/2023:00:10:04] DELETING ACCOUNTS (JobID: 3766b0af-305a-4ac3-87c5-175adb167b15)
 - Deleted: 0

[30/May/2023:00:10:38] UPDATING PRODUCTS (JobID: 9d7533b6-8444-4d63-a47a-5ae087f325e2)
 - New and modified: 0

[30/May/2023:00:10:40] UPDATING PREPAGATI (JobID: 5bd03be7-6092-476c-bd0c-04fc8e7ec54e)
 - New and modified: 0

[30/May/2023:00:10:40] DELETING PREPAGATI (JobID: 5bd03be7-6092-476c-bd0c-04fc8e7ec54e)
 - Deleted: 0

[30/May/2023:00:20:04] UPDATING ACCOUNTS (JobID: 1dacfcbf-fba0-4a89-8006-0767f9fe2278)
 - New and modified: 0

[30/May/2023:00:20:04] DELETING ACCOUNTS (JobID: 1dacfcbf-fba0-4a89-8006-0767f9fe2278)
 - Deleted: 0

[30/May/2023:00:20:37] UPDATING PRODUCTS (JobID: 2e398353-728f-49de-8cf7-9fd899bd8211)
 - New and modified: 0

[30/May/2023:00:20:38] UPDATING PREPAGATI (JobID: 84302077-65e9-47ff-a51b-af892ccbb9ab)
 - New and modified: 0

[30/May/2023:00:20:38] DELETING PREPAGATI (JobID: 84302077-65e9-47ff-a51b-af892ccbb9ab)
 - Deleted: 0

[30/May/2023:00:40:04] UPDATING ACCOUNTS (JobID: 068237af-4565-4869-98fb-bdec84e7b945)
 - New and modified: 0

[30/May/2023:00:40:04] DELETING ACCOUNTS (JobID: 068237af-4565-4869-98fb-bdec84e7b945)
 - Deleted: 0

[30/May/2023:00:40:39] UPDATING PRODUCTS (JobID: 8e2c67d4-5fcd-4708-86a3-3a6d89f998e7)
 - New and modified: 0

[30/May/2023:00:40:40] UPDATING PREPAGATI (JobID: 85392a0c-fc01-4507-a114-48c1e8fbcd9c)
 - New and modified: 0

[30/May/2023:00:40:40] DELETING PREPAGATI (JobID: 85392a0c-fc01-4507-a114-48c1e8fbcd9c)
 - Deleted: 0

[30/May/2023:00:50:05] UPDATING ACCOUNTS (JobID: d0103241-7b65-4993-ac9b-be64cc0cfcf7)
 - New and modified: 0

[30/May/2023:00:50:05] DELETING ACCOUNTS (JobID: d0103241-7b65-4993-ac9b-be64cc0cfcf7)
 - Deleted: 0

[30/May/2023:00:50:39] UPDATING PRODUCTS (JobID: b846377c-4caa-4caf-b15e-655cba544320)
 - New and modified: 0

[30/May/2023:00:50:40] UPDATING PREPAGATI (JobID: 6170f43f-da61-449a-b845-d21cfab393f0)
 - New and modified: 0

[30/May/2023:00:50:40] DELETING PREPAGATI (JobID: 6170f43f-da61-449a-b845-d21cfab393f0)
 - Deleted: 0

[30/May/2023:01:00:04] UPDATING ACCOUNTS (JobID: 01c251c9-0572-4f52-b044-59e44a927d01)
 - New and modified: 0

[30/May/2023:01:00:04] DELETING ACCOUNTS (JobID: 01c251c9-0572-4f52-b044-59e44a927d01)
 - Deleted: 0

[30/May/2023:01:00:44] UPDATING PRODUCTS (JobID: 956639ba-0096-48d4-baea-688d942cf8c0)
 - New and modified: 0

[30/May/2023:01:00:47] UPDATING PREPAGATI (JobID: 963baab6-0425-4c9d-bbe6-d43c25bcac50)
 - New and modified: 0

[30/May/2023:01:00:47] DELETING PREPAGATI (JobID: 963baab6-0425-4c9d-bbe6-d43c25bcac50)
 - Deleted: 0

[30/May/2023:01:10:05] UPDATING ACCOUNTS (JobID: 86c8ab66-3b4b-4adb-af54-4677a66bb5dc)
 - New and modified: 0

[30/May/2023:01:10:05] DELETING ACCOUNTS (JobID: 86c8ab66-3b4b-4adb-af54-4677a66bb5dc)
 - Deleted: 0

[30/May/2023:01:10:41] UPDATING PRODUCTS (JobID: c00511a6-2e93-4e42-b1c6-13bd0478d6dc)
 - New and modified: 0

[30/May/2023:01:10:43] UPDATING PREPAGATI (JobID: f1243670-b1cc-41a9-965b-638daf0c3e9d)
 - New and modified: 0

[30/May/2023:01:10:43] DELETING PREPAGATI (JobID: f1243670-b1cc-41a9-965b-638daf0c3e9d)
 - Deleted: 0

[30/May/2023:01:20:05] UPDATING ACCOUNTS (JobID: ebc0d11d-88ca-474d-b266-e2a45804c998)
 - New and modified: 0

[30/May/2023:01:20:05] DELETING ACCOUNTS (JobID: ebc0d11d-88ca-474d-b266-e2a45804c998)
 - Deleted: 0

[30/May/2023:01:20:43] UPDATING PRODUCTS (JobID: 44ac060c-5813-493c-be3f-50b46a0be5ba)
 - New and modified: 0

[30/May/2023:01:20:45] UPDATING PREPAGATI (JobID: e09abf55-4015-4371-9088-1af8025a29ac)
 - New and modified: 0

[30/May/2023:01:20:45] DELETING PREPAGATI (JobID: e09abf55-4015-4371-9088-1af8025a29ac)
 - Deleted: 0

[30/May/2023:01:30:05] UPDATING ACCOUNTS (JobID: 11748e26-b235-4c14-814d-fd1b4a466c8c)
 - New and modified: 0

[30/May/2023:01:30:05] DELETING ACCOUNTS (JobID: 11748e26-b235-4c14-814d-fd1b4a466c8c)
 - Deleted: 0

[30/May/2023:01:30:43] UPDATING PRODUCTS (JobID: d571d6cb-fba9-451c-9470-7beae20f3853)
 - New and modified: 0

[30/May/2023:01:30:45] UPDATING PREPAGATI (JobID: 0eb020d4-3fba-4cd2-a98e-7358aee3095c)
 - New and modified: 0

[30/May/2023:01:30:45] DELETING PREPAGATI (JobID: 0eb020d4-3fba-4cd2-a98e-7358aee3095c)
 - Deleted: 0

[30/May/2023:01:40:06] UPDATING ACCOUNTS (JobID: 78871102-bf2f-4ad7-936c-08a8f449fe21)
 - New and modified: 0

[30/May/2023:01:40:06] DELETING ACCOUNTS (JobID: 78871102-bf2f-4ad7-936c-08a8f449fe21)
 - Deleted: 0

[30/May/2023:01:40:50] UPDATING PRODUCTS (JobID: 03c2bd98-371a-4905-ace5-0ca084ac6beb)
 - New and modified: 0

[30/May/2023:01:40:52] UPDATING PREPAGATI (JobID: 37659c85-ef43-4d36-a66c-33afca49c157)
 - New and modified: 0

[30/May/2023:01:40:52] DELETING PREPAGATI (JobID: 37659c85-ef43-4d36-a66c-33afca49c157)
 - Deleted: 0

[30/May/2023:01:50:06] UPDATING ACCOUNTS (JobID: 53f66c24-6b9e-434b-9096-c72314e5418a)
 - New and modified: 0

[30/May/2023:01:50:06] DELETING ACCOUNTS (JobID: 53f66c24-6b9e-434b-9096-c72314e5418a)
 - Deleted: 0

[30/May/2023:01:50:57] UPDATING PRODUCTS (JobID: 008b30b3-2326-4c21-906a-9e2d67afeda9)
 - New and modified: 0

[30/May/2023:01:51:00] UPDATING PREPAGATI (JobID: bdeb6bf1-6093-40c7-b417-88718f10e0c5)
 - New and modified: 0

[30/May/2023:01:51:00] DELETING PREPAGATI (JobID: bdeb6bf1-6093-40c7-b417-88718f10e0c5)
 - Deleted: 0

[30/May/2023:02:00:21] UPDATING ACCOUNTS (JobID: e477f76a-8911-4457-bf3b-6048bec1e479)
 - New and modified: 0

[30/May/2023:02:00:21] DELETING ACCOUNTS (JobID: e477f76a-8911-4457-bf3b-6048bec1e479)
 - Deleted: 0

[30/May/2023:02:01:34] UPDATING PRODUCTS (JobID: 590e4ebe-e749-4224-85d5-b695dc645049)
 - New and modified: 0

[30/May/2023:02:01:38] UPDATING PREPAGATI (JobID: 30f11d59-d30e-497f-b603-0cc12e9b130d)
 - New and modified: 0

[30/May/2023:02:01:38] DELETING PREPAGATI (JobID: 30f11d59-d30e-497f-b603-0cc12e9b130d)
 - Deleted: 0

[30/May/2023:02:10:05] UPDATING ACCOUNTS (JobID: a0536b89-b341-496b-b080-91a39f83b38a)
 - New and modified: 0

[30/May/2023:02:10:05] DELETING ACCOUNTS (JobID: a0536b89-b341-496b-b080-91a39f83b38a)
 - Deleted: 0

[30/May/2023:02:10:53] UPDATING PRODUCTS (JobID: 1f415f1a-d19e-4fc9-8528-4742b9984f4a)
 - New and modified: 0

[30/May/2023:02:10:56] UPDATING PREPAGATI (JobID: ed6c8604-f508-4c20-bada-9a886039570e)
 - New and modified: 0

[30/May/2023:02:10:56] DELETING PREPAGATI (JobID: ed6c8604-f508-4c20-bada-9a886039570e)
 - Deleted: 0

[30/May/2023:02:20:05] UPDATING ACCOUNTS (JobID: 0a9e022d-bd20-4841-a3ed-769aeb958acb)
 - New and modified: 0

[30/May/2023:02:20:05] DELETING ACCOUNTS (JobID: 0a9e022d-bd20-4841-a3ed-769aeb958acb)
 - Deleted: 0

[30/May/2023:02:20:55] UPDATING PRODUCTS (JobID: d4208365-531b-4bd3-967d-ff957d349656)
 - New and modified: 0

[30/May/2023:02:20:57] UPDATING PREPAGATI (JobID: d7e35b48-08da-4c00-896b-cbfe0b12ea33)
 - New and modified: 0

[30/May/2023:02:20:57] DELETING PREPAGATI (JobID: d7e35b48-08da-4c00-896b-cbfe0b12ea33)
 - Deleted: 0

[30/May/2023:02:30:04] UPDATING ACCOUNTS (JobID: 2cc0b4d7-7c4c-4f0f-b07b-e9df25b59797)
 - New and modified: 0

[30/May/2023:02:30:04] DELETING ACCOUNTS (JobID: 2cc0b4d7-7c4c-4f0f-b07b-e9df25b59797)
 - Deleted: 0

[30/May/2023:02:30:39] UPDATING PRODUCTS (JobID: 9617a6cc-3094-400b-a37b-cd1ef5f506e9)
 - New and modified: 0

[30/May/2023:02:30:41] UPDATING PREPAGATI (JobID: 96b3b645-8ac0-4190-99c4-5933f7d34762)
 - New and modified: 0

[30/May/2023:02:30:41] DELETING PREPAGATI (JobID: 96b3b645-8ac0-4190-99c4-5933f7d34762)
 - Deleted: 0

[30/May/2023:02:40:04] UPDATING ACCOUNTS (JobID: b40c5c94-3c9e-4c21-83d1-59af621302c7)
 - New and modified: 0

[30/May/2023:02:40:04] DELETING ACCOUNTS (JobID: b40c5c94-3c9e-4c21-83d1-59af621302c7)
 - Deleted: 0

[30/May/2023:02:40:41] UPDATING PRODUCTS (JobID: 067da45a-b91e-4c43-aab5-b57a37b8dbca)
 - New and modified: 0

[30/May/2023:02:40:43] UPDATING PREPAGATI (JobID: afa0fd26-bdce-46a3-b9c6-e2c4c3045a2a)
 - New and modified: 0

[30/May/2023:02:40:43] DELETING PREPAGATI (JobID: afa0fd26-bdce-46a3-b9c6-e2c4c3045a2a)
 - Deleted: 0

[30/May/2023:02:50:05] UPDATING ACCOUNTS (JobID: f98d3d3a-fc6b-4528-a8d8-9b0c8232c98a)
 - New and modified: 0

[30/May/2023:02:50:05] DELETING ACCOUNTS (JobID: f98d3d3a-fc6b-4528-a8d8-9b0c8232c98a)
 - Deleted: 0

[30/May/2023:02:50:41] UPDATING PRODUCTS (JobID: 91e0a8f5-1cee-43fc-94d6-8c939b5ff5a8)
 - New and modified: 0

[30/May/2023:02:50:43] UPDATING PREPAGATI (JobID: 59774167-ee22-412d-951f-49def64af9be)
 - New and modified: 0

[30/May/2023:02:50:43] DELETING PREPAGATI (JobID: 59774167-ee22-412d-951f-49def64af9be)
 - Deleted: 0

[30/May/2023:03:00:05] UPDATING ACCOUNTS (JobID: b7e17d14-a90d-48d2-b680-e766fb6126f6)
 - New and modified: 0

[30/May/2023:03:00:05] DELETING ACCOUNTS (JobID: b7e17d14-a90d-48d2-b680-e766fb6126f6)
 - Deleted: 0

[30/May/2023:03:00:43] UPDATING PRODUCTS (JobID: 48977c48-57e2-4b82-b4a0-068dce53e9bf)
 - New and modified: 0

[30/May/2023:03:00:45] UPDATING PREPAGATI (JobID: 3b88903b-2b62-44a5-9deb-2292aea57b16)
 - New and modified: 0

[30/May/2023:03:00:45] DELETING PREPAGATI (JobID: 3b88903b-2b62-44a5-9deb-2292aea57b16)
 - Deleted: 0

[30/May/2023:03:10:05] UPDATING ACCOUNTS (JobID: b31ce828-63ab-4538-adc4-1e3ea39174fa)
 - New and modified: 0

[30/May/2023:03:10:05] DELETING ACCOUNTS (JobID: b31ce828-63ab-4538-adc4-1e3ea39174fa)
 - Deleted: 0

[30/May/2023:03:10:47] UPDATING PRODUCTS (JobID: bba2fffe-63ed-4f2c-8a2a-c6e9d8c3b5c5)
 - New and modified: 0

[30/May/2023:03:10:49] UPDATING PREPAGATI (JobID: fd78044b-cf96-4d54-986f-ace4b5cfebb2)
 - New and modified: 0

[30/May/2023:03:10:49] DELETING PREPAGATI (JobID: fd78044b-cf96-4d54-986f-ace4b5cfebb2)
 - Deleted: 0

[30/May/2023:03:20:05] UPDATING ACCOUNTS (JobID: 50e73c73-2925-435a-b73f-97f68138dc01)
 - New and modified: 0

[30/May/2023:03:20:05] DELETING ACCOUNTS (JobID: 50e73c73-2925-435a-b73f-97f68138dc01)
 - Deleted: 0

[30/May/2023:03:20:41] UPDATING PRODUCTS (JobID: 27cea123-f093-4607-94aa-55fc40f7787c)
 - New and modified: 0

[30/May/2023:03:20:43] UPDATING PREPAGATI (JobID: a6d354d3-ff4d-43ab-b5f7-5493f23db7f8)
 - New and modified: 0

[30/May/2023:03:20:43] DELETING PREPAGATI (JobID: a6d354d3-ff4d-43ab-b5f7-5493f23db7f8)
 - Deleted: 0

[30/May/2023:03:30:06] UPDATING ACCOUNTS (JobID: f9c1fa40-a155-4085-a32f-218f29c28b70)
 - New and modified: 0

[30/May/2023:03:30:06] DELETING ACCOUNTS (JobID: f9c1fa40-a155-4085-a32f-218f29c28b70)
 - Deleted: 0

[30/May/2023:03:30:47] UPDATING PRODUCTS (JobID: ad6d88ac-c688-4314-b813-31d3e768abf7)
 - New and modified: 0

[30/May/2023:03:30:50] UPDATING PREPAGATI (JobID: 876e8c0d-bb5e-40f5-8b7a-6e6beae578c5)
 - New and modified: 0

[30/May/2023:03:30:50] DELETING PREPAGATI (JobID: 876e8c0d-bb5e-40f5-8b7a-6e6beae578c5)
 - Deleted: 0

[30/May/2023:03:40:04] UPDATING ACCOUNTS (JobID: 7141fd72-6699-4052-b66d-9bdfcedf621a)
 - New and modified: 0

[30/May/2023:03:40:04] DELETING ACCOUNTS (JobID: 7141fd72-6699-4052-b66d-9bdfcedf621a)
 - Deleted: 0

[30/May/2023:03:40:43] UPDATING PRODUCTS (JobID: 8908def5-ff4f-4ec9-b9fd-22b6cb81f8a5)
 - New and modified: 0

[30/May/2023:03:40:45] UPDATING PREPAGATI (JobID: 29a33054-9ac8-40ef-af86-800de495a97a)
 - New and modified: 0

[30/May/2023:03:40:45] DELETING PREPAGATI (JobID: 29a33054-9ac8-40ef-af86-800de495a97a)
 - Deleted: 0

[30/May/2023:03:50:04] UPDATING ACCOUNTS (JobID: 5ec6f4eb-d432-479d-aae3-6465e92059e3)
 - New and modified: 0

[30/May/2023:03:50:04] DELETING ACCOUNTS (JobID: 5ec6f4eb-d432-479d-aae3-6465e92059e3)
 - Deleted: 0

[30/May/2023:03:50:41] UPDATING PRODUCTS (JobID: 68d8dca9-b90d-4e34-a385-568d0207269f)
 - New and modified: 0

[30/May/2023:03:50:43] UPDATING PREPAGATI (JobID: 1b4146ec-2e1c-4f36-83ed-f9149a4efc14)
 - New and modified: 0

[30/May/2023:03:50:43] DELETING PREPAGATI (JobID: 1b4146ec-2e1c-4f36-83ed-f9149a4efc14)
 - Deleted: 0

[30/May/2023:04:00:04] UPDATING ACCOUNTS (JobID: c68068e9-cc90-4556-8344-373ce641ba40)
 - New and modified: 0

[30/May/2023:04:00:04] DELETING ACCOUNTS (JobID: c68068e9-cc90-4556-8344-373ce641ba40)
 - Deleted: 0

[30/May/2023:04:00:39] UPDATING PRODUCTS (JobID: 93e43e3a-30c3-4d37-a630-3d9ddc20a7b5)
 - New and modified: 0

[30/May/2023:04:00:41] UPDATING PREPAGATI (JobID: 5aa87bc0-c459-4a9e-acdb-48af7c26c82b)
 - New and modified: 0

[30/May/2023:04:00:41] DELETING PREPAGATI (JobID: 5aa87bc0-c459-4a9e-acdb-48af7c26c82b)
 - Deleted: 0

[30/May/2023:04:10:05] UPDATING ACCOUNTS (JobID: 5f455ddc-219a-4f66-ba20-76ab9bd87fcd)
 - New and modified: 0

[30/May/2023:04:10:05] DELETING ACCOUNTS (JobID: 5f455ddc-219a-4f66-ba20-76ab9bd87fcd)
 - Deleted: 0

[30/May/2023:04:10:40] UPDATING PRODUCTS (JobID: 15e22cfe-e9e1-4e1e-8e5f-d5b5ac8d8903)
 - New and modified: 0

[30/May/2023:04:10:42] UPDATING PREPAGATI (JobID: 2482746e-09a1-4b27-9936-c76e7167cf96)
 - New and modified: 0

[30/May/2023:04:10:42] DELETING PREPAGATI (JobID: 2482746e-09a1-4b27-9936-c76e7167cf96)
 - Deleted: 0

[30/May/2023:04:20:04] UPDATING ACCOUNTS (JobID: 9d68423d-7356-4f4f-922f-76ff9e1ed3f4)
 - New and modified: 0

[30/May/2023:04:20:04] DELETING ACCOUNTS (JobID: 9d68423d-7356-4f4f-922f-76ff9e1ed3f4)
 - Deleted: 0

[30/May/2023:04:20:39] UPDATING PRODUCTS (JobID: e06c6e0e-a278-4876-b451-9be75f285997)
 - New and modified: 0

[30/May/2023:04:20:41] UPDATING PREPAGATI (JobID: e052617e-7c96-4beb-90db-62ed8d853f0b)
 - New and modified: 0

[30/May/2023:04:20:41] DELETING PREPAGATI (JobID: e052617e-7c96-4beb-90db-62ed8d853f0b)
 - Deleted: 0

[30/May/2023:04:30:04] UPDATING ACCOUNTS (JobID: 46361c7d-41d1-4c90-82d5-ba06d2443727)
 - New and modified: 0

[30/May/2023:04:30:04] DELETING ACCOUNTS (JobID: 46361c7d-41d1-4c90-82d5-ba06d2443727)
 - Deleted: 0

[30/May/2023:04:30:40] UPDATING PRODUCTS (JobID: 66ac0d1e-8cad-46a2-bf18-160825be4ece)
 - New and modified: 0

[30/May/2023:04:30:42] UPDATING PREPAGATI (JobID: 2aada795-cd6d-4694-b24a-1dc2fde8b03a)
 - New and modified: 0

[30/May/2023:04:30:42] DELETING PREPAGATI (JobID: 2aada795-cd6d-4694-b24a-1dc2fde8b03a)
 - Deleted: 0

[30/May/2023:04:40:04] UPDATING ACCOUNTS (JobID: 28a4d9f9-0ead-4dee-899d-162800e61f85)
 - New and modified: 0

[30/May/2023:04:40:04] DELETING ACCOUNTS (JobID: 28a4d9f9-0ead-4dee-899d-162800e61f85)
 - Deleted: 0

[30/May/2023:04:40:41] UPDATING PRODUCTS (JobID: a0adde01-c44a-423f-82d2-758f14958178)
 - New and modified: 0

[30/May/2023:04:40:43] UPDATING PREPAGATI (JobID: 072ba804-b60e-41c1-91d7-f0333c8ef093)
 - New and modified: 0

[30/May/2023:04:40:43] DELETING PREPAGATI (JobID: 072ba804-b60e-41c1-91d7-f0333c8ef093)
 - Deleted: 0

[30/May/2023:04:50:04] UPDATING ACCOUNTS (JobID: a04ba026-e466-4b0c-9126-ed40d91035e4)
 - New and modified: 0

[30/May/2023:04:50:04] DELETING ACCOUNTS (JobID: a04ba026-e466-4b0c-9126-ed40d91035e4)
 - Deleted: 0

[30/May/2023:04:50:40] UPDATING PRODUCTS (JobID: b4368c2e-1b7d-412c-8c45-472d87ba2bb0)
 - New and modified: 0

[30/May/2023:04:50:42] UPDATING PREPAGATI (JobID: 4b389271-ec27-409f-b790-4dd07450d9e3)
 - New and modified: 0

[30/May/2023:04:50:42] DELETING PREPAGATI (JobID: 4b389271-ec27-409f-b790-4dd07450d9e3)
 - Deleted: 0

[30/May/2023:05:00:07] UPDATING ACCOUNTS (JobID: ceac2a05-e0b0-499c-99a9-f45e577b8b5c)
 - New and modified: 0

[30/May/2023:05:00:07] DELETING ACCOUNTS (JobID: ceac2a05-e0b0-499c-99a9-f45e577b8b5c)
 - Deleted: 0

[30/May/2023:05:00:42] UPDATING PRODUCTS (JobID: ad1ffc17-34f3-4d50-8e66-6e40e9e72ede)
 - New and modified: 0

[30/May/2023:05:00:44] UPDATING PREPAGATI (JobID: 0038b4e5-2442-47a7-8286-400a5d5527ae)
 - New and modified: 0

[30/May/2023:05:00:44] DELETING PREPAGATI (JobID: 0038b4e5-2442-47a7-8286-400a5d5527ae)
 - Deleted: 0

[30/May/2023:05:10:04] UPDATING ACCOUNTS (JobID: c7f735cc-a89d-4ae4-a3c7-9d93186d3ca6)
 - New and modified: 0

[30/May/2023:05:10:04] DELETING ACCOUNTS (JobID: c7f735cc-a89d-4ae4-a3c7-9d93186d3ca6)
 - Deleted: 0

[30/May/2023:05:10:39] UPDATING PRODUCTS (JobID: 3b066cb0-52dc-43f0-86a5-cb839bd5658a)
 - New and modified: 0

[30/May/2023:05:10:41] UPDATING PREPAGATI (JobID: 0cb30178-0ea6-4526-a321-478f88773cb4)
 - New and modified: 0

[30/May/2023:05:10:41] DELETING PREPAGATI (JobID: 0cb30178-0ea6-4526-a321-478f88773cb4)
 - Deleted: 0

[30/May/2023:05:20:04] UPDATING ACCOUNTS (JobID: ff1ccb30-00f1-4049-a18b-a1eb49f359f5)
 - New and modified: 0

[30/May/2023:05:20:04] DELETING ACCOUNTS (JobID: ff1ccb30-00f1-4049-a18b-a1eb49f359f5)
 - Deleted: 0

[30/May/2023:05:20:39] UPDATING PRODUCTS (JobID: 828f93b9-14e8-4ce7-a509-02ef942d92af)
 - New and modified: 0

[30/May/2023:05:20:41] UPDATING PREPAGATI (JobID: 5789d24e-151f-431d-b65c-1cb61c9047d9)
 - New and modified: 0

[30/May/2023:05:20:41] DELETING PREPAGATI (JobID: 5789d24e-151f-431d-b65c-1cb61c9047d9)
 - Deleted: 0

[30/May/2023:05:30:04] UPDATING ACCOUNTS (JobID: 4a8f25f3-72ef-417f-9432-75fe0abe2540)
 - New and modified: 0

[30/May/2023:05:30:04] DELETING ACCOUNTS (JobID: 4a8f25f3-72ef-417f-9432-75fe0abe2540)
 - Deleted: 0

[30/May/2023:05:30:40] UPDATING PRODUCTS (JobID: d17b2f0f-2876-49f6-8f23-aab23247f938)
 - New and modified: 0

[30/May/2023:05:30:42] UPDATING PREPAGATI (JobID: 545cb7b7-2171-4fae-ab9f-f03f4f6e22ef)
 - New and modified: 0

[30/May/2023:05:30:42] DELETING PREPAGATI (JobID: 545cb7b7-2171-4fae-ab9f-f03f4f6e22ef)
 - Deleted: 0

[30/May/2023:05:40:04] UPDATING ACCOUNTS (JobID: f67fad2e-2ac8-40d9-be44-036d0eb0a08a)
 - New and modified: 0

[30/May/2023:05:40:04] DELETING ACCOUNTS (JobID: f67fad2e-2ac8-40d9-be44-036d0eb0a08a)
 - Deleted: 0

[30/May/2023:05:40:39] UPDATING PRODUCTS (JobID: 80e8d2e2-d601-445e-a9d2-6deebbddd2ed)
 - New and modified: 0

[30/May/2023:05:40:41] UPDATING PREPAGATI (JobID: 833c72a1-224b-4ab5-84bd-75419fa5f580)
 - New and modified: 0

[30/May/2023:05:40:41] DELETING PREPAGATI (JobID: 833c72a1-224b-4ab5-84bd-75419fa5f580)
 - Deleted: 0

[30/May/2023:05:50:04] UPDATING ACCOUNTS (JobID: f18e8cad-b5c9-4f32-82dc-07bd698f1e85)
 - New and modified: 0

[30/May/2023:05:50:04] DELETING ACCOUNTS (JobID: f18e8cad-b5c9-4f32-82dc-07bd698f1e85)
 - Deleted: 0

[30/May/2023:05:50:39] UPDATING PRODUCTS (JobID: a25853c3-cf4e-4357-a1c4-311b14644cec)
 - New and modified: 0

[30/May/2023:05:50:41] UPDATING PREPAGATI (JobID: deb79bbd-b02f-474a-81c2-428dd5483b87)
 - New and modified: 0

[30/May/2023:05:50:41] DELETING PREPAGATI (JobID: deb79bbd-b02f-474a-81c2-428dd5483b87)
 - Deleted: 0

[30/May/2023:06:00:04] UPDATING ACCOUNTS (JobID: 8d0d653d-24fb-4d17-a717-140560114125)
 - New and modified: 0

[30/May/2023:06:00:04] DELETING ACCOUNTS (JobID: 8d0d653d-24fb-4d17-a717-140560114125)
 - Deleted: 0

[30/May/2023:06:00:42] UPDATING PRODUCTS (JobID: 3fd3733c-1efb-40bb-b41d-6f8a7abba73f)
 - New and modified: 0

[30/May/2023:06:00:43] UPDATING PREPAGATI (JobID: a060880f-eb83-41da-bb0a-895c36e6033a)
 - New and modified: 0

[30/May/2023:06:00:43] DELETING PREPAGATI (JobID: a060880f-eb83-41da-bb0a-895c36e6033a)
 - Deleted: 0

[30/May/2023:06:10:05] UPDATING ACCOUNTS (JobID: 3c8bc044-9447-40c7-aeb1-4100d4295e2f)
 - New and modified: 0

[30/May/2023:06:10:05] DELETING ACCOUNTS (JobID: 3c8bc044-9447-40c7-aeb1-4100d4295e2f)
 - Deleted: 0

[30/May/2023:06:10:41] UPDATING PRODUCTS (JobID: 9b8d792c-345d-469e-a208-5ed819caa1ac)
 - New and modified: 0

[30/May/2023:06:10:44] UPDATING PREPAGATI (JobID: 32cf981a-e4ca-48a6-9a24-ce615daf1793)
 - New and modified: 0

[30/May/2023:06:10:44] DELETING PREPAGATI (JobID: 32cf981a-e4ca-48a6-9a24-ce615daf1793)
 - Deleted: 0

[30/May/2023:06:20:05] UPDATING ACCOUNTS (JobID: 5a764af0-d87e-478e-8190-7d90ac72a31a)
 - New and modified: 0

[30/May/2023:06:20:05] DELETING ACCOUNTS (JobID: 5a764af0-d87e-478e-8190-7d90ac72a31a)
 - Deleted: 0

[30/May/2023:06:20:40] UPDATING PRODUCTS (JobID: 6acfd543-e173-4a9f-8c44-b2dbfdf5a3d4)
 - New and modified: 0

[30/May/2023:06:20:42] UPDATING PREPAGATI (JobID: fdf5db72-7c6f-45be-9353-8af2214a2c2b)
 - New and modified: 0

[30/May/2023:06:20:42] DELETING PREPAGATI (JobID: fdf5db72-7c6f-45be-9353-8af2214a2c2b)
 - Deleted: 0

[30/May/2023:06:30:05] UPDATING ACCOUNTS (JobID: 808564c9-0a33-4e1e-91e7-f52e8c5b9489)
 - New and modified: 0

[30/May/2023:06:30:05] DELETING ACCOUNTS (JobID: 808564c9-0a33-4e1e-91e7-f52e8c5b9489)
 - Deleted: 0

[30/May/2023:06:30:44] UPDATING PRODUCTS (JobID: 6d1dbeac-5786-40cb-82b3-21c6b6d0046f)
 - New and modified: 0

[30/May/2023:06:30:46] UPDATING PREPAGATI (JobID: 2eab8d3c-e84f-4a36-a928-721c91d28293)
 - New and modified: 0

[30/May/2023:06:30:46] DELETING PREPAGATI (JobID: 2eab8d3c-e84f-4a36-a928-721c91d28293)
 - Deleted: 0

[30/May/2023:06:40:04] UPDATING ACCOUNTS (JobID: bcf4e1b4-b8c7-4ba7-b0ad-40c62972b773)
 - New and modified: 0

[30/May/2023:06:40:04] DELETING ACCOUNTS (JobID: bcf4e1b4-b8c7-4ba7-b0ad-40c62972b773)
 - Deleted: 0

[30/May/2023:06:40:40] UPDATING PRODUCTS (JobID: fe4893ef-7ec1-41a7-9789-4235f0113cc1)
 - New and modified: 0

[30/May/2023:06:40:42] UPDATING PREPAGATI (JobID: 4b5348cd-f5e5-4e85-86ad-bf3d920b4076)
 - New and modified: 0

[30/May/2023:06:40:42] DELETING PREPAGATI (JobID: 4b5348cd-f5e5-4e85-86ad-bf3d920b4076)
 - Deleted: 0

[30/May/2023:06:50:04] UPDATING ACCOUNTS (JobID: 71a96874-1d09-4a3f-98fb-a6a6c170cfe5)
 - New and modified: 0

[30/May/2023:06:50:04] DELETING ACCOUNTS (JobID: 71a96874-1d09-4a3f-98fb-a6a6c170cfe5)
 - Deleted: 0

[30/May/2023:06:50:42] UPDATING PRODUCTS (JobID: 7015cecf-eb23-4e62-a7da-8e19cca6016d)
 - New and modified: 0

[30/May/2023:06:50:44] UPDATING PREPAGATI (JobID: 459fb3db-ca29-4eb6-b6ae-d0f8f41c3144)
 - New and modified: 0

[30/May/2023:06:50:44] DELETING PREPAGATI (JobID: 459fb3db-ca29-4eb6-b6ae-d0f8f41c3144)
 - Deleted: 0

[30/May/2023:07:00:18] UPDATING ACCOUNTS (JobID: db1db98f-9f34-4152-bdf1-3434113bce91)
 - New and modified: 0

[30/May/2023:07:00:18] DELETING ACCOUNTS (JobID: db1db98f-9f34-4152-bdf1-3434113bce91)
 - Deleted: 0

[30/May/2023:07:00:52] UPDATING PRODUCTS (JobID: 18951715-640d-4233-b623-cd2bc80e0f63)
 - New and modified: 0

[30/May/2023:07:00:54] UPDATING PREPAGATI (JobID: 65b53a5a-4cf0-4e33-9607-b95eca3d5dc3)
 - New and modified: 0

[30/May/2023:07:00:54] DELETING PREPAGATI (JobID: 65b53a5a-4cf0-4e33-9607-b95eca3d5dc3)
 - Deleted: 0

[30/May/2023:07:10:04] UPDATING ACCOUNTS (JobID: 841a163b-768f-4e25-9ad2-d0380f1fc494)
 - New and modified: 0

[30/May/2023:07:10:04] DELETING ACCOUNTS (JobID: 841a163b-768f-4e25-9ad2-d0380f1fc494)
 - Deleted: 0

[30/May/2023:07:10:38] UPDATING PRODUCTS (JobID: a4796291-6805-4006-ad70-e255ed696f06)
 - New and modified: 0

[30/May/2023:07:10:40] UPDATING PREPAGATI (JobID: 11a534e6-df81-4e67-b22b-5bfa752fcbdd)
 - New and modified: 0

[30/May/2023:07:10:40] DELETING PREPAGATI (JobID: 11a534e6-df81-4e67-b22b-5bfa752fcbdd)
 - Deleted: 0

[30/May/2023:07:20:04] UPDATING ACCOUNTS (JobID: c93ee962-1fd3-41c3-a6c8-566eb554e5b6)
 - New and modified: 0

[30/May/2023:07:20:04] DELETING ACCOUNTS (JobID: c93ee962-1fd3-41c3-a6c8-566eb554e5b6)
 - Deleted: 0

[30/May/2023:07:20:41] UPDATING PRODUCTS (JobID: 771c4384-56d5-47fd-9501-5b8d558bff16)
 - New and modified: 0

[30/May/2023:07:20:42] UPDATING PREPAGATI (JobID: 6526ac2e-b4ae-4ac1-bad5-82a41296c473)
 - New and modified: 0

[30/May/2023:07:20:42] DELETING PREPAGATI (JobID: 6526ac2e-b4ae-4ac1-bad5-82a41296c473)
 - Deleted: 0

[30/May/2023:07:30:05] UPDATING ACCOUNTS (JobID: b143805a-2b1f-49bc-b9be-a11e8f45f7cb)
 - New and modified: 0

[30/May/2023:07:30:05] DELETING ACCOUNTS (JobID: b143805a-2b1f-49bc-b9be-a11e8f45f7cb)
 - Deleted: 0

[30/May/2023:07:30:39] UPDATING PRODUCTS (JobID: 5151b12a-77f4-44f1-b09f-255a6104457f)
 - New and modified: 0

[30/May/2023:07:30:41] UPDATING PREPAGATI (JobID: e419f59f-cb1c-4d71-bd25-e906165c5ffd)
 - New and modified: 0

[30/May/2023:07:30:41] DELETING PREPAGATI (JobID: e419f59f-cb1c-4d71-bd25-e906165c5ffd)
 - Deleted: 0

[30/May/2023:07:40:04] UPDATING ACCOUNTS (JobID: 355476e9-a5a0-49ed-9275-2fc68581000a)
 - New and modified: 0

[30/May/2023:07:40:04] DELETING ACCOUNTS (JobID: 355476e9-a5a0-49ed-9275-2fc68581000a)
 - Deleted: 0

[30/May/2023:07:40:40] UPDATING PRODUCTS (JobID: 5d929a4b-c026-4240-9c13-1af03fc64827)
 - New and modified: 0

[30/May/2023:07:40:41] UPDATING PREPAGATI (JobID: 032c2c23-a73c-4759-a227-d13aa3c36645)
 - New and modified: 0

[30/May/2023:07:40:41] DELETING PREPAGATI (JobID: 032c2c23-a73c-4759-a227-d13aa3c36645)
 - Deleted: 0

[30/May/2023:07:50:04] UPDATING ACCOUNTS (JobID: 83660dde-ec89-4988-8194-b5ef5e6ee58f)
 - New and modified: 0

[30/May/2023:07:50:04] DELETING ACCOUNTS (JobID: 83660dde-ec89-4988-8194-b5ef5e6ee58f)
 - Deleted: 0

[30/May/2023:07:50:39] UPDATING PRODUCTS (JobID: 81fe06dd-a439-4dd8-affa-25a7febb86d4)
 - New and modified: 0

[30/May/2023:07:50:40] UPDATING PREPAGATI (JobID: 3fb2d7fd-6027-42a9-b046-a2dbcd2d65f3)
 - New and modified: 0

[30/May/2023:07:50:40] DELETING PREPAGATI (JobID: 3fb2d7fd-6027-42a9-b046-a2dbcd2d65f3)
 - Deleted: 0

[30/May/2023:08:00:04] UPDATING ACCOUNTS (JobID: 134d93f5-ae01-4886-9388-02c9c6997651)
 - New and modified: 0

[30/May/2023:08:00:04] DELETING ACCOUNTS (JobID: 134d93f5-ae01-4886-9388-02c9c6997651)
 - Deleted: 0

[30/May/2023:08:00:41] UPDATING PRODUCTS (JobID: 0519521c-3b4d-4139-ac91-2ebbc50d1c7b)
 - New and modified: 0

[30/May/2023:08:00:42] UPDATING PREPAGATI (JobID: 3322e10c-0825-41a4-80dc-21fa2ab6c0c7)
 - New and modified: 0

[30/May/2023:08:00:42] DELETING PREPAGATI (JobID: 3322e10c-0825-41a4-80dc-21fa2ab6c0c7)
 - Deleted: 0

[30/May/2023:08:10:04] UPDATING ACCOUNTS (JobID: e3d2b85f-6295-4d4e-acfb-3bdf4d3add7c)
 - New and modified: 0

[30/May/2023:08:10:04] DELETING ACCOUNTS (JobID: e3d2b85f-6295-4d4e-acfb-3bdf4d3add7c)
 - Deleted: 0

[30/May/2023:08:10:40] UPDATING PRODUCTS (JobID: ac4ca0b4-5ed6-4198-8da9-fd2461c19e5d)
 - New and modified: 0

[30/May/2023:08:10:41] UPDATING PREPAGATI (JobID: 171cc27c-8b48-4c77-9053-00b76e61bc4c)
 - New and modified: 0

[30/May/2023:08:10:41] DELETING PREPAGATI (JobID: 171cc27c-8b48-4c77-9053-00b76e61bc4c)
 - Deleted: 0

[30/May/2023:08:20:05] UPDATING ACCOUNTS (JobID: c617a799-1e58-4fe6-9683-744a57377f99)
 - New and modified: 0

[30/May/2023:08:20:05] DELETING ACCOUNTS (JobID: c617a799-1e58-4fe6-9683-744a57377f99)
 - Deleted: 0

[30/May/2023:08:20:39] UPDATING PRODUCTS (JobID: abd7d761-3799-445a-85ee-436d939959a8)
 - New and modified: 0

[30/May/2023:08:20:41] UPDATING PREPAGATI (JobID: 784e17ca-7205-46b6-a49f-ed6f55787f5b)
 - New and modified: 0

[30/May/2023:08:20:41] DELETING PREPAGATI (JobID: 784e17ca-7205-46b6-a49f-ed6f55787f5b)
 - Deleted: 0

[30/May/2023:08:30:04] UPDATING ACCOUNTS (JobID: 58537391-a3cd-4467-b4f5-6c298c6b4674)
 - New and modified: 0

[30/May/2023:08:30:04] DELETING ACCOUNTS (JobID: 58537391-a3cd-4467-b4f5-6c298c6b4674)
 - Deleted: 0

[30/May/2023:08:30:40] UPDATING PRODUCTS (JobID: cf320cb4-9a5c-4792-8177-45acc4cf26d9)
 - New and modified: 0

[30/May/2023:08:30:41] UPDATING PREPAGATI (JobID: acf23727-0e28-4976-9008-e62667296069)
 - New and modified: 0

[30/May/2023:08:30:41] DELETING PREPAGATI (JobID: acf23727-0e28-4976-9008-e62667296069)
 - Deleted: 0

[30/May/2023:08:40:04] UPDATING ACCOUNTS (JobID: c84a3b31-e7c5-4230-beab-845b3ec2efa8)
 - New and modified: 0

[30/May/2023:08:40:04] DELETING ACCOUNTS (JobID: c84a3b31-e7c5-4230-beab-845b3ec2efa8)
 - Deleted: 0

[30/May/2023:08:40:36] UPDATING PRODUCTS (JobID: aa799a4d-f6f7-4585-8a72-6e6480922c25)
 - New and modified: 0

[30/May/2023:08:40:38] UPDATING PREPAGATI (JobID: 9fa1a568-36a1-4108-8f06-d044b8d5a7f0)
 - New and modified: 0

[30/May/2023:08:40:38] DELETING PREPAGATI (JobID: 9fa1a568-36a1-4108-8f06-d044b8d5a7f0)
 - Deleted: 0

[30/May/2023:08:50:04] UPDATING ACCOUNTS (JobID: b220bff5-e072-4ec9-aa65-df021d5c0b37)
 - New and modified: 0

[30/May/2023:08:50:04] DELETING ACCOUNTS (JobID: b220bff5-e072-4ec9-aa65-df021d5c0b37)
 - Deleted: 0

[30/May/2023:08:50:36] UPDATING PRODUCTS (JobID: 21f5b30f-cc54-4714-9392-23cc295fbde8)
 - New and modified: 0

[30/May/2023:08:50:37] UPDATING PREPAGATI (JobID: 653a39b6-4e0c-4e49-8b71-93fd82624658)
 - New and modified: 0

[30/May/2023:08:50:37] DELETING PREPAGATI (JobID: 653a39b6-4e0c-4e49-8b71-93fd82624658)
 - Deleted: 0

[30/May/2023:09:00:04] UPDATING ACCOUNTS (JobID: a23b423e-18e2-44a6-ac50-e99df2bf1922)
 - New and modified: 0

[30/May/2023:09:00:04] DELETING ACCOUNTS (JobID: a23b423e-18e2-44a6-ac50-e99df2bf1922)
 - Deleted: 0

[30/May/2023:09:00:37] UPDATING PRODUCTS (JobID: 2e69cfee-9192-40de-aff8-e202e57acadf)
 - New and modified: 0

[30/May/2023:09:00:39] UPDATING PREPAGATI (JobID: cffd79d6-4340-4c81-b01d-4cca24168457)
 - New and modified: 0

[30/May/2023:09:00:39] DELETING PREPAGATI (JobID: cffd79d6-4340-4c81-b01d-4cca24168457)
 - Deleted: 0

[30/May/2023:09:10:05] UPDATING ACCOUNTS (JobID: 12471927-1052-4740-847d-cfd4ecaa4c6d)
 - New and modified: 0

[30/May/2023:09:10:05] DELETING ACCOUNTS (JobID: 12471927-1052-4740-847d-cfd4ecaa4c6d)
 - Deleted: 0

[30/May/2023:09:10:39] UPDATING PRODUCTS (JobID: e82e6107-1f4f-4f9c-b31b-9e8ba2692f3e)
 - New and modified: 0

[30/May/2023:09:10:40] UPDATING PREPAGATI (JobID: 010038ef-3d34-486d-822e-20d272659431)
 - New and modified: 0

[30/May/2023:09:10:40] DELETING PREPAGATI (JobID: 010038ef-3d34-486d-822e-20d272659431)
 - Deleted: 0

[30/May/2023:09:40:08] UPDATING ACCOUNTS (JobID: c2fa1381-15a1-44af-a952-1c1cfdf3e3d5)
 - New and modified: 0

[30/May/2023:09:40:08] DELETING ACCOUNTS (JobID: c2fa1381-15a1-44af-a952-1c1cfdf3e3d5)
 - Deleted: 0

[30/May/2023:09:40:41] UPDATING PRODUCTS (JobID: feddcc12-bf7d-470d-b7c3-db9a68ddbcba)
 - New and modified: 0

[30/May/2023:09:40:44] UPDATING PREPAGATI (JobID: 5d9f2ce5-7d1a-4b23-8822-f3cd220e295e)
 - New and modified: 0

[30/May/2023:09:40:44] DELETING PREPAGATI (JobID: 5d9f2ce5-7d1a-4b23-8822-f3cd220e295e)
 - Deleted: 0

[30/May/2023:09:50:04] UPDATING ACCOUNTS (JobID: d554165c-86bc-4137-9103-04be7942506a)
 - New and modified: 0

[30/May/2023:09:50:04] DELETING ACCOUNTS (JobID: d554165c-86bc-4137-9103-04be7942506a)
 - Deleted: 0

[30/May/2023:09:50:36] UPDATING PRODUCTS (JobID: c71f1ee6-57dc-4e79-bc9b-94b30c3d8f18)
 - New and modified: 0

[30/May/2023:09:50:38] UPDATING PREPAGATI (JobID: 27ce88bb-8ce8-4b6b-be07-ad22a4a15ca3)
 - New and modified: 0

[30/May/2023:09:50:38] DELETING PREPAGATI (JobID: 27ce88bb-8ce8-4b6b-be07-ad22a4a15ca3)
 - Deleted: 0

[30/May/2023:10:00:04] UPDATING ACCOUNTS (JobID: bd971f38-2d24-465d-b783-2badca8058d2)
 - New and modified: 0

[30/May/2023:10:00:04] DELETING ACCOUNTS (JobID: bd971f38-2d24-465d-b783-2badca8058d2)
 - Deleted: 0

[30/May/2023:10:00:37] UPDATING PRODUCTS (JobID: a6210297-4fa4-4900-b565-c65309145d1f)
 - New and modified: 0

[30/May/2023:10:00:39] UPDATING PREPAGATI (JobID: 6e3c9541-f798-4389-8ff1-2a2a38388868)
 - New and modified: 0

[30/May/2023:10:00:39] DELETING PREPAGATI (JobID: 6e3c9541-f798-4389-8ff1-2a2a38388868)
 - Deleted: 0

[30/May/2023:10:10:04] UPDATING ACCOUNTS (JobID: 14ad8d0a-7fbc-4ffe-90de-f764776a2568)
 - New and modified: 0

[30/May/2023:10:10:04] DELETING ACCOUNTS (JobID: 14ad8d0a-7fbc-4ffe-90de-f764776a2568)
 - Deleted: 0

[30/May/2023:10:10:37] UPDATING PRODUCTS (JobID: 8a91c9b1-7d54-4e94-9af8-70aa65a31201)
 - New and modified: 0

[30/May/2023:10:10:38] UPDATING PREPAGATI (JobID: f6582f65-f44d-4f91-9f4c-8aa38847fe0b)
 - New and modified: 0

[30/May/2023:10:10:38] DELETING PREPAGATI (JobID: f6582f65-f44d-4f91-9f4c-8aa38847fe0b)
 - Deleted: 0

[30/May/2023:10:20:04] UPDATING ACCOUNTS (JobID: bb302d5c-ab5b-41b1-a5e1-f0436564ea82)
 - New and modified: 0

[30/May/2023:10:20:04] DELETING ACCOUNTS (JobID: bb302d5c-ab5b-41b1-a5e1-f0436564ea82)
 - Deleted: 0

[30/May/2023:10:20:37] UPDATING PRODUCTS (JobID: d8325f6f-d357-4181-8975-1e085be1dc86)
 - New and modified: 0

[30/May/2023:10:20:39] UPDATING PREPAGATI (JobID: d983eab6-9096-4e66-9c78-4b0ca11da2a9)
 - New and modified: 0

[30/May/2023:10:20:39] DELETING PREPAGATI (JobID: d983eab6-9096-4e66-9c78-4b0ca11da2a9)
 - Deleted: 0

[30/May/2023:10:30:04] UPDATING ACCOUNTS (JobID: 76a790e3-18b8-4b08-b90e-86a2bbd7e4f7)
 - New and modified: 0

[30/May/2023:10:30:04] DELETING ACCOUNTS (JobID: 76a790e3-18b8-4b08-b90e-86a2bbd7e4f7)
 - Deleted: 0

[30/May/2023:10:30:38] UPDATING PRODUCTS (JobID: fda8780a-ac5d-4602-9c3a-d63d8239d121)
 - New and modified: 0

[30/May/2023:10:30:39] UPDATING PREPAGATI (JobID: c39c842e-0732-483e-8fe3-8684e80185d6)
 - New and modified: 0

[30/May/2023:10:30:39] DELETING PREPAGATI (JobID: c39c842e-0732-483e-8fe3-8684e80185d6)
 - Deleted: 0

[30/May/2023:10:40:04] UPDATING ACCOUNTS (JobID: 67b8c64e-a6a0-4b42-a03e-3285786b94bf)
 - New and modified: 0

[30/May/2023:10:40:04] DELETING ACCOUNTS (JobID: 67b8c64e-a6a0-4b42-a03e-3285786b94bf)
 - Deleted: 0

[30/May/2023:10:40:36] UPDATING PRODUCTS (JobID: a6b52456-c1ea-41e0-9668-b8a9c8788302)
 - New and modified: 0

[30/May/2023:10:40:38] UPDATING PREPAGATI (JobID: e70807b1-9bc0-49d8-9497-2465b48add13)
 - New and modified: 0

[30/May/2023:10:40:38] DELETING PREPAGATI (JobID: e70807b1-9bc0-49d8-9497-2465b48add13)
 - Deleted: 0

[30/May/2023:10:50:04] UPDATING ACCOUNTS (JobID: fff975f0-adce-4230-abf5-4e2cd3b300e7)
 - New and modified: 0

[30/May/2023:10:50:04] DELETING ACCOUNTS (JobID: fff975f0-adce-4230-abf5-4e2cd3b300e7)
 - Deleted: 0

[30/May/2023:10:50:36] UPDATING PRODUCTS (JobID: 99be102d-fcf5-47ce-a4d0-20ff3368f228)
 - New and modified: 0

[30/May/2023:10:50:37] UPDATING PREPAGATI (JobID: 1da0e86a-4b23-4c68-9d73-7edb0099d0c0)
 - New and modified: 0

[30/May/2023:10:50:37] DELETING PREPAGATI (JobID: 1da0e86a-4b23-4c68-9d73-7edb0099d0c0)
 - Deleted: 0

[30/May/2023:11:00:04] UPDATING ACCOUNTS (JobID: 41388ed1-513b-4398-8ccf-cf8f80173b63)
 - New and modified: 0

[30/May/2023:11:00:04] DELETING ACCOUNTS (JobID: 41388ed1-513b-4398-8ccf-cf8f80173b63)
 - Deleted: 0

[30/May/2023:11:00:36] UPDATING PRODUCTS (JobID: 8e9146e7-c504-4c62-8da9-ab81bad2c58c)
 - New and modified: 0

[30/May/2023:11:00:38] UPDATING PREPAGATI (JobID: 53ad6798-a5a8-4ee5-8bcd-bc314d4ddc25)
 - New and modified: 0

[30/May/2023:11:00:38] DELETING PREPAGATI (JobID: 53ad6798-a5a8-4ee5-8bcd-bc314d4ddc25)
 - Deleted: 0

[30/May/2023:11:10:04] UPDATING ACCOUNTS (JobID: f334865b-f26e-4c4e-9ef2-07cfaf80a15a)
 - New and modified: 0

[30/May/2023:11:10:04] DELETING ACCOUNTS (JobID: f334865b-f26e-4c4e-9ef2-07cfaf80a15a)
 - Deleted: 0

[30/May/2023:11:10:38] UPDATING PRODUCTS (JobID: 8020abe1-141b-4bbb-ad94-c20d45e74464)
 - New and modified: 0

[30/May/2023:11:10:40] UPDATING PREPAGATI (JobID: 0107f6b6-0a57-45db-8d82-3bc0c81989db)
 - New and modified: 0

[30/May/2023:11:10:40] DELETING PREPAGATI (JobID: 0107f6b6-0a57-45db-8d82-3bc0c81989db)
 - Deleted: 0

[30/May/2023:11:20:04] UPDATING ACCOUNTS (JobID: f69d048e-24db-48dc-adad-781eb361d9f8)
 - New and modified: 0

[30/May/2023:11:20:04] DELETING ACCOUNTS (JobID: f69d048e-24db-48dc-adad-781eb361d9f8)
 - Deleted: 0

[30/May/2023:11:20:38] UPDATING PRODUCTS (JobID: 07a53be2-9ccb-445c-8372-8cb5a1be3a94)
 - New and modified: 0

[30/May/2023:11:20:39] UPDATING PREPAGATI (JobID: f8af985b-67c3-4c22-8b6c-2d1e4dd546d7)
 - New and modified: 0

[30/May/2023:11:20:39] DELETING PREPAGATI (JobID: f8af985b-67c3-4c22-8b6c-2d1e4dd546d7)
 - Deleted: 0

[30/May/2023:11:30:04] UPDATING ACCOUNTS (JobID: 0d353df9-0cd3-41e0-aa3b-94801af3c7e1)
 - New and modified: 0

[30/May/2023:11:30:04] DELETING ACCOUNTS (JobID: 0d353df9-0cd3-41e0-aa3b-94801af3c7e1)
 - Deleted: 0

[30/May/2023:11:30:36] UPDATING PRODUCTS (JobID: 0135ba84-7eab-4dbb-8ec4-1b4963ff6a3c)
 - New and modified: 0

[30/May/2023:11:30:37] UPDATING PREPAGATI (JobID: 87c9b684-9f70-4990-bd14-6681235940b0)
 - New and modified: 0

[30/May/2023:11:30:37] DELETING PREPAGATI (JobID: 87c9b684-9f70-4990-bd14-6681235940b0)
 - Deleted: 0

[30/May/2023:11:40:04] UPDATING ACCOUNTS (JobID: 4e8ea881-b53a-46a2-a062-d00edb52a92e)
 - New and modified: 0

[30/May/2023:11:40:04] DELETING ACCOUNTS (JobID: 4e8ea881-b53a-46a2-a062-d00edb52a92e)
 - Deleted: 0

[30/May/2023:11:40:36] UPDATING PRODUCTS (JobID: c014f614-c0b2-48d4-942e-8c5f84ed770b)
 - New and modified: 0

[30/May/2023:11:40:38] UPDATING PREPAGATI (JobID: 7578e656-b6b4-4f10-86da-730815c194b5)
 - New and modified: 0

[30/May/2023:11:40:38] DELETING PREPAGATI (JobID: 7578e656-b6b4-4f10-86da-730815c194b5)
 - Deleted: 0

[30/May/2023:11:50:04] UPDATING ACCOUNTS (JobID: 57480cc7-1e0e-49b2-9291-abd416e4c4c1)
 - New and modified: 0

[30/May/2023:11:50:04] DELETING ACCOUNTS (JobID: 57480cc7-1e0e-49b2-9291-abd416e4c4c1)
 - Deleted: 0

[30/May/2023:11:50:36] UPDATING PRODUCTS (JobID: d1cbbcc6-4823-4ba9-b99c-706aa84f2664)
 - New and modified: 0

[30/May/2023:11:50:37] UPDATING PREPAGATI (JobID: 52b22629-5687-40da-8176-bdc2c47c30d0)
 - New and modified: 0

[30/May/2023:11:50:37] DELETING PREPAGATI (JobID: 52b22629-5687-40da-8176-bdc2c47c30d0)
 - Deleted: 0

[30/May/2023:12:00:04] UPDATING ACCOUNTS (JobID: 754cd6ec-11b5-4d96-a415-c2a94f3e7960)
 - New and modified: 0

[30/May/2023:12:00:04] DELETING ACCOUNTS (JobID: 754cd6ec-11b5-4d96-a415-c2a94f3e7960)
 - Deleted: 0

[30/May/2023:12:00:38] UPDATING PRODUCTS (JobID: bb39f04a-c29e-4eb1-8a05-d700bf4eed8e)
 - New and modified: 0

[30/May/2023:12:00:43] UPDATING PREPAGATI (JobID: b1cd7a8d-70e9-43d2-916d-bca3ed3a20e2)
 - New and modified: 0

[30/May/2023:12:00:43] DELETING PREPAGATI (JobID: b1cd7a8d-70e9-43d2-916d-bca3ed3a20e2)
 - Deleted: 0

[30/May/2023:12:10:04] UPDATING ACCOUNTS (JobID: ecf1243f-6815-4bd8-b256-84a407bb8f0a)
 - New and modified: 0

[30/May/2023:12:10:04] DELETING ACCOUNTS (JobID: ecf1243f-6815-4bd8-b256-84a407bb8f0a)
 - Deleted: 0

[30/May/2023:12:10:38] UPDATING PRODUCTS (JobID: 41ee461b-8115-4188-98d4-4fecc0be0daf)
 - New and modified: 0

[30/May/2023:12:10:39] UPDATING PREPAGATI (JobID: 7673e970-3063-425f-966e-3243d4990949)
 - New and modified: 0

[30/May/2023:12:10:39] DELETING PREPAGATI (JobID: 7673e970-3063-425f-966e-3243d4990949)
 - Deleted: 0

[30/May/2023:12:20:04] UPDATING ACCOUNTS (JobID: 7aaf9417-55b9-423e-b246-b8d4ff30d5a8)
 - New and modified: 0

[30/May/2023:12:20:04] DELETING ACCOUNTS (JobID: 7aaf9417-55b9-423e-b246-b8d4ff30d5a8)
 - Deleted: 0

[30/May/2023:12:20:39] UPDATING PRODUCTS (JobID: c160ea2e-c199-40b6-acc8-097676c66082)
 - New and modified: 0

[30/May/2023:12:20:41] UPDATING PREPAGATI (JobID: 6e1f64a7-21ed-4c24-8746-5633f7b2f2ca)
 - New and modified: 0

[30/May/2023:12:20:41] DELETING PREPAGATI (JobID: 6e1f64a7-21ed-4c24-8746-5633f7b2f2ca)
 - Deleted: 0

[30/May/2023:12:30:04] UPDATING ACCOUNTS (JobID: 3639f7e6-f7f9-471e-b5e3-0d2da4d0dd89)
 - New and modified: 0

[30/May/2023:12:30:04] DELETING ACCOUNTS (JobID: 3639f7e6-f7f9-471e-b5e3-0d2da4d0dd89)
 - Deleted: 0

[30/May/2023:12:30:37] UPDATING PRODUCTS (JobID: 88d06f78-6a2d-4e22-8b8d-9e91858ab73b)
 - New and modified: 0

[30/May/2023:12:30:39] UPDATING PREPAGATI (JobID: fffe91d9-f220-4e98-814f-5f56f9a542f2)
 - New and modified: 0

[30/May/2023:12:30:39] DELETING PREPAGATI (JobID: fffe91d9-f220-4e98-814f-5f56f9a542f2)
 - Deleted: 0

[30/May/2023:12:40:04] UPDATING ACCOUNTS (JobID: 29ac9fcd-1d3a-4ea2-8a86-e5ca934ac3af)
 - New and modified: 0

[30/May/2023:12:40:04] DELETING ACCOUNTS (JobID: 29ac9fcd-1d3a-4ea2-8a86-e5ca934ac3af)
 - Deleted: 0

[30/May/2023:12:40:36] UPDATING PRODUCTS (JobID: 2a6bcd2b-f55d-4cd1-acc8-18281293cd81)
 - New and modified: 0

[30/May/2023:12:40:38] UPDATING PREPAGATI (JobID: 3b40558a-e89b-4f85-abb5-d7c502726dd3)
 - New and modified: 0

[30/May/2023:12:40:38] DELETING PREPAGATI (JobID: 3b40558a-e89b-4f85-abb5-d7c502726dd3)
 - Deleted: 0

[30/May/2023:12:50:04] UPDATING ACCOUNTS (JobID: e9af5d1f-4eba-4517-bc8a-509c10288cc0)
 - New and modified: 0

[30/May/2023:12:50:04] DELETING ACCOUNTS (JobID: e9af5d1f-4eba-4517-bc8a-509c10288cc0)
 - Deleted: 0

[30/May/2023:12:50:36] UPDATING PRODUCTS (JobID: 6222bbb1-d9ae-4329-88ff-acd329cb46ad)
 - New and modified: 0

[30/May/2023:12:50:38] UPDATING PREPAGATI (JobID: f287a429-66cb-45bd-9355-c88f3e3cdef4)
 - New and modified: 0

[30/May/2023:12:50:38] DELETING PREPAGATI (JobID: f287a429-66cb-45bd-9355-c88f3e3cdef4)
 - Deleted: 0

[30/May/2023:13:00:04] UPDATING ACCOUNTS (JobID: 2fa6d3ca-0269-478d-be75-36b43c2a464f)
 - New and modified: 0

[30/May/2023:13:00:04] DELETING ACCOUNTS (JobID: 2fa6d3ca-0269-478d-be75-36b43c2a464f)
 - Deleted: 0

[30/May/2023:13:00:37] UPDATING PRODUCTS (JobID: cfe77ea3-076d-410b-97e4-6c58a1783535)
 - New and modified: 0

[30/May/2023:13:00:39] UPDATING PREPAGATI (JobID: 7544694a-810a-44eb-891c-950363c48c5a)
 - New and modified: 0

[30/May/2023:13:00:39] DELETING PREPAGATI (JobID: 7544694a-810a-44eb-891c-950363c48c5a)
 - Deleted: 0

[30/May/2023:13:10:04] UPDATING ACCOUNTS (JobID: 2286b868-76fd-4821-8ecb-47d10886bbb7)
 - New and modified: 0

[30/May/2023:13:10:04] DELETING ACCOUNTS (JobID: 2286b868-76fd-4821-8ecb-47d10886bbb7)
 - Deleted: 0

[30/May/2023:13:10:37] UPDATING PRODUCTS (JobID: 21baa3fe-1274-43aa-a3a8-ef76666854ec)
 - New and modified: 0

[30/May/2023:13:10:39] UPDATING PREPAGATI (JobID: ac9b989b-9d83-4ec9-bf27-a2eb1cfdb646)
 - New and modified: 0

[30/May/2023:13:10:39] DELETING PREPAGATI (JobID: ac9b989b-9d83-4ec9-bf27-a2eb1cfdb646)
 - Deleted: 0

[30/May/2023:13:20:04] UPDATING ACCOUNTS (JobID: 4f2a9a93-84c1-4a29-96a4-76ec5aec8a12)
 - New and modified: 0

[30/May/2023:13:20:04] DELETING ACCOUNTS (JobID: 4f2a9a93-84c1-4a29-96a4-76ec5aec8a12)
 - Deleted: 0

[30/May/2023:13:20:37] UPDATING PRODUCTS (JobID: 95af907c-04ca-4ceb-8da2-7337bad7e979)
 - New and modified: 0

[30/May/2023:13:20:38] UPDATING PREPAGATI (JobID: 47c774c1-32d5-42e2-bec6-4ba41702d656)
 - New and modified: 0

[30/May/2023:13:20:38] DELETING PREPAGATI (JobID: 47c774c1-32d5-42e2-bec6-4ba41702d656)
 - Deleted: 0

[30/May/2023:13:30:04] UPDATING ACCOUNTS (JobID: 961167a9-ecdb-4461-a10d-ba07bcc4e829)
 - New and modified: 0

[30/May/2023:13:30:04] DELETING ACCOUNTS (JobID: 961167a9-ecdb-4461-a10d-ba07bcc4e829)
 - Deleted: 0

[30/May/2023:13:30:37] UPDATING PRODUCTS (JobID: fff41b58-d6b3-474a-b90c-71ee21b78caf)
 - New and modified: 0

[30/May/2023:13:30:39] UPDATING PREPAGATI (JobID: b5f9f782-5dd6-4905-988c-1058e89d205c)
 - New and modified: 0

[30/May/2023:13:30:39] DELETING PREPAGATI (JobID: b5f9f782-5dd6-4905-988c-1058e89d205c)
 - Deleted: 0

[30/May/2023:13:40:04] UPDATING ACCOUNTS (JobID: 114e755d-25ea-450f-bddd-c8fef41c4eef)
 - New and modified: 0

[30/May/2023:13:40:04] DELETING ACCOUNTS (JobID: 114e755d-25ea-450f-bddd-c8fef41c4eef)
 - Deleted: 0

[30/May/2023:13:40:36] UPDATING PRODUCTS (JobID: 09d4db9e-9cda-4fd3-800c-cefb182625eb)
 - New and modified: 0

[30/May/2023:13:40:38] UPDATING PREPAGATI (JobID: 8fe8389f-ecf8-4b74-80d5-f5895e7d8361)
 - New and modified: 0

[30/May/2023:13:40:38] DELETING PREPAGATI (JobID: 8fe8389f-ecf8-4b74-80d5-f5895e7d8361)
 - Deleted: 0

[30/May/2023:13:50:04] UPDATING ACCOUNTS (JobID: 03180b9c-7705-4994-9926-1e042da17c96)
 - New and modified: 0

[30/May/2023:13:50:04] DELETING ACCOUNTS (JobID: 03180b9c-7705-4994-9926-1e042da17c96)
 - Deleted: 0

[30/May/2023:13:50:37] UPDATING PRODUCTS (JobID: 34a30352-e1c6-455d-90e3-064b95ce90f9)
 - New and modified: 0

[30/May/2023:13:50:38] UPDATING PREPAGATI (JobID: dde86530-70b6-4422-81de-6b4b81581d84)
 - New and modified: 0

[30/May/2023:13:50:38] DELETING PREPAGATI (JobID: dde86530-70b6-4422-81de-6b4b81581d84)
 - Deleted: 0

[30/May/2023:14:00:04] UPDATING ACCOUNTS (JobID: 13e3b5ea-e17c-415d-8a79-654d6c529e3a)
 - New and modified: 0

[30/May/2023:14:00:04] DELETING ACCOUNTS (JobID: 13e3b5ea-e17c-415d-8a79-654d6c529e3a)
 - Deleted: 0

[30/May/2023:14:00:37] UPDATING PRODUCTS (JobID: 9271d950-204c-4f42-b8a5-13201139bf33)
 - New and modified: 0

[30/May/2023:14:00:39] UPDATING PREPAGATI (JobID: 6ee8478f-40a2-4a5c-908d-65b2ac7040d2)
 - New and modified: 0

[30/May/2023:14:00:39] DELETING PREPAGATI (JobID: 6ee8478f-40a2-4a5c-908d-65b2ac7040d2)
 - Deleted: 0

[30/May/2023:14:10:05] UPDATING ACCOUNTS (JobID: 25a75123-9ff0-4d78-9d30-5f974dad5251)
 - New and modified: 0

[30/May/2023:14:10:05] DELETING ACCOUNTS (JobID: 25a75123-9ff0-4d78-9d30-5f974dad5251)
 - Deleted: 0

[30/May/2023:14:10:39] UPDATING PRODUCTS (JobID: f6b3d928-95de-4237-91b4-f8381e527de7)
 - New and modified: 0

[30/May/2023:14:10:41] UPDATING PREPAGATI (JobID: 0f969d17-c1a1-47e9-ad5b-69c9808feabc)
 - New and modified: 0

[30/May/2023:14:10:41] DELETING PREPAGATI (JobID: 0f969d17-c1a1-47e9-ad5b-69c9808feabc)
 - Deleted: 0

[30/May/2023:14:20:04] UPDATING ACCOUNTS (JobID: 0843a599-3a41-45c2-870f-1a2a057673f1)
 - New and modified: 0

[30/May/2023:14:20:04] DELETING ACCOUNTS (JobID: 0843a599-3a41-45c2-870f-1a2a057673f1)
 - Deleted: 0

[30/May/2023:14:20:37] UPDATING PRODUCTS (JobID: 1eff62fc-458e-4dea-9776-c806ef5f9057)
 - New and modified: 0

[30/May/2023:14:20:39] UPDATING PREPAGATI (JobID: 99c899b9-0fdf-46c7-84ba-2355e734cdbd)
 - New and modified: 0

[30/May/2023:14:20:39] DELETING PREPAGATI (JobID: 99c899b9-0fdf-46c7-84ba-2355e734cdbd)
 - Deleted: 0

[30/May/2023:14:30:04] UPDATING ACCOUNTS (JobID: b8faf0f5-86d7-4193-af53-ea5b3df29cf8)
 - New and modified: 0

[30/May/2023:14:30:04] DELETING ACCOUNTS (JobID: b8faf0f5-86d7-4193-af53-ea5b3df29cf8)
 - Deleted: 0

[30/May/2023:14:30:38] UPDATING PRODUCTS (JobID: 7ed0b73e-2f24-4437-bf1f-2a09ed88399e)
 - New and modified: 0

[30/May/2023:14:30:40] UPDATING PREPAGATI (JobID: 08074dd6-29cf-4340-8682-dfc38568f8fa)
 - New and modified: 0

[30/May/2023:14:30:40] DELETING PREPAGATI (JobID: 08074dd6-29cf-4340-8682-dfc38568f8fa)
 - Deleted: 0

[30/May/2023:14:40:04] UPDATING ACCOUNTS (JobID: fdc1f855-0fc3-4e87-9379-f9081e8fecb6)
 - New and modified: 0

[30/May/2023:14:40:04] DELETING ACCOUNTS (JobID: fdc1f855-0fc3-4e87-9379-f9081e8fecb6)
 - Deleted: 0

[30/May/2023:14:40:36] UPDATING PRODUCTS (JobID: ec79e839-a7a1-4267-8db0-ac1973060487)
 - New and modified: 0

[30/May/2023:14:40:38] UPDATING PREPAGATI (JobID: 4bb4aa06-c111-4295-8ad8-b0b644a4a9ee)
 - New and modified: 0

[30/May/2023:14:40:38] DELETING PREPAGATI (JobID: 4bb4aa06-c111-4295-8ad8-b0b644a4a9ee)
 - Deleted: 0

[30/May/2023:14:50:04] UPDATING ACCOUNTS (JobID: 3c7a54f6-c647-46c7-81fa-8b02785884be)
 - New and modified: 0

[30/May/2023:14:50:04] DELETING ACCOUNTS (JobID: 3c7a54f6-c647-46c7-81fa-8b02785884be)
 - Deleted: 0

[30/May/2023:14:50:37] UPDATING PRODUCTS (JobID: 762f9a4d-71f1-4515-a96e-6599035cb678)
 - New and modified: 0

[30/May/2023:14:50:38] UPDATING PREPAGATI (JobID: 0c703ab6-28b4-4657-adcd-49d7dea28a61)
 - New and modified: 0

[30/May/2023:14:50:38] DELETING PREPAGATI (JobID: 0c703ab6-28b4-4657-adcd-49d7dea28a61)
 - Deleted: 0

[30/May/2023:15:00:04] UPDATING ACCOUNTS (JobID: ba5c435e-705c-44eb-80b0-6c6beb9b6926)
 - New and modified: 0

[30/May/2023:15:00:04] DELETING ACCOUNTS (JobID: ba5c435e-705c-44eb-80b0-6c6beb9b6926)
 - Deleted: 0

[30/May/2023:15:00:36] UPDATING PRODUCTS (JobID: 495a9ffe-8ed6-4927-95f2-3be293a43e27)
 - New and modified: 0

[30/May/2023:15:00:38] UPDATING PREPAGATI (JobID: 1a62ad51-b8fd-44cc-8024-87596fd7dbc1)
 - New and modified: 0

[30/May/2023:15:00:38] DELETING PREPAGATI (JobID: 1a62ad51-b8fd-44cc-8024-87596fd7dbc1)
 - Deleted: 0

[30/May/2023:15:10:04] UPDATING ACCOUNTS (JobID: 103293dd-924d-4f8f-8fef-72ab6da34e01)
 - New and modified: 0

[30/May/2023:15:10:04] DELETING ACCOUNTS (JobID: 103293dd-924d-4f8f-8fef-72ab6da34e01)
 - Deleted: 0

[30/May/2023:15:10:36] UPDATING PRODUCTS (JobID: 3ed011a6-e7cb-47e2-a55d-aa267814e72e)
 - New and modified: 0

[30/May/2023:15:10:38] UPDATING PREPAGATI (JobID: a66e09b5-9a82-4a47-9665-ff8f124b87d4)
 - New and modified: 0

[30/May/2023:15:10:38] DELETING PREPAGATI (JobID: a66e09b5-9a82-4a47-9665-ff8f124b87d4)
 - Deleted: 0

[30/May/2023:15:20:04] UPDATING ACCOUNTS (JobID: d5877261-dd2f-4fc0-9664-a9ec29717a76)
 - New and modified: 0

[30/May/2023:15:20:04] DELETING ACCOUNTS (JobID: d5877261-dd2f-4fc0-9664-a9ec29717a76)
 - Deleted: 0

[30/May/2023:15:20:36] UPDATING PRODUCTS (JobID: 00364f24-3c8e-4c1c-a6d1-a23c4dfcc044)
 - New and modified: 0

[30/May/2023:15:20:38] UPDATING PREPAGATI (JobID: c4dc23ff-774b-4f91-abb7-d9ea928936cc)
 - New and modified: 0

[30/May/2023:15:20:38] DELETING PREPAGATI (JobID: c4dc23ff-774b-4f91-abb7-d9ea928936cc)
 - Deleted: 0

[30/May/2023:15:30:04] UPDATING ACCOUNTS (JobID: 3ab1998a-f1a4-4662-940b-a6d02a342633)
 - New and modified: 0

[30/May/2023:15:30:04] DELETING ACCOUNTS (JobID: 3ab1998a-f1a4-4662-940b-a6d02a342633)
 - Deleted: 0

[30/May/2023:15:30:37] UPDATING PRODUCTS (JobID: 3ce14af3-d670-4b57-8ef4-dd44d401f191)
 - New and modified: 0

[30/May/2023:15:30:38] UPDATING PREPAGATI (JobID: 9855dc29-dbe0-4353-a30c-aeea87b04a5e)
 - New and modified: 0

[30/May/2023:15:30:38] DELETING PREPAGATI (JobID: 9855dc29-dbe0-4353-a30c-aeea87b04a5e)
 - Deleted: 0

[30/May/2023:15:40:04] UPDATING ACCOUNTS (JobID: f5cc093a-f05a-4e15-94d6-1f1f9b58186a)
 - New and modified: 0

[30/May/2023:15:40:04] DELETING ACCOUNTS (JobID: f5cc093a-f05a-4e15-94d6-1f1f9b58186a)
 - Deleted: 0

[30/May/2023:15:40:36] UPDATING PRODUCTS (JobID: 63d5f847-8eeb-4db8-92b2-f4148f445fd2)
 - New and modified: 0

[30/May/2023:15:40:38] UPDATING PREPAGATI (JobID: d4dfdb2f-717d-49ea-b124-3e61139f50bc)
 - New and modified: 0

[30/May/2023:15:40:38] DELETING PREPAGATI (JobID: d4dfdb2f-717d-49ea-b124-3e61139f50bc)
 - Deleted: 0

[30/May/2023:15:50:03] UPDATING ACCOUNTS (JobID: 9f98c2ed-358b-4363-9641-c1d80de99b9f)
 - New and modified: 0

[30/May/2023:15:50:03] DELETING ACCOUNTS (JobID: 9f98c2ed-358b-4363-9641-c1d80de99b9f)
 - Deleted: 0

[30/May/2023:15:50:36] UPDATING PRODUCTS (JobID: 60f382a4-be3e-4b8e-a491-a136bed9c371)
 - New and modified: 0

[30/May/2023:15:50:37] UPDATING PREPAGATI (JobID: c9b875ad-c57d-4dee-9f94-7f78f6faaf16)
 - New and modified: 0

[30/May/2023:15:50:37] DELETING PREPAGATI (JobID: c9b875ad-c57d-4dee-9f94-7f78f6faaf16)
 - Deleted: 0

[30/May/2023:16:10:04] UPDATING ACCOUNTS (JobID: 8e5b07ef-dec4-489f-ab79-47858b86311b)
 - New and modified: 0

[30/May/2023:16:10:04] DELETING ACCOUNTS (JobID: 8e5b07ef-dec4-489f-ab79-47858b86311b)
 - Deleted: 0

[30/May/2023:16:10:36] UPDATING PRODUCTS (JobID: 4913e4e8-84f7-4313-b45e-351cfe53c352)
 - New and modified: 0

[30/May/2023:16:10:38] UPDATING PREPAGATI (JobID: 2377cbda-aaca-4d87-8dce-413b4ed29f1c)
 - New and modified: 0

[30/May/2023:16:10:38] DELETING PREPAGATI (JobID: 2377cbda-aaca-4d87-8dce-413b4ed29f1c)
 - Deleted: 0

[30/May/2023:16:20:04] UPDATING ACCOUNTS (JobID: 3b1e2026-c699-4684-bcb3-a31f8aae4c8c)
 - New and modified: 0

[30/May/2023:16:20:04] DELETING ACCOUNTS (JobID: 3b1e2026-c699-4684-bcb3-a31f8aae4c8c)
 - Deleted: 0

[30/May/2023:16:20:37] UPDATING PRODUCTS (JobID: 86b72be6-b2c9-4b29-956d-3794e4998a9b)
 - New and modified: 0

[30/May/2023:16:20:39] UPDATING PREPAGATI (JobID: 2ad224d2-600a-49e5-aba3-6009589686c9)
 - New and modified: 0

[30/May/2023:16:20:39] DELETING PREPAGATI (JobID: 2ad224d2-600a-49e5-aba3-6009589686c9)
 - Deleted: 0

[30/May/2023:16:30:04] UPDATING ACCOUNTS (JobID: 9c6c5748-73fd-432e-be2b-c91d07b6f043)
 - New and modified: 0

[30/May/2023:16:30:04] DELETING ACCOUNTS (JobID: 9c6c5748-73fd-432e-be2b-c91d07b6f043)
 - Deleted: 0

[30/May/2023:16:30:36] UPDATING PRODUCTS (JobID: 4019c131-0fc8-4482-8053-5621d674099d)
 - New and modified: 0

[30/May/2023:16:30:38] UPDATING PREPAGATI (JobID: 0ff4deed-f128-4a79-a8fc-3034b79b3443)
 - New and modified: 0

[30/May/2023:16:30:38] DELETING PREPAGATI (JobID: 0ff4deed-f128-4a79-a8fc-3034b79b3443)
 - Deleted: 0

[30/May/2023:16:40:04] UPDATING ACCOUNTS (JobID: ee34b3ed-9f79-4080-86f3-b43f4becfe3a)
 - New and modified: 0

[30/May/2023:16:40:04] DELETING ACCOUNTS (JobID: ee34b3ed-9f79-4080-86f3-b43f4becfe3a)
 - Deleted: 0

[30/May/2023:16:40:36] UPDATING PRODUCTS (JobID: 658dd83c-9c07-4bd0-85d1-bffd164fea6a)
 - New and modified: 0

[30/May/2023:16:40:38] UPDATING PREPAGATI (JobID: 40d36a85-48d4-4d92-91e2-ba1c94160fa1)
 - New and modified: 0

[30/May/2023:16:40:38] DELETING PREPAGATI (JobID: 40d36a85-48d4-4d92-91e2-ba1c94160fa1)
 - Deleted: 0

[30/May/2023:16:50:05] UPDATING ACCOUNTS (JobID: 55627d82-3c4f-4638-b3a5-2df52a845d59)
 - New and modified: 0

[30/May/2023:16:50:05] DELETING ACCOUNTS (JobID: 55627d82-3c4f-4638-b3a5-2df52a845d59)
 - Deleted: 0

[30/May/2023:16:50:37] UPDATING PRODUCTS (JobID: 2fbb75b4-4ec2-4efc-862e-8b32e6e9db07)
 - New and modified: 0

[30/May/2023:16:50:38] UPDATING PREPAGATI (JobID: 06679c12-3a94-4968-84fb-742da5f5ea63)
 - New and modified: 0

[30/May/2023:16:50:38] DELETING PREPAGATI (JobID: 06679c12-3a94-4968-84fb-742da5f5ea63)
 - Deleted: 0

[30/May/2023:17:00:05] UPDATING ACCOUNTS (JobID: 55ff2a92-592f-487a-81f3-a595fef7bbfc)
 - New and modified: 0

[30/May/2023:17:00:05] DELETING ACCOUNTS (JobID: 55ff2a92-592f-487a-81f3-a595fef7bbfc)
 - Deleted: 0

[30/May/2023:17:00:37] UPDATING PRODUCTS (JobID: 39b44ebd-45fc-4006-8984-c4589b17cf67)
 - New and modified: 0

[30/May/2023:17:00:39] UPDATING PREPAGATI (JobID: 599b2aed-4c23-437c-8604-81e03c1f6039)
 - New and modified: 0

[30/May/2023:17:00:39] DELETING PREPAGATI (JobID: 599b2aed-4c23-437c-8604-81e03c1f6039)
 - Deleted: 0

[30/May/2023:17:10:05] UPDATING ACCOUNTS (JobID: 963c0b9b-cb5d-4f2c-988c-20de5bd5444a)
 - New and modified: 0

[30/May/2023:17:10:05] DELETING ACCOUNTS (JobID: 963c0b9b-cb5d-4f2c-988c-20de5bd5444a)
 - Deleted: 0

[30/May/2023:17:10:38] UPDATING PRODUCTS (JobID: c9a8ad0e-acae-4fe7-a5d6-45da9e86bb57)
 - New and modified: 0

[30/May/2023:17:10:39] UPDATING PREPAGATI (JobID: 7e3d3849-7f25-40a3-90d7-1598eeb4b0b9)
 - New and modified: 0

[30/May/2023:17:10:39] DELETING PREPAGATI (JobID: 7e3d3849-7f25-40a3-90d7-1598eeb4b0b9)
 - Deleted: 0

[30/May/2023:17:20:03] UPDATING ACCOUNTS (JobID: f26c12d5-4722-4404-95d5-7a50f672b948)
 - New and modified: 0

[30/May/2023:17:20:03] DELETING ACCOUNTS (JobID: f26c12d5-4722-4404-95d5-7a50f672b948)
 - Deleted: 0

[30/May/2023:17:20:36] UPDATING PRODUCTS (JobID: 4dda2048-4e48-461d-9ef9-58ba283bb8b7)
 - New and modified: 0

[30/May/2023:17:20:37] UPDATING PREPAGATI (JobID: aa3aa816-8541-49fa-ad05-172cc628777e)
 - New and modified: 0

[30/May/2023:17:20:37] DELETING PREPAGATI (JobID: aa3aa816-8541-49fa-ad05-172cc628777e)
 - Deleted: 0

[30/May/2023:17:30:04] UPDATING ACCOUNTS (JobID: 6713fc5c-aecf-4782-b9db-613025ad8c0d)
 - New and modified: 0

[30/May/2023:17:30:04] DELETING ACCOUNTS (JobID: 6713fc5c-aecf-4782-b9db-613025ad8c0d)
 - Deleted: 0

[30/May/2023:17:30:36] UPDATING PRODUCTS (JobID: 58ee60dc-d544-4d26-9c5b-4ece4f40977c)
 - New and modified: 0

[30/May/2023:17:30:38] UPDATING PREPAGATI (JobID: a724644f-bc20-4a3c-8bef-7e8e478cc0ab)
 - New and modified: 0

[30/May/2023:17:30:38] DELETING PREPAGATI (JobID: a724644f-bc20-4a3c-8bef-7e8e478cc0ab)
 - Deleted: 0

[30/May/2023:17:40:04] UPDATING ACCOUNTS (JobID: cc97857e-4b67-4ab5-9bec-efa10e262a38)
 - New and modified: 0

[30/May/2023:17:40:04] DELETING ACCOUNTS (JobID: cc97857e-4b67-4ab5-9bec-efa10e262a38)
 - Deleted: 0

[30/May/2023:17:40:36] UPDATING PRODUCTS (JobID: 2c6fa532-7b1e-43b7-ada8-efba46e4959f)
 - New and modified: 0

[30/May/2023:17:40:38] UPDATING PREPAGATI (JobID: 23d1b69c-a949-483e-b507-4fa79a6cd16f)
 - New and modified: 0

[30/May/2023:17:40:38] DELETING PREPAGATI (JobID: 23d1b69c-a949-483e-b507-4fa79a6cd16f)
 - Deleted: 0

[30/May/2023:17:50:04] UPDATING ACCOUNTS (JobID: f433fd06-cf66-42a5-93f9-16e7d5d22677)
 - New and modified: 0

[30/May/2023:17:50:04] DELETING ACCOUNTS (JobID: f433fd06-cf66-42a5-93f9-16e7d5d22677)
 - Deleted: 0

[30/May/2023:17:50:35] UPDATING PRODUCTS (JobID: 1fffc319-4258-41ad-a4a3-8cd4d7dfb9ed)
 - New and modified: 0

[30/May/2023:17:50:37] UPDATING PREPAGATI (JobID: 4baa4cf7-dff8-4b4e-9df4-04167be04faf)
 - New and modified: 0

[30/May/2023:17:50:37] DELETING PREPAGATI (JobID: 4baa4cf7-dff8-4b4e-9df4-04167be04faf)
 - Deleted: 0

[30/May/2023:18:00:07] UPDATING ACCOUNTS (JobID: cfd7c919-cea2-4cca-af36-f36f5e07f17d)
 - New and modified: 0

[30/May/2023:18:00:07] DELETING ACCOUNTS (JobID: cfd7c919-cea2-4cca-af36-f36f5e07f17d)
 - Deleted: 0

[30/May/2023:18:00:39] UPDATING PRODUCTS (JobID: 3d86ec85-3e95-4273-927e-aa78db31375b)
 - New and modified: 0

[30/May/2023:18:00:41] UPDATING PREPAGATI (JobID: 0a1a04ed-d866-45c6-baf0-2a5c242c1058)
 - New and modified: 0

[30/May/2023:18:00:41] DELETING PREPAGATI (JobID: 0a1a04ed-d866-45c6-baf0-2a5c242c1058)
 - Deleted: 0

[30/May/2023:18:10:04] UPDATING ACCOUNTS (JobID: 76ca9d61-7baa-45ab-bba7-a29333d32903)
 - New and modified: 0

[30/May/2023:18:10:04] DELETING ACCOUNTS (JobID: 76ca9d61-7baa-45ab-bba7-a29333d32903)
 - Deleted: 0

[30/May/2023:18:10:38] UPDATING PRODUCTS (JobID: 522ae080-f1dc-4342-acc7-9d931c560ecc)
 - New and modified: 0

[30/May/2023:18:10:40] UPDATING PREPAGATI (JobID: c8f670b5-b1b2-4cb4-ab20-b54e68a4a763)
 - New and modified: 0

[30/May/2023:18:10:40] DELETING PREPAGATI (JobID: c8f670b5-b1b2-4cb4-ab20-b54e68a4a763)
 - Deleted: 0

[30/May/2023:18:20:04] UPDATING ACCOUNTS (JobID: 5f8faa16-02ed-494f-97e2-fe3d2e0dc88d)
 - New and modified: 0

[30/May/2023:18:20:04] DELETING ACCOUNTS (JobID: 5f8faa16-02ed-494f-97e2-fe3d2e0dc88d)
 - Deleted: 0

[30/May/2023:18:20:38] UPDATING PRODUCTS (JobID: 23815b40-d406-492e-9e46-bf09b916a4b6)
 - New and modified: 0

[30/May/2023:18:20:40] UPDATING PREPAGATI (JobID: bb68fca7-be24-4a77-abaa-f166ec8ded1b)
 - New and modified: 0

[30/May/2023:18:20:40] DELETING PREPAGATI (JobID: bb68fca7-be24-4a77-abaa-f166ec8ded1b)
 - Deleted: 0

[30/May/2023:18:30:04] UPDATING ACCOUNTS (JobID: 73214199-ad1f-4ec1-ba8a-f2221d5d5050)
 - New and modified: 0

[30/May/2023:18:30:04] DELETING ACCOUNTS (JobID: 73214199-ad1f-4ec1-ba8a-f2221d5d5050)
 - Deleted: 0

[30/May/2023:18:30:38] UPDATING PRODUCTS (JobID: dfe51f01-7cb0-4409-9b57-2e90c94206b0)
 - New and modified: 0

[30/May/2023:18:30:40] UPDATING PREPAGATI (JobID: f5a35366-be91-4634-972e-5ed4e3bfcdd6)
 - New and modified: 0

[30/May/2023:18:30:40] DELETING PREPAGATI (JobID: f5a35366-be91-4634-972e-5ed4e3bfcdd6)
 - Deleted: 0

[30/May/2023:18:40:04] UPDATING ACCOUNTS (JobID: 042c4122-736d-4714-aec3-2c9cb9484148)
 - New and modified: 0

[30/May/2023:18:40:04] DELETING ACCOUNTS (JobID: 042c4122-736d-4714-aec3-2c9cb9484148)
 - Deleted: 0

[30/May/2023:18:40:36] UPDATING PRODUCTS (JobID: 56ca10b7-2897-4cf4-8b12-3f05bb6ad1d1)
 - New and modified: 0

[30/May/2023:18:40:38] UPDATING PREPAGATI (JobID: 1aaee992-de93-4c15-a512-9a789509b665)
 - New and modified: 0

[30/May/2023:18:40:38] DELETING PREPAGATI (JobID: 1aaee992-de93-4c15-a512-9a789509b665)
 - Deleted: 0

[30/May/2023:18:50:04] UPDATING ACCOUNTS (JobID: 3deea42e-037f-4611-bbd3-879ec56fc655)
 - New and modified: 0

[30/May/2023:18:50:04] DELETING ACCOUNTS (JobID: 3deea42e-037f-4611-bbd3-879ec56fc655)
 - Deleted: 0

[30/May/2023:18:50:36] UPDATING PRODUCTS (JobID: f3ca5737-47b5-44aa-8f39-8fc334da5c45)
 - New and modified: 0

[30/May/2023:18:50:38] UPDATING PREPAGATI (JobID: 388ea7e9-fe51-4b99-90b0-b7d980801026)
 - New and modified: 0

[30/May/2023:18:50:38] DELETING PREPAGATI (JobID: 388ea7e9-fe51-4b99-90b0-b7d980801026)
 - Deleted: 0

[30/May/2023:19:00:17] UPDATING ACCOUNTS (JobID: 32fa9001-a85b-450f-bde6-1c184605bcf2)
 - New and modified: 0

[30/May/2023:19:00:17] DELETING ACCOUNTS (JobID: 32fa9001-a85b-450f-bde6-1c184605bcf2)
 - Deleted: 0

[30/May/2023:19:00:49] UPDATING PRODUCTS (JobID: 0ec4d19c-5c66-4153-86ce-8d4bc4d2733d)
 - New and modified: 0

[30/May/2023:19:00:51] UPDATING PREPAGATI (JobID: 1adf69bd-baaa-4f33-8be5-cf6e63165eed)
 - New and modified: 0

[30/May/2023:19:00:51] DELETING PREPAGATI (JobID: 1adf69bd-baaa-4f33-8be5-cf6e63165eed)
 - Deleted: 0

[30/May/2023:19:10:04] UPDATING ACCOUNTS (JobID: 7f74f79a-bf0d-4010-affd-4ac4455e35bd)
 - New and modified: 0

[30/May/2023:19:10:04] DELETING ACCOUNTS (JobID: 7f74f79a-bf0d-4010-affd-4ac4455e35bd)
 - Deleted: 0

[30/May/2023:19:10:36] UPDATING PRODUCTS (JobID: 51ac043a-5dee-4f98-9e6d-dc877e2cc462)
 - New and modified: 0

[30/May/2023:19:10:38] UPDATING PREPAGATI (JobID: 048bd089-06ca-4c4a-b852-ac578a79b89f)
 - New and modified: 0

[30/May/2023:19:10:38] DELETING PREPAGATI (JobID: 048bd089-06ca-4c4a-b852-ac578a79b89f)
 - Deleted: 0

[30/May/2023:19:20:04] UPDATING ACCOUNTS (JobID: c2683000-7160-48dd-a8c4-3af309d2c3d1)
 - New and modified: 0

[30/May/2023:19:20:04] DELETING ACCOUNTS (JobID: c2683000-7160-48dd-a8c4-3af309d2c3d1)
 - Deleted: 0

[30/May/2023:19:20:37] UPDATING PRODUCTS (JobID: a8782118-856d-41f5-8cc4-da9c4b8f1a63)
 - New and modified: 0

[30/May/2023:19:20:39] UPDATING PREPAGATI (JobID: 5f8cd48c-4a6c-4a23-8844-458c22f81d65)
 - New and modified: 0

[30/May/2023:19:20:39] DELETING PREPAGATI (JobID: 5f8cd48c-4a6c-4a23-8844-458c22f81d65)
 - Deleted: 0

[30/May/2023:19:30:04] UPDATING ACCOUNTS (JobID: 70aa1034-22d4-4727-8444-42715c9635dd)
 - New and modified: 0

[30/May/2023:19:30:04] DELETING ACCOUNTS (JobID: 70aa1034-22d4-4727-8444-42715c9635dd)
 - Deleted: 0

[30/May/2023:19:30:37] UPDATING PRODUCTS (JobID: 2488dc1c-d47a-4ac9-a306-45e410451770)
 - New and modified: 0

[30/May/2023:19:30:38] UPDATING PREPAGATI (JobID: cbbf34af-1ec3-4641-a6ad-1573950ca6fc)
 - New and modified: 0

[30/May/2023:19:30:38] DELETING PREPAGATI (JobID: cbbf34af-1ec3-4641-a6ad-1573950ca6fc)
 - Deleted: 0

[30/May/2023:19:40:05] UPDATING ACCOUNTS (JobID: 806639c7-0edf-41a8-99dd-4318081a8816)
 - New and modified: 0

[30/May/2023:19:40:05] DELETING ACCOUNTS (JobID: 806639c7-0edf-41a8-99dd-4318081a8816)
 - Deleted: 0

[30/May/2023:19:40:37] UPDATING PRODUCTS (JobID: 0c6f31a3-5f6d-48fa-acad-a0aa3d6e6691)
 - New and modified: 0

[30/May/2023:19:40:38] UPDATING PREPAGATI (JobID: b4bf10d7-4ba0-4c4d-9f0d-1e5f9ff0fce0)
 - New and modified: 0

[30/May/2023:19:40:38] DELETING PREPAGATI (JobID: b4bf10d7-4ba0-4c4d-9f0d-1e5f9ff0fce0)
 - Deleted: 0

[30/May/2023:19:50:04] UPDATING ACCOUNTS (JobID: c225275f-e930-475d-aaa9-f21f466bcf26)
 - New and modified: 0

[30/May/2023:19:50:04] DELETING ACCOUNTS (JobID: c225275f-e930-475d-aaa9-f21f466bcf26)
 - Deleted: 0

[30/May/2023:19:50:36] UPDATING PRODUCTS (JobID: ef974c9d-012f-443f-b26b-085deb71a99d)
 - New and modified: 0

[30/May/2023:19:50:38] UPDATING PREPAGATI (JobID: bc034263-1127-49db-a0c9-8fffde42bcd8)
 - New and modified: 0

[30/May/2023:19:50:38] DELETING PREPAGATI (JobID: bc034263-1127-49db-a0c9-8fffde42bcd8)
 - Deleted: 0

[30/May/2023:20:00:04] UPDATING ACCOUNTS (JobID: 50dcb33a-a570-4c70-aac6-939459899750)
 - New and modified: 0

[30/May/2023:20:00:04] DELETING ACCOUNTS (JobID: 50dcb33a-a570-4c70-aac6-939459899750)
 - Deleted: 0

[30/May/2023:20:00:36] UPDATING PRODUCTS (JobID: 4e1e5b77-7d4a-45e7-a369-1740341d0d87)
 - New and modified: 0

[30/May/2023:20:00:38] UPDATING PREPAGATI (JobID: 38725fa3-40dc-4db7-ab8b-4373b331261e)
 - New and modified: 0

[30/May/2023:20:00:38] DELETING PREPAGATI (JobID: 38725fa3-40dc-4db7-ab8b-4373b331261e)
 - Deleted: 0

[30/May/2023:20:10:04] UPDATING ACCOUNTS (JobID: ab97d706-f340-45d7-873c-a000dfee5160)
 - New and modified: 0

[30/May/2023:20:10:04] DELETING ACCOUNTS (JobID: ab97d706-f340-45d7-873c-a000dfee5160)
 - Deleted: 0

[30/May/2023:20:10:36] UPDATING PRODUCTS (JobID: 86bd26e6-27ee-4717-bb4b-172f0af720c2)
 - New and modified: 0

[30/May/2023:20:10:38] UPDATING PREPAGATI (JobID: 1bd10e61-6927-4414-9dc2-0a2ff256d8fc)
 - New and modified: 0

[30/May/2023:20:10:38] DELETING PREPAGATI (JobID: 1bd10e61-6927-4414-9dc2-0a2ff256d8fc)
 - Deleted: 0

[30/May/2023:20:20:04] UPDATING ACCOUNTS (JobID: a1c19ef9-4f43-4f92-bdac-c719aae21fb8)
 - New and modified: 0

[30/May/2023:20:20:04] DELETING ACCOUNTS (JobID: a1c19ef9-4f43-4f92-bdac-c719aae21fb8)
 - Deleted: 0

[30/May/2023:20:20:36] UPDATING PRODUCTS (JobID: 4e21e7c4-79be-44f0-85c3-2f4f27feced7)
 - New and modified: 0

[30/May/2023:20:20:37] UPDATING PREPAGATI (JobID: b701fd30-d63e-4519-85af-a85d6e55826a)
 - New and modified: 0

[30/May/2023:20:20:37] DELETING PREPAGATI (JobID: b701fd30-d63e-4519-85af-a85d6e55826a)
 - Deleted: 0

[30/May/2023:20:30:04] UPDATING ACCOUNTS (JobID: 0df472d4-0d92-4dc8-9624-4c2a6c2019f3)
 - New and modified: 0

[30/May/2023:20:30:04] DELETING ACCOUNTS (JobID: 0df472d4-0d92-4dc8-9624-4c2a6c2019f3)
 - Deleted: 0

[30/May/2023:20:30:36] UPDATING PRODUCTS (JobID: 8894adac-712d-4460-9f0a-b42734cff5f0)
 - New and modified: 0

[30/May/2023:20:30:38] UPDATING PREPAGATI (JobID: 7bc8d77c-ed24-41df-b05b-614902ce268a)
 - New and modified: 0

[30/May/2023:20:30:38] DELETING PREPAGATI (JobID: 7bc8d77c-ed24-41df-b05b-614902ce268a)
 - Deleted: 0

[30/May/2023:20:40:04] UPDATING ACCOUNTS (JobID: 7c9be5f0-f215-4f0d-a778-bc432c8415d4)
 - New and modified: 0

[30/May/2023:20:40:04] DELETING ACCOUNTS (JobID: 7c9be5f0-f215-4f0d-a778-bc432c8415d4)
 - Deleted: 0

[30/May/2023:20:40:36] UPDATING PRODUCTS (JobID: 287f94c3-4e94-4434-8b74-78340cde2941)
 - New and modified: 0

[30/May/2023:20:40:38] UPDATING PREPAGATI (JobID: c0ad3fde-1a94-42a5-bb09-ad21e04542a7)
 - New and modified: 0

[30/May/2023:20:40:38] DELETING PREPAGATI (JobID: c0ad3fde-1a94-42a5-bb09-ad21e04542a7)
 - Deleted: 0

[30/May/2023:20:50:04] UPDATING ACCOUNTS (JobID: cf4669ab-b9ab-40ec-8802-d22743cdd317)
 - New and modified: 0

[30/May/2023:20:50:04] DELETING ACCOUNTS (JobID: cf4669ab-b9ab-40ec-8802-d22743cdd317)
 - Deleted: 0

[30/May/2023:20:50:36] UPDATING PRODUCTS (JobID: 8145addf-3a78-4218-9362-9630d262769e)
 - New and modified: 0

[30/May/2023:20:50:37] UPDATING PREPAGATI (JobID: 8626ef1e-0afc-495f-90a7-d5cd06aa897c)
 - New and modified: 0

[30/May/2023:20:50:37] DELETING PREPAGATI (JobID: 8626ef1e-0afc-495f-90a7-d5cd06aa897c)
 - Deleted: 0

[30/May/2023:21:00:03] UPDATING ACCOUNTS (JobID: cdc4ed2b-0057-400b-adb9-545878e71a20)
 - New and modified: 0

[30/May/2023:21:00:03] DELETING ACCOUNTS (JobID: cdc4ed2b-0057-400b-adb9-545878e71a20)
 - Deleted: 0

[30/May/2023:21:00:35] UPDATING PRODUCTS (JobID: 92a5deac-944d-487c-8267-92d3f8b664c0)
 - New and modified: 0

[30/May/2023:21:00:38] UPDATING PREPAGATI (JobID: 57d4d232-27fb-4805-8e0a-46a566679e20)
 - New and modified: 0

[30/May/2023:21:00:38] DELETING PREPAGATI (JobID: 57d4d232-27fb-4805-8e0a-46a566679e20)
 - Deleted: 0

[30/May/2023:21:10:04] UPDATING ACCOUNTS (JobID: b840958c-1672-49f2-9887-8fec909a6124)
 - New and modified: 0

[30/May/2023:21:10:04] DELETING ACCOUNTS (JobID: b840958c-1672-49f2-9887-8fec909a6124)
 - Deleted: 0

[30/May/2023:21:10:37] UPDATING PRODUCTS (JobID: c312ec2c-9363-4ef6-9baa-0bef7916c6e2)
 - New and modified: 0

[30/May/2023:21:10:38] UPDATING PREPAGATI (JobID: 46ff7ff1-139f-413a-9d6b-b24c63b250c7)
 - New and modified: 0

[30/May/2023:21:10:38] DELETING PREPAGATI (JobID: 46ff7ff1-139f-413a-9d6b-b24c63b250c7)
 - Deleted: 0

[30/May/2023:21:20:04] UPDATING ACCOUNTS (JobID: c8335341-f052-4ccd-a9e4-905ea3e242fc)
 - New and modified: 0

[30/May/2023:21:20:04] DELETING ACCOUNTS (JobID: c8335341-f052-4ccd-a9e4-905ea3e242fc)
 - Deleted: 0

[30/May/2023:21:20:36] UPDATING PRODUCTS (JobID: 71018478-3896-4168-b0f8-872ca85b8e38)
 - New and modified: 0

[30/May/2023:21:20:37] UPDATING PREPAGATI (JobID: 4e954d24-9611-491b-a518-d9ff68e274dd)
 - New and modified: 0

[30/May/2023:21:20:37] DELETING PREPAGATI (JobID: 4e954d24-9611-491b-a518-d9ff68e274dd)
 - Deleted: 0

[30/May/2023:21:30:04] UPDATING ACCOUNTS (JobID: 9e2383f2-4cd2-4950-a33b-1f5d2a7a8b5e)
 - New and modified: 0

[30/May/2023:21:30:04] DELETING ACCOUNTS (JobID: 9e2383f2-4cd2-4950-a33b-1f5d2a7a8b5e)
 - Deleted: 0

[30/May/2023:21:30:35] UPDATING PRODUCTS (JobID: c3b38f87-976b-49b8-8747-262c1c656b5e)
 - New and modified: 0

[30/May/2023:21:30:37] UPDATING PREPAGATI (JobID: 46ff867a-a9a4-4a9d-9fb5-014a37102871)
 - New and modified: 0

[30/May/2023:21:30:37] DELETING PREPAGATI (JobID: 46ff867a-a9a4-4a9d-9fb5-014a37102871)
 - Deleted: 0

[30/May/2023:21:40:04] UPDATING ACCOUNTS (JobID: aad17cb0-c35f-4f49-abe9-baab7edfd278)
 - New and modified: 0

[30/May/2023:21:40:04] DELETING ACCOUNTS (JobID: aad17cb0-c35f-4f49-abe9-baab7edfd278)
 - Deleted: 0

[30/May/2023:21:40:37] UPDATING PRODUCTS (JobID: 6c2514a7-a601-4192-a8d7-04eeb81c5e98)
 - New and modified: 0

[30/May/2023:21:40:39] UPDATING PREPAGATI (JobID: 5c66159e-a353-4e0e-92c1-e4d52f8eb28c)
 - New and modified: 0

[30/May/2023:21:40:39] DELETING PREPAGATI (JobID: 5c66159e-a353-4e0e-92c1-e4d52f8eb28c)
 - Deleted: 0

[30/May/2023:21:50:04] UPDATING ACCOUNTS (JobID: bf4d1104-dd39-401a-ab18-1de45a70b26a)
 - New and modified: 0

[30/May/2023:21:50:04] DELETING ACCOUNTS (JobID: bf4d1104-dd39-401a-ab18-1de45a70b26a)
 - Deleted: 0

[30/May/2023:21:50:38] UPDATING PRODUCTS (JobID: 35e27eb7-580d-4ee0-a92c-6e627df2b359)
 - New and modified: 0

[30/May/2023:21:50:39] UPDATING PREPAGATI (JobID: eea799e9-0a2a-4fba-b45c-151c4d2d05fc)
 - New and modified: 0

[30/May/2023:21:50:39] DELETING PREPAGATI (JobID: eea799e9-0a2a-4fba-b45c-151c4d2d05fc)
 - Deleted: 0

[30/May/2023:22:00:06] UPDATING ACCOUNTS (JobID: 487f5660-5b36-4bc9-814b-f86ff2b4e492)
 - New and modified: 0

[30/May/2023:22:00:06] DELETING ACCOUNTS (JobID: 487f5660-5b36-4bc9-814b-f86ff2b4e492)
 - Deleted: 0

[30/May/2023:22:00:40] UPDATING PRODUCTS (JobID: c3d90ecf-fe6c-4ac5-9875-047250b21f7c)
 - New and modified: 0

[30/May/2023:22:00:42] UPDATING PREPAGATI (JobID: d49d77f9-ccd1-41e2-b0c3-03c8216bed3c)
 - New and modified: 0

[30/May/2023:22:00:42] DELETING PREPAGATI (JobID: d49d77f9-ccd1-41e2-b0c3-03c8216bed3c)
 - Deleted: 0

[30/May/2023:22:10:04] UPDATING ACCOUNTS (JobID: 2503499c-716c-467e-9a71-179542381475)
 - New and modified: 0

[30/May/2023:22:10:04] DELETING ACCOUNTS (JobID: 2503499c-716c-467e-9a71-179542381475)
 - Deleted: 0

[30/May/2023:22:10:39] UPDATING PRODUCTS (JobID: c0b8945f-5ef1-4cb3-8bf8-45bc65f4b9b2)
 - New and modified: 0

[30/May/2023:22:10:41] UPDATING PREPAGATI (JobID: 736dcbaf-d999-4c54-adbd-cd4f1570e2a0)
 - New and modified: 0

[30/May/2023:22:10:41] DELETING PREPAGATI (JobID: 736dcbaf-d999-4c54-adbd-cd4f1570e2a0)
 - Deleted: 0

[30/May/2023:22:20:04] UPDATING ACCOUNTS (JobID: db980cf3-40ab-4b6d-9f85-c7feda182bbf)
 - New and modified: 0

[30/May/2023:22:20:04] DELETING ACCOUNTS (JobID: db980cf3-40ab-4b6d-9f85-c7feda182bbf)
 - Deleted: 0

[30/May/2023:22:20:36] UPDATING PRODUCTS (JobID: dfe0eaf9-5853-4ae9-8d19-519a78521c15)
 - New and modified: 0

[30/May/2023:22:20:38] UPDATING PREPAGATI (JobID: 4a67025b-a270-499d-b54c-6e29c7636234)
 - New and modified: 0

[30/May/2023:22:20:38] DELETING PREPAGATI (JobID: 4a67025b-a270-499d-b54c-6e29c7636234)
 - Deleted: 0

[30/May/2023:22:30:04] UPDATING ACCOUNTS (JobID: 656d0b6f-307d-490f-944c-7815bc05b491)
 - New and modified: 0

[30/May/2023:22:30:04] DELETING ACCOUNTS (JobID: 656d0b6f-307d-490f-944c-7815bc05b491)
 - Deleted: 0

[30/May/2023:22:30:36] UPDATING PRODUCTS (JobID: 2865348d-0bc0-4a04-b906-126a3e21d4d4)
 - New and modified: 0

[30/May/2023:22:30:38] UPDATING PREPAGATI (JobID: 47571191-0387-424c-b096-37b1ae99ef6a)
 - New and modified: 0

[30/May/2023:22:30:38] DELETING PREPAGATI (JobID: 47571191-0387-424c-b096-37b1ae99ef6a)
 - Deleted: 0

[30/May/2023:22:40:04] UPDATING ACCOUNTS (JobID: 6ae4be83-2c86-4b21-8bcb-c7388fcb382f)
 - New and modified: 0

[30/May/2023:22:40:04] DELETING ACCOUNTS (JobID: 6ae4be83-2c86-4b21-8bcb-c7388fcb382f)
 - Deleted: 0

[30/May/2023:22:40:35] UPDATING PRODUCTS (JobID: c16a4c21-76ba-4d9b-9527-43d80fe16029)
 - New and modified: 0

[30/May/2023:22:40:37] UPDATING PREPAGATI (JobID: 83c62e45-2d52-43d0-b2f0-c420a2b4b0a1)
 - New and modified: 0

[30/May/2023:22:40:37] DELETING PREPAGATI (JobID: 83c62e45-2d52-43d0-b2f0-c420a2b4b0a1)
 - Deleted: 0

[30/May/2023:22:50:04] UPDATING ACCOUNTS (JobID: 79f7d4cc-a464-448a-a3fc-991bd6b56c69)
 - New and modified: 0

[30/May/2023:22:50:04] DELETING ACCOUNTS (JobID: 79f7d4cc-a464-448a-a3fc-991bd6b56c69)
 - Deleted: 0

[30/May/2023:22:50:36] UPDATING PRODUCTS (JobID: 878e6f5f-1683-4662-a68c-d294854d23c4)
 - New and modified: 0

[30/May/2023:22:50:37] UPDATING PREPAGATI (JobID: abb6a326-8e1c-475d-a2aa-bab48f419077)
 - New and modified: 0

[30/May/2023:22:50:37] DELETING PREPAGATI (JobID: abb6a326-8e1c-475d-a2aa-bab48f419077)
 - Deleted: 0

[30/May/2023:23:00:04] UPDATING ACCOUNTS (JobID: 0cd6ef16-6cb4-460a-9d1a-0466c239c4b5)
 - New and modified: 0

[30/May/2023:23:00:04] DELETING ACCOUNTS (JobID: 0cd6ef16-6cb4-460a-9d1a-0466c239c4b5)
 - Deleted: 0

[30/May/2023:23:00:36] UPDATING PRODUCTS (JobID: 9ddf552b-8140-45fc-b0d7-9764e3352278)
 - New and modified: 0

[30/May/2023:23:00:38] UPDATING PREPAGATI (JobID: af96da9e-afc6-4c4f-8638-182333c4a42e)
 - New and modified: 0

[30/May/2023:23:00:38] DELETING PREPAGATI (JobID: af96da9e-afc6-4c4f-8638-182333c4a42e)
 - Deleted: 0

[30/May/2023:23:10:05] UPDATING ACCOUNTS (JobID: 8f3cdcb0-9c1e-46b1-b32f-4b41fb489b59)
 - New and modified: 0

[30/May/2023:23:10:05] DELETING ACCOUNTS (JobID: 8f3cdcb0-9c1e-46b1-b32f-4b41fb489b59)
 - Deleted: 0

[30/May/2023:23:10:37] UPDATING PRODUCTS (JobID: 1941d1d6-fdc8-43fc-9c8e-32570f758e6f)
 - New and modified: 0

[30/May/2023:23:10:39] UPDATING PREPAGATI (JobID: 37e4877e-834a-41a8-b907-ad40c5b044da)
 - New and modified: 0

[30/May/2023:23:10:39] DELETING PREPAGATI (JobID: 37e4877e-834a-41a8-b907-ad40c5b044da)
 - Deleted: 0

[30/May/2023:23:20:04] UPDATING ACCOUNTS (JobID: c3adece5-86bb-430d-b6dc-03a179354273)
 - New and modified: 0

[30/May/2023:23:20:04] DELETING ACCOUNTS (JobID: c3adece5-86bb-430d-b6dc-03a179354273)
 - Deleted: 0

[30/May/2023:23:20:36] UPDATING PRODUCTS (JobID: 3514a8f4-3288-4400-bb91-d7f5a451bdec)
 - New and modified: 0

[30/May/2023:23:20:37] UPDATING PREPAGATI (JobID: 06743e78-4b2d-49cb-a582-ca08d345715b)
 - New and modified: 0

[30/May/2023:23:20:37] DELETING PREPAGATI (JobID: 06743e78-4b2d-49cb-a582-ca08d345715b)
 - Deleted: 0

[30/May/2023:23:30:04] UPDATING ACCOUNTS (JobID: bbfb4fe3-7954-4084-8871-e7acc52e62fe)
 - New and modified: 0

[30/May/2023:23:30:04] DELETING ACCOUNTS (JobID: bbfb4fe3-7954-4084-8871-e7acc52e62fe)
 - Deleted: 0

[30/May/2023:23:30:36] UPDATING PRODUCTS (JobID: f68560c3-5cad-4746-82ea-9c26f4f5004d)
 - New and modified: 0

[30/May/2023:23:30:38] UPDATING PREPAGATI (JobID: 85ebc029-ce47-4c07-bb71-5297acb7ac2e)
 - New and modified: 0

[30/May/2023:23:30:38] DELETING PREPAGATI (JobID: 85ebc029-ce47-4c07-bb71-5297acb7ac2e)
 - Deleted: 0

[30/May/2023:23:40:04] UPDATING ACCOUNTS (JobID: f9d62e25-b399-4747-bce5-957be784f95c)
 - New and modified: 0

[30/May/2023:23:40:04] DELETING ACCOUNTS (JobID: f9d62e25-b399-4747-bce5-957be784f95c)
 - Deleted: 0

[30/May/2023:23:40:35] UPDATING PRODUCTS (JobID: ec59d98d-2666-4959-9e32-35e59a7b18b0)
 - New and modified: 0

[30/May/2023:23:40:37] UPDATING PREPAGATI (JobID: 032ce3a3-2332-460b-b889-526533b87280)
 - New and modified: 0

[30/May/2023:23:40:37] DELETING PREPAGATI (JobID: 032ce3a3-2332-460b-b889-526533b87280)
 - Deleted: 0

[30/May/2023:23:50:05] UPDATING ACCOUNTS (JobID: 5ebeda44-ed4e-4ae7-96ea-33fa7080b8c2)
 - New and modified: 0

[30/May/2023:23:50:05] DELETING ACCOUNTS (JobID: 5ebeda44-ed4e-4ae7-96ea-33fa7080b8c2)
 - Deleted: 0

[30/May/2023:23:50:38] UPDATING PRODUCTS (JobID: a6355f5a-a061-49c0-bf3a-011c6df1861e)
 - New and modified: 0

[30/May/2023:23:50:40] UPDATING PREPAGATI (JobID: c4d1228c-3ecc-4222-915f-530e6fcbc991)
 - New and modified: 0

[30/May/2023:23:50:40] DELETING PREPAGATI (JobID: c4d1228c-3ecc-4222-915f-530e6fcbc991)
 - Deleted: 0

