[03/Jul/2023:00:00:04] UPDATING ACCOUNTS (JobID: c57bff93-8027-4111-9223-d932caee58e1)
 - New and modified: 0

[03/Jul/2023:00:00:04] DELETING ACCOUNTS (JobID: c57bff93-8027-4111-9223-d932caee58e1)
 - Deleted: 0

[03/Jul/2023:00:00:35] UPDATING PRODUCTS (JobID: f8f0619b-e156-497b-a5e5-c58c8afd0c8b)
 - New and modified: 0

[03/Jul/2023:00:00:37] UPDATING PREPAGATI (JobID: b2d06334-64d9-47bb-94a1-bda13a1654c0)
 - New and modified: 0

[03/Jul/2023:00:00:37] DELETING PREPAGATI (JobID: b2d06334-64d9-47bb-94a1-bda13a1654c0)
 - Deleted: 0

[03/Jul/2023:00:10:04] UPDATING ACCOUNTS (JobID: 76a9f58f-40d6-471f-be21-0f97db4a5a5b)
 - New and modified: 0

[03/Jul/2023:00:10:04] DELETING ACCOUNTS (JobID: 76a9f58f-40d6-471f-be21-0f97db4a5a5b)
 - Deleted: 0

[03/Jul/2023:00:10:37] UPDATING PRODUCTS (JobID: 091a78a1-ff17-472c-861f-d2965388bacb)
 - New and modified: 0

[03/Jul/2023:00:10:38] UPDATING PREPAGATI (JobID: e8b93a97-32e4-47b6-a95a-16b16b7db777)
 - New and modified: 0

[03/Jul/2023:00:10:38] DELETING PREPAGATI (JobID: e8b93a97-32e4-47b6-a95a-16b16b7db777)
 - Deleted: 0

[03/Jul/2023:00:20:04] UPDATING ACCOUNTS (JobID: 31a860af-f384-43ce-b045-f98b32a99c03)
 - New and modified: 0

[03/Jul/2023:00:20:04] DELETING ACCOUNTS (JobID: 31a860af-f384-43ce-b045-f98b32a99c03)
 - Deleted: 0

[03/Jul/2023:00:20:36] UPDATING PRODUCTS (JobID: b59bb230-018e-4856-8ea2-a48ac0aa9f38)
 - New and modified: 0

[03/Jul/2023:00:20:38] UPDATING PREPAGATI (JobID: e2466440-78b2-4894-aeab-2a04fb8030c5)
 - New and modified: 0

[03/Jul/2023:00:20:38] DELETING PREPAGATI (JobID: e2466440-78b2-4894-aeab-2a04fb8030c5)
 - Deleted: 0

[03/Jul/2023:00:30:04] UPDATING ACCOUNTS (JobID: d84d8194-6d67-4f6d-83bf-96e3f0008147)
 - New and modified: 0

[03/Jul/2023:00:30:04] DELETING ACCOUNTS (JobID: d84d8194-6d67-4f6d-83bf-96e3f0008147)
 - Deleted: 0

[03/Jul/2023:00:30:37] UPDATING PRODUCTS (JobID: b3738138-d34c-42ce-8b0c-4964bcf8093d)
 - New and modified: 0

[03/Jul/2023:00:30:38] UPDATING PREPAGATI (JobID: 29422ba1-3e90-4c84-9425-74d44ebbd488)
 - New and modified: 0

[03/Jul/2023:00:30:38] DELETING PREPAGATI (JobID: 29422ba1-3e90-4c84-9425-74d44ebbd488)
 - Deleted: 0

[03/Jul/2023:00:40:04] UPDATING ACCOUNTS (JobID: 42077a79-b9c9-436e-a6a8-606e149edeb6)
 - New and modified: 0

[03/Jul/2023:00:40:04] DELETING ACCOUNTS (JobID: 42077a79-b9c9-436e-a6a8-606e149edeb6)
 - Deleted: 0

[03/Jul/2023:00:40:36] UPDATING PRODUCTS (JobID: c10eac12-3369-4c49-8b6d-df2c26f2ae8f)
 - New and modified: 0

[03/Jul/2023:00:40:38] UPDATING PREPAGATI (JobID: 4d6905b7-a3a6-4de3-af83-85e43d60dbc7)
 - New and modified: 0

[03/Jul/2023:00:40:38] DELETING PREPAGATI (JobID: 4d6905b7-a3a6-4de3-af83-85e43d60dbc7)
 - Deleted: 0

[03/Jul/2023:00:50:04] UPDATING ACCOUNTS (JobID: 3ca1e185-5e04-451c-9701-97d0d4a51232)
 - New and modified: 0

[03/Jul/2023:00:50:04] DELETING ACCOUNTS (JobID: 3ca1e185-5e04-451c-9701-97d0d4a51232)
 - Deleted: 0

[03/Jul/2023:00:50:36] UPDATING PRODUCTS (JobID: b0e203c7-cea2-43d8-bd65-382aabab8e16)
 - New and modified: 0

[03/Jul/2023:00:50:38] UPDATING PREPAGATI (JobID: 6a3c48d4-94d0-470f-b41c-53dfb3e06da0)
 - New and modified: 0

[03/Jul/2023:00:50:38] DELETING PREPAGATI (JobID: 6a3c48d4-94d0-470f-b41c-53dfb3e06da0)
 - Deleted: 0

[03/Jul/2023:01:00:04] UPDATING ACCOUNTS (JobID: eb855d67-c2e8-4e21-99cc-564b7ebc6276)
 - New and modified: 0

[03/Jul/2023:01:00:04] DELETING ACCOUNTS (JobID: eb855d67-c2e8-4e21-99cc-564b7ebc6276)
 - Deleted: 0

[03/Jul/2023:01:00:37] UPDATING PRODUCTS (JobID: 13ea094b-79fe-413c-a047-b4f5e3f110a7)
 - New and modified: 0

[03/Jul/2023:01:00:38] UPDATING PREPAGATI (JobID: 2ae31813-463b-4417-a425-855c9cc9c372)
 - New and modified: 0

[03/Jul/2023:01:00:38] DELETING PREPAGATI (JobID: 2ae31813-463b-4417-a425-855c9cc9c372)
 - Deleted: 0

[03/Jul/2023:01:10:04] UPDATING ACCOUNTS (JobID: 94563454-05e7-42c2-9b4a-3d84b25a64dd)
 - New and modified: 0

[03/Jul/2023:01:10:04] DELETING ACCOUNTS (JobID: 94563454-05e7-42c2-9b4a-3d84b25a64dd)
 - Deleted: 0

[03/Jul/2023:01:10:43] UPDATING PRODUCTS (JobID: bb10743c-5d4c-45a8-af46-e2d832609615)
 - New and modified: 0

[03/Jul/2023:01:10:45] UPDATING PREPAGATI (JobID: 786b298e-fa69-4836-8965-5f6a05af2375)
 - New and modified: 0

[03/Jul/2023:01:10:45] DELETING PREPAGATI (JobID: 786b298e-fa69-4836-8965-5f6a05af2375)
 - Deleted: 0

[03/Jul/2023:01:20:04] UPDATING ACCOUNTS (JobID: f4475c1b-73c3-4046-be91-d50c1645d9c3)
 - New and modified: 0

[03/Jul/2023:01:20:04] DELETING ACCOUNTS (JobID: f4475c1b-73c3-4046-be91-d50c1645d9c3)
 - Deleted: 0

[03/Jul/2023:01:20:42] UPDATING PRODUCTS (JobID: 1b794910-7e6b-4d74-8da8-370696a38576)
 - New and modified: 0

[03/Jul/2023:01:20:44] UPDATING PREPAGATI (JobID: 7e071f53-330a-4f36-bd28-d6989d1b4e8b)
 - New and modified: 0

[03/Jul/2023:01:20:44] DELETING PREPAGATI (JobID: 7e071f53-330a-4f36-bd28-d6989d1b4e8b)
 - Deleted: 0

[03/Jul/2023:01:30:05] UPDATING ACCOUNTS (JobID: 3e1e2df4-1e88-4fd7-bf5b-f1301770cedb)
 - New and modified: 0

[03/Jul/2023:01:30:05] DELETING ACCOUNTS (JobID: 3e1e2df4-1e88-4fd7-bf5b-f1301770cedb)
 - Deleted: 0

[03/Jul/2023:01:30:39] UPDATING PRODUCTS (JobID: d5f3c486-d153-4514-9737-8b7a25252ecb)
 - New and modified: 0

[03/Jul/2023:01:30:41] UPDATING PREPAGATI (JobID: 1869c39c-a645-48d3-ab83-9f64af749880)
 - New and modified: 0

[03/Jul/2023:01:30:41] DELETING PREPAGATI (JobID: 1869c39c-a645-48d3-ab83-9f64af749880)
 - Deleted: 0

[03/Jul/2023:01:40:04] UPDATING ACCOUNTS (JobID: ed630782-e225-4fd4-9249-0b13f2dc3146)
 - New and modified: 0

[03/Jul/2023:01:40:04] DELETING ACCOUNTS (JobID: ed630782-e225-4fd4-9249-0b13f2dc3146)
 - Deleted: 0

[03/Jul/2023:01:40:39] UPDATING PRODUCTS (JobID: 32921243-6e61-4736-8de3-4ba70763a987)
 - New and modified: 0

[03/Jul/2023:01:40:41] UPDATING PREPAGATI (JobID: 4e2dd965-f964-4ae6-9a95-0e221867e635)
 - New and modified: 0

[03/Jul/2023:01:40:41] DELETING PREPAGATI (JobID: 4e2dd965-f964-4ae6-9a95-0e221867e635)
 - Deleted: 0

[03/Jul/2023:01:50:04] UPDATING ACCOUNTS (JobID: db617d5c-f81b-4833-b5ad-605b8e20af73)
 - New and modified: 0

[03/Jul/2023:01:50:04] DELETING ACCOUNTS (JobID: db617d5c-f81b-4833-b5ad-605b8e20af73)
 - Deleted: 0

[03/Jul/2023:01:50:39] UPDATING PRODUCTS (JobID: 30843448-8ba6-4549-9bc0-4921ee8747fd)
 - New and modified: 0

[03/Jul/2023:01:50:41] UPDATING PREPAGATI (JobID: 194d77ec-1c3f-4836-b21a-f75b2950bf4b)
 - New and modified: 0

[03/Jul/2023:01:50:41] DELETING PREPAGATI (JobID: 194d77ec-1c3f-4836-b21a-f75b2950bf4b)
 - Deleted: 0

[03/Jul/2023:02:00:06] UPDATING ACCOUNTS (JobID: 993dfed0-84b9-4601-a31c-a474407840f3)
 - New and modified: 0

[03/Jul/2023:02:00:06] DELETING ACCOUNTS (JobID: 993dfed0-84b9-4601-a31c-a474407840f3)
 - Deleted: 0

[03/Jul/2023:02:00:46] UPDATING PRODUCTS (JobID: 67b9f8d5-6ccf-4450-8a34-4fadd7edcd41)
 - New and modified: 0

[03/Jul/2023:02:00:48] UPDATING PREPAGATI (JobID: 3eaf5ba1-cb4f-4ce3-9f9b-7bc812af2a02)
 - New and modified: 0

[03/Jul/2023:02:00:48] DELETING PREPAGATI (JobID: 3eaf5ba1-cb4f-4ce3-9f9b-7bc812af2a02)
 - Deleted: 0

[03/Jul/2023:02:10:03] UPDATING ACCOUNTS (JobID: e99e4a19-cbb3-4eb7-a2ea-31d36f7d9a31)
 - New and modified: 0

[03/Jul/2023:02:10:03] DELETING ACCOUNTS (JobID: e99e4a19-cbb3-4eb7-a2ea-31d36f7d9a31)
 - Deleted: 0

[03/Jul/2023:02:10:34] UPDATING PRODUCTS (JobID: 7b6e1e26-d9ba-475c-8798-a7fc551f58a8)
 - New and modified: 0

[03/Jul/2023:02:10:36] UPDATING PREPAGATI (JobID: e753562a-2cfb-448e-96ba-5a81f6adab35)
 - New and modified: 0

[03/Jul/2023:02:10:36] DELETING PREPAGATI (JobID: e753562a-2cfb-448e-96ba-5a81f6adab35)
 - Deleted: 0

[03/Jul/2023:02:20:04] UPDATING ACCOUNTS (JobID: 54d466ad-6c16-4c7f-bc37-a98f40a53d33)
 - New and modified: 0

[03/Jul/2023:02:20:04] DELETING ACCOUNTS (JobID: 54d466ad-6c16-4c7f-bc37-a98f40a53d33)
 - Deleted: 0

[03/Jul/2023:02:20:37] UPDATING PRODUCTS (JobID: ded16745-d53b-4c51-8231-7ad27b99784a)
 - New and modified: 0

[03/Jul/2023:02:20:39] UPDATING PREPAGATI (JobID: af78826c-4a80-4645-9a22-a0cd30142e14)
 - New and modified: 0

[03/Jul/2023:02:20:39] DELETING PREPAGATI (JobID: af78826c-4a80-4645-9a22-a0cd30142e14)
 - Deleted: 0

[03/Jul/2023:02:30:04] UPDATING ACCOUNTS (JobID: 9dccba9f-f2c3-433e-a9a2-f56105801b08)
 - New and modified: 0

[03/Jul/2023:02:30:04] DELETING ACCOUNTS (JobID: 9dccba9f-f2c3-433e-a9a2-f56105801b08)
 - Deleted: 0

[03/Jul/2023:02:30:38] UPDATING PRODUCTS (JobID: d8c86526-7409-4a99-9b1a-b64c2948bf4c)
 - New and modified: 0

[03/Jul/2023:02:30:40] UPDATING PREPAGATI (JobID: c858fde5-280c-4c5d-9fc4-9aca2be6d017)
 - New and modified: 0

[03/Jul/2023:02:30:40] DELETING PREPAGATI (JobID: c858fde5-280c-4c5d-9fc4-9aca2be6d017)
 - Deleted: 0

[03/Jul/2023:02:40:04] UPDATING ACCOUNTS (JobID: f1695bb5-70e3-412a-9378-9908fe55e3d4)
 - New and modified: 0

[03/Jul/2023:02:40:04] DELETING ACCOUNTS (JobID: f1695bb5-70e3-412a-9378-9908fe55e3d4)
 - Deleted: 0

[03/Jul/2023:02:40:37] UPDATING PRODUCTS (JobID: 5322d404-85f0-4d54-ba19-aea43a482491)
 - New and modified: 0

[03/Jul/2023:02:40:39] UPDATING PREPAGATI (JobID: e5303178-1763-4f15-8c02-0a864e5d98a0)
 - New and modified: 0

[03/Jul/2023:02:40:39] DELETING PREPAGATI (JobID: e5303178-1763-4f15-8c02-0a864e5d98a0)
 - Deleted: 0

[03/Jul/2023:02:50:04] UPDATING ACCOUNTS (JobID: 5cc764cf-0c1e-4695-a40c-5d016f88496d)
 - New and modified: 0

[03/Jul/2023:02:50:04] DELETING ACCOUNTS (JobID: 5cc764cf-0c1e-4695-a40c-5d016f88496d)
 - Deleted: 0

[03/Jul/2023:02:50:40] UPDATING PRODUCTS (JobID: 127fb09f-12d1-4ceb-9f32-01bda2678567)
 - New and modified: 0

[03/Jul/2023:02:50:42] UPDATING PREPAGATI (JobID: 6249001c-bc2d-42d1-8707-8504c4b51143)
 - New and modified: 0

[03/Jul/2023:02:50:42] DELETING PREPAGATI (JobID: 6249001c-bc2d-42d1-8707-8504c4b51143)
 - Deleted: 0

[03/Jul/2023:03:10:04] UPDATING ACCOUNTS (JobID: cd98e6df-d3cf-4d09-b007-21f999f2edeb)
 - New and modified: 0

[03/Jul/2023:03:10:04] DELETING ACCOUNTS (JobID: cd98e6df-d3cf-4d09-b007-21f999f2edeb)
 - Deleted: 0

[03/Jul/2023:03:10:38] UPDATING PRODUCTS (JobID: ad1aa546-d102-4f3f-b3ba-9365cf90d2a9)
 - New and modified: 0

[03/Jul/2023:03:10:40] UPDATING PREPAGATI (JobID: cf580b9d-efe7-4c25-8809-f54d4a39288a)
 - New and modified: 0

[03/Jul/2023:03:10:40] DELETING PREPAGATI (JobID: cf580b9d-efe7-4c25-8809-f54d4a39288a)
 - Deleted: 0

[03/Jul/2023:03:20:04] UPDATING ACCOUNTS (JobID: 3b3527ce-d4e7-4bce-9fcc-da89706d0fbf)
 - New and modified: 0

[03/Jul/2023:03:20:04] DELETING ACCOUNTS (JobID: 3b3527ce-d4e7-4bce-9fcc-da89706d0fbf)
 - Deleted: 0

[03/Jul/2023:03:20:38] UPDATING PRODUCTS (JobID: e4f23a9d-9272-437d-9bf1-3214a29da0ac)
 - New and modified: 0

[03/Jul/2023:03:20:40] UPDATING PREPAGATI (JobID: fcc9c978-2cbb-406e-86a4-12baed7aba16)
 - New and modified: 0

[03/Jul/2023:03:20:40] DELETING PREPAGATI (JobID: fcc9c978-2cbb-406e-86a4-12baed7aba16)
 - Deleted: 0

[03/Jul/2023:03:30:04] UPDATING ACCOUNTS (JobID: 7e14acd8-ecf9-47bd-8d08-86440f68726d)
 - New and modified: 0

[03/Jul/2023:03:30:04] DELETING ACCOUNTS (JobID: 7e14acd8-ecf9-47bd-8d08-86440f68726d)
 - Deleted: 0

[03/Jul/2023:03:30:39] UPDATING PRODUCTS (JobID: 11977d7b-20fb-44f7-be02-29a9f8668fe4)
 - New and modified: 0

[03/Jul/2023:03:30:40] UPDATING PREPAGATI (JobID: d551f337-28b4-4333-8705-c320ff7e7a1b)
 - New and modified: 0

[03/Jul/2023:03:30:40] DELETING PREPAGATI (JobID: d551f337-28b4-4333-8705-c320ff7e7a1b)
 - Deleted: 0

[03/Jul/2023:03:40:05] UPDATING ACCOUNTS (JobID: e8881eb7-ee68-497d-8256-1091af39c67a)
 - New and modified: 0

[03/Jul/2023:03:40:05] DELETING ACCOUNTS (JobID: e8881eb7-ee68-497d-8256-1091af39c67a)
 - Deleted: 0

[03/Jul/2023:03:40:43] UPDATING PRODUCTS (JobID: 99092def-9d70-46b1-8bf8-5eba7765df70)
 - New and modified: 0

[03/Jul/2023:03:40:45] UPDATING PREPAGATI (JobID: 1bf0d55d-1926-4822-bec5-1983d77a00a6)
 - New and modified: 0

[03/Jul/2023:03:40:45] DELETING PREPAGATI (JobID: 1bf0d55d-1926-4822-bec5-1983d77a00a6)
 - Deleted: 0

[03/Jul/2023:03:50:04] UPDATING ACCOUNTS (JobID: ddd99e97-cb55-408d-be1e-0e0458131f2a)
 - New and modified: 0

[03/Jul/2023:03:50:04] DELETING ACCOUNTS (JobID: ddd99e97-cb55-408d-be1e-0e0458131f2a)
 - Deleted: 0

[03/Jul/2023:03:50:40] UPDATING PRODUCTS (JobID: d7ee7faa-00f2-4a8a-883a-ad738c8af13a)
 - New and modified: 0

[03/Jul/2023:03:50:42] UPDATING PREPAGATI (JobID: a218bca5-0ef7-4a21-8198-acb37906dfb3)
 - New and modified: 0

[03/Jul/2023:03:50:42] DELETING PREPAGATI (JobID: a218bca5-0ef7-4a21-8198-acb37906dfb3)
 - Deleted: 0

[03/Jul/2023:04:00:04] UPDATING ACCOUNTS (JobID: dd3f41eb-47b3-4666-9d14-318d8d2c3706)
 - New and modified: 0

[03/Jul/2023:04:00:04] DELETING ACCOUNTS (JobID: dd3f41eb-47b3-4666-9d14-318d8d2c3706)
 - Deleted: 0

[03/Jul/2023:04:00:38] UPDATING PRODUCTS (JobID: 379def2d-1ddc-40ed-927f-3c475d12b20b)
 - New and modified: 0

[03/Jul/2023:04:00:41] UPDATING PREPAGATI (JobID: 88d9be0b-c9bb-4642-960b-c29ca9e8eafc)
 - New and modified: 0

[03/Jul/2023:04:00:41] DELETING PREPAGATI (JobID: 88d9be0b-c9bb-4642-960b-c29ca9e8eafc)
 - Deleted: 0

[03/Jul/2023:04:10:05] UPDATING ACCOUNTS (JobID: 4c721f47-b062-4c72-8319-f43adfeca0ce)
 - New and modified: 0

[03/Jul/2023:04:10:05] DELETING ACCOUNTS (JobID: 4c721f47-b062-4c72-8319-f43adfeca0ce)
 - Deleted: 0

[03/Jul/2023:04:10:38] UPDATING PRODUCTS (JobID: cb79ca53-6ce0-46e7-af70-0ec4e1073b04)
 - New and modified: 0

[03/Jul/2023:04:10:39] UPDATING PREPAGATI (JobID: 43ec4c9d-4c5e-4519-9600-90125fb10c83)
 - New and modified: 0

[03/Jul/2023:04:10:39] DELETING PREPAGATI (JobID: 43ec4c9d-4c5e-4519-9600-90125fb10c83)
 - Deleted: 0

[03/Jul/2023:04:20:04] UPDATING ACCOUNTS (JobID: 5c3a835a-0ffb-4e4b-a05d-fe86b0c55ee8)
 - New and modified: 0

[03/Jul/2023:04:20:04] DELETING ACCOUNTS (JobID: 5c3a835a-0ffb-4e4b-a05d-fe86b0c55ee8)
 - Deleted: 0

[03/Jul/2023:04:20:38] UPDATING PRODUCTS (JobID: 74c96bcb-3b2c-42d5-b9d1-89c477cb6229)
 - New and modified: 0

[03/Jul/2023:04:20:40] UPDATING PREPAGATI (JobID: 9fa7065d-e63d-46dd-a932-90817cb40a1f)
 - New and modified: 0

[03/Jul/2023:04:20:40] DELETING PREPAGATI (JobID: 9fa7065d-e63d-46dd-a932-90817cb40a1f)
 - Deleted: 0

[03/Jul/2023:04:30:04] UPDATING ACCOUNTS (JobID: 68bf6819-0d33-408b-b9c4-08c31ea72fef)
 - New and modified: 0

[03/Jul/2023:04:30:04] DELETING ACCOUNTS (JobID: 68bf6819-0d33-408b-b9c4-08c31ea72fef)
 - Deleted: 0

[03/Jul/2023:04:30:38] UPDATING PRODUCTS (JobID: b8521835-1759-4ce7-9b52-b8dd663b7a5b)
 - New and modified: 0

[03/Jul/2023:04:30:40] UPDATING PREPAGATI (JobID: 3a954197-432b-411e-828f-4dbbf0521bb2)
 - New and modified: 0

[03/Jul/2023:04:30:40] DELETING PREPAGATI (JobID: 3a954197-432b-411e-828f-4dbbf0521bb2)
 - Deleted: 0

[03/Jul/2023:04:40:04] UPDATING ACCOUNTS (JobID: 47ae1927-20e4-41a7-bace-8c1db86312a8)
 - New and modified: 0

[03/Jul/2023:04:40:04] DELETING ACCOUNTS (JobID: 47ae1927-20e4-41a7-bace-8c1db86312a8)
 - Deleted: 0

[03/Jul/2023:04:40:37] UPDATING PRODUCTS (JobID: ed126436-e822-422e-92b0-d58c123c2b2f)
 - New and modified: 0

[03/Jul/2023:04:40:39] UPDATING PREPAGATI (JobID: cf0255a1-830f-4d6f-bc27-17e46eda0c07)
 - New and modified: 0

[03/Jul/2023:04:40:39] DELETING PREPAGATI (JobID: cf0255a1-830f-4d6f-bc27-17e46eda0c07)
 - Deleted: 0

[03/Jul/2023:04:50:05] UPDATING ACCOUNTS (JobID: 5d31faba-6a67-422b-8df8-03356b607412)
 - New and modified: 0

[03/Jul/2023:04:50:05] DELETING ACCOUNTS (JobID: 5d31faba-6a67-422b-8df8-03356b607412)
 - Deleted: 0

[03/Jul/2023:04:50:39] UPDATING PRODUCTS (JobID: 88e0fa87-432a-4356-84a3-701eff328762)
 - New and modified: 0

[03/Jul/2023:04:50:41] UPDATING PREPAGATI (JobID: 18e7787e-1884-44b1-86f6-d49caf145182)
 - New and modified: 0

[03/Jul/2023:04:50:41] DELETING PREPAGATI (JobID: 18e7787e-1884-44b1-86f6-d49caf145182)
 - Deleted: 0

[03/Jul/2023:05:00:06] UPDATING ACCOUNTS (JobID: 00e18c02-62ba-49f9-a2d2-6e3439aa23bd)
 - New and modified: 0

[03/Jul/2023:05:00:06] DELETING ACCOUNTS (JobID: 00e18c02-62ba-49f9-a2d2-6e3439aa23bd)
 - Deleted: 0

[03/Jul/2023:05:00:39] UPDATING PRODUCTS (JobID: f4a0d6f5-496f-44bb-81f6-4f303521278e)
 - New and modified: 0

[03/Jul/2023:05:00:41] UPDATING PREPAGATI (JobID: b7ea4334-f7d9-41ae-898c-c694a0597ba6)
 - New and modified: 0

[03/Jul/2023:05:00:41] DELETING PREPAGATI (JobID: b7ea4334-f7d9-41ae-898c-c694a0597ba6)
 - Deleted: 0

[03/Jul/2023:05:10:04] UPDATING ACCOUNTS (JobID: 1a865f60-e9e4-49e7-9a74-1ee99dc1296a)
 - New and modified: 0

[03/Jul/2023:05:10:04] DELETING ACCOUNTS (JobID: 1a865f60-e9e4-49e7-9a74-1ee99dc1296a)
 - Deleted: 0

[03/Jul/2023:05:10:39] UPDATING PRODUCTS (JobID: f3a0ca86-cd8a-4bc9-ab91-2fa317622154)
 - New and modified: 0

[03/Jul/2023:05:10:41] UPDATING PREPAGATI (JobID: e1046fcc-50bc-413a-bd94-b027efc6613a)
 - New and modified: 0

[03/Jul/2023:05:10:41] DELETING PREPAGATI (JobID: e1046fcc-50bc-413a-bd94-b027efc6613a)
 - Deleted: 0

[03/Jul/2023:05:20:04] UPDATING ACCOUNTS (JobID: ceac288c-9aab-4638-a39b-dab77526bd61)
 - New and modified: 0

[03/Jul/2023:05:20:04] DELETING ACCOUNTS (JobID: ceac288c-9aab-4638-a39b-dab77526bd61)
 - Deleted: 0

[03/Jul/2023:05:20:37] UPDATING PRODUCTS (JobID: f058a9c2-188e-477f-a360-b9cd06b4ecf9)
 - New and modified: 0

[03/Jul/2023:05:20:38] UPDATING PREPAGATI (JobID: 1c32f4d1-4e6d-4b02-9c31-b11dde442b63)
 - New and modified: 0

[03/Jul/2023:05:20:38] DELETING PREPAGATI (JobID: 1c32f4d1-4e6d-4b02-9c31-b11dde442b63)
 - Deleted: 0

[03/Jul/2023:05:30:04] UPDATING ACCOUNTS (JobID: 5ef8117d-c5a9-4f5e-8022-9137eb57f1c4)
 - New and modified: 0

[03/Jul/2023:05:30:04] DELETING ACCOUNTS (JobID: 5ef8117d-c5a9-4f5e-8022-9137eb57f1c4)
 - Deleted: 0

[03/Jul/2023:05:30:37] UPDATING PRODUCTS (JobID: a5848fc5-7974-4ebc-b4bc-6c9f1c4ad670)
 - New and modified: 0

[03/Jul/2023:05:30:39] UPDATING PREPAGATI (JobID: d2df82ea-516e-4968-8792-e45f972dded6)
 - New and modified: 0

[03/Jul/2023:05:30:39] DELETING PREPAGATI (JobID: d2df82ea-516e-4968-8792-e45f972dded6)
 - Deleted: 0

[03/Jul/2023:05:40:04] UPDATING ACCOUNTS (JobID: c7bc5493-1dc9-4af8-8ee6-0c1e176d1481)
 - New and modified: 0

[03/Jul/2023:05:40:04] DELETING ACCOUNTS (JobID: c7bc5493-1dc9-4af8-8ee6-0c1e176d1481)
 - Deleted: 0

[03/Jul/2023:05:40:39] UPDATING PRODUCTS (JobID: 7c617110-21b3-44eb-bf50-453a50e650d3)
 - New and modified: 0

[03/Jul/2023:05:40:40] UPDATING PREPAGATI (JobID: 2eb4a424-e7bc-43ab-86dd-daa7e3fb389c)
 - New and modified: 0

[03/Jul/2023:05:40:40] DELETING PREPAGATI (JobID: 2eb4a424-e7bc-43ab-86dd-daa7e3fb389c)
 - Deleted: 0

[03/Jul/2023:05:50:04] UPDATING ACCOUNTS (JobID: 218993eb-34f8-4476-b848-fcc097753378)
 - New and modified: 0

[03/Jul/2023:05:50:04] DELETING ACCOUNTS (JobID: 218993eb-34f8-4476-b848-fcc097753378)
 - Deleted: 0

[03/Jul/2023:05:50:36] UPDATING PRODUCTS (JobID: ed0570f1-141f-4f5f-8528-60166dfe775b)
 - New and modified: 0

[03/Jul/2023:05:50:38] UPDATING PREPAGATI (JobID: 8662c8a4-f268-4485-b709-278959ea7cbf)
 - New and modified: 0

[03/Jul/2023:05:50:38] DELETING PREPAGATI (JobID: 8662c8a4-f268-4485-b709-278959ea7cbf)
 - Deleted: 0

[03/Jul/2023:06:00:04] UPDATING ACCOUNTS (JobID: 5632b957-3580-4348-a6bc-57840252f9b5)
 - New and modified: 0

[03/Jul/2023:06:00:04] DELETING ACCOUNTS (JobID: 5632b957-3580-4348-a6bc-57840252f9b5)
 - Deleted: 0

[03/Jul/2023:06:00:39] UPDATING PRODUCTS (JobID: 1299e64d-bc9b-4943-a3a3-ba7795a81d59)
 - New and modified: 0

[03/Jul/2023:06:00:40] UPDATING PREPAGATI (JobID: 127bd40d-3cf7-4fe8-a382-a0a8dfe78dfb)
 - New and modified: 0

[03/Jul/2023:06:00:40] DELETING PREPAGATI (JobID: 127bd40d-3cf7-4fe8-a382-a0a8dfe78dfb)
 - Deleted: 0

[03/Jul/2023:06:10:04] UPDATING ACCOUNTS (JobID: d27c9836-98c4-4bbd-a549-cc1f5a048eac)
 - New and modified: 0

[03/Jul/2023:06:10:04] DELETING ACCOUNTS (JobID: d27c9836-98c4-4bbd-a549-cc1f5a048eac)
 - Deleted: 0

[03/Jul/2023:06:10:38] UPDATING PRODUCTS (JobID: 9b43da45-0c23-485a-b97f-9ebe62b259eb)
 - New and modified: 0

[03/Jul/2023:06:10:40] UPDATING PREPAGATI (JobID: 43d0a6cd-f31d-4c1e-8dd5-33a4ae68d165)
 - New and modified: 0

[03/Jul/2023:06:10:40] DELETING PREPAGATI (JobID: 43d0a6cd-f31d-4c1e-8dd5-33a4ae68d165)
 - Deleted: 0

[03/Jul/2023:06:20:04] UPDATING ACCOUNTS (JobID: 60820425-88c8-4be3-813f-04849807735a)
 - New and modified: 0

[03/Jul/2023:06:20:04] DELETING ACCOUNTS (JobID: 60820425-88c8-4be3-813f-04849807735a)
 - Deleted: 0

[03/Jul/2023:06:20:40] UPDATING PRODUCTS (JobID: a2d082eb-04ed-457b-8bbf-1462b51289f0)
 - New and modified: 0

[03/Jul/2023:06:20:42] UPDATING PREPAGATI (JobID: b04dd450-5f98-4cfd-bffc-e1d3a99946e8)
 - New and modified: 0

[03/Jul/2023:06:20:42] DELETING PREPAGATI (JobID: b04dd450-5f98-4cfd-bffc-e1d3a99946e8)
 - Deleted: 0

[03/Jul/2023:06:30:05] UPDATING ACCOUNTS (JobID: fc4ce981-394b-4f87-b308-aa5440ecf64f)
 - New and modified: 0

[03/Jul/2023:06:30:05] DELETING ACCOUNTS (JobID: fc4ce981-394b-4f87-b308-aa5440ecf64f)
 - Deleted: 0

[03/Jul/2023:06:30:38] UPDATING PRODUCTS (JobID: baac7c21-8eb6-4682-8318-aa1d86ac11d0)
 - New and modified: 0

[03/Jul/2023:06:30:40] UPDATING PREPAGATI (JobID: a4ce6796-187a-4616-b3a5-5753cfeab6ad)
 - New and modified: 0

[03/Jul/2023:06:30:40] DELETING PREPAGATI (JobID: a4ce6796-187a-4616-b3a5-5753cfeab6ad)
 - Deleted: 0

[03/Jul/2023:06:40:04] UPDATING ACCOUNTS (JobID: a420d644-e252-48c2-bfd2-8d141044a5bf)
 - New and modified: 0

[03/Jul/2023:06:40:04] DELETING ACCOUNTS (JobID: a420d644-e252-48c2-bfd2-8d141044a5bf)
 - Deleted: 0

[03/Jul/2023:06:40:36] UPDATING PRODUCTS (JobID: b0608a01-9a63-4da1-bcd0-e3ac7557c81d)
 - New and modified: 0

[03/Jul/2023:06:40:38] UPDATING PREPAGATI (JobID: 4178a1ef-2db8-4080-b952-80f6900dd69f)
 - New and modified: 0

[03/Jul/2023:06:40:38] DELETING PREPAGATI (JobID: 4178a1ef-2db8-4080-b952-80f6900dd69f)
 - Deleted: 0

[03/Jul/2023:06:50:04] UPDATING ACCOUNTS (JobID: 98635895-5fb9-4487-983c-8b76eb79fba6)
 - New and modified: 0

[03/Jul/2023:06:50:04] DELETING ACCOUNTS (JobID: 98635895-5fb9-4487-983c-8b76eb79fba6)
 - Deleted: 0

[03/Jul/2023:06:50:37] UPDATING PRODUCTS (JobID: 9bc47524-9628-46ee-9c0d-be0a76df7c12)
 - New and modified: 0

[03/Jul/2023:06:50:38] UPDATING PREPAGATI (JobID: 96264fef-f773-40db-8465-85c961d43fc8)
 - New and modified: 0

[03/Jul/2023:06:50:38] DELETING PREPAGATI (JobID: 96264fef-f773-40db-8465-85c961d43fc8)
 - Deleted: 0

[03/Jul/2023:07:00:15] UPDATING ACCOUNTS (JobID: 7cb51081-2a15-4681-9e76-948f3434ed51)
 - New and modified: 0

[03/Jul/2023:07:00:15] DELETING ACCOUNTS (JobID: 7cb51081-2a15-4681-9e76-948f3434ed51)
 - Deleted: 0

[03/Jul/2023:07:00:49] UPDATING PRODUCTS (JobID: 97423f58-c5c9-44cc-a4c2-327e0ee9aa6f)
 - New and modified: 0

[03/Jul/2023:07:00:51] UPDATING PREPAGATI (JobID: 68b538ef-d04e-4450-8722-7d7411a26350)
 - New and modified: 0

[03/Jul/2023:07:00:51] DELETING PREPAGATI (JobID: 68b538ef-d04e-4450-8722-7d7411a26350)
 - Deleted: 0

[03/Jul/2023:07:10:04] UPDATING ACCOUNTS (JobID: ecb9a473-7e73-4ab3-913c-177be8b86c2a)
 - New and modified: 0

[03/Jul/2023:07:10:04] DELETING ACCOUNTS (JobID: ecb9a473-7e73-4ab3-913c-177be8b86c2a)
 - Deleted: 0

[03/Jul/2023:07:10:38] UPDATING PRODUCTS (JobID: d6a906e8-a6e0-4b9e-b693-838eb849bc17)
 - New and modified: 0

[03/Jul/2023:07:10:40] UPDATING PREPAGATI (JobID: 677f0d9b-1548-40da-aefd-a173f1c72622)
 - New and modified: 0

[03/Jul/2023:07:10:40] DELETING PREPAGATI (JobID: 677f0d9b-1548-40da-aefd-a173f1c72622)
 - Deleted: 0

[03/Jul/2023:07:20:05] UPDATING ACCOUNTS (JobID: 4ab2f033-994c-45dc-9e64-7eb150debe5b)
 - New and modified: 0

[03/Jul/2023:07:20:05] DELETING ACCOUNTS (JobID: 4ab2f033-994c-45dc-9e64-7eb150debe5b)
 - Deleted: 0

[03/Jul/2023:07:20:39] UPDATING PRODUCTS (JobID: 23ac5c03-1907-45bd-a4b8-1b6f5175bead)
 - New and modified: 0

[03/Jul/2023:07:20:41] UPDATING PREPAGATI (JobID: 3a5d3d77-6575-4bff-b8ff-c277841bc1e4)
 - New and modified: 0

[03/Jul/2023:07:20:41] DELETING PREPAGATI (JobID: 3a5d3d77-6575-4bff-b8ff-c277841bc1e4)
 - Deleted: 0

[03/Jul/2023:07:30:04] UPDATING ACCOUNTS (JobID: 2d0a3306-c81b-48af-a846-b0ca96eba2de)
 - New and modified: 0

[03/Jul/2023:07:30:04] DELETING ACCOUNTS (JobID: 2d0a3306-c81b-48af-a846-b0ca96eba2de)
 - Deleted: 0

[03/Jul/2023:07:30:40] UPDATING PRODUCTS (JobID: fce97a66-df13-401c-a0f8-31ed38452b02)
 - New and modified: 0

[03/Jul/2023:07:30:42] UPDATING PREPAGATI (JobID: 9c45aade-d159-4e27-8e90-8647a0f91d70)
 - New and modified: 0

[03/Jul/2023:07:30:42] DELETING PREPAGATI (JobID: 9c45aade-d159-4e27-8e90-8647a0f91d70)
 - Deleted: 0

[03/Jul/2023:07:40:04] UPDATING ACCOUNTS (JobID: f52b50e8-f3e9-4a02-b6d0-a66415dfec1d)
 - New and modified: 0

[03/Jul/2023:07:40:04] DELETING ACCOUNTS (JobID: f52b50e8-f3e9-4a02-b6d0-a66415dfec1d)
 - Deleted: 0

[03/Jul/2023:07:40:38] UPDATING PRODUCTS (JobID: d4366b16-5752-4766-8464-2e6845caf349)
 - New and modified: 0

[03/Jul/2023:07:40:40] UPDATING PREPAGATI (JobID: c935b4c1-6571-4637-bace-dce6af9a26cd)
 - New and modified: 0

[03/Jul/2023:07:40:40] DELETING PREPAGATI (JobID: c935b4c1-6571-4637-bace-dce6af9a26cd)
 - Deleted: 0

[03/Jul/2023:07:50:04] UPDATING ACCOUNTS (JobID: 1e2e8cca-25a1-4301-b895-65baa777971f)
 - New and modified: 0

[03/Jul/2023:07:50:04] DELETING ACCOUNTS (JobID: 1e2e8cca-25a1-4301-b895-65baa777971f)
 - Deleted: 0

[03/Jul/2023:07:50:39] UPDATING PRODUCTS (JobID: 4493ed07-828c-4e1f-96dd-9d2735cd7317)
 - New and modified: 0

[03/Jul/2023:07:50:41] UPDATING PREPAGATI (JobID: ba5afccb-ee3e-4dd4-8bb7-d07fc11c6b72)
 - New and modified: 0

[03/Jul/2023:07:50:41] DELETING PREPAGATI (JobID: ba5afccb-ee3e-4dd4-8bb7-d07fc11c6b72)
 - Deleted: 0

[03/Jul/2023:08:00:04] UPDATING ACCOUNTS (JobID: 7055bb3b-5b6d-4330-a10d-e36fca506822)
 - New and modified: 0

[03/Jul/2023:08:00:04] DELETING ACCOUNTS (JobID: 7055bb3b-5b6d-4330-a10d-e36fca506822)
 - Deleted: 0

[03/Jul/2023:08:00:38] UPDATING PRODUCTS (JobID: 2aebbed1-ed5f-40f6-95a7-2023a9185629)
 - New and modified: 0

[03/Jul/2023:08:00:40] UPDATING PREPAGATI (JobID: d1d8acce-17bc-4243-a010-4313ccd6f854)
 - New and modified: 0

[03/Jul/2023:08:00:40] DELETING PREPAGATI (JobID: d1d8acce-17bc-4243-a010-4313ccd6f854)
 - Deleted: 0

[03/Jul/2023:08:10:04] UPDATING ACCOUNTS (JobID: 12978697-13d6-444a-9501-b5ab8f81dc5f)
 - New and modified: 0

[03/Jul/2023:08:10:04] DELETING ACCOUNTS (JobID: 12978697-13d6-444a-9501-b5ab8f81dc5f)
 - Deleted: 0

[03/Jul/2023:08:10:37] UPDATING PRODUCTS (JobID: cc4b86fc-ea91-40da-86e7-b085865be877)
 - New and modified: 0

[03/Jul/2023:08:10:39] UPDATING PREPAGATI (JobID: 3f34e473-bc2d-4e09-9e8c-3924bb1ca70b)
 - New and modified: 0

[03/Jul/2023:08:10:39] DELETING PREPAGATI (JobID: 3f34e473-bc2d-4e09-9e8c-3924bb1ca70b)
 - Deleted: 0

[03/Jul/2023:08:20:04] UPDATING ACCOUNTS (JobID: 07d8191e-942e-42ff-afd5-1e5bb1dc2e39)
 - New and modified: 0

[03/Jul/2023:08:20:04] DELETING ACCOUNTS (JobID: 07d8191e-942e-42ff-afd5-1e5bb1dc2e39)
 - Deleted: 0

[03/Jul/2023:08:20:39] UPDATING PRODUCTS (JobID: 664fa374-4cd5-49aa-984f-ad985bd4f46f)
 - New and modified: 0

[03/Jul/2023:08:20:41] UPDATING PREPAGATI (JobID: 38fc5bbb-2c4a-4644-8c9d-ea661239d832)
 - New and modified: 0

[03/Jul/2023:08:20:41] DELETING PREPAGATI (JobID: 38fc5bbb-2c4a-4644-8c9d-ea661239d832)
 - Deleted: 0

[03/Jul/2023:08:30:04] UPDATING ACCOUNTS (JobID: 20f96394-769b-4be1-bf89-b09cb3b3fdbc)
 - New and modified: 0

[03/Jul/2023:08:30:04] DELETING ACCOUNTS (JobID: 20f96394-769b-4be1-bf89-b09cb3b3fdbc)
 - Deleted: 0

[03/Jul/2023:08:30:36] UPDATING PRODUCTS (JobID: b4c294c3-89e9-400b-96b2-c2d1716e271e)
 - New and modified: 0

[03/Jul/2023:08:30:38] UPDATING PREPAGATI (JobID: 80c857e7-9768-441b-86c4-0480ba34c513)
 - New and modified: 0

[03/Jul/2023:08:30:38] DELETING PREPAGATI (JobID: 80c857e7-9768-441b-86c4-0480ba34c513)
 - Deleted: 0

[03/Jul/2023:08:40:04] UPDATING ACCOUNTS (JobID: aee4fb6f-926f-40e2-9eda-89ba0bfa6454)
 - New and modified: 0

[03/Jul/2023:08:40:04] DELETING ACCOUNTS (JobID: aee4fb6f-926f-40e2-9eda-89ba0bfa6454)
 - Deleted: 0

[03/Jul/2023:08:40:38] UPDATING PRODUCTS (JobID: 352fc7e2-37d9-4f59-a8f3-1328ee5a1f77)
 - New and modified: 0

[03/Jul/2023:08:40:40] UPDATING PREPAGATI (JobID: 05271f90-71b0-40c9-af7b-a1e46ac51fc6)
 - New and modified: 0

[03/Jul/2023:08:40:40] DELETING PREPAGATI (JobID: 05271f90-71b0-40c9-af7b-a1e46ac51fc6)
 - Deleted: 0

[03/Jul/2023:08:50:04] UPDATING ACCOUNTS (JobID: 1f56e746-3d94-4db8-8335-9237aba72ad3)
 - New and modified: 0

[03/Jul/2023:08:50:04] DELETING ACCOUNTS (JobID: 1f56e746-3d94-4db8-8335-9237aba72ad3)
 - Deleted: 0

[03/Jul/2023:08:50:37] UPDATING PRODUCTS (JobID: 7b017c81-c6fa-4d41-b43e-2ab219a7a399)
 - New and modified: 0

[03/Jul/2023:08:50:39] UPDATING PREPAGATI (JobID: 0211e14e-b571-4959-8643-cf88db712152)
 - New and modified: 0

[03/Jul/2023:08:50:39] DELETING PREPAGATI (JobID: 0211e14e-b571-4959-8643-cf88db712152)
 - Deleted: 0

[03/Jul/2023:09:00:05] UPDATING ACCOUNTS (JobID: f84d352d-5cbc-4c69-9a21-7412305a0518)
 - New and modified: 0

[03/Jul/2023:09:00:05] DELETING ACCOUNTS (JobID: f84d352d-5cbc-4c69-9a21-7412305a0518)
 - Deleted: 0

[03/Jul/2023:09:00:40] UPDATING PRODUCTS (JobID: 7684fe90-2290-4ab9-86fc-924457980d14)
 - New and modified: 0

[03/Jul/2023:09:00:41] UPDATING PREPAGATI (JobID: 4e7bc9c5-7ecb-441c-8ea1-d738bef08051)
 - New and modified: 0

[03/Jul/2023:09:00:41] DELETING PREPAGATI (JobID: 4e7bc9c5-7ecb-441c-8ea1-d738bef08051)
 - Deleted: 0

[03/Jul/2023:09:20:05] UPDATING ACCOUNTS (JobID: a6e838ce-9ff1-45a1-a422-a940e2c4fe50)
 - New and modified: 0

[03/Jul/2023:09:20:05] DELETING ACCOUNTS (JobID: a6e838ce-9ff1-45a1-a422-a940e2c4fe50)
 - Deleted: 0

[03/Jul/2023:09:20:38] UPDATING PRODUCTS (JobID: 3446e07f-379d-4208-b62e-a927e09eb1a2)
 - New and modified: 0

[03/Jul/2023:09:20:40] UPDATING PREPAGATI (JobID: 07cee81d-e956-4742-8c3d-0990fce3c750)
 - New and modified: 0

[03/Jul/2023:09:20:40] DELETING PREPAGATI (JobID: 07cee81d-e956-4742-8c3d-0990fce3c750)
 - Deleted: 0

[03/Jul/2023:09:30:04] UPDATING ACCOUNTS (JobID: 4ce46750-7f62-4a03-8fa9-a9ed6af6cf04)
 - New and modified: 0

[03/Jul/2023:09:30:04] DELETING ACCOUNTS (JobID: 4ce46750-7f62-4a03-8fa9-a9ed6af6cf04)
 - Deleted: 0

[03/Jul/2023:09:30:36] UPDATING PRODUCTS (JobID: 47dd4c9f-fc11-44b0-9621-60b12a525dd6)
 - New and modified: 0

[03/Jul/2023:09:30:38] UPDATING PREPAGATI (JobID: ffc1e1bd-b76b-4fe0-9868-66b3f9b14218)
 - New and modified: 0

[03/Jul/2023:09:30:38] DELETING PREPAGATI (JobID: ffc1e1bd-b76b-4fe0-9868-66b3f9b14218)
 - Deleted: 0

[03/Jul/2023:09:40:04] UPDATING ACCOUNTS (JobID: 46d800a5-1b5b-4c8f-ac56-ec6f4459fa7d)
 - New and modified: 0

[03/Jul/2023:09:40:04] DELETING ACCOUNTS (JobID: 46d800a5-1b5b-4c8f-ac56-ec6f4459fa7d)
 - Deleted: 0

[03/Jul/2023:09:40:35] UPDATING PRODUCTS (JobID: 9ba293d8-6317-44a2-a2c7-3bc7889ae8d0)
 - New and modified: 0

[03/Jul/2023:09:40:37] UPDATING PREPAGATI (JobID: 31a6ec2e-45e6-4820-b4b7-3f150a1bbc51)
 - New and modified: 0

[03/Jul/2023:09:40:37] DELETING PREPAGATI (JobID: 31a6ec2e-45e6-4820-b4b7-3f150a1bbc51)
 - Deleted: 0

[03/Jul/2023:09:50:05] UPDATING ACCOUNTS (JobID: 9f6ad849-3ea5-4f5b-b263-6add96030c17)
 - New and modified: 0

[03/Jul/2023:09:50:05] DELETING ACCOUNTS (JobID: 9f6ad849-3ea5-4f5b-b263-6add96030c17)
 - Deleted: 0

[03/Jul/2023:09:50:36] UPDATING PRODUCTS (JobID: d6042663-c798-453b-b818-ef57f77a5dae)
 - New and modified: 0

[03/Jul/2023:09:50:38] UPDATING PREPAGATI (JobID: 18d2c355-cf09-45a4-887f-4bb091047394)
 - New and modified: 0

[03/Jul/2023:09:50:38] DELETING PREPAGATI (JobID: 18d2c355-cf09-45a4-887f-4bb091047394)
 - Deleted: 0

[03/Jul/2023:10:00:04] UPDATING ACCOUNTS (JobID: 861d26e1-4b10-4e07-bbee-19e7f0f5fc75)
 - New and modified: 0

[03/Jul/2023:10:00:04] DELETING ACCOUNTS (JobID: 861d26e1-4b10-4e07-bbee-19e7f0f5fc75)
 - Deleted: 0

[03/Jul/2023:10:00:38] UPDATING PRODUCTS (JobID: 0fe4b145-bfbd-4084-9c63-d7364da2cfd6)
 - New and modified: 0

[03/Jul/2023:10:00:39] UPDATING PREPAGATI (JobID: 216ef4c7-4395-4421-b8b9-941d519ca937)
 - New and modified: 0

[03/Jul/2023:10:00:39] DELETING PREPAGATI (JobID: 216ef4c7-4395-4421-b8b9-941d519ca937)
 - Deleted: 0

[03/Jul/2023:10:10:04] UPDATING ACCOUNTS (JobID: 8bfa71de-12f6-4f08-ab27-5b61fa2a90d4)
 - New and modified: 0

[03/Jul/2023:10:10:04] DELETING ACCOUNTS (JobID: 8bfa71de-12f6-4f08-ab27-5b61fa2a90d4)
 - Deleted: 0

[03/Jul/2023:10:10:38] UPDATING PRODUCTS (JobID: 84387031-539f-42d4-b68c-3d0aa9b865b3)
 - New and modified: 0

[03/Jul/2023:10:10:40] UPDATING PREPAGATI (JobID: a95ccde9-4a7c-47c1-96c6-99b61f9eb863)
 - New and modified: 0

[03/Jul/2023:10:10:40] DELETING PREPAGATI (JobID: a95ccde9-4a7c-47c1-96c6-99b61f9eb863)
 - Deleted: 0

[03/Jul/2023:10:20:04] UPDATING ACCOUNTS (JobID: e08388a4-0bb5-45cf-913a-5de69177b01a)
 - New and modified: 0

[03/Jul/2023:10:20:04] DELETING ACCOUNTS (JobID: e08388a4-0bb5-45cf-913a-5de69177b01a)
 - Deleted: 0

[03/Jul/2023:10:30:04] UPDATING ACCOUNTS (JobID: 263a72cd-0ced-40c4-850b-e13895dfcccb)
 - New and modified: 0

[03/Jul/2023:10:30:04] DELETING ACCOUNTS (JobID: 263a72cd-0ced-40c4-850b-e13895dfcccb)
 - Deleted: 0

[03/Jul/2023:10:30:38] UPDATING PRODUCTS (JobID: 7477d190-4710-4f20-98b7-82dbe1f128c6)
 - New and modified: 0

[03/Jul/2023:10:30:40] UPDATING PREPAGATI (JobID: 27c2d726-262b-4053-b9c8-410a90a50e1e)
 - New and modified: 0

[03/Jul/2023:10:30:40] DELETING PREPAGATI (JobID: 27c2d726-262b-4053-b9c8-410a90a50e1e)
 - Deleted: 0

[03/Jul/2023:10:40:04] UPDATING ACCOUNTS (JobID: 16243677-642a-4ed2-9527-a104536dbd8f)
 - New and modified: 0

[03/Jul/2023:10:40:04] DELETING ACCOUNTS (JobID: 16243677-642a-4ed2-9527-a104536dbd8f)
 - Deleted: 0

[03/Jul/2023:10:40:38] UPDATING PRODUCTS (JobID: debcdcf1-f4f0-43ad-844d-a213a939db33)
 - New and modified: 0

[03/Jul/2023:10:40:40] UPDATING PREPAGATI (JobID: 544bfba9-6d3f-4e04-93d9-a617c506fc6b)
 - New and modified: 0

[03/Jul/2023:10:40:40] DELETING PREPAGATI (JobID: 544bfba9-6d3f-4e04-93d9-a617c506fc6b)
 - Deleted: 0

[03/Jul/2023:10:50:04] UPDATING ACCOUNTS (JobID: 51f4ac0d-89f7-4bd5-a0ff-64120e1fb8ff)
 - New and modified: 0

[03/Jul/2023:10:50:04] DELETING ACCOUNTS (JobID: 51f4ac0d-89f7-4bd5-a0ff-64120e1fb8ff)
 - Deleted: 0

[03/Jul/2023:10:50:36] UPDATING PRODUCTS (JobID: 89a1b2d1-ba22-43c7-8e83-f1c9914bf084)
 - New and modified: 0

[03/Jul/2023:10:50:38] UPDATING PREPAGATI (JobID: 87dab70a-6410-413d-ae72-68a496f12af1)
 - New and modified: 0

[03/Jul/2023:10:50:38] DELETING PREPAGATI (JobID: 87dab70a-6410-413d-ae72-68a496f12af1)
 - Deleted: 0

[03/Jul/2023:11:00:04] UPDATING ACCOUNTS (JobID: d5291b88-dc7d-4545-b907-53c4d966a6e0)
 - New and modified: 0

[03/Jul/2023:11:00:04] DELETING ACCOUNTS (JobID: d5291b88-dc7d-4545-b907-53c4d966a6e0)
 - Deleted: 0

[03/Jul/2023:11:00:37] UPDATING PRODUCTS (JobID: a63c0ad0-d2fa-4451-a35c-21ea8e1603ad)
 - New and modified: 0

[03/Jul/2023:11:00:40] UPDATING PREPAGATI (JobID: 597d7bab-0809-4e5c-9a27-922830ddb662)
 - New and modified: 0

[03/Jul/2023:11:00:40] DELETING PREPAGATI (JobID: 597d7bab-0809-4e5c-9a27-922830ddb662)
 - Deleted: 0

[03/Jul/2023:11:10:04] UPDATING ACCOUNTS (JobID: 7811411e-e6a5-43f2-980d-ab2482733c9a)
 - New and modified: 0

[03/Jul/2023:11:10:04] DELETING ACCOUNTS (JobID: 7811411e-e6a5-43f2-980d-ab2482733c9a)
 - Deleted: 0

[03/Jul/2023:11:10:37] UPDATING PRODUCTS (JobID: a067687c-7800-4d38-a065-89e3f852195d)
 - New and modified: 0

[03/Jul/2023:11:10:38] UPDATING PREPAGATI (JobID: b9370dda-4042-43b6-b33c-8857233a2af9)
 - New and modified: 0

[03/Jul/2023:11:10:38] DELETING PREPAGATI (JobID: b9370dda-4042-43b6-b33c-8857233a2af9)
 - Deleted: 0

[03/Jul/2023:11:20:04] UPDATING ACCOUNTS (JobID: 7d7fc372-a036-4c05-ab13-8a740e2a86d6)
 - New and modified: 0

[03/Jul/2023:11:20:04] DELETING ACCOUNTS (JobID: 7d7fc372-a036-4c05-ab13-8a740e2a86d6)
 - Deleted: 0

[03/Jul/2023:11:20:37] UPDATING PRODUCTS (JobID: e0400644-9754-4c11-b048-e4493e8744ac)
 - New and modified: 0

[03/Jul/2023:11:20:38] UPDATING PREPAGATI (JobID: db064f26-a69b-48b5-bb37-33eab52dbdec)
 - New and modified: 0

[03/Jul/2023:11:20:38] DELETING PREPAGATI (JobID: db064f26-a69b-48b5-bb37-33eab52dbdec)
 - Deleted: 0

[03/Jul/2023:11:30:03] UPDATING ACCOUNTS (JobID: 81433e7c-39a8-4325-b26e-e602e54068fc)
 - New and modified: 0

[03/Jul/2023:11:30:03] DELETING ACCOUNTS (JobID: 81433e7c-39a8-4325-b26e-e602e54068fc)
 - Deleted: 0

[03/Jul/2023:11:30:34] UPDATING PRODUCTS (JobID: 835c6c6a-be8f-4506-a6ed-599e6f285bfe)
 - New and modified: 0

[03/Jul/2023:11:30:36] UPDATING PREPAGATI (JobID: 4036115d-6099-49f8-bcf2-36f913f063cc)
 - New and modified: 0

[03/Jul/2023:11:30:36] DELETING PREPAGATI (JobID: 4036115d-6099-49f8-bcf2-36f913f063cc)
 - Deleted: 0

[03/Jul/2023:11:40:05] UPDATING ACCOUNTS (JobID: 3a68b9a9-81c6-4a4d-9f8e-45db9ed5cdfc)
 - New and modified: 0

[03/Jul/2023:11:40:05] DELETING ACCOUNTS (JobID: 3a68b9a9-81c6-4a4d-9f8e-45db9ed5cdfc)
 - Deleted: 0

[03/Jul/2023:11:40:38] UPDATING PRODUCTS (JobID: 9aaa593c-83c9-4b58-a5cc-8023d27e3327)
 - New and modified: 0

[03/Jul/2023:11:40:39] UPDATING PREPAGATI (JobID: 1af67981-068c-4d3c-a85b-bd9724551431)
 - New and modified: 0

[03/Jul/2023:11:40:39] DELETING PREPAGATI (JobID: 1af67981-068c-4d3c-a85b-bd9724551431)
 - Deleted: 0

[03/Jul/2023:12:00:04] UPDATING ACCOUNTS (JobID: 5e467739-ed33-471e-bdb8-f801627ae6c6)
 - New and modified: 0

[03/Jul/2023:12:00:04] DELETING ACCOUNTS (JobID: 5e467739-ed33-471e-bdb8-f801627ae6c6)
 - Deleted: 0

[03/Jul/2023:12:00:37] UPDATING PRODUCTS (JobID: 0e634f95-33b9-4f6c-9310-4fb69cb2a215)
 - New and modified: 0

[03/Jul/2023:12:00:39] UPDATING PREPAGATI (JobID: e24f4b4a-4d09-4ee6-9e40-a00b4ab1bf77)
 - New and modified: 0

[03/Jul/2023:12:00:39] DELETING PREPAGATI (JobID: e24f4b4a-4d09-4ee6-9e40-a00b4ab1bf77)
 - Deleted: 0

[03/Jul/2023:12:10:04] UPDATING ACCOUNTS (JobID: 584865c6-3235-446e-b722-2a1eb06ed7a3)
 - New and modified: 0

[03/Jul/2023:12:10:04] DELETING ACCOUNTS (JobID: 584865c6-3235-446e-b722-2a1eb06ed7a3)
 - Deleted: 0

[03/Jul/2023:12:10:39] UPDATING PRODUCTS (JobID: ac9047f9-f238-4aa9-a447-9033adec12f6)
 - New and modified: 0

[03/Jul/2023:12:10:46] UPDATING PREPAGATI (JobID: 900462c4-0501-4969-a7d9-5ef2cd638def)
 - New and modified: 0

[03/Jul/2023:12:10:46] DELETING PREPAGATI (JobID: 900462c4-0501-4969-a7d9-5ef2cd638def)
 - Deleted: 0

[03/Jul/2023:12:20:04] UPDATING ACCOUNTS (JobID: f390b8d8-850b-40fc-a362-34a353175f23)
 - New and modified: 0

[03/Jul/2023:12:20:04] DELETING ACCOUNTS (JobID: f390b8d8-850b-40fc-a362-34a353175f23)
 - Deleted: 0

[03/Jul/2023:12:20:38] UPDATING PRODUCTS (JobID: 48e8e9b5-a50c-40c5-9fe3-c1ac32dbcace)
 - New and modified: 0

[03/Jul/2023:12:20:40] UPDATING PREPAGATI (JobID: 6144bf7d-7213-4633-b407-f37683ce642f)
 - New and modified: 0

[03/Jul/2023:12:20:40] DELETING PREPAGATI (JobID: 6144bf7d-7213-4633-b407-f37683ce642f)
 - Deleted: 0

[03/Jul/2023:12:30:04] UPDATING ACCOUNTS (JobID: f4a31872-62d9-4459-8cf4-55f0303a89a6)
 - New and modified: 0

[03/Jul/2023:12:30:04] DELETING ACCOUNTS (JobID: f4a31872-62d9-4459-8cf4-55f0303a89a6)
 - Deleted: 0

[03/Jul/2023:12:30:36] UPDATING PRODUCTS (JobID: ff6a389a-a52c-46ec-ab4d-253e20ce20a9)
 - New and modified: 0

[03/Jul/2023:12:30:37] UPDATING PREPAGATI (JobID: f79f5aba-617a-4a65-ac85-41a51ef7686b)
 - New and modified: 0

[03/Jul/2023:12:30:37] DELETING PREPAGATI (JobID: f79f5aba-617a-4a65-ac85-41a51ef7686b)
 - Deleted: 0

[03/Jul/2023:12:40:04] UPDATING ACCOUNTS (JobID: 0570398b-3d1f-4a73-a250-6efac0407d6e)
 - New and modified: 0

[03/Jul/2023:12:40:04] DELETING ACCOUNTS (JobID: 0570398b-3d1f-4a73-a250-6efac0407d6e)
 - Deleted: 0

[03/Jul/2023:12:40:36] UPDATING PRODUCTS (JobID: e361037f-fd54-4178-aaea-c0808383ca4e)
 - New and modified: 0

[03/Jul/2023:12:40:37] UPDATING PREPAGATI (JobID: 142bc17d-28cc-4294-9b8d-187522fb0859)
 - New and modified: 0

[03/Jul/2023:12:40:37] DELETING PREPAGATI (JobID: 142bc17d-28cc-4294-9b8d-187522fb0859)
 - Deleted: 0

[03/Jul/2023:12:50:04] UPDATING ACCOUNTS (JobID: 09ed7d7f-18d2-4c4d-85b4-02a643e0b1f4)
 - New and modified: 0

[03/Jul/2023:12:50:04] DELETING ACCOUNTS (JobID: 09ed7d7f-18d2-4c4d-85b4-02a643e0b1f4)
 - Deleted: 0

[03/Jul/2023:12:50:35] UPDATING PRODUCTS (JobID: 66da23af-dab8-4a79-94c6-7b397f354479)
 - New and modified: 0

[03/Jul/2023:12:50:37] UPDATING PREPAGATI (JobID: c0dd147f-88ba-4c62-b2bc-6ec41b5997fc)
 - New and modified: 0

[03/Jul/2023:12:50:37] DELETING PREPAGATI (JobID: c0dd147f-88ba-4c62-b2bc-6ec41b5997fc)
 - Deleted: 0

[03/Jul/2023:13:00:04] UPDATING ACCOUNTS (JobID: dea35bd6-7738-4e53-9ce3-1d626b0cc0e8)
 - New and modified: 0

[03/Jul/2023:13:00:04] DELETING ACCOUNTS (JobID: dea35bd6-7738-4e53-9ce3-1d626b0cc0e8)
 - Deleted: 0

[03/Jul/2023:13:00:35] UPDATING PRODUCTS (JobID: 846a4288-d27d-4244-9049-d586356b0caa)
 - New and modified: 0

[03/Jul/2023:13:00:36] UPDATING PREPAGATI (JobID: af9275fe-2939-425c-a3e9-1ceff05ae691)
 - New and modified: 0

[03/Jul/2023:13:00:36] DELETING PREPAGATI (JobID: af9275fe-2939-425c-a3e9-1ceff05ae691)
 - Deleted: 0

[03/Jul/2023:13:10:04] UPDATING ACCOUNTS (JobID: 49fee75f-a594-4f9c-a156-7d59ff1a64db)
 - New and modified: 0

[03/Jul/2023:13:10:04] DELETING ACCOUNTS (JobID: 49fee75f-a594-4f9c-a156-7d59ff1a64db)
 - Deleted: 0

[03/Jul/2023:13:10:38] UPDATING PRODUCTS (JobID: ebdc5e7e-8357-4c6e-a1bf-4170bdecb083)
 - New and modified: 0

[03/Jul/2023:13:10:41] UPDATING PREPAGATI (JobID: 1aa4d632-2f7d-4859-8242-33fa444e3480)
 - New and modified: 0

[03/Jul/2023:13:10:41] DELETING PREPAGATI (JobID: 1aa4d632-2f7d-4859-8242-33fa444e3480)
 - Deleted: 0

[03/Jul/2023:13:30:04] UPDATING ACCOUNTS (JobID: e8aedffa-5e31-4d67-9313-0d6294bb53ba)
 - New and modified: 0

[03/Jul/2023:13:30:04] DELETING ACCOUNTS (JobID: e8aedffa-5e31-4d67-9313-0d6294bb53ba)
 - Deleted: 0

[03/Jul/2023:13:30:35] UPDATING PRODUCTS (JobID: e524bee5-8aed-4d2a-b7f1-849a4196112f)
 - New and modified: 0

[03/Jul/2023:13:30:37] UPDATING PREPAGATI (JobID: 543e0588-e7e7-4f86-9560-ea652f746fa8)
 - New and modified: 0

[03/Jul/2023:13:30:37] DELETING PREPAGATI (JobID: 543e0588-e7e7-4f86-9560-ea652f746fa8)
 - Deleted: 0

[03/Jul/2023:13:40:04] UPDATING ACCOUNTS (JobID: c9cb7d1b-bfaf-4fdc-b636-096103d4637f)
 - New and modified: 0

[03/Jul/2023:13:40:04] DELETING ACCOUNTS (JobID: c9cb7d1b-bfaf-4fdc-b636-096103d4637f)
 - Deleted: 0

[03/Jul/2023:13:40:35] UPDATING PRODUCTS (JobID: f8dbd7a3-67d3-4d60-94d7-92a3bc188c4e)
 - New and modified: 0

[03/Jul/2023:13:40:37] UPDATING PREPAGATI (JobID: 7938c1a4-b9a6-47cd-aa0a-19aec4b2557e)
 - New and modified: 0

[03/Jul/2023:13:40:37] DELETING PREPAGATI (JobID: 7938c1a4-b9a6-47cd-aa0a-19aec4b2557e)
 - Deleted: 0

[03/Jul/2023:13:50:04] UPDATING ACCOUNTS (JobID: 28ef1fc4-4ab5-408f-8e9d-0b51d83f1462)
 - New and modified: 0

[03/Jul/2023:13:50:04] DELETING ACCOUNTS (JobID: 28ef1fc4-4ab5-408f-8e9d-0b51d83f1462)
 - Deleted: 0

[03/Jul/2023:13:50:37] UPDATING PRODUCTS (JobID: 286463b1-de19-4b05-a502-81ae0afc6f11)
 - New and modified: 0

[03/Jul/2023:13:50:39] UPDATING PREPAGATI (JobID: e3534bb6-044f-4e93-aef0-235e1cc0684e)
 - New and modified: 0

[03/Jul/2023:13:50:39] DELETING PREPAGATI (JobID: e3534bb6-044f-4e93-aef0-235e1cc0684e)
 - Deleted: 0

[03/Jul/2023:14:00:04] UPDATING ACCOUNTS (JobID: e2900f5a-87ec-4d4e-a0d4-ec587ae57f33)
 - New and modified: 0

[03/Jul/2023:14:00:04] DELETING ACCOUNTS (JobID: e2900f5a-87ec-4d4e-a0d4-ec587ae57f33)
 - Deleted: 0

[03/Jul/2023:14:00:38] UPDATING PRODUCTS (JobID: 34dfc448-279f-483d-8ea3-eb9e81cbe90a)
 - New and modified: 0

[03/Jul/2023:14:00:40] UPDATING PREPAGATI (JobID: 4a7e9fb9-002b-4f74-8820-fa2fee5ae557)
 - New and modified: 0

[03/Jul/2023:14:00:40] DELETING PREPAGATI (JobID: 4a7e9fb9-002b-4f74-8820-fa2fee5ae557)
 - Deleted: 0

[03/Jul/2023:14:10:04] UPDATING ACCOUNTS (JobID: 51f0a9c3-9a70-4746-ac78-61808e68d858)
 - New and modified: 0

[03/Jul/2023:14:10:04] DELETING ACCOUNTS (JobID: 51f0a9c3-9a70-4746-ac78-61808e68d858)
 - Deleted: 0

[03/Jul/2023:14:10:37] UPDATING PRODUCTS (JobID: e737b882-0a45-4bb2-a6a2-94a8b9317156)
 - New and modified: 0

[03/Jul/2023:14:10:39] UPDATING PREPAGATI (JobID: 4a35ec60-ff45-47fc-9eac-36d6d11fbb22)
 - New and modified: 0

[03/Jul/2023:14:10:39] DELETING PREPAGATI (JobID: 4a35ec60-ff45-47fc-9eac-36d6d11fbb22)
 - Deleted: 0

[03/Jul/2023:14:20:04] UPDATING ACCOUNTS (JobID: 8c8cda32-b312-4384-96b2-d9a85eede458)
 - New and modified: 0

[03/Jul/2023:14:20:04] DELETING ACCOUNTS (JobID: 8c8cda32-b312-4384-96b2-d9a85eede458)
 - Deleted: 0

[03/Jul/2023:14:20:36] UPDATING PRODUCTS (JobID: b3372770-b7a9-4741-af2f-f0e8128977dd)
 - New and modified: 0

[03/Jul/2023:14:20:38] UPDATING PREPAGATI (JobID: 5c9db1c1-b012-470f-a921-51b8c802370f)
 - New and modified: 0

[03/Jul/2023:14:20:38] DELETING PREPAGATI (JobID: 5c9db1c1-b012-470f-a921-51b8c802370f)
 - Deleted: 0

[03/Jul/2023:14:30:04] UPDATING ACCOUNTS (JobID: 7778d172-03aa-4859-967e-5127af100aef)
 - New and modified: 0

[03/Jul/2023:14:30:04] DELETING ACCOUNTS (JobID: 7778d172-03aa-4859-967e-5127af100aef)
 - Deleted: 0

[03/Jul/2023:14:30:35] UPDATING PRODUCTS (JobID: 7067ce9a-78ea-466d-a8fc-91da284b2183)
 - New and modified: 0

[03/Jul/2023:14:30:37] UPDATING PREPAGATI (JobID: 1f076431-3e74-48a0-be57-e280407509ab)
 - New and modified: 0

[03/Jul/2023:14:30:37] DELETING PREPAGATI (JobID: 1f076431-3e74-48a0-be57-e280407509ab)
 - Deleted: 0

[03/Jul/2023:14:40:03] UPDATING ACCOUNTS (JobID: bf9bae10-4cbf-4e62-a831-09d5858ca382)
 - New and modified: 0

[03/Jul/2023:14:40:03] DELETING ACCOUNTS (JobID: bf9bae10-4cbf-4e62-a831-09d5858ca382)
 - Deleted: 0

[03/Jul/2023:14:40:34] UPDATING PRODUCTS (JobID: bee928c5-8034-455a-900d-fcc8ed016a00)
 - New and modified: 0

[03/Jul/2023:14:40:36] UPDATING PREPAGATI (JobID: 762d9541-00f4-4731-806e-e0be77b8c531)
 - New and modified: 0

[03/Jul/2023:14:40:36] DELETING PREPAGATI (JobID: 762d9541-00f4-4731-806e-e0be77b8c531)
 - Deleted: 0

[03/Jul/2023:14:50:04] UPDATING ACCOUNTS (JobID: 82e9d4a5-0290-4e98-bfc3-faa6c29304cb)
 - New and modified: 0

[03/Jul/2023:14:50:04] DELETING ACCOUNTS (JobID: 82e9d4a5-0290-4e98-bfc3-faa6c29304cb)
 - Deleted: 0

[03/Jul/2023:14:50:36] UPDATING PRODUCTS (JobID: 87421eb7-ea89-4f9c-ad2f-b2a31061e75a)
 - New and modified: 0

[03/Jul/2023:14:50:37] UPDATING PREPAGATI (JobID: b6109e14-d639-4a73-a356-9a905aa96209)
 - New and modified: 0

[03/Jul/2023:14:50:37] DELETING PREPAGATI (JobID: b6109e14-d639-4a73-a356-9a905aa96209)
 - Deleted: 0

[03/Jul/2023:15:00:05] UPDATING ACCOUNTS (JobID: 5b4f8d9e-492f-494b-9e4d-eb8f54c0468b)
 - New and modified: 0

[03/Jul/2023:15:00:05] DELETING ACCOUNTS (JobID: 5b4f8d9e-492f-494b-9e4d-eb8f54c0468b)
 - Deleted: 0

[03/Jul/2023:15:00:37] UPDATING PRODUCTS (JobID: f6b47e51-293e-4f8e-9ff2-4f4d31546f82)
 - New and modified: 0

[03/Jul/2023:15:00:40] UPDATING PREPAGATI (JobID: 74dc08f8-a9bf-4510-a92e-79fc887b1763)
 - New and modified: 0

[03/Jul/2023:15:00:40] DELETING PREPAGATI (JobID: 74dc08f8-a9bf-4510-a92e-79fc887b1763)
 - Deleted: 0

[03/Jul/2023:15:10:04] UPDATING ACCOUNTS (JobID: 915ac66b-2d17-4718-b615-eaaf128d8432)
 - New and modified: 0

[03/Jul/2023:15:10:04] DELETING ACCOUNTS (JobID: 915ac66b-2d17-4718-b615-eaaf128d8432)
 - Deleted: 0

[03/Jul/2023:15:10:36] UPDATING PRODUCTS (JobID: 4ab5cbf4-e137-4562-9d1d-9ead7082e78f)
 - New and modified: 0

[03/Jul/2023:15:10:38] UPDATING PREPAGATI (JobID: f4cdd850-7dd9-42c6-924e-85237c23c9f7)
 - New and modified: 0

[03/Jul/2023:15:10:38] DELETING PREPAGATI (JobID: f4cdd850-7dd9-42c6-924e-85237c23c9f7)
 - Deleted: 0

[03/Jul/2023:15:20:04] UPDATING ACCOUNTS (JobID: 44f5e703-69ae-4aca-be32-b9e8405f9100)
 - New and modified: 0

[03/Jul/2023:15:20:04] DELETING ACCOUNTS (JobID: 44f5e703-69ae-4aca-be32-b9e8405f9100)
 - Deleted: 0

[03/Jul/2023:15:20:35] UPDATING PRODUCTS (JobID: 48501310-0ce7-4341-b7bd-748b05635d17)
 - New and modified: 0

[03/Jul/2023:15:20:37] UPDATING PREPAGATI (JobID: 511bcd2a-ae50-4e14-80d5-a3f05bdb1117)
 - New and modified: 0

[03/Jul/2023:15:20:37] DELETING PREPAGATI (JobID: 511bcd2a-ae50-4e14-80d5-a3f05bdb1117)
 - Deleted: 0

[03/Jul/2023:15:30:04] UPDATING ACCOUNTS (JobID: 5f36db6c-c8cf-45bd-90c8-09eb6eaa9685)
 - New and modified: 0

[03/Jul/2023:15:30:04] DELETING ACCOUNTS (JobID: 5f36db6c-c8cf-45bd-90c8-09eb6eaa9685)
 - Deleted: 0

[03/Jul/2023:15:30:37] UPDATING PRODUCTS (JobID: d03a1346-64b3-4e3e-9272-e63fbb1d39df)
 - New and modified: 0

[03/Jul/2023:15:30:38] UPDATING PREPAGATI (JobID: e4ac4169-ce89-4343-8430-aa44ebfaf659)
 - New and modified: 0

[03/Jul/2023:15:30:38] DELETING PREPAGATI (JobID: e4ac4169-ce89-4343-8430-aa44ebfaf659)
 - Deleted: 0

[03/Jul/2023:15:40:04] UPDATING ACCOUNTS (JobID: 127e5dd9-7932-484d-9ddb-bde860cf34e5)
 - New and modified: 0

[03/Jul/2023:15:40:04] DELETING ACCOUNTS (JobID: 127e5dd9-7932-484d-9ddb-bde860cf34e5)
 - Deleted: 0

[03/Jul/2023:15:40:36] UPDATING PRODUCTS (JobID: 8df350ef-eec8-46af-b07c-7e49c201de8f)
 - New and modified: 0

[03/Jul/2023:15:40:37] UPDATING PREPAGATI (JobID: 6d5c4627-ef24-42cc-bf4f-48423637d8a5)
 - New and modified: 0

[03/Jul/2023:15:40:37] DELETING PREPAGATI (JobID: 6d5c4627-ef24-42cc-bf4f-48423637d8a5)
 - Deleted: 0

[03/Jul/2023:16:00:06] UPDATING ACCOUNTS (JobID: dde59e7b-b7ea-4bd1-b4f4-8ceb90820af7)
 - New and modified: 0

[03/Jul/2023:16:00:06] DELETING ACCOUNTS (JobID: dde59e7b-b7ea-4bd1-b4f4-8ceb90820af7)
 - Deleted: 0

[03/Jul/2023:16:00:39] UPDATING PRODUCTS (JobID: 7c641db5-17ae-469e-acd1-a6be500a2e8f)
 - New and modified: 0

[03/Jul/2023:16:00:41] UPDATING PREPAGATI (JobID: 0c4b7b82-bc4b-49e9-b867-da705b27cc98)
 - New and modified: 0

[03/Jul/2023:16:00:41] DELETING PREPAGATI (JobID: 0c4b7b82-bc4b-49e9-b867-da705b27cc98)
 - Deleted: 0

[03/Jul/2023:16:10:04] UPDATING ACCOUNTS (JobID: 0e496153-0074-427e-8f75-768726341b04)
 - New and modified: 0

[03/Jul/2023:16:10:04] DELETING ACCOUNTS (JobID: 0e496153-0074-427e-8f75-768726341b04)
 - Deleted: 0

[03/Jul/2023:16:10:36] UPDATING PRODUCTS (JobID: 1f1fdf2b-c614-42b7-9646-72e3f96a0dbe)
 - New and modified: 0

[03/Jul/2023:16:10:37] UPDATING PREPAGATI (JobID: 23ba4a23-8c64-4ec7-aedd-f9622000649d)
 - New and modified: 0

[03/Jul/2023:16:10:37] DELETING PREPAGATI (JobID: 23ba4a23-8c64-4ec7-aedd-f9622000649d)
 - Deleted: 0

[03/Jul/2023:16:20:04] UPDATING ACCOUNTS (JobID: 0306add6-f57a-42ec-9673-61d748e2d6c9)
 - New and modified: 0

[03/Jul/2023:16:20:04] DELETING ACCOUNTS (JobID: 0306add6-f57a-42ec-9673-61d748e2d6c9)
 - Deleted: 0

[03/Jul/2023:16:20:37] UPDATING PRODUCTS (JobID: c170cabb-f4e6-4c63-8176-803b4d6e34c1)
 - New and modified: 0

[03/Jul/2023:16:20:39] UPDATING PREPAGATI (JobID: edc5ab4f-2506-4747-9d77-0ba013e15357)
 - New and modified: 0

[03/Jul/2023:16:20:39] DELETING PREPAGATI (JobID: edc5ab4f-2506-4747-9d77-0ba013e15357)
 - Deleted: 0

[03/Jul/2023:16:30:04] UPDATING ACCOUNTS (JobID: 6eca5cbb-fc8b-4a87-872c-14434ffcdfb8)
 - New and modified: 0

[03/Jul/2023:16:30:04] DELETING ACCOUNTS (JobID: 6eca5cbb-fc8b-4a87-872c-14434ffcdfb8)
 - Deleted: 0

[03/Jul/2023:16:30:37] UPDATING PRODUCTS (JobID: 6df56a51-fb0b-4771-9c4a-77d3606e237d)
 - New and modified: 0

[03/Jul/2023:16:30:39] UPDATING PREPAGATI (JobID: ec1edd32-4e6f-4a74-b498-2de1faf41bb7)
 - New and modified: 0

[03/Jul/2023:16:30:39] DELETING PREPAGATI (JobID: ec1edd32-4e6f-4a74-b498-2de1faf41bb7)
 - Deleted: 0

[03/Jul/2023:16:40:04] UPDATING ACCOUNTS (JobID: 5c4bc728-2e91-44fb-8c3a-ca7adf73c442)
 - New and modified: 0

[03/Jul/2023:16:40:04] DELETING ACCOUNTS (JobID: 5c4bc728-2e91-44fb-8c3a-ca7adf73c442)
 - Deleted: 0

[03/Jul/2023:16:40:36] UPDATING PRODUCTS (JobID: 050668a2-042a-4a49-abc6-f8100c0ae615)
 - New and modified: 0

[03/Jul/2023:16:40:37] UPDATING PREPAGATI (JobID: 54de27d5-776f-4ad7-8652-4e7ca6337bc9)
 - New and modified: 0

[03/Jul/2023:16:40:37] DELETING PREPAGATI (JobID: 54de27d5-776f-4ad7-8652-4e7ca6337bc9)
 - Deleted: 0

[03/Jul/2023:16:50:04] UPDATING ACCOUNTS (JobID: ee905839-b34d-4a39-8b6e-692a869e1bc2)
 - New and modified: 0

[03/Jul/2023:16:50:04] DELETING ACCOUNTS (JobID: ee905839-b34d-4a39-8b6e-692a869e1bc2)
 - Deleted: 0

[03/Jul/2023:16:50:36] UPDATING PRODUCTS (JobID: 2175cd7e-e21d-46e8-afc8-bea525af2d74)
 - New and modified: 0

[03/Jul/2023:16:50:38] UPDATING PREPAGATI (JobID: eaa6ac6c-5fca-4639-a862-143376610b31)
 - New and modified: 0

[03/Jul/2023:16:50:38] DELETING PREPAGATI (JobID: eaa6ac6c-5fca-4639-a862-143376610b31)
 - Deleted: 0

[03/Jul/2023:17:00:04] UPDATING ACCOUNTS (JobID: d004b898-3843-4fba-ba1b-2917f68a1060)
 - New and modified: 0

[03/Jul/2023:17:00:04] DELETING ACCOUNTS (JobID: d004b898-3843-4fba-ba1b-2917f68a1060)
 - Deleted: 0

[03/Jul/2023:17:00:35] UPDATING PRODUCTS (JobID: 4a6fe86f-8c9f-4061-a7f4-72f6a45fc5b2)
 - New and modified: 0

[03/Jul/2023:17:00:37] UPDATING PREPAGATI (JobID: 8bd3b224-2867-4efa-ae72-e8e19cb1e95c)
 - New and modified: 0

[03/Jul/2023:17:00:37] DELETING PREPAGATI (JobID: 8bd3b224-2867-4efa-ae72-e8e19cb1e95c)
 - Deleted: 0

[03/Jul/2023:17:10:05] UPDATING ACCOUNTS (JobID: 2f0f5807-f046-4779-88e7-7b5643bf5936)
 - New and modified: 0

[03/Jul/2023:17:10:05] DELETING ACCOUNTS (JobID: 2f0f5807-f046-4779-88e7-7b5643bf5936)
 - Deleted: 0

[03/Jul/2023:17:10:37] UPDATING PRODUCTS (JobID: abd908ae-7213-4bef-ab05-909d7e7ad715)
 - New and modified: 0

[03/Jul/2023:17:10:39] UPDATING PREPAGATI (JobID: 55bcdd48-4809-4daa-bf99-c2f8677de099)
 - New and modified: 0

[03/Jul/2023:17:10:39] DELETING PREPAGATI (JobID: 55bcdd48-4809-4daa-bf99-c2f8677de099)
 - Deleted: 0

[03/Jul/2023:17:20:04] UPDATING ACCOUNTS (JobID: baea92ce-aae6-4c2f-bdfe-a4aa79624353)
 - New and modified: 0

[03/Jul/2023:17:20:04] DELETING ACCOUNTS (JobID: baea92ce-aae6-4c2f-bdfe-a4aa79624353)
 - Deleted: 0

[03/Jul/2023:17:20:36] UPDATING PRODUCTS (JobID: 8ab91867-08f1-4148-bd6f-cd68589a35de)
 - New and modified: 0

[03/Jul/2023:17:20:38] UPDATING PREPAGATI (JobID: 0e46ad15-aa5d-461f-8d5d-729a86a95a85)
 - New and modified: 0

[03/Jul/2023:17:20:38] DELETING PREPAGATI (JobID: 0e46ad15-aa5d-461f-8d5d-729a86a95a85)
 - Deleted: 0

[03/Jul/2023:17:30:04] UPDATING ACCOUNTS (JobID: db451a46-f8c1-4d3b-9487-c0be1e58885e)
 - New and modified: 0

[03/Jul/2023:17:30:04] DELETING ACCOUNTS (JobID: db451a46-f8c1-4d3b-9487-c0be1e58885e)
 - Deleted: 0

[03/Jul/2023:17:30:36] UPDATING PRODUCTS (JobID: 512186fc-9c9c-450d-815f-29801b334b2b)
 - New and modified: 0

[03/Jul/2023:17:30:38] UPDATING PREPAGATI (JobID: ba75d3c0-5605-4a03-bb28-890e01fcc036)
 - New and modified: 0

[03/Jul/2023:17:30:38] DELETING PREPAGATI (JobID: ba75d3c0-5605-4a03-bb28-890e01fcc036)
 - Deleted: 0

[03/Jul/2023:17:40:04] UPDATING ACCOUNTS (JobID: 6e95fbea-aeb2-4c27-be08-24decb707aae)
 - New and modified: 0

[03/Jul/2023:17:40:04] DELETING ACCOUNTS (JobID: 6e95fbea-aeb2-4c27-be08-24decb707aae)
 - Deleted: 0

[03/Jul/2023:17:40:36] UPDATING PRODUCTS (JobID: f5cc38c2-d615-4d7b-8547-9f5bc3d327d6)
 - New and modified: 0

[03/Jul/2023:17:40:38] UPDATING PREPAGATI (JobID: 21ebd95e-4167-4842-aeca-c62841f67871)
 - New and modified: 0

[03/Jul/2023:17:40:38] DELETING PREPAGATI (JobID: 21ebd95e-4167-4842-aeca-c62841f67871)
 - Deleted: 0

[03/Jul/2023:17:50:04] UPDATING ACCOUNTS (JobID: 7bf88e87-a47a-4547-96f7-6946d3c92014)
 - New and modified: 0

[03/Jul/2023:17:50:04] DELETING ACCOUNTS (JobID: 7bf88e87-a47a-4547-96f7-6946d3c92014)
 - Deleted: 0

[03/Jul/2023:17:50:38] UPDATING PRODUCTS (JobID: ef5012ad-6088-4759-ac53-f138e8d6d53b)
 - New and modified: 0

[03/Jul/2023:17:50:40] UPDATING PREPAGATI (JobID: c86d1c06-253c-4aa0-a2aa-8c7bbec974f7)
 - New and modified: 0

[03/Jul/2023:17:50:40] DELETING PREPAGATI (JobID: c86d1c06-253c-4aa0-a2aa-8c7bbec974f7)
 - Deleted: 0

[03/Jul/2023:18:00:19] UPDATING ACCOUNTS (JobID: 7a2992e3-b42d-426e-b91b-e0c9d309701f)
 - New and modified: 0

[03/Jul/2023:18:00:19] DELETING ACCOUNTS (JobID: 7a2992e3-b42d-426e-b91b-e0c9d309701f)
 - Deleted: 0

[03/Jul/2023:18:01:07] UPDATING PRODUCTS (JobID: ad0030cd-076b-437b-8a20-495269c88513)
 - New and modified: 0

[03/Jul/2023:18:01:10] UPDATING PREPAGATI (JobID: 83317457-0c2e-486b-8532-8ce4c17757ea)
 - New and modified: 0

[03/Jul/2023:18:01:10] DELETING PREPAGATI (JobID: 83317457-0c2e-486b-8532-8ce4c17757ea)
 - Deleted: 0

[03/Jul/2023:18:10:04] UPDATING ACCOUNTS (JobID: b1a9f1e3-37cf-4247-a49d-c438704b9b32)
 - New and modified: 0

[03/Jul/2023:18:10:04] DELETING ACCOUNTS (JobID: b1a9f1e3-37cf-4247-a49d-c438704b9b32)
 - Deleted: 0

[03/Jul/2023:18:10:37] UPDATING PRODUCTS (JobID: b0c78373-2583-446b-aaa1-2f7561dbb5ce)
 - New and modified: 0

[03/Jul/2023:18:10:39] UPDATING PREPAGATI (JobID: 4de2a720-0c4d-4345-b667-2b3e4be3ae76)
 - New and modified: 0

[03/Jul/2023:18:10:39] DELETING PREPAGATI (JobID: 4de2a720-0c4d-4345-b667-2b3e4be3ae76)
 - Deleted: 0

[03/Jul/2023:18:20:05] UPDATING ACCOUNTS (JobID: 3a1e47d9-526f-4e96-b044-016bd1001f2c)
 - New and modified: 0

[03/Jul/2023:18:20:05] DELETING ACCOUNTS (JobID: 3a1e47d9-526f-4e96-b044-016bd1001f2c)
 - Deleted: 0

[03/Jul/2023:18:20:39] UPDATING PRODUCTS (JobID: 17787671-e5a3-4247-93ec-b952701f4bc9)
 - New and modified: 0

[03/Jul/2023:18:20:40] UPDATING PREPAGATI (JobID: 0adf6d27-49fc-4ed1-9451-7fe6ed89470c)
 - New and modified: 0

[03/Jul/2023:18:20:40] DELETING PREPAGATI (JobID: 0adf6d27-49fc-4ed1-9451-7fe6ed89470c)
 - Deleted: 0

[03/Jul/2023:18:30:04] UPDATING ACCOUNTS (JobID: d57cbb83-f46f-417c-a10f-d95680c3e4f6)
 - New and modified: 0

[03/Jul/2023:18:30:04] DELETING ACCOUNTS (JobID: d57cbb83-f46f-417c-a10f-d95680c3e4f6)
 - Deleted: 0

[03/Jul/2023:18:30:35] UPDATING PRODUCTS (JobID: 1672a2be-00f7-41cd-abb6-caa928709594)
 - New and modified: 0

[03/Jul/2023:18:30:37] UPDATING PREPAGATI (JobID: 8626e812-6e2c-4fdf-a09a-4249dbae0747)
 - New and modified: 0

[03/Jul/2023:18:30:37] DELETING PREPAGATI (JobID: 8626e812-6e2c-4fdf-a09a-4249dbae0747)
 - Deleted: 0

[03/Jul/2023:18:40:04] UPDATING ACCOUNTS (JobID: 724eb10b-7cb6-49d6-9d6f-7f0bdb9716ca)
 - New and modified: 0

[03/Jul/2023:18:40:04] DELETING ACCOUNTS (JobID: 724eb10b-7cb6-49d6-9d6f-7f0bdb9716ca)
 - Deleted: 0

[03/Jul/2023:18:40:36] UPDATING PRODUCTS (JobID: a6592e16-f6d6-4fb6-be14-f93f1c2fc65a)
 - New and modified: 0

[03/Jul/2023:18:40:37] UPDATING PREPAGATI (JobID: d5ae2da8-9d33-4e08-8900-bb51203d71ad)
 - New and modified: 0

[03/Jul/2023:18:40:37] DELETING PREPAGATI (JobID: d5ae2da8-9d33-4e08-8900-bb51203d71ad)
 - Deleted: 0

[03/Jul/2023:18:50:04] UPDATING ACCOUNTS (JobID: 37d27ebe-a5a9-4205-8297-972c7d9295f0)
 - New and modified: 0

[03/Jul/2023:18:50:04] DELETING ACCOUNTS (JobID: 37d27ebe-a5a9-4205-8297-972c7d9295f0)
 - Deleted: 0

[03/Jul/2023:18:50:36] UPDATING PRODUCTS (JobID: c06c4027-7f7b-4a1a-91ca-1f3bfea48150)
 - New and modified: 0

[03/Jul/2023:18:50:38] UPDATING PREPAGATI (JobID: 707260d2-4a63-4f13-83b9-14cb192070ea)
 - New and modified: 0

[03/Jul/2023:18:50:38] DELETING PREPAGATI (JobID: 707260d2-4a63-4f13-83b9-14cb192070ea)
 - Deleted: 0

[03/Jul/2023:19:00:15] UPDATING ACCOUNTS (JobID: 54ef5276-d717-42f8-b358-89f90db4a947)
 - New and modified: 0

[03/Jul/2023:19:00:15] DELETING ACCOUNTS (JobID: 54ef5276-d717-42f8-b358-89f90db4a947)
 - Deleted: 0

[03/Jul/2023:19:00:46] UPDATING PRODUCTS (JobID: a7259bb5-386a-4534-89b5-a7d7896c93d9)
 - New and modified: 0

[03/Jul/2023:19:00:48] UPDATING PREPAGATI (JobID: 534897a1-57f1-495c-8846-291e63297fa4)
 - New and modified: 0

[03/Jul/2023:19:00:48] DELETING PREPAGATI (JobID: 534897a1-57f1-495c-8846-291e63297fa4)
 - Deleted: 0

[03/Jul/2023:19:10:04] UPDATING ACCOUNTS (JobID: 82465d7f-341e-4738-a94a-b0ea31581de6)
 - New and modified: 0

[03/Jul/2023:19:10:04] DELETING ACCOUNTS (JobID: 82465d7f-341e-4738-a94a-b0ea31581de6)
 - Deleted: 0

[03/Jul/2023:19:10:40] UPDATING PRODUCTS (JobID: e37a713f-c0d7-4897-8b41-4886d16dfcf6)
 - New and modified: 0

[03/Jul/2023:19:10:41] UPDATING PREPAGATI (JobID: 9ca462a1-df58-4557-9f84-cb370ba36674)
 - New and modified: 0

[03/Jul/2023:19:10:41] DELETING PREPAGATI (JobID: 9ca462a1-df58-4557-9f84-cb370ba36674)
 - Deleted: 0

[03/Jul/2023:19:20:04] UPDATING ACCOUNTS (JobID: 8021f165-ce8e-488f-a8cf-1aaf56a25d7a)
 - New and modified: 0

[03/Jul/2023:19:20:04] DELETING ACCOUNTS (JobID: 8021f165-ce8e-488f-a8cf-1aaf56a25d7a)
 - Deleted: 0

[03/Jul/2023:19:20:38] UPDATING PRODUCTS (JobID: c2ebbfff-5c66-4745-b76f-f6b7cdedab8a)
 - New and modified: 0

[03/Jul/2023:19:20:40] UPDATING PREPAGATI (JobID: 552ceff7-9136-4a16-9eb7-9374acce3ca6)
 - New and modified: 0

[03/Jul/2023:19:20:40] DELETING PREPAGATI (JobID: 552ceff7-9136-4a16-9eb7-9374acce3ca6)
 - Deleted: 0

[03/Jul/2023:19:30:04] UPDATING ACCOUNTS (JobID: f8573778-9309-4b51-a7de-2d35d3059fdc)
 - New and modified: 0

[03/Jul/2023:19:30:04] DELETING ACCOUNTS (JobID: f8573778-9309-4b51-a7de-2d35d3059fdc)
 - Deleted: 0

[03/Jul/2023:19:30:37] UPDATING PRODUCTS (JobID: 08a9274e-5c9e-4460-9356-a7d2f7d99da7)
 - New and modified: 0

[03/Jul/2023:19:30:39] UPDATING PREPAGATI (JobID: 2a69c47e-bbd8-4dd0-9046-d435a05cc7d9)
 - New and modified: 0

[03/Jul/2023:19:30:39] DELETING PREPAGATI (JobID: 2a69c47e-bbd8-4dd0-9046-d435a05cc7d9)
 - Deleted: 0

[03/Jul/2023:19:40:04] UPDATING ACCOUNTS (JobID: 83702050-a121-4b92-85dc-02bb8b82e831)
 - New and modified: 0

[03/Jul/2023:19:40:04] DELETING ACCOUNTS (JobID: 83702050-a121-4b92-85dc-02bb8b82e831)
 - Deleted: 0

[03/Jul/2023:19:40:37] UPDATING PRODUCTS (JobID: be85826e-a0dc-4d6e-a1ee-7301484a9c1c)
 - New and modified: 0

[03/Jul/2023:19:40:39] UPDATING PREPAGATI (JobID: 64a24fc9-41ba-4d67-a5bc-b4df71569e86)
 - New and modified: 0

[03/Jul/2023:19:40:39] DELETING PREPAGATI (JobID: 64a24fc9-41ba-4d67-a5bc-b4df71569e86)
 - Deleted: 0

[03/Jul/2023:19:50:05] UPDATING ACCOUNTS (JobID: 8df63e00-98ff-4a81-8e12-f0d36d781bce)
 - New and modified: 0

[03/Jul/2023:19:50:05] DELETING ACCOUNTS (JobID: 8df63e00-98ff-4a81-8e12-f0d36d781bce)
 - Deleted: 0

[03/Jul/2023:19:50:39] UPDATING PRODUCTS (JobID: 784bb191-cd53-4a0f-bd76-7f5cab077768)
 - New and modified: 0

[03/Jul/2023:19:50:41] UPDATING PREPAGATI (JobID: b9feb4d4-a9ad-47a4-92ca-f77a8d8f7105)
 - New and modified: 0

[03/Jul/2023:19:50:41] DELETING PREPAGATI (JobID: b9feb4d4-a9ad-47a4-92ca-f77a8d8f7105)
 - Deleted: 0

[03/Jul/2023:20:00:04] UPDATING ACCOUNTS (JobID: 4a68771a-0eb9-4e3d-a55d-8717b93f5897)
 - New and modified: 0

[03/Jul/2023:20:00:04] DELETING ACCOUNTS (JobID: 4a68771a-0eb9-4e3d-a55d-8717b93f5897)
 - Deleted: 0

[03/Jul/2023:20:00:37] UPDATING PRODUCTS (JobID: 62d909b8-45f8-49a1-8e3e-99abe4423fdd)
 - New and modified: 0

[03/Jul/2023:20:00:39] UPDATING PREPAGATI (JobID: e543232b-26ff-4f4f-b05c-8809b81a06b8)
 - New and modified: 0

[03/Jul/2023:20:00:39] DELETING PREPAGATI (JobID: e543232b-26ff-4f4f-b05c-8809b81a06b8)
 - Deleted: 0

[03/Jul/2023:20:10:04] UPDATING ACCOUNTS (JobID: b4e5162e-10a9-47ea-832d-4574b4c6c471)
 - New and modified: 0

[03/Jul/2023:20:10:04] DELETING ACCOUNTS (JobID: b4e5162e-10a9-47ea-832d-4574b4c6c471)
 - Deleted: 0

[03/Jul/2023:20:10:36] UPDATING PRODUCTS (JobID: 89a63e1b-6cb9-4490-9bc6-f2d4a75353f2)
 - New and modified: 0

[03/Jul/2023:20:10:38] UPDATING PREPAGATI (JobID: 9dc79cf1-b7e1-4da0-8c90-981ea91a454b)
 - New and modified: 0

[03/Jul/2023:20:10:38] DELETING PREPAGATI (JobID: 9dc79cf1-b7e1-4da0-8c90-981ea91a454b)
 - Deleted: 0

[03/Jul/2023:20:20:03] UPDATING ACCOUNTS (JobID: 93fec39a-f999-4b94-a89d-3d76f2874509)
 - New and modified: 0

[03/Jul/2023:20:20:03] DELETING ACCOUNTS (JobID: 93fec39a-f999-4b94-a89d-3d76f2874509)
 - Deleted: 0

[03/Jul/2023:20:20:36] UPDATING PRODUCTS (JobID: 3f649d9d-ff8f-4907-a951-a07be941ecd8)
 - New and modified: 0

[03/Jul/2023:20:20:38] UPDATING PREPAGATI (JobID: a3fcd6f9-3700-4302-96f5-17fec7ba4813)
 - New and modified: 0

[03/Jul/2023:20:20:38] DELETING PREPAGATI (JobID: a3fcd6f9-3700-4302-96f5-17fec7ba4813)
 - Deleted: 0

[03/Jul/2023:20:30:04] UPDATING ACCOUNTS (JobID: 75d06ac9-5a92-46dc-b497-da559766acb6)
 - New and modified: 0

[03/Jul/2023:20:30:04] DELETING ACCOUNTS (JobID: 75d06ac9-5a92-46dc-b497-da559766acb6)
 - Deleted: 0

[03/Jul/2023:20:30:36] UPDATING PRODUCTS (JobID: 7e129298-bf64-4c98-8056-4d260c1a262a)
 - New and modified: 0

[03/Jul/2023:20:30:37] UPDATING PREPAGATI (JobID: bd0c14d1-3a32-4ef3-a7cd-c56080b9ce70)
 - New and modified: 0

[03/Jul/2023:20:30:37] DELETING PREPAGATI (JobID: bd0c14d1-3a32-4ef3-a7cd-c56080b9ce70)
 - Deleted: 0

[03/Jul/2023:20:40:04] UPDATING ACCOUNTS (JobID: e09b14a5-338d-433e-a860-9f8134d9129c)
 - New and modified: 0

[03/Jul/2023:20:40:04] DELETING ACCOUNTS (JobID: e09b14a5-338d-433e-a860-9f8134d9129c)
 - Deleted: 0

[03/Jul/2023:20:40:38] UPDATING PRODUCTS (JobID: 005bc8fb-e9c1-49d2-8acc-5f7a05ff0d55)
 - New and modified: 0

[03/Jul/2023:20:40:39] UPDATING PREPAGATI (JobID: 28066611-3884-4374-b59a-16418c7066d3)
 - New and modified: 0

[03/Jul/2023:20:40:39] DELETING PREPAGATI (JobID: 28066611-3884-4374-b59a-16418c7066d3)
 - Deleted: 0

[03/Jul/2023:20:50:04] UPDATING ACCOUNTS (JobID: 6257fd96-b2fd-442f-be20-65b3c8984fd8)
 - New and modified: 0

[03/Jul/2023:20:50:04] DELETING ACCOUNTS (JobID: 6257fd96-b2fd-442f-be20-65b3c8984fd8)
 - Deleted: 0

[03/Jul/2023:20:50:36] UPDATING PRODUCTS (JobID: db257691-fd94-4ba9-a65b-57c377b8744c)
 - New and modified: 0

[03/Jul/2023:20:50:38] UPDATING PREPAGATI (JobID: b5e87116-5e27-4185-9462-74b5f738b6f4)
 - New and modified: 0

[03/Jul/2023:20:50:38] DELETING PREPAGATI (JobID: b5e87116-5e27-4185-9462-74b5f738b6f4)
 - Deleted: 0

[03/Jul/2023:21:00:03] UPDATING ACCOUNTS (JobID: 8abb719a-02f8-42c4-96d8-4676f94eca8d)
 - New and modified: 0

[03/Jul/2023:21:00:03] DELETING ACCOUNTS (JobID: 8abb719a-02f8-42c4-96d8-4676f94eca8d)
 - Deleted: 0

[03/Jul/2023:21:00:35] UPDATING PRODUCTS (JobID: 14d53698-a2d0-4483-ac3e-54ab3025aa85)
 - New and modified: 0

[03/Jul/2023:21:00:36] UPDATING PREPAGATI (JobID: 7b8fe47e-a809-4297-be50-0e1a6f456324)
 - New and modified: 0

[03/Jul/2023:21:00:36] DELETING PREPAGATI (JobID: 7b8fe47e-a809-4297-be50-0e1a6f456324)
 - Deleted: 0

[03/Jul/2023:21:10:04] UPDATING ACCOUNTS (JobID: 02e76422-920f-4dee-86c5-bd9dad2b19ed)
 - New and modified: 0

[03/Jul/2023:21:10:04] DELETING ACCOUNTS (JobID: 02e76422-920f-4dee-86c5-bd9dad2b19ed)
 - Deleted: 0

[03/Jul/2023:21:10:35] UPDATING PRODUCTS (JobID: c661c5c4-ae9d-4963-94af-b6ef38dc2940)
 - New and modified: 0

[03/Jul/2023:21:10:37] UPDATING PREPAGATI (JobID: c867b116-39f2-46b4-9e2f-edaf7af0b2f8)
 - New and modified: 0

[03/Jul/2023:21:10:37] DELETING PREPAGATI (JobID: c867b116-39f2-46b4-9e2f-edaf7af0b2f8)
 - Deleted: 0

[03/Jul/2023:21:20:04] UPDATING ACCOUNTS (JobID: 35c870d3-6068-4987-a5d7-5d2855577064)
 - New and modified: 0

[03/Jul/2023:21:20:04] DELETING ACCOUNTS (JobID: 35c870d3-6068-4987-a5d7-5d2855577064)
 - Deleted: 0

[03/Jul/2023:21:20:36] UPDATING PRODUCTS (JobID: d009cc86-3409-4af0-86a8-8a2e340fb832)
 - New and modified: 0

[03/Jul/2023:21:20:38] UPDATING PREPAGATI (JobID: 3e563900-3474-4f04-a66c-c15e4705c137)
 - New and modified: 0

[03/Jul/2023:21:20:38] DELETING PREPAGATI (JobID: 3e563900-3474-4f04-a66c-c15e4705c137)
 - Deleted: 0

[03/Jul/2023:21:30:03] UPDATING ACCOUNTS (JobID: 74e2c245-7b8f-4afe-a7b3-46e491900fe2)
 - New and modified: 0

[03/Jul/2023:21:30:03] DELETING ACCOUNTS (JobID: 74e2c245-7b8f-4afe-a7b3-46e491900fe2)
 - Deleted: 0

[03/Jul/2023:21:30:36] UPDATING PRODUCTS (JobID: 85d8f828-11d8-47d1-8c27-12b805ae5aed)
 - New and modified: 0

[03/Jul/2023:21:30:37] UPDATING PREPAGATI (JobID: d7a7b835-f7a7-4e4d-895d-fb2593f4d6e6)
 - New and modified: 0

[03/Jul/2023:21:30:37] DELETING PREPAGATI (JobID: d7a7b835-f7a7-4e4d-895d-fb2593f4d6e6)
 - Deleted: 0

[03/Jul/2023:21:40:04] UPDATING ACCOUNTS (JobID: cf8f3085-00ab-42c0-b3ac-7554401f3a70)
 - New and modified: 0

[03/Jul/2023:21:40:04] DELETING ACCOUNTS (JobID: cf8f3085-00ab-42c0-b3ac-7554401f3a70)
 - Deleted: 0

[03/Jul/2023:21:40:36] UPDATING PRODUCTS (JobID: 0480ed43-e8b5-4285-9234-bfb2fadb1ffa)
 - New and modified: 0

[03/Jul/2023:21:40:37] UPDATING PREPAGATI (JobID: d1e3aab5-2671-44b2-9c43-9a3f97445b36)
 - New and modified: 0

[03/Jul/2023:21:40:37] DELETING PREPAGATI (JobID: d1e3aab5-2671-44b2-9c43-9a3f97445b36)
 - Deleted: 0

[03/Jul/2023:21:50:04] UPDATING ACCOUNTS (JobID: c791da25-e99e-4d5e-a3a8-3605abf1a0f0)
 - New and modified: 0

[03/Jul/2023:21:50:04] DELETING ACCOUNTS (JobID: c791da25-e99e-4d5e-a3a8-3605abf1a0f0)
 - Deleted: 0

[03/Jul/2023:21:50:36] UPDATING PRODUCTS (JobID: 3121fb61-bc80-43d0-a33d-e6b710126549)
 - New and modified: 0

[03/Jul/2023:21:50:38] UPDATING PREPAGATI (JobID: a45a2bc0-b550-4e34-9a46-aff03a4b6e45)
 - New and modified: 0

[03/Jul/2023:21:50:38] DELETING PREPAGATI (JobID: a45a2bc0-b550-4e34-9a46-aff03a4b6e45)
 - Deleted: 0

[03/Jul/2023:22:00:04] UPDATING ACCOUNTS (JobID: 19d0306c-312f-4aa8-a336-caaa2c9bc9e3)
 - New and modified: 0

[03/Jul/2023:22:00:04] DELETING ACCOUNTS (JobID: 19d0306c-312f-4aa8-a336-caaa2c9bc9e3)
 - Deleted: 0

[03/Jul/2023:22:00:36] UPDATING PRODUCTS (JobID: 856173ae-65e8-41f0-bc27-26b627b22a9e)
 - New and modified: 0

[03/Jul/2023:22:00:38] UPDATING PREPAGATI (JobID: 964fc85d-21e5-4e8c-93ba-b674bb0e970e)
 - New and modified: 0

[03/Jul/2023:22:00:38] DELETING PREPAGATI (JobID: 964fc85d-21e5-4e8c-93ba-b674bb0e970e)
 - Deleted: 0

[03/Jul/2023:22:10:04] UPDATING ACCOUNTS (JobID: 3b2b2296-55c6-4d39-aaf4-0da581a044f9)
 - New and modified: 0

[03/Jul/2023:22:10:04] DELETING ACCOUNTS (JobID: 3b2b2296-55c6-4d39-aaf4-0da581a044f9)
 - Deleted: 0

[03/Jul/2023:22:10:35] UPDATING PRODUCTS (JobID: de71548c-37c2-4c0d-82d4-adfaef45f147)
 - New and modified: 0

[03/Jul/2023:22:10:37] UPDATING PREPAGATI (JobID: e90f7b26-4888-4853-b394-9f6010cfcf8c)
 - New and modified: 0

[03/Jul/2023:22:10:37] DELETING PREPAGATI (JobID: e90f7b26-4888-4853-b394-9f6010cfcf8c)
 - Deleted: 0

[03/Jul/2023:22:20:04] UPDATING ACCOUNTS (JobID: 09e6309b-b5d6-4a92-b184-5c3f4b0955a2)
 - New and modified: 0

[03/Jul/2023:22:20:04] DELETING ACCOUNTS (JobID: 09e6309b-b5d6-4a92-b184-5c3f4b0955a2)
 - Deleted: 0

[03/Jul/2023:22:20:35] UPDATING PRODUCTS (JobID: 2c69a0cb-5ac0-4610-849c-be0aaa306094)
 - New and modified: 0

[03/Jul/2023:22:20:37] UPDATING PREPAGATI (JobID: a81625e1-fdd3-4367-a810-cc4902018cfa)
 - New and modified: 0

[03/Jul/2023:22:20:37] DELETING PREPAGATI (JobID: a81625e1-fdd3-4367-a810-cc4902018cfa)
 - Deleted: 0

[03/Jul/2023:22:30:04] UPDATING ACCOUNTS (JobID: 5163b872-8744-41a4-a05b-551e56eb1da1)
 - New and modified: 0

[03/Jul/2023:22:30:04] DELETING ACCOUNTS (JobID: 5163b872-8744-41a4-a05b-551e56eb1da1)
 - Deleted: 0

[03/Jul/2023:22:30:36] UPDATING PRODUCTS (JobID: 580c708d-705b-41ea-aba4-3daf78cb819b)
 - New and modified: 0

[03/Jul/2023:22:30:38] UPDATING PREPAGATI (JobID: 6c1bfa1c-0bab-4344-abb7-f073973ecb42)
 - New and modified: 0

[03/Jul/2023:22:30:38] DELETING PREPAGATI (JobID: 6c1bfa1c-0bab-4344-abb7-f073973ecb42)
 - Deleted: 0

[03/Jul/2023:22:40:04] UPDATING ACCOUNTS (JobID: 117ccf67-22ac-4f38-9ee1-ec8c2473ebd4)
 - New and modified: 0

[03/Jul/2023:22:40:04] DELETING ACCOUNTS (JobID: 117ccf67-22ac-4f38-9ee1-ec8c2473ebd4)
 - Deleted: 0

[03/Jul/2023:22:40:36] UPDATING PRODUCTS (JobID: 6e974b8e-7127-44cd-998a-614cfe2325fc)
 - New and modified: 0

[03/Jul/2023:22:40:37] UPDATING PREPAGATI (JobID: bc39371b-d1fb-4e77-ba1c-f95986587d17)
 - New and modified: 0

[03/Jul/2023:22:40:37] DELETING PREPAGATI (JobID: bc39371b-d1fb-4e77-ba1c-f95986587d17)
 - Deleted: 0

[03/Jul/2023:22:50:04] UPDATING ACCOUNTS (JobID: 82d6cd4a-b132-4df1-92f3-c16917a44623)
 - New and modified: 0

[03/Jul/2023:22:50:04] DELETING ACCOUNTS (JobID: 82d6cd4a-b132-4df1-92f3-c16917a44623)
 - Deleted: 0

[03/Jul/2023:22:50:35] UPDATING PRODUCTS (JobID: 097478d1-4ec9-4bd4-a165-8da772c34522)
 - New and modified: 0

[03/Jul/2023:22:50:37] UPDATING PREPAGATI (JobID: dcd80b43-da73-4473-bd32-d0eca83751c9)
 - New and modified: 0

[03/Jul/2023:22:50:37] DELETING PREPAGATI (JobID: dcd80b43-da73-4473-bd32-d0eca83751c9)
 - Deleted: 0

[03/Jul/2023:23:00:05] UPDATING ACCOUNTS (JobID: cd5ddb07-0adb-43f4-9e6a-ee746bbba0a1)
 - New and modified: 0

[03/Jul/2023:23:00:05] DELETING ACCOUNTS (JobID: cd5ddb07-0adb-43f4-9e6a-ee746bbba0a1)
 - Deleted: 0

[03/Jul/2023:23:00:36] UPDATING PRODUCTS (JobID: 78020c0d-8f66-48f5-9c54-c8e31dcaccc7)
 - New and modified: 0

[03/Jul/2023:23:00:38] UPDATING PREPAGATI (JobID: de3a0cfb-4c06-413a-9a32-1f66fb814116)
 - New and modified: 0

[03/Jul/2023:23:00:38] DELETING PREPAGATI (JobID: de3a0cfb-4c06-413a-9a32-1f66fb814116)
 - Deleted: 0

[03/Jul/2023:23:10:05] UPDATING ACCOUNTS (JobID: 358fdb49-23af-416b-a254-9e27a342c70b)
 - New and modified: 0

[03/Jul/2023:23:10:05] DELETING ACCOUNTS (JobID: 358fdb49-23af-416b-a254-9e27a342c70b)
 - Deleted: 0

[03/Jul/2023:23:10:41] UPDATING PRODUCTS (JobID: fd4a4b7c-fec6-49b7-991b-7f6d18fe63a4)
 - New and modified: 0

[03/Jul/2023:23:10:43] UPDATING PREPAGATI (JobID: 1be5f22a-29d2-412d-9fe9-6b2d3559f2b8)
 - New and modified: 0

[03/Jul/2023:23:10:43] DELETING PREPAGATI (JobID: 1be5f22a-29d2-412d-9fe9-6b2d3559f2b8)
 - Deleted: 0

[03/Jul/2023:23:20:04] UPDATING ACCOUNTS (JobID: f96bebe9-fc94-4a80-ae62-35a4409d0eb2)
 - New and modified: 0

[03/Jul/2023:23:20:04] DELETING ACCOUNTS (JobID: f96bebe9-fc94-4a80-ae62-35a4409d0eb2)
 - Deleted: 0

[03/Jul/2023:23:20:35] UPDATING PRODUCTS (JobID: 8179374a-29b7-440b-9349-7f737f747351)
 - New and modified: 0

[03/Jul/2023:23:20:36] UPDATING PREPAGATI (JobID: 526c39ee-b703-4663-9b66-f69ef33cf770)
 - New and modified: 0

[03/Jul/2023:23:20:36] DELETING PREPAGATI (JobID: 526c39ee-b703-4663-9b66-f69ef33cf770)
 - Deleted: 0

[03/Jul/2023:23:30:04] UPDATING ACCOUNTS (JobID: f378ffd9-50e0-4d9f-b06b-5027c92a2647)
 - New and modified: 0

[03/Jul/2023:23:30:04] DELETING ACCOUNTS (JobID: f378ffd9-50e0-4d9f-b06b-5027c92a2647)
 - Deleted: 0

[03/Jul/2023:23:30:36] UPDATING PRODUCTS (JobID: 7dd15c6b-b81d-42be-bd68-110c6155b8d9)
 - New and modified: 0

[03/Jul/2023:23:30:38] UPDATING PREPAGATI (JobID: 2ddb24a3-4f22-46fd-849d-2ef6cf18095b)
 - New and modified: 0

[03/Jul/2023:23:30:38] DELETING PREPAGATI (JobID: 2ddb24a3-4f22-46fd-849d-2ef6cf18095b)
 - Deleted: 0

[03/Jul/2023:23:40:05] UPDATING ACCOUNTS (JobID: a4fc15bc-0e29-43c7-8157-8cbc0fc8f262)
 - New and modified: 0

[03/Jul/2023:23:40:05] DELETING ACCOUNTS (JobID: a4fc15bc-0e29-43c7-8157-8cbc0fc8f262)
 - Deleted: 0

[03/Jul/2023:23:40:38] UPDATING PRODUCTS (JobID: 6770c692-6b55-496d-ad26-595e75004d68)
 - New and modified: 0

[03/Jul/2023:23:40:39] UPDATING PREPAGATI (JobID: 3d5c4be6-f2d8-4c76-b4cf-48a156481724)
 - New and modified: 0

[03/Jul/2023:23:40:39] DELETING PREPAGATI (JobID: 3d5c4be6-f2d8-4c76-b4cf-48a156481724)
 - Deleted: 0

[03/Jul/2023:23:50:04] UPDATING ACCOUNTS (JobID: 0bb8750d-0926-49f3-a0a8-330647115cd8)
 - New and modified: 0

[03/Jul/2023:23:50:04] DELETING ACCOUNTS (JobID: 0bb8750d-0926-49f3-a0a8-330647115cd8)
 - Deleted: 0

[03/Jul/2023:23:50:38] UPDATING PRODUCTS (JobID: 70a5963f-73ed-4ec5-87c1-460e35451c65)
 - New and modified: 0

[03/Jul/2023:23:50:40] UPDATING PREPAGATI (JobID: fefe4c8f-072c-4b99-a50f-d5b453f4ffc2)
 - New and modified: 0

[03/Jul/2023:23:50:40] DELETING PREPAGATI (JobID: fefe4c8f-072c-4b99-a50f-d5b453f4ffc2)
 - Deleted: 0

