[03/May/2023:00:00:11] UPDATING ACCOUNTS (JobID: 7adf548e-c710-40ad-ba39-a2a6c674d044)
 - New and modified: 0

[03/May/2023:00:00:11] DELETING ACCOUNTS (JobID: 7adf548e-c710-40ad-ba39-a2a6c674d044)
 - Deleted: 0

[03/May/2023:00:01:27] UPDATING PRODUCTS (JobID: 3c2f66bd-f59f-48fe-94e2-827870e801de)
 - New and modified: 0

[03/May/2023:00:01:31] UPDATING PREPAGATI (JobID: a9a6d3dd-e528-431d-91b9-c02bbae971ed)
 - New and modified: 0

[03/May/2023:00:01:31] DELETING PREPAGATI (JobID: a9a6d3dd-e528-431d-91b9-c02bbae971ed)
 - Deleted: 0

[03/May/2023:00:30:05] UPDATING ACCOUNTS (JobID: badf612b-7106-4f1f-8102-54105ed32106)
 - New and modified: 0

[03/May/2023:00:30:05] DELETING ACCOUNTS (JobID: badf612b-7106-4f1f-8102-54105ed32106)
 - Deleted: 0

[03/May/2023:00:30:45] UPDATING PRODUCTS (JobID: 82cf16bc-8622-4cd6-a80c-4cb0ca62d036)
 - New and modified: 0

[03/May/2023:00:30:47] UPDATING PREPAGATI (JobID: 9965ae77-8796-4757-9736-56f4cca6a2f0)
 - New and modified: 0

[03/May/2023:00:30:47] DELETING PREPAGATI (JobID: 9965ae77-8796-4757-9736-56f4cca6a2f0)
 - Deleted: 0

[03/May/2023:01:52:49] UPDATING ACCOUNTS (JobID: 62768f86-6404-400a-b251-9c72bc7d0190)
 - New and modified: 0

[03/May/2023:01:52:49] DELETING ACCOUNTS (JobID: 62768f86-6404-400a-b251-9c72bc7d0190)
 - Deleted: 0

[03/May/2023:01:55:54] UPDATING PRODUCTS (JobID: 44901b9b-8c7f-437e-b9dc-f8642af0ed52)
 - New and modified: 0

[03/May/2023:01:56:03] UPDATING PREPAGATI (JobID: 20c2cf9b-4c1e-413c-9ae4-0891f2b8559b)
 - New and modified: 0

[03/May/2023:01:56:03] DELETING PREPAGATI (JobID: 20c2cf9b-4c1e-413c-9ae4-0891f2b8559b)
 - Deleted: 0

[03/May/2023:02:00:31] UPDATING ACCOUNTS (JobID: 924e9262-981a-460b-8329-1c4106edcf1d)
 - New and modified: 0

[03/May/2023:02:00:31] DELETING ACCOUNTS (JobID: 924e9262-981a-460b-8329-1c4106edcf1d)
 - Deleted: 0

[03/May/2023:02:03:12] UPDATING PRODUCTS (JobID: 9f9c97b0-0189-4112-8f44-35e98c5b72d3)
 - New and modified: 0

[03/May/2023:02:03:21] UPDATING PREPAGATI (JobID: 6fc8bdc6-a904-4d3a-ac29-05089b37e66e)
 - New and modified: 0

[03/May/2023:02:03:21] DELETING PREPAGATI (JobID: 6fc8bdc6-a904-4d3a-ac29-05089b37e66e)
 - Deleted: 0

[03/May/2023:02:30:05] UPDATING ACCOUNTS (JobID: 2f7dfccf-d0a2-40c6-a440-89d69f188af0)
 - New and modified: 0

[03/May/2023:02:30:05] DELETING ACCOUNTS (JobID: 2f7dfccf-d0a2-40c6-a440-89d69f188af0)
 - Deleted: 0

[03/May/2023:02:30:41] UPDATING PRODUCTS (JobID: 30595b16-f5a1-4722-8d54-211934ec511f)
 - New and modified: 0

[03/May/2023:02:30:43] UPDATING PREPAGATI (JobID: 262e36a1-658e-4ab3-9a58-edafe3fa7c69)
 - New and modified: 0

[03/May/2023:02:30:43] DELETING PREPAGATI (JobID: 262e36a1-658e-4ab3-9a58-edafe3fa7c69)
 - Deleted: 0

[03/May/2023:03:00:06] UPDATING ACCOUNTS (JobID: 19905206-efe1-4e70-8b76-8f8f3ffa9865)
 - New and modified: 0

[03/May/2023:03:00:06] DELETING ACCOUNTS (JobID: 19905206-efe1-4e70-8b76-8f8f3ffa9865)
 - Deleted: 0

[03/May/2023:03:00:51] UPDATING PRODUCTS (JobID: 3d0070e3-2ae8-499c-9c9c-e5c975c78e9a)
 - New and modified: 0

[03/May/2023:03:00:53] UPDATING PREPAGATI (JobID: 9d754b13-36c5-4226-8972-293dc6acf90f)
 - New and modified: 0

[03/May/2023:03:00:53] DELETING PREPAGATI (JobID: 9d754b13-36c5-4226-8972-293dc6acf90f)
 - Deleted: 0

[03/May/2023:03:20:05] UPDATING ACCOUNTS (JobID: 1677f54d-7566-4c80-b154-2de5b13a5c8b)
 - New and modified: 0

[03/May/2023:03:20:05] DELETING ACCOUNTS (JobID: 1677f54d-7566-4c80-b154-2de5b13a5c8b)
 - Deleted: 0

[03/May/2023:03:20:52] UPDATING PRODUCTS (JobID: 871f6bfa-7c7a-4b9a-b343-acecf9f8e38d)
 - New and modified: 0

[03/May/2023:03:20:54] UPDATING PREPAGATI (JobID: 724f0fda-3305-4fee-8f11-963c9c8cf508)
 - New and modified: 0

[03/May/2023:03:20:54] DELETING PREPAGATI (JobID: 724f0fda-3305-4fee-8f11-963c9c8cf508)
 - Deleted: 0

[03/May/2023:03:30:05] UPDATING ACCOUNTS (JobID: 3a6337fd-72b0-49c0-ac44-ce7fdc314e5c)
 - New and modified: 0

[03/May/2023:03:30:05] DELETING ACCOUNTS (JobID: 3a6337fd-72b0-49c0-ac44-ce7fdc314e5c)
 - Deleted: 0

[03/May/2023:03:30:48] UPDATING PRODUCTS (JobID: 23a78abd-1160-435c-92fd-238dd77f271b)
 - New and modified: 0

[03/May/2023:03:30:50] UPDATING PREPAGATI (JobID: f89b5a88-d325-424f-b5f2-6e3bccc435e3)
 - New and modified: 0

[03/May/2023:03:30:50] DELETING PREPAGATI (JobID: f89b5a88-d325-424f-b5f2-6e3bccc435e3)
 - Deleted: 0

[03/May/2023:03:50:05] UPDATING ACCOUNTS (JobID: 20d906c1-e024-467e-941c-d81e91d817fb)
 - New and modified: 0

[03/May/2023:03:50:05] DELETING ACCOUNTS (JobID: 20d906c1-e024-467e-941c-d81e91d817fb)
 - Deleted: 0

[03/May/2023:03:50:44] UPDATING PRODUCTS (JobID: e95a151a-8ea4-4c14-bd0c-f13a8e8a601f)
 - New and modified: 0

[03/May/2023:03:50:46] UPDATING PREPAGATI (JobID: cb1b14f4-11ef-4dd9-92c4-1309b636fc51)
 - New and modified: 0

[03/May/2023:03:50:46] DELETING PREPAGATI (JobID: cb1b14f4-11ef-4dd9-92c4-1309b636fc51)
 - Deleted: 0

[03/May/2023:04:20:04] UPDATING ACCOUNTS (JobID: db4ebd35-97a7-4ea7-8057-67a5770904e6)
 - New and modified: 0

[03/May/2023:04:20:04] DELETING ACCOUNTS (JobID: db4ebd35-97a7-4ea7-8057-67a5770904e6)
 - Deleted: 0

[03/May/2023:04:20:48] UPDATING PRODUCTS (JobID: bb08a2a4-8ae5-4a98-b1a5-6303b6c91705)
 - New and modified: 0

[03/May/2023:04:20:50] UPDATING PREPAGATI (JobID: 678d52e1-6672-4778-af09-ed1cd0ea9731)
 - New and modified: 0

[03/May/2023:04:20:50] DELETING PREPAGATI (JobID: 678d52e1-6672-4778-af09-ed1cd0ea9731)
 - Deleted: 0

[03/May/2023:04:30:09] UPDATING ACCOUNTS (JobID: 2f45e3d5-df08-4ee2-8feb-29c14a1edd1e)
 - New and modified: 0

[03/May/2023:04:30:09] DELETING ACCOUNTS (JobID: 2f45e3d5-df08-4ee2-8feb-29c14a1edd1e)
 - Deleted: 0

[03/May/2023:04:30:48] UPDATING PRODUCTS (JobID: 19b668d1-a669-4892-8549-83340103d13f)
 - New and modified: 0

[03/May/2023:04:30:52] UPDATING PREPAGATI (JobID: f669ad0f-6b9d-4b98-99b5-3f5080ede58e)
 - New and modified: 0

[03/May/2023:04:30:52] DELETING PREPAGATI (JobID: f669ad0f-6b9d-4b98-99b5-3f5080ede58e)
 - Deleted: 0

[03/May/2023:04:40:05] UPDATING ACCOUNTS (JobID: b6ef0f86-df7c-4ac3-96e2-5efac105fa2c)
 - New and modified: 0

[03/May/2023:04:40:05] DELETING ACCOUNTS (JobID: b6ef0f86-df7c-4ac3-96e2-5efac105fa2c)
 - Deleted: 0

[03/May/2023:04:40:46] UPDATING PRODUCTS (JobID: a50443e7-38f0-4257-ac5f-e51489c9ae74)
 - New and modified: 0

[03/May/2023:04:40:48] UPDATING PREPAGATI (JobID: 3564b5c3-69c4-447e-b130-6160e53adfcf)
 - New and modified: 0

[03/May/2023:04:40:48] DELETING PREPAGATI (JobID: 3564b5c3-69c4-447e-b130-6160e53adfcf)
 - Deleted: 0

[03/May/2023:04:50:05] UPDATING ACCOUNTS (JobID: 9d5895f5-7000-4175-aba5-ccda5b2f4f7f)
 - New and modified: 0

[03/May/2023:04:50:05] DELETING ACCOUNTS (JobID: 9d5895f5-7000-4175-aba5-ccda5b2f4f7f)
 - Deleted: 0

[03/May/2023:04:50:47] UPDATING PRODUCTS (JobID: 2e7d6cd4-a935-4130-9289-13e3d5df9000)
 - New and modified: 0

[03/May/2023:04:50:49] UPDATING PREPAGATI (JobID: e0203f86-7b69-4519-b1ee-4df44dbd493d)
 - New and modified: 0

[03/May/2023:04:50:49] DELETING PREPAGATI (JobID: e0203f86-7b69-4519-b1ee-4df44dbd493d)
 - Deleted: 0

[03/May/2023:05:10:05] UPDATING ACCOUNTS (JobID: 5b9b160b-e2ea-4ecf-bb8e-6da62479fdcb)
 - New and modified: 0

[03/May/2023:05:10:05] DELETING ACCOUNTS (JobID: 5b9b160b-e2ea-4ecf-bb8e-6da62479fdcb)
 - Deleted: 0

[03/May/2023:05:10:49] UPDATING PRODUCTS (JobID: de9a60e2-7bfd-446c-90c6-b464535e1626)
 - New and modified: 0

[03/May/2023:05:10:51] UPDATING PREPAGATI (JobID: b5c0f740-24c3-47f0-b87f-2e3223dabf1a)
 - New and modified: 0

[03/May/2023:05:10:51] DELETING PREPAGATI (JobID: b5c0f740-24c3-47f0-b87f-2e3223dabf1a)
 - Deleted: 0

[03/May/2023:05:40:04] UPDATING ACCOUNTS (JobID: 1bcec561-2fce-497f-ade2-aec8e798eada)
 - New and modified: 0

[03/May/2023:05:40:04] DELETING ACCOUNTS (JobID: 1bcec561-2fce-497f-ade2-aec8e798eada)
 - Deleted: 0

[03/May/2023:05:40:46] UPDATING PRODUCTS (JobID: 792f6d18-ad23-407e-a086-e30fb403d67a)
 - New and modified: 0

[03/May/2023:05:40:47] UPDATING PREPAGATI (JobID: 04cb832d-1789-4990-9d5e-df3275894ff8)
 - New and modified: 0

[03/May/2023:05:40:47] DELETING PREPAGATI (JobID: 04cb832d-1789-4990-9d5e-df3275894ff8)
 - Deleted: 0

[03/May/2023:05:50:05] UPDATING ACCOUNTS (JobID: 81c02880-ac16-469f-a8a9-52316c34a2e0)
 - New and modified: 0

[03/May/2023:05:50:05] DELETING ACCOUNTS (JobID: 81c02880-ac16-469f-a8a9-52316c34a2e0)
 - Deleted: 0

[03/May/2023:05:50:45] UPDATING PRODUCTS (JobID: f3b67be9-eede-4340-b993-621205594029)
 - New and modified: 0

[03/May/2023:05:50:48] UPDATING PREPAGATI (JobID: 49de6b87-6155-4b4c-b96c-b96cc243eb70)
 - New and modified: 0

[03/May/2023:05:50:48] DELETING PREPAGATI (JobID: 49de6b87-6155-4b4c-b96c-b96cc243eb70)
 - Deleted: 0

[03/May/2023:06:10:06] UPDATING ACCOUNTS (JobID: 0a1341c2-41bb-4ae9-a9cb-bce73a8989ac)
 - New and modified: 0

[03/May/2023:06:10:06] DELETING ACCOUNTS (JobID: 0a1341c2-41bb-4ae9-a9cb-bce73a8989ac)
 - Deleted: 0

[03/May/2023:06:10:46] UPDATING PRODUCTS (JobID: 09834518-82a0-4049-a881-2e8ffc01ca6a)
 - New and modified: 0

[03/May/2023:06:10:48] UPDATING PREPAGATI (JobID: d9f40eaf-3a13-4927-be4b-f7647a328e80)
 - New and modified: 0

[03/May/2023:06:10:48] DELETING PREPAGATI (JobID: d9f40eaf-3a13-4927-be4b-f7647a328e80)
 - Deleted: 0

[03/May/2023:06:20:05] UPDATING ACCOUNTS (JobID: 08365197-1eed-471d-9a7e-9a5aae3de3b0)
 - New and modified: 0

[03/May/2023:06:20:05] DELETING ACCOUNTS (JobID: 08365197-1eed-471d-9a7e-9a5aae3de3b0)
 - Deleted: 0

[03/May/2023:06:20:51] UPDATING PRODUCTS (JobID: 029a3fe8-1abc-44ae-9e60-a2400b5061a2)
 - New and modified: 0

[03/May/2023:06:20:54] UPDATING PREPAGATI (JobID: 61dc5bcc-3df2-41e6-9409-ff15f4c54fdc)
 - New and modified: 0

[03/May/2023:06:20:54] DELETING PREPAGATI (JobID: 61dc5bcc-3df2-41e6-9409-ff15f4c54fdc)
 - Deleted: 0

[03/May/2023:07:00:33] UPDATING ACCOUNTS (JobID: d0b66089-ff85-4544-ba13-fee74e97cfdd)
 - New and modified: 0

[03/May/2023:07:00:33] DELETING ACCOUNTS (JobID: d0b66089-ff85-4544-ba13-fee74e97cfdd)
 - Deleted: 0

[03/May/2023:07:01:50] UPDATING PRODUCTS (JobID: 563d7ec1-0522-4fd3-8f48-631ff31a571c)
 - New and modified: 0

[03/May/2023:07:01:53] UPDATING PREPAGATI (JobID: 1d5adfb4-5d1d-4dfa-b11d-aeb09bd25844)
 - New and modified: 0

[03/May/2023:07:01:53] DELETING PREPAGATI (JobID: 1d5adfb4-5d1d-4dfa-b11d-aeb09bd25844)
 - Deleted: 0

[03/May/2023:07:10:41] UPDATING ACCOUNTS (JobID: f6e02c17-55a1-4648-abda-7e9bb6ae52d1)
 - New and modified: 0

[03/May/2023:07:10:41] DELETING ACCOUNTS (JobID: f6e02c17-55a1-4648-abda-7e9bb6ae52d1)
 - Deleted: 0

[03/May/2023:07:21:18] UPDATING PRODUCTS (JobID: ea5c96e8-c150-4879-9d37-2dcbc0a9fb86)
 - New and modified: 0

[03/May/2023:07:21:23] UPDATING PREPAGATI (JobID: 9dab7504-ff12-4398-b43c-f808d1179c85)
 - New and modified: 0

[03/May/2023:07:21:23] DELETING PREPAGATI (JobID: 9dab7504-ff12-4398-b43c-f808d1179c85)
 - Deleted: 0

[03/May/2023:07:22:12] UPDATING ACCOUNTS (JobID: 026c44c4-898f-4070-a195-2b31bfe50196)
 - New and modified: 0

[03/May/2023:07:22:12] DELETING ACCOUNTS (JobID: 026c44c4-898f-4070-a195-2b31bfe50196)
 - Deleted: 0

[03/May/2023:07:23:27] UPDATING PRODUCTS (JobID: 5a7cc147-a238-457f-9c32-96cb3467cbdc)
 - New and modified: 1
   RA-UPGRADE-P-3-M-3

[03/May/2023:07:23:30] UPDATING PREPAGATI (JobID: 66230378-f258-457e-89a6-e90309bd1dff)
 - New and modified: 0

[03/May/2023:07:23:30] DELETING PREPAGATI (JobID: 66230378-f258-457e-89a6-e90309bd1dff)
 - Deleted: 0

[03/May/2023:07:50:08] UPDATING ACCOUNTS (JobID: 5001e4ed-3076-4b0d-826a-2c888da4fcf8)
 - New and modified: 0

[03/May/2023:07:50:08] DELETING ACCOUNTS (JobID: 5001e4ed-3076-4b0d-826a-2c888da4fcf8)
 - Deleted: 0

[03/May/2023:07:51:18] UPDATING PRODUCTS (JobID: ff55b24a-81a5-4dea-9b84-3465ca0301f4)
 - New and modified: 0

[03/May/2023:07:51:25] UPDATING PREPAGATI (JobID: 0769b733-31a0-4e3b-aaad-4ab888b2b373)
 - New and modified: 0

[03/May/2023:07:51:25] DELETING PREPAGATI (JobID: 0769b733-31a0-4e3b-aaad-4ab888b2b373)
 - Deleted: 0

[03/May/2023:08:13:11] UPDATING ACCOUNTS (JobID: e5430051-68cb-4c8b-82d8-eb81f5da5bf6)
 - New and modified: 0

[03/May/2023:08:13:11] DELETING ACCOUNTS (JobID: e5430051-68cb-4c8b-82d8-eb81f5da5bf6)
 - Deleted: 0

[03/May/2023:08:20:51] UPDATING PRODUCTS (JobID: 48530c9c-1a04-4b43-adec-4dbbe0886a2c)
 - New and modified: 0

[03/May/2023:08:20:59] UPDATING PREPAGATI (JobID: fae1d8d7-a1b0-4387-b98e-8e09aca10da0)
 - New and modified: 0

[03/May/2023:08:20:59] DELETING PREPAGATI (JobID: fae1d8d7-a1b0-4387-b98e-8e09aca10da0)
 - Deleted: 0

[03/May/2023:08:22:10] UPDATING ACCOUNTS (JobID: 4475e157-5b7d-40e2-876b-2e748d0560ae)
 - New and modified: 0

[03/May/2023:08:22:10] DELETING ACCOUNTS (JobID: 4475e157-5b7d-40e2-876b-2e748d0560ae)
 - Deleted: 0

[03/May/2023:08:24:07] UPDATING PRODUCTS (JobID: e12b3927-fab9-4c23-97d4-b1caad61662a)
 - New and modified: 0

[03/May/2023:08:24:14] UPDATING PREPAGATI (JobID: 311f43f6-6e6d-4ba6-b7f9-11cf4b3f0027)
 - New and modified: 0

[03/May/2023:08:24:14] DELETING PREPAGATI (JobID: 311f43f6-6e6d-4ba6-b7f9-11cf4b3f0027)
 - Deleted: 0

[03/May/2023:08:30:11] UPDATING ACCOUNTS (JobID: 78923c6d-5bef-49d2-83a7-4c18b10ead29)
 - New and modified: 0

[03/May/2023:08:30:11] DELETING ACCOUNTS (JobID: 78923c6d-5bef-49d2-83a7-4c18b10ead29)
 - Deleted: 0

[03/May/2023:08:31:18] UPDATING PRODUCTS (JobID: 41a2f3e4-4bf1-4905-84c4-96974a6e7d93)
 - New and modified: 1
   ra-desktop-05-01

[03/May/2023:08:31:21] UPDATING PREPAGATI (JobID: 931a63cb-b530-4e14-99c8-388be15cd857)
 - New and modified: 0

[03/May/2023:08:31:21] DELETING PREPAGATI (JobID: 931a63cb-b530-4e14-99c8-388be15cd857)
 - Deleted: 0

[03/May/2023:08:40:12] UPDATING ACCOUNTS (JobID: 3fb85031-ac70-49cd-8e12-dcc1d28c3792)
 - New and modified: 0

[03/May/2023:08:40:12] DELETING ACCOUNTS (JobID: 3fb85031-ac70-49cd-8e12-dcc1d28c3792)
 - Deleted: 0

[03/May/2023:08:41:28] UPDATING PRODUCTS (JobID: d690a0ea-3bb5-4000-9124-3b9fe0a932e8)
 - New and modified: 0

[03/May/2023:08:41:33] UPDATING PREPAGATI (JobID: 28c191c1-c75f-42e9-9a86-09a2df3e3e6d)
 - New and modified: 0

[03/May/2023:08:41:33] DELETING PREPAGATI (JobID: 28c191c1-c75f-42e9-9a86-09a2df3e3e6d)
 - Deleted: 0

[03/May/2023:08:50:07] UPDATING ACCOUNTS (JobID: 888dcfcb-af3f-48ec-b106-da943fb01275)
 - New and modified: 0

[03/May/2023:08:50:07] DELETING ACCOUNTS (JobID: 888dcfcb-af3f-48ec-b106-da943fb01275)
 - Deleted: 0

[03/May/2023:08:51:21] UPDATING PRODUCTS (JobID: cfa01f6d-3b6e-40e9-b2d0-7d8a324d5987)
 - New and modified: 5
   RA-DESKTOP-03-03
   ra-desktop-05-01
   RA-UPGRADE-P-3-M-3
   TS PLUS
   TSPLUS3

[03/May/2023:08:51:24] UPDATING PREPAGATI (JobID: 22b4221f-f86c-4252-9dfa-723ac9284a1c)
 - New and modified: 0

[03/May/2023:08:51:24] DELETING PREPAGATI (JobID: 22b4221f-f86c-4252-9dfa-723ac9284a1c)
 - Deleted: 0

[03/May/2023:09:12:39] UPDATING ACCOUNTS (JobID: 4a3667d2-684d-41d2-a142-a58550764710)
 - New and modified: 0

[03/May/2023:09:12:39] DELETING ACCOUNTS (JobID: 4a3667d2-684d-41d2-a142-a58550764710)
 - Deleted: 0

[03/May/2023:09:18:58] UPDATING PRODUCTS (JobID: 91bcfd5f-7cf7-4d67-912b-94aedbe05258)
 - New and modified: 0

[03/May/2023:09:19:01] UPDATING PREPAGATI (JobID: 00858aa1-60f8-4e29-80ee-31dddaa3d166)
 - New and modified: 0

[03/May/2023:09:19:01] DELETING PREPAGATI (JobID: 00858aa1-60f8-4e29-80ee-31dddaa3d166)
 - Deleted: 0

[03/May/2023:09:30:07] UPDATING ACCOUNTS (JobID: af67be2f-0f0a-42aa-848d-40451a922b51)
 - New and modified: 0

[03/May/2023:09:30:07] DELETING ACCOUNTS (JobID: af67be2f-0f0a-42aa-848d-40451a922b51)
 - Deleted: 0

[03/May/2023:09:31:18] UPDATING PRODUCTS (JobID: fb1cf2d5-0e1a-4584-a81d-5935dda7e3d3)
 - New and modified: 0

[03/May/2023:09:31:22] UPDATING PREPAGATI (JobID: 2ac44ece-81eb-4450-b462-c4dd2ed66f01)
 - New and modified: 0

[03/May/2023:09:31:22] DELETING PREPAGATI (JobID: 2ac44ece-81eb-4450-b462-c4dd2ed66f01)
 - Deleted: 0

[03/May/2023:09:50:07] UPDATING ACCOUNTS (JobID: 090bb947-6b8e-4ca6-81f0-6c16f7455873)
 - New and modified: 0

[03/May/2023:09:50:07] DELETING ACCOUNTS (JobID: 090bb947-6b8e-4ca6-81f0-6c16f7455873)
 - Deleted: 0

[03/May/2023:09:51:10] UPDATING PRODUCTS (JobID: e69d124c-de1e-4e1c-9b28-46a39cad7380)
 - New and modified: 0

[03/May/2023:09:51:13] UPDATING PREPAGATI (JobID: bb2e6828-d5e2-434d-bef9-5666e4671241)
 - New and modified: 0

[03/May/2023:09:51:13] DELETING PREPAGATI (JobID: bb2e6828-d5e2-434d-bef9-5666e4671241)
 - Deleted: 0

[03/May/2023:10:00:12] UPDATING ACCOUNTS (JobID: 997a8084-93c8-4548-92ea-f43c22b56c98)
 - New and modified: 0

[03/May/2023:10:00:12] DELETING ACCOUNTS (JobID: 997a8084-93c8-4548-92ea-f43c22b56c98)
 - Deleted: 0

[03/May/2023:10:02:05] UPDATING PRODUCTS (JobID: 817ee43a-d5ec-4ea2-8d54-f8ba3822b9b9)
 - New and modified: 0

[03/May/2023:10:02:09] UPDATING PREPAGATI (JobID: f9762ae1-9b8a-44ac-95ea-21d3471c3939)
 - New and modified: 0

[03/May/2023:10:02:09] DELETING PREPAGATI (JobID: f9762ae1-9b8a-44ac-95ea-21d3471c3939)
 - Deleted: 0

[03/May/2023:11:00:09] UPDATING ACCOUNTS (JobID: 8d178bc6-9f52-4df3-9839-ec773e0e364f)
 - New and modified: 0

[03/May/2023:11:00:09] DELETING ACCOUNTS (JobID: 8d178bc6-9f52-4df3-9839-ec773e0e364f)
 - Deleted: 0

[03/May/2023:11:01:49] UPDATING PRODUCTS (JobID: b5504c37-5ada-470e-9c11-d2934136841e)
 - New and modified: 0

[03/May/2023:11:02:05] UPDATING PREPAGATI (JobID: dc054bfa-03af-44c7-97a0-f572c8ff9078)
 - New and modified: 0

[03/May/2023:11:02:05] DELETING PREPAGATI (JobID: dc054bfa-03af-44c7-97a0-f572c8ff9078)
 - Deleted: 0

[03/May/2023:11:10:43] UPDATING ACCOUNTS (JobID: 9aeaf902-32f5-493e-b995-7c0852b94a63)
 - New and modified: 0

[03/May/2023:11:10:43] DELETING ACCOUNTS (JobID: 9aeaf902-32f5-493e-b995-7c0852b94a63)
 - Deleted: 0

[03/May/2023:11:16:12] UPDATING PRODUCTS (JobID: 9aa8c059-aaec-4ef6-bdb1-22919a9c1b2c)
 - New and modified: 0

[03/May/2023:11:16:16] UPDATING PREPAGATI (JobID: 93afeff4-9375-4536-ae54-5f33cf8650e7)
 - New and modified: 0

[03/May/2023:11:16:16] DELETING PREPAGATI (JobID: 93afeff4-9375-4536-ae54-5f33cf8650e7)
 - Deleted: 0

[03/May/2023:11:30:10] UPDATING ACCOUNTS (JobID: 03cae16e-36d5-4d3c-a831-1b98be3ce960)
 - New and modified: 0

[03/May/2023:11:30:10] DELETING ACCOUNTS (JobID: 03cae16e-36d5-4d3c-a831-1b98be3ce960)
 - Deleted: 0

[03/May/2023:11:31:15] UPDATING PRODUCTS (JobID: 70e47622-f273-426c-b140-b9de544dd530)
 - New and modified: 0

[03/May/2023:11:31:18] UPDATING PREPAGATI (JobID: 5e351585-6b06-4012-8058-8a700e754b2b)
 - New and modified: 0

[03/May/2023:11:31:18] DELETING PREPAGATI (JobID: 5e351585-6b06-4012-8058-8a700e754b2b)
 - Deleted: 0

[03/May/2023:11:40:08] UPDATING ACCOUNTS (JobID: a89b52e6-744f-46bf-80be-00bf3f88f92a)
 - New and modified: 0

[03/May/2023:11:40:08] DELETING ACCOUNTS (JobID: a89b52e6-744f-46bf-80be-00bf3f88f92a)
 - Deleted: 0

[03/May/2023:11:41:15] UPDATING PRODUCTS (JobID: 2bfc9bfd-3fe0-49cc-931d-8034af5ce8e9)
 - New and modified: 0

[03/May/2023:11:41:19] UPDATING PREPAGATI (JobID: fce42f97-f5a8-4fde-a443-9b8b161beab7)
 - New and modified: 0

[03/May/2023:11:41:19] DELETING PREPAGATI (JobID: fce42f97-f5a8-4fde-a443-9b8b161beab7)
 - Deleted: 0

[03/May/2023:11:50:07] UPDATING ACCOUNTS (JobID: 6b5b4e2e-af9b-4927-8b4a-7c2edf619f1e)
 - New and modified: 0

[03/May/2023:11:50:07] DELETING ACCOUNTS (JobID: 6b5b4e2e-af9b-4927-8b4a-7c2edf619f1e)
 - Deleted: 0

[03/May/2023:11:51:20] UPDATING PRODUCTS (JobID: f6b99ad3-7408-4b7c-b4fd-f0d07c53341c)
 - New and modified: 0

[03/May/2023:11:51:25] UPDATING PREPAGATI (JobID: 4a9d4a61-4cfb-40bf-bdb4-2e66c20c2f08)
 - New and modified: 0

[03/May/2023:11:51:25] DELETING PREPAGATI (JobID: 4a9d4a61-4cfb-40bf-bdb4-2e66c20c2f08)
 - Deleted: 0

[03/May/2023:12:40:07] UPDATING ACCOUNTS (JobID: 8cc27b09-e045-4c4c-8c91-bdae7a14536b)
 - New and modified: 0

[03/May/2023:12:40:07] DELETING ACCOUNTS (JobID: 8cc27b09-e045-4c4c-8c91-bdae7a14536b)
 - Deleted: 0

[03/May/2023:12:40:45] UPDATING PRODUCTS (JobID: dbc80fe8-3d34-4844-8dd5-a226daf00179)
 - New and modified: 0

[03/May/2023:12:40:47] UPDATING PREPAGATI (JobID: 8ce64897-0e3d-4bd6-bbad-4026c1b5e31a)
 - New and modified: 0

[03/May/2023:12:40:47] DELETING PREPAGATI (JobID: 8ce64897-0e3d-4bd6-bbad-4026c1b5e31a)
 - Deleted: 0

[03/May/2023:12:50:07] UPDATING ACCOUNTS (JobID: 4356d81a-1d4e-45fe-bb27-eaea3ee768d5)
 - New and modified: 0

[03/May/2023:12:50:07] DELETING ACCOUNTS (JobID: 4356d81a-1d4e-45fe-bb27-eaea3ee768d5)
 - Deleted: 0

[03/May/2023:12:50:59] UPDATING PRODUCTS (JobID: d114af15-408e-48b4-8ce9-c44c1e1f5d0f)
 - New and modified: 0

[03/May/2023:12:51:01] UPDATING PREPAGATI (JobID: 6eb46f5b-5247-4c61-acb4-af8d3c0e874d)
 - New and modified: 0

[03/May/2023:12:51:01] DELETING PREPAGATI (JobID: 6eb46f5b-5247-4c61-acb4-af8d3c0e874d)
 - Deleted: 0

[03/May/2023:13:00:07] UPDATING ACCOUNTS (JobID: 840a5fda-16df-4848-b351-fdc7e6e8bf8d)
 - New and modified: 0

[03/May/2023:13:00:07] DELETING ACCOUNTS (JobID: 840a5fda-16df-4848-b351-fdc7e6e8bf8d)
 - Deleted: 0

[03/May/2023:13:02:00] UPDATING PRODUCTS (JobID: f4658d2b-bcfe-4d50-bbac-2b0063e35b9d)
 - New and modified: 0

[03/May/2023:13:02:04] UPDATING PREPAGATI (JobID: 56addeee-d206-48eb-88cc-d17ea221d97c)
 - New and modified: 0

[03/May/2023:13:02:04] DELETING PREPAGATI (JobID: 56addeee-d206-48eb-88cc-d17ea221d97c)
 - Deleted: 0

[03/May/2023:13:10:09] UPDATING ACCOUNTS (JobID: 864ca1b6-3063-42de-a98d-51705b75ce9d)
 - New and modified: 0

[03/May/2023:13:10:09] DELETING ACCOUNTS (JobID: 864ca1b6-3063-42de-a98d-51705b75ce9d)
 - Deleted: 0

[03/May/2023:13:16:58] UPDATING PRODUCTS (JobID: 35f99ca3-ba78-4d6c-a236-18aebf46ceef)
 - New and modified: 0

[03/May/2023:13:17:01] UPDATING PREPAGATI (JobID: 099ab327-f3db-4b69-807e-e7b98370c436)
 - New and modified: 0

[03/May/2023:13:17:01] DELETING PREPAGATI (JobID: 099ab327-f3db-4b69-807e-e7b98370c436)
 - Deleted: 0

[03/May/2023:13:20:52] UPDATING ACCOUNTS (JobID: be56ffe9-73ee-4402-814d-5f2ea7e6a317)
 - New and modified: 0

[03/May/2023:13:20:52] DELETING ACCOUNTS (JobID: be56ffe9-73ee-4402-814d-5f2ea7e6a317)
 - Deleted: 0

[03/May/2023:13:22:49] UPDATING PRODUCTS (JobID: 6189cf94-126c-49d0-a9cb-f6f2d0630422)
 - New and modified: 0

[03/May/2023:13:22:53] UPDATING PREPAGATI (JobID: f8d2b377-0b2c-4e00-9a15-6ae35487df0d)
 - New and modified: 0

[03/May/2023:13:22:53] DELETING PREPAGATI (JobID: f8d2b377-0b2c-4e00-9a15-6ae35487df0d)
 - Deleted: 0

[03/May/2023:13:50:07] UPDATING ACCOUNTS (JobID: 99a804b9-09eb-4a1c-a40a-b5c247df3554)
 - New and modified: 0

[03/May/2023:13:50:07] DELETING ACCOUNTS (JobID: 99a804b9-09eb-4a1c-a40a-b5c247df3554)
 - Deleted: 0

[03/May/2023:13:50:57] UPDATING PRODUCTS (JobID: e3521687-faa5-432a-9983-849cb8d7d49b)
 - New and modified: 0

[03/May/2023:13:50:59] UPDATING PREPAGATI (JobID: 48f33978-5a68-42b0-aa7b-0315b1d0e86a)
 - New and modified: 0

[03/May/2023:13:50:59] DELETING PREPAGATI (JobID: 48f33978-5a68-42b0-aa7b-0315b1d0e86a)
 - Deleted: 0

[03/May/2023:15:00:09] UPDATING ACCOUNTS (JobID: 7c2d2620-ddaf-480c-97f9-7c242f79d32f)
 - New and modified: 0

[03/May/2023:15:00:09] DELETING ACCOUNTS (JobID: 7c2d2620-ddaf-480c-97f9-7c242f79d32f)
 - Deleted: 0

[03/May/2023:15:01:55] UPDATING PRODUCTS (JobID: 551bd271-5bef-4164-bc22-010845cdb955)
 - New and modified: 0

[03/May/2023:15:02:27] UPDATING PREPAGATI (JobID: 506213a3-0567-4b5a-a365-b95858123408)
 - New and modified: 0

[03/May/2023:15:02:27] DELETING PREPAGATI (JobID: 506213a3-0567-4b5a-a365-b95858123408)
 - Deleted: 0

[03/May/2023:15:30:04] UPDATING ACCOUNTS (JobID: 5a470f76-73aa-4e92-aa70-cba5149dd5a9)
 - New and modified: 0

[03/May/2023:15:30:04] DELETING ACCOUNTS (JobID: 5a470f76-73aa-4e92-aa70-cba5149dd5a9)
 - Deleted: 0

[03/May/2023:15:30:56] UPDATING PRODUCTS (JobID: 9ede56ba-5088-42aa-a92c-55a08c20d52b)
 - New and modified: 0

[03/May/2023:15:30:58] UPDATING PREPAGATI (JobID: a8ccca14-1448-426b-9198-b95ab1640ff4)
 - New and modified: 0

[03/May/2023:15:30:58] DELETING PREPAGATI (JobID: a8ccca14-1448-426b-9198-b95ab1640ff4)
 - Deleted: 0

[03/May/2023:16:10:15] UPDATING ACCOUNTS (JobID: a5ee1f2b-6685-49c7-b13e-299f922b375d)
 - New and modified: 0

[03/May/2023:16:10:15] DELETING ACCOUNTS (JobID: a5ee1f2b-6685-49c7-b13e-299f922b375d)
 - Deleted: 0

[03/May/2023:16:16:48] UPDATING PRODUCTS (JobID: 60b1bbc2-95c8-435d-8dd0-58103f85cbe5)
 - New and modified: 0

[03/May/2023:16:16:51] UPDATING PREPAGATI (JobID: 257a5524-8ab3-471a-94e9-6afe2a72b3fd)
 - New and modified: 0

[03/May/2023:16:16:51] DELETING PREPAGATI (JobID: 257a5524-8ab3-471a-94e9-6afe2a72b3fd)
 - Deleted: 0

[03/May/2023:16:30:10] UPDATING ACCOUNTS (JobID: 04223298-733c-4603-9c70-eb894de9fa03)
 - New and modified: 0

[03/May/2023:16:30:10] DELETING ACCOUNTS (JobID: 04223298-733c-4603-9c70-eb894de9fa03)
 - Deleted: 0

[03/May/2023:16:30:56] UPDATING PRODUCTS (JobID: a9af3dde-0d47-421a-b3e6-fa53dee69731)
 - New and modified: 0

[03/May/2023:16:30:58] UPDATING PREPAGATI (JobID: 184aa136-b35e-425b-a281-25922f2e2d49)
 - New and modified: 0

[03/May/2023:16:30:58] DELETING PREPAGATI (JobID: 184aa136-b35e-425b-a281-25922f2e2d49)
 - Deleted: 0

[03/May/2023:16:50:04] UPDATING ACCOUNTS (JobID: d000fc52-0d59-4986-8ff9-699df789b5d3)
 - New and modified: 0

[03/May/2023:16:50:05] DELETING ACCOUNTS (JobID: d000fc52-0d59-4986-8ff9-699df789b5d3)
 - Deleted: 0

[03/May/2023:16:50:57] UPDATING PRODUCTS (JobID: 1a8691e8-4edf-4e8b-a75e-0716e3a3664a)
 - New and modified: 0

[03/May/2023:16:50:59] UPDATING PREPAGATI (JobID: 4606da73-aab5-445d-9505-dda07a6e2486)
 - New and modified: 0

[03/May/2023:16:50:59] DELETING PREPAGATI (JobID: 4606da73-aab5-445d-9505-dda07a6e2486)
 - Deleted: 0

[03/May/2023:17:00:05] UPDATING ACCOUNTS (JobID: 7dfe582c-0a4c-441c-bd75-3f677b880a4f)
 - New and modified: 0

[03/May/2023:17:00:05] DELETING ACCOUNTS (JobID: 7dfe582c-0a4c-441c-bd75-3f677b880a4f)
 - Deleted: 0

[03/May/2023:17:01:08] UPDATING PRODUCTS (JobID: 10ccc111-d65f-4a1c-81ba-a28ffe94ced4)
 - New and modified: 0

[03/May/2023:17:01:11] UPDATING PREPAGATI (JobID: c7cbb6c6-4b69-4eeb-961f-c138b765e189)
 - New and modified: 0

[03/May/2023:17:01:11] DELETING PREPAGATI (JobID: c7cbb6c6-4b69-4eeb-961f-c138b765e189)
 - Deleted: 0

[03/May/2023:17:10:04] UPDATING ACCOUNTS (JobID: 94e87fb3-b5d9-4f34-a591-2a3382751ae9)
 - New and modified: 0

[03/May/2023:17:10:04] DELETING ACCOUNTS (JobID: 94e87fb3-b5d9-4f34-a591-2a3382751ae9)
 - Deleted: 0

[03/May/2023:17:10:46] UPDATING PRODUCTS (JobID: 7515788c-3973-4a02-9bde-763b67ba19d1)
 - New and modified: 0

[03/May/2023:17:10:48] UPDATING PREPAGATI (JobID: 43c1d6f2-6294-4dad-b198-f0dd33df837b)
 - New and modified: 0

[03/May/2023:17:10:48] DELETING PREPAGATI (JobID: 43c1d6f2-6294-4dad-b198-f0dd33df837b)
 - Deleted: 0

[03/May/2023:17:20:06] UPDATING ACCOUNTS (JobID: 306973f4-dd7e-4f02-92ad-e369abfa891c)
 - New and modified: 0

[03/May/2023:17:20:06] DELETING ACCOUNTS (JobID: 306973f4-dd7e-4f02-92ad-e369abfa891c)
 - Deleted: 0

[03/May/2023:17:20:44] UPDATING PRODUCTS (JobID: 6f837e06-ff60-48d3-8957-bbc9788e56c9)
 - New and modified: 0

[03/May/2023:17:20:47] UPDATING PREPAGATI (JobID: 0f1cc380-78cd-47d0-b0f1-bb93aa5ba58d)
 - New and modified: 0

[03/May/2023:17:20:47] DELETING PREPAGATI (JobID: 0f1cc380-78cd-47d0-b0f1-bb93aa5ba58d)
 - Deleted: 0

[03/May/2023:17:30:06] UPDATING ACCOUNTS (JobID: 5cd078a4-9f23-49e6-8723-bb665db13215)
 - New and modified: 0

[03/May/2023:17:30:06] DELETING ACCOUNTS (JobID: 5cd078a4-9f23-49e6-8723-bb665db13215)
 - Deleted: 0

[03/May/2023:17:30:45] UPDATING PRODUCTS (JobID: fb65b5d2-baf1-46da-8de7-fa477b838929)
 - New and modified: 0

[03/May/2023:17:30:52] UPDATING PREPAGATI (JobID: e54b946a-3dca-494a-9bc0-3ed96a15f90a)
 - New and modified: 0

[03/May/2023:17:30:52] DELETING PREPAGATI (JobID: e54b946a-3dca-494a-9bc0-3ed96a15f90a)
 - Deleted: 0

[03/May/2023:18:00:07] UPDATING ACCOUNTS (JobID: 500f750d-8bbe-4193-87e2-2941261ec927)
 - New and modified: 0

[03/May/2023:18:00:07] DELETING ACCOUNTS (JobID: 500f750d-8bbe-4193-87e2-2941261ec927)
 - Deleted: 0

[03/May/2023:18:00:54] UPDATING PRODUCTS (JobID: badf66cf-c4a8-476d-aa4b-aed9bcb558ab)
 - New and modified: 0

[03/May/2023:18:00:57] UPDATING PREPAGATI (JobID: 34ad15cf-c608-4039-97f0-75974630c90f)
 - New and modified: 0

[03/May/2023:18:00:57] DELETING PREPAGATI (JobID: 34ad15cf-c608-4039-97f0-75974630c90f)
 - Deleted: 0

[03/May/2023:18:40:05] UPDATING ACCOUNTS (JobID: 686f39dd-71d9-40ee-827e-900c190ac662)
 - New and modified: 0

[03/May/2023:18:40:05] DELETING ACCOUNTS (JobID: 686f39dd-71d9-40ee-827e-900c190ac662)
 - Deleted: 0

[03/May/2023:18:40:44] UPDATING PRODUCTS (JobID: 935563a0-07d1-45dc-ab2f-f808798959f8)
 - New and modified: 0

[03/May/2023:18:40:46] UPDATING PREPAGATI (JobID: e54446e3-18b7-44be-b6bb-1936a2822407)
 - New and modified: 0

[03/May/2023:18:40:46] DELETING PREPAGATI (JobID: e54446e3-18b7-44be-b6bb-1936a2822407)
 - Deleted: 0

[03/May/2023:19:20:11] UPDATING ACCOUNTS (JobID: 0a7c2cdd-c941-4e0d-934f-641956470649)
 - New and modified: 0

[03/May/2023:19:20:11] DELETING ACCOUNTS (JobID: 0a7c2cdd-c941-4e0d-934f-641956470649)
 - Deleted: 0

[03/May/2023:19:21:46] UPDATING PRODUCTS (JobID: 09db7022-0cbd-47b1-8cdd-cad115096391)
 - New and modified: 0

[03/May/2023:19:21:50] UPDATING PREPAGATI (JobID: 8c22138f-2c74-4c0d-be8c-f491f46d3aa3)
 - New and modified: 0

[03/May/2023:19:21:50] DELETING PREPAGATI (JobID: 8c22138f-2c74-4c0d-be8c-f491f46d3aa3)
 - Deleted: 0

[03/May/2023:19:30:06] UPDATING ACCOUNTS (JobID: 9af87991-1d69-4fff-ae6f-bfa50c74bcbb)
 - New and modified: 0

[03/May/2023:19:30:06] DELETING ACCOUNTS (JobID: 9af87991-1d69-4fff-ae6f-bfa50c74bcbb)
 - Deleted: 0

[03/May/2023:19:30:49] UPDATING PRODUCTS (JobID: 7456614d-a4e6-43d6-967c-6f8b9d3a5d63)
 - New and modified: 0

[03/May/2023:19:30:53] UPDATING PREPAGATI (JobID: ea01254f-0ebc-4ceb-b0aa-da6ddecd105a)
 - New and modified: 0

[03/May/2023:19:30:53] DELETING PREPAGATI (JobID: ea01254f-0ebc-4ceb-b0aa-da6ddecd105a)
 - Deleted: 0

[03/May/2023:19:40:06] UPDATING ACCOUNTS (JobID: 4b87957f-8812-401f-91e2-342343599de8)
 - New and modified: 0

[03/May/2023:19:40:06] DELETING ACCOUNTS (JobID: 4b87957f-8812-401f-91e2-342343599de8)
 - Deleted: 0

[03/May/2023:19:40:53] UPDATING PRODUCTS (JobID: 08e284c8-804c-474f-9f2e-14d9af9a1fd6)
 - New and modified: 0

[03/May/2023:19:40:56] UPDATING PREPAGATI (JobID: 08dc1506-0999-497c-b64b-3630c9b5542d)
 - New and modified: 0

[03/May/2023:19:40:56] DELETING PREPAGATI (JobID: 08dc1506-0999-497c-b64b-3630c9b5542d)
 - Deleted: 0

[03/May/2023:19:50:05] UPDATING ACCOUNTS (JobID: 081041bd-1aab-4183-a516-f7430da10d48)
 - New and modified: 0

[03/May/2023:19:50:05] DELETING ACCOUNTS (JobID: 081041bd-1aab-4183-a516-f7430da10d48)
 - Deleted: 0

[03/May/2023:19:50:46] UPDATING PRODUCTS (JobID: 3b625cbc-d64f-4350-b9a6-83f9a8a23864)
 - New and modified: 0

[03/May/2023:19:50:48] UPDATING PREPAGATI (JobID: af649b35-dd88-4fba-a421-4e5025154cd0)
 - New and modified: 0

[03/May/2023:19:50:48] DELETING PREPAGATI (JobID: af649b35-dd88-4fba-a421-4e5025154cd0)
 - Deleted: 0

[03/May/2023:20:00:09] UPDATING ACCOUNTS (JobID: ed0c06b3-4560-4709-8d59-442bb438a9e1)
 - New and modified: 0

[03/May/2023:20:00:09] DELETING ACCOUNTS (JobID: ed0c06b3-4560-4709-8d59-442bb438a9e1)
 - Deleted: 0

[03/May/2023:20:00:47] UPDATING PRODUCTS (JobID: 21d7cc3d-e99b-4799-ac41-6d7c963b34eb)
 - New and modified: 0

[03/May/2023:20:00:49] UPDATING PREPAGATI (JobID: 6b7b6983-4c83-44e3-b4ee-6ea39af8d13e)
 - New and modified: 0

[03/May/2023:20:00:49] DELETING PREPAGATI (JobID: 6b7b6983-4c83-44e3-b4ee-6ea39af8d13e)
 - Deleted: 0

[03/May/2023:20:20:04] UPDATING ACCOUNTS (JobID: 1a303c61-83d8-411a-91fc-630632fe162f)
 - New and modified: 0

[03/May/2023:20:20:04] DELETING ACCOUNTS (JobID: 1a303c61-83d8-411a-91fc-630632fe162f)
 - Deleted: 0

[03/May/2023:20:20:42] UPDATING PRODUCTS (JobID: ed4160a6-07a8-488d-92a6-ea1ba3948f3e)
 - New and modified: 0

[03/May/2023:20:20:46] UPDATING PREPAGATI (JobID: d001444c-f8c1-46e9-9636-bec4c1fca7b6)
 - New and modified: 0

[03/May/2023:20:20:46] DELETING PREPAGATI (JobID: d001444c-f8c1-46e9-9636-bec4c1fca7b6)
 - Deleted: 0

[03/May/2023:20:30:04] UPDATING ACCOUNTS (JobID: 0a822ef4-4dcc-4a0b-9604-b58346b450a2)
 - New and modified: 0

[03/May/2023:20:30:04] DELETING ACCOUNTS (JobID: 0a822ef4-4dcc-4a0b-9604-b58346b450a2)
 - Deleted: 0

[03/May/2023:20:30:43] UPDATING PRODUCTS (JobID: 60ac3df2-010d-4009-bfe7-4cb866b22519)
 - New and modified: 0

[03/May/2023:20:30:45] UPDATING PREPAGATI (JobID: 2bf7f636-0d63-40ec-a67a-6d9a5d428184)
 - New and modified: 0

[03/May/2023:20:30:45] DELETING PREPAGATI (JobID: 2bf7f636-0d63-40ec-a67a-6d9a5d428184)
 - Deleted: 0

[03/May/2023:20:50:04] UPDATING ACCOUNTS (JobID: 9f009610-1f60-4c09-8476-748c51b519e9)
 - New and modified: 0

[03/May/2023:20:50:04] DELETING ACCOUNTS (JobID: 9f009610-1f60-4c09-8476-748c51b519e9)
 - Deleted: 0

[03/May/2023:20:50:43] UPDATING PRODUCTS (JobID: e8d0a5c2-555b-457a-b0bb-4fd1619a195d)
 - New and modified: 0

[03/May/2023:20:50:45] UPDATING PREPAGATI (JobID: a6e56f5c-6ad8-4a16-bddc-5be538571775)
 - New and modified: 0

[03/May/2023:20:50:45] DELETING PREPAGATI (JobID: a6e56f5c-6ad8-4a16-bddc-5be538571775)
 - Deleted: 0

[03/May/2023:21:00:07] UPDATING ACCOUNTS (JobID: 156e9242-d922-4870-93b3-e088d8db8a19)
 - New and modified: 0

[03/May/2023:21:00:07] DELETING ACCOUNTS (JobID: 156e9242-d922-4870-93b3-e088d8db8a19)
 - Deleted: 0

[03/May/2023:21:00:35] UPDATING PRODUCTS (JobID: edeb1a35-d327-4db4-9fab-1894885dc15b)
 - New and modified: 0

[03/May/2023:21:00:37] UPDATING PREPAGATI (JobID: 93226145-2904-49fe-8e38-945e93863b15)
 - New and modified: 0

[03/May/2023:21:00:37] DELETING PREPAGATI (JobID: 93226145-2904-49fe-8e38-945e93863b15)
 - Deleted: 0

[03/May/2023:22:00:07] UPDATING ACCOUNTS (JobID: ef1a29ea-3e8d-4241-a821-eba4b5dcdaaf)
 - New and modified: 0

[03/May/2023:22:00:07] DELETING ACCOUNTS (JobID: ef1a29ea-3e8d-4241-a821-eba4b5dcdaaf)
 - Deleted: 0

[03/May/2023:22:01:05] UPDATING PRODUCTS (JobID: 37153c57-e76f-4eb9-a0d4-049e4a8b69f3)
 - New and modified: 0

[03/May/2023:22:01:07] UPDATING PREPAGATI (JobID: 48cda47f-e3e8-44a4-a84d-8866075095a5)
 - New and modified: 0

[03/May/2023:22:01:07] DELETING PREPAGATI (JobID: 48cda47f-e3e8-44a4-a84d-8866075095a5)
 - Deleted: 0

[03/May/2023:22:10:04] UPDATING ACCOUNTS (JobID: 233a0e73-452e-44b8-9913-5e0394a24642)
 - New and modified: 0

[03/May/2023:22:10:04] DELETING ACCOUNTS (JobID: 233a0e73-452e-44b8-9913-5e0394a24642)
 - Deleted: 0

[03/May/2023:22:10:40] UPDATING PRODUCTS (JobID: d96a7e8b-83c2-47d0-989e-05bec9886084)
 - New and modified: 0

[03/May/2023:22:10:42] UPDATING PREPAGATI (JobID: 9451df0c-f891-4e6f-8cfc-b0adfbbe8de1)
 - New and modified: 0

[03/May/2023:22:10:42] DELETING PREPAGATI (JobID: 9451df0c-f891-4e6f-8cfc-b0adfbbe8de1)
 - Deleted: 0

[03/May/2023:22:50:06] UPDATING ACCOUNTS (JobID: 562df631-11b7-483a-a385-8234f79b4e56)
 - New and modified: 0

[03/May/2023:22:50:06] DELETING ACCOUNTS (JobID: 562df631-11b7-483a-a385-8234f79b4e56)
 - Deleted: 0

[03/May/2023:22:50:43] UPDATING PRODUCTS (JobID: 907ff26d-4fbd-4832-b9b5-4aaa27b210a1)
 - New and modified: 0

[03/May/2023:22:50:45] UPDATING PREPAGATI (JobID: 489a17be-94df-41a9-b869-aea5d5475a86)
 - New and modified: 0

[03/May/2023:22:50:45] DELETING PREPAGATI (JobID: 489a17be-94df-41a9-b869-aea5d5475a86)
 - Deleted: 0

[03/May/2023:23:00:04] UPDATING ACCOUNTS (JobID: e19264b7-c116-44de-90e7-c1ed83195111)
 - New and modified: 0

[03/May/2023:23:00:04] DELETING ACCOUNTS (JobID: e19264b7-c116-44de-90e7-c1ed83195111)
 - Deleted: 0

[03/May/2023:23:00:43] UPDATING PRODUCTS (JobID: 00ee2a52-cf8a-43ab-91c0-6181fcc2d383)
 - New and modified: 0

[03/May/2023:23:00:48] UPDATING PREPAGATI (JobID: 6d9901ab-8502-4a44-b22f-2af7c9ae6f98)
 - New and modified: 0

[03/May/2023:23:00:48] DELETING PREPAGATI (JobID: 6d9901ab-8502-4a44-b22f-2af7c9ae6f98)
 - Deleted: 0

[03/May/2023:23:10:04] UPDATING ACCOUNTS (JobID: a2b262e5-3b8a-41e5-94c7-592a81b663dc)
 - New and modified: 0

[03/May/2023:23:10:04] DELETING ACCOUNTS (JobID: a2b262e5-3b8a-41e5-94c7-592a81b663dc)
 - Deleted: 0

[03/May/2023:23:10:38] UPDATING PRODUCTS (JobID: b7f211b9-836a-40ba-ae13-c06dd53e855f)
 - New and modified: 0

[03/May/2023:23:10:39] UPDATING PREPAGATI (JobID: 659b361e-3c63-4f93-8e2e-44eaca0b6d11)
 - New and modified: 0

[03/May/2023:23:10:39] DELETING PREPAGATI (JobID: 659b361e-3c63-4f93-8e2e-44eaca0b6d11)
 - Deleted: 0

[03/May/2023:23:20:06] UPDATING ACCOUNTS (JobID: 5a586b22-3f06-46f4-aa5a-8e6b7cfdb09b)
 - New and modified: 0

[03/May/2023:23:20:06] DELETING ACCOUNTS (JobID: 5a586b22-3f06-46f4-aa5a-8e6b7cfdb09b)
 - Deleted: 0

[03/May/2023:23:20:42] UPDATING PRODUCTS (JobID: b541fd5e-bca7-4842-9719-318fb5af8636)
 - New and modified: 0

[03/May/2023:23:20:43] UPDATING PREPAGATI (JobID: efb8558c-2d01-48a0-a1cf-4fc4f3e3e6e1)
 - New and modified: 0

[03/May/2023:23:20:43] DELETING PREPAGATI (JobID: efb8558c-2d01-48a0-a1cf-4fc4f3e3e6e1)
 - Deleted: 0

[03/May/2023:23:30:05] UPDATING ACCOUNTS (JobID: 1e81f1aa-0648-44a5-81f0-a400bb6a4591)
 - New and modified: 0

[03/May/2023:23:30:05] DELETING ACCOUNTS (JobID: 1e81f1aa-0648-44a5-81f0-a400bb6a4591)
 - Deleted: 0

[03/May/2023:23:30:41] UPDATING PRODUCTS (JobID: 3c5bf251-2d5c-47db-b63e-94a344efa90f)
 - New and modified: 0

[03/May/2023:23:30:43] UPDATING PREPAGATI (JobID: 218312e5-39a2-4ad7-a03a-0be190877295)
 - New and modified: 0

[03/May/2023:23:30:43] DELETING PREPAGATI (JobID: 218312e5-39a2-4ad7-a03a-0be190877295)
 - Deleted: 0

[03/May/2023:23:40:04] UPDATING ACCOUNTS (JobID: 3790ee09-d84c-499a-8b38-a333c530d081)
 - New and modified: 0

[03/May/2023:23:40:04] DELETING ACCOUNTS (JobID: 3790ee09-d84c-499a-8b38-a333c530d081)
 - Deleted: 0

[03/May/2023:23:40:36] UPDATING PRODUCTS (JobID: ceb096fc-0ce0-409c-b129-b41851f3477c)
 - New and modified: 0

[03/May/2023:23:40:41] UPDATING PREPAGATI (JobID: 0a9f65ca-0a66-49c0-bc6a-995a20acbae8)
 - New and modified: 0

[03/May/2023:23:40:41] DELETING PREPAGATI (JobID: 0a9f65ca-0a66-49c0-bc6a-995a20acbae8)
 - Deleted: 0

[03/May/2023:23:50:04] UPDATING ACCOUNTS (JobID: c0017cc4-e8cc-4814-b681-53f7809bd54a)
 - New and modified: 0

[03/May/2023:23:50:04] DELETING ACCOUNTS (JobID: c0017cc4-e8cc-4814-b681-53f7809bd54a)
 - Deleted: 0

[03/May/2023:23:50:37] UPDATING PRODUCTS (JobID: 18d76ff4-3059-4b89-b24d-c815c636975c)
 - New and modified: 0

[03/May/2023:23:50:39] UPDATING PREPAGATI (JobID: 2623779c-7885-4429-b4be-504fc12eaccc)
 - New and modified: 0

[03/May/2023:23:50:39] DELETING PREPAGATI (JobID: 2623779c-7885-4429-b4be-504fc12eaccc)
 - Deleted: 0

