[12/May/2023:00:00:04] UPDATING ACCOUNTS (JobID: 7ebf7f24-c2e5-4e8b-8ff6-cee3a40ec85b)
 - New and modified: 0

[12/May/2023:00:00:04] DELETING ACCOUNTS (JobID: 7ebf7f24-c2e5-4e8b-8ff6-cee3a40ec85b)
 - Deleted: 0

[12/May/2023:00:00:38] UPDATING PRODUCTS (JobID: a4a0397e-9678-4594-b89d-ea4204f5bf57)
 - New and modified: 0

[12/May/2023:00:00:39] UPDATING PREPAGATI (JobID: 676e8e5b-24a4-41f6-a8c0-ba10be2d4f7a)
 - New and modified: 0

[12/May/2023:00:00:39] DELETING PREPAGATI (JobID: 676e8e5b-24a4-41f6-a8c0-ba10be2d4f7a)
 - Deleted: 0

[12/May/2023:00:20:04] UPDATING ACCOUNTS (JobID: 80e3e61b-9ff3-4a1d-a97f-c9e7b6562f8a)
 - New and modified: 0

[12/May/2023:00:20:04] DELETING ACCOUNTS (JobID: 80e3e61b-9ff3-4a1d-a97f-c9e7b6562f8a)
 - Deleted: 0

[12/May/2023:00:20:42] UPDATING PRODUCTS (JobID: 30e9ac6f-3a6c-4759-947d-acad856626f0)
 - New and modified: 0

[12/May/2023:00:20:44] UPDATING PREPAGATI (JobID: d35fc024-e9cb-4ab7-a259-bebcd6578d75)
 - New and modified: 0

[12/May/2023:00:20:44] DELETING PREPAGATI (JobID: d35fc024-e9cb-4ab7-a259-bebcd6578d75)
 - Deleted: 0

[12/May/2023:00:40:09] UPDATING ACCOUNTS (JobID: 6d739e15-7f37-4ff0-bddb-70db86a92fa7)
 - New and modified: 0

[12/May/2023:00:40:09] DELETING ACCOUNTS (JobID: 6d739e15-7f37-4ff0-bddb-70db86a92fa7)
 - Deleted: 0

[12/May/2023:00:40:49] UPDATING PRODUCTS (JobID: 27357ee1-b56d-441a-af0b-70b85deca4d4)
 - New and modified: 0

[12/May/2023:00:40:52] UPDATING PREPAGATI (JobID: ed473d41-ee31-4a85-a6a1-0b8bb60c53ab)
 - New and modified: 0

[12/May/2023:00:40:52] DELETING PREPAGATI (JobID: ed473d41-ee31-4a85-a6a1-0b8bb60c53ab)
 - Deleted: 0

[12/May/2023:00:50:04] UPDATING ACCOUNTS (JobID: 1645f16b-1332-40c8-8c56-c28c6d9aaed5)
 - New and modified: 0

[12/May/2023:00:50:04] DELETING ACCOUNTS (JobID: 1645f16b-1332-40c8-8c56-c28c6d9aaed5)
 - Deleted: 0

[12/May/2023:00:50:36] UPDATING PRODUCTS (JobID: 1855ccde-727f-40e7-b9f1-af31a8f2c98f)
 - New and modified: 0

[12/May/2023:00:50:39] UPDATING PREPAGATI (JobID: 8795d4e8-9a95-4c52-88d1-b21466fee7c9)
 - New and modified: 0

[12/May/2023:00:50:39] DELETING PREPAGATI (JobID: 8795d4e8-9a95-4c52-88d1-b21466fee7c9)
 - Deleted: 0

[12/May/2023:01:00:04] UPDATING ACCOUNTS (JobID: 084c9fb2-7f8f-4ea0-aebf-7aac1a1bac46)
 - New and modified: 0

[12/May/2023:01:00:04] DELETING ACCOUNTS (JobID: 084c9fb2-7f8f-4ea0-aebf-7aac1a1bac46)
 - Deleted: 0

[12/May/2023:01:01:41] UPDATING PRODUCTS (JobID: 16b12350-60ab-4a2d-aa64-b1ce59c90bac)
 - New and modified: 0

[12/May/2023:01:01:51] UPDATING PREPAGATI (JobID: 3adc1b4e-292a-4ba2-a696-456519fa9965)
 - New and modified: 0

[12/May/2023:01:01:51] DELETING PREPAGATI (JobID: 3adc1b4e-292a-4ba2-a696-456519fa9965)
 - Deleted: 0

[12/May/2023:01:10:11] UPDATING ACCOUNTS (JobID: 5ff49060-2446-4351-95f0-b09d54d1d436)
 - New and modified: 0

[12/May/2023:01:10:11] DELETING ACCOUNTS (JobID: 5ff49060-2446-4351-95f0-b09d54d1d436)
 - Deleted: 0

[12/May/2023:01:11:37] UPDATING PRODUCTS (JobID: f34a8315-0c75-4987-afef-693535bb29ce)
 - New and modified: 0

[12/May/2023:01:11:43] UPDATING PREPAGATI (JobID: 58d24d7b-80e9-45f0-8bfc-5dd9fb98ea31)
 - New and modified: 0

[12/May/2023:01:11:43] DELETING PREPAGATI (JobID: 58d24d7b-80e9-45f0-8bfc-5dd9fb98ea31)
 - Deleted: 0

[12/May/2023:01:20:11] UPDATING ACCOUNTS (JobID: f891cbea-7e1f-4889-a7f9-26e1f70b8a1b)
 - New and modified: 0

[12/May/2023:01:20:11] DELETING ACCOUNTS (JobID: f891cbea-7e1f-4889-a7f9-26e1f70b8a1b)
 - Deleted: 0

[12/May/2023:01:21:07] UPDATING PRODUCTS (JobID: 4ae58218-0b9d-4226-bfc8-468cd6bb3de3)
 - New and modified: 0

[12/May/2023:01:21:11] UPDATING PREPAGATI (JobID: ee5b32c5-9d1f-44cf-b502-cda05972c0f4)
 - New and modified: 0

[12/May/2023:01:21:11] DELETING PREPAGATI (JobID: ee5b32c5-9d1f-44cf-b502-cda05972c0f4)
 - Deleted: 0

[12/May/2023:01:30:06] UPDATING ACCOUNTS (JobID: 0b56e4f5-30cc-4ceb-b92b-8e8751da43bd)
 - New and modified: 0

[12/May/2023:01:30:06] DELETING ACCOUNTS (JobID: 0b56e4f5-30cc-4ceb-b92b-8e8751da43bd)
 - Deleted: 0

[12/May/2023:01:31:04] UPDATING PRODUCTS (JobID: 2f813a61-321c-4135-bda1-c4dee2534077)
 - New and modified: 0

[12/May/2023:01:31:06] UPDATING PREPAGATI (JobID: 88f42f1b-eda2-4771-b226-1504c194fc9b)
 - New and modified: 0

[12/May/2023:01:31:06] DELETING PREPAGATI (JobID: 88f42f1b-eda2-4771-b226-1504c194fc9b)
 - Deleted: 0

[12/May/2023:02:00:05] UPDATING ACCOUNTS (JobID: d5960d5a-cf01-4362-87dd-7696263b6f07)
 - New and modified: 0

[12/May/2023:02:00:05] DELETING ACCOUNTS (JobID: d5960d5a-cf01-4362-87dd-7696263b6f07)
 - Deleted: 0

[12/May/2023:02:00:51] UPDATING PRODUCTS (JobID: 44df92de-2fb7-49a2-b71f-2fa59df3d90b)
 - New and modified: 0

[12/May/2023:02:00:52] UPDATING PREPAGATI (JobID: 9dba309b-984c-4270-80d3-b01d8e7da148)
 - New and modified: 0

[12/May/2023:02:00:52] DELETING PREPAGATI (JobID: 9dba309b-984c-4270-80d3-b01d8e7da148)
 - Deleted: 0

[12/May/2023:02:10:04] UPDATING ACCOUNTS (JobID: 0071723f-2282-4bed-a9ca-4cccc622a5d9)
 - New and modified: 0

[12/May/2023:02:10:04] DELETING ACCOUNTS (JobID: 0071723f-2282-4bed-a9ca-4cccc622a5d9)
 - Deleted: 0

[12/May/2023:02:10:41] UPDATING PRODUCTS (JobID: 0cf6174f-054a-480f-9ace-7f94fa288ea8)
 - New and modified: 0

[12/May/2023:02:10:43] UPDATING PREPAGATI (JobID: 98700c50-13af-49a2-bb8b-5cfd197da3e0)
 - New and modified: 0

[12/May/2023:02:10:43] DELETING PREPAGATI (JobID: 98700c50-13af-49a2-bb8b-5cfd197da3e0)
 - Deleted: 0

[12/May/2023:02:40:05] UPDATING ACCOUNTS (JobID: 8a648674-c75d-4e75-8516-4a0bb85e1911)
 - New and modified: 0

[12/May/2023:02:40:05] DELETING ACCOUNTS (JobID: 8a648674-c75d-4e75-8516-4a0bb85e1911)
 - Deleted: 0

[12/May/2023:02:40:39] UPDATING PRODUCTS (JobID: 640592d1-02a6-49bc-8ba3-a083d9e1ce8c)
 - New and modified: 0

[12/May/2023:02:40:41] UPDATING PREPAGATI (JobID: 945b1178-36d7-4ee3-b673-784a8b98b31d)
 - New and modified: 0

[12/May/2023:02:40:41] DELETING PREPAGATI (JobID: 945b1178-36d7-4ee3-b673-784a8b98b31d)
 - Deleted: 0

[12/May/2023:02:50:04] UPDATING ACCOUNTS (JobID: 4275fc3a-3ecf-47d1-b914-655f2d2195a0)
 - New and modified: 0

[12/May/2023:02:50:04] DELETING ACCOUNTS (JobID: 4275fc3a-3ecf-47d1-b914-655f2d2195a0)
 - Deleted: 0

[12/May/2023:02:50:42] UPDATING PRODUCTS (JobID: ddfa7734-6472-42a7-b2a2-f6dcb88a2352)
 - New and modified: 0

[12/May/2023:02:50:43] UPDATING PREPAGATI (JobID: 0b92173e-cbfd-4c88-b36a-21377e1bd106)
 - New and modified: 0

[12/May/2023:02:50:44] DELETING PREPAGATI (JobID: 0b92173e-cbfd-4c88-b36a-21377e1bd106)
 - Deleted: 0

[12/May/2023:03:10:04] UPDATING ACCOUNTS (JobID: 0d27c169-f6a6-4a19-93ae-8ef6cfa188ed)
 - New and modified: 0

[12/May/2023:03:10:04] DELETING ACCOUNTS (JobID: 0d27c169-f6a6-4a19-93ae-8ef6cfa188ed)
 - Deleted: 0

[12/May/2023:03:10:42] UPDATING PRODUCTS (JobID: ce1e220b-8143-4472-ad0f-0ca467da69dd)
 - New and modified: 0

[12/May/2023:03:10:44] UPDATING PREPAGATI (JobID: 60d00814-c466-416e-ae9d-e95fbdb93d4f)
 - New and modified: 0

[12/May/2023:03:10:44] DELETING PREPAGATI (JobID: 60d00814-c466-416e-ae9d-e95fbdb93d4f)
 - Deleted: 0

[12/May/2023:03:20:05] UPDATING ACCOUNTS (JobID: 9a62bfc5-05bd-40ea-a90b-066e751c5ea6)
 - New and modified: 0

[12/May/2023:03:20:05] DELETING ACCOUNTS (JobID: 9a62bfc5-05bd-40ea-a90b-066e751c5ea6)
 - Deleted: 0

[12/May/2023:03:20:38] UPDATING PRODUCTS (JobID: 85acb78c-f072-4ea5-b5a7-3187fe9dd51c)
 - New and modified: 0

[12/May/2023:03:20:40] UPDATING PREPAGATI (JobID: 1cfa76a0-f90d-4144-99db-4706ecee2b90)
 - New and modified: 0

[12/May/2023:03:20:40] DELETING PREPAGATI (JobID: 1cfa76a0-f90d-4144-99db-4706ecee2b90)
 - Deleted: 0

[12/May/2023:04:00:04] UPDATING ACCOUNTS (JobID: d2f19af0-e2f2-4a14-9b05-01111fea356b)
 - New and modified: 0

[12/May/2023:04:00:04] DELETING ACCOUNTS (JobID: d2f19af0-e2f2-4a14-9b05-01111fea356b)
 - Deleted: 0

[12/May/2023:04:00:45] UPDATING PRODUCTS (JobID: dead723c-9102-4b2a-8bc6-3a7b3c1e5211)
 - New and modified: 0

[12/May/2023:04:00:47] UPDATING PREPAGATI (JobID: 17b59739-3251-4c97-a422-0a4d2ccbb831)
 - New and modified: 0

[12/May/2023:04:00:47] DELETING PREPAGATI (JobID: 17b59739-3251-4c97-a422-0a4d2ccbb831)
 - Deleted: 0

[12/May/2023:04:10:05] UPDATING ACCOUNTS (JobID: 48330af1-1fae-434d-a00c-7712f93b7615)
 - New and modified: 0

[12/May/2023:04:10:05] DELETING ACCOUNTS (JobID: 48330af1-1fae-434d-a00c-7712f93b7615)
 - Deleted: 0

[12/May/2023:04:10:42] UPDATING PRODUCTS (JobID: b388a351-7ad7-492f-ad6c-a22e8de19536)
 - New and modified: 0

[12/May/2023:04:10:44] UPDATING PREPAGATI (JobID: e43591c8-ab74-42bc-a298-65f05c474231)
 - New and modified: 0

[12/May/2023:04:10:44] DELETING PREPAGATI (JobID: e43591c8-ab74-42bc-a298-65f05c474231)
 - Deleted: 0

[12/May/2023:04:30:04] UPDATING ACCOUNTS (JobID: 6daf6289-31f8-4c75-97af-f0a47d2eadde)
 - New and modified: 0

[12/May/2023:04:30:04] DELETING ACCOUNTS (JobID: 6daf6289-31f8-4c75-97af-f0a47d2eadde)
 - Deleted: 0

[12/May/2023:04:30:40] UPDATING PRODUCTS (JobID: f0cbed6e-5d64-4fdd-b30a-d5cef4497e57)
 - New and modified: 0

[12/May/2023:04:30:42] UPDATING PREPAGATI (JobID: cbf27760-af6a-4118-a682-102036949bce)
 - New and modified: 0

[12/May/2023:04:30:42] DELETING PREPAGATI (JobID: cbf27760-af6a-4118-a682-102036949bce)
 - Deleted: 0

[12/May/2023:04:50:04] UPDATING ACCOUNTS (JobID: f2d9b300-eac2-4531-9781-7997e027f2be)
 - New and modified: 0

[12/May/2023:04:50:04] DELETING ACCOUNTS (JobID: f2d9b300-eac2-4531-9781-7997e027f2be)
 - Deleted: 0

[12/May/2023:04:50:45] UPDATING PRODUCTS (JobID: b1756e54-4e66-482c-8044-6147eb795527)
 - New and modified: 0

[12/May/2023:04:50:46] UPDATING PREPAGATI (JobID: 9f715f33-fb3e-41ce-bbc5-4d5daaa91e8f)
 - New and modified: 0

[12/May/2023:04:50:46] DELETING PREPAGATI (JobID: 9f715f33-fb3e-41ce-bbc5-4d5daaa91e8f)
 - Deleted: 0

[12/May/2023:05:00:05] UPDATING ACCOUNTS (JobID: 90773d29-1f67-4081-b041-1a8b8218ca45)
 - New and modified: 0

[12/May/2023:05:00:05] DELETING ACCOUNTS (JobID: 90773d29-1f67-4081-b041-1a8b8218ca45)
 - Deleted: 0

[12/May/2023:05:00:44] UPDATING PRODUCTS (JobID: 72fc98d7-51f4-4c8b-9368-3a2b698befa5)
 - New and modified: 0

[12/May/2023:05:00:46] UPDATING PREPAGATI (JobID: 71577848-1750-45e7-a04c-e9afc21c437f)
 - New and modified: 0

[12/May/2023:05:00:46] DELETING PREPAGATI (JobID: 71577848-1750-45e7-a04c-e9afc21c437f)
 - Deleted: 0

[12/May/2023:05:20:08] UPDATING ACCOUNTS (JobID: c478a25f-e715-423b-a747-f6d829595afe)
 - New and modified: 0

[12/May/2023:05:20:08] DELETING ACCOUNTS (JobID: c478a25f-e715-423b-a747-f6d829595afe)
 - Deleted: 0

[12/May/2023:05:20:43] UPDATING PRODUCTS (JobID: 2fbf7350-268a-451e-99bc-6e2f4fef9a67)
 - New and modified: 0

[12/May/2023:05:20:45] UPDATING PREPAGATI (JobID: c61a2368-a2d6-4902-bc6e-281b1a869c29)
 - New and modified: 0

[12/May/2023:05:20:45] DELETING PREPAGATI (JobID: c61a2368-a2d6-4902-bc6e-281b1a869c29)
 - Deleted: 0

[12/May/2023:05:30:04] UPDATING ACCOUNTS (JobID: eba37970-4c58-4aac-8de4-3f673d906d73)
 - New and modified: 0

[12/May/2023:05:30:04] DELETING ACCOUNTS (JobID: eba37970-4c58-4aac-8de4-3f673d906d73)
 - Deleted: 0

[12/May/2023:05:30:47] UPDATING PRODUCTS (JobID: 434b2291-17b0-4503-b51a-69e5176245f9)
 - New and modified: 0

[12/May/2023:05:30:49] UPDATING PREPAGATI (JobID: 4c20c358-0368-4a26-945b-04884eeba8f7)
 - New and modified: 0

[12/May/2023:05:30:49] DELETING PREPAGATI (JobID: 4c20c358-0368-4a26-945b-04884eeba8f7)
 - Deleted: 0

[12/May/2023:05:50:04] UPDATING ACCOUNTS (JobID: be2331c8-4b92-4db7-b4c1-22395e9968aa)
 - New and modified: 0

[12/May/2023:05:50:04] DELETING ACCOUNTS (JobID: be2331c8-4b92-4db7-b4c1-22395e9968aa)
 - Deleted: 0

[12/May/2023:05:50:42] UPDATING PRODUCTS (JobID: a70e9ff8-c3e6-4343-9bf5-60b18eb077bd)
 - New and modified: 0

[12/May/2023:05:50:43] UPDATING PREPAGATI (JobID: 057d61f7-f966-4728-8840-a1f30258fea6)
 - New and modified: 0

[12/May/2023:05:50:43] DELETING PREPAGATI (JobID: 057d61f7-f966-4728-8840-a1f30258fea6)
 - Deleted: 0

[12/May/2023:06:50:06] UPDATING ACCOUNTS (JobID: 4f463af2-ab20-42d2-935e-251020ed5752)
 - New and modified: 0

[12/May/2023:06:50:06] DELETING ACCOUNTS (JobID: 4f463af2-ab20-42d2-935e-251020ed5752)
 - Deleted: 0

[12/May/2023:06:50:44] UPDATING PRODUCTS (JobID: e9a5d735-9075-4179-b007-4d4dc004d0d3)
 - New and modified: 0

[12/May/2023:06:50:53] UPDATING PREPAGATI (JobID: 713826ba-cf77-480c-985b-8091877b61a8)
 - New and modified: 0

[12/May/2023:06:50:53] DELETING PREPAGATI (JobID: 713826ba-cf77-480c-985b-8091877b61a8)
 - Deleted: 0

[12/May/2023:07:00:19] UPDATING ACCOUNTS (JobID: e914b4ba-7459-4581-bd45-bfd0894eb6fd)
 - New and modified: 0

[12/May/2023:07:00:19] DELETING ACCOUNTS (JobID: e914b4ba-7459-4581-bd45-bfd0894eb6fd)
 - Deleted: 0

[12/May/2023:07:01:00] UPDATING PRODUCTS (JobID: 373ed366-5f8a-4806-89cb-12f16224f52f)
 - New and modified: 0

[12/May/2023:07:01:06] UPDATING PREPAGATI (JobID: 59a8de2d-a883-479c-af54-4660e45a37a7)
 - New and modified: 0

[12/May/2023:07:01:06] DELETING PREPAGATI (JobID: 59a8de2d-a883-479c-af54-4660e45a37a7)
 - Deleted: 0

[12/May/2023:07:11:33] UPDATING ACCOUNTS (JobID: d9fc5cde-56e9-4878-a8db-a9bfc01c8d7b)
 - New and modified: 0

[12/May/2023:07:11:33] DELETING ACCOUNTS (JobID: d9fc5cde-56e9-4878-a8db-a9bfc01c8d7b)
 - Deleted: 0

[12/May/2023:07:15:19] UPDATING PRODUCTS (JobID: bbdd4221-977e-4d6d-af7c-2e02146d5c6c)
 - New and modified: 0

[12/May/2023:07:15:31] UPDATING PREPAGATI (JobID: 91cecbf6-1041-4d04-a299-f3323626e2d5)
 - New and modified: 0

[12/May/2023:07:15:31] DELETING PREPAGATI (JobID: 91cecbf6-1041-4d04-a299-f3323626e2d5)
 - Deleted: 0

[12/May/2023:07:31:55] UPDATING ACCOUNTS (JobID: d5898b36-12ca-4c26-aeae-7340358b9fc2)
 - New and modified: 0

[12/May/2023:07:31:55] DELETING ACCOUNTS (JobID: d5898b36-12ca-4c26-aeae-7340358b9fc2)
 - Deleted: 0

[12/May/2023:07:35:34] UPDATING PRODUCTS (JobID: 96779f90-641d-4318-abdf-dda74e16ac92)
 - New and modified: 0

[12/May/2023:07:35:41] UPDATING PREPAGATI (JobID: 52ccdb72-09ce-47f2-b524-eaf752066744)
 - New and modified: 0

[12/May/2023:07:35:41] DELETING PREPAGATI (JobID: 52ccdb72-09ce-47f2-b524-eaf752066744)
 - Deleted: 0

[12/May/2023:08:00:39] UPDATING ACCOUNTS (JobID: 8cfdc2cb-1c25-473a-b71a-0dc63e41476c)
 - New and modified: 0

[12/May/2023:08:00:39] DELETING ACCOUNTS (JobID: 8cfdc2cb-1c25-473a-b71a-0dc63e41476c)
 - Deleted: 0

[12/May/2023:11:20:05] UPDATING ACCOUNTS (JobID: beb78622-9969-4fec-8c90-72919bfa75f9)
 - New and modified: 0

[12/May/2023:11:20:05] DELETING ACCOUNTS (JobID: beb78622-9969-4fec-8c90-72919bfa75f9)
 - Deleted: 0

[12/May/2023:11:20:43] UPDATING PRODUCTS (JobID: 0f207c76-0b5c-4238-a8d5-62fd2d13d81b)
 - New and modified: 0

[12/May/2023:11:20:49] UPDATING PREPAGATI (JobID: f8bf3598-dc91-46a9-83a4-2eaee3aa9c3c)
 - New and modified: 0

[12/May/2023:11:20:49] DELETING PREPAGATI (JobID: f8bf3598-dc91-46a9-83a4-2eaee3aa9c3c)
 - Deleted: 0

[12/May/2023:11:30:06] UPDATING ACCOUNTS (JobID: 5e410ba7-28bb-4f56-806d-a21e818d9e32)
 - New and modified: 0

[12/May/2023:11:30:06] DELETING ACCOUNTS (JobID: 5e410ba7-28bb-4f56-806d-a21e818d9e32)
 - Deleted: 0

[12/May/2023:11:30:44] UPDATING PRODUCTS (JobID: e9a8ea06-5bd2-44db-a20f-fd6562f77d69)
 - New and modified: 0

[12/May/2023:11:30:47] UPDATING PREPAGATI (JobID: ae991f53-d02c-44ae-b925-cda23928748a)
 - New and modified: 0

[12/May/2023:11:30:47] DELETING PREPAGATI (JobID: ae991f53-d02c-44ae-b925-cda23928748a)
 - Deleted: 0

[12/May/2023:11:50:05] UPDATING ACCOUNTS (JobID: 4914234a-adcc-4dc2-8e29-b5c11ad60aae)
 - New and modified: 0

[12/May/2023:11:50:05] DELETING ACCOUNTS (JobID: 4914234a-adcc-4dc2-8e29-b5c11ad60aae)
 - Deleted: 0

[12/May/2023:11:50:46] UPDATING PRODUCTS (JobID: aae3907b-79f2-458a-8344-e5d5b11cfef9)
 - New and modified: 0

[12/May/2023:11:50:49] UPDATING PREPAGATI (JobID: a456cf0a-f821-4b6a-8996-97fe75470f76)
 - New and modified: 0

[12/May/2023:11:50:49] DELETING PREPAGATI (JobID: a456cf0a-f821-4b6a-8996-97fe75470f76)
 - Deleted: 0

[12/May/2023:12:20:06] UPDATING ACCOUNTS (JobID: e7a56352-537f-43e9-877f-5c971b06b869)
 - New and modified: 0

[12/May/2023:12:20:06] DELETING ACCOUNTS (JobID: e7a56352-537f-43e9-877f-5c971b06b869)
 - Deleted: 0

[12/May/2023:12:20:43] UPDATING PRODUCTS (JobID: 15824e72-5c30-42dd-86a3-ac5ca32d57aa)
 - New and modified: 0

[12/May/2023:12:20:46] UPDATING PREPAGATI (JobID: a8ae3eca-9cff-4062-9067-9537914a365c)
 - New and modified: 0

[12/May/2023:12:20:46] DELETING PREPAGATI (JobID: a8ae3eca-9cff-4062-9067-9537914a365c)
 - Deleted: 0

[12/May/2023:12:50:05] UPDATING ACCOUNTS (JobID: 4bc8f0c6-1ebc-446b-b0d5-3c2f5c25663a)
 - New and modified: 0

[12/May/2023:12:50:05] DELETING ACCOUNTS (JobID: 4bc8f0c6-1ebc-446b-b0d5-3c2f5c25663a)
 - Deleted: 0

[12/May/2023:12:50:41] UPDATING PRODUCTS (JobID: 20782eec-5a86-4967-a6f5-aafab4c5fdf1)
 - New and modified: 0

[12/May/2023:12:50:44] UPDATING PREPAGATI (JobID: 06ebed9e-3587-405a-b231-f9b987b0c4bc)
 - New and modified: 0

[12/May/2023:12:50:44] DELETING PREPAGATI (JobID: 06ebed9e-3587-405a-b231-f9b987b0c4bc)
 - Deleted: 0

[12/May/2023:13:20:06] UPDATING ACCOUNTS (JobID: 3b108b11-72c7-4420-9523-46052d42486a)
 - New and modified: 0

[12/May/2023:13:20:06] DELETING ACCOUNTS (JobID: 3b108b11-72c7-4420-9523-46052d42486a)
 - Deleted: 0

[12/May/2023:13:20:46] UPDATING PRODUCTS (JobID: 902e60f1-2207-4717-ba98-57f353a8183a)
 - New and modified: 0

[12/May/2023:13:20:49] UPDATING PREPAGATI (JobID: df8c3f2f-f677-4224-a4e8-895e7f39876d)
 - New and modified: 0

[12/May/2023:13:20:49] DELETING PREPAGATI (JobID: df8c3f2f-f677-4224-a4e8-895e7f39876d)
 - Deleted: 0

[12/May/2023:13:30:05] UPDATING ACCOUNTS (JobID: 13c80320-8d91-432d-a874-79029e8689c1)
 - New and modified: 0

[12/May/2023:13:30:05] DELETING ACCOUNTS (JobID: 13c80320-8d91-432d-a874-79029e8689c1)
 - Deleted: 0

[12/May/2023:13:30:45] UPDATING PRODUCTS (JobID: 738f9d9d-0951-4dbb-96af-d08bc638a541)
 - New and modified: 0

[12/May/2023:13:30:49] UPDATING PREPAGATI (JobID: cba5f78d-6968-410c-8cbd-954c095f1deb)
 - New and modified: 0

[12/May/2023:13:30:49] DELETING PREPAGATI (JobID: cba5f78d-6968-410c-8cbd-954c095f1deb)
 - Deleted: 0

[12/May/2023:13:40:07] UPDATING ACCOUNTS (JobID: 5ef7f67f-ad2d-4f1a-b1f5-d27e22760e09)
 - New and modified: 0

[12/May/2023:13:40:07] DELETING ACCOUNTS (JobID: 5ef7f67f-ad2d-4f1a-b1f5-d27e22760e09)
 - Deleted: 0

[12/May/2023:13:40:49] UPDATING PRODUCTS (JobID: 6ea89a1f-8e08-4c5f-a638-39bc0c292b9f)
 - New and modified: 0

[12/May/2023:13:40:52] UPDATING PREPAGATI (JobID: 3f0f54a3-158c-4d6f-8f2d-ccb40490802e)
 - New and modified: 0

[12/May/2023:13:40:52] DELETING PREPAGATI (JobID: 3f0f54a3-158c-4d6f-8f2d-ccb40490802e)
 - Deleted: 0

[12/May/2023:13:50:05] UPDATING ACCOUNTS (JobID: 02cf3021-d692-47a3-8f2d-e984a1a9c8da)
 - New and modified: 0

[12/May/2023:13:50:05] DELETING ACCOUNTS (JobID: 02cf3021-d692-47a3-8f2d-e984a1a9c8da)
 - Deleted: 0

[12/May/2023:13:50:40] UPDATING PRODUCTS (JobID: 3b7def08-5206-4831-a29e-8980e534a4a8)
 - New and modified: 0

[12/May/2023:13:50:44] UPDATING PREPAGATI (JobID: d0046a49-32af-4163-8a93-55b9c316ac59)
 - New and modified: 0

[12/May/2023:13:50:44] DELETING PREPAGATI (JobID: d0046a49-32af-4163-8a93-55b9c316ac59)
 - Deleted: 0

[12/May/2023:14:30:06] UPDATING ACCOUNTS (JobID: 8252eef8-a86d-4773-91e8-c7d861ec9238)
 - New and modified: 0

[12/May/2023:14:30:06] DELETING ACCOUNTS (JobID: 8252eef8-a86d-4773-91e8-c7d861ec9238)
 - Deleted: 0

[12/May/2023:14:30:46] UPDATING PRODUCTS (JobID: bc38d242-5fc7-4b66-9d64-ec24f5180aa2)
 - New and modified: 0

[12/May/2023:14:30:49] UPDATING PREPAGATI (JobID: b008c350-7266-4d44-8f76-6fb25bbcebee)
 - New and modified: 0

[12/May/2023:14:30:49] DELETING PREPAGATI (JobID: b008c350-7266-4d44-8f76-6fb25bbcebee)
 - Deleted: 0

[12/May/2023:14:50:06] UPDATING ACCOUNTS (JobID: e9854434-81f8-4f2f-bcd8-491be5a8d5b9)
 - New and modified: 0

[12/May/2023:14:50:06] DELETING ACCOUNTS (JobID: e9854434-81f8-4f2f-bcd8-491be5a8d5b9)
 - Deleted: 0

[12/May/2023:14:50:47] UPDATING PRODUCTS (JobID: 3d3ef25c-9fad-4c2f-ba7a-24248ec58602)
 - New and modified: 0

[12/May/2023:14:50:50] UPDATING PREPAGATI (JobID: 9aa2ecb7-4dba-493f-aa82-c24650c319dc)
 - New and modified: 0

[12/May/2023:14:50:50] DELETING PREPAGATI (JobID: 9aa2ecb7-4dba-493f-aa82-c24650c319dc)
 - Deleted: 0

[12/May/2023:15:10:06] UPDATING ACCOUNTS (JobID: c08f1642-ba5b-45be-9023-6d1bde60b9b5)
 - New and modified: 0

[12/May/2023:15:10:06] DELETING ACCOUNTS (JobID: c08f1642-ba5b-45be-9023-6d1bde60b9b5)
 - Deleted: 0

[12/May/2023:15:10:47] UPDATING PRODUCTS (JobID: 8e9f4a1c-c336-430a-9edb-cb51c2ce1451)
 - New and modified: 0

[12/May/2023:15:10:50] UPDATING PREPAGATI (JobID: ff4657c1-aa9a-40d6-b8a9-f5b3aa4d8115)
 - New and modified: 0

[12/May/2023:15:10:50] DELETING PREPAGATI (JobID: ff4657c1-aa9a-40d6-b8a9-f5b3aa4d8115)
 - Deleted: 0

[12/May/2023:15:30:06] UPDATING ACCOUNTS (JobID: 6e2d05f5-fd79-430d-ace9-31ab7cb92bd6)
 - New and modified: 0

[12/May/2023:15:30:06] DELETING ACCOUNTS (JobID: 6e2d05f5-fd79-430d-ace9-31ab7cb92bd6)
 - Deleted: 0

[12/May/2023:15:30:50] UPDATING PRODUCTS (JobID: fc0bf5de-84e6-46ec-b0a8-020f3902a2fe)
 - New and modified: 0

[12/May/2023:15:30:53] UPDATING PREPAGATI (JobID: 55e9cf9d-731e-4b4b-af65-cc10f649ce77)
 - New and modified: 0

[12/May/2023:15:30:53] DELETING PREPAGATI (JobID: 55e9cf9d-731e-4b4b-af65-cc10f649ce77)
 - Deleted: 0

[12/May/2023:16:00:05] UPDATING ACCOUNTS (JobID: c0b0e23e-5d91-4989-bdee-b1e7aeebb4e7)
 - New and modified: 0

[12/May/2023:16:00:05] DELETING ACCOUNTS (JobID: c0b0e23e-5d91-4989-bdee-b1e7aeebb4e7)
 - Deleted: 0

[12/May/2023:16:00:43] UPDATING PRODUCTS (JobID: c241e50f-59d2-4026-bdeb-a8d36b016e57)
 - New and modified: 0

[12/May/2023:16:00:45] UPDATING PREPAGATI (JobID: 75724577-76a1-4c2d-9e21-9013cc9f8992)
 - New and modified: 0

[12/May/2023:16:00:45] DELETING PREPAGATI (JobID: 75724577-76a1-4c2d-9e21-9013cc9f8992)
 - Deleted: 0

[12/May/2023:16:10:05] UPDATING ACCOUNTS (JobID: a3cad6a9-210b-4321-b7e0-0c0e7acf9e46)
 - New and modified: 0

[12/May/2023:16:10:05] DELETING ACCOUNTS (JobID: a3cad6a9-210b-4321-b7e0-0c0e7acf9e46)
 - Deleted: 0

[12/May/2023:16:10:45] UPDATING PRODUCTS (JobID: fe16b916-a272-4610-b724-d3f359f832e8)
 - New and modified: 0

[12/May/2023:16:10:48] UPDATING PREPAGATI (JobID: 5657ea52-c3d1-42dc-bb8f-9ed0fb082a71)
 - New and modified: 0

[12/May/2023:16:10:48] DELETING PREPAGATI (JobID: 5657ea52-c3d1-42dc-bb8f-9ed0fb082a71)
 - Deleted: 0

[12/May/2023:16:30:05] UPDATING ACCOUNTS (JobID: 5553a65f-f129-4595-8d82-f6ac918463d5)
 - New and modified: 0

[12/May/2023:16:30:05] DELETING ACCOUNTS (JobID: 5553a65f-f129-4595-8d82-f6ac918463d5)
 - Deleted: 0

[12/May/2023:16:30:49] UPDATING PRODUCTS (JobID: 805b86a9-c968-4bbf-a250-46ba339ce514)
 - New and modified: 0

[12/May/2023:16:30:53] UPDATING PREPAGATI (JobID: b38a8dac-1fdc-4db5-8214-600894928226)
 - New and modified: 0

[12/May/2023:16:30:53] DELETING PREPAGATI (JobID: b38a8dac-1fdc-4db5-8214-600894928226)
 - Deleted: 0

[12/May/2023:16:40:06] UPDATING ACCOUNTS (JobID: f6d2abbb-4ac6-48fa-9f19-4b306e832fb1)
 - New and modified: 0

[12/May/2023:16:40:06] DELETING ACCOUNTS (JobID: f6d2abbb-4ac6-48fa-9f19-4b306e832fb1)
 - Deleted: 0

[12/May/2023:16:40:48] UPDATING PRODUCTS (JobID: 838d8745-2c6c-4331-8653-42ef27c002d4)
 - New and modified: 0

[12/May/2023:16:40:51] UPDATING PREPAGATI (JobID: 92676f85-6d43-42be-ae16-9c474da09492)
 - New and modified: 0

[12/May/2023:16:40:51] DELETING PREPAGATI (JobID: 92676f85-6d43-42be-ae16-9c474da09492)
 - Deleted: 0

[12/May/2023:16:50:06] UPDATING ACCOUNTS (JobID: 72f3e090-bbf0-412e-8fa3-55d760602ab4)
 - New and modified: 0

[12/May/2023:16:50:06] DELETING ACCOUNTS (JobID: 72f3e090-bbf0-412e-8fa3-55d760602ab4)
 - Deleted: 0

[12/May/2023:16:50:52] UPDATING PRODUCTS (JobID: d56d03fb-aec4-4206-b0f0-5997c721b289)
 - New and modified: 0

[12/May/2023:16:50:55] UPDATING PREPAGATI (JobID: 79c78b12-775e-44e9-90db-18e890ebe9f3)
 - New and modified: 0

[12/May/2023:16:50:55] DELETING PREPAGATI (JobID: 79c78b12-775e-44e9-90db-18e890ebe9f3)
 - Deleted: 0

[12/May/2023:17:00:05] UPDATING ACCOUNTS (JobID: e5b38b84-b56c-4270-a523-a2ea6aba571a)
 - New and modified: 0

[12/May/2023:17:00:05] DELETING ACCOUNTS (JobID: e5b38b84-b56c-4270-a523-a2ea6aba571a)
 - Deleted: 0

[12/May/2023:17:00:47] UPDATING PRODUCTS (JobID: e7dd7ae4-dd46-4264-8eba-f46507a9ede4)
 - New and modified: 0

[12/May/2023:17:00:50] UPDATING PREPAGATI (JobID: 94b7a038-c202-4d32-aafa-472b3cba373f)
 - New and modified: 0

[12/May/2023:17:00:50] DELETING PREPAGATI (JobID: 94b7a038-c202-4d32-aafa-472b3cba373f)
 - Deleted: 0

[12/May/2023:17:10:05] UPDATING ACCOUNTS (JobID: 542c1236-8c00-43b9-9819-98e9f20fe6e7)
 - New and modified: 0

[12/May/2023:17:10:05] DELETING ACCOUNTS (JobID: 542c1236-8c00-43b9-9819-98e9f20fe6e7)
 - Deleted: 0

[12/May/2023:17:10:43] UPDATING PRODUCTS (JobID: 9d5af59c-28a3-452a-8a40-2ee897c9c267)
 - New and modified: 0

[12/May/2023:17:10:46] UPDATING PREPAGATI (JobID: 69912ab5-48e4-4b05-98fa-8cb7163ec14c)
 - New and modified: 0

[12/May/2023:17:10:46] DELETING PREPAGATI (JobID: 69912ab5-48e4-4b05-98fa-8cb7163ec14c)
 - Deleted: 0

[12/May/2023:17:30:05] UPDATING ACCOUNTS (JobID: 8e358e6a-6d48-4554-9d5d-1195f5aa8dfb)
 - New and modified: 0

[12/May/2023:17:30:05] DELETING ACCOUNTS (JobID: 8e358e6a-6d48-4554-9d5d-1195f5aa8dfb)
 - Deleted: 0

[12/May/2023:17:30:44] UPDATING PRODUCTS (JobID: 09b7d71f-2abc-44d7-bf6e-a03b9ffda505)
 - New and modified: 0

[12/May/2023:17:30:47] UPDATING PREPAGATI (JobID: 8bcb9f82-c3f2-4732-8b14-f7d4a2d9d6e0)
 - New and modified: 0

[12/May/2023:17:30:47] DELETING PREPAGATI (JobID: 8bcb9f82-c3f2-4732-8b14-f7d4a2d9d6e0)
 - Deleted: 0

[12/May/2023:18:10:06] UPDATING ACCOUNTS (JobID: 8e344534-85fc-4186-83a8-6c67db66b25a)
 - New and modified: 0

[12/May/2023:18:10:06] DELETING ACCOUNTS (JobID: 8e344534-85fc-4186-83a8-6c67db66b25a)
 - Deleted: 0

[12/May/2023:18:10:49] UPDATING PRODUCTS (JobID: 20786289-3293-405d-8fe6-b2d510611803)
 - New and modified: 0

[12/May/2023:18:10:53] UPDATING PREPAGATI (JobID: fdf59d9a-6100-401d-ac5d-3f83b854b458)
 - New and modified: 0

[12/May/2023:18:10:53] DELETING PREPAGATI (JobID: fdf59d9a-6100-401d-ac5d-3f83b854b458)
 - Deleted: 0

[12/May/2023:18:50:06] UPDATING ACCOUNTS (JobID: ad683550-7667-4063-8386-f205e3bd02d6)
 - New and modified: 0

[12/May/2023:18:50:06] DELETING ACCOUNTS (JobID: ad683550-7667-4063-8386-f205e3bd02d6)
 - Deleted: 0

[12/May/2023:18:50:47] UPDATING PRODUCTS (JobID: 9e9c0873-ba6b-4aa4-b86b-995a12c7f913)
 - New and modified: 0

[12/May/2023:18:50:51] UPDATING PREPAGATI (JobID: 5e256181-640c-40ad-8e42-dbd1a0f22e83)
 - New and modified: 0

[12/May/2023:18:50:51] DELETING PREPAGATI (JobID: 5e256181-640c-40ad-8e42-dbd1a0f22e83)
 - Deleted: 0

[12/May/2023:19:10:06] UPDATING ACCOUNTS (JobID: 0cf4cbd7-c29c-446e-bb75-b13529d60140)
 - New and modified: 0

[12/May/2023:19:10:06] DELETING ACCOUNTS (JobID: 0cf4cbd7-c29c-446e-bb75-b13529d60140)
 - Deleted: 0

[12/May/2023:19:10:52] UPDATING PRODUCTS (JobID: de182c20-5385-4bb4-bae9-35e842c07820)
 - New and modified: 0

[12/May/2023:19:10:55] UPDATING PREPAGATI (JobID: 06308461-ad70-433d-afb8-cbe19109fb0d)
 - New and modified: 0

[12/May/2023:19:10:55] DELETING PREPAGATI (JobID: 06308461-ad70-433d-afb8-cbe19109fb0d)
 - Deleted: 0

[12/May/2023:19:30:06] UPDATING ACCOUNTS (JobID: 785cef7e-7bb9-4e8a-aa15-5fe69ba79452)
 - New and modified: 0

[12/May/2023:19:30:06] DELETING ACCOUNTS (JobID: 785cef7e-7bb9-4e8a-aa15-5fe69ba79452)
 - Deleted: 0

[12/May/2023:19:30:46] UPDATING PRODUCTS (JobID: cce011c5-cd4c-4cfb-b289-89383856e946)
 - New and modified: 0

[12/May/2023:19:30:49] UPDATING PREPAGATI (JobID: 90679f6b-41bd-4ee9-bf88-5d44d2abab0d)
 - New and modified: 0

[12/May/2023:19:30:49] DELETING PREPAGATI (JobID: 90679f6b-41bd-4ee9-bf88-5d44d2abab0d)
 - Deleted: 0

[12/May/2023:20:40:06] UPDATING ACCOUNTS (JobID: 56b5814e-1844-4319-b4a5-807d7475ae00)
 - New and modified: 0

[12/May/2023:20:40:06] DELETING ACCOUNTS (JobID: 56b5814e-1844-4319-b4a5-807d7475ae00)
 - Deleted: 0

[12/May/2023:20:40:47] UPDATING PRODUCTS (JobID: cee4d91a-06a3-45d4-90b1-701f33c80952)
 - New and modified: 0

[12/May/2023:20:40:50] UPDATING PREPAGATI (JobID: 8f3d9b12-c49c-4ce2-9747-0785a3975626)
 - New and modified: 0

[12/May/2023:20:40:50] DELETING PREPAGATI (JobID: 8f3d9b12-c49c-4ce2-9747-0785a3975626)
 - Deleted: 0

[12/May/2023:21:30:07] UPDATING ACCOUNTS (JobID: bb95d1ee-b5fc-42ae-a728-788a4d08afb2)
 - New and modified: 0

[12/May/2023:21:30:07] DELETING ACCOUNTS (JobID: bb95d1ee-b5fc-42ae-a728-788a4d08afb2)
 - Deleted: 0

[12/May/2023:21:30:47] UPDATING PRODUCTS (JobID: 79ed2c86-a736-47c7-ae29-4bb8a3550cc4)
 - New and modified: 0

[12/May/2023:21:30:51] UPDATING PREPAGATI (JobID: 63932c81-3c11-4569-a6f2-c26c4b717f95)
 - New and modified: 0

[12/May/2023:21:30:51] DELETING PREPAGATI (JobID: 63932c81-3c11-4569-a6f2-c26c4b717f95)
 - Deleted: 0

[12/May/2023:21:40:05] UPDATING ACCOUNTS (JobID: 35218d9e-7330-4360-b6b1-0e6a52068505)
 - New and modified: 0

[12/May/2023:21:40:05] DELETING ACCOUNTS (JobID: 35218d9e-7330-4360-b6b1-0e6a52068505)
 - Deleted: 0

[12/May/2023:21:40:44] UPDATING PRODUCTS (JobID: c4488cb1-516b-4919-a3d3-dd190e8e0d2a)
 - New and modified: 0

[12/May/2023:21:40:48] UPDATING PREPAGATI (JobID: eb0b60b3-1142-4ff6-b026-c772cb0d8779)
 - New and modified: 0

[12/May/2023:21:40:48] DELETING PREPAGATI (JobID: eb0b60b3-1142-4ff6-b026-c772cb0d8779)
 - Deleted: 0

[12/May/2023:21:50:05] UPDATING ACCOUNTS (JobID: 37e2c2ab-49b5-4024-98f3-7cab1749d3bd)
 - New and modified: 0

[12/May/2023:21:50:05] DELETING ACCOUNTS (JobID: 37e2c2ab-49b5-4024-98f3-7cab1749d3bd)
 - Deleted: 0

[12/May/2023:21:50:43] UPDATING PRODUCTS (JobID: 6d07ebf5-a576-4816-a6bc-26cd7b4ed593)
 - New and modified: 0

[12/May/2023:21:50:46] UPDATING PREPAGATI (JobID: 62f3329c-6775-49a3-b648-9024b48fbbe9)
 - New and modified: 0

[12/May/2023:21:50:46] DELETING PREPAGATI (JobID: 62f3329c-6775-49a3-b648-9024b48fbbe9)
 - Deleted: 0

[12/May/2023:22:10:05] UPDATING ACCOUNTS (JobID: b0b74c04-7d48-4dee-a90a-80a5368dbd62)
 - New and modified: 0

[12/May/2023:22:10:05] DELETING ACCOUNTS (JobID: b0b74c04-7d48-4dee-a90a-80a5368dbd62)
 - Deleted: 0

[12/May/2023:22:10:45] UPDATING PRODUCTS (JobID: cf47de25-18c8-4aba-aa43-29a0e082adb6)
 - New and modified: 0

[12/May/2023:22:10:47] UPDATING PREPAGATI (JobID: 76a7f89f-b611-4522-b6b5-40792d8b3152)
 - New and modified: 0

[12/May/2023:22:10:47] DELETING PREPAGATI (JobID: 76a7f89f-b611-4522-b6b5-40792d8b3152)
 - Deleted: 0

[12/May/2023:22:40:05] UPDATING ACCOUNTS (JobID: c4fd93b6-b0e1-41c0-884c-65e37b125445)
 - New and modified: 0

[12/May/2023:22:40:05] DELETING ACCOUNTS (JobID: c4fd93b6-b0e1-41c0-884c-65e37b125445)
 - Deleted: 0

[12/May/2023:22:40:43] UPDATING PRODUCTS (JobID: 092d9bf1-e244-4ee4-81ce-739855ca4783)
 - New and modified: 0

[12/May/2023:22:40:46] UPDATING PREPAGATI (JobID: fc82e307-bb3b-4ca8-bf24-ea0128ae8964)
 - New and modified: 0

[12/May/2023:22:40:46] DELETING PREPAGATI (JobID: fc82e307-bb3b-4ca8-bf24-ea0128ae8964)
 - Deleted: 0

[12/May/2023:22:50:06] UPDATING ACCOUNTS (JobID: dd105fee-bafc-4cda-b592-c022573a4af3)
 - New and modified: 0

[12/May/2023:22:50:06] DELETING ACCOUNTS (JobID: dd105fee-bafc-4cda-b592-c022573a4af3)
 - Deleted: 0

[12/May/2023:22:50:45] UPDATING PRODUCTS (JobID: 588e9d68-9b31-45da-ab74-c1522db48bff)
 - New and modified: 0

[12/May/2023:22:50:48] UPDATING PREPAGATI (JobID: 0c9648bf-e8f8-43fc-b71d-066c3ac23b52)
 - New and modified: 0

[12/May/2023:22:50:48] DELETING PREPAGATI (JobID: 0c9648bf-e8f8-43fc-b71d-066c3ac23b52)
 - Deleted: 0

[12/May/2023:23:00:05] UPDATING ACCOUNTS (JobID: 89cc5d09-1552-4a04-95d9-9b009fb1a791)
 - New and modified: 0

[12/May/2023:23:00:05] DELETING ACCOUNTS (JobID: 89cc5d09-1552-4a04-95d9-9b009fb1a791)
 - Deleted: 0

[12/May/2023:23:00:43] UPDATING PRODUCTS (JobID: 56cc03b1-3675-4846-bcef-61b95e66201f)
 - New and modified: 0

[12/May/2023:23:00:46] UPDATING PREPAGATI (JobID: bbfec59d-cf54-4438-b8dc-272ec9665030)
 - New and modified: 0

[12/May/2023:23:00:46] DELETING PREPAGATI (JobID: bbfec59d-cf54-4438-b8dc-272ec9665030)
 - Deleted: 0

[12/May/2023:23:10:05] UPDATING ACCOUNTS (JobID: 656dcc6b-a79a-4676-ac90-d5692a321460)
 - New and modified: 0

[12/May/2023:23:10:05] DELETING ACCOUNTS (JobID: 656dcc6b-a79a-4676-ac90-d5692a321460)
 - Deleted: 0

[12/May/2023:23:10:44] UPDATING PRODUCTS (JobID: 4eca972a-4a8e-4735-9257-483e929a39dc)
 - New and modified: 0

[12/May/2023:23:10:47] UPDATING PREPAGATI (JobID: 45a1797b-62c5-4deb-bee1-a8385de5adb7)
 - New and modified: 0

[12/May/2023:23:10:47] DELETING PREPAGATI (JobID: 45a1797b-62c5-4deb-bee1-a8385de5adb7)
 - Deleted: 0

[12/May/2023:23:20:08] UPDATING ACCOUNTS (JobID: 379158f6-d937-4f0d-8a4d-5820bac8664c)
 - New and modified: 0

[12/May/2023:23:20:08] DELETING ACCOUNTS (JobID: 379158f6-d937-4f0d-8a4d-5820bac8664c)
 - Deleted: 0

[12/May/2023:23:20:47] UPDATING PRODUCTS (JobID: f739d335-2a28-45f7-8a72-45c946c2af72)
 - New and modified: 0

[12/May/2023:23:20:49] UPDATING PREPAGATI (JobID: 0efa66e3-49d1-45dc-86e4-619acd75d17b)
 - New and modified: 0

[12/May/2023:23:20:49] DELETING PREPAGATI (JobID: 0efa66e3-49d1-45dc-86e4-619acd75d17b)
 - Deleted: 0

