[05/Sep/2023:00:30:06] UPDATING ACCOUNTS (JobID: 5c9f4df7-e6b2-44c8-a095-70c4b7eb0adf)
 - New and modified: 0

[05/Sep/2023:00:30:06] DELETING ACCOUNTS (JobID: 5c9f4df7-e6b2-44c8-a095-70c4b7eb0adf)
 - Deleted: 0

[05/Sep/2023:00:30:24] UPDATING PRODUCTS (JobID: 69e9272d-54c0-4985-95a8-d70493d5bca1)
 - New and modified: 0

[05/Sep/2023:00:30:27] UPDATING PREPAGATI (JobID: 1361eca7-19c3-4b3c-a6a4-1a9b186d2013)
 - New and modified: 0

[05/Sep/2023:00:30:27] DELETING PREPAGATI (JobID: 1361eca7-19c3-4b3c-a6a4-1a9b186d2013)
 - Deleted: 0

[05/Sep/2023:01:30:08] UPDATING ACCOUNTS (JobID: d1bb8cdf-fe53-48cd-bf53-1284d9aaf7da)
 - New and modified: 0

[05/Sep/2023:01:30:08] DELETING ACCOUNTS (JobID: d1bb8cdf-fe53-48cd-bf53-1284d9aaf7da)
 - Deleted: 0

[05/Sep/2023:01:30:25] UPDATING PRODUCTS (JobID: d3d71d6e-8912-43bf-9ac9-83b918a39043)
 - New and modified: 0

[05/Sep/2023:01:30:28] UPDATING PREPAGATI (JobID: 597c8360-80fd-43f8-891a-280545634c6c)
 - New and modified: 0

[05/Sep/2023:01:30:28] DELETING PREPAGATI (JobID: 597c8360-80fd-43f8-891a-280545634c6c)
 - Deleted: 0

[05/Sep/2023:03:30:06] UPDATING ACCOUNTS (JobID: c5af2272-9b48-4319-a4f0-07d1216b8067)
 - New and modified: 0

[05/Sep/2023:03:30:06] DELETING ACCOUNTS (JobID: c5af2272-9b48-4319-a4f0-07d1216b8067)
 - Deleted: 0

[05/Sep/2023:03:30:22] UPDATING PRODUCTS (JobID: fc3d0a29-28e8-4ab0-a6f0-60f87d08ee0e)
 - New and modified: 0

[05/Sep/2023:03:30:24] UPDATING PREPAGATI (JobID: f24266eb-0e07-45b5-b906-a59764766a00)
 - New and modified: 0

[05/Sep/2023:03:30:24] DELETING PREPAGATI (JobID: f24266eb-0e07-45b5-b906-a59764766a00)
 - Deleted: 0

[05/Sep/2023:05:00:09] UPDATING ACCOUNTS (JobID: fa39e692-643d-4c8b-9cd3-81bb22fc2956)
 - New and modified: 0

[05/Sep/2023:05:00:09] DELETING ACCOUNTS (JobID: fa39e692-643d-4c8b-9cd3-81bb22fc2956)
 - Deleted: 0

[05/Sep/2023:05:00:26] UPDATING PRODUCTS (JobID: a3b54eca-51ba-4107-a713-5b40b816f6af)
 - New and modified: 0

[05/Sep/2023:05:00:28] UPDATING PREPAGATI (JobID: 90b45ea8-a64a-47b3-8e75-06517a764f96)
 - New and modified: 0

[05/Sep/2023:05:00:28] DELETING PREPAGATI (JobID: 90b45ea8-a64a-47b3-8e75-06517a764f96)
 - Deleted: 0

[05/Sep/2023:06:30:08] UPDATING ACCOUNTS (JobID: 2f0f2579-d669-4964-9f9b-aace29836a12)
 - New and modified: 0

[05/Sep/2023:06:30:08] DELETING ACCOUNTS (JobID: 2f0f2579-d669-4964-9f9b-aace29836a12)
 - Deleted: 0

[05/Sep/2023:06:30:26] UPDATING PRODUCTS (JobID: 7e88b471-b113-42b4-8bfb-cf76f8047e97)
 - New and modified: 0

[05/Sep/2023:06:30:29] UPDATING PREPAGATI (JobID: 7733c0ab-bc5f-4d45-8657-96c7c143a509)
 - New and modified: 0

[05/Sep/2023:06:30:29] DELETING PREPAGATI (JobID: 7733c0ab-bc5f-4d45-8657-96c7c143a509)
 - Deleted: 0

[05/Sep/2023:11:00:07] UPDATING ACCOUNTS (JobID: 91acde3b-9c01-4c85-bd5c-e62dd0d110c5)
 - New and modified: 0

[05/Sep/2023:11:00:07] DELETING ACCOUNTS (JobID: 91acde3b-9c01-4c85-bd5c-e62dd0d110c5)
 - Deleted: 0

[05/Sep/2023:11:00:26] UPDATING PRODUCTS (JobID: ee5d6ad1-1f3f-46fb-94d5-65060ef3e556)
 - New and modified: 0

[05/Sep/2023:11:00:28] UPDATING PREPAGATI (JobID: e87a35a6-1088-4660-869d-58934f476aad)
 - New and modified: 0

[05/Sep/2023:11:00:28] DELETING PREPAGATI (JobID: e87a35a6-1088-4660-869d-58934f476aad)
 - Deleted: 0

[05/Sep/2023:14:00:08] UPDATING ACCOUNTS (JobID: 51a433a0-3450-49e5-bef4-39fd89c474d6)
 - New and modified: 0

[05/Sep/2023:14:00:08] DELETING ACCOUNTS (JobID: 51a433a0-3450-49e5-bef4-39fd89c474d6)
 - Deleted: 0

[05/Sep/2023:14:00:25] UPDATING PRODUCTS (JobID: ab479ee7-a49f-4413-a2d4-f3480bf5fe37)
 - New and modified: 0

[05/Sep/2023:14:00:28] UPDATING PREPAGATI (JobID: 1e5db60b-3b6e-4019-b3a4-85df4c5154f0)
 - New and modified: 0

[05/Sep/2023:14:00:28] DELETING PREPAGATI (JobID: 1e5db60b-3b6e-4019-b3a4-85df4c5154f0)
 - Deleted: 0

[05/Sep/2023:15:00:06] UPDATING ACCOUNTS (JobID: edd8a7b7-981c-427a-b84a-5db2f7af61df)
 - New and modified: 0

[05/Sep/2023:15:00:06] DELETING ACCOUNTS (JobID: edd8a7b7-981c-427a-b84a-5db2f7af61df)
 - Deleted: 0

[05/Sep/2023:15:00:23] UPDATING PRODUCTS (JobID: b1425d83-e255-4c70-8a72-9f13f59e26e1)
 - New and modified: 0

[05/Sep/2023:15:00:27] UPDATING PREPAGATI (JobID: dba58aa3-a73a-4447-b80b-70c597dd3d3d)
 - New and modified: 0

[05/Sep/2023:15:00:27] DELETING PREPAGATI (JobID: dba58aa3-a73a-4447-b80b-70c597dd3d3d)
 - Deleted: 0

[05/Sep/2023:17:00:08] UPDATING ACCOUNTS (JobID: dbd91837-1384-4006-875a-811df1d81d0c)
 - New and modified: 0

[05/Sep/2023:17:00:08] DELETING ACCOUNTS (JobID: dbd91837-1384-4006-875a-811df1d81d0c)
 - Deleted: 0

[05/Sep/2023:17:00:23] UPDATING PRODUCTS (JobID: a0ae9b6c-edb3-4a09-8702-85a57ec2c441)
 - New and modified: 0

[05/Sep/2023:17:00:25] UPDATING PREPAGATI (JobID: 35e6e758-e21d-4a8c-ae30-30e1f018a02e)
 - New and modified: 0

[05/Sep/2023:17:00:25] DELETING PREPAGATI (JobID: 35e6e758-e21d-4a8c-ae30-30e1f018a02e)
 - Deleted: 0

[05/Sep/2023:17:30:08] UPDATING ACCOUNTS (JobID: 6b55d758-94bc-43af-a892-cb09dbf7e238)
 - New and modified: 0

[05/Sep/2023:17:30:08] DELETING ACCOUNTS (JobID: 6b55d758-94bc-43af-a892-cb09dbf7e238)
 - Deleted: 0

[05/Sep/2023:17:30:24] UPDATING PRODUCTS (JobID: e2de60e5-f42e-426a-811b-af7900a339de)
 - New and modified: 0

[05/Sep/2023:17:30:27] UPDATING PREPAGATI (JobID: e9fe0e1f-9efe-490c-acd9-ae1054384e15)
 - New and modified: 0

[05/Sep/2023:17:30:27] DELETING PREPAGATI (JobID: e9fe0e1f-9efe-490c-acd9-ae1054384e15)
 - Deleted: 0

[05/Sep/2023:19:00:21] UPDATING ACCOUNTS (JobID: e3d31d1e-6093-4bf8-8200-039bb2beee84)
 - New and modified: 0

[05/Sep/2023:19:00:21] DELETING ACCOUNTS (JobID: e3d31d1e-6093-4bf8-8200-039bb2beee84)
 - Deleted: 0

[05/Sep/2023:19:00:36] UPDATING PRODUCTS (JobID: c62e8164-54ac-4ccd-b617-262bbcbf014e)
 - New and modified: 0

[05/Sep/2023:19:00:39] UPDATING PREPAGATI (JobID: 7bb92823-47c2-4a10-b69f-16fb632c84b6)
 - New and modified: 0

[05/Sep/2023:19:00:39] DELETING PREPAGATI (JobID: 7bb92823-47c2-4a10-b69f-16fb632c84b6)
 - Deleted: 0

[05/Sep/2023:23:00:08] UPDATING ACCOUNTS (JobID: b305e75d-876d-4897-899d-866052f77858)
 - New and modified: 0

[05/Sep/2023:23:00:08] DELETING ACCOUNTS (JobID: b305e75d-876d-4897-899d-866052f77858)
 - Deleted: 0

[05/Sep/2023:23:00:24] UPDATING PRODUCTS (JobID: 01cf166c-b3b0-403f-a38a-f44aa6f97142)
 - New and modified: 0

[05/Sep/2023:23:00:27] UPDATING PREPAGATI (JobID: e6f01082-d982-4364-9284-31c6c6fcf103)
 - New and modified: 0

[05/Sep/2023:23:00:27] DELETING PREPAGATI (JobID: e6f01082-d982-4364-9284-31c6c6fcf103)
 - Deleted: 0

[05/Sep/2023:23:30:02] UPDATING ACCOUNTS (JobID: c087b42a-2b92-4938-a9c9-4c58b980bc62)
 - New and modified: 0

[05/Sep/2023:23:30:02] DELETING ACCOUNTS (JobID: c087b42a-2b92-4938-a9c9-4c58b980bc62)
 - Deleted: 0

[05/Sep/2023:23:30:18] UPDATING PRODUCTS (JobID: 220faef5-f503-407e-8bb7-48a8432d599f)
 - New and modified: 0

[05/Sep/2023:23:30:20] UPDATING PREPAGATI (JobID: d309e02e-5dc8-46f8-9fca-930ba6c0687e)
 - New and modified: 0

[05/Sep/2023:23:30:20] DELETING PREPAGATI (JobID: d309e02e-5dc8-46f8-9fca-930ba6c0687e)
 - Deleted: 0

