[20/Jun/2023:03:30:29] UPDATING ACCOUNTS (JobID: 98a4d85e-cd4b-45f6-81de-ba9111bef0c4)
 - New and modified: 0

[20/Jun/2023:03:30:29] DELETING ACCOUNTS (JobID: 98a4d85e-cd4b-45f6-81de-ba9111bef0c4)
 - Deleted: 0

[20/Jun/2023:03:31:05] UPDATING PRODUCTS (JobID: 5ca1124d-bc82-48d4-9bcb-1037cba3a21c)
 - New and modified: 13
   209745-201
   209745-2021
   920-007913
   DGS-1100-05PDV2
   DGS-1100-08PV2E
   ES-48-500W EU
   forfettario
   GS1200-5-EU0101
   MZ-77E500B/EU
   POE-48-24W-G
   UAP-AC-PRO-EU
   XX8B0CTES
   XX8B1CTES

[20/Jun/2023:03:31:13] UPDATING PREPAGATI (JobID: 1fb6eca8-cfc6-4c15-a3e0-6cdcfe3f34d5)
 - New and modified: 0

[20/Jun/2023:03:31:13] DELETING PREPAGATI (JobID: 1fb6eca8-cfc6-4c15-a3e0-6cdcfe3f34d5)
 - Deleted: 0

[20/Jun/2023:03:40:04] UPDATING ACCOUNTS (JobID: 15a6e314-f5b3-43ec-bad9-35b3e1210e69)
 - New and modified: 0

[20/Jun/2023:03:40:04] DELETING ACCOUNTS (JobID: 15a6e314-f5b3-43ec-bad9-35b3e1210e69)
 - Deleted: 0

[20/Jun/2023:03:40:37] UPDATING PRODUCTS (JobID: bd33673c-8ace-47c7-8aa5-5d52a1b4a2d2)
 - New and modified: 0

[20/Jun/2023:03:40:40] UPDATING PREPAGATI (JobID: 55626aa3-b174-430b-8976-bae81f2ff431)
 - New and modified: 0

[20/Jun/2023:03:40:40] DELETING PREPAGATI (JobID: 55626aa3-b174-430b-8976-bae81f2ff431)
 - Deleted: 0

[20/Jun/2023:03:50:04] UPDATING ACCOUNTS (JobID: bb7ad695-e139-469b-b57c-3815f9d7c0c9)
 - New and modified: 0

[20/Jun/2023:03:50:04] DELETING ACCOUNTS (JobID: bb7ad695-e139-469b-b57c-3815f9d7c0c9)
 - Deleted: 0

[20/Jun/2023:03:50:36] UPDATING PRODUCTS (JobID: 9e1393f9-9b08-474e-bca4-12dbc5696a3a)
 - New and modified: 0

[20/Jun/2023:03:50:38] UPDATING PREPAGATI (JobID: e4a4701a-3054-4975-a09e-41ad1ea0dda8)
 - New and modified: 0

[20/Jun/2023:03:50:38] DELETING PREPAGATI (JobID: e4a4701a-3054-4975-a09e-41ad1ea0dda8)
 - Deleted: 0

[20/Jun/2023:04:00:04] UPDATING ACCOUNTS (JobID: ea7b4ebd-9ed6-4354-9c69-4264b1f2768b)
 - New and modified: 0

[20/Jun/2023:04:00:04] DELETING ACCOUNTS (JobID: ea7b4ebd-9ed6-4354-9c69-4264b1f2768b)
 - Deleted: 0

[20/Jun/2023:04:00:38] UPDATING PRODUCTS (JobID: 0c765797-562c-4693-8061-9b9a0e765e8b)
 - New and modified: 0

[20/Jun/2023:04:00:39] UPDATING PREPAGATI (JobID: 19a7bfbd-7cbd-410f-af14-b648bb7aa64f)
 - New and modified: 0

[20/Jun/2023:04:00:39] DELETING PREPAGATI (JobID: 19a7bfbd-7cbd-410f-af14-b648bb7aa64f)
 - Deleted: 0

[20/Jun/2023:04:10:04] UPDATING ACCOUNTS (JobID: 9449f8be-a5d2-4a38-876f-c204c085b2bd)
 - New and modified: 0

[20/Jun/2023:04:10:04] DELETING ACCOUNTS (JobID: 9449f8be-a5d2-4a38-876f-c204c085b2bd)
 - Deleted: 0

[20/Jun/2023:04:10:37] UPDATING PRODUCTS (JobID: 753d31ed-857d-48a9-9198-2b0ecb26a397)
 - New and modified: 0

[20/Jun/2023:04:10:39] UPDATING PREPAGATI (JobID: ed02dead-5968-47a4-b105-744b14d443ef)
 - New and modified: 0

[20/Jun/2023:04:10:39] DELETING PREPAGATI (JobID: ed02dead-5968-47a4-b105-744b14d443ef)
 - Deleted: 0

[20/Jun/2023:04:20:04] UPDATING ACCOUNTS (JobID: 6228600d-4024-40ac-ad10-b24b2c1be16a)
 - New and modified: 0

[20/Jun/2023:04:20:04] DELETING ACCOUNTS (JobID: 6228600d-4024-40ac-ad10-b24b2c1be16a)
 - Deleted: 0

[20/Jun/2023:04:20:36] UPDATING PRODUCTS (JobID: e637a81e-2661-43af-9364-1a41eb79e251)
 - New and modified: 0

[20/Jun/2023:04:20:38] UPDATING PREPAGATI (JobID: 9732cb90-4bc0-45f9-813f-659dd19bd848)
 - New and modified: 0

[20/Jun/2023:04:20:38] DELETING PREPAGATI (JobID: 9732cb90-4bc0-45f9-813f-659dd19bd848)
 - Deleted: 0

[20/Jun/2023:04:30:04] UPDATING ACCOUNTS (JobID: b067647a-5751-448f-9c55-7c6f7aeb793c)
 - New and modified: 0

[20/Jun/2023:04:30:04] DELETING ACCOUNTS (JobID: b067647a-5751-448f-9c55-7c6f7aeb793c)
 - Deleted: 0

[20/Jun/2023:04:30:38] UPDATING PRODUCTS (JobID: c6ad24f0-e206-4d94-96c3-80d23bb421fe)
 - New and modified: 0

[20/Jun/2023:04:30:40] UPDATING PREPAGATI (JobID: 5ac48f64-0b10-4f18-b036-c937388b98ec)
 - New and modified: 0

[20/Jun/2023:04:30:40] DELETING PREPAGATI (JobID: 5ac48f64-0b10-4f18-b036-c937388b98ec)
 - Deleted: 0

[20/Jun/2023:04:40:05] UPDATING ACCOUNTS (JobID: c9bf79b1-8334-41b9-af4d-cba4f3a24026)
 - New and modified: 0

[20/Jun/2023:04:40:05] DELETING ACCOUNTS (JobID: c9bf79b1-8334-41b9-af4d-cba4f3a24026)
 - Deleted: 0

[20/Jun/2023:04:40:37] UPDATING PRODUCTS (JobID: 8ab4902a-fcf4-4f61-9d70-d4d422e11bb9)
 - New and modified: 0

[20/Jun/2023:04:40:38] UPDATING PREPAGATI (JobID: a3ea1736-8617-4762-8798-de875f072d08)
 - New and modified: 0

[20/Jun/2023:04:40:38] DELETING PREPAGATI (JobID: a3ea1736-8617-4762-8798-de875f072d08)
 - Deleted: 0

[20/Jun/2023:04:50:05] UPDATING ACCOUNTS (JobID: 47abffa1-5be5-4ef7-ad22-02c8de7c5cc3)
 - New and modified: 0

[20/Jun/2023:04:50:05] DELETING ACCOUNTS (JobID: 47abffa1-5be5-4ef7-ad22-02c8de7c5cc3)
 - Deleted: 0

[20/Jun/2023:04:50:38] UPDATING PRODUCTS (JobID: 0245d300-7e5e-41bf-96c9-b158d9d3ad39)
 - New and modified: 0

[20/Jun/2023:04:50:40] UPDATING PREPAGATI (JobID: a8297b14-759b-4549-85b1-6f460f2d7a65)
 - New and modified: 0

[20/Jun/2023:04:50:40] DELETING PREPAGATI (JobID: a8297b14-759b-4549-85b1-6f460f2d7a65)
 - Deleted: 0

[20/Jun/2023:05:00:04] UPDATING ACCOUNTS (JobID: 408aca83-b51b-4952-a7c0-22345d8b9538)
 - New and modified: 0

[20/Jun/2023:05:00:04] DELETING ACCOUNTS (JobID: 408aca83-b51b-4952-a7c0-22345d8b9538)
 - Deleted: 0

[20/Jun/2023:05:00:37] UPDATING PRODUCTS (JobID: bbafa626-1da0-4b8d-9fae-d9b89a36542a)
 - New and modified: 0

[20/Jun/2023:05:00:38] UPDATING PREPAGATI (JobID: bf2d7f87-0bf0-4718-9060-42266438a9e5)
 - New and modified: 0

[20/Jun/2023:05:00:38] DELETING PREPAGATI (JobID: bf2d7f87-0bf0-4718-9060-42266438a9e5)
 - Deleted: 0

[20/Jun/2023:05:10:04] UPDATING ACCOUNTS (JobID: c2a8caf0-e343-4afb-992b-cc8a7711c705)
 - New and modified: 0

[20/Jun/2023:05:10:04] DELETING ACCOUNTS (JobID: c2a8caf0-e343-4afb-992b-cc8a7711c705)
 - Deleted: 0

[20/Jun/2023:05:10:37] UPDATING PRODUCTS (JobID: 2d8f94d3-d05c-4451-9423-711aafcdb580)
 - New and modified: 0

[20/Jun/2023:05:10:39] UPDATING PREPAGATI (JobID: f46fab74-336c-4161-b6c9-416ccea3807a)
 - New and modified: 0

[20/Jun/2023:05:10:39] DELETING PREPAGATI (JobID: f46fab74-336c-4161-b6c9-416ccea3807a)
 - Deleted: 0

[20/Jun/2023:05:20:04] UPDATING ACCOUNTS (JobID: 948f84b7-3454-4e84-8c2f-43007f989f11)
 - New and modified: 0

[20/Jun/2023:05:20:04] DELETING ACCOUNTS (JobID: 948f84b7-3454-4e84-8c2f-43007f989f11)
 - Deleted: 0

[20/Jun/2023:05:20:38] UPDATING PRODUCTS (JobID: 79c26448-54a6-477c-9be6-202b0f0ced3b)
 - New and modified: 0

[20/Jun/2023:05:20:39] UPDATING PREPAGATI (JobID: e39b2664-e8e5-42de-a3f8-2eebaecbc3f7)
 - New and modified: 0

[20/Jun/2023:05:20:39] DELETING PREPAGATI (JobID: e39b2664-e8e5-42de-a3f8-2eebaecbc3f7)
 - Deleted: 0

[20/Jun/2023:05:30:05] UPDATING ACCOUNTS (JobID: 36d54553-3fc8-4402-9301-ac4119f8abbc)
 - New and modified: 0

[20/Jun/2023:05:30:05] DELETING ACCOUNTS (JobID: 36d54553-3fc8-4402-9301-ac4119f8abbc)
 - Deleted: 0

[20/Jun/2023:05:30:38] UPDATING PRODUCTS (JobID: c66efb53-93f6-4592-99e2-9033dedeac68)
 - New and modified: 0

[20/Jun/2023:05:30:40] UPDATING PREPAGATI (JobID: 1a892781-4b94-4721-bd5c-3e3749d398d8)
 - New and modified: 0

[20/Jun/2023:05:30:40] DELETING PREPAGATI (JobID: 1a892781-4b94-4721-bd5c-3e3749d398d8)
 - Deleted: 0

[20/Jun/2023:05:40:04] UPDATING ACCOUNTS (JobID: 40e1da13-e036-4ff8-b27a-5eade0ad6247)
 - New and modified: 0

[20/Jun/2023:05:40:04] DELETING ACCOUNTS (JobID: 40e1da13-e036-4ff8-b27a-5eade0ad6247)
 - Deleted: 0

[20/Jun/2023:05:40:36] UPDATING PRODUCTS (JobID: 580fa722-3feb-4b2e-895b-7465521070c1)
 - New and modified: 0

[20/Jun/2023:05:40:38] UPDATING PREPAGATI (JobID: 458d49c4-fc31-4cb2-8a83-cc0a9147a0b6)
 - New and modified: 0

[20/Jun/2023:05:40:38] DELETING PREPAGATI (JobID: 458d49c4-fc31-4cb2-8a83-cc0a9147a0b6)
 - Deleted: 0

[20/Jun/2023:05:50:04] UPDATING ACCOUNTS (JobID: 82fc79fa-17cd-4abb-a439-5bcbf635dc4b)
 - New and modified: 0

[20/Jun/2023:05:50:04] DELETING ACCOUNTS (JobID: 82fc79fa-17cd-4abb-a439-5bcbf635dc4b)
 - Deleted: 0

[20/Jun/2023:05:50:36] UPDATING PRODUCTS (JobID: ca03a179-f202-49fa-a7c1-80394a84cd7c)
 - New and modified: 0

[20/Jun/2023:05:50:38] UPDATING PREPAGATI (JobID: f3535d22-f6a9-4173-b5a6-f6d4ca359869)
 - New and modified: 0

[20/Jun/2023:05:50:38] DELETING PREPAGATI (JobID: f3535d22-f6a9-4173-b5a6-f6d4ca359869)
 - Deleted: 0

[20/Jun/2023:06:00:04] UPDATING ACCOUNTS (JobID: 2bbf71d5-deec-402c-8018-6a41c82675c8)
 - New and modified: 0

[20/Jun/2023:06:00:04] DELETING ACCOUNTS (JobID: 2bbf71d5-deec-402c-8018-6a41c82675c8)
 - Deleted: 0

[20/Jun/2023:06:00:38] UPDATING PRODUCTS (JobID: dabd5b27-01d5-46f6-9b1b-a447d5db0ebb)
 - New and modified: 0

[20/Jun/2023:06:00:40] UPDATING PREPAGATI (JobID: 0904846c-de49-454e-9813-05824a210c95)
 - New and modified: 0

[20/Jun/2023:06:00:40] DELETING PREPAGATI (JobID: 0904846c-de49-454e-9813-05824a210c95)
 - Deleted: 0

[20/Jun/2023:06:10:04] UPDATING ACCOUNTS (JobID: 025ce55e-1c85-49d2-8c6c-f09749142651)
 - New and modified: 0

[20/Jun/2023:06:10:04] DELETING ACCOUNTS (JobID: 025ce55e-1c85-49d2-8c6c-f09749142651)
 - Deleted: 0

[20/Jun/2023:06:10:37] UPDATING PRODUCTS (JobID: 9d648ad2-b73e-442a-b379-940c080ae79d)
 - New and modified: 0

[20/Jun/2023:06:10:39] UPDATING PREPAGATI (JobID: 9cb328f5-2300-4989-8da4-5638254c9564)
 - New and modified: 0

[20/Jun/2023:06:10:39] DELETING PREPAGATI (JobID: 9cb328f5-2300-4989-8da4-5638254c9564)
 - Deleted: 0

[20/Jun/2023:06:20:04] UPDATING ACCOUNTS (JobID: 807cb73c-e9c9-4d79-806c-e6316bcc9114)
 - New and modified: 0

[20/Jun/2023:06:20:04] DELETING ACCOUNTS (JobID: 807cb73c-e9c9-4d79-806c-e6316bcc9114)
 - Deleted: 0

[20/Jun/2023:06:20:37] UPDATING PRODUCTS (JobID: 100845bf-87e8-4fdf-ad8f-4707c198c951)
 - New and modified: 0

[20/Jun/2023:06:20:39] UPDATING PREPAGATI (JobID: 5f275f8a-097f-415e-bbf7-56a4fb551c5a)
 - New and modified: 0

[20/Jun/2023:06:20:39] DELETING PREPAGATI (JobID: 5f275f8a-097f-415e-bbf7-56a4fb551c5a)
 - Deleted: 0

[20/Jun/2023:06:30:04] UPDATING ACCOUNTS (JobID: ab8901d0-7e15-43c5-bb5d-49dce37a2bb6)
 - New and modified: 0

[20/Jun/2023:06:30:04] DELETING ACCOUNTS (JobID: ab8901d0-7e15-43c5-bb5d-49dce37a2bb6)
 - Deleted: 0

[20/Jun/2023:06:30:36] UPDATING PRODUCTS (JobID: 85e14d60-d1f9-4f99-bc61-80f55558e784)
 - New and modified: 0

[20/Jun/2023:06:30:38] UPDATING PREPAGATI (JobID: b4e7160a-98cf-46ab-a9f3-1111180d4ec0)
 - New and modified: 0

[20/Jun/2023:06:30:38] DELETING PREPAGATI (JobID: b4e7160a-98cf-46ab-a9f3-1111180d4ec0)
 - Deleted: 0

[20/Jun/2023:06:40:05] UPDATING ACCOUNTS (JobID: 718488d4-864c-4e7f-be35-a8f8506045da)
 - New and modified: 0

[20/Jun/2023:06:40:05] DELETING ACCOUNTS (JobID: 718488d4-864c-4e7f-be35-a8f8506045da)
 - Deleted: 0

[20/Jun/2023:06:40:35] UPDATING PRODUCTS (JobID: 410ad4a7-30aa-4a80-9893-f8ff28233f7b)
 - New and modified: 0

[20/Jun/2023:06:40:36] UPDATING PREPAGATI (JobID: 713c2c7e-cd6f-4e8f-9938-4392c75ec875)
 - New and modified: 0

[20/Jun/2023:06:40:36] DELETING PREPAGATI (JobID: 713c2c7e-cd6f-4e8f-9938-4392c75ec875)
 - Deleted: 0

[20/Jun/2023:07:00:15] UPDATING ACCOUNTS (JobID: 1f25922b-1306-40fa-8b41-87a0385ecce5)
 - New and modified: 0

[20/Jun/2023:07:00:15] DELETING ACCOUNTS (JobID: 1f25922b-1306-40fa-8b41-87a0385ecce5)
 - Deleted: 0

[20/Jun/2023:07:00:47] UPDATING PRODUCTS (JobID: 097cad7e-a20a-4d17-99cd-e49ca176f6fd)
 - New and modified: 0

[20/Jun/2023:07:00:49] UPDATING PREPAGATI (JobID: dc5376f0-2303-46fc-a834-bdaa7b8a8873)
 - New and modified: 0

[20/Jun/2023:07:00:49] DELETING PREPAGATI (JobID: dc5376f0-2303-46fc-a834-bdaa7b8a8873)
 - Deleted: 0

[20/Jun/2023:07:10:04] UPDATING ACCOUNTS (JobID: 6f46ada0-c37f-4bf2-8fb1-892d8fc3ec59)
 - New and modified: 0

[20/Jun/2023:07:10:04] DELETING ACCOUNTS (JobID: 6f46ada0-c37f-4bf2-8fb1-892d8fc3ec59)
 - Deleted: 0

[20/Jun/2023:07:10:38] UPDATING PRODUCTS (JobID: 415cd321-7c3b-442b-b6a4-a2b8fcfaa802)
 - New and modified: 0

[20/Jun/2023:07:10:40] UPDATING PREPAGATI (JobID: 4a747e7d-ed93-4451-8599-11db901fecc6)
 - New and modified: 0

[20/Jun/2023:07:10:40] DELETING PREPAGATI (JobID: 4a747e7d-ed93-4451-8599-11db901fecc6)
 - Deleted: 0

[20/Jun/2023:07:20:04] UPDATING ACCOUNTS (JobID: b948d9a3-8bc3-476c-b8e8-ebfa106e489c)
 - New and modified: 0

[20/Jun/2023:07:20:04] DELETING ACCOUNTS (JobID: b948d9a3-8bc3-476c-b8e8-ebfa106e489c)
 - Deleted: 0

[20/Jun/2023:07:20:37] UPDATING PRODUCTS (JobID: 1b92c50f-b07e-4449-ae68-4527c4dd8efe)
 - New and modified: 0

[20/Jun/2023:07:20:39] UPDATING PREPAGATI (JobID: f74b5cf2-697a-4e32-87ba-a0b3e5464da7)
 - New and modified: 0

[20/Jun/2023:07:20:39] DELETING PREPAGATI (JobID: f74b5cf2-697a-4e32-87ba-a0b3e5464da7)
 - Deleted: 0

[20/Jun/2023:07:30:04] UPDATING ACCOUNTS (JobID: efd32d70-3698-44e9-b0ec-fbb2586f15e4)
 - New and modified: 0

[20/Jun/2023:07:30:04] DELETING ACCOUNTS (JobID: efd32d70-3698-44e9-b0ec-fbb2586f15e4)
 - Deleted: 0

[20/Jun/2023:07:30:39] UPDATING PRODUCTS (JobID: c3068817-2602-4e19-a43a-be335d652283)
 - New and modified: 0

[20/Jun/2023:07:30:41] UPDATING PREPAGATI (JobID: e46e391d-b69c-48d2-9cf4-6c44c3744325)
 - New and modified: 0

[20/Jun/2023:07:30:41] DELETING PREPAGATI (JobID: e46e391d-b69c-48d2-9cf4-6c44c3744325)
 - Deleted: 0

[20/Jun/2023:07:40:04] UPDATING ACCOUNTS (JobID: 3c5abfbb-63c9-4280-8232-04ffb51855d6)
 - New and modified: 0

[20/Jun/2023:07:40:04] DELETING ACCOUNTS (JobID: 3c5abfbb-63c9-4280-8232-04ffb51855d6)
 - Deleted: 0

[20/Jun/2023:07:40:37] UPDATING PRODUCTS (JobID: 17e4f465-74d1-410a-934f-99d29c8deb8f)
 - New and modified: 0

[20/Jun/2023:07:40:39] UPDATING PREPAGATI (JobID: 0b7e6921-14da-4878-93fd-248e0b16c307)
 - New and modified: 0

[20/Jun/2023:07:40:39] DELETING PREPAGATI (JobID: 0b7e6921-14da-4878-93fd-248e0b16c307)
 - Deleted: 0

[20/Jun/2023:07:50:04] UPDATING ACCOUNTS (JobID: 2f04b32d-d4f9-4a2c-a111-0e3f58e47d16)
 - New and modified: 0

[20/Jun/2023:07:50:04] DELETING ACCOUNTS (JobID: 2f04b32d-d4f9-4a2c-a111-0e3f58e47d16)
 - Deleted: 0

[20/Jun/2023:07:50:39] UPDATING PRODUCTS (JobID: e6862cd8-b7b4-4179-8806-e7a8e4a929e6)
 - New and modified: 0

[20/Jun/2023:07:50:41] UPDATING PREPAGATI (JobID: fbb4100c-7538-425e-869b-30a9413fc12e)
 - New and modified: 0

[20/Jun/2023:07:50:41] DELETING PREPAGATI (JobID: fbb4100c-7538-425e-869b-30a9413fc12e)
 - Deleted: 0

[20/Jun/2023:08:00:04] UPDATING ACCOUNTS (JobID: b10a2e35-febb-40c2-9e60-9820b9fad88f)
 - New and modified: 0

[20/Jun/2023:08:00:04] DELETING ACCOUNTS (JobID: b10a2e35-febb-40c2-9e60-9820b9fad88f)
 - Deleted: 0

[20/Jun/2023:08:00:39] UPDATING PRODUCTS (JobID: dd0827d7-9f26-4acd-a6e4-ce4bb5f618eb)
 - New and modified: 0

[20/Jun/2023:08:00:41] UPDATING PREPAGATI (JobID: 244cfad6-08dd-4a80-b386-a0c3ba66792f)
 - New and modified: 0

[20/Jun/2023:08:00:41] DELETING PREPAGATI (JobID: 244cfad6-08dd-4a80-b386-a0c3ba66792f)
 - Deleted: 0

[20/Jun/2023:08:10:04] UPDATING ACCOUNTS (JobID: 85809b2c-b829-4499-b0f6-102bb3911686)
 - New and modified: 0

[20/Jun/2023:08:10:04] DELETING ACCOUNTS (JobID: 85809b2c-b829-4499-b0f6-102bb3911686)
 - Deleted: 0

[20/Jun/2023:08:10:38] UPDATING PRODUCTS (JobID: 078f92a8-6d47-4772-b486-0f70977b2e58)
 - New and modified: 0

[20/Jun/2023:08:10:40] UPDATING PREPAGATI (JobID: e484d159-1b93-4dc9-b4c4-afade607b831)
 - New and modified: 0

[20/Jun/2023:08:10:40] DELETING PREPAGATI (JobID: e484d159-1b93-4dc9-b4c4-afade607b831)
 - Deleted: 0

[20/Jun/2023:08:20:04] UPDATING ACCOUNTS (JobID: 4b43589a-e75c-4221-bd25-65a42814a947)
 - New and modified: 0

[20/Jun/2023:08:20:04] DELETING ACCOUNTS (JobID: 4b43589a-e75c-4221-bd25-65a42814a947)
 - Deleted: 0

[20/Jun/2023:08:20:35] UPDATING PRODUCTS (JobID: f415d3fc-27ac-4471-8a78-adcd99f9aaef)
 - New and modified: 0

[20/Jun/2023:08:20:37] UPDATING PREPAGATI (JobID: 55230ed3-5c06-41a2-9035-1eed965579c1)
 - New and modified: 0

[20/Jun/2023:08:20:37] DELETING PREPAGATI (JobID: 55230ed3-5c06-41a2-9035-1eed965579c1)
 - Deleted: 0

[20/Jun/2023:08:50:08] UPDATING ACCOUNTS (JobID: 8f1fbc5d-9dae-4a18-bea1-efe4cdf25165)
 - New and modified: 0

[20/Jun/2023:08:50:08] DELETING ACCOUNTS (JobID: 8f1fbc5d-9dae-4a18-bea1-efe4cdf25165)
 - Deleted: 0

[20/Jun/2023:08:50:37] UPDATING PRODUCTS (JobID: 40f45848-ef78-4c2d-96fe-e528b9329cf8)
 - New and modified: 0

[20/Jun/2023:08:50:40] UPDATING PREPAGATI (JobID: 4202398d-102a-44d8-8cac-bd75b46b5cc0)
 - New and modified: 0

[20/Jun/2023:08:50:40] DELETING PREPAGATI (JobID: 4202398d-102a-44d8-8cac-bd75b46b5cc0)
 - Deleted: 0

[20/Jun/2023:09:00:04] UPDATING ACCOUNTS (JobID: ae8bb540-686b-49f8-862a-ea46f6a7e9e1)
 - New and modified: 0

[20/Jun/2023:09:00:04] DELETING ACCOUNTS (JobID: ae8bb540-686b-49f8-862a-ea46f6a7e9e1)
 - Deleted: 0

[20/Jun/2023:09:00:35] UPDATING PRODUCTS (JobID: 38567da6-70d2-4f45-bfe4-94a92517f4ba)
 - New and modified: 0

[20/Jun/2023:09:00:37] UPDATING PREPAGATI (JobID: fa99d3d1-3d97-46bd-aac8-c0aba76e236d)
 - New and modified: 0

[20/Jun/2023:09:00:37] DELETING PREPAGATI (JobID: fa99d3d1-3d97-46bd-aac8-c0aba76e236d)
 - Deleted: 0

[20/Jun/2023:09:10:04] UPDATING ACCOUNTS (JobID: 2bc108da-ee17-4295-aadb-d3bda5f5ac62)
 - New and modified: 0

[20/Jun/2023:09:10:04] DELETING ACCOUNTS (JobID: 2bc108da-ee17-4295-aadb-d3bda5f5ac62)
 - Deleted: 0

[20/Jun/2023:09:10:37] UPDATING PRODUCTS (JobID: c6561e27-c61b-4895-9d73-4db49245f60b)
 - New and modified: 0

[20/Jun/2023:09:10:39] UPDATING PREPAGATI (JobID: 14d2bb2f-8f7c-474d-849b-7e2f8b0dcd22)
 - New and modified: 0

[20/Jun/2023:09:10:39] DELETING PREPAGATI (JobID: 14d2bb2f-8f7c-474d-849b-7e2f8b0dcd22)
 - Deleted: 0

[20/Jun/2023:09:20:04] UPDATING ACCOUNTS (JobID: b912e265-f177-470b-b7a3-a4303c1a06f7)
 - New and modified: 0

[20/Jun/2023:09:20:04] DELETING ACCOUNTS (JobID: b912e265-f177-470b-b7a3-a4303c1a06f7)
 - Deleted: 0

[20/Jun/2023:09:20:35] UPDATING PRODUCTS (JobID: 7feb7c6a-c9ed-46a6-aa90-fa1cf8bdc08f)
 - New and modified: 0

[20/Jun/2023:09:20:37] UPDATING PREPAGATI (JobID: 7ac94cd5-7dd3-44f7-8e2c-c78eda87a2bf)
 - New and modified: 0

[20/Jun/2023:09:20:37] DELETING PREPAGATI (JobID: 7ac94cd5-7dd3-44f7-8e2c-c78eda87a2bf)
 - Deleted: 0

[20/Jun/2023:09:30:04] UPDATING ACCOUNTS (JobID: 43670641-4c02-4122-b76b-86ecf79074c9)
 - New and modified: 0

[20/Jun/2023:09:30:04] DELETING ACCOUNTS (JobID: 43670641-4c02-4122-b76b-86ecf79074c9)
 - Deleted: 0

[20/Jun/2023:09:30:35] UPDATING PRODUCTS (JobID: 7c6a46ce-8e2a-424f-8960-7040b1a6e569)
 - New and modified: 0

[20/Jun/2023:09:30:37] UPDATING PREPAGATI (JobID: 0f12428d-e483-4852-bd25-0e4474ada330)
 - New and modified: 0

[20/Jun/2023:09:30:37] DELETING PREPAGATI (JobID: 0f12428d-e483-4852-bd25-0e4474ada330)
 - Deleted: 0

[20/Jun/2023:09:40:04] UPDATING ACCOUNTS (JobID: d1cc5b35-3fa8-41ca-9358-67403619c37a)
 - New and modified: 0

[20/Jun/2023:09:40:04] DELETING ACCOUNTS (JobID: d1cc5b35-3fa8-41ca-9358-67403619c37a)
 - Deleted: 0

[20/Jun/2023:09:40:34] UPDATING PRODUCTS (JobID: 8cc84ced-51df-45af-82b7-6c75bfc4968b)
 - New and modified: 0

[20/Jun/2023:09:40:36] UPDATING PREPAGATI (JobID: 5fd39638-c29d-4f77-ad74-cc7d60afdece)
 - New and modified: 0

[20/Jun/2023:09:40:36] DELETING PREPAGATI (JobID: 5fd39638-c29d-4f77-ad74-cc7d60afdece)
 - Deleted: 0

[20/Jun/2023:09:50:04] UPDATING ACCOUNTS (JobID: aa44bb91-9dd0-49e3-bc2e-9b3a31668f24)
 - New and modified: 0

[20/Jun/2023:09:50:04] DELETING ACCOUNTS (JobID: aa44bb91-9dd0-49e3-bc2e-9b3a31668f24)
 - Deleted: 0

[20/Jun/2023:09:50:33] UPDATING PRODUCTS (JobID: 76d4510f-b8cf-473c-9819-e6d20ff07303)
 - New and modified: 0

[20/Jun/2023:09:50:35] UPDATING PREPAGATI (JobID: d0dc24ee-8559-4171-b793-da5053cc671b)
 - New and modified: 0

[20/Jun/2023:09:50:35] DELETING PREPAGATI (JobID: d0dc24ee-8559-4171-b793-da5053cc671b)
 - Deleted: 0

[20/Jun/2023:10:00:04] UPDATING ACCOUNTS (JobID: a8c1b8be-32b9-4b93-8901-f2f0bafe7a52)
 - New and modified: 0

[20/Jun/2023:10:00:04] DELETING ACCOUNTS (JobID: a8c1b8be-32b9-4b93-8901-f2f0bafe7a52)
 - Deleted: 0

[20/Jun/2023:10:00:36] UPDATING PRODUCTS (JobID: c4e7ac34-6c17-4f89-be9b-ebff8cfd5c34)
 - New and modified: 0

[20/Jun/2023:10:00:38] UPDATING PREPAGATI (JobID: c4e52959-0e0a-4038-956e-fd487bc5efe0)
 - New and modified: 0

[20/Jun/2023:10:00:38] DELETING PREPAGATI (JobID: c4e52959-0e0a-4038-956e-fd487bc5efe0)
 - Deleted: 0

[20/Jun/2023:10:10:04] UPDATING ACCOUNTS (JobID: ab657d94-99a2-46c7-b02c-896f988d5ed1)
 - New and modified: 0

[20/Jun/2023:10:10:04] DELETING ACCOUNTS (JobID: ab657d94-99a2-46c7-b02c-896f988d5ed1)
 - Deleted: 0

[20/Jun/2023:10:10:36] UPDATING PRODUCTS (JobID: 420105dd-e35c-487b-83e6-6602fe08985d)
 - New and modified: 0

[20/Jun/2023:10:10:38] UPDATING PREPAGATI (JobID: eac27b16-1d54-4d41-9db3-c73c83fb02ec)
 - New and modified: 0

[20/Jun/2023:10:10:38] DELETING PREPAGATI (JobID: eac27b16-1d54-4d41-9db3-c73c83fb02ec)
 - Deleted: 0

[20/Jun/2023:10:20:04] UPDATING ACCOUNTS (JobID: 4f78e9dd-8f0a-43e1-8c5c-a2b4be852490)
 - New and modified: 0

[20/Jun/2023:10:20:04] DELETING ACCOUNTS (JobID: 4f78e9dd-8f0a-43e1-8c5c-a2b4be852490)
 - Deleted: 0

[20/Jun/2023:10:20:38] UPDATING PRODUCTS (JobID: 9361772e-0573-475b-b9b9-f2a488f01bf8)
 - New and modified: 0

[20/Jun/2023:10:20:40] UPDATING PREPAGATI (JobID: 00ab5595-3b61-4dac-8716-65aee01e308d)
 - New and modified: 0

[20/Jun/2023:10:20:40] DELETING PREPAGATI (JobID: 00ab5595-3b61-4dac-8716-65aee01e308d)
 - Deleted: 0

[20/Jun/2023:10:30:04] UPDATING ACCOUNTS (JobID: 18a4014b-4704-4fd6-a095-bbd0b15a0934)
 - New and modified: 0

[20/Jun/2023:10:30:04] DELETING ACCOUNTS (JobID: 18a4014b-4704-4fd6-a095-bbd0b15a0934)
 - Deleted: 0

[20/Jun/2023:10:30:36] UPDATING PRODUCTS (JobID: a54efadd-64b2-4fea-adc1-7002faf8a033)
 - New and modified: 0

[20/Jun/2023:10:30:38] UPDATING PREPAGATI (JobID: dd1d6e17-bb9c-4ac6-a249-d0a722cc4a68)
 - New and modified: 0

[20/Jun/2023:10:30:38] DELETING PREPAGATI (JobID: dd1d6e17-bb9c-4ac6-a249-d0a722cc4a68)
 - Deleted: 0

[20/Jun/2023:10:40:04] UPDATING ACCOUNTS (JobID: 655002a4-fd9f-400a-a2a0-a4f6fc6cd180)
 - New and modified: 0

[20/Jun/2023:10:40:04] DELETING ACCOUNTS (JobID: 655002a4-fd9f-400a-a2a0-a4f6fc6cd180)
 - Deleted: 0

[20/Jun/2023:10:40:36] UPDATING PRODUCTS (JobID: 2ccd8c19-d80d-4d74-bb85-ba73c6aca2d2)
 - New and modified: 0

[20/Jun/2023:10:40:38] UPDATING PREPAGATI (JobID: e86732ae-03a3-4000-bb05-fb5db145e6b6)
 - New and modified: 0

[20/Jun/2023:10:40:38] DELETING PREPAGATI (JobID: e86732ae-03a3-4000-bb05-fb5db145e6b6)
 - Deleted: 0

[20/Jun/2023:10:50:04] UPDATING ACCOUNTS (JobID: dfa2a0dc-115d-47e3-81ae-ca4e2b084ecb)
 - New and modified: 0

[20/Jun/2023:10:50:04] DELETING ACCOUNTS (JobID: dfa2a0dc-115d-47e3-81ae-ca4e2b084ecb)
 - Deleted: 0

[20/Jun/2023:10:50:35] UPDATING PRODUCTS (JobID: 72d383d8-2870-47c9-ae8d-b9be6b6db680)
 - New and modified: 0

[20/Jun/2023:10:50:37] UPDATING PREPAGATI (JobID: 6ae73efb-32dd-4e6f-80e8-43926f69cefa)
 - New and modified: 0

[20/Jun/2023:10:50:37] DELETING PREPAGATI (JobID: 6ae73efb-32dd-4e6f-80e8-43926f69cefa)
 - Deleted: 0

[20/Jun/2023:11:00:04] UPDATING ACCOUNTS (JobID: c70f089e-0142-41fa-86c6-8dfd9139c9f8)
 - New and modified: 0

[20/Jun/2023:11:00:04] DELETING ACCOUNTS (JobID: c70f089e-0142-41fa-86c6-8dfd9139c9f8)
 - Deleted: 0

[20/Jun/2023:11:00:35] UPDATING PRODUCTS (JobID: 29e86ef5-e4c0-4a51-8087-e569663e3803)
 - New and modified: 0

[20/Jun/2023:11:00:37] UPDATING PREPAGATI (JobID: fa79635c-70bf-413f-9a04-1f8b8bbab79b)
 - New and modified: 0

[20/Jun/2023:11:00:37] DELETING PREPAGATI (JobID: fa79635c-70bf-413f-9a04-1f8b8bbab79b)
 - Deleted: 0

[20/Jun/2023:11:10:05] UPDATING ACCOUNTS (JobID: 483590e8-6e76-4787-9683-4e6cf3ba83a3)
 - New and modified: 0

[20/Jun/2023:11:10:05] DELETING ACCOUNTS (JobID: 483590e8-6e76-4787-9683-4e6cf3ba83a3)
 - Deleted: 0

[20/Jun/2023:11:10:39] UPDATING PRODUCTS (JobID: 9d445f08-8b8c-44ff-b518-db85e2545cbc)
 - New and modified: 0

[20/Jun/2023:11:10:40] UPDATING PREPAGATI (JobID: f50aee8d-9c02-429d-8b67-9b178020453e)
 - New and modified: 0

[20/Jun/2023:11:10:40] DELETING PREPAGATI (JobID: f50aee8d-9c02-429d-8b67-9b178020453e)
 - Deleted: 0

[20/Jun/2023:11:20:04] UPDATING ACCOUNTS (JobID: dd669d12-7ebe-445b-91c5-900820cbb169)
 - New and modified: 0

[20/Jun/2023:11:20:04] DELETING ACCOUNTS (JobID: dd669d12-7ebe-445b-91c5-900820cbb169)
 - Deleted: 0

[20/Jun/2023:11:20:36] UPDATING PRODUCTS (JobID: c41ebd53-09a9-4c6a-9c0d-93ef1834db15)
 - New and modified: 0

[20/Jun/2023:11:20:38] UPDATING PREPAGATI (JobID: 727bf5f7-887e-4a9e-91fe-a2ee863a1cc6)
 - New and modified: 0

[20/Jun/2023:11:20:38] DELETING PREPAGATI (JobID: 727bf5f7-887e-4a9e-91fe-a2ee863a1cc6)
 - Deleted: 0

[20/Jun/2023:11:30:04] UPDATING ACCOUNTS (JobID: c51bf330-2188-454e-b771-ce31a732a632)
 - New and modified: 0

[20/Jun/2023:11:30:04] DELETING ACCOUNTS (JobID: c51bf330-2188-454e-b771-ce31a732a632)
 - Deleted: 0

[20/Jun/2023:11:30:37] UPDATING PRODUCTS (JobID: e18d9e01-1476-4cca-970d-5ff805bfe808)
 - New and modified: 0

[20/Jun/2023:11:30:39] UPDATING PREPAGATI (JobID: 6ac192a3-4211-43c8-81aa-ab69eb1c5f4d)
 - New and modified: 0

[20/Jun/2023:11:30:39] DELETING PREPAGATI (JobID: 6ac192a3-4211-43c8-81aa-ab69eb1c5f4d)
 - Deleted: 0

[20/Jun/2023:11:40:04] UPDATING ACCOUNTS (JobID: 1a7da47c-21ab-41dc-8c27-917a5277cd09)
 - New and modified: 0

[20/Jun/2023:11:40:04] DELETING ACCOUNTS (JobID: 1a7da47c-21ab-41dc-8c27-917a5277cd09)
 - Deleted: 0

[20/Jun/2023:11:40:35] UPDATING PRODUCTS (JobID: 09402326-b7a8-49ff-9fb2-310724bdd363)
 - New and modified: 0

[20/Jun/2023:11:40:37] UPDATING PREPAGATI (JobID: f3a34bdd-57c0-4115-8b84-fc36b4921c23)
 - New and modified: 0

[20/Jun/2023:11:40:37] DELETING PREPAGATI (JobID: f3a34bdd-57c0-4115-8b84-fc36b4921c23)
 - Deleted: 0

[20/Jun/2023:11:50:04] UPDATING ACCOUNTS (JobID: eca77b20-d1f0-4a16-808c-34a7bb3582a6)
 - New and modified: 0

[20/Jun/2023:11:50:04] DELETING ACCOUNTS (JobID: eca77b20-d1f0-4a16-808c-34a7bb3582a6)
 - Deleted: 0

[20/Jun/2023:11:50:35] UPDATING PRODUCTS (JobID: 3c08df50-b686-41b2-a573-f3597cacf365)
 - New and modified: 0

[20/Jun/2023:11:50:37] UPDATING PREPAGATI (JobID: 03d429bd-ee3b-4692-a369-f822da9156bf)
 - New and modified: 0

[20/Jun/2023:11:50:37] DELETING PREPAGATI (JobID: 03d429bd-ee3b-4692-a369-f822da9156bf)
 - Deleted: 0

[20/Jun/2023:12:00:04] UPDATING ACCOUNTS (JobID: ac617cba-cedb-4614-941d-4797037706ac)
 - New and modified: 0

[20/Jun/2023:12:00:04] DELETING ACCOUNTS (JobID: ac617cba-cedb-4614-941d-4797037706ac)
 - Deleted: 0

[20/Jun/2023:12:00:38] UPDATING PRODUCTS (JobID: 6b1faa25-8945-4695-9eb2-e98a0bec3879)
 - New and modified: 0

[20/Jun/2023:12:00:46] UPDATING PREPAGATI (JobID: aff9b33e-9d75-46b6-aebd-5b433ee81660)
 - New and modified: 0

[20/Jun/2023:12:00:46] DELETING PREPAGATI (JobID: aff9b33e-9d75-46b6-aebd-5b433ee81660)
 - Deleted: 0

[20/Jun/2023:12:10:04] UPDATING ACCOUNTS (JobID: 1165ce63-fe25-457a-8287-bab4ecc842f8)
 - New and modified: 0

[20/Jun/2023:12:10:04] DELETING ACCOUNTS (JobID: 1165ce63-fe25-457a-8287-bab4ecc842f8)
 - Deleted: 0

[20/Jun/2023:12:10:38] UPDATING PRODUCTS (JobID: 78607b2e-0c2f-4cde-af41-690794352357)
 - New and modified: 0

[20/Jun/2023:12:10:40] UPDATING PREPAGATI (JobID: e57927cc-70e1-447e-8fd7-a0176767e92e)
 - New and modified: 0

[20/Jun/2023:12:10:40] DELETING PREPAGATI (JobID: e57927cc-70e1-447e-8fd7-a0176767e92e)
 - Deleted: 0

[20/Jun/2023:12:20:05] UPDATING ACCOUNTS (JobID: 65d28f53-0c18-4246-9f7a-66c8c6de3a12)
 - New and modified: 0

[20/Jun/2023:12:20:05] DELETING ACCOUNTS (JobID: 65d28f53-0c18-4246-9f7a-66c8c6de3a12)
 - Deleted: 0

[20/Jun/2023:12:20:39] UPDATING PRODUCTS (JobID: 59e50e8a-8954-40f0-83b3-93dff8a6115d)
 - New and modified: 0

[20/Jun/2023:12:20:41] UPDATING PREPAGATI (JobID: babc333e-51a4-492f-a9df-eb012029ef76)
 - New and modified: 0

[20/Jun/2023:12:20:41] DELETING PREPAGATI (JobID: babc333e-51a4-492f-a9df-eb012029ef76)
 - Deleted: 0

[20/Jun/2023:12:30:04] UPDATING ACCOUNTS (JobID: 52c9bc13-7fca-417c-bf01-98ab8156ffd2)
 - New and modified: 0

[20/Jun/2023:12:30:04] DELETING ACCOUNTS (JobID: 52c9bc13-7fca-417c-bf01-98ab8156ffd2)
 - Deleted: 0

[20/Jun/2023:12:30:35] UPDATING PRODUCTS (JobID: fdcdf6be-12ff-44f6-b2ce-ba1e9cfc79c2)
 - New and modified: 0

[20/Jun/2023:12:30:37] UPDATING PREPAGATI (JobID: 65a9273d-c5d3-4bb0-bbcc-41dc8a1b8ad4)
 - New and modified: 0

[20/Jun/2023:12:30:37] DELETING PREPAGATI (JobID: 65a9273d-c5d3-4bb0-bbcc-41dc8a1b8ad4)
 - Deleted: 0

[20/Jun/2023:12:40:04] UPDATING ACCOUNTS (JobID: 8479acb7-4c7c-4b20-b969-b075efc3393c)
 - New and modified: 0

[20/Jun/2023:12:40:04] DELETING ACCOUNTS (JobID: 8479acb7-4c7c-4b20-b969-b075efc3393c)
 - Deleted: 0

[20/Jun/2023:12:40:34] UPDATING PRODUCTS (JobID: 4d847ade-ed7b-4254-b5c1-d3f2867ff496)
 - New and modified: 0

[20/Jun/2023:12:40:36] UPDATING PREPAGATI (JobID: d3ea05a2-1c52-48b2-a51b-a712414fe15b)
 - New and modified: 0

[20/Jun/2023:12:40:36] DELETING PREPAGATI (JobID: d3ea05a2-1c52-48b2-a51b-a712414fe15b)
 - Deleted: 0

[20/Jun/2023:12:50:04] UPDATING ACCOUNTS (JobID: a280f64e-658b-4d55-9365-36b2e39a8ed3)
 - New and modified: 0

[20/Jun/2023:12:50:04] DELETING ACCOUNTS (JobID: a280f64e-658b-4d55-9365-36b2e39a8ed3)
 - Deleted: 0

[20/Jun/2023:12:50:34] UPDATING PRODUCTS (JobID: 81cb73ca-2273-463c-8fb1-d964726e4bd0)
 - New and modified: 0

[20/Jun/2023:12:50:36] UPDATING PREPAGATI (JobID: beecd74b-0a5e-4971-949c-0343ffb8bfc5)
 - New and modified: 0

[20/Jun/2023:12:50:36] DELETING PREPAGATI (JobID: beecd74b-0a5e-4971-949c-0343ffb8bfc5)
 - Deleted: 0

[20/Jun/2023:13:00:04] UPDATING ACCOUNTS (JobID: 5ec9dcf5-2c66-4195-8f49-519ac6f33598)
 - New and modified: 0

[20/Jun/2023:13:00:04] DELETING ACCOUNTS (JobID: 5ec9dcf5-2c66-4195-8f49-519ac6f33598)
 - Deleted: 0

[20/Jun/2023:13:00:36] UPDATING PRODUCTS (JobID: 627f3dad-427c-4a4c-9fc9-ba93529025d2)
 - New and modified: 0

[20/Jun/2023:13:00:37] UPDATING PREPAGATI (JobID: fbe53dbb-172f-4bde-86b9-4465a5cbd343)
 - New and modified: 0

[20/Jun/2023:13:00:37] DELETING PREPAGATI (JobID: fbe53dbb-172f-4bde-86b9-4465a5cbd343)
 - Deleted: 0

[20/Jun/2023:13:10:04] UPDATING ACCOUNTS (JobID: b5f30dba-618f-4822-bb5e-0bfbdb4fcad2)
 - New and modified: 0

[20/Jun/2023:13:10:04] DELETING ACCOUNTS (JobID: b5f30dba-618f-4822-bb5e-0bfbdb4fcad2)
 - Deleted: 0

[20/Jun/2023:13:10:36] UPDATING PRODUCTS (JobID: 41e20a76-5941-4102-8682-c1653702349e)
 - New and modified: 0

[20/Jun/2023:13:10:38] UPDATING PREPAGATI (JobID: 0dee43ec-59a8-4ef8-aaef-9cb0f98e61ae)
 - New and modified: 0

[20/Jun/2023:13:10:38] DELETING PREPAGATI (JobID: 0dee43ec-59a8-4ef8-aaef-9cb0f98e61ae)
 - Deleted: 0

[20/Jun/2023:13:20:04] UPDATING ACCOUNTS (JobID: ac54274b-ec75-49b6-8c0e-a6cabfd5aa98)
 - New and modified: 0

[20/Jun/2023:13:20:04] DELETING ACCOUNTS (JobID: ac54274b-ec75-49b6-8c0e-a6cabfd5aa98)
 - Deleted: 0

[20/Jun/2023:13:20:37] UPDATING PRODUCTS (JobID: 3906f582-9b12-42d8-8880-ad1feb49a017)
 - New and modified: 0

[20/Jun/2023:13:20:39] UPDATING PREPAGATI (JobID: 59003cfe-0031-448a-86d5-74f7a8e008e1)
 - New and modified: 0

[20/Jun/2023:13:20:39] DELETING PREPAGATI (JobID: 59003cfe-0031-448a-86d5-74f7a8e008e1)
 - Deleted: 0

[20/Jun/2023:13:30:04] UPDATING ACCOUNTS (JobID: 1f45a385-1e0c-4350-b887-005699c76f8c)
 - New and modified: 0

[20/Jun/2023:13:30:04] DELETING ACCOUNTS (JobID: 1f45a385-1e0c-4350-b887-005699c76f8c)
 - Deleted: 0

[20/Jun/2023:13:30:34] UPDATING PRODUCTS (JobID: f1c41fe5-4923-4b9e-8efc-407887ef35b2)
 - New and modified: 0

[20/Jun/2023:13:30:36] UPDATING PREPAGATI (JobID: 665e5920-e1a7-4097-8d1a-72c94cb1a3c2)
 - New and modified: 0

[20/Jun/2023:13:30:36] DELETING PREPAGATI (JobID: 665e5920-e1a7-4097-8d1a-72c94cb1a3c2)
 - Deleted: 0

[20/Jun/2023:13:40:04] UPDATING ACCOUNTS (JobID: 6dab9176-0074-4be9-8079-eda3ea511319)
 - New and modified: 0

[20/Jun/2023:13:40:04] DELETING ACCOUNTS (JobID: 6dab9176-0074-4be9-8079-eda3ea511319)
 - Deleted: 0

[20/Jun/2023:13:40:34] UPDATING PRODUCTS (JobID: bbe26332-ab04-461c-b830-7300f609b447)
 - New and modified: 0

[20/Jun/2023:13:40:36] UPDATING PREPAGATI (JobID: fc22c2b9-95d2-414c-8848-74b2d45a0830)
 - New and modified: 0

[20/Jun/2023:13:40:36] DELETING PREPAGATI (JobID: fc22c2b9-95d2-414c-8848-74b2d45a0830)
 - Deleted: 0

[20/Jun/2023:13:50:04] UPDATING ACCOUNTS (JobID: 7162dff8-4fc6-4d00-98aa-6a57394f8d67)
 - New and modified: 0

[20/Jun/2023:13:50:04] DELETING ACCOUNTS (JobID: 7162dff8-4fc6-4d00-98aa-6a57394f8d67)
 - Deleted: 0

[20/Jun/2023:13:50:33] UPDATING PRODUCTS (JobID: 8a072033-3e3d-4324-a9fa-cb52a2e009e9)
 - New and modified: 0

[20/Jun/2023:13:50:35] UPDATING PREPAGATI (JobID: 9c8dc552-1ba2-4365-970a-4e2d112a7222)
 - New and modified: 0

[20/Jun/2023:13:50:35] DELETING PREPAGATI (JobID: 9c8dc552-1ba2-4365-970a-4e2d112a7222)
 - Deleted: 0

[20/Jun/2023:14:00:04] UPDATING ACCOUNTS (JobID: 17c31133-12ba-49e4-bf60-eb38af4baec7)
 - New and modified: 0

[20/Jun/2023:14:00:04] DELETING ACCOUNTS (JobID: 17c31133-12ba-49e4-bf60-eb38af4baec7)
 - Deleted: 0

[20/Jun/2023:14:00:35] UPDATING PRODUCTS (JobID: d04ffb89-ce46-4473-9efa-32d0c5a313f1)
 - New and modified: 0

[20/Jun/2023:14:00:37] UPDATING PREPAGATI (JobID: 65912341-5502-42bc-9c56-6beb7ef64fdd)
 - New and modified: 0

[20/Jun/2023:14:00:37] DELETING PREPAGATI (JobID: 65912341-5502-42bc-9c56-6beb7ef64fdd)
 - Deleted: 0

[20/Jun/2023:14:10:04] UPDATING ACCOUNTS (JobID: 64843398-804f-4961-99f3-fd6f90261179)
 - New and modified: 0

[20/Jun/2023:14:10:04] DELETING ACCOUNTS (JobID: 64843398-804f-4961-99f3-fd6f90261179)
 - Deleted: 0

[20/Jun/2023:14:10:35] UPDATING PRODUCTS (JobID: ee3f3337-3a8e-4786-bfb3-f70e4bcd1aa3)
 - New and modified: 0

[20/Jun/2023:14:10:37] UPDATING PREPAGATI (JobID: 88cfc3d5-a30e-4f3e-8a41-45310d63a7aa)
 - New and modified: 0

[20/Jun/2023:14:10:37] DELETING PREPAGATI (JobID: 88cfc3d5-a30e-4f3e-8a41-45310d63a7aa)
 - Deleted: 0

[20/Jun/2023:14:20:04] UPDATING ACCOUNTS (JobID: ecdc4525-93f7-40ae-a3e3-65111c902eae)
 - New and modified: 0

[20/Jun/2023:14:20:04] DELETING ACCOUNTS (JobID: ecdc4525-93f7-40ae-a3e3-65111c902eae)
 - Deleted: 0

[20/Jun/2023:14:20:36] UPDATING PRODUCTS (JobID: b916898f-7c8a-4e2f-bda9-6f9cb9a6abee)
 - New and modified: 0

[20/Jun/2023:14:20:37] UPDATING PREPAGATI (JobID: 1ca0d513-8b05-4c4a-9b7d-30834acc6c45)
 - New and modified: 0

[20/Jun/2023:14:20:37] DELETING PREPAGATI (JobID: 1ca0d513-8b05-4c4a-9b7d-30834acc6c45)
 - Deleted: 0

[20/Jun/2023:14:30:04] UPDATING ACCOUNTS (JobID: c3f7c7c4-31b8-4794-aeb4-4f3f880e5ed6)
 - New and modified: 0

[20/Jun/2023:14:30:04] DELETING ACCOUNTS (JobID: c3f7c7c4-31b8-4794-aeb4-4f3f880e5ed6)
 - Deleted: 0

[20/Jun/2023:14:30:36] UPDATING PRODUCTS (JobID: 5ae1562e-0115-4b21-a351-be2dc7cac827)
 - New and modified: 0

[20/Jun/2023:14:30:38] UPDATING PREPAGATI (JobID: 6a75870a-9c40-4d61-b71c-7f2168169ff5)
 - New and modified: 0

[20/Jun/2023:14:30:38] DELETING PREPAGATI (JobID: 6a75870a-9c40-4d61-b71c-7f2168169ff5)
 - Deleted: 0

[20/Jun/2023:14:40:04] UPDATING ACCOUNTS (JobID: e866dcfb-9516-46d7-a6da-a0a512630dca)
 - New and modified: 0

[20/Jun/2023:14:40:04] DELETING ACCOUNTS (JobID: e866dcfb-9516-46d7-a6da-a0a512630dca)
 - Deleted: 0

[20/Jun/2023:14:40:34] UPDATING PRODUCTS (JobID: 329abd9f-ce35-4a8b-b446-5abfaf92caf9)
 - New and modified: 0

[20/Jun/2023:14:40:36] UPDATING PREPAGATI (JobID: 0085fcba-0a2e-40ea-b004-2040c3f40c66)
 - New and modified: 0

[20/Jun/2023:14:40:36] DELETING PREPAGATI (JobID: 0085fcba-0a2e-40ea-b004-2040c3f40c66)
 - Deleted: 0

[20/Jun/2023:14:50:04] UPDATING ACCOUNTS (JobID: c17b4b9d-47c9-4acd-b0ac-445b7af1cbf5)
 - New and modified: 0

[20/Jun/2023:14:50:04] DELETING ACCOUNTS (JobID: c17b4b9d-47c9-4acd-b0ac-445b7af1cbf5)
 - Deleted: 0

[20/Jun/2023:14:50:35] UPDATING PRODUCTS (JobID: 66682d3a-bd08-4ed2-8a5e-4a205ccad857)
 - New and modified: 0

[20/Jun/2023:14:50:36] UPDATING PREPAGATI (JobID: f321b30b-33fd-45aa-a12b-822e980eaa8b)
 - New and modified: 0

[20/Jun/2023:14:50:36] DELETING PREPAGATI (JobID: f321b30b-33fd-45aa-a12b-822e980eaa8b)
 - Deleted: 0

[20/Jun/2023:15:00:05] UPDATING ACCOUNTS (JobID: a2821885-b6e5-475e-bfac-419e321d5183)
 - New and modified: 0

[20/Jun/2023:15:00:05] DELETING ACCOUNTS (JobID: a2821885-b6e5-475e-bfac-419e321d5183)
 - Deleted: 0

[20/Jun/2023:15:00:36] UPDATING PRODUCTS (JobID: b66bf283-e1e3-4bb8-a2fc-be05b7d1d9ae)
 - New and modified: 0

[20/Jun/2023:15:00:38] UPDATING PREPAGATI (JobID: 610ad9c9-f0e4-41da-9b7f-c711fcce4c6f)
 - New and modified: 0

[20/Jun/2023:15:00:38] DELETING PREPAGATI (JobID: 610ad9c9-f0e4-41da-9b7f-c711fcce4c6f)
 - Deleted: 0

[20/Jun/2023:15:10:04] UPDATING ACCOUNTS (JobID: 6b37137a-5fa2-46cd-8c72-0a89ed30b85c)
 - New and modified: 0

[20/Jun/2023:15:10:04] DELETING ACCOUNTS (JobID: 6b37137a-5fa2-46cd-8c72-0a89ed30b85c)
 - Deleted: 0

[20/Jun/2023:15:10:40] UPDATING PRODUCTS (JobID: 7964d4a0-83a7-4b03-9a8e-837958de8578)
 - New and modified: 0

[20/Jun/2023:15:10:42] UPDATING PREPAGATI (JobID: 2e593ccc-1984-4fd7-95a0-0af4bbdf7430)
 - New and modified: 0

[20/Jun/2023:15:10:42] DELETING PREPAGATI (JobID: 2e593ccc-1984-4fd7-95a0-0af4bbdf7430)
 - Deleted: 0

[20/Jun/2023:15:20:04] UPDATING ACCOUNTS (JobID: 2a52d59b-bc56-45ed-a462-52706388b21d)
 - New and modified: 0

[20/Jun/2023:15:20:04] DELETING ACCOUNTS (JobID: 2a52d59b-bc56-45ed-a462-52706388b21d)
 - Deleted: 0

[20/Jun/2023:15:20:38] UPDATING PRODUCTS (JobID: d57ac43e-d456-462f-b0bc-0ddd1957a956)
 - New and modified: 0

[20/Jun/2023:15:20:40] UPDATING PREPAGATI (JobID: f6f78ad2-5e75-4e1d-ab18-f63c1d4a2b0c)
 - New and modified: 0

[20/Jun/2023:15:20:40] DELETING PREPAGATI (JobID: f6f78ad2-5e75-4e1d-ab18-f63c1d4a2b0c)
 - Deleted: 0

[20/Jun/2023:15:30:04] UPDATING ACCOUNTS (JobID: be7241ac-b828-42e1-a1f9-e5af9608bf39)
 - New and modified: 0

[20/Jun/2023:15:30:04] DELETING ACCOUNTS (JobID: be7241ac-b828-42e1-a1f9-e5af9608bf39)
 - Deleted: 0

[20/Jun/2023:15:30:36] UPDATING PRODUCTS (JobID: 86ee1519-bada-46ea-8c66-7051dc5afaaf)
 - New and modified: 0

[20/Jun/2023:15:30:38] UPDATING PREPAGATI (JobID: 373133e1-731e-4005-93e6-1e5b4d414194)
 - New and modified: 0

[20/Jun/2023:15:30:38] DELETING PREPAGATI (JobID: 373133e1-731e-4005-93e6-1e5b4d414194)
 - Deleted: 0

[20/Jun/2023:15:40:04] UPDATING ACCOUNTS (JobID: 95e7e50d-4730-4010-8769-3b9ac43e5f88)
 - New and modified: 0

[20/Jun/2023:15:40:04] DELETING ACCOUNTS (JobID: 95e7e50d-4730-4010-8769-3b9ac43e5f88)
 - Deleted: 0

[20/Jun/2023:15:40:38] UPDATING PRODUCTS (JobID: c5c89764-ca29-4b5a-ba5b-065b48564416)
 - New and modified: 0

[20/Jun/2023:15:40:40] UPDATING PREPAGATI (JobID: 6a0d98aa-ad7f-42f5-a0fc-7deb1a34c35f)
 - New and modified: 0

[20/Jun/2023:15:40:40] DELETING PREPAGATI (JobID: 6a0d98aa-ad7f-42f5-a0fc-7deb1a34c35f)
 - Deleted: 0

[20/Jun/2023:15:50:04] UPDATING ACCOUNTS (JobID: 037a778b-f814-474a-ad7e-148e0e40d61f)
 - New and modified: 0

[20/Jun/2023:15:50:04] DELETING ACCOUNTS (JobID: 037a778b-f814-474a-ad7e-148e0e40d61f)
 - Deleted: 0

[20/Jun/2023:15:50:39] UPDATING PRODUCTS (JobID: 594ea105-1118-4484-a735-57530d23f21d)
 - New and modified: 0

[20/Jun/2023:15:50:41] UPDATING PREPAGATI (JobID: aca5608c-40f7-45ce-a0d1-00b8f4db522a)
 - New and modified: 0

[20/Jun/2023:15:50:41] DELETING PREPAGATI (JobID: aca5608c-40f7-45ce-a0d1-00b8f4db522a)
 - Deleted: 0

[20/Jun/2023:16:00:04] UPDATING ACCOUNTS (JobID: 1e20b054-74c8-4ef2-8bac-13f24d065de3)
 - New and modified: 0

[20/Jun/2023:16:00:04] DELETING ACCOUNTS (JobID: 1e20b054-74c8-4ef2-8bac-13f24d065de3)
 - Deleted: 0

[20/Jun/2023:16:00:37] UPDATING PRODUCTS (JobID: cff8df28-f520-46e0-89e6-e22e23a86413)
 - New and modified: 0

[20/Jun/2023:16:00:39] UPDATING PREPAGATI (JobID: 6095a1c2-c219-434e-b2db-4d77c1521ff5)
 - New and modified: 0

[20/Jun/2023:16:00:39] DELETING PREPAGATI (JobID: 6095a1c2-c219-434e-b2db-4d77c1521ff5)
 - Deleted: 0

[20/Jun/2023:16:10:04] UPDATING ACCOUNTS (JobID: d08d6f25-38ff-48a0-aeb0-f0ff19fcd5a0)
 - New and modified: 0

[20/Jun/2023:16:10:04] DELETING ACCOUNTS (JobID: d08d6f25-38ff-48a0-aeb0-f0ff19fcd5a0)
 - Deleted: 0

[20/Jun/2023:16:10:37] UPDATING PRODUCTS (JobID: ebf28d13-e493-47b9-bc7a-a34ebfd6c9d6)
 - New and modified: 0

[20/Jun/2023:16:10:38] UPDATING PREPAGATI (JobID: 3f79d526-8cd1-4e56-8a3b-fe2628887efd)
 - New and modified: 0

[20/Jun/2023:16:10:38] DELETING PREPAGATI (JobID: 3f79d526-8cd1-4e56-8a3b-fe2628887efd)
 - Deleted: 0

[20/Jun/2023:16:20:04] UPDATING ACCOUNTS (JobID: 85d31ede-f398-4a47-bb18-071863a8a151)
 - New and modified: 0

[20/Jun/2023:16:20:04] DELETING ACCOUNTS (JobID: 85d31ede-f398-4a47-bb18-071863a8a151)
 - Deleted: 0

[20/Jun/2023:16:20:39] UPDATING PRODUCTS (JobID: b6222f77-35e7-474a-ae1b-cc31e5389938)
 - New and modified: 0

[20/Jun/2023:16:20:41] UPDATING PREPAGATI (JobID: 70893f56-cb03-43f9-b7f7-fdf187d49ef6)
 - New and modified: 0

[20/Jun/2023:16:20:41] DELETING PREPAGATI (JobID: 70893f56-cb03-43f9-b7f7-fdf187d49ef6)
 - Deleted: 0

[20/Jun/2023:16:30:04] UPDATING ACCOUNTS (JobID: 80adddba-c161-4769-a2f2-afcc27053eed)
 - New and modified: 0

[20/Jun/2023:16:30:04] DELETING ACCOUNTS (JobID: 80adddba-c161-4769-a2f2-afcc27053eed)
 - Deleted: 0

[20/Jun/2023:16:30:37] UPDATING PRODUCTS (JobID: 27591e55-afdd-473b-a145-501abdf028a0)
 - New and modified: 0

[20/Jun/2023:16:30:38] UPDATING PREPAGATI (JobID: d583f6c6-ed6b-4bdf-bc1f-8ebef8d8c0cc)
 - New and modified: 0

[20/Jun/2023:16:30:38] DELETING PREPAGATI (JobID: d583f6c6-ed6b-4bdf-bc1f-8ebef8d8c0cc)
 - Deleted: 0

[20/Jun/2023:16:50:04] UPDATING ACCOUNTS (JobID: 3ed99369-f923-4837-8417-2aa7c262c953)
 - New and modified: 0

[20/Jun/2023:16:50:04] DELETING ACCOUNTS (JobID: 3ed99369-f923-4837-8417-2aa7c262c953)
 - Deleted: 0

[20/Jun/2023:16:50:36] UPDATING PRODUCTS (JobID: e90dd657-cf26-45b8-9860-19964f11190f)
 - New and modified: 0

[20/Jun/2023:16:50:38] UPDATING PREPAGATI (JobID: a1bec006-204e-496b-85aa-1f5d0549c9f2)
 - New and modified: 0

[20/Jun/2023:16:50:38] DELETING PREPAGATI (JobID: a1bec006-204e-496b-85aa-1f5d0549c9f2)
 - Deleted: 0

[20/Jun/2023:17:00:04] UPDATING ACCOUNTS (JobID: 8a0034cb-739d-4d14-8ac8-a71a1bdfa38e)
 - New and modified: 0

[20/Jun/2023:17:00:04] DELETING ACCOUNTS (JobID: 8a0034cb-739d-4d14-8ac8-a71a1bdfa38e)
 - Deleted: 0

[20/Jun/2023:17:00:35] UPDATING PRODUCTS (JobID: 6277f950-ffab-457d-a461-7728a8d9d6e6)
 - New and modified: 0

[20/Jun/2023:17:00:37] UPDATING PREPAGATI (JobID: 6dc20c8c-2e82-4c8d-b907-126209f3d2b2)
 - New and modified: 0

[20/Jun/2023:17:00:37] DELETING PREPAGATI (JobID: 6dc20c8c-2e82-4c8d-b907-126209f3d2b2)
 - Deleted: 0

[20/Jun/2023:17:10:04] UPDATING ACCOUNTS (JobID: 459962af-24fa-470f-8550-9be7b7035681)
 - New and modified: 0

[20/Jun/2023:17:10:04] DELETING ACCOUNTS (JobID: 459962af-24fa-470f-8550-9be7b7035681)
 - Deleted: 0

[20/Jun/2023:17:10:36] UPDATING PRODUCTS (JobID: 617a5aa9-cf50-46af-82e5-12b1236220de)
 - New and modified: 0

[20/Jun/2023:17:10:38] UPDATING PREPAGATI (JobID: 5d09931c-31ab-45b4-ad0f-47373edfedac)
 - New and modified: 0

[20/Jun/2023:17:10:38] DELETING PREPAGATI (JobID: 5d09931c-31ab-45b4-ad0f-47373edfedac)
 - Deleted: 0

[20/Jun/2023:17:20:04] UPDATING ACCOUNTS (JobID: 9f1fd006-fbaf-42ea-b986-443244e067a2)
 - New and modified: 0

[20/Jun/2023:17:20:04] DELETING ACCOUNTS (JobID: 9f1fd006-fbaf-42ea-b986-443244e067a2)
 - Deleted: 0

[20/Jun/2023:17:20:35] UPDATING PRODUCTS (JobID: e8564a27-3537-4da9-9a8c-6d71968d996d)
 - New and modified: 0

[20/Jun/2023:17:20:37] UPDATING PREPAGATI (JobID: 9ae00d4e-02f1-4d9d-8e9e-67cb1798d46f)
 - New and modified: 0

[20/Jun/2023:17:20:37] DELETING PREPAGATI (JobID: 9ae00d4e-02f1-4d9d-8e9e-67cb1798d46f)
 - Deleted: 0

[20/Jun/2023:17:30:04] UPDATING ACCOUNTS (JobID: 56d5b3e3-fd66-464a-8ddf-8b97d568e393)
 - New and modified: 0

[20/Jun/2023:17:30:04] DELETING ACCOUNTS (JobID: 56d5b3e3-fd66-464a-8ddf-8b97d568e393)
 - Deleted: 0

[20/Jun/2023:17:30:35] UPDATING PRODUCTS (JobID: 0737a937-19dc-48fa-9496-95513ba7dfea)
 - New and modified: 0

[20/Jun/2023:17:30:36] UPDATING PREPAGATI (JobID: 135dadef-1345-4614-adc7-d5c2fdd6bdf7)
 - New and modified: 0

[20/Jun/2023:17:30:36] DELETING PREPAGATI (JobID: 135dadef-1345-4614-adc7-d5c2fdd6bdf7)
 - Deleted: 0

[20/Jun/2023:17:40:04] UPDATING ACCOUNTS (JobID: f5038361-f6e8-491f-b0a7-cdad06300bd9)
 - New and modified: 0

[20/Jun/2023:17:40:04] DELETING ACCOUNTS (JobID: f5038361-f6e8-491f-b0a7-cdad06300bd9)
 - Deleted: 0

[20/Jun/2023:17:40:33] UPDATING PRODUCTS (JobID: cd8fcff2-ca89-4068-b8b4-a19d1679ff58)
 - New and modified: 0

[20/Jun/2023:17:40:34] UPDATING PREPAGATI (JobID: d76bcf3d-ab7e-46a7-b69c-197ec4b67833)
 - New and modified: 0

[20/Jun/2023:17:40:34] DELETING PREPAGATI (JobID: d76bcf3d-ab7e-46a7-b69c-197ec4b67833)
 - Deleted: 0

[20/Jun/2023:17:50:04] UPDATING ACCOUNTS (JobID: 041b70e2-8d06-4bf5-a63b-c7892f0e7ff8)
 - New and modified: 0

[20/Jun/2023:17:50:04] DELETING ACCOUNTS (JobID: 041b70e2-8d06-4bf5-a63b-c7892f0e7ff8)
 - Deleted: 0

[20/Jun/2023:17:50:34] UPDATING PRODUCTS (JobID: 50651466-537f-4a48-8ff2-a38594995dda)
 - New and modified: 0

[20/Jun/2023:17:50:36] UPDATING PREPAGATI (JobID: eaefb748-d126-458f-82f7-a4cdb0cc7eaf)
 - New and modified: 0

[20/Jun/2023:17:50:36] DELETING PREPAGATI (JobID: eaefb748-d126-458f-82f7-a4cdb0cc7eaf)
 - Deleted: 0

[20/Jun/2023:18:00:04] UPDATING ACCOUNTS (JobID: 11a53cd2-bfc3-4f20-836f-05b50744f494)
 - New and modified: 0

[20/Jun/2023:18:00:04] DELETING ACCOUNTS (JobID: 11a53cd2-bfc3-4f20-836f-05b50744f494)
 - Deleted: 0

[20/Jun/2023:18:00:36] UPDATING PRODUCTS (JobID: 2ba7e116-34f5-4d41-ad69-0052cda0c4d3)
 - New and modified: 0

[20/Jun/2023:18:00:38] UPDATING PREPAGATI (JobID: 1179fda1-743e-461b-a031-b9a04e2142db)
 - New and modified: 0

[20/Jun/2023:18:00:38] DELETING PREPAGATI (JobID: 1179fda1-743e-461b-a031-b9a04e2142db)
 - Deleted: 0

[20/Jun/2023:18:10:04] UPDATING ACCOUNTS (JobID: 129e9e45-f41d-466a-9767-e1466fd4d2c7)
 - New and modified: 0

[20/Jun/2023:18:10:04] DELETING ACCOUNTS (JobID: 129e9e45-f41d-466a-9767-e1466fd4d2c7)
 - Deleted: 0

[20/Jun/2023:18:10:38] UPDATING PRODUCTS (JobID: 95a19e02-0c12-4cfb-b53c-dbcd9b5368a9)
 - New and modified: 0

[20/Jun/2023:18:10:40] UPDATING PREPAGATI (JobID: b8240c9d-d57b-4851-8505-c8f4e0a5edcb)
 - New and modified: 0

[20/Jun/2023:18:10:40] DELETING PREPAGATI (JobID: b8240c9d-d57b-4851-8505-c8f4e0a5edcb)
 - Deleted: 0

[20/Jun/2023:18:20:04] UPDATING ACCOUNTS (JobID: eb204f14-fad4-493f-b23c-9a33e6ea42ff)
 - New and modified: 0

[20/Jun/2023:18:20:04] DELETING ACCOUNTS (JobID: eb204f14-fad4-493f-b23c-9a33e6ea42ff)
 - Deleted: 0

[20/Jun/2023:18:20:38] UPDATING PRODUCTS (JobID: f84b6ac7-8f4a-42a5-be43-3c9b2de39640)
 - New and modified: 0

[20/Jun/2023:18:20:40] UPDATING PREPAGATI (JobID: 6a47c91d-a8f9-4f87-9ec4-6770385d8005)
 - New and modified: 0

[20/Jun/2023:18:20:40] DELETING PREPAGATI (JobID: 6a47c91d-a8f9-4f87-9ec4-6770385d8005)
 - Deleted: 0

[20/Jun/2023:18:30:04] UPDATING ACCOUNTS (JobID: 92e7119b-9c96-4a44-baa6-f30118358e88)
 - New and modified: 0

[20/Jun/2023:18:30:04] DELETING ACCOUNTS (JobID: 92e7119b-9c96-4a44-baa6-f30118358e88)
 - Deleted: 0

[20/Jun/2023:18:30:38] UPDATING PRODUCTS (JobID: 1776276e-c4b1-4d0b-b079-f070ac292117)
 - New and modified: 0

[20/Jun/2023:18:30:40] UPDATING PREPAGATI (JobID: 3d387026-8bc8-41b2-890c-d53dd2f9a6e9)
 - New and modified: 0

[20/Jun/2023:18:30:40] DELETING PREPAGATI (JobID: 3d387026-8bc8-41b2-890c-d53dd2f9a6e9)
 - Deleted: 0

[20/Jun/2023:18:40:04] UPDATING ACCOUNTS (JobID: 10cc5955-b6a3-4ce6-bdfb-ecb8ae4ceb8f)
 - New and modified: 0

[20/Jun/2023:18:40:04] DELETING ACCOUNTS (JobID: 10cc5955-b6a3-4ce6-bdfb-ecb8ae4ceb8f)
 - Deleted: 0

[20/Jun/2023:18:40:37] UPDATING PRODUCTS (JobID: 56f8d7f5-77f5-451f-9765-f6cbf3996f49)
 - New and modified: 0

[20/Jun/2023:18:40:39] UPDATING PREPAGATI (JobID: ff2b5c0b-8eec-49df-89c3-20845a9074f3)
 - New and modified: 0

[20/Jun/2023:18:40:39] DELETING PREPAGATI (JobID: ff2b5c0b-8eec-49df-89c3-20845a9074f3)
 - Deleted: 0

[20/Jun/2023:18:50:04] UPDATING ACCOUNTS (JobID: 87b40228-be36-4091-9d92-e3c30006890a)
 - New and modified: 0

[20/Jun/2023:18:50:04] DELETING ACCOUNTS (JobID: 87b40228-be36-4091-9d92-e3c30006890a)
 - Deleted: 0

[20/Jun/2023:18:50:36] UPDATING PRODUCTS (JobID: e545b5b6-fdeb-409e-a0cf-9554df62a91b)
 - New and modified: 0

[20/Jun/2023:18:50:38] UPDATING PREPAGATI (JobID: 6da07f3b-9336-401e-8082-5d9e3b2e0b99)
 - New and modified: 0

[20/Jun/2023:18:50:38] DELETING PREPAGATI (JobID: 6da07f3b-9336-401e-8082-5d9e3b2e0b99)
 - Deleted: 0

[20/Jun/2023:19:00:15] UPDATING ACCOUNTS (JobID: 50dadecc-a20c-4439-a18e-ca3128f72a24)
 - New and modified: 0

[20/Jun/2023:19:00:15] DELETING ACCOUNTS (JobID: 50dadecc-a20c-4439-a18e-ca3128f72a24)
 - Deleted: 0

[20/Jun/2023:19:00:47] UPDATING PRODUCTS (JobID: c5829453-1508-457d-beb6-79c566cfb4ea)
 - New and modified: 0

[20/Jun/2023:19:00:49] UPDATING PREPAGATI (JobID: c6e47982-77c1-4a46-92e5-fb9d6dec00fa)
 - New and modified: 0

[20/Jun/2023:19:00:49] DELETING PREPAGATI (JobID: c6e47982-77c1-4a46-92e5-fb9d6dec00fa)
 - Deleted: 0

[20/Jun/2023:19:10:04] UPDATING ACCOUNTS (JobID: 19729221-0302-4679-8938-52db6076c845)
 - New and modified: 0

[20/Jun/2023:19:10:04] DELETING ACCOUNTS (JobID: 19729221-0302-4679-8938-52db6076c845)
 - Deleted: 0

[20/Jun/2023:19:10:38] UPDATING PRODUCTS (JobID: 3d37e86a-8e80-43c0-a550-1b12927a2b10)
 - New and modified: 0

[20/Jun/2023:19:10:40] UPDATING PREPAGATI (JobID: e5ac6b0d-19a1-4fc4-b76c-77bfd613b552)
 - New and modified: 0

[20/Jun/2023:19:10:40] DELETING PREPAGATI (JobID: e5ac6b0d-19a1-4fc4-b76c-77bfd613b552)
 - Deleted: 0

[20/Jun/2023:19:20:04] UPDATING ACCOUNTS (JobID: 20e93759-4575-493c-bf75-b412f39db98d)
 - New and modified: 0

[20/Jun/2023:19:20:04] DELETING ACCOUNTS (JobID: 20e93759-4575-493c-bf75-b412f39db98d)
 - Deleted: 0

[20/Jun/2023:19:20:37] UPDATING PRODUCTS (JobID: 705a12f4-069a-4106-b93c-d6198a4b10a4)
 - New and modified: 0

[20/Jun/2023:19:20:39] UPDATING PREPAGATI (JobID: 8d9c1a08-2ffa-4dfc-b835-e307d3707002)
 - New and modified: 0

[20/Jun/2023:19:20:39] DELETING PREPAGATI (JobID: 8d9c1a08-2ffa-4dfc-b835-e307d3707002)
 - Deleted: 0

[20/Jun/2023:19:30:04] UPDATING ACCOUNTS (JobID: 7a1aac39-1fc5-4a20-87d6-ea01442def77)
 - New and modified: 0

[20/Jun/2023:19:30:04] DELETING ACCOUNTS (JobID: 7a1aac39-1fc5-4a20-87d6-ea01442def77)
 - Deleted: 0

[20/Jun/2023:19:30:37] UPDATING PRODUCTS (JobID: f2707007-11a6-4b96-b823-2ee9a4ddd409)
 - New and modified: 0

[20/Jun/2023:19:30:39] UPDATING PREPAGATI (JobID: 398fcb51-1cbf-4093-8d05-e185edbaa0da)
 - New and modified: 0

[20/Jun/2023:19:30:39] DELETING PREPAGATI (JobID: 398fcb51-1cbf-4093-8d05-e185edbaa0da)
 - Deleted: 0

[20/Jun/2023:19:40:03] UPDATING ACCOUNTS (JobID: 28e1d49b-7740-4e56-bdea-577b36478f4c)
 - New and modified: 0

[20/Jun/2023:19:40:03] DELETING ACCOUNTS (JobID: 28e1d49b-7740-4e56-bdea-577b36478f4c)
 - Deleted: 0

[20/Jun/2023:19:40:36] UPDATING PRODUCTS (JobID: 7505e89d-0c46-42a0-a333-e3228a7f1561)
 - New and modified: 0

[20/Jun/2023:19:40:38] UPDATING PREPAGATI (JobID: d4461d9e-882c-460f-ad05-5d48bc83bb5b)
 - New and modified: 0

[20/Jun/2023:19:40:38] DELETING PREPAGATI (JobID: d4461d9e-882c-460f-ad05-5d48bc83bb5b)
 - Deleted: 0

[20/Jun/2023:19:50:04] UPDATING ACCOUNTS (JobID: 7e8928c4-f963-4cf8-8ab6-1e1e06d10c66)
 - New and modified: 0

[20/Jun/2023:19:50:04] DELETING ACCOUNTS (JobID: 7e8928c4-f963-4cf8-8ab6-1e1e06d10c66)
 - Deleted: 0

[20/Jun/2023:19:50:36] UPDATING PRODUCTS (JobID: 3cb59ac5-c934-4593-aeba-37c2d119000d)
 - New and modified: 0

[20/Jun/2023:19:50:38] UPDATING PREPAGATI (JobID: 1a9f7063-1296-4a30-adae-d3e0cffe5b0c)
 - New and modified: 0

[20/Jun/2023:19:50:38] DELETING PREPAGATI (JobID: 1a9f7063-1296-4a30-adae-d3e0cffe5b0c)
 - Deleted: 0

[20/Jun/2023:20:00:05] UPDATING ACCOUNTS (JobID: 9aa21606-cbb5-4280-bc51-07aa9fe90459)
 - New and modified: 0

[20/Jun/2023:20:00:05] DELETING ACCOUNTS (JobID: 9aa21606-cbb5-4280-bc51-07aa9fe90459)
 - Deleted: 0

[20/Jun/2023:20:00:37] UPDATING PRODUCTS (JobID: 47440b55-522e-4839-b188-1876f4b56ee9)
 - New and modified: 0

[20/Jun/2023:20:00:39] UPDATING PREPAGATI (JobID: 7081eee3-e544-4328-bf48-69c9e90d9ed5)
 - New and modified: 0

[20/Jun/2023:20:00:39] DELETING PREPAGATI (JobID: 7081eee3-e544-4328-bf48-69c9e90d9ed5)
 - Deleted: 0

[20/Jun/2023:20:10:04] UPDATING ACCOUNTS (JobID: 1c157994-fbf7-4aa5-b003-7a4b61617943)
 - New and modified: 0

[20/Jun/2023:20:10:04] DELETING ACCOUNTS (JobID: 1c157994-fbf7-4aa5-b003-7a4b61617943)
 - Deleted: 0

[20/Jun/2023:20:10:37] UPDATING PRODUCTS (JobID: 5c39dd3c-9c37-40ac-9fb5-fc2a2d82386f)
 - New and modified: 0

[20/Jun/2023:20:10:39] UPDATING PREPAGATI (JobID: 271311b4-8dce-4a02-bb4e-51d4c3ac4af0)
 - New and modified: 0

[20/Jun/2023:20:10:39] DELETING PREPAGATI (JobID: 271311b4-8dce-4a02-bb4e-51d4c3ac4af0)
 - Deleted: 0

[20/Jun/2023:20:20:05] UPDATING ACCOUNTS (JobID: db90d0c9-6857-4a66-8985-2befc9f63c0d)
 - New and modified: 0

[20/Jun/2023:20:20:05] DELETING ACCOUNTS (JobID: db90d0c9-6857-4a66-8985-2befc9f63c0d)
 - Deleted: 0

[20/Jun/2023:20:20:37] UPDATING PRODUCTS (JobID: 2e8ef424-c345-495b-a9af-ba76bc0576b9)
 - New and modified: 0

[20/Jun/2023:20:20:39] UPDATING PREPAGATI (JobID: 06fd5f37-9860-4d90-98db-672b21bcc793)
 - New and modified: 0

[20/Jun/2023:20:20:39] DELETING PREPAGATI (JobID: 06fd5f37-9860-4d90-98db-672b21bcc793)
 - Deleted: 0

[20/Jun/2023:20:30:04] UPDATING ACCOUNTS (JobID: fd835502-a4e0-49db-9d09-93efd7b6d04c)
 - New and modified: 0

[20/Jun/2023:20:30:04] DELETING ACCOUNTS (JobID: fd835502-a4e0-49db-9d09-93efd7b6d04c)
 - Deleted: 0

[20/Jun/2023:20:30:36] UPDATING PRODUCTS (JobID: 5f6ce733-bef6-4b60-8de2-7071bef4aa73)
 - New and modified: 0

[20/Jun/2023:20:30:38] UPDATING PREPAGATI (JobID: 276ea706-6b31-4655-b995-75395e11e03e)
 - New and modified: 0

[20/Jun/2023:20:30:38] DELETING PREPAGATI (JobID: 276ea706-6b31-4655-b995-75395e11e03e)
 - Deleted: 0

[20/Jun/2023:20:40:04] UPDATING ACCOUNTS (JobID: 133ffef4-325a-423b-888d-82614a95da48)
 - New and modified: 0

[20/Jun/2023:20:40:04] DELETING ACCOUNTS (JobID: 133ffef4-325a-423b-888d-82614a95da48)
 - Deleted: 0

[20/Jun/2023:20:40:35] UPDATING PRODUCTS (JobID: cc3ebd19-fde0-4ed1-b5ca-d40270603ce7)
 - New and modified: 0

[20/Jun/2023:20:40:37] UPDATING PREPAGATI (JobID: 4b9d6ba8-4c21-47bb-a7f9-f95ebe371117)
 - New and modified: 0

[20/Jun/2023:20:40:37] DELETING PREPAGATI (JobID: 4b9d6ba8-4c21-47bb-a7f9-f95ebe371117)
 - Deleted: 0

[20/Jun/2023:20:50:03] UPDATING ACCOUNTS (JobID: e8d87d94-e070-4d2c-bb89-3f665c3af650)
 - New and modified: 0

[20/Jun/2023:20:50:03] DELETING ACCOUNTS (JobID: e8d87d94-e070-4d2c-bb89-3f665c3af650)
 - Deleted: 0

[20/Jun/2023:20:50:36] UPDATING PRODUCTS (JobID: 6a8585ca-e962-437e-b987-caeffe151c55)
 - New and modified: 0

[20/Jun/2023:20:50:38] UPDATING PREPAGATI (JobID: f52ba2bd-97ef-4d6b-be7e-00a4b5219125)
 - New and modified: 0

[20/Jun/2023:20:50:38] DELETING PREPAGATI (JobID: f52ba2bd-97ef-4d6b-be7e-00a4b5219125)
 - Deleted: 0

[20/Jun/2023:21:00:04] UPDATING ACCOUNTS (JobID: 9829fb57-17ee-47e8-a950-7b4fba7596df)
 - New and modified: 0

[20/Jun/2023:21:00:04] DELETING ACCOUNTS (JobID: 9829fb57-17ee-47e8-a950-7b4fba7596df)
 - Deleted: 0

[20/Jun/2023:21:00:37] UPDATING PRODUCTS (JobID: 104dd4f4-e4e8-48a2-976f-cdb5018fb671)
 - New and modified: 0

[20/Jun/2023:21:00:38] UPDATING PREPAGATI (JobID: 1f74c154-2a9e-4169-a5e6-2b6a2a98c8f1)
 - New and modified: 0

[20/Jun/2023:21:00:38] DELETING PREPAGATI (JobID: 1f74c154-2a9e-4169-a5e6-2b6a2a98c8f1)
 - Deleted: 0

[20/Jun/2023:21:10:04] UPDATING ACCOUNTS (JobID: 8630d0ee-2bf2-4be1-9761-8ca873a4d1ea)
 - New and modified: 0

[20/Jun/2023:21:10:04] DELETING ACCOUNTS (JobID: 8630d0ee-2bf2-4be1-9761-8ca873a4d1ea)
 - Deleted: 0

[20/Jun/2023:21:10:36] UPDATING PRODUCTS (JobID: 8cbad318-9e08-4f30-a679-6366bdc4062d)
 - New and modified: 0

[20/Jun/2023:21:10:37] UPDATING PREPAGATI (JobID: 00971d60-0c4b-4a91-b80a-692bfd2b859e)
 - New and modified: 0

[20/Jun/2023:21:10:37] DELETING PREPAGATI (JobID: 00971d60-0c4b-4a91-b80a-692bfd2b859e)
 - Deleted: 0

[20/Jun/2023:21:20:04] UPDATING ACCOUNTS (JobID: 8ad20d36-d091-48af-9d8c-8180b0686f37)
 - New and modified: 0

[20/Jun/2023:21:20:04] DELETING ACCOUNTS (JobID: 8ad20d36-d091-48af-9d8c-8180b0686f37)
 - Deleted: 0

[20/Jun/2023:21:20:35] UPDATING PRODUCTS (JobID: 6f9b64f0-beb3-440b-a21c-8a91d647fa9d)
 - New and modified: 0

[20/Jun/2023:21:20:37] UPDATING PREPAGATI (JobID: 0125f9b4-6e92-47ca-9592-15a3da0fe9e9)
 - New and modified: 0

[20/Jun/2023:21:20:37] DELETING PREPAGATI (JobID: 0125f9b4-6e92-47ca-9592-15a3da0fe9e9)
 - Deleted: 0

[20/Jun/2023:21:30:04] UPDATING ACCOUNTS (JobID: 1792fe78-968c-4565-b9c7-312b7f7da3df)
 - New and modified: 0

[20/Jun/2023:21:30:04] DELETING ACCOUNTS (JobID: 1792fe78-968c-4565-b9c7-312b7f7da3df)
 - Deleted: 0

[20/Jun/2023:21:30:37] UPDATING PRODUCTS (JobID: e97b9704-8cfd-425a-a83a-f73501a305e6)
 - New and modified: 0

[20/Jun/2023:21:30:38] UPDATING PREPAGATI (JobID: aadde35c-25ad-43d3-a675-cdd1cce7a7a2)
 - New and modified: 0

[20/Jun/2023:21:30:38] DELETING PREPAGATI (JobID: aadde35c-25ad-43d3-a675-cdd1cce7a7a2)
 - Deleted: 0

[20/Jun/2023:21:40:04] UPDATING ACCOUNTS (JobID: 37917654-ebff-484c-bda2-63c87d25f2db)
 - New and modified: 0

[20/Jun/2023:21:40:04] DELETING ACCOUNTS (JobID: 37917654-ebff-484c-bda2-63c87d25f2db)
 - Deleted: 0

[20/Jun/2023:21:40:36] UPDATING PRODUCTS (JobID: b7248cbd-83fd-433e-a1e1-a069dc7cd7ef)
 - New and modified: 0

[20/Jun/2023:21:40:38] UPDATING PREPAGATI (JobID: 046af486-c065-46b4-bb63-bba414292bf4)
 - New and modified: 0

[20/Jun/2023:21:40:38] DELETING PREPAGATI (JobID: 046af486-c065-46b4-bb63-bba414292bf4)
 - Deleted: 0

[20/Jun/2023:21:50:04] UPDATING ACCOUNTS (JobID: c4346f91-6d5f-4f98-98eb-365eeb013e33)
 - New and modified: 0

[20/Jun/2023:21:50:04] DELETING ACCOUNTS (JobID: c4346f91-6d5f-4f98-98eb-365eeb013e33)
 - Deleted: 0

[20/Jun/2023:21:50:35] UPDATING PRODUCTS (JobID: fed7c0db-5900-4770-aa35-dbc6e0f90f1e)
 - New and modified: 0

[20/Jun/2023:21:50:37] UPDATING PREPAGATI (JobID: 25b9372f-e64c-45a1-b003-82b80cfdc45b)
 - New and modified: 0

[20/Jun/2023:21:50:37] DELETING PREPAGATI (JobID: 25b9372f-e64c-45a1-b003-82b80cfdc45b)
 - Deleted: 0

[20/Jun/2023:22:00:05] UPDATING ACCOUNTS (JobID: d55e432f-1548-43a5-afff-c7b8ec1ae91c)
 - New and modified: 0

[20/Jun/2023:22:00:05] DELETING ACCOUNTS (JobID: d55e432f-1548-43a5-afff-c7b8ec1ae91c)
 - Deleted: 0

[20/Jun/2023:22:00:36] UPDATING PRODUCTS (JobID: 56e09444-2f52-4f8f-bf4d-b41cb01ef05e)
 - New and modified: 0

[20/Jun/2023:22:00:38] UPDATING PREPAGATI (JobID: 0fb1e4c0-9945-4169-9662-5aef71825206)
 - New and modified: 0

[20/Jun/2023:22:00:38] DELETING PREPAGATI (JobID: 0fb1e4c0-9945-4169-9662-5aef71825206)
 - Deleted: 0

[20/Jun/2023:22:10:04] UPDATING ACCOUNTS (JobID: 5e2cc5e0-ce25-43fa-a460-e40be8ce25a1)
 - New and modified: 0

[20/Jun/2023:22:10:04] DELETING ACCOUNTS (JobID: 5e2cc5e0-ce25-43fa-a460-e40be8ce25a1)
 - Deleted: 0

[20/Jun/2023:22:10:36] UPDATING PRODUCTS (JobID: 5624ea2f-8ca8-4f61-897f-689009d50993)
 - New and modified: 0

[20/Jun/2023:22:10:38] UPDATING PREPAGATI (JobID: 70bbe9d1-14d8-4a84-b4ec-3ac400f25dff)
 - New and modified: 0

[20/Jun/2023:22:10:38] DELETING PREPAGATI (JobID: 70bbe9d1-14d8-4a84-b4ec-3ac400f25dff)
 - Deleted: 0

[20/Jun/2023:22:20:04] UPDATING ACCOUNTS (JobID: 30cf62ef-78ca-43b7-a848-c70f04db4e23)
 - New and modified: 0

[20/Jun/2023:22:20:04] DELETING ACCOUNTS (JobID: 30cf62ef-78ca-43b7-a848-c70f04db4e23)
 - Deleted: 0

[20/Jun/2023:22:20:35] UPDATING PRODUCTS (JobID: b51e28e0-e832-41e5-a928-9cfeca19a86c)
 - New and modified: 0

[20/Jun/2023:22:20:37] UPDATING PREPAGATI (JobID: 474728a3-63b9-48cc-a95a-f52953cdd712)
 - New and modified: 0

[20/Jun/2023:22:20:37] DELETING PREPAGATI (JobID: 474728a3-63b9-48cc-a95a-f52953cdd712)
 - Deleted: 0

[20/Jun/2023:22:30:04] UPDATING ACCOUNTS (JobID: bceffb22-9603-4757-8f98-41ab14e677aa)
 - New and modified: 0

[20/Jun/2023:22:30:04] DELETING ACCOUNTS (JobID: bceffb22-9603-4757-8f98-41ab14e677aa)
 - Deleted: 0

[20/Jun/2023:22:30:35] UPDATING PRODUCTS (JobID: 2aadb6b6-5bc7-4e95-98a4-2c56ca42af3b)
 - New and modified: 0

[20/Jun/2023:22:30:37] UPDATING PREPAGATI (JobID: 09386ad6-aeb9-4793-ba74-5602a61f4813)
 - New and modified: 0

[20/Jun/2023:22:30:37] DELETING PREPAGATI (JobID: 09386ad6-aeb9-4793-ba74-5602a61f4813)
 - Deleted: 0

[20/Jun/2023:22:40:04] UPDATING ACCOUNTS (JobID: 1d3f8289-85d3-44d3-9194-ab77120dabbb)
 - New and modified: 0

[20/Jun/2023:22:40:04] DELETING ACCOUNTS (JobID: 1d3f8289-85d3-44d3-9194-ab77120dabbb)
 - Deleted: 0

[20/Jun/2023:22:40:34] UPDATING PRODUCTS (JobID: c1006b54-8446-4a4c-acf8-01dcafaba3f4)
 - New and modified: 0

[20/Jun/2023:22:40:35] UPDATING PREPAGATI (JobID: 2136f827-88ed-492a-a7d3-6a1390140d47)
 - New and modified: 0

[20/Jun/2023:22:40:35] DELETING PREPAGATI (JobID: 2136f827-88ed-492a-a7d3-6a1390140d47)
 - Deleted: 0

[20/Jun/2023:22:50:04] UPDATING ACCOUNTS (JobID: 2c355616-1b5c-40b6-9712-c7853fd31012)
 - New and modified: 0

[20/Jun/2023:22:50:04] DELETING ACCOUNTS (JobID: 2c355616-1b5c-40b6-9712-c7853fd31012)
 - Deleted: 0

[20/Jun/2023:22:50:35] UPDATING PRODUCTS (JobID: 77b3424e-ec65-4a22-90a3-59f8dffa7053)
 - New and modified: 0

[20/Jun/2023:22:50:37] UPDATING PREPAGATI (JobID: 6741282d-f257-49d8-84fd-b53a7e1dd7b9)
 - New and modified: 0

[20/Jun/2023:22:50:37] DELETING PREPAGATI (JobID: 6741282d-f257-49d8-84fd-b53a7e1dd7b9)
 - Deleted: 0

[20/Jun/2023:23:00:04] UPDATING ACCOUNTS (JobID: c08f1849-385a-44c9-8001-ae0b734af600)
 - New and modified: 0

[20/Jun/2023:23:00:04] DELETING ACCOUNTS (JobID: c08f1849-385a-44c9-8001-ae0b734af600)
 - Deleted: 0

[20/Jun/2023:23:00:35] UPDATING PRODUCTS (JobID: bed23a1c-ff6c-46a0-97d5-b06947aa82fe)
 - New and modified: 0

[20/Jun/2023:23:00:37] UPDATING PREPAGATI (JobID: 1bb95439-c066-4734-ac16-d7347789e031)
 - New and modified: 0

[20/Jun/2023:23:00:37] DELETING PREPAGATI (JobID: 1bb95439-c066-4734-ac16-d7347789e031)
 - Deleted: 0

[20/Jun/2023:23:10:05] UPDATING ACCOUNTS (JobID: 4bfa175d-2eb4-4b95-aec3-ea19612e717f)
 - New and modified: 0

[20/Jun/2023:23:10:05] DELETING ACCOUNTS (JobID: 4bfa175d-2eb4-4b95-aec3-ea19612e717f)
 - Deleted: 0

[20/Jun/2023:23:10:36] UPDATING PRODUCTS (JobID: 62fa9719-2aba-419d-a46f-11e1a3b0c4d3)
 - New and modified: 0

[20/Jun/2023:23:10:38] UPDATING PREPAGATI (JobID: 8b143021-f8a0-4cbc-8cca-a8deb92c55a0)
 - New and modified: 0

[20/Jun/2023:23:10:38] DELETING PREPAGATI (JobID: 8b143021-f8a0-4cbc-8cca-a8deb92c55a0)
 - Deleted: 0

[20/Jun/2023:23:20:04] UPDATING ACCOUNTS (JobID: 4debf3bf-f1ba-44c7-b2bd-ff9af7735432)
 - New and modified: 0

[20/Jun/2023:23:20:04] DELETING ACCOUNTS (JobID: 4debf3bf-f1ba-44c7-b2bd-ff9af7735432)
 - Deleted: 0

[20/Jun/2023:23:20:36] UPDATING PRODUCTS (JobID: 26fccf16-f4c7-4916-862b-b07774280017)
 - New and modified: 0

[20/Jun/2023:23:20:38] UPDATING PREPAGATI (JobID: d66681a1-9add-4a20-b9d2-061dcaf1b2c0)
 - New and modified: 0

[20/Jun/2023:23:20:38] DELETING PREPAGATI (JobID: d66681a1-9add-4a20-b9d2-061dcaf1b2c0)
 - Deleted: 0

[20/Jun/2023:23:30:04] UPDATING ACCOUNTS (JobID: 04d8bc1d-345c-46b4-a9c7-487daa8edd4f)
 - New and modified: 0

[20/Jun/2023:23:30:04] DELETING ACCOUNTS (JobID: 04d8bc1d-345c-46b4-a9c7-487daa8edd4f)
 - Deleted: 0

[20/Jun/2023:23:30:37] UPDATING PRODUCTS (JobID: c61fa59b-f600-43f5-8b3b-708c7cc536d3)
 - New and modified: 0

[20/Jun/2023:23:30:38] UPDATING PREPAGATI (JobID: 53e8317b-cead-42fc-b06d-fa698f9ecdcc)
 - New and modified: 0

[20/Jun/2023:23:30:38] DELETING PREPAGATI (JobID: 53e8317b-cead-42fc-b06d-fa698f9ecdcc)
 - Deleted: 0

[20/Jun/2023:23:40:04] UPDATING ACCOUNTS (JobID: 61bfdf28-2c69-4b7d-904c-9444a8f4607e)
 - New and modified: 0

[20/Jun/2023:23:40:04] DELETING ACCOUNTS (JobID: 61bfdf28-2c69-4b7d-904c-9444a8f4607e)
 - Deleted: 0

[20/Jun/2023:23:40:36] UPDATING PRODUCTS (JobID: 814fed79-b8f3-4e04-b277-949515aedb64)
 - New and modified: 0

[20/Jun/2023:23:40:38] UPDATING PREPAGATI (JobID: 164d6535-00bb-458c-9354-d13be172380b)
 - New and modified: 0

[20/Jun/2023:23:40:38] DELETING PREPAGATI (JobID: 164d6535-00bb-458c-9354-d13be172380b)
 - Deleted: 0

[20/Jun/2023:23:50:04] UPDATING ACCOUNTS (JobID: 5eab64ee-8e4c-4ea7-b246-49c9f69dbbe6)
 - New and modified: 0

[20/Jun/2023:23:50:04] DELETING ACCOUNTS (JobID: 5eab64ee-8e4c-4ea7-b246-49c9f69dbbe6)
 - Deleted: 0

[20/Jun/2023:23:50:36] UPDATING PRODUCTS (JobID: 28d1acc5-3638-4113-81e6-0e658039063f)
 - New and modified: 0

[20/Jun/2023:23:50:37] UPDATING PREPAGATI (JobID: 90964bcd-2089-4655-b991-1466725ec1cb)
 - New and modified: 0

[20/Jun/2023:23:50:37] DELETING PREPAGATI (JobID: 90964bcd-2089-4655-b991-1466725ec1cb)
 - Deleted: 0

