[28/Apr/2023:00:00:04] UPDATING ACCOUNTS (JobID: 21a6ec57-5532-43fd-9b75-cbf8c0a27080)
 - New and modified: 0

[28/Apr/2023:00:00:04] DELETING ACCOUNTS (JobID: 21a6ec57-5532-43fd-9b75-cbf8c0a27080)
 - Deleted: 0

[28/Apr/2023:00:00:41] UPDATING PRODUCTS (JobID: fc62e31f-380c-4f19-9c92-3120d492274c)
 - New and modified: 0

[28/Apr/2023:00:00:43] UPDATING PREPAGATI (JobID: ad56a137-8984-4b5e-89e6-468fd2b24e5d)
 - New and modified: 0

[28/Apr/2023:00:00:43] DELETING PREPAGATI (JobID: ad56a137-8984-4b5e-89e6-468fd2b24e5d)
 - Deleted: 0

[28/Apr/2023:00:10:04] UPDATING ACCOUNTS (JobID: b2e74273-d966-446a-85ff-5946abcecd13)
 - New and modified: 0

[28/Apr/2023:00:10:04] DELETING ACCOUNTS (JobID: b2e74273-d966-446a-85ff-5946abcecd13)
 - Deleted: 0

[28/Apr/2023:00:10:44] UPDATING PRODUCTS (JobID: aa51740c-31c3-483b-9909-01a1b9f34bc1)
 - New and modified: 0

[28/Apr/2023:00:10:47] UPDATING PREPAGATI (JobID: a50513d3-24d5-463b-80bf-75e70b148f49)
 - New and modified: 0

[28/Apr/2023:00:10:47] DELETING PREPAGATI (JobID: a50513d3-24d5-463b-80bf-75e70b148f49)
 - Deleted: 0

[28/Apr/2023:00:20:07] UPDATING ACCOUNTS (JobID: 2bf84451-2dd8-4ab9-bb4e-57718dbaa47c)
 - New and modified: 0

[28/Apr/2023:00:20:07] DELETING ACCOUNTS (JobID: 2bf84451-2dd8-4ab9-bb4e-57718dbaa47c)
 - Deleted: 0

[28/Apr/2023:00:20:43] UPDATING PRODUCTS (JobID: 6bddcc4a-cad9-49e7-994e-b64af2a0366c)
 - New and modified: 0

[28/Apr/2023:00:20:45] UPDATING PREPAGATI (JobID: ca5bc753-b9c7-487a-ad43-5d4429a840c0)
 - New and modified: 0

[28/Apr/2023:00:20:45] DELETING PREPAGATI (JobID: ca5bc753-b9c7-487a-ad43-5d4429a840c0)
 - Deleted: 0

[28/Apr/2023:00:30:05] UPDATING ACCOUNTS (JobID: 0b7ce390-f256-4743-826b-377ad1915843)
 - New and modified: 0

[28/Apr/2023:00:30:05] DELETING ACCOUNTS (JobID: 0b7ce390-f256-4743-826b-377ad1915843)
 - Deleted: 0

[28/Apr/2023:00:30:43] UPDATING PRODUCTS (JobID: 81ca7a79-f08a-494e-a80a-50c178460342)
 - New and modified: 0

[28/Apr/2023:00:30:45] UPDATING PREPAGATI (JobID: 2d4a9233-2efb-4ac6-93ec-d2c483490a9e)
 - New and modified: 0

[28/Apr/2023:00:30:45] DELETING PREPAGATI (JobID: 2d4a9233-2efb-4ac6-93ec-d2c483490a9e)
 - Deleted: 0

[28/Apr/2023:00:40:04] UPDATING ACCOUNTS (JobID: 5fc5d53f-8d0f-44be-9ec5-2b2b89864642)
 - New and modified: 0

[28/Apr/2023:00:40:04] DELETING ACCOUNTS (JobID: 5fc5d53f-8d0f-44be-9ec5-2b2b89864642)
 - Deleted: 0

[28/Apr/2023:00:40:43] UPDATING PRODUCTS (JobID: 469bf21f-1a2a-4bb9-8d9e-9f84777da24e)
 - New and modified: 0

[28/Apr/2023:00:40:45] UPDATING PREPAGATI (JobID: b0565978-3fad-44d8-b9c4-ececba770c28)
 - New and modified: 0

[28/Apr/2023:00:40:45] DELETING PREPAGATI (JobID: b0565978-3fad-44d8-b9c4-ececba770c28)
 - Deleted: 0

[28/Apr/2023:00:50:04] UPDATING ACCOUNTS (JobID: 70e99658-5045-48f4-bc04-167af0035781)
 - New and modified: 0

[28/Apr/2023:00:50:04] DELETING ACCOUNTS (JobID: 70e99658-5045-48f4-bc04-167af0035781)
 - Deleted: 0

[28/Apr/2023:00:50:37] UPDATING PRODUCTS (JobID: c353e39c-44d9-499e-87d9-3962447f7ece)
 - New and modified: 0

[28/Apr/2023:00:50:38] UPDATING PREPAGATI (JobID: 19914b1d-88fb-4825-bd2b-4112f9afa10b)
 - New and modified: 0

[28/Apr/2023:00:50:38] DELETING PREPAGATI (JobID: 19914b1d-88fb-4825-bd2b-4112f9afa10b)
 - Deleted: 0

[28/Apr/2023:01:00:04] UPDATING ACCOUNTS (JobID: 90e6f7a1-d8a8-4143-8b29-d28f5848a8cb)
 - New and modified: 0

[28/Apr/2023:01:00:04] DELETING ACCOUNTS (JobID: 90e6f7a1-d8a8-4143-8b29-d28f5848a8cb)
 - Deleted: 0

[28/Apr/2023:01:00:53] UPDATING PRODUCTS (JobID: b19724e7-b4f4-4459-b459-2c1a0159a435)
 - New and modified: 0

[28/Apr/2023:01:01:05] UPDATING PREPAGATI (JobID: 7b1e5267-87f2-4210-b001-02170e7bc081)
 - New and modified: 0

[28/Apr/2023:01:01:05] DELETING PREPAGATI (JobID: 7b1e5267-87f2-4210-b001-02170e7bc081)
 - Deleted: 0

[28/Apr/2023:01:10:15] UPDATING ACCOUNTS (JobID: f0b9a8f5-8d05-4ddb-b99c-c854a76dfcc5)
 - New and modified: 0

[28/Apr/2023:01:10:15] DELETING ACCOUNTS (JobID: f0b9a8f5-8d05-4ddb-b99c-c854a76dfcc5)
 - Deleted: 0

[28/Apr/2023:01:11:23] UPDATING PRODUCTS (JobID: 39405163-51d9-4fd1-b656-1ad5b20d5732)
 - New and modified: 0

[28/Apr/2023:01:11:26] UPDATING PREPAGATI (JobID: 0b09e617-e14c-4722-9cf4-b80ff17852cc)
 - New and modified: 0

[28/Apr/2023:01:11:26] DELETING PREPAGATI (JobID: 0b09e617-e14c-4722-9cf4-b80ff17852cc)
 - Deleted: 0

[28/Apr/2023:01:20:07] UPDATING ACCOUNTS (JobID: 8c47106c-9be1-41ef-99f0-4fb970d4aa82)
 - New and modified: 0

[28/Apr/2023:01:20:07] DELETING ACCOUNTS (JobID: 8c47106c-9be1-41ef-99f0-4fb970d4aa82)
 - Deleted: 0

[28/Apr/2023:01:21:05] UPDATING PRODUCTS (JobID: 8f486573-4815-40a9-8145-c47630c6a224)
 - New and modified: 0

[28/Apr/2023:01:21:08] UPDATING PREPAGATI (JobID: d3fb9ddd-1620-497f-bd67-6bd5afea574e)
 - New and modified: 0

[28/Apr/2023:01:21:08] DELETING PREPAGATI (JobID: d3fb9ddd-1620-497f-bd67-6bd5afea574e)
 - Deleted: 0

[28/Apr/2023:01:30:13] UPDATING ACCOUNTS (JobID: 996bfb8b-6433-4b56-949d-0da18a20c526)
 - New and modified: 0

[28/Apr/2023:01:30:13] DELETING ACCOUNTS (JobID: 996bfb8b-6433-4b56-949d-0da18a20c526)
 - Deleted: 0

[28/Apr/2023:01:31:48] UPDATING PRODUCTS (JobID: f0fa1837-11fd-4574-bb5e-532c41949be9)
 - New and modified: 0

[28/Apr/2023:01:31:51] UPDATING PREPAGATI (JobID: 32112347-2a64-42a4-ad74-3f3d67d6af68)
 - New and modified: 0

[28/Apr/2023:01:31:51] DELETING PREPAGATI (JobID: 32112347-2a64-42a4-ad74-3f3d67d6af68)
 - Deleted: 0

[28/Apr/2023:01:40:05] UPDATING ACCOUNTS (JobID: fa27b54b-95b4-4924-ae3e-bfea0ff76347)
 - New and modified: 0

[28/Apr/2023:01:40:05] DELETING ACCOUNTS (JobID: fa27b54b-95b4-4924-ae3e-bfea0ff76347)
 - Deleted: 0

[28/Apr/2023:01:40:50] UPDATING PRODUCTS (JobID: 17e3cc96-45e9-40b8-9aba-6328917d4f07)
 - New and modified: 0

[28/Apr/2023:01:40:53] UPDATING PREPAGATI (JobID: e0492c54-2047-4124-8b36-937e65a43cfd)
 - New and modified: 0

[28/Apr/2023:01:40:53] DELETING PREPAGATI (JobID: e0492c54-2047-4124-8b36-937e65a43cfd)
 - Deleted: 0

[28/Apr/2023:01:50:07] UPDATING ACCOUNTS (JobID: 65bdbeac-abf1-470e-a67d-7a20b833eb82)
 - New and modified: 0

[28/Apr/2023:01:50:07] DELETING ACCOUNTS (JobID: 65bdbeac-abf1-470e-a67d-7a20b833eb82)
 - Deleted: 0

[28/Apr/2023:01:50:45] UPDATING PRODUCTS (JobID: 20949dfa-c431-4596-9bf0-e9a7612c21d7)
 - New and modified: 0

[28/Apr/2023:01:50:47] UPDATING PREPAGATI (JobID: e3fbe3b5-f3da-498d-a7f9-a59589eb0799)
 - New and modified: 0

[28/Apr/2023:01:50:47] DELETING PREPAGATI (JobID: e3fbe3b5-f3da-498d-a7f9-a59589eb0799)
 - Deleted: 0

[28/Apr/2023:02:00:05] UPDATING ACCOUNTS (JobID: 7dd55699-14a6-4e5e-ad55-47d3a3e0093f)
 - New and modified: 0

[28/Apr/2023:02:00:05] DELETING ACCOUNTS (JobID: 7dd55699-14a6-4e5e-ad55-47d3a3e0093f)
 - Deleted: 0

[28/Apr/2023:02:00:41] UPDATING PRODUCTS (JobID: 90b18e00-4417-4bcf-b841-c55a53fdb498)
 - New and modified: 0

[28/Apr/2023:02:00:44] UPDATING PREPAGATI (JobID: f6e12c9f-5b9c-4dbb-85d1-db916b98ac50)
 - New and modified: 0

[28/Apr/2023:02:00:44] DELETING PREPAGATI (JobID: f6e12c9f-5b9c-4dbb-85d1-db916b98ac50)
 - Deleted: 0

[28/Apr/2023:02:10:04] UPDATING ACCOUNTS (JobID: e61a0c44-a30d-4e7d-ba3b-491ccbac2d41)
 - New and modified: 0

[28/Apr/2023:02:10:04] DELETING ACCOUNTS (JobID: e61a0c44-a30d-4e7d-ba3b-491ccbac2d41)
 - Deleted: 0

[28/Apr/2023:02:10:43] UPDATING PRODUCTS (JobID: 4203c99e-f126-4e40-b355-b56456e6b1ee)
 - New and modified: 0

[28/Apr/2023:02:10:45] UPDATING PREPAGATI (JobID: 9d964758-0e8c-4dcc-91cd-d81af76341fa)
 - New and modified: 0

[28/Apr/2023:02:10:45] DELETING PREPAGATI (JobID: 9d964758-0e8c-4dcc-91cd-d81af76341fa)
 - Deleted: 0

[28/Apr/2023:02:20:05] UPDATING ACCOUNTS (JobID: 32d3ec30-869a-41c2-9736-e8e2aea06cc7)
 - New and modified: 0

[28/Apr/2023:02:20:05] DELETING ACCOUNTS (JobID: 32d3ec30-869a-41c2-9736-e8e2aea06cc7)
 - Deleted: 0

[28/Apr/2023:02:20:45] UPDATING PRODUCTS (JobID: ff524ee0-5ced-4bec-b6a5-b736edaaafdf)
 - New and modified: 0

[28/Apr/2023:02:20:49] UPDATING PREPAGATI (JobID: dedf0f5b-734c-4278-8968-0a4f929f28d6)
 - New and modified: 0

[28/Apr/2023:02:20:49] DELETING PREPAGATI (JobID: dedf0f5b-734c-4278-8968-0a4f929f28d6)
 - Deleted: 0

[28/Apr/2023:02:30:04] UPDATING ACCOUNTS (JobID: a5252f3e-12be-4e05-a8ac-32c7fd71e981)
 - New and modified: 0

[28/Apr/2023:02:30:04] DELETING ACCOUNTS (JobID: a5252f3e-12be-4e05-a8ac-32c7fd71e981)
 - Deleted: 0

[28/Apr/2023:02:30:43] UPDATING PRODUCTS (JobID: 2b9dde41-3658-41dc-a196-665044c421eb)
 - New and modified: 0

[28/Apr/2023:02:30:44] UPDATING PREPAGATI (JobID: 7e1b60b4-f453-4fe2-bfda-d4c6020b334e)
 - New and modified: 0

[28/Apr/2023:02:30:44] DELETING PREPAGATI (JobID: 7e1b60b4-f453-4fe2-bfda-d4c6020b334e)
 - Deleted: 0

[28/Apr/2023:02:40:04] UPDATING ACCOUNTS (JobID: 5757a196-a8b5-4bed-a108-fecdc15dfdfd)
 - New and modified: 0

[28/Apr/2023:02:40:04] DELETING ACCOUNTS (JobID: 5757a196-a8b5-4bed-a108-fecdc15dfdfd)
 - Deleted: 0

[28/Apr/2023:02:40:44] UPDATING PRODUCTS (JobID: 33700c01-f5d5-486e-8a0e-e74d61d0740b)
 - New and modified: 0

[28/Apr/2023:02:40:46] UPDATING PREPAGATI (JobID: d1f76824-9024-4413-a7b2-a8498f5bb7cf)
 - New and modified: 0

[28/Apr/2023:02:40:46] DELETING PREPAGATI (JobID: d1f76824-9024-4413-a7b2-a8498f5bb7cf)
 - Deleted: 0

[28/Apr/2023:02:50:04] UPDATING ACCOUNTS (JobID: 47c15d31-e6a4-43ca-84cb-e74265dcbe12)
 - New and modified: 0

[28/Apr/2023:02:50:04] DELETING ACCOUNTS (JobID: 47c15d31-e6a4-43ca-84cb-e74265dcbe12)
 - Deleted: 0

[28/Apr/2023:02:50:41] UPDATING PRODUCTS (JobID: ae866954-57c5-40a1-b8a7-0c82bfbfc52b)
 - New and modified: 0

[28/Apr/2023:02:50:43] UPDATING PREPAGATI (JobID: c1396092-b7bf-45d6-8a49-e3282cc42cff)
 - New and modified: 0

[28/Apr/2023:02:50:43] DELETING PREPAGATI (JobID: c1396092-b7bf-45d6-8a49-e3282cc42cff)
 - Deleted: 0

[28/Apr/2023:03:00:07] UPDATING ACCOUNTS (JobID: 7959563e-4bc2-4a0a-a2c2-ced770767ea3)
 - New and modified: 0

[28/Apr/2023:03:00:07] DELETING ACCOUNTS (JobID: 7959563e-4bc2-4a0a-a2c2-ced770767ea3)
 - Deleted: 0

[28/Apr/2023:03:01:16] UPDATING PRODUCTS (JobID: 2af07af5-3f77-454a-8735-8762217e71f3)
 - New and modified: 0

[28/Apr/2023:03:01:18] UPDATING PREPAGATI (JobID: 4b2b57b8-4581-404f-8523-586a54cc363f)
 - New and modified: 0

[28/Apr/2023:03:01:18] DELETING PREPAGATI (JobID: 4b2b57b8-4581-404f-8523-586a54cc363f)
 - Deleted: 0

[28/Apr/2023:03:10:04] UPDATING ACCOUNTS (JobID: a9bcaee3-008f-4dda-9b9f-7b6b4f033ca6)
 - New and modified: 0

[28/Apr/2023:03:10:04] DELETING ACCOUNTS (JobID: a9bcaee3-008f-4dda-9b9f-7b6b4f033ca6)
 - Deleted: 0

[28/Apr/2023:03:10:41] UPDATING PRODUCTS (JobID: 681355e6-438e-4b77-86d2-8bc9cc2abb25)
 - New and modified: 0

[28/Apr/2023:03:10:45] UPDATING PREPAGATI (JobID: 4b87c99e-e1c2-44bc-b767-7db2511fcd7e)
 - New and modified: 0

[28/Apr/2023:03:10:45] DELETING PREPAGATI (JobID: 4b87c99e-e1c2-44bc-b767-7db2511fcd7e)
 - Deleted: 0

[28/Apr/2023:03:20:04] UPDATING ACCOUNTS (JobID: 9d482cab-bcb2-440c-b0c7-58bddad988f6)
 - New and modified: 0

[28/Apr/2023:03:20:04] DELETING ACCOUNTS (JobID: 9d482cab-bcb2-440c-b0c7-58bddad988f6)
 - Deleted: 0

[28/Apr/2023:03:20:42] UPDATING PRODUCTS (JobID: f9809cbc-00dc-4602-9801-81b268d8bd06)
 - New and modified: 0

[28/Apr/2023:03:20:44] UPDATING PREPAGATI (JobID: 6fb825fa-e62a-4174-b6e7-d07e0550ca97)
 - New and modified: 0

[28/Apr/2023:03:20:44] DELETING PREPAGATI (JobID: 6fb825fa-e62a-4174-b6e7-d07e0550ca97)
 - Deleted: 0

[28/Apr/2023:03:30:05] UPDATING ACCOUNTS (JobID: aaa972c3-28ca-4916-8ac8-7e2d9abe0f5f)
 - New and modified: 0

[28/Apr/2023:03:30:05] DELETING ACCOUNTS (JobID: aaa972c3-28ca-4916-8ac8-7e2d9abe0f5f)
 - Deleted: 0

[28/Apr/2023:03:30:42] UPDATING PRODUCTS (JobID: d5e95ee0-c5ac-429b-9c7d-179b61b1e451)
 - New and modified: 0

[28/Apr/2023:03:30:44] UPDATING PREPAGATI (JobID: 57b347e8-fef7-4ff9-8ceb-1411392fdaca)
 - New and modified: 0

[28/Apr/2023:03:30:44] DELETING PREPAGATI (JobID: 57b347e8-fef7-4ff9-8ceb-1411392fdaca)
 - Deleted: 0

[28/Apr/2023:03:40:04] UPDATING ACCOUNTS (JobID: 3ea878a4-ac56-47e8-9931-871bd143991b)
 - New and modified: 0

[28/Apr/2023:03:40:04] DELETING ACCOUNTS (JobID: 3ea878a4-ac56-47e8-9931-871bd143991b)
 - Deleted: 0

[28/Apr/2023:03:40:48] UPDATING PRODUCTS (JobID: c8d83b0c-b83e-4e82-b410-42801762ba70)
 - New and modified: 0

[28/Apr/2023:03:40:50] UPDATING PREPAGATI (JobID: 3ad53d06-14c9-4c15-bf1f-85a1bf9d1967)
 - New and modified: 0

[28/Apr/2023:03:40:50] DELETING PREPAGATI (JobID: 3ad53d06-14c9-4c15-bf1f-85a1bf9d1967)
 - Deleted: 0

[28/Apr/2023:03:50:06] UPDATING ACCOUNTS (JobID: 2eba827f-3ba4-4aca-9a55-7216a61a09f9)
 - New and modified: 0

[28/Apr/2023:03:50:06] DELETING ACCOUNTS (JobID: 2eba827f-3ba4-4aca-9a55-7216a61a09f9)
 - Deleted: 0

[28/Apr/2023:03:50:44] UPDATING PRODUCTS (JobID: 4583a6fe-3b73-4a6d-9faa-ca4b84d344bb)
 - New and modified: 0

[28/Apr/2023:03:50:46] UPDATING PREPAGATI (JobID: 1072518a-6570-46f7-8137-6a3ec9127eb9)
 - New and modified: 0

[28/Apr/2023:03:50:46] DELETING PREPAGATI (JobID: 1072518a-6570-46f7-8137-6a3ec9127eb9)
 - Deleted: 0

[28/Apr/2023:04:00:04] UPDATING ACCOUNTS (JobID: 54db1089-a159-4b26-9e60-9793758c11d7)
 - New and modified: 0

[28/Apr/2023:04:00:04] DELETING ACCOUNTS (JobID: 54db1089-a159-4b26-9e60-9793758c11d7)
 - Deleted: 0

[28/Apr/2023:04:00:43] UPDATING PRODUCTS (JobID: 913f399b-b3bf-4c11-8cf8-37637ac4d01f)
 - New and modified: 0

[28/Apr/2023:04:00:46] UPDATING PREPAGATI (JobID: e52a1877-3276-462c-a88b-b21d9640b1ae)
 - New and modified: 0

[28/Apr/2023:04:00:46] DELETING PREPAGATI (JobID: e52a1877-3276-462c-a88b-b21d9640b1ae)
 - Deleted: 0

[28/Apr/2023:04:10:04] UPDATING ACCOUNTS (JobID: b940cf86-9684-4039-b40b-5342b0dae410)
 - New and modified: 0

[28/Apr/2023:04:10:04] DELETING ACCOUNTS (JobID: b940cf86-9684-4039-b40b-5342b0dae410)
 - Deleted: 0

[28/Apr/2023:04:10:43] UPDATING PRODUCTS (JobID: 019c406f-ee1e-445b-801e-5f3ca9d21c89)
 - New and modified: 0

[28/Apr/2023:04:10:45] UPDATING PREPAGATI (JobID: e265e02c-c43f-4344-a54b-ce65e170c82a)
 - New and modified: 0

[28/Apr/2023:04:10:45] DELETING PREPAGATI (JobID: e265e02c-c43f-4344-a54b-ce65e170c82a)
 - Deleted: 0

[28/Apr/2023:04:20:08] UPDATING ACCOUNTS (JobID: 1b3527c9-ef14-4d01-9a56-1f733a6b1f3a)
 - New and modified: 0

[28/Apr/2023:04:20:08] DELETING ACCOUNTS (JobID: 1b3527c9-ef14-4d01-9a56-1f733a6b1f3a)
 - Deleted: 0

[28/Apr/2023:04:20:46] UPDATING PRODUCTS (JobID: d0296d20-fbbc-420b-9d03-76659f95ddfc)
 - New and modified: 0

[28/Apr/2023:04:20:48] UPDATING PREPAGATI (JobID: 1dacc054-72f5-49f9-8250-36492b1e8c10)
 - New and modified: 0

[28/Apr/2023:04:20:48] DELETING PREPAGATI (JobID: 1dacc054-72f5-49f9-8250-36492b1e8c10)
 - Deleted: 0

[28/Apr/2023:04:30:04] UPDATING ACCOUNTS (JobID: 7c914bfb-6833-4a64-a541-491a41885464)
 - New and modified: 0

[28/Apr/2023:04:30:04] DELETING ACCOUNTS (JobID: 7c914bfb-6833-4a64-a541-491a41885464)
 - Deleted: 0

[28/Apr/2023:04:30:43] UPDATING PRODUCTS (JobID: 429044f3-8867-4ec1-968a-a0db39bd23da)
 - New and modified: 0

[28/Apr/2023:04:30:45] UPDATING PREPAGATI (JobID: b9e747dc-d7c1-47cb-bb45-fe5d58f5ac0b)
 - New and modified: 0

[28/Apr/2023:04:30:45] DELETING PREPAGATI (JobID: b9e747dc-d7c1-47cb-bb45-fe5d58f5ac0b)
 - Deleted: 0

[28/Apr/2023:04:40:04] UPDATING ACCOUNTS (JobID: 5d935f80-9188-4791-a2a4-32a92e64640c)
 - New and modified: 0

[28/Apr/2023:04:40:04] DELETING ACCOUNTS (JobID: 5d935f80-9188-4791-a2a4-32a92e64640c)
 - Deleted: 0

[28/Apr/2023:04:40:41] UPDATING PRODUCTS (JobID: 52df7ab7-5f0d-4dac-a576-a8a2c802b3ba)
 - New and modified: 0

[28/Apr/2023:04:40:44] UPDATING PREPAGATI (JobID: cbbcee7f-8733-441d-b72a-163dd9683360)
 - New and modified: 0

[28/Apr/2023:04:40:44] DELETING PREPAGATI (JobID: cbbcee7f-8733-441d-b72a-163dd9683360)
 - Deleted: 0

[28/Apr/2023:04:50:04] UPDATING ACCOUNTS (JobID: 1bc442d2-bdb9-4203-87a8-bfb5ff8c8a5a)
 - New and modified: 0

[28/Apr/2023:04:50:04] DELETING ACCOUNTS (JobID: 1bc442d2-bdb9-4203-87a8-bfb5ff8c8a5a)
 - Deleted: 0

[28/Apr/2023:04:50:43] UPDATING PRODUCTS (JobID: b28b816f-ab05-4a5e-a4ff-334ae3bebd00)
 - New and modified: 0

[28/Apr/2023:04:50:45] UPDATING PREPAGATI (JobID: b1d63247-4609-463c-8c83-f91eebaf18e2)
 - New and modified: 0

[28/Apr/2023:04:50:45] DELETING PREPAGATI (JobID: b1d63247-4609-463c-8c83-f91eebaf18e2)
 - Deleted: 0

[28/Apr/2023:05:00:06] UPDATING ACCOUNTS (JobID: ad8956fe-c082-4834-9e6a-ae7ba866ff9c)
 - New and modified: 0

[28/Apr/2023:05:00:06] DELETING ACCOUNTS (JobID: ad8956fe-c082-4834-9e6a-ae7ba866ff9c)
 - Deleted: 0

[28/Apr/2023:05:00:46] UPDATING PRODUCTS (JobID: 6b8e64e3-a8e8-44fd-9bcc-d7e85cccb87b)
 - New and modified: 0

[28/Apr/2023:05:00:49] UPDATING PREPAGATI (JobID: 42dc27a6-7c1f-403b-9b80-5f8d10538f46)
 - New and modified: 0

[28/Apr/2023:05:00:49] DELETING PREPAGATI (JobID: 42dc27a6-7c1f-403b-9b80-5f8d10538f46)
 - Deleted: 0

[28/Apr/2023:05:10:04] UPDATING ACCOUNTS (JobID: d5b989ae-a7dc-4abe-baff-ce4aee3133a5)
 - New and modified: 0

[28/Apr/2023:05:10:04] DELETING ACCOUNTS (JobID: d5b989ae-a7dc-4abe-baff-ce4aee3133a5)
 - Deleted: 0

[28/Apr/2023:05:10:45] UPDATING PRODUCTS (JobID: edc07ca4-4434-4afa-9295-ae176bc5bb40)
 - New and modified: 0

[28/Apr/2023:05:10:47] UPDATING PREPAGATI (JobID: e1bcb1a2-0931-48b8-a940-3f32886bafea)
 - New and modified: 0

[28/Apr/2023:05:10:47] DELETING PREPAGATI (JobID: e1bcb1a2-0931-48b8-a940-3f32886bafea)
 - Deleted: 0

[28/Apr/2023:05:20:06] UPDATING ACCOUNTS (JobID: d0b3a2b6-2c2c-43d9-bd55-6dc0c045843b)
 - New and modified: 0

[28/Apr/2023:05:20:06] DELETING ACCOUNTS (JobID: d0b3a2b6-2c2c-43d9-bd55-6dc0c045843b)
 - Deleted: 0

[28/Apr/2023:05:20:46] UPDATING PRODUCTS (JobID: c1fb43a1-1c5e-41db-9244-11079ecae0f7)
 - New and modified: 0

[28/Apr/2023:05:20:48] UPDATING PREPAGATI (JobID: 7d7bfbb8-e1ed-4364-a57d-4ab2a115ff02)
 - New and modified: 0

[28/Apr/2023:05:20:48] DELETING PREPAGATI (JobID: 7d7bfbb8-e1ed-4364-a57d-4ab2a115ff02)
 - Deleted: 0

[28/Apr/2023:05:30:04] UPDATING ACCOUNTS (JobID: cf666ecf-1a92-4a13-a7e5-9f760b3a9aa9)
 - New and modified: 0

[28/Apr/2023:05:30:04] DELETING ACCOUNTS (JobID: cf666ecf-1a92-4a13-a7e5-9f760b3a9aa9)
 - Deleted: 0

[28/Apr/2023:05:30:42] UPDATING PRODUCTS (JobID: b9a10581-400c-4615-b396-40c922e67c94)
 - New and modified: 0

[28/Apr/2023:05:30:44] UPDATING PREPAGATI (JobID: 3cd7df13-9dbc-4d55-927a-a1e847f728df)
 - New and modified: 0

[28/Apr/2023:05:30:44] DELETING PREPAGATI (JobID: 3cd7df13-9dbc-4d55-927a-a1e847f728df)
 - Deleted: 0

[28/Apr/2023:05:40:04] UPDATING ACCOUNTS (JobID: 490f966d-2b4d-465a-8459-eb059b5859ab)
 - New and modified: 0

[28/Apr/2023:05:40:04] DELETING ACCOUNTS (JobID: 490f966d-2b4d-465a-8459-eb059b5859ab)
 - Deleted: 0

[28/Apr/2023:05:40:41] UPDATING PRODUCTS (JobID: 5c30bfeb-7da7-4396-ba90-5f82fdbb1733)
 - New and modified: 0

[28/Apr/2023:05:40:43] UPDATING PREPAGATI (JobID: fbc7909c-0d85-497f-8201-b622af5c15fc)
 - New and modified: 0

[28/Apr/2023:05:40:43] DELETING PREPAGATI (JobID: fbc7909c-0d85-497f-8201-b622af5c15fc)
 - Deleted: 0

[28/Apr/2023:05:50:04] UPDATING ACCOUNTS (JobID: 17ab5b77-d935-4902-8902-99d9ec971343)
 - New and modified: 0

[28/Apr/2023:05:50:04] DELETING ACCOUNTS (JobID: 17ab5b77-d935-4902-8902-99d9ec971343)
 - Deleted: 0

[28/Apr/2023:05:50:44] UPDATING PRODUCTS (JobID: ff799c0d-4d6d-4f07-8fe0-ef4ab22f6a37)
 - New and modified: 0

[28/Apr/2023:05:50:46] UPDATING PREPAGATI (JobID: 82c6f76d-6290-4432-9532-c2e7f8cbd445)
 - New and modified: 0

[28/Apr/2023:05:50:46] DELETING PREPAGATI (JobID: 82c6f76d-6290-4432-9532-c2e7f8cbd445)
 - Deleted: 0

[28/Apr/2023:06:00:06] UPDATING ACCOUNTS (JobID: 3600c443-95ba-46f5-b3a4-99b7eeb15cfd)
 - New and modified: 0

[28/Apr/2023:06:00:06] DELETING ACCOUNTS (JobID: 3600c443-95ba-46f5-b3a4-99b7eeb15cfd)
 - Deleted: 0

[28/Apr/2023:06:00:56] UPDATING PRODUCTS (JobID: 75218d4b-04d5-45f1-8fca-f89938a5f2d7)
 - New and modified: 0

[28/Apr/2023:06:00:59] UPDATING PREPAGATI (JobID: 77f3a4ba-d434-483a-a7c7-499d8635e47f)
 - New and modified: 0

[28/Apr/2023:06:00:59] DELETING PREPAGATI (JobID: 77f3a4ba-d434-483a-a7c7-499d8635e47f)
 - Deleted: 0

[28/Apr/2023:06:10:04] UPDATING ACCOUNTS (JobID: 362e6a17-4b30-4f1a-99f8-2626bbb86c16)
 - New and modified: 0

[28/Apr/2023:06:10:04] DELETING ACCOUNTS (JobID: 362e6a17-4b30-4f1a-99f8-2626bbb86c16)
 - Deleted: 0

[28/Apr/2023:06:10:41] UPDATING PRODUCTS (JobID: e11c1eb4-b123-4986-a3b5-a340df59be7c)
 - New and modified: 0

[28/Apr/2023:06:10:44] UPDATING PREPAGATI (JobID: 5acbef1f-7cf4-45e8-a732-370c1d5d1299)
 - New and modified: 0

[28/Apr/2023:06:10:44] DELETING PREPAGATI (JobID: 5acbef1f-7cf4-45e8-a732-370c1d5d1299)
 - Deleted: 0

[28/Apr/2023:06:20:04] UPDATING ACCOUNTS (JobID: c754d2af-15dd-4178-989e-0fc12b48ede6)
 - New and modified: 0

[28/Apr/2023:06:20:04] DELETING ACCOUNTS (JobID: c754d2af-15dd-4178-989e-0fc12b48ede6)
 - Deleted: 0

[28/Apr/2023:06:20:47] UPDATING PRODUCTS (JobID: 0729ff02-f0b8-48bf-b0a6-52d0ce5b7784)
 - New and modified: 0

[28/Apr/2023:06:20:49] UPDATING PREPAGATI (JobID: fe117667-0d94-46c1-ab3a-6948327b0dd6)
 - New and modified: 0

[28/Apr/2023:06:20:49] DELETING PREPAGATI (JobID: fe117667-0d94-46c1-ab3a-6948327b0dd6)
 - Deleted: 0

[28/Apr/2023:06:30:12] UPDATING ACCOUNTS (JobID: 7ceffbd9-fbe9-4cbf-b6b2-0844afabd02f)
 - New and modified: 0

[28/Apr/2023:06:30:12] DELETING ACCOUNTS (JobID: 7ceffbd9-fbe9-4cbf-b6b2-0844afabd02f)
 - Deleted: 0

[28/Apr/2023:06:30:51] UPDATING PRODUCTS (JobID: e3f08c9c-a538-4993-9fca-c9f0f680c861)
 - New and modified: 0

[28/Apr/2023:06:30:53] UPDATING PREPAGATI (JobID: b915516d-09a8-4d44-b037-3423c3314133)
 - New and modified: 0

[28/Apr/2023:06:30:53] DELETING PREPAGATI (JobID: b915516d-09a8-4d44-b037-3423c3314133)
 - Deleted: 0

[28/Apr/2023:06:50:08] UPDATING ACCOUNTS (JobID: 95c1d9a6-f350-488a-bd2c-fb387e46da74)
 - New and modified: 0

[28/Apr/2023:06:50:08] DELETING ACCOUNTS (JobID: 95c1d9a6-f350-488a-bd2c-fb387e46da74)
 - Deleted: 0

[28/Apr/2023:06:50:41] UPDATING PRODUCTS (JobID: d33041d4-8636-43e1-a7d8-f5023e61d088)
 - New and modified: 0

[28/Apr/2023:06:50:43] UPDATING PREPAGATI (JobID: f19351e9-4a38-4162-ad92-e43a58b6c26c)
 - New and modified: 0

[28/Apr/2023:06:50:43] DELETING PREPAGATI (JobID: f19351e9-4a38-4162-ad92-e43a58b6c26c)
 - Deleted: 0

[28/Apr/2023:07:00:28] UPDATING ACCOUNTS (JobID: 432626e4-8534-4eef-b50f-4f7f4afd1a86)
 - New and modified: 0

[28/Apr/2023:07:00:28] DELETING ACCOUNTS (JobID: 432626e4-8534-4eef-b50f-4f7f4afd1a86)
 - Deleted: 0

[28/Apr/2023:07:01:26] UPDATING PRODUCTS (JobID: 1120c7fc-4cab-43b2-b869-17d1e7f2b6e2)
 - New and modified: 0

[28/Apr/2023:07:01:30] UPDATING PREPAGATI (JobID: 35eab1dd-701b-412a-834f-8cfd42e46f9d)
 - New and modified: 0

[28/Apr/2023:07:01:30] DELETING PREPAGATI (JobID: 35eab1dd-701b-412a-834f-8cfd42e46f9d)
 - Deleted: 0

[28/Apr/2023:07:10:10] UPDATING ACCOUNTS (JobID: 046e8094-079d-4ccc-b8cb-cc423acd4447)
 - New and modified: 0

[28/Apr/2023:07:10:10] DELETING ACCOUNTS (JobID: 046e8094-079d-4ccc-b8cb-cc423acd4447)
 - Deleted: 0

[28/Apr/2023:07:10:56] UPDATING PRODUCTS (JobID: ea7450a2-e3c3-473d-8d60-e72bf6ef579e)
 - New and modified: 0

[28/Apr/2023:07:10:58] UPDATING PREPAGATI (JobID: 79cb2063-bcd8-49c9-88ba-715e8cffbc6e)
 - New and modified: 0

[28/Apr/2023:07:10:58] DELETING PREPAGATI (JobID: 79cb2063-bcd8-49c9-88ba-715e8cffbc6e)
 - Deleted: 0

[28/Apr/2023:07:20:11] UPDATING ACCOUNTS (JobID: 60de3118-eca4-483f-a400-a060cfbd4cfe)
 - New and modified: 0

[28/Apr/2023:07:20:11] DELETING ACCOUNTS (JobID: 60de3118-eca4-483f-a400-a060cfbd4cfe)
 - Deleted: 0

[28/Apr/2023:07:21:07] UPDATING PRODUCTS (JobID: 488ab641-e16f-402f-bd7d-0285a5c85363)
 - New and modified: 0

[28/Apr/2023:07:21:10] UPDATING PREPAGATI (JobID: a2ff9263-0d86-4e8e-877b-de6ae837a4b6)
 - New and modified: 0

[28/Apr/2023:07:21:10] DELETING PREPAGATI (JobID: a2ff9263-0d86-4e8e-877b-de6ae837a4b6)
 - Deleted: 0

[28/Apr/2023:07:30:06] UPDATING ACCOUNTS (JobID: aed60489-4e23-43eb-a964-929018575d72)
 - New and modified: 0

[28/Apr/2023:07:30:06] DELETING ACCOUNTS (JobID: aed60489-4e23-43eb-a964-929018575d72)
 - Deleted: 0

[28/Apr/2023:07:31:00] UPDATING PRODUCTS (JobID: ba0526ed-c289-419f-9ee0-1755545f3ef3)
 - New and modified: 0

[28/Apr/2023:07:31:02] UPDATING PREPAGATI (JobID: 187c9b5f-a5b8-41bd-abb9-b18ff97ab736)
 - New and modified: 0

[28/Apr/2023:07:31:02] DELETING PREPAGATI (JobID: 187c9b5f-a5b8-41bd-abb9-b18ff97ab736)
 - Deleted: 0

[28/Apr/2023:07:40:06] UPDATING ACCOUNTS (JobID: 2b4d4796-83ac-4137-9aba-01cce2be493c)
 - New and modified: 0

[28/Apr/2023:07:40:06] DELETING ACCOUNTS (JobID: 2b4d4796-83ac-4137-9aba-01cce2be493c)
 - Deleted: 0

[28/Apr/2023:07:41:13] UPDATING PRODUCTS (JobID: 08e9f8c5-6941-4c4a-ac3d-d2ad328cc905)
 - New and modified: 0

[28/Apr/2023:07:41:17] UPDATING PREPAGATI (JobID: 8c862cf4-00d2-402a-a3ad-2a5a8dd983a9)
 - New and modified: 0

[28/Apr/2023:07:41:17] DELETING PREPAGATI (JobID: 8c862cf4-00d2-402a-a3ad-2a5a8dd983a9)
 - Deleted: 0

[28/Apr/2023:07:50:07] UPDATING ACCOUNTS (JobID: c62c149b-77f5-416e-aaf0-b17a6adff66a)
 - New and modified: 0

[28/Apr/2023:07:50:07] DELETING ACCOUNTS (JobID: c62c149b-77f5-416e-aaf0-b17a6adff66a)
 - Deleted: 0

[28/Apr/2023:07:51:17] UPDATING PRODUCTS (JobID: ec025497-3993-496f-8bba-eaa4edcb87bc)
 - New and modified: 0

[28/Apr/2023:07:51:25] UPDATING PREPAGATI (JobID: e6141bef-ea13-4401-969c-14ae8e0d13d1)
 - New and modified: 0

[28/Apr/2023:07:51:25] DELETING PREPAGATI (JobID: e6141bef-ea13-4401-969c-14ae8e0d13d1)
 - Deleted: 0

[28/Apr/2023:08:00:06] UPDATING ACCOUNTS (JobID: f09aaaf3-2b8a-4c7c-9087-dfccb0e30903)
 - New and modified: 0

[28/Apr/2023:08:00:06] DELETING ACCOUNTS (JobID: f09aaaf3-2b8a-4c7c-9087-dfccb0e30903)
 - Deleted: 0

[28/Apr/2023:08:01:16] UPDATING PRODUCTS (JobID: 660cf23b-c196-4073-8d01-ee27d5eacec6)
 - New and modified: 0

[28/Apr/2023:08:01:21] UPDATING PREPAGATI (JobID: bcf00983-f7fe-4609-b73f-85ada9dcdf54)
 - New and modified: 0

[28/Apr/2023:08:01:21] DELETING PREPAGATI (JobID: bcf00983-f7fe-4609-b73f-85ada9dcdf54)
 - Deleted: 0

[28/Apr/2023:08:10:47] UPDATING ACCOUNTS (JobID: 3931f1a8-1e38-4cbb-b1ea-d8d79a641145)
 - New and modified: 0

[28/Apr/2023:08:10:47] DELETING ACCOUNTS (JobID: 3931f1a8-1e38-4cbb-b1ea-d8d79a641145)
 - Deleted: 0

[28/Apr/2023:08:12:37] UPDATING PRODUCTS (JobID: 56cefd22-7fb6-4a80-a3c7-b96685f5fca7)
 - New and modified: 0

[28/Apr/2023:08:12:41] UPDATING PREPAGATI (JobID: 1a236af9-5fad-4080-8efd-d627398c9a3a)
 - New and modified: 0

[28/Apr/2023:08:12:41] DELETING PREPAGATI (JobID: 1a236af9-5fad-4080-8efd-d627398c9a3a)
 - Deleted: 0

[28/Apr/2023:08:20:12] UPDATING ACCOUNTS (JobID: bbc01918-6478-477a-a729-55ec756f2eea)
 - New and modified: 0

[28/Apr/2023:08:20:12] DELETING ACCOUNTS (JobID: bbc01918-6478-477a-a729-55ec756f2eea)
 - Deleted: 0

[28/Apr/2023:08:21:22] UPDATING PRODUCTS (JobID: 61089a7b-99ac-4bd5-a5bf-ca65ced959f6)
 - New and modified: 0

[28/Apr/2023:08:21:25] UPDATING PREPAGATI (JobID: 1de9490f-1e01-40d1-a453-3e7ed4f7d47b)
 - New and modified: 0

[28/Apr/2023:08:21:25] DELETING PREPAGATI (JobID: 1de9490f-1e01-40d1-a453-3e7ed4f7d47b)
 - Deleted: 0

[28/Apr/2023:08:30:08] UPDATING ACCOUNTS (JobID: 0abbf7f6-7216-4d9b-983b-d24807ad86df)
 - New and modified: 0

[28/Apr/2023:08:30:08] DELETING ACCOUNTS (JobID: 0abbf7f6-7216-4d9b-983b-d24807ad86df)
 - Deleted: 0

[28/Apr/2023:08:31:25] UPDATING PRODUCTS (JobID: bd9aea85-52a0-4685-89b7-78abd975c9be)
 - New and modified: 0

[28/Apr/2023:08:31:27] UPDATING PREPAGATI (JobID: 1f95769c-a901-49b7-814d-a74cae174247)
 - New and modified: 0

[28/Apr/2023:08:31:27] DELETING PREPAGATI (JobID: 1f95769c-a901-49b7-814d-a74cae174247)
 - Deleted: 0

[28/Apr/2023:08:40:06] UPDATING ACCOUNTS (JobID: aeddfe90-6672-47c8-a2dc-995d4d3c2068)
 - New and modified: 0

[28/Apr/2023:08:40:06] DELETING ACCOUNTS (JobID: aeddfe90-6672-47c8-a2dc-995d4d3c2068)
 - Deleted: 0

[28/Apr/2023:08:41:08] UPDATING PRODUCTS (JobID: 51e608bd-bb72-474e-8c44-2819b2866f31)
 - New and modified: 0

[28/Apr/2023:08:41:13] UPDATING PREPAGATI (JobID: 259753df-7bd6-4959-a288-2f37b0b33bfb)
 - New and modified: 0

[28/Apr/2023:08:41:13] DELETING PREPAGATI (JobID: 259753df-7bd6-4959-a288-2f37b0b33bfb)
 - Deleted: 0

[28/Apr/2023:08:50:06] UPDATING ACCOUNTS (JobID: ef2e287a-868f-4517-8afc-f12c8a21b58b)
 - New and modified: 0

[28/Apr/2023:08:50:06] DELETING ACCOUNTS (JobID: ef2e287a-868f-4517-8afc-f12c8a21b58b)
 - Deleted: 0

[28/Apr/2023:08:51:17] UPDATING PRODUCTS (JobID: 36f1e6bb-83dd-4257-ba7c-3878b069b77e)
 - New and modified: 0

[28/Apr/2023:08:51:19] UPDATING PREPAGATI (JobID: b9f948b1-1ea4-4fa5-950e-558cbd1ee69f)
 - New and modified: 0

[28/Apr/2023:08:51:19] DELETING PREPAGATI (JobID: b9f948b1-1ea4-4fa5-950e-558cbd1ee69f)
 - Deleted: 0

[28/Apr/2023:09:00:16] UPDATING ACCOUNTS (JobID: a0e28494-3450-4c16-89ba-cff596874079)
 - New and modified: 0

[28/Apr/2023:09:00:16] DELETING ACCOUNTS (JobID: a0e28494-3450-4c16-89ba-cff596874079)
 - Deleted: 0

[28/Apr/2023:09:01:31] UPDATING PRODUCTS (JobID: d9c4f45a-dfa7-431c-bde8-d0876155e1e9)
 - New and modified: 0

[28/Apr/2023:09:01:36] UPDATING PREPAGATI (JobID: 9c883a2a-c0da-474d-9e3d-751861089b35)
 - New and modified: 0

[28/Apr/2023:09:01:36] DELETING PREPAGATI (JobID: 9c883a2a-c0da-474d-9e3d-751861089b35)
 - Deleted: 0

[28/Apr/2023:09:10:10] UPDATING ACCOUNTS (JobID: 11f46354-e266-4c56-830a-651278ba8c12)
 - New and modified: 0

[28/Apr/2023:09:10:10] DELETING ACCOUNTS (JobID: 11f46354-e266-4c56-830a-651278ba8c12)
 - Deleted: 0

[28/Apr/2023:09:11:14] UPDATING PRODUCTS (JobID: c055e614-2e03-4caf-9c8f-f6d85bb9e4f8)
 - New and modified: 0

[28/Apr/2023:09:11:19] UPDATING PREPAGATI (JobID: 872f4af2-61a2-41f1-b10b-2a33ee3e71e8)
 - New and modified: 0

[28/Apr/2023:09:11:19] DELETING PREPAGATI (JobID: 872f4af2-61a2-41f1-b10b-2a33ee3e71e8)
 - Deleted: 0

[28/Apr/2023:09:20:08] UPDATING ACCOUNTS (JobID: f7a89362-4f6f-4dfd-aeab-82efab03f74c)
 - New and modified: 0

[28/Apr/2023:09:20:08] DELETING ACCOUNTS (JobID: f7a89362-4f6f-4dfd-aeab-82efab03f74c)
 - Deleted: 0

[28/Apr/2023:09:20:57] UPDATING PRODUCTS (JobID: 802b05ec-5241-4aeb-bcd3-096dbe17bf5f)
 - New and modified: 0

[28/Apr/2023:09:21:07] UPDATING PREPAGATI (JobID: cc001a42-14c8-471f-ad93-c8422d1ce46d)
 - New and modified: 0

[28/Apr/2023:09:21:07] DELETING PREPAGATI (JobID: cc001a42-14c8-471f-ad93-c8422d1ce46d)
 - Deleted: 0

[28/Apr/2023:09:30:08] UPDATING ACCOUNTS (JobID: 01efdddf-973d-4232-89a7-5d8b62867c5c)
 - New and modified: 0

[28/Apr/2023:09:30:08] DELETING ACCOUNTS (JobID: 01efdddf-973d-4232-89a7-5d8b62867c5c)
 - Deleted: 0

[28/Apr/2023:09:31:01] UPDATING PRODUCTS (JobID: b4afbb2b-251e-4c16-bd47-64775b6caf9b)
 - New and modified: 0

[28/Apr/2023:09:31:06] UPDATING PREPAGATI (JobID: c29669a0-cefe-450a-8473-abfc7190f5c2)
 - New and modified: 0

[28/Apr/2023:09:31:06] DELETING PREPAGATI (JobID: c29669a0-cefe-450a-8473-abfc7190f5c2)
 - Deleted: 0

[28/Apr/2023:09:40:04] UPDATING ACCOUNTS (JobID: 0427f84a-88d2-4cf1-a834-f6a30ff96b17)
 - New and modified: 0

[28/Apr/2023:09:40:04] DELETING ACCOUNTS (JobID: 0427f84a-88d2-4cf1-a834-f6a30ff96b17)
 - Deleted: 0

[28/Apr/2023:09:40:44] UPDATING PRODUCTS (JobID: 6d96514e-23e4-4ddb-962a-50b0dd44e556)
 - New and modified: 0

[28/Apr/2023:09:40:46] UPDATING PREPAGATI (JobID: 6f65a913-827a-4158-af84-caaeeacfe62c)
 - New and modified: 0

[28/Apr/2023:09:40:46] DELETING PREPAGATI (JobID: 6f65a913-827a-4158-af84-caaeeacfe62c)
 - Deleted: 0

[28/Apr/2023:09:50:04] UPDATING ACCOUNTS (JobID: 9458dd07-f5af-482a-a8c5-3f129be8579a)
 - New and modified: 0

[28/Apr/2023:09:50:04] DELETING ACCOUNTS (JobID: 9458dd07-f5af-482a-a8c5-3f129be8579a)
 - Deleted: 0

[28/Apr/2023:09:50:42] UPDATING PRODUCTS (JobID: b0c135a6-81e4-4bdd-98ee-8c8f4e1af404)
 - New and modified: 0

[28/Apr/2023:09:50:44] UPDATING PREPAGATI (JobID: afe55ea2-d4d2-4f03-995e-fa515c2b7b4d)
 - New and modified: 0

[28/Apr/2023:09:50:44] DELETING PREPAGATI (JobID: afe55ea2-d4d2-4f03-995e-fa515c2b7b4d)
 - Deleted: 0

[28/Apr/2023:10:00:09] UPDATING ACCOUNTS (JobID: 1f117889-d0ed-4d18-a5f6-a788999a6130)
 - New and modified: 0

[28/Apr/2023:10:00:09] DELETING ACCOUNTS (JobID: 1f117889-d0ed-4d18-a5f6-a788999a6130)
 - Deleted: 0

[28/Apr/2023:10:01:21] UPDATING PRODUCTS (JobID: 3ccec9b2-597b-4d72-8cdb-e7358ddcb1c5)
 - New and modified: 0

[28/Apr/2023:10:01:27] UPDATING PREPAGATI (JobID: 50b001f4-c1fb-4b27-9930-b503392ab5bc)
 - New and modified: 0

[28/Apr/2023:10:01:27] DELETING PREPAGATI (JobID: 50b001f4-c1fb-4b27-9930-b503392ab5bc)
 - Deleted: 0

[28/Apr/2023:10:10:07] UPDATING ACCOUNTS (JobID: b92e4911-0481-4496-aef7-412190b151fb)
 - New and modified: 0

[28/Apr/2023:10:10:07] DELETING ACCOUNTS (JobID: b92e4911-0481-4496-aef7-412190b151fb)
 - Deleted: 0

[28/Apr/2023:10:13:12] UPDATING PRODUCTS (JobID: d1c43b98-f433-4e36-a321-af9a59580bc8)
 - New and modified: 0

[28/Apr/2023:10:13:29] UPDATING PREPAGATI (JobID: 7cefd27f-9d5f-489a-9a6e-0c7252605ee1)
 - New and modified: 0

[28/Apr/2023:10:13:29] DELETING PREPAGATI (JobID: 7cefd27f-9d5f-489a-9a6e-0c7252605ee1)
 - Deleted: 0

[28/Apr/2023:10:20:04] UPDATING ACCOUNTS (JobID: 182ac3b1-952b-4a54-88a9-4441ffc4211e)
 - New and modified: 0

[28/Apr/2023:10:20:04] DELETING ACCOUNTS (JobID: 182ac3b1-952b-4a54-88a9-4441ffc4211e)
 - Deleted: 0

[28/Apr/2023:10:20:41] UPDATING PRODUCTS (JobID: 2f7258d0-e0fc-4c40-a595-8c42959ca0d7)
 - New and modified: 0

[28/Apr/2023:10:20:43] UPDATING PREPAGATI (JobID: ccff0353-9129-4e94-bec2-a4495aef1303)
 - New and modified: 0

[28/Apr/2023:10:20:43] DELETING PREPAGATI (JobID: ccff0353-9129-4e94-bec2-a4495aef1303)
 - Deleted: 0

[28/Apr/2023:10:30:05] UPDATING ACCOUNTS (JobID: 182399d8-35f1-4a42-9e3d-b7736587f060)
 - New and modified: 0

[28/Apr/2023:10:30:05] DELETING ACCOUNTS (JobID: 182399d8-35f1-4a42-9e3d-b7736587f060)
 - Deleted: 0

[28/Apr/2023:10:30:45] UPDATING PRODUCTS (JobID: 40ca844e-6dfe-4b63-8cf9-017e476ceec2)
 - New and modified: 0

[28/Apr/2023:10:30:47] UPDATING PREPAGATI (JobID: eee9df8b-86b4-491c-91e2-f77e2f716d33)
 - New and modified: 0

[28/Apr/2023:10:30:47] DELETING PREPAGATI (JobID: eee9df8b-86b4-491c-91e2-f77e2f716d33)
 - Deleted: 0

[28/Apr/2023:10:40:05] UPDATING ACCOUNTS (JobID: f24e474f-06de-44b6-845f-d618336ae77f)
 - New and modified: 0

[28/Apr/2023:10:40:05] DELETING ACCOUNTS (JobID: f24e474f-06de-44b6-845f-d618336ae77f)
 - Deleted: 0

[28/Apr/2023:10:40:41] UPDATING PRODUCTS (JobID: 70577080-816b-40f2-866d-e7dd21b30532)
 - New and modified: 0

[28/Apr/2023:10:40:43] UPDATING PREPAGATI (JobID: 086640b7-2678-4e8c-8243-bb04c36d4a1a)
 - New and modified: 0

[28/Apr/2023:10:40:43] DELETING PREPAGATI (JobID: 086640b7-2678-4e8c-8243-bb04c36d4a1a)
 - Deleted: 0

[28/Apr/2023:10:50:05] UPDATING ACCOUNTS (JobID: f6d0300c-2f4b-4559-9f35-b10836ac36c9)
 - New and modified: 0

[28/Apr/2023:10:50:05] DELETING ACCOUNTS (JobID: f6d0300c-2f4b-4559-9f35-b10836ac36c9)
 - Deleted: 0

[28/Apr/2023:10:50:59] UPDATING PRODUCTS (JobID: c6866e13-ef79-4790-bf42-22dafdea5abf)
 - New and modified: 0

[28/Apr/2023:10:51:01] UPDATING PREPAGATI (JobID: c1aa779f-61ef-4718-b848-675e721c8c74)
 - New and modified: 0

[28/Apr/2023:10:51:01] DELETING PREPAGATI (JobID: c1aa779f-61ef-4718-b848-675e721c8c74)
 - Deleted: 0

[28/Apr/2023:11:00:04] UPDATING ACCOUNTS (JobID: 0575a67b-2887-43cf-baa3-438eaab8368b)
 - New and modified: 0

[28/Apr/2023:11:00:04] DELETING ACCOUNTS (JobID: 0575a67b-2887-43cf-baa3-438eaab8368b)
 - Deleted: 0

[28/Apr/2023:11:01:16] UPDATING PRODUCTS (JobID: 0b2446a9-dafb-4380-82ef-b11d90894381)
 - New and modified: 0

[28/Apr/2023:11:01:21] UPDATING PREPAGATI (JobID: 10ce7eaa-573c-43b5-9e21-baf6c49dfc2c)
 - New and modified: 0

[28/Apr/2023:11:01:21] DELETING PREPAGATI (JobID: 10ce7eaa-573c-43b5-9e21-baf6c49dfc2c)
 - Deleted: 0

[28/Apr/2023:11:10:07] UPDATING ACCOUNTS (JobID: 40dbdfa5-2cc8-4364-aa14-9c2dfbcf4281)
 - New and modified: 0

[28/Apr/2023:11:10:07] DELETING ACCOUNTS (JobID: 40dbdfa5-2cc8-4364-aa14-9c2dfbcf4281)
 - Deleted: 0

[28/Apr/2023:11:11:00] UPDATING PRODUCTS (JobID: 020aa46c-afd2-44a2-a21d-0c022ca00fe3)
 - New and modified: 0

[28/Apr/2023:11:11:02] UPDATING PREPAGATI (JobID: 06173588-5215-487c-9947-dd1a10c756a7)
 - New and modified: 0

[28/Apr/2023:11:11:02] DELETING PREPAGATI (JobID: 06173588-5215-487c-9947-dd1a10c756a7)
 - Deleted: 0

[28/Apr/2023:11:20:04] UPDATING ACCOUNTS (JobID: b997d6e3-b005-4087-825f-83eef362296f)
 - New and modified: 0

[28/Apr/2023:11:20:04] DELETING ACCOUNTS (JobID: b997d6e3-b005-4087-825f-83eef362296f)
 - Deleted: 0

[28/Apr/2023:11:20:42] UPDATING PRODUCTS (JobID: dfcba012-22b1-4911-aaec-ab1cbe00fc6f)
 - New and modified: 0

[28/Apr/2023:11:20:45] UPDATING PREPAGATI (JobID: edda3af8-de1b-4c80-9862-722e2bfe8a46)
 - New and modified: 0

[28/Apr/2023:11:20:45] DELETING PREPAGATI (JobID: edda3af8-de1b-4c80-9862-722e2bfe8a46)
 - Deleted: 0

[28/Apr/2023:11:30:04] UPDATING ACCOUNTS (JobID: f5c0504a-ff6a-4a4e-a60f-357730f8e2ac)
 - New and modified: 0

[28/Apr/2023:11:30:04] DELETING ACCOUNTS (JobID: f5c0504a-ff6a-4a4e-a60f-357730f8e2ac)
 - Deleted: 0

[28/Apr/2023:11:30:43] UPDATING PRODUCTS (JobID: a65f63bd-64b2-4441-add2-3307697fb848)
 - New and modified: 0

[28/Apr/2023:11:30:45] UPDATING PREPAGATI (JobID: e451f2b6-c25b-41da-a88e-6779bd0c09fb)
 - New and modified: 0

[28/Apr/2023:11:30:45] DELETING PREPAGATI (JobID: e451f2b6-c25b-41da-a88e-6779bd0c09fb)
 - Deleted: 0

[28/Apr/2023:11:40:04] UPDATING ACCOUNTS (JobID: a4b6eb74-f69e-476c-a48f-847888046293)
 - New and modified: 0

[28/Apr/2023:11:40:04] DELETING ACCOUNTS (JobID: a4b6eb74-f69e-476c-a48f-847888046293)
 - Deleted: 0

[28/Apr/2023:11:40:41] UPDATING PRODUCTS (JobID: d08010fb-b94a-433e-ac7a-7ed06cb62b7d)
 - New and modified: 0

[28/Apr/2023:11:40:43] UPDATING PREPAGATI (JobID: 6cdef61b-6de9-4202-8496-49bc8ad019a2)
 - New and modified: 0

[28/Apr/2023:11:40:43] DELETING PREPAGATI (JobID: 6cdef61b-6de9-4202-8496-49bc8ad019a2)
 - Deleted: 0

[28/Apr/2023:11:50:07] UPDATING ACCOUNTS (JobID: 51f071a1-5e08-406f-aec7-471935144201)
 - New and modified: 0

[28/Apr/2023:11:50:07] DELETING ACCOUNTS (JobID: 51f071a1-5e08-406f-aec7-471935144201)
 - Deleted: 0

[28/Apr/2023:11:50:50] UPDATING PRODUCTS (JobID: d16a18e1-d161-475f-a1e8-35c3a4402d3f)
 - New and modified: 0

[28/Apr/2023:11:50:58] UPDATING PREPAGATI (JobID: cb26545b-e71f-4820-9022-f96f1959de7a)
 - New and modified: 0

[28/Apr/2023:11:50:58] DELETING PREPAGATI (JobID: cb26545b-e71f-4820-9022-f96f1959de7a)
 - Deleted: 0

[28/Apr/2023:12:00:04] UPDATING ACCOUNTS (JobID: f6542474-2c51-4db5-a239-54d55588f8ab)
 - New and modified: 0

[28/Apr/2023:12:00:04] DELETING ACCOUNTS (JobID: f6542474-2c51-4db5-a239-54d55588f8ab)
 - Deleted: 0

[28/Apr/2023:12:00:57] UPDATING PRODUCTS (JobID: 26dbde93-0214-48cd-8c43-e253af6e1240)
 - New and modified: 0

[28/Apr/2023:12:01:03] UPDATING PREPAGATI (JobID: 090573c6-ec37-4260-a729-7fd063161163)
 - New and modified: 0

[28/Apr/2023:12:01:03] DELETING PREPAGATI (JobID: 090573c6-ec37-4260-a729-7fd063161163)
 - Deleted: 0

[28/Apr/2023:12:10:04] UPDATING ACCOUNTS (JobID: 5a7f899f-59a2-4e76-86ac-0f9812e588ae)
 - New and modified: 0

[28/Apr/2023:12:10:04] DELETING ACCOUNTS (JobID: 5a7f899f-59a2-4e76-86ac-0f9812e588ae)
 - Deleted: 0

[28/Apr/2023:12:10:40] UPDATING PRODUCTS (JobID: 9114efe8-b132-41de-a754-6edb45fd4828)
 - New and modified: 0

[28/Apr/2023:12:10:42] UPDATING PREPAGATI (JobID: 2171541f-d02d-492a-931f-fe776f7278fa)
 - New and modified: 0

[28/Apr/2023:12:10:42] DELETING PREPAGATI (JobID: 2171541f-d02d-492a-931f-fe776f7278fa)
 - Deleted: 0

[28/Apr/2023:12:20:06] UPDATING ACCOUNTS (JobID: 3d71b7d3-d2af-4959-99df-b22c1299ba40)
 - New and modified: 0

[28/Apr/2023:12:20:06] DELETING ACCOUNTS (JobID: 3d71b7d3-d2af-4959-99df-b22c1299ba40)
 - Deleted: 0

[28/Apr/2023:12:20:43] UPDATING PRODUCTS (JobID: 9c79e50f-e89e-44d5-bfc7-f699151950fa)
 - New and modified: 0

[28/Apr/2023:12:20:46] UPDATING PREPAGATI (JobID: e677b89d-af70-4f71-94cf-3f07c6f3488e)
 - New and modified: 0

[28/Apr/2023:12:20:46] DELETING PREPAGATI (JobID: e677b89d-af70-4f71-94cf-3f07c6f3488e)
 - Deleted: 0

[28/Apr/2023:12:30:04] UPDATING ACCOUNTS (JobID: 3f566a93-c2a4-4887-8644-eab98fbefb2b)
 - New and modified: 0

[28/Apr/2023:12:30:04] DELETING ACCOUNTS (JobID: 3f566a93-c2a4-4887-8644-eab98fbefb2b)
 - Deleted: 0

[28/Apr/2023:12:30:44] UPDATING PRODUCTS (JobID: 24beb53c-c1a5-486a-9e96-9cfe186bc64a)
 - New and modified: 0

[28/Apr/2023:12:30:46] UPDATING PREPAGATI (JobID: b376731d-a163-4f52-b8d5-e74006c908d0)
 - New and modified: 0

[28/Apr/2023:12:30:46] DELETING PREPAGATI (JobID: b376731d-a163-4f52-b8d5-e74006c908d0)
 - Deleted: 0

[28/Apr/2023:12:40:04] UPDATING ACCOUNTS (JobID: 1fe871af-8965-4ab5-826b-b401d125b37d)
 - New and modified: 0

[28/Apr/2023:12:40:04] DELETING ACCOUNTS (JobID: 1fe871af-8965-4ab5-826b-b401d125b37d)
 - Deleted: 0

[28/Apr/2023:12:40:43] UPDATING PRODUCTS (JobID: 1b8943fe-9145-41d7-bb76-92313c393279)
 - New and modified: 0

[28/Apr/2023:12:40:46] UPDATING PREPAGATI (JobID: 77f8b27e-a267-44c9-bb72-d8bd0384a9fc)
 - New and modified: 0

[28/Apr/2023:12:40:46] DELETING PREPAGATI (JobID: 77f8b27e-a267-44c9-bb72-d8bd0384a9fc)
 - Deleted: 0

[28/Apr/2023:12:50:04] UPDATING ACCOUNTS (JobID: 45dcc172-475e-4f99-b95f-f9d0a96806ec)
 - New and modified: 0

[28/Apr/2023:12:50:04] DELETING ACCOUNTS (JobID: 45dcc172-475e-4f99-b95f-f9d0a96806ec)
 - Deleted: 0

[28/Apr/2023:12:50:42] UPDATING PRODUCTS (JobID: 8ce1007e-88eb-41b0-b094-392166acdfdf)
 - New and modified: 0

[28/Apr/2023:12:50:44] UPDATING PREPAGATI (JobID: cc7b3b5e-d206-42c5-831f-ffb6d45634d7)
 - New and modified: 0

[28/Apr/2023:12:50:44] DELETING PREPAGATI (JobID: cc7b3b5e-d206-42c5-831f-ffb6d45634d7)
 - Deleted: 0

[28/Apr/2023:13:00:05] UPDATING ACCOUNTS (JobID: 6420fcf7-1df1-484f-be69-4b12ee5af510)
 - New and modified: 0

[28/Apr/2023:13:00:05] DELETING ACCOUNTS (JobID: 6420fcf7-1df1-484f-be69-4b12ee5af510)
 - Deleted: 0

[28/Apr/2023:13:01:05] UPDATING PRODUCTS (JobID: 7aeaa916-15ef-4ff4-b605-52e65277b8e0)
 - New and modified: 0

[28/Apr/2023:13:01:08] UPDATING PREPAGATI (JobID: e9fbe0f1-ea52-4f3f-837d-631dc08c66a0)
 - New and modified: 0

[28/Apr/2023:13:01:08] DELETING PREPAGATI (JobID: e9fbe0f1-ea52-4f3f-837d-631dc08c66a0)
 - Deleted: 0

[28/Apr/2023:13:10:45] UPDATING ACCOUNTS (JobID: cff9d214-59b1-4e06-9f23-ae01c0f18526)
 - New and modified: 0

[28/Apr/2023:13:10:45] DELETING ACCOUNTS (JobID: cff9d214-59b1-4e06-9f23-ae01c0f18526)
 - Deleted: 0

[28/Apr/2023:13:13:57] UPDATING PRODUCTS (JobID: a9851684-0e95-4e1c-9204-a7adddd67d9c)
 - New and modified: 0

[28/Apr/2023:13:13:59] UPDATING PREPAGATI (JobID: 00d62fdc-7e4e-4525-ac1a-52963c569716)
 - New and modified: 0

[28/Apr/2023:13:13:59] DELETING PREPAGATI (JobID: 00d62fdc-7e4e-4525-ac1a-52963c569716)
 - Deleted: 0

[28/Apr/2023:13:20:12] UPDATING ACCOUNTS (JobID: d74ce3d2-eab1-4ee6-ae95-d59e81ad8fc8)
 - New and modified: 0

[28/Apr/2023:13:20:12] DELETING ACCOUNTS (JobID: d74ce3d2-eab1-4ee6-ae95-d59e81ad8fc8)
 - Deleted: 0

[28/Apr/2023:13:21:07] UPDATING PRODUCTS (JobID: afc762ee-41a9-436f-abc6-688d3dd76fb6)
 - New and modified: 0

[28/Apr/2023:13:21:09] UPDATING PREPAGATI (JobID: 25ee127f-4515-4474-b7fe-4a2a2398e2fb)
 - New and modified: 0

[28/Apr/2023:13:21:09] DELETING PREPAGATI (JobID: 25ee127f-4515-4474-b7fe-4a2a2398e2fb)
 - Deleted: 0

[28/Apr/2023:13:30:06] UPDATING ACCOUNTS (JobID: a146633d-f3a6-4659-8725-bc5250d21492)
 - New and modified: 0

[28/Apr/2023:13:30:06] DELETING ACCOUNTS (JobID: a146633d-f3a6-4659-8725-bc5250d21492)
 - Deleted: 0

[28/Apr/2023:13:30:48] UPDATING PRODUCTS (JobID: 59e915d5-9102-48b3-b593-d96e789a3c1d)
 - New and modified: 0

[28/Apr/2023:13:30:56] UPDATING PREPAGATI (JobID: bc36894f-14ff-48e4-a936-cfdfddf3554f)
 - New and modified: 0

[28/Apr/2023:13:30:56] DELETING PREPAGATI (JobID: bc36894f-14ff-48e4-a936-cfdfddf3554f)
 - Deleted: 0

[28/Apr/2023:13:40:04] UPDATING ACCOUNTS (JobID: a4a3a041-0bdb-417c-a6cf-ac04cf022301)
 - New and modified: 0

[28/Apr/2023:13:40:04] DELETING ACCOUNTS (JobID: a4a3a041-0bdb-417c-a6cf-ac04cf022301)
 - Deleted: 0

[28/Apr/2023:13:40:39] UPDATING PRODUCTS (JobID: b9b7e731-321f-45b3-b509-72e6a1835f99)
 - New and modified: 0

[28/Apr/2023:13:40:44] UPDATING PREPAGATI (JobID: 9d9e0b55-2a48-4697-955a-06c5383702fd)
 - New and modified: 0

[28/Apr/2023:13:40:44] DELETING PREPAGATI (JobID: 9d9e0b55-2a48-4697-955a-06c5383702fd)
 - Deleted: 0

[28/Apr/2023:13:50:08] UPDATING ACCOUNTS (JobID: eb774c27-e06f-4d54-abaa-f10f1426f75a)
 - New and modified: 0

[28/Apr/2023:13:50:08] DELETING ACCOUNTS (JobID: eb774c27-e06f-4d54-abaa-f10f1426f75a)
 - Deleted: 0

[28/Apr/2023:13:50:44] UPDATING PRODUCTS (JobID: 3234d8d5-262e-48ea-b57c-c22d49f7318d)
 - New and modified: 0

[28/Apr/2023:13:50:47] UPDATING PREPAGATI (JobID: 1a80287b-b90d-4b01-a158-54ee9af3d286)
 - New and modified: 0

[28/Apr/2023:13:50:47] DELETING PREPAGATI (JobID: 1a80287b-b90d-4b01-a158-54ee9af3d286)
 - Deleted: 0

[28/Apr/2023:14:00:07] UPDATING ACCOUNTS (JobID: e27f6347-df16-4f3e-9317-217190d5c729)
 - New and modified: 0

[28/Apr/2023:14:00:07] DELETING ACCOUNTS (JobID: e27f6347-df16-4f3e-9317-217190d5c729)
 - Deleted: 0

[28/Apr/2023:14:01:40] UPDATING PRODUCTS (JobID: a5e425c9-77dc-4d81-9f11-20ff0df7c579)
 - New and modified: 0

[28/Apr/2023:14:01:44] UPDATING PREPAGATI (JobID: c6bda838-19bf-45b8-bd6c-4444aefa310b)
 - New and modified: 0

[28/Apr/2023:14:01:44] DELETING PREPAGATI (JobID: c6bda838-19bf-45b8-bd6c-4444aefa310b)
 - Deleted: 0

[28/Apr/2023:14:11:14] UPDATING ACCOUNTS (JobID: dad13ff6-5487-48db-8df4-577027364d5e)
 - New and modified: 0

[28/Apr/2023:14:11:14] DELETING ACCOUNTS (JobID: dad13ff6-5487-48db-8df4-577027364d5e)
 - Deleted: 0

[28/Apr/2023:14:14:08] UPDATING PRODUCTS (JobID: a8ec268a-1d92-4d04-bd32-92d94f941d06)
 - New and modified: 0

[28/Apr/2023:14:14:12] UPDATING PREPAGATI (JobID: a7833d8e-ab1d-480b-b7a7-c77178d9fa03)
 - New and modified: 0

[28/Apr/2023:14:14:12] DELETING PREPAGATI (JobID: a7833d8e-ab1d-480b-b7a7-c77178d9fa03)
 - Deleted: 0

[28/Apr/2023:14:30:06] UPDATING ACCOUNTS (JobID: 5bdb43cd-2a9a-47f2-ac05-58961d1deff1)
 - New and modified: 0

[28/Apr/2023:14:30:06] DELETING ACCOUNTS (JobID: 5bdb43cd-2a9a-47f2-ac05-58961d1deff1)
 - Deleted: 0

[28/Apr/2023:14:30:48] UPDATING PRODUCTS (JobID: 85aac802-c992-48a0-816d-9b2262aa81a5)
 - New and modified: 0

[28/Apr/2023:14:30:51] UPDATING PREPAGATI (JobID: cd7dad80-d384-40ca-ba6c-c926a3113cad)
 - New and modified: 0

[28/Apr/2023:14:30:51] DELETING PREPAGATI (JobID: cd7dad80-d384-40ca-ba6c-c926a3113cad)
 - Deleted: 0

[28/Apr/2023:14:40:04] UPDATING ACCOUNTS (JobID: 729553f4-2c98-4df3-9fe4-0da6a996b114)
 - New and modified: 0

[28/Apr/2023:14:40:04] DELETING ACCOUNTS (JobID: 729553f4-2c98-4df3-9fe4-0da6a996b114)
 - Deleted: 0

[28/Apr/2023:14:40:43] UPDATING PRODUCTS (JobID: 360cc3ab-3fcd-4a43-84cd-833eb64119c1)
 - New and modified: 0

[28/Apr/2023:14:40:45] UPDATING PREPAGATI (JobID: db7667ac-68ee-4928-830d-aa88e4392968)
 - New and modified: 0

[28/Apr/2023:14:40:45] DELETING PREPAGATI (JobID: db7667ac-68ee-4928-830d-aa88e4392968)
 - Deleted: 0

[28/Apr/2023:14:50:05] UPDATING ACCOUNTS (JobID: 909f60b7-72ab-49cf-9047-732d1b8f3216)
 - New and modified: 0

[28/Apr/2023:14:50:05] DELETING ACCOUNTS (JobID: 909f60b7-72ab-49cf-9047-732d1b8f3216)
 - Deleted: 0

[28/Apr/2023:14:50:42] UPDATING PRODUCTS (JobID: b90dab93-1060-45f3-90b3-33915632a33d)
 - New and modified: 0

[28/Apr/2023:14:50:44] UPDATING PREPAGATI (JobID: 159e183a-5bdb-458a-8a8b-d7492d24feb3)
 - New and modified: 0

[28/Apr/2023:14:50:44] DELETING PREPAGATI (JobID: 159e183a-5bdb-458a-8a8b-d7492d24feb3)
 - Deleted: 0

[28/Apr/2023:15:00:05] UPDATING ACCOUNTS (JobID: a522b028-4b95-4f8e-928d-ebfd0c8a11ed)
 - New and modified: 0

[28/Apr/2023:15:00:05] DELETING ACCOUNTS (JobID: a522b028-4b95-4f8e-928d-ebfd0c8a11ed)
 - Deleted: 0

[28/Apr/2023:15:01:33] UPDATING PRODUCTS (JobID: 5de884f2-4156-4f0d-93f5-1ee29bd03ac9)
 - New and modified: 0

[28/Apr/2023:15:01:37] UPDATING PREPAGATI (JobID: 0937dd3f-304c-4448-a31b-beb7abb42ddc)
 - New and modified: 0

[28/Apr/2023:15:01:37] DELETING PREPAGATI (JobID: 0937dd3f-304c-4448-a31b-beb7abb42ddc)
 - Deleted: 0

[28/Apr/2023:15:10:06] UPDATING ACCOUNTS (JobID: 2c4e0e4e-dfb9-4c95-ba79-7735fff3d66c)
 - New and modified: 0

[28/Apr/2023:15:10:06] DELETING ACCOUNTS (JobID: 2c4e0e4e-dfb9-4c95-ba79-7735fff3d66c)
 - Deleted: 0

[28/Apr/2023:15:11:15] UPDATING PRODUCTS (JobID: 176a6e53-b035-45b3-bf77-0ad4471625f4)
 - New and modified: 0

[28/Apr/2023:15:11:17] UPDATING PREPAGATI (JobID: dbfdd20f-d62f-4e07-9929-14dcb41b9327)
 - New and modified: 0

[28/Apr/2023:15:11:17] DELETING PREPAGATI (JobID: dbfdd20f-d62f-4e07-9929-14dcb41b9327)
 - Deleted: 0

[28/Apr/2023:15:20:04] UPDATING ACCOUNTS (JobID: b16b0bb5-c5db-4051-8581-b9c93206f305)
 - New and modified: 0

[28/Apr/2023:15:20:04] DELETING ACCOUNTS (JobID: b16b0bb5-c5db-4051-8581-b9c93206f305)
 - Deleted: 0

[28/Apr/2023:15:20:44] UPDATING PRODUCTS (JobID: 2efb18f1-26bf-4501-a321-27a16cd59a52)
 - New and modified: 0

[28/Apr/2023:15:20:46] UPDATING PREPAGATI (JobID: 4cc96c5e-eed2-492c-9d54-a901f019c380)
 - New and modified: 0

[28/Apr/2023:15:20:46] DELETING PREPAGATI (JobID: 4cc96c5e-eed2-492c-9d54-a901f019c380)
 - Deleted: 0

[28/Apr/2023:15:30:04] UPDATING ACCOUNTS (JobID: daa8de23-5273-4cb0-80c5-7ba18c357314)
 - New and modified: 0

[28/Apr/2023:15:30:04] DELETING ACCOUNTS (JobID: daa8de23-5273-4cb0-80c5-7ba18c357314)
 - Deleted: 0

[28/Apr/2023:15:30:39] UPDATING PRODUCTS (JobID: e9f9743f-a609-4412-9293-2fb3cd524fc8)
 - New and modified: 0

[28/Apr/2023:15:30:41] UPDATING PREPAGATI (JobID: 1db85b5e-6498-404a-bf8c-2adfe01df600)
 - New and modified: 0

[28/Apr/2023:15:30:41] DELETING PREPAGATI (JobID: 1db85b5e-6498-404a-bf8c-2adfe01df600)
 - Deleted: 0

[28/Apr/2023:15:40:04] UPDATING ACCOUNTS (JobID: 2a24ff17-6717-44e3-9072-0bdaea6db084)
 - New and modified: 0

[28/Apr/2023:15:40:04] DELETING ACCOUNTS (JobID: 2a24ff17-6717-44e3-9072-0bdaea6db084)
 - Deleted: 0

[28/Apr/2023:15:40:42] UPDATING PRODUCTS (JobID: aecf7d43-f933-49a8-91a3-882d8d83a6dd)
 - New and modified: 0

[28/Apr/2023:15:40:45] UPDATING PREPAGATI (JobID: cb7813f6-15fc-4c04-bd3e-4a83d0cfd984)
 - New and modified: 0

[28/Apr/2023:15:40:45] DELETING PREPAGATI (JobID: cb7813f6-15fc-4c04-bd3e-4a83d0cfd984)
 - Deleted: 0

[28/Apr/2023:15:50:04] UPDATING ACCOUNTS (JobID: ba5345f4-cc48-425c-a0e4-15e36c73e8e4)
 - New and modified: 0

[28/Apr/2023:15:50:04] DELETING ACCOUNTS (JobID: ba5345f4-cc48-425c-a0e4-15e36c73e8e4)
 - Deleted: 0

[28/Apr/2023:15:50:43] UPDATING PRODUCTS (JobID: ff8fb128-cd53-484f-a245-ca7d865040f4)
 - New and modified: 0

[28/Apr/2023:15:50:45] UPDATING PREPAGATI (JobID: e989f38b-ddf6-436e-a049-22c275f07537)
 - New and modified: 0

[28/Apr/2023:15:50:45] DELETING PREPAGATI (JobID: e989f38b-ddf6-436e-a049-22c275f07537)
 - Deleted: 0

[28/Apr/2023:16:00:08] UPDATING ACCOUNTS (JobID: 92b97cd7-01b0-4e2f-85fa-48487ad9ea72)
 - New and modified: 0

[28/Apr/2023:16:00:08] DELETING ACCOUNTS (JobID: 92b97cd7-01b0-4e2f-85fa-48487ad9ea72)
 - Deleted: 0

[28/Apr/2023:16:01:31] UPDATING PRODUCTS (JobID: 0212a4e3-f022-42cf-a8f8-e874ff694197)
 - New and modified: 0

[28/Apr/2023:16:01:34] UPDATING PREPAGATI (JobID: 5c58360a-d4e0-41df-a08b-e24944672777)
 - New and modified: 0

[28/Apr/2023:16:01:34] DELETING PREPAGATI (JobID: 5c58360a-d4e0-41df-a08b-e24944672777)
 - Deleted: 0

[28/Apr/2023:16:10:12] UPDATING ACCOUNTS (JobID: 9f0e194f-1eca-4e3f-930c-fbec3ae13964)
 - New and modified: 0

[28/Apr/2023:16:10:12] DELETING ACCOUNTS (JobID: 9f0e194f-1eca-4e3f-930c-fbec3ae13964)
 - Deleted: 0

[28/Apr/2023:16:11:02] UPDATING PRODUCTS (JobID: 24317c92-8fdf-4f23-b1a4-c3e542d0994f)
 - New and modified: 0

[28/Apr/2023:16:11:04] UPDATING PREPAGATI (JobID: 1b9f65d6-7a87-4b7b-9005-0fef20d2704c)
 - New and modified: 0

[28/Apr/2023:16:11:04] DELETING PREPAGATI (JobID: 1b9f65d6-7a87-4b7b-9005-0fef20d2704c)
 - Deleted: 0

[28/Apr/2023:16:20:12] UPDATING ACCOUNTS (JobID: aabdb17a-8072-4eff-a8d7-7e7571f7f3b4)
 - New and modified: 0

[28/Apr/2023:16:20:12] DELETING ACCOUNTS (JobID: aabdb17a-8072-4eff-a8d7-7e7571f7f3b4)
 - Deleted: 0

[28/Apr/2023:16:20:49] UPDATING PRODUCTS (JobID: 473a2455-2860-4eb5-8c6a-e84d7890ecbc)
 - New and modified: 0

[28/Apr/2023:16:20:50] UPDATING PREPAGATI (JobID: 272894c2-945b-4649-9746-3bedf5b53b89)
 - New and modified: 0

[28/Apr/2023:16:20:50] DELETING PREPAGATI (JobID: 272894c2-945b-4649-9746-3bedf5b53b89)
 - Deleted: 0

[28/Apr/2023:16:30:04] UPDATING ACCOUNTS (JobID: b4881936-4875-4961-9e05-6ce8b1158e34)
 - New and modified: 0

[28/Apr/2023:16:30:04] DELETING ACCOUNTS (JobID: b4881936-4875-4961-9e05-6ce8b1158e34)
 - Deleted: 0

[28/Apr/2023:16:30:42] UPDATING PRODUCTS (JobID: 09a4074a-8c5b-4ed9-993c-df77f16e20c2)
 - New and modified: 0

[28/Apr/2023:16:30:45] UPDATING PREPAGATI (JobID: ca7c972e-b206-47ec-b944-7bb29289b979)
 - New and modified: 0

[28/Apr/2023:16:30:45] DELETING PREPAGATI (JobID: ca7c972e-b206-47ec-b944-7bb29289b979)
 - Deleted: 0

[28/Apr/2023:16:40:04] UPDATING ACCOUNTS (JobID: 06c7bb26-21d2-445b-b0e0-c9ac9c7eb8ee)
 - New and modified: 0

[28/Apr/2023:16:40:04] DELETING ACCOUNTS (JobID: 06c7bb26-21d2-445b-b0e0-c9ac9c7eb8ee)
 - Deleted: 0

[28/Apr/2023:16:40:40] UPDATING PRODUCTS (JobID: a30a6a1e-6f31-4551-8f91-6e3193aca9f7)
 - New and modified: 0

[28/Apr/2023:16:40:42] UPDATING PREPAGATI (JobID: ea59fffb-6d00-4412-a31a-029f425d6b5b)
 - New and modified: 0

[28/Apr/2023:16:40:42] DELETING PREPAGATI (JobID: ea59fffb-6d00-4412-a31a-029f425d6b5b)
 - Deleted: 0

[28/Apr/2023:16:50:06] UPDATING ACCOUNTS (JobID: 49008f53-76d9-474e-9f29-43e18eca61d7)
 - New and modified: 0

[28/Apr/2023:16:50:06] DELETING ACCOUNTS (JobID: 49008f53-76d9-474e-9f29-43e18eca61d7)
 - Deleted: 0

[28/Apr/2023:16:50:42] UPDATING PRODUCTS (JobID: cce482ac-69b9-4e1c-8fa8-c9340b7362f6)
 - New and modified: 0

[28/Apr/2023:16:50:44] UPDATING PREPAGATI (JobID: e3773690-f337-4367-9471-7cbbe8082f16)
 - New and modified: 0

[28/Apr/2023:16:50:44] DELETING PREPAGATI (JobID: e3773690-f337-4367-9471-7cbbe8082f16)
 - Deleted: 0

[28/Apr/2023:17:00:05] UPDATING ACCOUNTS (JobID: 6be9e1e6-c79d-46ce-86a5-f84924ca3221)
 - New and modified: 0

[28/Apr/2023:17:00:05] DELETING ACCOUNTS (JobID: 6be9e1e6-c79d-46ce-86a5-f84924ca3221)
 - Deleted: 0

[28/Apr/2023:17:00:53] UPDATING PRODUCTS (JobID: bb204c1b-dcab-48f2-8a71-88ade9df30c7)
 - New and modified: 0

[28/Apr/2023:17:00:57] UPDATING PREPAGATI (JobID: e064c7b7-f86a-4d3d-93d4-9068ea902482)
 - New and modified: 0

[28/Apr/2023:17:00:57] DELETING PREPAGATI (JobID: e064c7b7-f86a-4d3d-93d4-9068ea902482)
 - Deleted: 0

[28/Apr/2023:17:10:05] UPDATING ACCOUNTS (JobID: 0503bfba-df5a-44ea-a247-9f5a1c5bc736)
 - New and modified: 0

[28/Apr/2023:17:10:05] DELETING ACCOUNTS (JobID: 0503bfba-df5a-44ea-a247-9f5a1c5bc736)
 - Deleted: 0

[28/Apr/2023:17:10:41] UPDATING PRODUCTS (JobID: 51a8b597-4c47-4ed4-8a80-9984aaaa8282)
 - New and modified: 0

[28/Apr/2023:17:10:43] UPDATING PREPAGATI (JobID: 371056ae-5803-4223-be35-48ed04c1e9d3)
 - New and modified: 0

[28/Apr/2023:17:10:43] DELETING PREPAGATI (JobID: 371056ae-5803-4223-be35-48ed04c1e9d3)
 - Deleted: 0

[28/Apr/2023:17:20:05] UPDATING ACCOUNTS (JobID: c8d822f3-f3d5-47b3-b20d-71962fd41228)
 - New and modified: 0

[28/Apr/2023:17:20:05] DELETING ACCOUNTS (JobID: c8d822f3-f3d5-47b3-b20d-71962fd41228)
 - Deleted: 0

[28/Apr/2023:17:20:47] UPDATING PRODUCTS (JobID: cb762200-c702-4e52-9ded-6ae80ba7dc3b)
 - New and modified: 0

[28/Apr/2023:17:20:49] UPDATING PREPAGATI (JobID: 57db0946-7ca3-45c2-930f-c9887c0515ad)
 - New and modified: 0

[28/Apr/2023:17:20:49] DELETING PREPAGATI (JobID: 57db0946-7ca3-45c2-930f-c9887c0515ad)
 - Deleted: 0

[28/Apr/2023:17:30:05] UPDATING ACCOUNTS (JobID: fb331ee4-7dae-41ef-8e1c-27ec88e1f53b)
 - New and modified: 0

[28/Apr/2023:17:30:05] DELETING ACCOUNTS (JobID: fb331ee4-7dae-41ef-8e1c-27ec88e1f53b)
 - Deleted: 0

[28/Apr/2023:17:30:45] UPDATING PRODUCTS (JobID: dbbb0d01-2dc8-41b6-807b-78bc8315e56b)
 - New and modified: 0

[28/Apr/2023:17:30:47] UPDATING PREPAGATI (JobID: ee55000e-5611-49ec-8750-36352e544f0e)
 - New and modified: 0

[28/Apr/2023:17:30:47] DELETING PREPAGATI (JobID: ee55000e-5611-49ec-8750-36352e544f0e)
 - Deleted: 0

[28/Apr/2023:17:40:05] UPDATING ACCOUNTS (JobID: e9fa2cd3-3703-4c3d-98e6-beee9e0b5664)
 - New and modified: 0

[28/Apr/2023:17:40:05] DELETING ACCOUNTS (JobID: e9fa2cd3-3703-4c3d-98e6-beee9e0b5664)
 - Deleted: 0

[28/Apr/2023:17:40:43] UPDATING PRODUCTS (JobID: ea7b2545-78e3-4b6e-be39-90e99acbae08)
 - New and modified: 0

[28/Apr/2023:17:40:46] UPDATING PREPAGATI (JobID: f37f6e9a-47fe-4804-a504-b2773b9ad1e4)
 - New and modified: 0

[28/Apr/2023:17:40:46] DELETING PREPAGATI (JobID: f37f6e9a-47fe-4804-a504-b2773b9ad1e4)
 - Deleted: 0

[28/Apr/2023:17:50:09] UPDATING ACCOUNTS (JobID: 91a742c2-1565-4587-9622-72ef82e73b35)
 - New and modified: 0

[28/Apr/2023:17:50:09] DELETING ACCOUNTS (JobID: 91a742c2-1565-4587-9622-72ef82e73b35)
 - Deleted: 0

[28/Apr/2023:17:50:44] UPDATING PRODUCTS (JobID: b5910903-84f7-42ad-ae90-3d25829c1b20)
 - New and modified: 0

[28/Apr/2023:17:50:47] UPDATING PREPAGATI (JobID: c83e0112-cd33-49b9-8256-40029039ac90)
 - New and modified: 0

[28/Apr/2023:17:50:47] DELETING PREPAGATI (JobID: c83e0112-cd33-49b9-8256-40029039ac90)
 - Deleted: 0

[28/Apr/2023:18:00:07] UPDATING ACCOUNTS (JobID: d0f1c1d2-e64d-4356-a1b8-f5f0c7993a9b)
 - New and modified: 0

[28/Apr/2023:18:00:07] DELETING ACCOUNTS (JobID: d0f1c1d2-e64d-4356-a1b8-f5f0c7993a9b)
 - Deleted: 0

[28/Apr/2023:18:01:12] UPDATING PRODUCTS (JobID: f51baedc-e3ea-4f88-83b5-17d23ba84ce5)
 - New and modified: 0

[28/Apr/2023:18:01:15] UPDATING PREPAGATI (JobID: 74750ddd-5ecd-492c-a409-d11d27521200)
 - New and modified: 0

[28/Apr/2023:18:01:15] DELETING PREPAGATI (JobID: 74750ddd-5ecd-492c-a409-d11d27521200)
 - Deleted: 0

[28/Apr/2023:18:10:05] UPDATING ACCOUNTS (JobID: bfae10e3-9704-4eb2-b338-c2c0b4e55d3e)
 - New and modified: 0

[28/Apr/2023:18:10:05] DELETING ACCOUNTS (JobID: bfae10e3-9704-4eb2-b338-c2c0b4e55d3e)
 - Deleted: 0

[28/Apr/2023:18:10:42] UPDATING PRODUCTS (JobID: dda2eeb3-8312-4f6d-806b-0d05ae4532be)
 - New and modified: 0

[28/Apr/2023:18:10:44] UPDATING PREPAGATI (JobID: 132d78a5-1240-4e10-ba5c-5ab06d33ff89)
 - New and modified: 0

[28/Apr/2023:18:10:44] DELETING PREPAGATI (JobID: 132d78a5-1240-4e10-ba5c-5ab06d33ff89)
 - Deleted: 0

[28/Apr/2023:18:20:06] UPDATING ACCOUNTS (JobID: b0550dd8-f2cf-4581-af08-0a2b62221a35)
 - New and modified: 0

[28/Apr/2023:18:20:06] DELETING ACCOUNTS (JobID: b0550dd8-f2cf-4581-af08-0a2b62221a35)
 - Deleted: 0

[28/Apr/2023:18:20:39] UPDATING PRODUCTS (JobID: 967992bc-15b6-4c29-8fea-bfe4bfe25e42)
 - New and modified: 0

[28/Apr/2023:18:20:41] UPDATING PREPAGATI (JobID: 232b4481-33f5-4c3d-a123-271cabac32d5)
 - New and modified: 0

[28/Apr/2023:18:20:41] DELETING PREPAGATI (JobID: 232b4481-33f5-4c3d-a123-271cabac32d5)
 - Deleted: 0

[28/Apr/2023:18:30:04] UPDATING ACCOUNTS (JobID: 0a358c78-871d-4714-925b-77d17656b5ac)
 - New and modified: 0

[28/Apr/2023:18:30:04] DELETING ACCOUNTS (JobID: 0a358c78-871d-4714-925b-77d17656b5ac)
 - Deleted: 0

[28/Apr/2023:18:30:41] UPDATING PRODUCTS (JobID: be0cbc4c-fe9b-40e6-88e5-6c050beca9ec)
 - New and modified: 0

[28/Apr/2023:18:30:43] UPDATING PREPAGATI (JobID: 7f2a3ed6-e02b-4722-8c46-cf520cc51268)
 - New and modified: 0

[28/Apr/2023:18:30:43] DELETING PREPAGATI (JobID: 7f2a3ed6-e02b-4722-8c46-cf520cc51268)
 - Deleted: 0

[28/Apr/2023:18:40:04] UPDATING ACCOUNTS (JobID: 2112e455-9354-4d4f-b5ed-aea1c83a4e8f)
 - New and modified: 0

[28/Apr/2023:18:40:04] DELETING ACCOUNTS (JobID: 2112e455-9354-4d4f-b5ed-aea1c83a4e8f)
 - Deleted: 0

[28/Apr/2023:18:40:40] UPDATING PRODUCTS (JobID: 9a719e0d-46c0-4180-affd-7272cd2bb98f)
 - New and modified: 0

[28/Apr/2023:18:40:42] UPDATING PREPAGATI (JobID: 4d549257-157a-4423-945e-6d463585016f)
 - New and modified: 0

[28/Apr/2023:18:40:42] DELETING PREPAGATI (JobID: 4d549257-157a-4423-945e-6d463585016f)
 - Deleted: 0

[28/Apr/2023:18:50:04] UPDATING ACCOUNTS (JobID: ac2db266-88b8-412b-b93b-ddf7ddf7a363)
 - New and modified: 0

[28/Apr/2023:18:50:04] DELETING ACCOUNTS (JobID: ac2db266-88b8-412b-b93b-ddf7ddf7a363)
 - Deleted: 0

[28/Apr/2023:18:50:39] UPDATING PRODUCTS (JobID: e6ebe8c8-557b-42ef-b74b-42942f552605)
 - New and modified: 0

[28/Apr/2023:18:50:41] UPDATING PREPAGATI (JobID: 7934c9a2-4e9d-494f-be27-d790159e0421)
 - New and modified: 0

[28/Apr/2023:18:50:41] DELETING PREPAGATI (JobID: 7934c9a2-4e9d-494f-be27-d790159e0421)
 - Deleted: 0

[28/Apr/2023:19:00:18] UPDATING ACCOUNTS (JobID: be28bbf8-3090-41ff-872a-8a53a30563db)
 - New and modified: 0

[28/Apr/2023:19:00:18] DELETING ACCOUNTS (JobID: be28bbf8-3090-41ff-872a-8a53a30563db)
 - Deleted: 0

[28/Apr/2023:19:00:58] UPDATING PRODUCTS (JobID: 16f6f662-3a58-4461-9d3c-ccf56af8d9d3)
 - New and modified: 0

[28/Apr/2023:19:01:00] UPDATING PREPAGATI (JobID: 1d501b6d-cb0a-461a-b031-98d990ef80d9)
 - New and modified: 0

[28/Apr/2023:19:01:00] DELETING PREPAGATI (JobID: 1d501b6d-cb0a-461a-b031-98d990ef80d9)
 - Deleted: 0

[28/Apr/2023:19:10:06] UPDATING ACCOUNTS (JobID: 73de32ad-4db2-4076-a033-b5eb8af9b675)
 - New and modified: 0

[28/Apr/2023:19:10:06] DELETING ACCOUNTS (JobID: 73de32ad-4db2-4076-a033-b5eb8af9b675)
 - Deleted: 0

[28/Apr/2023:19:10:41] UPDATING PRODUCTS (JobID: 30507a11-3a73-4303-8fed-cffeeecce87d)
 - New and modified: 0

[28/Apr/2023:19:10:42] UPDATING PREPAGATI (JobID: dc7b12ec-073c-411e-aa21-54e51d72e940)
 - New and modified: 0

[28/Apr/2023:19:10:42] DELETING PREPAGATI (JobID: dc7b12ec-073c-411e-aa21-54e51d72e940)
 - Deleted: 0

[28/Apr/2023:19:20:06] UPDATING ACCOUNTS (JobID: 3ac1ab42-3b3e-473b-9e4f-37c12f225020)
 - New and modified: 0

[28/Apr/2023:19:20:06] DELETING ACCOUNTS (JobID: 3ac1ab42-3b3e-473b-9e4f-37c12f225020)
 - Deleted: 0

[28/Apr/2023:19:20:41] UPDATING PRODUCTS (JobID: 2033694e-50d7-43f0-9be1-daded4c67e63)
 - New and modified: 0

[28/Apr/2023:19:20:42] UPDATING PREPAGATI (JobID: 2c357394-f765-46c5-b21d-54c65aee8b16)
 - New and modified: 0

[28/Apr/2023:19:20:42] DELETING PREPAGATI (JobID: 2c357394-f765-46c5-b21d-54c65aee8b16)
 - Deleted: 0

[28/Apr/2023:19:30:05] UPDATING ACCOUNTS (JobID: 79029947-2c06-4fcb-9a0c-443693871ba8)
 - New and modified: 0

[28/Apr/2023:19:30:05] DELETING ACCOUNTS (JobID: 79029947-2c06-4fcb-9a0c-443693871ba8)
 - Deleted: 0

[28/Apr/2023:19:30:41] UPDATING PRODUCTS (JobID: e69fdd00-a484-4ec8-913c-5adaf81e59ca)
 - New and modified: 0

[28/Apr/2023:19:30:42] UPDATING PREPAGATI (JobID: efd1ac80-4720-458d-96c1-eeb93a63fe3f)
 - New and modified: 0

[28/Apr/2023:19:30:42] DELETING PREPAGATI (JobID: efd1ac80-4720-458d-96c1-eeb93a63fe3f)
 - Deleted: 0

[28/Apr/2023:19:50:04] UPDATING ACCOUNTS (JobID: ba94d15c-c1b4-4e4b-8c6d-4672f73e703b)
 - New and modified: 0

[28/Apr/2023:19:50:04] DELETING ACCOUNTS (JobID: ba94d15c-c1b4-4e4b-8c6d-4672f73e703b)
 - Deleted: 0

[28/Apr/2023:19:50:42] UPDATING PRODUCTS (JobID: a06e3bfc-96bf-4634-a423-ba410c95e224)
 - New and modified: 0

[28/Apr/2023:19:50:44] UPDATING PREPAGATI (JobID: 64dc0955-c95d-4f87-894a-bb19459b3c96)
 - New and modified: 0

[28/Apr/2023:19:50:44] DELETING PREPAGATI (JobID: 64dc0955-c95d-4f87-894a-bb19459b3c96)
 - Deleted: 0

[28/Apr/2023:20:00:04] UPDATING ACCOUNTS (JobID: e1a1731e-6b15-483c-bd68-befb73b665fc)
 - New and modified: 0

[28/Apr/2023:20:00:04] DELETING ACCOUNTS (JobID: e1a1731e-6b15-483c-bd68-befb73b665fc)
 - Deleted: 0

[28/Apr/2023:20:00:40] UPDATING PRODUCTS (JobID: c741a78e-6142-41ef-a214-d1b33f28aa9d)
 - New and modified: 0

[28/Apr/2023:20:00:44] UPDATING PREPAGATI (JobID: 8c8d0ac0-dc3d-4596-9ccc-44e4f8f81b5a)
 - New and modified: 0

[28/Apr/2023:20:00:44] DELETING PREPAGATI (JobID: 8c8d0ac0-dc3d-4596-9ccc-44e4f8f81b5a)
 - Deleted: 0

[28/Apr/2023:20:10:03] UPDATING ACCOUNTS (JobID: 38f0f5df-946e-478f-9a1d-f7cb8c0f186c)
 - New and modified: 0

[28/Apr/2023:20:10:03] DELETING ACCOUNTS (JobID: 38f0f5df-946e-478f-9a1d-f7cb8c0f186c)
 - Deleted: 0

[28/Apr/2023:20:10:38] UPDATING PRODUCTS (JobID: de3398cc-3dcb-40e8-99e1-72399745c576)
 - New and modified: 0

[28/Apr/2023:20:10:39] UPDATING PREPAGATI (JobID: 7f55a620-b7b9-411b-94db-faef769effe2)
 - New and modified: 0

[28/Apr/2023:20:10:39] DELETING PREPAGATI (JobID: 7f55a620-b7b9-411b-94db-faef769effe2)
 - Deleted: 0

[28/Apr/2023:20:20:04] UPDATING ACCOUNTS (JobID: a135e6dc-42c3-44a6-a8d5-3fbc6c1a9a2c)
 - New and modified: 0

[28/Apr/2023:20:20:04] DELETING ACCOUNTS (JobID: a135e6dc-42c3-44a6-a8d5-3fbc6c1a9a2c)
 - Deleted: 0

[28/Apr/2023:20:20:38] UPDATING PRODUCTS (JobID: 7963f3fc-7794-47c6-82af-0b82273ce854)
 - New and modified: 0

[28/Apr/2023:20:20:40] UPDATING PREPAGATI (JobID: 342ffff9-36bf-4533-bc94-657cee95d9a0)
 - New and modified: 0

[28/Apr/2023:20:20:40] DELETING PREPAGATI (JobID: 342ffff9-36bf-4533-bc94-657cee95d9a0)
 - Deleted: 0

[28/Apr/2023:20:30:04] UPDATING ACCOUNTS (JobID: 170609cf-c8fe-47f8-8150-4f26c8f2bd2e)
 - New and modified: 0

[28/Apr/2023:20:30:04] DELETING ACCOUNTS (JobID: 170609cf-c8fe-47f8-8150-4f26c8f2bd2e)
 - Deleted: 0

[28/Apr/2023:20:30:39] UPDATING PRODUCTS (JobID: a6d25b82-7583-477c-a8c2-56858de1a535)
 - New and modified: 0

[28/Apr/2023:20:30:41] UPDATING PREPAGATI (JobID: 8596ba94-ecc7-43a2-a04c-d2bf21b7c1fc)
 - New and modified: 0

[28/Apr/2023:20:30:41] DELETING PREPAGATI (JobID: 8596ba94-ecc7-43a2-a04c-d2bf21b7c1fc)
 - Deleted: 0

[28/Apr/2023:20:40:05] UPDATING ACCOUNTS (JobID: 6b59db37-bf28-46a7-aee0-16226df6ffa3)
 - New and modified: 0

[28/Apr/2023:20:40:05] DELETING ACCOUNTS (JobID: 6b59db37-bf28-46a7-aee0-16226df6ffa3)
 - Deleted: 0

[28/Apr/2023:20:40:44] UPDATING PRODUCTS (JobID: 5ef6ec12-2ac7-489a-b7e1-88d0ecdb04c3)
 - New and modified: 0

[28/Apr/2023:20:40:46] UPDATING PREPAGATI (JobID: 2ae302e0-cd66-41d5-9773-f415ff70f725)
 - New and modified: 0

[28/Apr/2023:20:40:46] DELETING PREPAGATI (JobID: 2ae302e0-cd66-41d5-9773-f415ff70f725)
 - Deleted: 0

[28/Apr/2023:20:50:04] UPDATING ACCOUNTS (JobID: 86d9d640-c86f-4db0-831c-85ee44ebbadc)
 - New and modified: 0

[28/Apr/2023:20:50:04] DELETING ACCOUNTS (JobID: 86d9d640-c86f-4db0-831c-85ee44ebbadc)
 - Deleted: 0

[28/Apr/2023:20:50:42] UPDATING PRODUCTS (JobID: cdbe8d8a-baaf-4d7d-ba45-6e45606bdf6f)
 - New and modified: 0

[28/Apr/2023:20:50:44] UPDATING PREPAGATI (JobID: 9f17b032-7044-471f-b273-669d6a2d5130)
 - New and modified: 0

[28/Apr/2023:20:50:44] DELETING PREPAGATI (JobID: 9f17b032-7044-471f-b273-669d6a2d5130)
 - Deleted: 0

[28/Apr/2023:21:00:04] UPDATING ACCOUNTS (JobID: a8e7e6d7-d7da-49b4-89cf-7c7e6d6354c7)
 - New and modified: 0

[28/Apr/2023:21:00:04] DELETING ACCOUNTS (JobID: a8e7e6d7-d7da-49b4-89cf-7c7e6d6354c7)
 - Deleted: 0

[28/Apr/2023:21:00:48] UPDATING PRODUCTS (JobID: 8a75eb4f-e82f-47ed-86b1-1299403613eb)
 - New and modified: 0

[28/Apr/2023:21:00:50] UPDATING PREPAGATI (JobID: a149cd4b-bdbc-4152-ba1e-2ed92b255b0c)
 - New and modified: 0

[28/Apr/2023:21:00:50] DELETING PREPAGATI (JobID: a149cd4b-bdbc-4152-ba1e-2ed92b255b0c)
 - Deleted: 0

[28/Apr/2023:21:10:04] UPDATING ACCOUNTS (JobID: 38c730c6-8e7e-4a76-bd86-0d6b6cdd0404)
 - New and modified: 0

[28/Apr/2023:21:10:04] DELETING ACCOUNTS (JobID: 38c730c6-8e7e-4a76-bd86-0d6b6cdd0404)
 - Deleted: 0

[28/Apr/2023:21:10:40] UPDATING PRODUCTS (JobID: 890cb062-e6ef-455b-9152-73c4e3f06601)
 - New and modified: 0

[28/Apr/2023:21:10:42] UPDATING PREPAGATI (JobID: 72c3f80a-a5d8-4bf9-b3ca-9a5867508bdd)
 - New and modified: 0

[28/Apr/2023:21:10:42] DELETING PREPAGATI (JobID: 72c3f80a-a5d8-4bf9-b3ca-9a5867508bdd)
 - Deleted: 0

[28/Apr/2023:21:20:04] UPDATING ACCOUNTS (JobID: 4aaa61e1-dc15-4d0c-874f-ac91185ba2aa)
 - New and modified: 0

[28/Apr/2023:21:20:04] DELETING ACCOUNTS (JobID: 4aaa61e1-dc15-4d0c-874f-ac91185ba2aa)
 - Deleted: 0

[28/Apr/2023:21:20:40] UPDATING PRODUCTS (JobID: 992097ce-b5c7-47af-8228-2ef5529a906c)
 - New and modified: 0

[28/Apr/2023:21:20:42] UPDATING PREPAGATI (JobID: 03b3d4d1-05c4-4541-9c4c-77f62e27c8e6)
 - New and modified: 0

[28/Apr/2023:21:20:42] DELETING PREPAGATI (JobID: 03b3d4d1-05c4-4541-9c4c-77f62e27c8e6)
 - Deleted: 0

[28/Apr/2023:21:30:05] UPDATING ACCOUNTS (JobID: d2202acf-bc8b-4787-b202-6dfc9791173f)
 - New and modified: 0

[28/Apr/2023:21:30:05] DELETING ACCOUNTS (JobID: d2202acf-bc8b-4787-b202-6dfc9791173f)
 - Deleted: 0

[28/Apr/2023:21:30:42] UPDATING PRODUCTS (JobID: d0266463-57dc-412e-be89-14daee78dcc7)
 - New and modified: 0

[28/Apr/2023:21:30:43] UPDATING PREPAGATI (JobID: 8253309b-ee4e-4a38-b8a9-c1b837d523c0)
 - New and modified: 0

[28/Apr/2023:21:30:43] DELETING PREPAGATI (JobID: 8253309b-ee4e-4a38-b8a9-c1b837d523c0)
 - Deleted: 0

[28/Apr/2023:21:40:04] UPDATING ACCOUNTS (JobID: 6433b6c2-a14b-4d74-9a4a-45fdeca34185)
 - New and modified: 0

[28/Apr/2023:21:40:04] DELETING ACCOUNTS (JobID: 6433b6c2-a14b-4d74-9a4a-45fdeca34185)
 - Deleted: 0

[28/Apr/2023:21:40:37] UPDATING PRODUCTS (JobID: 5cf75c26-7f86-4359-9b70-172bf60a0cbd)
 - New and modified: 0

[28/Apr/2023:21:40:39] UPDATING PREPAGATI (JobID: 432ba6b6-f12a-471f-bd5d-79a0310032d2)
 - New and modified: 0

[28/Apr/2023:21:40:39] DELETING PREPAGATI (JobID: 432ba6b6-f12a-471f-bd5d-79a0310032d2)
 - Deleted: 0

[28/Apr/2023:21:50:05] UPDATING ACCOUNTS (JobID: 6bc86c23-f441-465b-8dfb-7a62270e343e)
 - New and modified: 0

[28/Apr/2023:21:50:05] DELETING ACCOUNTS (JobID: 6bc86c23-f441-465b-8dfb-7a62270e343e)
 - Deleted: 0

[28/Apr/2023:21:51:01] UPDATING PRODUCTS (JobID: 44df4f48-4a42-4ae6-987d-a7a191cb3dd5)
 - New and modified: 0

[28/Apr/2023:21:51:03] UPDATING PREPAGATI (JobID: 25b6967e-e8a8-470e-a8d2-3ad7531baa79)
 - New and modified: 0

[28/Apr/2023:21:51:03] DELETING PREPAGATI (JobID: 25b6967e-e8a8-470e-a8d2-3ad7531baa79)
 - Deleted: 0

[28/Apr/2023:22:00:06] UPDATING ACCOUNTS (JobID: 480dcc3a-4ddf-4b5e-b74d-fd6931c2b13d)
 - New and modified: 0

[28/Apr/2023:22:00:06] DELETING ACCOUNTS (JobID: 480dcc3a-4ddf-4b5e-b74d-fd6931c2b13d)
 - Deleted: 0

[28/Apr/2023:22:00:45] UPDATING PRODUCTS (JobID: d66106e0-c122-48b3-b0bb-3b4314cda3bd)
 - New and modified: 0

[28/Apr/2023:22:00:47] UPDATING PREPAGATI (JobID: 40008c8d-6587-4738-8d52-656a99f2e3b2)
 - New and modified: 0

[28/Apr/2023:22:00:47] DELETING PREPAGATI (JobID: 40008c8d-6587-4738-8d52-656a99f2e3b2)
 - Deleted: 0

[28/Apr/2023:22:10:06] UPDATING ACCOUNTS (JobID: 03d8ebc1-8e30-40b2-80d5-53d7992e9b3d)
 - New and modified: 0

[28/Apr/2023:22:10:06] DELETING ACCOUNTS (JobID: 03d8ebc1-8e30-40b2-80d5-53d7992e9b3d)
 - Deleted: 0

[28/Apr/2023:22:10:45] UPDATING PRODUCTS (JobID: 64742a3f-0517-486f-8e43-307e67385e3f)
 - New and modified: 0

[28/Apr/2023:22:10:47] UPDATING PREPAGATI (JobID: cdaa6f7e-2829-44b1-ae7c-4c55bb9d0a46)
 - New and modified: 0

[28/Apr/2023:22:10:47] DELETING PREPAGATI (JobID: cdaa6f7e-2829-44b1-ae7c-4c55bb9d0a46)
 - Deleted: 0

[28/Apr/2023:22:20:05] UPDATING ACCOUNTS (JobID: bdb10bed-d385-4561-8715-8901314f823a)
 - New and modified: 0

[28/Apr/2023:22:20:05] DELETING ACCOUNTS (JobID: bdb10bed-d385-4561-8715-8901314f823a)
 - Deleted: 0

[28/Apr/2023:22:20:44] UPDATING PRODUCTS (JobID: f5ccd8bb-5dcc-4d9f-8e91-9beae88a66ba)
 - New and modified: 0

[28/Apr/2023:22:20:46] UPDATING PREPAGATI (JobID: 9432c3b0-f408-4e88-8788-69b4a0509d74)
 - New and modified: 0

[28/Apr/2023:22:20:46] DELETING PREPAGATI (JobID: 9432c3b0-f408-4e88-8788-69b4a0509d74)
 - Deleted: 0

[28/Apr/2023:22:30:06] UPDATING ACCOUNTS (JobID: 0c593a3b-0a4e-4295-b888-c71431ca7fa3)
 - New and modified: 0

[28/Apr/2023:22:30:06] DELETING ACCOUNTS (JobID: 0c593a3b-0a4e-4295-b888-c71431ca7fa3)
 - Deleted: 0

[28/Apr/2023:22:30:46] UPDATING PRODUCTS (JobID: 25bd363f-667f-4412-a11d-5e8b48bae651)
 - New and modified: 0

[28/Apr/2023:22:30:48] UPDATING PREPAGATI (JobID: 29cba05d-13b5-4d26-9214-0e646ae79040)
 - New and modified: 0

[28/Apr/2023:22:30:48] DELETING PREPAGATI (JobID: 29cba05d-13b5-4d26-9214-0e646ae79040)
 - Deleted: 0

[28/Apr/2023:22:40:05] UPDATING ACCOUNTS (JobID: 6590d283-f926-40dc-939e-cb7c51dd79e9)
 - New and modified: 0

[28/Apr/2023:22:40:05] DELETING ACCOUNTS (JobID: 6590d283-f926-40dc-939e-cb7c51dd79e9)
 - Deleted: 0

[28/Apr/2023:22:40:43] UPDATING PRODUCTS (JobID: d53f9c8a-29d8-427b-8322-79fa87f7127d)
 - New and modified: 0

[28/Apr/2023:22:40:45] UPDATING PREPAGATI (JobID: 874ced63-43d9-42e4-884e-c912154df79d)
 - New and modified: 0

[28/Apr/2023:22:40:45] DELETING PREPAGATI (JobID: 874ced63-43d9-42e4-884e-c912154df79d)
 - Deleted: 0

[28/Apr/2023:22:50:05] UPDATING ACCOUNTS (JobID: 4c58a763-d983-4d90-acae-a1fd99b875eb)
 - New and modified: 0

[28/Apr/2023:22:50:05] DELETING ACCOUNTS (JobID: 4c58a763-d983-4d90-acae-a1fd99b875eb)
 - Deleted: 0

[28/Apr/2023:22:50:45] UPDATING PRODUCTS (JobID: 44ee0708-abd0-4605-8bca-e0f48152536a)
 - New and modified: 0

[28/Apr/2023:22:50:47] UPDATING PREPAGATI (JobID: 2c6fb568-f040-400d-8534-613c02c8103d)
 - New and modified: 0

[28/Apr/2023:22:50:47] DELETING PREPAGATI (JobID: 2c6fb568-f040-400d-8534-613c02c8103d)
 - Deleted: 0

[28/Apr/2023:23:00:04] UPDATING ACCOUNTS (JobID: fe9a2e57-1360-4b29-bfec-adc273fc28aa)
 - New and modified: 0

[28/Apr/2023:23:00:04] DELETING ACCOUNTS (JobID: fe9a2e57-1360-4b29-bfec-adc273fc28aa)
 - Deleted: 0

[28/Apr/2023:23:00:44] UPDATING PRODUCTS (JobID: dd5cbbe6-b461-4f79-a897-edf56949b86d)
 - New and modified: 0

[28/Apr/2023:23:00:46] UPDATING PREPAGATI (JobID: f275c192-b66d-47c2-a8d3-31fa3882a9eb)
 - New and modified: 0

[28/Apr/2023:23:00:46] DELETING PREPAGATI (JobID: f275c192-b66d-47c2-a8d3-31fa3882a9eb)
 - Deleted: 0

[28/Apr/2023:23:10:05] UPDATING ACCOUNTS (JobID: dcba3278-a22f-4972-b156-9b587b5d424a)
 - New and modified: 0

[28/Apr/2023:23:10:05] DELETING ACCOUNTS (JobID: dcba3278-a22f-4972-b156-9b587b5d424a)
 - Deleted: 0

[28/Apr/2023:23:10:45] UPDATING PRODUCTS (JobID: 1109d03e-ff8d-4607-b8cb-34a4f0523ec7)
 - New and modified: 0

[28/Apr/2023:23:10:46] UPDATING PREPAGATI (JobID: c5e98abc-ab02-4390-bbdc-9bb7cff86b4e)
 - New and modified: 0

[28/Apr/2023:23:10:47] DELETING PREPAGATI (JobID: c5e98abc-ab02-4390-bbdc-9bb7cff86b4e)
 - Deleted: 0

[28/Apr/2023:23:20:04] UPDATING ACCOUNTS (JobID: f4a6a636-5e41-4174-9234-938d2564678e)
 - New and modified: 0

[28/Apr/2023:23:20:04] DELETING ACCOUNTS (JobID: f4a6a636-5e41-4174-9234-938d2564678e)
 - Deleted: 0

[28/Apr/2023:23:20:42] UPDATING PRODUCTS (JobID: 29ebaee6-66ac-41ff-b28c-bb2d2528f33f)
 - New and modified: 0

[28/Apr/2023:23:20:45] UPDATING PREPAGATI (JobID: e8539c02-45bc-4606-b604-279cd67203b3)
 - New and modified: 0

[28/Apr/2023:23:20:45] DELETING PREPAGATI (JobID: e8539c02-45bc-4606-b604-279cd67203b3)
 - Deleted: 0

[28/Apr/2023:23:30:04] UPDATING ACCOUNTS (JobID: 7dc96d4f-4a18-4ca3-b142-b82e429306a3)
 - New and modified: 0

[28/Apr/2023:23:30:04] DELETING ACCOUNTS (JobID: 7dc96d4f-4a18-4ca3-b142-b82e429306a3)
 - Deleted: 0

[28/Apr/2023:23:30:39] UPDATING PRODUCTS (JobID: b5d68880-3464-4ac5-875b-c8090ffef636)
 - New and modified: 0

[28/Apr/2023:23:30:42] UPDATING PREPAGATI (JobID: 1fe9118f-eb78-4ccd-bbe8-a4b5cedc53c1)
 - New and modified: 0

[28/Apr/2023:23:30:42] DELETING PREPAGATI (JobID: 1fe9118f-eb78-4ccd-bbe8-a4b5cedc53c1)
 - Deleted: 0

[28/Apr/2023:23:40:04] UPDATING ACCOUNTS (JobID: 409d3f44-9669-4f81-bd6c-a48405b5f49d)
 - New and modified: 0

[28/Apr/2023:23:40:04] DELETING ACCOUNTS (JobID: 409d3f44-9669-4f81-bd6c-a48405b5f49d)
 - Deleted: 0

[28/Apr/2023:23:40:45] UPDATING PRODUCTS (JobID: c7315e21-a5e8-41a1-a03a-3553c4a98b9d)
 - New and modified: 0

[28/Apr/2023:23:40:47] UPDATING PREPAGATI (JobID: f6e2386c-f916-486a-bd8e-28fb87c361ff)
 - New and modified: 0

[28/Apr/2023:23:40:47] DELETING PREPAGATI (JobID: f6e2386c-f916-486a-bd8e-28fb87c361ff)
 - Deleted: 0

[28/Apr/2023:23:50:06] UPDATING ACCOUNTS (JobID: 4ec0f791-0a7c-4a3f-b495-55ea628dabf7)
 - New and modified: 0

[28/Apr/2023:23:50:06] DELETING ACCOUNTS (JobID: 4ec0f791-0a7c-4a3f-b495-55ea628dabf7)
 - Deleted: 0

[28/Apr/2023:23:50:44] UPDATING PRODUCTS (JobID: b4e06fab-366a-49e6-9a48-08517704c9c4)
 - New and modified: 0

[28/Apr/2023:23:50:46] UPDATING PREPAGATI (JobID: fd0854e2-7137-44f4-a899-3e5c8df8d8e4)
 - New and modified: 0

[28/Apr/2023:23:50:46] DELETING PREPAGATI (JobID: fd0854e2-7137-44f4-a899-3e5c8df8d8e4)
 - Deleted: 0

