[05/Jul/2023:00:00:04] UPDATING ACCOUNTS (JobID: 2398cfbf-aaa4-494d-ab68-da580f81c5d5)
 - New and modified: 0

[05/Jul/2023:00:00:04] DELETING ACCOUNTS (JobID: 2398cfbf-aaa4-494d-ab68-da580f81c5d5)
 - Deleted: 0

[05/Jul/2023:00:00:35] UPDATING PRODUCTS (JobID: ec1ad92a-f7aa-4a92-af34-6de147efc746)
 - New and modified: 0

[05/Jul/2023:00:00:36] UPDATING PREPAGATI (JobID: 1456326e-bc2a-4e39-86ad-d6ded68afc52)
 - New and modified: 0

[05/Jul/2023:00:00:36] DELETING PREPAGATI (JobID: 1456326e-bc2a-4e39-86ad-d6ded68afc52)
 - Deleted: 0

[05/Jul/2023:00:10:04] UPDATING ACCOUNTS (JobID: 121c85d7-d8e9-4c5b-905f-3176e88203f7)
 - New and modified: 0

[05/Jul/2023:00:10:04] DELETING ACCOUNTS (JobID: 121c85d7-d8e9-4c5b-905f-3176e88203f7)
 - Deleted: 0

[05/Jul/2023:00:10:37] UPDATING PRODUCTS (JobID: 1083cf56-d780-49d3-997c-240c32dab8a2)
 - New and modified: 0

[05/Jul/2023:00:10:39] UPDATING PREPAGATI (JobID: 08783673-47b9-4e69-8900-8bdc747b9fcf)
 - New and modified: 0

[05/Jul/2023:00:10:39] DELETING PREPAGATI (JobID: 08783673-47b9-4e69-8900-8bdc747b9fcf)
 - Deleted: 0

[05/Jul/2023:00:20:04] UPDATING ACCOUNTS (JobID: cf793149-adc1-4f25-be1d-08c5ab82c975)
 - New and modified: 0

[05/Jul/2023:00:20:04] DELETING ACCOUNTS (JobID: cf793149-adc1-4f25-be1d-08c5ab82c975)
 - Deleted: 0

[05/Jul/2023:00:20:37] UPDATING PRODUCTS (JobID: 0a0dc89d-39e7-4041-81a0-ec3bf77ed211)
 - New and modified: 0

[05/Jul/2023:00:20:39] UPDATING PREPAGATI (JobID: bf1b9ca2-cf21-4216-a24f-4ed995e9bca4)
 - New and modified: 0

[05/Jul/2023:00:20:39] DELETING PREPAGATI (JobID: bf1b9ca2-cf21-4216-a24f-4ed995e9bca4)
 - Deleted: 0

[05/Jul/2023:00:30:04] UPDATING ACCOUNTS (JobID: cc8c9d08-029a-44e2-a7af-a7eacf1928d3)
 - New and modified: 0

[05/Jul/2023:00:30:04] DELETING ACCOUNTS (JobID: cc8c9d08-029a-44e2-a7af-a7eacf1928d3)
 - Deleted: 0

[05/Jul/2023:00:30:37] UPDATING PRODUCTS (JobID: 806123a9-df8f-48a5-94c1-bee3b3ee0a9f)
 - New and modified: 0

[05/Jul/2023:00:30:39] UPDATING PREPAGATI (JobID: 0612374d-e6fc-484f-9385-e8478bad7602)
 - New and modified: 0

[05/Jul/2023:00:30:39] DELETING PREPAGATI (JobID: 0612374d-e6fc-484f-9385-e8478bad7602)
 - Deleted: 0

[05/Jul/2023:00:50:04] UPDATING ACCOUNTS (JobID: c4695816-192d-4a0b-8c76-e4e360c85f08)
 - New and modified: 0

[05/Jul/2023:00:50:04] DELETING ACCOUNTS (JobID: c4695816-192d-4a0b-8c76-e4e360c85f08)
 - Deleted: 0

[05/Jul/2023:00:50:37] UPDATING PRODUCTS (JobID: d84413dd-1d52-4749-b55f-c5148ef02cbc)
 - New and modified: 0

[05/Jul/2023:00:50:39] UPDATING PREPAGATI (JobID: 6aa26db8-c764-4645-a3a7-1e9155a5c7d7)
 - New and modified: 0

[05/Jul/2023:00:50:39] DELETING PREPAGATI (JobID: 6aa26db8-c764-4645-a3a7-1e9155a5c7d7)
 - Deleted: 0

[05/Jul/2023:01:00:05] UPDATING ACCOUNTS (JobID: dd96e7a6-31b0-4cf2-a819-ba8a7895995c)
 - New and modified: 0

[05/Jul/2023:01:00:05] DELETING ACCOUNTS (JobID: dd96e7a6-31b0-4cf2-a819-ba8a7895995c)
 - Deleted: 0

[05/Jul/2023:01:00:37] UPDATING PRODUCTS (JobID: ee863858-207f-486c-b5c9-da6e405c9bd8)
 - New and modified: 0

[05/Jul/2023:01:00:39] UPDATING PREPAGATI (JobID: 711e99d9-7298-4bf4-8a02-dfa85323332e)
 - New and modified: 0

[05/Jul/2023:01:00:39] DELETING PREPAGATI (JobID: 711e99d9-7298-4bf4-8a02-dfa85323332e)
 - Deleted: 0

[05/Jul/2023:01:10:04] UPDATING ACCOUNTS (JobID: 04632918-ad4e-4087-ba3e-c0b34f3f2a56)
 - New and modified: 0

[05/Jul/2023:01:10:04] DELETING ACCOUNTS (JobID: 04632918-ad4e-4087-ba3e-c0b34f3f2a56)
 - Deleted: 0

[05/Jul/2023:01:10:42] UPDATING PRODUCTS (JobID: 7119618f-da56-4dba-b2bf-ca5c5a47c394)
 - New and modified: 0

[05/Jul/2023:01:10:44] UPDATING PREPAGATI (JobID: 5185c5b7-ef76-44b9-8194-54065f37e0ea)
 - New and modified: 0

[05/Jul/2023:01:10:44] DELETING PREPAGATI (JobID: 5185c5b7-ef76-44b9-8194-54065f37e0ea)
 - Deleted: 0

[05/Jul/2023:01:20:05] UPDATING ACCOUNTS (JobID: 1d3dd45c-3230-4015-90d0-37e079da4648)
 - New and modified: 0

[05/Jul/2023:01:20:05] DELETING ACCOUNTS (JobID: 1d3dd45c-3230-4015-90d0-37e079da4648)
 - Deleted: 0

[05/Jul/2023:01:20:41] UPDATING PRODUCTS (JobID: f5e1a572-44d7-40d2-a49a-eaf186841c7e)
 - New and modified: 0

[05/Jul/2023:01:20:43] UPDATING PREPAGATI (JobID: b67ded9b-b9f3-46c1-82d9-bf8b0ec98fda)
 - New and modified: 0

[05/Jul/2023:01:20:43] DELETING PREPAGATI (JobID: b67ded9b-b9f3-46c1-82d9-bf8b0ec98fda)
 - Deleted: 0

[05/Jul/2023:01:30:05] UPDATING ACCOUNTS (JobID: 7c5cba81-a7e6-4702-85c6-a98ef85e454e)
 - New and modified: 0

[05/Jul/2023:01:30:05] DELETING ACCOUNTS (JobID: 7c5cba81-a7e6-4702-85c6-a98ef85e454e)
 - Deleted: 0

[05/Jul/2023:01:30:41] UPDATING PRODUCTS (JobID: 5141d142-bee3-4458-9575-94dc5d239a8a)
 - New and modified: 0

[05/Jul/2023:01:30:43] UPDATING PREPAGATI (JobID: 79b29784-3dde-4a29-bd05-b3053be3ad9a)
 - New and modified: 0

[05/Jul/2023:01:30:43] DELETING PREPAGATI (JobID: 79b29784-3dde-4a29-bd05-b3053be3ad9a)
 - Deleted: 0

[05/Jul/2023:01:40:04] UPDATING ACCOUNTS (JobID: 6b86fdaa-46cb-41ef-a997-6f188da0bc37)
 - New and modified: 0

[05/Jul/2023:01:40:04] DELETING ACCOUNTS (JobID: 6b86fdaa-46cb-41ef-a997-6f188da0bc37)
 - Deleted: 0

[05/Jul/2023:01:40:39] UPDATING PRODUCTS (JobID: 90b16059-515f-40ce-a727-dc1de3cedb2c)
 - New and modified: 0

[05/Jul/2023:01:40:42] UPDATING PREPAGATI (JobID: 0d5b37f0-5030-4593-98e1-e1089339aff2)
 - New and modified: 0

[05/Jul/2023:01:40:42] DELETING PREPAGATI (JobID: 0d5b37f0-5030-4593-98e1-e1089339aff2)
 - Deleted: 0

[05/Jul/2023:01:50:05] UPDATING ACCOUNTS (JobID: e0da2077-0bbc-4233-9e11-580d27a540b0)
 - New and modified: 0

[05/Jul/2023:01:50:05] DELETING ACCOUNTS (JobID: e0da2077-0bbc-4233-9e11-580d27a540b0)
 - Deleted: 0

[05/Jul/2023:01:50:38] UPDATING PRODUCTS (JobID: b088ecd5-eaec-45ae-82c5-65892bdb6d3b)
 - New and modified: 0

[05/Jul/2023:01:50:40] UPDATING PREPAGATI (JobID: 92efb748-1348-4850-a941-fcc7878d2d7e)
 - New and modified: 0

[05/Jul/2023:01:50:40] DELETING PREPAGATI (JobID: 92efb748-1348-4850-a941-fcc7878d2d7e)
 - Deleted: 0

[05/Jul/2023:02:00:04] UPDATING ACCOUNTS (JobID: a14f4338-2a8c-414f-b134-b34e085a354a)
 - New and modified: 0

[05/Jul/2023:02:00:04] DELETING ACCOUNTS (JobID: a14f4338-2a8c-414f-b134-b34e085a354a)
 - Deleted: 0

[05/Jul/2023:02:00:39] UPDATING PRODUCTS (JobID: bf1ff63c-82a0-4f34-a06b-232e62c1b83c)
 - New and modified: 0

[05/Jul/2023:02:00:41] UPDATING PREPAGATI (JobID: fd56de20-84b6-440a-b3c6-2a2804a65004)
 - New and modified: 0

[05/Jul/2023:02:00:41] DELETING PREPAGATI (JobID: fd56de20-84b6-440a-b3c6-2a2804a65004)
 - Deleted: 0

[05/Jul/2023:02:10:04] UPDATING ACCOUNTS (JobID: 7f6c6c6f-8794-48c5-b9f0-2dffa95ef909)
 - New and modified: 0

[05/Jul/2023:02:10:04] DELETING ACCOUNTS (JobID: 7f6c6c6f-8794-48c5-b9f0-2dffa95ef909)
 - Deleted: 0

[05/Jul/2023:02:10:37] UPDATING PRODUCTS (JobID: db801ecc-ab98-4d1f-ba3c-e191f8c17322)
 - New and modified: 0

[05/Jul/2023:02:10:40] UPDATING PREPAGATI (JobID: 8af6f43a-0aaf-4561-ac76-5de4c172a927)
 - New and modified: 0

[05/Jul/2023:02:10:40] DELETING PREPAGATI (JobID: 8af6f43a-0aaf-4561-ac76-5de4c172a927)
 - Deleted: 0

[05/Jul/2023:02:20:05] UPDATING ACCOUNTS (JobID: 663f5b98-8baf-4e1c-92f0-dcb487df783c)
 - New and modified: 0

[05/Jul/2023:02:20:05] DELETING ACCOUNTS (JobID: 663f5b98-8baf-4e1c-92f0-dcb487df783c)
 - Deleted: 0

[05/Jul/2023:02:20:38] UPDATING PRODUCTS (JobID: 6f0b3076-a06b-460b-b2bc-b1a11523b001)
 - New and modified: 0

[05/Jul/2023:02:20:39] UPDATING PREPAGATI (JobID: c6195778-aea3-4c0f-9d76-46e774477c96)
 - New and modified: 0

[05/Jul/2023:02:20:39] DELETING PREPAGATI (JobID: c6195778-aea3-4c0f-9d76-46e774477c96)
 - Deleted: 0

[05/Jul/2023:02:30:04] UPDATING ACCOUNTS (JobID: 71150b51-85ce-402d-96a2-cf5814b1d675)
 - New and modified: 0

[05/Jul/2023:02:30:04] DELETING ACCOUNTS (JobID: 71150b51-85ce-402d-96a2-cf5814b1d675)
 - Deleted: 0

[05/Jul/2023:02:30:35] UPDATING PRODUCTS (JobID: 178d15bc-e069-4f3d-b5a8-349f7e109952)
 - New and modified: 0

[05/Jul/2023:02:30:37] UPDATING PREPAGATI (JobID: a0f9f103-e21b-4c9c-9709-6ddfa53624b7)
 - New and modified: 0

[05/Jul/2023:02:30:37] DELETING PREPAGATI (JobID: a0f9f103-e21b-4c9c-9709-6ddfa53624b7)
 - Deleted: 0

[05/Jul/2023:02:40:04] UPDATING ACCOUNTS (JobID: 7dc1424a-e61a-4056-abea-9b8a985eddcb)
 - New and modified: 0

[05/Jul/2023:02:40:04] DELETING ACCOUNTS (JobID: 7dc1424a-e61a-4056-abea-9b8a985eddcb)
 - Deleted: 0

[05/Jul/2023:02:40:38] UPDATING PRODUCTS (JobID: d3507810-d3ea-44cf-999f-c85151792bfc)
 - New and modified: 0

[05/Jul/2023:02:40:40] UPDATING PREPAGATI (JobID: 85255546-17fb-4ed1-9046-41fd3c635d25)
 - New and modified: 0

[05/Jul/2023:02:40:40] DELETING PREPAGATI (JobID: 85255546-17fb-4ed1-9046-41fd3c635d25)
 - Deleted: 0

[05/Jul/2023:02:50:04] UPDATING ACCOUNTS (JobID: 7b7bd040-775d-4e8d-aa26-336e4b5348e5)
 - New and modified: 0

[05/Jul/2023:02:50:04] DELETING ACCOUNTS (JobID: 7b7bd040-775d-4e8d-aa26-336e4b5348e5)
 - Deleted: 0

[05/Jul/2023:02:50:37] UPDATING PRODUCTS (JobID: 10a96cff-d04a-4547-8fc7-995d32d67f96)
 - New and modified: 0

[05/Jul/2023:02:50:39] UPDATING PREPAGATI (JobID: f3ccca7a-ee52-49ee-875f-807c21819f83)
 - New and modified: 0

[05/Jul/2023:02:50:39] DELETING PREPAGATI (JobID: f3ccca7a-ee52-49ee-875f-807c21819f83)
 - Deleted: 0

[05/Jul/2023:03:00:05] UPDATING ACCOUNTS (JobID: 855fa9f0-0877-405f-a981-1616b8643c82)
 - New and modified: 0

[05/Jul/2023:03:00:05] DELETING ACCOUNTS (JobID: 855fa9f0-0877-405f-a981-1616b8643c82)
 - Deleted: 0

[05/Jul/2023:03:00:39] UPDATING PRODUCTS (JobID: e170aacb-e608-4eb0-b257-1cdbe58873fc)
 - New and modified: 0

[05/Jul/2023:03:00:40] UPDATING PREPAGATI (JobID: 5198d362-2c32-4f3f-904d-dcc6a6fa1457)
 - New and modified: 0

[05/Jul/2023:03:00:40] DELETING PREPAGATI (JobID: 5198d362-2c32-4f3f-904d-dcc6a6fa1457)
 - Deleted: 0

[05/Jul/2023:03:10:04] UPDATING ACCOUNTS (JobID: a5c6ae52-9392-4de0-b80c-aceb172f4f76)
 - New and modified: 0

[05/Jul/2023:03:10:04] DELETING ACCOUNTS (JobID: a5c6ae52-9392-4de0-b80c-aceb172f4f76)
 - Deleted: 0

[05/Jul/2023:03:10:37] UPDATING PRODUCTS (JobID: edf236e7-fe18-40cf-a940-539b4af3c820)
 - New and modified: 0

[05/Jul/2023:03:10:39] UPDATING PREPAGATI (JobID: 79d16f86-dbca-498b-8d27-4a8e5d68cf72)
 - New and modified: 0

[05/Jul/2023:03:10:39] DELETING PREPAGATI (JobID: 79d16f86-dbca-498b-8d27-4a8e5d68cf72)
 - Deleted: 0

[05/Jul/2023:03:20:05] UPDATING ACCOUNTS (JobID: 044841c3-6ead-4486-b7e4-0c70e98d80e0)
 - New and modified: 0

[05/Jul/2023:03:20:05] DELETING ACCOUNTS (JobID: 044841c3-6ead-4486-b7e4-0c70e98d80e0)
 - Deleted: 0

[05/Jul/2023:03:20:38] UPDATING PRODUCTS (JobID: 18d58d80-d548-455b-a2cb-81c50e6599a2)
 - New and modified: 0

[05/Jul/2023:03:20:40] UPDATING PREPAGATI (JobID: 73b47bb0-8e92-4bed-95b3-1720dfec0027)
 - New and modified: 0

[05/Jul/2023:03:20:40] DELETING PREPAGATI (JobID: 73b47bb0-8e92-4bed-95b3-1720dfec0027)
 - Deleted: 0

[05/Jul/2023:03:30:04] UPDATING ACCOUNTS (JobID: b7280a8f-5102-4dec-b96f-2c0717b67b3d)
 - New and modified: 0

[05/Jul/2023:03:30:04] DELETING ACCOUNTS (JobID: b7280a8f-5102-4dec-b96f-2c0717b67b3d)
 - Deleted: 0

[05/Jul/2023:03:30:38] UPDATING PRODUCTS (JobID: 107e84f6-b9ee-464f-ad71-08adec40d31b)
 - New and modified: 0

[05/Jul/2023:03:30:39] UPDATING PREPAGATI (JobID: b53c88c7-c818-4c8c-93b1-a94ea4211900)
 - New and modified: 0

[05/Jul/2023:03:30:39] DELETING PREPAGATI (JobID: b53c88c7-c818-4c8c-93b1-a94ea4211900)
 - Deleted: 0

[05/Jul/2023:03:40:04] UPDATING ACCOUNTS (JobID: 6f88953b-8df6-49b5-a3da-927c8cc2af04)
 - New and modified: 0

[05/Jul/2023:03:40:04] DELETING ACCOUNTS (JobID: 6f88953b-8df6-49b5-a3da-927c8cc2af04)
 - Deleted: 0

[05/Jul/2023:03:40:37] UPDATING PRODUCTS (JobID: 7ba29641-97ee-45a0-a09f-2136a0836ecf)
 - New and modified: 0

[05/Jul/2023:03:40:39] UPDATING PREPAGATI (JobID: 24b82ae9-227a-4b8e-b63e-7b104e3c29ba)
 - New and modified: 0

[05/Jul/2023:03:40:39] DELETING PREPAGATI (JobID: 24b82ae9-227a-4b8e-b63e-7b104e3c29ba)
 - Deleted: 0

[05/Jul/2023:03:50:05] UPDATING ACCOUNTS (JobID: 6f8f8828-4f7b-4026-9b2b-44316e1a9d8e)
 - New and modified: 0

[05/Jul/2023:03:50:05] DELETING ACCOUNTS (JobID: 6f8f8828-4f7b-4026-9b2b-44316e1a9d8e)
 - Deleted: 0

[05/Jul/2023:03:50:40] UPDATING PRODUCTS (JobID: 48105711-015c-489a-b7fe-2d891e775003)
 - New and modified: 0

[05/Jul/2023:03:50:43] UPDATING PREPAGATI (JobID: 45035c14-9182-4925-b3ed-c5e1b3d2bc91)
 - New and modified: 0

[05/Jul/2023:03:50:43] DELETING PREPAGATI (JobID: 45035c14-9182-4925-b3ed-c5e1b3d2bc91)
 - Deleted: 0

[05/Jul/2023:04:00:04] UPDATING ACCOUNTS (JobID: a6d2aeaa-8838-4446-8efd-8c5392c7cfea)
 - New and modified: 0

[05/Jul/2023:04:00:04] DELETING ACCOUNTS (JobID: a6d2aeaa-8838-4446-8efd-8c5392c7cfea)
 - Deleted: 0

[05/Jul/2023:04:00:38] UPDATING PRODUCTS (JobID: be15536c-28e2-41d7-a866-33609ef9e153)
 - New and modified: 0

[05/Jul/2023:04:00:40] UPDATING PREPAGATI (JobID: 65be5a34-dfd8-4e81-ae95-bebb390a9f82)
 - New and modified: 0

[05/Jul/2023:04:00:40] DELETING PREPAGATI (JobID: 65be5a34-dfd8-4e81-ae95-bebb390a9f82)
 - Deleted: 0

[05/Jul/2023:04:10:04] UPDATING ACCOUNTS (JobID: 50616e53-61bd-4d25-8765-c2ffd9989381)
 - New and modified: 0

[05/Jul/2023:04:10:04] DELETING ACCOUNTS (JobID: 50616e53-61bd-4d25-8765-c2ffd9989381)
 - Deleted: 0

[05/Jul/2023:04:10:40] UPDATING PRODUCTS (JobID: 168152f3-aa2f-48ac-bd25-8deaa81ce233)
 - New and modified: 0

[05/Jul/2023:04:10:42] UPDATING PREPAGATI (JobID: 928e71b2-7ba2-43d7-be58-a2b426d750a2)
 - New and modified: 0

[05/Jul/2023:04:10:42] DELETING PREPAGATI (JobID: 928e71b2-7ba2-43d7-be58-a2b426d750a2)
 - Deleted: 0

[05/Jul/2023:04:20:05] UPDATING ACCOUNTS (JobID: 484dd966-3379-4d84-bd89-b7aab10d2791)
 - New and modified: 0

[05/Jul/2023:04:20:05] DELETING ACCOUNTS (JobID: 484dd966-3379-4d84-bd89-b7aab10d2791)
 - Deleted: 0

[05/Jul/2023:04:20:45] UPDATING PRODUCTS (JobID: 2920bf77-69e4-4112-b22f-2ff19617aa72)
 - New and modified: 0

[05/Jul/2023:04:20:46] UPDATING PREPAGATI (JobID: df9e5d1f-19c9-410e-b514-c88ff8e26883)
 - New and modified: 0

[05/Jul/2023:04:20:46] DELETING PREPAGATI (JobID: df9e5d1f-19c9-410e-b514-c88ff8e26883)
 - Deleted: 0

[05/Jul/2023:04:30:04] UPDATING ACCOUNTS (JobID: 89a1793c-cb45-42ce-9f5e-71fd3a381906)
 - New and modified: 0

[05/Jul/2023:04:30:04] DELETING ACCOUNTS (JobID: 89a1793c-cb45-42ce-9f5e-71fd3a381906)
 - Deleted: 0

[05/Jul/2023:04:30:41] UPDATING PRODUCTS (JobID: 5341cd2a-1679-418a-8daa-483ad0895890)
 - New and modified: 0

[05/Jul/2023:04:30:43] UPDATING PREPAGATI (JobID: fd50de0e-de06-4f01-9c2a-4b23efad77c1)
 - New and modified: 0

[05/Jul/2023:04:30:43] DELETING PREPAGATI (JobID: fd50de0e-de06-4f01-9c2a-4b23efad77c1)
 - Deleted: 0

[05/Jul/2023:04:40:04] UPDATING ACCOUNTS (JobID: 2ecb9bc9-1ea6-4425-9111-713b8b4617a4)
 - New and modified: 0

[05/Jul/2023:04:40:04] DELETING ACCOUNTS (JobID: 2ecb9bc9-1ea6-4425-9111-713b8b4617a4)
 - Deleted: 0

[05/Jul/2023:04:40:36] UPDATING PRODUCTS (JobID: cbda8420-7af4-4f9f-a0b5-9a91ed096de6)
 - New and modified: 0

[05/Jul/2023:04:40:38] UPDATING PREPAGATI (JobID: 09ae684e-12c2-44c4-b9f6-ad73c47cfc15)
 - New and modified: 0

[05/Jul/2023:04:40:38] DELETING PREPAGATI (JobID: 09ae684e-12c2-44c4-b9f6-ad73c47cfc15)
 - Deleted: 0

[05/Jul/2023:05:00:04] UPDATING ACCOUNTS (JobID: 54a8b490-3079-4462-9a3e-74b2de2effd8)
 - New and modified: 0

[05/Jul/2023:05:00:04] DELETING ACCOUNTS (JobID: 54a8b490-3079-4462-9a3e-74b2de2effd8)
 - Deleted: 0

[05/Jul/2023:05:00:38] UPDATING PRODUCTS (JobID: b2a8d4c4-96b0-4552-ab44-03099e5683c4)
 - New and modified: 0

[05/Jul/2023:05:00:40] UPDATING PREPAGATI (JobID: bf76349d-a050-45a1-8504-b3ad907fb396)
 - New and modified: 0

[05/Jul/2023:05:00:40] DELETING PREPAGATI (JobID: bf76349d-a050-45a1-8504-b3ad907fb396)
 - Deleted: 0

[05/Jul/2023:05:10:04] UPDATING ACCOUNTS (JobID: af3d33f0-db63-4e5b-86aa-e378922ff83a)
 - New and modified: 0

[05/Jul/2023:05:10:04] DELETING ACCOUNTS (JobID: af3d33f0-db63-4e5b-86aa-e378922ff83a)
 - Deleted: 0

[05/Jul/2023:05:10:37] UPDATING PRODUCTS (JobID: f17dfd16-6ee0-4d53-8799-0513c6422dc8)
 - New and modified: 0

[05/Jul/2023:05:10:39] UPDATING PREPAGATI (JobID: b22c07f7-7db7-4914-946d-8e6fcccff955)
 - New and modified: 0

[05/Jul/2023:05:10:39] DELETING PREPAGATI (JobID: b22c07f7-7db7-4914-946d-8e6fcccff955)
 - Deleted: 0

[05/Jul/2023:05:20:04] UPDATING ACCOUNTS (JobID: 43a1aab9-e437-4f06-ab69-591437e876e1)
 - New and modified: 0

[05/Jul/2023:05:20:04] DELETING ACCOUNTS (JobID: 43a1aab9-e437-4f06-ab69-591437e876e1)
 - Deleted: 0

[05/Jul/2023:05:20:39] UPDATING PRODUCTS (JobID: 9ecd82ca-8b9e-4f2c-881a-b22a38d71826)
 - New and modified: 0

[05/Jul/2023:05:20:40] UPDATING PREPAGATI (JobID: a6bc8aa8-1a30-47d5-9a53-0fc63a779fe7)
 - New and modified: 0

[05/Jul/2023:05:20:40] DELETING PREPAGATI (JobID: a6bc8aa8-1a30-47d5-9a53-0fc63a779fe7)
 - Deleted: 0

[05/Jul/2023:05:30:04] UPDATING ACCOUNTS (JobID: 1a462693-6913-4c4e-a982-4a6633383158)
 - New and modified: 0

[05/Jul/2023:05:30:04] DELETING ACCOUNTS (JobID: 1a462693-6913-4c4e-a982-4a6633383158)
 - Deleted: 0

[05/Jul/2023:05:30:37] UPDATING PRODUCTS (JobID: cfb57406-0e13-4d78-b2e4-528f0d1c0340)
 - New and modified: 0

[05/Jul/2023:05:30:39] UPDATING PREPAGATI (JobID: ae7f7510-07b3-4db6-bc51-43c68d326320)
 - New and modified: 0

[05/Jul/2023:05:30:39] DELETING PREPAGATI (JobID: ae7f7510-07b3-4db6-bc51-43c68d326320)
 - Deleted: 0

[05/Jul/2023:05:40:04] UPDATING ACCOUNTS (JobID: 0d0abba9-acb5-4e75-92e4-cd0d5238a550)
 - New and modified: 0

[05/Jul/2023:05:40:04] DELETING ACCOUNTS (JobID: 0d0abba9-acb5-4e75-92e4-cd0d5238a550)
 - Deleted: 0

[05/Jul/2023:05:40:38] UPDATING PRODUCTS (JobID: 38414d22-6790-4a38-bb48-43f095b8d3b2)
 - New and modified: 0

[05/Jul/2023:05:40:40] UPDATING PREPAGATI (JobID: 2a531bf7-a435-4c75-ab72-80ae7a9c7447)
 - New and modified: 0

[05/Jul/2023:05:40:40] DELETING PREPAGATI (JobID: 2a531bf7-a435-4c75-ab72-80ae7a9c7447)
 - Deleted: 0

[05/Jul/2023:05:50:04] UPDATING ACCOUNTS (JobID: 7681d3b2-c306-4be6-8f29-59669379be71)
 - New and modified: 0

[05/Jul/2023:05:50:04] DELETING ACCOUNTS (JobID: 7681d3b2-c306-4be6-8f29-59669379be71)
 - Deleted: 0

[05/Jul/2023:05:50:34] UPDATING PRODUCTS (JobID: 2faf04d7-1f3d-4a27-9497-91ddd03e2564)
 - New and modified: 0

[05/Jul/2023:05:50:36] UPDATING PREPAGATI (JobID: 28688345-a8cf-4fac-876d-35ba3a5d0f09)
 - New and modified: 0

[05/Jul/2023:05:50:36] DELETING PREPAGATI (JobID: 28688345-a8cf-4fac-876d-35ba3a5d0f09)
 - Deleted: 0

[05/Jul/2023:06:00:04] UPDATING ACCOUNTS (JobID: 2dcf381d-0144-4291-8866-eb56442c555b)
 - New and modified: 0

[05/Jul/2023:06:00:04] DELETING ACCOUNTS (JobID: 2dcf381d-0144-4291-8866-eb56442c555b)
 - Deleted: 0

[05/Jul/2023:06:00:40] UPDATING PRODUCTS (JobID: 4b57f140-883f-4943-8e79-be14538a3a8d)
 - New and modified: 0

[05/Jul/2023:06:00:42] UPDATING PREPAGATI (JobID: 368cac38-6003-4da9-b911-c54d2a68ce56)
 - New and modified: 0

[05/Jul/2023:06:00:42] DELETING PREPAGATI (JobID: 368cac38-6003-4da9-b911-c54d2a68ce56)
 - Deleted: 0

[05/Jul/2023:06:10:04] UPDATING ACCOUNTS (JobID: 570c3a61-d5f0-4414-bfd5-433b2e4b8de8)
 - New and modified: 0

[05/Jul/2023:06:10:04] DELETING ACCOUNTS (JobID: 570c3a61-d5f0-4414-bfd5-433b2e4b8de8)
 - Deleted: 0

[05/Jul/2023:06:10:39] UPDATING PRODUCTS (JobID: f2c8a57b-1f20-49eb-ba89-10657af41a27)
 - New and modified: 0

[05/Jul/2023:06:10:41] UPDATING PREPAGATI (JobID: af989869-017f-4d47-8463-092c631622f5)
 - New and modified: 0

[05/Jul/2023:06:10:41] DELETING PREPAGATI (JobID: af989869-017f-4d47-8463-092c631622f5)
 - Deleted: 0

[05/Jul/2023:06:20:04] UPDATING ACCOUNTS (JobID: 9746571a-d43a-456b-aa26-2c0b5043c642)
 - New and modified: 0

[05/Jul/2023:06:20:04] DELETING ACCOUNTS (JobID: 9746571a-d43a-456b-aa26-2c0b5043c642)
 - Deleted: 0

[05/Jul/2023:06:20:39] UPDATING PRODUCTS (JobID: 823f0c4d-e9e7-44ac-9804-40422e541d73)
 - New and modified: 0

[05/Jul/2023:06:20:41] UPDATING PREPAGATI (JobID: 6ddb1496-fcc7-43a3-bdb0-41c3bdab6aa0)
 - New and modified: 0

[05/Jul/2023:06:20:41] DELETING PREPAGATI (JobID: 6ddb1496-fcc7-43a3-bdb0-41c3bdab6aa0)
 - Deleted: 0

[05/Jul/2023:06:30:04] UPDATING ACCOUNTS (JobID: d0aa7428-8e51-4dc6-b5a7-4d589564c8b4)
 - New and modified: 0

[05/Jul/2023:06:30:04] DELETING ACCOUNTS (JobID: d0aa7428-8e51-4dc6-b5a7-4d589564c8b4)
 - Deleted: 0

[05/Jul/2023:06:30:37] UPDATING PRODUCTS (JobID: 5e323679-944d-491f-80a4-2e32f0b4642e)
 - New and modified: 0

[05/Jul/2023:06:30:39] UPDATING PREPAGATI (JobID: b98aee42-da24-49de-ae9f-8d6e440dc34b)
 - New and modified: 0

[05/Jul/2023:06:30:39] DELETING PREPAGATI (JobID: b98aee42-da24-49de-ae9f-8d6e440dc34b)
 - Deleted: 0

[05/Jul/2023:06:40:04] UPDATING ACCOUNTS (JobID: df0b948c-b1b5-4f2b-b32f-540289b8ebd8)
 - New and modified: 0

[05/Jul/2023:06:40:04] DELETING ACCOUNTS (JobID: df0b948c-b1b5-4f2b-b32f-540289b8ebd8)
 - Deleted: 0

[05/Jul/2023:06:40:36] UPDATING PRODUCTS (JobID: 605f21d3-cd99-4e7e-9027-ca224ab14b42)
 - New and modified: 0

[05/Jul/2023:06:40:38] UPDATING PREPAGATI (JobID: 3e799676-ed5e-4476-ac36-dd21fb225d47)
 - New and modified: 0

[05/Jul/2023:06:40:38] DELETING PREPAGATI (JobID: 3e799676-ed5e-4476-ac36-dd21fb225d47)
 - Deleted: 0

[05/Jul/2023:06:50:04] UPDATING ACCOUNTS (JobID: a8b47d8c-b4ad-4715-b434-feb1e7c835fb)
 - New and modified: 0

[05/Jul/2023:06:50:04] DELETING ACCOUNTS (JobID: a8b47d8c-b4ad-4715-b434-feb1e7c835fb)
 - Deleted: 0

[05/Jul/2023:06:50:36] UPDATING PRODUCTS (JobID: 346d0808-027f-45ad-983b-4388f83700c0)
 - New and modified: 0

[05/Jul/2023:06:50:38] UPDATING PREPAGATI (JobID: ba8ae13b-35c7-4205-881b-1ddb1efb0e22)
 - New and modified: 0

[05/Jul/2023:06:50:38] DELETING PREPAGATI (JobID: ba8ae13b-35c7-4205-881b-1ddb1efb0e22)
 - Deleted: 0

[05/Jul/2023:07:00:16] UPDATING ACCOUNTS (JobID: 19e42e52-1eda-4671-a64a-feaf3e8da2a0)
 - New and modified: 0

[05/Jul/2023:07:00:16] DELETING ACCOUNTS (JobID: 19e42e52-1eda-4671-a64a-feaf3e8da2a0)
 - Deleted: 0

[05/Jul/2023:07:00:49] UPDATING PRODUCTS (JobID: 06a7b3cf-0845-442d-82d5-2c7c948234e0)
 - New and modified: 0

[05/Jul/2023:07:00:51] UPDATING PREPAGATI (JobID: 38aa8aad-a4da-4568-b159-e53033208cfb)
 - New and modified: 0

[05/Jul/2023:07:00:51] DELETING PREPAGATI (JobID: 38aa8aad-a4da-4568-b159-e53033208cfb)
 - Deleted: 0

[05/Jul/2023:07:10:05] UPDATING ACCOUNTS (JobID: 82aeff07-3216-4da5-995b-4404f551c717)
 - New and modified: 0

[05/Jul/2023:07:10:05] DELETING ACCOUNTS (JobID: 82aeff07-3216-4da5-995b-4404f551c717)
 - Deleted: 0

[05/Jul/2023:07:10:42] UPDATING PRODUCTS (JobID: 64df2e8e-387a-4a78-9be9-7fcfddc66b0a)
 - New and modified: 0

[05/Jul/2023:07:10:45] UPDATING PREPAGATI (JobID: c50303d4-b1d7-46fd-821e-3da8cb898307)
 - New and modified: 0

[05/Jul/2023:07:10:45] DELETING PREPAGATI (JobID: c50303d4-b1d7-46fd-821e-3da8cb898307)
 - Deleted: 0

[05/Jul/2023:07:20:04] UPDATING ACCOUNTS (JobID: fda116c8-1367-456f-a788-e972f4886d35)
 - New and modified: 0

[05/Jul/2023:07:20:04] DELETING ACCOUNTS (JobID: fda116c8-1367-456f-a788-e972f4886d35)
 - Deleted: 0

[05/Jul/2023:07:20:39] UPDATING PRODUCTS (JobID: 35563a8b-ffac-4740-948f-43576f19f74b)
 - New and modified: 0

[05/Jul/2023:07:20:41] UPDATING PREPAGATI (JobID: 1c92488e-0e19-4ec7-af12-516e62530edb)
 - New and modified: 0

[05/Jul/2023:07:20:41] DELETING PREPAGATI (JobID: 1c92488e-0e19-4ec7-af12-516e62530edb)
 - Deleted: 0

[05/Jul/2023:07:30:04] UPDATING ACCOUNTS (JobID: 8e4c425c-f41e-4e40-a23e-ac2b23e8bc57)
 - New and modified: 0

[05/Jul/2023:07:30:04] DELETING ACCOUNTS (JobID: 8e4c425c-f41e-4e40-a23e-ac2b23e8bc57)
 - Deleted: 0

[05/Jul/2023:07:30:37] UPDATING PRODUCTS (JobID: 3b66cb65-f046-4e1d-a2e1-3810687e899d)
 - New and modified: 0

[05/Jul/2023:07:30:38] UPDATING PREPAGATI (JobID: 12ca5dcd-16da-4ebb-918f-936c3c31e037)
 - New and modified: 0

[05/Jul/2023:07:30:38] DELETING PREPAGATI (JobID: 12ca5dcd-16da-4ebb-918f-936c3c31e037)
 - Deleted: 0

[05/Jul/2023:07:40:04] UPDATING ACCOUNTS (JobID: e8f5b5f9-d3ad-4c03-9ec2-f2c8c38dfad8)
 - New and modified: 0

[05/Jul/2023:07:40:04] DELETING ACCOUNTS (JobID: e8f5b5f9-d3ad-4c03-9ec2-f2c8c38dfad8)
 - Deleted: 0

[05/Jul/2023:07:40:39] UPDATING PRODUCTS (JobID: b3b2b575-91e7-4d69-9088-d3fbea55a371)
 - New and modified: 0

[05/Jul/2023:07:40:41] UPDATING PREPAGATI (JobID: 43a7810d-0068-4a47-84c3-2593284944a6)
 - New and modified: 0

[05/Jul/2023:07:40:41] DELETING PREPAGATI (JobID: 43a7810d-0068-4a47-84c3-2593284944a6)
 - Deleted: 0

[05/Jul/2023:07:50:04] UPDATING ACCOUNTS (JobID: ce86cbbc-439c-4639-9b5b-54b4c3dcc0e8)
 - New and modified: 0

[05/Jul/2023:07:50:04] DELETING ACCOUNTS (JobID: ce86cbbc-439c-4639-9b5b-54b4c3dcc0e8)
 - Deleted: 0

[05/Jul/2023:07:50:38] UPDATING PRODUCTS (JobID: d9a96d87-5e97-480d-bb09-d413b7fcbe0d)
 - New and modified: 0

[05/Jul/2023:07:50:40] UPDATING PREPAGATI (JobID: 6559ea71-ea4a-40bd-ae73-41283d45b324)
 - New and modified: 0

[05/Jul/2023:07:50:40] DELETING PREPAGATI (JobID: 6559ea71-ea4a-40bd-ae73-41283d45b324)
 - Deleted: 0

[05/Jul/2023:08:00:04] UPDATING ACCOUNTS (JobID: bd05a8c7-e351-4c13-923e-8700756beacf)
 - New and modified: 0

[05/Jul/2023:08:00:04] DELETING ACCOUNTS (JobID: bd05a8c7-e351-4c13-923e-8700756beacf)
 - Deleted: 0

[05/Jul/2023:08:00:41] UPDATING PRODUCTS (JobID: dc07afd2-6229-4b1d-8160-458290ebc3b9)
 - New and modified: 0

[05/Jul/2023:08:00:43] UPDATING PREPAGATI (JobID: 09ef23b9-9805-4cbd-86d9-604a7d4b6d93)
 - New and modified: 0

[05/Jul/2023:08:00:43] DELETING PREPAGATI (JobID: 09ef23b9-9805-4cbd-86d9-604a7d4b6d93)
 - Deleted: 0

[05/Jul/2023:08:10:04] UPDATING ACCOUNTS (JobID: dc2caa48-2a72-4afb-af6d-8aa3c8982e8a)
 - New and modified: 0

[05/Jul/2023:08:10:04] DELETING ACCOUNTS (JobID: dc2caa48-2a72-4afb-af6d-8aa3c8982e8a)
 - Deleted: 0

[05/Jul/2023:08:10:40] UPDATING PRODUCTS (JobID: 02a52353-b60f-49ae-80c2-07bf5a9e624b)
 - New and modified: 0

[05/Jul/2023:08:10:42] UPDATING PREPAGATI (JobID: 868141dc-21bd-456b-ae3e-c14498d10e79)
 - New and modified: 0

[05/Jul/2023:08:10:42] DELETING PREPAGATI (JobID: 868141dc-21bd-456b-ae3e-c14498d10e79)
 - Deleted: 0

[05/Jul/2023:08:20:04] UPDATING ACCOUNTS (JobID: 3492d37d-e653-4214-a75f-f280152b3ca9)
 - New and modified: 0

[05/Jul/2023:08:20:04] DELETING ACCOUNTS (JobID: 3492d37d-e653-4214-a75f-f280152b3ca9)
 - Deleted: 0

[05/Jul/2023:08:20:39] UPDATING PRODUCTS (JobID: d73e5682-75c5-4102-8061-0b02470d2a58)
 - New and modified: 0

[05/Jul/2023:08:20:40] UPDATING PREPAGATI (JobID: 537deb69-c28f-4949-a850-31f97f1d209b)
 - New and modified: 0

[05/Jul/2023:08:20:40] DELETING PREPAGATI (JobID: 537deb69-c28f-4949-a850-31f97f1d209b)
 - Deleted: 0

[05/Jul/2023:08:30:04] UPDATING ACCOUNTS (JobID: aa461ef9-e1bd-4473-83a5-5f0b6eae6cd3)
 - New and modified: 0

[05/Jul/2023:08:30:04] DELETING ACCOUNTS (JobID: aa461ef9-e1bd-4473-83a5-5f0b6eae6cd3)
 - Deleted: 0

[05/Jul/2023:08:30:35] UPDATING PRODUCTS (JobID: 6ad07dbb-ff5a-47ab-a2ff-05b7db4a887e)
 - New and modified: 0

[05/Jul/2023:08:30:37] UPDATING PREPAGATI (JobID: 98b9528f-fb8e-4f83-81bb-af541dbe4a94)
 - New and modified: 0

[05/Jul/2023:08:30:37] DELETING PREPAGATI (JobID: 98b9528f-fb8e-4f83-81bb-af541dbe4a94)
 - Deleted: 0

[05/Jul/2023:08:40:04] UPDATING ACCOUNTS (JobID: f58af3a9-fc55-4977-8b92-f4644dc684a2)
 - New and modified: 0

[05/Jul/2023:08:40:04] DELETING ACCOUNTS (JobID: f58af3a9-fc55-4977-8b92-f4644dc684a2)
 - Deleted: 0

[05/Jul/2023:08:40:36] UPDATING PRODUCTS (JobID: 94f54c64-b0d0-48fc-ba83-20deebc1c684)
 - New and modified: 0

[05/Jul/2023:08:40:38] UPDATING PREPAGATI (JobID: 9eb506bf-ae64-467b-ae8b-8950071d8ce2)
 - New and modified: 0

[05/Jul/2023:08:40:38] DELETING PREPAGATI (JobID: 9eb506bf-ae64-467b-ae8b-8950071d8ce2)
 - Deleted: 0

[05/Jul/2023:09:00:05] UPDATING ACCOUNTS (JobID: b5edf7f4-d2a8-4cc4-b8d6-ed544d609ae1)
 - New and modified: 0

[05/Jul/2023:09:00:05] DELETING ACCOUNTS (JobID: b5edf7f4-d2a8-4cc4-b8d6-ed544d609ae1)
 - Deleted: 0

[05/Jul/2023:09:00:40] UPDATING PRODUCTS (JobID: 25cf91d4-ecb5-4adf-b0af-9953796b293b)
 - New and modified: 0

[05/Jul/2023:09:00:42] UPDATING PREPAGATI (JobID: 6fbc95b1-d23c-49f2-b43f-1cb30f7e90b1)
 - New and modified: 0

[05/Jul/2023:09:00:42] DELETING PREPAGATI (JobID: 6fbc95b1-d23c-49f2-b43f-1cb30f7e90b1)
 - Deleted: 0

[05/Jul/2023:09:10:05] UPDATING ACCOUNTS (JobID: f6c3a84d-429d-4289-8daa-583cbf031074)
 - New and modified: 0

[05/Jul/2023:09:10:05] DELETING ACCOUNTS (JobID: f6c3a84d-429d-4289-8daa-583cbf031074)
 - Deleted: 0

[05/Jul/2023:09:10:38] UPDATING PRODUCTS (JobID: dfbe36db-6070-44c9-9c45-0e422e1ead6f)
 - New and modified: 0

[05/Jul/2023:09:10:40] UPDATING PREPAGATI (JobID: 9d8fdc88-02aa-44f3-bdc0-4f36ebc6c121)
 - New and modified: 0

[05/Jul/2023:09:10:40] DELETING PREPAGATI (JobID: 9d8fdc88-02aa-44f3-bdc0-4f36ebc6c121)
 - Deleted: 0

[05/Jul/2023:09:20:04] UPDATING ACCOUNTS (JobID: 5befcb4d-7e74-406e-b4c4-b37d6c0eaaae)
 - New and modified: 0

[05/Jul/2023:09:20:04] DELETING ACCOUNTS (JobID: 5befcb4d-7e74-406e-b4c4-b37d6c0eaaae)
 - Deleted: 0

[05/Jul/2023:09:20:37] UPDATING PRODUCTS (JobID: a045c2da-36be-43a8-b90f-23eb575a706c)
 - New and modified: 0

[05/Jul/2023:09:20:39] UPDATING PREPAGATI (JobID: cae370fb-e73e-4042-8724-3a80540394ec)
 - New and modified: 0

[05/Jul/2023:09:20:39] DELETING PREPAGATI (JobID: cae370fb-e73e-4042-8724-3a80540394ec)
 - Deleted: 0

[05/Jul/2023:09:30:04] UPDATING ACCOUNTS (JobID: eda6292d-a568-490b-9603-bf8021054e5e)
 - New and modified: 0

[05/Jul/2023:09:30:04] DELETING ACCOUNTS (JobID: eda6292d-a568-490b-9603-bf8021054e5e)
 - Deleted: 0

[05/Jul/2023:09:30:36] UPDATING PRODUCTS (JobID: 0c9849fe-a0dd-4c75-877d-712715ba69ae)
 - New and modified: 0

[05/Jul/2023:09:30:37] UPDATING PREPAGATI (JobID: 316b600d-9a19-4a07-9f3e-fdc2144a207e)
 - New and modified: 0

[05/Jul/2023:09:30:37] DELETING PREPAGATI (JobID: 316b600d-9a19-4a07-9f3e-fdc2144a207e)
 - Deleted: 0

[05/Jul/2023:09:40:04] UPDATING ACCOUNTS (JobID: bde99c4b-f2d0-47d0-bbfa-0db48d2f3a7a)
 - New and modified: 0

[05/Jul/2023:09:40:04] DELETING ACCOUNTS (JobID: bde99c4b-f2d0-47d0-bbfa-0db48d2f3a7a)
 - Deleted: 0

[05/Jul/2023:09:40:35] UPDATING PRODUCTS (JobID: 74bf8671-ac21-4c63-b9fb-1e82425404b4)
 - New and modified: 1
   833926-B21

[05/Jul/2023:09:40:37] UPDATING PREPAGATI (JobID: 64de407c-00c6-4404-ba3f-f9a7d306463c)
 - New and modified: 0

[05/Jul/2023:09:40:37] DELETING PREPAGATI (JobID: 64de407c-00c6-4404-ba3f-f9a7d306463c)
 - Deleted: 0

[05/Jul/2023:09:50:04] UPDATING ACCOUNTS (JobID: 18248636-b621-46ec-b9e3-5820912e0c24)
 - New and modified: 0

[05/Jul/2023:09:50:04] DELETING ACCOUNTS (JobID: 18248636-b621-46ec-b9e3-5820912e0c24)
 - Deleted: 0

[05/Jul/2023:09:50:37] UPDATING PRODUCTS (JobID: aae41ccd-164d-4dc9-9074-70816693dc98)
 - New and modified: 0

[05/Jul/2023:09:50:39] UPDATING PREPAGATI (JobID: 413122ec-0108-4c76-a3ab-9e7ebaaa5959)
 - New and modified: 0

[05/Jul/2023:09:50:39] DELETING PREPAGATI (JobID: 413122ec-0108-4c76-a3ab-9e7ebaaa5959)
 - Deleted: 0

[05/Jul/2023:10:00:05] UPDATING ACCOUNTS (JobID: 1db40a88-0476-4665-8240-6d22ba817027)
 - New and modified: 0

[05/Jul/2023:10:00:05] DELETING ACCOUNTS (JobID: 1db40a88-0476-4665-8240-6d22ba817027)
 - Deleted: 0

[05/Jul/2023:10:00:40] UPDATING PRODUCTS (JobID: 53355a64-9e5b-4e28-8552-fd51fa0aeb21)
 - New and modified: 0

[05/Jul/2023:10:00:42] UPDATING PREPAGATI (JobID: 59308f4d-9798-43f6-91a8-59eaed64b076)
 - New and modified: 0

[05/Jul/2023:10:00:42] DELETING PREPAGATI (JobID: 59308f4d-9798-43f6-91a8-59eaed64b076)
 - Deleted: 0

[05/Jul/2023:10:10:04] UPDATING ACCOUNTS (JobID: 9f261ec6-e069-46d4-9a15-ffcc10a709a7)
 - New and modified: 0

[05/Jul/2023:10:10:04] DELETING ACCOUNTS (JobID: 9f261ec6-e069-46d4-9a15-ffcc10a709a7)
 - Deleted: 0

[05/Jul/2023:10:10:38] UPDATING PRODUCTS (JobID: 00a7af9f-6ed5-496a-8bbc-bb35965c0160)
 - New and modified: 0

[05/Jul/2023:10:10:40] UPDATING PREPAGATI (JobID: 71828bc9-859d-402f-8e70-4fb002f2e562)
 - New and modified: 0

[05/Jul/2023:10:10:40] DELETING PREPAGATI (JobID: 71828bc9-859d-402f-8e70-4fb002f2e562)
 - Deleted: 0

[05/Jul/2023:10:20:04] UPDATING ACCOUNTS (JobID: b0447d00-d7b2-4650-83e6-2ccce76a7286)
 - New and modified: 0

[05/Jul/2023:10:20:04] DELETING ACCOUNTS (JobID: b0447d00-d7b2-4650-83e6-2ccce76a7286)
 - Deleted: 0

[05/Jul/2023:10:20:37] UPDATING PRODUCTS (JobID: f4e882ab-a518-4732-af6a-237109ea24e2)
 - New and modified: 1
   H39Q1E

[05/Jul/2023:10:20:38] UPDATING PREPAGATI (JobID: 900e4778-7a27-4545-b580-fd2133820d5a)
 - New and modified: 0

[05/Jul/2023:10:20:38] DELETING PREPAGATI (JobID: 900e4778-7a27-4545-b580-fd2133820d5a)
 - Deleted: 0

[05/Jul/2023:10:30:04] UPDATING ACCOUNTS (JobID: 20d0bd8a-18c6-4b02-8b38-2df4c6589d4d)
 - New and modified: 0

[05/Jul/2023:10:30:04] DELETING ACCOUNTS (JobID: 20d0bd8a-18c6-4b02-8b38-2df4c6589d4d)
 - Deleted: 0

[05/Jul/2023:10:30:36] UPDATING PRODUCTS (JobID: 655e3dd3-3f19-487b-8cf1-88c213c03ecc)
 - New and modified: 0

[05/Jul/2023:10:30:38] UPDATING PREPAGATI (JobID: 87c7dc13-e843-40a6-88d4-59dccd458a01)
 - New and modified: 0

[05/Jul/2023:10:30:38] DELETING PREPAGATI (JobID: 87c7dc13-e843-40a6-88d4-59dccd458a01)
 - Deleted: 0

[05/Jul/2023:10:40:03] UPDATING ACCOUNTS (JobID: 740923dd-adce-4034-bc7a-84ac25bf8ccc)
 - New and modified: 0

[05/Jul/2023:10:40:03] DELETING ACCOUNTS (JobID: 740923dd-adce-4034-bc7a-84ac25bf8ccc)
 - Deleted: 0

[05/Jul/2023:10:40:35] UPDATING PRODUCTS (JobID: 37614951-1acb-4bc8-9b81-a14760f49751)
 - New and modified: 0

[05/Jul/2023:10:40:37] UPDATING PREPAGATI (JobID: 932c3ffa-1659-49e3-92c5-684a665e04eb)
 - New and modified: 0

[05/Jul/2023:10:40:37] DELETING PREPAGATI (JobID: 932c3ffa-1659-49e3-92c5-684a665e04eb)
 - Deleted: 0

[05/Jul/2023:10:50:04] UPDATING ACCOUNTS (JobID: 98954c5f-f8af-47c1-8a7d-429109444aaa)
 - New and modified: 0

[05/Jul/2023:10:50:04] DELETING ACCOUNTS (JobID: 98954c5f-f8af-47c1-8a7d-429109444aaa)
 - Deleted: 0

[05/Jul/2023:10:50:35] UPDATING PRODUCTS (JobID: a22a7ea6-a459-4758-bbdd-718c9335755e)
 - New and modified: 0

[05/Jul/2023:10:50:37] UPDATING PREPAGATI (JobID: fb02de93-6520-4d5c-ba7b-b9281e5074d9)
 - New and modified: 0

[05/Jul/2023:10:50:37] DELETING PREPAGATI (JobID: fb02de93-6520-4d5c-ba7b-b9281e5074d9)
 - Deleted: 0

[05/Jul/2023:11:00:04] UPDATING ACCOUNTS (JobID: a252ed0c-7e21-4674-8011-6a58c3c76dbe)
 - New and modified: 0

[05/Jul/2023:11:00:04] DELETING ACCOUNTS (JobID: a252ed0c-7e21-4674-8011-6a58c3c76dbe)
 - Deleted: 0

[05/Jul/2023:11:00:36] UPDATING PRODUCTS (JobID: 4896b04c-85c7-46c0-a69e-8db0387d771c)
 - New and modified: 0

[05/Jul/2023:11:00:38] UPDATING PREPAGATI (JobID: 18f1e07c-4e30-46a0-a676-6fd5118c47bd)
 - New and modified: 0

[05/Jul/2023:11:00:38] DELETING PREPAGATI (JobID: 18f1e07c-4e30-46a0-a676-6fd5118c47bd)
 - Deleted: 0

[05/Jul/2023:11:10:04] UPDATING ACCOUNTS (JobID: 2d95242c-f5cc-424a-8372-d85dd7969714)
 - New and modified: 0

[05/Jul/2023:11:10:04] DELETING ACCOUNTS (JobID: 2d95242c-f5cc-424a-8372-d85dd7969714)
 - Deleted: 0

[05/Jul/2023:11:10:37] UPDATING PRODUCTS (JobID: bf3291b9-8b26-4e58-bfce-7016e8e08945)
 - New and modified: 0

[05/Jul/2023:11:10:39] UPDATING PREPAGATI (JobID: 203f297d-6568-4145-99f0-4012a5192783)
 - New and modified: 0

[05/Jul/2023:11:10:39] DELETING PREPAGATI (JobID: 203f297d-6568-4145-99f0-4012a5192783)
 - Deleted: 0

[05/Jul/2023:11:20:04] UPDATING ACCOUNTS (JobID: 93773d25-de3d-40d4-ad52-87f38e1898c0)
 - New and modified: 0

[05/Jul/2023:11:20:04] DELETING ACCOUNTS (JobID: 93773d25-de3d-40d4-ad52-87f38e1898c0)
 - Deleted: 0

[05/Jul/2023:11:20:38] UPDATING PRODUCTS (JobID: 8d8a1004-9053-496f-8f70-057a7b4ea1fb)
 - New and modified: 0

[05/Jul/2023:11:20:40] UPDATING PREPAGATI (JobID: 71160525-2741-46da-aa14-130136942327)
 - New and modified: 0

[05/Jul/2023:11:20:40] DELETING PREPAGATI (JobID: 71160525-2741-46da-aa14-130136942327)
 - Deleted: 0

[05/Jul/2023:11:30:05] UPDATING ACCOUNTS (JobID: 350f1bbf-0401-479b-b89e-34f7c5d319be)
 - New and modified: 0

[05/Jul/2023:11:30:05] DELETING ACCOUNTS (JobID: 350f1bbf-0401-479b-b89e-34f7c5d319be)
 - Deleted: 0

[05/Jul/2023:11:30:37] UPDATING PRODUCTS (JobID: a5bc273b-8184-4749-a848-4d98c58ce19c)
 - New and modified: 0

[05/Jul/2023:11:30:39] UPDATING PREPAGATI (JobID: df8f3830-a33a-418b-84b1-9e8465432cf4)
 - New and modified: 0

[05/Jul/2023:11:30:39] DELETING PREPAGATI (JobID: df8f3830-a33a-418b-84b1-9e8465432cf4)
 - Deleted: 0

[05/Jul/2023:11:40:04] UPDATING ACCOUNTS (JobID: ad6f731f-a978-4199-962d-3a1ee06503cc)
 - New and modified: 0

[05/Jul/2023:11:40:04] DELETING ACCOUNTS (JobID: ad6f731f-a978-4199-962d-3a1ee06503cc)
 - Deleted: 0

[05/Jul/2023:11:40:37] UPDATING PRODUCTS (JobID: 7d66600e-36b5-408d-9e9c-207e24f46bd9)
 - New and modified: 0

[05/Jul/2023:11:40:39] UPDATING PREPAGATI (JobID: 6009bfa4-8165-4f76-9f49-7fb912769359)
 - New and modified: 0

[05/Jul/2023:11:40:39] DELETING PREPAGATI (JobID: 6009bfa4-8165-4f76-9f49-7fb912769359)
 - Deleted: 0

[05/Jul/2023:11:50:04] UPDATING ACCOUNTS (JobID: 92d5a997-b14e-4acd-8287-93405e60d8cc)
 - New and modified: 0

[05/Jul/2023:11:50:04] DELETING ACCOUNTS (JobID: 92d5a997-b14e-4acd-8287-93405e60d8cc)
 - Deleted: 0

[05/Jul/2023:11:50:38] UPDATING PRODUCTS (JobID: 62b42317-9d05-4c6c-bf2e-3560c648eb17)
 - New and modified: 0

[05/Jul/2023:11:50:40] UPDATING PREPAGATI (JobID: d4fcd367-2725-4481-9fbc-9b60bf97ca38)
 - New and modified: 0

[05/Jul/2023:11:50:40] DELETING PREPAGATI (JobID: d4fcd367-2725-4481-9fbc-9b60bf97ca38)
 - Deleted: 0

[05/Jul/2023:12:00:04] UPDATING ACCOUNTS (JobID: 598e0694-5354-4a47-ada0-936eedbdab9e)
 - New and modified: 0

[05/Jul/2023:12:00:04] DELETING ACCOUNTS (JobID: 598e0694-5354-4a47-ada0-936eedbdab9e)
 - Deleted: 0

[05/Jul/2023:12:00:38] UPDATING PRODUCTS (JobID: 2cae9fc0-e3fd-41ee-9249-801bc7b61e6c)
 - New and modified: 0

[05/Jul/2023:12:00:40] UPDATING PREPAGATI (JobID: f014ecd3-45ba-487b-a8b8-a0e8cf799393)
 - New and modified: 0

[05/Jul/2023:12:00:40] DELETING PREPAGATI (JobID: f014ecd3-45ba-487b-a8b8-a0e8cf799393)
 - Deleted: 0

[05/Jul/2023:12:10:04] UPDATING ACCOUNTS (JobID: 5226d240-a50e-4eb9-bc8f-8f6be9e0b107)
 - New and modified: 0

[05/Jul/2023:12:10:04] DELETING ACCOUNTS (JobID: 5226d240-a50e-4eb9-bc8f-8f6be9e0b107)
 - Deleted: 0

[05/Jul/2023:12:10:40] UPDATING PRODUCTS (JobID: 26803559-efe4-418a-b463-cad3f3593d62)
 - New and modified: 0

[05/Jul/2023:12:10:42] UPDATING PREPAGATI (JobID: 6f3598fa-666d-467b-8862-b64882f4662b)
 - New and modified: 0

[05/Jul/2023:12:10:42] DELETING PREPAGATI (JobID: 6f3598fa-666d-467b-8862-b64882f4662b)
 - Deleted: 0

[05/Jul/2023:12:20:04] UPDATING ACCOUNTS (JobID: 217838af-6fde-4954-8542-79fa59bb66a0)
 - New and modified: 0

[05/Jul/2023:12:20:04] DELETING ACCOUNTS (JobID: 217838af-6fde-4954-8542-79fa59bb66a0)
 - Deleted: 0

[05/Jul/2023:12:20:37] UPDATING PRODUCTS (JobID: 10267eb2-9613-43b0-8f2c-e4d3484dadf3)
 - New and modified: 0

[05/Jul/2023:12:20:38] UPDATING PREPAGATI (JobID: f767654a-45b1-4c28-81a5-ab4498a41579)
 - New and modified: 0

[05/Jul/2023:12:20:38] DELETING PREPAGATI (JobID: f767654a-45b1-4c28-81a5-ab4498a41579)
 - Deleted: 0

[05/Jul/2023:12:30:04] UPDATING ACCOUNTS (JobID: 0efb175d-8ff9-4610-96ed-f554651b869b)
 - New and modified: 0

[05/Jul/2023:12:30:04] DELETING ACCOUNTS (JobID: 0efb175d-8ff9-4610-96ed-f554651b869b)
 - Deleted: 0

[05/Jul/2023:12:30:34] UPDATING PRODUCTS (JobID: 07a8571c-097e-4f3e-847a-824ef811b249)
 - New and modified: 0

[05/Jul/2023:12:30:36] UPDATING PREPAGATI (JobID: e75ff9bf-697c-4029-b8f7-b6be2279c9b4)
 - New and modified: 0

[05/Jul/2023:12:30:36] DELETING PREPAGATI (JobID: e75ff9bf-697c-4029-b8f7-b6be2279c9b4)
 - Deleted: 0

[05/Jul/2023:12:40:04] UPDATING ACCOUNTS (JobID: f0e8cc65-998f-4e16-813d-ec7155b27be2)
 - New and modified: 0

[05/Jul/2023:12:40:04] DELETING ACCOUNTS (JobID: f0e8cc65-998f-4e16-813d-ec7155b27be2)
 - Deleted: 0

[05/Jul/2023:12:40:36] UPDATING PRODUCTS (JobID: dfa091b2-a4e0-47f8-af11-e73da0d33b41)
 - New and modified: 0

[05/Jul/2023:12:40:38] UPDATING PREPAGATI (JobID: 3820d868-cf15-470d-b1dd-0893a242d0a3)
 - New and modified: 0

[05/Jul/2023:12:40:38] DELETING PREPAGATI (JobID: 3820d868-cf15-470d-b1dd-0893a242d0a3)
 - Deleted: 0

[05/Jul/2023:12:50:04] UPDATING ACCOUNTS (JobID: d448b7a9-b319-47e2-b1fa-3da1de7f1930)
 - New and modified: 0

[05/Jul/2023:12:50:04] DELETING ACCOUNTS (JobID: d448b7a9-b319-47e2-b1fa-3da1de7f1930)
 - Deleted: 0

[05/Jul/2023:12:50:37] UPDATING PRODUCTS (JobID: 0200a2ba-0c18-4a29-8b0f-49151d760b99)
 - New and modified: 0

[05/Jul/2023:12:50:39] UPDATING PREPAGATI (JobID: e131addd-4c42-4478-b40f-df146e796645)
 - New and modified: 0

[05/Jul/2023:12:50:39] DELETING PREPAGATI (JobID: e131addd-4c42-4478-b40f-df146e796645)
 - Deleted: 0

[05/Jul/2023:13:00:04] UPDATING ACCOUNTS (JobID: 9f1dd0c6-b53c-4f59-ad33-f0b9a05ebc41)
 - New and modified: 0

[05/Jul/2023:13:00:04] DELETING ACCOUNTS (JobID: 9f1dd0c6-b53c-4f59-ad33-f0b9a05ebc41)
 - Deleted: 0

[05/Jul/2023:13:00:38] UPDATING PRODUCTS (JobID: 87f121c6-07f7-44f5-a2c8-39114fa0bf8a)
 - New and modified: 0

[05/Jul/2023:13:00:40] UPDATING PREPAGATI (JobID: c36205c5-4e7e-4982-9ad9-8c6641787e46)
 - New and modified: 0

[05/Jul/2023:13:00:40] DELETING PREPAGATI (JobID: c36205c5-4e7e-4982-9ad9-8c6641787e46)
 - Deleted: 0

[05/Jul/2023:13:10:04] UPDATING ACCOUNTS (JobID: 1d8648c7-e180-4312-97df-13ed9c90b4b2)
 - New and modified: 0

[05/Jul/2023:13:10:04] DELETING ACCOUNTS (JobID: 1d8648c7-e180-4312-97df-13ed9c90b4b2)
 - Deleted: 0

[05/Jul/2023:13:10:38] UPDATING PRODUCTS (JobID: 7aff00d0-fa59-4841-b733-93b7bad77346)
 - New and modified: 0

[05/Jul/2023:13:10:40] UPDATING PREPAGATI (JobID: 4f49ec13-e6ee-4535-bf9d-7ddacc403bda)
 - New and modified: 0

[05/Jul/2023:13:10:40] DELETING PREPAGATI (JobID: 4f49ec13-e6ee-4535-bf9d-7ddacc403bda)
 - Deleted: 0

[05/Jul/2023:13:20:04] UPDATING ACCOUNTS (JobID: 8ecb9a3c-0d10-48d7-82bb-be26df85ac7e)
 - New and modified: 0

[05/Jul/2023:13:20:05] DELETING ACCOUNTS (JobID: 8ecb9a3c-0d10-48d7-82bb-be26df85ac7e)
 - Deleted: 0

[05/Jul/2023:13:20:40] UPDATING PRODUCTS (JobID: c5c94bc3-c39e-4ffb-b334-295390ec3a6e)
 - New and modified: 0

[05/Jul/2023:13:20:42] UPDATING PREPAGATI (JobID: 3bff7aff-61b2-4114-a9a8-aeb434778f54)
 - New and modified: 0

[05/Jul/2023:13:20:42] DELETING PREPAGATI (JobID: 3bff7aff-61b2-4114-a9a8-aeb434778f54)
 - Deleted: 0

[05/Jul/2023:13:30:04] UPDATING ACCOUNTS (JobID: d2967d87-9639-4341-98eb-e79e52bd34f1)
 - New and modified: 1
   0000217

[05/Jul/2023:13:30:04] DELETING ACCOUNTS (JobID: d2967d87-9639-4341-98eb-e79e52bd34f1)
 - Deleted: 0

[05/Jul/2023:13:30:38] UPDATING PRODUCTS (JobID: eb3381e4-6f36-42d5-a598-7544c590f693)
 - New and modified: 0

[05/Jul/2023:13:30:39] UPDATING PREPAGATI (JobID: 797f53ee-eb1d-4ebc-be04-048431d29891)
 - New and modified: 0

[05/Jul/2023:13:30:39] DELETING PREPAGATI (JobID: 797f53ee-eb1d-4ebc-be04-048431d29891)
 - Deleted: 0

[05/Jul/2023:13:40:04] UPDATING ACCOUNTS (JobID: 67842d29-4e2d-4d59-90d3-a6eeb7228174)
 - New and modified: 0

[05/Jul/2023:13:40:04] DELETING ACCOUNTS (JobID: 67842d29-4e2d-4d59-90d3-a6eeb7228174)
 - Deleted: 0

[05/Jul/2023:13:40:38] UPDATING PRODUCTS (JobID: 1cf62303-4fb0-4e1d-b3d9-98f4aeea27ea)
 - New and modified: 0

[05/Jul/2023:13:40:40] UPDATING PREPAGATI (JobID: 6e11c7ce-5615-4a3d-9035-d770f6189d04)
 - New and modified: 0

[05/Jul/2023:13:40:40] DELETING PREPAGATI (JobID: 6e11c7ce-5615-4a3d-9035-d770f6189d04)
 - Deleted: 0

[05/Jul/2023:13:50:04] UPDATING ACCOUNTS (JobID: 08687c7d-0900-4cf2-8db1-e0c841bf57d6)
 - New and modified: 0

[05/Jul/2023:13:50:04] DELETING ACCOUNTS (JobID: 08687c7d-0900-4cf2-8db1-e0c841bf57d6)
 - Deleted: 0

[05/Jul/2023:13:50:37] UPDATING PRODUCTS (JobID: c25f43dc-61ae-47a2-b87e-6c09f5ca52b4)
 - New and modified: 0

[05/Jul/2023:13:50:38] UPDATING PREPAGATI (JobID: 4c8f5a91-2fb9-45a0-aff3-9be51b25561f)
 - New and modified: 0

[05/Jul/2023:13:50:38] DELETING PREPAGATI (JobID: 4c8f5a91-2fb9-45a0-aff3-9be51b25561f)
 - Deleted: 0

[05/Jul/2023:14:00:04] UPDATING ACCOUNTS (JobID: 1a08b233-f98e-478b-a1cd-bee7c8ff0cb9)
 - New and modified: 0

[05/Jul/2023:14:00:04] DELETING ACCOUNTS (JobID: 1a08b233-f98e-478b-a1cd-bee7c8ff0cb9)
 - Deleted: 0

[05/Jul/2023:14:00:43] UPDATING PRODUCTS (JobID: 001f7938-2a6e-46e9-8633-64da158c8abd)
 - New and modified: 0

[05/Jul/2023:14:00:45] UPDATING PREPAGATI (JobID: 039925a7-23af-47cd-88de-11fb5fd29fe9)
 - New and modified: 0

[05/Jul/2023:14:00:45] DELETING PREPAGATI (JobID: 039925a7-23af-47cd-88de-11fb5fd29fe9)
 - Deleted: 0

[05/Jul/2023:14:10:04] UPDATING ACCOUNTS (JobID: 7537190b-e35d-4f1d-a764-6ac6638cf95e)
 - New and modified: 0

[05/Jul/2023:14:10:04] DELETING ACCOUNTS (JobID: 7537190b-e35d-4f1d-a764-6ac6638cf95e)
 - Deleted: 0

[05/Jul/2023:14:10:38] UPDATING PRODUCTS (JobID: e7b348bb-60fc-48e1-bbb7-4d7d201973d2)
 - New and modified: 0

[05/Jul/2023:14:10:40] UPDATING PREPAGATI (JobID: cf711c15-26f9-448d-b914-056d4714777e)
 - New and modified: 0

[05/Jul/2023:14:10:40] DELETING PREPAGATI (JobID: cf711c15-26f9-448d-b914-056d4714777e)
 - Deleted: 0

[05/Jul/2023:14:20:04] UPDATING ACCOUNTS (JobID: 2003e1f9-97b3-4c0c-a4a5-8edb10378c70)
 - New and modified: 0

[05/Jul/2023:14:20:04] DELETING ACCOUNTS (JobID: 2003e1f9-97b3-4c0c-a4a5-8edb10378c70)
 - Deleted: 0

[05/Jul/2023:14:20:38] UPDATING PRODUCTS (JobID: f09bd30b-f42a-43c2-a934-91536292a4b3)
 - New and modified: 0

[05/Jul/2023:14:20:40] UPDATING PREPAGATI (JobID: c3044cfe-019e-4ee3-81a2-789c1012adc8)
 - New and modified: 0

[05/Jul/2023:14:20:40] DELETING PREPAGATI (JobID: c3044cfe-019e-4ee3-81a2-789c1012adc8)
 - Deleted: 0

[05/Jul/2023:14:30:04] UPDATING ACCOUNTS (JobID: 3f2e5bbf-80e9-4b95-a577-5688a5e8c000)
 - New and modified: 0

[05/Jul/2023:14:30:04] DELETING ACCOUNTS (JobID: 3f2e5bbf-80e9-4b95-a577-5688a5e8c000)
 - Deleted: 0

[05/Jul/2023:14:30:36] UPDATING PRODUCTS (JobID: 1159aa44-d8ca-42d2-b465-e83d1ac6a43c)
 - New and modified: 0

[05/Jul/2023:14:30:38] UPDATING PREPAGATI (JobID: fee021f9-8352-41cd-ba76-d16180bb4f6a)
 - New and modified: 0

[05/Jul/2023:14:30:38] DELETING PREPAGATI (JobID: fee021f9-8352-41cd-ba76-d16180bb4f6a)
 - Deleted: 0

[05/Jul/2023:14:40:04] UPDATING ACCOUNTS (JobID: 92bfc954-edeb-44c5-8683-89d9fe1c3aca)
 - New and modified: 0

[05/Jul/2023:14:40:04] DELETING ACCOUNTS (JobID: 92bfc954-edeb-44c5-8683-89d9fe1c3aca)
 - Deleted: 0

[05/Jul/2023:14:40:35] UPDATING PRODUCTS (JobID: a2dc4afe-a6ef-4897-9884-0b899e7f9a73)
 - New and modified: 0

[05/Jul/2023:14:40:37] UPDATING PREPAGATI (JobID: 50b53d96-7b64-4e5b-bbb8-609c9346c7d1)
 - New and modified: 0

[05/Jul/2023:14:40:37] DELETING PREPAGATI (JobID: 50b53d96-7b64-4e5b-bbb8-609c9346c7d1)
 - Deleted: 0

[05/Jul/2023:14:50:04] UPDATING ACCOUNTS (JobID: d5170893-adad-4970-9fde-69762f56b933)
 - New and modified: 0

[05/Jul/2023:14:50:04] DELETING ACCOUNTS (JobID: d5170893-adad-4970-9fde-69762f56b933)
 - Deleted: 0

[05/Jul/2023:14:50:37] UPDATING PRODUCTS (JobID: d56c01d5-7b25-4049-8f7a-9278788bdc9d)
 - New and modified: 2
   XS8B0CTAA
   XS8B1CTAA

[05/Jul/2023:14:50:39] UPDATING PREPAGATI (JobID: db02b355-e429-490f-8bd1-035194f4a9d0)
 - New and modified: 0

[05/Jul/2023:14:50:39] DELETING PREPAGATI (JobID: db02b355-e429-490f-8bd1-035194f4a9d0)
 - Deleted: 0

[05/Jul/2023:15:00:04] UPDATING ACCOUNTS (JobID: b4949631-6029-4644-9979-e9337b2c9090)
 - New and modified: 0

[05/Jul/2023:15:00:04] DELETING ACCOUNTS (JobID: b4949631-6029-4644-9979-e9337b2c9090)
 - Deleted: 0

[05/Jul/2023:15:00:38] UPDATING PRODUCTS (JobID: c1e2e20d-bd9c-4dbc-b9d8-c1a56b5984d7)
 - New and modified: 0

[05/Jul/2023:15:00:40] UPDATING PREPAGATI (JobID: 8a4e44c7-913b-4e54-9ac6-643c66152999)
 - New and modified: 0

[05/Jul/2023:15:00:40] DELETING PREPAGATI (JobID: 8a4e44c7-913b-4e54-9ac6-643c66152999)
 - Deleted: 0

[05/Jul/2023:15:10:04] UPDATING ACCOUNTS (JobID: 399eb186-5d71-42c7-9914-dea1aacd9cd8)
 - New and modified: 0

[05/Jul/2023:15:10:04] DELETING ACCOUNTS (JobID: 399eb186-5d71-42c7-9914-dea1aacd9cd8)
 - Deleted: 0

[05/Jul/2023:15:10:35] UPDATING PRODUCTS (JobID: b850004c-54a7-4a13-a3de-b4a2c758efe6)
 - New and modified: 0

[05/Jul/2023:15:10:37] UPDATING PREPAGATI (JobID: 90ed7bad-db59-4d85-a23d-b8ceda055491)
 - New and modified: 0

[05/Jul/2023:15:10:37] DELETING PREPAGATI (JobID: 90ed7bad-db59-4d85-a23d-b8ceda055491)
 - Deleted: 0

[05/Jul/2023:15:20:04] UPDATING ACCOUNTS (JobID: 645a7d10-c084-4683-8bad-e699271db150)
 - New and modified: 0

[05/Jul/2023:15:20:04] DELETING ACCOUNTS (JobID: 645a7d10-c084-4683-8bad-e699271db150)
 - Deleted: 0

[05/Jul/2023:15:20:40] UPDATING PRODUCTS (JobID: fd86c31f-3008-483c-afc4-a0ec740faaa2)
 - New and modified: 0

[05/Jul/2023:15:20:42] UPDATING PREPAGATI (JobID: 856d8e13-5cbc-4769-b73c-3693e0da00c8)
 - New and modified: 0

[05/Jul/2023:15:20:42] DELETING PREPAGATI (JobID: 856d8e13-5cbc-4769-b73c-3693e0da00c8)
 - Deleted: 0

[05/Jul/2023:15:30:04] UPDATING ACCOUNTS (JobID: 0bfbac3b-cc4c-4810-8cd3-4d879e1fcfef)
 - New and modified: 0

[05/Jul/2023:15:30:04] DELETING ACCOUNTS (JobID: 0bfbac3b-cc4c-4810-8cd3-4d879e1fcfef)
 - Deleted: 0

[05/Jul/2023:15:30:35] UPDATING PRODUCTS (JobID: a2a680aa-0d1b-47e1-96e3-7ce9bf4e0b11)
 - New and modified: 0

[05/Jul/2023:15:30:37] UPDATING PREPAGATI (JobID: 82faaeea-462e-4ec0-a2e4-97e3c3426a7c)
 - New and modified: 0

[05/Jul/2023:15:30:37] DELETING PREPAGATI (JobID: 82faaeea-462e-4ec0-a2e4-97e3c3426a7c)
 - Deleted: 0

[05/Jul/2023:15:40:03] UPDATING ACCOUNTS (JobID: 2c6541fb-160e-4d05-8f72-7054c2f923a8)
 - New and modified: 0

[05/Jul/2023:15:40:03] DELETING ACCOUNTS (JobID: 2c6541fb-160e-4d05-8f72-7054c2f923a8)
 - Deleted: 0

[05/Jul/2023:15:40:34] UPDATING PRODUCTS (JobID: 9efd5b75-0623-4e5a-945b-ae31f90c9841)
 - New and modified: 0

[05/Jul/2023:15:40:35] UPDATING PREPAGATI (JobID: 8b977335-a2da-4b62-8cb5-d9d379b9ed69)
 - New and modified: 0

[05/Jul/2023:15:40:35] DELETING PREPAGATI (JobID: 8b977335-a2da-4b62-8cb5-d9d379b9ed69)
 - Deleted: 0

[05/Jul/2023:15:50:04] UPDATING ACCOUNTS (JobID: cbd63c42-61dd-4794-9668-860db3445ab3)
 - New and modified: 0

[05/Jul/2023:15:50:04] DELETING ACCOUNTS (JobID: cbd63c42-61dd-4794-9668-860db3445ab3)
 - Deleted: 0

[05/Jul/2023:15:50:35] UPDATING PRODUCTS (JobID: 456218e6-dbc9-4786-8afe-7632b409ba65)
 - New and modified: 0

[05/Jul/2023:15:50:37] UPDATING PREPAGATI (JobID: 6554d839-0ecb-41f7-978f-0fe274938fe7)
 - New and modified: 0

[05/Jul/2023:15:50:38] DELETING PREPAGATI (JobID: 6554d839-0ecb-41f7-978f-0fe274938fe7)
 - Deleted: 0

[05/Jul/2023:16:00:04] UPDATING ACCOUNTS (JobID: 6b492b2f-562c-4b8d-af96-64d11fe66cfe)
 - New and modified: 0

[05/Jul/2023:16:00:04] DELETING ACCOUNTS (JobID: 6b492b2f-562c-4b8d-af96-64d11fe66cfe)
 - Deleted: 0

[05/Jul/2023:16:00:34] UPDATING PRODUCTS (JobID: ccdb2a69-59f5-4cd1-a635-0e7620a44144)
 - New and modified: 0

[05/Jul/2023:16:00:36] UPDATING PREPAGATI (JobID: a5b947cc-6557-4ccb-aa2d-569ae074df4f)
 - New and modified: 0

[05/Jul/2023:16:00:36] DELETING PREPAGATI (JobID: a5b947cc-6557-4ccb-aa2d-569ae074df4f)
 - Deleted: 0

[05/Jul/2023:16:10:04] UPDATING ACCOUNTS (JobID: 8d822efa-1764-4447-9e57-f80e0a2829fc)
 - New and modified: 0

[05/Jul/2023:16:10:04] DELETING ACCOUNTS (JobID: 8d822efa-1764-4447-9e57-f80e0a2829fc)
 - Deleted: 0

[05/Jul/2023:16:10:35] UPDATING PRODUCTS (JobID: 8bc7a585-64da-49a9-959d-d3dee7b79967)
 - New and modified: 0

[05/Jul/2023:16:10:36] UPDATING PREPAGATI (JobID: 74b47842-3fa9-4e9c-b5a8-37dc47b4e8f2)
 - New and modified: 0

[05/Jul/2023:16:10:36] DELETING PREPAGATI (JobID: 74b47842-3fa9-4e9c-b5a8-37dc47b4e8f2)
 - Deleted: 0

[05/Jul/2023:16:20:03] UPDATING ACCOUNTS (JobID: 621b9302-f089-4632-9785-70666d9329e3)
 - New and modified: 0

[05/Jul/2023:16:20:03] DELETING ACCOUNTS (JobID: 621b9302-f089-4632-9785-70666d9329e3)
 - Deleted: 0

[05/Jul/2023:16:20:35] UPDATING PRODUCTS (JobID: 38992984-c7f3-4fa5-a45c-7f33246e9a55)
 - New and modified: 0

[05/Jul/2023:16:20:36] UPDATING PREPAGATI (JobID: 9237cd9f-b25e-428b-bb9d-e2752c929670)
 - New and modified: 0

[05/Jul/2023:16:20:37] DELETING PREPAGATI (JobID: 9237cd9f-b25e-428b-bb9d-e2752c929670)
 - Deleted: 0

[05/Jul/2023:16:30:04] UPDATING ACCOUNTS (JobID: f5f232ce-0c52-441f-8e6b-f717bf489aff)
 - New and modified: 0

[05/Jul/2023:16:30:04] DELETING ACCOUNTS (JobID: f5f232ce-0c52-441f-8e6b-f717bf489aff)
 - Deleted: 0

[05/Jul/2023:16:30:34] UPDATING PRODUCTS (JobID: 9c018c28-5611-4df7-93b2-9c324cf74049)
 - New and modified: 0

[05/Jul/2023:16:30:37] UPDATING PREPAGATI (JobID: 74e8b500-8531-4c9d-8f84-a970d1053434)
 - New and modified: 0

[05/Jul/2023:16:30:37] DELETING PREPAGATI (JobID: 74e8b500-8531-4c9d-8f84-a970d1053434)
 - Deleted: 0

[05/Jul/2023:16:40:04] UPDATING ACCOUNTS (JobID: 4d55ff86-3f6e-4055-8e2b-1cd9b9c8d9d9)
 - New and modified: 0

[05/Jul/2023:16:40:04] DELETING ACCOUNTS (JobID: 4d55ff86-3f6e-4055-8e2b-1cd9b9c8d9d9)
 - Deleted: 0

[05/Jul/2023:16:40:35] UPDATING PRODUCTS (JobID: 59e49fc4-4970-4005-9470-85de02aad935)
 - New and modified: 0

[05/Jul/2023:16:40:36] UPDATING PREPAGATI (JobID: 969d2d66-d157-4aaf-a916-02193f72153a)
 - New and modified: 0

[05/Jul/2023:16:40:36] DELETING PREPAGATI (JobID: 969d2d66-d157-4aaf-a916-02193f72153a)
 - Deleted: 0

[05/Jul/2023:16:50:04] UPDATING ACCOUNTS (JobID: ebfa8759-6801-4154-917e-056c3cc1ef77)
 - New and modified: 0

[05/Jul/2023:16:50:04] DELETING ACCOUNTS (JobID: ebfa8759-6801-4154-917e-056c3cc1ef77)
 - Deleted: 0

[05/Jul/2023:16:50:36] UPDATING PRODUCTS (JobID: d2dc01a4-d001-4137-8926-6dc30b43d9e9)
 - New and modified: 0

[05/Jul/2023:16:50:38] UPDATING PREPAGATI (JobID: 76a59c12-046f-460d-a807-d002a48540c3)
 - New and modified: 0

[05/Jul/2023:16:50:38] DELETING PREPAGATI (JobID: 76a59c12-046f-460d-a807-d002a48540c3)
 - Deleted: 0

[05/Jul/2023:17:10:05] UPDATING ACCOUNTS (JobID: a56c3873-478c-4b9c-91ee-2b575314c008)
 - New and modified: 0

[05/Jul/2023:17:10:05] DELETING ACCOUNTS (JobID: a56c3873-478c-4b9c-91ee-2b575314c008)
 - Deleted: 0

[05/Jul/2023:17:10:38] UPDATING PRODUCTS (JobID: 2f4f4c5b-b519-4834-9660-74e0eb0be011)
 - New and modified: 0

[05/Jul/2023:17:10:40] UPDATING PREPAGATI (JobID: 17d3467e-bdba-45a4-80be-8dc984975d46)
 - New and modified: 0

[05/Jul/2023:17:10:40] DELETING PREPAGATI (JobID: 17d3467e-bdba-45a4-80be-8dc984975d46)
 - Deleted: 0

[05/Jul/2023:17:20:04] UPDATING ACCOUNTS (JobID: c938ab33-df53-4fdf-876f-787327897ca6)
 - New and modified: 0

[05/Jul/2023:17:20:04] DELETING ACCOUNTS (JobID: c938ab33-df53-4fdf-876f-787327897ca6)
 - Deleted: 0

[05/Jul/2023:17:20:35] UPDATING PRODUCTS (JobID: 025030c4-184a-406a-b322-f20822bb45e4)
 - New and modified: 0

[05/Jul/2023:17:20:37] UPDATING PREPAGATI (JobID: 5b2cc59a-ab47-4ca0-bb11-be96123e86ed)
 - New and modified: 0

[05/Jul/2023:17:20:37] DELETING PREPAGATI (JobID: 5b2cc59a-ab47-4ca0-bb11-be96123e86ed)
 - Deleted: 0

[05/Jul/2023:17:40:04] UPDATING ACCOUNTS (JobID: 1cabce2c-fb25-4afc-878c-50d8dfb73c7b)
 - New and modified: 0

[05/Jul/2023:17:40:04] DELETING ACCOUNTS (JobID: 1cabce2c-fb25-4afc-878c-50d8dfb73c7b)
 - Deleted: 0

[05/Jul/2023:17:40:36] UPDATING PRODUCTS (JobID: 435c773c-2728-4d37-a460-f46b17fe672c)
 - New and modified: 0

[05/Jul/2023:17:40:38] UPDATING PREPAGATI (JobID: 71792f80-23e6-419a-928d-3fb74157baf4)
 - New and modified: 0

[05/Jul/2023:17:40:38] DELETING PREPAGATI (JobID: 71792f80-23e6-419a-928d-3fb74157baf4)
 - Deleted: 0

[05/Jul/2023:17:50:04] UPDATING ACCOUNTS (JobID: b4711c5f-ed0b-43a5-8040-5ec45fe96e9e)
 - New and modified: 0

[05/Jul/2023:17:50:04] DELETING ACCOUNTS (JobID: b4711c5f-ed0b-43a5-8040-5ec45fe96e9e)
 - Deleted: 0

[05/Jul/2023:17:50:35] UPDATING PRODUCTS (JobID: 14b1b6f6-c8df-4bf1-87df-5d26265b5885)
 - New and modified: 0

[05/Jul/2023:17:50:37] UPDATING PREPAGATI (JobID: 1b9cacd7-f83d-4da9-87d2-75f62f21e393)
 - New and modified: 0

[05/Jul/2023:17:50:37] DELETING PREPAGATI (JobID: 1b9cacd7-f83d-4da9-87d2-75f62f21e393)
 - Deleted: 0

[05/Jul/2023:18:00:10] UPDATING ACCOUNTS (JobID: 3d3207e4-1222-4433-a6cf-dc42ac358155)
 - New and modified: 0

[05/Jul/2023:18:00:10] DELETING ACCOUNTS (JobID: 3d3207e4-1222-4433-a6cf-dc42ac358155)
 - Deleted: 0

[05/Jul/2023:18:00:45] UPDATING PRODUCTS (JobID: b6d0283c-6fb1-4c14-91ae-0105d8fc6df4)
 - New and modified: 0

[05/Jul/2023:18:00:48] UPDATING PREPAGATI (JobID: 5c42ad20-4894-42b3-858a-7ef4c98d4b52)
 - New and modified: 0

[05/Jul/2023:18:00:48] DELETING PREPAGATI (JobID: 5c42ad20-4894-42b3-858a-7ef4c98d4b52)
 - Deleted: 0

[05/Jul/2023:18:10:04] UPDATING ACCOUNTS (JobID: 0d5aba9d-c199-49de-8986-19d706520add)
 - New and modified: 0

[05/Jul/2023:18:10:04] DELETING ACCOUNTS (JobID: 0d5aba9d-c199-49de-8986-19d706520add)
 - Deleted: 0

[05/Jul/2023:18:10:36] UPDATING PRODUCTS (JobID: ce0ae56a-4c2c-4836-b8e4-85d06185947f)
 - New and modified: 0

[05/Jul/2023:18:10:38] UPDATING PREPAGATI (JobID: 6c5e97c7-54f4-45a6-a034-60d12cb65422)
 - New and modified: 0

[05/Jul/2023:18:10:38] DELETING PREPAGATI (JobID: 6c5e97c7-54f4-45a6-a034-60d12cb65422)
 - Deleted: 0

[05/Jul/2023:18:20:04] UPDATING ACCOUNTS (JobID: 130b3958-1226-4316-bb51-d7667d984547)
 - New and modified: 0

[05/Jul/2023:18:20:04] DELETING ACCOUNTS (JobID: 130b3958-1226-4316-bb51-d7667d984547)
 - Deleted: 0

[05/Jul/2023:18:20:36] UPDATING PRODUCTS (JobID: b62ce3af-e715-4e0a-9925-9a28c712c580)
 - New and modified: 0

[05/Jul/2023:18:20:37] UPDATING PREPAGATI (JobID: f3675904-5a57-4249-928d-ba4a5604ab6e)
 - New and modified: 0

[05/Jul/2023:18:20:37] DELETING PREPAGATI (JobID: f3675904-5a57-4249-928d-ba4a5604ab6e)
 - Deleted: 0

[05/Jul/2023:18:30:04] UPDATING ACCOUNTS (JobID: a40204ba-ed5d-4ac5-b392-0f1c109e974a)
 - New and modified: 0

[05/Jul/2023:18:30:04] DELETING ACCOUNTS (JobID: a40204ba-ed5d-4ac5-b392-0f1c109e974a)
 - Deleted: 0

[05/Jul/2023:18:30:36] UPDATING PRODUCTS (JobID: ce50a6b7-d873-4590-97df-bf156f6553ed)
 - New and modified: 0

[05/Jul/2023:18:30:38] UPDATING PREPAGATI (JobID: 493e1e34-16ae-4975-b2b0-d2ea42ed46c8)
 - New and modified: 0

[05/Jul/2023:18:30:38] DELETING PREPAGATI (JobID: 493e1e34-16ae-4975-b2b0-d2ea42ed46c8)
 - Deleted: 0

[05/Jul/2023:18:40:04] UPDATING ACCOUNTS (JobID: a8843a82-3896-4229-b849-196e69cf2a09)
 - New and modified: 0

[05/Jul/2023:18:40:04] DELETING ACCOUNTS (JobID: a8843a82-3896-4229-b849-196e69cf2a09)
 - Deleted: 0

[05/Jul/2023:18:40:35] UPDATING PRODUCTS (JobID: 1f4e66bf-da52-4917-8f6c-50c5778da682)
 - New and modified: 0

[05/Jul/2023:18:40:37] UPDATING PREPAGATI (JobID: 03840ce9-4119-47e2-891f-602ab072b7c8)
 - New and modified: 0

[05/Jul/2023:18:40:37] DELETING PREPAGATI (JobID: 03840ce9-4119-47e2-891f-602ab072b7c8)
 - Deleted: 0

[05/Jul/2023:18:50:04] UPDATING ACCOUNTS (JobID: 78aa792d-5c81-406b-8217-02f3147760d3)
 - New and modified: 0

[05/Jul/2023:18:50:04] DELETING ACCOUNTS (JobID: 78aa792d-5c81-406b-8217-02f3147760d3)
 - Deleted: 0

[05/Jul/2023:18:50:34] UPDATING PRODUCTS (JobID: 0b8b2db0-5ac1-4723-b77f-b017fac9f554)
 - New and modified: 0

[05/Jul/2023:18:50:36] UPDATING PREPAGATI (JobID: 4e43651b-cdf3-44cc-8dff-a4e18ea5b8e5)
 - New and modified: 0

[05/Jul/2023:18:50:36] DELETING PREPAGATI (JobID: 4e43651b-cdf3-44cc-8dff-a4e18ea5b8e5)
 - Deleted: 0

[05/Jul/2023:19:00:15] UPDATING ACCOUNTS (JobID: cf230302-f6e6-4935-9366-6cb16b244620)
 - New and modified: 0

[05/Jul/2023:19:00:15] DELETING ACCOUNTS (JobID: cf230302-f6e6-4935-9366-6cb16b244620)
 - Deleted: 0

[05/Jul/2023:19:00:46] UPDATING PRODUCTS (JobID: da12ce33-1e4c-4042-9c73-8309eafa1536)
 - New and modified: 0

[05/Jul/2023:19:00:47] UPDATING PREPAGATI (JobID: 66b79451-9589-487d-96da-80ea97593684)
 - New and modified: 0

[05/Jul/2023:19:00:47] DELETING PREPAGATI (JobID: 66b79451-9589-487d-96da-80ea97593684)
 - Deleted: 0

[05/Jul/2023:19:10:05] UPDATING ACCOUNTS (JobID: a9581ef8-9617-449f-806a-2ad9f1e5c31c)
 - New and modified: 0

[05/Jul/2023:19:10:05] DELETING ACCOUNTS (JobID: a9581ef8-9617-449f-806a-2ad9f1e5c31c)
 - Deleted: 0

[05/Jul/2023:19:10:42] UPDATING PRODUCTS (JobID: 42d63bc2-617b-45ab-b650-4857b432fdf3)
 - New and modified: 0

[05/Jul/2023:19:10:44] UPDATING PREPAGATI (JobID: 4c67345e-b241-4759-af91-8ccc58f00bff)
 - New and modified: 0

[05/Jul/2023:19:10:44] DELETING PREPAGATI (JobID: 4c67345e-b241-4759-af91-8ccc58f00bff)
 - Deleted: 0

[05/Jul/2023:19:20:04] UPDATING ACCOUNTS (JobID: 3e3e16ec-4a1a-4603-a4a1-eb534396b2a4)
 - New and modified: 0

[05/Jul/2023:19:20:04] DELETING ACCOUNTS (JobID: 3e3e16ec-4a1a-4603-a4a1-eb534396b2a4)
 - Deleted: 0

[05/Jul/2023:19:20:39] UPDATING PRODUCTS (JobID: 19a69c3a-7780-492f-a0ce-0899ec68311a)
 - New and modified: 0

[05/Jul/2023:19:20:41] UPDATING PREPAGATI (JobID: 4cb76d57-e4e2-412f-9f57-40b232ed6876)
 - New and modified: 0

[05/Jul/2023:19:20:41] DELETING PREPAGATI (JobID: 4cb76d57-e4e2-412f-9f57-40b232ed6876)
 - Deleted: 0

[05/Jul/2023:19:30:04] UPDATING ACCOUNTS (JobID: 148c571f-e87d-4575-b3be-4dbde1d2fe94)
 - New and modified: 0

[05/Jul/2023:19:30:04] DELETING ACCOUNTS (JobID: 148c571f-e87d-4575-b3be-4dbde1d2fe94)
 - Deleted: 0

[05/Jul/2023:19:30:36] UPDATING PRODUCTS (JobID: 7cd8adea-0136-45d7-991b-495b0665d367)
 - New and modified: 0

[05/Jul/2023:19:30:38] UPDATING PREPAGATI (JobID: d1a8cf79-6fef-4084-88c7-5c37d3f14d4f)
 - New and modified: 0

[05/Jul/2023:19:30:38] DELETING PREPAGATI (JobID: d1a8cf79-6fef-4084-88c7-5c37d3f14d4f)
 - Deleted: 0

[05/Jul/2023:19:40:04] UPDATING ACCOUNTS (JobID: ebee96ef-f3c1-477a-9524-6f789bb5fbd3)
 - New and modified: 0

[05/Jul/2023:19:40:04] DELETING ACCOUNTS (JobID: ebee96ef-f3c1-477a-9524-6f789bb5fbd3)
 - Deleted: 0

[05/Jul/2023:19:40:37] UPDATING PRODUCTS (JobID: 0dbc49cf-6d3f-478f-bb84-6d5e991508db)
 - New and modified: 0

[05/Jul/2023:19:40:39] UPDATING PREPAGATI (JobID: e0708e3c-61c3-40e1-9f80-4d453f3b6e23)
 - New and modified: 0

[05/Jul/2023:19:40:39] DELETING PREPAGATI (JobID: e0708e3c-61c3-40e1-9f80-4d453f3b6e23)
 - Deleted: 0

[05/Jul/2023:19:50:04] UPDATING ACCOUNTS (JobID: 496ae779-71f6-4bc3-9588-b3bdc65a240e)
 - New and modified: 0

[05/Jul/2023:19:50:04] DELETING ACCOUNTS (JobID: 496ae779-71f6-4bc3-9588-b3bdc65a240e)
 - Deleted: 0

[05/Jul/2023:19:50:38] UPDATING PRODUCTS (JobID: d5774bbe-96a5-40d3-a189-6bacf3784a7e)
 - New and modified: 0

[05/Jul/2023:19:50:40] UPDATING PREPAGATI (JobID: 7382c770-cd33-4e1b-add3-7ab8a95fc0a2)
 - New and modified: 0

[05/Jul/2023:19:50:40] DELETING PREPAGATI (JobID: 7382c770-cd33-4e1b-add3-7ab8a95fc0a2)
 - Deleted: 0

[05/Jul/2023:20:00:04] UPDATING ACCOUNTS (JobID: cbfde48d-8d92-4f5a-92a8-51b587262780)
 - New and modified: 0

[05/Jul/2023:20:00:04] DELETING ACCOUNTS (JobID: cbfde48d-8d92-4f5a-92a8-51b587262780)
 - Deleted: 0

[05/Jul/2023:20:00:37] UPDATING PRODUCTS (JobID: 6bb06b43-ca27-492a-bcbf-4fe4f3518676)
 - New and modified: 0

[05/Jul/2023:20:00:38] UPDATING PREPAGATI (JobID: 33654444-1d91-470c-a344-c5dc55dbf00c)
 - New and modified: 0

[05/Jul/2023:20:00:38] DELETING PREPAGATI (JobID: 33654444-1d91-470c-a344-c5dc55dbf00c)
 - Deleted: 0

[05/Jul/2023:20:10:04] UPDATING ACCOUNTS (JobID: e72ac2aa-3f23-4ea1-932f-fbd96fb65dae)
 - New and modified: 0

[05/Jul/2023:20:10:04] DELETING ACCOUNTS (JobID: e72ac2aa-3f23-4ea1-932f-fbd96fb65dae)
 - Deleted: 0

[05/Jul/2023:20:10:37] UPDATING PRODUCTS (JobID: 3f7534e8-c1cd-4e73-bff5-7346fc8761a4)
 - New and modified: 0

[05/Jul/2023:20:10:39] UPDATING PREPAGATI (JobID: b1a6b9af-446f-4a76-8414-68d9a3e612ee)
 - New and modified: 0

[05/Jul/2023:20:10:39] DELETING PREPAGATI (JobID: b1a6b9af-446f-4a76-8414-68d9a3e612ee)
 - Deleted: 0

[05/Jul/2023:20:20:04] UPDATING ACCOUNTS (JobID: 953a20a6-db01-4ed1-a184-c1b54e3638b0)
 - New and modified: 0

[05/Jul/2023:20:20:04] DELETING ACCOUNTS (JobID: 953a20a6-db01-4ed1-a184-c1b54e3638b0)
 - Deleted: 0

[05/Jul/2023:20:20:36] UPDATING PRODUCTS (JobID: af9c9249-382e-4bac-8e2a-6070de2ef137)
 - New and modified: 0

[05/Jul/2023:20:20:38] UPDATING PREPAGATI (JobID: 2e2e38ef-d362-4400-aaa9-7e4329b82a7a)
 - New and modified: 0

[05/Jul/2023:20:20:38] DELETING PREPAGATI (JobID: 2e2e38ef-d362-4400-aaa9-7e4329b82a7a)
 - Deleted: 0

[05/Jul/2023:20:30:04] UPDATING ACCOUNTS (JobID: eaa981c6-a099-4ff5-a149-036a2cee06f2)
 - New and modified: 0

[05/Jul/2023:20:30:04] DELETING ACCOUNTS (JobID: eaa981c6-a099-4ff5-a149-036a2cee06f2)
 - Deleted: 0

[05/Jul/2023:20:30:36] UPDATING PRODUCTS (JobID: b6fa6f68-d43d-40d2-83bb-ca2373deb66e)
 - New and modified: 0

[05/Jul/2023:20:30:38] UPDATING PREPAGATI (JobID: 64b32693-decb-439d-ac85-e74e61a62f27)
 - New and modified: 0

[05/Jul/2023:20:30:38] DELETING PREPAGATI (JobID: 64b32693-decb-439d-ac85-e74e61a62f27)
 - Deleted: 0

[05/Jul/2023:20:40:04] UPDATING ACCOUNTS (JobID: 5737e626-7f5d-4d6d-b3f7-95d94e7eb052)
 - New and modified: 0

[05/Jul/2023:20:40:04] DELETING ACCOUNTS (JobID: 5737e626-7f5d-4d6d-b3f7-95d94e7eb052)
 - Deleted: 0

[05/Jul/2023:20:40:39] UPDATING PRODUCTS (JobID: 61cd3bf9-cdc3-4880-a879-bd73d700d425)
 - New and modified: 0

[05/Jul/2023:20:40:41] UPDATING PREPAGATI (JobID: ed2c402b-9921-4768-8dd6-788cacaef4ca)
 - New and modified: 0

[05/Jul/2023:20:40:41] DELETING PREPAGATI (JobID: ed2c402b-9921-4768-8dd6-788cacaef4ca)
 - Deleted: 0

[05/Jul/2023:20:50:04] UPDATING ACCOUNTS (JobID: 0194a177-b80e-432d-b68d-76ee5c22a1bd)
 - New and modified: 0

[05/Jul/2023:20:50:04] DELETING ACCOUNTS (JobID: 0194a177-b80e-432d-b68d-76ee5c22a1bd)
 - Deleted: 0

[05/Jul/2023:20:50:38] UPDATING PRODUCTS (JobID: 39153027-21c5-4c6f-a2e9-566d925a9047)
 - New and modified: 0

[05/Jul/2023:20:50:40] UPDATING PREPAGATI (JobID: b9b88b76-68a9-4ff9-a5e0-90a01beaec3a)
 - New and modified: 0

[05/Jul/2023:20:50:40] DELETING PREPAGATI (JobID: b9b88b76-68a9-4ff9-a5e0-90a01beaec3a)
 - Deleted: 0

[05/Jul/2023:21:00:03] UPDATING ACCOUNTS (JobID: e723e884-d318-4b1a-8fcd-1db0d74ed988)
 - New and modified: 0

[05/Jul/2023:21:00:03] DELETING ACCOUNTS (JobID: e723e884-d318-4b1a-8fcd-1db0d74ed988)
 - Deleted: 0

[05/Jul/2023:21:00:36] UPDATING PRODUCTS (JobID: 774bd2e9-4572-46aa-863a-e7c2b1ce68e7)
 - New and modified: 0

[05/Jul/2023:21:00:38] UPDATING PREPAGATI (JobID: 90a0691a-e2af-46c2-a4bd-fc516d4fc1d9)
 - New and modified: 0

[05/Jul/2023:21:00:38] DELETING PREPAGATI (JobID: 90a0691a-e2af-46c2-a4bd-fc516d4fc1d9)
 - Deleted: 0

[05/Jul/2023:21:10:04] UPDATING ACCOUNTS (JobID: a301124f-8b6b-47b1-9cfa-0313f7d02a90)
 - New and modified: 0

[05/Jul/2023:21:10:04] DELETING ACCOUNTS (JobID: a301124f-8b6b-47b1-9cfa-0313f7d02a90)
 - Deleted: 0

[05/Jul/2023:21:10:37] UPDATING PRODUCTS (JobID: 4d443fa5-119a-420f-bcf5-182d3d73c75e)
 - New and modified: 0

[05/Jul/2023:21:10:38] UPDATING PREPAGATI (JobID: 13b8219b-2fa7-4914-ace0-c7d0dfff4b57)
 - New and modified: 0

[05/Jul/2023:21:10:38] DELETING PREPAGATI (JobID: 13b8219b-2fa7-4914-ace0-c7d0dfff4b57)
 - Deleted: 0

[05/Jul/2023:21:20:04] UPDATING ACCOUNTS (JobID: 2f6ef8ed-5cf0-4a1b-b9d3-0f77c01c7089)
 - New and modified: 0

[05/Jul/2023:21:20:04] DELETING ACCOUNTS (JobID: 2f6ef8ed-5cf0-4a1b-b9d3-0f77c01c7089)
 - Deleted: 0

[05/Jul/2023:21:20:35] UPDATING PRODUCTS (JobID: 829d0f7f-7cb9-49df-ba68-38566614cd9c)
 - New and modified: 0

[05/Jul/2023:21:20:37] UPDATING PREPAGATI (JobID: 1daa5017-0692-456f-9333-80c6aed160ec)
 - New and modified: 0

[05/Jul/2023:21:20:37] DELETING PREPAGATI (JobID: 1daa5017-0692-456f-9333-80c6aed160ec)
 - Deleted: 0

[05/Jul/2023:21:30:04] UPDATING ACCOUNTS (JobID: 422357d9-035b-4bf1-9985-ca3a32fdb667)
 - New and modified: 0

[05/Jul/2023:21:30:04] DELETING ACCOUNTS (JobID: 422357d9-035b-4bf1-9985-ca3a32fdb667)
 - Deleted: 0

[05/Jul/2023:21:30:36] UPDATING PRODUCTS (JobID: 67d1739e-b0a2-4d0d-8fcc-6789c077b247)
 - New and modified: 0

[05/Jul/2023:21:30:38] UPDATING PREPAGATI (JobID: d47590cf-cdfb-4844-ac13-29c8a9d67ff2)
 - New and modified: 0

[05/Jul/2023:21:30:38] DELETING PREPAGATI (JobID: d47590cf-cdfb-4844-ac13-29c8a9d67ff2)
 - Deleted: 0

[05/Jul/2023:21:40:04] UPDATING ACCOUNTS (JobID: d9e301ca-6782-43bb-9f3f-8970248edfc3)
 - New and modified: 0

[05/Jul/2023:21:40:04] DELETING ACCOUNTS (JobID: d9e301ca-6782-43bb-9f3f-8970248edfc3)
 - Deleted: 0

[05/Jul/2023:21:40:36] UPDATING PRODUCTS (JobID: c649b77e-e890-431f-9830-34209f2115c6)
 - New and modified: 0

[05/Jul/2023:21:40:38] UPDATING PREPAGATI (JobID: fe45d92b-a018-464d-aabf-0009a17ae5b5)
 - New and modified: 0

[05/Jul/2023:21:40:38] DELETING PREPAGATI (JobID: fe45d92b-a018-464d-aabf-0009a17ae5b5)
 - Deleted: 0

[05/Jul/2023:21:50:04] UPDATING ACCOUNTS (JobID: ffb326d3-9a08-4f6d-82bd-c08f72dca46a)
 - New and modified: 0

[05/Jul/2023:21:50:04] DELETING ACCOUNTS (JobID: ffb326d3-9a08-4f6d-82bd-c08f72dca46a)
 - Deleted: 0

[05/Jul/2023:21:50:35] UPDATING PRODUCTS (JobID: 316258ac-a7dc-48ee-8814-c5944e006396)
 - New and modified: 0

[05/Jul/2023:21:50:37] UPDATING PREPAGATI (JobID: 05ad5e23-1cb8-43cd-a2a1-8691e80e4ef9)
 - New and modified: 0

[05/Jul/2023:21:50:37] DELETING PREPAGATI (JobID: 05ad5e23-1cb8-43cd-a2a1-8691e80e4ef9)
 - Deleted: 0

[05/Jul/2023:22:00:05] UPDATING ACCOUNTS (JobID: 85526d95-0d38-4f67-a4da-8c33a446e562)
 - New and modified: 0

[05/Jul/2023:22:00:05] DELETING ACCOUNTS (JobID: 85526d95-0d38-4f67-a4da-8c33a446e562)
 - Deleted: 0

[05/Jul/2023:22:00:38] UPDATING PRODUCTS (JobID: c4728ba0-ae28-49af-ac26-ad72d1c41ad7)
 - New and modified: 0

[05/Jul/2023:22:00:40] UPDATING PREPAGATI (JobID: eb67e3f2-3101-4f0b-be27-4329ca9770b1)
 - New and modified: 0

[05/Jul/2023:22:00:40] DELETING PREPAGATI (JobID: eb67e3f2-3101-4f0b-be27-4329ca9770b1)
 - Deleted: 0

[05/Jul/2023:22:10:04] UPDATING ACCOUNTS (JobID: b95e4cd5-6f95-4b1e-9ee8-e24480cae1e8)
 - New and modified: 0

[05/Jul/2023:22:10:04] DELETING ACCOUNTS (JobID: b95e4cd5-6f95-4b1e-9ee8-e24480cae1e8)
 - Deleted: 0

[05/Jul/2023:22:10:34] UPDATING PRODUCTS (JobID: 8e59d628-b96e-49d5-99d2-255f3f0420f7)
 - New and modified: 0

[05/Jul/2023:22:10:43] UPDATING PREPAGATI (JobID: d11bdcdf-6d2c-4ecf-829e-2c3e0a2d8ff1)
 - New and modified: 0

[05/Jul/2023:22:10:43] DELETING PREPAGATI (JobID: d11bdcdf-6d2c-4ecf-829e-2c3e0a2d8ff1)
 - Deleted: 0

[05/Jul/2023:22:20:04] UPDATING ACCOUNTS (JobID: 9610f4d9-be56-4acb-928d-202906534df0)
 - New and modified: 0

[05/Jul/2023:22:20:04] DELETING ACCOUNTS (JobID: 9610f4d9-be56-4acb-928d-202906534df0)
 - Deleted: 0

[05/Jul/2023:22:20:34] UPDATING PRODUCTS (JobID: 4a716930-85c6-4639-851c-9f78670b6050)
 - New and modified: 0

[05/Jul/2023:22:20:35] UPDATING PREPAGATI (JobID: c17af2d4-50cd-414e-bcdf-7430ab1d12cb)
 - New and modified: 0

[05/Jul/2023:22:20:35] DELETING PREPAGATI (JobID: c17af2d4-50cd-414e-bcdf-7430ab1d12cb)
 - Deleted: 0

[05/Jul/2023:22:30:04] UPDATING ACCOUNTS (JobID: 379f4d71-bd0d-4a53-88ca-4baa1ed6358c)
 - New and modified: 0

[05/Jul/2023:22:30:04] DELETING ACCOUNTS (JobID: 379f4d71-bd0d-4a53-88ca-4baa1ed6358c)
 - Deleted: 0

[05/Jul/2023:22:30:36] UPDATING PRODUCTS (JobID: 4f294c33-2f46-491e-b39d-ee34eda58416)
 - New and modified: 0

[05/Jul/2023:22:30:37] UPDATING PREPAGATI (JobID: 4b7782da-0209-49ec-b9f2-0dd793db3d6f)
 - New and modified: 0

[05/Jul/2023:22:30:37] DELETING PREPAGATI (JobID: 4b7782da-0209-49ec-b9f2-0dd793db3d6f)
 - Deleted: 0

[05/Jul/2023:22:40:03] UPDATING ACCOUNTS (JobID: 005b7d91-942a-43a4-805d-7684da363651)
 - New and modified: 0

[05/Jul/2023:22:40:03] DELETING ACCOUNTS (JobID: 005b7d91-942a-43a4-805d-7684da363651)
 - Deleted: 0

[05/Jul/2023:22:40:34] UPDATING PRODUCTS (JobID: 0df67f10-33e5-4409-8551-e9fe4d340883)
 - New and modified: 0

[05/Jul/2023:22:40:35] UPDATING PREPAGATI (JobID: c9dc6ffa-2fda-41ac-8a8e-9aaaae3907ce)
 - New and modified: 0

[05/Jul/2023:22:40:35] DELETING PREPAGATI (JobID: c9dc6ffa-2fda-41ac-8a8e-9aaaae3907ce)
 - Deleted: 0

[05/Jul/2023:22:50:04] UPDATING ACCOUNTS (JobID: 72653fa1-2b3c-4d68-ac10-1c044a33b573)
 - New and modified: 0

[05/Jul/2023:22:50:04] DELETING ACCOUNTS (JobID: 72653fa1-2b3c-4d68-ac10-1c044a33b573)
 - Deleted: 0

[05/Jul/2023:22:50:34] UPDATING PRODUCTS (JobID: 1642c6b6-82c9-473b-a0f3-5cfefa86f145)
 - New and modified: 0

[05/Jul/2023:22:50:36] UPDATING PREPAGATI (JobID: 42544bbf-c4d1-40e0-9e23-fe5912390c53)
 - New and modified: 0

[05/Jul/2023:22:50:36] DELETING PREPAGATI (JobID: 42544bbf-c4d1-40e0-9e23-fe5912390c53)
 - Deleted: 0

[05/Jul/2023:23:00:04] UPDATING ACCOUNTS (JobID: 6d1d4c73-dbb4-4c4d-879b-d2acf3b4bf65)
 - New and modified: 0

[05/Jul/2023:23:00:04] DELETING ACCOUNTS (JobID: 6d1d4c73-dbb4-4c4d-879b-d2acf3b4bf65)
 - Deleted: 0

[05/Jul/2023:23:00:34] UPDATING PRODUCTS (JobID: 44773e16-274b-41f4-b544-fff527776084)
 - New and modified: 0

[05/Jul/2023:23:00:36] UPDATING PREPAGATI (JobID: 3f759feb-b4e0-4f56-99cf-93f962f5b3bd)
 - New and modified: 0

[05/Jul/2023:23:00:36] DELETING PREPAGATI (JobID: 3f759feb-b4e0-4f56-99cf-93f962f5b3bd)
 - Deleted: 0

[05/Jul/2023:23:10:04] UPDATING ACCOUNTS (JobID: ccc92086-1b20-482f-8d47-7fc07f22cc9f)
 - New and modified: 0

[05/Jul/2023:23:10:04] DELETING ACCOUNTS (JobID: ccc92086-1b20-482f-8d47-7fc07f22cc9f)
 - Deleted: 0

[05/Jul/2023:23:10:34] UPDATING PRODUCTS (JobID: 2845aabb-c5b0-4e48-acc1-5b6e80831dd1)
 - New and modified: 0

[05/Jul/2023:23:10:36] UPDATING PREPAGATI (JobID: b54da673-2c7b-4be3-b414-ebed863c9f9a)
 - New and modified: 0

[05/Jul/2023:23:10:36] DELETING PREPAGATI (JobID: b54da673-2c7b-4be3-b414-ebed863c9f9a)
 - Deleted: 0

[05/Jul/2023:23:20:04] UPDATING ACCOUNTS (JobID: c8c5ce6b-a084-4529-bacf-d1e59cdf3b24)
 - New and modified: 0

[05/Jul/2023:23:20:04] DELETING ACCOUNTS (JobID: c8c5ce6b-a084-4529-bacf-d1e59cdf3b24)
 - Deleted: 0

[05/Jul/2023:23:20:35] UPDATING PRODUCTS (JobID: b9019c94-a01f-4003-97d8-68914570793f)
 - New and modified: 0

[05/Jul/2023:23:20:36] UPDATING PREPAGATI (JobID: 11ab7ec5-2fab-44e5-8fe5-42bcf4f90dc0)
 - New and modified: 0

[05/Jul/2023:23:20:36] DELETING PREPAGATI (JobID: 11ab7ec5-2fab-44e5-8fe5-42bcf4f90dc0)
 - Deleted: 0

[05/Jul/2023:23:30:04] UPDATING ACCOUNTS (JobID: c57cdbbf-0622-4d29-83fa-c4ff1d232ee6)
 - New and modified: 0

[05/Jul/2023:23:30:04] DELETING ACCOUNTS (JobID: c57cdbbf-0622-4d29-83fa-c4ff1d232ee6)
 - Deleted: 0

[05/Jul/2023:23:30:35] UPDATING PRODUCTS (JobID: d53b6b7b-f262-44cc-a6a4-3e61b84c1673)
 - New and modified: 0

[05/Jul/2023:23:30:36] UPDATING PREPAGATI (JobID: 31b20b3f-0155-4d73-a9cc-14b50172b635)
 - New and modified: 0

[05/Jul/2023:23:30:36] DELETING PREPAGATI (JobID: 31b20b3f-0155-4d73-a9cc-14b50172b635)
 - Deleted: 0

[05/Jul/2023:23:40:04] UPDATING ACCOUNTS (JobID: 7e79a8d1-e1db-4532-9067-78c0d42d580a)
 - New and modified: 0

[05/Jul/2023:23:40:04] DELETING ACCOUNTS (JobID: 7e79a8d1-e1db-4532-9067-78c0d42d580a)
 - Deleted: 0

[05/Jul/2023:23:40:33] UPDATING PRODUCTS (JobID: b2288cfe-6ced-4c90-aee9-1d457804bfb8)
 - New and modified: 0

[05/Jul/2023:23:40:35] UPDATING PREPAGATI (JobID: 63d7700c-833b-4012-a27a-1591f2f185db)
 - New and modified: 0

[05/Jul/2023:23:40:35] DELETING PREPAGATI (JobID: 63d7700c-833b-4012-a27a-1591f2f185db)
 - Deleted: 0

[05/Jul/2023:23:50:04] UPDATING ACCOUNTS (JobID: f62aed92-daef-4737-abc3-9a68c0e164fe)
 - New and modified: 0

[05/Jul/2023:23:50:04] DELETING ACCOUNTS (JobID: f62aed92-daef-4737-abc3-9a68c0e164fe)
 - Deleted: 0

[05/Jul/2023:23:50:33] UPDATING PRODUCTS (JobID: ff3d1ee0-1c78-4642-ba2d-cca556692301)
 - New and modified: 0

[05/Jul/2023:23:50:34] UPDATING PREPAGATI (JobID: b6b8c4ba-1dc3-48f7-942b-33eba47e6080)
 - New and modified: 0

[05/Jul/2023:23:50:34] DELETING PREPAGATI (JobID: b6b8c4ba-1dc3-48f7-942b-33eba47e6080)
 - Deleted: 0

