[19/Aug/2023:00:00:04] UPDATING ACCOUNTS (JobID: eee2ce57-f51e-4b66-9991-ef8b96b2e297)
 - New and modified: 0

[19/Aug/2023:00:00:04] DELETING ACCOUNTS (JobID: eee2ce57-f51e-4b66-9991-ef8b96b2e297)
 - Deleted: 0

[19/Aug/2023:00:00:35] UPDATING PRODUCTS (JobID: a1cb9205-f470-4945-bb9b-0f9fd53cb523)
 - New and modified: 0

[19/Aug/2023:00:00:37] UPDATING PREPAGATI (JobID: ef709dcb-ecaf-4c6d-acc6-8d8ab565060a)
 - New and modified: 0

[19/Aug/2023:00:00:37] DELETING PREPAGATI (JobID: ef709dcb-ecaf-4c6d-acc6-8d8ab565060a)
 - Deleted: 0

[19/Aug/2023:00:30:08] UPDATING ACCOUNTS (JobID: 85c39ace-3446-4ed0-87a8-643f47499450)
 - New and modified: 0

[19/Aug/2023:00:30:08] DELETING ACCOUNTS (JobID: 85c39ace-3446-4ed0-87a8-643f47499450)
 - Deleted: 0

[19/Aug/2023:00:30:43] UPDATING PRODUCTS (JobID: ae7067f1-21b5-4aed-9b81-1b7f68aa9365)
 - New and modified: 0

[19/Aug/2023:00:30:45] UPDATING PREPAGATI (JobID: bcb9c593-520c-4c9f-ad21-81db928a9bd1)
 - New and modified: 0

[19/Aug/2023:00:30:46] DELETING PREPAGATI (JobID: bcb9c593-520c-4c9f-ad21-81db928a9bd1)
 - Deleted: 0

[19/Aug/2023:01:00:09] UPDATING ACCOUNTS (JobID: e68fcede-6434-48ed-b52c-de2ee76da1e6)
 - New and modified: 0

[19/Aug/2023:01:00:09] DELETING ACCOUNTS (JobID: e68fcede-6434-48ed-b52c-de2ee76da1e6)
 - Deleted: 0

[19/Aug/2023:01:00:41] UPDATING PRODUCTS (JobID: 6445c0a3-7b0e-4ae0-8be1-3224a61de33f)
 - New and modified: 0

[19/Aug/2023:01:00:44] UPDATING PREPAGATI (JobID: 804132e8-7000-4bcc-8fa1-037cd0ddad25)
 - New and modified: 0

[19/Aug/2023:01:00:44] DELETING PREPAGATI (JobID: 804132e8-7000-4bcc-8fa1-037cd0ddad25)
 - Deleted: 0

[19/Aug/2023:01:30:07] UPDATING ACCOUNTS (JobID: de637d38-adb7-4b33-a9f2-8e2acb009120)
 - New and modified: 0

[19/Aug/2023:01:30:07] DELETING ACCOUNTS (JobID: de637d38-adb7-4b33-a9f2-8e2acb009120)
 - Deleted: 0

[19/Aug/2023:01:30:39] UPDATING PRODUCTS (JobID: 0cacd78d-b629-4cb0-84dc-11bbaf385a25)
 - New and modified: 0

[19/Aug/2023:01:30:43] UPDATING PREPAGATI (JobID: a33f4432-5072-4a01-ab0f-56b7020f6671)
 - New and modified: 0

[19/Aug/2023:01:30:43] DELETING PREPAGATI (JobID: a33f4432-5072-4a01-ab0f-56b7020f6671)
 - Deleted: 0

[19/Aug/2023:02:00:08] UPDATING ACCOUNTS (JobID: eb737277-ad31-4408-b339-2d30c98e7c59)
 - New and modified: 0

[19/Aug/2023:02:00:08] DELETING ACCOUNTS (JobID: eb737277-ad31-4408-b339-2d30c98e7c59)
 - Deleted: 0

[19/Aug/2023:02:00:42] UPDATING PRODUCTS (JobID: 192c646c-0a5f-433a-929f-880dfdf7f050)
 - New and modified: 0

[19/Aug/2023:02:00:45] UPDATING PREPAGATI (JobID: ce277fdb-ce13-4aeb-9f4d-d1735b45b686)
 - New and modified: 0

[19/Aug/2023:02:00:45] DELETING PREPAGATI (JobID: ce277fdb-ce13-4aeb-9f4d-d1735b45b686)
 - Deleted: 0

[19/Aug/2023:03:30:04] UPDATING ACCOUNTS (JobID: d88462ca-ab01-40eb-b2ef-de5714444e7e)
 - New and modified: 0

[19/Aug/2023:03:30:04] DELETING ACCOUNTS (JobID: d88462ca-ab01-40eb-b2ef-de5714444e7e)
 - Deleted: 0

[19/Aug/2023:03:30:38] UPDATING PRODUCTS (JobID: 72f549fc-cf76-4d68-9b7d-b2ccf57c1c0b)
 - New and modified: 0

[19/Aug/2023:03:30:41] UPDATING PREPAGATI (JobID: c374405c-ddce-4323-be21-8d734d3b845a)
 - New and modified: 0

[19/Aug/2023:03:30:41] DELETING PREPAGATI (JobID: c374405c-ddce-4323-be21-8d734d3b845a)
 - Deleted: 0

[19/Aug/2023:05:30:07] UPDATING ACCOUNTS (JobID: 7320599d-dd07-46a0-a712-34371af066f9)
 - New and modified: 0

[19/Aug/2023:05:30:07] DELETING ACCOUNTS (JobID: 7320599d-dd07-46a0-a712-34371af066f9)
 - Deleted: 0

[19/Aug/2023:05:30:41] UPDATING PRODUCTS (JobID: a5e33cab-f447-4f3d-ac78-e26bd0445bbb)
 - New and modified: 0

[19/Aug/2023:05:30:44] UPDATING PREPAGATI (JobID: 13585f3b-15f7-4f5d-a066-00b72bd291c1)
 - New and modified: 0

[19/Aug/2023:05:30:44] DELETING PREPAGATI (JobID: 13585f3b-15f7-4f5d-a066-00b72bd291c1)
 - Deleted: 0

[19/Aug/2023:07:00:05] UPDATING ACCOUNTS (JobID: a0c6a02c-b23a-40de-8526-3d10cf3a06d7)
 - New and modified: 0

[19/Aug/2023:07:00:05] DELETING ACCOUNTS (JobID: a0c6a02c-b23a-40de-8526-3d10cf3a06d7)
 - Deleted: 0

[19/Aug/2023:07:00:39] UPDATING PRODUCTS (JobID: cf2f85fa-e746-4e03-ada6-d4447f47076c)
 - New and modified: 0

[19/Aug/2023:07:00:42] UPDATING PREPAGATI (JobID: a8f75f0d-7032-46f2-9e15-3c2100112d18)
 - New and modified: 0

[19/Aug/2023:07:00:42] DELETING PREPAGATI (JobID: a8f75f0d-7032-46f2-9e15-3c2100112d18)
 - Deleted: 0

[19/Aug/2023:08:00:08] UPDATING ACCOUNTS (JobID: 6b3667fb-6225-4685-80ff-ada866d6dded)
 - New and modified: 0

[19/Aug/2023:08:00:08] DELETING ACCOUNTS (JobID: 6b3667fb-6225-4685-80ff-ada866d6dded)
 - Deleted: 0

[19/Aug/2023:08:00:41] UPDATING PRODUCTS (JobID: 0bede62d-5565-4a95-bb2e-e42abe54fcd1)
 - New and modified: 0

[19/Aug/2023:08:00:45] UPDATING PREPAGATI (JobID: e02beedb-71b8-44bb-8491-643f5f8fdad3)
 - New and modified: 0

[19/Aug/2023:08:00:45] DELETING PREPAGATI (JobID: e02beedb-71b8-44bb-8491-643f5f8fdad3)
 - Deleted: 0

[19/Aug/2023:09:00:09] UPDATING ACCOUNTS (JobID: 0dcbb8c1-3cb9-4ab3-8e3b-375de619430d)
 - New and modified: 0

[19/Aug/2023:09:00:09] DELETING ACCOUNTS (JobID: 0dcbb8c1-3cb9-4ab3-8e3b-375de619430d)
 - Deleted: 0

[19/Aug/2023:09:00:42] UPDATING PRODUCTS (JobID: a956d53c-192b-4e09-9dfe-d8cf6025272c)
 - New and modified: 0

[19/Aug/2023:09:00:45] UPDATING PREPAGATI (JobID: 88d333e7-4cbc-4c5a-8bc7-c4e407931035)
 - New and modified: 0

[19/Aug/2023:09:00:45] DELETING PREPAGATI (JobID: 88d333e7-4cbc-4c5a-8bc7-c4e407931035)
 - Deleted: 0

[19/Aug/2023:11:30:07] UPDATING ACCOUNTS (JobID: 38bbd834-3c5c-41a0-99ae-3f49705a6915)
 - New and modified: 0

[19/Aug/2023:11:30:07] DELETING ACCOUNTS (JobID: 38bbd834-3c5c-41a0-99ae-3f49705a6915)
 - Deleted: 0

[19/Aug/2023:11:30:39] UPDATING PRODUCTS (JobID: 16c73709-08d3-43ab-ae51-a031c5d6cb43)
 - New and modified: 0

[19/Aug/2023:11:30:42] UPDATING PREPAGATI (JobID: 214fd113-2683-4634-be90-30601391fa78)
 - New and modified: 0

[19/Aug/2023:11:30:42] DELETING PREPAGATI (JobID: 214fd113-2683-4634-be90-30601391fa78)
 - Deleted: 0

[19/Aug/2023:12:30:04] UPDATING ACCOUNTS (JobID: 7ddd5881-49f1-490d-9441-7985b00fb5a1)
 - New and modified: 0

[19/Aug/2023:12:30:04] DELETING ACCOUNTS (JobID: 7ddd5881-49f1-490d-9441-7985b00fb5a1)
 - Deleted: 0

[19/Aug/2023:12:30:38] UPDATING PRODUCTS (JobID: 37d5db4c-4a89-4940-8db7-7b799744b6db)
 - New and modified: 0

[19/Aug/2023:12:30:41] UPDATING PREPAGATI (JobID: 69467b4e-d1b9-4228-8fe8-a2b7c8b387b1)
 - New and modified: 0

[19/Aug/2023:12:30:41] DELETING PREPAGATI (JobID: 69467b4e-d1b9-4228-8fe8-a2b7c8b387b1)
 - Deleted: 0

[19/Aug/2023:15:30:10] UPDATING ACCOUNTS (JobID: e4c0bcea-2edd-4efa-b4be-4642ce7bd452)
 - New and modified: 0

[19/Aug/2023:15:30:10] DELETING ACCOUNTS (JobID: e4c0bcea-2edd-4efa-b4be-4642ce7bd452)
 - Deleted: 0

[19/Aug/2023:15:30:42] UPDATING PRODUCTS (JobID: 634d449d-ec87-468b-8017-61626ef096a1)
 - New and modified: 0

[19/Aug/2023:15:30:45] UPDATING PREPAGATI (JobID: cb33be87-1979-4cf3-9778-2044839dd97f)
 - New and modified: 0

[19/Aug/2023:15:30:45] DELETING PREPAGATI (JobID: cb33be87-1979-4cf3-9778-2044839dd97f)
 - Deleted: 0

[19/Aug/2023:16:00:07] UPDATING ACCOUNTS (JobID: 8d06aa1d-da17-4bc1-a388-24daa0fec042)
 - New and modified: 0

[19/Aug/2023:16:00:07] DELETING ACCOUNTS (JobID: 8d06aa1d-da17-4bc1-a388-24daa0fec042)
 - Deleted: 0

[19/Aug/2023:16:00:39] UPDATING PRODUCTS (JobID: b1228778-1f8d-4520-ac3e-d668704d184a)
 - New and modified: 0

[19/Aug/2023:16:00:42] UPDATING PREPAGATI (JobID: 8fb15d7c-2df2-4127-bdee-e2737fafc96b)
 - New and modified: 0

[19/Aug/2023:16:00:42] DELETING PREPAGATI (JobID: 8fb15d7c-2df2-4127-bdee-e2737fafc96b)
 - Deleted: 0

[19/Aug/2023:18:30:08] UPDATING ACCOUNTS (JobID: 75af1ecf-8d3e-4b82-98b5-dbfa6e357c0b)
 - New and modified: 0

[19/Aug/2023:18:30:08] DELETING ACCOUNTS (JobID: 75af1ecf-8d3e-4b82-98b5-dbfa6e357c0b)
 - Deleted: 0

[19/Aug/2023:18:30:40] UPDATING PRODUCTS (JobID: 077fbb1b-4da3-4e12-9a84-046599bbaaed)
 - New and modified: 0

[19/Aug/2023:18:30:43] UPDATING PREPAGATI (JobID: 118e04a6-bd99-4de7-957d-3706161d5ef1)
 - New and modified: 0

[19/Aug/2023:18:30:43] DELETING PREPAGATI (JobID: 118e04a6-bd99-4de7-957d-3706161d5ef1)
 - Deleted: 0

[19/Aug/2023:22:00:09] UPDATING ACCOUNTS (JobID: dfaee97b-8100-4930-9abe-50ae8e7be290)
 - New and modified: 0

[19/Aug/2023:22:00:09] DELETING ACCOUNTS (JobID: dfaee97b-8100-4930-9abe-50ae8e7be290)
 - Deleted: 0

[19/Aug/2023:22:00:41] UPDATING PRODUCTS (JobID: c0b230ca-7a7c-4f3a-b02b-1640b9219fdb)
 - New and modified: 0

[19/Aug/2023:22:00:45] UPDATING PREPAGATI (JobID: 176e1c96-7bb1-4253-9c84-60befa42a8be)
 - New and modified: 0

[19/Aug/2023:22:00:45] DELETING PREPAGATI (JobID: 176e1c96-7bb1-4253-9c84-60befa42a8be)
 - Deleted: 0

[19/Aug/2023:22:30:04] UPDATING ACCOUNTS (JobID: 81bfe5d6-8c3e-42f9-bdc5-6458ca4c95f4)
 - New and modified: 0

[19/Aug/2023:22:30:04] DELETING ACCOUNTS (JobID: 81bfe5d6-8c3e-42f9-bdc5-6458ca4c95f4)
 - Deleted: 0

[19/Aug/2023:22:30:37] UPDATING PRODUCTS (JobID: 61d7fcce-018b-4d0f-86f4-369e1af4ac57)
 - New and modified: 0

[19/Aug/2023:22:30:39] UPDATING PREPAGATI (JobID: 0d9e259a-c1eb-4cc7-b9ba-88c8f124c0eb)
 - New and modified: 0

[19/Aug/2023:22:30:39] DELETING PREPAGATI (JobID: 0d9e259a-c1eb-4cc7-b9ba-88c8f124c0eb)
 - Deleted: 0

[19/Aug/2023:23:00:04] UPDATING ACCOUNTS (JobID: ffb43ec5-53f6-400c-935e-106e2d1a4b06)
 - New and modified: 0

[19/Aug/2023:23:00:04] DELETING ACCOUNTS (JobID: ffb43ec5-53f6-400c-935e-106e2d1a4b06)
 - Deleted: 0

[19/Aug/2023:23:00:36] UPDATING PRODUCTS (JobID: b89cc125-0c1e-40d3-b777-01b27b82e3d1)
 - New and modified: 0

[19/Aug/2023:23:00:38] UPDATING PREPAGATI (JobID: 6704d748-ffdf-442d-ba32-e7538f5c04d7)
 - New and modified: 0

[19/Aug/2023:23:00:38] DELETING PREPAGATI (JobID: 6704d748-ffdf-442d-ba32-e7538f5c04d7)
 - Deleted: 0

[19/Aug/2023:23:30:08] UPDATING ACCOUNTS (JobID: 2b405567-b3b8-4b45-8418-693729ad025c)
 - New and modified: 0

[19/Aug/2023:23:30:08] DELETING ACCOUNTS (JobID: 2b405567-b3b8-4b45-8418-693729ad025c)
 - Deleted: 0

[19/Aug/2023:23:30:39] UPDATING PRODUCTS (JobID: 7e190380-b337-41a1-98d5-90b7bab4b268)
 - New and modified: 0

[19/Aug/2023:23:30:42] UPDATING PREPAGATI (JobID: f854ec9d-c587-47e3-b594-3b07c1b48e8c)
 - New and modified: 0

[19/Aug/2023:23:30:42] DELETING PREPAGATI (JobID: f854ec9d-c587-47e3-b594-3b07c1b48e8c)
 - Deleted: 0

