[20/Jul/2023:00:00:04] UPDATING ACCOUNTS (JobID: 9cef8ba9-0650-4acb-ad23-6505adffbff8)
 - New and modified: 0

[20/Jul/2023:00:00:04] DELETING ACCOUNTS (JobID: 9cef8ba9-0650-4acb-ad23-6505adffbff8)
 - Deleted: 0

[20/Jul/2023:00:00:35] UPDATING PRODUCTS (JobID: 93d4672d-a12c-42c3-a234-b4caf2b5ee5b)
 - New and modified: 0

[20/Jul/2023:00:00:37] UPDATING PREPAGATI (JobID: a33480e7-0638-4a6b-8777-ab521e0b2039)
 - New and modified: 0

[20/Jul/2023:00:00:37] DELETING PREPAGATI (JobID: a33480e7-0638-4a6b-8777-ab521e0b2039)
 - Deleted: 0

[20/Jul/2023:00:30:07] UPDATING ACCOUNTS (JobID: 90fb9eae-4770-4d92-a2c5-1fb5bdfaeed1)
 - New and modified: 0

[20/Jul/2023:00:30:07] DELETING ACCOUNTS (JobID: 90fb9eae-4770-4d92-a2c5-1fb5bdfaeed1)
 - Deleted: 0

[20/Jul/2023:00:30:37] UPDATING PRODUCTS (JobID: 8610185a-c9e3-46f7-84f3-555f761bfff3)
 - New and modified: 0

[20/Jul/2023:00:30:39] UPDATING PREPAGATI (JobID: f98d0515-05bb-4d19-ba69-aae87cb44c23)
 - New and modified: 0

[20/Jul/2023:00:30:39] DELETING PREPAGATI (JobID: f98d0515-05bb-4d19-ba69-aae87cb44c23)
 - Deleted: 0

[20/Jul/2023:01:00:08] UPDATING ACCOUNTS (JobID: da4be38d-2e5d-4cef-8e4a-820ca8fce86f)
 - New and modified: 0

[20/Jul/2023:01:00:08] DELETING ACCOUNTS (JobID: da4be38d-2e5d-4cef-8e4a-820ca8fce86f)
 - Deleted: 0

[20/Jul/2023:01:00:39] UPDATING PRODUCTS (JobID: d7eab55e-1ad5-4579-a10d-25f62e58c1b2)
 - New and modified: 0

[20/Jul/2023:01:00:42] UPDATING PREPAGATI (JobID: 5f92b436-b39f-4c2c-a0ef-238a8c718593)
 - New and modified: 0

[20/Jul/2023:01:00:42] DELETING PREPAGATI (JobID: 5f92b436-b39f-4c2c-a0ef-238a8c718593)
 - Deleted: 0

[20/Jul/2023:01:30:07] UPDATING ACCOUNTS (JobID: 5cc82b7e-2038-4a57-a4db-6352890ae45d)
 - New and modified: 0

[20/Jul/2023:01:30:07] DELETING ACCOUNTS (JobID: 5cc82b7e-2038-4a57-a4db-6352890ae45d)
 - Deleted: 0

[20/Jul/2023:01:30:38] UPDATING PRODUCTS (JobID: a0c65836-bfa1-4e59-8331-4a191ff8dee3)
 - New and modified: 0

[20/Jul/2023:01:30:41] UPDATING PREPAGATI (JobID: 2dd26fe9-1bba-4140-a9ef-81455c1fed44)
 - New and modified: 0

[20/Jul/2023:01:30:41] DELETING PREPAGATI (JobID: 2dd26fe9-1bba-4140-a9ef-81455c1fed44)
 - Deleted: 0

[20/Jul/2023:02:00:04] UPDATING ACCOUNTS (JobID: 9c74acf3-fbd6-490c-a094-de3af02f2419)
 - New and modified: 0

[20/Jul/2023:02:00:04] DELETING ACCOUNTS (JobID: 9c74acf3-fbd6-490c-a094-de3af02f2419)
 - Deleted: 0

[20/Jul/2023:02:00:35] UPDATING PRODUCTS (JobID: 7b071dee-9b85-46b1-b85e-67f55c516753)
 - New and modified: 0

[20/Jul/2023:02:00:37] UPDATING PREPAGATI (JobID: df900559-c707-4b0b-a213-7ada62cd36a7)
 - New and modified: 0

[20/Jul/2023:02:00:37] DELETING PREPAGATI (JobID: df900559-c707-4b0b-a213-7ada62cd36a7)
 - Deleted: 0

[20/Jul/2023:02:30:09] UPDATING ACCOUNTS (JobID: 897147b6-003b-4a3c-92cb-f231a6ed96d9)
 - New and modified: 0

[20/Jul/2023:02:30:09] DELETING ACCOUNTS (JobID: 897147b6-003b-4a3c-92cb-f231a6ed96d9)
 - Deleted: 0

[20/Jul/2023:02:30:40] UPDATING PRODUCTS (JobID: dd41b4de-89b9-4c25-a5e6-b361a2ab439a)
 - New and modified: 0

[20/Jul/2023:02:30:43] UPDATING PREPAGATI (JobID: 33128a33-a8d4-4612-bc5d-3007117dd6d7)
 - New and modified: 0

[20/Jul/2023:02:30:43] DELETING PREPAGATI (JobID: 33128a33-a8d4-4612-bc5d-3007117dd6d7)
 - Deleted: 0

[20/Jul/2023:03:00:08] UPDATING ACCOUNTS (JobID: 0e911fe3-2165-4e15-8bfc-8591b173965b)
 - New and modified: 0

[20/Jul/2023:03:00:08] DELETING ACCOUNTS (JobID: 0e911fe3-2165-4e15-8bfc-8591b173965b)
 - Deleted: 0

[20/Jul/2023:03:00:39] UPDATING PRODUCTS (JobID: 60ebf6af-d775-4ee0-9185-fee341cb3726)
 - New and modified: 0

[20/Jul/2023:03:00:42] UPDATING PREPAGATI (JobID: f26462e1-9686-4d35-b6e2-d3080dbd2f47)
 - New and modified: 0

[20/Jul/2023:03:00:42] DELETING PREPAGATI (JobID: f26462e1-9686-4d35-b6e2-d3080dbd2f47)
 - Deleted: 0

[20/Jul/2023:03:30:07] UPDATING ACCOUNTS (JobID: 053c46cf-fdc3-41f7-85d9-0a8633815883)
 - New and modified: 0

[20/Jul/2023:03:30:07] DELETING ACCOUNTS (JobID: 053c46cf-fdc3-41f7-85d9-0a8633815883)
 - Deleted: 0

[20/Jul/2023:03:30:39] UPDATING PRODUCTS (JobID: d59bcf4c-2dd1-4fe8-8c53-feb32232fa5c)
 - New and modified: 0

[20/Jul/2023:03:30:42] UPDATING PREPAGATI (JobID: b416805e-ee0c-4a9b-85a1-1b438b6f6ac3)
 - New and modified: 0

[20/Jul/2023:03:30:42] DELETING PREPAGATI (JobID: b416805e-ee0c-4a9b-85a1-1b438b6f6ac3)
 - Deleted: 0

[20/Jul/2023:04:00:05] UPDATING ACCOUNTS (JobID: 2e2e2eff-e172-40e2-9bee-b08f3b4482a9)
 - New and modified: 0

[20/Jul/2023:04:00:05] DELETING ACCOUNTS (JobID: 2e2e2eff-e172-40e2-9bee-b08f3b4482a9)
 - Deleted: 0

[20/Jul/2023:04:00:39] UPDATING PRODUCTS (JobID: c3e9724b-5bad-48de-bbb9-40a0f21c35a5)
 - New and modified: 0

[20/Jul/2023:04:00:41] UPDATING PREPAGATI (JobID: 65663ac3-3ec2-4af7-98cd-90d402f26bba)
 - New and modified: 0

[20/Jul/2023:04:00:41] DELETING PREPAGATI (JobID: 65663ac3-3ec2-4af7-98cd-90d402f26bba)
 - Deleted: 0

[20/Jul/2023:04:30:09] UPDATING ACCOUNTS (JobID: d5c1f17b-60a4-453a-aeeb-564496f8c9de)
 - New and modified: 0

[20/Jul/2023:04:30:09] DELETING ACCOUNTS (JobID: d5c1f17b-60a4-453a-aeeb-564496f8c9de)
 - Deleted: 0

[20/Jul/2023:04:30:42] UPDATING PRODUCTS (JobID: 90353ca6-24fb-4366-b95c-e2f46b48b933)
 - New and modified: 0

[20/Jul/2023:04:30:45] UPDATING PREPAGATI (JobID: 742b292a-2f94-4660-9e32-c94c74d5cb40)
 - New and modified: 0

[20/Jul/2023:04:30:45] DELETING PREPAGATI (JobID: 742b292a-2f94-4660-9e32-c94c74d5cb40)
 - Deleted: 0

[20/Jul/2023:05:00:10] UPDATING ACCOUNTS (JobID: decc5f89-9c68-406f-a212-54d05e338115)
 - New and modified: 0

[20/Jul/2023:05:00:10] DELETING ACCOUNTS (JobID: decc5f89-9c68-406f-a212-54d05e338115)
 - Deleted: 0

[20/Jul/2023:05:00:41] UPDATING PRODUCTS (JobID: 0a1a01f5-8fc8-4280-a92d-5b776d783119)
 - New and modified: 0

[20/Jul/2023:05:00:44] UPDATING PREPAGATI (JobID: f472db0a-d770-4edf-b105-d97921978d23)
 - New and modified: 0

[20/Jul/2023:05:00:44] DELETING PREPAGATI (JobID: f472db0a-d770-4edf-b105-d97921978d23)
 - Deleted: 0

[20/Jul/2023:05:30:07] UPDATING ACCOUNTS (JobID: 747e328b-38a3-4918-bb95-6f254fae14a7)
 - New and modified: 0

[20/Jul/2023:05:30:07] DELETING ACCOUNTS (JobID: 747e328b-38a3-4918-bb95-6f254fae14a7)
 - Deleted: 0

[20/Jul/2023:05:30:39] UPDATING PRODUCTS (JobID: 1aec56fb-adad-4943-bffc-b3fe6cdb803f)
 - New and modified: 0

[20/Jul/2023:05:30:41] UPDATING PREPAGATI (JobID: 17f56fc5-30c5-4266-8a2e-c7f56f8e2338)
 - New and modified: 0

[20/Jul/2023:05:30:41] DELETING PREPAGATI (JobID: 17f56fc5-30c5-4266-8a2e-c7f56f8e2338)
 - Deleted: 0

[20/Jul/2023:06:00:09] UPDATING ACCOUNTS (JobID: 90044790-f10c-4003-9351-a50f0bceed46)
 - New and modified: 0

[20/Jul/2023:06:00:09] DELETING ACCOUNTS (JobID: 90044790-f10c-4003-9351-a50f0bceed46)
 - Deleted: 0

[20/Jul/2023:06:00:42] UPDATING PRODUCTS (JobID: 0a6a2685-7745-46da-bbe6-b6ddf293240d)
 - New and modified: 0

[20/Jul/2023:06:00:45] UPDATING PREPAGATI (JobID: 1168a06e-a760-4d3c-bffe-90795154b282)
 - New and modified: 0

[20/Jul/2023:06:00:45] DELETING PREPAGATI (JobID: 1168a06e-a760-4d3c-bffe-90795154b282)
 - Deleted: 0

[20/Jul/2023:06:30:09] UPDATING ACCOUNTS (JobID: 840f92ed-d76d-43bf-94ac-eb26bc6750b3)
 - New and modified: 0

[20/Jul/2023:06:30:09] DELETING ACCOUNTS (JobID: 840f92ed-d76d-43bf-94ac-eb26bc6750b3)
 - Deleted: 0

[20/Jul/2023:06:30:42] UPDATING PRODUCTS (JobID: 75a97967-ebac-4bbf-b7c9-d0720430ce40)
 - New and modified: 0

[20/Jul/2023:06:30:45] UPDATING PREPAGATI (JobID: 2433a247-ede7-40bb-87fe-904d34046d1f)
 - New and modified: 0

[20/Jul/2023:06:30:45] DELETING PREPAGATI (JobID: 2433a247-ede7-40bb-87fe-904d34046d1f)
 - Deleted: 0

[20/Jul/2023:07:00:22] UPDATING ACCOUNTS (JobID: 3b2074ce-c183-4e92-bf88-332d7927f17b)
 - New and modified: 0

[20/Jul/2023:07:00:22] DELETING ACCOUNTS (JobID: 3b2074ce-c183-4e92-bf88-332d7927f17b)
 - Deleted: 0

[20/Jul/2023:07:00:54] UPDATING PRODUCTS (JobID: 0dbfbcaa-842a-4138-b2e2-23a0c18f0922)
 - New and modified: 0

[20/Jul/2023:07:00:56] UPDATING PREPAGATI (JobID: 28a7012f-5c9a-4fdf-a445-2bb1bb440516)
 - New and modified: 0

[20/Jul/2023:07:00:56] DELETING PREPAGATI (JobID: 28a7012f-5c9a-4fdf-a445-2bb1bb440516)
 - Deleted: 0

[20/Jul/2023:07:30:04] UPDATING ACCOUNTS (JobID: 85ec83c0-7c5c-4c8b-ab3b-1b2380b10888)
 - New and modified: 0

[20/Jul/2023:07:30:04] DELETING ACCOUNTS (JobID: 85ec83c0-7c5c-4c8b-ab3b-1b2380b10888)
 - Deleted: 0

[20/Jul/2023:07:30:37] UPDATING PRODUCTS (JobID: 897bf4fb-8582-4724-9d73-e4575356d77b)
 - New and modified: 0

[20/Jul/2023:07:30:39] UPDATING PREPAGATI (JobID: e6d70fdb-74e7-4fd8-a4af-9e9ba5c0cd9f)
 - New and modified: 0

[20/Jul/2023:07:30:39] DELETING PREPAGATI (JobID: e6d70fdb-74e7-4fd8-a4af-9e9ba5c0cd9f)
 - Deleted: 0

[20/Jul/2023:08:00:08] UPDATING ACCOUNTS (JobID: 418642c2-d705-4c6a-8316-13d853af6136)
 - New and modified: 0

[20/Jul/2023:08:00:08] DELETING ACCOUNTS (JobID: 418642c2-d705-4c6a-8316-13d853af6136)
 - Deleted: 0

[20/Jul/2023:08:00:39] UPDATING PRODUCTS (JobID: 0e3597c6-2501-4947-a467-9ff56d7bb0a0)
 - New and modified: 0

[20/Jul/2023:08:00:43] UPDATING PREPAGATI (JobID: c556d39e-051e-4066-898a-cd047f70b386)
 - New and modified: 0

[20/Jul/2023:08:00:43] DELETING PREPAGATI (JobID: c556d39e-051e-4066-898a-cd047f70b386)
 - Deleted: 0

[20/Jul/2023:08:30:08] UPDATING ACCOUNTS (JobID: e111bd7a-eadd-4f4a-a5bf-a29b927388ab)
 - New and modified: 0

[20/Jul/2023:08:30:08] DELETING ACCOUNTS (JobID: e111bd7a-eadd-4f4a-a5bf-a29b927388ab)
 - Deleted: 0

[20/Jul/2023:08:30:39] UPDATING PRODUCTS (JobID: 83dfdefc-8d03-4ebd-a730-d172f1e4ff26)
 - New and modified: 0

[20/Jul/2023:08:30:42] UPDATING PREPAGATI (JobID: db953b71-f977-4f00-8239-188352e9b767)
 - New and modified: 0

[20/Jul/2023:08:30:42] DELETING PREPAGATI (JobID: db953b71-f977-4f00-8239-188352e9b767)
 - Deleted: 0

[20/Jul/2023:09:00:04] UPDATING ACCOUNTS (JobID: ac5f0ce9-6705-4cbe-9220-f1d9a8c85cf0)
 - New and modified: 0

[20/Jul/2023:09:00:04] DELETING ACCOUNTS (JobID: ac5f0ce9-6705-4cbe-9220-f1d9a8c85cf0)
 - Deleted: 0

[20/Jul/2023:09:00:34] UPDATING PRODUCTS (JobID: 1a41e529-23d7-4576-9400-6529d9957103)
 - New and modified: 0

[20/Jul/2023:09:00:36] UPDATING PREPAGATI (JobID: 7163a6df-9862-4d7e-a1f4-19cfa47f072d)
 - New and modified: 0

[20/Jul/2023:09:00:36] DELETING PREPAGATI (JobID: 7163a6df-9862-4d7e-a1f4-19cfa47f072d)
 - Deleted: 0

[20/Jul/2023:09:30:03] UPDATING ACCOUNTS (JobID: 2033e314-3a97-4057-995d-1039bef2d2db)
 - New and modified: 0

[20/Jul/2023:09:30:03] DELETING ACCOUNTS (JobID: 2033e314-3a97-4057-995d-1039bef2d2db)
 - Deleted: 0

[20/Jul/2023:09:30:35] UPDATING PRODUCTS (JobID: ddd271a5-98d5-404f-9062-33130765c22e)
 - New and modified: 0

[20/Jul/2023:09:30:37] UPDATING PREPAGATI (JobID: 9e933932-1c6d-40e5-ab53-f529fe5faf9c)
 - New and modified: 0

[20/Jul/2023:09:30:37] DELETING PREPAGATI (JobID: 9e933932-1c6d-40e5-ab53-f529fe5faf9c)
 - Deleted: 0

[20/Jul/2023:10:00:05] UPDATING ACCOUNTS (JobID: 1785b8f5-cd55-4380-96e9-dc125f64c906)
 - New and modified: 0

[20/Jul/2023:10:00:05] DELETING ACCOUNTS (JobID: 1785b8f5-cd55-4380-96e9-dc125f64c906)
 - Deleted: 0

[20/Jul/2023:10:00:39] UPDATING PRODUCTS (JobID: 3829fc12-ba23-4b4c-894e-dc89105a9d41)
 - New and modified: 0

[20/Jul/2023:10:00:42] UPDATING PREPAGATI (JobID: 68b48e49-c0ee-4f63-85bd-34b7111393e0)
 - New and modified: 0

[20/Jul/2023:10:00:42] DELETING PREPAGATI (JobID: 68b48e49-c0ee-4f63-85bd-34b7111393e0)
 - Deleted: 0

[20/Jul/2023:10:30:07] UPDATING ACCOUNTS (JobID: 9c3805ce-5cce-4fe5-adc3-0011bad7847f)
 - New and modified: 0

[20/Jul/2023:10:30:07] DELETING ACCOUNTS (JobID: 9c3805ce-5cce-4fe5-adc3-0011bad7847f)
 - Deleted: 0

[20/Jul/2023:10:30:38] UPDATING PRODUCTS (JobID: fd785b9e-79da-47e0-80e7-fa2c409b65e4)
 - New and modified: 0

[20/Jul/2023:10:30:41] UPDATING PREPAGATI (JobID: 88115e60-dd8b-485b-b1f5-004856aea82e)
 - New and modified: 0

[20/Jul/2023:10:30:41] DELETING PREPAGATI (JobID: 88115e60-dd8b-485b-b1f5-004856aea82e)
 - Deleted: 0

[20/Jul/2023:11:00:08] UPDATING ACCOUNTS (JobID: 2cdfd208-e578-4a62-ae8d-9a3e17d78ce9)
 - New and modified: 0

[20/Jul/2023:11:00:08] DELETING ACCOUNTS (JobID: 2cdfd208-e578-4a62-ae8d-9a3e17d78ce9)
 - Deleted: 0

[20/Jul/2023:11:00:38] UPDATING PRODUCTS (JobID: f98ba040-1504-4610-8ff5-67ea6d5ab78b)
 - New and modified: 0

[20/Jul/2023:11:00:41] UPDATING PREPAGATI (JobID: 019208ba-d860-4fca-8f4e-2dea04a551ab)
 - New and modified: 0

[20/Jul/2023:11:00:41] DELETING PREPAGATI (JobID: 019208ba-d860-4fca-8f4e-2dea04a551ab)
 - Deleted: 0

[20/Jul/2023:11:30:04] UPDATING ACCOUNTS (JobID: cc35d35b-f0ee-470d-b45c-2a476e9d1968)
 - New and modified: 0

[20/Jul/2023:11:30:04] DELETING ACCOUNTS (JobID: cc35d35b-f0ee-470d-b45c-2a476e9d1968)
 - Deleted: 0

[20/Jul/2023:11:30:35] UPDATING PRODUCTS (JobID: 47a06255-0f65-4a1e-8745-ee32b9a31677)
 - New and modified: 0

[20/Jul/2023:11:30:37] UPDATING PREPAGATI (JobID: 96b89ac7-2eb5-4640-9758-85b9041bdb44)
 - New and modified: 0

[20/Jul/2023:11:30:37] DELETING PREPAGATI (JobID: 96b89ac7-2eb5-4640-9758-85b9041bdb44)
 - Deleted: 0

[20/Jul/2023:12:00:08] UPDATING ACCOUNTS (JobID: dda79b07-e658-4af4-ae26-db74b5bb6178)
 - New and modified: 0

[20/Jul/2023:12:00:08] DELETING ACCOUNTS (JobID: dda79b07-e658-4af4-ae26-db74b5bb6178)
 - Deleted: 0

[20/Jul/2023:12:00:38] UPDATING PRODUCTS (JobID: e45d32a2-d3dd-4e11-8c8b-c05af581ba36)
 - New and modified: 0

[20/Jul/2023:12:00:41] UPDATING PREPAGATI (JobID: b94fc5ed-5c56-44fa-83c8-e952cea308c9)
 - New and modified: 0

[20/Jul/2023:12:00:41] DELETING PREPAGATI (JobID: b94fc5ed-5c56-44fa-83c8-e952cea308c9)
 - Deleted: 0

[20/Jul/2023:13:00:08] UPDATING ACCOUNTS (JobID: 7283099c-ee14-4418-b055-e2f7880865d5)
 - New and modified: 0

[20/Jul/2023:13:00:08] DELETING ACCOUNTS (JobID: 7283099c-ee14-4418-b055-e2f7880865d5)
 - Deleted: 0

[20/Jul/2023:13:00:39] UPDATING PRODUCTS (JobID: 0f9976a5-56f0-4e08-b13d-91fc8aeb5f8e)
 - New and modified: 0

[20/Jul/2023:13:00:42] UPDATING PREPAGATI (JobID: d598d0e7-ef27-4bd7-abb5-118b742d7f74)
 - New and modified: 0

[20/Jul/2023:13:00:42] DELETING PREPAGATI (JobID: d598d0e7-ef27-4bd7-abb5-118b742d7f74)
 - Deleted: 0

[20/Jul/2023:13:30:04] UPDATING ACCOUNTS (JobID: 8142ae29-eeb0-4e97-acd4-ca69c8b3425b)
 - New and modified: 0

[20/Jul/2023:13:30:04] DELETING ACCOUNTS (JobID: 8142ae29-eeb0-4e97-acd4-ca69c8b3425b)
 - Deleted: 0

[20/Jul/2023:13:30:34] UPDATING PRODUCTS (JobID: d3b28b35-7556-47a8-baf1-4a970ab753f1)
 - New and modified: 0

[20/Jul/2023:13:30:36] UPDATING PREPAGATI (JobID: 581ca1cd-18a3-412c-bc89-cbe18f01d08a)
 - New and modified: 0

[20/Jul/2023:13:30:36] DELETING PREPAGATI (JobID: 581ca1cd-18a3-412c-bc89-cbe18f01d08a)
 - Deleted: 0

[20/Jul/2023:14:00:03] UPDATING ACCOUNTS (JobID: 5e23ad73-31ac-4a8c-ab2f-f8d239b42182)
 - New and modified: 0

[20/Jul/2023:14:00:03] DELETING ACCOUNTS (JobID: 5e23ad73-31ac-4a8c-ab2f-f8d239b42182)
 - Deleted: 0

[20/Jul/2023:14:00:34] UPDATING PRODUCTS (JobID: 280219dd-34b5-4422-9145-f0e140175a9a)
 - New and modified: 0

[20/Jul/2023:14:00:36] UPDATING PREPAGATI (JobID: 6e032a36-e527-4a49-9c10-f2168757b904)
 - New and modified: 0

[20/Jul/2023:14:00:36] DELETING PREPAGATI (JobID: 6e032a36-e527-4a49-9c10-f2168757b904)
 - Deleted: 0

[20/Jul/2023:14:30:03] UPDATING ACCOUNTS (JobID: 47b73d91-dd59-413d-8576-15e77125da57)
 - New and modified: 1
   0000199

[20/Jul/2023:14:30:03] DELETING ACCOUNTS (JobID: 47b73d91-dd59-413d-8576-15e77125da57)
 - Deleted: 0

[20/Jul/2023:14:30:32] UPDATING PRODUCTS (JobID: 7321e932-db9e-4fcb-ae59-0c14104b1b98)
 - New and modified: 0

[20/Jul/2023:14:30:34] UPDATING PREPAGATI (JobID: e721da43-23de-4532-9edb-d5329423b8a2)
 - New and modified: 0

[20/Jul/2023:14:30:34] DELETING PREPAGATI (JobID: e721da43-23de-4532-9edb-d5329423b8a2)
 - Deleted: 0

[20/Jul/2023:15:00:07] UPDATING ACCOUNTS (JobID: 3bebbb35-8a1c-4a63-8721-800948750cf2)
 - New and modified: 0

[20/Jul/2023:15:00:07] DELETING ACCOUNTS (JobID: 3bebbb35-8a1c-4a63-8721-800948750cf2)
 - Deleted: 0

[20/Jul/2023:15:00:36] UPDATING PRODUCTS (JobID: cdae533e-e9d8-455e-a3bd-8f89ab314aad)
 - New and modified: 0

[20/Jul/2023:15:00:39] UPDATING PREPAGATI (JobID: 7059dbcb-195c-4157-a2a3-270d9fa0f299)
 - New and modified: 0

[20/Jul/2023:15:00:39] DELETING PREPAGATI (JobID: 7059dbcb-195c-4157-a2a3-270d9fa0f299)
 - Deleted: 0

[20/Jul/2023:15:30:03] UPDATING ACCOUNTS (JobID: d77fc5a2-14c0-47cf-b5e1-93db691e3a86)
 - New and modified: 0

[20/Jul/2023:15:30:03] DELETING ACCOUNTS (JobID: d77fc5a2-14c0-47cf-b5e1-93db691e3a86)
 - Deleted: 0

[20/Jul/2023:15:30:35] UPDATING PRODUCTS (JobID: 7d093c9f-cf06-4784-9394-f8e2355a70c5)
 - New and modified: 0

[20/Jul/2023:15:30:37] UPDATING PREPAGATI (JobID: 68a21911-c75c-4238-8904-fb2a62887f64)
 - New and modified: 0

[20/Jul/2023:15:30:37] DELETING PREPAGATI (JobID: 68a21911-c75c-4238-8904-fb2a62887f64)
 - Deleted: 0

[20/Jul/2023:16:00:07] UPDATING ACCOUNTS (JobID: be900ee2-8a94-49c2-a915-888328c56a11)
 - New and modified: 0

[20/Jul/2023:16:00:07] DELETING ACCOUNTS (JobID: be900ee2-8a94-49c2-a915-888328c56a11)
 - Deleted: 0

[20/Jul/2023:16:00:37] UPDATING PRODUCTS (JobID: 34f9d6fc-1255-4d1a-8a76-60638a08af8c)
 - New and modified: 0

[20/Jul/2023:16:00:40] UPDATING PREPAGATI (JobID: 30677f7c-5a62-4b8b-8dfc-e217837d3b53)
 - New and modified: 0

[20/Jul/2023:16:00:40] DELETING PREPAGATI (JobID: 30677f7c-5a62-4b8b-8dfc-e217837d3b53)
 - Deleted: 0

[20/Jul/2023:16:30:08] UPDATING ACCOUNTS (JobID: 899e39a4-0322-4b52-a870-57ff1bf0fce9)
 - New and modified: 0

[20/Jul/2023:16:30:08] DELETING ACCOUNTS (JobID: 899e39a4-0322-4b52-a870-57ff1bf0fce9)
 - Deleted: 0

[20/Jul/2023:16:30:40] UPDATING PRODUCTS (JobID: 7a52cd77-c899-41d0-ba55-9561167575bd)
 - New and modified: 0

[20/Jul/2023:16:30:43] UPDATING PREPAGATI (JobID: 2b8baaa3-f8a7-46fe-9aca-3690827bd494)
 - New and modified: 0

[20/Jul/2023:16:30:43] DELETING PREPAGATI (JobID: 2b8baaa3-f8a7-46fe-9aca-3690827bd494)
 - Deleted: 0

[20/Jul/2023:17:00:04] UPDATING ACCOUNTS (JobID: 73eb4a95-fb4c-445a-9fb8-cb94c12fe646)
 - New and modified: 0

[20/Jul/2023:17:00:04] DELETING ACCOUNTS (JobID: 73eb4a95-fb4c-445a-9fb8-cb94c12fe646)
 - Deleted: 0

[20/Jul/2023:17:00:38] UPDATING PRODUCTS (JobID: 30905c2a-2cee-4628-8135-33a76bc50924)
 - New and modified: 0

[20/Jul/2023:17:00:40] UPDATING PREPAGATI (JobID: 9883fece-6462-4b64-af68-21c281caf2d4)
 - New and modified: 0

[20/Jul/2023:17:00:40] DELETING PREPAGATI (JobID: 9883fece-6462-4b64-af68-21c281caf2d4)
 - Deleted: 0

[20/Jul/2023:17:30:04] UPDATING ACCOUNTS (JobID: 3fc8f653-c6f8-445c-8d1d-6e79606119bf)
 - New and modified: 0

[20/Jul/2023:17:30:04] DELETING ACCOUNTS (JobID: 3fc8f653-c6f8-445c-8d1d-6e79606119bf)
 - Deleted: 0

[20/Jul/2023:17:30:35] UPDATING PRODUCTS (JobID: 26fb6a97-e9d1-4822-be84-16d64231bf98)
 - New and modified: 0

[20/Jul/2023:17:30:37] UPDATING PREPAGATI (JobID: ecfff617-a8d7-4938-b47f-7e1ff18288b5)
 - New and modified: 0

[20/Jul/2023:17:30:37] DELETING PREPAGATI (JobID: ecfff617-a8d7-4938-b47f-7e1ff18288b5)
 - Deleted: 0

[20/Jul/2023:18:00:15] UPDATING ACCOUNTS (JobID: 236d8bd1-e6af-4ac8-9ac8-2e8172be412e)
 - New and modified: 0

[20/Jul/2023:18:00:15] DELETING ACCOUNTS (JobID: 236d8bd1-e6af-4ac8-9ac8-2e8172be412e)
 - Deleted: 0

[20/Jul/2023:18:00:50] UPDATING PRODUCTS (JobID: 1f13ea9a-bce8-41d6-8fa9-997b6f258a66)
 - New and modified: 0

[20/Jul/2023:18:00:54] UPDATING PREPAGATI (JobID: 36660e7b-9cfb-4d50-8a52-81b5f10c3707)
 - New and modified: 0

[20/Jul/2023:18:00:54] DELETING PREPAGATI (JobID: 36660e7b-9cfb-4d50-8a52-81b5f10c3707)
 - Deleted: 0

[20/Jul/2023:18:30:09] UPDATING ACCOUNTS (JobID: 94cdf2c5-56f5-4292-81f5-fcccf21d74d0)
 - New and modified: 0

[20/Jul/2023:18:30:09] DELETING ACCOUNTS (JobID: 94cdf2c5-56f5-4292-81f5-fcccf21d74d0)
 - Deleted: 0

[20/Jul/2023:18:30:42] UPDATING PRODUCTS (JobID: bf578c3e-400b-4058-a687-f246ab07c632)
 - New and modified: 0

[20/Jul/2023:18:30:45] UPDATING PREPAGATI (JobID: 285e65c1-4dd9-45a2-8e8e-e2c974fb9152)
 - New and modified: 0

[20/Jul/2023:18:30:45] DELETING PREPAGATI (JobID: 285e65c1-4dd9-45a2-8e8e-e2c974fb9152)
 - Deleted: 0

[20/Jul/2023:19:00:19] UPDATING ACCOUNTS (JobID: 2e0cb4f0-c8fc-490d-b880-09b9fe1143ad)
 - New and modified: 0

[20/Jul/2023:19:00:19] DELETING ACCOUNTS (JobID: 2e0cb4f0-c8fc-490d-b880-09b9fe1143ad)
 - Deleted: 0

[20/Jul/2023:19:00:52] UPDATING PRODUCTS (JobID: 2fa9e7d5-f61a-46a1-ad14-028428427f96)
 - New and modified: 0

[20/Jul/2023:19:00:54] UPDATING PREPAGATI (JobID: 2937c8eb-e3a2-459d-9825-dde913d7be37)
 - New and modified: 0

[20/Jul/2023:19:00:54] DELETING PREPAGATI (JobID: 2937c8eb-e3a2-459d-9825-dde913d7be37)
 - Deleted: 0

[20/Jul/2023:19:30:08] UPDATING ACCOUNTS (JobID: 09ae52af-7679-4e8c-ac67-962f743c2d0d)
 - New and modified: 0

[20/Jul/2023:19:30:09] DELETING ACCOUNTS (JobID: 09ae52af-7679-4e8c-ac67-962f743c2d0d)
 - Deleted: 0

[20/Jul/2023:19:30:39] UPDATING PRODUCTS (JobID: 78a27ed1-4a8a-434c-aefd-2bb4235baa9e)
 - New and modified: 0

[20/Jul/2023:19:30:42] UPDATING PREPAGATI (JobID: 414890d5-e63b-4a83-b1e0-95b295c787ad)
 - New and modified: 0

[20/Jul/2023:19:30:42] DELETING PREPAGATI (JobID: 414890d5-e63b-4a83-b1e0-95b295c787ad)
 - Deleted: 0

[20/Jul/2023:20:00:10] UPDATING ACCOUNTS (JobID: 271f5533-9be3-4b52-b8e6-1328f24514bb)
 - New and modified: 0

[20/Jul/2023:20:00:10] DELETING ACCOUNTS (JobID: 271f5533-9be3-4b52-b8e6-1328f24514bb)
 - Deleted: 0

[20/Jul/2023:20:00:45] UPDATING PRODUCTS (JobID: 505e05d3-5a9f-4fdf-9eaf-70ccf2027ee6)
 - New and modified: 0

[20/Jul/2023:20:00:48] UPDATING PREPAGATI (JobID: 5d238b9e-c7d0-4d39-8a36-5d77aa7df9c7)
 - New and modified: 0

[20/Jul/2023:20:00:48] DELETING PREPAGATI (JobID: 5d238b9e-c7d0-4d39-8a36-5d77aa7df9c7)
 - Deleted: 0

[20/Jul/2023:21:30:07] UPDATING ACCOUNTS (JobID: c35b15c2-b379-4635-847e-9472feb565ba)
 - New and modified: 0

[20/Jul/2023:21:30:07] DELETING ACCOUNTS (JobID: c35b15c2-b379-4635-847e-9472feb565ba)
 - Deleted: 0

[20/Jul/2023:21:30:41] UPDATING PRODUCTS (JobID: 4be8fc7b-ea22-47bd-b62f-868c102a473a)
 - New and modified: 0

[20/Jul/2023:21:30:44] UPDATING PREPAGATI (JobID: 21a361ec-83ae-447e-9df8-9a04f1767201)
 - New and modified: 0

[20/Jul/2023:21:30:44] DELETING PREPAGATI (JobID: 21a361ec-83ae-447e-9df8-9a04f1767201)
 - Deleted: 0

[20/Jul/2023:22:00:09] UPDATING ACCOUNTS (JobID: d89b7533-69d2-4939-9d5e-aabca4a65229)
 - New and modified: 0

[20/Jul/2023:22:00:09] DELETING ACCOUNTS (JobID: d89b7533-69d2-4939-9d5e-aabca4a65229)
 - Deleted: 0

[20/Jul/2023:22:00:42] UPDATING PRODUCTS (JobID: 538b393e-88cd-49d3-abb0-33d754f46732)
 - New and modified: 0

[20/Jul/2023:22:00:45] UPDATING PREPAGATI (JobID: 0d210f77-7e13-477b-a0ff-a9baf4ad4a0c)
 - New and modified: 0

[20/Jul/2023:22:00:45] DELETING PREPAGATI (JobID: 0d210f77-7e13-477b-a0ff-a9baf4ad4a0c)
 - Deleted: 0

[20/Jul/2023:22:30:04] UPDATING ACCOUNTS (JobID: 6b6e1a65-616a-4eab-9f7b-5761be7d4249)
 - New and modified: 0

[20/Jul/2023:22:30:04] DELETING ACCOUNTS (JobID: 6b6e1a65-616a-4eab-9f7b-5761be7d4249)
 - Deleted: 0

[20/Jul/2023:22:30:37] UPDATING PRODUCTS (JobID: 09cc0807-fc24-41cf-9da2-6cbf4a598464)
 - New and modified: 0

[20/Jul/2023:22:30:39] UPDATING PREPAGATI (JobID: 0bb8db07-59bf-481d-bf37-e178d05f67e5)
 - New and modified: 0

[20/Jul/2023:22:30:39] DELETING PREPAGATI (JobID: 0bb8db07-59bf-481d-bf37-e178d05f67e5)
 - Deleted: 0

[20/Jul/2023:23:00:04] UPDATING ACCOUNTS (JobID: ee3876f1-ee27-47e8-a33a-600c4eacab74)
 - New and modified: 0

[20/Jul/2023:23:00:04] DELETING ACCOUNTS (JobID: ee3876f1-ee27-47e8-a33a-600c4eacab74)
 - Deleted: 0

[20/Jul/2023:23:00:35] UPDATING PRODUCTS (JobID: 6548c1b2-57f8-4289-af14-9c7059d11deb)
 - New and modified: 0

[20/Jul/2023:23:00:37] UPDATING PREPAGATI (JobID: e2b7184f-a6ab-48cf-80a8-0dea670a9747)
 - New and modified: 0

[20/Jul/2023:23:00:37] DELETING PREPAGATI (JobID: e2b7184f-a6ab-48cf-80a8-0dea670a9747)
 - Deleted: 0

[20/Jul/2023:23:30:08] UPDATING ACCOUNTS (JobID: f088fc77-00be-4400-bd26-6d9e1d725523)
 - New and modified: 0

[20/Jul/2023:23:30:08] DELETING ACCOUNTS (JobID: f088fc77-00be-4400-bd26-6d9e1d725523)
 - Deleted: 0

[20/Jul/2023:23:30:39] UPDATING PRODUCTS (JobID: e5681a85-e8d2-4d6c-b59b-4019844c341f)
 - New and modified: 0

[20/Jul/2023:23:30:41] UPDATING PREPAGATI (JobID: ad932bab-918a-48e0-b617-49aa11b5b16c)
 - New and modified: 0

[20/Jul/2023:23:30:41] DELETING PREPAGATI (JobID: ad932bab-918a-48e0-b617-49aa11b5b16c)
 - Deleted: 0

