[30/Sep/2023:00:00:09] UPDATING ACCOUNTS (JobID: 1f273b40-7603-4ef0-bfed-78b6772e1981)
 - New and modified: 0

[30/Sep/2023:00:00:09] DELETING ACCOUNTS (JobID: 1f273b40-7603-4ef0-bfed-78b6772e1981)
 - Deleted: 0

[30/Sep/2023:00:00:42] UPDATING PRODUCTS (JobID: c4a9e4fe-2a33-4508-9078-4cfe3ef96c0f)
 - New and modified: 0

[30/Sep/2023:00:00:45] UPDATING PREPAGATI (JobID: c3d75882-6137-4090-a7dd-f768868422fc)
 - New and modified: 0

[30/Sep/2023:00:00:45] DELETING PREPAGATI (JobID: c3d75882-6137-4090-a7dd-f768868422fc)
 - Deleted: 0

[30/Sep/2023:00:30:03] UPDATING ACCOUNTS (JobID: f35faf0f-e542-4021-810e-7c994b39e807)
 - New and modified: 0

[30/Sep/2023:00:30:03] DELETING ACCOUNTS (JobID: f35faf0f-e542-4021-810e-7c994b39e807)
 - Deleted: 0

[30/Sep/2023:00:30:36] UPDATING PRODUCTS (JobID: bf832c5a-2490-43f9-9d3c-e84fb3177645)
 - New and modified: 0

[30/Sep/2023:00:30:38] UPDATING PREPAGATI (JobID: e95fecbf-2e04-48d9-aac7-6452f6b9c1b0)
 - New and modified: 0

[30/Sep/2023:00:30:38] DELETING PREPAGATI (JobID: e95fecbf-2e04-48d9-aac7-6452f6b9c1b0)
 - Deleted: 0

[30/Sep/2023:01:00:04] UPDATING ACCOUNTS (JobID: 8aaccc5b-ead0-4768-9049-e57cd5002ee8)
 - New and modified: 0

[30/Sep/2023:01:00:04] DELETING ACCOUNTS (JobID: 8aaccc5b-ead0-4768-9049-e57cd5002ee8)
 - Deleted: 0

[30/Sep/2023:01:00:36] UPDATING PRODUCTS (JobID: dcf8d264-cfae-458d-8513-5729b37768f5)
 - New and modified: 0

[30/Sep/2023:01:00:38] UPDATING PREPAGATI (JobID: bc5bda61-4458-48a0-be7e-b26090572ecb)
 - New and modified: 0

[30/Sep/2023:01:00:38] DELETING PREPAGATI (JobID: bc5bda61-4458-48a0-be7e-b26090572ecb)
 - Deleted: 0

[30/Sep/2023:01:30:09] UPDATING ACCOUNTS (JobID: 5a876b0c-7326-4576-abf3-f99cb38ce5e6)
 - New and modified: 0

[30/Sep/2023:01:30:09] DELETING ACCOUNTS (JobID: 5a876b0c-7326-4576-abf3-f99cb38ce5e6)
 - Deleted: 0

[30/Sep/2023:01:30:41] UPDATING PRODUCTS (JobID: 17e98c57-a6ba-4671-9e49-b4e15dc7a55e)
 - New and modified: 0

[30/Sep/2023:01:30:44] UPDATING PREPAGATI (JobID: 72fa4c33-5b46-4990-a220-95cfc5241c68)
 - New and modified: 0

[30/Sep/2023:01:30:44] DELETING PREPAGATI (JobID: 72fa4c33-5b46-4990-a220-95cfc5241c68)
 - Deleted: 0

[30/Sep/2023:03:00:09] UPDATING ACCOUNTS (JobID: 28881af6-a420-470b-8053-ddbc514e2a2a)
 - New and modified: 0

[30/Sep/2023:03:00:09] DELETING ACCOUNTS (JobID: 28881af6-a420-470b-8053-ddbc514e2a2a)
 - Deleted: 0

[30/Sep/2023:03:00:43] UPDATING PRODUCTS (JobID: c11d9189-cd6f-4765-bf5a-9a76ad0c7908)
 - New and modified: 0

[30/Sep/2023:03:00:47] UPDATING PREPAGATI (JobID: 28692b9b-863c-4127-8085-4fa4b1fe6bc5)
 - New and modified: 0

[30/Sep/2023:03:00:47] DELETING PREPAGATI (JobID: 28692b9b-863c-4127-8085-4fa4b1fe6bc5)
 - Deleted: 0

[30/Sep/2023:03:30:09] UPDATING ACCOUNTS (JobID: 54b6a490-62c3-450d-a5a8-7f6351386ca1)
 - New and modified: 0

[30/Sep/2023:03:30:09] DELETING ACCOUNTS (JobID: 54b6a490-62c3-450d-a5a8-7f6351386ca1)
 - Deleted: 0

[30/Sep/2023:03:30:42] UPDATING PRODUCTS (JobID: 13413592-5a18-48f6-9600-4acdd4dd106e)
 - New and modified: 0

[30/Sep/2023:03:30:46] UPDATING PREPAGATI (JobID: 39e9bafd-e06e-4b56-a02a-be7c6fc5d820)
 - New and modified: 0

[30/Sep/2023:03:30:46] DELETING PREPAGATI (JobID: 39e9bafd-e06e-4b56-a02a-be7c6fc5d820)
 - Deleted: 0

[30/Sep/2023:05:00:07] UPDATING ACCOUNTS (JobID: 1ed17eb2-3499-4afd-9e09-9b6e203af9c9)
 - New and modified: 0

[30/Sep/2023:05:00:07] DELETING ACCOUNTS (JobID: 1ed17eb2-3499-4afd-9e09-9b6e203af9c9)
 - Deleted: 0

[30/Sep/2023:05:00:39] UPDATING PRODUCTS (JobID: 424eefed-c92a-4e8a-8344-e8fd9702a346)
 - New and modified: 0

[30/Sep/2023:05:00:43] UPDATING PREPAGATI (JobID: af08f728-4628-42e3-b811-41cf59828725)
 - New and modified: 0

[30/Sep/2023:05:00:43] DELETING PREPAGATI (JobID: af08f728-4628-42e3-b811-41cf59828725)
 - Deleted: 0

[30/Sep/2023:05:30:07] UPDATING ACCOUNTS (JobID: b0162fb1-24d2-40eb-b43f-5fcc85dc8650)
 - New and modified: 0

[30/Sep/2023:05:30:07] DELETING ACCOUNTS (JobID: b0162fb1-24d2-40eb-b43f-5fcc85dc8650)
 - Deleted: 0

[30/Sep/2023:05:30:39] UPDATING PRODUCTS (JobID: dd03af0d-4781-43cb-b7c0-9299a3258a80)
 - New and modified: 0

[30/Sep/2023:05:30:43] UPDATING PREPAGATI (JobID: 7e8ad2bf-6564-48ca-b523-1a77ee60a045)
 - New and modified: 0

[30/Sep/2023:05:30:43] DELETING PREPAGATI (JobID: 7e8ad2bf-6564-48ca-b523-1a77ee60a045)
 - Deleted: 0

[30/Sep/2023:06:00:09] UPDATING ACCOUNTS (JobID: 16275ee3-ce5d-4d5c-9f8b-93e15b788420)
 - New and modified: 0

[30/Sep/2023:06:00:09] DELETING ACCOUNTS (JobID: 16275ee3-ce5d-4d5c-9f8b-93e15b788420)
 - Deleted: 0

[30/Sep/2023:06:00:39] UPDATING PRODUCTS (JobID: a42c46b1-2840-4763-a05f-8071c0aafcf2)
 - New and modified: 0

[30/Sep/2023:06:00:42] UPDATING PREPAGATI (JobID: 6de13234-2c52-470e-960f-31aa71bf40c4)
 - New and modified: 0

[30/Sep/2023:06:00:42] DELETING PREPAGATI (JobID: 6de13234-2c52-470e-960f-31aa71bf40c4)
 - Deleted: 0

[30/Sep/2023:07:00:08] UPDATING ACCOUNTS (JobID: 8977fb3a-c1f0-4be6-909c-01071506ee09)
 - New and modified: 0

[30/Sep/2023:07:00:08] DELETING ACCOUNTS (JobID: 8977fb3a-c1f0-4be6-909c-01071506ee09)
 - Deleted: 0

[30/Sep/2023:07:00:41] UPDATING PRODUCTS (JobID: a69fcaa4-5e8a-4736-bae8-ce69c6a96b2c)
 - New and modified: 0

[30/Sep/2023:07:00:45] UPDATING PREPAGATI (JobID: 74c2efb4-c39c-4cc8-8a2e-4cf3935cef5f)
 - New and modified: 0

[30/Sep/2023:07:00:45] DELETING PREPAGATI (JobID: 74c2efb4-c39c-4cc8-8a2e-4cf3935cef5f)
 - Deleted: 0

[30/Sep/2023:07:30:04] UPDATING ACCOUNTS (JobID: d5ded434-34cc-4c44-b2e3-b3a6446ee8d9)
 - New and modified: 0

[30/Sep/2023:07:30:04] DELETING ACCOUNTS (JobID: d5ded434-34cc-4c44-b2e3-b3a6446ee8d9)
 - Deleted: 0

[30/Sep/2023:07:30:38] UPDATING PRODUCTS (JobID: a533eccc-6c22-4bcd-9877-32b356cf562d)
 - New and modified: 0

[30/Sep/2023:07:30:39] UPDATING PREPAGATI (JobID: 463d57be-83e7-4652-ab58-077fd173ba1f)
 - New and modified: 0

[30/Sep/2023:07:30:39] DELETING PREPAGATI (JobID: 463d57be-83e7-4652-ab58-077fd173ba1f)
 - Deleted: 0

[30/Sep/2023:08:30:09] UPDATING ACCOUNTS (JobID: 6f72942f-5324-45ad-9745-a188c7c3b44c)
 - New and modified: 0

[30/Sep/2023:08:30:09] DELETING ACCOUNTS (JobID: 6f72942f-5324-45ad-9745-a188c7c3b44c)
 - Deleted: 0

[30/Sep/2023:08:30:41] UPDATING PRODUCTS (JobID: 3cff9d2c-8fcb-438e-8513-dfee07696d48)
 - New and modified: 0

[30/Sep/2023:08:30:44] UPDATING PREPAGATI (JobID: d6e7c590-0582-4ab6-99c9-f20676ff9705)
 - New and modified: 0

[30/Sep/2023:08:30:44] DELETING PREPAGATI (JobID: d6e7c590-0582-4ab6-99c9-f20676ff9705)
 - Deleted: 0

[30/Sep/2023:10:30:09] UPDATING ACCOUNTS (JobID: 2f74da6b-e48c-4020-ade8-fd9422261f73)
 - New and modified: 0

[30/Sep/2023:10:30:09] DELETING ACCOUNTS (JobID: 2f74da6b-e48c-4020-ade8-fd9422261f73)
 - Deleted: 0

[30/Sep/2023:10:30:43] UPDATING PRODUCTS (JobID: d040e980-773f-4687-ab58-7a9da6a01c0a)
 - New and modified: 0

[30/Sep/2023:10:30:46] UPDATING PREPAGATI (JobID: 1ab90e7e-af78-4dc9-a013-4c0f519f0518)
 - New and modified: 0

[30/Sep/2023:10:30:46] DELETING PREPAGATI (JobID: 1ab90e7e-af78-4dc9-a013-4c0f519f0518)
 - Deleted: 0

[30/Sep/2023:11:00:04] UPDATING ACCOUNTS (JobID: 28e889a6-8046-441f-8f0d-e792cd968939)
 - New and modified: 0

[30/Sep/2023:11:00:04] DELETING ACCOUNTS (JobID: 28e889a6-8046-441f-8f0d-e792cd968939)
 - Deleted: 0

[30/Sep/2023:11:00:36] UPDATING PRODUCTS (JobID: af0744a9-0904-433e-ba64-a70274821c60)
 - New and modified: 0

[30/Sep/2023:11:00:38] UPDATING PREPAGATI (JobID: 5c770ddd-3855-439d-b2b6-9508860d9e91)
 - New and modified: 0

[30/Sep/2023:11:00:38] DELETING PREPAGATI (JobID: 5c770ddd-3855-439d-b2b6-9508860d9e91)
 - Deleted: 0

[30/Sep/2023:12:30:08] UPDATING ACCOUNTS (JobID: 54d0e496-2216-446a-b1f7-e4f9807f78c3)
 - New and modified: 0

[30/Sep/2023:12:30:08] DELETING ACCOUNTS (JobID: 54d0e496-2216-446a-b1f7-e4f9807f78c3)
 - Deleted: 0

[30/Sep/2023:12:30:40] UPDATING PRODUCTS (JobID: ac8288ef-d49c-4466-9e61-cfa8ca58d3a0)
 - New and modified: 0

[30/Sep/2023:12:30:43] UPDATING PREPAGATI (JobID: 74a4050b-1e8c-45b0-94fa-05b2a808bce9)
 - New and modified: 0

[30/Sep/2023:12:30:43] DELETING PREPAGATI (JobID: 74a4050b-1e8c-45b0-94fa-05b2a808bce9)
 - Deleted: 0

[30/Sep/2023:15:30:08] UPDATING ACCOUNTS (JobID: 7696689a-5445-4e05-a7d2-61426a8fe2a9)
 - New and modified: 0

[30/Sep/2023:15:30:08] DELETING ACCOUNTS (JobID: 7696689a-5445-4e05-a7d2-61426a8fe2a9)
 - Deleted: 0

[30/Sep/2023:15:30:42] UPDATING PRODUCTS (JobID: f7875e36-aeb4-4357-8518-839ac04df86d)
 - New and modified: 0

[30/Sep/2023:15:30:45] UPDATING PREPAGATI (JobID: e3f91297-da40-4735-a930-f293b390a585)
 - New and modified: 0

[30/Sep/2023:15:30:45] DELETING PREPAGATI (JobID: e3f91297-da40-4735-a930-f293b390a585)
 - Deleted: 0

[30/Sep/2023:18:00:09] UPDATING ACCOUNTS (JobID: e3face6b-88f1-4852-a9f7-67fa48c53198)
 - New and modified: 0

[30/Sep/2023:18:00:09] DELETING ACCOUNTS (JobID: e3face6b-88f1-4852-a9f7-67fa48c53198)
 - Deleted: 0

[30/Sep/2023:18:00:45] UPDATING PRODUCTS (JobID: 897277e2-aa3d-4939-8b34-f77a4b761b05)
 - New and modified: 0

[30/Sep/2023:18:00:49] UPDATING PREPAGATI (JobID: dc5549c3-b928-4d4d-a5f9-892b04ac4da1)
 - New and modified: 0

[30/Sep/2023:18:00:49] DELETING PREPAGATI (JobID: dc5549c3-b928-4d4d-a5f9-892b04ac4da1)
 - Deleted: 0

[30/Sep/2023:18:30:07] UPDATING ACCOUNTS (JobID: e4e909b6-e028-4371-a433-865d534a49c4)
 - New and modified: 0

[30/Sep/2023:18:30:07] DELETING ACCOUNTS (JobID: e4e909b6-e028-4371-a433-865d534a49c4)
 - Deleted: 0

[30/Sep/2023:18:30:41] UPDATING PRODUCTS (JobID: 48a79382-6a2d-4def-b1c4-e42cb64db4a5)
 - New and modified: 0

[30/Sep/2023:18:30:44] UPDATING PREPAGATI (JobID: f252a194-9e42-49da-880b-a3af9def089d)
 - New and modified: 0

[30/Sep/2023:18:30:44] DELETING PREPAGATI (JobID: f252a194-9e42-49da-880b-a3af9def089d)
 - Deleted: 0

[30/Sep/2023:23:00:09] UPDATING ACCOUNTS (JobID: 35c7cf03-bd9a-428e-b80e-627c7d2dde9a)
 - New and modified: 0

[30/Sep/2023:23:00:09] DELETING ACCOUNTS (JobID: 35c7cf03-bd9a-428e-b80e-627c7d2dde9a)
 - Deleted: 0

[30/Sep/2023:23:00:43] UPDATING PRODUCTS (JobID: 46d02b6b-c7f0-4f2e-b1ca-9f8013d59684)
 - New and modified: 0

[30/Sep/2023:23:00:46] UPDATING PREPAGATI (JobID: 0ea4ea7a-7766-4c27-8c7c-b5324d712f75)
 - New and modified: 0

[30/Sep/2023:23:00:46] DELETING PREPAGATI (JobID: 0ea4ea7a-7766-4c27-8c7c-b5324d712f75)
 - Deleted: 0

