[26/Jun/2023:00:00:03] UPDATING ACCOUNTS (JobID: aabfa49d-2084-4086-a583-9872faeaddd6)
 - New and modified: 0

[26/Jun/2023:00:00:03] DELETING ACCOUNTS (JobID: aabfa49d-2084-4086-a583-9872faeaddd6)
 - Deleted: 0

[26/Jun/2023:00:00:35] UPDATING PRODUCTS (JobID: e9637446-ad27-4929-b364-0ae41f8033cc)
 - New and modified: 0

[26/Jun/2023:00:00:37] UPDATING PREPAGATI (JobID: 8384afbf-d7ee-41ee-8e91-da90c26f1d28)
 - New and modified: 0

[26/Jun/2023:00:00:37] DELETING PREPAGATI (JobID: 8384afbf-d7ee-41ee-8e91-da90c26f1d28)
 - Deleted: 0

[26/Jun/2023:00:50:04] UPDATING ACCOUNTS (JobID: c31e1225-c933-45f3-bdc1-defd6acd2424)
 - New and modified: 0

[26/Jun/2023:00:50:04] DELETING ACCOUNTS (JobID: c31e1225-c933-45f3-bdc1-defd6acd2424)
 - Deleted: 0

[26/Jun/2023:00:50:35] UPDATING PRODUCTS (JobID: f65446b4-9c7f-42a4-9672-925fdb635831)
 - New and modified: 0

[26/Jun/2023:00:50:36] UPDATING PREPAGATI (JobID: 8f5a2647-007b-4d0e-a62d-fcfe33b01b6d)
 - New and modified: 0

[26/Jun/2023:00:50:36] DELETING PREPAGATI (JobID: 8f5a2647-007b-4d0e-a62d-fcfe33b01b6d)
 - Deleted: 0

[26/Jun/2023:01:20:04] UPDATING ACCOUNTS (JobID: 4034fd34-9d86-4018-b077-595ce7a4fb77)
 - New and modified: 0

[26/Jun/2023:01:20:04] DELETING ACCOUNTS (JobID: 4034fd34-9d86-4018-b077-595ce7a4fb77)
 - Deleted: 0

[26/Jun/2023:01:20:38] UPDATING PRODUCTS (JobID: 4a999728-7c16-4bf2-810f-4ff72b2dab3b)
 - New and modified: 0

[26/Jun/2023:01:20:40] UPDATING PREPAGATI (JobID: b37c2449-65df-45fe-8d7f-c4821b37e5d7)
 - New and modified: 0

[26/Jun/2023:01:20:40] DELETING PREPAGATI (JobID: b37c2449-65df-45fe-8d7f-c4821b37e5d7)
 - Deleted: 0

[26/Jun/2023:02:00:04] UPDATING ACCOUNTS (JobID: 7571784f-9611-4d41-a1c1-c946fa2c6174)
 - New and modified: 0

[26/Jun/2023:02:00:04] DELETING ACCOUNTS (JobID: 7571784f-9611-4d41-a1c1-c946fa2c6174)
 - Deleted: 0

[26/Jun/2023:02:00:37] UPDATING PRODUCTS (JobID: 4cafac1f-4a40-4246-b30e-94192c1c4a10)
 - New and modified: 0

[26/Jun/2023:02:00:39] UPDATING PREPAGATI (JobID: 53f9ad47-ce25-41f6-b57d-429690b70b73)
 - New and modified: 0

[26/Jun/2023:02:00:39] DELETING PREPAGATI (JobID: 53f9ad47-ce25-41f6-b57d-429690b70b73)
 - Deleted: 0

[26/Jun/2023:02:50:04] UPDATING ACCOUNTS (JobID: 5a6055de-03f4-4ed6-9570-131b2dede226)
 - New and modified: 0

[26/Jun/2023:02:50:04] DELETING ACCOUNTS (JobID: 5a6055de-03f4-4ed6-9570-131b2dede226)
 - Deleted: 0

[26/Jun/2023:02:50:36] UPDATING PRODUCTS (JobID: c0827882-0242-4928-ba75-39f5799a23e8)
 - New and modified: 0

[26/Jun/2023:02:50:37] UPDATING PREPAGATI (JobID: 98edf020-e414-499f-b19a-e5ea725b81d5)
 - New and modified: 0

[26/Jun/2023:02:50:37] DELETING PREPAGATI (JobID: 98edf020-e414-499f-b19a-e5ea725b81d5)
 - Deleted: 0

[26/Jun/2023:03:30:05] UPDATING ACCOUNTS (JobID: fbe97f51-072e-417e-a148-d858de61c2fa)
 - New and modified: 0

[26/Jun/2023:03:30:05] DELETING ACCOUNTS (JobID: fbe97f51-072e-417e-a148-d858de61c2fa)
 - Deleted: 0

[26/Jun/2023:03:30:41] UPDATING PRODUCTS (JobID: 480cda14-f0fa-460c-8255-4d1cd953cf53)
 - New and modified: 0

[26/Jun/2023:03:30:43] UPDATING PREPAGATI (JobID: 3cd534e8-34aa-4bf5-a8bc-3def644df08d)
 - New and modified: 0

[26/Jun/2023:03:30:43] DELETING PREPAGATI (JobID: 3cd534e8-34aa-4bf5-a8bc-3def644df08d)
 - Deleted: 0

[26/Jun/2023:03:40:05] UPDATING ACCOUNTS (JobID: d5249731-f24c-4867-befb-7eaf420fb5db)
 - New and modified: 0

[26/Jun/2023:03:40:05] DELETING ACCOUNTS (JobID: d5249731-f24c-4867-befb-7eaf420fb5db)
 - Deleted: 0

[26/Jun/2023:03:40:41] UPDATING PRODUCTS (JobID: 43c8ecbf-dca2-47e5-9542-e83124b33cf3)
 - New and modified: 0

[26/Jun/2023:03:40:43] UPDATING PREPAGATI (JobID: 1a6d9dc3-cbd2-46a6-b12a-fe9d01e8adfd)
 - New and modified: 0

[26/Jun/2023:03:40:43] DELETING PREPAGATI (JobID: 1a6d9dc3-cbd2-46a6-b12a-fe9d01e8adfd)
 - Deleted: 0

[26/Jun/2023:04:30:04] UPDATING ACCOUNTS (JobID: f5506639-1575-4648-abc7-9f42ab76d9c0)
 - New and modified: 0

[26/Jun/2023:04:30:04] DELETING ACCOUNTS (JobID: f5506639-1575-4648-abc7-9f42ab76d9c0)
 - Deleted: 0

[26/Jun/2023:04:30:37] UPDATING PRODUCTS (JobID: 6045ee4f-7455-40fe-a78c-42eafa6162ac)
 - New and modified: 0

[26/Jun/2023:04:30:39] UPDATING PREPAGATI (JobID: 90b071bf-c146-42c0-8bdb-a139c294a2e6)
 - New and modified: 0

[26/Jun/2023:04:30:39] DELETING PREPAGATI (JobID: 90b071bf-c146-42c0-8bdb-a139c294a2e6)
 - Deleted: 0

[26/Jun/2023:04:40:04] UPDATING ACCOUNTS (JobID: 16a6d407-6393-4ff0-a0b5-c98af8ff6ff8)
 - New and modified: 0

[26/Jun/2023:04:40:04] DELETING ACCOUNTS (JobID: 16a6d407-6393-4ff0-a0b5-c98af8ff6ff8)
 - Deleted: 0

[26/Jun/2023:04:40:37] UPDATING PRODUCTS (JobID: 385dec1c-1eb0-431f-874b-e7fc57b55882)
 - New and modified: 0

[26/Jun/2023:04:40:39] UPDATING PREPAGATI (JobID: 72ef78d4-f811-4a98-8e95-266e089bcb26)
 - New and modified: 0

[26/Jun/2023:04:40:39] DELETING PREPAGATI (JobID: 72ef78d4-f811-4a98-8e95-266e089bcb26)
 - Deleted: 0

[26/Jun/2023:05:10:04] UPDATING ACCOUNTS (JobID: a8c716a8-623a-4bdd-a722-005807a2ce3d)
 - New and modified: 0

[26/Jun/2023:05:10:04] DELETING ACCOUNTS (JobID: a8c716a8-623a-4bdd-a722-005807a2ce3d)
 - Deleted: 0

[26/Jun/2023:05:10:35] UPDATING PRODUCTS (JobID: 1f782330-0740-4b30-aa01-d9ce3f8cdd68)
 - New and modified: 0

[26/Jun/2023:05:10:37] UPDATING PREPAGATI (JobID: c8719871-ce0b-4e67-b47b-65db0982ae49)
 - New and modified: 0

[26/Jun/2023:05:10:37] DELETING PREPAGATI (JobID: c8719871-ce0b-4e67-b47b-65db0982ae49)
 - Deleted: 0

[26/Jun/2023:05:40:04] UPDATING ACCOUNTS (JobID: 002153f4-f9a5-405e-83d1-f58a83c80876)
 - New and modified: 0

[26/Jun/2023:05:40:04] DELETING ACCOUNTS (JobID: 002153f4-f9a5-405e-83d1-f58a83c80876)
 - Deleted: 0

[26/Jun/2023:05:40:35] UPDATING PRODUCTS (JobID: 67f5a177-e0f5-4d82-a6a0-2385694e627d)
 - New and modified: 0

[26/Jun/2023:05:40:37] UPDATING PREPAGATI (JobID: caab6526-5506-4b29-8612-063a2ad6b8e9)
 - New and modified: 0

[26/Jun/2023:05:40:37] DELETING PREPAGATI (JobID: caab6526-5506-4b29-8612-063a2ad6b8e9)
 - Deleted: 0

[26/Jun/2023:05:50:04] UPDATING ACCOUNTS (JobID: 47d8a94a-ae70-47ae-8a75-956f9b02c0a9)
 - New and modified: 0

[26/Jun/2023:05:50:04] DELETING ACCOUNTS (JobID: 47d8a94a-ae70-47ae-8a75-956f9b02c0a9)
 - Deleted: 0

[26/Jun/2023:05:50:34] UPDATING PRODUCTS (JobID: a0975883-4b47-4557-90e0-0e8383159558)
 - New and modified: 0

[26/Jun/2023:05:50:36] UPDATING PREPAGATI (JobID: c54edcd0-4372-45ca-8d60-19917d2f21ec)
 - New and modified: 0

[26/Jun/2023:05:50:36] DELETING PREPAGATI (JobID: c54edcd0-4372-45ca-8d60-19917d2f21ec)
 - Deleted: 0

[26/Jun/2023:06:50:04] UPDATING ACCOUNTS (JobID: 3070bdae-f227-432d-a072-bd7c683e732f)
 - New and modified: 0

[26/Jun/2023:06:50:04] DELETING ACCOUNTS (JobID: 3070bdae-f227-432d-a072-bd7c683e732f)
 - Deleted: 0

[26/Jun/2023:06:50:37] UPDATING PRODUCTS (JobID: 48ddb7bb-23ff-4914-9dd5-1c68ca44e3d2)
 - New and modified: 0

[26/Jun/2023:06:50:39] UPDATING PREPAGATI (JobID: d3185e09-92b3-4047-a97a-5368f31456d6)
 - New and modified: 0

[26/Jun/2023:06:50:39] DELETING PREPAGATI (JobID: d3185e09-92b3-4047-a97a-5368f31456d6)
 - Deleted: 0

[26/Jun/2023:07:50:04] UPDATING ACCOUNTS (JobID: e58a1f8f-4118-4af6-871f-c7eac97619e1)
 - New and modified: 0

[26/Jun/2023:07:50:04] DELETING ACCOUNTS (JobID: e58a1f8f-4118-4af6-871f-c7eac97619e1)
 - Deleted: 0

[26/Jun/2023:07:50:37] UPDATING PRODUCTS (JobID: 4f4ee2bd-c994-4bd7-b864-c87527a0336c)
 - New and modified: 0

[26/Jun/2023:07:50:39] UPDATING PREPAGATI (JobID: 697e42e4-0e9b-4081-afda-9d2fc275c016)
 - New and modified: 0

[26/Jun/2023:07:50:39] DELETING PREPAGATI (JobID: 697e42e4-0e9b-4081-afda-9d2fc275c016)
 - Deleted: 0

[26/Jun/2023:08:20:04] UPDATING ACCOUNTS (JobID: b47578cd-8be0-4482-9033-9f6dbce2f832)
 - New and modified: 0

[26/Jun/2023:08:20:04] DELETING ACCOUNTS (JobID: b47578cd-8be0-4482-9033-9f6dbce2f832)
 - Deleted: 0

[26/Jun/2023:08:20:35] UPDATING PRODUCTS (JobID: df52f015-3696-423d-947b-8513b710369c)
 - New and modified: 0

[26/Jun/2023:08:20:37] UPDATING PREPAGATI (JobID: 57bcf6b4-7f24-4c95-bea4-d46595bc883a)
 - New and modified: 0

[26/Jun/2023:08:20:37] DELETING PREPAGATI (JobID: 57bcf6b4-7f24-4c95-bea4-d46595bc883a)
 - Deleted: 0

[26/Jun/2023:08:30:04] UPDATING ACCOUNTS (JobID: 24ae3b95-3c6a-4da3-8aff-23b10523ce48)
 - New and modified: 0

[26/Jun/2023:08:30:04] DELETING ACCOUNTS (JobID: 24ae3b95-3c6a-4da3-8aff-23b10523ce48)
 - Deleted: 0

[26/Jun/2023:08:30:38] UPDATING PRODUCTS (JobID: 8a734c5a-8b63-4f09-81a3-eadd14ae1f63)
 - New and modified: 0

[26/Jun/2023:08:30:40] UPDATING PREPAGATI (JobID: b94ac850-fe41-4de5-b343-95b4fe783a86)
 - New and modified: 0

[26/Jun/2023:08:30:40] DELETING PREPAGATI (JobID: b94ac850-fe41-4de5-b343-95b4fe783a86)
 - Deleted: 0

[26/Jun/2023:09:00:05] UPDATING ACCOUNTS (JobID: e95875dc-a788-4974-876e-a867e02c2e5f)
 - New and modified: 0

[26/Jun/2023:09:00:05] DELETING ACCOUNTS (JobID: e95875dc-a788-4974-876e-a867e02c2e5f)
 - Deleted: 0

[26/Jun/2023:09:00:39] UPDATING PRODUCTS (JobID: a4556a67-eb57-4a05-9ee0-de20868d9bd5)
 - New and modified: 0

[26/Jun/2023:09:00:41] UPDATING PREPAGATI (JobID: d43ba455-9714-4457-98cb-86646276a867)
 - New and modified: 0

[26/Jun/2023:09:00:41] DELETING PREPAGATI (JobID: d43ba455-9714-4457-98cb-86646276a867)
 - Deleted: 0

[26/Jun/2023:09:10:04] UPDATING ACCOUNTS (JobID: 77b8076f-26c8-4c3f-b994-960a4d3e45b5)
 - New and modified: 0

[26/Jun/2023:09:10:04] DELETING ACCOUNTS (JobID: 77b8076f-26c8-4c3f-b994-960a4d3e45b5)
 - Deleted: 0

[26/Jun/2023:09:10:39] UPDATING PRODUCTS (JobID: 558f4193-27fd-4e9f-80e8-88dfd3ac9e55)
 - New and modified: 0

[26/Jun/2023:09:10:40] UPDATING PREPAGATI (JobID: 2435f440-c9f1-4fc2-a9cc-1622730da755)
 - New and modified: 0

[26/Jun/2023:09:10:40] DELETING PREPAGATI (JobID: 2435f440-c9f1-4fc2-a9cc-1622730da755)
 - Deleted: 0

[26/Jun/2023:09:40:05] UPDATING ACCOUNTS (JobID: 6e90c312-fb6b-4e92-ae25-0157a19418b2)
 - New and modified: 0

[26/Jun/2023:09:40:05] DELETING ACCOUNTS (JobID: 6e90c312-fb6b-4e92-ae25-0157a19418b2)
 - Deleted: 0

[26/Jun/2023:09:40:38] UPDATING PRODUCTS (JobID: 9a9fb449-2d60-4aee-9b4b-f401c5207ac5)
 - New and modified: 0

[26/Jun/2023:09:40:40] UPDATING PREPAGATI (JobID: 1feabc79-546e-4514-a177-c2d47b8dac4c)
 - New and modified: 0

[26/Jun/2023:09:40:40] DELETING PREPAGATI (JobID: 1feabc79-546e-4514-a177-c2d47b8dac4c)
 - Deleted: 0

[26/Jun/2023:10:30:04] UPDATING ACCOUNTS (JobID: e19ac4d0-864e-4ed1-b12e-ffef9afc9bf9)
 - New and modified: 0

[26/Jun/2023:10:30:04] DELETING ACCOUNTS (JobID: e19ac4d0-864e-4ed1-b12e-ffef9afc9bf9)
 - Deleted: 0

[26/Jun/2023:10:30:37] UPDATING PRODUCTS (JobID: d90b6a81-ec8e-49fa-9090-a8ac41caf7fa)
 - New and modified: 0

[26/Jun/2023:10:30:39] UPDATING PREPAGATI (JobID: 654352bd-6d70-4aef-b497-afff88d941b3)
 - New and modified: 0

[26/Jun/2023:10:30:39] DELETING PREPAGATI (JobID: 654352bd-6d70-4aef-b497-afff88d941b3)
 - Deleted: 0

[26/Jun/2023:11:50:04] UPDATING ACCOUNTS (JobID: d3feea54-df11-405b-b513-df41cecae08d)
 - New and modified: 0

[26/Jun/2023:11:50:04] DELETING ACCOUNTS (JobID: d3feea54-df11-405b-b513-df41cecae08d)
 - Deleted: 0

[26/Jun/2023:11:50:35] UPDATING PRODUCTS (JobID: a1ebf879-af5d-4ded-bcb5-6d088305f47f)
 - New and modified: 0

[26/Jun/2023:11:50:36] UPDATING PREPAGATI (JobID: 2c75efbd-8b4d-4f9a-be80-a74b94051e92)
 - New and modified: 0

[26/Jun/2023:11:50:36] DELETING PREPAGATI (JobID: 2c75efbd-8b4d-4f9a-be80-a74b94051e92)
 - Deleted: 0

[26/Jun/2023:12:10:04] UPDATING ACCOUNTS (JobID: 49973df6-b821-47ac-8ca1-2cf32ecadc80)
 - New and modified: 0

[26/Jun/2023:12:10:04] DELETING ACCOUNTS (JobID: 49973df6-b821-47ac-8ca1-2cf32ecadc80)
 - Deleted: 0

[26/Jun/2023:12:10:35] UPDATING PRODUCTS (JobID: 53518c21-94e5-4d46-8c88-705d4eee7f45)
 - New and modified: 0

[26/Jun/2023:12:10:37] UPDATING PREPAGATI (JobID: 4562f387-525a-4c31-862a-36ad11cd1efd)
 - New and modified: 0

[26/Jun/2023:12:10:37] DELETING PREPAGATI (JobID: 4562f387-525a-4c31-862a-36ad11cd1efd)
 - Deleted: 0

[26/Jun/2023:12:40:03] UPDATING ACCOUNTS (JobID: 6ac62d97-a760-49a1-8064-aafa70e8db57)
 - New and modified: 0

[26/Jun/2023:12:40:03] DELETING ACCOUNTS (JobID: 6ac62d97-a760-49a1-8064-aafa70e8db57)
 - Deleted: 0

[26/Jun/2023:12:40:33] UPDATING PRODUCTS (JobID: 11848698-c61b-45aa-aadc-ae47d35dd890)
 - New and modified: 0

[26/Jun/2023:12:40:35] UPDATING PREPAGATI (JobID: 0224372a-1344-432d-a233-5dec9c378572)
 - New and modified: 0

[26/Jun/2023:12:40:35] DELETING PREPAGATI (JobID: 0224372a-1344-432d-a233-5dec9c378572)
 - Deleted: 0

[26/Jun/2023:13:10:04] UPDATING ACCOUNTS (JobID: b56798a9-33ca-490e-a9ba-1b0496ee22db)
 - New and modified: 0

[26/Jun/2023:13:10:04] DELETING ACCOUNTS (JobID: b56798a9-33ca-490e-a9ba-1b0496ee22db)
 - Deleted: 0

[26/Jun/2023:13:10:34] UPDATING PRODUCTS (JobID: 7eaf050c-28bb-4494-98c4-8ac4b54074d2)
 - New and modified: 0

[26/Jun/2023:13:10:36] UPDATING PREPAGATI (JobID: 3eb51b4a-4f22-4358-bf74-926c4034bf0e)
 - New and modified: 0

[26/Jun/2023:13:10:36] DELETING PREPAGATI (JobID: 3eb51b4a-4f22-4358-bf74-926c4034bf0e)
 - Deleted: 0

[26/Jun/2023:13:30:04] UPDATING ACCOUNTS (JobID: e221f5b4-b216-492c-aab2-86bdef9d3aca)
 - New and modified: 0

[26/Jun/2023:13:30:04] DELETING ACCOUNTS (JobID: e221f5b4-b216-492c-aab2-86bdef9d3aca)
 - Deleted: 0

[26/Jun/2023:13:30:33] UPDATING PRODUCTS (JobID: 53d8ac54-164c-4ff4-8acc-f13acae1a5e2)
 - New and modified: 0

[26/Jun/2023:13:30:35] UPDATING PREPAGATI (JobID: 247b7391-de20-4dc0-9199-39b254abeee1)
 - New and modified: 0

[26/Jun/2023:13:30:35] DELETING PREPAGATI (JobID: 247b7391-de20-4dc0-9199-39b254abeee1)
 - Deleted: 0

[26/Jun/2023:14:10:04] UPDATING ACCOUNTS (JobID: 7ef6ff2e-9018-43a7-b6e5-9d2f7a994cfb)
 - New and modified: 0

[26/Jun/2023:14:10:04] DELETING ACCOUNTS (JobID: 7ef6ff2e-9018-43a7-b6e5-9d2f7a994cfb)
 - Deleted: 0

[26/Jun/2023:14:10:34] UPDATING PRODUCTS (JobID: a5c2b6c9-9e82-4e15-ac31-2a9f847d95c8)
 - New and modified: 0

[26/Jun/2023:14:10:36] UPDATING PREPAGATI (JobID: 4429c03a-9fd5-445d-9a75-e017ce40efc2)
 - New and modified: 0

[26/Jun/2023:14:10:36] DELETING PREPAGATI (JobID: 4429c03a-9fd5-445d-9a75-e017ce40efc2)
 - Deleted: 0

[26/Jun/2023:14:20:04] UPDATING ACCOUNTS (JobID: 6dc80420-811b-43d7-828c-9dc53b02e323)
 - New and modified: 0

[26/Jun/2023:14:20:04] DELETING ACCOUNTS (JobID: 6dc80420-811b-43d7-828c-9dc53b02e323)
 - Deleted: 0

[26/Jun/2023:14:20:34] UPDATING PRODUCTS (JobID: 54b2c495-62c4-41c6-92f5-d5095f83854c)
 - New and modified: 0

[26/Jun/2023:14:20:35] UPDATING PREPAGATI (JobID: a4d28b35-32b8-42d0-b692-9ccfc61bb9b5)
 - New and modified: 0

[26/Jun/2023:14:20:35] DELETING PREPAGATI (JobID: a4d28b35-32b8-42d0-b692-9ccfc61bb9b5)
 - Deleted: 0

[26/Jun/2023:14:30:04] UPDATING ACCOUNTS (JobID: 47270433-3ef4-4309-b3c0-f4f051630c3b)
 - New and modified: 0

[26/Jun/2023:14:30:04] DELETING ACCOUNTS (JobID: 47270433-3ef4-4309-b3c0-f4f051630c3b)
 - Deleted: 0

[26/Jun/2023:14:30:34] UPDATING PRODUCTS (JobID: 3e3d1e5a-6c75-4e63-be2f-8bf8011215bf)
 - New and modified: 0

[26/Jun/2023:14:30:36] UPDATING PREPAGATI (JobID: cee0d9cf-6ae1-45ff-89b2-560111705566)
 - New and modified: 0

[26/Jun/2023:14:30:36] DELETING PREPAGATI (JobID: cee0d9cf-6ae1-45ff-89b2-560111705566)
 - Deleted: 0

[26/Jun/2023:15:10:04] UPDATING ACCOUNTS (JobID: 97908d13-3cb5-42d0-9883-9f67a80de86a)
 - New and modified: 0

[26/Jun/2023:15:10:04] DELETING ACCOUNTS (JobID: 97908d13-3cb5-42d0-9883-9f67a80de86a)
 - Deleted: 0

[26/Jun/2023:15:10:34] UPDATING PRODUCTS (JobID: a3883d9e-979b-42cd-ad31-2e1fb4800db4)
 - New and modified: 0

[26/Jun/2023:15:10:36] UPDATING PREPAGATI (JobID: fe0d1017-ab52-471a-902f-113af89c7ff1)
 - New and modified: 0

[26/Jun/2023:15:10:36] DELETING PREPAGATI (JobID: fe0d1017-ab52-471a-902f-113af89c7ff1)
 - Deleted: 0

[26/Jun/2023:16:00:04] UPDATING ACCOUNTS (JobID: 83527394-f2a2-4ffb-bbfc-1a7bb2122120)
 - New and modified: 0

[26/Jun/2023:16:00:04] DELETING ACCOUNTS (JobID: 83527394-f2a2-4ffb-bbfc-1a7bb2122120)
 - Deleted: 0

[26/Jun/2023:16:00:33] UPDATING PRODUCTS (JobID: c4e52b4b-5a64-490f-a3f8-613c04dc4554)
 - New and modified: 0

[26/Jun/2023:16:00:35] UPDATING PREPAGATI (JobID: 873e764f-10fc-48f5-a89d-19bb93d10caf)
 - New and modified: 0

[26/Jun/2023:16:00:35] DELETING PREPAGATI (JobID: 873e764f-10fc-48f5-a89d-19bb93d10caf)
 - Deleted: 0

[26/Jun/2023:16:20:04] UPDATING ACCOUNTS (JobID: a1e7a2dc-7cf3-4c4b-a9d1-fd3a79090e0f)
 - New and modified: 0

[26/Jun/2023:16:20:04] DELETING ACCOUNTS (JobID: a1e7a2dc-7cf3-4c4b-a9d1-fd3a79090e0f)
 - Deleted: 0

[26/Jun/2023:16:20:34] UPDATING PRODUCTS (JobID: 9fb004e5-2648-452e-bf2e-099d1fae35c0)
 - New and modified: 0

[26/Jun/2023:16:20:36] UPDATING PREPAGATI (JobID: 280ec4b0-08d2-4fb2-8737-8182fb3e824a)
 - New and modified: 0

[26/Jun/2023:16:20:36] DELETING PREPAGATI (JobID: 280ec4b0-08d2-4fb2-8737-8182fb3e824a)
 - Deleted: 0

[26/Jun/2023:16:50:04] UPDATING ACCOUNTS (JobID: 91d50a06-8b01-4d59-9310-8ca7607c5227)
 - New and modified: 0

[26/Jun/2023:16:50:04] DELETING ACCOUNTS (JobID: 91d50a06-8b01-4d59-9310-8ca7607c5227)
 - Deleted: 0

[26/Jun/2023:16:50:34] UPDATING PRODUCTS (JobID: 87483992-1ab4-4890-b261-3bf6df762d66)
 - New and modified: 0

[26/Jun/2023:16:50:35] UPDATING PREPAGATI (JobID: 585ba820-1e84-42fe-8b64-fe27a2e3fd53)
 - New and modified: 0

[26/Jun/2023:16:50:35] DELETING PREPAGATI (JobID: 585ba820-1e84-42fe-8b64-fe27a2e3fd53)
 - Deleted: 0

[26/Jun/2023:17:00:04] UPDATING ACCOUNTS (JobID: 9ab6192d-6023-48dd-81e3-41575597f26f)
 - New and modified: 0

[26/Jun/2023:17:00:04] DELETING ACCOUNTS (JobID: 9ab6192d-6023-48dd-81e3-41575597f26f)
 - Deleted: 0

[26/Jun/2023:17:00:35] UPDATING PRODUCTS (JobID: c18f07ba-e041-4654-bdb6-479628fd8539)
 - New and modified: 0

[26/Jun/2023:17:00:37] UPDATING PREPAGATI (JobID: 2b06fa3b-e1d3-44b8-9fc6-7217b3c5798e)
 - New and modified: 0

[26/Jun/2023:17:00:37] DELETING PREPAGATI (JobID: 2b06fa3b-e1d3-44b8-9fc6-7217b3c5798e)
 - Deleted: 0

[26/Jun/2023:17:10:03] UPDATING ACCOUNTS (JobID: 49846465-0aba-4a3d-8264-6b5f3c89084c)
 - New and modified: 0

[26/Jun/2023:17:10:03] DELETING ACCOUNTS (JobID: 49846465-0aba-4a3d-8264-6b5f3c89084c)
 - Deleted: 0

[26/Jun/2023:17:10:34] UPDATING PRODUCTS (JobID: 8af3f051-6aa1-43db-a4be-5732d6ea97ef)
 - New and modified: 0

[26/Jun/2023:17:10:36] UPDATING PREPAGATI (JobID: bf19482f-c069-49fd-a07c-ef7f5c2ec3ba)
 - New and modified: 0

[26/Jun/2023:17:10:36] DELETING PREPAGATI (JobID: bf19482f-c069-49fd-a07c-ef7f5c2ec3ba)
 - Deleted: 0

[26/Jun/2023:17:20:04] UPDATING ACCOUNTS (JobID: ed429cf7-0267-4391-a199-9de9a4ee84a3)
 - New and modified: 0

[26/Jun/2023:17:20:04] DELETING ACCOUNTS (JobID: ed429cf7-0267-4391-a199-9de9a4ee84a3)
 - Deleted: 0

[26/Jun/2023:17:20:34] UPDATING PRODUCTS (JobID: aaff8a1c-b25c-4b07-afd3-1e9d4ec506a8)
 - New and modified: 0

[26/Jun/2023:17:20:35] UPDATING PREPAGATI (JobID: c5378e49-c7ac-42d4-af37-3582fb084def)
 - New and modified: 0

[26/Jun/2023:17:20:35] DELETING PREPAGATI (JobID: c5378e49-c7ac-42d4-af37-3582fb084def)
 - Deleted: 0

[26/Jun/2023:17:30:04] UPDATING ACCOUNTS (JobID: 3997d906-684c-43c2-9d58-e86a7bd43d26)
 - New and modified: 0

[26/Jun/2023:17:30:04] DELETING ACCOUNTS (JobID: 3997d906-684c-43c2-9d58-e86a7bd43d26)
 - Deleted: 0

[26/Jun/2023:17:30:35] UPDATING PRODUCTS (JobID: cc6df7a7-0cbb-4edb-9c0b-08b52ee68b2f)
 - New and modified: 0

[26/Jun/2023:17:30:37] UPDATING PREPAGATI (JobID: 6b5e6b92-653a-4a47-b0d4-b4bd46469adf)
 - New and modified: 0

[26/Jun/2023:17:30:37] DELETING PREPAGATI (JobID: 6b5e6b92-653a-4a47-b0d4-b4bd46469adf)
 - Deleted: 0

[26/Jun/2023:17:50:04] UPDATING ACCOUNTS (JobID: 51c4469a-d04b-42c2-9b0a-d2ea0a43a011)
 - New and modified: 0

[26/Jun/2023:17:50:04] DELETING ACCOUNTS (JobID: 51c4469a-d04b-42c2-9b0a-d2ea0a43a011)
 - Deleted: 0

[26/Jun/2023:17:50:34] UPDATING PRODUCTS (JobID: d9383e94-715f-4fcf-9635-b533cf0bd566)
 - New and modified: 0

[26/Jun/2023:17:50:36] UPDATING PREPAGATI (JobID: 9edd11fd-3d98-4c6c-83ed-ac077200dde6)
 - New and modified: 0

[26/Jun/2023:17:50:36] DELETING PREPAGATI (JobID: 9edd11fd-3d98-4c6c-83ed-ac077200dde6)
 - Deleted: 0

[26/Jun/2023:18:00:06] UPDATING ACCOUNTS (JobID: 47d4fc3c-803f-4948-b28a-489d6ec542fd)
 - New and modified: 0

[26/Jun/2023:18:00:06] DELETING ACCOUNTS (JobID: 47d4fc3c-803f-4948-b28a-489d6ec542fd)
 - Deleted: 0

[26/Jun/2023:18:00:42] UPDATING PRODUCTS (JobID: 9b61d014-4d82-4ad5-8aaa-3454325f08b8)
 - New and modified: 0

[26/Jun/2023:18:00:45] UPDATING PREPAGATI (JobID: 2f81f358-45c6-45d9-8d76-48852faeaa5f)
 - New and modified: 0

[26/Jun/2023:18:00:45] DELETING PREPAGATI (JobID: 2f81f358-45c6-45d9-8d76-48852faeaa5f)
 - Deleted: 0

[26/Jun/2023:18:10:04] UPDATING ACCOUNTS (JobID: 04b0b4b5-9b11-491f-896a-c7b5c46e56e1)
 - New and modified: 0

[26/Jun/2023:18:10:04] DELETING ACCOUNTS (JobID: 04b0b4b5-9b11-491f-896a-c7b5c46e56e1)
 - Deleted: 0

[26/Jun/2023:18:10:35] UPDATING PRODUCTS (JobID: f3bccad7-ba0f-4283-8982-f9d404626e31)
 - New and modified: 0

[26/Jun/2023:18:10:37] UPDATING PREPAGATI (JobID: 1f019e6e-c004-4f23-aefc-af8d312f3745)
 - New and modified: 0

[26/Jun/2023:18:10:37] DELETING PREPAGATI (JobID: 1f019e6e-c004-4f23-aefc-af8d312f3745)
 - Deleted: 0

[26/Jun/2023:18:20:04] UPDATING ACCOUNTS (JobID: 6f186f02-91a1-40a4-abf4-9824df1ec903)
 - New and modified: 0

[26/Jun/2023:18:20:04] DELETING ACCOUNTS (JobID: 6f186f02-91a1-40a4-abf4-9824df1ec903)
 - Deleted: 0

[26/Jun/2023:18:20:37] UPDATING PRODUCTS (JobID: 1daab5de-3661-470a-8f10-110843edcb47)
 - New and modified: 0

[26/Jun/2023:18:20:39] UPDATING PREPAGATI (JobID: 57ddecff-5262-4502-be7f-4be1e7757cac)
 - New and modified: 0

[26/Jun/2023:18:20:39] DELETING PREPAGATI (JobID: 57ddecff-5262-4502-be7f-4be1e7757cac)
 - Deleted: 0

[26/Jun/2023:18:40:04] UPDATING ACCOUNTS (JobID: 198ba5c5-0051-4355-b2a5-0c054c4a8709)
 - New and modified: 0

[26/Jun/2023:18:40:04] DELETING ACCOUNTS (JobID: 198ba5c5-0051-4355-b2a5-0c054c4a8709)
 - Deleted: 0

[26/Jun/2023:18:40:35] UPDATING PRODUCTS (JobID: 0a66c645-5ec2-4adb-bedb-eae9c694368e)
 - New and modified: 0

[26/Jun/2023:18:40:37] UPDATING PREPAGATI (JobID: 65221531-edf9-4c87-863a-103bfa015e2d)
 - New and modified: 0

[26/Jun/2023:18:40:37] DELETING PREPAGATI (JobID: 65221531-edf9-4c87-863a-103bfa015e2d)
 - Deleted: 0

[26/Jun/2023:19:00:15] UPDATING ACCOUNTS (JobID: 04a83398-6f9a-4196-8765-2cfd8a82ee2e)
 - New and modified: 0

[26/Jun/2023:19:00:15] DELETING ACCOUNTS (JobID: 04a83398-6f9a-4196-8765-2cfd8a82ee2e)
 - Deleted: 0

[26/Jun/2023:19:00:49] UPDATING PRODUCTS (JobID: d273a309-060a-4450-9847-390203117e93)
 - New and modified: 0

[26/Jun/2023:19:00:51] UPDATING PREPAGATI (JobID: b2aa884f-f38e-408a-84ea-36dac2e1c7b0)
 - New and modified: 0

[26/Jun/2023:19:00:51] DELETING PREPAGATI (JobID: b2aa884f-f38e-408a-84ea-36dac2e1c7b0)
 - Deleted: 0

[26/Jun/2023:19:10:04] UPDATING ACCOUNTS (JobID: bce90cb7-77fe-44f8-80f7-92438b4397bd)
 - New and modified: 0

[26/Jun/2023:19:10:04] DELETING ACCOUNTS (JobID: bce90cb7-77fe-44f8-80f7-92438b4397bd)
 - Deleted: 0

[26/Jun/2023:19:10:36] UPDATING PRODUCTS (JobID: 7fc1211f-e927-43e7-b35c-2b0963e24368)
 - New and modified: 0

[26/Jun/2023:19:10:38] UPDATING PREPAGATI (JobID: 71d96d1e-7a89-4c6b-b598-1d1ec955bfef)
 - New and modified: 0

[26/Jun/2023:19:10:38] DELETING PREPAGATI (JobID: 71d96d1e-7a89-4c6b-b598-1d1ec955bfef)
 - Deleted: 0

[26/Jun/2023:19:50:04] UPDATING ACCOUNTS (JobID: 77ce6a14-a3fa-4b37-8d8b-a29b30bd4fd8)
 - New and modified: 0

[26/Jun/2023:19:50:04] DELETING ACCOUNTS (JobID: 77ce6a14-a3fa-4b37-8d8b-a29b30bd4fd8)
 - Deleted: 0

[26/Jun/2023:19:50:36] UPDATING PRODUCTS (JobID: 232f976f-13dc-493e-b4fd-41575f1ebd4e)
 - New and modified: 0

[26/Jun/2023:19:50:38] UPDATING PREPAGATI (JobID: f2097b1e-a9cb-4750-ab2c-be161c6522ab)
 - New and modified: 0

[26/Jun/2023:19:50:38] DELETING PREPAGATI (JobID: f2097b1e-a9cb-4750-ab2c-be161c6522ab)
 - Deleted: 0

[26/Jun/2023:20:30:05] UPDATING ACCOUNTS (JobID: 87b7927e-bfe3-4155-8497-8c663d72c2c1)
 - New and modified: 0

[26/Jun/2023:20:30:05] DELETING ACCOUNTS (JobID: 87b7927e-bfe3-4155-8497-8c663d72c2c1)
 - Deleted: 0

[26/Jun/2023:20:30:39] UPDATING PRODUCTS (JobID: 1c89d1c7-1788-4e86-9bcb-b51cfdc13241)
 - New and modified: 0

[26/Jun/2023:20:30:40] UPDATING PREPAGATI (JobID: ee5abac4-5dfe-419e-b8a6-9c78fd186b28)
 - New and modified: 0

[26/Jun/2023:20:30:40] DELETING PREPAGATI (JobID: ee5abac4-5dfe-419e-b8a6-9c78fd186b28)
 - Deleted: 0

[26/Jun/2023:21:00:04] UPDATING ACCOUNTS (JobID: 58f9a0fe-9b81-43c1-aff6-f7e50a18f38c)
 - New and modified: 0

[26/Jun/2023:21:00:04] DELETING ACCOUNTS (JobID: 58f9a0fe-9b81-43c1-aff6-f7e50a18f38c)
 - Deleted: 0

[26/Jun/2023:21:00:37] UPDATING PRODUCTS (JobID: 73ec4e2b-478b-4c91-867f-b3785b9ff16c)
 - New and modified: 0

[26/Jun/2023:21:00:39] UPDATING PREPAGATI (JobID: 95004879-fdae-42f2-b75c-db07d448f57d)
 - New and modified: 0

[26/Jun/2023:21:00:39] DELETING PREPAGATI (JobID: 95004879-fdae-42f2-b75c-db07d448f57d)
 - Deleted: 0

[26/Jun/2023:21:10:04] UPDATING ACCOUNTS (JobID: ebfef6e2-8767-44c1-aca2-4dea6ac7019a)
 - New and modified: 0

[26/Jun/2023:21:10:04] DELETING ACCOUNTS (JobID: ebfef6e2-8767-44c1-aca2-4dea6ac7019a)
 - Deleted: 0

[26/Jun/2023:21:10:38] UPDATING PRODUCTS (JobID: 5ab28906-e2ea-4bf6-8821-311a7b00638c)
 - New and modified: 0

[26/Jun/2023:21:10:39] UPDATING PREPAGATI (JobID: 9a2a9d1a-e966-4e29-9a26-93e5f49ee94a)
 - New and modified: 0

[26/Jun/2023:21:10:39] DELETING PREPAGATI (JobID: 9a2a9d1a-e966-4e29-9a26-93e5f49ee94a)
 - Deleted: 0

[26/Jun/2023:21:20:04] UPDATING ACCOUNTS (JobID: ecc792b4-5b80-4ddd-968e-76324c74da3c)
 - New and modified: 0

[26/Jun/2023:21:20:04] DELETING ACCOUNTS (JobID: ecc792b4-5b80-4ddd-968e-76324c74da3c)
 - Deleted: 0

[26/Jun/2023:21:20:35] UPDATING PRODUCTS (JobID: ab736295-c794-4052-a67e-6520331183c6)
 - New and modified: 0

[26/Jun/2023:21:20:37] UPDATING PREPAGATI (JobID: a7d731e3-7b6d-4857-b5fc-513b7c228e6f)
 - New and modified: 0

[26/Jun/2023:21:20:37] DELETING PREPAGATI (JobID: a7d731e3-7b6d-4857-b5fc-513b7c228e6f)
 - Deleted: 0

[26/Jun/2023:21:30:04] UPDATING ACCOUNTS (JobID: 455a1bca-5d00-4e4e-ae6f-c64954070ba2)
 - New and modified: 0

[26/Jun/2023:21:30:04] DELETING ACCOUNTS (JobID: 455a1bca-5d00-4e4e-ae6f-c64954070ba2)
 - Deleted: 0

[26/Jun/2023:21:30:34] UPDATING PRODUCTS (JobID: 564aa700-7a0c-4f83-b4e2-b638c0c32d73)
 - New and modified: 0

[26/Jun/2023:21:30:36] UPDATING PREPAGATI (JobID: 7bc2c8c3-60a0-4e33-8eb4-1a16f4a30524)
 - New and modified: 0

[26/Jun/2023:21:30:36] DELETING PREPAGATI (JobID: 7bc2c8c3-60a0-4e33-8eb4-1a16f4a30524)
 - Deleted: 0

[26/Jun/2023:22:00:04] UPDATING ACCOUNTS (JobID: 5c7ab0d1-4962-42ac-b0c4-b85949b7eac2)
 - New and modified: 0

[26/Jun/2023:22:00:04] DELETING ACCOUNTS (JobID: 5c7ab0d1-4962-42ac-b0c4-b85949b7eac2)
 - Deleted: 0

[26/Jun/2023:22:00:35] UPDATING PRODUCTS (JobID: 1c019610-3d90-4cb7-a44d-b94b673b4637)
 - New and modified: 0

[26/Jun/2023:22:00:36] UPDATING PREPAGATI (JobID: d976ca48-9b83-4791-bd59-88de02992f24)
 - New and modified: 0

[26/Jun/2023:22:00:36] DELETING PREPAGATI (JobID: d976ca48-9b83-4791-bd59-88de02992f24)
 - Deleted: 0

[26/Jun/2023:22:10:04] UPDATING ACCOUNTS (JobID: 77338851-650f-49a1-9845-9f2249e46a9b)
 - New and modified: 0

[26/Jun/2023:22:10:04] DELETING ACCOUNTS (JobID: 77338851-650f-49a1-9845-9f2249e46a9b)
 - Deleted: 0

[26/Jun/2023:22:10:34] UPDATING PRODUCTS (JobID: de7061d6-578f-4d0b-8181-095e56b9c3c9)
 - New and modified: 0

[26/Jun/2023:22:10:36] UPDATING PREPAGATI (JobID: 92602ea1-3cc5-4a9f-b37e-858c8ee91c97)
 - New and modified: 0

[26/Jun/2023:22:10:36] DELETING PREPAGATI (JobID: 92602ea1-3cc5-4a9f-b37e-858c8ee91c97)
 - Deleted: 0

[26/Jun/2023:23:30:04] UPDATING ACCOUNTS (JobID: 85d72b9b-a8e1-4d4b-84c3-1b046b28c99b)
 - New and modified: 0

[26/Jun/2023:23:30:04] DELETING ACCOUNTS (JobID: 85d72b9b-a8e1-4d4b-84c3-1b046b28c99b)
 - Deleted: 0

[26/Jun/2023:23:30:35] UPDATING PRODUCTS (JobID: 0f92aba6-63dc-4d0f-8ec0-97ab2a7395c8)
 - New and modified: 0

[26/Jun/2023:23:30:37] UPDATING PREPAGATI (JobID: 507b4531-1c87-478c-bfe5-4f6082c5eb62)
 - New and modified: 0

[26/Jun/2023:23:30:37] DELETING PREPAGATI (JobID: 507b4531-1c87-478c-bfe5-4f6082c5eb62)
 - Deleted: 0

[26/Jun/2023:23:40:04] UPDATING ACCOUNTS (JobID: 3ad8b747-d0f6-4e25-9530-b2b0a6d68608)
 - New and modified: 0

[26/Jun/2023:23:40:04] DELETING ACCOUNTS (JobID: 3ad8b747-d0f6-4e25-9530-b2b0a6d68608)
 - Deleted: 0

[26/Jun/2023:23:40:36] UPDATING PRODUCTS (JobID: ec7980df-e244-4cac-b9ed-a5822d8c4fbf)
 - New and modified: 0

[26/Jun/2023:23:40:38] UPDATING PREPAGATI (JobID: 8b597578-408c-494b-a78f-01354f277a74)
 - New and modified: 0

[26/Jun/2023:23:40:38] DELETING PREPAGATI (JobID: 8b597578-408c-494b-a78f-01354f277a74)
 - Deleted: 0

[26/Jun/2023:23:50:04] UPDATING ACCOUNTS (JobID: a3c81b65-fde9-43fd-ae04-750e4c029133)
 - New and modified: 0

[26/Jun/2023:23:50:04] DELETING ACCOUNTS (JobID: a3c81b65-fde9-43fd-ae04-750e4c029133)
 - Deleted: 0

[26/Jun/2023:23:50:34] UPDATING PRODUCTS (JobID: 67c57bdb-4548-4023-9e40-080124890a5b)
 - New and modified: 0

[26/Jun/2023:23:50:35] UPDATING PREPAGATI (JobID: ce800c5e-e5da-4247-aa37-2f523f510660)
 - New and modified: 0

[26/Jun/2023:23:50:35] DELETING PREPAGATI (JobID: ce800c5e-e5da-4247-aa37-2f523f510660)
 - Deleted: 0

