[11/May/2023:00:00:05] UPDATING ACCOUNTS (JobID: 8952e84e-692b-4394-82f5-feff413d3fbc)
 - New and modified: 0

[11/May/2023:00:00:05] DELETING ACCOUNTS (JobID: 8952e84e-692b-4394-82f5-feff413d3fbc)
 - Deleted: 0

[11/May/2023:00:00:38] UPDATING PRODUCTS (JobID: 08a82ecd-b382-423e-81ce-efb8f9e1846f)
 - New and modified: 0

[11/May/2023:00:00:40] UPDATING PREPAGATI (JobID: 87ff8a5d-b29e-4739-a116-9b78d307e54d)
 - New and modified: 0

[11/May/2023:00:00:40] DELETING PREPAGATI (JobID: 87ff8a5d-b29e-4739-a116-9b78d307e54d)
 - Deleted: 0

[11/May/2023:00:10:04] UPDATING ACCOUNTS (JobID: d9613155-0bf2-4922-9d78-88ef9f8eeddf)
 - New and modified: 0

[11/May/2023:00:10:04] DELETING ACCOUNTS (JobID: d9613155-0bf2-4922-9d78-88ef9f8eeddf)
 - Deleted: 0

[11/May/2023:00:10:47] UPDATING PRODUCTS (JobID: b9c0ce80-5961-4997-87ec-91e82ef7950f)
 - New and modified: 0

[11/May/2023:00:10:49] UPDATING PREPAGATI (JobID: 46f4a46b-cb2e-40a3-a41d-a177ea16aa36)
 - New and modified: 0

[11/May/2023:00:10:49] DELETING PREPAGATI (JobID: 46f4a46b-cb2e-40a3-a41d-a177ea16aa36)
 - Deleted: 0

[11/May/2023:00:20:04] UPDATING ACCOUNTS (JobID: d91822d8-a70e-403c-acc2-fdb7e05e49b0)
 - New and modified: 0

[11/May/2023:00:20:04] DELETING ACCOUNTS (JobID: d91822d8-a70e-403c-acc2-fdb7e05e49b0)
 - Deleted: 0

[11/May/2023:00:20:42] UPDATING PRODUCTS (JobID: 227c341f-427b-4a8b-972c-473ddb9127d3)
 - New and modified: 0

[11/May/2023:00:20:44] UPDATING PREPAGATI (JobID: 25d0286e-22b4-44d2-8d39-f88f9fff0e6f)
 - New and modified: 0

[11/May/2023:00:20:44] DELETING PREPAGATI (JobID: 25d0286e-22b4-44d2-8d39-f88f9fff0e6f)
 - Deleted: 0

[11/May/2023:00:30:05] UPDATING ACCOUNTS (JobID: c7155c81-5aad-44c2-96a2-68b28149c391)
 - New and modified: 0

[11/May/2023:00:30:05] DELETING ACCOUNTS (JobID: c7155c81-5aad-44c2-96a2-68b28149c391)
 - Deleted: 0

[11/May/2023:00:30:43] UPDATING PRODUCTS (JobID: 98c11cf3-173d-47be-a699-b280661fdedc)
 - New and modified: 0

[11/May/2023:00:30:45] UPDATING PREPAGATI (JobID: b98a5101-2c03-4aa0-af41-f4378447fa7d)
 - New and modified: 0

[11/May/2023:00:30:45] DELETING PREPAGATI (JobID: b98a5101-2c03-4aa0-af41-f4378447fa7d)
 - Deleted: 0

[11/May/2023:00:40:03] UPDATING ACCOUNTS (JobID: e6a3551e-3af0-4279-a570-e0f0c38f9a06)
 - New and modified: 0

[11/May/2023:00:40:03] DELETING ACCOUNTS (JobID: e6a3551e-3af0-4279-a570-e0f0c38f9a06)
 - Deleted: 0

[11/May/2023:00:40:40] UPDATING PRODUCTS (JobID: 114ccc6c-d6dd-4526-9085-bb2b97cdd63a)
 - New and modified: 0

[11/May/2023:00:40:42] UPDATING PREPAGATI (JobID: 5d1f5aff-fe5f-4e06-9a88-f0498dcbeab2)
 - New and modified: 0

[11/May/2023:00:40:42] DELETING PREPAGATI (JobID: 5d1f5aff-fe5f-4e06-9a88-f0498dcbeab2)
 - Deleted: 0

[11/May/2023:00:50:04] UPDATING ACCOUNTS (JobID: d51bb7c7-5173-4410-b37e-ee3db237e81b)
 - New and modified: 0

[11/May/2023:00:50:04] DELETING ACCOUNTS (JobID: d51bb7c7-5173-4410-b37e-ee3db237e81b)
 - Deleted: 0

[11/May/2023:00:50:44] UPDATING PRODUCTS (JobID: 429c1eb8-90ae-4520-a374-bd148c2854ce)
 - New and modified: 0

[11/May/2023:00:50:50] UPDATING PREPAGATI (JobID: b68f0170-bc38-41d7-b025-c010eb09d0fe)
 - New and modified: 0

[11/May/2023:00:50:50] DELETING PREPAGATI (JobID: b68f0170-bc38-41d7-b025-c010eb09d0fe)
 - Deleted: 0

[11/May/2023:01:00:04] UPDATING ACCOUNTS (JobID: cd749908-83d4-454a-b56c-b4d685dce3d6)
 - New and modified: 0

[11/May/2023:01:00:04] DELETING ACCOUNTS (JobID: cd749908-83d4-454a-b56c-b4d685dce3d6)
 - Deleted: 0

[11/May/2023:01:01:20] UPDATING PRODUCTS (JobID: 09804320-c707-4a4b-9624-8e6230b9bd6e)
 - New and modified: 0

[11/May/2023:01:01:33] UPDATING PREPAGATI (JobID: e93df254-4a73-4057-b2ea-eb3cd2d314e6)
 - New and modified: 0

[11/May/2023:01:01:33] DELETING PREPAGATI (JobID: e93df254-4a73-4057-b2ea-eb3cd2d314e6)
 - Deleted: 0

[11/May/2023:01:10:11] UPDATING ACCOUNTS (JobID: 4f5d177e-7302-4ebe-8def-73754d1ae77a)
 - New and modified: 0

[11/May/2023:01:10:11] DELETING ACCOUNTS (JobID: 4f5d177e-7302-4ebe-8def-73754d1ae77a)
 - Deleted: 0

[11/May/2023:01:11:13] UPDATING PRODUCTS (JobID: b3d4f4d9-a3a9-4292-850e-4e1c9f65f0a5)
 - New and modified: 0

[11/May/2023:01:11:16] UPDATING PREPAGATI (JobID: 342a2883-6619-4360-911e-831ad6a04c68)
 - New and modified: 0

[11/May/2023:01:11:16] DELETING PREPAGATI (JobID: 342a2883-6619-4360-911e-831ad6a04c68)
 - Deleted: 0

[11/May/2023:01:20:04] UPDATING ACCOUNTS (JobID: f7aad01f-34c0-4641-a3ef-918563f76ed8)
 - New and modified: 0

[11/May/2023:01:20:04] DELETING ACCOUNTS (JobID: f7aad01f-34c0-4641-a3ef-918563f76ed8)
 - Deleted: 0

[11/May/2023:01:20:39] UPDATING PRODUCTS (JobID: 79d9d039-e66b-42ad-8b18-90fe808a22cb)
 - New and modified: 0

[11/May/2023:01:20:44] UPDATING PREPAGATI (JobID: 50098e10-8d6a-4731-b02d-96f7639c34b2)
 - New and modified: 0

[11/May/2023:01:20:44] DELETING PREPAGATI (JobID: 50098e10-8d6a-4731-b02d-96f7639c34b2)
 - Deleted: 0

[11/May/2023:01:30:04] UPDATING ACCOUNTS (JobID: 92082858-7917-400e-8ee3-1259b55cc4ae)
 - New and modified: 0

[11/May/2023:01:30:04] DELETING ACCOUNTS (JobID: 92082858-7917-400e-8ee3-1259b55cc4ae)
 - Deleted: 0

[11/May/2023:01:30:42] UPDATING PRODUCTS (JobID: 6a8c38c9-b499-4135-ac20-084f6855ffdc)
 - New and modified: 0

[11/May/2023:01:30:46] UPDATING PREPAGATI (JobID: a6c7ae52-72e6-4a35-a6b5-4953d4ff43d6)
 - New and modified: 0

[11/May/2023:01:30:46] DELETING PREPAGATI (JobID: a6c7ae52-72e6-4a35-a6b5-4953d4ff43d6)
 - Deleted: 0

[11/May/2023:01:40:04] UPDATING ACCOUNTS (JobID: 64c1ddfa-969e-4a97-afa2-7ce11093ee9b)
 - New and modified: 0

[11/May/2023:01:40:04] DELETING ACCOUNTS (JobID: 64c1ddfa-969e-4a97-afa2-7ce11093ee9b)
 - Deleted: 0

[11/May/2023:01:40:38] UPDATING PRODUCTS (JobID: 10a43833-68b2-4a53-afcf-8da13ab22305)
 - New and modified: 0

[11/May/2023:01:40:41] UPDATING PREPAGATI (JobID: 5a7e6b88-5e34-4242-a50e-3b39a1b6d4d2)
 - New and modified: 0

[11/May/2023:01:40:41] DELETING PREPAGATI (JobID: 5a7e6b88-5e34-4242-a50e-3b39a1b6d4d2)
 - Deleted: 0

[11/May/2023:02:00:04] UPDATING ACCOUNTS (JobID: 649dd2a9-b29d-49be-bf07-dadfc90541c9)
 - New and modified: 0

[11/May/2023:02:00:04] DELETING ACCOUNTS (JobID: 649dd2a9-b29d-49be-bf07-dadfc90541c9)
 - Deleted: 0

[11/May/2023:02:00:42] UPDATING PRODUCTS (JobID: 88c2fb75-4ef7-4b5d-b6fe-832a9e107f1f)
 - New and modified: 0

[11/May/2023:02:00:44] UPDATING PREPAGATI (JobID: 7a156cf6-e7d1-483f-a1e5-b1e4bb4cc30c)
 - New and modified: 0

[11/May/2023:02:00:44] DELETING PREPAGATI (JobID: 7a156cf6-e7d1-483f-a1e5-b1e4bb4cc30c)
 - Deleted: 0

[11/May/2023:02:10:07] UPDATING ACCOUNTS (JobID: 4b6993ae-0b25-4ec6-93c1-e8e44a5834ef)
 - New and modified: 0

[11/May/2023:02:10:07] DELETING ACCOUNTS (JobID: 4b6993ae-0b25-4ec6-93c1-e8e44a5834ef)
 - Deleted: 0

[11/May/2023:02:10:45] UPDATING PRODUCTS (JobID: 6c179f9d-69a7-4c9e-abc9-df2d3a114882)
 - New and modified: 0

[11/May/2023:02:10:46] UPDATING PREPAGATI (JobID: 3fb48de8-13a3-4b99-a5c7-6e759fd83adb)
 - New and modified: 0

[11/May/2023:02:10:46] DELETING PREPAGATI (JobID: 3fb48de8-13a3-4b99-a5c7-6e759fd83adb)
 - Deleted: 0

[11/May/2023:02:20:04] UPDATING ACCOUNTS (JobID: f8327592-4463-469c-8439-06289c75469e)
 - New and modified: 0

[11/May/2023:02:20:04] DELETING ACCOUNTS (JobID: f8327592-4463-469c-8439-06289c75469e)
 - Deleted: 0

[11/May/2023:02:20:42] UPDATING PRODUCTS (JobID: 16f0a0a3-e294-41e6-acb7-e03b06ae2954)
 - New and modified: 0

[11/May/2023:02:20:44] UPDATING PREPAGATI (JobID: f7a725ae-3bb8-4e72-b4bd-810cf84f10d7)
 - New and modified: 0

[11/May/2023:02:20:44] DELETING PREPAGATI (JobID: f7a725ae-3bb8-4e72-b4bd-810cf84f10d7)
 - Deleted: 0

[11/May/2023:02:30:04] UPDATING ACCOUNTS (JobID: 89b167f9-9294-4dda-a953-9c40a814effe)
 - New and modified: 0

[11/May/2023:02:30:04] DELETING ACCOUNTS (JobID: 89b167f9-9294-4dda-a953-9c40a814effe)
 - Deleted: 0

[11/May/2023:02:30:36] UPDATING PRODUCTS (JobID: f05f03bd-63df-4acf-aa75-674c2358fa83)
 - New and modified: 0

[11/May/2023:02:30:37] UPDATING PREPAGATI (JobID: e10129b2-c81b-49ff-94df-0efbc2cc69e9)
 - New and modified: 0

[11/May/2023:02:30:37] DELETING PREPAGATI (JobID: e10129b2-c81b-49ff-94df-0efbc2cc69e9)
 - Deleted: 0

[11/May/2023:02:40:05] UPDATING ACCOUNTS (JobID: 1d0d230b-4a36-4b16-9c63-a225b3eaae18)
 - New and modified: 0

[11/May/2023:02:40:05] DELETING ACCOUNTS (JobID: 1d0d230b-4a36-4b16-9c63-a225b3eaae18)
 - Deleted: 0

[11/May/2023:02:40:42] UPDATING PRODUCTS (JobID: 62607b6d-d951-4735-9a29-a37afde9f9c0)
 - New and modified: 0

[11/May/2023:02:40:44] UPDATING PREPAGATI (JobID: e21a1ed6-466a-4ea6-be3e-2d5ad58760d3)
 - New and modified: 0

[11/May/2023:02:40:44] DELETING PREPAGATI (JobID: e21a1ed6-466a-4ea6-be3e-2d5ad58760d3)
 - Deleted: 0

[11/May/2023:02:50:05] UPDATING ACCOUNTS (JobID: 94bb7ee9-00de-41b0-af91-72b624a392b0)
 - New and modified: 0

[11/May/2023:02:50:05] DELETING ACCOUNTS (JobID: 94bb7ee9-00de-41b0-af91-72b624a392b0)
 - Deleted: 0

[11/May/2023:02:50:38] UPDATING PRODUCTS (JobID: 04376335-9604-47ab-88f4-5b51a9ca614e)
 - New and modified: 0

[11/May/2023:02:50:39] UPDATING PREPAGATI (JobID: 05dc7657-81ab-4175-90a3-ce6613f3a97c)
 - New and modified: 0

[11/May/2023:02:50:39] DELETING PREPAGATI (JobID: 05dc7657-81ab-4175-90a3-ce6613f3a97c)
 - Deleted: 0

[11/May/2023:03:00:05] UPDATING ACCOUNTS (JobID: 529553ac-d563-401a-b819-6ed67ee6f438)
 - New and modified: 0

[11/May/2023:03:00:05] DELETING ACCOUNTS (JobID: 529553ac-d563-401a-b819-6ed67ee6f438)
 - Deleted: 0

[11/May/2023:03:00:41] UPDATING PRODUCTS (JobID: d44f3cd1-b625-4eea-8be5-ad3c2851ae5a)
 - New and modified: 0

[11/May/2023:03:00:42] UPDATING PREPAGATI (JobID: 528ea710-a83c-461b-8ec9-591e57bb0f60)
 - New and modified: 0

[11/May/2023:03:00:42] DELETING PREPAGATI (JobID: 528ea710-a83c-461b-8ec9-591e57bb0f60)
 - Deleted: 0

[11/May/2023:03:10:05] UPDATING ACCOUNTS (JobID: 42e2185c-0b5f-4f25-8c44-8683f5c80741)
 - New and modified: 0

[11/May/2023:03:10:05] DELETING ACCOUNTS (JobID: 42e2185c-0b5f-4f25-8c44-8683f5c80741)
 - Deleted: 0

[11/May/2023:03:10:40] UPDATING PRODUCTS (JobID: b5d302dc-fd8e-45cd-96e0-7c01c52a27c9)
 - New and modified: 0

[11/May/2023:03:10:44] UPDATING PREPAGATI (JobID: c6d85c77-d855-427c-91b8-78e156a944af)
 - New and modified: 0

[11/May/2023:03:10:44] DELETING PREPAGATI (JobID: c6d85c77-d855-427c-91b8-78e156a944af)
 - Deleted: 0

[11/May/2023:03:20:04] UPDATING ACCOUNTS (JobID: 5bd9dc9c-e7a7-42e6-856f-6a42e57e9874)
 - New and modified: 0

[11/May/2023:03:20:04] DELETING ACCOUNTS (JobID: 5bd9dc9c-e7a7-42e6-856f-6a42e57e9874)
 - Deleted: 0

[11/May/2023:03:20:38] UPDATING PRODUCTS (JobID: bed3218d-3d17-49a6-97ee-a8fa088aea70)
 - New and modified: 0

[11/May/2023:03:20:39] UPDATING PREPAGATI (JobID: 36fffd37-0bee-4ded-81ec-234e1ee235a7)
 - New and modified: 0

[11/May/2023:03:20:39] DELETING PREPAGATI (JobID: 36fffd37-0bee-4ded-81ec-234e1ee235a7)
 - Deleted: 0

[11/May/2023:03:30:04] UPDATING ACCOUNTS (JobID: cc82376e-5526-4286-9633-cfc31d20a852)
 - New and modified: 0

[11/May/2023:03:30:04] DELETING ACCOUNTS (JobID: cc82376e-5526-4286-9633-cfc31d20a852)
 - Deleted: 0

[11/May/2023:03:30:37] UPDATING PRODUCTS (JobID: 62e21a5a-0b29-44a1-9658-d639b7144af7)
 - New and modified: 0

[11/May/2023:03:30:41] UPDATING PREPAGATI (JobID: 248a2f88-fbfc-4d45-99a2-5e0e92c6b3e4)
 - New and modified: 0

[11/May/2023:03:30:41] DELETING PREPAGATI (JobID: 248a2f88-fbfc-4d45-99a2-5e0e92c6b3e4)
 - Deleted: 0

[11/May/2023:03:40:05] UPDATING ACCOUNTS (JobID: 23d625b7-7647-40b0-8fca-14989ab20bf2)
 - New and modified: 0

[11/May/2023:03:40:05] DELETING ACCOUNTS (JobID: 23d625b7-7647-40b0-8fca-14989ab20bf2)
 - Deleted: 0

[11/May/2023:03:40:37] UPDATING PRODUCTS (JobID: 0e8c3550-74cf-41fa-88b9-f32701b1d12a)
 - New and modified: 0

[11/May/2023:03:40:39] UPDATING PREPAGATI (JobID: c3ea66bb-88d4-422f-9ffe-3c9c7bb59eb9)
 - New and modified: 0

[11/May/2023:03:40:39] DELETING PREPAGATI (JobID: c3ea66bb-88d4-422f-9ffe-3c9c7bb59eb9)
 - Deleted: 0

[11/May/2023:03:50:04] UPDATING ACCOUNTS (JobID: 9ff3ac1c-3c1e-47d5-847a-e3bae045463e)
 - New and modified: 0

[11/May/2023:03:50:04] DELETING ACCOUNTS (JobID: 9ff3ac1c-3c1e-47d5-847a-e3bae045463e)
 - Deleted: 0

[11/May/2023:03:50:40] UPDATING PRODUCTS (JobID: 58e0d350-72e0-4868-b781-51f0fa058691)
 - New and modified: 0

[11/May/2023:03:50:43] UPDATING PREPAGATI (JobID: b05f3a1f-f5ee-4824-b740-92a7d2ba5741)
 - New and modified: 0

[11/May/2023:03:50:43] DELETING PREPAGATI (JobID: b05f3a1f-f5ee-4824-b740-92a7d2ba5741)
 - Deleted: 0

[11/May/2023:04:00:04] UPDATING ACCOUNTS (JobID: 15359362-5b53-48d7-8f9a-0d8220939e76)
 - New and modified: 0

[11/May/2023:04:00:04] DELETING ACCOUNTS (JobID: 15359362-5b53-48d7-8f9a-0d8220939e76)
 - Deleted: 0

[11/May/2023:04:00:38] UPDATING PRODUCTS (JobID: 8a58f247-e7c6-4c82-a7c6-5fecd852b185)
 - New and modified: 0

[11/May/2023:04:00:41] UPDATING PREPAGATI (JobID: 310de10f-a7e2-4bab-96df-97cfe5652f6c)
 - New and modified: 0

[11/May/2023:04:00:41] DELETING PREPAGATI (JobID: 310de10f-a7e2-4bab-96df-97cfe5652f6c)
 - Deleted: 0

[11/May/2023:04:10:04] UPDATING ACCOUNTS (JobID: 88b2625e-79b0-4575-af2b-783f8a580a77)
 - New and modified: 0

[11/May/2023:04:10:04] DELETING ACCOUNTS (JobID: 88b2625e-79b0-4575-af2b-783f8a580a77)
 - Deleted: 0

[11/May/2023:04:10:42] UPDATING PRODUCTS (JobID: 0025dfa2-3600-49ab-89dd-dd83c8eae124)
 - New and modified: 0

[11/May/2023:04:10:44] UPDATING PREPAGATI (JobID: fea68c97-0953-40d9-947a-ee5c72e67d06)
 - New and modified: 0

[11/May/2023:04:10:44] DELETING PREPAGATI (JobID: fea68c97-0953-40d9-947a-ee5c72e67d06)
 - Deleted: 0

[11/May/2023:04:20:03] UPDATING ACCOUNTS (JobID: d6354b50-d451-4a9f-b0a7-79bfb8231644)
 - New and modified: 0

[11/May/2023:04:20:03] DELETING ACCOUNTS (JobID: d6354b50-d451-4a9f-b0a7-79bfb8231644)
 - Deleted: 0

[11/May/2023:04:20:38] UPDATING PRODUCTS (JobID: b5c866a2-8c9e-4c3f-b8d4-a6efaa0e5197)
 - New and modified: 0

[11/May/2023:04:20:40] UPDATING PREPAGATI (JobID: b800bb83-cdbf-48eb-b9c0-440e5c8131cf)
 - New and modified: 0

[11/May/2023:04:20:40] DELETING PREPAGATI (JobID: b800bb83-cdbf-48eb-b9c0-440e5c8131cf)
 - Deleted: 0

[11/May/2023:04:30:04] UPDATING ACCOUNTS (JobID: 9d0b85e7-6829-4733-8939-a185a11d8cb3)
 - New and modified: 0

[11/May/2023:04:30:04] DELETING ACCOUNTS (JobID: 9d0b85e7-6829-4733-8939-a185a11d8cb3)
 - Deleted: 0

[11/May/2023:04:30:35] UPDATING PRODUCTS (JobID: 9237aa8c-4f85-4797-94b6-071d7d9929b3)
 - New and modified: 0

[11/May/2023:04:30:38] UPDATING PREPAGATI (JobID: 2d20e8f9-ea70-44ab-b3d0-b88e2b5d6da3)
 - New and modified: 0

[11/May/2023:04:30:38] DELETING PREPAGATI (JobID: 2d20e8f9-ea70-44ab-b3d0-b88e2b5d6da3)
 - Deleted: 0

[11/May/2023:04:40:04] UPDATING ACCOUNTS (JobID: 4e4a0bab-83ec-491f-a378-f55531ebc76a)
 - New and modified: 0

[11/May/2023:04:40:04] DELETING ACCOUNTS (JobID: 4e4a0bab-83ec-491f-a378-f55531ebc76a)
 - Deleted: 0

[11/May/2023:04:40:38] UPDATING PRODUCTS (JobID: 53d04418-a995-4469-90e6-6b7fc3be0961)
 - New and modified: 0

[11/May/2023:04:40:39] UPDATING PREPAGATI (JobID: bd59d024-b31a-4ce0-919f-92e5a8500756)
 - New and modified: 0

[11/May/2023:04:40:39] DELETING PREPAGATI (JobID: bd59d024-b31a-4ce0-919f-92e5a8500756)
 - Deleted: 0

[11/May/2023:04:50:04] UPDATING ACCOUNTS (JobID: a6cd50fc-725f-4720-afa1-f7a9065bcf80)
 - New and modified: 0

[11/May/2023:04:50:04] DELETING ACCOUNTS (JobID: a6cd50fc-725f-4720-afa1-f7a9065bcf80)
 - Deleted: 0

[11/May/2023:04:50:37] UPDATING PRODUCTS (JobID: 6bbfc7ff-af6e-41c8-9349-788ff3f21406)
 - New and modified: 0

[11/May/2023:04:50:39] UPDATING PREPAGATI (JobID: ab79f374-b4d7-47dc-80e8-efb2b515a84b)
 - New and modified: 0

[11/May/2023:04:50:39] DELETING PREPAGATI (JobID: ab79f374-b4d7-47dc-80e8-efb2b515a84b)
 - Deleted: 0

[11/May/2023:05:00:06] UPDATING ACCOUNTS (JobID: 6dc68564-7590-42e5-9c44-d455e2274b0d)
 - New and modified: 0

[11/May/2023:05:00:06] DELETING ACCOUNTS (JobID: 6dc68564-7590-42e5-9c44-d455e2274b0d)
 - Deleted: 0

[11/May/2023:05:00:44] UPDATING PRODUCTS (JobID: 78d8a4c0-ce4f-4c9d-bbc7-009b5a554a0b)
 - New and modified: 0

[11/May/2023:05:00:46] UPDATING PREPAGATI (JobID: afa02bf4-5ca0-4e15-b75f-37f7627a26e8)
 - New and modified: 0

[11/May/2023:05:00:46] DELETING PREPAGATI (JobID: afa02bf4-5ca0-4e15-b75f-37f7627a26e8)
 - Deleted: 0

[11/May/2023:05:10:06] UPDATING ACCOUNTS (JobID: 0c255b5c-5b2b-452a-868a-ee8324e722cd)
 - New and modified: 0

[11/May/2023:05:10:06] DELETING ACCOUNTS (JobID: 0c255b5c-5b2b-452a-868a-ee8324e722cd)
 - Deleted: 0

[11/May/2023:05:10:41] UPDATING PRODUCTS (JobID: 226f4e59-b836-41c6-86fd-0e285b934993)
 - New and modified: 0

[11/May/2023:05:10:43] UPDATING PREPAGATI (JobID: c0257a41-f818-4f14-bf5d-9ea36bbdcaad)
 - New and modified: 0

[11/May/2023:05:10:43] DELETING PREPAGATI (JobID: c0257a41-f818-4f14-bf5d-9ea36bbdcaad)
 - Deleted: 0

[11/May/2023:05:20:03] UPDATING ACCOUNTS (JobID: a6278341-fada-4181-857b-811b482831a4)
 - New and modified: 0

[11/May/2023:05:20:03] DELETING ACCOUNTS (JobID: a6278341-fada-4181-857b-811b482831a4)
 - Deleted: 0

[11/May/2023:05:20:38] UPDATING PRODUCTS (JobID: 58186f55-2648-4c64-8b7c-56093594a1c0)
 - New and modified: 0

[11/May/2023:05:20:40] UPDATING PREPAGATI (JobID: 4fb6245f-3413-4ed7-bd05-ca95d15aba7b)
 - New and modified: 0

[11/May/2023:05:20:40] DELETING PREPAGATI (JobID: 4fb6245f-3413-4ed7-bd05-ca95d15aba7b)
 - Deleted: 0

[11/May/2023:05:30:04] UPDATING ACCOUNTS (JobID: 8f9fab10-d480-4000-bc61-7e3942dad343)
 - New and modified: 0

[11/May/2023:05:30:04] DELETING ACCOUNTS (JobID: 8f9fab10-d480-4000-bc61-7e3942dad343)
 - Deleted: 0

[11/May/2023:05:30:39] UPDATING PRODUCTS (JobID: c5b96318-8374-4311-aa00-255b57104227)
 - New and modified: 0

[11/May/2023:05:30:41] UPDATING PREPAGATI (JobID: 6d4b6d57-6de9-4876-a061-83ebf9fa0bc1)
 - New and modified: 0

[11/May/2023:05:30:41] DELETING PREPAGATI (JobID: 6d4b6d57-6de9-4876-a061-83ebf9fa0bc1)
 - Deleted: 0

[11/May/2023:05:40:04] UPDATING ACCOUNTS (JobID: 7d518645-3e62-49d2-9b7c-1373bc589741)
 - New and modified: 0

[11/May/2023:05:40:04] DELETING ACCOUNTS (JobID: 7d518645-3e62-49d2-9b7c-1373bc589741)
 - Deleted: 0

[11/May/2023:05:40:37] UPDATING PRODUCTS (JobID: cfec1295-a812-4aa5-8631-f9a43c554483)
 - New and modified: 0

[11/May/2023:05:40:39] UPDATING PREPAGATI (JobID: 64c8769e-b44d-4210-8c8d-8b7305e6130a)
 - New and modified: 0

[11/May/2023:05:40:39] DELETING PREPAGATI (JobID: 64c8769e-b44d-4210-8c8d-8b7305e6130a)
 - Deleted: 0

[11/May/2023:05:50:05] UPDATING ACCOUNTS (JobID: e444e538-8546-44bd-905c-e0e260b0a8db)
 - New and modified: 0

[11/May/2023:05:50:05] DELETING ACCOUNTS (JobID: e444e538-8546-44bd-905c-e0e260b0a8db)
 - Deleted: 0

[11/May/2023:05:50:40] UPDATING PRODUCTS (JobID: f3ae6963-284f-4928-adf9-b9fcb4ca7ffa)
 - New and modified: 0

[11/May/2023:05:50:42] UPDATING PREPAGATI (JobID: fe2ce5df-80b7-42db-86ec-263b2310bc01)
 - New and modified: 0

[11/May/2023:05:50:42] DELETING PREPAGATI (JobID: fe2ce5df-80b7-42db-86ec-263b2310bc01)
 - Deleted: 0

[11/May/2023:06:00:03] UPDATING ACCOUNTS (JobID: c0e04723-380c-42b4-b3af-3eabda463b05)
 - New and modified: 0

[11/May/2023:06:00:03] DELETING ACCOUNTS (JobID: c0e04723-380c-42b4-b3af-3eabda463b05)
 - Deleted: 0

[11/May/2023:06:00:42] UPDATING PRODUCTS (JobID: 06723f20-3dd6-4462-9cf2-5614a7f984ca)
 - New and modified: 0

[11/May/2023:06:00:45] UPDATING PREPAGATI (JobID: edc93f8e-db88-4bde-8c2e-cd60c70efab0)
 - New and modified: 0

[11/May/2023:06:00:45] DELETING PREPAGATI (JobID: edc93f8e-db88-4bde-8c2e-cd60c70efab0)
 - Deleted: 0

[11/May/2023:06:10:05] UPDATING ACCOUNTS (JobID: cad04336-1165-4daf-957d-310f79660bd6)
 - New and modified: 0

[11/May/2023:06:10:05] DELETING ACCOUNTS (JobID: cad04336-1165-4daf-957d-310f79660bd6)
 - Deleted: 0

[11/May/2023:06:10:48] UPDATING PRODUCTS (JobID: f6c5cd29-82bd-491c-9cb5-0636ec7de079)
 - New and modified: 0

[11/May/2023:06:10:50] UPDATING PREPAGATI (JobID: e6cac337-4f54-4ef1-8df3-9b569271c276)
 - New and modified: 0

[11/May/2023:06:10:50] DELETING PREPAGATI (JobID: e6cac337-4f54-4ef1-8df3-9b569271c276)
 - Deleted: 0

[11/May/2023:06:20:07] UPDATING ACCOUNTS (JobID: b94632ce-544f-4792-8779-013d67a6d5e6)
 - New and modified: 0

[11/May/2023:06:20:07] DELETING ACCOUNTS (JobID: b94632ce-544f-4792-8779-013d67a6d5e6)
 - Deleted: 0

[11/May/2023:06:20:44] UPDATING PRODUCTS (JobID: f566b1a0-6e74-4637-87c3-3202cec4c234)
 - New and modified: 0

[11/May/2023:06:20:46] UPDATING PREPAGATI (JobID: cbc1869b-e8b1-4356-bfe2-2137ac495e82)
 - New and modified: 0

[11/May/2023:06:20:46] DELETING PREPAGATI (JobID: cbc1869b-e8b1-4356-bfe2-2137ac495e82)
 - Deleted: 0

[11/May/2023:06:30:05] UPDATING ACCOUNTS (JobID: fed179ca-72e6-41d0-b6b1-cbca266da7e8)
 - New and modified: 0

[11/May/2023:06:30:05] DELETING ACCOUNTS (JobID: fed179ca-72e6-41d0-b6b1-cbca266da7e8)
 - Deleted: 0

[11/May/2023:06:30:43] UPDATING PRODUCTS (JobID: 4ad2ac0a-af7c-4a28-95ae-61db02616467)
 - New and modified: 0

[11/May/2023:06:30:46] UPDATING PREPAGATI (JobID: 704834b4-1d1b-4915-a3ef-61881b03c38d)
 - New and modified: 0

[11/May/2023:06:30:46] DELETING PREPAGATI (JobID: 704834b4-1d1b-4915-a3ef-61881b03c38d)
 - Deleted: 0

[11/May/2023:06:40:04] UPDATING ACCOUNTS (JobID: c864569c-20cf-4ccc-9f94-3d23a2cd5c7c)
 - New and modified: 0

[11/May/2023:06:40:04] DELETING ACCOUNTS (JobID: c864569c-20cf-4ccc-9f94-3d23a2cd5c7c)
 - Deleted: 0

[11/May/2023:06:40:40] UPDATING PRODUCTS (JobID: 784ace74-3032-40eb-a40d-2affee5396d0)
 - New and modified: 0

[11/May/2023:06:40:42] UPDATING PREPAGATI (JobID: 2bfd7163-1663-4272-a514-54863f6c51e3)
 - New and modified: 0

[11/May/2023:06:40:42] DELETING PREPAGATI (JobID: 2bfd7163-1663-4272-a514-54863f6c51e3)
 - Deleted: 0

[11/May/2023:06:50:04] UPDATING ACCOUNTS (JobID: 04c57f32-4237-4341-ad49-03627d6de920)
 - New and modified: 0

[11/May/2023:06:50:04] DELETING ACCOUNTS (JobID: 04c57f32-4237-4341-ad49-03627d6de920)
 - Deleted: 0

[11/May/2023:06:50:37] UPDATING PRODUCTS (JobID: 1c9c1b33-a38e-41fd-a6ef-b72054d265d9)
 - New and modified: 0

[11/May/2023:06:50:41] UPDATING PREPAGATI (JobID: 6f0ae7f0-4daf-4d56-b232-9a945695f06d)
 - New and modified: 0

[11/May/2023:06:50:41] DELETING PREPAGATI (JobID: 6f0ae7f0-4daf-4d56-b232-9a945695f06d)
 - Deleted: 0

[11/May/2023:07:00:14] UPDATING ACCOUNTS (JobID: b0daf4ad-b79f-4b6f-b3d2-ba5f3b796426)
 - New and modified: 0

[11/May/2023:07:00:14] DELETING ACCOUNTS (JobID: b0daf4ad-b79f-4b6f-b3d2-ba5f3b796426)
 - Deleted: 0

[11/May/2023:07:00:54] UPDATING PRODUCTS (JobID: c21f5c0a-7802-4825-b2e2-68053fec297e)
 - New and modified: 0

[11/May/2023:07:00:57] UPDATING PREPAGATI (JobID: 538d1e5a-fd44-4f18-adc6-52951bdf9496)
 - New and modified: 0

[11/May/2023:07:00:57] DELETING PREPAGATI (JobID: 538d1e5a-fd44-4f18-adc6-52951bdf9496)
 - Deleted: 0

[11/May/2023:07:10:05] UPDATING ACCOUNTS (JobID: 1f689410-3da3-4749-9b27-a1e27553d0a4)
 - New and modified: 0

[11/May/2023:07:10:05] DELETING ACCOUNTS (JobID: 1f689410-3da3-4749-9b27-a1e27553d0a4)
 - Deleted: 0

[11/May/2023:07:12:18] UPDATING PRODUCTS (JobID: 63184b3e-e75b-47d0-a3b8-c92793c11201)
 - New and modified: 0

[11/May/2023:07:12:23] UPDATING PREPAGATI (JobID: 34ac7a08-fea7-42fb-bbed-159aaeb4c296)
 - New and modified: 0

[11/May/2023:07:12:23] DELETING PREPAGATI (JobID: 34ac7a08-fea7-42fb-bbed-159aaeb4c296)
 - Deleted: 0

[11/May/2023:07:20:06] UPDATING ACCOUNTS (JobID: f2836736-601b-4459-acdd-27c3476d0c8f)
 - New and modified: 0

[11/May/2023:07:20:06] DELETING ACCOUNTS (JobID: f2836736-601b-4459-acdd-27c3476d0c8f)
 - Deleted: 0

[11/May/2023:07:21:05] UPDATING PRODUCTS (JobID: 3a1069e9-efc8-412b-8bdc-26b632f8d8b1)
 - New and modified: 0

[11/May/2023:07:21:09] UPDATING PREPAGATI (JobID: 8f1b5e90-dbd3-47e2-a336-a6d1c5aea63f)
 - New and modified: 0

[11/May/2023:07:21:09] DELETING PREPAGATI (JobID: 8f1b5e90-dbd3-47e2-a336-a6d1c5aea63f)
 - Deleted: 0

[11/May/2023:07:30:08] UPDATING ACCOUNTS (JobID: ea0aa984-999a-477c-b045-1b7de01c5c9e)
 - New and modified: 0

[11/May/2023:07:30:08] DELETING ACCOUNTS (JobID: ea0aa984-999a-477c-b045-1b7de01c5c9e)
 - Deleted: 0

[11/May/2023:07:31:11] UPDATING PRODUCTS (JobID: d49d14e3-4b07-4cef-81e9-5d3dbebb302d)
 - New and modified: 0

[11/May/2023:07:31:14] UPDATING PREPAGATI (JobID: 7fcd9142-2292-4cd8-8071-87ab8337bf86)
 - New and modified: 0

[11/May/2023:07:31:14] DELETING PREPAGATI (JobID: 7fcd9142-2292-4cd8-8071-87ab8337bf86)
 - Deleted: 0

[11/May/2023:07:40:11] UPDATING ACCOUNTS (JobID: 8ee237bc-50b7-44bd-a7b4-1411850141bd)
 - New and modified: 0

[11/May/2023:07:40:11] DELETING ACCOUNTS (JobID: 8ee237bc-50b7-44bd-a7b4-1411850141bd)
 - Deleted: 0

[11/May/2023:07:41:08] UPDATING PRODUCTS (JobID: d9b49670-d44c-458d-8a3a-8bdc16cc329c)
 - New and modified: 0

[11/May/2023:07:41:10] UPDATING PREPAGATI (JobID: cd724c8d-d6de-4287-8fb6-dcdd948d11a8)
 - New and modified: 0

[11/May/2023:07:41:10] DELETING PREPAGATI (JobID: cd724c8d-d6de-4287-8fb6-dcdd948d11a8)
 - Deleted: 0

[11/May/2023:07:50:07] UPDATING ACCOUNTS (JobID: 2174ad37-d24d-48c0-a6ae-6112925b3d4a)
 - New and modified: 0

[11/May/2023:07:50:07] DELETING ACCOUNTS (JobID: 2174ad37-d24d-48c0-a6ae-6112925b3d4a)
 - Deleted: 0

[11/May/2023:07:51:05] UPDATING PRODUCTS (JobID: bc3fca40-5b04-480d-83f6-80740d55b52b)
 - New and modified: 0

[11/May/2023:07:51:10] UPDATING PREPAGATI (JobID: 0c908af9-37e5-48f4-9f76-3a30b402994d)
 - New and modified: 0

[11/May/2023:07:51:10] DELETING PREPAGATI (JobID: 0c908af9-37e5-48f4-9f76-3a30b402994d)
 - Deleted: 0

[11/May/2023:08:00:05] UPDATING ACCOUNTS (JobID: b3e81de4-6e64-4336-bc81-d6daa140d0d7)
 - New and modified: 0

[11/May/2023:08:00:05] DELETING ACCOUNTS (JobID: b3e81de4-6e64-4336-bc81-d6daa140d0d7)
 - Deleted: 0

[11/May/2023:08:01:18] UPDATING PRODUCTS (JobID: 8eb023d1-0fb5-4f3c-9a23-d582af39bc1a)
 - New and modified: 0

[11/May/2023:08:01:30] UPDATING PREPAGATI (JobID: 3463229c-b920-4c2f-a3bd-e28e70265e20)
 - New and modified: 0

[11/May/2023:08:01:31] DELETING PREPAGATI (JobID: 3463229c-b920-4c2f-a3bd-e28e70265e20)
 - Deleted: 0

[11/May/2023:08:10:19] UPDATING ACCOUNTS (JobID: 313e73c1-d1e9-4e18-8551-d80f247fc153)
 - New and modified: 0

[11/May/2023:08:10:19] DELETING ACCOUNTS (JobID: 313e73c1-d1e9-4e18-8551-d80f247fc153)
 - Deleted: 0

[11/May/2023:08:12:47] UPDATING PRODUCTS (JobID: 16693599-461b-486a-8e42-0f25172488d0)
 - New and modified: 0

[11/May/2023:08:12:49] UPDATING PREPAGATI (JobID: 5709b21a-ecb3-4227-90e0-93e1c965a528)
 - New and modified: 0

[11/May/2023:08:12:49] DELETING PREPAGATI (JobID: 5709b21a-ecb3-4227-90e0-93e1c965a528)
 - Deleted: 0

[11/May/2023:08:20:08] UPDATING ACCOUNTS (JobID: 5a0bf084-05fc-4ebc-8e00-797eee598a4b)
 - New and modified: 0

[11/May/2023:08:20:08] DELETING ACCOUNTS (JobID: 5a0bf084-05fc-4ebc-8e00-797eee598a4b)
 - Deleted: 0

[11/May/2023:08:21:14] UPDATING PRODUCTS (JobID: abe45f06-7821-4db5-bf23-0c1cbc72a24f)
 - New and modified: 0

[11/May/2023:08:21:18] UPDATING PREPAGATI (JobID: 86392f01-1f7f-437a-bbdd-9433de30c79d)
 - New and modified: 0

[11/May/2023:08:21:18] DELETING PREPAGATI (JobID: 86392f01-1f7f-437a-bbdd-9433de30c79d)
 - Deleted: 0

[11/May/2023:08:30:12] UPDATING ACCOUNTS (JobID: bbf3f151-a291-4c53-82ee-9fc3c64d4bf8)
 - New and modified: 0

[11/May/2023:08:30:12] DELETING ACCOUNTS (JobID: bbf3f151-a291-4c53-82ee-9fc3c64d4bf8)
 - Deleted: 0

[11/May/2023:08:31:22] UPDATING PRODUCTS (JobID: 2f69a9d7-5d56-4f3b-899a-c523e803c421)
 - New and modified: 0

[11/May/2023:08:31:26] UPDATING PREPAGATI (JobID: e9fd04ad-4019-4967-87a9-2e3f531f3390)
 - New and modified: 0

[11/May/2023:08:31:26] DELETING PREPAGATI (JobID: e9fd04ad-4019-4967-87a9-2e3f531f3390)
 - Deleted: 0

[11/May/2023:08:40:06] UPDATING ACCOUNTS (JobID: 28de4559-235d-4858-90b5-7bb56e6d4d9b)
 - New and modified: 0

[11/May/2023:08:40:06] DELETING ACCOUNTS (JobID: 28de4559-235d-4858-90b5-7bb56e6d4d9b)
 - Deleted: 0

[11/May/2023:08:41:09] UPDATING PRODUCTS (JobID: 4c144f46-7fa9-46b9-a5cc-d2a78b9c9017)
 - New and modified: 0

[11/May/2023:08:41:12] UPDATING PREPAGATI (JobID: d09e645d-c06d-48f0-bb88-2d0ea5c76bce)
 - New and modified: 0

[11/May/2023:08:41:12] DELETING PREPAGATI (JobID: d09e645d-c06d-48f0-bb88-2d0ea5c76bce)
 - Deleted: 0

[11/May/2023:08:50:07] UPDATING ACCOUNTS (JobID: 26672933-9bf9-4fe9-b8aa-417dbefc9120)
 - New and modified: 0

[11/May/2023:08:50:07] DELETING ACCOUNTS (JobID: 26672933-9bf9-4fe9-b8aa-417dbefc9120)
 - Deleted: 0

[11/May/2023:08:51:09] UPDATING PRODUCTS (JobID: 45ffbd53-e67b-45b9-9280-47748a2853b3)
 - New and modified: 0

[11/May/2023:08:51:12] UPDATING PREPAGATI (JobID: 0e714355-d6d1-4f2c-949a-49bb76b5e680)
 - New and modified: 0

[11/May/2023:08:51:12] DELETING PREPAGATI (JobID: 0e714355-d6d1-4f2c-949a-49bb76b5e680)
 - Deleted: 0

[11/May/2023:09:00:05] UPDATING ACCOUNTS (JobID: 4ab2ed53-721d-4037-bde5-9e8498eaa6a7)
 - New and modified: 0

[11/May/2023:09:00:05] DELETING ACCOUNTS (JobID: 4ab2ed53-721d-4037-bde5-9e8498eaa6a7)
 - Deleted: 0

[11/May/2023:09:01:22] UPDATING PRODUCTS (JobID: dfd3ab57-62dc-436b-9c7a-343dde60bbae)
 - New and modified: 0

[11/May/2023:09:01:30] UPDATING PREPAGATI (JobID: 0234e2de-b712-44bc-ae56-ae6896b1405b)
 - New and modified: 0

[11/May/2023:09:01:31] DELETING PREPAGATI (JobID: 0234e2de-b712-44bc-ae56-ae6896b1405b)
 - Deleted: 0

[11/May/2023:09:12:00] UPDATING ACCOUNTS (JobID: 881b3d5e-d53e-4558-bd64-8af8d9c2988b)
 - New and modified: 0

[11/May/2023:09:12:00] DELETING ACCOUNTS (JobID: 881b3d5e-d53e-4558-bd64-8af8d9c2988b)
 - Deleted: 0

[11/May/2023:09:15:54] UPDATING PRODUCTS (JobID: 303034b2-0bb4-4e9d-a265-71fe48e28639)
 - New and modified: 0

[11/May/2023:09:16:12] UPDATING PREPAGATI (JobID: 5e210dd9-5e91-4945-b089-467f44b2bb5c)
 - New and modified: 0

[11/May/2023:09:16:12] DELETING PREPAGATI (JobID: 5e210dd9-5e91-4945-b089-467f44b2bb5c)
 - Deleted: 0

[11/May/2023:09:30:06] UPDATING ACCOUNTS (JobID: ab5ba1b4-64b6-4b86-9785-cee8c85878a5)
 - New and modified: 0

[11/May/2023:09:30:06] DELETING ACCOUNTS (JobID: ab5ba1b4-64b6-4b86-9785-cee8c85878a5)
 - Deleted: 0

[11/May/2023:09:31:06] UPDATING PRODUCTS (JobID: 81bb41b7-0cbd-4340-9392-122283659c99)
 - New and modified: 0

[11/May/2023:09:31:13] UPDATING PREPAGATI (JobID: 59d6aa09-4275-4a1c-a14e-7bda34647391)
 - New and modified: 0

[11/May/2023:09:31:13] DELETING PREPAGATI (JobID: 59d6aa09-4275-4a1c-a14e-7bda34647391)
 - Deleted: 0

[11/May/2023:09:40:10] UPDATING ACCOUNTS (JobID: 929d864b-240a-4a51-84ee-1e49b5a54cd2)
 - New and modified: 0

[11/May/2023:09:40:10] DELETING ACCOUNTS (JobID: 929d864b-240a-4a51-84ee-1e49b5a54cd2)
 - Deleted: 0

[11/May/2023:09:41:08] UPDATING PRODUCTS (JobID: 92d3e2d7-cda8-4dfe-805b-6959108ccbdd)
 - New and modified: 0

[11/May/2023:09:41:11] UPDATING PREPAGATI (JobID: 0d741c51-db69-420b-94c9-c5f0ac59798e)
 - New and modified: 0

[11/May/2023:09:41:11] DELETING PREPAGATI (JobID: 0d741c51-db69-420b-94c9-c5f0ac59798e)
 - Deleted: 0

[11/May/2023:09:50:09] UPDATING ACCOUNTS (JobID: 14f4aa95-4a4b-49ff-b341-4bb8c94d2e2a)
 - New and modified: 0

[11/May/2023:09:50:09] DELETING ACCOUNTS (JobID: 14f4aa95-4a4b-49ff-b341-4bb8c94d2e2a)
 - Deleted: 0

[11/May/2023:09:51:10] UPDATING PRODUCTS (JobID: b53c0d6f-8b1f-4aac-ad75-b784b53938d2)
 - New and modified: 0

[11/May/2023:09:51:13] UPDATING PREPAGATI (JobID: 81bca04e-3a7a-4902-9f08-a3679f1db20e)
 - New and modified: 0

[11/May/2023:09:51:13] DELETING PREPAGATI (JobID: 81bca04e-3a7a-4902-9f08-a3679f1db20e)
 - Deleted: 0

[11/May/2023:10:00:13] UPDATING ACCOUNTS (JobID: ed1d8977-e277-4a7e-9309-e1f2089b6c70)
 - New and modified: 0

[11/May/2023:10:00:13] DELETING ACCOUNTS (JobID: ed1d8977-e277-4a7e-9309-e1f2089b6c70)
 - Deleted: 0

[11/May/2023:10:01:41] UPDATING PRODUCTS (JobID: caa70af0-7d11-4fc2-95c6-8e8a540fcde0)
 - New and modified: 0

[11/May/2023:10:01:47] UPDATING PREPAGATI (JobID: 1d74b4bb-1745-4af5-b589-7e91e34cc064)
 - New and modified: 0

[11/May/2023:10:01:47] DELETING PREPAGATI (JobID: 1d74b4bb-1745-4af5-b589-7e91e34cc064)
 - Deleted: 0

[11/May/2023:10:10:27] UPDATING ACCOUNTS (JobID: c0c8d6e2-fe5a-4068-989e-e570f96d8cce)
 - New and modified: 0

[11/May/2023:10:10:27] DELETING ACCOUNTS (JobID: c0c8d6e2-fe5a-4068-989e-e570f96d8cce)
 - Deleted: 0

[11/May/2023:10:12:19] UPDATING PRODUCTS (JobID: d0d9493d-b6db-47ee-a8bb-cf6e7e3d52fa)
 - New and modified: 0

[11/May/2023:10:12:23] UPDATING PREPAGATI (JobID: 07c2693e-9132-4f46-855c-4321aa1f2377)
 - New and modified: 0

[11/May/2023:10:12:23] DELETING PREPAGATI (JobID: 07c2693e-9132-4f46-855c-4321aa1f2377)
 - Deleted: 0

[11/May/2023:10:20:08] UPDATING ACCOUNTS (JobID: 6d26bbdb-02e2-4a50-ab10-2b008c684971)
 - New and modified: 0

[11/May/2023:10:20:08] DELETING ACCOUNTS (JobID: 6d26bbdb-02e2-4a50-ab10-2b008c684971)
 - Deleted: 0

[11/May/2023:10:21:17] UPDATING PRODUCTS (JobID: b88d6ac3-6f02-4c2b-9f9f-78016299fa24)
 - New and modified: 0

[11/May/2023:10:21:20] UPDATING PREPAGATI (JobID: c33b7985-6973-43ac-9ea3-9fcd6ff6f98a)
 - New and modified: 0

[11/May/2023:10:21:20] DELETING PREPAGATI (JobID: c33b7985-6973-43ac-9ea3-9fcd6ff6f98a)
 - Deleted: 0

[11/May/2023:10:30:05] UPDATING ACCOUNTS (JobID: 4ba8efe4-70b6-48e9-ab34-d081365d603c)
 - New and modified: 0

[11/May/2023:10:30:05] DELETING ACCOUNTS (JobID: 4ba8efe4-70b6-48e9-ab34-d081365d603c)
 - Deleted: 0

[11/May/2023:10:30:58] UPDATING PRODUCTS (JobID: dc7a42cb-573e-4805-a59e-e8b715b2f693)
 - New and modified: 0

[11/May/2023:10:31:01] UPDATING PREPAGATI (JobID: 0b53a4a1-e2f8-4e11-bd53-26bf352c84bc)
 - New and modified: 0

[11/May/2023:10:31:01] DELETING PREPAGATI (JobID: 0b53a4a1-e2f8-4e11-bd53-26bf352c84bc)
 - Deleted: 0

[11/May/2023:10:40:07] UPDATING ACCOUNTS (JobID: 58b64fa5-3b8f-4816-967f-88f5ee13d889)
 - New and modified: 0

[11/May/2023:10:40:07] DELETING ACCOUNTS (JobID: 58b64fa5-3b8f-4816-967f-88f5ee13d889)
 - Deleted: 0

[11/May/2023:10:41:03] UPDATING PRODUCTS (JobID: 4fcb5aad-3f4c-4299-b26b-c0067e773ebc)
 - New and modified: 0

[11/May/2023:10:41:10] UPDATING PREPAGATI (JobID: 25b39c6e-53b8-4660-84f7-e5c301d4870d)
 - New and modified: 0

[11/May/2023:10:41:10] DELETING PREPAGATI (JobID: 25b39c6e-53b8-4660-84f7-e5c301d4870d)
 - Deleted: 0

[11/May/2023:10:50:10] UPDATING ACCOUNTS (JobID: a83ee75a-b12c-4ea5-b8a2-f29f5dda8a4e)
 - New and modified: 0

[11/May/2023:10:50:10] DELETING ACCOUNTS (JobID: a83ee75a-b12c-4ea5-b8a2-f29f5dda8a4e)
 - Deleted: 0

[11/May/2023:10:51:04] UPDATING PRODUCTS (JobID: 71cf0bf3-a0f7-4f9a-9e0f-774479b79d05)
 - New and modified: 0

[11/May/2023:10:51:07] UPDATING PREPAGATI (JobID: 1d544de6-1fc7-4581-84a5-c7a662985130)
 - New and modified: 0

[11/May/2023:10:51:07] DELETING PREPAGATI (JobID: 1d544de6-1fc7-4581-84a5-c7a662985130)
 - Deleted: 0

[11/May/2023:11:00:05] UPDATING ACCOUNTS (JobID: 4badbcc7-4ab1-4d60-8fb3-2ef6bb15c74b)
 - New and modified: 0

[11/May/2023:11:00:05] DELETING ACCOUNTS (JobID: 4badbcc7-4ab1-4d60-8fb3-2ef6bb15c74b)
 - Deleted: 0

[11/May/2023:11:01:30] UPDATING PRODUCTS (JobID: 5c64b587-888d-4a9c-acc7-431728ea5992)
 - New and modified: 0

[11/May/2023:11:01:35] UPDATING PREPAGATI (JobID: 46d1c99e-2802-4f7d-8c35-95976b60bf5b)
 - New and modified: 0

[11/May/2023:11:01:35] DELETING PREPAGATI (JobID: 46d1c99e-2802-4f7d-8c35-95976b60bf5b)
 - Deleted: 0

[11/May/2023:11:10:50] UPDATING ACCOUNTS (JobID: 49c172e5-6c12-4bfc-860b-dd15533f643e)
 - New and modified: 0

[11/May/2023:11:10:50] DELETING ACCOUNTS (JobID: 49c172e5-6c12-4bfc-860b-dd15533f643e)
 - Deleted: 0

[11/May/2023:11:13:32] UPDATING PRODUCTS (JobID: ce0ef1df-b657-419c-8d11-7abf08b3637b)
 - New and modified: 0

[11/May/2023:11:13:48] UPDATING PREPAGATI (JobID: 99493965-31ca-4f1b-852e-63a7b28588f3)
 - New and modified: 0

[11/May/2023:11:13:48] DELETING PREPAGATI (JobID: 99493965-31ca-4f1b-852e-63a7b28588f3)
 - Deleted: 0

[11/May/2023:11:20:06] UPDATING ACCOUNTS (JobID: bc766def-bb18-4edc-93b2-79d32eb66aa1)
 - New and modified: 0

[11/May/2023:11:20:06] DELETING ACCOUNTS (JobID: bc766def-bb18-4edc-93b2-79d32eb66aa1)
 - Deleted: 0

[11/May/2023:11:21:12] UPDATING PRODUCTS (JobID: adb53e4c-e838-4141-9455-7cddb78114ba)
 - New and modified: 0

[11/May/2023:11:21:22] UPDATING PREPAGATI (JobID: a0ce8695-b116-437f-accc-52e3466aba22)
 - New and modified: 0

[11/May/2023:11:21:22] DELETING PREPAGATI (JobID: a0ce8695-b116-437f-accc-52e3466aba22)
 - Deleted: 0

[11/May/2023:11:30:06] UPDATING ACCOUNTS (JobID: bbb844d6-8488-4e5e-8d3d-add068e6d8d0)
 - New and modified: 0

[11/May/2023:11:30:06] DELETING ACCOUNTS (JobID: bbb844d6-8488-4e5e-8d3d-add068e6d8d0)
 - Deleted: 0

[11/May/2023:11:31:03] UPDATING PRODUCTS (JobID: d642aeb5-8bc5-40f9-930a-226c07762c92)
 - New and modified: 0

[11/May/2023:11:31:05] UPDATING PREPAGATI (JobID: 3f2a7a01-55c8-4c5c-87f8-244f72a552b7)
 - New and modified: 0

[11/May/2023:11:31:05] DELETING PREPAGATI (JobID: 3f2a7a01-55c8-4c5c-87f8-244f72a552b7)
 - Deleted: 0

[11/May/2023:11:40:09] UPDATING ACCOUNTS (JobID: 71b8b3d2-0bb0-4c3d-a7ce-06af17c908c1)
 - New and modified: 0

[11/May/2023:11:40:09] DELETING ACCOUNTS (JobID: 71b8b3d2-0bb0-4c3d-a7ce-06af17c908c1)
 - Deleted: 0

[11/May/2023:11:41:00] UPDATING PRODUCTS (JobID: c8d10e9f-d3e7-4052-a68f-a8abeaaa06c7)
 - New and modified: 0

[11/May/2023:11:41:04] UPDATING PREPAGATI (JobID: 8f480604-58df-4804-abad-eaeda29dd698)
 - New and modified: 0

[11/May/2023:11:41:04] DELETING PREPAGATI (JobID: 8f480604-58df-4804-abad-eaeda29dd698)
 - Deleted: 0

[11/May/2023:11:50:05] UPDATING ACCOUNTS (JobID: 8407da01-d03c-46f2-950d-669c8ff6ac98)
 - New and modified: 0

[11/May/2023:11:50:05] DELETING ACCOUNTS (JobID: 8407da01-d03c-46f2-950d-669c8ff6ac98)
 - Deleted: 0

[11/May/2023:11:51:01] UPDATING PRODUCTS (JobID: 13837c95-28e4-479a-a8f0-c0b520f48f7a)
 - New and modified: 0

[11/May/2023:11:51:03] UPDATING PREPAGATI (JobID: 9757ec55-f009-45c2-90e3-e79a3018b948)
 - New and modified: 0

[11/May/2023:11:51:03] DELETING PREPAGATI (JobID: 9757ec55-f009-45c2-90e3-e79a3018b948)
 - Deleted: 0

[11/May/2023:12:00:05] UPDATING ACCOUNTS (JobID: c7bfccb7-3dfb-424d-9349-af1f689269a4)
 - New and modified: 0

[11/May/2023:12:00:05] DELETING ACCOUNTS (JobID: c7bfccb7-3dfb-424d-9349-af1f689269a4)
 - Deleted: 0

[11/May/2023:12:01:07] UPDATING PRODUCTS (JobID: 2b6e3306-706c-4f73-a037-a390b2da3815)
 - New and modified: 0

[11/May/2023:12:01:14] UPDATING PREPAGATI (JobID: e62736fb-6164-43b9-9365-68edca8f8d3a)
 - New and modified: 0

[11/May/2023:12:01:14] DELETING PREPAGATI (JobID: e62736fb-6164-43b9-9365-68edca8f8d3a)
 - Deleted: 0

[11/May/2023:12:10:19] UPDATING ACCOUNTS (JobID: e3a7a7ac-e687-4271-b82c-6a54d770a5b0)
 - New and modified: 0

[11/May/2023:12:10:19] DELETING ACCOUNTS (JobID: e3a7a7ac-e687-4271-b82c-6a54d770a5b0)
 - Deleted: 0

[11/May/2023:12:13:52] UPDATING PRODUCTS (JobID: bba9273f-1bdc-4e16-803e-f26e6ebd4421)
 - New and modified: 0

[11/May/2023:12:13:57] UPDATING PREPAGATI (JobID: 8cb8d228-4393-4295-94b8-a2d6a292375f)
 - New and modified: 0

[11/May/2023:12:13:57] DELETING PREPAGATI (JobID: 8cb8d228-4393-4295-94b8-a2d6a292375f)
 - Deleted: 0

[11/May/2023:12:20:52] UPDATING ACCOUNTS (JobID: a5e84307-fd80-4b05-89c3-ba86f4156a0d)
 - New and modified: 0

[11/May/2023:12:20:52] DELETING ACCOUNTS (JobID: a5e84307-fd80-4b05-89c3-ba86f4156a0d)
 - Deleted: 0

[11/May/2023:12:22:44] UPDATING PRODUCTS (JobID: 6476f4ff-a8ca-4d3e-bb4c-e561a2cfdb02)
 - New and modified: 0

[11/May/2023:12:22:47] UPDATING PREPAGATI (JobID: 5cf49743-2572-4361-8553-98ec491d5944)
 - New and modified: 0

[11/May/2023:12:22:47] DELETING PREPAGATI (JobID: 5cf49743-2572-4361-8553-98ec491d5944)
 - Deleted: 0

[11/May/2023:12:30:06] UPDATING ACCOUNTS (JobID: 613a2846-bbb6-4525-8da4-1239ff37e683)
 - New and modified: 0

[11/May/2023:12:30:06] DELETING ACCOUNTS (JobID: 613a2846-bbb6-4525-8da4-1239ff37e683)
 - Deleted: 0

[11/May/2023:12:31:05] UPDATING PRODUCTS (JobID: 2ad8d9a4-f41b-4803-afe6-4cf315c349a4)
 - New and modified: 0

[11/May/2023:12:31:09] UPDATING PREPAGATI (JobID: 82e00b50-5c77-4388-9afa-19baaee7259b)
 - New and modified: 0

[11/May/2023:12:31:09] DELETING PREPAGATI (JobID: 82e00b50-5c77-4388-9afa-19baaee7259b)
 - Deleted: 0

[11/May/2023:12:40:06] UPDATING ACCOUNTS (JobID: 8a4d2e74-fa89-4c8b-a008-09f56b83fbe6)
 - New and modified: 0

[11/May/2023:12:40:06] DELETING ACCOUNTS (JobID: 8a4d2e74-fa89-4c8b-a008-09f56b83fbe6)
 - Deleted: 0

[11/May/2023:12:41:09] UPDATING PRODUCTS (JobID: 6d501299-5dc0-41db-a1c2-757d8374c67f)
 - New and modified: 0

[11/May/2023:12:41:14] UPDATING PREPAGATI (JobID: 983d9cbe-dd87-4dbb-bb3b-f25e5bb357d0)
 - New and modified: 0

[11/May/2023:12:41:14] DELETING PREPAGATI (JobID: 983d9cbe-dd87-4dbb-bb3b-f25e5bb357d0)
 - Deleted: 0

[11/May/2023:12:50:05] UPDATING ACCOUNTS (JobID: 57507723-a740-4de0-95a1-d7d16431cb43)
 - New and modified: 0

[11/May/2023:12:50:05] DELETING ACCOUNTS (JobID: 57507723-a740-4de0-95a1-d7d16431cb43)
 - Deleted: 0

[11/May/2023:12:51:02] UPDATING PRODUCTS (JobID: f022fdc8-045a-4842-a4fd-40215c65515d)
 - New and modified: 0

[11/May/2023:12:51:05] UPDATING PREPAGATI (JobID: 09a566b9-22fb-4e19-b09b-17e91861bf7b)
 - New and modified: 0

[11/May/2023:12:51:05] DELETING PREPAGATI (JobID: 09a566b9-22fb-4e19-b09b-17e91861bf7b)
 - Deleted: 0

[11/May/2023:13:00:06] UPDATING ACCOUNTS (JobID: 4ae326f6-765e-4acd-8a96-ec50a96e1614)
 - New and modified: 0

[11/May/2023:13:00:06] DELETING ACCOUNTS (JobID: 4ae326f6-765e-4acd-8a96-ec50a96e1614)
 - Deleted: 0

[11/May/2023:13:01:13] UPDATING PRODUCTS (JobID: 0d2b8070-4730-4edc-bf35-6f592df47142)
 - New and modified: 0

[11/May/2023:13:01:20] UPDATING PREPAGATI (JobID: 7bb6bab2-8925-43e5-ab80-1bbcec7c4928)
 - New and modified: 0

[11/May/2023:13:01:20] DELETING PREPAGATI (JobID: 7bb6bab2-8925-43e5-ab80-1bbcec7c4928)
 - Deleted: 0

[11/May/2023:13:10:10] UPDATING ACCOUNTS (JobID: eaddca28-5913-4da9-b84f-09abee6efeae)
 - New and modified: 0

[11/May/2023:13:10:10] DELETING ACCOUNTS (JobID: eaddca28-5913-4da9-b84f-09abee6efeae)
 - Deleted: 0

[11/May/2023:13:12:50] UPDATING PRODUCTS (JobID: 5188521e-5214-44ba-8011-5c43ce29e123)
 - New and modified: 0

[11/May/2023:13:13:04] UPDATING PREPAGATI (JobID: e620f44b-3094-4f3e-89a8-c9cb4398c382)
 - New and modified: 0

[11/May/2023:13:13:04] DELETING PREPAGATI (JobID: e620f44b-3094-4f3e-89a8-c9cb4398c382)
 - Deleted: 0

[11/May/2023:13:20:07] UPDATING ACCOUNTS (JobID: c374dcd1-4fae-4030-a5cb-5948f385d4dc)
 - New and modified: 0

[11/May/2023:13:20:07] DELETING ACCOUNTS (JobID: c374dcd1-4fae-4030-a5cb-5948f385d4dc)
 - Deleted: 0

[11/May/2023:13:21:28] UPDATING PRODUCTS (JobID: 89825d3f-6f63-44c7-8664-eabce65c8099)
 - New and modified: 0

[11/May/2023:13:21:31] UPDATING PREPAGATI (JobID: dc654ba7-72ac-4d00-8b1e-70592daf4677)
 - New and modified: 0

[11/May/2023:13:21:31] DELETING PREPAGATI (JobID: dc654ba7-72ac-4d00-8b1e-70592daf4677)
 - Deleted: 0

[11/May/2023:13:30:11] UPDATING ACCOUNTS (JobID: 982cedf5-dcd6-43a1-8143-f50b5ca23d68)
 - New and modified: 0

[11/May/2023:13:30:11] DELETING ACCOUNTS (JobID: 982cedf5-dcd6-43a1-8143-f50b5ca23d68)
 - Deleted: 0

[11/May/2023:13:31:10] UPDATING PRODUCTS (JobID: d9252aa6-7a41-471a-98b6-71fea93f4f91)
 - New and modified: 0

[11/May/2023:13:31:13] UPDATING PREPAGATI (JobID: 9e873f01-711f-4d49-91ce-834097286cc0)
 - New and modified: 0

[11/May/2023:13:31:13] DELETING PREPAGATI (JobID: 9e873f01-711f-4d49-91ce-834097286cc0)
 - Deleted: 0

[11/May/2023:13:40:07] UPDATING ACCOUNTS (JobID: 84c4e75f-28ba-438e-876e-20a784c5df91)
 - New and modified: 0

[11/May/2023:13:40:07] DELETING ACCOUNTS (JobID: 84c4e75f-28ba-438e-876e-20a784c5df91)
 - Deleted: 0

[11/May/2023:13:40:59] UPDATING PRODUCTS (JobID: 615383b0-4733-41a4-998b-84166bdb45d1)
 - New and modified: 0

[11/May/2023:13:41:02] UPDATING PREPAGATI (JobID: f87e7e03-c8c5-4842-9897-44e18d42889c)
 - New and modified: 0

[11/May/2023:13:41:02] DELETING PREPAGATI (JobID: f87e7e03-c8c5-4842-9897-44e18d42889c)
 - Deleted: 0

[11/May/2023:13:50:07] UPDATING ACCOUNTS (JobID: f9076a68-95ae-481c-8f18-31452d70d4f9)
 - New and modified: 0

[11/May/2023:13:50:07] DELETING ACCOUNTS (JobID: f9076a68-95ae-481c-8f18-31452d70d4f9)
 - Deleted: 0

[11/May/2023:13:51:05] UPDATING PRODUCTS (JobID: 5f60f2d2-718f-4107-94ad-76014a4c893f)
 - New and modified: 0

[11/May/2023:13:51:09] UPDATING PREPAGATI (JobID: ab2154cc-91cb-4d78-91bc-c20b80b160c6)
 - New and modified: 0

[11/May/2023:13:51:09] DELETING PREPAGATI (JobID: ab2154cc-91cb-4d78-91bc-c20b80b160c6)
 - Deleted: 0

[11/May/2023:14:00:08] UPDATING ACCOUNTS (JobID: 67837201-5bda-4189-acaf-9c6ef7362c49)
 - New and modified: 0

[11/May/2023:14:00:08] DELETING ACCOUNTS (JobID: 67837201-5bda-4189-acaf-9c6ef7362c49)
 - Deleted: 0

[11/May/2023:14:01:18] UPDATING PRODUCTS (JobID: 653d87b7-b684-46fe-8fc4-3bb7deaeb1e9)
 - New and modified: 0

[11/May/2023:14:01:24] UPDATING PREPAGATI (JobID: dfb810a8-4481-47c2-b5af-6673f789922f)
 - New and modified: 0

[11/May/2023:14:01:24] DELETING PREPAGATI (JobID: dfb810a8-4481-47c2-b5af-6673f789922f)
 - Deleted: 0

[11/May/2023:14:10:25] UPDATING ACCOUNTS (JobID: 368c35d1-f84a-4293-907a-ef58f99b3adc)
 - New and modified: 0

[11/May/2023:14:10:25] DELETING ACCOUNTS (JobID: 368c35d1-f84a-4293-907a-ef58f99b3adc)
 - Deleted: 0

[11/May/2023:14:12:42] UPDATING PRODUCTS (JobID: 041ec52b-b636-44e0-89b9-fa517b991507)
 - New and modified: 0

[11/May/2023:14:12:57] UPDATING PREPAGATI (JobID: 6287dc60-b3c3-4975-9cd8-dd9eb5355542)
 - New and modified: 0

[11/May/2023:14:12:57] DELETING PREPAGATI (JobID: 6287dc60-b3c3-4975-9cd8-dd9eb5355542)
 - Deleted: 0

[11/May/2023:14:30:05] UPDATING ACCOUNTS (JobID: 7a3a951f-7afe-44cb-8fef-01bc73fb0d2c)
 - New and modified: 0

[11/May/2023:14:30:05] DELETING ACCOUNTS (JobID: 7a3a951f-7afe-44cb-8fef-01bc73fb0d2c)
 - Deleted: 0

[11/May/2023:14:30:46] UPDATING PRODUCTS (JobID: dc85238f-8733-40be-8aad-c0ffd3eaf1e5)
 - New and modified: 0

[11/May/2023:14:30:47] UPDATING PREPAGATI (JobID: 009bb880-0284-4678-9f5f-6ce689b52a26)
 - New and modified: 0

[11/May/2023:14:30:47] DELETING PREPAGATI (JobID: 009bb880-0284-4678-9f5f-6ce689b52a26)
 - Deleted: 0

[11/May/2023:14:40:05] UPDATING ACCOUNTS (JobID: c528c5d5-22e0-4664-853a-9af31d663d8f)
 - New and modified: 0

[11/May/2023:14:40:05] DELETING ACCOUNTS (JobID: c528c5d5-22e0-4664-853a-9af31d663d8f)
 - Deleted: 0

[11/May/2023:14:40:43] UPDATING PRODUCTS (JobID: f485d1dd-bc8b-44da-916c-d9b224106c17)
 - New and modified: 0

[11/May/2023:14:40:44] UPDATING PREPAGATI (JobID: 0bb2bff0-dfea-458a-b5bc-95c7b690b176)
 - New and modified: 0

[11/May/2023:14:40:44] DELETING PREPAGATI (JobID: 0bb2bff0-dfea-458a-b5bc-95c7b690b176)
 - Deleted: 0

[11/May/2023:14:50:04] UPDATING ACCOUNTS (JobID: 41c4bf27-4591-4ad6-98c6-b76a8ddefed7)
 - New and modified: 0

[11/May/2023:14:50:04] DELETING ACCOUNTS (JobID: 41c4bf27-4591-4ad6-98c6-b76a8ddefed7)
 - Deleted: 0

[11/May/2023:14:50:43] UPDATING PRODUCTS (JobID: 95836699-ffd9-460d-8a74-f86fe00648bb)
 - New and modified: 0

[11/May/2023:14:50:48] UPDATING PREPAGATI (JobID: ddd166f5-bb45-49fe-8b01-919866dee965)
 - New and modified: 0

[11/May/2023:14:50:48] DELETING PREPAGATI (JobID: ddd166f5-bb45-49fe-8b01-919866dee965)
 - Deleted: 0

[11/May/2023:15:00:04] UPDATING ACCOUNTS (JobID: f2025b05-0d49-4bf0-b900-a9dce379d475)
 - New and modified: 0

[11/May/2023:15:00:04] DELETING ACCOUNTS (JobID: f2025b05-0d49-4bf0-b900-a9dce379d475)
 - Deleted: 0

[11/May/2023:15:00:51] UPDATING PRODUCTS (JobID: 6079a188-d4f4-4785-aa55-17ce4ba2e041)
 - New and modified: 1
   U53XDE

[11/May/2023:15:00:54] UPDATING PREPAGATI (JobID: 146eb039-a975-42c0-8a85-02655ad275bd)
 - New and modified: 0

[11/May/2023:15:00:54] DELETING PREPAGATI (JobID: 146eb039-a975-42c0-8a85-02655ad275bd)
 - Deleted: 0

[11/May/2023:15:10:10] UPDATING ACCOUNTS (JobID: 06cd1fbe-7591-4c08-a2d5-6701edaa7700)
 - New and modified: 0

[11/May/2023:15:10:10] DELETING ACCOUNTS (JobID: 06cd1fbe-7591-4c08-a2d5-6701edaa7700)
 - Deleted: 0

[11/May/2023:15:11:43] UPDATING PRODUCTS (JobID: 0c3b59d7-f98e-4c2d-8063-9fe5c9dfd240)
 - New and modified: 0

[11/May/2023:15:11:47] UPDATING PREPAGATI (JobID: de9ea3e7-206d-42b5-887b-ad0808c73c5f)
 - New and modified: 0

[11/May/2023:15:11:47] DELETING PREPAGATI (JobID: de9ea3e7-206d-42b5-887b-ad0808c73c5f)
 - Deleted: 0

[11/May/2023:15:20:06] UPDATING ACCOUNTS (JobID: 74852b88-6f27-4dea-9957-89848ff0d07e)
 - New and modified: 0

[11/May/2023:15:20:06] DELETING ACCOUNTS (JobID: 74852b88-6f27-4dea-9957-89848ff0d07e)
 - Deleted: 0

[11/May/2023:15:20:52] UPDATING PRODUCTS (JobID: d5ad61ee-197d-4ebb-9e94-2042bc22b53c)
 - New and modified: 0

[11/May/2023:15:20:54] UPDATING PREPAGATI (JobID: 16aff668-594b-47cd-b1f0-6a3722a55073)
 - New and modified: 0

[11/May/2023:15:20:54] DELETING PREPAGATI (JobID: 16aff668-594b-47cd-b1f0-6a3722a55073)
 - Deleted: 0

[11/May/2023:15:30:06] UPDATING ACCOUNTS (JobID: 494c4f84-8248-4dc8-bc42-4709d435dbd8)
 - New and modified: 0

[11/May/2023:15:30:06] DELETING ACCOUNTS (JobID: 494c4f84-8248-4dc8-bc42-4709d435dbd8)
 - Deleted: 0

[11/May/2023:15:30:43] UPDATING PRODUCTS (JobID: 3c724ba3-2578-4c89-9202-5d10fcf25275)
 - New and modified: 0

[11/May/2023:15:30:45] UPDATING PREPAGATI (JobID: 7cea3f53-fd70-4cc2-a818-d0de18278b31)
 - New and modified: 0

[11/May/2023:15:30:45] DELETING PREPAGATI (JobID: 7cea3f53-fd70-4cc2-a818-d0de18278b31)
 - Deleted: 0

[11/May/2023:15:40:04] UPDATING ACCOUNTS (JobID: 86a68e25-81f8-4ab1-9019-8d8d876cc985)
 - New and modified: 0

[11/May/2023:15:40:04] DELETING ACCOUNTS (JobID: 86a68e25-81f8-4ab1-9019-8d8d876cc985)
 - Deleted: 0

[11/May/2023:15:40:50] UPDATING PRODUCTS (JobID: ac805880-bc7f-4e17-8d92-4f1ad03e8a9e)
 - New and modified: 0

[11/May/2023:15:40:52] UPDATING PREPAGATI (JobID: bf7cf488-28d2-48f1-a1cf-5d2721c1189b)
 - New and modified: 0

[11/May/2023:15:40:52] DELETING PREPAGATI (JobID: bf7cf488-28d2-48f1-a1cf-5d2721c1189b)
 - Deleted: 0

[11/May/2023:15:50:05] UPDATING ACCOUNTS (JobID: 9138398a-e5d9-4d48-8b29-a0476b53b615)
 - New and modified: 0

[11/May/2023:15:50:05] DELETING ACCOUNTS (JobID: 9138398a-e5d9-4d48-8b29-a0476b53b615)
 - Deleted: 0

[11/May/2023:15:50:41] UPDATING PRODUCTS (JobID: 19a84ec9-30c4-458d-94a8-2e7944d713b0)
 - New and modified: 0

[11/May/2023:15:50:43] UPDATING PREPAGATI (JobID: a9693e01-9025-43c3-8a76-aee2baed6cd8)
 - New and modified: 0

[11/May/2023:15:50:43] DELETING PREPAGATI (JobID: a9693e01-9025-43c3-8a76-aee2baed6cd8)
 - Deleted: 0

[11/May/2023:16:00:06] UPDATING ACCOUNTS (JobID: ef652b70-12e9-411f-8d5b-df30c079d335)
 - New and modified: 0

[11/May/2023:16:00:06] DELETING ACCOUNTS (JobID: ef652b70-12e9-411f-8d5b-df30c079d335)
 - Deleted: 0

[11/May/2023:16:00:43] UPDATING PRODUCTS (JobID: 20797eee-4347-45a0-93b9-e35fc2ee61c9)
 - New and modified: 0

[11/May/2023:16:00:45] UPDATING PREPAGATI (JobID: d92ded8d-f918-45b8-96ad-0764ffda82fc)
 - New and modified: 0

[11/May/2023:16:00:45] DELETING PREPAGATI (JobID: d92ded8d-f918-45b8-96ad-0764ffda82fc)
 - Deleted: 0

[11/May/2023:16:10:10] UPDATING ACCOUNTS (JobID: 63e816a3-87b5-4176-83df-8d6b30c1205a)
 - New and modified: 0

[11/May/2023:16:10:10] DELETING ACCOUNTS (JobID: 63e816a3-87b5-4176-83df-8d6b30c1205a)
 - Deleted: 0

[11/May/2023:16:11:25] UPDATING PRODUCTS (JobID: b6567542-db89-460c-9254-944105d6e4a0)
 - New and modified: 0

[11/May/2023:16:11:29] UPDATING PREPAGATI (JobID: d5111acf-5209-45e7-bdfb-48000f724b30)
 - New and modified: 0

[11/May/2023:16:11:29] DELETING PREPAGATI (JobID: d5111acf-5209-45e7-bdfb-48000f724b30)
 - Deleted: 0

[11/May/2023:16:20:04] UPDATING ACCOUNTS (JobID: 998baa94-eece-424d-ad9a-ff6e7c25d193)
 - New and modified: 0

[11/May/2023:16:20:04] DELETING ACCOUNTS (JobID: 998baa94-eece-424d-ad9a-ff6e7c25d193)
 - Deleted: 0

[11/May/2023:16:20:45] UPDATING PRODUCTS (JobID: 94eba653-7ec0-43b0-b350-879f21a78c96)
 - New and modified: 0

[11/May/2023:16:20:47] UPDATING PREPAGATI (JobID: d0f4734f-3cde-4658-abcb-fd06048190a1)
 - New and modified: 0

[11/May/2023:16:20:47] DELETING PREPAGATI (JobID: d0f4734f-3cde-4658-abcb-fd06048190a1)
 - Deleted: 0

[11/May/2023:16:30:04] UPDATING ACCOUNTS (JobID: d8800805-36e4-4288-aeca-37004facbd11)
 - New and modified: 0

[11/May/2023:16:30:04] DELETING ACCOUNTS (JobID: d8800805-36e4-4288-aeca-37004facbd11)
 - Deleted: 0

[11/May/2023:16:30:45] UPDATING PRODUCTS (JobID: c87bde90-bab3-4584-bd39-287c86ac9f67)
 - New and modified: 0

[11/May/2023:16:30:47] UPDATING PREPAGATI (JobID: ca9c7db8-f69d-4e6a-a72e-a5b2584c9c68)
 - New and modified: 0

[11/May/2023:16:30:47] DELETING PREPAGATI (JobID: ca9c7db8-f69d-4e6a-a72e-a5b2584c9c68)
 - Deleted: 0

[11/May/2023:16:40:04] UPDATING ACCOUNTS (JobID: abc8601c-f8fe-4aa4-b506-cce1c7bcba46)
 - New and modified: 0

[11/May/2023:16:40:04] DELETING ACCOUNTS (JobID: abc8601c-f8fe-4aa4-b506-cce1c7bcba46)
 - Deleted: 0

[11/May/2023:16:40:39] UPDATING PRODUCTS (JobID: 46377385-8b32-4731-b977-3630c3d714ee)
 - New and modified: 0

[11/May/2023:16:40:41] UPDATING PREPAGATI (JobID: 6566ed8b-0536-492b-a44f-41974af28902)
 - New and modified: 0

[11/May/2023:16:40:41] DELETING PREPAGATI (JobID: 6566ed8b-0536-492b-a44f-41974af28902)
 - Deleted: 0

[11/May/2023:16:50:04] UPDATING ACCOUNTS (JobID: ced4ada4-6617-4413-9047-ce383efb2bcb)
 - New and modified: 0

[11/May/2023:16:50:04] DELETING ACCOUNTS (JobID: ced4ada4-6617-4413-9047-ce383efb2bcb)
 - Deleted: 0

[11/May/2023:16:50:38] UPDATING PRODUCTS (JobID: 64441d9b-adec-4709-a931-2756c54d098b)
 - New and modified: 0

[11/May/2023:16:50:40] UPDATING PREPAGATI (JobID: e186724c-0798-4279-ae64-fa9330be8727)
 - New and modified: 0

[11/May/2023:16:50:40] DELETING PREPAGATI (JobID: e186724c-0798-4279-ae64-fa9330be8727)
 - Deleted: 0

[11/May/2023:17:00:05] UPDATING ACCOUNTS (JobID: 67e23138-ee67-415d-a429-8b5fe187ebe4)
 - New and modified: 0

[11/May/2023:17:00:05] DELETING ACCOUNTS (JobID: 67e23138-ee67-415d-a429-8b5fe187ebe4)
 - Deleted: 0

[11/May/2023:17:00:41] UPDATING PRODUCTS (JobID: b4408f60-99a5-49d2-9bd8-f50782404f8b)
 - New and modified: 0

[11/May/2023:17:00:44] UPDATING PREPAGATI (JobID: 5eac42a2-dc9c-466d-a189-203188ce30e8)
 - New and modified: 0

[11/May/2023:17:00:44] DELETING PREPAGATI (JobID: 5eac42a2-dc9c-466d-a189-203188ce30e8)
 - Deleted: 0

[11/May/2023:17:10:04] UPDATING ACCOUNTS (JobID: 38e9becb-19de-44eb-b91c-f840e24f0003)
 - New and modified: 0

[11/May/2023:17:10:04] DELETING ACCOUNTS (JobID: 38e9becb-19de-44eb-b91c-f840e24f0003)
 - Deleted: 0

[11/May/2023:17:10:50] UPDATING PRODUCTS (JobID: cec8f4be-23da-49ae-8a8d-27bbc3666ee7)
 - New and modified: 0

[11/May/2023:17:10:53] UPDATING PREPAGATI (JobID: 4da895ad-26fb-487a-9a02-0465f230535a)
 - New and modified: 0

[11/May/2023:17:10:53] DELETING PREPAGATI (JobID: 4da895ad-26fb-487a-9a02-0465f230535a)
 - Deleted: 0

[11/May/2023:17:20:06] UPDATING ACCOUNTS (JobID: a2c3487a-2a2c-48d4-a7f4-1c2cce836966)
 - New and modified: 0

[11/May/2023:17:20:06] DELETING ACCOUNTS (JobID: a2c3487a-2a2c-48d4-a7f4-1c2cce836966)
 - Deleted: 0

[11/May/2023:17:20:43] UPDATING PRODUCTS (JobID: 7757d136-b01c-4ba6-aee6-2d7a3afb757e)
 - New and modified: 0

[11/May/2023:17:20:45] UPDATING PREPAGATI (JobID: 481fe510-d98e-4faa-997b-8bd80984dc1c)
 - New and modified: 0

[11/May/2023:17:20:45] DELETING PREPAGATI (JobID: 481fe510-d98e-4faa-997b-8bd80984dc1c)
 - Deleted: 0

[11/May/2023:17:30:04] UPDATING ACCOUNTS (JobID: f4ae0fbe-9460-4fc9-9316-278da04e87fd)
 - New and modified: 0

[11/May/2023:17:30:04] DELETING ACCOUNTS (JobID: f4ae0fbe-9460-4fc9-9316-278da04e87fd)
 - Deleted: 0

[11/May/2023:17:30:38] UPDATING PRODUCTS (JobID: f04ae459-46eb-4aa0-b810-6176d85aef5f)
 - New and modified: 0

[11/May/2023:17:30:40] UPDATING PREPAGATI (JobID: b9c266c7-c05c-4666-8827-be40210966aa)
 - New and modified: 0

[11/May/2023:17:30:40] DELETING PREPAGATI (JobID: b9c266c7-c05c-4666-8827-be40210966aa)
 - Deleted: 0

[11/May/2023:17:40:06] UPDATING ACCOUNTS (JobID: 3fd34bdb-3bb3-437b-95a8-4a5c1a1842bd)
 - New and modified: 0

[11/May/2023:17:40:06] DELETING ACCOUNTS (JobID: 3fd34bdb-3bb3-437b-95a8-4a5c1a1842bd)
 - Deleted: 0

[11/May/2023:17:40:50] UPDATING PRODUCTS (JobID: 940279d6-8331-4501-959e-b74f4d7cfcd1)
 - New and modified: 0

[11/May/2023:17:40:51] UPDATING PREPAGATI (JobID: f3f5f7db-f2c9-4fc9-8d4d-dae869bff188)
 - New and modified: 0

[11/May/2023:17:40:51] DELETING PREPAGATI (JobID: f3f5f7db-f2c9-4fc9-8d4d-dae869bff188)
 - Deleted: 0

[11/May/2023:17:50:04] UPDATING ACCOUNTS (JobID: 6df6c2a5-504b-4bd3-ba44-95c055fea1de)
 - New and modified: 0

[11/May/2023:17:50:04] DELETING ACCOUNTS (JobID: 6df6c2a5-504b-4bd3-ba44-95c055fea1de)
 - Deleted: 0

[11/May/2023:17:50:41] UPDATING PRODUCTS (JobID: 7712d70c-15ca-42c4-b75a-52f13d85dcdd)
 - New and modified: 0

[11/May/2023:17:50:43] UPDATING PREPAGATI (JobID: f66fbaa3-1cc4-4fd2-9c1e-4e63cb8b780c)
 - New and modified: 0

[11/May/2023:17:50:43] DELETING PREPAGATI (JobID: f66fbaa3-1cc4-4fd2-9c1e-4e63cb8b780c)
 - Deleted: 0

[11/May/2023:18:00:08] UPDATING ACCOUNTS (JobID: 5b31b7b2-8938-4dfe-9235-0893b11b1231)
 - New and modified: 0

[11/May/2023:18:00:08] DELETING ACCOUNTS (JobID: 5b31b7b2-8938-4dfe-9235-0893b11b1231)
 - Deleted: 0

[11/May/2023:18:01:13] UPDATING PRODUCTS (JobID: 94f3df04-e8fc-41ae-a071-2a822b852cf6)
 - New and modified: 0

[11/May/2023:18:01:18] UPDATING PREPAGATI (JobID: c0f5ace3-d753-444f-bdf1-5ee09af5c09c)
 - New and modified: 0

[11/May/2023:18:01:18] DELETING PREPAGATI (JobID: c0f5ace3-d753-444f-bdf1-5ee09af5c09c)
 - Deleted: 0

[11/May/2023:18:10:06] UPDATING ACCOUNTS (JobID: 4cf04b93-3118-4c92-bc51-0a679ad87820)
 - New and modified: 0

[11/May/2023:18:10:06] DELETING ACCOUNTS (JobID: 4cf04b93-3118-4c92-bc51-0a679ad87820)
 - Deleted: 0

[11/May/2023:18:11:04] UPDATING PRODUCTS (JobID: fa6a784b-00ce-42b1-a818-dee30300362f)
 - New and modified: 0

[11/May/2023:18:11:06] UPDATING PREPAGATI (JobID: 3395d8dd-4d9a-4a66-9662-8d749c710f8a)
 - New and modified: 0

[11/May/2023:18:11:06] DELETING PREPAGATI (JobID: 3395d8dd-4d9a-4a66-9662-8d749c710f8a)
 - Deleted: 0

[11/May/2023:18:20:05] UPDATING ACCOUNTS (JobID: 6fb53b36-51a7-479a-bdc4-4bc6c7349d64)
 - New and modified: 0

[11/May/2023:18:20:05] DELETING ACCOUNTS (JobID: 6fb53b36-51a7-479a-bdc4-4bc6c7349d64)
 - Deleted: 0

[11/May/2023:18:20:38] UPDATING PRODUCTS (JobID: 6c285322-bfff-4430-8154-57bbe7a5ae0e)
 - New and modified: 0

[11/May/2023:18:20:40] UPDATING PREPAGATI (JobID: 48a81bbe-b726-4405-9fba-1d02385645b3)
 - New and modified: 0

[11/May/2023:18:20:40] DELETING PREPAGATI (JobID: 48a81bbe-b726-4405-9fba-1d02385645b3)
 - Deleted: 0

[11/May/2023:18:30:04] UPDATING ACCOUNTS (JobID: 6ea682b8-f046-488d-9ef3-d0b6cbc9fd6e)
 - New and modified: 0

[11/May/2023:18:30:04] DELETING ACCOUNTS (JobID: 6ea682b8-f046-488d-9ef3-d0b6cbc9fd6e)
 - Deleted: 0

[11/May/2023:18:30:46] UPDATING PRODUCTS (JobID: ff4326a2-48f0-4ab4-b27a-42123ac3d626)
 - New and modified: 0

[11/May/2023:18:30:47] UPDATING PREPAGATI (JobID: 7ebe4068-7ea4-4f9d-9ccf-6254f9050667)
 - New and modified: 0

[11/May/2023:18:30:47] DELETING PREPAGATI (JobID: 7ebe4068-7ea4-4f9d-9ccf-6254f9050667)
 - Deleted: 0

[11/May/2023:18:40:04] UPDATING ACCOUNTS (JobID: ae4c39ac-b1df-4b25-8da1-85aaf4d2f15f)
 - New and modified: 0

[11/May/2023:18:40:04] DELETING ACCOUNTS (JobID: ae4c39ac-b1df-4b25-8da1-85aaf4d2f15f)
 - Deleted: 0

[11/May/2023:18:40:43] UPDATING PRODUCTS (JobID: 2ffda14b-8572-4b40-8d17-95508bf075d6)
 - New and modified: 0

[11/May/2023:18:40:45] UPDATING PREPAGATI (JobID: 8ee116ca-0645-4f3f-8037-1d7105dccd34)
 - New and modified: 0

[11/May/2023:18:40:45] DELETING PREPAGATI (JobID: 8ee116ca-0645-4f3f-8037-1d7105dccd34)
 - Deleted: 0

[11/May/2023:18:50:04] UPDATING ACCOUNTS (JobID: e2f50d0b-2846-4a09-9cd1-b18e6b56348d)
 - New and modified: 0

[11/May/2023:18:50:04] DELETING ACCOUNTS (JobID: e2f50d0b-2846-4a09-9cd1-b18e6b56348d)
 - Deleted: 0

[11/May/2023:18:50:46] UPDATING PRODUCTS (JobID: 02103351-61ee-4eb5-97eb-6007c8220857)
 - New and modified: 0

[11/May/2023:18:50:48] UPDATING PREPAGATI (JobID: b28b84bd-0af8-47b9-b54a-7dbc54e4f81a)
 - New and modified: 0

[11/May/2023:18:50:48] DELETING PREPAGATI (JobID: b28b84bd-0af8-47b9-b54a-7dbc54e4f81a)
 - Deleted: 0

[11/May/2023:19:00:16] UPDATING ACCOUNTS (JobID: 9a633c40-f427-48e2-8a92-c9b76f3b078f)
 - New and modified: 0

[11/May/2023:19:00:16] DELETING ACCOUNTS (JobID: 9a633c40-f427-48e2-8a92-c9b76f3b078f)
 - Deleted: 0

[11/May/2023:19:00:54] UPDATING PRODUCTS (JobID: ea925214-e094-4b1a-a68a-9599da8a32a7)
 - New and modified: 0

[11/May/2023:19:00:56] UPDATING PREPAGATI (JobID: e29867e5-abb8-42f5-89e1-3fa5a16c60cc)
 - New and modified: 0

[11/May/2023:19:00:56] DELETING PREPAGATI (JobID: e29867e5-abb8-42f5-89e1-3fa5a16c60cc)
 - Deleted: 0

[11/May/2023:19:10:07] UPDATING ACCOUNTS (JobID: cae71636-aba2-4cba-ac17-cffbf39e91ce)
 - New and modified: 0

[11/May/2023:19:10:07] DELETING ACCOUNTS (JobID: cae71636-aba2-4cba-ac17-cffbf39e91ce)
 - Deleted: 0

[11/May/2023:19:10:46] UPDATING PRODUCTS (JobID: f089d45a-5686-4948-8f0f-7e2285161683)
 - New and modified: 0

[11/May/2023:19:10:48] UPDATING PREPAGATI (JobID: 053c1eca-0dc0-412c-b7d3-7e980d43bb73)
 - New and modified: 0

[11/May/2023:19:10:48] DELETING PREPAGATI (JobID: 053c1eca-0dc0-412c-b7d3-7e980d43bb73)
 - Deleted: 0

[11/May/2023:19:20:04] UPDATING ACCOUNTS (JobID: 2af108e4-712d-4c62-b4fc-b35579b831ec)
 - New and modified: 0

[11/May/2023:19:20:04] DELETING ACCOUNTS (JobID: 2af108e4-712d-4c62-b4fc-b35579b831ec)
 - Deleted: 0

[11/May/2023:19:20:38] UPDATING PRODUCTS (JobID: 1c1f7e7f-b56d-461b-bc78-1f58a8d447e2)
 - New and modified: 0

[11/May/2023:19:20:42] UPDATING PREPAGATI (JobID: 799643af-3694-4c1e-961f-44a0bcc749b0)
 - New and modified: 0

[11/May/2023:19:20:42] DELETING PREPAGATI (JobID: 799643af-3694-4c1e-961f-44a0bcc749b0)
 - Deleted: 0

[11/May/2023:19:30:06] UPDATING ACCOUNTS (JobID: 225fd284-9a4a-463e-98f8-67737eeba448)
 - New and modified: 0

[11/May/2023:19:30:06] DELETING ACCOUNTS (JobID: 225fd284-9a4a-463e-98f8-67737eeba448)
 - Deleted: 0

[11/May/2023:19:30:44] UPDATING PRODUCTS (JobID: 4429d47c-588e-4ddb-b9d9-9f8e82d614e2)
 - New and modified: 0

[11/May/2023:19:30:46] UPDATING PREPAGATI (JobID: 6252fff3-ead9-4424-9941-1f0c1781071d)
 - New and modified: 0

[11/May/2023:19:30:46] DELETING PREPAGATI (JobID: 6252fff3-ead9-4424-9941-1f0c1781071d)
 - Deleted: 0

[11/May/2023:19:40:04] UPDATING ACCOUNTS (JobID: 8478046f-57de-46b8-9a95-2350d2b523e1)
 - New and modified: 0

[11/May/2023:19:40:04] DELETING ACCOUNTS (JobID: 8478046f-57de-46b8-9a95-2350d2b523e1)
 - Deleted: 0

[11/May/2023:19:40:43] UPDATING PRODUCTS (JobID: 295f03cc-3c5e-4b0c-9819-68b9c8c1b56f)
 - New and modified: 0

[11/May/2023:19:40:45] UPDATING PREPAGATI (JobID: 8848a5cd-5b59-4269-b7a1-a01c5c53e31e)
 - New and modified: 0

[11/May/2023:19:40:45] DELETING PREPAGATI (JobID: 8848a5cd-5b59-4269-b7a1-a01c5c53e31e)
 - Deleted: 0

[11/May/2023:19:50:04] UPDATING ACCOUNTS (JobID: d490ddd6-e07b-4b58-a5ad-4634b4436afe)
 - New and modified: 0

[11/May/2023:19:50:04] DELETING ACCOUNTS (JobID: d490ddd6-e07b-4b58-a5ad-4634b4436afe)
 - Deleted: 0

[11/May/2023:19:50:40] UPDATING PRODUCTS (JobID: bf8629dc-ab64-4bdd-8429-a9256fee9526)
 - New and modified: 0

[11/May/2023:19:50:41] UPDATING PREPAGATI (JobID: 9f55af8c-24fc-46e3-b351-295094e51ed2)
 - New and modified: 0

[11/May/2023:19:50:41] DELETING PREPAGATI (JobID: 9f55af8c-24fc-46e3-b351-295094e51ed2)
 - Deleted: 0

[11/May/2023:20:00:04] UPDATING ACCOUNTS (JobID: 56296c5c-2aac-44f3-8a25-aa9f9288396e)
 - New and modified: 0

[11/May/2023:20:00:04] DELETING ACCOUNTS (JobID: 56296c5c-2aac-44f3-8a25-aa9f9288396e)
 - Deleted: 0

[11/May/2023:20:00:42] UPDATING PRODUCTS (JobID: 339ab249-421c-4977-b3de-3750fae73a8f)
 - New and modified: 0

[11/May/2023:20:00:45] UPDATING PREPAGATI (JobID: f1e32d07-ee47-452a-9939-de43f9878661)
 - New and modified: 0

[11/May/2023:20:00:45] DELETING PREPAGATI (JobID: f1e32d07-ee47-452a-9939-de43f9878661)
 - Deleted: 0

[11/May/2023:20:10:04] UPDATING ACCOUNTS (JobID: f9586456-1ed8-4f17-86ea-3ad0fbc802ec)
 - New and modified: 0

[11/May/2023:20:10:04] DELETING ACCOUNTS (JobID: f9586456-1ed8-4f17-86ea-3ad0fbc802ec)
 - Deleted: 0

[11/May/2023:20:10:38] UPDATING PRODUCTS (JobID: 5eabec6d-34a4-41c3-a63a-91325c94fa96)
 - New and modified: 0

[11/May/2023:20:10:40] UPDATING PREPAGATI (JobID: 477dcb20-9996-4f11-a9c9-482b90329275)
 - New and modified: 0

[11/May/2023:20:10:40] DELETING PREPAGATI (JobID: 477dcb20-9996-4f11-a9c9-482b90329275)
 - Deleted: 0

[11/May/2023:20:20:04] UPDATING ACCOUNTS (JobID: a508cc7e-469e-4091-9797-a7eb198571bf)
 - New and modified: 0

[11/May/2023:20:20:04] DELETING ACCOUNTS (JobID: a508cc7e-469e-4091-9797-a7eb198571bf)
 - Deleted: 0

[11/May/2023:20:20:36] UPDATING PRODUCTS (JobID: 86c465f7-4576-4c3f-9184-fd6f53fdaa98)
 - New and modified: 0

[11/May/2023:20:20:38] UPDATING PREPAGATI (JobID: 0e892c14-a3a5-4106-bf35-32c173cfd147)
 - New and modified: 0

[11/May/2023:20:20:38] DELETING PREPAGATI (JobID: 0e892c14-a3a5-4106-bf35-32c173cfd147)
 - Deleted: 0

[11/May/2023:20:30:04] UPDATING ACCOUNTS (JobID: dea7d12b-2a40-4165-a055-95907ed21313)
 - New and modified: 0

[11/May/2023:20:30:04] DELETING ACCOUNTS (JobID: dea7d12b-2a40-4165-a055-95907ed21313)
 - Deleted: 0

[11/May/2023:20:30:38] UPDATING PRODUCTS (JobID: 6d77b170-735a-4bbb-951a-d793e9b3b5b7)
 - New and modified: 0

[11/May/2023:20:30:40] UPDATING PREPAGATI (JobID: 5706358f-b406-4cbf-af9e-aee006ab2cd9)
 - New and modified: 0

[11/May/2023:20:30:40] DELETING PREPAGATI (JobID: 5706358f-b406-4cbf-af9e-aee006ab2cd9)
 - Deleted: 0

[11/May/2023:20:40:04] UPDATING ACCOUNTS (JobID: fab0930f-64a2-4f33-a1e5-e8461c183e76)
 - New and modified: 0

[11/May/2023:20:40:04] DELETING ACCOUNTS (JobID: fab0930f-64a2-4f33-a1e5-e8461c183e76)
 - Deleted: 0

[11/May/2023:20:40:40] UPDATING PRODUCTS (JobID: 457f54e3-8a1b-481b-87e4-b3f0fe94aa3c)
 - New and modified: 0

[11/May/2023:20:40:42] UPDATING PREPAGATI (JobID: 21251ec8-b5dc-464c-883d-3347e0974091)
 - New and modified: 0

[11/May/2023:20:40:42] DELETING PREPAGATI (JobID: 21251ec8-b5dc-464c-883d-3347e0974091)
 - Deleted: 0

[11/May/2023:20:50:04] UPDATING ACCOUNTS (JobID: 8d03bf9e-cb20-4263-aec6-9348f760c2e8)
 - New and modified: 0

[11/May/2023:20:50:04] DELETING ACCOUNTS (JobID: 8d03bf9e-cb20-4263-aec6-9348f760c2e8)
 - Deleted: 0

[11/May/2023:20:50:40] UPDATING PRODUCTS (JobID: 97cecd67-f489-4f2e-ab94-d03e03a90058)
 - New and modified: 0

[11/May/2023:20:50:41] UPDATING PREPAGATI (JobID: ef00cfc2-4498-480f-8a05-090edf511ec9)
 - New and modified: 0

[11/May/2023:20:50:41] DELETING PREPAGATI (JobID: ef00cfc2-4498-480f-8a05-090edf511ec9)
 - Deleted: 0

[11/May/2023:21:00:03] UPDATING ACCOUNTS (JobID: a410d78a-bbdc-4630-bb12-99b214a0d57a)
 - New and modified: 0

[11/May/2023:21:00:03] DELETING ACCOUNTS (JobID: a410d78a-bbdc-4630-bb12-99b214a0d57a)
 - Deleted: 0

[11/May/2023:21:00:57] UPDATING PRODUCTS (JobID: aa6c9453-fb6f-4548-9f8b-aa523a0aee24)
 - New and modified: 0

[11/May/2023:21:01:02] UPDATING PREPAGATI (JobID: 8c954a88-f2d7-4f9c-8d55-be10077d32fa)
 - New and modified: 0

[11/May/2023:21:01:02] DELETING PREPAGATI (JobID: 8c954a88-f2d7-4f9c-8d55-be10077d32fa)
 - Deleted: 0

[11/May/2023:21:10:04] UPDATING ACCOUNTS (JobID: f92fa7cd-2143-434c-9bc9-f656b5bac13b)
 - New and modified: 0

[11/May/2023:21:10:04] DELETING ACCOUNTS (JobID: f92fa7cd-2143-434c-9bc9-f656b5bac13b)
 - Deleted: 0

[11/May/2023:21:10:47] UPDATING PRODUCTS (JobID: 4e481189-dc28-4490-b9f6-886d8f5fd799)
 - New and modified: 0

[11/May/2023:21:10:49] UPDATING PREPAGATI (JobID: 9514da9e-72dc-4f34-b464-4ce2c6b81819)
 - New and modified: 0

[11/May/2023:21:10:49] DELETING PREPAGATI (JobID: 9514da9e-72dc-4f34-b464-4ce2c6b81819)
 - Deleted: 0

[11/May/2023:21:20:04] UPDATING ACCOUNTS (JobID: 064b33a7-306f-4dce-ad66-4f09c0234ca1)
 - New and modified: 0

[11/May/2023:21:20:04] DELETING ACCOUNTS (JobID: 064b33a7-306f-4dce-ad66-4f09c0234ca1)
 - Deleted: 0

[11/May/2023:21:20:41] UPDATING PRODUCTS (JobID: 6cee47db-e2e4-45b8-95d3-9182a6ba1698)
 - New and modified: 0

[11/May/2023:21:20:43] UPDATING PREPAGATI (JobID: cb4c8a9c-c783-4720-b349-d11412dd19c9)
 - New and modified: 0

[11/May/2023:21:20:43] DELETING PREPAGATI (JobID: cb4c8a9c-c783-4720-b349-d11412dd19c9)
 - Deleted: 0

[11/May/2023:21:30:05] UPDATING ACCOUNTS (JobID: 83a2b88d-3eec-485a-b5ab-a99b285e5996)
 - New and modified: 0

[11/May/2023:21:30:05] DELETING ACCOUNTS (JobID: 83a2b88d-3eec-485a-b5ab-a99b285e5996)
 - Deleted: 0

[11/May/2023:21:30:38] UPDATING PRODUCTS (JobID: 93e8efe3-078f-465b-b194-3376606f87b3)
 - New and modified: 0

[11/May/2023:21:30:40] UPDATING PREPAGATI (JobID: 652c9021-c334-4b66-8188-27b8750d89b8)
 - New and modified: 0

[11/May/2023:21:30:40] DELETING PREPAGATI (JobID: 652c9021-c334-4b66-8188-27b8750d89b8)
 - Deleted: 0

[11/May/2023:21:40:04] UPDATING ACCOUNTS (JobID: 58efab92-dedb-4604-a55c-346796ae262a)
 - New and modified: 0

[11/May/2023:21:40:04] DELETING ACCOUNTS (JobID: 58efab92-dedb-4604-a55c-346796ae262a)
 - Deleted: 0

[11/May/2023:21:40:36] UPDATING PRODUCTS (JobID: c21f9b5c-9a10-4b0b-ad05-8a823e7469ed)
 - New and modified: 0

[11/May/2023:21:40:38] UPDATING PREPAGATI (JobID: 9a547a1e-5b7f-41d9-9c7e-a2945c66a94e)
 - New and modified: 0

[11/May/2023:21:40:38] DELETING PREPAGATI (JobID: 9a547a1e-5b7f-41d9-9c7e-a2945c66a94e)
 - Deleted: 0

[11/May/2023:21:50:04] UPDATING ACCOUNTS (JobID: 4ef7a041-7da8-4bd7-b28a-4a8499ae27b2)
 - New and modified: 0

[11/May/2023:21:50:04] DELETING ACCOUNTS (JobID: 4ef7a041-7da8-4bd7-b28a-4a8499ae27b2)
 - Deleted: 0

[11/May/2023:21:51:15] UPDATING PRODUCTS (JobID: 87f60b9c-c11a-48da-8396-c002b67acdc4)
 - New and modified: 0

[11/May/2023:21:51:17] UPDATING PREPAGATI (JobID: 72070495-2816-420a-abfa-47dd3be2c27c)
 - New and modified: 0

[11/May/2023:21:51:17] DELETING PREPAGATI (JobID: 72070495-2816-420a-abfa-47dd3be2c27c)
 - Deleted: 0

[11/May/2023:22:00:05] UPDATING ACCOUNTS (JobID: b6a3cc2d-1a15-44fa-aa56-4a3d9d8d257f)
 - New and modified: 0

[11/May/2023:22:00:05] DELETING ACCOUNTS (JobID: b6a3cc2d-1a15-44fa-aa56-4a3d9d8d257f)
 - Deleted: 0

[11/May/2023:22:00:55] UPDATING PRODUCTS (JobID: 28b0ca4f-971f-4c96-9552-ebf6c0258603)
 - New and modified: 0

[11/May/2023:22:00:58] UPDATING PREPAGATI (JobID: 2e7e5f3e-735b-47dc-9f02-c76b53357977)
 - New and modified: 0

[11/May/2023:22:00:58] DELETING PREPAGATI (JobID: 2e7e5f3e-735b-47dc-9f02-c76b53357977)
 - Deleted: 0

[11/May/2023:22:10:04] UPDATING ACCOUNTS (JobID: 3ab54cea-ced0-4ad5-a4fc-b285ebd5f256)
 - New and modified: 0

[11/May/2023:22:10:04] DELETING ACCOUNTS (JobID: 3ab54cea-ced0-4ad5-a4fc-b285ebd5f256)
 - Deleted: 0

[11/May/2023:22:10:54] UPDATING PRODUCTS (JobID: c64fa8bd-07f1-4d81-baee-7379ab8d63f0)
 - New and modified: 0

[11/May/2023:22:10:56] UPDATING PREPAGATI (JobID: 411852c2-265f-454e-a886-34040d35e818)
 - New and modified: 0

[11/May/2023:22:10:56] DELETING PREPAGATI (JobID: 411852c2-265f-454e-a886-34040d35e818)
 - Deleted: 0

[11/May/2023:22:20:03] UPDATING ACCOUNTS (JobID: a0ecf7a5-45b5-4045-85f1-fccb787a2ff5)
 - New and modified: 0

[11/May/2023:22:20:03] DELETING ACCOUNTS (JobID: a0ecf7a5-45b5-4045-85f1-fccb787a2ff5)
 - Deleted: 0

[11/May/2023:22:20:38] UPDATING PRODUCTS (JobID: 540c78ad-2a89-4af0-ba4c-1227293b2500)
 - New and modified: 0

[11/May/2023:22:20:40] UPDATING PREPAGATI (JobID: 0422e507-4766-49cd-be68-688fa734faa1)
 - New and modified: 0

[11/May/2023:22:20:40] DELETING PREPAGATI (JobID: 0422e507-4766-49cd-be68-688fa734faa1)
 - Deleted: 0

[11/May/2023:22:30:07] UPDATING ACCOUNTS (JobID: fadc05cc-c144-4d52-b1ab-be4cf2ec3efa)
 - New and modified: 0

[11/May/2023:22:30:07] DELETING ACCOUNTS (JobID: fadc05cc-c144-4d52-b1ab-be4cf2ec3efa)
 - Deleted: 0

[11/May/2023:22:30:41] UPDATING PRODUCTS (JobID: 7cde624d-1eee-437e-94fe-a33f04d5b0e9)
 - New and modified: 0

[11/May/2023:22:30:43] UPDATING PREPAGATI (JobID: f7dde565-5f3f-4d1f-b0a7-ec92a8dc6d1a)
 - New and modified: 0

[11/May/2023:22:30:43] DELETING PREPAGATI (JobID: f7dde565-5f3f-4d1f-b0a7-ec92a8dc6d1a)
 - Deleted: 0

[11/May/2023:22:40:04] UPDATING ACCOUNTS (JobID: c9f31091-5318-40b2-a9e2-f9026fec730c)
 - New and modified: 0

[11/May/2023:22:40:04] DELETING ACCOUNTS (JobID: c9f31091-5318-40b2-a9e2-f9026fec730c)
 - Deleted: 0

[11/May/2023:22:40:38] UPDATING PRODUCTS (JobID: a235b20a-03d5-4af7-b138-a987bc733c8c)
 - New and modified: 0

[11/May/2023:22:40:40] UPDATING PREPAGATI (JobID: 99de830d-cab8-4e43-b84d-4151ddfffc92)
 - New and modified: 0

[11/May/2023:22:40:40] DELETING PREPAGATI (JobID: 99de830d-cab8-4e43-b84d-4151ddfffc92)
 - Deleted: 0

[11/May/2023:22:50:04] UPDATING ACCOUNTS (JobID: 337757de-bf92-4bb0-b08f-cad6c7cd91c2)
 - New and modified: 0

[11/May/2023:22:50:04] DELETING ACCOUNTS (JobID: 337757de-bf92-4bb0-b08f-cad6c7cd91c2)
 - Deleted: 0

[11/May/2023:22:50:41] UPDATING PRODUCTS (JobID: 5b5c1d2d-8932-4de9-a4ee-fc2685273bf8)
 - New and modified: 0

[11/May/2023:22:50:43] UPDATING PREPAGATI (JobID: 6fd3f811-de37-4b20-b3a9-8f1957cdd320)
 - New and modified: 0

[11/May/2023:22:50:43] DELETING PREPAGATI (JobID: 6fd3f811-de37-4b20-b3a9-8f1957cdd320)
 - Deleted: 0

[11/May/2023:23:00:05] UPDATING ACCOUNTS (JobID: c87c145c-386b-4aea-b899-7ac572635d25)
 - New and modified: 0

[11/May/2023:23:00:05] DELETING ACCOUNTS (JobID: c87c145c-386b-4aea-b899-7ac572635d25)
 - Deleted: 0

[11/May/2023:23:00:42] UPDATING PRODUCTS (JobID: f6431eb1-8542-492f-b967-3fa1b227e214)
 - New and modified: 0

[11/May/2023:23:00:45] UPDATING PREPAGATI (JobID: b0a3586e-a9a2-41e5-93aa-bfae290d6d87)
 - New and modified: 0

[11/May/2023:23:00:45] DELETING PREPAGATI (JobID: b0a3586e-a9a2-41e5-93aa-bfae290d6d87)
 - Deleted: 0

[11/May/2023:23:10:04] UPDATING ACCOUNTS (JobID: 713bd1a5-cd58-4b0a-bce8-cd117fa032e9)
 - New and modified: 0

[11/May/2023:23:10:04] DELETING ACCOUNTS (JobID: 713bd1a5-cd58-4b0a-bce8-cd117fa032e9)
 - Deleted: 0

[11/May/2023:23:10:39] UPDATING PRODUCTS (JobID: 9a13e874-67ce-4d51-9b4e-a70fe2241e69)
 - New and modified: 0

[11/May/2023:23:10:41] UPDATING PREPAGATI (JobID: a495e713-903e-4e65-9bc4-365e5618d2d4)
 - New and modified: 0

[11/May/2023:23:10:41] DELETING PREPAGATI (JobID: a495e713-903e-4e65-9bc4-365e5618d2d4)
 - Deleted: 0

[11/May/2023:23:20:04] UPDATING ACCOUNTS (JobID: af79d9fc-2d6c-42fd-b33e-44cbfa013de3)
 - New and modified: 0

[11/May/2023:23:20:04] DELETING ACCOUNTS (JobID: af79d9fc-2d6c-42fd-b33e-44cbfa013de3)
 - Deleted: 0

[11/May/2023:23:20:41] UPDATING PRODUCTS (JobID: b1301677-9983-46ce-831a-e82759a5a481)
 - New and modified: 0

[11/May/2023:23:20:43] UPDATING PREPAGATI (JobID: 153e1d95-1581-4858-be9a-9e68679251e6)
 - New and modified: 0

[11/May/2023:23:20:43] DELETING PREPAGATI (JobID: 153e1d95-1581-4858-be9a-9e68679251e6)
 - Deleted: 0

[11/May/2023:23:30:04] UPDATING ACCOUNTS (JobID: 178eff78-c563-4431-b7c5-f852544bfe7e)
 - New and modified: 0

[11/May/2023:23:30:04] DELETING ACCOUNTS (JobID: 178eff78-c563-4431-b7c5-f852544bfe7e)
 - Deleted: 0

[11/May/2023:23:30:39] UPDATING PRODUCTS (JobID: ae827be6-08aa-4f30-a4d8-94201cfbc3cc)
 - New and modified: 0

[11/May/2023:23:30:41] UPDATING PREPAGATI (JobID: f1f48c3c-7655-46db-b735-a1b3097b94f0)
 - New and modified: 0

[11/May/2023:23:30:41] DELETING PREPAGATI (JobID: f1f48c3c-7655-46db-b735-a1b3097b94f0)
 - Deleted: 0

[11/May/2023:23:40:04] UPDATING ACCOUNTS (JobID: 137b4b21-c47c-4ecf-bf7d-34da489cedd8)
 - New and modified: 0

[11/May/2023:23:40:04] DELETING ACCOUNTS (JobID: 137b4b21-c47c-4ecf-bf7d-34da489cedd8)
 - Deleted: 0

[11/May/2023:23:40:37] UPDATING PRODUCTS (JobID: 3cd1b95c-36bc-4ea9-96e3-bd038f069d77)
 - New and modified: 0

[11/May/2023:23:40:39] UPDATING PREPAGATI (JobID: 12b5dd4b-d102-4abd-8bef-ad7ca0f1dd80)
 - New and modified: 0

[11/May/2023:23:40:39] DELETING PREPAGATI (JobID: 12b5dd4b-d102-4abd-8bef-ad7ca0f1dd80)
 - Deleted: 0

[11/May/2023:23:50:04] UPDATING ACCOUNTS (JobID: b94e27a3-c4ec-4f60-91ca-8d87eb2d3af3)
 - New and modified: 0

[11/May/2023:23:50:04] DELETING ACCOUNTS (JobID: b94e27a3-c4ec-4f60-91ca-8d87eb2d3af3)
 - Deleted: 0

[11/May/2023:23:50:36] UPDATING PRODUCTS (JobID: bb1183e1-511c-4901-905e-2436c9dd558d)
 - New and modified: 0

[11/May/2023:23:50:38] UPDATING PREPAGATI (JobID: 9041e8f7-28fb-46ec-9956-a906f8d7b144)
 - New and modified: 0

[11/May/2023:23:50:38] DELETING PREPAGATI (JobID: 9041e8f7-28fb-46ec-9956-a906f8d7b144)
 - Deleted: 0

