[24/Sep/2023:17:47:56] UPDATING ACCOUNTS (JobID: 3ad3f8dd-40ba-4bf5-b003-a5e1f2025b9d)
 - New and modified: 0

[24/Sep/2023:17:47:56] DELETING ACCOUNTS (JobID: 3ad3f8dd-40ba-4bf5-b003-a5e1f2025b9d)
 - Deleted: 0

[24/Sep/2023:17:48:40] UPDATING PRODUCTS (JobID: e2924cbe-41a0-4db5-bc04-296018a338b8)
 - New and modified: 0

[24/Sep/2023:17:48:45] UPDATING PREPAGATI (JobID: 954cd4d1-5760-4c1b-9aa1-5138da346bb3)
 - New and modified: 0

[24/Sep/2023:17:48:45] DELETING PREPAGATI (JobID: 954cd4d1-5760-4c1b-9aa1-5138da346bb3)
 - Deleted: 0

[24/Sep/2023:18:30:09] UPDATING ACCOUNTS (JobID: ae6da0b7-d612-4019-89b6-09aa559a6a6f)
 - New and modified: 0

[24/Sep/2023:18:30:09] DELETING ACCOUNTS (JobID: ae6da0b7-d612-4019-89b6-09aa559a6a6f)
 - Deleted: 0

[24/Sep/2023:18:30:40] UPDATING PRODUCTS (JobID: 63b5ec62-3099-4183-8b4f-4bdaa2440291)
 - New and modified: 0

[24/Sep/2023:18:30:43] UPDATING PREPAGATI (JobID: b4c342a3-58a4-4d4b-a0f4-ced8961b1490)
 - New and modified: 0

[24/Sep/2023:18:30:43] DELETING PREPAGATI (JobID: b4c342a3-58a4-4d4b-a0f4-ced8961b1490)
 - Deleted: 0

[24/Sep/2023:19:00:04] UPDATING ACCOUNTS (JobID: 42060abe-a691-494f-a871-eb7bacbde6ec)
 - New and modified: 0

[24/Sep/2023:19:00:04] DELETING ACCOUNTS (JobID: 42060abe-a691-494f-a871-eb7bacbde6ec)
 - Deleted: 0

[24/Sep/2023:19:00:37] UPDATING PRODUCTS (JobID: d8ffb55b-888e-4458-8c9b-529d32485c93)
 - New and modified: 0

[24/Sep/2023:19:00:39] UPDATING PREPAGATI (JobID: e0eaa050-a059-46d3-b618-93f7469b32ff)
 - New and modified: 0

[24/Sep/2023:19:00:39] DELETING PREPAGATI (JobID: e0eaa050-a059-46d3-b618-93f7469b32ff)
 - Deleted: 0

[24/Sep/2023:19:30:04] UPDATING ACCOUNTS (JobID: 6833da03-8e41-4910-8332-82411ae3439a)
 - New and modified: 0

[24/Sep/2023:19:30:04] DELETING ACCOUNTS (JobID: 6833da03-8e41-4910-8332-82411ae3439a)
 - Deleted: 0

[24/Sep/2023:19:30:36] UPDATING PRODUCTS (JobID: 3a18e7a5-10ce-46ec-8f64-677c34162685)
 - New and modified: 0

[24/Sep/2023:19:30:38] UPDATING PREPAGATI (JobID: 02dfe0fa-1e31-4da3-bc43-630270d784ae)
 - New and modified: 0

[24/Sep/2023:19:30:38] DELETING PREPAGATI (JobID: 02dfe0fa-1e31-4da3-bc43-630270d784ae)
 - Deleted: 0

[24/Sep/2023:20:30:08] UPDATING ACCOUNTS (JobID: 26a89024-b028-41df-82fb-ced8a77c0466)
 - New and modified: 0

[24/Sep/2023:20:30:08] DELETING ACCOUNTS (JobID: 26a89024-b028-41df-82fb-ced8a77c0466)
 - Deleted: 0

[24/Sep/2023:20:30:39] UPDATING PRODUCTS (JobID: 2e8c1b33-90d6-4fb5-800d-4ac331e75a8f)
 - New and modified: 0

[24/Sep/2023:20:30:42] UPDATING PREPAGATI (JobID: 28af0c2a-f427-4ec6-8d8a-05b2bce402a4)
 - New and modified: 0

[24/Sep/2023:20:30:42] DELETING PREPAGATI (JobID: 28af0c2a-f427-4ec6-8d8a-05b2bce402a4)
 - Deleted: 0

[24/Sep/2023:21:00:04] UPDATING ACCOUNTS (JobID: e5375e13-1e08-4777-a32c-7ad86a0f8480)
 - New and modified: 0

[24/Sep/2023:21:00:04] DELETING ACCOUNTS (JobID: e5375e13-1e08-4777-a32c-7ad86a0f8480)
 - Deleted: 0

[24/Sep/2023:21:00:36] UPDATING PRODUCTS (JobID: b8d15d39-56f3-45be-a088-19bd11c1cd0a)
 - New and modified: 0

[24/Sep/2023:21:00:38] UPDATING PREPAGATI (JobID: a53c9411-e0c5-40a1-8017-fb03dc216c19)
 - New and modified: 0

[24/Sep/2023:21:00:38] DELETING PREPAGATI (JobID: a53c9411-e0c5-40a1-8017-fb03dc216c19)
 - Deleted: 0

[24/Sep/2023:21:30:04] UPDATING ACCOUNTS (JobID: 613046fa-25d8-42e5-bd90-42701fa23351)
 - New and modified: 0

[24/Sep/2023:21:30:04] DELETING ACCOUNTS (JobID: 613046fa-25d8-42e5-bd90-42701fa23351)
 - Deleted: 0

[24/Sep/2023:21:30:36] UPDATING PRODUCTS (JobID: ea8ab9a2-4806-41a5-a171-b86e612718c6)
 - New and modified: 0

[24/Sep/2023:21:30:38] UPDATING PREPAGATI (JobID: 21ad680c-0b16-46f1-a376-e819497c0c7f)
 - New and modified: 0

[24/Sep/2023:21:30:38] DELETING PREPAGATI (JobID: 21ad680c-0b16-46f1-a376-e819497c0c7f)
 - Deleted: 0

[24/Sep/2023:22:00:09] UPDATING ACCOUNTS (JobID: 18aefcaa-6d1f-4a72-9568-cc0619f79f6b)
 - New and modified: 0

[24/Sep/2023:22:00:09] DELETING ACCOUNTS (JobID: 18aefcaa-6d1f-4a72-9568-cc0619f79f6b)
 - Deleted: 0

[24/Sep/2023:22:00:44] UPDATING PRODUCTS (JobID: 920f160a-8681-4010-aaa9-b28c349c6a4c)
 - New and modified: 0

[24/Sep/2023:22:00:48] UPDATING PREPAGATI (JobID: b3f1b140-8c99-479f-b743-747cc5688a4c)
 - New and modified: 0

[24/Sep/2023:22:00:48] DELETING PREPAGATI (JobID: b3f1b140-8c99-479f-b743-747cc5688a4c)
 - Deleted: 0

[24/Sep/2023:22:30:04] UPDATING ACCOUNTS (JobID: 4f453426-ac05-4b22-ae80-7d19badee957)
 - New and modified: 0

[24/Sep/2023:22:30:04] DELETING ACCOUNTS (JobID: 4f453426-ac05-4b22-ae80-7d19badee957)
 - Deleted: 0

[24/Sep/2023:22:30:38] UPDATING PRODUCTS (JobID: ef66e156-001c-4993-b1d1-766ca7e16855)
 - New and modified: 0

[24/Sep/2023:22:30:40] UPDATING PREPAGATI (JobID: 7aa3b3ba-3bcf-4938-8a21-9ca1f32a4e04)
 - New and modified: 0

[24/Sep/2023:22:30:40] DELETING PREPAGATI (JobID: 7aa3b3ba-3bcf-4938-8a21-9ca1f32a4e04)
 - Deleted: 0

[24/Sep/2023:23:00:09] UPDATING ACCOUNTS (JobID: 0ecd1e21-a5e8-467c-95a2-db5cfb963d79)
 - New and modified: 0

[24/Sep/2023:23:00:09] DELETING ACCOUNTS (JobID: 0ecd1e21-a5e8-467c-95a2-db5cfb963d79)
 - Deleted: 0

[24/Sep/2023:23:00:41] UPDATING PRODUCTS (JobID: fcb85c26-9567-4de7-8b56-3a03250be327)
 - New and modified: 0

[24/Sep/2023:23:00:45] UPDATING PREPAGATI (JobID: ae1be9bf-12b8-4b6c-bd68-6e6ad657ddf9)
 - New and modified: 0

[24/Sep/2023:23:00:45] DELETING PREPAGATI (JobID: ae1be9bf-12b8-4b6c-bd68-6e6ad657ddf9)
 - Deleted: 0

[24/Sep/2023:23:30:10] UPDATING ACCOUNTS (JobID: 11022e7f-caa1-42cf-a440-b7f8bafcd9ac)
 - New and modified: 0

[24/Sep/2023:23:30:10] DELETING ACCOUNTS (JobID: 11022e7f-caa1-42cf-a440-b7f8bafcd9ac)
 - Deleted: 0

[24/Sep/2023:23:30:44] UPDATING PRODUCTS (JobID: 62ad39d1-7038-4618-a10e-a2af5ad49442)
 - New and modified: 0

[24/Sep/2023:23:30:47] UPDATING PREPAGATI (JobID: 3c562cbf-1f17-4c17-be54-e1109bf954c1)
 - New and modified: 0

[24/Sep/2023:23:30:47] DELETING PREPAGATI (JobID: 3c562cbf-1f17-4c17-be54-e1109bf954c1)
 - Deleted: 0

