[04/Jun/2023:00:00:05] UPDATING ACCOUNTS (JobID: 8c3b0324-be4f-4aba-937f-e450a1d30344)
 - New and modified: 0

[04/Jun/2023:00:00:05] DELETING ACCOUNTS (JobID: 8c3b0324-be4f-4aba-937f-e450a1d30344)
 - Deleted: 0

[04/Jun/2023:00:00:37] UPDATING PRODUCTS (JobID: c74a2c3b-ae2c-4faa-91d1-e528a3a6da61)
 - New and modified: 0

[04/Jun/2023:00:00:39] UPDATING PREPAGATI (JobID: 153af80b-9236-483b-9abc-89a82d88cdbf)
 - New and modified: 0

[04/Jun/2023:00:00:39] DELETING PREPAGATI (JobID: 153af80b-9236-483b-9abc-89a82d88cdbf)
 - Deleted: 0

[04/Jun/2023:00:10:04] UPDATING ACCOUNTS (JobID: 86d65277-e372-4832-bdf0-349012f1bcd7)
 - New and modified: 0

[04/Jun/2023:00:10:04] DELETING ACCOUNTS (JobID: 86d65277-e372-4832-bdf0-349012f1bcd7)
 - Deleted: 0

[04/Jun/2023:00:10:37] UPDATING PRODUCTS (JobID: e53c0af3-d4ef-4527-a53b-42027ea986c0)
 - New and modified: 0

[04/Jun/2023:00:10:39] UPDATING PREPAGATI (JobID: b190bf38-cfa3-4211-8471-5ee5f5c67769)
 - New and modified: 0

[04/Jun/2023:00:10:39] DELETING PREPAGATI (JobID: b190bf38-cfa3-4211-8471-5ee5f5c67769)
 - Deleted: 0

[04/Jun/2023:00:20:04] UPDATING ACCOUNTS (JobID: f8acbf06-2bec-4b1e-80f2-71d69b3810ce)
 - New and modified: 0

[04/Jun/2023:00:20:04] DELETING ACCOUNTS (JobID: f8acbf06-2bec-4b1e-80f2-71d69b3810ce)
 - Deleted: 0

[04/Jun/2023:00:20:36] UPDATING PRODUCTS (JobID: 458fc471-4094-438b-8d84-887906537a95)
 - New and modified: 0

[04/Jun/2023:00:20:38] UPDATING PREPAGATI (JobID: bbfee8d4-d51f-44ea-ba3e-fea43a0ff737)
 - New and modified: 0

[04/Jun/2023:00:20:38] DELETING PREPAGATI (JobID: bbfee8d4-d51f-44ea-ba3e-fea43a0ff737)
 - Deleted: 0

[04/Jun/2023:00:30:04] UPDATING ACCOUNTS (JobID: c875f1b5-ddd6-4d79-9f34-a2cc39235b98)
 - New and modified: 0

[04/Jun/2023:00:30:04] DELETING ACCOUNTS (JobID: c875f1b5-ddd6-4d79-9f34-a2cc39235b98)
 - Deleted: 0

[04/Jun/2023:00:30:37] UPDATING PRODUCTS (JobID: d85ca8dd-511c-4f4c-85c7-aba1d3e665bc)
 - New and modified: 0

[04/Jun/2023:00:30:38] UPDATING PREPAGATI (JobID: 00f164e9-22b3-4454-b9d0-7fcc69defd13)
 - New and modified: 0

[04/Jun/2023:00:30:38] DELETING PREPAGATI (JobID: 00f164e9-22b3-4454-b9d0-7fcc69defd13)
 - Deleted: 0

[04/Jun/2023:01:00:04] UPDATING ACCOUNTS (JobID: 19e5a933-a098-4e69-b2ed-1bfe7bfe4ed4)
 - New and modified: 0

[04/Jun/2023:01:00:04] DELETING ACCOUNTS (JobID: 19e5a933-a098-4e69-b2ed-1bfe7bfe4ed4)
 - Deleted: 0

[04/Jun/2023:01:00:37] UPDATING PRODUCTS (JobID: 074c493c-0a24-41b5-8316-761dd7b171b2)
 - New and modified: 0

[04/Jun/2023:01:00:39] UPDATING PREPAGATI (JobID: ce7638dd-2c9f-44ac-ae6b-45362cfe0965)
 - New and modified: 0

[04/Jun/2023:01:00:39] DELETING PREPAGATI (JobID: ce7638dd-2c9f-44ac-ae6b-45362cfe0965)
 - Deleted: 0

[04/Jun/2023:01:20:04] UPDATING ACCOUNTS (JobID: cdb5e2c3-0db3-4f03-bd1d-aeccf50bd7f0)
 - New and modified: 0

[04/Jun/2023:01:20:04] DELETING ACCOUNTS (JobID: cdb5e2c3-0db3-4f03-bd1d-aeccf50bd7f0)
 - Deleted: 0

[04/Jun/2023:01:20:40] UPDATING PRODUCTS (JobID: bbc5187b-d94c-4f64-a722-519f0f868f9f)
 - New and modified: 0

[04/Jun/2023:01:20:42] UPDATING PREPAGATI (JobID: 3e319f95-6764-4975-b658-e8e40cbdd4d8)
 - New and modified: 0

[04/Jun/2023:01:20:42] DELETING PREPAGATI (JobID: 3e319f95-6764-4975-b658-e8e40cbdd4d8)
 - Deleted: 0

[04/Jun/2023:01:40:04] UPDATING ACCOUNTS (JobID: bae658e3-6c77-4193-b9a8-466f5529a010)
 - New and modified: 0

[04/Jun/2023:01:40:04] DELETING ACCOUNTS (JobID: bae658e3-6c77-4193-b9a8-466f5529a010)
 - Deleted: 0

[04/Jun/2023:01:40:41] UPDATING PRODUCTS (JobID: 4ec093f5-284b-4377-b3c4-81edbfd52a38)
 - New and modified: 0

[04/Jun/2023:01:40:43] UPDATING PREPAGATI (JobID: 2469034d-0a7e-4bbd-9955-51ca2d2c5e8f)
 - New and modified: 0

[04/Jun/2023:01:40:43] DELETING PREPAGATI (JobID: 2469034d-0a7e-4bbd-9955-51ca2d2c5e8f)
 - Deleted: 0

[04/Jun/2023:02:20:04] UPDATING ACCOUNTS (JobID: 44f9f293-5769-42ea-bb5c-6dc387f9980f)
 - New and modified: 0

[04/Jun/2023:02:20:04] DELETING ACCOUNTS (JobID: 44f9f293-5769-42ea-bb5c-6dc387f9980f)
 - Deleted: 0

[04/Jun/2023:02:20:40] UPDATING PRODUCTS (JobID: fe164553-7226-4e5d-80b6-a0e682914745)
 - New and modified: 0

[04/Jun/2023:02:20:42] UPDATING PREPAGATI (JobID: 08274267-7427-4ad6-852f-bc55a3e453c7)
 - New and modified: 0

[04/Jun/2023:02:20:42] DELETING PREPAGATI (JobID: 08274267-7427-4ad6-852f-bc55a3e453c7)
 - Deleted: 0

[04/Jun/2023:02:30:04] UPDATING ACCOUNTS (JobID: 2365d716-e2c6-4659-a761-b4ff68ee5761)
 - New and modified: 0

[04/Jun/2023:02:30:04] DELETING ACCOUNTS (JobID: 2365d716-e2c6-4659-a761-b4ff68ee5761)
 - Deleted: 0

[04/Jun/2023:02:30:39] UPDATING PRODUCTS (JobID: 99ab27f6-1ec1-4fc0-8067-8d46f39d9f80)
 - New and modified: 0

[04/Jun/2023:02:30:41] UPDATING PREPAGATI (JobID: cb413fb9-ab9e-4479-aefd-5e03af115e3e)
 - New and modified: 0

[04/Jun/2023:02:30:41] DELETING PREPAGATI (JobID: cb413fb9-ab9e-4479-aefd-5e03af115e3e)
 - Deleted: 0

[04/Jun/2023:02:50:05] UPDATING ACCOUNTS (JobID: 54dcadbd-dc8f-4ddb-9bc9-0fa227104423)
 - New and modified: 0

[04/Jun/2023:02:50:05] DELETING ACCOUNTS (JobID: 54dcadbd-dc8f-4ddb-9bc9-0fa227104423)
 - Deleted: 0

[04/Jun/2023:02:50:44] UPDATING PRODUCTS (JobID: 6280f17e-4c48-4b96-af3f-642af18cf78d)
 - New and modified: 0

[04/Jun/2023:02:50:46] UPDATING PREPAGATI (JobID: 4b45fd49-066c-4a6e-9e4e-9beff91cc1b8)
 - New and modified: 0

[04/Jun/2023:02:50:46] DELETING PREPAGATI (JobID: 4b45fd49-066c-4a6e-9e4e-9beff91cc1b8)
 - Deleted: 0

[04/Jun/2023:03:10:04] UPDATING ACCOUNTS (JobID: 23c2f92b-231d-43cc-a8f1-d389d2d42356)
 - New and modified: 0

[04/Jun/2023:03:10:04] DELETING ACCOUNTS (JobID: 23c2f92b-231d-43cc-a8f1-d389d2d42356)
 - Deleted: 0

[04/Jun/2023:03:10:40] UPDATING PRODUCTS (JobID: a0d1d77c-e82e-403c-ab0f-f88b8b0430a0)
 - New and modified: 0

[04/Jun/2023:03:10:42] UPDATING PREPAGATI (JobID: efb46bb7-86ea-42d4-b5b2-8a7ef49f70aa)
 - New and modified: 0

[04/Jun/2023:03:10:42] DELETING PREPAGATI (JobID: efb46bb7-86ea-42d4-b5b2-8a7ef49f70aa)
 - Deleted: 0

[04/Jun/2023:03:30:05] UPDATING ACCOUNTS (JobID: 1aea73b0-a1e9-4393-8cf6-974f6c17efd1)
 - New and modified: 0

[04/Jun/2023:03:30:05] DELETING ACCOUNTS (JobID: 1aea73b0-a1e9-4393-8cf6-974f6c17efd1)
 - Deleted: 0

[04/Jun/2023:03:30:40] UPDATING PRODUCTS (JobID: e4524fca-cc73-4063-8fea-6cc03da41963)
 - New and modified: 0

[04/Jun/2023:03:30:41] UPDATING PREPAGATI (JobID: 082deedc-f168-4387-9d70-6626802f300a)
 - New and modified: 0

[04/Jun/2023:03:30:41] DELETING PREPAGATI (JobID: 082deedc-f168-4387-9d70-6626802f300a)
 - Deleted: 0

[04/Jun/2023:03:40:05] UPDATING ACCOUNTS (JobID: 32828f9b-03cd-42ea-b437-676da1dfdbc3)
 - New and modified: 0

[04/Jun/2023:03:40:05] DELETING ACCOUNTS (JobID: 32828f9b-03cd-42ea-b437-676da1dfdbc3)
 - Deleted: 0

[04/Jun/2023:03:40:40] UPDATING PRODUCTS (JobID: 40adca92-a6dd-4d4e-92da-e08bd3fe27b0)
 - New and modified: 0

[04/Jun/2023:03:40:42] UPDATING PREPAGATI (JobID: 9dab4486-ee56-489a-aa61-69ccc372cdda)
 - New and modified: 0

[04/Jun/2023:03:40:42] DELETING PREPAGATI (JobID: 9dab4486-ee56-489a-aa61-69ccc372cdda)
 - Deleted: 0

[04/Jun/2023:03:50:04] UPDATING ACCOUNTS (JobID: 89b84c9a-5934-4504-9678-11de81ca85d2)
 - New and modified: 0

[04/Jun/2023:03:50:04] DELETING ACCOUNTS (JobID: 89b84c9a-5934-4504-9678-11de81ca85d2)
 - Deleted: 0

[04/Jun/2023:03:50:40] UPDATING PRODUCTS (JobID: 0a1cbc97-8d41-4ec1-b1f1-6aaf74f40e65)
 - New and modified: 0

[04/Jun/2023:03:50:41] UPDATING PREPAGATI (JobID: cd77a352-5e10-47b5-83db-83958d5a4e02)
 - New and modified: 0

[04/Jun/2023:03:50:41] DELETING PREPAGATI (JobID: cd77a352-5e10-47b5-83db-83958d5a4e02)
 - Deleted: 0

[04/Jun/2023:04:00:05] UPDATING ACCOUNTS (JobID: d5d58e47-c1d5-4bdc-934e-8c2b0900993e)
 - New and modified: 0

[04/Jun/2023:04:00:05] DELETING ACCOUNTS (JobID: d5d58e47-c1d5-4bdc-934e-8c2b0900993e)
 - Deleted: 0

[04/Jun/2023:04:00:41] UPDATING PRODUCTS (JobID: f10de3ec-8c62-49ce-89ab-0e11e5aafd66)
 - New and modified: 0

[04/Jun/2023:04:00:43] UPDATING PREPAGATI (JobID: d453b238-b5d3-4f4f-a5cf-951a3c6e7a9a)
 - New and modified: 0

[04/Jun/2023:04:00:43] DELETING PREPAGATI (JobID: d453b238-b5d3-4f4f-a5cf-951a3c6e7a9a)
 - Deleted: 0

[04/Jun/2023:04:20:04] UPDATING ACCOUNTS (JobID: df234866-736b-4848-9be3-af1252e4ed2e)
 - New and modified: 0

[04/Jun/2023:04:20:04] DELETING ACCOUNTS (JobID: df234866-736b-4848-9be3-af1252e4ed2e)
 - Deleted: 0

[04/Jun/2023:04:20:39] UPDATING PRODUCTS (JobID: 68c2dc0f-3a20-4097-a778-15f4dc468fdf)
 - New and modified: 0

[04/Jun/2023:04:20:41] UPDATING PREPAGATI (JobID: c8cf4f5c-543e-44cb-b977-40559d871ba4)
 - New and modified: 0

[04/Jun/2023:04:20:41] DELETING PREPAGATI (JobID: c8cf4f5c-543e-44cb-b977-40559d871ba4)
 - Deleted: 0

[04/Jun/2023:04:50:04] UPDATING ACCOUNTS (JobID: d5009841-c9cd-4968-b363-6004f5bc12ea)
 - New and modified: 0

[04/Jun/2023:04:50:04] DELETING ACCOUNTS (JobID: d5009841-c9cd-4968-b363-6004f5bc12ea)
 - Deleted: 0

[04/Jun/2023:04:50:39] UPDATING PRODUCTS (JobID: 015a7589-31d2-4394-b261-1071864cbaa4)
 - New and modified: 0

[04/Jun/2023:04:50:41] UPDATING PREPAGATI (JobID: db0e8d2d-a80b-44b2-999d-03bf26f96df5)
 - New and modified: 0

[04/Jun/2023:04:50:41] DELETING PREPAGATI (JobID: db0e8d2d-a80b-44b2-999d-03bf26f96df5)
 - Deleted: 0

[04/Jun/2023:05:30:05] UPDATING ACCOUNTS (JobID: 97da7978-1a9a-41b6-b07c-102660d0eeea)
 - New and modified: 0

[04/Jun/2023:05:30:05] DELETING ACCOUNTS (JobID: 97da7978-1a9a-41b6-b07c-102660d0eeea)
 - Deleted: 0

[04/Jun/2023:05:30:40] UPDATING PRODUCTS (JobID: 389befde-7d34-4c82-91cf-62636a4bbacb)
 - New and modified: 0

[04/Jun/2023:05:30:41] UPDATING PREPAGATI (JobID: 2face3ce-dd2d-40bc-8410-2ca804cd729c)
 - New and modified: 0

[04/Jun/2023:05:30:41] DELETING PREPAGATI (JobID: 2face3ce-dd2d-40bc-8410-2ca804cd729c)
 - Deleted: 0

[04/Jun/2023:06:10:04] UPDATING ACCOUNTS (JobID: d6179420-5e43-43e9-a2ff-26e9d0a6e74b)
 - New and modified: 0

[04/Jun/2023:06:10:04] DELETING ACCOUNTS (JobID: d6179420-5e43-43e9-a2ff-26e9d0a6e74b)
 - Deleted: 0

[04/Jun/2023:06:10:41] UPDATING PRODUCTS (JobID: e4f9f4bf-d1bf-4092-9c03-46412f824145)
 - New and modified: 0

[04/Jun/2023:06:10:43] UPDATING PREPAGATI (JobID: 02c22e96-45e4-4d6d-ab2b-06540f670c54)
 - New and modified: 0

[04/Jun/2023:06:10:43] DELETING PREPAGATI (JobID: 02c22e96-45e4-4d6d-ab2b-06540f670c54)
 - Deleted: 0

[04/Jun/2023:06:30:04] UPDATING ACCOUNTS (JobID: 9ca86f0f-11d1-46c5-8600-be785277f77e)
 - New and modified: 0

[04/Jun/2023:06:30:04] DELETING ACCOUNTS (JobID: 9ca86f0f-11d1-46c5-8600-be785277f77e)
 - Deleted: 0

[04/Jun/2023:06:30:37] UPDATING PRODUCTS (JobID: 1f67933f-f418-45f7-ab28-3ca792241fda)
 - New and modified: 0

[04/Jun/2023:06:30:39] UPDATING PREPAGATI (JobID: a6133f6f-a14a-4f70-9687-b5b47f294e31)
 - New and modified: 0

[04/Jun/2023:06:30:39] DELETING PREPAGATI (JobID: a6133f6f-a14a-4f70-9687-b5b47f294e31)
 - Deleted: 0

[04/Jun/2023:06:40:04] UPDATING ACCOUNTS (JobID: ca04713c-0ede-41f9-b3b6-ed6af32f79fa)
 - New and modified: 0

[04/Jun/2023:06:40:04] DELETING ACCOUNTS (JobID: ca04713c-0ede-41f9-b3b6-ed6af32f79fa)
 - Deleted: 0

[04/Jun/2023:06:40:37] UPDATING PRODUCTS (JobID: bb82ca66-7bf6-473f-aa41-b1bbba1930bf)
 - New and modified: 0

[04/Jun/2023:06:40:38] UPDATING PREPAGATI (JobID: 765f84f1-ae36-44a2-9c0b-0af5a9ccc2a5)
 - New and modified: 0

[04/Jun/2023:06:40:38] DELETING PREPAGATI (JobID: 765f84f1-ae36-44a2-9c0b-0af5a9ccc2a5)
 - Deleted: 0

[04/Jun/2023:06:50:04] UPDATING ACCOUNTS (JobID: 1997be6d-9fc4-4967-b916-9cd8c1733683)
 - New and modified: 0

[04/Jun/2023:06:50:04] DELETING ACCOUNTS (JobID: 1997be6d-9fc4-4967-b916-9cd8c1733683)
 - Deleted: 0

[04/Jun/2023:06:50:36] UPDATING PRODUCTS (JobID: 08e7ecdd-f3cd-498e-86bc-4eb71a59a6b8)
 - New and modified: 0

[04/Jun/2023:06:50:38] UPDATING PREPAGATI (JobID: 5050a86f-4e21-4269-bde8-234bd55c47e0)
 - New and modified: 0

[04/Jun/2023:06:50:38] DELETING PREPAGATI (JobID: 5050a86f-4e21-4269-bde8-234bd55c47e0)
 - Deleted: 0

[04/Jun/2023:07:10:05] UPDATING ACCOUNTS (JobID: 74db61a4-b38b-477e-af91-d18ea5d5adfb)
 - New and modified: 0

[04/Jun/2023:07:10:05] DELETING ACCOUNTS (JobID: 74db61a4-b38b-477e-af91-d18ea5d5adfb)
 - Deleted: 0

[04/Jun/2023:07:10:40] UPDATING PRODUCTS (JobID: 17f0d3f6-2ad5-45b1-848f-61cd174f1d19)
 - New and modified: 0

[04/Jun/2023:07:10:42] UPDATING PREPAGATI (JobID: 965b0492-1527-4a0d-8091-921937ab61a0)
 - New and modified: 0

[04/Jun/2023:07:10:42] DELETING PREPAGATI (JobID: 965b0492-1527-4a0d-8091-921937ab61a0)
 - Deleted: 0

[04/Jun/2023:07:30:04] UPDATING ACCOUNTS (JobID: 9d01bf45-1f36-4cd6-94ac-a7bc17fad9c5)
 - New and modified: 0

[04/Jun/2023:07:30:04] DELETING ACCOUNTS (JobID: 9d01bf45-1f36-4cd6-94ac-a7bc17fad9c5)
 - Deleted: 0

[04/Jun/2023:07:30:41] UPDATING PRODUCTS (JobID: 41c7ea8e-1442-4649-af10-1ebc9e445248)
 - New and modified: 0

[04/Jun/2023:07:30:42] UPDATING PREPAGATI (JobID: 8bf6919b-3f1c-4347-9e07-d2c5464958b1)
 - New and modified: 0

[04/Jun/2023:07:30:42] DELETING PREPAGATI (JobID: 8bf6919b-3f1c-4347-9e07-d2c5464958b1)
 - Deleted: 0

[04/Jun/2023:07:50:04] UPDATING ACCOUNTS (JobID: 62bc534c-362b-4104-ae3a-aef9c9f55033)
 - New and modified: 0

[04/Jun/2023:07:50:04] DELETING ACCOUNTS (JobID: 62bc534c-362b-4104-ae3a-aef9c9f55033)
 - Deleted: 0

[04/Jun/2023:07:50:40] UPDATING PRODUCTS (JobID: 5b9ef575-d9c2-4f8d-bf08-35f26b6d6a04)
 - New and modified: 0

[04/Jun/2023:07:50:41] UPDATING PREPAGATI (JobID: b043cfce-7de6-4560-b2a2-92bee34208c0)
 - New and modified: 0

[04/Jun/2023:07:50:41] DELETING PREPAGATI (JobID: b043cfce-7de6-4560-b2a2-92bee34208c0)
 - Deleted: 0

[04/Jun/2023:08:00:04] UPDATING ACCOUNTS (JobID: e58978ef-6cd4-40f7-80ad-d7b16d1a2bcd)
 - New and modified: 0

[04/Jun/2023:08:00:04] DELETING ACCOUNTS (JobID: e58978ef-6cd4-40f7-80ad-d7b16d1a2bcd)
 - Deleted: 0

[04/Jun/2023:08:00:41] UPDATING PRODUCTS (JobID: ab72aaaa-1796-4cf5-ad53-0efc1717a120)
 - New and modified: 0

[04/Jun/2023:08:00:43] UPDATING PREPAGATI (JobID: 308b157d-94c3-40bf-8154-63411eb14d22)
 - New and modified: 0

[04/Jun/2023:08:00:43] DELETING PREPAGATI (JobID: 308b157d-94c3-40bf-8154-63411eb14d22)
 - Deleted: 0

[04/Jun/2023:09:00:05] UPDATING ACCOUNTS (JobID: a08c244b-779c-47e7-acc3-63ca76033d6d)
 - New and modified: 0

[04/Jun/2023:09:00:05] DELETING ACCOUNTS (JobID: a08c244b-779c-47e7-acc3-63ca76033d6d)
 - Deleted: 0

[04/Jun/2023:09:00:41] UPDATING PRODUCTS (JobID: 68c69c8a-fbb9-444a-b47a-49b9fdde8bf6)
 - New and modified: 0

[04/Jun/2023:09:00:43] UPDATING PREPAGATI (JobID: ab00fa4f-5c70-40a2-8c1f-6ff2f4dd1ebc)
 - New and modified: 0

[04/Jun/2023:09:00:43] DELETING PREPAGATI (JobID: ab00fa4f-5c70-40a2-8c1f-6ff2f4dd1ebc)
 - Deleted: 0

[04/Jun/2023:09:10:04] UPDATING ACCOUNTS (JobID: 444ef0eb-3360-4dc0-ad55-8f8d6b8a6648)
 - New and modified: 0

[04/Jun/2023:09:10:04] DELETING ACCOUNTS (JobID: 444ef0eb-3360-4dc0-ad55-8f8d6b8a6648)
 - Deleted: 0

[04/Jun/2023:09:10:38] UPDATING PRODUCTS (JobID: 4266661b-cca5-45cd-9031-229fb75d4dc3)
 - New and modified: 0

[04/Jun/2023:09:10:40] UPDATING PREPAGATI (JobID: 676c6c16-097f-4cc3-ada4-d69151287c7c)
 - New and modified: 0

[04/Jun/2023:09:10:40] DELETING PREPAGATI (JobID: 676c6c16-097f-4cc3-ada4-d69151287c7c)
 - Deleted: 0

[04/Jun/2023:09:20:04] UPDATING ACCOUNTS (JobID: 657f9b4a-d504-4679-ac58-71437f2d0eea)
 - New and modified: 0

[04/Jun/2023:09:20:04] DELETING ACCOUNTS (JobID: 657f9b4a-d504-4679-ac58-71437f2d0eea)
 - Deleted: 0

[04/Jun/2023:09:20:40] UPDATING PRODUCTS (JobID: f18b8243-52a0-46c0-a4dc-24903e762c4f)
 - New and modified: 0

[04/Jun/2023:09:20:42] UPDATING PREPAGATI (JobID: e0786fc4-2ece-4f82-b3c0-daa35ef113a3)
 - New and modified: 0

[04/Jun/2023:09:20:42] DELETING PREPAGATI (JobID: e0786fc4-2ece-4f82-b3c0-daa35ef113a3)
 - Deleted: 0

[04/Jun/2023:09:40:04] UPDATING ACCOUNTS (JobID: d2539352-8771-4414-a3d7-ca80f781a2b5)
 - New and modified: 0

[04/Jun/2023:09:40:04] DELETING ACCOUNTS (JobID: d2539352-8771-4414-a3d7-ca80f781a2b5)
 - Deleted: 0

[04/Jun/2023:09:40:38] UPDATING PRODUCTS (JobID: 7147c9ee-15a2-4607-803e-ffd688bd3d33)
 - New and modified: 0

[04/Jun/2023:09:40:40] UPDATING PREPAGATI (JobID: c323f672-c286-4c37-aee6-c3bff63f63a9)
 - New and modified: 0

[04/Jun/2023:09:40:40] DELETING PREPAGATI (JobID: c323f672-c286-4c37-aee6-c3bff63f63a9)
 - Deleted: 0

[04/Jun/2023:09:50:04] UPDATING ACCOUNTS (JobID: 29b1f152-d3b3-44b6-8477-6d5873edbbef)
 - New and modified: 0

[04/Jun/2023:09:50:04] DELETING ACCOUNTS (JobID: 29b1f152-d3b3-44b6-8477-6d5873edbbef)
 - Deleted: 0

[04/Jun/2023:09:50:37] UPDATING PRODUCTS (JobID: 3649c3fc-b6ce-48da-9589-45d67a01027d)
 - New and modified: 0

[04/Jun/2023:09:50:39] UPDATING PREPAGATI (JobID: 552df30f-559e-4022-8cb9-b5c0493ef876)
 - New and modified: 0

[04/Jun/2023:09:50:39] DELETING PREPAGATI (JobID: 552df30f-559e-4022-8cb9-b5c0493ef876)
 - Deleted: 0

[04/Jun/2023:10:00:04] UPDATING ACCOUNTS (JobID: 19d92247-8fbe-4956-aa3a-ec6c67c3c487)
 - New and modified: 0

[04/Jun/2023:10:00:04] DELETING ACCOUNTS (JobID: 19d92247-8fbe-4956-aa3a-ec6c67c3c487)
 - Deleted: 0

[04/Jun/2023:10:00:38] UPDATING PRODUCTS (JobID: d838f78f-1030-4abe-a2be-2ff1ded89776)
 - New and modified: 0

[04/Jun/2023:10:00:49] UPDATING PREPAGATI (JobID: e227804f-fbfb-4af6-9e05-290713d9337f)
 - New and modified: 0

[04/Jun/2023:10:00:49] DELETING PREPAGATI (JobID: e227804f-fbfb-4af6-9e05-290713d9337f)
 - Deleted: 0

[04/Jun/2023:10:20:04] UPDATING ACCOUNTS (JobID: 6c14eecf-40bf-42df-bd5f-af93340aaef4)
 - New and modified: 0

[04/Jun/2023:10:20:04] DELETING ACCOUNTS (JobID: 6c14eecf-40bf-42df-bd5f-af93340aaef4)
 - Deleted: 0

[04/Jun/2023:10:20:40] UPDATING PRODUCTS (JobID: ac2c90a7-d1cb-40e5-8526-73ca431915e8)
 - New and modified: 0

[04/Jun/2023:10:20:42] UPDATING PREPAGATI (JobID: b016449e-5a5d-4f61-802c-8ad526b7d3ae)
 - New and modified: 0

[04/Jun/2023:10:20:42] DELETING PREPAGATI (JobID: b016449e-5a5d-4f61-802c-8ad526b7d3ae)
 - Deleted: 0

[04/Jun/2023:10:30:04] UPDATING ACCOUNTS (JobID: 48292b4c-11ba-4fb5-8475-48fc55f641e8)
 - New and modified: 0

[04/Jun/2023:10:30:04] DELETING ACCOUNTS (JobID: 48292b4c-11ba-4fb5-8475-48fc55f641e8)
 - Deleted: 0

[04/Jun/2023:10:30:38] UPDATING PRODUCTS (JobID: ce8e7e11-9ebc-48d1-baee-9013ebbd4cfe)
 - New and modified: 0

[04/Jun/2023:10:30:40] UPDATING PREPAGATI (JobID: 15ab2286-34c8-4d0a-9262-fb7c6622b89a)
 - New and modified: 0

[04/Jun/2023:10:30:40] DELETING PREPAGATI (JobID: 15ab2286-34c8-4d0a-9262-fb7c6622b89a)
 - Deleted: 0

[04/Jun/2023:10:50:04] UPDATING ACCOUNTS (JobID: d52752fa-d07b-4804-8422-95a44fb979a7)
 - New and modified: 0

[04/Jun/2023:10:50:04] DELETING ACCOUNTS (JobID: d52752fa-d07b-4804-8422-95a44fb979a7)
 - Deleted: 0

[04/Jun/2023:10:50:37] UPDATING PRODUCTS (JobID: d39b2101-7fc6-4ffd-a85b-2ed3f8c4535c)
 - New and modified: 0

[04/Jun/2023:10:50:39] UPDATING PREPAGATI (JobID: 36da2d27-db06-438b-ac57-20634a54fe36)
 - New and modified: 0

[04/Jun/2023:10:50:39] DELETING PREPAGATI (JobID: 36da2d27-db06-438b-ac57-20634a54fe36)
 - Deleted: 0

[04/Jun/2023:11:10:04] UPDATING ACCOUNTS (JobID: d2e1e666-0612-4081-916e-0e11b204aa99)
 - New and modified: 0

[04/Jun/2023:11:10:04] DELETING ACCOUNTS (JobID: d2e1e666-0612-4081-916e-0e11b204aa99)
 - Deleted: 0

[04/Jun/2023:11:10:40] UPDATING PRODUCTS (JobID: e72e66cf-420d-490b-a9a9-46ac95a454ba)
 - New and modified: 0

[04/Jun/2023:11:10:41] UPDATING PREPAGATI (JobID: 3372f434-7655-4a9b-86dc-587528d744f6)
 - New and modified: 0

[04/Jun/2023:11:10:41] DELETING PREPAGATI (JobID: 3372f434-7655-4a9b-86dc-587528d744f6)
 - Deleted: 0

[04/Jun/2023:11:30:04] UPDATING ACCOUNTS (JobID: 8a54b781-d210-4611-ba10-2c27570c5056)
 - New and modified: 0

[04/Jun/2023:11:30:04] DELETING ACCOUNTS (JobID: 8a54b781-d210-4611-ba10-2c27570c5056)
 - Deleted: 0

[04/Jun/2023:11:30:39] UPDATING PRODUCTS (JobID: acf91404-5d52-4a9c-bcc8-9b3ad1cef723)
 - New and modified: 0

[04/Jun/2023:11:30:41] UPDATING PREPAGATI (JobID: 79eaf9de-dae3-435c-9fa8-acf0d629e8d7)
 - New and modified: 0

[04/Jun/2023:11:30:41] DELETING PREPAGATI (JobID: 79eaf9de-dae3-435c-9fa8-acf0d629e8d7)
 - Deleted: 0

[04/Jun/2023:11:50:04] UPDATING ACCOUNTS (JobID: 3ace981a-b127-4ffe-b8a3-3b04679b8a4c)
 - New and modified: 0

[04/Jun/2023:11:50:04] DELETING ACCOUNTS (JobID: 3ace981a-b127-4ffe-b8a3-3b04679b8a4c)
 - Deleted: 0

[04/Jun/2023:11:50:37] UPDATING PRODUCTS (JobID: efdec789-fe93-4864-b8f1-1ea5341e7b19)
 - New and modified: 0

[04/Jun/2023:11:50:39] UPDATING PREPAGATI (JobID: 0b7fce69-94d6-4de4-9f06-df6a6d514858)
 - New and modified: 0

[04/Jun/2023:11:50:39] DELETING PREPAGATI (JobID: 0b7fce69-94d6-4de4-9f06-df6a6d514858)
 - Deleted: 0

[04/Jun/2023:12:00:04] UPDATING ACCOUNTS (JobID: 488486f2-870b-47a7-bdc6-4fb468ff2766)
 - New and modified: 0

[04/Jun/2023:12:00:04] DELETING ACCOUNTS (JobID: 488486f2-870b-47a7-bdc6-4fb468ff2766)
 - Deleted: 0

[04/Jun/2023:12:00:38] UPDATING PRODUCTS (JobID: 2d914ad0-0068-45e8-bfe5-45d08b167c14)
 - New and modified: 0

[04/Jun/2023:12:00:40] UPDATING PREPAGATI (JobID: 5bc5e72b-7959-409e-83dc-ccb679f8ce0a)
 - New and modified: 0

[04/Jun/2023:12:00:40] DELETING PREPAGATI (JobID: 5bc5e72b-7959-409e-83dc-ccb679f8ce0a)
 - Deleted: 0

[04/Jun/2023:12:20:04] UPDATING ACCOUNTS (JobID: 7ec5b819-73c7-4a83-a1c4-b605700c43f0)
 - New and modified: 0

[04/Jun/2023:12:20:04] DELETING ACCOUNTS (JobID: 7ec5b819-73c7-4a83-a1c4-b605700c43f0)
 - Deleted: 0

[04/Jun/2023:12:20:38] UPDATING PRODUCTS (JobID: 04a49585-6777-43d5-9e01-56bb22a717fe)
 - New and modified: 0

[04/Jun/2023:12:20:40] UPDATING PREPAGATI (JobID: 618da073-ac83-4689-ac12-d12f866b2aad)
 - New and modified: 0

[04/Jun/2023:12:20:40] DELETING PREPAGATI (JobID: 618da073-ac83-4689-ac12-d12f866b2aad)
 - Deleted: 0

[04/Jun/2023:12:30:05] UPDATING ACCOUNTS (JobID: 1c8a052b-2cfa-4e0a-a901-93714e6fddca)
 - New and modified: 0

[04/Jun/2023:12:30:05] DELETING ACCOUNTS (JobID: 1c8a052b-2cfa-4e0a-a901-93714e6fddca)
 - Deleted: 0

[04/Jun/2023:12:30:41] UPDATING PRODUCTS (JobID: 81773556-c2fc-4260-8cea-7964dd59f633)
 - New and modified: 0

[04/Jun/2023:12:30:43] UPDATING PREPAGATI (JobID: a1637b6e-a05d-401a-9a30-e98dbb0ee744)
 - New and modified: 0

[04/Jun/2023:12:30:43] DELETING PREPAGATI (JobID: a1637b6e-a05d-401a-9a30-e98dbb0ee744)
 - Deleted: 0

[04/Jun/2023:13:00:05] UPDATING ACCOUNTS (JobID: 8bd8d430-0b73-42aa-b8aa-8bed5f44012a)
 - New and modified: 0

[04/Jun/2023:13:00:05] DELETING ACCOUNTS (JobID: 8bd8d430-0b73-42aa-b8aa-8bed5f44012a)
 - Deleted: 0

[04/Jun/2023:13:00:39] UPDATING PRODUCTS (JobID: aa48538a-e299-4225-b960-124905d6ae6a)
 - New and modified: 0

[04/Jun/2023:13:00:40] UPDATING PREPAGATI (JobID: 0168c9f3-d8c3-466f-88aa-3a2aad5dcfc1)
 - New and modified: 0

[04/Jun/2023:13:00:40] DELETING PREPAGATI (JobID: 0168c9f3-d8c3-466f-88aa-3a2aad5dcfc1)
 - Deleted: 0

[04/Jun/2023:13:10:04] UPDATING ACCOUNTS (JobID: fb2ca4c5-23ff-40ae-8178-78b28835c690)
 - New and modified: 0

[04/Jun/2023:13:10:04] DELETING ACCOUNTS (JobID: fb2ca4c5-23ff-40ae-8178-78b28835c690)
 - Deleted: 0

[04/Jun/2023:13:10:44] UPDATING PRODUCTS (JobID: 39787cd3-93dc-456c-886d-2c8a3a6e72a0)
 - New and modified: 0

[04/Jun/2023:13:10:47] UPDATING PREPAGATI (JobID: 80295000-620c-4eb7-81cf-00be6cb61192)
 - New and modified: 0

[04/Jun/2023:13:10:47] DELETING PREPAGATI (JobID: 80295000-620c-4eb7-81cf-00be6cb61192)
 - Deleted: 0

[04/Jun/2023:13:40:04] UPDATING ACCOUNTS (JobID: 8e7cb981-6597-488d-81fb-500019bac607)
 - New and modified: 0

[04/Jun/2023:13:40:04] DELETING ACCOUNTS (JobID: 8e7cb981-6597-488d-81fb-500019bac607)
 - Deleted: 0

[04/Jun/2023:13:40:39] UPDATING PRODUCTS (JobID: 89983cf3-c165-4d4e-bc15-6aa5bdd0674d)
 - New and modified: 0

[04/Jun/2023:13:40:41] UPDATING PREPAGATI (JobID: 5949aefa-943d-499b-a87e-328966f35fe3)
 - New and modified: 0

[04/Jun/2023:13:40:41] DELETING PREPAGATI (JobID: 5949aefa-943d-499b-a87e-328966f35fe3)
 - Deleted: 0

[04/Jun/2023:14:20:04] UPDATING ACCOUNTS (JobID: ab1b95b2-0ef1-4bc4-a971-f2e11f586c17)
 - New and modified: 0

[04/Jun/2023:14:20:04] DELETING ACCOUNTS (JobID: ab1b95b2-0ef1-4bc4-a971-f2e11f586c17)
 - Deleted: 0

[04/Jun/2023:14:20:39] UPDATING PRODUCTS (JobID: df13179c-38ba-4f40-b738-f448319ff1ea)
 - New and modified: 0

[04/Jun/2023:14:20:41] UPDATING PREPAGATI (JobID: 9ffcb47f-764a-4186-be33-8143c9f5cddd)
 - New and modified: 0

[04/Jun/2023:14:20:41] DELETING PREPAGATI (JobID: 9ffcb47f-764a-4186-be33-8143c9f5cddd)
 - Deleted: 0

[04/Jun/2023:14:50:04] UPDATING ACCOUNTS (JobID: e59c2b39-e2a9-4c4a-8b22-9b58b8555806)
 - New and modified: 0

[04/Jun/2023:14:50:04] DELETING ACCOUNTS (JobID: e59c2b39-e2a9-4c4a-8b22-9b58b8555806)
 - Deleted: 0

[04/Jun/2023:14:50:38] UPDATING PRODUCTS (JobID: e8fdfcb2-8c44-4b30-a813-6bd94a35c22b)
 - New and modified: 0

[04/Jun/2023:14:50:40] UPDATING PREPAGATI (JobID: 00e24663-fedf-4925-be2d-d84c07751956)
 - New and modified: 0

[04/Jun/2023:14:50:40] DELETING PREPAGATI (JobID: 00e24663-fedf-4925-be2d-d84c07751956)
 - Deleted: 0

[04/Jun/2023:15:20:04] UPDATING ACCOUNTS (JobID: aca95204-7d87-4708-ae44-6622dfa5c4c3)
 - New and modified: 0

[04/Jun/2023:15:20:04] DELETING ACCOUNTS (JobID: aca95204-7d87-4708-ae44-6622dfa5c4c3)
 - Deleted: 0

[04/Jun/2023:15:20:38] UPDATING PRODUCTS (JobID: 19f726f1-ad8b-47e2-9ba3-4a26b4c00ea2)
 - New and modified: 0

[04/Jun/2023:15:20:40] UPDATING PREPAGATI (JobID: ae9eaa5c-c085-47ed-82bd-27604a5ef04a)
 - New and modified: 0

[04/Jun/2023:15:20:40] DELETING PREPAGATI (JobID: ae9eaa5c-c085-47ed-82bd-27604a5ef04a)
 - Deleted: 0

[04/Jun/2023:15:30:04] UPDATING ACCOUNTS (JobID: aea7bb0d-1db4-4d1d-a56a-01c459c28426)
 - New and modified: 0

[04/Jun/2023:15:30:04] DELETING ACCOUNTS (JobID: aea7bb0d-1db4-4d1d-a56a-01c459c28426)
 - Deleted: 0

[04/Jun/2023:15:30:38] UPDATING PRODUCTS (JobID: 142d7def-3d2b-40f8-b5e1-f66bbd669cfb)
 - New and modified: 0

[04/Jun/2023:15:30:39] UPDATING PREPAGATI (JobID: 59794727-e2f0-4b07-8018-97bd0bf83d4b)
 - New and modified: 0

[04/Jun/2023:15:30:39] DELETING PREPAGATI (JobID: 59794727-e2f0-4b07-8018-97bd0bf83d4b)
 - Deleted: 0

[04/Jun/2023:15:40:04] UPDATING ACCOUNTS (JobID: 63071177-5b74-4d79-9c27-78b55c6416c3)
 - New and modified: 0

[04/Jun/2023:15:40:04] DELETING ACCOUNTS (JobID: 63071177-5b74-4d79-9c27-78b55c6416c3)
 - Deleted: 0

[04/Jun/2023:15:40:38] UPDATING PRODUCTS (JobID: f41e7149-8dbf-48ef-86e2-24626abab0b7)
 - New and modified: 0

[04/Jun/2023:15:40:39] UPDATING PREPAGATI (JobID: 2eef0a21-db12-46fa-884e-c9ad75cf196d)
 - New and modified: 0

[04/Jun/2023:15:40:39] DELETING PREPAGATI (JobID: 2eef0a21-db12-46fa-884e-c9ad75cf196d)
 - Deleted: 0

[04/Jun/2023:15:50:05] UPDATING ACCOUNTS (JobID: d9cbee06-5100-4b58-a0b0-6f8a1700f251)
 - New and modified: 0

[04/Jun/2023:15:50:05] DELETING ACCOUNTS (JobID: d9cbee06-5100-4b58-a0b0-6f8a1700f251)
 - Deleted: 0

[04/Jun/2023:15:50:37] UPDATING PRODUCTS (JobID: de225840-3269-41f0-84a1-7ca2a9bb7b4b)
 - New and modified: 0

[04/Jun/2023:15:50:39] UPDATING PREPAGATI (JobID: f7b01632-ff63-4433-878d-b8d3902584d9)
 - New and modified: 0

[04/Jun/2023:15:50:39] DELETING PREPAGATI (JobID: f7b01632-ff63-4433-878d-b8d3902584d9)
 - Deleted: 0

[04/Jun/2023:16:10:04] UPDATING ACCOUNTS (JobID: 475c7c74-a33c-4345-b081-9741457f6e6b)
 - New and modified: 0

[04/Jun/2023:16:10:04] DELETING ACCOUNTS (JobID: 475c7c74-a33c-4345-b081-9741457f6e6b)
 - Deleted: 0

[04/Jun/2023:16:10:38] UPDATING PRODUCTS (JobID: 5fed99c5-ffe8-4c10-95f4-b5349f323bce)
 - New and modified: 0

[04/Jun/2023:16:10:39] UPDATING PREPAGATI (JobID: fe23e296-2caa-43cb-92a8-0496b3899536)
 - New and modified: 0

[04/Jun/2023:16:10:39] DELETING PREPAGATI (JobID: fe23e296-2caa-43cb-92a8-0496b3899536)
 - Deleted: 0

[04/Jun/2023:16:20:04] UPDATING ACCOUNTS (JobID: a9825d97-3751-4f85-91d3-14f5bf2c76f4)
 - New and modified: 0

[04/Jun/2023:16:20:04] DELETING ACCOUNTS (JobID: a9825d97-3751-4f85-91d3-14f5bf2c76f4)
 - Deleted: 0

[04/Jun/2023:16:20:36] UPDATING PRODUCTS (JobID: b80b0a78-178a-447e-b496-54e4e8952772)
 - New and modified: 0

[04/Jun/2023:16:20:38] UPDATING PREPAGATI (JobID: 57ca4dfb-c324-4734-a69f-d748dc35a28b)
 - New and modified: 0

[04/Jun/2023:16:20:38] DELETING PREPAGATI (JobID: 57ca4dfb-c324-4734-a69f-d748dc35a28b)
 - Deleted: 0

[04/Jun/2023:16:40:04] UPDATING ACCOUNTS (JobID: e1ba5f5f-790f-464d-9bd7-1f1985676a7e)
 - New and modified: 0

[04/Jun/2023:16:40:04] DELETING ACCOUNTS (JobID: e1ba5f5f-790f-464d-9bd7-1f1985676a7e)
 - Deleted: 0

[04/Jun/2023:16:40:37] UPDATING PRODUCTS (JobID: 9797a33b-5672-4433-bff7-63a5cc05829c)
 - New and modified: 0

[04/Jun/2023:16:40:39] UPDATING PREPAGATI (JobID: 12cb9ce6-efc3-4d3e-93a8-6f24928720a4)
 - New and modified: 0

[04/Jun/2023:16:40:39] DELETING PREPAGATI (JobID: 12cb9ce6-efc3-4d3e-93a8-6f24928720a4)
 - Deleted: 0

[04/Jun/2023:16:50:04] UPDATING ACCOUNTS (JobID: 7a58336d-8e9d-49d0-8c2d-3d800fdb0c8f)
 - New and modified: 0

[04/Jun/2023:16:50:04] DELETING ACCOUNTS (JobID: 7a58336d-8e9d-49d0-8c2d-3d800fdb0c8f)
 - Deleted: 0

[04/Jun/2023:16:50:37] UPDATING PRODUCTS (JobID: b0ef6be9-02c3-4080-9655-32792562d8b4)
 - New and modified: 0

[04/Jun/2023:16:50:38] UPDATING PREPAGATI (JobID: 19982771-c696-4450-94e0-84e2a8d2c32d)
 - New and modified: 0

[04/Jun/2023:16:50:38] DELETING PREPAGATI (JobID: 19982771-c696-4450-94e0-84e2a8d2c32d)
 - Deleted: 0

[04/Jun/2023:17:00:04] UPDATING ACCOUNTS (JobID: 2b171c49-c50a-4b33-921d-19f9353d0533)
 - New and modified: 0

[04/Jun/2023:17:00:04] DELETING ACCOUNTS (JobID: 2b171c49-c50a-4b33-921d-19f9353d0533)
 - Deleted: 0

[04/Jun/2023:17:00:38] UPDATING PRODUCTS (JobID: 5cc34a10-e863-4d76-a8a8-123f185f3e5e)
 - New and modified: 0

[04/Jun/2023:17:00:39] UPDATING PREPAGATI (JobID: e087bf24-97f2-4433-ba3c-6ab39630a59c)
 - New and modified: 0

[04/Jun/2023:17:00:39] DELETING PREPAGATI (JobID: e087bf24-97f2-4433-ba3c-6ab39630a59c)
 - Deleted: 0

[04/Jun/2023:17:40:04] UPDATING ACCOUNTS (JobID: c745469e-813e-458c-b9f7-ab5a671d7916)
 - New and modified: 0

[04/Jun/2023:17:40:04] DELETING ACCOUNTS (JobID: c745469e-813e-458c-b9f7-ab5a671d7916)
 - Deleted: 0

[04/Jun/2023:17:40:38] UPDATING PRODUCTS (JobID: 2580fb67-32df-442d-9bf1-39626c833c94)
 - New and modified: 0

[04/Jun/2023:17:40:39] UPDATING PREPAGATI (JobID: 978b400e-118e-4d30-9a28-12582e61baa5)
 - New and modified: 0

[04/Jun/2023:17:40:39] DELETING PREPAGATI (JobID: 978b400e-118e-4d30-9a28-12582e61baa5)
 - Deleted: 0

[04/Jun/2023:17:50:04] UPDATING ACCOUNTS (JobID: fb538742-788c-4669-a40c-dae859579477)
 - New and modified: 0

[04/Jun/2023:17:50:04] DELETING ACCOUNTS (JobID: fb538742-788c-4669-a40c-dae859579477)
 - Deleted: 0

[04/Jun/2023:17:50:37] UPDATING PRODUCTS (JobID: 0c37dc2c-ae44-4f6a-9633-06b03dc7f1c7)
 - New and modified: 0

[04/Jun/2023:17:50:39] UPDATING PREPAGATI (JobID: 9c6d1e70-f021-4b6e-88c3-1f834918dead)
 - New and modified: 0

[04/Jun/2023:17:50:39] DELETING PREPAGATI (JobID: 9c6d1e70-f021-4b6e-88c3-1f834918dead)
 - Deleted: 0

[04/Jun/2023:18:10:04] UPDATING ACCOUNTS (JobID: b169e4d5-c05b-464d-b551-c60ecced2ba1)
 - New and modified: 0

[04/Jun/2023:18:10:04] DELETING ACCOUNTS (JobID: b169e4d5-c05b-464d-b551-c60ecced2ba1)
 - Deleted: 0

[04/Jun/2023:18:10:42] UPDATING PRODUCTS (JobID: 9d2f3e7d-9829-4d3d-b301-1411fe4a67e6)
 - New and modified: 0

[04/Jun/2023:18:10:44] UPDATING PREPAGATI (JobID: 86dc5ed4-75c1-4e3f-b511-ba1fb7c01c65)
 - New and modified: 0

[04/Jun/2023:18:10:44] DELETING PREPAGATI (JobID: 86dc5ed4-75c1-4e3f-b511-ba1fb7c01c65)
 - Deleted: 0

[04/Jun/2023:18:30:05] UPDATING ACCOUNTS (JobID: 3537588a-b68b-4df5-8707-68f1139ac644)
 - New and modified: 0

[04/Jun/2023:18:30:05] DELETING ACCOUNTS (JobID: 3537588a-b68b-4df5-8707-68f1139ac644)
 - Deleted: 0

[04/Jun/2023:18:30:40] UPDATING PRODUCTS (JobID: 0ad24f7e-a521-4cf7-ad2f-89ead25ca698)
 - New and modified: 0

[04/Jun/2023:18:30:42] UPDATING PREPAGATI (JobID: 494f94f9-314a-4158-9f04-a0f06056873f)
 - New and modified: 0

[04/Jun/2023:18:30:42] DELETING PREPAGATI (JobID: 494f94f9-314a-4158-9f04-a0f06056873f)
 - Deleted: 0

[04/Jun/2023:18:40:04] UPDATING ACCOUNTS (JobID: cd4c405f-aa44-492c-826d-726a80e76f12)
 - New and modified: 0

[04/Jun/2023:18:40:04] DELETING ACCOUNTS (JobID: cd4c405f-aa44-492c-826d-726a80e76f12)
 - Deleted: 0

[04/Jun/2023:18:40:40] UPDATING PRODUCTS (JobID: 8692c776-9906-4fc2-8527-2fb2cc865f52)
 - New and modified: 0

[04/Jun/2023:18:40:42] UPDATING PREPAGATI (JobID: cf3bfc89-5802-4a1e-b010-0994687c6f71)
 - New and modified: 0

[04/Jun/2023:18:40:42] DELETING PREPAGATI (JobID: cf3bfc89-5802-4a1e-b010-0994687c6f71)
 - Deleted: 0

[04/Jun/2023:19:00:05] UPDATING ACCOUNTS (JobID: a122ddaf-2ac8-4957-98aa-35de97fae1fd)
 - New and modified: 0

[04/Jun/2023:19:00:05] DELETING ACCOUNTS (JobID: a122ddaf-2ac8-4957-98aa-35de97fae1fd)
 - Deleted: 0

[04/Jun/2023:19:00:38] UPDATING PRODUCTS (JobID: 7aef41aa-3e1c-476a-a952-66cfb623c15e)
 - New and modified: 0

[04/Jun/2023:19:00:39] UPDATING PREPAGATI (JobID: d56be910-54f3-475f-bdb6-8c7c0d6cdf9b)
 - New and modified: 0

[04/Jun/2023:19:00:39] DELETING PREPAGATI (JobID: d56be910-54f3-475f-bdb6-8c7c0d6cdf9b)
 - Deleted: 0

[04/Jun/2023:19:40:04] UPDATING ACCOUNTS (JobID: 96b8488f-f379-4bf6-8565-83bbeff314a3)
 - New and modified: 0

[04/Jun/2023:19:40:04] DELETING ACCOUNTS (JobID: 96b8488f-f379-4bf6-8565-83bbeff314a3)
 - Deleted: 0

[04/Jun/2023:19:40:39] UPDATING PRODUCTS (JobID: 03b5e2fd-85ee-4891-b5c4-628047a5171c)
 - New and modified: 0

[04/Jun/2023:19:40:40] UPDATING PREPAGATI (JobID: d608ba56-8610-49f9-b80a-864183fc2085)
 - New and modified: 0

[04/Jun/2023:19:40:40] DELETING PREPAGATI (JobID: d608ba56-8610-49f9-b80a-864183fc2085)
 - Deleted: 0

[04/Jun/2023:20:00:04] UPDATING ACCOUNTS (JobID: 6de159ef-1487-4b8d-be91-4e2b178398c4)
 - New and modified: 0

[04/Jun/2023:20:00:04] DELETING ACCOUNTS (JobID: 6de159ef-1487-4b8d-be91-4e2b178398c4)
 - Deleted: 0

[04/Jun/2023:20:00:39] UPDATING PRODUCTS (JobID: 9ecba0ef-8bc7-4e1d-a14e-267b5e06f89c)
 - New and modified: 0

[04/Jun/2023:20:00:41] UPDATING PREPAGATI (JobID: 74bbb5fd-d0be-43c2-8a07-b6ebf34502df)
 - New and modified: 0

[04/Jun/2023:20:00:41] DELETING PREPAGATI (JobID: 74bbb5fd-d0be-43c2-8a07-b6ebf34502df)
 - Deleted: 0

[04/Jun/2023:20:10:05] UPDATING ACCOUNTS (JobID: 590ab5d4-f2e2-4360-be63-f335b6448d29)
 - New and modified: 0

[04/Jun/2023:20:10:05] DELETING ACCOUNTS (JobID: 590ab5d4-f2e2-4360-be63-f335b6448d29)
 - Deleted: 0

[04/Jun/2023:20:10:38] UPDATING PRODUCTS (JobID: 40f119a0-2ee6-40bf-8996-c14d3bf2ed6b)
 - New and modified: 0

[04/Jun/2023:20:10:40] UPDATING PREPAGATI (JobID: c798814c-2d8e-498a-9667-b1e1182087db)
 - New and modified: 0

[04/Jun/2023:20:10:40] DELETING PREPAGATI (JobID: c798814c-2d8e-498a-9667-b1e1182087db)
 - Deleted: 0

[04/Jun/2023:20:30:04] UPDATING ACCOUNTS (JobID: 9107db1c-c977-490d-8735-4d4c7f1b1489)
 - New and modified: 0

[04/Jun/2023:20:30:04] DELETING ACCOUNTS (JobID: 9107db1c-c977-490d-8735-4d4c7f1b1489)
 - Deleted: 0

[04/Jun/2023:20:30:38] UPDATING PRODUCTS (JobID: 5c41883e-e205-4773-bd46-82c9107a7712)
 - New and modified: 0

[04/Jun/2023:20:30:39] UPDATING PREPAGATI (JobID: 9fb1a0b9-af9f-4bdb-b4c9-2911d4e4c22a)
 - New and modified: 0

[04/Jun/2023:20:30:39] DELETING PREPAGATI (JobID: 9fb1a0b9-af9f-4bdb-b4c9-2911d4e4c22a)
 - Deleted: 0

[04/Jun/2023:20:40:04] UPDATING ACCOUNTS (JobID: ae789205-d1dc-4ec3-93ea-9e8e53abe814)
 - New and modified: 0

[04/Jun/2023:20:40:04] DELETING ACCOUNTS (JobID: ae789205-d1dc-4ec3-93ea-9e8e53abe814)
 - Deleted: 0

[04/Jun/2023:20:40:39] UPDATING PRODUCTS (JobID: 9f7a91ce-61c4-4893-a240-69064a1b22df)
 - New and modified: 0

[04/Jun/2023:20:40:41] UPDATING PREPAGATI (JobID: dbc07c24-3a24-42e1-af0b-926db072b509)
 - New and modified: 0

[04/Jun/2023:20:40:41] DELETING PREPAGATI (JobID: dbc07c24-3a24-42e1-af0b-926db072b509)
 - Deleted: 0

[04/Jun/2023:22:10:04] UPDATING ACCOUNTS (JobID: dfc04e8a-5a65-4a5d-b8c1-5d8669e3f239)
 - New and modified: 0

[04/Jun/2023:22:10:04] DELETING ACCOUNTS (JobID: dfc04e8a-5a65-4a5d-b8c1-5d8669e3f239)
 - Deleted: 0

[04/Jun/2023:22:10:39] UPDATING PRODUCTS (JobID: 39b633f4-ff86-4d54-a216-16638a948761)
 - New and modified: 0

[04/Jun/2023:22:10:41] UPDATING PREPAGATI (JobID: 83d22b9a-9fbe-4b0b-841c-8cbf19d00283)
 - New and modified: 0

[04/Jun/2023:22:10:41] DELETING PREPAGATI (JobID: 83d22b9a-9fbe-4b0b-841c-8cbf19d00283)
 - Deleted: 0

[04/Jun/2023:22:20:04] UPDATING ACCOUNTS (JobID: fd025224-ebe0-48eb-bea9-c8f90a064071)
 - New and modified: 0

[04/Jun/2023:22:20:04] DELETING ACCOUNTS (JobID: fd025224-ebe0-48eb-bea9-c8f90a064071)
 - Deleted: 0

[04/Jun/2023:22:20:40] UPDATING PRODUCTS (JobID: 0bfaf36d-3223-4cfc-999b-36b398b04eb5)
 - New and modified: 0

[04/Jun/2023:22:20:41] UPDATING PREPAGATI (JobID: f5a826f5-6385-4a59-9747-afc65e088764)
 - New and modified: 0

[04/Jun/2023:22:20:41] DELETING PREPAGATI (JobID: f5a826f5-6385-4a59-9747-afc65e088764)
 - Deleted: 0

[04/Jun/2023:22:50:04] UPDATING ACCOUNTS (JobID: 3c586422-d88d-4387-997d-d697e375906b)
 - New and modified: 0

[04/Jun/2023:22:50:04] DELETING ACCOUNTS (JobID: 3c586422-d88d-4387-997d-d697e375906b)
 - Deleted: 0

[04/Jun/2023:22:50:38] UPDATING PRODUCTS (JobID: 088885d8-c123-4b26-b525-ba53ea8e7e26)
 - New and modified: 0

[04/Jun/2023:22:50:40] UPDATING PREPAGATI (JobID: 88d91839-2b3f-4650-b153-8656660fb2b6)
 - New and modified: 0

[04/Jun/2023:22:50:40] DELETING PREPAGATI (JobID: 88d91839-2b3f-4650-b153-8656660fb2b6)
 - Deleted: 0

[04/Jun/2023:23:00:04] UPDATING ACCOUNTS (JobID: 4a0e39bf-9e3b-411d-828f-a653e0212f76)
 - New and modified: 0

[04/Jun/2023:23:00:04] DELETING ACCOUNTS (JobID: 4a0e39bf-9e3b-411d-828f-a653e0212f76)
 - Deleted: 0

[04/Jun/2023:23:00:38] UPDATING PRODUCTS (JobID: d41726e9-968b-4ec1-a34c-5f1ba4afef9d)
 - New and modified: 0

[04/Jun/2023:23:00:40] UPDATING PREPAGATI (JobID: 7f7c1780-3844-44d5-a1c8-de3ee1ebee89)
 - New and modified: 0

[04/Jun/2023:23:00:40] DELETING PREPAGATI (JobID: 7f7c1780-3844-44d5-a1c8-de3ee1ebee89)
 - Deleted: 0

[04/Jun/2023:23:50:04] UPDATING ACCOUNTS (JobID: d37102ce-8385-4b20-95c3-fb44387b6600)
 - New and modified: 0

[04/Jun/2023:23:50:04] DELETING ACCOUNTS (JobID: d37102ce-8385-4b20-95c3-fb44387b6600)
 - Deleted: 0

[04/Jun/2023:23:50:38] UPDATING PRODUCTS (JobID: 7169c83f-2b7b-40de-865c-0c88f81a481a)
 - New and modified: 0

[04/Jun/2023:23:50:39] UPDATING PREPAGATI (JobID: 2d1f03c2-7fb1-4cb6-8779-1f173c6514c9)
 - New and modified: 0

[04/Jun/2023:23:50:39] DELETING PREPAGATI (JobID: 2d1f03c2-7fb1-4cb6-8779-1f173c6514c9)
 - Deleted: 0

