[25/Jun/2023:00:00:05] UPDATING ACCOUNTS (JobID: 94966fb5-2f83-48d5-9231-cad55854765c)
 - New and modified: 0

[25/Jun/2023:00:00:05] DELETING ACCOUNTS (JobID: 94966fb5-2f83-48d5-9231-cad55854765c)
 - Deleted: 0

[25/Jun/2023:00:00:37] UPDATING PRODUCTS (JobID: 37d70aba-35ea-410e-a761-e747f2a01565)
 - New and modified: 0

[25/Jun/2023:00:00:38] UPDATING PREPAGATI (JobID: e0682914-805c-43d4-b1be-21dda63ed114)
 - New and modified: 0

[25/Jun/2023:00:00:38] DELETING PREPAGATI (JobID: e0682914-805c-43d4-b1be-21dda63ed114)
 - Deleted: 0

[25/Jun/2023:00:10:04] UPDATING ACCOUNTS (JobID: 1047bdc5-378b-4cee-bf9a-31ed70de904e)
 - New and modified: 0

[25/Jun/2023:00:10:04] DELETING ACCOUNTS (JobID: 1047bdc5-378b-4cee-bf9a-31ed70de904e)
 - Deleted: 0

[25/Jun/2023:00:10:36] UPDATING PRODUCTS (JobID: cc23757d-13ad-4732-b431-2e6ade780f97)
 - New and modified: 0

[25/Jun/2023:00:10:38] UPDATING PREPAGATI (JobID: 65f34c2b-b70f-4737-91ab-45c910465808)
 - New and modified: 0

[25/Jun/2023:00:10:38] DELETING PREPAGATI (JobID: 65f34c2b-b70f-4737-91ab-45c910465808)
 - Deleted: 0

[25/Jun/2023:00:30:03] UPDATING ACCOUNTS (JobID: 115cc631-55e6-4526-a524-c82ca51b7f9c)
 - New and modified: 0

[25/Jun/2023:00:30:03] DELETING ACCOUNTS (JobID: 115cc631-55e6-4526-a524-c82ca51b7f9c)
 - Deleted: 0

[25/Jun/2023:00:30:35] UPDATING PRODUCTS (JobID: 66c5ff7f-bbc1-498a-b8ec-491d32053b7d)
 - New and modified: 0

[25/Jun/2023:00:30:36] UPDATING PREPAGATI (JobID: 062cbe5f-54d7-44ba-af43-61133ebf2cd2)
 - New and modified: 0

[25/Jun/2023:00:30:36] DELETING PREPAGATI (JobID: 062cbe5f-54d7-44ba-af43-61133ebf2cd2)
 - Deleted: 0

[25/Jun/2023:00:40:04] UPDATING ACCOUNTS (JobID: 7bffc402-d1cb-4c3a-ae9a-199a919ea663)
 - New and modified: 0

[25/Jun/2023:00:40:04] DELETING ACCOUNTS (JobID: 7bffc402-d1cb-4c3a-ae9a-199a919ea663)
 - Deleted: 0

[25/Jun/2023:00:40:36] UPDATING PRODUCTS (JobID: 10d696ad-ac88-4427-a010-d310f2a85323)
 - New and modified: 0

[25/Jun/2023:00:40:38] UPDATING PREPAGATI (JobID: 81f30dd7-2bb3-4279-b02d-258d829b84a7)
 - New and modified: 0

[25/Jun/2023:00:40:38] DELETING PREPAGATI (JobID: 81f30dd7-2bb3-4279-b02d-258d829b84a7)
 - Deleted: 0

[25/Jun/2023:00:50:03] UPDATING ACCOUNTS (JobID: 9ba51b36-37f1-407b-bed7-73fbcfdf9384)
 - New and modified: 0

[25/Jun/2023:00:50:03] DELETING ACCOUNTS (JobID: 9ba51b36-37f1-407b-bed7-73fbcfdf9384)
 - Deleted: 0

[25/Jun/2023:00:50:35] UPDATING PRODUCTS (JobID: 905e91b1-d5f6-4beb-a810-7a56361d1601)
 - New and modified: 0

[25/Jun/2023:00:50:36] UPDATING PREPAGATI (JobID: 45c4f690-a828-4db8-ad7a-466b35e66f5e)
 - New and modified: 0

[25/Jun/2023:00:50:36] DELETING PREPAGATI (JobID: 45c4f690-a828-4db8-ad7a-466b35e66f5e)
 - Deleted: 0

[25/Jun/2023:01:00:04] UPDATING ACCOUNTS (JobID: a12e0632-4ea3-4400-837b-6d67b88e1430)
 - New and modified: 0

[25/Jun/2023:01:00:04] DELETING ACCOUNTS (JobID: a12e0632-4ea3-4400-837b-6d67b88e1430)
 - Deleted: 0

[25/Jun/2023:01:00:37] UPDATING PRODUCTS (JobID: cd5d6f62-8b43-4f73-a7a2-4e9e67055bc4)
 - New and modified: 0

[25/Jun/2023:01:00:39] UPDATING PREPAGATI (JobID: d7a77c81-f88c-4e68-84a1-ad413cc99028)
 - New and modified: 0

[25/Jun/2023:01:00:39] DELETING PREPAGATI (JobID: d7a77c81-f88c-4e68-84a1-ad413cc99028)
 - Deleted: 0

[25/Jun/2023:01:10:04] UPDATING ACCOUNTS (JobID: 612a9618-f4bf-4717-8a79-a4dfb1dc6b75)
 - New and modified: 0

[25/Jun/2023:01:10:04] DELETING ACCOUNTS (JobID: 612a9618-f4bf-4717-8a79-a4dfb1dc6b75)
 - Deleted: 0

[25/Jun/2023:01:10:40] UPDATING PRODUCTS (JobID: 83d24907-22fc-4740-96c0-a3d70539876c)
 - New and modified: 0

[25/Jun/2023:01:10:42] UPDATING PREPAGATI (JobID: d3ecdb9f-93c6-4eed-917f-3268a05fbf32)
 - New and modified: 0

[25/Jun/2023:01:10:42] DELETING PREPAGATI (JobID: d3ecdb9f-93c6-4eed-917f-3268a05fbf32)
 - Deleted: 0

[25/Jun/2023:01:20:04] UPDATING ACCOUNTS (JobID: 8669c8e5-e854-4c9d-98fc-60472a91d468)
 - New and modified: 0

[25/Jun/2023:01:20:04] DELETING ACCOUNTS (JobID: 8669c8e5-e854-4c9d-98fc-60472a91d468)
 - Deleted: 0

[25/Jun/2023:01:20:38] UPDATING PRODUCTS (JobID: 1f775f8d-abf2-491e-b160-54c318fcc788)
 - New and modified: 0

[25/Jun/2023:01:20:39] UPDATING PREPAGATI (JobID: 4c6f1010-bc10-4df8-b7bf-298dc446bd94)
 - New and modified: 0

[25/Jun/2023:01:20:39] DELETING PREPAGATI (JobID: 4c6f1010-bc10-4df8-b7bf-298dc446bd94)
 - Deleted: 0

[25/Jun/2023:01:30:04] UPDATING ACCOUNTS (JobID: 71886c03-122f-4fd6-9995-cdc4b1d5ebbc)
 - New and modified: 0

[25/Jun/2023:01:30:04] DELETING ACCOUNTS (JobID: 71886c03-122f-4fd6-9995-cdc4b1d5ebbc)
 - Deleted: 0

[25/Jun/2023:01:30:34] UPDATING PRODUCTS (JobID: 5fce2a9c-30c4-4510-9683-1751e5f6341e)
 - New and modified: 0

[25/Jun/2023:01:30:36] UPDATING PREPAGATI (JobID: 77441bef-13a9-42ef-bdec-4dcfc757f9fa)
 - New and modified: 0

[25/Jun/2023:01:30:36] DELETING PREPAGATI (JobID: 77441bef-13a9-42ef-bdec-4dcfc757f9fa)
 - Deleted: 0

[25/Jun/2023:01:40:04] UPDATING ACCOUNTS (JobID: 4c268630-868f-4174-929a-3e95fe2b040f)
 - New and modified: 0

[25/Jun/2023:01:40:04] DELETING ACCOUNTS (JobID: 4c268630-868f-4174-929a-3e95fe2b040f)
 - Deleted: 0

[25/Jun/2023:01:40:36] UPDATING PRODUCTS (JobID: 20c6d822-3f91-4401-bcb9-bf9fd7e53872)
 - New and modified: 0

[25/Jun/2023:01:40:38] UPDATING PREPAGATI (JobID: 4a847ae9-f163-4a08-968b-bd8e21bd24f5)
 - New and modified: 0

[25/Jun/2023:01:40:38] DELETING PREPAGATI (JobID: 4a847ae9-f163-4a08-968b-bd8e21bd24f5)
 - Deleted: 0

[25/Jun/2023:01:50:04] UPDATING ACCOUNTS (JobID: e0ff11c0-fe0b-46a6-9cd5-1458a4e1826a)
 - New and modified: 0

[25/Jun/2023:01:50:04] DELETING ACCOUNTS (JobID: e0ff11c0-fe0b-46a6-9cd5-1458a4e1826a)
 - Deleted: 0

[25/Jun/2023:01:50:38] UPDATING PRODUCTS (JobID: 8accce76-3621-4e72-86e5-562e8ac67619)
 - New and modified: 0

[25/Jun/2023:01:50:40] UPDATING PREPAGATI (JobID: 50735463-e454-4ba0-91c8-4a46f183e794)
 - New and modified: 0

[25/Jun/2023:01:50:40] DELETING PREPAGATI (JobID: 50735463-e454-4ba0-91c8-4a46f183e794)
 - Deleted: 0

[25/Jun/2023:02:00:05] UPDATING ACCOUNTS (JobID: 633d90e0-b0ad-4dd4-846f-d8a0c18640f5)
 - New and modified: 0

[25/Jun/2023:02:00:05] DELETING ACCOUNTS (JobID: 633d90e0-b0ad-4dd4-846f-d8a0c18640f5)
 - Deleted: 0

[25/Jun/2023:02:00:35] UPDATING PRODUCTS (JobID: 2af6db5d-f07b-41b4-8569-910a6bcb5a8e)
 - New and modified: 0

[25/Jun/2023:02:00:37] UPDATING PREPAGATI (JobID: 441d2bf6-76b5-4c8c-8c6c-f7f24e6a9425)
 - New and modified: 0

[25/Jun/2023:02:00:37] DELETING PREPAGATI (JobID: 441d2bf6-76b5-4c8c-8c6c-f7f24e6a9425)
 - Deleted: 0

[25/Jun/2023:02:10:04] UPDATING ACCOUNTS (JobID: b9e61ea0-9db5-4c24-93cd-e0d1f9ddf217)
 - New and modified: 0

[25/Jun/2023:02:10:04] DELETING ACCOUNTS (JobID: b9e61ea0-9db5-4c24-93cd-e0d1f9ddf217)
 - Deleted: 0

[25/Jun/2023:02:10:37] UPDATING PRODUCTS (JobID: adab48d2-c1e9-4ba1-b097-612c2befce13)
 - New and modified: 0

[25/Jun/2023:02:10:39] UPDATING PREPAGATI (JobID: 420825e6-8e99-4684-b686-cb98ffca080a)
 - New and modified: 0

[25/Jun/2023:02:10:39] DELETING PREPAGATI (JobID: 420825e6-8e99-4684-b686-cb98ffca080a)
 - Deleted: 0

[25/Jun/2023:02:20:04] UPDATING ACCOUNTS (JobID: c069418f-0ede-49b4-b985-2e0cfe773860)
 - New and modified: 0

[25/Jun/2023:02:20:05] DELETING ACCOUNTS (JobID: c069418f-0ede-49b4-b985-2e0cfe773860)
 - Deleted: 0

[25/Jun/2023:02:20:38] UPDATING PRODUCTS (JobID: b965568c-cb47-4adc-9136-25f4ab23d0a1)
 - New and modified: 0

[25/Jun/2023:02:20:39] UPDATING PREPAGATI (JobID: b088c925-0f42-49d5-9375-d158a2d4ef1c)
 - New and modified: 0

[25/Jun/2023:02:20:39] DELETING PREPAGATI (JobID: b088c925-0f42-49d5-9375-d158a2d4ef1c)
 - Deleted: 0

[25/Jun/2023:02:30:04] UPDATING ACCOUNTS (JobID: a86ba8eb-0b78-4011-8950-0479e1615085)
 - New and modified: 0

[25/Jun/2023:02:30:04] DELETING ACCOUNTS (JobID: a86ba8eb-0b78-4011-8950-0479e1615085)
 - Deleted: 0

[25/Jun/2023:02:30:37] UPDATING PRODUCTS (JobID: 8b9dccb4-e1ca-425c-aa6f-8141f18a84c7)
 - New and modified: 0

[25/Jun/2023:02:30:39] UPDATING PREPAGATI (JobID: 64c50925-5497-4cda-9794-3ae5937a94e2)
 - New and modified: 0

[25/Jun/2023:02:30:39] DELETING PREPAGATI (JobID: 64c50925-5497-4cda-9794-3ae5937a94e2)
 - Deleted: 0

[25/Jun/2023:02:40:03] UPDATING ACCOUNTS (JobID: a3c979a5-3128-44c8-9222-28f304df79fc)
 - New and modified: 0

[25/Jun/2023:02:40:03] DELETING ACCOUNTS (JobID: a3c979a5-3128-44c8-9222-28f304df79fc)
 - Deleted: 0

[25/Jun/2023:02:40:36] UPDATING PRODUCTS (JobID: 769a0548-a63c-480e-957d-0f7b11446bb0)
 - New and modified: 0

[25/Jun/2023:02:40:38] UPDATING PREPAGATI (JobID: f3c256d6-dd43-4c6e-9aea-8c1b6cf9ef0a)
 - New and modified: 0

[25/Jun/2023:02:40:38] DELETING PREPAGATI (JobID: f3c256d6-dd43-4c6e-9aea-8c1b6cf9ef0a)
 - Deleted: 0

[25/Jun/2023:03:00:04] UPDATING ACCOUNTS (JobID: 46539e3b-f036-4d62-aae7-de68dea1caf3)
 - New and modified: 0

[25/Jun/2023:03:00:04] DELETING ACCOUNTS (JobID: 46539e3b-f036-4d62-aae7-de68dea1caf3)
 - Deleted: 0

[25/Jun/2023:03:00:36] UPDATING PRODUCTS (JobID: 727c4715-a5d3-4bd3-a931-95c001eeb008)
 - New and modified: 0

[25/Jun/2023:03:00:38] UPDATING PREPAGATI (JobID: 5db4ac99-6d0c-4cbe-9e55-003314217ea7)
 - New and modified: 0

[25/Jun/2023:03:00:38] DELETING PREPAGATI (JobID: 5db4ac99-6d0c-4cbe-9e55-003314217ea7)
 - Deleted: 0

[25/Jun/2023:03:10:04] UPDATING ACCOUNTS (JobID: 907c67ad-e187-40e8-8405-39d79c61a42e)
 - New and modified: 0

[25/Jun/2023:03:10:04] DELETING ACCOUNTS (JobID: 907c67ad-e187-40e8-8405-39d79c61a42e)
 - Deleted: 0

[25/Jun/2023:03:10:38] UPDATING PRODUCTS (JobID: 2627a85e-748d-4953-a39e-376fb6e855bd)
 - New and modified: 0

[25/Jun/2023:03:10:39] UPDATING PREPAGATI (JobID: de2a3ca9-9a29-4993-83b2-49dec775cb66)
 - New and modified: 0

[25/Jun/2023:03:10:39] DELETING PREPAGATI (JobID: de2a3ca9-9a29-4993-83b2-49dec775cb66)
 - Deleted: 0

[25/Jun/2023:03:20:04] UPDATING ACCOUNTS (JobID: d6295fca-efec-4ba9-a0a1-8c6d775059df)
 - New and modified: 0

[25/Jun/2023:03:20:04] DELETING ACCOUNTS (JobID: d6295fca-efec-4ba9-a0a1-8c6d775059df)
 - Deleted: 0

[25/Jun/2023:03:20:36] UPDATING PRODUCTS (JobID: 084d6fd9-471e-47d1-9f06-588538367797)
 - New and modified: 0

[25/Jun/2023:03:20:38] UPDATING PREPAGATI (JobID: 50641cac-9da8-44dc-981b-02d188eb06f2)
 - New and modified: 0

[25/Jun/2023:03:20:38] DELETING PREPAGATI (JobID: 50641cac-9da8-44dc-981b-02d188eb06f2)
 - Deleted: 0

[25/Jun/2023:03:30:05] UPDATING ACCOUNTS (JobID: 97a627db-f324-4b27-aa44-06ba644b4baa)
 - New and modified: 0

[25/Jun/2023:03:30:05] DELETING ACCOUNTS (JobID: 97a627db-f324-4b27-aa44-06ba644b4baa)
 - Deleted: 0

[25/Jun/2023:03:30:43] UPDATING PRODUCTS (JobID: 22264a99-3dd9-4b84-aaf2-c5ba8ab46aef)
 - New and modified: 0

[25/Jun/2023:03:30:45] UPDATING PREPAGATI (JobID: a8199ec4-87a7-4813-ab8b-b7a785536db4)
 - New and modified: 0

[25/Jun/2023:03:30:45] DELETING PREPAGATI (JobID: a8199ec4-87a7-4813-ab8b-b7a785536db4)
 - Deleted: 0

[25/Jun/2023:03:40:05] UPDATING ACCOUNTS (JobID: a60a3311-1c33-475e-a451-fd583512dd17)
 - New and modified: 0

[25/Jun/2023:03:40:05] DELETING ACCOUNTS (JobID: a60a3311-1c33-475e-a451-fd583512dd17)
 - Deleted: 0

[25/Jun/2023:03:40:40] UPDATING PRODUCTS (JobID: 10949951-e99f-43ef-b2bd-b7337e7926ab)
 - New and modified: 0

[25/Jun/2023:03:40:42] UPDATING PREPAGATI (JobID: 70df1cfa-d510-4192-9187-12cbba58e6d0)
 - New and modified: 0

[25/Jun/2023:03:40:42] DELETING PREPAGATI (JobID: 70df1cfa-d510-4192-9187-12cbba58e6d0)
 - Deleted: 0

[25/Jun/2023:03:50:04] UPDATING ACCOUNTS (JobID: ff488c6b-f238-4f4d-962a-f70c99e5bc35)
 - New and modified: 0

[25/Jun/2023:03:50:04] DELETING ACCOUNTS (JobID: ff488c6b-f238-4f4d-962a-f70c99e5bc35)
 - Deleted: 0

[25/Jun/2023:03:50:39] UPDATING PRODUCTS (JobID: d8ad056a-5ef9-43e1-87cf-1b5737b6259c)
 - New and modified: 0

[25/Jun/2023:03:50:41] UPDATING PREPAGATI (JobID: 5d1e385b-1b3a-4576-ab34-2f1c1ab7ecc0)
 - New and modified: 0

[25/Jun/2023:03:50:41] DELETING PREPAGATI (JobID: 5d1e385b-1b3a-4576-ab34-2f1c1ab7ecc0)
 - Deleted: 0

[25/Jun/2023:04:00:04] UPDATING ACCOUNTS (JobID: 7c1f3d31-4666-49e3-851b-187e6879de47)
 - New and modified: 0

[25/Jun/2023:04:00:04] DELETING ACCOUNTS (JobID: 7c1f3d31-4666-49e3-851b-187e6879de47)
 - Deleted: 0

[25/Jun/2023:04:00:38] UPDATING PRODUCTS (JobID: e5f4492f-6f35-43dd-8ae6-84f99c07ad26)
 - New and modified: 0

[25/Jun/2023:04:00:40] UPDATING PREPAGATI (JobID: f73f2b61-7923-4bfc-8b1d-f055829250e3)
 - New and modified: 0

[25/Jun/2023:04:00:40] DELETING PREPAGATI (JobID: f73f2b61-7923-4bfc-8b1d-f055829250e3)
 - Deleted: 0

[25/Jun/2023:04:10:04] UPDATING ACCOUNTS (JobID: 2989ffe3-6400-4c32-ae7b-b101d8c43f69)
 - New and modified: 0

[25/Jun/2023:04:10:04] DELETING ACCOUNTS (JobID: 2989ffe3-6400-4c32-ae7b-b101d8c43f69)
 - Deleted: 0

[25/Jun/2023:04:10:38] UPDATING PRODUCTS (JobID: 499c8db9-50cc-4ee1-a42f-bc310217c243)
 - New and modified: 0

[25/Jun/2023:04:10:41] UPDATING PREPAGATI (JobID: dba32ff8-bd0f-4898-acc7-57c4491d0430)
 - New and modified: 0

[25/Jun/2023:04:10:41] DELETING PREPAGATI (JobID: dba32ff8-bd0f-4898-acc7-57c4491d0430)
 - Deleted: 0

[25/Jun/2023:04:20:04] UPDATING ACCOUNTS (JobID: f840426b-3c62-4abe-9b2b-5cf136ba42b9)
 - New and modified: 0

[25/Jun/2023:04:20:04] DELETING ACCOUNTS (JobID: f840426b-3c62-4abe-9b2b-5cf136ba42b9)
 - Deleted: 0

[25/Jun/2023:04:20:36] UPDATING PRODUCTS (JobID: 4a840c65-0227-4507-9c8b-f6d298f923cd)
 - New and modified: 0

[25/Jun/2023:04:20:38] UPDATING PREPAGATI (JobID: 0eb600c9-5e7f-48ef-b488-0c934e0f7e86)
 - New and modified: 0

[25/Jun/2023:04:20:38] DELETING PREPAGATI (JobID: 0eb600c9-5e7f-48ef-b488-0c934e0f7e86)
 - Deleted: 0

[25/Jun/2023:04:40:04] UPDATING ACCOUNTS (JobID: 569dc272-6e04-40dd-85a2-db7769a447d1)
 - New and modified: 0

[25/Jun/2023:04:40:04] DELETING ACCOUNTS (JobID: 569dc272-6e04-40dd-85a2-db7769a447d1)
 - Deleted: 0

[25/Jun/2023:04:40:36] UPDATING PRODUCTS (JobID: 02eb08cf-20f5-47c6-a0a9-bc09ff06b2ee)
 - New and modified: 0

[25/Jun/2023:04:40:38] UPDATING PREPAGATI (JobID: 749e85da-bf9b-4e5e-b5f5-864f644665cc)
 - New and modified: 0

[25/Jun/2023:04:40:38] DELETING PREPAGATI (JobID: 749e85da-bf9b-4e5e-b5f5-864f644665cc)
 - Deleted: 0

[25/Jun/2023:04:50:04] UPDATING ACCOUNTS (JobID: 8206fb9a-247b-48bc-9e43-5350694c9aaf)
 - New and modified: 0

[25/Jun/2023:04:50:04] DELETING ACCOUNTS (JobID: 8206fb9a-247b-48bc-9e43-5350694c9aaf)
 - Deleted: 0

[25/Jun/2023:04:50:35] UPDATING PRODUCTS (JobID: 19cbddac-46d1-4af4-9755-3d5dccd1068f)
 - New and modified: 0

[25/Jun/2023:04:50:36] UPDATING PREPAGATI (JobID: 9e9c24bb-88a8-4b27-ac73-8db15f22a71f)
 - New and modified: 0

[25/Jun/2023:04:50:36] DELETING PREPAGATI (JobID: 9e9c24bb-88a8-4b27-ac73-8db15f22a71f)
 - Deleted: 0

[25/Jun/2023:05:00:04] UPDATING ACCOUNTS (JobID: bb17462b-2a3c-4bbd-9c88-64ec2d07b1a5)
 - New and modified: 0

[25/Jun/2023:05:00:04] DELETING ACCOUNTS (JobID: bb17462b-2a3c-4bbd-9c88-64ec2d07b1a5)
 - Deleted: 0

[25/Jun/2023:05:00:35] UPDATING PRODUCTS (JobID: 06c84a83-ecd9-490b-ba20-5c1bc94dc185)
 - New and modified: 0

[25/Jun/2023:05:00:36] UPDATING PREPAGATI (JobID: dd25300f-4a56-4f70-8e14-c910871be906)
 - New and modified: 0

[25/Jun/2023:05:00:36] DELETING PREPAGATI (JobID: dd25300f-4a56-4f70-8e14-c910871be906)
 - Deleted: 0

[25/Jun/2023:05:10:04] UPDATING ACCOUNTS (JobID: 44e0a0ab-d41a-4335-b14f-8b56a2afec6f)
 - New and modified: 0

[25/Jun/2023:05:10:04] DELETING ACCOUNTS (JobID: 44e0a0ab-d41a-4335-b14f-8b56a2afec6f)
 - Deleted: 0

[25/Jun/2023:05:10:36] UPDATING PRODUCTS (JobID: 402d682d-e1fa-44b9-ac4c-02c51eaa8d4a)
 - New and modified: 0

[25/Jun/2023:05:10:38] UPDATING PREPAGATI (JobID: d9bda13b-b97c-46eb-a372-a0c9231f42a2)
 - New and modified: 0

[25/Jun/2023:05:10:38] DELETING PREPAGATI (JobID: d9bda13b-b97c-46eb-a372-a0c9231f42a2)
 - Deleted: 0

[25/Jun/2023:05:30:06] UPDATING ACCOUNTS (JobID: bce9374c-ce2c-4394-9371-d427d02c20ef)
 - New and modified: 0

[25/Jun/2023:05:30:06] DELETING ACCOUNTS (JobID: bce9374c-ce2c-4394-9371-d427d02c20ef)
 - Deleted: 0

[25/Jun/2023:05:30:37] UPDATING PRODUCTS (JobID: a607eaa9-a768-47d8-acd1-5111be8b3f34)
 - New and modified: 0

[25/Jun/2023:05:30:39] UPDATING PREPAGATI (JobID: 97a3d530-8694-4762-a84f-f51b6a03f87f)
 - New and modified: 0

[25/Jun/2023:05:30:39] DELETING PREPAGATI (JobID: 97a3d530-8694-4762-a84f-f51b6a03f87f)
 - Deleted: 0

[25/Jun/2023:05:40:04] UPDATING ACCOUNTS (JobID: aff986d8-64a5-4988-bf02-04ad40cc5735)
 - New and modified: 0

[25/Jun/2023:05:40:04] DELETING ACCOUNTS (JobID: aff986d8-64a5-4988-bf02-04ad40cc5735)
 - Deleted: 0

[25/Jun/2023:05:40:36] UPDATING PRODUCTS (JobID: 512dbce5-078c-4d72-af16-35f2c4c3f4b9)
 - New and modified: 0

[25/Jun/2023:05:40:37] UPDATING PREPAGATI (JobID: aff98cf9-5979-4aa4-9cb2-1fe92cc5fc91)
 - New and modified: 0

[25/Jun/2023:05:40:37] DELETING PREPAGATI (JobID: aff98cf9-5979-4aa4-9cb2-1fe92cc5fc91)
 - Deleted: 0

[25/Jun/2023:05:50:04] UPDATING ACCOUNTS (JobID: 3c7e644a-fd51-4a5d-a8f6-60c02b5494b1)
 - New and modified: 0

[25/Jun/2023:05:50:04] DELETING ACCOUNTS (JobID: 3c7e644a-fd51-4a5d-a8f6-60c02b5494b1)
 - Deleted: 0

[25/Jun/2023:05:50:36] UPDATING PRODUCTS (JobID: a707b734-da53-4ec6-8350-d5603b52f03c)
 - New and modified: 0

[25/Jun/2023:05:50:38] UPDATING PREPAGATI (JobID: bf5b8e71-ea36-4c67-9d5e-50aea021775e)
 - New and modified: 0

[25/Jun/2023:05:50:38] DELETING PREPAGATI (JobID: bf5b8e71-ea36-4c67-9d5e-50aea021775e)
 - Deleted: 0

[25/Jun/2023:06:00:05] UPDATING ACCOUNTS (JobID: eb1dcba7-5789-41a2-beba-908d4ad5f05c)
 - New and modified: 0

[25/Jun/2023:06:00:05] DELETING ACCOUNTS (JobID: eb1dcba7-5789-41a2-beba-908d4ad5f05c)
 - Deleted: 0

[25/Jun/2023:06:00:36] UPDATING PRODUCTS (JobID: 8d7fded6-4ec2-4d69-96c5-1857cb5ae654)
 - New and modified: 0

[25/Jun/2023:06:00:37] UPDATING PREPAGATI (JobID: 2f639bef-2f75-4e84-8943-88def0f2bc08)
 - New and modified: 0

[25/Jun/2023:06:00:37] DELETING PREPAGATI (JobID: 2f639bef-2f75-4e84-8943-88def0f2bc08)
 - Deleted: 0

[25/Jun/2023:06:10:04] UPDATING ACCOUNTS (JobID: ce7eec92-0805-4929-aa0b-7223b483c820)
 - New and modified: 0

[25/Jun/2023:06:10:04] DELETING ACCOUNTS (JobID: ce7eec92-0805-4929-aa0b-7223b483c820)
 - Deleted: 0

[25/Jun/2023:06:10:38] UPDATING PRODUCTS (JobID: 889af153-233d-4a80-81af-87abe5363fcb)
 - New and modified: 0

[25/Jun/2023:06:10:40] UPDATING PREPAGATI (JobID: 20b87dac-b3ae-4a46-ab4d-a5b6c11abf04)
 - New and modified: 0

[25/Jun/2023:06:10:40] DELETING PREPAGATI (JobID: 20b87dac-b3ae-4a46-ab4d-a5b6c11abf04)
 - Deleted: 0

[25/Jun/2023:06:20:05] UPDATING ACCOUNTS (JobID: 173ee574-a582-444a-a4a6-8780ec0e6c84)
 - New and modified: 0

[25/Jun/2023:06:20:05] DELETING ACCOUNTS (JobID: 173ee574-a582-444a-a4a6-8780ec0e6c84)
 - Deleted: 0

[25/Jun/2023:06:20:39] UPDATING PRODUCTS (JobID: 43cda093-3dde-41a9-adbd-8dd8ad89f318)
 - New and modified: 0

[25/Jun/2023:06:20:41] UPDATING PREPAGATI (JobID: 1f643ec3-2486-49a0-99de-32cf8ab8d120)
 - New and modified: 0

[25/Jun/2023:06:20:41] DELETING PREPAGATI (JobID: 1f643ec3-2486-49a0-99de-32cf8ab8d120)
 - Deleted: 0

[25/Jun/2023:06:30:04] UPDATING ACCOUNTS (JobID: 4cc02b77-ed73-45d6-9da6-0e9a25712446)
 - New and modified: 0

[25/Jun/2023:06:30:04] DELETING ACCOUNTS (JobID: 4cc02b77-ed73-45d6-9da6-0e9a25712446)
 - Deleted: 0

[25/Jun/2023:06:30:38] UPDATING PRODUCTS (JobID: e3a321a0-3581-4cad-a275-3cc96beee7e5)
 - New and modified: 0

[25/Jun/2023:06:30:39] UPDATING PREPAGATI (JobID: 237d2581-8e17-4a72-87cb-3c92ace53434)
 - New and modified: 0

[25/Jun/2023:06:30:39] DELETING PREPAGATI (JobID: 237d2581-8e17-4a72-87cb-3c92ace53434)
 - Deleted: 0

[25/Jun/2023:06:40:04] UPDATING ACCOUNTS (JobID: db4f2f8b-d534-4b83-86ee-c23f9da013d7)
 - New and modified: 0

[25/Jun/2023:06:40:04] DELETING ACCOUNTS (JobID: db4f2f8b-d534-4b83-86ee-c23f9da013d7)
 - Deleted: 0

[25/Jun/2023:06:40:35] UPDATING PRODUCTS (JobID: 51dd7b12-3968-4ea7-bb63-8dfc1370c54c)
 - New and modified: 0

[25/Jun/2023:06:40:36] UPDATING PREPAGATI (JobID: 6f9a21b3-d80a-4461-ad1d-00cb7d7a2ba6)
 - New and modified: 0

[25/Jun/2023:06:40:36] DELETING PREPAGATI (JobID: 6f9a21b3-d80a-4461-ad1d-00cb7d7a2ba6)
 - Deleted: 0

[25/Jun/2023:06:50:03] UPDATING ACCOUNTS (JobID: 4bfa7e53-8d58-4ad7-84b7-66cd0475451e)
 - New and modified: 0

[25/Jun/2023:06:50:03] DELETING ACCOUNTS (JobID: 4bfa7e53-8d58-4ad7-84b7-66cd0475451e)
 - Deleted: 0

[25/Jun/2023:06:50:34] UPDATING PRODUCTS (JobID: 53795299-9cc1-4ec1-9a4a-654d38f6eaf9)
 - New and modified: 0

[25/Jun/2023:06:50:37] UPDATING PREPAGATI (JobID: e7cad417-cd42-4b49-9560-f79ba82ac963)
 - New and modified: 0

[25/Jun/2023:06:50:37] DELETING PREPAGATI (JobID: e7cad417-cd42-4b49-9560-f79ba82ac963)
 - Deleted: 0

[25/Jun/2023:07:00:04] UPDATING ACCOUNTS (JobID: e3fa11bb-2f7e-4b2d-aaab-81ce3bfb1aaf)
 - New and modified: 0

[25/Jun/2023:07:00:04] DELETING ACCOUNTS (JobID: e3fa11bb-2f7e-4b2d-aaab-81ce3bfb1aaf)
 - Deleted: 0

[25/Jun/2023:07:00:36] UPDATING PRODUCTS (JobID: f109062c-b971-48ab-a40b-4785a9753642)
 - New and modified: 0

[25/Jun/2023:07:00:41] UPDATING PREPAGATI (JobID: e3ef61aa-e983-421a-ab5f-53c9fb77a985)
 - New and modified: 0

[25/Jun/2023:07:00:41] DELETING PREPAGATI (JobID: e3ef61aa-e983-421a-ab5f-53c9fb77a985)
 - Deleted: 0

[25/Jun/2023:07:10:04] UPDATING ACCOUNTS (JobID: cb203482-31a1-4605-b500-9e45d032cf9f)
 - New and modified: 0

[25/Jun/2023:07:10:04] DELETING ACCOUNTS (JobID: cb203482-31a1-4605-b500-9e45d032cf9f)
 - Deleted: 0

[25/Jun/2023:07:10:37] UPDATING PRODUCTS (JobID: 7a0677a1-c581-487b-af78-4dce68710bb3)
 - New and modified: 0

[25/Jun/2023:07:10:39] UPDATING PREPAGATI (JobID: 1484620d-9441-4c02-b12f-81b0c9030402)
 - New and modified: 0

[25/Jun/2023:07:10:39] DELETING PREPAGATI (JobID: 1484620d-9441-4c02-b12f-81b0c9030402)
 - Deleted: 0

[25/Jun/2023:07:20:05] UPDATING ACCOUNTS (JobID: a69021bf-22c3-4a37-bbae-ee05aaaa8cb8)
 - New and modified: 0

[25/Jun/2023:07:20:05] DELETING ACCOUNTS (JobID: a69021bf-22c3-4a37-bbae-ee05aaaa8cb8)
 - Deleted: 0

[25/Jun/2023:07:20:39] UPDATING PRODUCTS (JobID: ce64ae5e-9d22-485f-a0e9-6150e0ea5e35)
 - New and modified: 0

[25/Jun/2023:07:20:41] UPDATING PREPAGATI (JobID: 3c69c584-a687-4982-8c8b-502282a7b69d)
 - New and modified: 0

[25/Jun/2023:07:20:41] DELETING PREPAGATI (JobID: 3c69c584-a687-4982-8c8b-502282a7b69d)
 - Deleted: 0

[25/Jun/2023:07:30:05] UPDATING ACCOUNTS (JobID: f120d8af-1990-42c1-9715-7707eaf9e43e)
 - New and modified: 0

[25/Jun/2023:07:30:05] DELETING ACCOUNTS (JobID: f120d8af-1990-42c1-9715-7707eaf9e43e)
 - Deleted: 0

[25/Jun/2023:07:30:40] UPDATING PRODUCTS (JobID: ac850851-8152-47f0-aebd-c6fd5ae86107)
 - New and modified: 0

[25/Jun/2023:07:30:42] UPDATING PREPAGATI (JobID: bdf5616f-3148-4d82-ae38-1ce11f5dad94)
 - New and modified: 0

[25/Jun/2023:07:30:42] DELETING PREPAGATI (JobID: bdf5616f-3148-4d82-ae38-1ce11f5dad94)
 - Deleted: 0

[25/Jun/2023:07:40:04] UPDATING ACCOUNTS (JobID: 6715bf69-47ae-4942-992e-4bea8142aa05)
 - New and modified: 0

[25/Jun/2023:07:40:04] DELETING ACCOUNTS (JobID: 6715bf69-47ae-4942-992e-4bea8142aa05)
 - Deleted: 0

[25/Jun/2023:07:40:38] UPDATING PRODUCTS (JobID: 690da8b7-2f88-426a-90d0-8526ba3a6ac6)
 - New and modified: 0

[25/Jun/2023:07:40:40] UPDATING PREPAGATI (JobID: b6e2212f-1642-45d4-b398-d717c3a482a6)
 - New and modified: 0

[25/Jun/2023:07:40:40] DELETING PREPAGATI (JobID: b6e2212f-1642-45d4-b398-d717c3a482a6)
 - Deleted: 0

[25/Jun/2023:07:50:04] UPDATING ACCOUNTS (JobID: 4d49ef17-05da-4889-a2e0-52f58557ee6f)
 - New and modified: 0

[25/Jun/2023:07:50:04] DELETING ACCOUNTS (JobID: 4d49ef17-05da-4889-a2e0-52f58557ee6f)
 - Deleted: 0

[25/Jun/2023:07:50:38] UPDATING PRODUCTS (JobID: 8b98f3d0-faca-49f2-b20a-84240588afcd)
 - New and modified: 0

[25/Jun/2023:07:50:40] UPDATING PREPAGATI (JobID: aecb3d2d-56c0-4d5b-b81b-fd5eff306dcd)
 - New and modified: 0

[25/Jun/2023:07:50:40] DELETING PREPAGATI (JobID: aecb3d2d-56c0-4d5b-b81b-fd5eff306dcd)
 - Deleted: 0

[25/Jun/2023:08:00:04] UPDATING ACCOUNTS (JobID: e7663214-9173-4203-9f21-cea54bc4a314)
 - New and modified: 0

[25/Jun/2023:08:00:04] DELETING ACCOUNTS (JobID: e7663214-9173-4203-9f21-cea54bc4a314)
 - Deleted: 0

[25/Jun/2023:08:00:37] UPDATING PRODUCTS (JobID: 3bb20a9c-ef79-477c-822f-6ceb08611977)
 - New and modified: 0

[25/Jun/2023:08:00:39] UPDATING PREPAGATI (JobID: 04e1676c-4319-4f08-80ae-435c6dbe653e)
 - New and modified: 0

[25/Jun/2023:08:00:39] DELETING PREPAGATI (JobID: 04e1676c-4319-4f08-80ae-435c6dbe653e)
 - Deleted: 0

[25/Jun/2023:08:10:04] UPDATING ACCOUNTS (JobID: a4ee17d7-fd9f-41a0-b948-a81c38f3a231)
 - New and modified: 0

[25/Jun/2023:08:10:04] DELETING ACCOUNTS (JobID: a4ee17d7-fd9f-41a0-b948-a81c38f3a231)
 - Deleted: 0

[25/Jun/2023:08:10:36] UPDATING PRODUCTS (JobID: 5a0572d4-2759-4ca8-8598-e3f4f48705c2)
 - New and modified: 0

[25/Jun/2023:08:10:38] UPDATING PREPAGATI (JobID: 65a6974f-0884-4c95-9d0d-0c45d341ee5d)
 - New and modified: 0

[25/Jun/2023:08:10:38] DELETING PREPAGATI (JobID: 65a6974f-0884-4c95-9d0d-0c45d341ee5d)
 - Deleted: 0

[25/Jun/2023:08:20:04] UPDATING ACCOUNTS (JobID: 95c167c7-e070-40fd-a56a-03da7718e3f1)
 - New and modified: 0

[25/Jun/2023:08:20:04] DELETING ACCOUNTS (JobID: 95c167c7-e070-40fd-a56a-03da7718e3f1)
 - Deleted: 0

[25/Jun/2023:08:20:38] UPDATING PRODUCTS (JobID: f8da7765-4b4c-4bef-af40-1027fc5418f9)
 - New and modified: 0

[25/Jun/2023:08:20:40] UPDATING PREPAGATI (JobID: 15bc7286-7b05-46d9-83da-fd1337452c6b)
 - New and modified: 0

[25/Jun/2023:08:20:40] DELETING PREPAGATI (JobID: 15bc7286-7b05-46d9-83da-fd1337452c6b)
 - Deleted: 0

[25/Jun/2023:08:30:04] UPDATING ACCOUNTS (JobID: f14ebfe5-1063-4b4c-a48f-d753b12d52d3)
 - New and modified: 0

[25/Jun/2023:08:30:04] DELETING ACCOUNTS (JobID: f14ebfe5-1063-4b4c-a48f-d753b12d52d3)
 - Deleted: 0

[25/Jun/2023:08:30:36] UPDATING PRODUCTS (JobID: 16d93538-dd3a-4642-b10b-14dd3e4599dc)
 - New and modified: 0

[25/Jun/2023:08:30:38] UPDATING PREPAGATI (JobID: 80003d92-8e7c-4758-8811-025ec03c4173)
 - New and modified: 0

[25/Jun/2023:08:30:38] DELETING PREPAGATI (JobID: 80003d92-8e7c-4758-8811-025ec03c4173)
 - Deleted: 0

[25/Jun/2023:08:40:04] UPDATING ACCOUNTS (JobID: 87f694ba-d6cb-4fed-94fd-88546255fbac)
 - New and modified: 0

[25/Jun/2023:08:40:04] DELETING ACCOUNTS (JobID: 87f694ba-d6cb-4fed-94fd-88546255fbac)
 - Deleted: 0

[25/Jun/2023:08:40:34] UPDATING PRODUCTS (JobID: af6f7c1f-242b-4934-b5d7-7799148c81d6)
 - New and modified: 0

[25/Jun/2023:08:40:36] UPDATING PREPAGATI (JobID: 8b07684c-8296-4518-8d15-9303e977aa0c)
 - New and modified: 0

[25/Jun/2023:08:40:36] DELETING PREPAGATI (JobID: 8b07684c-8296-4518-8d15-9303e977aa0c)
 - Deleted: 0

[25/Jun/2023:08:50:03] UPDATING ACCOUNTS (JobID: ce6feb1a-dbe5-4436-b778-092e3153bf06)
 - New and modified: 0

[25/Jun/2023:08:50:03] DELETING ACCOUNTS (JobID: ce6feb1a-dbe5-4436-b778-092e3153bf06)
 - Deleted: 0

[25/Jun/2023:08:50:34] UPDATING PRODUCTS (JobID: c324df7c-feff-4545-a50e-fde5c129c98a)
 - New and modified: 0

[25/Jun/2023:08:50:36] UPDATING PREPAGATI (JobID: 17d2a218-ec1c-4463-8a27-90535cdb0004)
 - New and modified: 0

[25/Jun/2023:08:50:36] DELETING PREPAGATI (JobID: 17d2a218-ec1c-4463-8a27-90535cdb0004)
 - Deleted: 0

[25/Jun/2023:09:00:04] UPDATING ACCOUNTS (JobID: 8bc01534-5e81-4ae1-8e46-9e503f02613f)
 - New and modified: 0

[25/Jun/2023:09:00:04] DELETING ACCOUNTS (JobID: 8bc01534-5e81-4ae1-8e46-9e503f02613f)
 - Deleted: 0

[25/Jun/2023:09:00:35] UPDATING PRODUCTS (JobID: f0b56d02-8eb7-4e62-ad9e-1959d2e0cfbf)
 - New and modified: 0

[25/Jun/2023:09:00:37] UPDATING PREPAGATI (JobID: 5e36779a-c708-4947-8736-b9212f635086)
 - New and modified: 0

[25/Jun/2023:09:00:37] DELETING PREPAGATI (JobID: 5e36779a-c708-4947-8736-b9212f635086)
 - Deleted: 0

[25/Jun/2023:09:10:04] UPDATING ACCOUNTS (JobID: 1ebff250-5b25-449b-811f-06fe2776e0ca)
 - New and modified: 0

[25/Jun/2023:09:10:04] DELETING ACCOUNTS (JobID: 1ebff250-5b25-449b-811f-06fe2776e0ca)
 - Deleted: 0

[25/Jun/2023:09:10:37] UPDATING PRODUCTS (JobID: fc2d3c33-c949-4bbe-8876-25a277c5629d)
 - New and modified: 0

[25/Jun/2023:09:10:39] UPDATING PREPAGATI (JobID: d609d2b7-9f72-43e7-a7b8-1c990cabe89c)
 - New and modified: 0

[25/Jun/2023:09:10:39] DELETING PREPAGATI (JobID: d609d2b7-9f72-43e7-a7b8-1c990cabe89c)
 - Deleted: 0

[25/Jun/2023:09:20:05] UPDATING ACCOUNTS (JobID: 529da0d7-bcf4-4a03-8e89-7544277bd7be)
 - New and modified: 0

[25/Jun/2023:09:20:05] DELETING ACCOUNTS (JobID: 529da0d7-bcf4-4a03-8e89-7544277bd7be)
 - Deleted: 0

[25/Jun/2023:09:20:37] UPDATING PRODUCTS (JobID: 41b406de-6cfe-4d73-90db-ead0f183dbd8)
 - New and modified: 0

[25/Jun/2023:09:20:39] UPDATING PREPAGATI (JobID: 75a2ac79-5186-4027-a1cd-eca25e351324)
 - New and modified: 0

[25/Jun/2023:09:20:39] DELETING PREPAGATI (JobID: 75a2ac79-5186-4027-a1cd-eca25e351324)
 - Deleted: 0

[25/Jun/2023:09:30:04] UPDATING ACCOUNTS (JobID: 17d3dca4-0ae6-49b3-a142-0c83490ac59b)
 - New and modified: 0

[25/Jun/2023:09:30:04] DELETING ACCOUNTS (JobID: 17d3dca4-0ae6-49b3-a142-0c83490ac59b)
 - Deleted: 0

[25/Jun/2023:09:30:35] UPDATING PRODUCTS (JobID: 36863b65-a756-45d5-b458-b22aaed519f4)
 - New and modified: 0

[25/Jun/2023:09:30:37] UPDATING PREPAGATI (JobID: 5a537ac1-0ba1-4d3d-b25d-f03ca318e851)
 - New and modified: 0

[25/Jun/2023:09:30:37] DELETING PREPAGATI (JobID: 5a537ac1-0ba1-4d3d-b25d-f03ca318e851)
 - Deleted: 0

[25/Jun/2023:09:40:03] UPDATING ACCOUNTS (JobID: 3b2b8d7b-b795-475d-99c5-f6b8b1f0c3db)
 - New and modified: 0

[25/Jun/2023:09:40:03] DELETING ACCOUNTS (JobID: 3b2b8d7b-b795-475d-99c5-f6b8b1f0c3db)
 - Deleted: 0

[25/Jun/2023:09:40:34] UPDATING PRODUCTS (JobID: be9ee10c-c8a2-4e2b-8179-0438baa1e8d3)
 - New and modified: 0

[25/Jun/2023:09:40:36] UPDATING PREPAGATI (JobID: 3edf91c8-4748-4ddf-8f80-e5002dedd852)
 - New and modified: 0

[25/Jun/2023:09:40:36] DELETING PREPAGATI (JobID: 3edf91c8-4748-4ddf-8f80-e5002dedd852)
 - Deleted: 0

[25/Jun/2023:09:50:04] UPDATING ACCOUNTS (JobID: 1099a0fc-2437-4465-a428-bba0bf39220e)
 - New and modified: 0

[25/Jun/2023:09:50:04] DELETING ACCOUNTS (JobID: 1099a0fc-2437-4465-a428-bba0bf39220e)
 - Deleted: 0

[25/Jun/2023:09:50:34] UPDATING PRODUCTS (JobID: ef05fe11-c8c5-4a0a-855a-079979a70c74)
 - New and modified: 0

[25/Jun/2023:09:50:36] UPDATING PREPAGATI (JobID: fb15f216-e22f-40ef-bf10-36e7bf0d0b84)
 - New and modified: 0

[25/Jun/2023:09:50:36] DELETING PREPAGATI (JobID: fb15f216-e22f-40ef-bf10-36e7bf0d0b84)
 - Deleted: 0

[25/Jun/2023:10:10:04] UPDATING ACCOUNTS (JobID: c2d7c1fc-a7d7-4101-a167-6ae6b61a985a)
 - New and modified: 0

[25/Jun/2023:10:10:04] DELETING ACCOUNTS (JobID: c2d7c1fc-a7d7-4101-a167-6ae6b61a985a)
 - Deleted: 0

[25/Jun/2023:10:10:38] UPDATING PRODUCTS (JobID: 17142025-1313-42c9-b55d-c4ca6c798115)
 - New and modified: 0

[25/Jun/2023:10:10:40] UPDATING PREPAGATI (JobID: ae636ef4-faf1-4744-bd20-a5efd275871b)
 - New and modified: 0

[25/Jun/2023:10:10:40] DELETING PREPAGATI (JobID: ae636ef4-faf1-4744-bd20-a5efd275871b)
 - Deleted: 0

[25/Jun/2023:10:20:04] UPDATING ACCOUNTS (JobID: df2f06cf-3a7b-44d4-a872-2462d2d01f95)
 - New and modified: 0

[25/Jun/2023:10:20:04] DELETING ACCOUNTS (JobID: df2f06cf-3a7b-44d4-a872-2462d2d01f95)
 - Deleted: 0

[25/Jun/2023:10:20:36] UPDATING PRODUCTS (JobID: dcb51eca-5ef1-4e13-9211-5d8d0640146c)
 - New and modified: 0

[25/Jun/2023:10:20:38] UPDATING PREPAGATI (JobID: 04f91ddb-28c6-4948-83eb-4ecf6b6940ef)
 - New and modified: 0

[25/Jun/2023:10:20:38] DELETING PREPAGATI (JobID: 04f91ddb-28c6-4948-83eb-4ecf6b6940ef)
 - Deleted: 0

[25/Jun/2023:10:30:04] UPDATING ACCOUNTS (JobID: 42d694aa-e547-44e6-8b37-710193cd70b0)
 - New and modified: 0

[25/Jun/2023:10:30:04] DELETING ACCOUNTS (JobID: 42d694aa-e547-44e6-8b37-710193cd70b0)
 - Deleted: 0

[25/Jun/2023:10:30:36] UPDATING PRODUCTS (JobID: 449fee43-295f-4bc0-b157-17c1064d8fc8)
 - New and modified: 0

[25/Jun/2023:10:30:37] UPDATING PREPAGATI (JobID: b509b13e-cdfb-4376-8e51-2a879f3d39d9)
 - New and modified: 0

[25/Jun/2023:10:30:37] DELETING PREPAGATI (JobID: b509b13e-cdfb-4376-8e51-2a879f3d39d9)
 - Deleted: 0

[25/Jun/2023:10:40:04] UPDATING ACCOUNTS (JobID: aa1effa6-4a22-447d-893e-aa2ddc9d5f9f)
 - New and modified: 0

[25/Jun/2023:10:40:04] DELETING ACCOUNTS (JobID: aa1effa6-4a22-447d-893e-aa2ddc9d5f9f)
 - Deleted: 0

[25/Jun/2023:10:40:35] UPDATING PRODUCTS (JobID: b141c8c4-f67b-4491-b4da-46648a0dcb15)
 - New and modified: 0

[25/Jun/2023:10:40:37] UPDATING PREPAGATI (JobID: 30e2a698-2726-4b22-9904-2a485bfac545)
 - New and modified: 0

[25/Jun/2023:10:40:37] DELETING PREPAGATI (JobID: 30e2a698-2726-4b22-9904-2a485bfac545)
 - Deleted: 0

[25/Jun/2023:10:50:04] UPDATING ACCOUNTS (JobID: 12e970ad-01c8-47c7-a818-54bd6dda5028)
 - New and modified: 0

[25/Jun/2023:10:50:04] DELETING ACCOUNTS (JobID: 12e970ad-01c8-47c7-a818-54bd6dda5028)
 - Deleted: 0

[25/Jun/2023:10:50:34] UPDATING PRODUCTS (JobID: ad8fc1fb-82aa-4e11-934d-5b0c8d982eae)
 - New and modified: 0

[25/Jun/2023:10:50:38] UPDATING PREPAGATI (JobID: 1baf0b51-1077-4554-839f-db4c995a6c73)
 - New and modified: 0

[25/Jun/2023:10:50:38] DELETING PREPAGATI (JobID: 1baf0b51-1077-4554-839f-db4c995a6c73)
 - Deleted: 0

[25/Jun/2023:11:00:04] UPDATING ACCOUNTS (JobID: 6b51152b-f4b7-4efd-b3dc-045e8c0f6214)
 - New and modified: 0

[25/Jun/2023:11:00:04] DELETING ACCOUNTS (JobID: 6b51152b-f4b7-4efd-b3dc-045e8c0f6214)
 - Deleted: 0

[25/Jun/2023:11:00:35] UPDATING PRODUCTS (JobID: 8e047dd6-5dab-4d3e-840e-beb8e1c9b040)
 - New and modified: 0

[25/Jun/2023:11:00:37] UPDATING PREPAGATI (JobID: 784bc4a4-b076-4808-9e01-6bde82cf806e)
 - New and modified: 0

[25/Jun/2023:11:00:37] DELETING PREPAGATI (JobID: 784bc4a4-b076-4808-9e01-6bde82cf806e)
 - Deleted: 0

[25/Jun/2023:11:10:04] UPDATING ACCOUNTS (JobID: ecbb83b6-00c3-43b4-be11-52b148bbad5a)
 - New and modified: 0

[25/Jun/2023:11:10:04] DELETING ACCOUNTS (JobID: ecbb83b6-00c3-43b4-be11-52b148bbad5a)
 - Deleted: 0

[25/Jun/2023:11:10:37] UPDATING PRODUCTS (JobID: b1912dcb-95d0-43a4-adc9-12c158c4562e)
 - New and modified: 0

[25/Jun/2023:11:10:39] UPDATING PREPAGATI (JobID: 48f04993-7cc0-40c0-a4b3-c7cf020aeb93)
 - New and modified: 0

[25/Jun/2023:11:10:39] DELETING PREPAGATI (JobID: 48f04993-7cc0-40c0-a4b3-c7cf020aeb93)
 - Deleted: 0

[25/Jun/2023:11:20:04] UPDATING ACCOUNTS (JobID: ebfd0bda-4628-4180-a75b-9f5cbfd05a49)
 - New and modified: 0

[25/Jun/2023:11:20:04] DELETING ACCOUNTS (JobID: ebfd0bda-4628-4180-a75b-9f5cbfd05a49)
 - Deleted: 0

[25/Jun/2023:11:20:36] UPDATING PRODUCTS (JobID: 7d2f9f94-45d8-4329-9fcd-e23c264396fd)
 - New and modified: 0

[25/Jun/2023:11:20:38] UPDATING PREPAGATI (JobID: d2335c36-a093-4fd5-87cb-5d6f5bad9299)
 - New and modified: 0

[25/Jun/2023:11:20:38] DELETING PREPAGATI (JobID: d2335c36-a093-4fd5-87cb-5d6f5bad9299)
 - Deleted: 0

[25/Jun/2023:11:30:03] UPDATING ACCOUNTS (JobID: 58cdcc09-0bfc-46ed-8fd9-67ddff95bbf4)
 - New and modified: 0

[25/Jun/2023:11:30:03] DELETING ACCOUNTS (JobID: 58cdcc09-0bfc-46ed-8fd9-67ddff95bbf4)
 - Deleted: 0

[25/Jun/2023:11:30:34] UPDATING PRODUCTS (JobID: 428b6104-7ee8-44f4-a767-75a04c5fc52d)
 - New and modified: 0

[25/Jun/2023:11:30:35] UPDATING PREPAGATI (JobID: 2a73e95e-089e-470f-ba9f-c0e3b20a08b4)
 - New and modified: 0

[25/Jun/2023:11:30:35] DELETING PREPAGATI (JobID: 2a73e95e-089e-470f-ba9f-c0e3b20a08b4)
 - Deleted: 0

[25/Jun/2023:11:40:04] UPDATING ACCOUNTS (JobID: b76d23c0-e8a8-4677-a9f0-cea0ecac7ed0)
 - New and modified: 0

[25/Jun/2023:11:40:04] DELETING ACCOUNTS (JobID: b76d23c0-e8a8-4677-a9f0-cea0ecac7ed0)
 - Deleted: 0

[25/Jun/2023:11:40:34] UPDATING PRODUCTS (JobID: 38b40d8f-7222-4960-acf0-810e8de9d3d5)
 - New and modified: 0

[25/Jun/2023:11:40:36] UPDATING PREPAGATI (JobID: 296d9509-7982-474d-82a9-af0ab5d253e3)
 - New and modified: 0

[25/Jun/2023:11:40:36] DELETING PREPAGATI (JobID: 296d9509-7982-474d-82a9-af0ab5d253e3)
 - Deleted: 0

[25/Jun/2023:11:50:03] UPDATING ACCOUNTS (JobID: 271e26b4-b34a-4fb7-87ac-76fc43dc64dd)
 - New and modified: 0

[25/Jun/2023:11:50:03] DELETING ACCOUNTS (JobID: 271e26b4-b34a-4fb7-87ac-76fc43dc64dd)
 - Deleted: 0

[25/Jun/2023:11:50:34] UPDATING PRODUCTS (JobID: b40e5083-0d86-457b-8241-a34b83e5d283)
 - New and modified: 0

[25/Jun/2023:11:50:35] UPDATING PREPAGATI (JobID: 8e2e5734-71f3-433c-871f-5028e2f42849)
 - New and modified: 0

[25/Jun/2023:11:50:35] DELETING PREPAGATI (JobID: 8e2e5734-71f3-433c-871f-5028e2f42849)
 - Deleted: 0

[25/Jun/2023:12:00:04] UPDATING ACCOUNTS (JobID: 8109f72c-1030-4dee-ab0d-19f570074c22)
 - New and modified: 0

[25/Jun/2023:12:00:04] DELETING ACCOUNTS (JobID: 8109f72c-1030-4dee-ab0d-19f570074c22)
 - Deleted: 0

[25/Jun/2023:12:00:35] UPDATING PRODUCTS (JobID: dbba03c7-9486-4a8b-bac1-cc8c7178b8f8)
 - New and modified: 0

[25/Jun/2023:12:00:37] UPDATING PREPAGATI (JobID: d00b773a-2725-4475-bcb6-561ce7e2172d)
 - New and modified: 0

[25/Jun/2023:12:00:37] DELETING PREPAGATI (JobID: d00b773a-2725-4475-bcb6-561ce7e2172d)
 - Deleted: 0

[25/Jun/2023:12:10:04] UPDATING ACCOUNTS (JobID: eca51c2f-4a9b-4aa7-a011-771edeb75ff9)
 - New and modified: 0

[25/Jun/2023:12:10:04] DELETING ACCOUNTS (JobID: eca51c2f-4a9b-4aa7-a011-771edeb75ff9)
 - Deleted: 0

[25/Jun/2023:12:10:36] UPDATING PRODUCTS (JobID: 3869cb36-32a8-4339-baa6-26db3692cd95)
 - New and modified: 0

[25/Jun/2023:12:10:38] UPDATING PREPAGATI (JobID: eeda10a3-e6dc-4899-84d9-cb90704b8534)
 - New and modified: 0

[25/Jun/2023:12:10:38] DELETING PREPAGATI (JobID: eeda10a3-e6dc-4899-84d9-cb90704b8534)
 - Deleted: 0

[25/Jun/2023:12:20:04] UPDATING ACCOUNTS (JobID: 2b3caf1a-ea46-42a7-a9b4-ffb95cb69659)
 - New and modified: 0

[25/Jun/2023:12:20:04] DELETING ACCOUNTS (JobID: 2b3caf1a-ea46-42a7-a9b4-ffb95cb69659)
 - Deleted: 0

[25/Jun/2023:12:20:34] UPDATING PRODUCTS (JobID: dc9500dc-8f9d-4ca3-abe1-8a931c98bc49)
 - New and modified: 0

[25/Jun/2023:12:20:35] UPDATING PREPAGATI (JobID: cc3176ae-f1db-4a9d-b245-4c7c579c40f4)
 - New and modified: 0

[25/Jun/2023:12:20:35] DELETING PREPAGATI (JobID: cc3176ae-f1db-4a9d-b245-4c7c579c40f4)
 - Deleted: 0

[25/Jun/2023:12:30:04] UPDATING ACCOUNTS (JobID: 09317006-9bdf-4636-a5e7-8adbb8927de3)
 - New and modified: 0

[25/Jun/2023:12:30:04] DELETING ACCOUNTS (JobID: 09317006-9bdf-4636-a5e7-8adbb8927de3)
 - Deleted: 0

[25/Jun/2023:12:30:36] UPDATING PRODUCTS (JobID: 45bce509-6af4-4f92-b995-d6ed63d18703)
 - New and modified: 0

[25/Jun/2023:12:30:37] UPDATING PREPAGATI (JobID: e35c392f-dd31-4164-a442-30284bff1ed1)
 - New and modified: 0

[25/Jun/2023:12:30:37] DELETING PREPAGATI (JobID: e35c392f-dd31-4164-a442-30284bff1ed1)
 - Deleted: 0

[25/Jun/2023:12:40:04] UPDATING ACCOUNTS (JobID: 1e3b394c-cdb9-41cf-bed2-cf92ee0a68f1)
 - New and modified: 0

[25/Jun/2023:12:40:04] DELETING ACCOUNTS (JobID: 1e3b394c-cdb9-41cf-bed2-cf92ee0a68f1)
 - Deleted: 0

[25/Jun/2023:12:40:34] UPDATING PRODUCTS (JobID: df6eeb9d-a44b-4767-95b7-0f1146abdf83)
 - New and modified: 0

[25/Jun/2023:12:40:36] UPDATING PREPAGATI (JobID: 64895bc1-6b5f-47ab-922f-ca526cc4210b)
 - New and modified: 0

[25/Jun/2023:12:40:36] DELETING PREPAGATI (JobID: 64895bc1-6b5f-47ab-922f-ca526cc4210b)
 - Deleted: 0

[25/Jun/2023:12:50:04] UPDATING ACCOUNTS (JobID: 4641e6b3-67ab-4e99-b37e-c03a72f472a4)
 - New and modified: 0

[25/Jun/2023:12:50:04] DELETING ACCOUNTS (JobID: 4641e6b3-67ab-4e99-b37e-c03a72f472a4)
 - Deleted: 0

[25/Jun/2023:12:50:35] UPDATING PRODUCTS (JobID: 24cff378-645d-4e6c-887a-a23a955cee32)
 - New and modified: 0

[25/Jun/2023:12:50:36] UPDATING PREPAGATI (JobID: 085c6082-748b-4143-a181-165e9fc20ab4)
 - New and modified: 0

[25/Jun/2023:12:50:36] DELETING PREPAGATI (JobID: 085c6082-748b-4143-a181-165e9fc20ab4)
 - Deleted: 0

[25/Jun/2023:13:00:04] UPDATING ACCOUNTS (JobID: 59f13a61-9d4e-4862-997f-ac3ee4488d31)
 - New and modified: 0

[25/Jun/2023:13:00:04] DELETING ACCOUNTS (JobID: 59f13a61-9d4e-4862-997f-ac3ee4488d31)
 - Deleted: 0

[25/Jun/2023:13:00:35] UPDATING PRODUCTS (JobID: b7a6a0b4-a98e-4e29-81af-901991b329d1)
 - New and modified: 0

[25/Jun/2023:13:00:36] UPDATING PREPAGATI (JobID: 9de3a96f-a92f-451f-86c0-63d3be9f8784)
 - New and modified: 0

[25/Jun/2023:13:00:36] DELETING PREPAGATI (JobID: 9de3a96f-a92f-451f-86c0-63d3be9f8784)
 - Deleted: 0

[25/Jun/2023:13:10:04] UPDATING ACCOUNTS (JobID: ca63dac0-ea96-4683-a53f-7c6362481f03)
 - New and modified: 0

[25/Jun/2023:13:10:04] DELETING ACCOUNTS (JobID: ca63dac0-ea96-4683-a53f-7c6362481f03)
 - Deleted: 0

[25/Jun/2023:13:10:37] UPDATING PRODUCTS (JobID: ece525b1-99a4-4e52-a2ae-33ef7fc733ba)
 - New and modified: 0

[25/Jun/2023:13:10:38] UPDATING PREPAGATI (JobID: 1ba08fc9-3813-4749-83f4-49b1705570ba)
 - New and modified: 0

[25/Jun/2023:13:10:38] DELETING PREPAGATI (JobID: 1ba08fc9-3813-4749-83f4-49b1705570ba)
 - Deleted: 0

[25/Jun/2023:13:20:04] UPDATING ACCOUNTS (JobID: 32ddab43-72e1-41e9-8aec-970277f061e4)
 - New and modified: 0

[25/Jun/2023:13:20:04] DELETING ACCOUNTS (JobID: 32ddab43-72e1-41e9-8aec-970277f061e4)
 - Deleted: 0

[25/Jun/2023:13:20:35] UPDATING PRODUCTS (JobID: 80435d98-45fb-4a87-816c-f0a660b4341a)
 - New and modified: 0

[25/Jun/2023:13:20:37] UPDATING PREPAGATI (JobID: bb0db017-75d5-4550-aa52-1d10912343a3)
 - New and modified: 0

[25/Jun/2023:13:20:37] DELETING PREPAGATI (JobID: bb0db017-75d5-4550-aa52-1d10912343a3)
 - Deleted: 0

[25/Jun/2023:13:30:04] UPDATING ACCOUNTS (JobID: e899748c-df52-47e1-b209-c516ac6b0da4)
 - New and modified: 0

[25/Jun/2023:13:30:04] DELETING ACCOUNTS (JobID: e899748c-df52-47e1-b209-c516ac6b0da4)
 - Deleted: 0

[25/Jun/2023:13:30:36] UPDATING PRODUCTS (JobID: 1df387a1-0708-4c96-8fe5-49c63dc574ad)
 - New and modified: 0

[25/Jun/2023:13:30:38] UPDATING PREPAGATI (JobID: 75202cc7-6bb3-4c8f-90a1-df0e99cef15e)
 - New and modified: 0

[25/Jun/2023:13:30:38] DELETING PREPAGATI (JobID: 75202cc7-6bb3-4c8f-90a1-df0e99cef15e)
 - Deleted: 0

[25/Jun/2023:13:40:04] UPDATING ACCOUNTS (JobID: e16f3af4-3863-4aeb-9555-1f4bc4e9920a)
 - New and modified: 0

[25/Jun/2023:13:40:04] DELETING ACCOUNTS (JobID: e16f3af4-3863-4aeb-9555-1f4bc4e9920a)
 - Deleted: 0

[25/Jun/2023:13:40:34] UPDATING PRODUCTS (JobID: 0abe7806-118f-4370-b65b-7b3a92cf6f14)
 - New and modified: 0

[25/Jun/2023:13:40:36] UPDATING PREPAGATI (JobID: 15734578-5971-421f-9636-8aa44d50d910)
 - New and modified: 0

[25/Jun/2023:13:40:36] DELETING PREPAGATI (JobID: 15734578-5971-421f-9636-8aa44d50d910)
 - Deleted: 0

[25/Jun/2023:13:50:03] UPDATING ACCOUNTS (JobID: 42fd4b6b-813d-43e0-8fc9-5a8591391b43)
 - New and modified: 0

[25/Jun/2023:13:50:03] DELETING ACCOUNTS (JobID: 42fd4b6b-813d-43e0-8fc9-5a8591391b43)
 - Deleted: 0

[25/Jun/2023:13:50:34] UPDATING PRODUCTS (JobID: 078913b9-1964-46d2-a037-29726e01ef5f)
 - New and modified: 0

[25/Jun/2023:13:50:36] UPDATING PREPAGATI (JobID: efdf2e88-5cf9-445d-86ba-3abdc626981b)
 - New and modified: 0

[25/Jun/2023:13:50:36] DELETING PREPAGATI (JobID: efdf2e88-5cf9-445d-86ba-3abdc626981b)
 - Deleted: 0

[25/Jun/2023:14:00:03] UPDATING ACCOUNTS (JobID: 81200a37-1ab3-44e5-85f4-930228ae674d)
 - New and modified: 0

[25/Jun/2023:14:00:03] DELETING ACCOUNTS (JobID: 81200a37-1ab3-44e5-85f4-930228ae674d)
 - Deleted: 0

[25/Jun/2023:14:00:34] UPDATING PRODUCTS (JobID: 3ca2a3c9-9afb-4c28-8816-9d9fbeea95ae)
 - New and modified: 0

[25/Jun/2023:14:00:36] UPDATING PREPAGATI (JobID: 3e12a2bf-5976-47b6-a110-795e8ee967ec)
 - New and modified: 0

[25/Jun/2023:14:00:36] DELETING PREPAGATI (JobID: 3e12a2bf-5976-47b6-a110-795e8ee967ec)
 - Deleted: 0

[25/Jun/2023:14:10:04] UPDATING ACCOUNTS (JobID: 0b487e2e-fb16-4a8c-8307-b91136473a8a)
 - New and modified: 0

[25/Jun/2023:14:10:04] DELETING ACCOUNTS (JobID: 0b487e2e-fb16-4a8c-8307-b91136473a8a)
 - Deleted: 0

[25/Jun/2023:14:10:37] UPDATING PRODUCTS (JobID: f8c3d1c9-03b3-4b87-ab3a-08b4e9095d69)
 - New and modified: 0

[25/Jun/2023:14:10:39] UPDATING PREPAGATI (JobID: 2ae6d29f-a8fb-408e-908b-18624b3f02ba)
 - New and modified: 0

[25/Jun/2023:14:10:39] DELETING PREPAGATI (JobID: 2ae6d29f-a8fb-408e-908b-18624b3f02ba)
 - Deleted: 0

[25/Jun/2023:14:20:04] UPDATING ACCOUNTS (JobID: adde806f-dd46-41be-908b-3c38dd1f5d96)
 - New and modified: 0

[25/Jun/2023:14:20:04] DELETING ACCOUNTS (JobID: adde806f-dd46-41be-908b-3c38dd1f5d96)
 - Deleted: 0

[25/Jun/2023:14:20:38] UPDATING PRODUCTS (JobID: c64ed248-b3f6-420c-854d-320ca95e4455)
 - New and modified: 0

[25/Jun/2023:14:20:40] UPDATING PREPAGATI (JobID: f55f867f-59dd-442e-b6e2-a2279f4422a7)
 - New and modified: 0

[25/Jun/2023:14:20:40] DELETING PREPAGATI (JobID: f55f867f-59dd-442e-b6e2-a2279f4422a7)
 - Deleted: 0

[25/Jun/2023:14:30:04] UPDATING ACCOUNTS (JobID: a7a80cee-bd75-492e-9782-3f98614e9251)
 - New and modified: 0

[25/Jun/2023:14:30:04] DELETING ACCOUNTS (JobID: a7a80cee-bd75-492e-9782-3f98614e9251)
 - Deleted: 0

[25/Jun/2023:14:30:37] UPDATING PRODUCTS (JobID: 060f134c-493b-475f-9272-52acbe0bf812)
 - New and modified: 0

[25/Jun/2023:14:30:39] UPDATING PREPAGATI (JobID: 44baefdb-89e0-438d-a49b-134501f24e22)
 - New and modified: 0

[25/Jun/2023:14:30:39] DELETING PREPAGATI (JobID: 44baefdb-89e0-438d-a49b-134501f24e22)
 - Deleted: 0

[25/Jun/2023:14:40:04] UPDATING ACCOUNTS (JobID: 2c110fc2-d428-49de-91b4-312a376a4305)
 - New and modified: 0

[25/Jun/2023:14:40:04] DELETING ACCOUNTS (JobID: 2c110fc2-d428-49de-91b4-312a376a4305)
 - Deleted: 0

[25/Jun/2023:14:40:35] UPDATING PRODUCTS (JobID: ef04dedf-1f72-4861-9d31-791c33cc7b45)
 - New and modified: 0

[25/Jun/2023:14:40:37] UPDATING PREPAGATI (JobID: ca23fdeb-5eeb-4b63-b15c-37e7584afe69)
 - New and modified: 0

[25/Jun/2023:14:40:37] DELETING PREPAGATI (JobID: ca23fdeb-5eeb-4b63-b15c-37e7584afe69)
 - Deleted: 0

[25/Jun/2023:14:50:04] UPDATING ACCOUNTS (JobID: 315b2c2a-79bd-4bbc-ac2e-b9fea655c2b6)
 - New and modified: 0

[25/Jun/2023:14:50:04] DELETING ACCOUNTS (JobID: 315b2c2a-79bd-4bbc-ac2e-b9fea655c2b6)
 - Deleted: 0

[25/Jun/2023:14:50:34] UPDATING PRODUCTS (JobID: d7ff6d4d-380e-456b-a20a-b6b7900dc75f)
 - New and modified: 0

[25/Jun/2023:14:50:36] UPDATING PREPAGATI (JobID: ae582a99-c502-4b48-9e29-617b95f1a320)
 - New and modified: 0

[25/Jun/2023:14:50:36] DELETING PREPAGATI (JobID: ae582a99-c502-4b48-9e29-617b95f1a320)
 - Deleted: 0

[25/Jun/2023:15:00:04] UPDATING ACCOUNTS (JobID: b022720c-4cd0-4cea-9db5-be822f227c41)
 - New and modified: 0

[25/Jun/2023:15:00:04] DELETING ACCOUNTS (JobID: b022720c-4cd0-4cea-9db5-be822f227c41)
 - Deleted: 0

[25/Jun/2023:15:00:36] UPDATING PRODUCTS (JobID: b86f5e73-83ec-4685-a14d-d8ea65f10712)
 - New and modified: 0

[25/Jun/2023:15:00:38] UPDATING PREPAGATI (JobID: 781d5d31-35b9-48d6-9ff2-646db1b2b06f)
 - New and modified: 0

[25/Jun/2023:15:00:38] DELETING PREPAGATI (JobID: 781d5d31-35b9-48d6-9ff2-646db1b2b06f)
 - Deleted: 0

[25/Jun/2023:15:10:04] UPDATING ACCOUNTS (JobID: 24393fb2-c821-4cdb-bfed-df4c5bf16497)
 - New and modified: 0

[25/Jun/2023:15:10:04] DELETING ACCOUNTS (JobID: 24393fb2-c821-4cdb-bfed-df4c5bf16497)
 - Deleted: 0

[25/Jun/2023:15:10:38] UPDATING PRODUCTS (JobID: d3f9c017-62a9-4d49-96f7-3ed832ae6646)
 - New and modified: 0

[25/Jun/2023:15:10:40] UPDATING PREPAGATI (JobID: 71075df8-52ea-4aad-976f-f51f9c38b08b)
 - New and modified: 0

[25/Jun/2023:15:10:40] DELETING PREPAGATI (JobID: 71075df8-52ea-4aad-976f-f51f9c38b08b)
 - Deleted: 0

[25/Jun/2023:15:20:04] UPDATING ACCOUNTS (JobID: 56ccf38f-c337-4c36-be9a-c1b142b23067)
 - New and modified: 0

[25/Jun/2023:15:20:04] DELETING ACCOUNTS (JobID: 56ccf38f-c337-4c36-be9a-c1b142b23067)
 - Deleted: 0

[25/Jun/2023:15:20:37] UPDATING PRODUCTS (JobID: 484b6cf1-55f9-4432-a505-297b313f7e39)
 - New and modified: 0

[25/Jun/2023:15:20:38] UPDATING PREPAGATI (JobID: f1244893-da00-4e73-bc73-f3ff04583142)
 - New and modified: 0

[25/Jun/2023:15:20:38] DELETING PREPAGATI (JobID: f1244893-da00-4e73-bc73-f3ff04583142)
 - Deleted: 0

[25/Jun/2023:15:30:04] UPDATING ACCOUNTS (JobID: 81e1fd2b-87b6-437a-a1aa-64a100778e89)
 - New and modified: 0

[25/Jun/2023:15:30:04] DELETING ACCOUNTS (JobID: 81e1fd2b-87b6-437a-a1aa-64a100778e89)
 - Deleted: 0

[25/Jun/2023:15:30:37] UPDATING PRODUCTS (JobID: 41b18954-f586-48e7-8662-a0c94966044f)
 - New and modified: 0

[25/Jun/2023:15:30:39] UPDATING PREPAGATI (JobID: 54141592-a434-4e1a-9ecb-6914de5fb495)
 - New and modified: 0

[25/Jun/2023:15:30:39] DELETING PREPAGATI (JobID: 54141592-a434-4e1a-9ecb-6914de5fb495)
 - Deleted: 0

[25/Jun/2023:15:40:04] UPDATING ACCOUNTS (JobID: f97fb107-3b49-4905-8978-5e7aad7800e9)
 - New and modified: 0

[25/Jun/2023:15:40:04] DELETING ACCOUNTS (JobID: f97fb107-3b49-4905-8978-5e7aad7800e9)
 - Deleted: 0

[25/Jun/2023:15:40:33] UPDATING PRODUCTS (JobID: 074b0b1e-a7c8-4ba4-9145-78036ac7765f)
 - New and modified: 0

[25/Jun/2023:15:40:35] UPDATING PREPAGATI (JobID: 2aa291e0-8349-4087-a6dc-524af9e86624)
 - New and modified: 0

[25/Jun/2023:15:40:35] DELETING PREPAGATI (JobID: 2aa291e0-8349-4087-a6dc-524af9e86624)
 - Deleted: 0

[25/Jun/2023:15:50:04] UPDATING ACCOUNTS (JobID: 24cd8786-41bf-4f72-9753-ac38d195aa25)
 - New and modified: 0

[25/Jun/2023:15:50:04] DELETING ACCOUNTS (JobID: 24cd8786-41bf-4f72-9753-ac38d195aa25)
 - Deleted: 0

[25/Jun/2023:15:50:33] UPDATING PRODUCTS (JobID: 85585f32-f936-413d-8a71-970a0b582c72)
 - New and modified: 0

[25/Jun/2023:15:50:35] UPDATING PREPAGATI (JobID: f82f0dfe-1943-4f01-bd11-225d245a9169)
 - New and modified: 0

[25/Jun/2023:15:50:35] DELETING PREPAGATI (JobID: f82f0dfe-1943-4f01-bd11-225d245a9169)
 - Deleted: 0

[25/Jun/2023:16:00:04] UPDATING ACCOUNTS (JobID: b5799383-d176-4f87-8f10-d6a9e7be2d16)
 - New and modified: 0

[25/Jun/2023:16:00:04] DELETING ACCOUNTS (JobID: b5799383-d176-4f87-8f10-d6a9e7be2d16)
 - Deleted: 0

[25/Jun/2023:16:00:35] UPDATING PRODUCTS (JobID: 5b358907-467d-4ab8-b735-65a48424a62d)
 - New and modified: 0

[25/Jun/2023:16:00:37] UPDATING PREPAGATI (JobID: d6040608-c5cc-4641-b1ad-f757e931f0ae)
 - New and modified: 0

[25/Jun/2023:16:00:37] DELETING PREPAGATI (JobID: d6040608-c5cc-4641-b1ad-f757e931f0ae)
 - Deleted: 0

[25/Jun/2023:16:10:04] UPDATING ACCOUNTS (JobID: 1c41f575-73ed-4c21-9dc0-bb3d5a8d3f50)
 - New and modified: 0

[25/Jun/2023:16:10:04] DELETING ACCOUNTS (JobID: 1c41f575-73ed-4c21-9dc0-bb3d5a8d3f50)
 - Deleted: 0

[25/Jun/2023:16:10:36] UPDATING PRODUCTS (JobID: c75e0046-e3f9-4496-b1fd-816935578923)
 - New and modified: 0

[25/Jun/2023:16:10:38] UPDATING PREPAGATI (JobID: 08884055-6fbb-45e7-b343-f87825f47d66)
 - New and modified: 0

[25/Jun/2023:16:10:38] DELETING PREPAGATI (JobID: 08884055-6fbb-45e7-b343-f87825f47d66)
 - Deleted: 0

[25/Jun/2023:16:20:04] UPDATING ACCOUNTS (JobID: 87d0194d-06a3-4bed-a6ce-5e4a5db6e38f)
 - New and modified: 0

[25/Jun/2023:16:20:04] DELETING ACCOUNTS (JobID: 87d0194d-06a3-4bed-a6ce-5e4a5db6e38f)
 - Deleted: 0

[25/Jun/2023:16:20:37] UPDATING PRODUCTS (JobID: 4569fb51-aa14-4847-95b8-b26c1c4d3ad9)
 - New and modified: 0

[25/Jun/2023:16:20:38] UPDATING PREPAGATI (JobID: d8962551-0618-4a0c-87a3-ad0418faf61c)
 - New and modified: 0

[25/Jun/2023:16:20:38] DELETING PREPAGATI (JobID: d8962551-0618-4a0c-87a3-ad0418faf61c)
 - Deleted: 0

[25/Jun/2023:16:40:04] UPDATING ACCOUNTS (JobID: 36d17708-efa9-4118-a8a6-a18b91cbe7ea)
 - New and modified: 0

[25/Jun/2023:16:40:04] DELETING ACCOUNTS (JobID: 36d17708-efa9-4118-a8a6-a18b91cbe7ea)
 - Deleted: 0

[25/Jun/2023:16:40:35] UPDATING PRODUCTS (JobID: 055afe67-bfe1-4254-9a3c-ed3d15f4416f)
 - New and modified: 0

[25/Jun/2023:16:40:36] UPDATING PREPAGATI (JobID: ac75fcdb-7c3a-4c3e-a6da-f69075982560)
 - New and modified: 0

[25/Jun/2023:16:40:36] DELETING PREPAGATI (JobID: ac75fcdb-7c3a-4c3e-a6da-f69075982560)
 - Deleted: 0

[25/Jun/2023:16:50:04] UPDATING ACCOUNTS (JobID: 24d2e5b1-7587-4c68-b787-c09ed6973e90)
 - New and modified: 0

[25/Jun/2023:16:50:04] DELETING ACCOUNTS (JobID: 24d2e5b1-7587-4c68-b787-c09ed6973e90)
 - Deleted: 0

[25/Jun/2023:16:50:34] UPDATING PRODUCTS (JobID: 67ae742b-3e25-451a-8eb6-f9d74cc6d09e)
 - New and modified: 0

[25/Jun/2023:16:50:36] UPDATING PREPAGATI (JobID: a17e761a-6ed4-4dba-a420-a06e2c66a61a)
 - New and modified: 0

[25/Jun/2023:16:50:36] DELETING PREPAGATI (JobID: a17e761a-6ed4-4dba-a420-a06e2c66a61a)
 - Deleted: 0

[25/Jun/2023:17:00:04] UPDATING ACCOUNTS (JobID: 8e878c76-a4c8-44fa-be29-24de335d3bc3)
 - New and modified: 0

[25/Jun/2023:17:00:04] DELETING ACCOUNTS (JobID: 8e878c76-a4c8-44fa-be29-24de335d3bc3)
 - Deleted: 0

[25/Jun/2023:17:00:35] UPDATING PRODUCTS (JobID: b84a5a8d-ffc1-40b8-80df-25868433289a)
 - New and modified: 0

[25/Jun/2023:17:00:37] UPDATING PREPAGATI (JobID: f0407443-e426-418f-9654-82cc484847fa)
 - New and modified: 0

[25/Jun/2023:17:00:37] DELETING PREPAGATI (JobID: f0407443-e426-418f-9654-82cc484847fa)
 - Deleted: 0

[25/Jun/2023:17:10:06] UPDATING ACCOUNTS (JobID: a5abcbec-38a4-4017-9ed4-854b64a24ec2)
 - New and modified: 0

[25/Jun/2023:17:10:06] DELETING ACCOUNTS (JobID: a5abcbec-38a4-4017-9ed4-854b64a24ec2)
 - Deleted: 0

[25/Jun/2023:17:10:37] UPDATING PRODUCTS (JobID: 812e7beb-8527-4503-a05e-746e23e3c00f)
 - New and modified: 0

[25/Jun/2023:17:10:38] UPDATING PREPAGATI (JobID: 696a71bd-ed4f-49d2-b5e1-7342e180dfae)
 - New and modified: 0

[25/Jun/2023:17:10:38] DELETING PREPAGATI (JobID: 696a71bd-ed4f-49d2-b5e1-7342e180dfae)
 - Deleted: 0

[25/Jun/2023:17:20:04] UPDATING ACCOUNTS (JobID: dd49a7d0-044d-4aab-8600-e7ce638c2a6e)
 - New and modified: 0

[25/Jun/2023:17:20:04] DELETING ACCOUNTS (JobID: dd49a7d0-044d-4aab-8600-e7ce638c2a6e)
 - Deleted: 0

[25/Jun/2023:17:20:36] UPDATING PRODUCTS (JobID: 76bb2bbf-36b9-4402-bb6b-c7cf325e7c29)
 - New and modified: 0

[25/Jun/2023:17:20:38] UPDATING PREPAGATI (JobID: e8d92935-29af-4353-b420-a7852a19b70d)
 - New and modified: 0

[25/Jun/2023:17:20:38] DELETING PREPAGATI (JobID: e8d92935-29af-4353-b420-a7852a19b70d)
 - Deleted: 0

[25/Jun/2023:17:40:05] UPDATING ACCOUNTS (JobID: 9fabfaed-e450-406e-9efd-b4f0b29b78e3)
 - New and modified: 0

[25/Jun/2023:17:40:05] DELETING ACCOUNTS (JobID: 9fabfaed-e450-406e-9efd-b4f0b29b78e3)
 - Deleted: 0

[25/Jun/2023:17:40:37] UPDATING PRODUCTS (JobID: 3755a36e-0300-43d1-bd15-8e6f5bbf4e28)
 - New and modified: 0

[25/Jun/2023:17:40:38] UPDATING PREPAGATI (JobID: 319256f6-7822-4b3b-9e24-abb5baf0569d)
 - New and modified: 0

[25/Jun/2023:17:40:38] DELETING PREPAGATI (JobID: 319256f6-7822-4b3b-9e24-abb5baf0569d)
 - Deleted: 0

[25/Jun/2023:17:50:04] UPDATING ACCOUNTS (JobID: 1692941c-6e35-4138-ad2b-fbf1e134fb74)
 - New and modified: 0

[25/Jun/2023:17:50:04] DELETING ACCOUNTS (JobID: 1692941c-6e35-4138-ad2b-fbf1e134fb74)
 - Deleted: 0

[25/Jun/2023:17:50:34] UPDATING PRODUCTS (JobID: 9f3572ec-1b98-4e89-9947-355e2079d2b7)
 - New and modified: 0

[25/Jun/2023:17:50:35] UPDATING PREPAGATI (JobID: 1028893a-b4ae-47e3-b9f2-d6a6056bb920)
 - New and modified: 0

[25/Jun/2023:17:50:35] DELETING PREPAGATI (JobID: 1028893a-b4ae-47e3-b9f2-d6a6056bb920)
 - Deleted: 0

[25/Jun/2023:18:00:07] UPDATING ACCOUNTS (JobID: 60f4dc12-27c9-49f3-a0db-19968a3b08dd)
 - New and modified: 0

[25/Jun/2023:18:00:07] DELETING ACCOUNTS (JobID: 60f4dc12-27c9-49f3-a0db-19968a3b08dd)
 - Deleted: 0

[25/Jun/2023:18:00:37] UPDATING PRODUCTS (JobID: fc7dcd3a-7eae-4878-84f6-58a92512daf5)
 - New and modified: 0

[25/Jun/2023:18:00:39] UPDATING PREPAGATI (JobID: 33f9fa76-a321-4827-8f3c-6a35764bf042)
 - New and modified: 0

[25/Jun/2023:18:00:39] DELETING PREPAGATI (JobID: 33f9fa76-a321-4827-8f3c-6a35764bf042)
 - Deleted: 0

[25/Jun/2023:18:10:04] UPDATING ACCOUNTS (JobID: 59929dc2-7042-4943-a722-1f6993449cc9)
 - New and modified: 0

[25/Jun/2023:18:10:04] DELETING ACCOUNTS (JobID: 59929dc2-7042-4943-a722-1f6993449cc9)
 - Deleted: 0

[25/Jun/2023:18:10:36] UPDATING PRODUCTS (JobID: bc4ee1f3-0f6f-4ecb-8bf3-e8241af1c756)
 - New and modified: 0

[25/Jun/2023:18:10:38] UPDATING PREPAGATI (JobID: fc0d2c82-2168-41bf-8357-e908b4aadf51)
 - New and modified: 0

[25/Jun/2023:18:10:38] DELETING PREPAGATI (JobID: fc0d2c82-2168-41bf-8357-e908b4aadf51)
 - Deleted: 0

[25/Jun/2023:18:20:04] UPDATING ACCOUNTS (JobID: 09af18c0-8b33-4d11-b5d3-4706ce975985)
 - New and modified: 0

[25/Jun/2023:18:20:04] DELETING ACCOUNTS (JobID: 09af18c0-8b33-4d11-b5d3-4706ce975985)
 - Deleted: 0

[25/Jun/2023:18:20:35] UPDATING PRODUCTS (JobID: bb486dd1-b9e6-482c-b8f7-8d0be6b6272f)
 - New and modified: 0

[25/Jun/2023:18:20:37] UPDATING PREPAGATI (JobID: 8d08eb1d-af8c-447a-80e0-933ea640510a)
 - New and modified: 0

[25/Jun/2023:18:20:37] DELETING PREPAGATI (JobID: 8d08eb1d-af8c-447a-80e0-933ea640510a)
 - Deleted: 0

[25/Jun/2023:18:30:04] UPDATING ACCOUNTS (JobID: f93c50cd-1634-4b87-b21d-99986f512933)
 - New and modified: 0

[25/Jun/2023:18:30:04] DELETING ACCOUNTS (JobID: f93c50cd-1634-4b87-b21d-99986f512933)
 - Deleted: 0

[25/Jun/2023:18:30:36] UPDATING PRODUCTS (JobID: 0ccd6818-4cf3-4a56-b205-aff6b1366917)
 - New and modified: 0

[25/Jun/2023:18:30:37] UPDATING PREPAGATI (JobID: 43ec8164-4df0-4fec-9f11-07ea75b1d86e)
 - New and modified: 0

[25/Jun/2023:18:30:37] DELETING PREPAGATI (JobID: 43ec8164-4df0-4fec-9f11-07ea75b1d86e)
 - Deleted: 0

[25/Jun/2023:18:40:04] UPDATING ACCOUNTS (JobID: 55091eca-7694-4e42-84ae-6eda691afde7)
 - New and modified: 0

[25/Jun/2023:18:40:04] DELETING ACCOUNTS (JobID: 55091eca-7694-4e42-84ae-6eda691afde7)
 - Deleted: 0

[25/Jun/2023:18:40:36] UPDATING PRODUCTS (JobID: d9353df6-a760-489d-9ec0-11d0e330c205)
 - New and modified: 0

[25/Jun/2023:18:40:37] UPDATING PREPAGATI (JobID: 6bab38f8-8881-4bc1-8d59-0944b5fde101)
 - New and modified: 0

[25/Jun/2023:18:40:37] DELETING PREPAGATI (JobID: 6bab38f8-8881-4bc1-8d59-0944b5fde101)
 - Deleted: 0

[25/Jun/2023:18:50:07] UPDATING ACCOUNTS (JobID: 67ee42c0-f810-4d02-bb07-70760dc2eb28)
 - New and modified: 0

[25/Jun/2023:18:50:07] DELETING ACCOUNTS (JobID: 67ee42c0-f810-4d02-bb07-70760dc2eb28)
 - Deleted: 0

[25/Jun/2023:18:50:38] UPDATING PRODUCTS (JobID: 08b1e861-d557-44a8-b7a1-63dd789a12ba)
 - New and modified: 0

[25/Jun/2023:18:50:40] UPDATING PREPAGATI (JobID: 6b73f527-d480-4f9d-9e32-461ac1f0a85b)
 - New and modified: 0

[25/Jun/2023:18:50:40] DELETING PREPAGATI (JobID: 6b73f527-d480-4f9d-9e32-461ac1f0a85b)
 - Deleted: 0

[25/Jun/2023:19:00:04] UPDATING ACCOUNTS (JobID: fc177bfd-df43-4a7d-a2fe-754a3a2605d9)
 - New and modified: 0

[25/Jun/2023:19:00:04] DELETING ACCOUNTS (JobID: fc177bfd-df43-4a7d-a2fe-754a3a2605d9)
 - Deleted: 0

[25/Jun/2023:19:00:36] UPDATING PRODUCTS (JobID: 30247b5f-a0ee-4a86-9cb0-b1d510dc5fdc)
 - New and modified: 0

[25/Jun/2023:19:00:37] UPDATING PREPAGATI (JobID: 9c77e31c-5b9f-41eb-9f54-6e86a99f5508)
 - New and modified: 0

[25/Jun/2023:19:00:37] DELETING PREPAGATI (JobID: 9c77e31c-5b9f-41eb-9f54-6e86a99f5508)
 - Deleted: 0

[25/Jun/2023:19:10:04] UPDATING ACCOUNTS (JobID: 3dbf0db6-f10e-4b71-83cd-bb9cb5223bbc)
 - New and modified: 0

[25/Jun/2023:19:10:04] DELETING ACCOUNTS (JobID: 3dbf0db6-f10e-4b71-83cd-bb9cb5223bbc)
 - Deleted: 0

[25/Jun/2023:19:10:37] UPDATING PRODUCTS (JobID: 5fa63beb-3e89-4479-be7d-2d3040fca946)
 - New and modified: 0

[25/Jun/2023:19:10:39] UPDATING PREPAGATI (JobID: 05b7fa57-9cf5-4066-8718-35bcf0de1f16)
 - New and modified: 0

[25/Jun/2023:19:10:39] DELETING PREPAGATI (JobID: 05b7fa57-9cf5-4066-8718-35bcf0de1f16)
 - Deleted: 0

[25/Jun/2023:19:20:05] UPDATING ACCOUNTS (JobID: 0255e22c-ddff-4587-b7a7-c46077400f01)
 - New and modified: 0

[25/Jun/2023:19:20:05] DELETING ACCOUNTS (JobID: 0255e22c-ddff-4587-b7a7-c46077400f01)
 - Deleted: 0

[25/Jun/2023:19:20:38] UPDATING PRODUCTS (JobID: a05db1f4-59bb-4a14-adf5-27b231873cc1)
 - New and modified: 0

[25/Jun/2023:19:20:40] UPDATING PREPAGATI (JobID: 1fdd6c3c-4100-4cb7-aaaa-e7836e668120)
 - New and modified: 0

[25/Jun/2023:19:20:40] DELETING PREPAGATI (JobID: 1fdd6c3c-4100-4cb7-aaaa-e7836e668120)
 - Deleted: 0

[25/Jun/2023:19:30:04] UPDATING ACCOUNTS (JobID: d727e7fe-4f46-40d6-8553-857687b8f102)
 - New and modified: 0

[25/Jun/2023:19:30:04] DELETING ACCOUNTS (JobID: d727e7fe-4f46-40d6-8553-857687b8f102)
 - Deleted: 0

[25/Jun/2023:19:30:36] UPDATING PRODUCTS (JobID: 73c52b99-bc53-4da5-8f4e-0ed87d0c585c)
 - New and modified: 0

[25/Jun/2023:19:30:38] UPDATING PREPAGATI (JobID: 7341bec0-6cc9-4037-8cd5-71819e481a6e)
 - New and modified: 0

[25/Jun/2023:19:30:38] DELETING PREPAGATI (JobID: 7341bec0-6cc9-4037-8cd5-71819e481a6e)
 - Deleted: 0

[25/Jun/2023:19:40:04] UPDATING ACCOUNTS (JobID: 7673214a-e3e8-44a6-a383-bda60566d173)
 - New and modified: 0

[25/Jun/2023:19:40:04] DELETING ACCOUNTS (JobID: 7673214a-e3e8-44a6-a383-bda60566d173)
 - Deleted: 0

[25/Jun/2023:19:40:40] UPDATING PRODUCTS (JobID: 04c606ec-82ff-433e-b9b1-052957406bd4)
 - New and modified: 0

[25/Jun/2023:19:40:43] UPDATING PREPAGATI (JobID: d9beec8b-870a-4b06-843d-6f45001f80f9)
 - New and modified: 0

[25/Jun/2023:19:40:43] DELETING PREPAGATI (JobID: d9beec8b-870a-4b06-843d-6f45001f80f9)
 - Deleted: 0

[25/Jun/2023:19:50:04] UPDATING ACCOUNTS (JobID: 356957be-48c6-4926-82e6-fd906458a200)
 - New and modified: 0

[25/Jun/2023:19:50:04] DELETING ACCOUNTS (JobID: 356957be-48c6-4926-82e6-fd906458a200)
 - Deleted: 0

[25/Jun/2023:19:50:36] UPDATING PRODUCTS (JobID: 6331f721-b02e-492b-a5fb-01e2fabd5eff)
 - New and modified: 0

[25/Jun/2023:19:50:38] UPDATING PREPAGATI (JobID: aa417a81-b130-4f77-8af8-00429d9d54db)
 - New and modified: 0

[25/Jun/2023:19:50:38] DELETING PREPAGATI (JobID: aa417a81-b130-4f77-8af8-00429d9d54db)
 - Deleted: 0

[25/Jun/2023:20:00:04] UPDATING ACCOUNTS (JobID: fe9970c8-263b-495d-a916-f6a93bac9765)
 - New and modified: 0

[25/Jun/2023:20:00:04] DELETING ACCOUNTS (JobID: fe9970c8-263b-495d-a916-f6a93bac9765)
 - Deleted: 0

[25/Jun/2023:20:00:36] UPDATING PRODUCTS (JobID: fe807a10-ee08-4770-89dc-b38c4a61bb74)
 - New and modified: 0

[25/Jun/2023:20:00:38] UPDATING PREPAGATI (JobID: 77062e39-864d-4e5c-926d-daf9b6b30b2b)
 - New and modified: 0

[25/Jun/2023:20:00:38] DELETING PREPAGATI (JobID: 77062e39-864d-4e5c-926d-daf9b6b30b2b)
 - Deleted: 0

[25/Jun/2023:20:10:04] UPDATING ACCOUNTS (JobID: 8204e3e4-b651-43a9-8f83-23b5f8de652f)
 - New and modified: 0

[25/Jun/2023:20:10:04] DELETING ACCOUNTS (JobID: 8204e3e4-b651-43a9-8f83-23b5f8de652f)
 - Deleted: 0

[25/Jun/2023:20:10:36] UPDATING PRODUCTS (JobID: ac0cc472-a667-4580-be17-c1d8d783cfaf)
 - New and modified: 0

[25/Jun/2023:20:10:37] UPDATING PREPAGATI (JobID: e23dc73c-dc96-49df-86fd-8a89a332e0bb)
 - New and modified: 0

[25/Jun/2023:20:10:37] DELETING PREPAGATI (JobID: e23dc73c-dc96-49df-86fd-8a89a332e0bb)
 - Deleted: 0

[25/Jun/2023:20:20:04] UPDATING ACCOUNTS (JobID: 60138c5a-7ec3-4b4f-8da0-4da3a346ba17)
 - New and modified: 0

[25/Jun/2023:20:20:04] DELETING ACCOUNTS (JobID: 60138c5a-7ec3-4b4f-8da0-4da3a346ba17)
 - Deleted: 0

[25/Jun/2023:20:20:38] UPDATING PRODUCTS (JobID: c4af95a3-d4d8-4f23-8f79-317a6b47d79d)
 - New and modified: 0

[25/Jun/2023:20:20:40] UPDATING PREPAGATI (JobID: 74b60345-36ba-42dc-8dba-380efd76aefc)
 - New and modified: 0

[25/Jun/2023:20:20:40] DELETING PREPAGATI (JobID: 74b60345-36ba-42dc-8dba-380efd76aefc)
 - Deleted: 0

[25/Jun/2023:20:30:04] UPDATING ACCOUNTS (JobID: f3d2340c-32a0-4b2b-b71c-6700ae201d97)
 - New and modified: 0

[25/Jun/2023:20:30:04] DELETING ACCOUNTS (JobID: f3d2340c-32a0-4b2b-b71c-6700ae201d97)
 - Deleted: 0

[25/Jun/2023:20:30:36] UPDATING PRODUCTS (JobID: 7f5c2d48-ab84-43f6-beaf-7c458bade0a6)
 - New and modified: 0

[25/Jun/2023:20:30:38] UPDATING PREPAGATI (JobID: 6b2a180a-e53d-4277-81bc-2e22ab6b6699)
 - New and modified: 0

[25/Jun/2023:20:30:38] DELETING PREPAGATI (JobID: 6b2a180a-e53d-4277-81bc-2e22ab6b6699)
 - Deleted: 0

[25/Jun/2023:20:40:04] UPDATING ACCOUNTS (JobID: 0eff7b89-07fb-42a3-8a42-3a10912664e4)
 - New and modified: 0

[25/Jun/2023:20:40:04] DELETING ACCOUNTS (JobID: 0eff7b89-07fb-42a3-8a42-3a10912664e4)
 - Deleted: 0

[25/Jun/2023:20:40:37] UPDATING PRODUCTS (JobID: 52faf2e9-6df9-41b2-8841-c0d70fecdd74)
 - New and modified: 0

[25/Jun/2023:20:40:38] UPDATING PREPAGATI (JobID: 7f996ee5-ef39-46d9-a568-4c32e1e57c2b)
 - New and modified: 0

[25/Jun/2023:20:40:38] DELETING PREPAGATI (JobID: 7f996ee5-ef39-46d9-a568-4c32e1e57c2b)
 - Deleted: 0

[25/Jun/2023:20:50:04] UPDATING ACCOUNTS (JobID: eeaac03c-5b10-4c07-ad24-1e17cca5f8e8)
 - New and modified: 0

[25/Jun/2023:20:50:04] DELETING ACCOUNTS (JobID: eeaac03c-5b10-4c07-ad24-1e17cca5f8e8)
 - Deleted: 0

[25/Jun/2023:20:50:35] UPDATING PRODUCTS (JobID: e43670e2-c931-453b-9a1c-8417e28ecd6b)
 - New and modified: 0

[25/Jun/2023:20:50:36] UPDATING PREPAGATI (JobID: 5d30dc1f-c89f-4010-b410-fbc8f68cf182)
 - New and modified: 0

[25/Jun/2023:20:50:36] DELETING PREPAGATI (JobID: 5d30dc1f-c89f-4010-b410-fbc8f68cf182)
 - Deleted: 0

[25/Jun/2023:21:00:04] UPDATING ACCOUNTS (JobID: f0e8fb6f-5d1c-4765-bf55-7b311b742a0b)
 - New and modified: 0

[25/Jun/2023:21:00:04] DELETING ACCOUNTS (JobID: f0e8fb6f-5d1c-4765-bf55-7b311b742a0b)
 - Deleted: 0

[25/Jun/2023:21:00:34] UPDATING PRODUCTS (JobID: 8c90c221-ac8a-4441-bbb3-4d543a8bb2f1)
 - New and modified: 0

[25/Jun/2023:21:00:36] UPDATING PREPAGATI (JobID: 0eadc813-e2a5-4aa1-9691-5a7e21db379d)
 - New and modified: 0

[25/Jun/2023:21:00:36] DELETING PREPAGATI (JobID: 0eadc813-e2a5-4aa1-9691-5a7e21db379d)
 - Deleted: 0

[25/Jun/2023:21:10:04] UPDATING ACCOUNTS (JobID: c113037b-e530-42ad-90f6-350cef4ac5fe)
 - New and modified: 0

[25/Jun/2023:21:10:04] DELETING ACCOUNTS (JobID: c113037b-e530-42ad-90f6-350cef4ac5fe)
 - Deleted: 0

[25/Jun/2023:21:10:34] UPDATING PRODUCTS (JobID: 36a170c7-a674-4a70-8461-2f4f88f6e5cf)
 - New and modified: 0

[25/Jun/2023:21:10:36] UPDATING PREPAGATI (JobID: 4f5afb7d-4ca5-4a08-bd22-5b62b0280d4b)
 - New and modified: 0

[25/Jun/2023:21:10:36] DELETING PREPAGATI (JobID: 4f5afb7d-4ca5-4a08-bd22-5b62b0280d4b)
 - Deleted: 0

[25/Jun/2023:21:20:04] UPDATING ACCOUNTS (JobID: 58f63180-7f6a-4624-923a-4f93bcfa1c65)
 - New and modified: 0

[25/Jun/2023:21:20:04] DELETING ACCOUNTS (JobID: 58f63180-7f6a-4624-923a-4f93bcfa1c65)
 - Deleted: 0

[25/Jun/2023:21:20:35] UPDATING PRODUCTS (JobID: 0ff95227-5dfa-4573-af5f-82876c304da5)
 - New and modified: 0

[25/Jun/2023:21:20:37] UPDATING PREPAGATI (JobID: 6502fac8-9a69-40ec-b0df-bcb4bef65f86)
 - New and modified: 0

[25/Jun/2023:21:20:37] DELETING PREPAGATI (JobID: 6502fac8-9a69-40ec-b0df-bcb4bef65f86)
 - Deleted: 0

[25/Jun/2023:21:30:04] UPDATING ACCOUNTS (JobID: bec3b405-9b90-4250-817f-16109ce14912)
 - New and modified: 0

[25/Jun/2023:21:30:04] DELETING ACCOUNTS (JobID: bec3b405-9b90-4250-817f-16109ce14912)
 - Deleted: 0

[25/Jun/2023:21:30:37] UPDATING PRODUCTS (JobID: b202d4d6-b4d3-4b1b-bab0-ae2e0692191c)
 - New and modified: 0

[25/Jun/2023:21:30:38] UPDATING PREPAGATI (JobID: 4d9e421e-4800-461b-b3ff-99718ba220ee)
 - New and modified: 0

[25/Jun/2023:21:30:38] DELETING PREPAGATI (JobID: 4d9e421e-4800-461b-b3ff-99718ba220ee)
 - Deleted: 0

[25/Jun/2023:21:40:04] UPDATING ACCOUNTS (JobID: bb3d70fc-f004-4681-b3e9-47cec31ab372)
 - New and modified: 0

[25/Jun/2023:21:40:04] DELETING ACCOUNTS (JobID: bb3d70fc-f004-4681-b3e9-47cec31ab372)
 - Deleted: 0

[25/Jun/2023:21:40:35] UPDATING PRODUCTS (JobID: 11cc820a-6670-4665-a6f3-eb043daa5fdd)
 - New and modified: 0

[25/Jun/2023:21:40:37] UPDATING PREPAGATI (JobID: 91ebd575-24bb-435d-846d-4e7bd28f2b37)
 - New and modified: 0

[25/Jun/2023:21:40:37] DELETING PREPAGATI (JobID: 91ebd575-24bb-435d-846d-4e7bd28f2b37)
 - Deleted: 0

[25/Jun/2023:21:50:04] UPDATING ACCOUNTS (JobID: 2ddf5d68-8ea1-4668-9f20-ae439a533385)
 - New and modified: 0

[25/Jun/2023:21:50:04] DELETING ACCOUNTS (JobID: 2ddf5d68-8ea1-4668-9f20-ae439a533385)
 - Deleted: 0

[25/Jun/2023:21:50:36] UPDATING PRODUCTS (JobID: ae8c812f-0d99-4e2f-9867-4ec30c3f39bd)
 - New and modified: 0

[25/Jun/2023:21:50:37] UPDATING PREPAGATI (JobID: 68d2e6ef-a3a4-4e49-9893-578e556a45fb)
 - New and modified: 0

[25/Jun/2023:21:50:37] DELETING PREPAGATI (JobID: 68d2e6ef-a3a4-4e49-9893-578e556a45fb)
 - Deleted: 0

[25/Jun/2023:22:00:05] UPDATING ACCOUNTS (JobID: 28bf18c6-f86e-46df-b944-b0785e0be1af)
 - New and modified: 0

[25/Jun/2023:22:00:05] DELETING ACCOUNTS (JobID: 28bf18c6-f86e-46df-b944-b0785e0be1af)
 - Deleted: 0

[25/Jun/2023:22:00:37] UPDATING PRODUCTS (JobID: ab04c83c-dc61-4613-b169-92553d53d95d)
 - New and modified: 0

[25/Jun/2023:22:00:39] UPDATING PREPAGATI (JobID: 1cf5cf99-4da0-4984-8124-532c0ec49a6c)
 - New and modified: 0

[25/Jun/2023:22:00:39] DELETING PREPAGATI (JobID: 1cf5cf99-4da0-4984-8124-532c0ec49a6c)
 - Deleted: 0

[25/Jun/2023:22:10:04] UPDATING ACCOUNTS (JobID: f65eb7ba-be40-40b9-baff-b29c0d2c843e)
 - New and modified: 0

[25/Jun/2023:22:10:04] DELETING ACCOUNTS (JobID: f65eb7ba-be40-40b9-baff-b29c0d2c843e)
 - Deleted: 0

[25/Jun/2023:22:10:34] UPDATING PRODUCTS (JobID: f462aa7b-b6f5-406b-8cd9-c4dd0b9c3401)
 - New and modified: 0

[25/Jun/2023:22:10:36] UPDATING PREPAGATI (JobID: 60e1dde6-135d-4f51-9d89-39054934e748)
 - New and modified: 0

[25/Jun/2023:22:10:36] DELETING PREPAGATI (JobID: 60e1dde6-135d-4f51-9d89-39054934e748)
 - Deleted: 0

[25/Jun/2023:22:20:04] UPDATING ACCOUNTS (JobID: 345e7b95-0c23-41b3-862f-cf3a50687e80)
 - New and modified: 0

[25/Jun/2023:22:20:04] DELETING ACCOUNTS (JobID: 345e7b95-0c23-41b3-862f-cf3a50687e80)
 - Deleted: 0

[25/Jun/2023:22:20:34] UPDATING PRODUCTS (JobID: 641765a2-67e9-4206-8ffc-e7962f38bc9d)
 - New and modified: 0

[25/Jun/2023:22:20:36] UPDATING PREPAGATI (JobID: 09142b10-462c-4e15-aa3f-548df446f992)
 - New and modified: 0

[25/Jun/2023:22:20:36] DELETING PREPAGATI (JobID: 09142b10-462c-4e15-aa3f-548df446f992)
 - Deleted: 0

[25/Jun/2023:22:30:04] UPDATING ACCOUNTS (JobID: fcafbb85-5631-4fe4-8f5f-e7cb5619aaed)
 - New and modified: 0

[25/Jun/2023:22:30:04] DELETING ACCOUNTS (JobID: fcafbb85-5631-4fe4-8f5f-e7cb5619aaed)
 - Deleted: 0

[25/Jun/2023:22:30:35] UPDATING PRODUCTS (JobID: c34b954f-e160-4680-b3ab-6f08c4d3b75f)
 - New and modified: 0

[25/Jun/2023:22:30:36] UPDATING PREPAGATI (JobID: 9c854137-265d-49ea-b2ad-2bf812165e03)
 - New and modified: 0

[25/Jun/2023:22:30:36] DELETING PREPAGATI (JobID: 9c854137-265d-49ea-b2ad-2bf812165e03)
 - Deleted: 0

[25/Jun/2023:22:40:04] UPDATING ACCOUNTS (JobID: 45a87471-3cd8-4c95-b39e-6c02defee5c1)
 - New and modified: 0

[25/Jun/2023:22:40:04] DELETING ACCOUNTS (JobID: 45a87471-3cd8-4c95-b39e-6c02defee5c1)
 - Deleted: 0

[25/Jun/2023:22:40:35] UPDATING PRODUCTS (JobID: 344d7fb8-01c0-45a5-bbd2-aaee403edff2)
 - New and modified: 0

[25/Jun/2023:22:40:36] UPDATING PREPAGATI (JobID: 5c9c4038-fd33-47a9-8f13-16d1a01c4c69)
 - New and modified: 0

[25/Jun/2023:22:40:36] DELETING PREPAGATI (JobID: 5c9c4038-fd33-47a9-8f13-16d1a01c4c69)
 - Deleted: 0

[25/Jun/2023:22:50:04] UPDATING ACCOUNTS (JobID: 8f69c1e8-d039-4582-a695-51c8096a1743)
 - New and modified: 0

[25/Jun/2023:22:50:04] DELETING ACCOUNTS (JobID: 8f69c1e8-d039-4582-a695-51c8096a1743)
 - Deleted: 0

[25/Jun/2023:22:50:36] UPDATING PRODUCTS (JobID: b4abd023-ec0e-4b3f-bd5f-bf3a09271d00)
 - New and modified: 0

[25/Jun/2023:22:50:37] UPDATING PREPAGATI (JobID: 8826ce0f-3811-45dc-bf53-9fd5fe9aa22b)
 - New and modified: 0

[25/Jun/2023:22:50:37] DELETING PREPAGATI (JobID: 8826ce0f-3811-45dc-bf53-9fd5fe9aa22b)
 - Deleted: 0

[25/Jun/2023:23:00:04] UPDATING ACCOUNTS (JobID: f0f6ebd5-ded6-4ccf-925d-ac1774471b7d)
 - New and modified: 0

[25/Jun/2023:23:00:04] DELETING ACCOUNTS (JobID: f0f6ebd5-ded6-4ccf-925d-ac1774471b7d)
 - Deleted: 0

[25/Jun/2023:23:00:34] UPDATING PRODUCTS (JobID: 46e9f2d7-c4ca-4e71-b13e-ebe21a69a220)
 - New and modified: 0

[25/Jun/2023:23:00:36] UPDATING PREPAGATI (JobID: badb2745-8635-446b-869c-30e8ee873cc0)
 - New and modified: 0

[25/Jun/2023:23:00:36] DELETING PREPAGATI (JobID: badb2745-8635-446b-869c-30e8ee873cc0)
 - Deleted: 0

[25/Jun/2023:23:10:04] UPDATING ACCOUNTS (JobID: dbc790d0-c9fc-40e9-a0f3-2dbef55609d3)
 - New and modified: 0

[25/Jun/2023:23:10:04] DELETING ACCOUNTS (JobID: dbc790d0-c9fc-40e9-a0f3-2dbef55609d3)
 - Deleted: 0

[25/Jun/2023:23:10:35] UPDATING PRODUCTS (JobID: 3d75fbab-0627-45c7-b44c-0eb88c87788f)
 - New and modified: 0

[25/Jun/2023:23:10:36] UPDATING PREPAGATI (JobID: 284c2508-7a88-4d48-bb85-b30c67c28112)
 - New and modified: 0

[25/Jun/2023:23:10:36] DELETING PREPAGATI (JobID: 284c2508-7a88-4d48-bb85-b30c67c28112)
 - Deleted: 0

[25/Jun/2023:23:30:07] UPDATING ACCOUNTS (JobID: 3f6cdde3-38d7-4316-b538-a900b1cfd862)
 - New and modified: 0

[25/Jun/2023:23:30:07] DELETING ACCOUNTS (JobID: 3f6cdde3-38d7-4316-b538-a900b1cfd862)
 - Deleted: 0

[25/Jun/2023:23:30:39] UPDATING PRODUCTS (JobID: 4f3f3ee3-320d-4d73-9f94-a54521ac530e)
 - New and modified: 0

[25/Jun/2023:23:30:40] UPDATING PREPAGATI (JobID: e276369d-d38c-4807-9edd-33daff394c3a)
 - New and modified: 0

[25/Jun/2023:23:30:40] DELETING PREPAGATI (JobID: e276369d-d38c-4807-9edd-33daff394c3a)
 - Deleted: 0

[25/Jun/2023:23:40:04] UPDATING ACCOUNTS (JobID: 6582a2f6-efa2-418d-9b48-bb9983e131b2)
 - New and modified: 0

[25/Jun/2023:23:40:04] DELETING ACCOUNTS (JobID: 6582a2f6-efa2-418d-9b48-bb9983e131b2)
 - Deleted: 0

[25/Jun/2023:23:40:35] UPDATING PRODUCTS (JobID: 49a87fe0-9244-4edd-9290-f1699a24c04f)
 - New and modified: 0

[25/Jun/2023:23:40:36] UPDATING PREPAGATI (JobID: f1b521bc-e5bf-49a2-ae2f-493b5a5fe824)
 - New and modified: 0

[25/Jun/2023:23:40:36] DELETING PREPAGATI (JobID: f1b521bc-e5bf-49a2-ae2f-493b5a5fe824)
 - Deleted: 0

[25/Jun/2023:23:50:04] UPDATING ACCOUNTS (JobID: aa854bc8-b0c0-427e-a3c7-afd6b946a22b)
 - New and modified: 0

[25/Jun/2023:23:50:04] DELETING ACCOUNTS (JobID: aa854bc8-b0c0-427e-a3c7-afd6b946a22b)
 - Deleted: 0

[25/Jun/2023:23:50:35] UPDATING PRODUCTS (JobID: ffcad33f-7a5c-4ddb-8200-99c724ce9d0a)
 - New and modified: 0

[25/Jun/2023:23:50:36] UPDATING PREPAGATI (JobID: c26a1ebb-b405-4e36-8b7f-47c3b2d88c2d)
 - New and modified: 0

[25/Jun/2023:23:50:36] DELETING PREPAGATI (JobID: c26a1ebb-b405-4e36-8b7f-47c3b2d88c2d)
 - Deleted: 0

