[16/Oct/2023:00:35:42] UPDATING ACCOUNTS (JobID: 0624646b-bb33-4960-81e2-6a56b25c3489)
 - New and modified: 0

[16/Oct/2023:00:35:42] DELETING ACCOUNTS (JobID: 0624646b-bb33-4960-81e2-6a56b25c3489)
 - Deleted: 0

[16/Oct/2023:00:36:18] UPDATING PRODUCTS (JobID: be9de4db-19e7-4cb2-893b-8988ab4a3c9f)
 - New and modified: 0

[16/Oct/2023:00:36:22] UPDATING PREPAGATI (JobID: 39a1370b-5b8b-4c8f-bbd9-31310918b950)
 - New and modified: 0

[16/Oct/2023:00:36:22] DELETING PREPAGATI (JobID: 39a1370b-5b8b-4c8f-bbd9-31310918b950)
 - Deleted: 0

[16/Oct/2023:03:00:07] UPDATING ACCOUNTS (JobID: 01d5eaa5-d654-4b0c-800c-793524987ed9)
 - New and modified: 0

[16/Oct/2023:03:00:07] DELETING ACCOUNTS (JobID: 01d5eaa5-d654-4b0c-800c-793524987ed9)
 - Deleted: 0

[16/Oct/2023:03:00:44] UPDATING PRODUCTS (JobID: 9daadaa7-810b-4494-a4bf-75a8c03a2019)
 - New and modified: 0

[16/Oct/2023:03:00:47] UPDATING PREPAGATI (JobID: e00df9dc-ca21-46cf-a968-75475c9bc1b6)
 - New and modified: 0

[16/Oct/2023:03:00:47] DELETING PREPAGATI (JobID: e00df9dc-ca21-46cf-a968-75475c9bc1b6)
 - Deleted: 0

[16/Oct/2023:08:30:08] UPDATING ACCOUNTS (JobID: 852fe320-1a9b-4ef8-955b-a7f73dc69753)
 - New and modified: 0

[16/Oct/2023:08:30:08] DELETING ACCOUNTS (JobID: 852fe320-1a9b-4ef8-955b-a7f73dc69753)
 - Deleted: 0

[16/Oct/2023:08:30:43] UPDATING PRODUCTS (JobID: 5d7a05cb-fea1-402e-a9a8-d0376f13a3cf)
 - New and modified: 0

[16/Oct/2023:08:30:47] UPDATING PREPAGATI (JobID: 1bf5121a-fb95-4728-a71d-f51e64fde5ad)
 - New and modified: 0

[16/Oct/2023:08:30:47] DELETING PREPAGATI (JobID: 1bf5121a-fb95-4728-a71d-f51e64fde5ad)
 - Deleted: 0

[16/Oct/2023:09:30:07] UPDATING ACCOUNTS (JobID: c28e683b-894f-4e74-8286-b46fd00a1d5e)
 - New and modified: 0

[16/Oct/2023:09:30:07] DELETING ACCOUNTS (JobID: c28e683b-894f-4e74-8286-b46fd00a1d5e)
 - Deleted: 0

[16/Oct/2023:09:30:43] UPDATING PRODUCTS (JobID: f63f5455-6afb-44bd-9f2e-b6bba8910888)
 - New and modified: 0

[16/Oct/2023:09:30:46] UPDATING PREPAGATI (JobID: d2852edb-3160-495f-bd6c-3f300db35155)
 - New and modified: 0

[16/Oct/2023:09:30:46] DELETING PREPAGATI (JobID: d2852edb-3160-495f-bd6c-3f300db35155)
 - Deleted: 0

[16/Oct/2023:11:00:04] UPDATING ACCOUNTS (JobID: 56810cd7-0e88-4763-8bea-01f7cd5c8913)
 - New and modified: 0

[16/Oct/2023:11:00:04] DELETING ACCOUNTS (JobID: 56810cd7-0e88-4763-8bea-01f7cd5c8913)
 - Deleted: 0

[16/Oct/2023:11:00:35] UPDATING PRODUCTS (JobID: 2dfaabbe-a95a-4cf0-a431-20c76929d6a7)
 - New and modified: 0

[16/Oct/2023:11:00:38] UPDATING PREPAGATI (JobID: 8b9a356d-05f1-49c9-b689-9f2beedcbb7f)
 - New and modified: 0

[16/Oct/2023:11:00:38] DELETING PREPAGATI (JobID: 8b9a356d-05f1-49c9-b689-9f2beedcbb7f)
 - Deleted: 0

[16/Oct/2023:11:30:09] UPDATING ACCOUNTS (JobID: 65d5653c-034c-4c24-83c5-e355fe8ff84c)
 - New and modified: 0

[16/Oct/2023:11:30:09] DELETING ACCOUNTS (JobID: 65d5653c-034c-4c24-83c5-e355fe8ff84c)
 - Deleted: 0

[16/Oct/2023:11:30:43] UPDATING PRODUCTS (JobID: 5218bbb8-cfa0-424c-a4b5-009bb3387c2b)
 - New and modified: 0

[16/Oct/2023:11:30:46] UPDATING PREPAGATI (JobID: ca0d0680-293a-4bdb-a24f-5be6df221e91)
 - New and modified: 0

[16/Oct/2023:11:30:46] DELETING PREPAGATI (JobID: ca0d0680-293a-4bdb-a24f-5be6df221e91)
 - Deleted: 0

[16/Oct/2023:12:00:09] UPDATING ACCOUNTS (JobID: 64bf3171-d0ff-461d-ba99-eefb319e0aae)
 - New and modified: 0

[16/Oct/2023:12:00:10] DELETING ACCOUNTS (JobID: 64bf3171-d0ff-461d-ba99-eefb319e0aae)
 - Deleted: 0

[16/Oct/2023:12:00:45] UPDATING PRODUCTS (JobID: 27cbe620-7a6d-4ef6-a705-354e47fbfa49)
 - New and modified: 0

[16/Oct/2023:12:00:48] UPDATING PREPAGATI (JobID: 136cb4df-136a-452b-9884-fde5730d565f)
 - New and modified: 0

[16/Oct/2023:12:00:48] DELETING PREPAGATI (JobID: 136cb4df-136a-452b-9884-fde5730d565f)
 - Deleted: 0

[16/Oct/2023:12:30:04] UPDATING ACCOUNTS (JobID: 4a52f35b-6054-420f-90fe-4a18c4e216f7)
 - New and modified: 0

[16/Oct/2023:12:30:04] DELETING ACCOUNTS (JobID: 4a52f35b-6054-420f-90fe-4a18c4e216f7)
 - Deleted: 0

[16/Oct/2023:12:30:38] UPDATING PRODUCTS (JobID: 1cae46c0-4e5e-4319-83f4-fd25db021b72)
 - New and modified: 0

[16/Oct/2023:12:30:40] UPDATING PREPAGATI (JobID: 7c4cf514-0dff-4e73-abbb-deecae96dbb1)
 - New and modified: 0

[16/Oct/2023:12:30:40] DELETING PREPAGATI (JobID: 7c4cf514-0dff-4e73-abbb-deecae96dbb1)
 - Deleted: 0

[16/Oct/2023:13:00:09] UPDATING ACCOUNTS (JobID: 49bd20d4-72ea-4e81-bbb7-aa36ca2ab6b1)
 - New and modified: 0

[16/Oct/2023:13:00:09] DELETING ACCOUNTS (JobID: 49bd20d4-72ea-4e81-bbb7-aa36ca2ab6b1)
 - Deleted: 0

[16/Oct/2023:13:00:44] UPDATING PRODUCTS (JobID: 4017b91c-2442-4a2a-bc6a-862410efa7e8)
 - New and modified: 0

[16/Oct/2023:13:00:47] UPDATING PREPAGATI (JobID: 43839b3e-cc8b-43ca-b413-fad1d64937e3)
 - New and modified: 0

[16/Oct/2023:13:00:47] DELETING PREPAGATI (JobID: 43839b3e-cc8b-43ca-b413-fad1d64937e3)
 - Deleted: 0

[16/Oct/2023:14:00:04] UPDATING ACCOUNTS (JobID: 183ecdcf-3712-4df8-8abb-ef4d4f2c0bac)
 - New and modified: 0

[16/Oct/2023:14:00:04] DELETING ACCOUNTS (JobID: 183ecdcf-3712-4df8-8abb-ef4d4f2c0bac)
 - Deleted: 0

[16/Oct/2023:14:00:40] UPDATING PRODUCTS (JobID: c707cf03-84ca-4a10-8259-5469485eb840)
 - New and modified: 0

[16/Oct/2023:14:00:43] UPDATING PREPAGATI (JobID: d0442a8c-11bb-4f38-9c04-fb085d348551)
 - New and modified: 0

[16/Oct/2023:14:00:43] DELETING PREPAGATI (JobID: d0442a8c-11bb-4f38-9c04-fb085d348551)
 - Deleted: 0

[16/Oct/2023:14:30:05] UPDATING ACCOUNTS (JobID: 7bbb6c81-5cec-4c18-8723-2bb11124c616)
 - New and modified: 0

[16/Oct/2023:14:30:05] DELETING ACCOUNTS (JobID: 7bbb6c81-5cec-4c18-8723-2bb11124c616)
 - Deleted: 0

[16/Oct/2023:14:30:38] UPDATING PRODUCTS (JobID: 0e22b4da-7afc-45f0-84c7-6eb5897e86f1)
 - New and modified: 0

[16/Oct/2023:14:30:40] UPDATING PREPAGATI (JobID: f12a3ad3-e5a0-4bd9-9760-187018eee2a2)
 - New and modified: 0

[16/Oct/2023:14:30:40] DELETING PREPAGATI (JobID: f12a3ad3-e5a0-4bd9-9760-187018eee2a2)
 - Deleted: 0

[16/Oct/2023:15:00:09] UPDATING ACCOUNTS (JobID: 56528d02-6182-44bf-b4f9-689ed770683a)
 - New and modified: 0

[16/Oct/2023:15:00:09] DELETING ACCOUNTS (JobID: 56528d02-6182-44bf-b4f9-689ed770683a)
 - Deleted: 0

[16/Oct/2023:15:00:45] UPDATING PRODUCTS (JobID: 13dcb034-d4ff-49b5-99da-991f8012bef8)
 - New and modified: 0

[16/Oct/2023:15:00:48] UPDATING PREPAGATI (JobID: 01df7ca0-ae9f-4cab-960f-93d93dfb203b)
 - New and modified: 0

[16/Oct/2023:15:00:48] DELETING PREPAGATI (JobID: 01df7ca0-ae9f-4cab-960f-93d93dfb203b)
 - Deleted: 0

[16/Oct/2023:15:30:04] UPDATING ACCOUNTS (JobID: 6ae8e610-93a5-4be7-8332-9929973134c7)
 - New and modified: 0

[16/Oct/2023:15:30:04] DELETING ACCOUNTS (JobID: 6ae8e610-93a5-4be7-8332-9929973134c7)
 - Deleted: 0

[16/Oct/2023:15:30:39] UPDATING PRODUCTS (JobID: a4db2a2b-d497-424c-9d66-e7fe2808d870)
 - New and modified: 0

[16/Oct/2023:15:30:41] UPDATING PREPAGATI (JobID: 5ca46d8a-2f6e-466d-b3b7-df0d8966a3e7)
 - New and modified: 0

[16/Oct/2023:15:30:41] DELETING PREPAGATI (JobID: 5ca46d8a-2f6e-466d-b3b7-df0d8966a3e7)
 - Deleted: 0

[16/Oct/2023:17:30:07] UPDATING ACCOUNTS (JobID: 5f5fcbd0-c487-4fad-a30a-34f8f425c912)
 - New and modified: 0

[16/Oct/2023:17:30:07] DELETING ACCOUNTS (JobID: 5f5fcbd0-c487-4fad-a30a-34f8f425c912)
 - Deleted: 0

[16/Oct/2023:17:30:40] UPDATING PRODUCTS (JobID: c0d0a67a-5e6f-4168-9aca-39677f69563a)
 - New and modified: 0

[16/Oct/2023:17:30:43] UPDATING PREPAGATI (JobID: 3dd83ae7-23aa-43a9-9944-7886f2f46f3e)
 - New and modified: 0

[16/Oct/2023:17:30:43] DELETING PREPAGATI (JobID: 3dd83ae7-23aa-43a9-9944-7886f2f46f3e)
 - Deleted: 0

[16/Oct/2023:19:30:04] UPDATING ACCOUNTS (JobID: 107e1e2c-c1fc-4837-9f6b-16abf852d04b)
 - New and modified: 0

[16/Oct/2023:19:30:04] DELETING ACCOUNTS (JobID: 107e1e2c-c1fc-4837-9f6b-16abf852d04b)
 - Deleted: 0

[16/Oct/2023:19:30:39] UPDATING PRODUCTS (JobID: 511bc40f-3751-490c-92c8-756b9bb99512)
 - New and modified: 0

[16/Oct/2023:19:30:42] UPDATING PREPAGATI (JobID: 97760889-fc43-45be-846f-1539c84cbae3)
 - New and modified: 0

[16/Oct/2023:19:30:42] DELETING PREPAGATI (JobID: 97760889-fc43-45be-846f-1539c84cbae3)
 - Deleted: 0

[16/Oct/2023:20:00:08] UPDATING ACCOUNTS (JobID: 84157f3e-a0fb-4d36-843e-2d72bdb7815d)
 - New and modified: 0

[16/Oct/2023:20:00:08] DELETING ACCOUNTS (JobID: 84157f3e-a0fb-4d36-843e-2d72bdb7815d)
 - Deleted: 0

[16/Oct/2023:20:00:42] UPDATING PRODUCTS (JobID: c7a1161b-cafc-4778-a240-3d6c65b45ec3)
 - New and modified: 0

[16/Oct/2023:20:00:45] UPDATING PREPAGATI (JobID: 954b9c17-cb5c-4219-bb7a-16fb34e2cfe4)
 - New and modified: 0

[16/Oct/2023:20:00:45] DELETING PREPAGATI (JobID: 954b9c17-cb5c-4219-bb7a-16fb34e2cfe4)
 - Deleted: 0

[16/Oct/2023:21:30:04] UPDATING ACCOUNTS (JobID: 20c3434e-f2a3-46b0-bda1-abb15b66207f)
 - New and modified: 0

[16/Oct/2023:21:30:04] DELETING ACCOUNTS (JobID: 20c3434e-f2a3-46b0-bda1-abb15b66207f)
 - Deleted: 0

[16/Oct/2023:21:30:36] UPDATING PRODUCTS (JobID: 3de9d7b2-d0b5-4f34-977e-a4834b0a7a9b)
 - New and modified: 0

[16/Oct/2023:21:30:40] UPDATING PREPAGATI (JobID: a7a6eecd-8893-480e-921d-9f54cf1d071e)
 - New and modified: 0

[16/Oct/2023:21:30:40] DELETING PREPAGATI (JobID: a7a6eecd-8893-480e-921d-9f54cf1d071e)
 - Deleted: 0

[16/Oct/2023:22:00:09] UPDATING ACCOUNTS (JobID: 45e29f57-fbde-4841-9816-5a219e52c6f4)
 - New and modified: 0

[16/Oct/2023:22:00:09] DELETING ACCOUNTS (JobID: 45e29f57-fbde-4841-9816-5a219e52c6f4)
 - Deleted: 0

[16/Oct/2023:22:00:43] UPDATING PRODUCTS (JobID: dd2a7e5f-674f-4539-ae92-0b65f0799ffe)
 - New and modified: 0

[16/Oct/2023:22:00:46] UPDATING PREPAGATI (JobID: bfcb374f-4833-4167-8633-b457481f0071)
 - New and modified: 0

[16/Oct/2023:22:00:46] DELETING PREPAGATI (JobID: bfcb374f-4833-4167-8633-b457481f0071)
 - Deleted: 0

