[04/Jul/2023:00:00:05] UPDATING ACCOUNTS (JobID: 91ec85f0-e607-4bbe-9385-061bfa8cd78f)
 - New and modified: 0

[04/Jul/2023:00:00:05] DELETING ACCOUNTS (JobID: 91ec85f0-e607-4bbe-9385-061bfa8cd78f)
 - Deleted: 0

[04/Jul/2023:00:00:37] UPDATING PRODUCTS (JobID: 3d10133d-cf5f-4bb9-b4f4-ef58d5c1feaf)
 - New and modified: 0

[04/Jul/2023:00:00:39] UPDATING PREPAGATI (JobID: cab8c3eb-00b6-48f2-8d57-f91145bdc21c)
 - New and modified: 0

[04/Jul/2023:00:00:39] DELETING PREPAGATI (JobID: cab8c3eb-00b6-48f2-8d57-f91145bdc21c)
 - Deleted: 0

[04/Jul/2023:00:10:04] UPDATING ACCOUNTS (JobID: 5b818be4-0e60-4fb6-a400-666d66f31b29)
 - New and modified: 0

[04/Jul/2023:00:10:04] DELETING ACCOUNTS (JobID: 5b818be4-0e60-4fb6-a400-666d66f31b29)
 - Deleted: 0

[04/Jul/2023:00:10:36] UPDATING PRODUCTS (JobID: 88088b95-d016-4482-b0ff-ef1c5854bd31)
 - New and modified: 0

[04/Jul/2023:00:10:37] UPDATING PREPAGATI (JobID: b9fc73fb-a9f1-454d-b5c8-0d9a5c5e6f28)
 - New and modified: 0

[04/Jul/2023:00:10:37] DELETING PREPAGATI (JobID: b9fc73fb-a9f1-454d-b5c8-0d9a5c5e6f28)
 - Deleted: 0

[04/Jul/2023:00:20:04] UPDATING ACCOUNTS (JobID: 96efa808-43bf-4f00-addf-8528abf782e1)
 - New and modified: 0

[04/Jul/2023:00:20:04] DELETING ACCOUNTS (JobID: 96efa808-43bf-4f00-addf-8528abf782e1)
 - Deleted: 0

[04/Jul/2023:00:20:36] UPDATING PRODUCTS (JobID: 273bbf95-5646-46e0-9a09-fb5e50d0df4d)
 - New and modified: 0

[04/Jul/2023:00:20:37] UPDATING PREPAGATI (JobID: 4be7a511-5df2-4be7-b455-c3acc9a1054a)
 - New and modified: 0

[04/Jul/2023:00:20:37] DELETING PREPAGATI (JobID: 4be7a511-5df2-4be7-b455-c3acc9a1054a)
 - Deleted: 0

[04/Jul/2023:00:30:04] UPDATING ACCOUNTS (JobID: 0bd7da13-3c78-4002-bc81-2e9aa95dbe57)
 - New and modified: 0

[04/Jul/2023:00:30:04] DELETING ACCOUNTS (JobID: 0bd7da13-3c78-4002-bc81-2e9aa95dbe57)
 - Deleted: 0

[04/Jul/2023:00:30:36] UPDATING PRODUCTS (JobID: ff508067-a5d1-490f-934e-c27d2838d1a1)
 - New and modified: 0

[04/Jul/2023:00:30:37] UPDATING PREPAGATI (JobID: 9ada7063-ef9b-463c-b124-427ec46fae1e)
 - New and modified: 0

[04/Jul/2023:00:30:37] DELETING PREPAGATI (JobID: 9ada7063-ef9b-463c-b124-427ec46fae1e)
 - Deleted: 0

[04/Jul/2023:00:40:03] UPDATING ACCOUNTS (JobID: 873ca468-fa11-4a3a-8529-a585e69e1e6b)
 - New and modified: 0

[04/Jul/2023:00:40:03] DELETING ACCOUNTS (JobID: 873ca468-fa11-4a3a-8529-a585e69e1e6b)
 - Deleted: 0

[04/Jul/2023:00:40:35] UPDATING PRODUCTS (JobID: 881c186a-6d11-41f2-869f-ab1da415e2d1)
 - New and modified: 0

[04/Jul/2023:00:40:37] UPDATING PREPAGATI (JobID: fec0d244-2227-4323-859e-5bacce96ae61)
 - New and modified: 0

[04/Jul/2023:00:40:37] DELETING PREPAGATI (JobID: fec0d244-2227-4323-859e-5bacce96ae61)
 - Deleted: 0

[04/Jul/2023:00:50:04] UPDATING ACCOUNTS (JobID: ed919aff-6d1e-4b1b-b17a-eac3060081bc)
 - New and modified: 0

[04/Jul/2023:00:50:04] DELETING ACCOUNTS (JobID: ed919aff-6d1e-4b1b-b17a-eac3060081bc)
 - Deleted: 0

[04/Jul/2023:00:50:35] UPDATING PRODUCTS (JobID: 6d20e92b-c206-4b62-a9b1-83d62db251b7)
 - New and modified: 0

[04/Jul/2023:00:50:37] UPDATING PREPAGATI (JobID: 58ebd65b-2007-4e01-aace-be8882908f88)
 - New and modified: 0

[04/Jul/2023:00:50:37] DELETING PREPAGATI (JobID: 58ebd65b-2007-4e01-aace-be8882908f88)
 - Deleted: 0

[04/Jul/2023:01:00:04] UPDATING ACCOUNTS (JobID: 6b1eb8ba-31c5-456a-bc7a-15a6be854f81)
 - New and modified: 0

[04/Jul/2023:01:00:04] DELETING ACCOUNTS (JobID: 6b1eb8ba-31c5-456a-bc7a-15a6be854f81)
 - Deleted: 0

[04/Jul/2023:01:00:37] UPDATING PRODUCTS (JobID: c11d4f35-5a28-40d8-b835-be9cdec886c4)
 - New and modified: 0

[04/Jul/2023:01:00:39] UPDATING PREPAGATI (JobID: 3a93d15e-0ffb-4116-b372-043a49a20c3f)
 - New and modified: 0

[04/Jul/2023:01:00:39] DELETING PREPAGATI (JobID: 3a93d15e-0ffb-4116-b372-043a49a20c3f)
 - Deleted: 0

[04/Jul/2023:01:10:04] UPDATING ACCOUNTS (JobID: 1ffdbc73-cb5f-4b0c-9876-57a09c774ebc)
 - New and modified: 0

[04/Jul/2023:01:10:04] DELETING ACCOUNTS (JobID: 1ffdbc73-cb5f-4b0c-9876-57a09c774ebc)
 - Deleted: 0

[04/Jul/2023:01:10:40] UPDATING PRODUCTS (JobID: f447fc21-7ee6-4c21-ac29-a8643929e595)
 - New and modified: 0

[04/Jul/2023:01:10:42] UPDATING PREPAGATI (JobID: c8f98f4f-13fa-49d7-b299-48fc49ca9cab)
 - New and modified: 0

[04/Jul/2023:01:10:42] DELETING PREPAGATI (JobID: c8f98f4f-13fa-49d7-b299-48fc49ca9cab)
 - Deleted: 0

[04/Jul/2023:01:20:04] UPDATING ACCOUNTS (JobID: d1b69b22-beb8-45b7-9815-57be5817dfd4)
 - New and modified: 0

[04/Jul/2023:01:20:04] DELETING ACCOUNTS (JobID: d1b69b22-beb8-45b7-9815-57be5817dfd4)
 - Deleted: 0

[04/Jul/2023:01:20:39] UPDATING PRODUCTS (JobID: 4301b149-d584-4a5a-98df-bdbb68b7c975)
 - New and modified: 0

[04/Jul/2023:01:20:41] UPDATING PREPAGATI (JobID: 031d0e60-28df-4009-8f66-4fcb1c17c280)
 - New and modified: 0

[04/Jul/2023:01:20:41] DELETING PREPAGATI (JobID: 031d0e60-28df-4009-8f66-4fcb1c17c280)
 - Deleted: 0

[04/Jul/2023:01:30:04] UPDATING ACCOUNTS (JobID: 7151f4cb-5902-442d-9d33-57df85e27e2a)
 - New and modified: 0

[04/Jul/2023:01:30:04] DELETING ACCOUNTS (JobID: 7151f4cb-5902-442d-9d33-57df85e27e2a)
 - Deleted: 0

[04/Jul/2023:01:30:40] UPDATING PRODUCTS (JobID: cf47dad4-99cb-417c-8e96-2c408a875872)
 - New and modified: 0

[04/Jul/2023:01:30:43] UPDATING PREPAGATI (JobID: ea2dbaa4-bd6f-410b-9ee2-1554a274be42)
 - New and modified: 0

[04/Jul/2023:01:30:43] DELETING PREPAGATI (JobID: ea2dbaa4-bd6f-410b-9ee2-1554a274be42)
 - Deleted: 0

[04/Jul/2023:01:40:04] UPDATING ACCOUNTS (JobID: 7927c53e-7dd8-4882-960f-c736fa80810b)
 - New and modified: 0

[04/Jul/2023:01:40:04] DELETING ACCOUNTS (JobID: 7927c53e-7dd8-4882-960f-c736fa80810b)
 - Deleted: 0

[04/Jul/2023:01:40:37] UPDATING PRODUCTS (JobID: 45ede080-6ff1-41cc-9276-7157d6dfd2f4)
 - New and modified: 0

[04/Jul/2023:01:40:39] UPDATING PREPAGATI (JobID: 0ccef1a2-4544-435e-b133-eb796a8effed)
 - New and modified: 0

[04/Jul/2023:01:40:39] DELETING PREPAGATI (JobID: 0ccef1a2-4544-435e-b133-eb796a8effed)
 - Deleted: 0

[04/Jul/2023:01:50:04] UPDATING ACCOUNTS (JobID: 3d1d6c2a-d3ff-45d7-91db-4bcc32f2a6ac)
 - New and modified: 0

[04/Jul/2023:01:50:04] DELETING ACCOUNTS (JobID: 3d1d6c2a-d3ff-45d7-91db-4bcc32f2a6ac)
 - Deleted: 0

[04/Jul/2023:01:50:38] UPDATING PRODUCTS (JobID: 64ef3ef1-c543-4e51-b71c-66f52ebcc0cb)
 - New and modified: 0

[04/Jul/2023:01:50:40] UPDATING PREPAGATI (JobID: 2a3833e4-ce89-4f90-8610-3a3ce44a33bf)
 - New and modified: 0

[04/Jul/2023:01:50:40] DELETING PREPAGATI (JobID: 2a3833e4-ce89-4f90-8610-3a3ce44a33bf)
 - Deleted: 0

[04/Jul/2023:02:00:04] UPDATING ACCOUNTS (JobID: ec001012-2d8f-41b6-8695-3114772d46bc)
 - New and modified: 0

[04/Jul/2023:02:00:04] DELETING ACCOUNTS (JobID: ec001012-2d8f-41b6-8695-3114772d46bc)
 - Deleted: 0

[04/Jul/2023:02:00:38] UPDATING PRODUCTS (JobID: 59349530-12d8-4c63-a23d-bd0597cfa0c4)
 - New and modified: 0

[04/Jul/2023:02:00:40] UPDATING PREPAGATI (JobID: 1dd0ebeb-ff82-4d30-a15e-d29be6e88ac2)
 - New and modified: 0

[04/Jul/2023:02:00:40] DELETING PREPAGATI (JobID: 1dd0ebeb-ff82-4d30-a15e-d29be6e88ac2)
 - Deleted: 0

[04/Jul/2023:02:10:04] UPDATING ACCOUNTS (JobID: 5aab0c07-f853-4e35-9965-b77d18332cb5)
 - New and modified: 0

[04/Jul/2023:02:10:04] DELETING ACCOUNTS (JobID: 5aab0c07-f853-4e35-9965-b77d18332cb5)
 - Deleted: 0

[04/Jul/2023:02:10:41] UPDATING PRODUCTS (JobID: 11145eb2-37c7-4fe4-931d-d5b1a8055a37)
 - New and modified: 0

[04/Jul/2023:02:10:43] UPDATING PREPAGATI (JobID: bf5d0c9b-adda-4ae2-9eb6-cb1746029dc0)
 - New and modified: 0

[04/Jul/2023:02:10:43] DELETING PREPAGATI (JobID: bf5d0c9b-adda-4ae2-9eb6-cb1746029dc0)
 - Deleted: 0

[04/Jul/2023:02:20:04] UPDATING ACCOUNTS (JobID: 6dbb885d-fe3f-4d7f-8762-606b97cc16cd)
 - New and modified: 0

[04/Jul/2023:02:20:04] DELETING ACCOUNTS (JobID: 6dbb885d-fe3f-4d7f-8762-606b97cc16cd)
 - Deleted: 0

[04/Jul/2023:02:20:35] UPDATING PRODUCTS (JobID: 8af49408-4283-49dd-8af2-ef7c63c8655d)
 - New and modified: 0

[04/Jul/2023:02:20:36] UPDATING PREPAGATI (JobID: 4a26567d-7218-4675-968f-10cf51f8b35e)
 - New and modified: 0

[04/Jul/2023:02:20:36] DELETING PREPAGATI (JobID: 4a26567d-7218-4675-968f-10cf51f8b35e)
 - Deleted: 0

[04/Jul/2023:02:30:04] UPDATING ACCOUNTS (JobID: a5070e92-b50b-460d-846b-65a56e6f5261)
 - New and modified: 0

[04/Jul/2023:02:30:04] DELETING ACCOUNTS (JobID: a5070e92-b50b-460d-846b-65a56e6f5261)
 - Deleted: 0

[04/Jul/2023:02:30:38] UPDATING PRODUCTS (JobID: 452391be-94ec-4e1a-a81c-5f450d7df23a)
 - New and modified: 0

[04/Jul/2023:02:30:40] UPDATING PREPAGATI (JobID: d37ca6d9-7871-4da8-9579-03e9b341f596)
 - New and modified: 0

[04/Jul/2023:02:30:40] DELETING PREPAGATI (JobID: d37ca6d9-7871-4da8-9579-03e9b341f596)
 - Deleted: 0

[04/Jul/2023:02:40:04] UPDATING ACCOUNTS (JobID: 735b91d8-bae4-4fef-acad-35a837c895dd)
 - New and modified: 0

[04/Jul/2023:02:40:04] DELETING ACCOUNTS (JobID: 735b91d8-bae4-4fef-acad-35a837c895dd)
 - Deleted: 0

[04/Jul/2023:02:40:36] UPDATING PRODUCTS (JobID: b484d499-40c1-43c7-a385-29f2ed4698c5)
 - New and modified: 0

[04/Jul/2023:02:40:38] UPDATING PREPAGATI (JobID: 381a8845-5157-4840-8cc1-5f2070583d7d)
 - New and modified: 0

[04/Jul/2023:02:40:38] DELETING PREPAGATI (JobID: 381a8845-5157-4840-8cc1-5f2070583d7d)
 - Deleted: 0

[04/Jul/2023:02:50:05] UPDATING ACCOUNTS (JobID: ab5cb2e9-cfd6-4474-a0a8-c0858bdb0fce)
 - New and modified: 0

[04/Jul/2023:02:50:05] DELETING ACCOUNTS (JobID: ab5cb2e9-cfd6-4474-a0a8-c0858bdb0fce)
 - Deleted: 0

[04/Jul/2023:02:50:37] UPDATING PRODUCTS (JobID: c1024ba5-3c6a-48e4-b695-dfde5b027b52)
 - New and modified: 0

[04/Jul/2023:02:50:39] UPDATING PREPAGATI (JobID: c3a47a72-34a8-43c4-a705-13d2c67bb20c)
 - New and modified: 0

[04/Jul/2023:02:50:39] DELETING PREPAGATI (JobID: c3a47a72-34a8-43c4-a705-13d2c67bb20c)
 - Deleted: 0

[04/Jul/2023:03:00:04] UPDATING ACCOUNTS (JobID: 9c8b5753-33d8-4871-9cf3-3f8533772a0d)
 - New and modified: 0

[04/Jul/2023:03:00:04] DELETING ACCOUNTS (JobID: 9c8b5753-33d8-4871-9cf3-3f8533772a0d)
 - Deleted: 0

[04/Jul/2023:03:00:38] UPDATING PRODUCTS (JobID: 033d65f0-7ab4-4411-9be3-68cc67fb3bf1)
 - New and modified: 0

[04/Jul/2023:03:00:40] UPDATING PREPAGATI (JobID: 68e035dd-7275-46e5-b41c-90ba290d5960)
 - New and modified: 0

[04/Jul/2023:03:00:40] DELETING PREPAGATI (JobID: 68e035dd-7275-46e5-b41c-90ba290d5960)
 - Deleted: 0

[04/Jul/2023:03:10:04] UPDATING ACCOUNTS (JobID: 357c277e-38c9-4087-97c5-0d2e14b6af56)
 - New and modified: 0

[04/Jul/2023:03:10:04] DELETING ACCOUNTS (JobID: 357c277e-38c9-4087-97c5-0d2e14b6af56)
 - Deleted: 0

[04/Jul/2023:03:10:37] UPDATING PRODUCTS (JobID: 0c0568a3-ed12-4f74-9011-29396659be9b)
 - New and modified: 0

[04/Jul/2023:03:10:39] UPDATING PREPAGATI (JobID: 0199421b-a9fd-4b45-8de6-42a192fe48f6)
 - New and modified: 0

[04/Jul/2023:03:10:39] DELETING PREPAGATI (JobID: 0199421b-a9fd-4b45-8de6-42a192fe48f6)
 - Deleted: 0

[04/Jul/2023:03:20:04] UPDATING ACCOUNTS (JobID: c09ad06f-8dd2-4e3e-93da-0208c1b3a641)
 - New and modified: 0

[04/Jul/2023:03:20:04] DELETING ACCOUNTS (JobID: c09ad06f-8dd2-4e3e-93da-0208c1b3a641)
 - Deleted: 0

[04/Jul/2023:03:20:39] UPDATING PRODUCTS (JobID: 5639949b-377c-4c3d-af4c-6c97e5d53b24)
 - New and modified: 0

[04/Jul/2023:03:20:41] UPDATING PREPAGATI (JobID: 4bccb01e-f814-417c-afa1-940b5d6024d7)
 - New and modified: 0

[04/Jul/2023:03:20:41] DELETING PREPAGATI (JobID: 4bccb01e-f814-417c-afa1-940b5d6024d7)
 - Deleted: 0

[04/Jul/2023:03:30:05] UPDATING ACCOUNTS (JobID: be9d40de-0f28-4868-8b96-d738ef10dc43)
 - New and modified: 0

[04/Jul/2023:03:30:05] DELETING ACCOUNTS (JobID: be9d40de-0f28-4868-8b96-d738ef10dc43)
 - Deleted: 0

[04/Jul/2023:03:30:41] UPDATING PRODUCTS (JobID: d74dc767-669e-4a18-a326-8bf435f9b004)
 - New and modified: 0

[04/Jul/2023:03:30:43] UPDATING PREPAGATI (JobID: 35c7785a-8bb6-47a4-a2e0-acf780ac6185)
 - New and modified: 0

[04/Jul/2023:03:30:43] DELETING PREPAGATI (JobID: 35c7785a-8bb6-47a4-a2e0-acf780ac6185)
 - Deleted: 0

[04/Jul/2023:03:40:04] UPDATING ACCOUNTS (JobID: fc0fed67-ecd1-4b8c-9b28-2e43a03a8d7e)
 - New and modified: 0

[04/Jul/2023:03:40:04] DELETING ACCOUNTS (JobID: fc0fed67-ecd1-4b8c-9b28-2e43a03a8d7e)
 - Deleted: 0

[04/Jul/2023:03:40:39] UPDATING PRODUCTS (JobID: c674708f-121b-44e4-bff7-e793afe3acbd)
 - New and modified: 0

[04/Jul/2023:03:40:41] UPDATING PREPAGATI (JobID: a94eb9c3-b377-4de7-bdcd-0b32ed6d401c)
 - New and modified: 0

[04/Jul/2023:03:40:41] DELETING PREPAGATI (JobID: a94eb9c3-b377-4de7-bdcd-0b32ed6d401c)
 - Deleted: 0

[04/Jul/2023:03:50:04] UPDATING ACCOUNTS (JobID: fdd63e23-20c3-43c6-873e-6570d435b617)
 - New and modified: 0

[04/Jul/2023:03:50:04] DELETING ACCOUNTS (JobID: fdd63e23-20c3-43c6-873e-6570d435b617)
 - Deleted: 0

[04/Jul/2023:03:50:41] UPDATING PRODUCTS (JobID: fd82156a-ed59-4bc8-b23c-4364b5f26cc6)
 - New and modified: 0

[04/Jul/2023:03:50:43] UPDATING PREPAGATI (JobID: 42f010a9-3ad4-48a3-a2a3-f83607c3baa9)
 - New and modified: 0

[04/Jul/2023:03:50:43] DELETING PREPAGATI (JobID: 42f010a9-3ad4-48a3-a2a3-f83607c3baa9)
 - Deleted: 0

[04/Jul/2023:04:10:05] UPDATING ACCOUNTS (JobID: d6dddde8-19fc-45f3-b0aa-6cfba4a43f64)
 - New and modified: 0

[04/Jul/2023:04:10:05] DELETING ACCOUNTS (JobID: d6dddde8-19fc-45f3-b0aa-6cfba4a43f64)
 - Deleted: 0

[04/Jul/2023:04:10:47] UPDATING PRODUCTS (JobID: 9a35a447-1568-496b-8414-1ef3861561a9)
 - New and modified: 0

[04/Jul/2023:04:10:49] UPDATING PREPAGATI (JobID: b5c451d3-9d58-44a9-9f4a-27f7d4c8e8a8)
 - New and modified: 0

[04/Jul/2023:04:10:49] DELETING PREPAGATI (JobID: b5c451d3-9d58-44a9-9f4a-27f7d4c8e8a8)
 - Deleted: 0

[04/Jul/2023:04:30:04] UPDATING ACCOUNTS (JobID: 03f80698-5f43-4265-a6d4-1c02b3e67ccf)
 - New and modified: 0

[04/Jul/2023:04:30:04] DELETING ACCOUNTS (JobID: 03f80698-5f43-4265-a6d4-1c02b3e67ccf)
 - Deleted: 0

[04/Jul/2023:04:30:39] UPDATING PRODUCTS (JobID: 3d1061c0-8a99-463f-9cef-10737c642287)
 - New and modified: 0

[04/Jul/2023:04:30:41] UPDATING PREPAGATI (JobID: 5484563f-bdc5-4b37-9747-3e6b3d3c8719)
 - New and modified: 0

[04/Jul/2023:04:30:41] DELETING PREPAGATI (JobID: 5484563f-bdc5-4b37-9747-3e6b3d3c8719)
 - Deleted: 0

[04/Jul/2023:04:40:04] UPDATING ACCOUNTS (JobID: 6601667a-7d7e-4d76-8f1d-294b5e3d5a94)
 - New and modified: 0

[04/Jul/2023:04:40:04] DELETING ACCOUNTS (JobID: 6601667a-7d7e-4d76-8f1d-294b5e3d5a94)
 - Deleted: 0

[04/Jul/2023:04:40:38] UPDATING PRODUCTS (JobID: 7c28b635-ac6f-4b1a-a5fc-d8f0e4000f99)
 - New and modified: 0

[04/Jul/2023:04:40:40] UPDATING PREPAGATI (JobID: 4aceaf4d-f2c3-4e50-bd31-1fc72c7b9211)
 - New and modified: 0

[04/Jul/2023:04:40:40] DELETING PREPAGATI (JobID: 4aceaf4d-f2c3-4e50-bd31-1fc72c7b9211)
 - Deleted: 0

[04/Jul/2023:04:50:04] UPDATING ACCOUNTS (JobID: e42a45d5-d276-404f-b53c-7ffea6172420)
 - New and modified: 0

[04/Jul/2023:04:50:04] DELETING ACCOUNTS (JobID: e42a45d5-d276-404f-b53c-7ffea6172420)
 - Deleted: 0

[04/Jul/2023:04:50:38] UPDATING PRODUCTS (JobID: ee817947-2af2-4aaa-b857-1f0d0cc24758)
 - New and modified: 0

[04/Jul/2023:04:50:39] UPDATING PREPAGATI (JobID: 83f77bb3-646a-4905-a24c-60bdd766c1f2)
 - New and modified: 0

[04/Jul/2023:04:50:39] DELETING PREPAGATI (JobID: 83f77bb3-646a-4905-a24c-60bdd766c1f2)
 - Deleted: 0

[04/Jul/2023:05:00:05] UPDATING ACCOUNTS (JobID: 40a021c0-8e8c-4c8a-9d7f-91f2b2bdfbfd)
 - New and modified: 0

[04/Jul/2023:05:00:05] DELETING ACCOUNTS (JobID: 40a021c0-8e8c-4c8a-9d7f-91f2b2bdfbfd)
 - Deleted: 0

[04/Jul/2023:05:00:37] UPDATING PRODUCTS (JobID: deedcbe5-8609-4547-bcc4-b35fefe53de7)
 - New and modified: 0

[04/Jul/2023:05:00:38] UPDATING PREPAGATI (JobID: a1bfdd00-b53e-402e-8b68-e04e10153f77)
 - New and modified: 0

[04/Jul/2023:05:00:38] DELETING PREPAGATI (JobID: a1bfdd00-b53e-402e-8b68-e04e10153f77)
 - Deleted: 0

[04/Jul/2023:05:10:04] UPDATING ACCOUNTS (JobID: 46d4187f-0e65-4d95-aa2d-2b36b96a479a)
 - New and modified: 0

[04/Jul/2023:05:10:04] DELETING ACCOUNTS (JobID: 46d4187f-0e65-4d95-aa2d-2b36b96a479a)
 - Deleted: 0

[04/Jul/2023:05:10:36] UPDATING PRODUCTS (JobID: e07c3146-8078-41e6-bf2c-73cac92d2142)
 - New and modified: 0

[04/Jul/2023:05:10:38] UPDATING PREPAGATI (JobID: f6f4a0b5-6e9a-4d30-882e-abe4ae01092c)
 - New and modified: 0

[04/Jul/2023:05:10:38] DELETING PREPAGATI (JobID: f6f4a0b5-6e9a-4d30-882e-abe4ae01092c)
 - Deleted: 0

[04/Jul/2023:05:20:04] UPDATING ACCOUNTS (JobID: 93142e5c-f5ae-4806-9b8e-a95efc35362b)
 - New and modified: 0

[04/Jul/2023:05:20:04] DELETING ACCOUNTS (JobID: 93142e5c-f5ae-4806-9b8e-a95efc35362b)
 - Deleted: 0

[04/Jul/2023:05:20:37] UPDATING PRODUCTS (JobID: 79663b34-3e7d-40c3-97f8-308235a5a034)
 - New and modified: 0

[04/Jul/2023:05:20:39] UPDATING PREPAGATI (JobID: 8cbb7476-bf95-4792-872b-a1c064d792da)
 - New and modified: 0

[04/Jul/2023:05:20:39] DELETING PREPAGATI (JobID: 8cbb7476-bf95-4792-872b-a1c064d792da)
 - Deleted: 0

[04/Jul/2023:05:30:05] UPDATING ACCOUNTS (JobID: 38937c78-e9f5-486c-9781-85a52b3d4b7f)
 - New and modified: 0

[04/Jul/2023:05:30:05] DELETING ACCOUNTS (JobID: 38937c78-e9f5-486c-9781-85a52b3d4b7f)
 - Deleted: 0

[04/Jul/2023:05:30:37] UPDATING PRODUCTS (JobID: 1589a629-f24c-4326-86e8-c9044679a3e7)
 - New and modified: 0

[04/Jul/2023:05:30:39] UPDATING PREPAGATI (JobID: 680164e9-67c5-4ccc-b82e-03cec933e845)
 - New and modified: 0

[04/Jul/2023:05:30:39] DELETING PREPAGATI (JobID: 680164e9-67c5-4ccc-b82e-03cec933e845)
 - Deleted: 0

[04/Jul/2023:05:40:04] UPDATING ACCOUNTS (JobID: dff72e89-19ff-45ad-ad80-b530a330d3bf)
 - New and modified: 0

[04/Jul/2023:05:40:04] DELETING ACCOUNTS (JobID: dff72e89-19ff-45ad-ad80-b530a330d3bf)
 - Deleted: 0

[04/Jul/2023:05:40:39] UPDATING PRODUCTS (JobID: 4529dc1d-8d8d-436b-84b6-99b5cb47f9c8)
 - New and modified: 0

[04/Jul/2023:05:40:41] UPDATING PREPAGATI (JobID: 242d1444-0472-47c8-9bf2-1fb986bb35b0)
 - New and modified: 0

[04/Jul/2023:05:40:41] DELETING PREPAGATI (JobID: 242d1444-0472-47c8-9bf2-1fb986bb35b0)
 - Deleted: 0

[04/Jul/2023:05:50:04] UPDATING ACCOUNTS (JobID: 7b9c6b52-bacc-4b0f-8f32-0b01e0eddddc)
 - New and modified: 0

[04/Jul/2023:05:50:04] DELETING ACCOUNTS (JobID: 7b9c6b52-bacc-4b0f-8f32-0b01e0eddddc)
 - Deleted: 0

[04/Jul/2023:05:50:36] UPDATING PRODUCTS (JobID: 920a561c-3e50-4145-825d-89cd0ceed4cd)
 - New and modified: 0

[04/Jul/2023:05:50:37] UPDATING PREPAGATI (JobID: 400edb34-b04e-4f8c-92f5-33b5b27a81b4)
 - New and modified: 0

[04/Jul/2023:05:50:37] DELETING PREPAGATI (JobID: 400edb34-b04e-4f8c-92f5-33b5b27a81b4)
 - Deleted: 0

[04/Jul/2023:06:00:05] UPDATING ACCOUNTS (JobID: a258b92f-0e1d-45b8-b840-a800aca83fa0)
 - New and modified: 0

[04/Jul/2023:06:00:05] DELETING ACCOUNTS (JobID: a258b92f-0e1d-45b8-b840-a800aca83fa0)
 - Deleted: 0

[04/Jul/2023:06:00:38] UPDATING PRODUCTS (JobID: 716b5c03-c03a-4089-a3bf-e160e382e495)
 - New and modified: 0

[04/Jul/2023:06:00:40] UPDATING PREPAGATI (JobID: 11419e4f-6242-4a7f-a05d-7844873ac79e)
 - New and modified: 0

[04/Jul/2023:06:00:40] DELETING PREPAGATI (JobID: 11419e4f-6242-4a7f-a05d-7844873ac79e)
 - Deleted: 0

[04/Jul/2023:06:10:05] UPDATING ACCOUNTS (JobID: 5e7d0ff2-2fda-48bf-9f8a-cd9081ce60b2)
 - New and modified: 0

[04/Jul/2023:06:10:05] DELETING ACCOUNTS (JobID: 5e7d0ff2-2fda-48bf-9f8a-cd9081ce60b2)
 - Deleted: 0

[04/Jul/2023:06:10:42] UPDATING PRODUCTS (JobID: 2a452fac-16ff-4b1e-b1ae-70b089105506)
 - New and modified: 0

[04/Jul/2023:06:10:44] UPDATING PREPAGATI (JobID: f6772d9e-85c0-4d50-a71a-caa0c4138197)
 - New and modified: 0

[04/Jul/2023:06:10:44] DELETING PREPAGATI (JobID: f6772d9e-85c0-4d50-a71a-caa0c4138197)
 - Deleted: 0

[04/Jul/2023:06:20:04] UPDATING ACCOUNTS (JobID: 69c228e8-f3ae-409a-a80b-4630c27cb0fa)
 - New and modified: 0

[04/Jul/2023:06:20:04] DELETING ACCOUNTS (JobID: 69c228e8-f3ae-409a-a80b-4630c27cb0fa)
 - Deleted: 0

[04/Jul/2023:06:20:37] UPDATING PRODUCTS (JobID: 3e750a10-3de1-49cb-9b66-2380321ce863)
 - New and modified: 0

[04/Jul/2023:06:20:40] UPDATING PREPAGATI (JobID: 90766a9d-ad22-4436-8009-cd246a80ae6c)
 - New and modified: 0

[04/Jul/2023:06:20:40] DELETING PREPAGATI (JobID: 90766a9d-ad22-4436-8009-cd246a80ae6c)
 - Deleted: 0

[04/Jul/2023:06:30:04] UPDATING ACCOUNTS (JobID: 12a9da14-1431-4b22-9bab-48c70977fe5f)
 - New and modified: 0

[04/Jul/2023:06:30:04] DELETING ACCOUNTS (JobID: 12a9da14-1431-4b22-9bab-48c70977fe5f)
 - Deleted: 0

[04/Jul/2023:06:30:35] UPDATING PRODUCTS (JobID: ff2adf2f-d77f-4328-a183-5e1a88b7b4ae)
 - New and modified: 0

[04/Jul/2023:06:30:36] UPDATING PREPAGATI (JobID: ac2057fd-60fd-455d-b6df-fd62d132510b)
 - New and modified: 0

[04/Jul/2023:06:30:36] DELETING PREPAGATI (JobID: ac2057fd-60fd-455d-b6df-fd62d132510b)
 - Deleted: 0

[04/Jul/2023:06:40:04] UPDATING ACCOUNTS (JobID: 2dbe8f4a-e0b2-425d-a4ae-d158a6a5062e)
 - New and modified: 0

[04/Jul/2023:06:40:04] DELETING ACCOUNTS (JobID: 2dbe8f4a-e0b2-425d-a4ae-d158a6a5062e)
 - Deleted: 0

[04/Jul/2023:06:40:36] UPDATING PRODUCTS (JobID: 47fcf6eb-feaf-4980-b7f9-69b04cbf3443)
 - New and modified: 0

[04/Jul/2023:06:40:38] UPDATING PREPAGATI (JobID: c0b85e8a-133a-44f6-bf6c-a557d897e103)
 - New and modified: 0

[04/Jul/2023:06:40:38] DELETING PREPAGATI (JobID: c0b85e8a-133a-44f6-bf6c-a557d897e103)
 - Deleted: 0

[04/Jul/2023:06:50:04] UPDATING ACCOUNTS (JobID: 784602b2-2ab7-40f9-a275-bf858d508ebb)
 - New and modified: 0

[04/Jul/2023:06:50:04] DELETING ACCOUNTS (JobID: 784602b2-2ab7-40f9-a275-bf858d508ebb)
 - Deleted: 0

[04/Jul/2023:06:50:36] UPDATING PRODUCTS (JobID: 70b17759-204b-4a98-b77a-262b509d345f)
 - New and modified: 0

[04/Jul/2023:06:50:38] UPDATING PREPAGATI (JobID: 0a500cb4-16b8-416a-b4ce-26a8cd02be57)
 - New and modified: 0

[04/Jul/2023:06:50:38] DELETING PREPAGATI (JobID: 0a500cb4-16b8-416a-b4ce-26a8cd02be57)
 - Deleted: 0

[04/Jul/2023:07:00:15] UPDATING ACCOUNTS (JobID: 54f56539-d6c1-48ab-b961-44dffd536d8c)
 - New and modified: 0

[04/Jul/2023:07:00:15] DELETING ACCOUNTS (JobID: 54f56539-d6c1-48ab-b961-44dffd536d8c)
 - Deleted: 0

[04/Jul/2023:07:00:49] UPDATING PRODUCTS (JobID: eccb52c5-8f81-4c30-b137-c25b07dcf111)
 - New and modified: 0

[04/Jul/2023:07:00:51] UPDATING PREPAGATI (JobID: 3c34e0c0-d35f-47b7-b8f6-aae327c9a005)
 - New and modified: 0

[04/Jul/2023:07:00:51] DELETING PREPAGATI (JobID: 3c34e0c0-d35f-47b7-b8f6-aae327c9a005)
 - Deleted: 0

[04/Jul/2023:07:10:05] UPDATING ACCOUNTS (JobID: 4bd4628e-adfe-46f3-8179-0f7a95200bf1)
 - New and modified: 0

[04/Jul/2023:07:10:05] DELETING ACCOUNTS (JobID: 4bd4628e-adfe-46f3-8179-0f7a95200bf1)
 - Deleted: 0

[04/Jul/2023:07:10:41] UPDATING PRODUCTS (JobID: 20205f48-e5a3-4f79-bb37-2e488b5a5988)
 - New and modified: 0

[04/Jul/2023:07:10:43] UPDATING PREPAGATI (JobID: 59d5e442-ac42-4b99-9a00-9f2c450d2af5)
 - New and modified: 0

[04/Jul/2023:07:10:43] DELETING PREPAGATI (JobID: 59d5e442-ac42-4b99-9a00-9f2c450d2af5)
 - Deleted: 0

[04/Jul/2023:07:20:04] UPDATING ACCOUNTS (JobID: 99d53e54-4fee-4939-82be-6c5436a098fa)
 - New and modified: 0

[04/Jul/2023:07:20:04] DELETING ACCOUNTS (JobID: 99d53e54-4fee-4939-82be-6c5436a098fa)
 - Deleted: 0

[04/Jul/2023:07:20:38] UPDATING PRODUCTS (JobID: 74e01268-3656-4da7-a3ba-eecf8c224e2b)
 - New and modified: 0

[04/Jul/2023:07:20:40] UPDATING PREPAGATI (JobID: eb6f4229-b687-4979-9e51-4b185a7a593a)
 - New and modified: 0

[04/Jul/2023:07:20:40] DELETING PREPAGATI (JobID: eb6f4229-b687-4979-9e51-4b185a7a593a)
 - Deleted: 0

[04/Jul/2023:07:30:04] UPDATING ACCOUNTS (JobID: 90c8bbb0-76d1-4951-aea9-d4f7ce2c960d)
 - New and modified: 0

[04/Jul/2023:07:30:04] DELETING ACCOUNTS (JobID: 90c8bbb0-76d1-4951-aea9-d4f7ce2c960d)
 - Deleted: 0

[04/Jul/2023:07:30:38] UPDATING PRODUCTS (JobID: a2065cb2-645f-4a79-8cba-926c424830c5)
 - New and modified: 0

[04/Jul/2023:07:30:40] UPDATING PREPAGATI (JobID: 4195f7d9-56ba-4a3b-9053-42280a3627c6)
 - New and modified: 0

[04/Jul/2023:07:30:40] DELETING PREPAGATI (JobID: 4195f7d9-56ba-4a3b-9053-42280a3627c6)
 - Deleted: 0

[04/Jul/2023:07:40:05] UPDATING ACCOUNTS (JobID: fa1563c2-668a-4c3f-b6bf-d9bc183d8e75)
 - New and modified: 0

[04/Jul/2023:07:40:05] DELETING ACCOUNTS (JobID: fa1563c2-668a-4c3f-b6bf-d9bc183d8e75)
 - Deleted: 0

[04/Jul/2023:07:40:40] UPDATING PRODUCTS (JobID: 5886a677-d8e9-4e13-81f1-f7938dffb2ce)
 - New and modified: 0

[04/Jul/2023:07:40:42] UPDATING PREPAGATI (JobID: ecaef1f2-7780-4b41-bc58-d255bf127c80)
 - New and modified: 0

[04/Jul/2023:07:40:42] DELETING PREPAGATI (JobID: ecaef1f2-7780-4b41-bc58-d255bf127c80)
 - Deleted: 0

[04/Jul/2023:07:50:04] UPDATING ACCOUNTS (JobID: e18b7975-c4c6-4901-a1f7-586e267ad4ca)
 - New and modified: 0

[04/Jul/2023:07:50:04] DELETING ACCOUNTS (JobID: e18b7975-c4c6-4901-a1f7-586e267ad4ca)
 - Deleted: 0

[04/Jul/2023:07:50:38] UPDATING PRODUCTS (JobID: c920571e-252e-446f-8be3-c8aacc7ad8f2)
 - New and modified: 0

[04/Jul/2023:07:50:40] UPDATING PREPAGATI (JobID: dfbe5694-9f50-49d0-90c1-524298c3604c)
 - New and modified: 0

[04/Jul/2023:07:50:40] DELETING PREPAGATI (JobID: dfbe5694-9f50-49d0-90c1-524298c3604c)
 - Deleted: 0

[04/Jul/2023:08:00:03] UPDATING ACCOUNTS (JobID: 62e0ef8f-0f1e-4db8-adb8-f8d2483727ee)
 - New and modified: 0

[04/Jul/2023:08:00:03] DELETING ACCOUNTS (JobID: 62e0ef8f-0f1e-4db8-adb8-f8d2483727ee)
 - Deleted: 0

[04/Jul/2023:08:00:40] UPDATING PRODUCTS (JobID: d9daf5ea-b09e-456d-b418-51a56ca2cd42)
 - New and modified: 0

[04/Jul/2023:08:00:43] UPDATING PREPAGATI (JobID: e1f71d5e-6dfa-4d43-8462-a0a81f557e46)
 - New and modified: 0

[04/Jul/2023:08:00:43] DELETING PREPAGATI (JobID: e1f71d5e-6dfa-4d43-8462-a0a81f557e46)
 - Deleted: 0

[04/Jul/2023:08:10:04] UPDATING ACCOUNTS (JobID: d7d97699-4af7-4084-a80d-b063d761ad1f)
 - New and modified: 0

[04/Jul/2023:08:10:04] DELETING ACCOUNTS (JobID: d7d97699-4af7-4084-a80d-b063d761ad1f)
 - Deleted: 0

[04/Jul/2023:08:10:39] UPDATING PRODUCTS (JobID: 0d033fe4-8425-41f8-be79-57a2d023d388)
 - New and modified: 0

[04/Jul/2023:08:10:41] UPDATING PREPAGATI (JobID: 6e2d8dd4-1aee-4d93-ae4a-135a7b5e9544)
 - New and modified: 0

[04/Jul/2023:08:10:41] DELETING PREPAGATI (JobID: 6e2d8dd4-1aee-4d93-ae4a-135a7b5e9544)
 - Deleted: 0

[04/Jul/2023:08:20:04] UPDATING ACCOUNTS (JobID: 7ecec2b8-da97-4835-8427-b0b1bbeb1e55)
 - New and modified: 0

[04/Jul/2023:08:20:04] DELETING ACCOUNTS (JobID: 7ecec2b8-da97-4835-8427-b0b1bbeb1e55)
 - Deleted: 0

[04/Jul/2023:08:20:39] UPDATING PRODUCTS (JobID: 468ad8f0-c125-44ff-948f-4bcc11102a45)
 - New and modified: 0

[04/Jul/2023:08:20:41] UPDATING PREPAGATI (JobID: 78b239d9-942d-42ce-bc45-053d4f89de33)
 - New and modified: 2
   0000011466
   0000011468

[04/Jul/2023:08:20:41] DELETING PREPAGATI (JobID: 78b239d9-942d-42ce-bc45-053d4f89de33)
 - Deleted: 0

[04/Jul/2023:08:30:04] UPDATING ACCOUNTS (JobID: 803d5b59-94cd-4b5b-b16a-e2703d79bafe)
 - New and modified: 0

[04/Jul/2023:08:30:04] DELETING ACCOUNTS (JobID: 803d5b59-94cd-4b5b-b16a-e2703d79bafe)
 - Deleted: 0

[04/Jul/2023:08:30:36] UPDATING PRODUCTS (JobID: 2101e1f2-c2ec-422f-bde5-bdafc17175c0)
 - New and modified: 0

[04/Jul/2023:08:30:38] UPDATING PREPAGATI (JobID: 627136a3-91a9-47ea-b813-f52660f814f7)
 - New and modified: 0

[04/Jul/2023:08:30:38] DELETING PREPAGATI (JobID: 627136a3-91a9-47ea-b813-f52660f814f7)
 - Deleted: 0

[04/Jul/2023:08:40:04] UPDATING ACCOUNTS (JobID: 7707354b-8175-4dc3-90ec-bf942d1661d5)
 - New and modified: 0

[04/Jul/2023:08:40:04] DELETING ACCOUNTS (JobID: 7707354b-8175-4dc3-90ec-bf942d1661d5)
 - Deleted: 0

[04/Jul/2023:08:40:36] UPDATING PRODUCTS (JobID: 3851b6d9-8e31-4204-9030-0697aa0a45de)
 - New and modified: 0

[04/Jul/2023:08:40:38] UPDATING PREPAGATI (JobID: d26e4746-e4d6-47d6-a4d7-af0c7579d5d5)
 - New and modified: 0

[04/Jul/2023:08:40:38] DELETING PREPAGATI (JobID: d26e4746-e4d6-47d6-a4d7-af0c7579d5d5)
 - Deleted: 0

[04/Jul/2023:08:50:03] UPDATING ACCOUNTS (JobID: e200542d-af9a-4668-9c7f-6e0237614f22)
 - New and modified: 0

[04/Jul/2023:08:50:03] DELETING ACCOUNTS (JobID: e200542d-af9a-4668-9c7f-6e0237614f22)
 - Deleted: 0

[04/Jul/2023:08:50:35] UPDATING PRODUCTS (JobID: 90f2adb2-41f5-45f8-b5cc-2d397b86c86e)
 - New and modified: 0

[04/Jul/2023:08:50:37] UPDATING PREPAGATI (JobID: 74c2343f-290d-4c7b-8090-1a7cfb2eea7b)
 - New and modified: 1
   0000008840

[04/Jul/2023:08:50:37] DELETING PREPAGATI (JobID: 74c2343f-290d-4c7b-8090-1a7cfb2eea7b)
 - Deleted: 0

[04/Jul/2023:09:00:04] UPDATING ACCOUNTS (JobID: 04ff67cb-6613-4092-889b-0c25a6959c83)
 - New and modified: 0

[04/Jul/2023:09:00:04] DELETING ACCOUNTS (JobID: 04ff67cb-6613-4092-889b-0c25a6959c83)
 - Deleted: 0

[04/Jul/2023:09:00:38] UPDATING PRODUCTS (JobID: 868dc437-8e7a-4ac6-8c43-83179bdfcac2)
 - New and modified: 0

[04/Jul/2023:09:00:40] UPDATING PREPAGATI (JobID: cd1a0df3-020e-4e09-ac6a-6cd3f1fef7b1)
 - New and modified: 1
   0000008840

[04/Jul/2023:09:00:40] DELETING PREPAGATI (JobID: cd1a0df3-020e-4e09-ac6a-6cd3f1fef7b1)
 - Deleted: 0

[04/Jul/2023:09:10:04] UPDATING ACCOUNTS (JobID: 51c0c5af-c894-42d6-aaa1-9d888ef98191)
 - New and modified: 0

[04/Jul/2023:09:10:04] DELETING ACCOUNTS (JobID: 51c0c5af-c894-42d6-aaa1-9d888ef98191)
 - Deleted: 0

[04/Jul/2023:09:10:37] UPDATING PRODUCTS (JobID: 3ea1dc30-33a4-4b88-b9ff-1a2f458f0871)
 - New and modified: 0

[04/Jul/2023:09:10:39] UPDATING PREPAGATI (JobID: 47ce794d-11d0-4643-9044-8461d5ed21c4)
 - New and modified: 0

[04/Jul/2023:09:10:39] DELETING PREPAGATI (JobID: 47ce794d-11d0-4643-9044-8461d5ed21c4)
 - Deleted: 0

[04/Jul/2023:09:20:04] UPDATING ACCOUNTS (JobID: 9a333584-7592-4ee3-9d58-df45cae7ee3f)
 - New and modified: 0

[04/Jul/2023:09:20:04] DELETING ACCOUNTS (JobID: 9a333584-7592-4ee3-9d58-df45cae7ee3f)
 - Deleted: 0

[04/Jul/2023:09:20:36] UPDATING PRODUCTS (JobID: 13b70f92-0c13-4ba9-bcfa-4a0b04fcb10d)
 - New and modified: 0

[04/Jul/2023:09:20:37] UPDATING PREPAGATI (JobID: 14c3346b-8956-4f05-a289-daa8bbc4f61a)
 - New and modified: 0

[04/Jul/2023:09:20:37] DELETING PREPAGATI (JobID: 14c3346b-8956-4f05-a289-daa8bbc4f61a)
 - Deleted: 0

[04/Jul/2023:09:30:03] UPDATING ACCOUNTS (JobID: 454f8958-05d2-4b65-8789-c071c2e2a6f5)
 - New and modified: 0

[04/Jul/2023:09:30:03] DELETING ACCOUNTS (JobID: 454f8958-05d2-4b65-8789-c071c2e2a6f5)
 - Deleted: 0

[04/Jul/2023:09:30:35] UPDATING PRODUCTS (JobID: 4b37c436-75c6-4692-9e13-e6bf1fb5fe9d)
 - New and modified: 0

[04/Jul/2023:09:30:37] UPDATING PREPAGATI (JobID: 953edf43-eeb2-4d81-8cb0-51882b8fab3f)
 - New and modified: 0

[04/Jul/2023:09:30:37] DELETING PREPAGATI (JobID: 953edf43-eeb2-4d81-8cb0-51882b8fab3f)
 - Deleted: 0

[04/Jul/2023:09:40:04] UPDATING ACCOUNTS (JobID: 5424aa35-d79d-497f-b050-c14d22a2b5be)
 - New and modified: 0

[04/Jul/2023:09:40:04] DELETING ACCOUNTS (JobID: 5424aa35-d79d-497f-b050-c14d22a2b5be)
 - Deleted: 0

[04/Jul/2023:09:40:36] UPDATING PRODUCTS (JobID: 572e8d15-a9e9-4b2c-8e2c-ecc321ce5874)
 - New and modified: 0

[04/Jul/2023:09:40:38] UPDATING PREPAGATI (JobID: 59d77afd-14db-4e0e-b7bd-94d7b225ca62)
 - New and modified: 0

[04/Jul/2023:09:40:38] DELETING PREPAGATI (JobID: 59d77afd-14db-4e0e-b7bd-94d7b225ca62)
 - Deleted: 0

[04/Jul/2023:09:50:04] UPDATING ACCOUNTS (JobID: d04d85e7-5e53-4050-9066-40742b875e52)
 - New and modified: 0

[04/Jul/2023:09:50:04] DELETING ACCOUNTS (JobID: d04d85e7-5e53-4050-9066-40742b875e52)
 - Deleted: 0

[04/Jul/2023:09:50:34] UPDATING PRODUCTS (JobID: e0951cf5-1ef4-4469-ae72-039415cba532)
 - New and modified: 0

[04/Jul/2023:09:50:36] UPDATING PREPAGATI (JobID: cd771ac5-27c3-48f7-85d1-fde2b510ea56)
 - New and modified: 0

[04/Jul/2023:09:50:36] DELETING PREPAGATI (JobID: cd771ac5-27c3-48f7-85d1-fde2b510ea56)
 - Deleted: 0

[04/Jul/2023:10:00:05] UPDATING ACCOUNTS (JobID: 7d88cec4-de60-4f3d-951d-35be55d50f62)
 - New and modified: 0

[04/Jul/2023:10:00:05] DELETING ACCOUNTS (JobID: 7d88cec4-de60-4f3d-951d-35be55d50f62)
 - Deleted: 0

[04/Jul/2023:10:00:37] UPDATING PRODUCTS (JobID: 6f19593a-9411-41f0-8ed7-f9d92e2e9b4e)
 - New and modified: 0

[04/Jul/2023:10:00:40] UPDATING PREPAGATI (JobID: 2a1d97ad-c3ff-4182-a717-a8e54dc9a4c3)
 - New and modified: 0

[04/Jul/2023:10:00:40] DELETING PREPAGATI (JobID: 2a1d97ad-c3ff-4182-a717-a8e54dc9a4c3)
 - Deleted: 0

[04/Jul/2023:10:10:04] UPDATING ACCOUNTS (JobID: 7791c41d-7a1a-4562-8016-14a14278f429)
 - New and modified: 0

[04/Jul/2023:10:10:04] DELETING ACCOUNTS (JobID: 7791c41d-7a1a-4562-8016-14a14278f429)
 - Deleted: 0

[04/Jul/2023:10:10:36] UPDATING PRODUCTS (JobID: 90ba6aea-4eb9-4c87-ba0e-88b869270b15)
 - New and modified: 0

[04/Jul/2023:10:10:38] UPDATING PREPAGATI (JobID: eda79f28-0579-4e2e-bfcb-708c5c942a56)
 - New and modified: 0

[04/Jul/2023:10:10:38] DELETING PREPAGATI (JobID: eda79f28-0579-4e2e-bfcb-708c5c942a56)
 - Deleted: 0

[04/Jul/2023:10:20:04] UPDATING ACCOUNTS (JobID: ee7b7201-42d4-42ab-b2cf-49bce0b56276)
 - New and modified: 0

[04/Jul/2023:10:20:04] DELETING ACCOUNTS (JobID: ee7b7201-42d4-42ab-b2cf-49bce0b56276)
 - Deleted: 0

[04/Jul/2023:10:20:36] UPDATING PRODUCTS (JobID: 70433e88-4947-49c7-a4a6-50af88bcb407)
 - New and modified: 0

[04/Jul/2023:10:20:38] UPDATING PREPAGATI (JobID: ea1c3598-7fd3-4220-a645-1f60d8fe283a)
 - New and modified: 0

[04/Jul/2023:10:20:38] DELETING PREPAGATI (JobID: ea1c3598-7fd3-4220-a645-1f60d8fe283a)
 - Deleted: 0

[04/Jul/2023:10:30:04] UPDATING ACCOUNTS (JobID: 4b280d2c-cd9c-4157-994a-5ac9f6d6a344)
 - New and modified: 0

[04/Jul/2023:10:30:04] DELETING ACCOUNTS (JobID: 4b280d2c-cd9c-4157-994a-5ac9f6d6a344)
 - Deleted: 0

[04/Jul/2023:10:30:35] UPDATING PRODUCTS (JobID: e3509377-081e-4f5b-a7d2-19d4d7e9c82b)
 - New and modified: 0

[04/Jul/2023:10:30:37] UPDATING PREPAGATI (JobID: 013e7838-08a8-4064-bde7-ff85fcb5e665)
 - New and modified: 0

[04/Jul/2023:10:30:37] DELETING PREPAGATI (JobID: 013e7838-08a8-4064-bde7-ff85fcb5e665)
 - Deleted: 0

[04/Jul/2023:10:40:04] UPDATING ACCOUNTS (JobID: aaab3688-307c-4338-9121-0ea725ab02dc)
 - New and modified: 0

[04/Jul/2023:10:40:04] DELETING ACCOUNTS (JobID: aaab3688-307c-4338-9121-0ea725ab02dc)
 - Deleted: 0

[04/Jul/2023:10:40:35] UPDATING PRODUCTS (JobID: 96eb4a50-ef2b-47cf-a3f6-314faf9335fc)
 - New and modified: 0

[04/Jul/2023:10:40:37] UPDATING PREPAGATI (JobID: f42ec756-d71d-4187-9fd9-36e15bbc4cd8)
 - New and modified: 0

[04/Jul/2023:10:40:37] DELETING PREPAGATI (JobID: f42ec756-d71d-4187-9fd9-36e15bbc4cd8)
 - Deleted: 0

[04/Jul/2023:10:50:04] UPDATING ACCOUNTS (JobID: cf9c8657-eae1-447b-907d-2041a8718bad)
 - New and modified: 0

[04/Jul/2023:10:50:04] DELETING ACCOUNTS (JobID: cf9c8657-eae1-447b-907d-2041a8718bad)
 - Deleted: 0

[04/Jul/2023:10:50:36] UPDATING PRODUCTS (JobID: 28d4fb1e-99b1-4952-853e-2c7343bbd8ba)
 - New and modified: 0

[04/Jul/2023:10:50:38] UPDATING PREPAGATI (JobID: b218224e-402c-4574-a0f7-ec652b5e460b)
 - New and modified: 0

[04/Jul/2023:10:50:38] DELETING PREPAGATI (JobID: b218224e-402c-4574-a0f7-ec652b5e460b)
 - Deleted: 0

[04/Jul/2023:11:00:04] UPDATING ACCOUNTS (JobID: 7c48aef9-520f-4ba3-b288-e2a4dfb322b6)
 - New and modified: 0

[04/Jul/2023:11:00:04] DELETING ACCOUNTS (JobID: 7c48aef9-520f-4ba3-b288-e2a4dfb322b6)
 - Deleted: 0

[04/Jul/2023:11:00:37] UPDATING PRODUCTS (JobID: 15c3ef25-b38f-4cb2-b24c-aa6653aab520)
 - New and modified: 0

[04/Jul/2023:11:00:39] UPDATING PREPAGATI (JobID: ca691374-bca7-4fb0-a25e-a17fbbe55e57)
 - New and modified: 0

[04/Jul/2023:11:00:39] DELETING PREPAGATI (JobID: ca691374-bca7-4fb0-a25e-a17fbbe55e57)
 - Deleted: 0

[04/Jul/2023:11:10:04] UPDATING ACCOUNTS (JobID: 5e98740b-112d-4663-ad1a-e9db12b03c8f)
 - New and modified: 0

[04/Jul/2023:11:10:04] DELETING ACCOUNTS (JobID: 5e98740b-112d-4663-ad1a-e9db12b03c8f)
 - Deleted: 0

[04/Jul/2023:11:10:36] UPDATING PRODUCTS (JobID: 902b9e8f-85e5-42fa-9075-51c6d569f068)
 - New and modified: 0

[04/Jul/2023:11:10:38] UPDATING PREPAGATI (JobID: b881f364-6e56-4542-9fbd-edee9f289ba4)
 - New and modified: 0

[04/Jul/2023:11:10:38] DELETING PREPAGATI (JobID: b881f364-6e56-4542-9fbd-edee9f289ba4)
 - Deleted: 0

[04/Jul/2023:11:20:05] UPDATING ACCOUNTS (JobID: 001ef58e-359f-4833-a983-0281f32e0492)
 - New and modified: 0

[04/Jul/2023:11:20:05] DELETING ACCOUNTS (JobID: 001ef58e-359f-4833-a983-0281f32e0492)
 - Deleted: 0

[04/Jul/2023:11:20:35] UPDATING PRODUCTS (JobID: f5c5c45e-8f5f-4cd5-a9fa-33c5f8a57432)
 - New and modified: 0

[04/Jul/2023:11:20:37] UPDATING PREPAGATI (JobID: 6f36558b-b01d-435b-9751-6854243067cd)
 - New and modified: 0

[04/Jul/2023:11:20:37] DELETING PREPAGATI (JobID: 6f36558b-b01d-435b-9751-6854243067cd)
 - Deleted: 0

[04/Jul/2023:11:30:05] UPDATING ACCOUNTS (JobID: 882f6c8b-b2d9-4116-981a-249f83abdffb)
 - New and modified: 0

[04/Jul/2023:11:30:05] DELETING ACCOUNTS (JobID: 882f6c8b-b2d9-4116-981a-249f83abdffb)
 - Deleted: 0

[04/Jul/2023:11:30:37] UPDATING PRODUCTS (JobID: 406e82fa-8802-4070-9178-e4636537f19b)
 - New and modified: 0

[04/Jul/2023:11:30:39] UPDATING PREPAGATI (JobID: dec862a8-8b42-4e7c-9c4d-8be52bb62762)
 - New and modified: 0

[04/Jul/2023:11:30:39] DELETING PREPAGATI (JobID: dec862a8-8b42-4e7c-9c4d-8be52bb62762)
 - Deleted: 0

[04/Jul/2023:11:40:04] UPDATING ACCOUNTS (JobID: beff3e65-c774-469b-bf32-72d484d2ff6d)
 - New and modified: 0

[04/Jul/2023:11:40:04] DELETING ACCOUNTS (JobID: beff3e65-c774-469b-bf32-72d484d2ff6d)
 - Deleted: 0

[04/Jul/2023:11:40:38] UPDATING PRODUCTS (JobID: 625a219e-e4d8-4124-876a-4d0a7a474451)
 - New and modified: 0

[04/Jul/2023:11:40:40] UPDATING PREPAGATI (JobID: 5e4cb73e-66f0-419f-ae32-f7802d3ec636)
 - New and modified: 0

[04/Jul/2023:11:40:40] DELETING PREPAGATI (JobID: 5e4cb73e-66f0-419f-ae32-f7802d3ec636)
 - Deleted: 0

[04/Jul/2023:11:50:04] UPDATING ACCOUNTS (JobID: 68e9db3d-ed9c-45b0-9eb8-3ab1115d313e)
 - New and modified: 0

[04/Jul/2023:11:50:04] DELETING ACCOUNTS (JobID: 68e9db3d-ed9c-45b0-9eb8-3ab1115d313e)
 - Deleted: 0

[04/Jul/2023:11:50:36] UPDATING PRODUCTS (JobID: c09e6ac2-25df-43ad-928c-0c227fa1cc8c)
 - New and modified: 0

[04/Jul/2023:11:50:37] UPDATING PREPAGATI (JobID: 522d8f42-4959-4a00-9859-7f514bacd121)
 - New and modified: 0

[04/Jul/2023:11:50:37] DELETING PREPAGATI (JobID: 522d8f42-4959-4a00-9859-7f514bacd121)
 - Deleted: 0

[04/Jul/2023:12:00:04] UPDATING ACCOUNTS (JobID: 0f2de891-701c-44c9-a43e-c08dd4135368)
 - New and modified: 0

[04/Jul/2023:12:00:04] DELETING ACCOUNTS (JobID: 0f2de891-701c-44c9-a43e-c08dd4135368)
 - Deleted: 0

[04/Jul/2023:12:00:36] UPDATING PRODUCTS (JobID: c277b211-605d-4729-b65c-6564120392bd)
 - New and modified: 0

[04/Jul/2023:12:00:38] UPDATING PREPAGATI (JobID: c6a4d41d-f9b4-487a-83af-c1abc649557c)
 - New and modified: 0

[04/Jul/2023:12:00:38] DELETING PREPAGATI (JobID: c6a4d41d-f9b4-487a-83af-c1abc649557c)
 - Deleted: 0

[04/Jul/2023:12:10:04] UPDATING ACCOUNTS (JobID: bc338980-66fd-4139-b3d4-f18a2214de03)
 - New and modified: 0

[04/Jul/2023:12:10:04] DELETING ACCOUNTS (JobID: bc338980-66fd-4139-b3d4-f18a2214de03)
 - Deleted: 0

[04/Jul/2023:12:10:38] UPDATING PRODUCTS (JobID: bcd8cd9f-6c45-4a30-87c2-c180f0ae3633)
 - New and modified: 0

[04/Jul/2023:12:10:40] UPDATING PREPAGATI (JobID: ea200ec6-763d-4d8d-8145-83c9b2ab3c2c)
 - New and modified: 0

[04/Jul/2023:12:10:40] DELETING PREPAGATI (JobID: ea200ec6-763d-4d8d-8145-83c9b2ab3c2c)
 - Deleted: 0

[04/Jul/2023:12:20:04] UPDATING ACCOUNTS (JobID: bdbd3d07-c1b3-4889-9c10-5ad254c14f57)
 - New and modified: 0

[04/Jul/2023:12:20:04] DELETING ACCOUNTS (JobID: bdbd3d07-c1b3-4889-9c10-5ad254c14f57)
 - Deleted: 0

[04/Jul/2023:12:20:36] UPDATING PRODUCTS (JobID: 6bd8bf07-111b-4f95-8d9a-8566b635e422)
 - New and modified: 0

[04/Jul/2023:12:20:37] UPDATING PREPAGATI (JobID: e6a55880-1849-4608-864c-725678e9c077)
 - New and modified: 0

[04/Jul/2023:12:20:37] DELETING PREPAGATI (JobID: e6a55880-1849-4608-864c-725678e9c077)
 - Deleted: 0

[04/Jul/2023:12:30:04] UPDATING ACCOUNTS (JobID: e4ae561d-7d44-42ec-8492-5df5767812e9)
 - New and modified: 0

[04/Jul/2023:12:30:04] DELETING ACCOUNTS (JobID: e4ae561d-7d44-42ec-8492-5df5767812e9)
 - Deleted: 0

[04/Jul/2023:12:30:36] UPDATING PRODUCTS (JobID: e660b2ee-abbf-4df0-a99e-d776f18d934f)
 - New and modified: 0

[04/Jul/2023:12:30:38] UPDATING PREPAGATI (JobID: b51c1a19-419c-4df1-9b47-54bf1d63f016)
 - New and modified: 0

[04/Jul/2023:12:30:38] DELETING PREPAGATI (JobID: b51c1a19-419c-4df1-9b47-54bf1d63f016)
 - Deleted: 0

[04/Jul/2023:12:40:04] UPDATING ACCOUNTS (JobID: 4091a4a3-0a3c-418d-8a39-0c35d3e82c92)
 - New and modified: 0

[04/Jul/2023:12:40:04] DELETING ACCOUNTS (JobID: 4091a4a3-0a3c-418d-8a39-0c35d3e82c92)
 - Deleted: 0

[04/Jul/2023:12:40:36] UPDATING PRODUCTS (JobID: 1fe24230-22f2-4040-a5b8-934d108ea803)
 - New and modified: 0

[04/Jul/2023:12:40:38] UPDATING PREPAGATI (JobID: 3f1ddf97-f8b8-4713-85a3-55aeed034aef)
 - New and modified: 0

[04/Jul/2023:12:40:38] DELETING PREPAGATI (JobID: 3f1ddf97-f8b8-4713-85a3-55aeed034aef)
 - Deleted: 0

[04/Jul/2023:12:50:04] UPDATING ACCOUNTS (JobID: 7591e330-caf1-4b5d-9052-fbe1aa171128)
 - New and modified: 0

[04/Jul/2023:12:50:04] DELETING ACCOUNTS (JobID: 7591e330-caf1-4b5d-9052-fbe1aa171128)
 - Deleted: 0

[04/Jul/2023:12:50:34] UPDATING PRODUCTS (JobID: 1d833b02-51f5-4372-9b16-1d46c6cd301a)
 - New and modified: 0

[04/Jul/2023:12:50:37] UPDATING PREPAGATI (JobID: eef672c8-2dfe-4c00-bc9d-c695b33f1fd1)
 - New and modified: 0

[04/Jul/2023:12:50:37] DELETING PREPAGATI (JobID: eef672c8-2dfe-4c00-bc9d-c695b33f1fd1)
 - Deleted: 0

[04/Jul/2023:13:00:05] UPDATING ACCOUNTS (JobID: 036d6406-0d9d-4cc6-8c99-c597d8b7a48c)
 - New and modified: 0

[04/Jul/2023:13:00:05] DELETING ACCOUNTS (JobID: 036d6406-0d9d-4cc6-8c99-c597d8b7a48c)
 - Deleted: 0

[04/Jul/2023:13:00:37] UPDATING PRODUCTS (JobID: 9f816584-2307-4c24-b58a-e7e3d80d14c7)
 - New and modified: 0

[04/Jul/2023:13:00:40] UPDATING PREPAGATI (JobID: 905d14ef-d4bd-421c-b331-745d7f487b26)
 - New and modified: 0

[04/Jul/2023:13:00:40] DELETING PREPAGATI (JobID: 905d14ef-d4bd-421c-b331-745d7f487b26)
 - Deleted: 0

[04/Jul/2023:13:10:04] UPDATING ACCOUNTS (JobID: ee3ac2ab-3352-4cd8-ac46-0b47282ec889)
 - New and modified: 0

[04/Jul/2023:13:10:04] DELETING ACCOUNTS (JobID: ee3ac2ab-3352-4cd8-ac46-0b47282ec889)
 - Deleted: 0

[04/Jul/2023:13:10:39] UPDATING PRODUCTS (JobID: b445bdff-f7f0-4d85-b5b3-8325ebec4373)
 - New and modified: 0

[04/Jul/2023:13:10:40] UPDATING PREPAGATI (JobID: f529e3d3-3444-48c7-bbed-3438c26dc745)
 - New and modified: 0

[04/Jul/2023:13:10:40] DELETING PREPAGATI (JobID: f529e3d3-3444-48c7-bbed-3438c26dc745)
 - Deleted: 0

[04/Jul/2023:13:20:04] UPDATING ACCOUNTS (JobID: 004049e6-71f2-43e4-8b2e-4261a2f4cda6)
 - New and modified: 0

[04/Jul/2023:13:20:04] DELETING ACCOUNTS (JobID: 004049e6-71f2-43e4-8b2e-4261a2f4cda6)
 - Deleted: 0

[04/Jul/2023:13:20:38] UPDATING PRODUCTS (JobID: 93a2f8a1-d1a0-447c-8374-b5cded59a14e)
 - New and modified: 0

[04/Jul/2023:13:20:40] UPDATING PREPAGATI (JobID: b79c3ee8-439e-4a4d-8690-fd0fee40ca68)
 - New and modified: 0

[04/Jul/2023:13:20:40] DELETING PREPAGATI (JobID: b79c3ee8-439e-4a4d-8690-fd0fee40ca68)
 - Deleted: 0

[04/Jul/2023:13:30:04] UPDATING ACCOUNTS (JobID: 20ed1470-63d3-4bb4-9435-39ac9c06899e)
 - New and modified: 0

[04/Jul/2023:13:30:04] DELETING ACCOUNTS (JobID: 20ed1470-63d3-4bb4-9435-39ac9c06899e)
 - Deleted: 0

[04/Jul/2023:13:30:35] UPDATING PRODUCTS (JobID: be32418a-5576-4fd8-846f-d228ad583be1)
 - New and modified: 0

[04/Jul/2023:13:30:37] UPDATING PREPAGATI (JobID: a712d936-7a38-4096-b983-1ab82ed213d0)
 - New and modified: 0

[04/Jul/2023:13:30:37] DELETING PREPAGATI (JobID: a712d936-7a38-4096-b983-1ab82ed213d0)
 - Deleted: 0

[04/Jul/2023:13:40:04] UPDATING ACCOUNTS (JobID: 51d93c33-17e4-4a77-a420-d734db54253e)
 - New and modified: 0

[04/Jul/2023:13:40:04] DELETING ACCOUNTS (JobID: 51d93c33-17e4-4a77-a420-d734db54253e)
 - Deleted: 0

[04/Jul/2023:13:40:36] UPDATING PRODUCTS (JobID: 171b7d0e-1741-4f10-ba3b-8a1fdb112302)
 - New and modified: 0

[04/Jul/2023:13:40:38] UPDATING PREPAGATI (JobID: 04a66e40-8c0d-4de8-91ed-33bbd33539e8)
 - New and modified: 0

[04/Jul/2023:13:40:38] DELETING PREPAGATI (JobID: 04a66e40-8c0d-4de8-91ed-33bbd33539e8)
 - Deleted: 0

[04/Jul/2023:13:50:04] UPDATING ACCOUNTS (JobID: 5481825e-1134-4508-a30e-c5bcc72c41e9)
 - New and modified: 0

[04/Jul/2023:13:50:04] DELETING ACCOUNTS (JobID: 5481825e-1134-4508-a30e-c5bcc72c41e9)
 - Deleted: 0

[04/Jul/2023:13:50:35] UPDATING PRODUCTS (JobID: 4e8258d2-03d1-413a-b3d0-7c72ffb208fc)
 - New and modified: 0

[04/Jul/2023:13:50:37] UPDATING PREPAGATI (JobID: cdbedaff-718d-4a71-9918-07cc6c65d6a8)
 - New and modified: 0

[04/Jul/2023:13:50:37] DELETING PREPAGATI (JobID: cdbedaff-718d-4a71-9918-07cc6c65d6a8)
 - Deleted: 0

[04/Jul/2023:14:00:04] UPDATING ACCOUNTS (JobID: 4bc41760-e5d5-4418-8128-40e493377bc6)
 - New and modified: 0

[04/Jul/2023:14:00:04] DELETING ACCOUNTS (JobID: 4bc41760-e5d5-4418-8128-40e493377bc6)
 - Deleted: 0

[04/Jul/2023:14:00:37] UPDATING PRODUCTS (JobID: 0386d4f6-4520-4fbb-ad18-6033f1733b90)
 - New and modified: 0

[04/Jul/2023:14:00:39] UPDATING PREPAGATI (JobID: e1aa19a7-d28c-4b89-b68b-13b770dd8c38)
 - New and modified: 0

[04/Jul/2023:14:00:39] DELETING PREPAGATI (JobID: e1aa19a7-d28c-4b89-b68b-13b770dd8c38)
 - Deleted: 0

[04/Jul/2023:14:10:04] UPDATING ACCOUNTS (JobID: ce914d70-4ff0-4b6b-84d9-88146403caaf)
 - New and modified: 0

[04/Jul/2023:14:10:04] DELETING ACCOUNTS (JobID: ce914d70-4ff0-4b6b-84d9-88146403caaf)
 - Deleted: 0

[04/Jul/2023:14:10:38] UPDATING PRODUCTS (JobID: b8b1057d-4d5b-4d89-a633-319aa4fccb88)
 - New and modified: 0

[04/Jul/2023:14:10:40] UPDATING PREPAGATI (JobID: 0c1820f7-39dd-44b2-8874-e9b94b2f3e16)
 - New and modified: 0

[04/Jul/2023:14:10:40] DELETING PREPAGATI (JobID: 0c1820f7-39dd-44b2-8874-e9b94b2f3e16)
 - Deleted: 0

[04/Jul/2023:14:20:04] UPDATING ACCOUNTS (JobID: 5902354b-b002-420b-b46d-fd7e12cfa33f)
 - New and modified: 0

[04/Jul/2023:14:20:04] DELETING ACCOUNTS (JobID: 5902354b-b002-420b-b46d-fd7e12cfa33f)
 - Deleted: 0

[04/Jul/2023:14:20:36] UPDATING PRODUCTS (JobID: e0a1dc44-be02-47ea-831e-8a8661b4e93b)
 - New and modified: 0

[04/Jul/2023:14:20:38] UPDATING PREPAGATI (JobID: e223c528-f493-4233-8344-7422609b8b8b)
 - New and modified: 0

[04/Jul/2023:14:20:38] DELETING PREPAGATI (JobID: e223c528-f493-4233-8344-7422609b8b8b)
 - Deleted: 0

[04/Jul/2023:14:30:04] UPDATING ACCOUNTS (JobID: c6476344-c158-4a57-a24b-96afdab222a5)
 - New and modified: 0

[04/Jul/2023:14:30:04] DELETING ACCOUNTS (JobID: c6476344-c158-4a57-a24b-96afdab222a5)
 - Deleted: 0

[04/Jul/2023:14:30:36] UPDATING PRODUCTS (JobID: 271e3c47-8725-44f5-b436-8084e323e1bc)
 - New and modified: 0

[04/Jul/2023:14:30:38] UPDATING PREPAGATI (JobID: 1304ce3f-a526-4899-abbc-c28f2c86dd05)
 - New and modified: 0

[04/Jul/2023:14:30:38] DELETING PREPAGATI (JobID: 1304ce3f-a526-4899-abbc-c28f2c86dd05)
 - Deleted: 0

[04/Jul/2023:14:40:04] UPDATING ACCOUNTS (JobID: b41417e3-39ed-4617-a5f5-512efb99feda)
 - New and modified: 0

[04/Jul/2023:14:40:04] DELETING ACCOUNTS (JobID: b41417e3-39ed-4617-a5f5-512efb99feda)
 - Deleted: 0

[04/Jul/2023:14:40:36] UPDATING PRODUCTS (JobID: 8012561b-0037-4253-bc0d-b9d8dd1be27b)
 - New and modified: 0

[04/Jul/2023:14:40:37] UPDATING PREPAGATI (JobID: f79ad66e-c78d-4948-80cf-38549b0dc14c)
 - New and modified: 0

[04/Jul/2023:14:40:37] DELETING PREPAGATI (JobID: f79ad66e-c78d-4948-80cf-38549b0dc14c)
 - Deleted: 0

[04/Jul/2023:14:50:04] UPDATING ACCOUNTS (JobID: b9b39f4b-61a0-424c-8a2b-baaa6f715021)
 - New and modified: 0

[04/Jul/2023:14:50:04] DELETING ACCOUNTS (JobID: b9b39f4b-61a0-424c-8a2b-baaa6f715021)
 - Deleted: 0

[04/Jul/2023:14:50:35] UPDATING PRODUCTS (JobID: ca2333f0-6504-4583-a326-56c80c29d575)
 - New and modified: 0

[04/Jul/2023:14:50:37] UPDATING PREPAGATI (JobID: fb0f27ea-766d-4a56-8ea0-529aae714ad9)
 - New and modified: 0

[04/Jul/2023:14:50:37] DELETING PREPAGATI (JobID: fb0f27ea-766d-4a56-8ea0-529aae714ad9)
 - Deleted: 0

[04/Jul/2023:15:00:04] UPDATING ACCOUNTS (JobID: 3ff53ed9-befb-433e-a5e1-ab51b2a17875)
 - New and modified: 0

[04/Jul/2023:15:00:04] DELETING ACCOUNTS (JobID: 3ff53ed9-befb-433e-a5e1-ab51b2a17875)
 - Deleted: 0

[04/Jul/2023:15:00:35] UPDATING PRODUCTS (JobID: 211e9e6c-1633-4035-a164-401d7ee42d49)
 - New and modified: 0

[04/Jul/2023:15:00:37] UPDATING PREPAGATI (JobID: a308059a-9476-4f38-99d2-61a73e4b75f5)
 - New and modified: 0

[04/Jul/2023:15:00:37] DELETING PREPAGATI (JobID: a308059a-9476-4f38-99d2-61a73e4b75f5)
 - Deleted: 0

[04/Jul/2023:15:10:04] UPDATING ACCOUNTS (JobID: 63ba7ebc-14f0-4040-a23b-e047f87ce646)
 - New and modified: 0

[04/Jul/2023:15:10:04] DELETING ACCOUNTS (JobID: 63ba7ebc-14f0-4040-a23b-e047f87ce646)
 - Deleted: 0

[04/Jul/2023:15:10:36] UPDATING PRODUCTS (JobID: 418cb9dd-9432-488d-9fbf-2d3d0a3cb7f4)
 - New and modified: 1
   3004596

[04/Jul/2023:15:10:38] UPDATING PREPAGATI (JobID: 73e87ea5-ead0-40a0-a3a3-988a9a47646f)
 - New and modified: 0

[04/Jul/2023:15:10:38] DELETING PREPAGATI (JobID: 73e87ea5-ead0-40a0-a3a3-988a9a47646f)
 - Deleted: 0

[04/Jul/2023:15:20:04] UPDATING ACCOUNTS (JobID: 8a573250-be7c-4efb-9cd9-c85d5d8f00e6)
 - New and modified: 0

[04/Jul/2023:15:20:04] DELETING ACCOUNTS (JobID: 8a573250-be7c-4efb-9cd9-c85d5d8f00e6)
 - Deleted: 0

[04/Jul/2023:15:20:35] UPDATING PRODUCTS (JobID: 3306b591-0485-432d-ab03-acb0dbc218e2)
 - New and modified: 0

[04/Jul/2023:15:20:37] UPDATING PREPAGATI (JobID: 627e3ef1-4b02-4500-8961-cf71ede3f71e)
 - New and modified: 0

[04/Jul/2023:15:20:37] DELETING PREPAGATI (JobID: 627e3ef1-4b02-4500-8961-cf71ede3f71e)
 - Deleted: 0

[04/Jul/2023:15:30:04] UPDATING ACCOUNTS (JobID: 22cb9e36-f025-494b-95fd-1cc75bf967f5)
 - New and modified: 0

[04/Jul/2023:15:30:04] DELETING ACCOUNTS (JobID: 22cb9e36-f025-494b-95fd-1cc75bf967f5)
 - Deleted: 0

[04/Jul/2023:15:30:35] UPDATING PRODUCTS (JobID: 4921412d-890d-4083-9681-a3d6b1df11f3)
 - New and modified: 0

[04/Jul/2023:15:30:37] UPDATING PREPAGATI (JobID: a0c132e3-96c9-4ebf-aa69-e257e6491a35)
 - New and modified: 0

[04/Jul/2023:15:30:37] DELETING PREPAGATI (JobID: a0c132e3-96c9-4ebf-aa69-e257e6491a35)
 - Deleted: 0

[04/Jul/2023:15:40:04] UPDATING ACCOUNTS (JobID: 26451c4b-cb2d-4d01-a831-d67b8b2d9586)
 - New and modified: 0

[04/Jul/2023:15:40:04] DELETING ACCOUNTS (JobID: 26451c4b-cb2d-4d01-a831-d67b8b2d9586)
 - Deleted: 0

[04/Jul/2023:15:40:34] UPDATING PRODUCTS (JobID: 7918730e-fd2b-40c9-a9f1-104de6a27cb5)
 - New and modified: 0

[04/Jul/2023:15:40:35] UPDATING PREPAGATI (JobID: a5f6a265-ea28-410d-99ba-d69794a804a7)
 - New and modified: 0

[04/Jul/2023:15:40:35] DELETING PREPAGATI (JobID: a5f6a265-ea28-410d-99ba-d69794a804a7)
 - Deleted: 0

[04/Jul/2023:15:50:04] UPDATING ACCOUNTS (JobID: 0b3828f4-d693-40ed-ab89-8763e375524d)
 - New and modified: 0

[04/Jul/2023:15:50:04] DELETING ACCOUNTS (JobID: 0b3828f4-d693-40ed-ab89-8763e375524d)
 - Deleted: 0

[04/Jul/2023:15:50:38] UPDATING PRODUCTS (JobID: 0c392588-e46b-4076-9c34-17f0f17e4121)
 - New and modified: 0

[04/Jul/2023:15:50:40] UPDATING PREPAGATI (JobID: fbd3a99d-73b6-433a-a494-9f4dcdadd8b0)
 - New and modified: 0

[04/Jul/2023:15:50:40] DELETING PREPAGATI (JobID: fbd3a99d-73b6-433a-a494-9f4dcdadd8b0)
 - Deleted: 0

[04/Jul/2023:16:00:04] UPDATING ACCOUNTS (JobID: 6f9ec99e-012c-4d8e-9055-5eb0b65bf8d7)
 - New and modified: 0

[04/Jul/2023:16:00:04] DELETING ACCOUNTS (JobID: 6f9ec99e-012c-4d8e-9055-5eb0b65bf8d7)
 - Deleted: 0

[04/Jul/2023:16:00:37] UPDATING PRODUCTS (JobID: 538ed333-67f1-4af7-8de4-ca1b1146b5ae)
 - New and modified: 0

[04/Jul/2023:16:00:39] UPDATING PREPAGATI (JobID: ac9fc117-328b-463a-ae76-4dcc7ce31f30)
 - New and modified: 0

[04/Jul/2023:16:00:39] DELETING PREPAGATI (JobID: ac9fc117-328b-463a-ae76-4dcc7ce31f30)
 - Deleted: 0

[04/Jul/2023:16:10:04] UPDATING ACCOUNTS (JobID: a10c09da-4c6e-475b-b72f-17def6631352)
 - New and modified: 0

[04/Jul/2023:16:10:04] DELETING ACCOUNTS (JobID: a10c09da-4c6e-475b-b72f-17def6631352)
 - Deleted: 0

[04/Jul/2023:16:10:36] UPDATING PRODUCTS (JobID: a9e447b0-991a-4ee5-b153-65852f7a19cd)
 - New and modified: 0

[04/Jul/2023:16:10:38] UPDATING PREPAGATI (JobID: e36417c0-b721-4419-a6b0-11bb56df11b4)
 - New and modified: 0

[04/Jul/2023:16:10:38] DELETING PREPAGATI (JobID: e36417c0-b721-4419-a6b0-11bb56df11b4)
 - Deleted: 0

[04/Jul/2023:16:20:04] UPDATING ACCOUNTS (JobID: ec3a759a-64c2-4ae5-be88-fcb948141faf)
 - New and modified: 0

[04/Jul/2023:16:20:04] DELETING ACCOUNTS (JobID: ec3a759a-64c2-4ae5-be88-fcb948141faf)
 - Deleted: 0

[04/Jul/2023:16:20:36] UPDATING PRODUCTS (JobID: 8332c101-4da0-4511-a052-eb491b25fd3d)
 - New and modified: 0

[04/Jul/2023:16:20:38] UPDATING PREPAGATI (JobID: e4b6e9dc-af17-4f12-a822-9e47583e5d42)
 - New and modified: 0

[04/Jul/2023:16:20:38] DELETING PREPAGATI (JobID: e4b6e9dc-af17-4f12-a822-9e47583e5d42)
 - Deleted: 0

[04/Jul/2023:16:30:04] UPDATING ACCOUNTS (JobID: 5f460c93-8da3-4610-9bf3-7f6b0712583a)
 - New and modified: 0

[04/Jul/2023:16:30:04] DELETING ACCOUNTS (JobID: 5f460c93-8da3-4610-9bf3-7f6b0712583a)
 - Deleted: 0

[04/Jul/2023:16:30:36] UPDATING PRODUCTS (JobID: 12b2f26c-df17-463b-ae39-13dc1bc19fe9)
 - New and modified: 0

[04/Jul/2023:16:30:37] UPDATING PREPAGATI (JobID: 7b062f73-c869-48e3-afa6-e6ae1912cb49)
 - New and modified: 0

[04/Jul/2023:16:30:37] DELETING PREPAGATI (JobID: 7b062f73-c869-48e3-afa6-e6ae1912cb49)
 - Deleted: 0

[04/Jul/2023:16:40:04] UPDATING ACCOUNTS (JobID: ab30e7f5-970f-4bc0-bc3e-7edae3122673)
 - New and modified: 0

[04/Jul/2023:16:40:04] DELETING ACCOUNTS (JobID: ab30e7f5-970f-4bc0-bc3e-7edae3122673)
 - Deleted: 0

[04/Jul/2023:16:40:35] UPDATING PRODUCTS (JobID: 1081c189-19b0-4b3f-a51a-1660c288ac04)
 - New and modified: 0

[04/Jul/2023:16:40:37] UPDATING PREPAGATI (JobID: ae732b4c-00ac-45e1-b55e-b0c13a5c9208)
 - New and modified: 0

[04/Jul/2023:16:40:37] DELETING PREPAGATI (JobID: ae732b4c-00ac-45e1-b55e-b0c13a5c9208)
 - Deleted: 0

[04/Jul/2023:16:50:04] UPDATING ACCOUNTS (JobID: b85cb158-e155-4de6-abea-0a34f7cea6af)
 - New and modified: 0

[04/Jul/2023:16:50:04] DELETING ACCOUNTS (JobID: b85cb158-e155-4de6-abea-0a34f7cea6af)
 - Deleted: 0

[04/Jul/2023:16:50:36] UPDATING PRODUCTS (JobID: 41ae3d60-9ec9-42c7-b251-0e628eb3a165)
 - New and modified: 0

[04/Jul/2023:16:50:38] UPDATING PREPAGATI (JobID: 010b0e54-b8e6-4420-9172-887607976f5c)
 - New and modified: 0

[04/Jul/2023:16:50:38] DELETING PREPAGATI (JobID: 010b0e54-b8e6-4420-9172-887607976f5c)
 - Deleted: 0

[04/Jul/2023:17:00:04] UPDATING ACCOUNTS (JobID: 8f6d0fc3-dc9f-412c-838b-fd98ecd9c3c7)
 - New and modified: 0

[04/Jul/2023:17:00:04] DELETING ACCOUNTS (JobID: 8f6d0fc3-dc9f-412c-838b-fd98ecd9c3c7)
 - Deleted: 0

[04/Jul/2023:17:00:36] UPDATING PRODUCTS (JobID: f6ccf0c0-371c-4340-9052-ecee4dbbcc29)
 - New and modified: 0

[04/Jul/2023:17:00:38] UPDATING PREPAGATI (JobID: 4623f397-e7df-41e9-8deb-d83325304a61)
 - New and modified: 0

[04/Jul/2023:17:00:38] DELETING PREPAGATI (JobID: 4623f397-e7df-41e9-8deb-d83325304a61)
 - Deleted: 0

[04/Jul/2023:17:10:04] UPDATING ACCOUNTS (JobID: cfbed933-6846-41df-ab9f-42f78eeda2fc)
 - New and modified: 0

[04/Jul/2023:17:10:04] DELETING ACCOUNTS (JobID: cfbed933-6846-41df-ab9f-42f78eeda2fc)
 - Deleted: 0

[04/Jul/2023:17:10:37] UPDATING PRODUCTS (JobID: 18f51f4e-b023-400a-9ebc-e8bbf07600fc)
 - New and modified: 0

[04/Jul/2023:17:10:45] UPDATING PREPAGATI (JobID: 2ba46a58-c9e9-44d9-92b2-557e797e397e)
 - New and modified: 0

[04/Jul/2023:17:10:45] DELETING PREPAGATI (JobID: 2ba46a58-c9e9-44d9-92b2-557e797e397e)
 - Deleted: 0

[04/Jul/2023:17:20:04] UPDATING ACCOUNTS (JobID: fa3d8b9d-7da1-4f09-884c-48e9bb733e55)
 - New and modified: 0

[04/Jul/2023:17:20:04] DELETING ACCOUNTS (JobID: fa3d8b9d-7da1-4f09-884c-48e9bb733e55)
 - Deleted: 0

[04/Jul/2023:17:20:38] UPDATING PRODUCTS (JobID: 6e8e193b-ca91-4f2b-b81b-733b538c332b)
 - New and modified: 0

[04/Jul/2023:17:20:40] UPDATING PREPAGATI (JobID: f994f001-e03e-49dd-8e9a-217318926d0d)
 - New and modified: 0

[04/Jul/2023:17:20:40] DELETING PREPAGATI (JobID: f994f001-e03e-49dd-8e9a-217318926d0d)
 - Deleted: 0

[04/Jul/2023:17:40:04] UPDATING ACCOUNTS (JobID: d7f4561c-c4ee-4aea-b5b7-80bfc444f104)
 - New and modified: 0

[04/Jul/2023:17:40:04] DELETING ACCOUNTS (JobID: d7f4561c-c4ee-4aea-b5b7-80bfc444f104)
 - Deleted: 0

[04/Jul/2023:17:40:36] UPDATING PRODUCTS (JobID: b581145b-930f-48fe-986b-51e71879a304)
 - New and modified: 0

[04/Jul/2023:17:40:38] UPDATING PREPAGATI (JobID: c7bf892d-7ad5-4d60-8ed3-2a761b4b83f4)
 - New and modified: 0

[04/Jul/2023:17:40:38] DELETING PREPAGATI (JobID: c7bf892d-7ad5-4d60-8ed3-2a761b4b83f4)
 - Deleted: 0

[04/Jul/2023:17:50:04] UPDATING ACCOUNTS (JobID: 30875ee8-641a-490a-8540-50efa622dc64)
 - New and modified: 0

[04/Jul/2023:17:50:04] DELETING ACCOUNTS (JobID: 30875ee8-641a-490a-8540-50efa622dc64)
 - Deleted: 0

[04/Jul/2023:17:50:36] UPDATING PRODUCTS (JobID: 59e7724c-887d-4c89-b549-533935818168)
 - New and modified: 0

[04/Jul/2023:17:50:37] UPDATING PREPAGATI (JobID: eae69b9e-fe57-429d-ac50-eaebce767be9)
 - New and modified: 0

[04/Jul/2023:17:50:37] DELETING PREPAGATI (JobID: eae69b9e-fe57-429d-ac50-eaebce767be9)
 - Deleted: 0

[04/Jul/2023:18:00:08] UPDATING ACCOUNTS (JobID: ff1eaf70-f371-4461-a986-c09f0045ef87)
 - New and modified: 0

[04/Jul/2023:18:00:08] DELETING ACCOUNTS (JobID: ff1eaf70-f371-4461-a986-c09f0045ef87)
 - Deleted: 0

[04/Jul/2023:18:00:44] UPDATING PRODUCTS (JobID: 4a3dadd7-60ce-45b2-beaa-b39f0e65c333)
 - New and modified: 0

[04/Jul/2023:18:00:47] UPDATING PREPAGATI (JobID: b5bf2ddc-990c-4fb9-9504-0b1ef787a0dd)
 - New and modified: 0

[04/Jul/2023:18:00:47] DELETING PREPAGATI (JobID: b5bf2ddc-990c-4fb9-9504-0b1ef787a0dd)
 - Deleted: 0

[04/Jul/2023:18:10:04] UPDATING ACCOUNTS (JobID: 9334e1a9-0e35-4e79-8649-c82ed3d1222c)
 - New and modified: 0

[04/Jul/2023:18:10:04] DELETING ACCOUNTS (JobID: 9334e1a9-0e35-4e79-8649-c82ed3d1222c)
 - Deleted: 0

[04/Jul/2023:18:10:36] UPDATING PRODUCTS (JobID: b52a18a2-cd2f-4cb3-ae87-3087d26af0a7)
 - New and modified: 0

[04/Jul/2023:18:10:38] UPDATING PREPAGATI (JobID: 26cdd940-0309-426c-816b-f68a40831a81)
 - New and modified: 0

[04/Jul/2023:18:10:38] DELETING PREPAGATI (JobID: 26cdd940-0309-426c-816b-f68a40831a81)
 - Deleted: 0

[04/Jul/2023:18:20:04] UPDATING ACCOUNTS (JobID: cc6457a1-b68c-499f-8b5f-eea55a42026a)
 - New and modified: 0

[04/Jul/2023:18:20:04] DELETING ACCOUNTS (JobID: cc6457a1-b68c-499f-8b5f-eea55a42026a)
 - Deleted: 0

[04/Jul/2023:18:20:37] UPDATING PRODUCTS (JobID: 67c5f4bc-00b4-40f3-acf6-c916ec3fd0ed)
 - New and modified: 0

[04/Jul/2023:18:20:39] UPDATING PREPAGATI (JobID: 6498013d-8274-41f0-bf12-d377415d13d2)
 - New and modified: 0

[04/Jul/2023:18:20:39] DELETING PREPAGATI (JobID: 6498013d-8274-41f0-bf12-d377415d13d2)
 - Deleted: 0

[04/Jul/2023:18:30:04] UPDATING ACCOUNTS (JobID: 487eed93-711e-40a7-9acc-257933b7b857)
 - New and modified: 0

[04/Jul/2023:18:30:04] DELETING ACCOUNTS (JobID: 487eed93-711e-40a7-9acc-257933b7b857)
 - Deleted: 0

[04/Jul/2023:18:30:36] UPDATING PRODUCTS (JobID: 1a62d0b8-e4d8-49c1-bab2-c37f987f4589)
 - New and modified: 0

[04/Jul/2023:18:30:38] UPDATING PREPAGATI (JobID: a36cecd0-b0a1-430a-9eec-bc27d02e9dee)
 - New and modified: 0

[04/Jul/2023:18:30:38] DELETING PREPAGATI (JobID: a36cecd0-b0a1-430a-9eec-bc27d02e9dee)
 - Deleted: 0

[04/Jul/2023:18:40:04] UPDATING ACCOUNTS (JobID: 9262cb6b-afd2-4cef-93f2-9bb7ae1d292e)
 - New and modified: 0

[04/Jul/2023:18:40:04] DELETING ACCOUNTS (JobID: 9262cb6b-afd2-4cef-93f2-9bb7ae1d292e)
 - Deleted: 0

[04/Jul/2023:18:40:33] UPDATING PRODUCTS (JobID: c2f695d1-c383-4389-99f8-e0c0099a0e29)
 - New and modified: 0

[04/Jul/2023:18:40:35] UPDATING PREPAGATI (JobID: e269c4bb-05c1-4916-99fc-9b257ac79b45)
 - New and modified: 0

[04/Jul/2023:18:40:35] DELETING PREPAGATI (JobID: e269c4bb-05c1-4916-99fc-9b257ac79b45)
 - Deleted: 0

[04/Jul/2023:18:50:04] UPDATING ACCOUNTS (JobID: fc22a55b-9ee6-4861-af18-875e3058b140)
 - New and modified: 0

[04/Jul/2023:18:50:04] DELETING ACCOUNTS (JobID: fc22a55b-9ee6-4861-af18-875e3058b140)
 - Deleted: 0

[04/Jul/2023:18:50:36] UPDATING PRODUCTS (JobID: 0457e29b-3418-48ec-8231-f3acc6dcae81)
 - New and modified: 0

[04/Jul/2023:18:50:38] UPDATING PREPAGATI (JobID: b051ac23-cbe2-4403-a5cf-6b9bb56752a4)
 - New and modified: 0

[04/Jul/2023:18:50:38] DELETING PREPAGATI (JobID: b051ac23-cbe2-4403-a5cf-6b9bb56752a4)
 - Deleted: 0

[04/Jul/2023:19:00:15] UPDATING ACCOUNTS (JobID: 5d963983-5d25-46b5-a710-247cb0598959)
 - New and modified: 0

[04/Jul/2023:19:00:15] DELETING ACCOUNTS (JobID: 5d963983-5d25-46b5-a710-247cb0598959)
 - Deleted: 0

[04/Jul/2023:19:00:46] UPDATING PRODUCTS (JobID: 00cedcd7-6846-4b4f-8089-815914a632c1)
 - New and modified: 0

[04/Jul/2023:19:00:48] UPDATING PREPAGATI (JobID: 925360b2-6df4-4ad9-9026-ab4a64863bb8)
 - New and modified: 0

[04/Jul/2023:19:00:48] DELETING PREPAGATI (JobID: 925360b2-6df4-4ad9-9026-ab4a64863bb8)
 - Deleted: 0

[04/Jul/2023:19:10:05] UPDATING ACCOUNTS (JobID: 5a410f3d-80ed-4f24-8051-d46fd6e1d4b5)
 - New and modified: 0

[04/Jul/2023:19:10:05] DELETING ACCOUNTS (JobID: 5a410f3d-80ed-4f24-8051-d46fd6e1d4b5)
 - Deleted: 0

[04/Jul/2023:19:10:41] UPDATING PRODUCTS (JobID: 8e59d00c-5d54-4315-9715-4af87d59b66f)
 - New and modified: 0

[04/Jul/2023:19:10:43] UPDATING PREPAGATI (JobID: 9cbdacd7-ec56-4a70-bd0f-9d43a68856c9)
 - New and modified: 0

[04/Jul/2023:19:10:43] DELETING PREPAGATI (JobID: 9cbdacd7-ec56-4a70-bd0f-9d43a68856c9)
 - Deleted: 0

[04/Jul/2023:19:20:04] UPDATING ACCOUNTS (JobID: 04c46bef-1e71-4254-bd95-3965fc0ef8bf)
 - New and modified: 0

[04/Jul/2023:19:20:04] DELETING ACCOUNTS (JobID: 04c46bef-1e71-4254-bd95-3965fc0ef8bf)
 - Deleted: 0

[04/Jul/2023:19:20:39] UPDATING PRODUCTS (JobID: 65c39a05-788d-4c67-a3c1-8e94e52a1143)
 - New and modified: 0

[04/Jul/2023:19:20:41] UPDATING PREPAGATI (JobID: 5a18b44b-2773-4c6d-9208-43fa2dc9417c)
 - New and modified: 0

[04/Jul/2023:19:20:41] DELETING PREPAGATI (JobID: 5a18b44b-2773-4c6d-9208-43fa2dc9417c)
 - Deleted: 0

[04/Jul/2023:19:30:04] UPDATING ACCOUNTS (JobID: b473fae3-9043-4911-8a53-79241336230c)
 - New and modified: 0

[04/Jul/2023:19:30:04] DELETING ACCOUNTS (JobID: b473fae3-9043-4911-8a53-79241336230c)
 - Deleted: 0

[04/Jul/2023:19:30:39] UPDATING PRODUCTS (JobID: 88f660cc-5c20-4c30-9108-49f4faff275c)
 - New and modified: 0

[04/Jul/2023:19:30:40] UPDATING PREPAGATI (JobID: 6560dd89-78ef-456f-94b8-ecbe949bcf46)
 - New and modified: 0

[04/Jul/2023:19:30:40] DELETING PREPAGATI (JobID: 6560dd89-78ef-456f-94b8-ecbe949bcf46)
 - Deleted: 0

[04/Jul/2023:19:40:04] UPDATING ACCOUNTS (JobID: 27225f19-18cb-4b37-b9b3-6401ce372057)
 - New and modified: 0

[04/Jul/2023:19:40:04] DELETING ACCOUNTS (JobID: 27225f19-18cb-4b37-b9b3-6401ce372057)
 - Deleted: 0

[04/Jul/2023:19:40:38] UPDATING PRODUCTS (JobID: 3e306a71-2afe-46f3-8661-5ba55b1aaad4)
 - New and modified: 0

[04/Jul/2023:19:40:40] UPDATING PREPAGATI (JobID: 8893aad5-e585-4637-b538-007ad8737c82)
 - New and modified: 0

[04/Jul/2023:19:40:40] DELETING PREPAGATI (JobID: 8893aad5-e585-4637-b538-007ad8737c82)
 - Deleted: 0

[04/Jul/2023:19:50:04] UPDATING ACCOUNTS (JobID: d3f5bfff-e939-4090-acb5-ef146a174f0e)
 - New and modified: 0

[04/Jul/2023:19:50:04] DELETING ACCOUNTS (JobID: d3f5bfff-e939-4090-acb5-ef146a174f0e)
 - Deleted: 0

[04/Jul/2023:19:50:37] UPDATING PRODUCTS (JobID: 5699b0ea-f869-4d10-8c23-69a35b22b762)
 - New and modified: 0

[04/Jul/2023:19:50:39] UPDATING PREPAGATI (JobID: 2675870a-f9bc-4c57-ac15-9b1800a0460a)
 - New and modified: 0

[04/Jul/2023:19:50:39] DELETING PREPAGATI (JobID: 2675870a-f9bc-4c57-ac15-9b1800a0460a)
 - Deleted: 0

[04/Jul/2023:20:00:04] UPDATING ACCOUNTS (JobID: 2a0c86d2-1328-4670-aab0-f61cd2248ffd)
 - New and modified: 0

[04/Jul/2023:20:00:04] DELETING ACCOUNTS (JobID: 2a0c86d2-1328-4670-aab0-f61cd2248ffd)
 - Deleted: 0

[04/Jul/2023:20:00:37] UPDATING PRODUCTS (JobID: 20c3a3fe-8a6a-4016-ad9c-e4d3499ac811)
 - New and modified: 0

[04/Jul/2023:20:00:39] UPDATING PREPAGATI (JobID: 4fe040b2-c2d7-454d-b44f-a795b4c4ecea)
 - New and modified: 0

[04/Jul/2023:20:00:39] DELETING PREPAGATI (JobID: 4fe040b2-c2d7-454d-b44f-a795b4c4ecea)
 - Deleted: 0

[04/Jul/2023:20:10:04] UPDATING ACCOUNTS (JobID: 34a17a5b-7ddf-4f3c-a2a7-2bf43389bf43)
 - New and modified: 0

[04/Jul/2023:20:10:04] DELETING ACCOUNTS (JobID: 34a17a5b-7ddf-4f3c-a2a7-2bf43389bf43)
 - Deleted: 0

[04/Jul/2023:20:10:37] UPDATING PRODUCTS (JobID: 6060d586-6e0a-40be-89de-6c7e8647ebcf)
 - New and modified: 0

[04/Jul/2023:20:10:39] UPDATING PREPAGATI (JobID: 1a85171e-92be-4b60-ba05-5687870a7b66)
 - New and modified: 0

[04/Jul/2023:20:10:39] DELETING PREPAGATI (JobID: 1a85171e-92be-4b60-ba05-5687870a7b66)
 - Deleted: 0

[04/Jul/2023:20:20:04] UPDATING ACCOUNTS (JobID: 0cc9cee9-9ab3-4fba-aff1-06b9fbeb0a56)
 - New and modified: 0

[04/Jul/2023:20:20:04] DELETING ACCOUNTS (JobID: 0cc9cee9-9ab3-4fba-aff1-06b9fbeb0a56)
 - Deleted: 0

[04/Jul/2023:20:20:39] UPDATING PRODUCTS (JobID: 646a101c-7280-48f9-bd86-bcc648ee4dba)
 - New and modified: 0

[04/Jul/2023:20:20:41] UPDATING PREPAGATI (JobID: 10e9a8fd-54d1-4db5-a1e9-9ee04955c90b)
 - New and modified: 0

[04/Jul/2023:20:20:41] DELETING PREPAGATI (JobID: 10e9a8fd-54d1-4db5-a1e9-9ee04955c90b)
 - Deleted: 0

[04/Jul/2023:20:30:05] UPDATING ACCOUNTS (JobID: 3c558cdc-b150-4a56-82b9-e15bcdc58e80)
 - New and modified: 0

[04/Jul/2023:20:30:05] DELETING ACCOUNTS (JobID: 3c558cdc-b150-4a56-82b9-e15bcdc58e80)
 - Deleted: 0

[04/Jul/2023:20:30:39] UPDATING PRODUCTS (JobID: 70da2c69-535e-4379-961a-1ffe4c4ddaac)
 - New and modified: 0

[04/Jul/2023:20:30:41] UPDATING PREPAGATI (JobID: b9524720-ef37-4444-b59a-77244c2425c9)
 - New and modified: 0

[04/Jul/2023:20:30:41] DELETING PREPAGATI (JobID: b9524720-ef37-4444-b59a-77244c2425c9)
 - Deleted: 0

[04/Jul/2023:20:40:04] UPDATING ACCOUNTS (JobID: 96fbb44f-eb29-48f4-9700-c92d01c6dbca)
 - New and modified: 0

[04/Jul/2023:20:40:04] DELETING ACCOUNTS (JobID: 96fbb44f-eb29-48f4-9700-c92d01c6dbca)
 - Deleted: 0

[04/Jul/2023:20:40:38] UPDATING PRODUCTS (JobID: 8c67ec92-feb4-48b6-a049-4a6ec51a1b34)
 - New and modified: 0

[04/Jul/2023:20:40:40] UPDATING PREPAGATI (JobID: aab7946f-8ca0-4765-b276-706215c80856)
 - New and modified: 0

[04/Jul/2023:20:40:40] DELETING PREPAGATI (JobID: aab7946f-8ca0-4765-b276-706215c80856)
 - Deleted: 0

[04/Jul/2023:20:50:04] UPDATING ACCOUNTS (JobID: 5bb7c26f-95fe-44aa-9a5c-2fcdf78faf50)
 - New and modified: 0

[04/Jul/2023:20:50:04] DELETING ACCOUNTS (JobID: 5bb7c26f-95fe-44aa-9a5c-2fcdf78faf50)
 - Deleted: 0

[04/Jul/2023:20:50:38] UPDATING PRODUCTS (JobID: 15e7ba47-8928-46d8-b203-adbe8fbe8e19)
 - New and modified: 0

[04/Jul/2023:20:50:40] UPDATING PREPAGATI (JobID: 5c2a3f6c-ff52-466d-bb4c-7c7e8190989d)
 - New and modified: 0

[04/Jul/2023:20:50:40] DELETING PREPAGATI (JobID: 5c2a3f6c-ff52-466d-bb4c-7c7e8190989d)
 - Deleted: 0

[04/Jul/2023:21:00:04] UPDATING ACCOUNTS (JobID: b21aa4ca-d064-4c31-b553-ed6e11e0d9d4)
 - New and modified: 0

[04/Jul/2023:21:00:04] DELETING ACCOUNTS (JobID: b21aa4ca-d064-4c31-b553-ed6e11e0d9d4)
 - Deleted: 0

[04/Jul/2023:21:00:38] UPDATING PRODUCTS (JobID: f2b01887-c61b-4cfe-8ecb-285bcdcdbb22)
 - New and modified: 0

[04/Jul/2023:21:00:40] UPDATING PREPAGATI (JobID: 0938a92d-c6ec-4cab-be16-2696d1ddb8ff)
 - New and modified: 0

[04/Jul/2023:21:00:40] DELETING PREPAGATI (JobID: 0938a92d-c6ec-4cab-be16-2696d1ddb8ff)
 - Deleted: 0

[04/Jul/2023:21:10:04] UPDATING ACCOUNTS (JobID: 89bc923e-4e9d-4fc4-99cf-0cda2ba6c508)
 - New and modified: 0

[04/Jul/2023:21:10:04] DELETING ACCOUNTS (JobID: 89bc923e-4e9d-4fc4-99cf-0cda2ba6c508)
 - Deleted: 0

[04/Jul/2023:21:10:37] UPDATING PRODUCTS (JobID: 03d22ad5-bc4c-4ae0-a9fa-ae9f9c361ac7)
 - New and modified: 0

[04/Jul/2023:21:10:39] UPDATING PREPAGATI (JobID: 9dfaad92-1a44-48ca-a258-cc1250f595d3)
 - New and modified: 0

[04/Jul/2023:21:10:39] DELETING PREPAGATI (JobID: 9dfaad92-1a44-48ca-a258-cc1250f595d3)
 - Deleted: 0

[04/Jul/2023:21:20:05] UPDATING ACCOUNTS (JobID: cbb1f027-825c-4317-a28f-f02c17b1d34f)
 - New and modified: 0

[04/Jul/2023:21:20:05] DELETING ACCOUNTS (JobID: cbb1f027-825c-4317-a28f-f02c17b1d34f)
 - Deleted: 0

[04/Jul/2023:21:20:39] UPDATING PRODUCTS (JobID: 44c4bc47-8b7b-401c-8d3f-c290a6aa3b1b)
 - New and modified: 0

[04/Jul/2023:21:20:41] UPDATING PREPAGATI (JobID: 8a5b218f-87b1-4dba-a6a2-5c4e976b5f4d)
 - New and modified: 0

[04/Jul/2023:21:20:41] DELETING PREPAGATI (JobID: 8a5b218f-87b1-4dba-a6a2-5c4e976b5f4d)
 - Deleted: 0

[04/Jul/2023:21:30:03] UPDATING ACCOUNTS (JobID: e81c6f95-9c79-4d1a-8b75-40b62af94254)
 - New and modified: 0

[04/Jul/2023:21:30:03] DELETING ACCOUNTS (JobID: e81c6f95-9c79-4d1a-8b75-40b62af94254)
 - Deleted: 0

[04/Jul/2023:21:30:35] UPDATING PRODUCTS (JobID: af1f5e06-1a4d-4f8a-b17a-7fd33e3531fa)
 - New and modified: 0

[04/Jul/2023:21:30:37] UPDATING PREPAGATI (JobID: 5cd56f00-8016-41ef-9bc9-789dd6802262)
 - New and modified: 0

[04/Jul/2023:21:30:37] DELETING PREPAGATI (JobID: 5cd56f00-8016-41ef-9bc9-789dd6802262)
 - Deleted: 0

[04/Jul/2023:21:40:04] UPDATING ACCOUNTS (JobID: 422b9445-075a-4220-a63e-792c4b14fc35)
 - New and modified: 0

[04/Jul/2023:21:40:04] DELETING ACCOUNTS (JobID: 422b9445-075a-4220-a63e-792c4b14fc35)
 - Deleted: 0

[04/Jul/2023:21:40:36] UPDATING PRODUCTS (JobID: 77a6385f-ce9a-40b5-80f8-3a1f71d5b7b1)
 - New and modified: 0

[04/Jul/2023:21:40:38] UPDATING PREPAGATI (JobID: 5207898f-69ae-40f4-a918-3c964bf6a2e0)
 - New and modified: 0

[04/Jul/2023:21:40:38] DELETING PREPAGATI (JobID: 5207898f-69ae-40f4-a918-3c964bf6a2e0)
 - Deleted: 0

[04/Jul/2023:22:00:05] UPDATING ACCOUNTS (JobID: c358655f-6ee3-4790-a6eb-b36458df2ba6)
 - New and modified: 0

[04/Jul/2023:22:00:05] DELETING ACCOUNTS (JobID: c358655f-6ee3-4790-a6eb-b36458df2ba6)
 - Deleted: 0

[04/Jul/2023:22:00:37] UPDATING PRODUCTS (JobID: 2ee3cb74-0719-4d03-8c50-0c7f040ec05f)
 - New and modified: 0

[04/Jul/2023:22:00:39] UPDATING PREPAGATI (JobID: 68f45b28-b48f-4378-a954-26d381ff54f7)
 - New and modified: 0

[04/Jul/2023:22:00:39] DELETING PREPAGATI (JobID: 68f45b28-b48f-4378-a954-26d381ff54f7)
 - Deleted: 0

[04/Jul/2023:22:10:05] UPDATING ACCOUNTS (JobID: 09c5a9ea-aeea-4efb-8667-7d926fc728e9)
 - New and modified: 0

[04/Jul/2023:22:10:05] DELETING ACCOUNTS (JobID: 09c5a9ea-aeea-4efb-8667-7d926fc728e9)
 - Deleted: 0

[04/Jul/2023:22:10:39] UPDATING PRODUCTS (JobID: 4d660b2c-31f2-41cb-b8c9-320e9eccea9a)
 - New and modified: 0

[04/Jul/2023:22:10:41] UPDATING PREPAGATI (JobID: b760f6cb-4fb9-4b6f-90ea-f500e3c59af7)
 - New and modified: 0

[04/Jul/2023:22:10:41] DELETING PREPAGATI (JobID: b760f6cb-4fb9-4b6f-90ea-f500e3c59af7)
 - Deleted: 0

[04/Jul/2023:22:20:04] UPDATING ACCOUNTS (JobID: c4a143f5-1815-4d69-b425-d208bdb30faf)
 - New and modified: 0

[04/Jul/2023:22:20:04] DELETING ACCOUNTS (JobID: c4a143f5-1815-4d69-b425-d208bdb30faf)
 - Deleted: 0

[04/Jul/2023:22:20:37] UPDATING PRODUCTS (JobID: e0dbea55-7c57-4e8c-af47-5957f266a0e6)
 - New and modified: 0

[04/Jul/2023:22:20:39] UPDATING PREPAGATI (JobID: 5854231f-1d8f-4d33-8e86-699a80303156)
 - New and modified: 0

[04/Jul/2023:22:20:39] DELETING PREPAGATI (JobID: 5854231f-1d8f-4d33-8e86-699a80303156)
 - Deleted: 0

[04/Jul/2023:22:30:04] UPDATING ACCOUNTS (JobID: f09f9fd3-96e4-489f-af2a-d07807be0148)
 - New and modified: 0

[04/Jul/2023:22:30:04] DELETING ACCOUNTS (JobID: f09f9fd3-96e4-489f-af2a-d07807be0148)
 - Deleted: 0

[04/Jul/2023:22:30:39] UPDATING PRODUCTS (JobID: edfb6cef-cc9c-4655-88e9-a07bf18b4b23)
 - New and modified: 0

[04/Jul/2023:22:30:41] UPDATING PREPAGATI (JobID: 252ee393-29f2-4b1d-876d-a59c20c0c9bd)
 - New and modified: 0

[04/Jul/2023:22:30:41] DELETING PREPAGATI (JobID: 252ee393-29f2-4b1d-876d-a59c20c0c9bd)
 - Deleted: 0

[04/Jul/2023:22:40:05] UPDATING ACCOUNTS (JobID: b8a72cb5-ab03-4c3b-a7f6-ff548adb27c5)
 - New and modified: 0

[04/Jul/2023:22:40:05] DELETING ACCOUNTS (JobID: b8a72cb5-ab03-4c3b-a7f6-ff548adb27c5)
 - Deleted: 0

[04/Jul/2023:22:40:39] UPDATING PRODUCTS (JobID: ba169c17-2282-4f66-9b50-66f10576d449)
 - New and modified: 0

[04/Jul/2023:22:40:40] UPDATING PREPAGATI (JobID: becb61a5-25e3-418b-93eb-ad5533315bb8)
 - New and modified: 0

[04/Jul/2023:22:40:40] DELETING PREPAGATI (JobID: becb61a5-25e3-418b-93eb-ad5533315bb8)
 - Deleted: 0

[04/Jul/2023:22:50:04] UPDATING ACCOUNTS (JobID: 9cf19064-c10d-4791-a448-19b5bee5948b)
 - New and modified: 0

[04/Jul/2023:22:50:04] DELETING ACCOUNTS (JobID: 9cf19064-c10d-4791-a448-19b5bee5948b)
 - Deleted: 0

[04/Jul/2023:22:50:38] UPDATING PRODUCTS (JobID: fe507f5a-daf0-4b4c-9e9a-43263b57fd01)
 - New and modified: 0

[04/Jul/2023:22:50:40] UPDATING PREPAGATI (JobID: 333dd2a8-e7dd-4c01-aeae-ce3b843425da)
 - New and modified: 0

[04/Jul/2023:22:50:40] DELETING PREPAGATI (JobID: 333dd2a8-e7dd-4c01-aeae-ce3b843425da)
 - Deleted: 0

[04/Jul/2023:23:00:04] UPDATING ACCOUNTS (JobID: fb1da799-bf45-4ed0-ae1e-fc13f8a4b1cf)
 - New and modified: 0

[04/Jul/2023:23:00:04] DELETING ACCOUNTS (JobID: fb1da799-bf45-4ed0-ae1e-fc13f8a4b1cf)
 - Deleted: 0

[04/Jul/2023:23:00:39] UPDATING PRODUCTS (JobID: 328f3e80-ce11-4d85-ac6a-deaa0fb0dba5)
 - New and modified: 0

[04/Jul/2023:23:00:41] UPDATING PREPAGATI (JobID: 26347159-e342-42b9-9156-e885444a9793)
 - New and modified: 0

[04/Jul/2023:23:00:41] DELETING PREPAGATI (JobID: 26347159-e342-42b9-9156-e885444a9793)
 - Deleted: 0

[04/Jul/2023:23:10:04] UPDATING ACCOUNTS (JobID: 8ef39110-c71b-4ce9-b1e7-9f7cc02f6ee7)
 - New and modified: 0

[04/Jul/2023:23:10:04] DELETING ACCOUNTS (JobID: 8ef39110-c71b-4ce9-b1e7-9f7cc02f6ee7)
 - Deleted: 0

[04/Jul/2023:23:10:36] UPDATING PRODUCTS (JobID: 5ee478f9-9b30-4b90-bb95-fe51fd1b9000)
 - New and modified: 0

[04/Jul/2023:23:10:39] UPDATING PREPAGATI (JobID: a9a8cb1b-52e3-4f83-9b32-abee1647fba2)
 - New and modified: 0

[04/Jul/2023:23:10:39] DELETING PREPAGATI (JobID: a9a8cb1b-52e3-4f83-9b32-abee1647fba2)
 - Deleted: 0

[04/Jul/2023:23:20:04] UPDATING ACCOUNTS (JobID: 27062283-a6f4-45c9-a29f-55f53dd147cd)
 - New and modified: 0

[04/Jul/2023:23:20:04] DELETING ACCOUNTS (JobID: 27062283-a6f4-45c9-a29f-55f53dd147cd)
 - Deleted: 0

[04/Jul/2023:23:20:37] UPDATING PRODUCTS (JobID: 237fa622-89cd-4df9-a5ab-bab01c348f76)
 - New and modified: 0

[04/Jul/2023:23:20:39] UPDATING PREPAGATI (JobID: 54cc0c57-c6a5-463b-b267-b3c41970f8e0)
 - New and modified: 0

[04/Jul/2023:23:20:39] DELETING PREPAGATI (JobID: 54cc0c57-c6a5-463b-b267-b3c41970f8e0)
 - Deleted: 0

[04/Jul/2023:23:30:04] UPDATING ACCOUNTS (JobID: 2f18e359-deb1-4c43-84c3-639dfe9675e3)
 - New and modified: 0

[04/Jul/2023:23:30:04] DELETING ACCOUNTS (JobID: 2f18e359-deb1-4c43-84c3-639dfe9675e3)
 - Deleted: 0

[04/Jul/2023:23:30:36] UPDATING PRODUCTS (JobID: 0611c21a-7f3e-479a-8ae5-6e1618989cf2)
 - New and modified: 0

[04/Jul/2023:23:30:38] UPDATING PREPAGATI (JobID: 3aa4cc0c-cb3c-4222-ba19-319df9712357)
 - New and modified: 0

[04/Jul/2023:23:30:38] DELETING PREPAGATI (JobID: 3aa4cc0c-cb3c-4222-ba19-319df9712357)
 - Deleted: 0

[04/Jul/2023:23:40:06] UPDATING ACCOUNTS (JobID: 24a81213-bb4e-4588-96e0-cc5e147bb958)
 - New and modified: 0

[04/Jul/2023:23:40:06] DELETING ACCOUNTS (JobID: 24a81213-bb4e-4588-96e0-cc5e147bb958)
 - Deleted: 0

[04/Jul/2023:23:40:38] UPDATING PRODUCTS (JobID: e330aceb-7779-404f-a17c-3facaa3cd440)
 - New and modified: 0

[04/Jul/2023:23:40:39] UPDATING PREPAGATI (JobID: 4d82a41a-07b9-47ea-80ef-88e074432f19)
 - New and modified: 0

[04/Jul/2023:23:40:39] DELETING PREPAGATI (JobID: 4d82a41a-07b9-47ea-80ef-88e074432f19)
 - Deleted: 0

[04/Jul/2023:23:50:04] UPDATING ACCOUNTS (JobID: f07eba93-a4e8-4ea6-b2c2-137df05e9671)
 - New and modified: 0

[04/Jul/2023:23:50:04] DELETING ACCOUNTS (JobID: f07eba93-a4e8-4ea6-b2c2-137df05e9671)
 - Deleted: 0

[04/Jul/2023:23:50:37] UPDATING PRODUCTS (JobID: 84fcd311-812b-4b3b-8ef1-e760cb179ca6)
 - New and modified: 0

[04/Jul/2023:23:50:39] UPDATING PREPAGATI (JobID: eee6df85-ada9-4e97-8429-d12cab561868)
 - New and modified: 0

[04/Jul/2023:23:50:39] DELETING PREPAGATI (JobID: eee6df85-ada9-4e97-8429-d12cab561868)
 - Deleted: 0

