[19/Oct/2023:00:00:07] UPDATING ACCOUNTS (JobID: 7de96ed6-ed66-41d3-b72b-7aa09f52f144)
 - New and modified: 0

[19/Oct/2023:00:00:07] DELETING ACCOUNTS (JobID: 7de96ed6-ed66-41d3-b72b-7aa09f52f144)
 - Deleted: 0

[19/Oct/2023:00:00:40] UPDATING PRODUCTS (JobID: 67c249c1-d85e-4f96-b8f7-718c4ec49c5b)
 - New and modified: 0

[19/Oct/2023:00:00:43] UPDATING PREPAGATI (JobID: dc7c54c0-4304-459a-b3a5-f848bc320b4d)
 - New and modified: 0

[19/Oct/2023:00:00:43] DELETING PREPAGATI (JobID: dc7c54c0-4304-459a-b3a5-f848bc320b4d)
 - Deleted: 0

[19/Oct/2023:00:30:09] UPDATING ACCOUNTS (JobID: bf5c86c7-d0cc-4d0a-9a7e-f95cfce8e3f8)
 - New and modified: 0

[19/Oct/2023:00:30:09] DELETING ACCOUNTS (JobID: bf5c86c7-d0cc-4d0a-9a7e-f95cfce8e3f8)
 - Deleted: 0

[19/Oct/2023:00:30:42] UPDATING PRODUCTS (JobID: 9b5541f5-4ded-4687-9d56-4e7a107db7cc)
 - New and modified: 0

[19/Oct/2023:00:30:45] UPDATING PREPAGATI (JobID: 5bbba5ed-ca3a-4944-b22e-0291110e4136)
 - New and modified: 0

[19/Oct/2023:00:30:45] DELETING PREPAGATI (JobID: 5bbba5ed-ca3a-4944-b22e-0291110e4136)
 - Deleted: 0

[19/Oct/2023:01:00:04] UPDATING ACCOUNTS (JobID: acfe208d-8f59-498c-85af-30ab485d0f2a)
 - New and modified: 0

[19/Oct/2023:01:00:04] DELETING ACCOUNTS (JobID: acfe208d-8f59-498c-85af-30ab485d0f2a)
 - Deleted: 0

[19/Oct/2023:01:00:38] UPDATING PRODUCTS (JobID: 34155ec6-0a70-42a6-9d21-e7cea65812db)
 - New and modified: 0

[19/Oct/2023:01:00:40] UPDATING PREPAGATI (JobID: e4b33b3a-9b3c-46a7-9a69-07f5cb9bd8b9)
 - New and modified: 0

[19/Oct/2023:01:00:40] DELETING PREPAGATI (JobID: e4b33b3a-9b3c-46a7-9a69-07f5cb9bd8b9)
 - Deleted: 0

[19/Oct/2023:01:30:09] UPDATING ACCOUNTS (JobID: c09ee6c7-8a1f-43f6-9e33-036a80328dc0)
 - New and modified: 0

[19/Oct/2023:01:30:09] DELETING ACCOUNTS (JobID: c09ee6c7-8a1f-43f6-9e33-036a80328dc0)
 - Deleted: 0

[19/Oct/2023:01:30:34] UPDATING PRODUCTS (JobID: 081abf55-9d41-4a92-b4b1-2095fa3ed714)
 - New and modified: 0

[19/Oct/2023:01:30:38] UPDATING PREPAGATI (JobID: d3fa5aef-7f58-4220-8998-8477c22793b4)
 - New and modified: 0

[19/Oct/2023:01:30:38] DELETING PREPAGATI (JobID: d3fa5aef-7f58-4220-8998-8477c22793b4)
 - Deleted: 0

[19/Oct/2023:02:00:09] UPDATING ACCOUNTS (JobID: fc976dd1-51c2-4229-8899-d3afe0d9cd9d)
 - New and modified: 0

[19/Oct/2023:02:00:09] DELETING ACCOUNTS (JobID: fc976dd1-51c2-4229-8899-d3afe0d9cd9d)
 - Deleted: 0

[19/Oct/2023:02:00:44] UPDATING PRODUCTS (JobID: b17206dd-81ad-4807-89f6-9fc0cdfdf48f)
 - New and modified: 0

[19/Oct/2023:02:00:47] UPDATING PREPAGATI (JobID: da384d7e-fffc-49c1-bd9c-2dccb6f2f780)
 - New and modified: 0

[19/Oct/2023:02:00:47] DELETING PREPAGATI (JobID: da384d7e-fffc-49c1-bd9c-2dccb6f2f780)
 - Deleted: 0

[19/Oct/2023:02:30:04] UPDATING ACCOUNTS (JobID: c51257a9-be86-4469-af48-f5c78407ccb7)
 - New and modified: 0

[19/Oct/2023:02:30:04] DELETING ACCOUNTS (JobID: c51257a9-be86-4469-af48-f5c78407ccb7)
 - Deleted: 0

[19/Oct/2023:02:30:38] UPDATING PRODUCTS (JobID: 232ddc89-334f-41e6-91cc-c5b71fc606a8)
 - New and modified: 0

[19/Oct/2023:02:30:40] UPDATING PREPAGATI (JobID: e128ea19-f5e5-49b4-bbf3-23243816f869)
 - New and modified: 0

[19/Oct/2023:02:30:40] DELETING PREPAGATI (JobID: e128ea19-f5e5-49b4-bbf3-23243816f869)
 - Deleted: 0

[19/Oct/2023:03:00:07] UPDATING ACCOUNTS (JobID: 76413e85-7790-42cf-b7a4-e5c29cb67198)
 - New and modified: 0

[19/Oct/2023:03:00:07] DELETING ACCOUNTS (JobID: 76413e85-7790-42cf-b7a4-e5c29cb67198)
 - Deleted: 0

[19/Oct/2023:03:00:39] UPDATING PRODUCTS (JobID: ddeaa640-22c5-4cd7-ba9c-132c5f4bd3c2)
 - New and modified: 0

[19/Oct/2023:03:00:43] UPDATING PREPAGATI (JobID: 764bcb57-05e5-42a6-b9a5-3d97397d6b8f)
 - New and modified: 0

[19/Oct/2023:03:00:43] DELETING PREPAGATI (JobID: 764bcb57-05e5-42a6-b9a5-3d97397d6b8f)
 - Deleted: 0

[19/Oct/2023:03:30:09] UPDATING ACCOUNTS (JobID: 7c689054-3e8f-4ed2-a938-9a195ade31ad)
 - New and modified: 0

[19/Oct/2023:03:30:09] DELETING ACCOUNTS (JobID: 7c689054-3e8f-4ed2-a938-9a195ade31ad)
 - Deleted: 0

[19/Oct/2023:03:30:42] UPDATING PRODUCTS (JobID: 7141e99a-3632-4abf-971a-283c5a805b28)
 - New and modified: 0

[19/Oct/2023:03:30:45] UPDATING PREPAGATI (JobID: 45401732-9e21-45b6-a2d2-7c793fc881cd)
 - New and modified: 0

[19/Oct/2023:03:30:45] DELETING PREPAGATI (JobID: 45401732-9e21-45b6-a2d2-7c793fc881cd)
 - Deleted: 0

[19/Oct/2023:04:00:04] UPDATING ACCOUNTS (JobID: 83d991eb-1498-459d-8649-3fbf35c30799)
 - New and modified: 0

[19/Oct/2023:04:00:04] DELETING ACCOUNTS (JobID: 83d991eb-1498-459d-8649-3fbf35c30799)
 - Deleted: 0

[19/Oct/2023:04:00:37] UPDATING PRODUCTS (JobID: 4194dd61-9dc9-4e2e-9db5-28ad66d9ffaf)
 - New and modified: 0

[19/Oct/2023:04:00:39] UPDATING PREPAGATI (JobID: 83454cb9-6e39-4bf2-83e9-5001a89c6834)
 - New and modified: 0

[19/Oct/2023:04:00:39] DELETING PREPAGATI (JobID: 83454cb9-6e39-4bf2-83e9-5001a89c6834)
 - Deleted: 0

[19/Oct/2023:04:30:10] UPDATING ACCOUNTS (JobID: 19ee5cd5-e2cc-44e5-9e27-daddf4c2cd63)
 - New and modified: 0

[19/Oct/2023:04:30:10] DELETING ACCOUNTS (JobID: 19ee5cd5-e2cc-44e5-9e27-daddf4c2cd63)
 - Deleted: 0

[19/Oct/2023:04:30:42] UPDATING PRODUCTS (JobID: fc2f5a41-ed5c-49ba-9dd5-dfe66da20729)
 - New and modified: 0

[19/Oct/2023:04:30:45] UPDATING PREPAGATI (JobID: de2ebaed-ba8d-4883-beb4-dc9e37bd9256)
 - New and modified: 0

[19/Oct/2023:04:30:45] DELETING PREPAGATI (JobID: de2ebaed-ba8d-4883-beb4-dc9e37bd9256)
 - Deleted: 0

[19/Oct/2023:05:00:04] UPDATING ACCOUNTS (JobID: 26396971-6a7c-4658-8df8-1f0a69f8f1d4)
 - New and modified: 0

[19/Oct/2023:05:00:04] DELETING ACCOUNTS (JobID: 26396971-6a7c-4658-8df8-1f0a69f8f1d4)
 - Deleted: 0

[19/Oct/2023:05:00:36] UPDATING PRODUCTS (JobID: 595237c8-9197-48ef-b97f-cee1cded0ecb)
 - New and modified: 0

[19/Oct/2023:05:00:37] UPDATING PREPAGATI (JobID: 75095dee-1386-439e-b857-1f00d7215b5f)
 - New and modified: 0

[19/Oct/2023:05:00:37] DELETING PREPAGATI (JobID: 75095dee-1386-439e-b857-1f00d7215b5f)
 - Deleted: 0

[19/Oct/2023:05:30:04] UPDATING ACCOUNTS (JobID: 44a2c2b4-ed4a-4621-8cbc-45e671ae1348)
 - New and modified: 0

[19/Oct/2023:05:30:04] DELETING ACCOUNTS (JobID: 44a2c2b4-ed4a-4621-8cbc-45e671ae1348)
 - Deleted: 0

[19/Oct/2023:05:30:36] UPDATING PRODUCTS (JobID: b04505d1-5df3-44d2-814e-eb98a036208c)
 - New and modified: 0

[19/Oct/2023:05:30:38] UPDATING PREPAGATI (JobID: 27550737-e0ef-412d-8445-7cca4e4c2970)
 - New and modified: 0

[19/Oct/2023:05:30:38] DELETING PREPAGATI (JobID: 27550737-e0ef-412d-8445-7cca4e4c2970)
 - Deleted: 0

[19/Oct/2023:06:00:04] UPDATING ACCOUNTS (JobID: 809fe26e-9b99-475b-8d0a-cc5aeb998443)
 - New and modified: 0

[19/Oct/2023:06:00:04] DELETING ACCOUNTS (JobID: 809fe26e-9b99-475b-8d0a-cc5aeb998443)
 - Deleted: 0

[19/Oct/2023:06:00:36] UPDATING PRODUCTS (JobID: 943347ef-a418-4e10-b2cc-31823f3661f8)
 - New and modified: 0

[19/Oct/2023:06:00:38] UPDATING PREPAGATI (JobID: 7dfcdd64-682a-4fe1-9bfb-aa7a2b17adfc)
 - New and modified: 0

[19/Oct/2023:06:00:38] DELETING PREPAGATI (JobID: 7dfcdd64-682a-4fe1-9bfb-aa7a2b17adfc)
 - Deleted: 0

[19/Oct/2023:06:30:04] UPDATING ACCOUNTS (JobID: cd990ca2-1512-4d50-9ea3-7786a5f49f39)
 - New and modified: 0

[19/Oct/2023:06:30:04] DELETING ACCOUNTS (JobID: cd990ca2-1512-4d50-9ea3-7786a5f49f39)
 - Deleted: 0

[19/Oct/2023:06:30:40] UPDATING PRODUCTS (JobID: 780c5128-454b-48bf-8e28-5f82d84e1e87)
 - New and modified: 0

[19/Oct/2023:06:30:42] UPDATING PREPAGATI (JobID: c00db4bf-675d-442d-b3e4-00710a3d8141)
 - New and modified: 0

[19/Oct/2023:06:30:42] DELETING PREPAGATI (JobID: c00db4bf-675d-442d-b3e4-00710a3d8141)
 - Deleted: 0

[19/Oct/2023:07:00:18] UPDATING ACCOUNTS (JobID: 48487b04-110b-4333-b612-90e3ebd471c4)
 - New and modified: 0

[19/Oct/2023:07:00:18] DELETING ACCOUNTS (JobID: 48487b04-110b-4333-b612-90e3ebd471c4)
 - Deleted: 0

[19/Oct/2023:07:00:56] UPDATING PRODUCTS (JobID: 537f8e08-c31e-4dfd-a53b-ec7e0013dc71)
 - New and modified: 0

[19/Oct/2023:07:00:58] UPDATING PREPAGATI (JobID: e1315180-2bf6-4f1f-9659-5e6fccd9e6fd)
 - New and modified: 0

[19/Oct/2023:07:00:58] DELETING PREPAGATI (JobID: e1315180-2bf6-4f1f-9659-5e6fccd9e6fd)
 - Deleted: 0

[19/Oct/2023:07:30:10] UPDATING ACCOUNTS (JobID: e65b2588-32bf-45c4-8e49-ba80f7adc666)
 - New and modified: 0

[19/Oct/2023:07:30:10] DELETING ACCOUNTS (JobID: e65b2588-32bf-45c4-8e49-ba80f7adc666)
 - Deleted: 0

[19/Oct/2023:07:30:45] UPDATING PRODUCTS (JobID: 55f2fb82-8169-4413-ab1a-2d069577c831)
 - New and modified: 0

[19/Oct/2023:07:30:48] UPDATING PREPAGATI (JobID: efa5fa6e-faf4-42d5-a1de-a0dd1d12186b)
 - New and modified: 0

[19/Oct/2023:07:30:48] DELETING PREPAGATI (JobID: efa5fa6e-faf4-42d5-a1de-a0dd1d12186b)
 - Deleted: 0

[19/Oct/2023:08:00:04] UPDATING ACCOUNTS (JobID: 119897a7-4657-49ed-981b-a0c3f8ce085f)
 - New and modified: 0

[19/Oct/2023:08:00:04] DELETING ACCOUNTS (JobID: 119897a7-4657-49ed-981b-a0c3f8ce085f)
 - Deleted: 0

[19/Oct/2023:08:00:42] UPDATING PRODUCTS (JobID: aad523cc-e348-46c4-a5dd-ceca842b4759)
 - New and modified: 0

[19/Oct/2023:08:00:44] UPDATING PREPAGATI (JobID: 96c3f4d3-a67b-4c69-9539-04c0d33d9981)
 - New and modified: 0

[19/Oct/2023:08:00:44] DELETING PREPAGATI (JobID: 96c3f4d3-a67b-4c69-9539-04c0d33d9981)
 - Deleted: 0

[19/Oct/2023:08:30:08] UPDATING ACCOUNTS (JobID: 2a1f1dab-4d3c-4c77-a5d3-02f170492e78)
 - New and modified: 0

[19/Oct/2023:08:30:08] DELETING ACCOUNTS (JobID: 2a1f1dab-4d3c-4c77-a5d3-02f170492e78)
 - Deleted: 0

[19/Oct/2023:08:30:42] UPDATING PRODUCTS (JobID: b9618353-b1de-4f6a-888e-f485096da037)
 - New and modified: 0

[19/Oct/2023:08:30:45] UPDATING PREPAGATI (JobID: af527671-4a9e-4b01-9bfa-3bd915d19a52)
 - New and modified: 0

[19/Oct/2023:08:30:45] DELETING PREPAGATI (JobID: af527671-4a9e-4b01-9bfa-3bd915d19a52)
 - Deleted: 0

[19/Oct/2023:09:00:09] UPDATING ACCOUNTS (JobID: 04ffd6b6-d25c-47d8-8e09-5c767c1aaf0a)
 - New and modified: 0

[19/Oct/2023:09:00:09] DELETING ACCOUNTS (JobID: 04ffd6b6-d25c-47d8-8e09-5c767c1aaf0a)
 - Deleted: 0

[19/Oct/2023:09:00:43] UPDATING PRODUCTS (JobID: 093b7d1f-1c62-4379-9188-d0ecdaced2d3)
 - New and modified: 0

[19/Oct/2023:09:00:46] UPDATING PREPAGATI (JobID: 07cec262-c827-40b0-b1d1-8a9db25fcba4)
 - New and modified: 0

[19/Oct/2023:09:00:46] DELETING PREPAGATI (JobID: 07cec262-c827-40b0-b1d1-8a9db25fcba4)
 - Deleted: 0

[19/Oct/2023:09:30:03] UPDATING ACCOUNTS (JobID: 05f6753e-1461-4117-b231-9f3a844a5f52)
 - New and modified: 0

[19/Oct/2023:09:30:03] DELETING ACCOUNTS (JobID: 05f6753e-1461-4117-b231-9f3a844a5f52)
 - Deleted: 0

[19/Oct/2023:09:30:35] UPDATING PRODUCTS (JobID: 25841b95-fc1a-42f9-8026-a4284ff2b97c)
 - New and modified: 0

[19/Oct/2023:09:30:37] UPDATING PREPAGATI (JobID: f80e37db-db6a-4b53-ad86-f8f91f71dbd3)
 - New and modified: 0

[19/Oct/2023:09:30:37] DELETING PREPAGATI (JobID: f80e37db-db6a-4b53-ad86-f8f91f71dbd3)
 - Deleted: 0

[19/Oct/2023:10:00:08] UPDATING ACCOUNTS (JobID: 2c47dfc6-1865-4061-aa04-8a7af91577a1)
 - New and modified: 0

[19/Oct/2023:10:00:08] DELETING ACCOUNTS (JobID: 2c47dfc6-1865-4061-aa04-8a7af91577a1)
 - Deleted: 0

[19/Oct/2023:10:00:39] UPDATING PRODUCTS (JobID: d64d1fed-9347-4367-a5a2-74798c6b2170)
 - New and modified: 0

[19/Oct/2023:10:00:42] UPDATING PREPAGATI (JobID: 7f76b8f8-7ba0-436f-b2d8-9cacf1781b44)
 - New and modified: 0

[19/Oct/2023:10:00:42] DELETING PREPAGATI (JobID: 7f76b8f8-7ba0-436f-b2d8-9cacf1781b44)
 - Deleted: 0

[19/Oct/2023:10:30:04] UPDATING ACCOUNTS (JobID: 4d9edb0b-82d8-4f2f-9108-70caebc15dc0)
 - New and modified: 0

[19/Oct/2023:10:30:04] DELETING ACCOUNTS (JobID: 4d9edb0b-82d8-4f2f-9108-70caebc15dc0)
 - Deleted: 0

[19/Oct/2023:10:30:37] UPDATING PRODUCTS (JobID: ad93947b-a9d2-4ab6-bb91-922809bbe58f)
 - New and modified: 0

[19/Oct/2023:10:30:39] UPDATING PREPAGATI (JobID: 2c5b8a7b-567b-4744-848c-ec54efba64b9)
 - New and modified: 0

[19/Oct/2023:10:30:39] DELETING PREPAGATI (JobID: 2c5b8a7b-567b-4744-848c-ec54efba64b9)
 - Deleted: 0

[19/Oct/2023:11:00:09] UPDATING ACCOUNTS (JobID: 80251c03-a41c-41be-8ef9-c3cd06dce460)
 - New and modified: 0

[19/Oct/2023:11:00:09] DELETING ACCOUNTS (JobID: 80251c03-a41c-41be-8ef9-c3cd06dce460)
 - Deleted: 0

[19/Oct/2023:11:00:43] UPDATING PRODUCTS (JobID: f0d3da36-68ce-40ee-91b7-22b4fa2e1d1e)
 - New and modified: 2
   P18424-B21
   P73-08332

[19/Oct/2023:11:00:47] UPDATING PREPAGATI (JobID: 07c06304-e8e0-42ef-9d96-7900fbc2b9ba)
 - New and modified: 0

[19/Oct/2023:11:00:47] DELETING PREPAGATI (JobID: 07c06304-e8e0-42ef-9d96-7900fbc2b9ba)
 - Deleted: 0

[19/Oct/2023:11:30:09] UPDATING ACCOUNTS (JobID: 3b2636b5-73b2-4865-85ea-a3a3622ec1e6)
 - New and modified: 0

[19/Oct/2023:11:30:09] DELETING ACCOUNTS (JobID: 3b2636b5-73b2-4865-85ea-a3a3622ec1e6)
 - Deleted: 0

[19/Oct/2023:11:30:44] UPDATING PRODUCTS (JobID: 038c5ca1-31b1-47a3-b8c1-5a8899a61d7b)
 - New and modified: 0

[19/Oct/2023:11:30:48] UPDATING PREPAGATI (JobID: 61c5170b-f4d9-4f10-9396-c59dda3cbec5)
 - New and modified: 0

[19/Oct/2023:11:30:48] DELETING PREPAGATI (JobID: 61c5170b-f4d9-4f10-9396-c59dda3cbec5)
 - Deleted: 0

[19/Oct/2023:12:00:09] UPDATING ACCOUNTS (JobID: c751aa48-425e-4b2d-a758-dac3ecca3f72)
 - New and modified: 0

[19/Oct/2023:12:00:09] DELETING ACCOUNTS (JobID: c751aa48-425e-4b2d-a758-dac3ecca3f72)
 - Deleted: 0

[19/Oct/2023:12:00:42] UPDATING PRODUCTS (JobID: cd127ebc-2147-44e0-9d82-69589c789220)
 - New and modified: 0

[19/Oct/2023:12:00:46] UPDATING PREPAGATI (JobID: dc57a06e-f7bf-4f61-8e7f-7f4ebe01a15b)
 - New and modified: 0

[19/Oct/2023:12:00:46] DELETING PREPAGATI (JobID: dc57a06e-f7bf-4f61-8e7f-7f4ebe01a15b)
 - Deleted: 0

[19/Oct/2023:12:30:04] UPDATING ACCOUNTS (JobID: 6d2c1f9d-d3d3-4c38-8c72-4bac12c24864)
 - New and modified: 0

[19/Oct/2023:12:30:04] DELETING ACCOUNTS (JobID: 6d2c1f9d-d3d3-4c38-8c72-4bac12c24864)
 - Deleted: 0

[19/Oct/2023:12:30:39] UPDATING PRODUCTS (JobID: 50446754-67ad-4ab2-bba6-9c74d76024fc)
 - New and modified: 0

[19/Oct/2023:12:30:41] UPDATING PREPAGATI (JobID: 928781ff-3c1a-4a31-9c59-e66fbf6b76e6)
 - New and modified: 0

[19/Oct/2023:12:30:41] DELETING PREPAGATI (JobID: 928781ff-3c1a-4a31-9c59-e66fbf6b76e6)
 - Deleted: 0

[19/Oct/2023:13:00:04] UPDATING ACCOUNTS (JobID: 3cdb66c6-79f3-45ed-b140-a09d3b4a94b4)
 - New and modified: 0

[19/Oct/2023:13:00:04] DELETING ACCOUNTS (JobID: 3cdb66c6-79f3-45ed-b140-a09d3b4a94b4)
 - Deleted: 0

[19/Oct/2023:13:00:36] UPDATING PRODUCTS (JobID: 31821abc-0f51-4222-8b03-b222f6de9fd9)
 - New and modified: 0

[19/Oct/2023:13:00:38] UPDATING PREPAGATI (JobID: 04b755d9-fc6d-4b49-8d0b-381ebb4ec41c)
 - New and modified: 0

[19/Oct/2023:13:00:38] DELETING PREPAGATI (JobID: 04b755d9-fc6d-4b49-8d0b-381ebb4ec41c)
 - Deleted: 0

[19/Oct/2023:13:30:09] UPDATING ACCOUNTS (JobID: 4e834e21-27e2-4654-9656-be8064323608)
 - New and modified: 0

[19/Oct/2023:13:30:09] DELETING ACCOUNTS (JobID: 4e834e21-27e2-4654-9656-be8064323608)
 - Deleted: 0

[19/Oct/2023:13:30:41] UPDATING PRODUCTS (JobID: 3291a840-6d80-477d-9cde-d2adf861c4d7)
 - New and modified: 0

[19/Oct/2023:13:30:44] UPDATING PREPAGATI (JobID: ecbaf353-52f0-4793-ac60-5c26b87126b5)
 - New and modified: 0

[19/Oct/2023:13:30:44] DELETING PREPAGATI (JobID: ecbaf353-52f0-4793-ac60-5c26b87126b5)
 - Deleted: 0

[19/Oct/2023:14:00:09] UPDATING ACCOUNTS (JobID: db2f8423-c9c6-4ab2-955f-1162a46fc9dd)
 - New and modified: 0

[19/Oct/2023:14:00:09] DELETING ACCOUNTS (JobID: db2f8423-c9c6-4ab2-955f-1162a46fc9dd)
 - Deleted: 0

[19/Oct/2023:14:00:43] UPDATING PRODUCTS (JobID: f46a1081-6c2a-4417-a492-8dd413d2abe8)
 - New and modified: 0

[19/Oct/2023:14:00:46] UPDATING PREPAGATI (JobID: 10f9de13-1b24-4fa7-af5a-92d4240d9c94)
 - New and modified: 0

[19/Oct/2023:14:00:46] DELETING PREPAGATI (JobID: 10f9de13-1b24-4fa7-af5a-92d4240d9c94)
 - Deleted: 0

[19/Oct/2023:14:30:10] UPDATING ACCOUNTS (JobID: 7f131f86-d4be-4db1-8788-81893579c19f)
 - New and modified: 0

[19/Oct/2023:14:30:10] DELETING ACCOUNTS (JobID: 7f131f86-d4be-4db1-8788-81893579c19f)
 - Deleted: 0

[19/Oct/2023:14:30:47] UPDATING PRODUCTS (JobID: f6db116f-cdc4-42c8-96b6-6460654d23a4)
 - New and modified: 0

[19/Oct/2023:14:30:50] UPDATING PREPAGATI (JobID: f4713a1f-f937-4807-a1c3-23b1c2530697)
 - New and modified: 0

[19/Oct/2023:14:30:50] DELETING PREPAGATI (JobID: f4713a1f-f937-4807-a1c3-23b1c2530697)
 - Deleted: 0

[19/Oct/2023:15:00:04] UPDATING ACCOUNTS (JobID: 2505cc66-d319-4d2f-a794-50841fd59f5c)
 - New and modified: 0

[19/Oct/2023:15:00:04] DELETING ACCOUNTS (JobID: 2505cc66-d319-4d2f-a794-50841fd59f5c)
 - Deleted: 0

[19/Oct/2023:15:00:35] UPDATING PRODUCTS (JobID: 1c597408-1467-4cd4-90f3-7a9e77d7098e)
 - New and modified: 0

[19/Oct/2023:15:00:37] UPDATING PREPAGATI (JobID: 04927547-1e03-4c77-b63c-21b3728db640)
 - New and modified: 0

[19/Oct/2023:15:00:37] DELETING PREPAGATI (JobID: 04927547-1e03-4c77-b63c-21b3728db640)
 - Deleted: 0

[19/Oct/2023:15:30:04] UPDATING ACCOUNTS (JobID: bfc3b2cf-6c9b-4234-bc10-43eb743821a9)
 - New and modified: 0

[19/Oct/2023:15:30:04] DELETING ACCOUNTS (JobID: bfc3b2cf-6c9b-4234-bc10-43eb743821a9)
 - Deleted: 0

[19/Oct/2023:15:30:36] UPDATING PRODUCTS (JobID: ed79c004-f7f0-4471-a64b-f9f272fa8ea8)
 - New and modified: 0

[19/Oct/2023:15:30:38] UPDATING PREPAGATI (JobID: 08a2fa50-752b-4ad7-95bf-c6611dea8edd)
 - New and modified: 0

[19/Oct/2023:15:30:38] DELETING PREPAGATI (JobID: 08a2fa50-752b-4ad7-95bf-c6611dea8edd)
 - Deleted: 0

[19/Oct/2023:16:00:07] UPDATING ACCOUNTS (JobID: 916e07bd-82fb-41d3-a21b-a98dc6000fd1)
 - New and modified: 0

[19/Oct/2023:16:00:07] DELETING ACCOUNTS (JobID: 916e07bd-82fb-41d3-a21b-a98dc6000fd1)
 - Deleted: 0

[19/Oct/2023:16:00:38] UPDATING PRODUCTS (JobID: 22dd37db-9c40-43d5-865a-3cf58290b402)
 - New and modified: 0

[19/Oct/2023:16:00:41] UPDATING PREPAGATI (JobID: 234cecf5-f930-4430-9bef-9dd59ada6ced)
 - New and modified: 0

[19/Oct/2023:16:00:41] DELETING PREPAGATI (JobID: 234cecf5-f930-4430-9bef-9dd59ada6ced)
 - Deleted: 0

[19/Oct/2023:16:30:04] UPDATING ACCOUNTS (JobID: 4b67d681-a3d6-4696-9316-6710f3fa17f9)
 - New and modified: 0

[19/Oct/2023:16:30:04] DELETING ACCOUNTS (JobID: 4b67d681-a3d6-4696-9316-6710f3fa17f9)
 - Deleted: 0

[19/Oct/2023:16:30:35] UPDATING PRODUCTS (JobID: d3894455-3bec-4b25-9f8e-0727d0d9994c)
 - New and modified: 0

[19/Oct/2023:16:30:37] UPDATING PREPAGATI (JobID: 1a4008fb-f271-494c-8af9-c3c6ba13955c)
 - New and modified: 0

[19/Oct/2023:16:30:37] DELETING PREPAGATI (JobID: 1a4008fb-f271-494c-8af9-c3c6ba13955c)
 - Deleted: 0

[19/Oct/2023:17:00:04] UPDATING ACCOUNTS (JobID: 29a8636f-210b-4166-bc11-cf7e8f804947)
 - New and modified: 0

[19/Oct/2023:17:00:04] DELETING ACCOUNTS (JobID: 29a8636f-210b-4166-bc11-cf7e8f804947)
 - Deleted: 0

[19/Oct/2023:17:00:34] UPDATING PRODUCTS (JobID: e54353e8-daed-4649-8fa7-e54a0c0a69d4)
 - New and modified: 0

[19/Oct/2023:17:00:36] UPDATING PREPAGATI (JobID: 344889a2-d934-4cf7-bbe7-c2dff3eab223)
 - New and modified: 0

[19/Oct/2023:17:00:36] DELETING PREPAGATI (JobID: 344889a2-d934-4cf7-bbe7-c2dff3eab223)
 - Deleted: 0

[19/Oct/2023:17:30:15] UPDATING ACCOUNTS (JobID: f0533906-412b-4964-90aa-dde46eda4dfc)
 - New and modified: 0

[19/Oct/2023:17:30:15] DELETING ACCOUNTS (JobID: f0533906-412b-4964-90aa-dde46eda4dfc)
 - Deleted: 0

[19/Oct/2023:17:30:49] UPDATING PRODUCTS (JobID: d1c0fb1c-dcb5-4674-b990-9d2d969c81be)
 - New and modified: 0

[19/Oct/2023:17:30:56] UPDATING PREPAGATI (JobID: 94c5c3d9-aa8a-47c1-93ee-8dcae2c5db08)
 - New and modified: 0

[19/Oct/2023:17:30:56] DELETING PREPAGATI (JobID: 94c5c3d9-aa8a-47c1-93ee-8dcae2c5db08)
 - Deleted: 0

[19/Oct/2023:18:00:10] UPDATING ACCOUNTS (JobID: a1c64641-6e51-4e2e-9fa2-0f98ee18443d)
 - New and modified: 0

[19/Oct/2023:18:00:10] DELETING ACCOUNTS (JobID: a1c64641-6e51-4e2e-9fa2-0f98ee18443d)
 - Deleted: 0

[19/Oct/2023:18:00:45] UPDATING PRODUCTS (JobID: 7e025e20-ea2d-430c-bbdc-bad4478fd440)
 - New and modified: 0

[19/Oct/2023:18:00:48] UPDATING PREPAGATI (JobID: 77dd906a-0ee7-4305-b3f9-16568adb6fc1)
 - New and modified: 0

[19/Oct/2023:18:00:48] DELETING PREPAGATI (JobID: 77dd906a-0ee7-4305-b3f9-16568adb6fc1)
 - Deleted: 0

[19/Oct/2023:18:30:04] UPDATING ACCOUNTS (JobID: 9b157fd4-8e9c-4ae0-bfda-bfa77c1ecc5d)
 - New and modified: 0

[19/Oct/2023:18:30:04] DELETING ACCOUNTS (JobID: 9b157fd4-8e9c-4ae0-bfda-bfa77c1ecc5d)
 - Deleted: 0

[19/Oct/2023:18:30:36] UPDATING PRODUCTS (JobID: dfb163a9-6ee1-491b-812a-4e24a14d380a)
 - New and modified: 0

[19/Oct/2023:18:30:38] UPDATING PREPAGATI (JobID: 8a9bb16b-be2a-422d-8f49-9d842af58be6)
 - New and modified: 0

[19/Oct/2023:18:30:38] DELETING PREPAGATI (JobID: 8a9bb16b-be2a-422d-8f49-9d842af58be6)
 - Deleted: 0

[19/Oct/2023:19:00:23] UPDATING ACCOUNTS (JobID: efc2c541-60b7-4b96-a73c-666d377c3edf)
 - New and modified: 0

[19/Oct/2023:19:00:23] DELETING ACCOUNTS (JobID: efc2c541-60b7-4b96-a73c-666d377c3edf)
 - Deleted: 0

[19/Oct/2023:19:00:56] UPDATING PRODUCTS (JobID: 6d4d1a4c-68c9-4e3f-bc32-16c9feaf7256)
 - New and modified: 0

[19/Oct/2023:19:00:58] UPDATING PREPAGATI (JobID: beb37fd7-5d40-4016-8e5a-f3b016d7fa6d)
 - New and modified: 0

[19/Oct/2023:19:00:58] DELETING PREPAGATI (JobID: beb37fd7-5d40-4016-8e5a-f3b016d7fa6d)
 - Deleted: 0

[19/Oct/2023:19:30:04] UPDATING ACCOUNTS (JobID: 33d98fd4-f46d-4298-806d-47a17222ba3f)
 - New and modified: 0

[19/Oct/2023:19:30:04] DELETING ACCOUNTS (JobID: 33d98fd4-f46d-4298-806d-47a17222ba3f)
 - Deleted: 0

[19/Oct/2023:19:30:38] UPDATING PRODUCTS (JobID: 87cae0e5-67b4-4224-bc8d-37a301a67acb)
 - New and modified: 0

[19/Oct/2023:19:30:40] UPDATING PREPAGATI (JobID: dddac771-1a5e-4548-b9a9-254a353ad834)
 - New and modified: 0

[19/Oct/2023:19:30:40] DELETING PREPAGATI (JobID: dddac771-1a5e-4548-b9a9-254a353ad834)
 - Deleted: 0

[19/Oct/2023:20:00:09] UPDATING ACCOUNTS (JobID: 9ab179ed-fd48-471d-95ca-94c0eb5b4bd3)
 - New and modified: 0

[19/Oct/2023:20:00:09] DELETING ACCOUNTS (JobID: 9ab179ed-fd48-471d-95ca-94c0eb5b4bd3)
 - Deleted: 0

[19/Oct/2023:20:00:43] UPDATING PRODUCTS (JobID: c783c5f4-7438-442e-80f6-329690502077)
 - New and modified: 0

[19/Oct/2023:20:00:46] UPDATING PREPAGATI (JobID: 8347d3d5-2c5b-4085-8e28-2536114ffd15)
 - New and modified: 0

[19/Oct/2023:20:00:46] DELETING PREPAGATI (JobID: 8347d3d5-2c5b-4085-8e28-2536114ffd15)
 - Deleted: 0

[19/Oct/2023:20:30:04] UPDATING ACCOUNTS (JobID: 54849227-fd3f-49d9-a64f-d52efbe0810f)
 - New and modified: 0

[19/Oct/2023:20:30:04] DELETING ACCOUNTS (JobID: 54849227-fd3f-49d9-a64f-d52efbe0810f)
 - Deleted: 0

[19/Oct/2023:20:30:38] UPDATING PRODUCTS (JobID: c6b36562-c9fb-4108-90e5-b74a711f0ed0)
 - New and modified: 0

[19/Oct/2023:20:30:40] UPDATING PREPAGATI (JobID: aeb0f417-edf8-4224-befc-c4ea4ec83714)
 - New and modified: 0

[19/Oct/2023:20:30:40] DELETING PREPAGATI (JobID: aeb0f417-edf8-4224-befc-c4ea4ec83714)
 - Deleted: 0

[19/Oct/2023:21:00:04] UPDATING ACCOUNTS (JobID: be35db44-c93b-442a-a167-6b232060b748)
 - New and modified: 0

[19/Oct/2023:21:00:04] DELETING ACCOUNTS (JobID: be35db44-c93b-442a-a167-6b232060b748)
 - Deleted: 0

[19/Oct/2023:21:00:35] UPDATING PRODUCTS (JobID: 25c158bb-a10c-4625-837d-cb2d3c2ef064)
 - New and modified: 0

[19/Oct/2023:21:00:37] UPDATING PREPAGATI (JobID: 284cfb9e-9376-4d7c-8ddb-fe0ed07e8917)
 - New and modified: 0

[19/Oct/2023:21:00:37] DELETING PREPAGATI (JobID: 284cfb9e-9376-4d7c-8ddb-fe0ed07e8917)
 - Deleted: 0

[19/Oct/2023:21:30:07] UPDATING ACCOUNTS (JobID: 5c81caad-9761-4bf2-98e5-0cb4c2fa5cd7)
 - New and modified: 0

[19/Oct/2023:21:30:07] DELETING ACCOUNTS (JobID: 5c81caad-9761-4bf2-98e5-0cb4c2fa5cd7)
 - Deleted: 0

[19/Oct/2023:21:30:41] UPDATING PRODUCTS (JobID: ef7726e2-733b-4d7e-8edd-ec3e196b1f25)
 - New and modified: 0

[19/Oct/2023:21:30:45] UPDATING PREPAGATI (JobID: 3b4722de-177f-45b2-9de7-66945aa858ec)
 - New and modified: 0

[19/Oct/2023:21:30:45] DELETING PREPAGATI (JobID: 3b4722de-177f-45b2-9de7-66945aa858ec)
 - Deleted: 0

[19/Oct/2023:22:00:04] UPDATING ACCOUNTS (JobID: bc76957e-eb18-40b1-8917-eee4a2179594)
 - New and modified: 0

[19/Oct/2023:22:00:04] DELETING ACCOUNTS (JobID: bc76957e-eb18-40b1-8917-eee4a2179594)
 - Deleted: 0

[19/Oct/2023:22:00:37] UPDATING PRODUCTS (JobID: f48188dd-b4f3-4be5-8644-8d515db42747)
 - New and modified: 0

[19/Oct/2023:22:00:39] UPDATING PREPAGATI (JobID: 01d6365f-deb9-4d56-8274-b2f09e351381)
 - New and modified: 0

[19/Oct/2023:22:00:39] DELETING PREPAGATI (JobID: 01d6365f-deb9-4d56-8274-b2f09e351381)
 - Deleted: 0

