[01/Jul/2023:00:00:04] UPDATING ACCOUNTS (JobID: c9fbeb31-3584-4c9f-b4ef-f1ceafa291e0)
 - New and modified: 0

[01/Jul/2023:00:00:04] DELETING ACCOUNTS (JobID: c9fbeb31-3584-4c9f-b4ef-f1ceafa291e0)
 - Deleted: 0

[01/Jul/2023:00:00:35] UPDATING PRODUCTS (JobID: 302f4db2-c40a-43c0-a563-6cf4832329c0)
 - New and modified: 0

[01/Jul/2023:00:00:37] UPDATING PREPAGATI (JobID: 280cc3fa-9d78-4880-93fa-b8cf3bb72e48)
 - New and modified: 0

[01/Jul/2023:00:00:37] DELETING PREPAGATI (JobID: 280cc3fa-9d78-4880-93fa-b8cf3bb72e48)
 - Deleted: 0

[01/Jul/2023:00:10:05] UPDATING ACCOUNTS (JobID: 68a617e4-d469-4989-a295-61811f4fd5d2)
 - New and modified: 0

[01/Jul/2023:00:10:05] DELETING ACCOUNTS (JobID: 68a617e4-d469-4989-a295-61811f4fd5d2)
 - Deleted: 0

[01/Jul/2023:00:10:38] UPDATING PRODUCTS (JobID: e10d2f89-8090-433b-b41c-0e44631eb55d)
 - New and modified: 0

[01/Jul/2023:00:10:40] UPDATING PREPAGATI (JobID: 88493e39-46d4-43b1-a3cb-dcd2c6bc75bb)
 - New and modified: 0

[01/Jul/2023:00:10:40] DELETING PREPAGATI (JobID: 88493e39-46d4-43b1-a3cb-dcd2c6bc75bb)
 - Deleted: 0

[01/Jul/2023:00:30:04] UPDATING ACCOUNTS (JobID: 91447d6e-da2f-4193-a623-e151e09cbe4e)
 - New and modified: 0

[01/Jul/2023:00:30:04] DELETING ACCOUNTS (JobID: 91447d6e-da2f-4193-a623-e151e09cbe4e)
 - Deleted: 0

[01/Jul/2023:00:30:43] UPDATING PRODUCTS (JobID: 32261c98-859f-4a92-8964-7031a8fae241)
 - New and modified: 0

[01/Jul/2023:00:30:45] UPDATING PREPAGATI (JobID: 77f900ea-34b7-4ea0-b901-452caead52a0)
 - New and modified: 0

[01/Jul/2023:00:30:45] DELETING PREPAGATI (JobID: 77f900ea-34b7-4ea0-b901-452caead52a0)
 - Deleted: 0

[01/Jul/2023:00:50:04] UPDATING ACCOUNTS (JobID: 3e2f417c-0f54-447d-b8bf-9e5ac6f77f11)
 - New and modified: 0

[01/Jul/2023:00:50:04] DELETING ACCOUNTS (JobID: 3e2f417c-0f54-447d-b8bf-9e5ac6f77f11)
 - Deleted: 0

[01/Jul/2023:00:50:35] UPDATING PRODUCTS (JobID: b6270918-51c1-477a-bd55-780e516b40f3)
 - New and modified: 0

[01/Jul/2023:00:50:36] UPDATING PREPAGATI (JobID: ccc22aa1-7d5a-4c42-8c60-56c633edfd10)
 - New and modified: 0

[01/Jul/2023:00:50:36] DELETING PREPAGATI (JobID: ccc22aa1-7d5a-4c42-8c60-56c633edfd10)
 - Deleted: 0

[01/Jul/2023:01:00:04] UPDATING ACCOUNTS (JobID: e50e7dfe-08b0-4944-a50c-11b49d8ce6c3)
 - New and modified: 0

[01/Jul/2023:01:00:04] DELETING ACCOUNTS (JobID: e50e7dfe-08b0-4944-a50c-11b49d8ce6c3)
 - Deleted: 0

[01/Jul/2023:01:00:35] UPDATING PRODUCTS (JobID: f93481f6-2d91-4cbf-80e4-1f5693031ba9)
 - New and modified: 0

[01/Jul/2023:01:00:36] UPDATING PREPAGATI (JobID: 6d25511c-d8a8-43e4-9fb7-ddde0a4f1158)
 - New and modified: 0

[01/Jul/2023:01:00:36] DELETING PREPAGATI (JobID: 6d25511c-d8a8-43e4-9fb7-ddde0a4f1158)
 - Deleted: 0

[01/Jul/2023:01:30:04] UPDATING ACCOUNTS (JobID: 0acb43bd-34df-4fa8-aae4-b1f7704fa392)
 - New and modified: 0

[01/Jul/2023:01:30:04] DELETING ACCOUNTS (JobID: 0acb43bd-34df-4fa8-aae4-b1f7704fa392)
 - Deleted: 0

[01/Jul/2023:01:30:38] UPDATING PRODUCTS (JobID: a44461ad-2dde-49ac-9999-7038149220a2)
 - New and modified: 0

[01/Jul/2023:01:30:40] UPDATING PREPAGATI (JobID: c215f657-0e85-4105-b704-23990f04f607)
 - New and modified: 0

[01/Jul/2023:01:30:40] DELETING PREPAGATI (JobID: c215f657-0e85-4105-b704-23990f04f607)
 - Deleted: 0

[01/Jul/2023:02:10:12] UPDATING ACCOUNTS (JobID: a605d5ad-aec1-4def-9bfe-79c0fb37e99c)
 - New and modified: 0

[01/Jul/2023:02:10:12] DELETING ACCOUNTS (JobID: a605d5ad-aec1-4def-9bfe-79c0fb37e99c)
 - Deleted: 0

[01/Jul/2023:02:10:42] UPDATING PRODUCTS (JobID: 12566f2f-cf11-4cd5-adf1-c9f3defa5237)
 - New and modified: 0

[01/Jul/2023:02:10:45] UPDATING PREPAGATI (JobID: c61a0196-04aa-43a0-beda-598281b1c10e)
 - New and modified: 0

[01/Jul/2023:02:10:45] DELETING PREPAGATI (JobID: c61a0196-04aa-43a0-beda-598281b1c10e)
 - Deleted: 0

[01/Jul/2023:02:30:04] UPDATING ACCOUNTS (JobID: 9cd5f7ae-0ab1-425a-8e78-eaeda15770ba)
 - New and modified: 0

[01/Jul/2023:02:30:04] DELETING ACCOUNTS (JobID: 9cd5f7ae-0ab1-425a-8e78-eaeda15770ba)
 - Deleted: 0

[01/Jul/2023:02:30:36] UPDATING PRODUCTS (JobID: de740e14-f0f3-4fee-ba45-8f435302ebf4)
 - New and modified: 0

[01/Jul/2023:02:30:38] UPDATING PREPAGATI (JobID: fb01802a-d857-4eb8-a15c-b0a298d56537)
 - New and modified: 0

[01/Jul/2023:02:30:38] DELETING PREPAGATI (JobID: fb01802a-d857-4eb8-a15c-b0a298d56537)
 - Deleted: 0

[01/Jul/2023:03:20:03] UPDATING ACCOUNTS (JobID: d1c6f5ce-d095-45d9-b84e-2aa38f989e8c)
 - New and modified: 0

[01/Jul/2023:03:20:03] DELETING ACCOUNTS (JobID: d1c6f5ce-d095-45d9-b84e-2aa38f989e8c)
 - Deleted: 0

[01/Jul/2023:03:20:36] UPDATING PRODUCTS (JobID: 7b7ba8cd-c2aa-4652-9420-e61e598d87cd)
 - New and modified: 0

[01/Jul/2023:03:20:37] UPDATING PREPAGATI (JobID: ef3b6723-4d9a-4628-bf86-4753ec11bd5d)
 - New and modified: 0

[01/Jul/2023:03:20:37] DELETING PREPAGATI (JobID: ef3b6723-4d9a-4628-bf86-4753ec11bd5d)
 - Deleted: 0

[01/Jul/2023:04:30:05] UPDATING ACCOUNTS (JobID: 04ebc767-f914-4d39-84ea-7d3899f14ed0)
 - New and modified: 0

[01/Jul/2023:04:30:05] DELETING ACCOUNTS (JobID: 04ebc767-f914-4d39-84ea-7d3899f14ed0)
 - Deleted: 0

[01/Jul/2023:04:30:41] UPDATING PRODUCTS (JobID: a1586ffd-3ef7-4b74-a09b-50fa31aa208e)
 - New and modified: 0

[01/Jul/2023:04:30:43] UPDATING PREPAGATI (JobID: 6857f890-3aab-4ce0-8e3c-af4092d09647)
 - New and modified: 0

[01/Jul/2023:04:30:43] DELETING PREPAGATI (JobID: 6857f890-3aab-4ce0-8e3c-af4092d09647)
 - Deleted: 0

[01/Jul/2023:04:40:05] UPDATING ACCOUNTS (JobID: 9ea4556d-363e-4bcf-85f0-c394d95ecb94)
 - New and modified: 0

[01/Jul/2023:04:40:05] DELETING ACCOUNTS (JobID: 9ea4556d-363e-4bcf-85f0-c394d95ecb94)
 - Deleted: 0

[01/Jul/2023:04:40:38] UPDATING PRODUCTS (JobID: cfb00da8-f14b-4c5a-a869-b75c08b4d93b)
 - New and modified: 0

[01/Jul/2023:04:40:40] UPDATING PREPAGATI (JobID: dfb6445b-b83d-41bc-8046-a4f11119b0e0)
 - New and modified: 0

[01/Jul/2023:04:40:40] DELETING PREPAGATI (JobID: dfb6445b-b83d-41bc-8046-a4f11119b0e0)
 - Deleted: 0

[01/Jul/2023:05:10:04] UPDATING ACCOUNTS (JobID: bf5dd2f2-28a3-45f6-8956-181b527da11e)
 - New and modified: 0

[01/Jul/2023:05:10:04] DELETING ACCOUNTS (JobID: bf5dd2f2-28a3-45f6-8956-181b527da11e)
 - Deleted: 0

[01/Jul/2023:05:10:36] UPDATING PRODUCTS (JobID: b88cead0-6db6-444d-81c7-119506a0ff0e)
 - New and modified: 0

[01/Jul/2023:05:10:38] UPDATING PREPAGATI (JobID: 0a692e47-8285-4d07-ad3d-2deefd96e821)
 - New and modified: 0

[01/Jul/2023:05:10:38] DELETING PREPAGATI (JobID: 0a692e47-8285-4d07-ad3d-2deefd96e821)
 - Deleted: 0

[01/Jul/2023:05:20:04] UPDATING ACCOUNTS (JobID: 7cbceea0-7dc0-4b72-9b07-5db589a59b0c)
 - New and modified: 0

[01/Jul/2023:05:20:04] DELETING ACCOUNTS (JobID: 7cbceea0-7dc0-4b72-9b07-5db589a59b0c)
 - Deleted: 0

[01/Jul/2023:05:20:37] UPDATING PRODUCTS (JobID: 7bba5f47-44f3-4fc2-9c2d-2730745db9af)
 - New and modified: 0

[01/Jul/2023:05:20:39] UPDATING PREPAGATI (JobID: cb2bfa72-1906-4a5f-9595-81807cc612f1)
 - New and modified: 0

[01/Jul/2023:05:20:39] DELETING PREPAGATI (JobID: cb2bfa72-1906-4a5f-9595-81807cc612f1)
 - Deleted: 0

[01/Jul/2023:05:30:04] UPDATING ACCOUNTS (JobID: 1567f32d-b277-4193-86f0-ea6142d50458)
 - New and modified: 0

[01/Jul/2023:05:30:04] DELETING ACCOUNTS (JobID: 1567f32d-b277-4193-86f0-ea6142d50458)
 - Deleted: 0

[01/Jul/2023:05:30:36] UPDATING PRODUCTS (JobID: 77e4d802-ba27-4d65-a1fd-561445d3b998)
 - New and modified: 0

[01/Jul/2023:05:30:38] UPDATING PREPAGATI (JobID: 43dc3666-a41c-4dba-b58d-e1175c4d890a)
 - New and modified: 0

[01/Jul/2023:05:30:38] DELETING PREPAGATI (JobID: 43dc3666-a41c-4dba-b58d-e1175c4d890a)
 - Deleted: 0

[01/Jul/2023:05:40:04] UPDATING ACCOUNTS (JobID: b6f7c172-79cf-4239-9362-0d505bb080a9)
 - New and modified: 0

[01/Jul/2023:05:40:04] DELETING ACCOUNTS (JobID: b6f7c172-79cf-4239-9362-0d505bb080a9)
 - Deleted: 0

[01/Jul/2023:05:40:35] UPDATING PRODUCTS (JobID: 5dc89c69-50dc-4aae-9a3f-e31657ea548c)
 - New and modified: 0

[01/Jul/2023:05:40:36] UPDATING PREPAGATI (JobID: ed6d2e53-2b1f-45b4-84ab-ef49a3f3944c)
 - New and modified: 0

[01/Jul/2023:05:40:36] DELETING PREPAGATI (JobID: ed6d2e53-2b1f-45b4-84ab-ef49a3f3944c)
 - Deleted: 0

[01/Jul/2023:06:10:04] UPDATING ACCOUNTS (JobID: 3bbbf049-da1f-4c19-97c2-d3b6ef069e80)
 - New and modified: 0

[01/Jul/2023:06:10:04] DELETING ACCOUNTS (JobID: 3bbbf049-da1f-4c19-97c2-d3b6ef069e80)
 - Deleted: 0

[01/Jul/2023:06:10:36] UPDATING PRODUCTS (JobID: 34bfadf7-9db3-4052-a2a9-a339ef44ddb7)
 - New and modified: 0

[01/Jul/2023:06:10:38] UPDATING PREPAGATI (JobID: d6ad3c8f-588f-4b8e-9d95-bf9434050f18)
 - New and modified: 0

[01/Jul/2023:06:10:38] DELETING PREPAGATI (JobID: d6ad3c8f-588f-4b8e-9d95-bf9434050f18)
 - Deleted: 0

[01/Jul/2023:06:20:04] UPDATING ACCOUNTS (JobID: 376cd0ee-f89d-481e-8a2a-0f0ab86e043c)
 - New and modified: 0

[01/Jul/2023:06:20:04] DELETING ACCOUNTS (JobID: 376cd0ee-f89d-481e-8a2a-0f0ab86e043c)
 - Deleted: 0

[01/Jul/2023:06:20:37] UPDATING PRODUCTS (JobID: 8e801159-4830-4446-b104-f0fff4701158)
 - New and modified: 0

[01/Jul/2023:06:20:39] UPDATING PREPAGATI (JobID: 69783e07-32fe-4bf3-b6ec-7eddf5eca92f)
 - New and modified: 0

[01/Jul/2023:06:20:39] DELETING PREPAGATI (JobID: 69783e07-32fe-4bf3-b6ec-7eddf5eca92f)
 - Deleted: 0

[01/Jul/2023:06:30:04] UPDATING ACCOUNTS (JobID: fa21e4e3-830c-4063-900c-09d2d64f9a41)
 - New and modified: 0

[01/Jul/2023:06:30:04] DELETING ACCOUNTS (JobID: fa21e4e3-830c-4063-900c-09d2d64f9a41)
 - Deleted: 0

[01/Jul/2023:06:30:36] UPDATING PRODUCTS (JobID: bd3bedfe-e9dd-45ca-b17e-0e9bff8f379a)
 - New and modified: 0

[01/Jul/2023:06:30:38] UPDATING PREPAGATI (JobID: c2d66e93-1463-4873-a79d-44bb75805dba)
 - New and modified: 0

[01/Jul/2023:06:30:38] DELETING PREPAGATI (JobID: c2d66e93-1463-4873-a79d-44bb75805dba)
 - Deleted: 0

[01/Jul/2023:07:20:05] UPDATING ACCOUNTS (JobID: edf33658-7b6a-4695-a176-9ee7f72dbee5)
 - New and modified: 0

[01/Jul/2023:07:20:05] DELETING ACCOUNTS (JobID: edf33658-7b6a-4695-a176-9ee7f72dbee5)
 - Deleted: 0

[01/Jul/2023:07:20:39] UPDATING PRODUCTS (JobID: dc927e8e-b398-4aa6-9b8c-9b479b1feba8)
 - New and modified: 0

[01/Jul/2023:07:20:41] UPDATING PREPAGATI (JobID: bd8fa028-eab8-4c78-ae5a-e792ed810666)
 - New and modified: 0

[01/Jul/2023:07:20:41] DELETING PREPAGATI (JobID: bd8fa028-eab8-4c78-ae5a-e792ed810666)
 - Deleted: 0

[01/Jul/2023:07:40:05] UPDATING ACCOUNTS (JobID: b8c449f5-0523-4c3c-a957-b82fca495780)
 - New and modified: 0

[01/Jul/2023:07:40:05] DELETING ACCOUNTS (JobID: b8c449f5-0523-4c3c-a957-b82fca495780)
 - Deleted: 0

[01/Jul/2023:07:40:53] UPDATING PRODUCTS (JobID: d46ba0f3-6e12-472d-b29a-8d4ccf095464)
 - New and modified: 0

[01/Jul/2023:07:40:55] UPDATING PREPAGATI (JobID: 62b9a300-8f1d-4a87-9ab4-ff241bc85fdf)
 - New and modified: 0

[01/Jul/2023:07:40:55] DELETING PREPAGATI (JobID: 62b9a300-8f1d-4a87-9ab4-ff241bc85fdf)
 - Deleted: 0

[01/Jul/2023:08:10:04] UPDATING ACCOUNTS (JobID: 47d18110-5713-4b4e-8025-8025e70fa557)
 - New and modified: 0

[01/Jul/2023:08:10:04] DELETING ACCOUNTS (JobID: 47d18110-5713-4b4e-8025-8025e70fa557)
 - Deleted: 0

[01/Jul/2023:08:10:38] UPDATING PRODUCTS (JobID: df051011-0903-4d3d-9566-acc6e58fcb4e)
 - New and modified: 0

[01/Jul/2023:08:10:39] UPDATING PREPAGATI (JobID: 8f3f5c77-272d-4a34-a832-5f85593fba31)
 - New and modified: 0

[01/Jul/2023:08:10:39] DELETING PREPAGATI (JobID: 8f3f5c77-272d-4a34-a832-5f85593fba31)
 - Deleted: 0

[01/Jul/2023:08:20:04] UPDATING ACCOUNTS (JobID: cfc90a01-5849-4d8b-b515-141fa3f3f909)
 - New and modified: 0

[01/Jul/2023:08:20:04] DELETING ACCOUNTS (JobID: cfc90a01-5849-4d8b-b515-141fa3f3f909)
 - Deleted: 0

[01/Jul/2023:08:20:38] UPDATING PRODUCTS (JobID: 756877dd-8a85-4193-b9b8-9f81b2154c03)
 - New and modified: 0

[01/Jul/2023:08:20:40] UPDATING PREPAGATI (JobID: 18a50c54-ad47-4c9c-99a5-a983a88d1f2e)
 - New and modified: 0

[01/Jul/2023:08:20:40] DELETING PREPAGATI (JobID: 18a50c54-ad47-4c9c-99a5-a983a88d1f2e)
 - Deleted: 0

[01/Jul/2023:09:00:04] UPDATING ACCOUNTS (JobID: 42698282-4fd8-40b6-9b8c-f69021a9308c)
 - New and modified: 0

[01/Jul/2023:09:00:04] DELETING ACCOUNTS (JobID: 42698282-4fd8-40b6-9b8c-f69021a9308c)
 - Deleted: 0

[01/Jul/2023:09:00:39] UPDATING PRODUCTS (JobID: a88d1f6a-9c42-4a6c-91ae-74b45d81a622)
 - New and modified: 0

[01/Jul/2023:09:00:41] UPDATING PREPAGATI (JobID: ca9de238-f04b-4321-bd3a-5d47e48b5041)
 - New and modified: 0

[01/Jul/2023:09:00:41] DELETING PREPAGATI (JobID: ca9de238-f04b-4321-bd3a-5d47e48b5041)
 - Deleted: 0

[01/Jul/2023:09:10:05] UPDATING ACCOUNTS (JobID: 90a174a7-9836-44ec-83a2-a180b542e1c7)
 - New and modified: 0

[01/Jul/2023:09:10:05] DELETING ACCOUNTS (JobID: 90a174a7-9836-44ec-83a2-a180b542e1c7)
 - Deleted: 0

[01/Jul/2023:09:10:37] UPDATING PRODUCTS (JobID: e18dad04-7fb8-4251-8e05-846843ee7df8)
 - New and modified: 0

[01/Jul/2023:09:10:39] UPDATING PREPAGATI (JobID: 5f695504-9f46-418c-81f7-7eb6a410ed70)
 - New and modified: 0

[01/Jul/2023:09:10:39] DELETING PREPAGATI (JobID: 5f695504-9f46-418c-81f7-7eb6a410ed70)
 - Deleted: 0

[01/Jul/2023:09:20:04] UPDATING ACCOUNTS (JobID: 6b18a6d6-59aa-41b2-98c8-d0ebbbad61b4)
 - New and modified: 0

[01/Jul/2023:09:20:04] DELETING ACCOUNTS (JobID: 6b18a6d6-59aa-41b2-98c8-d0ebbbad61b4)
 - Deleted: 0

[01/Jul/2023:09:20:39] UPDATING PRODUCTS (JobID: 3730aa9c-4d70-430e-84d4-ac09d856ee4e)
 - New and modified: 0

[01/Jul/2023:09:20:41] UPDATING PREPAGATI (JobID: d4e52bb9-9f2c-41ef-9843-3cc5c886bb26)
 - New and modified: 0

[01/Jul/2023:09:20:41] DELETING PREPAGATI (JobID: d4e52bb9-9f2c-41ef-9843-3cc5c886bb26)
 - Deleted: 0

[01/Jul/2023:09:50:04] UPDATING ACCOUNTS (JobID: ed6b7557-2e02-41ef-a432-2e38529c2b97)
 - New and modified: 0

[01/Jul/2023:09:50:04] DELETING ACCOUNTS (JobID: ed6b7557-2e02-41ef-a432-2e38529c2b97)
 - Deleted: 0

[01/Jul/2023:09:50:36] UPDATING PRODUCTS (JobID: 410a220e-0a4d-4bc9-9fec-593df57b3bb9)
 - New and modified: 0

[01/Jul/2023:09:50:38] UPDATING PREPAGATI (JobID: 3d64625b-bce1-4305-a38c-c0437f92d444)
 - New and modified: 0

[01/Jul/2023:09:50:38] DELETING PREPAGATI (JobID: 3d64625b-bce1-4305-a38c-c0437f92d444)
 - Deleted: 0

[01/Jul/2023:10:00:04] UPDATING ACCOUNTS (JobID: 350a1d41-ae2d-4c36-9d59-96d0d5838321)
 - New and modified: 0

[01/Jul/2023:10:00:04] DELETING ACCOUNTS (JobID: 350a1d41-ae2d-4c36-9d59-96d0d5838321)
 - Deleted: 0

[01/Jul/2023:10:00:37] UPDATING PRODUCTS (JobID: a5a669f3-5908-4b7c-a2a8-ef4db19f12e1)
 - New and modified: 0

[01/Jul/2023:10:00:39] UPDATING PREPAGATI (JobID: 13b060b1-c61b-4c08-97e8-7c7b9626388c)
 - New and modified: 0

[01/Jul/2023:10:00:39] DELETING PREPAGATI (JobID: 13b060b1-c61b-4c08-97e8-7c7b9626388c)
 - Deleted: 0

[01/Jul/2023:10:10:04] UPDATING ACCOUNTS (JobID: 3a5cda7b-02f0-47ff-97d8-4020388fbc6a)
 - New and modified: 0

[01/Jul/2023:10:10:04] DELETING ACCOUNTS (JobID: 3a5cda7b-02f0-47ff-97d8-4020388fbc6a)
 - Deleted: 0

[01/Jul/2023:10:10:36] UPDATING PRODUCTS (JobID: 504b136c-38f0-4cdf-84fe-dc05fa47992b)
 - New and modified: 0

[01/Jul/2023:10:10:38] UPDATING PREPAGATI (JobID: 98ac2c92-490b-4ce9-8839-aa6714c8f7aa)
 - New and modified: 0

[01/Jul/2023:10:10:38] DELETING PREPAGATI (JobID: 98ac2c92-490b-4ce9-8839-aa6714c8f7aa)
 - Deleted: 0

[01/Jul/2023:10:40:04] UPDATING ACCOUNTS (JobID: f25f7429-840c-407a-bf25-1f1030bdb6b2)
 - New and modified: 0

[01/Jul/2023:10:40:04] DELETING ACCOUNTS (JobID: f25f7429-840c-407a-bf25-1f1030bdb6b2)
 - Deleted: 0

[01/Jul/2023:10:40:35] UPDATING PRODUCTS (JobID: 5c41ce19-db41-4caf-9e02-7f8cb4a24418)
 - New and modified: 0

[01/Jul/2023:10:40:37] UPDATING PREPAGATI (JobID: 6723117b-ff07-4f93-96b5-ce757589c304)
 - New and modified: 0

[01/Jul/2023:10:40:37] DELETING PREPAGATI (JobID: 6723117b-ff07-4f93-96b5-ce757589c304)
 - Deleted: 0

[01/Jul/2023:10:50:04] UPDATING ACCOUNTS (JobID: 306babec-3d4b-42bd-a442-81f03688dae1)
 - New and modified: 0

[01/Jul/2023:10:50:04] DELETING ACCOUNTS (JobID: 306babec-3d4b-42bd-a442-81f03688dae1)
 - Deleted: 0

[01/Jul/2023:10:50:37] UPDATING PRODUCTS (JobID: f9629eca-fa12-4e76-836a-f7ea74eb618e)
 - New and modified: 0

[01/Jul/2023:10:50:39] UPDATING PREPAGATI (JobID: 957d5d14-a831-4143-b1c2-cc4cdb87770d)
 - New and modified: 0

[01/Jul/2023:10:50:39] DELETING PREPAGATI (JobID: 957d5d14-a831-4143-b1c2-cc4cdb87770d)
 - Deleted: 0

[01/Jul/2023:11:30:04] UPDATING ACCOUNTS (JobID: bf5c8a8d-88ec-4c94-9197-85e2e543cdb8)
 - New and modified: 0

[01/Jul/2023:11:30:04] DELETING ACCOUNTS (JobID: bf5c8a8d-88ec-4c94-9197-85e2e543cdb8)
 - Deleted: 0

[01/Jul/2023:11:30:38] UPDATING PRODUCTS (JobID: ee9f9fb3-db2e-4784-99cb-f1c54b088601)
 - New and modified: 0

[01/Jul/2023:11:30:39] UPDATING PREPAGATI (JobID: 8273aa5a-33d0-4123-acad-c1c49b3ee874)
 - New and modified: 0

[01/Jul/2023:11:30:39] DELETING PREPAGATI (JobID: 8273aa5a-33d0-4123-acad-c1c49b3ee874)
 - Deleted: 0

[01/Jul/2023:12:00:04] UPDATING ACCOUNTS (JobID: 858e88c5-24b5-469f-b875-424024c3e337)
 - New and modified: 0

[01/Jul/2023:12:00:04] DELETING ACCOUNTS (JobID: 858e88c5-24b5-469f-b875-424024c3e337)
 - Deleted: 0

[01/Jul/2023:12:00:38] UPDATING PRODUCTS (JobID: dab3959a-a3ab-404f-9295-3f5420c6b20a)
 - New and modified: 0

[01/Jul/2023:12:00:40] UPDATING PREPAGATI (JobID: c767acea-eb77-4331-b5b4-dece7d32b458)
 - New and modified: 0

[01/Jul/2023:12:00:40] DELETING PREPAGATI (JobID: c767acea-eb77-4331-b5b4-dece7d32b458)
 - Deleted: 0

[01/Jul/2023:12:30:05] UPDATING ACCOUNTS (JobID: 4315b1c2-2446-4122-8e5e-128814f4e90e)
 - New and modified: 0

[01/Jul/2023:12:30:05] DELETING ACCOUNTS (JobID: 4315b1c2-2446-4122-8e5e-128814f4e90e)
 - Deleted: 0

[01/Jul/2023:12:30:42] UPDATING PRODUCTS (JobID: db5e03a5-782f-4312-9251-d8d5ad3f9538)
 - New and modified: 0

[01/Jul/2023:12:30:44] UPDATING PREPAGATI (JobID: f6118ada-de8e-4dd2-adc5-27591e3676a3)
 - New and modified: 0

[01/Jul/2023:12:30:44] DELETING PREPAGATI (JobID: f6118ada-de8e-4dd2-adc5-27591e3676a3)
 - Deleted: 0

[01/Jul/2023:12:40:04] UPDATING ACCOUNTS (JobID: 44e946c7-6796-4e10-bac3-75d2213e8874)
 - New and modified: 0

[01/Jul/2023:12:40:04] DELETING ACCOUNTS (JobID: 44e946c7-6796-4e10-bac3-75d2213e8874)
 - Deleted: 0

[01/Jul/2023:12:40:37] UPDATING PRODUCTS (JobID: 36f0384c-64b8-4d70-affb-097aeea94808)
 - New and modified: 0

[01/Jul/2023:12:40:39] UPDATING PREPAGATI (JobID: 6c05f873-3b04-4afd-85e4-ef23397b46b3)
 - New and modified: 0

[01/Jul/2023:12:40:39] DELETING PREPAGATI (JobID: 6c05f873-3b04-4afd-85e4-ef23397b46b3)
 - Deleted: 0

[01/Jul/2023:13:20:03] UPDATING ACCOUNTS (JobID: ae4f35af-a5ff-4fd6-8bd4-caabf77ee94c)
 - New and modified: 0

[01/Jul/2023:13:20:03] DELETING ACCOUNTS (JobID: ae4f35af-a5ff-4fd6-8bd4-caabf77ee94c)
 - Deleted: 0

[01/Jul/2023:13:20:35] UPDATING PRODUCTS (JobID: 6aefce3f-70ef-463d-872e-a349cc3c77f2)
 - New and modified: 0

[01/Jul/2023:13:20:37] UPDATING PREPAGATI (JobID: 749eef46-791e-478a-8af5-816242e6c84f)
 - New and modified: 0

[01/Jul/2023:13:20:37] DELETING PREPAGATI (JobID: 749eef46-791e-478a-8af5-816242e6c84f)
 - Deleted: 0

[01/Jul/2023:13:40:04] UPDATING ACCOUNTS (JobID: a04dc4f9-210c-4410-8a3f-acf3912afca4)
 - New and modified: 0

[01/Jul/2023:13:40:04] DELETING ACCOUNTS (JobID: a04dc4f9-210c-4410-8a3f-acf3912afca4)
 - Deleted: 0

[01/Jul/2023:13:40:42] UPDATING PRODUCTS (JobID: e5948d69-3b33-4508-9fbd-ac9f07e087cd)
 - New and modified: 0

[01/Jul/2023:13:40:44] UPDATING PREPAGATI (JobID: 7e9aa136-fff7-4cdd-b3bc-9db9c7ad15bd)
 - New and modified: 0

[01/Jul/2023:13:40:44] DELETING PREPAGATI (JobID: 7e9aa136-fff7-4cdd-b3bc-9db9c7ad15bd)
 - Deleted: 0

[01/Jul/2023:13:50:04] UPDATING ACCOUNTS (JobID: 6597bec4-c6f3-4381-b03e-6e6645ac63d2)
 - New and modified: 0

[01/Jul/2023:13:50:04] DELETING ACCOUNTS (JobID: 6597bec4-c6f3-4381-b03e-6e6645ac63d2)
 - Deleted: 0

[01/Jul/2023:13:50:40] UPDATING PRODUCTS (JobID: 6d28d2e1-a5bb-49ef-bbbe-9a291bffb860)
 - New and modified: 0

[01/Jul/2023:13:50:42] UPDATING PREPAGATI (JobID: 91c8d248-2ef9-4fd0-b960-a2230abdb412)
 - New and modified: 0

[01/Jul/2023:13:50:42] DELETING PREPAGATI (JobID: 91c8d248-2ef9-4fd0-b960-a2230abdb412)
 - Deleted: 0

[01/Jul/2023:14:30:05] UPDATING ACCOUNTS (JobID: 1cfb7a93-d90a-4e54-9260-ac90727474e5)
 - New and modified: 0

[01/Jul/2023:14:30:05] DELETING ACCOUNTS (JobID: 1cfb7a93-d90a-4e54-9260-ac90727474e5)
 - Deleted: 0

[01/Jul/2023:14:30:47] UPDATING PRODUCTS (JobID: a22225fe-711d-4bfd-961b-48324c2b7625)
 - New and modified: 0

[01/Jul/2023:14:30:50] UPDATING PREPAGATI (JobID: 74d5c3a8-11a7-4b46-b6cb-8820aea1eeb9)
 - New and modified: 0

[01/Jul/2023:14:30:50] DELETING PREPAGATI (JobID: 74d5c3a8-11a7-4b46-b6cb-8820aea1eeb9)
 - Deleted: 0

[01/Jul/2023:14:50:04] UPDATING ACCOUNTS (JobID: f30675f4-8ac1-4b9e-9e9b-9742bf3174a2)
 - New and modified: 0

[01/Jul/2023:14:50:04] DELETING ACCOUNTS (JobID: f30675f4-8ac1-4b9e-9e9b-9742bf3174a2)
 - Deleted: 0

[01/Jul/2023:14:50:42] UPDATING PRODUCTS (JobID: 29043a3a-3772-42bb-aec0-fa5e57799089)
 - New and modified: 0

[01/Jul/2023:14:50:44] UPDATING PREPAGATI (JobID: 00329157-fafb-4399-bc53-5ef51a7e93da)
 - New and modified: 0

[01/Jul/2023:14:50:44] DELETING PREPAGATI (JobID: 00329157-fafb-4399-bc53-5ef51a7e93da)
 - Deleted: 0

[01/Jul/2023:15:00:04] UPDATING ACCOUNTS (JobID: 3a0cb901-4d57-4399-a455-3c17549e4522)
 - New and modified: 0

[01/Jul/2023:15:00:05] DELETING ACCOUNTS (JobID: 3a0cb901-4d57-4399-a455-3c17549e4522)
 - Deleted: 0

[01/Jul/2023:15:00:43] UPDATING PRODUCTS (JobID: da8afe8e-5d3f-46f0-bec1-461351d399b8)
 - New and modified: 0

[01/Jul/2023:15:00:45] UPDATING PREPAGATI (JobID: 1f996829-78c3-4936-bae0-158c9ae0dc8a)
 - New and modified: 0

[01/Jul/2023:15:00:45] DELETING PREPAGATI (JobID: 1f996829-78c3-4936-bae0-158c9ae0dc8a)
 - Deleted: 0

[01/Jul/2023:15:10:04] UPDATING ACCOUNTS (JobID: c0e26953-167b-47e3-a484-3eb80cf3feb2)
 - New and modified: 0

[01/Jul/2023:15:10:04] DELETING ACCOUNTS (JobID: c0e26953-167b-47e3-a484-3eb80cf3feb2)
 - Deleted: 0

[01/Jul/2023:15:10:39] UPDATING PRODUCTS (JobID: db4c9651-02b9-4f3e-a46d-2065fa306193)
 - New and modified: 0

[01/Jul/2023:15:10:41] UPDATING PREPAGATI (JobID: fd35152f-d1a3-4896-88ab-4baa0aae556a)
 - New and modified: 0

[01/Jul/2023:15:10:41] DELETING PREPAGATI (JobID: fd35152f-d1a3-4896-88ab-4baa0aae556a)
 - Deleted: 0

[01/Jul/2023:15:20:04] UPDATING ACCOUNTS (JobID: ab53909e-839e-4f86-8e69-66c5543969fd)
 - New and modified: 0

[01/Jul/2023:15:20:04] DELETING ACCOUNTS (JobID: ab53909e-839e-4f86-8e69-66c5543969fd)
 - Deleted: 0

[01/Jul/2023:15:20:41] UPDATING PRODUCTS (JobID: 3980c8de-b766-4473-a683-375f9c735bef)
 - New and modified: 0

[01/Jul/2023:15:20:43] UPDATING PREPAGATI (JobID: c92323b6-2a99-43a4-97d0-85c241ff85d4)
 - New and modified: 0

[01/Jul/2023:15:20:43] DELETING PREPAGATI (JobID: c92323b6-2a99-43a4-97d0-85c241ff85d4)
 - Deleted: 0

[01/Jul/2023:16:10:05] UPDATING ACCOUNTS (JobID: 66f40ada-ea79-4c77-901d-86401433093f)
 - New and modified: 0

[01/Jul/2023:16:10:05] DELETING ACCOUNTS (JobID: 66f40ada-ea79-4c77-901d-86401433093f)
 - Deleted: 0

[01/Jul/2023:16:10:43] UPDATING PRODUCTS (JobID: f5fa08cd-2f34-42cf-8ba0-3bad15b90f04)
 - New and modified: 0

[01/Jul/2023:16:10:46] UPDATING PREPAGATI (JobID: 4e8789c7-5aa0-4112-b9f3-efd5f139a7e5)
 - New and modified: 0

[01/Jul/2023:16:10:46] DELETING PREPAGATI (JobID: 4e8789c7-5aa0-4112-b9f3-efd5f139a7e5)
 - Deleted: 0

[01/Jul/2023:16:40:05] UPDATING ACCOUNTS (JobID: f0930c1b-94c5-462b-b54c-9152b27b91e2)
 - New and modified: 0

[01/Jul/2023:16:40:05] DELETING ACCOUNTS (JobID: f0930c1b-94c5-462b-b54c-9152b27b91e2)
 - Deleted: 0

[01/Jul/2023:16:40:43] UPDATING PRODUCTS (JobID: 865389ef-6767-4505-b9f6-01204a8d6d09)
 - New and modified: 0

[01/Jul/2023:16:40:45] UPDATING PREPAGATI (JobID: fcd7668a-a5d4-4fff-ac6a-6cb8dc65d639)
 - New and modified: 0

[01/Jul/2023:16:40:45] DELETING PREPAGATI (JobID: fcd7668a-a5d4-4fff-ac6a-6cb8dc65d639)
 - Deleted: 0

[01/Jul/2023:17:00:04] UPDATING ACCOUNTS (JobID: dad3a40b-5c95-40b1-8eeb-5d7815e1ec06)
 - New and modified: 0

[01/Jul/2023:17:00:04] DELETING ACCOUNTS (JobID: dad3a40b-5c95-40b1-8eeb-5d7815e1ec06)
 - Deleted: 0

[01/Jul/2023:17:00:41] UPDATING PRODUCTS (JobID: 29c1a985-5d77-4111-96b9-c71acc3ed8b1)
 - New and modified: 0

[01/Jul/2023:17:00:43] UPDATING PREPAGATI (JobID: e088bc5a-1e96-42e3-a8f6-c40b68c1ead6)
 - New and modified: 0

[01/Jul/2023:17:00:43] DELETING PREPAGATI (JobID: e088bc5a-1e96-42e3-a8f6-c40b68c1ead6)
 - Deleted: 0

[01/Jul/2023:17:40:05] UPDATING ACCOUNTS (JobID: b517935a-016f-4fff-bea2-02c3f47cb9f5)
 - New and modified: 0

[01/Jul/2023:17:40:05] DELETING ACCOUNTS (JobID: b517935a-016f-4fff-bea2-02c3f47cb9f5)
 - Deleted: 0

[01/Jul/2023:17:40:40] UPDATING PRODUCTS (JobID: 7023da89-25fa-4f98-9889-987d2bc0f179)
 - New and modified: 0

[01/Jul/2023:17:40:42] UPDATING PREPAGATI (JobID: e0e5a30a-e374-4c14-81b2-8bee24414a25)
 - New and modified: 0

[01/Jul/2023:17:40:42] DELETING PREPAGATI (JobID: e0e5a30a-e374-4c14-81b2-8bee24414a25)
 - Deleted: 0

[01/Jul/2023:18:00:07] UPDATING ACCOUNTS (JobID: fb102a59-be4b-4ab9-a7b3-ed884cb03e93)
 - New and modified: 0

[01/Jul/2023:18:00:07] DELETING ACCOUNTS (JobID: fb102a59-be4b-4ab9-a7b3-ed884cb03e93)
 - Deleted: 0

[01/Jul/2023:18:00:44] UPDATING PRODUCTS (JobID: a6a95a03-01d4-4eb2-a092-a96fba38cac8)
 - New and modified: 0

[01/Jul/2023:18:00:47] UPDATING PREPAGATI (JobID: c1cd242a-aabf-429a-8a3e-7eaac84433c8)
 - New and modified: 0

[01/Jul/2023:18:00:47] DELETING PREPAGATI (JobID: c1cd242a-aabf-429a-8a3e-7eaac84433c8)
 - Deleted: 0

[01/Jul/2023:18:40:04] UPDATING ACCOUNTS (JobID: 91750281-d32c-4cc5-93d5-5da2fe600d76)
 - New and modified: 0

[01/Jul/2023:18:40:04] DELETING ACCOUNTS (JobID: 91750281-d32c-4cc5-93d5-5da2fe600d76)
 - Deleted: 0

[01/Jul/2023:18:40:39] UPDATING PRODUCTS (JobID: 23b1c944-89d6-4cd1-ab63-69beca603f52)
 - New and modified: 0

[01/Jul/2023:18:40:40] UPDATING PREPAGATI (JobID: a3756b7c-9349-408c-9f1b-7ff57fe5c4d6)
 - New and modified: 0

[01/Jul/2023:18:40:40] DELETING PREPAGATI (JobID: a3756b7c-9349-408c-9f1b-7ff57fe5c4d6)
 - Deleted: 0

[01/Jul/2023:18:50:05] UPDATING ACCOUNTS (JobID: 02ac7c15-1dbf-4229-9a08-545054049584)
 - New and modified: 0

[01/Jul/2023:18:50:05] DELETING ACCOUNTS (JobID: 02ac7c15-1dbf-4229-9a08-545054049584)
 - Deleted: 0

[01/Jul/2023:18:50:40] UPDATING PRODUCTS (JobID: 0322190f-f743-4d92-abd4-b3f40cd74720)
 - New and modified: 0

[01/Jul/2023:18:50:42] UPDATING PREPAGATI (JobID: 0c38085e-3497-4cbd-8ef9-770148bffd66)
 - New and modified: 0

[01/Jul/2023:18:50:42] DELETING PREPAGATI (JobID: 0c38085e-3497-4cbd-8ef9-770148bffd66)
 - Deleted: 0

[01/Jul/2023:19:00:05] UPDATING ACCOUNTS (JobID: 8a6d2ec9-ab2c-4f8e-aeef-f627521965f5)
 - New and modified: 0

[01/Jul/2023:19:00:05] DELETING ACCOUNTS (JobID: 8a6d2ec9-ab2c-4f8e-aeef-f627521965f5)
 - Deleted: 0

[01/Jul/2023:19:00:43] UPDATING PRODUCTS (JobID: 58048432-f8bd-4e6e-bf45-33adc723aeca)
 - New and modified: 0

[01/Jul/2023:19:00:45] UPDATING PREPAGATI (JobID: 7fcefd20-a66e-4a18-ab63-6358ba184cd0)
 - New and modified: 0

[01/Jul/2023:19:00:45] DELETING PREPAGATI (JobID: 7fcefd20-a66e-4a18-ab63-6358ba184cd0)
 - Deleted: 0

[01/Jul/2023:19:10:04] UPDATING ACCOUNTS (JobID: 1bfe7283-c7be-4359-b6ca-b96326b2fa18)
 - New and modified: 0

[01/Jul/2023:19:10:04] DELETING ACCOUNTS (JobID: 1bfe7283-c7be-4359-b6ca-b96326b2fa18)
 - Deleted: 0

[01/Jul/2023:19:10:38] UPDATING PRODUCTS (JobID: 8bc67404-3f24-49e3-aed4-c27b5460b502)
 - New and modified: 0

[01/Jul/2023:19:10:39] UPDATING PREPAGATI (JobID: 20cd3939-f626-4cbf-81dc-23492c360264)
 - New and modified: 0

[01/Jul/2023:19:10:39] DELETING PREPAGATI (JobID: 20cd3939-f626-4cbf-81dc-23492c360264)
 - Deleted: 0

[01/Jul/2023:19:30:05] UPDATING ACCOUNTS (JobID: 94217e76-12d5-47c8-aa89-9452fe4b0c02)
 - New and modified: 0

[01/Jul/2023:19:30:05] DELETING ACCOUNTS (JobID: 94217e76-12d5-47c8-aa89-9452fe4b0c02)
 - Deleted: 0

[01/Jul/2023:19:30:40] UPDATING PRODUCTS (JobID: 14e0c6ce-f62b-41b4-b890-326c53153080)
 - New and modified: 0

[01/Jul/2023:19:30:42] UPDATING PREPAGATI (JobID: d9c1ec77-dc7a-48e5-aa34-25277d611419)
 - New and modified: 0

[01/Jul/2023:19:30:42] DELETING PREPAGATI (JobID: d9c1ec77-dc7a-48e5-aa34-25277d611419)
 - Deleted: 0

[01/Jul/2023:20:10:04] UPDATING ACCOUNTS (JobID: f2ebedd9-10fc-48bb-a6e8-75661a3a42ec)
 - New and modified: 0

[01/Jul/2023:20:10:04] DELETING ACCOUNTS (JobID: f2ebedd9-10fc-48bb-a6e8-75661a3a42ec)
 - Deleted: 0

[01/Jul/2023:20:10:37] UPDATING PRODUCTS (JobID: 7df9ecd6-820f-403f-8088-9e31aea853bd)
 - New and modified: 0

[01/Jul/2023:20:10:39] UPDATING PREPAGATI (JobID: f36f0dca-5e96-4bdb-bf2a-deaf43615984)
 - New and modified: 0

[01/Jul/2023:20:10:39] DELETING PREPAGATI (JobID: f36f0dca-5e96-4bdb-bf2a-deaf43615984)
 - Deleted: 0

[01/Jul/2023:20:20:05] UPDATING ACCOUNTS (JobID: f33fed0f-a245-48b6-9890-a7043241133f)
 - New and modified: 0

[01/Jul/2023:20:20:05] DELETING ACCOUNTS (JobID: f33fed0f-a245-48b6-9890-a7043241133f)
 - Deleted: 0

[01/Jul/2023:20:20:38] UPDATING PRODUCTS (JobID: 06de4cfe-0b34-4a91-8651-aa335e5f0e8a)
 - New and modified: 0

[01/Jul/2023:20:20:40] UPDATING PREPAGATI (JobID: 37e3ac75-06bc-4c2e-965f-17859ad14470)
 - New and modified: 0

[01/Jul/2023:20:20:40] DELETING PREPAGATI (JobID: 37e3ac75-06bc-4c2e-965f-17859ad14470)
 - Deleted: 0

[01/Jul/2023:20:30:04] UPDATING ACCOUNTS (JobID: c56c3f7e-f3bb-40ce-a3dd-51fb3f39106d)
 - New and modified: 0

[01/Jul/2023:20:30:04] DELETING ACCOUNTS (JobID: c56c3f7e-f3bb-40ce-a3dd-51fb3f39106d)
 - Deleted: 0

[01/Jul/2023:20:30:37] UPDATING PRODUCTS (JobID: 96a4de62-7dc5-4164-b50c-b7ee52797ea7)
 - New and modified: 0

[01/Jul/2023:20:30:40] UPDATING PREPAGATI (JobID: 8b8b756d-02c1-4236-a458-1b78030a975b)
 - New and modified: 0

[01/Jul/2023:20:30:40] DELETING PREPAGATI (JobID: 8b8b756d-02c1-4236-a458-1b78030a975b)
 - Deleted: 0

[01/Jul/2023:20:40:04] UPDATING ACCOUNTS (JobID: 7c9f3f30-6141-49d6-9ca7-c6ba7f32abf9)
 - New and modified: 0

[01/Jul/2023:20:40:04] DELETING ACCOUNTS (JobID: 7c9f3f30-6141-49d6-9ca7-c6ba7f32abf9)
 - Deleted: 0

[01/Jul/2023:20:40:38] UPDATING PRODUCTS (JobID: 73e900e3-2143-47d5-823d-839d04d817b6)
 - New and modified: 0

[01/Jul/2023:20:40:39] UPDATING PREPAGATI (JobID: bfb88da2-3780-49f9-96a1-4c0bccb47d70)
 - New and modified: 0

[01/Jul/2023:20:40:39] DELETING PREPAGATI (JobID: bfb88da2-3780-49f9-96a1-4c0bccb47d70)
 - Deleted: 0

[01/Jul/2023:20:50:04] UPDATING ACCOUNTS (JobID: 80a223cc-b16a-488b-ac3f-530954746021)
 - New and modified: 0

[01/Jul/2023:20:50:04] DELETING ACCOUNTS (JobID: 80a223cc-b16a-488b-ac3f-530954746021)
 - Deleted: 0

[01/Jul/2023:20:50:37] UPDATING PRODUCTS (JobID: e733dcff-fc9d-4a1c-9776-082d77f02b2d)
 - New and modified: 0

[01/Jul/2023:20:50:39] UPDATING PREPAGATI (JobID: 5633945c-219a-49fb-ba8a-4820fd54c1b2)
 - New and modified: 0

[01/Jul/2023:20:50:39] DELETING PREPAGATI (JobID: 5633945c-219a-49fb-ba8a-4820fd54c1b2)
 - Deleted: 0

[01/Jul/2023:21:00:04] UPDATING ACCOUNTS (JobID: 4861176d-a259-4e9f-acd4-0fcfed26b5f2)
 - New and modified: 0

[01/Jul/2023:21:00:04] DELETING ACCOUNTS (JobID: 4861176d-a259-4e9f-acd4-0fcfed26b5f2)
 - Deleted: 0

[01/Jul/2023:21:00:37] UPDATING PRODUCTS (JobID: 46750510-a480-4577-ac6d-65655006747f)
 - New and modified: 0

[01/Jul/2023:21:00:39] UPDATING PREPAGATI (JobID: 5eeedf93-4031-4f8c-916e-4cadbc7610c8)
 - New and modified: 0

[01/Jul/2023:21:00:39] DELETING PREPAGATI (JobID: 5eeedf93-4031-4f8c-916e-4cadbc7610c8)
 - Deleted: 0

[01/Jul/2023:21:20:05] UPDATING ACCOUNTS (JobID: 3baba631-cfb0-4e0e-b453-3c7509c7bc6f)
 - New and modified: 0

[01/Jul/2023:21:20:05] DELETING ACCOUNTS (JobID: 3baba631-cfb0-4e0e-b453-3c7509c7bc6f)
 - Deleted: 0

[01/Jul/2023:21:20:38] UPDATING PRODUCTS (JobID: fffa1e7d-5cc0-4c30-bb96-4bf619d5f130)
 - New and modified: 0

[01/Jul/2023:21:20:39] UPDATING PREPAGATI (JobID: 3e414659-e248-4944-8125-eba8028710de)
 - New and modified: 0

[01/Jul/2023:21:20:39] DELETING PREPAGATI (JobID: 3e414659-e248-4944-8125-eba8028710de)
 - Deleted: 0

[01/Jul/2023:21:30:04] UPDATING ACCOUNTS (JobID: d980d365-e2a5-487d-b17f-fa01f61ca79b)
 - New and modified: 0

[01/Jul/2023:21:30:04] DELETING ACCOUNTS (JobID: d980d365-e2a5-487d-b17f-fa01f61ca79b)
 - Deleted: 0

[01/Jul/2023:21:30:38] UPDATING PRODUCTS (JobID: 6eceb1ff-32f8-47e8-970d-0c5272545170)
 - New and modified: 0

[01/Jul/2023:21:30:40] UPDATING PREPAGATI (JobID: 94dc4fb1-12d4-48d8-966a-0a3b5ab07212)
 - New and modified: 0

[01/Jul/2023:21:30:40] DELETING PREPAGATI (JobID: 94dc4fb1-12d4-48d8-966a-0a3b5ab07212)
 - Deleted: 0

[01/Jul/2023:22:00:05] UPDATING ACCOUNTS (JobID: 63f0b7c4-26dc-4887-9dce-d8efb8f6e711)
 - New and modified: 0

[01/Jul/2023:22:00:05] DELETING ACCOUNTS (JobID: 63f0b7c4-26dc-4887-9dce-d8efb8f6e711)
 - Deleted: 0

[01/Jul/2023:22:00:38] UPDATING PRODUCTS (JobID: 00b6b4ad-a2c5-42b1-85b9-67d2d4e5808d)
 - New and modified: 0

[01/Jul/2023:22:00:39] UPDATING PREPAGATI (JobID: a690f325-d409-47c5-a327-251270327158)
 - New and modified: 0

[01/Jul/2023:22:00:39] DELETING PREPAGATI (JobID: a690f325-d409-47c5-a327-251270327158)
 - Deleted: 0

[01/Jul/2023:22:10:04] UPDATING ACCOUNTS (JobID: 1108980a-9ef9-46dc-9461-2b02bd63b45d)
 - New and modified: 0

[01/Jul/2023:22:10:04] DELETING ACCOUNTS (JobID: 1108980a-9ef9-46dc-9461-2b02bd63b45d)
 - Deleted: 0

[01/Jul/2023:22:10:37] UPDATING PRODUCTS (JobID: fa6c89fe-c730-448d-9a34-0e36cbea8915)
 - New and modified: 0

[01/Jul/2023:22:10:38] UPDATING PREPAGATI (JobID: 2bec398b-2b5a-4160-9657-a574a1134659)
 - New and modified: 0

[01/Jul/2023:22:10:38] DELETING PREPAGATI (JobID: 2bec398b-2b5a-4160-9657-a574a1134659)
 - Deleted: 0

[01/Jul/2023:22:20:04] UPDATING ACCOUNTS (JobID: e2f2fca8-e758-4b7c-a8a9-5445769b98b2)
 - New and modified: 0

[01/Jul/2023:22:20:04] DELETING ACCOUNTS (JobID: e2f2fca8-e758-4b7c-a8a9-5445769b98b2)
 - Deleted: 0

[01/Jul/2023:22:20:36] UPDATING PRODUCTS (JobID: 9e96f8a5-b8ba-4225-bf7b-fe893e794ea4)
 - New and modified: 0

[01/Jul/2023:22:20:38] UPDATING PREPAGATI (JobID: 1f553864-b9b9-45e9-b981-4e2f6b86c7c2)
 - New and modified: 0

[01/Jul/2023:22:20:38] DELETING PREPAGATI (JobID: 1f553864-b9b9-45e9-b981-4e2f6b86c7c2)
 - Deleted: 0

[01/Jul/2023:22:40:04] UPDATING ACCOUNTS (JobID: becebc5a-d8e7-4d8e-b126-adff6327142c)
 - New and modified: 0

[01/Jul/2023:22:40:04] DELETING ACCOUNTS (JobID: becebc5a-d8e7-4d8e-b126-adff6327142c)
 - Deleted: 0

[01/Jul/2023:22:40:36] UPDATING PRODUCTS (JobID: aa6aed01-5f93-41c4-8963-e217d268c989)
 - New and modified: 0

[01/Jul/2023:22:40:38] UPDATING PREPAGATI (JobID: de3aa629-b8d7-450f-94b1-df00c03722b8)
 - New and modified: 0

[01/Jul/2023:22:40:38] DELETING PREPAGATI (JobID: de3aa629-b8d7-450f-94b1-df00c03722b8)
 - Deleted: 0

[01/Jul/2023:22:50:04] UPDATING ACCOUNTS (JobID: 2d75574f-e9f5-49cf-8ce7-9d1fb9393a14)
 - New and modified: 0

[01/Jul/2023:22:50:04] DELETING ACCOUNTS (JobID: 2d75574f-e9f5-49cf-8ce7-9d1fb9393a14)
 - Deleted: 0

[01/Jul/2023:22:50:36] UPDATING PRODUCTS (JobID: d3d5bc42-1256-4945-8453-dc4cfa5664f4)
 - New and modified: 0

[01/Jul/2023:22:50:38] UPDATING PREPAGATI (JobID: 1ce1fdd8-049b-4f0c-b9f2-f54cda52750c)
 - New and modified: 0

[01/Jul/2023:22:50:38] DELETING PREPAGATI (JobID: 1ce1fdd8-049b-4f0c-b9f2-f54cda52750c)
 - Deleted: 0

[01/Jul/2023:23:10:04] UPDATING ACCOUNTS (JobID: 126ce70c-37f9-4ad3-b370-bf279db51dfe)
 - New and modified: 0

[01/Jul/2023:23:10:04] DELETING ACCOUNTS (JobID: 126ce70c-37f9-4ad3-b370-bf279db51dfe)
 - Deleted: 0

[01/Jul/2023:23:10:35] UPDATING PRODUCTS (JobID: e199fe2e-a95a-4f77-9f03-ba265a0e704d)
 - New and modified: 0

[01/Jul/2023:23:10:37] UPDATING PREPAGATI (JobID: 516a9975-6af4-4b25-8774-d3bf9f675039)
 - New and modified: 0

[01/Jul/2023:23:10:37] DELETING PREPAGATI (JobID: 516a9975-6af4-4b25-8774-d3bf9f675039)
 - Deleted: 0

[01/Jul/2023:23:20:04] UPDATING ACCOUNTS (JobID: 0a77ef78-715d-47cd-ae8f-b3f1a543a1fe)
 - New and modified: 0

[01/Jul/2023:23:20:04] DELETING ACCOUNTS (JobID: 0a77ef78-715d-47cd-ae8f-b3f1a543a1fe)
 - Deleted: 0

[01/Jul/2023:23:20:36] UPDATING PRODUCTS (JobID: 4e29caf5-62c8-4a8d-87ab-4f8f0c1cd00f)
 - New and modified: 0

[01/Jul/2023:23:20:37] UPDATING PREPAGATI (JobID: 200f9bda-5566-45d1-93ef-d59735f5e106)
 - New and modified: 0

[01/Jul/2023:23:20:37] DELETING PREPAGATI (JobID: 200f9bda-5566-45d1-93ef-d59735f5e106)
 - Deleted: 0

