[09/May/2023:00:00:03] UPDATING ACCOUNTS (JobID: d40f4a19-a7e1-4623-94b4-d8fbdcfdffdb)
 - New and modified: 0

[09/May/2023:00:00:03] DELETING ACCOUNTS (JobID: d40f4a19-a7e1-4623-94b4-d8fbdcfdffdb)
 - Deleted: 0

[09/May/2023:00:00:44] UPDATING PRODUCTS (JobID: 5ba35a20-d7b6-4b0e-bdee-836d845923f9)
 - New and modified: 0

[09/May/2023:00:00:46] UPDATING PREPAGATI (JobID: 7c22ef0b-23d8-4c72-a300-031e659fcbe8)
 - New and modified: 0

[09/May/2023:00:00:46] DELETING PREPAGATI (JobID: 7c22ef0b-23d8-4c72-a300-031e659fcbe8)
 - Deleted: 0

[09/May/2023:00:10:05] UPDATING ACCOUNTS (JobID: eea2936b-e100-4c47-9c27-92e459238ffb)
 - New and modified: 0

[09/May/2023:00:10:05] DELETING ACCOUNTS (JobID: eea2936b-e100-4c47-9c27-92e459238ffb)
 - Deleted: 0

[09/May/2023:00:10:33] UPDATING PRODUCTS (JobID: 187069d3-c46c-4a08-af66-b5c617adad6e)
 - New and modified: 0

[09/May/2023:00:10:35] UPDATING PREPAGATI (JobID: baeb94cc-8033-4e47-bd7a-ae48d6e3dd47)
 - New and modified: 0

[09/May/2023:00:10:35] DELETING PREPAGATI (JobID: baeb94cc-8033-4e47-bd7a-ae48d6e3dd47)
 - Deleted: 0

[09/May/2023:00:20:04] UPDATING ACCOUNTS (JobID: bdd5ee85-305a-4973-a3f0-93dfa6eb5f00)
 - New and modified: 0

[09/May/2023:00:20:04] DELETING ACCOUNTS (JobID: bdd5ee85-305a-4973-a3f0-93dfa6eb5f00)
 - Deleted: 0

[09/May/2023:00:20:38] UPDATING PRODUCTS (JobID: 37ba1e80-79a2-463e-a62e-e6da264ab1e5)
 - New and modified: 0

[09/May/2023:00:20:39] UPDATING PREPAGATI (JobID: d78be97e-238d-4c34-9b9b-ac87e7e4d33b)
 - New and modified: 0

[09/May/2023:00:20:39] DELETING PREPAGATI (JobID: d78be97e-238d-4c34-9b9b-ac87e7e4d33b)
 - Deleted: 0

[09/May/2023:00:30:05] UPDATING ACCOUNTS (JobID: 3a218a27-aceb-4530-9c5f-f027d5fe1053)
 - New and modified: 0

[09/May/2023:00:30:05] DELETING ACCOUNTS (JobID: 3a218a27-aceb-4530-9c5f-f027d5fe1053)
 - Deleted: 0

[09/May/2023:00:30:39] UPDATING PRODUCTS (JobID: df7fe222-0409-4693-a9be-8b89e608b8f8)
 - New and modified: 0

[09/May/2023:00:30:41] UPDATING PREPAGATI (JobID: eee6dc25-0a94-4bad-b6ca-4615466b4004)
 - New and modified: 0

[09/May/2023:00:30:41] DELETING PREPAGATI (JobID: eee6dc25-0a94-4bad-b6ca-4615466b4004)
 - Deleted: 0

[09/May/2023:00:40:04] UPDATING ACCOUNTS (JobID: ff9d59e3-8ccd-495e-86b0-efeabfdd23e3)
 - New and modified: 0

[09/May/2023:00:40:04] DELETING ACCOUNTS (JobID: ff9d59e3-8ccd-495e-86b0-efeabfdd23e3)
 - Deleted: 0

[09/May/2023:00:40:38] UPDATING PRODUCTS (JobID: 91226483-e64f-457d-94b9-bb6ef24affa7)
 - New and modified: 0

[09/May/2023:00:40:39] UPDATING PREPAGATI (JobID: 93507b70-00a7-4d7d-80aa-61cd505e9edf)
 - New and modified: 0

[09/May/2023:00:40:39] DELETING PREPAGATI (JobID: 93507b70-00a7-4d7d-80aa-61cd505e9edf)
 - Deleted: 0

[09/May/2023:00:50:05] UPDATING ACCOUNTS (JobID: 5341b7ef-1df6-4e13-a669-abe815ae6565)
 - New and modified: 0

[09/May/2023:00:50:05] DELETING ACCOUNTS (JobID: 5341b7ef-1df6-4e13-a669-abe815ae6565)
 - Deleted: 0

[09/May/2023:00:50:39] UPDATING PRODUCTS (JobID: f2b3a2fd-d06a-4ab8-9a0c-ba1bc14f7479)
 - New and modified: 0

[09/May/2023:00:50:40] UPDATING PREPAGATI (JobID: aad10e9d-eb17-41f4-b36d-773f95c321fb)
 - New and modified: 0

[09/May/2023:00:50:40] DELETING PREPAGATI (JobID: aad10e9d-eb17-41f4-b36d-773f95c321fb)
 - Deleted: 0

[09/May/2023:01:00:05] UPDATING ACCOUNTS (JobID: b56871ab-6cef-4c23-8c4c-af419bda0f00)
 - New and modified: 0

[09/May/2023:01:00:05] DELETING ACCOUNTS (JobID: b56871ab-6cef-4c23-8c4c-af419bda0f00)
 - Deleted: 0

[09/May/2023:01:00:50] UPDATING PRODUCTS (JobID: bb2d95b9-0a68-4133-af65-7eb095ec3415)
 - New and modified: 0

[09/May/2023:01:00:53] UPDATING PREPAGATI (JobID: 43f5e2ff-9e31-4c0e-8324-6438a6deb03d)
 - New and modified: 0

[09/May/2023:01:00:53] DELETING PREPAGATI (JobID: 43f5e2ff-9e31-4c0e-8324-6438a6deb03d)
 - Deleted: 0

[09/May/2023:01:10:12] UPDATING ACCOUNTS (JobID: 6d424792-6a11-4be3-9cbb-11c8d6a23fa5)
 - New and modified: 0

[09/May/2023:01:10:12] DELETING ACCOUNTS (JobID: 6d424792-6a11-4be3-9cbb-11c8d6a23fa5)
 - Deleted: 0

[09/May/2023:01:11:30] UPDATING PRODUCTS (JobID: 49db7584-0597-4475-8ca9-9302bc4d6a65)
 - New and modified: 0

[09/May/2023:01:11:36] UPDATING PREPAGATI (JobID: 5b9a649c-70d4-4585-a5e7-b11f0329eaf9)
 - New and modified: 0

[09/May/2023:01:11:36] DELETING PREPAGATI (JobID: 5b9a649c-70d4-4585-a5e7-b11f0329eaf9)
 - Deleted: 0

[09/May/2023:01:20:06] UPDATING ACCOUNTS (JobID: f80add5f-f610-4b0c-8ac6-43f46595ea75)
 - New and modified: 0

[09/May/2023:01:20:06] DELETING ACCOUNTS (JobID: f80add5f-f610-4b0c-8ac6-43f46595ea75)
 - Deleted: 0

[09/May/2023:01:20:58] UPDATING PRODUCTS (JobID: 67b6b386-d4dc-4db0-8969-dd73ba7bc734)
 - New and modified: 0

[09/May/2023:01:21:01] UPDATING PREPAGATI (JobID: 755dc802-1fa3-463d-82ce-dcbe0a59545c)
 - New and modified: 0

[09/May/2023:01:21:01] DELETING PREPAGATI (JobID: 755dc802-1fa3-463d-82ce-dcbe0a59545c)
 - Deleted: 0

[09/May/2023:01:30:06] UPDATING ACCOUNTS (JobID: e77eb076-4088-4417-b8ac-685240fb8aae)
 - New and modified: 0

[09/May/2023:01:30:06] DELETING ACCOUNTS (JobID: e77eb076-4088-4417-b8ac-685240fb8aae)
 - Deleted: 0

[09/May/2023:01:31:07] UPDATING PRODUCTS (JobID: a34804d0-a21d-4841-9498-b17dd4d202db)
 - New and modified: 0

[09/May/2023:01:31:13] UPDATING PREPAGATI (JobID: 04af0dac-cb6c-46b9-b62d-bb8a6bf4590e)
 - New and modified: 0

[09/May/2023:01:31:13] DELETING PREPAGATI (JobID: 04af0dac-cb6c-46b9-b62d-bb8a6bf4590e)
 - Deleted: 0

[09/May/2023:01:40:04] UPDATING ACCOUNTS (JobID: 88a0f886-15f2-4d58-928f-b4f7f0c80304)
 - New and modified: 0

[09/May/2023:01:40:04] DELETING ACCOUNTS (JobID: 88a0f886-15f2-4d58-928f-b4f7f0c80304)
 - Deleted: 0

[09/May/2023:01:40:41] UPDATING PRODUCTS (JobID: 11bb48d2-919a-4526-88e8-3cbe90b9438d)
 - New and modified: 0

[09/May/2023:01:40:43] UPDATING PREPAGATI (JobID: 92372b1f-b44e-49f2-8505-3ababfb283d4)
 - New and modified: 0

[09/May/2023:01:40:43] DELETING PREPAGATI (JobID: 92372b1f-b44e-49f2-8505-3ababfb283d4)
 - Deleted: 0

[09/May/2023:01:50:04] UPDATING ACCOUNTS (JobID: c1523539-d86a-4c63-a2ab-817b39510c40)
 - New and modified: 0

[09/May/2023:01:50:04] DELETING ACCOUNTS (JobID: c1523539-d86a-4c63-a2ab-817b39510c40)
 - Deleted: 0

[09/May/2023:01:50:46] UPDATING PRODUCTS (JobID: 81430fe1-8d76-4022-8d12-8e049c57234a)
 - New and modified: 0

[09/May/2023:01:50:48] UPDATING PREPAGATI (JobID: 18ee0892-04a0-4bd0-9624-d763391e87c0)
 - New and modified: 0

[09/May/2023:01:50:48] DELETING PREPAGATI (JobID: 18ee0892-04a0-4bd0-9624-d763391e87c0)
 - Deleted: 0

[09/May/2023:02:00:04] UPDATING ACCOUNTS (JobID: e845ebd4-cb8c-45fc-bb1c-51ccf5a55bff)
 - New and modified: 0

[09/May/2023:02:00:04] DELETING ACCOUNTS (JobID: e845ebd4-cb8c-45fc-bb1c-51ccf5a55bff)
 - Deleted: 0

[09/May/2023:02:00:40] UPDATING PRODUCTS (JobID: eed5639c-8ffb-4eeb-b7c2-76da2c268340)
 - New and modified: 0

[09/May/2023:02:00:41] UPDATING PREPAGATI (JobID: 25107b3b-16aa-4fa8-aa15-b2d559ad4720)
 - New and modified: 0

[09/May/2023:02:00:41] DELETING PREPAGATI (JobID: 25107b3b-16aa-4fa8-aa15-b2d559ad4720)
 - Deleted: 0

[09/May/2023:02:10:03] UPDATING ACCOUNTS (JobID: 8ccc0a1e-eb00-444b-bbc3-75a252f5266e)
 - New and modified: 0

[09/May/2023:02:10:03] DELETING ACCOUNTS (JobID: 8ccc0a1e-eb00-444b-bbc3-75a252f5266e)
 - Deleted: 0

[09/May/2023:02:10:35] UPDATING PRODUCTS (JobID: 68ca9281-059c-4fe2-ba80-8a6c52bff3eb)
 - New and modified: 0

[09/May/2023:02:10:37] UPDATING PREPAGATI (JobID: bb841718-091d-45b1-8d85-f94462a8952b)
 - New and modified: 0

[09/May/2023:02:10:37] DELETING PREPAGATI (JobID: bb841718-091d-45b1-8d85-f94462a8952b)
 - Deleted: 0

[09/May/2023:02:20:05] UPDATING ACCOUNTS (JobID: 1eb0798e-6379-45b5-885b-b8ddc34cc648)
 - New and modified: 0

[09/May/2023:02:20:05] DELETING ACCOUNTS (JobID: 1eb0798e-6379-45b5-885b-b8ddc34cc648)
 - Deleted: 0

[09/May/2023:02:20:39] UPDATING PRODUCTS (JobID: 7de2ed3e-cda5-4ce1-a053-e0284d5d923e)
 - New and modified: 0

[09/May/2023:02:20:41] UPDATING PREPAGATI (JobID: 48fd760f-ae51-436c-b586-89f120d76224)
 - New and modified: 0

[09/May/2023:02:20:41] DELETING PREPAGATI (JobID: 48fd760f-ae51-436c-b586-89f120d76224)
 - Deleted: 0

[09/May/2023:02:30:04] UPDATING ACCOUNTS (JobID: 8f4e485d-d014-473c-b046-3db74d0933db)
 - New and modified: 0

[09/May/2023:02:30:04] DELETING ACCOUNTS (JobID: 8f4e485d-d014-473c-b046-3db74d0933db)
 - Deleted: 0

[09/May/2023:02:30:41] UPDATING PRODUCTS (JobID: 8aac22cd-1c0a-4672-9742-df64dc449608)
 - New and modified: 0

[09/May/2023:02:30:42] UPDATING PREPAGATI (JobID: 03b391c9-11cf-4694-90b0-0855c5cdc134)
 - New and modified: 0

[09/May/2023:02:30:42] DELETING PREPAGATI (JobID: 03b391c9-11cf-4694-90b0-0855c5cdc134)
 - Deleted: 0

[09/May/2023:02:40:04] UPDATING ACCOUNTS (JobID: bb6c8944-c2ca-41a6-8148-90903e728079)
 - New and modified: 0

[09/May/2023:02:40:04] DELETING ACCOUNTS (JobID: bb6c8944-c2ca-41a6-8148-90903e728079)
 - Deleted: 0

[09/May/2023:02:40:36] UPDATING PRODUCTS (JobID: 97166edb-bb18-4ba6-89a7-cd9a22a7c3d8)
 - New and modified: 0

[09/May/2023:02:40:39] UPDATING PREPAGATI (JobID: a4fbd0d4-e7e6-4919-8951-23454e41bc96)
 - New and modified: 0

[09/May/2023:02:40:39] DELETING PREPAGATI (JobID: a4fbd0d4-e7e6-4919-8951-23454e41bc96)
 - Deleted: 0

[09/May/2023:02:50:09] UPDATING ACCOUNTS (JobID: 2ac57e31-a61d-4691-9123-7485288cb0e0)
 - New and modified: 0

[09/May/2023:02:50:09] DELETING ACCOUNTS (JobID: 2ac57e31-a61d-4691-9123-7485288cb0e0)
 - Deleted: 0

[09/May/2023:02:50:44] UPDATING PRODUCTS (JobID: bf8379ff-0f4b-4453-bcda-e9ecf399c262)
 - New and modified: 0

[09/May/2023:02:50:46] UPDATING PREPAGATI (JobID: b09b1296-62f7-4bff-9366-9072b9d73358)
 - New and modified: 0

[09/May/2023:02:50:46] DELETING PREPAGATI (JobID: b09b1296-62f7-4bff-9366-9072b9d73358)
 - Deleted: 0

[09/May/2023:03:00:04] UPDATING ACCOUNTS (JobID: d19d94d8-6a73-4615-b7ce-0ebf4873079f)
 - New and modified: 0

[09/May/2023:03:00:04] DELETING ACCOUNTS (JobID: d19d94d8-6a73-4615-b7ce-0ebf4873079f)
 - Deleted: 0

[09/May/2023:03:00:36] UPDATING PRODUCTS (JobID: a2224c4c-a78b-4196-9474-172f48e181dd)
 - New and modified: 0

[09/May/2023:03:00:38] UPDATING PREPAGATI (JobID: f7ca725b-8e97-4a3a-bd51-b3fc6ccbe6f2)
 - New and modified: 0

[09/May/2023:03:00:38] DELETING PREPAGATI (JobID: f7ca725b-8e97-4a3a-bd51-b3fc6ccbe6f2)
 - Deleted: 0

[09/May/2023:03:10:04] UPDATING ACCOUNTS (JobID: c96c2ceb-5f58-4088-ac78-de5b74833e87)
 - New and modified: 0

[09/May/2023:03:10:04] DELETING ACCOUNTS (JobID: c96c2ceb-5f58-4088-ac78-de5b74833e87)
 - Deleted: 0

[09/May/2023:03:10:38] UPDATING PRODUCTS (JobID: c47d19f5-a8aa-4782-8633-3a990b5fea88)
 - New and modified: 0

[09/May/2023:03:10:40] UPDATING PREPAGATI (JobID: cbad164f-c4ee-48a2-a4af-e169ef8ede89)
 - New and modified: 0

[09/May/2023:03:10:40] DELETING PREPAGATI (JobID: cbad164f-c4ee-48a2-a4af-e169ef8ede89)
 - Deleted: 0

[09/May/2023:03:20:04] UPDATING ACCOUNTS (JobID: a7b4a5bd-2feb-471c-bfd7-c3592103de31)
 - New and modified: 0

[09/May/2023:03:20:04] DELETING ACCOUNTS (JobID: a7b4a5bd-2feb-471c-bfd7-c3592103de31)
 - Deleted: 0

[09/May/2023:03:20:37] UPDATING PRODUCTS (JobID: 62b5da7d-49f5-49ca-8c5d-1dac874d4bb5)
 - New and modified: 0

[09/May/2023:03:20:39] UPDATING PREPAGATI (JobID: 17acd285-9ebf-41a7-9ec4-1dd20b9f33b1)
 - New and modified: 0

[09/May/2023:03:20:39] DELETING PREPAGATI (JobID: 17acd285-9ebf-41a7-9ec4-1dd20b9f33b1)
 - Deleted: 0

[09/May/2023:03:30:04] UPDATING ACCOUNTS (JobID: df5a816b-e2c1-4c12-b60f-fd04a5a98663)
 - New and modified: 0

[09/May/2023:03:30:04] DELETING ACCOUNTS (JobID: df5a816b-e2c1-4c12-b60f-fd04a5a98663)
 - Deleted: 0

[09/May/2023:03:30:37] UPDATING PRODUCTS (JobID: 5663e044-228b-4a1d-8bea-6f71e2ea998d)
 - New and modified: 0

[09/May/2023:03:30:39] UPDATING PREPAGATI (JobID: e614aaf2-59f0-4829-9746-e54e0fb49b06)
 - New and modified: 0

[09/May/2023:03:30:39] DELETING PREPAGATI (JobID: e614aaf2-59f0-4829-9746-e54e0fb49b06)
 - Deleted: 0

[09/May/2023:03:40:04] UPDATING ACCOUNTS (JobID: 4a0dd39d-1ca1-4a48-9c00-6a6d973fbec4)
 - New and modified: 0

[09/May/2023:03:40:04] DELETING ACCOUNTS (JobID: 4a0dd39d-1ca1-4a48-9c00-6a6d973fbec4)
 - Deleted: 0

[09/May/2023:03:40:37] UPDATING PRODUCTS (JobID: 0d4bb577-b3c2-476c-8fc1-eae3a653ea17)
 - New and modified: 0

[09/May/2023:03:40:40] UPDATING PREPAGATI (JobID: 89d58ed5-aa0b-4d15-85b3-b3a693df4a08)
 - New and modified: 0

[09/May/2023:03:40:40] DELETING PREPAGATI (JobID: 89d58ed5-aa0b-4d15-85b3-b3a693df4a08)
 - Deleted: 0

[09/May/2023:03:50:04] UPDATING ACCOUNTS (JobID: 3cec1d5a-6986-4bb0-856b-bb432df421a7)
 - New and modified: 0

[09/May/2023:03:50:04] DELETING ACCOUNTS (JobID: 3cec1d5a-6986-4bb0-856b-bb432df421a7)
 - Deleted: 0

[09/May/2023:03:50:37] UPDATING PRODUCTS (JobID: c3679e66-0bde-40dd-ad1c-7a5da2851ac8)
 - New and modified: 0

[09/May/2023:03:50:40] UPDATING PREPAGATI (JobID: ef770f04-f718-4df2-a923-ba1d739c9125)
 - New and modified: 0

[09/May/2023:03:50:40] DELETING PREPAGATI (JobID: ef770f04-f718-4df2-a923-ba1d739c9125)
 - Deleted: 0

[09/May/2023:04:00:04] UPDATING ACCOUNTS (JobID: f97ba22b-b636-4b1d-9662-f30c53b9954b)
 - New and modified: 0

[09/May/2023:04:00:04] DELETING ACCOUNTS (JobID: f97ba22b-b636-4b1d-9662-f30c53b9954b)
 - Deleted: 0

[09/May/2023:04:00:42] UPDATING PRODUCTS (JobID: 56a35837-abcd-48f2-a580-7ba9e2f09056)
 - New and modified: 0

[09/May/2023:04:00:44] UPDATING PREPAGATI (JobID: 56af7259-e9c4-44f0-8f06-2ac53b2d205d)
 - New and modified: 0

[09/May/2023:04:00:44] DELETING PREPAGATI (JobID: 56af7259-e9c4-44f0-8f06-2ac53b2d205d)
 - Deleted: 0

[09/May/2023:04:10:04] UPDATING ACCOUNTS (JobID: 392294f1-7aa7-4f88-947e-8fb157dd24e3)
 - New and modified: 0

[09/May/2023:04:10:04] DELETING ACCOUNTS (JobID: 392294f1-7aa7-4f88-947e-8fb157dd24e3)
 - Deleted: 0

[09/May/2023:04:10:36] UPDATING PRODUCTS (JobID: 633f3104-90e0-44be-8148-d349fd858c3e)
 - New and modified: 0

[09/May/2023:04:10:38] UPDATING PREPAGATI (JobID: 937602a2-ab94-449b-b16c-2a4f945909bf)
 - New and modified: 0

[09/May/2023:04:10:38] DELETING PREPAGATI (JobID: 937602a2-ab94-449b-b16c-2a4f945909bf)
 - Deleted: 0

[09/May/2023:04:20:04] UPDATING ACCOUNTS (JobID: cc037630-c543-420e-b4ed-08968b2984a1)
 - New and modified: 0

[09/May/2023:04:20:04] DELETING ACCOUNTS (JobID: cc037630-c543-420e-b4ed-08968b2984a1)
 - Deleted: 0

[09/May/2023:04:20:36] UPDATING PRODUCTS (JobID: aae5549d-2805-4e6a-b434-40686d5d3787)
 - New and modified: 0

[09/May/2023:04:20:38] UPDATING PREPAGATI (JobID: 64319636-c2d2-4b0a-bf4e-424a8b78bc5e)
 - New and modified: 0

[09/May/2023:04:20:38] DELETING PREPAGATI (JobID: 64319636-c2d2-4b0a-bf4e-424a8b78bc5e)
 - Deleted: 0

[09/May/2023:04:30:03] UPDATING ACCOUNTS (JobID: 4058933e-08c5-4d38-a16f-174643b80538)
 - New and modified: 0

[09/May/2023:04:30:03] DELETING ACCOUNTS (JobID: 4058933e-08c5-4d38-a16f-174643b80538)
 - Deleted: 0

[09/May/2023:04:30:40] UPDATING PRODUCTS (JobID: 6dffb37f-f325-4b83-b2aa-ae9739bb9115)
 - New and modified: 0

[09/May/2023:04:30:42] UPDATING PREPAGATI (JobID: 91445ca6-886e-46f2-8011-2be93010f767)
 - New and modified: 0

[09/May/2023:04:30:42] DELETING PREPAGATI (JobID: 91445ca6-886e-46f2-8011-2be93010f767)
 - Deleted: 0

[09/May/2023:04:40:05] UPDATING ACCOUNTS (JobID: 39df3617-dbf3-4b13-9185-55e245f8c60e)
 - New and modified: 0

[09/May/2023:04:40:05] DELETING ACCOUNTS (JobID: 39df3617-dbf3-4b13-9185-55e245f8c60e)
 - Deleted: 0

[09/May/2023:04:40:37] UPDATING PRODUCTS (JobID: ded7770d-5085-46ca-bd29-719ae9435cf4)
 - New and modified: 0

[09/May/2023:04:40:40] UPDATING PREPAGATI (JobID: ec6c00f0-986d-4f6d-8f0e-eb3bbc8c9b30)
 - New and modified: 0

[09/May/2023:04:40:40] DELETING PREPAGATI (JobID: ec6c00f0-986d-4f6d-8f0e-eb3bbc8c9b30)
 - Deleted: 0

[09/May/2023:04:50:04] UPDATING ACCOUNTS (JobID: 598c697c-5543-425c-8115-a1c1a5a38cef)
 - New and modified: 0

[09/May/2023:04:50:04] DELETING ACCOUNTS (JobID: 598c697c-5543-425c-8115-a1c1a5a38cef)
 - Deleted: 0

[09/May/2023:04:50:37] UPDATING PRODUCTS (JobID: b222973a-1d49-45ea-a719-673e53db075d)
 - New and modified: 0

[09/May/2023:04:50:39] UPDATING PREPAGATI (JobID: ab925ebd-0d3e-44eb-9f37-69421724f0b5)
 - New and modified: 0

[09/May/2023:04:50:39] DELETING PREPAGATI (JobID: ab925ebd-0d3e-44eb-9f37-69421724f0b5)
 - Deleted: 0

[09/May/2023:05:00:04] UPDATING ACCOUNTS (JobID: b8000f62-8d42-4875-82db-4b1f0d74fe09)
 - New and modified: 0

[09/May/2023:05:00:04] DELETING ACCOUNTS (JobID: b8000f62-8d42-4875-82db-4b1f0d74fe09)
 - Deleted: 0

[09/May/2023:05:00:38] UPDATING PRODUCTS (JobID: 1346d324-989c-4a91-8cef-4f1e3e181e3a)
 - New and modified: 0

[09/May/2023:05:00:40] UPDATING PREPAGATI (JobID: a219e469-9bf5-4d7b-9f33-88669e489287)
 - New and modified: 0

[09/May/2023:05:00:40] DELETING PREPAGATI (JobID: a219e469-9bf5-4d7b-9f33-88669e489287)
 - Deleted: 0

[09/May/2023:05:10:04] UPDATING ACCOUNTS (JobID: 1bafc972-acd3-4b4b-ba58-b272630fbdde)
 - New and modified: 0

[09/May/2023:05:10:04] DELETING ACCOUNTS (JobID: 1bafc972-acd3-4b4b-ba58-b272630fbdde)
 - Deleted: 0

[09/May/2023:05:10:41] UPDATING PRODUCTS (JobID: 3eb4d976-da39-486f-921c-85d9a37ffe2d)
 - New and modified: 0

[09/May/2023:05:10:42] UPDATING PREPAGATI (JobID: 08968e2f-9187-4a64-889d-23b128ac4d9e)
 - New and modified: 0

[09/May/2023:05:10:42] DELETING PREPAGATI (JobID: 08968e2f-9187-4a64-889d-23b128ac4d9e)
 - Deleted: 0

[09/May/2023:05:20:05] UPDATING ACCOUNTS (JobID: 235835cd-ed46-475c-a3ca-322d75590b9e)
 - New and modified: 0

[09/May/2023:05:20:05] DELETING ACCOUNTS (JobID: 235835cd-ed46-475c-a3ca-322d75590b9e)
 - Deleted: 0

[09/May/2023:05:20:40] UPDATING PRODUCTS (JobID: d3bfd094-ce62-466a-89b1-5e0f3ee17952)
 - New and modified: 0

[09/May/2023:05:20:42] UPDATING PREPAGATI (JobID: 64237460-1a32-4f25-9a64-4a3db73b8530)
 - New and modified: 0

[09/May/2023:05:20:42] DELETING PREPAGATI (JobID: 64237460-1a32-4f25-9a64-4a3db73b8530)
 - Deleted: 0

[09/May/2023:05:30:03] UPDATING ACCOUNTS (JobID: d1631b76-bcda-4168-9711-ba78bd1c46c2)
 - New and modified: 0

[09/May/2023:05:30:03] DELETING ACCOUNTS (JobID: d1631b76-bcda-4168-9711-ba78bd1c46c2)
 - Deleted: 0

[09/May/2023:05:30:42] UPDATING PRODUCTS (JobID: 5a45754a-ff39-4ad8-a3d2-afa4013efa9d)
 - New and modified: 0

[09/May/2023:05:30:45] UPDATING PREPAGATI (JobID: 2d55abe5-c69a-49f7-9e1d-dacbbc4ff2ad)
 - New and modified: 0

[09/May/2023:05:30:45] DELETING PREPAGATI (JobID: 2d55abe5-c69a-49f7-9e1d-dacbbc4ff2ad)
 - Deleted: 0

[09/May/2023:05:40:04] UPDATING ACCOUNTS (JobID: 818b8a7c-a339-4a17-9789-33d0fc567593)
 - New and modified: 0

[09/May/2023:05:40:04] DELETING ACCOUNTS (JobID: 818b8a7c-a339-4a17-9789-33d0fc567593)
 - Deleted: 0

[09/May/2023:05:40:37] UPDATING PRODUCTS (JobID: 1eb2b187-5937-4ee8-a5ef-66ce1deb2010)
 - New and modified: 0

[09/May/2023:05:40:39] UPDATING PREPAGATI (JobID: 204fa667-d711-4e29-967e-7631715ec1fc)
 - New and modified: 0

[09/May/2023:05:40:39] DELETING PREPAGATI (JobID: 204fa667-d711-4e29-967e-7631715ec1fc)
 - Deleted: 0

[09/May/2023:05:50:05] UPDATING ACCOUNTS (JobID: ca8995a7-50de-4edf-973e-413bb0d5db17)
 - New and modified: 0

[09/May/2023:05:50:05] DELETING ACCOUNTS (JobID: ca8995a7-50de-4edf-973e-413bb0d5db17)
 - Deleted: 0

[09/May/2023:05:50:39] UPDATING PRODUCTS (JobID: d7913201-d644-4bf9-9fb4-05cc1f3ba92f)
 - New and modified: 0

[09/May/2023:05:50:41] UPDATING PREPAGATI (JobID: f54b71aa-e570-4163-b476-330a1f7d63de)
 - New and modified: 0

[09/May/2023:05:50:41] DELETING PREPAGATI (JobID: f54b71aa-e570-4163-b476-330a1f7d63de)
 - Deleted: 0

[09/May/2023:06:00:04] UPDATING ACCOUNTS (JobID: 14814c19-090e-4b5a-ba1c-13c20b4186a8)
 - New and modified: 0

[09/May/2023:06:00:04] DELETING ACCOUNTS (JobID: 14814c19-090e-4b5a-ba1c-13c20b4186a8)
 - Deleted: 0

[09/May/2023:06:00:41] UPDATING PRODUCTS (JobID: e1fff93c-7499-4f18-916b-2ecc961a177c)
 - New and modified: 0

[09/May/2023:06:00:42] UPDATING PREPAGATI (JobID: 49d365ca-7795-4b2b-a128-4929b8bfae39)
 - New and modified: 0

[09/May/2023:06:00:42] DELETING PREPAGATI (JobID: 49d365ca-7795-4b2b-a128-4929b8bfae39)
 - Deleted: 0

[09/May/2023:06:10:04] UPDATING ACCOUNTS (JobID: 56f56ddf-1c4c-45f5-bd3b-c110e5d1b50b)
 - New and modified: 0

[09/May/2023:06:10:04] DELETING ACCOUNTS (JobID: 56f56ddf-1c4c-45f5-bd3b-c110e5d1b50b)
 - Deleted: 0

[09/May/2023:06:10:44] UPDATING PRODUCTS (JobID: 75d981e3-9b47-488e-ad30-1ad393c86657)
 - New and modified: 0

[09/May/2023:06:10:47] UPDATING PREPAGATI (JobID: 696e54e9-1eb5-4d2a-be9f-7da0bcd30544)
 - New and modified: 0

[09/May/2023:06:10:47] DELETING PREPAGATI (JobID: 696e54e9-1eb5-4d2a-be9f-7da0bcd30544)
 - Deleted: 0

[09/May/2023:06:20:04] UPDATING ACCOUNTS (JobID: e9e51319-405e-43fb-9e79-76d720a7413d)
 - New and modified: 0

[09/May/2023:06:20:04] DELETING ACCOUNTS (JobID: e9e51319-405e-43fb-9e79-76d720a7413d)
 - Deleted: 0

[09/May/2023:06:20:44] UPDATING PRODUCTS (JobID: fda0859a-801c-4f51-9917-b4369139f645)
 - New and modified: 0

[09/May/2023:06:20:46] UPDATING PREPAGATI (JobID: a726a232-9c14-4add-b04d-1cd446898203)
 - New and modified: 0

[09/May/2023:06:20:46] DELETING PREPAGATI (JobID: a726a232-9c14-4add-b04d-1cd446898203)
 - Deleted: 0

[09/May/2023:06:30:06] UPDATING ACCOUNTS (JobID: e1cd37fd-07be-4dc6-99dc-e53f0307ed9f)
 - New and modified: 0

[09/May/2023:06:30:06] DELETING ACCOUNTS (JobID: e1cd37fd-07be-4dc6-99dc-e53f0307ed9f)
 - Deleted: 0

[09/May/2023:06:30:45] UPDATING PRODUCTS (JobID: 328ff6e4-0fce-411d-873d-76ca18a8dfd2)
 - New and modified: 0

[09/May/2023:06:30:47] UPDATING PREPAGATI (JobID: dff95003-5677-4ecf-8a83-3165e1c2b015)
 - New and modified: 0

[09/May/2023:06:30:47] DELETING PREPAGATI (JobID: dff95003-5677-4ecf-8a83-3165e1c2b015)
 - Deleted: 0

[09/May/2023:06:40:13] UPDATING ACCOUNTS (JobID: 9358990b-dbd2-4be3-9751-055edfd12509)
 - New and modified: 0

[09/May/2023:06:40:13] DELETING ACCOUNTS (JobID: 9358990b-dbd2-4be3-9751-055edfd12509)
 - Deleted: 0

[09/May/2023:06:41:03] UPDATING PRODUCTS (JobID: 57f831e1-2694-43e9-a153-ed7fb1db98d9)
 - New and modified: 0

[09/May/2023:06:41:05] UPDATING PREPAGATI (JobID: 97862da6-fe10-4673-bf82-ceeee9831b1f)
 - New and modified: 0

[09/May/2023:06:41:05] DELETING PREPAGATI (JobID: 97862da6-fe10-4673-bf82-ceeee9831b1f)
 - Deleted: 0

[09/May/2023:07:00:14] UPDATING ACCOUNTS (JobID: 54d841f9-a6e2-4835-83b2-33b69f4b7d59)
 - New and modified: 0

[09/May/2023:07:00:14] DELETING ACCOUNTS (JobID: 54d841f9-a6e2-4835-83b2-33b69f4b7d59)
 - Deleted: 0

[09/May/2023:07:01:18] UPDATING PRODUCTS (JobID: e663135e-236f-455a-93a4-f35c3d5fcbd4)
 - New and modified: 0

[09/May/2023:07:01:23] UPDATING PREPAGATI (JobID: 81360f06-92f8-4f8d-bec6-20de5ab961ae)
 - New and modified: 0

[09/May/2023:07:01:23] DELETING PREPAGATI (JobID: 81360f06-92f8-4f8d-bec6-20de5ab961ae)
 - Deleted: 0

[09/May/2023:07:10:10] UPDATING ACCOUNTS (JobID: 6716e3db-ad7b-4058-82d2-02da80c95863)
 - New and modified: 0

[09/May/2023:07:10:10] DELETING ACCOUNTS (JobID: 6716e3db-ad7b-4058-82d2-02da80c95863)
 - Deleted: 0

[09/May/2023:07:11:16] UPDATING PRODUCTS (JobID: 9f6402f5-f22b-4029-abd3-5477abb7a516)
 - New and modified: 0

[09/May/2023:07:11:19] UPDATING PREPAGATI (JobID: 77ae70c3-75b1-4a8e-8ec4-b4abba754a15)
 - New and modified: 0

[09/May/2023:07:11:19] DELETING PREPAGATI (JobID: 77ae70c3-75b1-4a8e-8ec4-b4abba754a15)
 - Deleted: 0

[09/May/2023:07:20:05] UPDATING ACCOUNTS (JobID: 5b05d215-2cae-43a0-9201-7e3fede49fba)
 - New and modified: 0

[09/May/2023:07:20:05] DELETING ACCOUNTS (JobID: 5b05d215-2cae-43a0-9201-7e3fede49fba)
 - Deleted: 0

[09/May/2023:07:20:56] UPDATING PRODUCTS (JobID: 086553cf-d734-480a-a59d-6b47095bcb52)
 - New and modified: 0

[09/May/2023:07:21:01] UPDATING PREPAGATI (JobID: 77d407b0-a86e-4423-be8e-dc667d8d5814)
 - New and modified: 0

[09/May/2023:07:21:01] DELETING PREPAGATI (JobID: 77d407b0-a86e-4423-be8e-dc667d8d5814)
 - Deleted: 0

[09/May/2023:07:30:06] UPDATING ACCOUNTS (JobID: 3c00756c-1422-4966-959b-05b4e562aa73)
 - New and modified: 0

[09/May/2023:07:30:06] DELETING ACCOUNTS (JobID: 3c00756c-1422-4966-959b-05b4e562aa73)
 - Deleted: 0

[09/May/2023:07:31:07] UPDATING PRODUCTS (JobID: 2034c237-e0da-409e-81b4-31938a520aee)
 - New and modified: 0

[09/May/2023:07:31:09] UPDATING PREPAGATI (JobID: b2c853d6-094f-4a1e-bf58-ab1bfaab5729)
 - New and modified: 0

[09/May/2023:07:31:09] DELETING PREPAGATI (JobID: b2c853d6-094f-4a1e-bf58-ab1bfaab5729)
 - Deleted: 0

[09/May/2023:07:40:09] UPDATING ACCOUNTS (JobID: 59e00df4-b062-4829-97b8-e79345a62e07)
 - New and modified: 0

[09/May/2023:07:40:09] DELETING ACCOUNTS (JobID: 59e00df4-b062-4829-97b8-e79345a62e07)
 - Deleted: 0

[09/May/2023:07:41:05] UPDATING PRODUCTS (JobID: dc87199c-270e-4cfd-b977-cce19b116a71)
 - New and modified: 0

[09/May/2023:07:41:08] UPDATING PREPAGATI (JobID: 27069922-da43-4a65-843f-825d299da29b)
 - New and modified: 0

[09/May/2023:07:41:08] DELETING PREPAGATI (JobID: 27069922-da43-4a65-843f-825d299da29b)
 - Deleted: 0

[09/May/2023:07:50:05] UPDATING ACCOUNTS (JobID: 06b71916-0a09-4a2f-bcce-f9089f7c1c5b)
 - New and modified: 0

[09/May/2023:07:50:05] DELETING ACCOUNTS (JobID: 06b71916-0a09-4a2f-bcce-f9089f7c1c5b)
 - Deleted: 0

[09/May/2023:07:50:59] UPDATING PRODUCTS (JobID: b7bd04b3-e8e0-415e-8c65-49df7b4eef34)
 - New and modified: 0

[09/May/2023:07:51:02] UPDATING PREPAGATI (JobID: a75ddcd2-04a3-480c-8a4b-32f24f25f5ad)
 - New and modified: 1
   0000011172

[09/May/2023:07:51:02] DELETING PREPAGATI (JobID: a75ddcd2-04a3-480c-8a4b-32f24f25f5ad)
 - Deleted: 0

[09/May/2023:08:00:09] UPDATING ACCOUNTS (JobID: 8f7b2599-7b9b-4869-b4c8-569dc3364515)
 - New and modified: 0

[09/May/2023:08:00:09] DELETING ACCOUNTS (JobID: 8f7b2599-7b9b-4869-b4c8-569dc3364515)
 - Deleted: 0

[09/May/2023:08:01:21] UPDATING PRODUCTS (JobID: 6dc879f0-8081-453b-8e5f-e64e7123a24f)
 - New and modified: 0

[09/May/2023:08:01:24] UPDATING PREPAGATI (JobID: d1512dca-4fce-4e66-9378-648ab1875992)
 - New and modified: 0

[09/May/2023:08:01:25] DELETING PREPAGATI (JobID: d1512dca-4fce-4e66-9378-648ab1875992)
 - Deleted: 0

[09/May/2023:08:10:14] UPDATING ACCOUNTS (JobID: 93ee4ca3-41bd-47eb-8ea7-c955c10b8e6f)
 - New and modified: 0

[09/May/2023:08:10:14] DELETING ACCOUNTS (JobID: 93ee4ca3-41bd-47eb-8ea7-c955c10b8e6f)
 - Deleted: 0

[09/May/2023:08:11:10] UPDATING PRODUCTS (JobID: 522dfb32-994a-4042-b3f1-dacbe39bf493)
 - New and modified: 0

[09/May/2023:08:11:12] UPDATING PREPAGATI (JobID: 61a1785b-12da-4884-8627-dba1c6ed8189)
 - New and modified: 0

[09/May/2023:08:11:12] DELETING PREPAGATI (JobID: 61a1785b-12da-4884-8627-dba1c6ed8189)
 - Deleted: 0

[09/May/2023:08:20:06] UPDATING ACCOUNTS (JobID: 474c2403-eeb4-4369-8376-d82e21795acc)
 - New and modified: 0

[09/May/2023:08:20:06] DELETING ACCOUNTS (JobID: 474c2403-eeb4-4369-8376-d82e21795acc)
 - Deleted: 0

[09/May/2023:08:21:01] UPDATING PRODUCTS (JobID: 83f4b006-a293-471d-9296-f9e9b27b779d)
 - New and modified: 0

[09/May/2023:08:21:04] UPDATING PREPAGATI (JobID: df2de771-a9ed-4b6c-8ff2-6789773864c7)
 - New and modified: 0

[09/May/2023:08:21:04] DELETING PREPAGATI (JobID: df2de771-a9ed-4b6c-8ff2-6789773864c7)
 - Deleted: 0

[09/May/2023:08:30:08] UPDATING ACCOUNTS (JobID: e16346e6-3527-4fa2-81dd-10feff68019c)
 - New and modified: 0

[09/May/2023:08:30:08] DELETING ACCOUNTS (JobID: e16346e6-3527-4fa2-81dd-10feff68019c)
 - Deleted: 0

[09/May/2023:08:31:07] UPDATING PRODUCTS (JobID: 0c6d55f2-5838-43d0-b907-f2983a2b9dca)
 - New and modified: 0

[09/May/2023:08:31:14] UPDATING PREPAGATI (JobID: c4a2748e-5a0b-40f4-b3e7-81f75f5b473f)
 - New and modified: 0

[09/May/2023:08:31:14] DELETING PREPAGATI (JobID: c4a2748e-5a0b-40f4-b3e7-81f75f5b473f)
 - Deleted: 0

[09/May/2023:08:40:09] UPDATING ACCOUNTS (JobID: 715f68ee-77f2-40ad-a85a-715bc16ecb82)
 - New and modified: 0

[09/May/2023:08:40:09] DELETING ACCOUNTS (JobID: 715f68ee-77f2-40ad-a85a-715bc16ecb82)
 - Deleted: 0

[09/May/2023:08:41:07] UPDATING PRODUCTS (JobID: f73a6bf0-a19d-4da2-9d92-f2fd21c6931c)
 - New and modified: 0

[09/May/2023:08:41:11] UPDATING PREPAGATI (JobID: eb0b71a1-03a0-454f-b18d-7831bc9adcb6)
 - New and modified: 0

[09/May/2023:08:41:11] DELETING PREPAGATI (JobID: eb0b71a1-03a0-454f-b18d-7831bc9adcb6)
 - Deleted: 0

[09/May/2023:08:50:05] UPDATING ACCOUNTS (JobID: 946b1f66-fb0a-44cd-83ee-cc2435976cdd)
 - New and modified: 0

[09/May/2023:08:50:05] DELETING ACCOUNTS (JobID: 946b1f66-fb0a-44cd-83ee-cc2435976cdd)
 - Deleted: 0

[09/May/2023:08:51:09] UPDATING PRODUCTS (JobID: 9b4958dc-2996-4da7-9957-7f4b5331f7a6)
 - New and modified: 0

[09/May/2023:08:51:13] UPDATING PREPAGATI (JobID: b6caa8ea-5f2f-4d07-a7d7-9d344d2b72d1)
 - New and modified: 0

[09/May/2023:08:51:13] DELETING PREPAGATI (JobID: b6caa8ea-5f2f-4d07-a7d7-9d344d2b72d1)
 - Deleted: 0

[09/May/2023:09:00:09] UPDATING ACCOUNTS (JobID: dbaac20b-b7fc-423a-bf63-56d79f579789)
 - New and modified: 0

[09/May/2023:09:00:09] DELETING ACCOUNTS (JobID: dbaac20b-b7fc-423a-bf63-56d79f579789)
 - Deleted: 0

[09/May/2023:09:01:21] UPDATING PRODUCTS (JobID: 5600a4f4-6bda-4c43-9102-088a387f8fb1)
 - New and modified: 0

[09/May/2023:09:01:26] UPDATING PREPAGATI (JobID: 54e0b645-a1f8-4b88-aea2-567b927481e7)
 - New and modified: 0

[09/May/2023:09:01:26] DELETING PREPAGATI (JobID: 54e0b645-a1f8-4b88-aea2-567b927481e7)
 - Deleted: 0

[09/May/2023:09:10:09] UPDATING ACCOUNTS (JobID: 5cccc631-2448-4bd1-842a-bee5433cbb3e)
 - New and modified: 0

[09/May/2023:09:10:09] DELETING ACCOUNTS (JobID: 5cccc631-2448-4bd1-842a-bee5433cbb3e)
 - Deleted: 0

[09/May/2023:09:11:08] UPDATING PRODUCTS (JobID: 96147f5a-0ab4-4832-917f-46c926675869)
 - New and modified: 0

[09/May/2023:09:11:11] UPDATING PREPAGATI (JobID: 91b4ca50-f6f8-46c5-a1fa-5571e086c6c5)
 - New and modified: 0

[09/May/2023:09:11:11] DELETING PREPAGATI (JobID: 91b4ca50-f6f8-46c5-a1fa-5571e086c6c5)
 - Deleted: 0

[09/May/2023:09:20:08] UPDATING ACCOUNTS (JobID: 7fad0340-5459-42a1-93f9-a9bc8870a0c2)
 - New and modified: 0

[09/May/2023:09:20:08] DELETING ACCOUNTS (JobID: 7fad0340-5459-42a1-93f9-a9bc8870a0c2)
 - Deleted: 0

[09/May/2023:09:21:06] UPDATING PRODUCTS (JobID: 5c947f79-c663-40ef-8d74-23fb17625d31)
 - New and modified: 0

[09/May/2023:09:21:10] UPDATING PREPAGATI (JobID: 22ab941b-cb67-4697-a41b-33364c7ab0b8)
 - New and modified: 0

[09/May/2023:09:21:10] DELETING PREPAGATI (JobID: 22ab941b-cb67-4697-a41b-33364c7ab0b8)
 - Deleted: 0

[09/May/2023:09:30:06] UPDATING ACCOUNTS (JobID: a19551f8-288a-40a9-ac95-5b9b507830a8)
 - New and modified: 0

[09/May/2023:09:30:06] DELETING ACCOUNTS (JobID: a19551f8-288a-40a9-ac95-5b9b507830a8)
 - Deleted: 0

[09/May/2023:09:31:01] UPDATING PRODUCTS (JobID: 94479b3f-6e07-4e0f-866e-40f32b98508a)
 - New and modified: 0

[09/May/2023:09:31:04] UPDATING PREPAGATI (JobID: b1f48217-ffcd-42a8-9caa-aeb2cc8cee15)
 - New and modified: 0

[09/May/2023:09:31:04] DELETING PREPAGATI (JobID: b1f48217-ffcd-42a8-9caa-aeb2cc8cee15)
 - Deleted: 0

[09/May/2023:09:40:07] UPDATING ACCOUNTS (JobID: e499438c-1f29-4441-9e12-4a11ee33cea8)
 - New and modified: 0

[09/May/2023:09:40:07] DELETING ACCOUNTS (JobID: e499438c-1f29-4441-9e12-4a11ee33cea8)
 - Deleted: 0

[09/May/2023:09:41:06] UPDATING PRODUCTS (JobID: 10848f16-bd78-419f-9a51-66dad72c116a)
 - New and modified: 0

[09/May/2023:09:41:09] UPDATING PREPAGATI (JobID: 757b6dc3-4a76-4e80-bf83-24638983b4e4)
 - New and modified: 0

[09/May/2023:09:41:09] DELETING PREPAGATI (JobID: 757b6dc3-4a76-4e80-bf83-24638983b4e4)
 - Deleted: 0

[09/May/2023:09:50:05] UPDATING ACCOUNTS (JobID: 40f49e93-dbca-428c-a947-27c36f939160)
 - New and modified: 0

[09/May/2023:09:50:05] DELETING ACCOUNTS (JobID: 40f49e93-dbca-428c-a947-27c36f939160)
 - Deleted: 0

[09/May/2023:09:51:07] UPDATING PRODUCTS (JobID: 56095b4d-b3ba-4f69-98ac-1667fd9ec11e)
 - New and modified: 0

[09/May/2023:09:51:11] UPDATING PREPAGATI (JobID: 0389808e-02b5-46bc-bfa6-f0b8f03dab39)
 - New and modified: 0

[09/May/2023:09:51:11] DELETING PREPAGATI (JobID: 0389808e-02b5-46bc-bfa6-f0b8f03dab39)
 - Deleted: 0

[09/May/2023:10:00:06] UPDATING ACCOUNTS (JobID: 1477a86a-e57f-4762-ab3b-46ad93f5f0f7)
 - New and modified: 0

[09/May/2023:10:00:06] DELETING ACCOUNTS (JobID: 1477a86a-e57f-4762-ab3b-46ad93f5f0f7)
 - Deleted: 0

[09/May/2023:10:01:17] UPDATING PRODUCTS (JobID: c559f125-a9c5-4f13-a4ad-23a90db40365)
 - New and modified: 0

[09/May/2023:10:01:25] UPDATING PREPAGATI (JobID: 8acac0a0-b349-448b-b30c-8add11bb53ee)
 - New and modified: 0

[09/May/2023:10:01:25] DELETING PREPAGATI (JobID: 8acac0a0-b349-448b-b30c-8add11bb53ee)
 - Deleted: 0

[09/May/2023:10:10:06] UPDATING ACCOUNTS (JobID: 2e15c408-8b74-43f8-915f-698beae27060)
 - New and modified: 0

[09/May/2023:10:10:06] DELETING ACCOUNTS (JobID: 2e15c408-8b74-43f8-915f-698beae27060)
 - Deleted: 0

[09/May/2023:10:11:09] UPDATING PRODUCTS (JobID: c2185e06-02e7-4ee7-a7ab-68a78a5d5d5b)
 - New and modified: 0

[09/May/2023:10:11:15] UPDATING PREPAGATI (JobID: 2b4e12b2-be16-41b6-9334-04bed0beea71)
 - New and modified: 0

[09/May/2023:10:11:15] DELETING PREPAGATI (JobID: 2b4e12b2-be16-41b6-9334-04bed0beea71)
 - Deleted: 0

[09/May/2023:10:20:18] UPDATING ACCOUNTS (JobID: d64a6473-397e-4e4a-9187-80700bef44a4)
 - New and modified: 0

[09/May/2023:10:20:18] DELETING ACCOUNTS (JobID: d64a6473-397e-4e4a-9187-80700bef44a4)
 - Deleted: 0

[09/May/2023:10:21:09] UPDATING PRODUCTS (JobID: bcf4d8fa-9425-4a05-b610-a63eae6009cc)
 - New and modified: 0

[09/May/2023:10:21:13] UPDATING PREPAGATI (JobID: 124363b4-5d4c-4d93-afa1-f97895e26f79)
 - New and modified: 0

[09/May/2023:10:21:13] DELETING PREPAGATI (JobID: 124363b4-5d4c-4d93-afa1-f97895e26f79)
 - Deleted: 0

[09/May/2023:10:30:15] UPDATING ACCOUNTS (JobID: 4d86a290-70d3-4e3e-9174-fb62a6effd88)
 - New and modified: 0

[09/May/2023:10:30:15] DELETING ACCOUNTS (JobID: 4d86a290-70d3-4e3e-9174-fb62a6effd88)
 - Deleted: 0

[09/May/2023:10:31:42] UPDATING PRODUCTS (JobID: 28292b75-be77-438b-9fda-72d642c6e9f9)
 - New and modified: 0

[09/May/2023:10:31:47] UPDATING PREPAGATI (JobID: 3ed272cc-6251-4887-a1f0-bd20f8ce10e6)
 - New and modified: 0

[09/May/2023:10:31:47] DELETING PREPAGATI (JobID: 3ed272cc-6251-4887-a1f0-bd20f8ce10e6)
 - Deleted: 0

[09/May/2023:10:40:07] UPDATING ACCOUNTS (JobID: c05920b9-7764-473b-8d47-31a6d90e5e5a)
 - New and modified: 0

[09/May/2023:10:40:07] DELETING ACCOUNTS (JobID: c05920b9-7764-473b-8d47-31a6d90e5e5a)
 - Deleted: 0

[09/May/2023:10:41:10] UPDATING PRODUCTS (JobID: 4a6b8fb0-b397-4f75-b7fa-d6a5ff64a189)
 - New and modified: 0

[09/May/2023:10:41:13] UPDATING PREPAGATI (JobID: 0b8b7fab-ec8a-4679-b3c0-0e41dc714f88)
 - New and modified: 0

[09/May/2023:10:41:13] DELETING PREPAGATI (JobID: 0b8b7fab-ec8a-4679-b3c0-0e41dc714f88)
 - Deleted: 0

[09/May/2023:10:50:06] UPDATING ACCOUNTS (JobID: b2c097d7-acc4-432a-8ba5-b3e6690b7b5c)
 - New and modified: 0

[09/May/2023:10:50:06] DELETING ACCOUNTS (JobID: b2c097d7-acc4-432a-8ba5-b3e6690b7b5c)
 - Deleted: 0

[09/May/2023:10:51:09] UPDATING PRODUCTS (JobID: 2ec91b24-ec71-4956-931d-13a29a7e278a)
 - New and modified: 0

[09/May/2023:10:51:12] UPDATING PREPAGATI (JobID: a72120fd-8030-46a7-99a7-96ed915fbfd1)
 - New and modified: 0

[09/May/2023:10:51:12] DELETING PREPAGATI (JobID: a72120fd-8030-46a7-99a7-96ed915fbfd1)
 - Deleted: 0

[09/May/2023:11:00:08] UPDATING ACCOUNTS (JobID: f4d0e17d-99a1-4232-bd90-b06094ba0e3a)
 - New and modified: 0

[09/May/2023:11:00:08] DELETING ACCOUNTS (JobID: f4d0e17d-99a1-4232-bd90-b06094ba0e3a)
 - Deleted: 0

[09/May/2023:11:01:24] UPDATING PRODUCTS (JobID: 3e47bd09-8259-4c7b-933c-14b94adc884f)
 - New and modified: 0

[09/May/2023:11:01:41] UPDATING PREPAGATI (JobID: da32a38f-21e6-424a-b299-24bd8e8d3142)
 - New and modified: 0

[09/May/2023:11:01:41] DELETING PREPAGATI (JobID: da32a38f-21e6-424a-b299-24bd8e8d3142)
 - Deleted: 0

[09/May/2023:11:11:43] UPDATING ACCOUNTS (JobID: cdc5d587-95cf-4618-aa26-b57ab94c7faf)
 - New and modified: 0

[09/May/2023:11:11:43] DELETING ACCOUNTS (JobID: cdc5d587-95cf-4618-aa26-b57ab94c7faf)
 - Deleted: 0

[09/May/2023:11:13:43] UPDATING PRODUCTS (JobID: 06152bd2-9f47-45c0-860c-d680a6f6ca35)
 - New and modified: 0

[09/May/2023:11:13:47] UPDATING PREPAGATI (JobID: 508a406c-bf5e-4b64-b13a-5fee3170b7c5)
 - New and modified: 0

[09/May/2023:11:13:47] DELETING PREPAGATI (JobID: 508a406c-bf5e-4b64-b13a-5fee3170b7c5)
 - Deleted: 0

[09/May/2023:11:30:08] UPDATING ACCOUNTS (JobID: 5c78b90d-9687-4da4-9e2a-e4e4bf6072c9)
 - New and modified: 0

[09/May/2023:11:30:08] DELETING ACCOUNTS (JobID: 5c78b90d-9687-4da4-9e2a-e4e4bf6072c9)
 - Deleted: 0

[09/May/2023:11:31:29] UPDATING PRODUCTS (JobID: 0b0e9eb5-0c5a-4321-aa4d-404895f0db5d)
 - New and modified: 0

[09/May/2023:11:31:33] UPDATING PREPAGATI (JobID: dbbe08f9-d8fb-4195-b773-e9ae9925d675)
 - New and modified: 0

[09/May/2023:11:31:33] DELETING PREPAGATI (JobID: dbbe08f9-d8fb-4195-b773-e9ae9925d675)
 - Deleted: 0

[09/May/2023:11:40:08] UPDATING ACCOUNTS (JobID: e816f306-b198-4718-b773-a45ca4b90a7e)
 - New and modified: 0

[09/May/2023:11:40:08] DELETING ACCOUNTS (JobID: e816f306-b198-4718-b773-a45ca4b90a7e)
 - Deleted: 0

[09/May/2023:11:41:09] UPDATING PRODUCTS (JobID: 5b825484-ae03-49fa-a9e8-e89edf4cfd9e)
 - New and modified: 0

[09/May/2023:11:41:13] UPDATING PREPAGATI (JobID: 2d8c8328-9666-409d-98f2-3c164842e362)
 - New and modified: 0

[09/May/2023:11:41:13] DELETING PREPAGATI (JobID: 2d8c8328-9666-409d-98f2-3c164842e362)
 - Deleted: 0

[09/May/2023:11:50:06] UPDATING ACCOUNTS (JobID: cf691997-fb78-497c-9e4d-6a1f5d21bb1d)
 - New and modified: 0

[09/May/2023:11:50:06] DELETING ACCOUNTS (JobID: cf691997-fb78-497c-9e4d-6a1f5d21bb1d)
 - Deleted: 0

[09/May/2023:11:51:08] UPDATING PRODUCTS (JobID: bdf6692d-c5ff-4872-8ee2-952470f2c23b)
 - New and modified: 0

[09/May/2023:11:51:11] UPDATING PREPAGATI (JobID: 927c6bee-b24f-458e-8d15-394d44d3f033)
 - New and modified: 0

[09/May/2023:11:51:11] DELETING PREPAGATI (JobID: 927c6bee-b24f-458e-8d15-394d44d3f033)
 - Deleted: 0

[09/May/2023:12:00:09] UPDATING ACCOUNTS (JobID: ea25f077-e175-4905-bdfe-93acac9a592b)
 - New and modified: 0

[09/May/2023:12:00:09] DELETING ACCOUNTS (JobID: ea25f077-e175-4905-bdfe-93acac9a592b)
 - Deleted: 0

[09/May/2023:12:01:13] UPDATING PRODUCTS (JobID: af1dab48-c402-4d32-9263-ca8cb3dc6a5c)
 - New and modified: 0

[09/May/2023:12:01:16] UPDATING PREPAGATI (JobID: 74d2a157-f4a8-42c5-bf71-e429d2e22c87)
 - New and modified: 0

[09/May/2023:12:01:16] DELETING PREPAGATI (JobID: 74d2a157-f4a8-42c5-bf71-e429d2e22c87)
 - Deleted: 0

[09/May/2023:12:10:07] UPDATING ACCOUNTS (JobID: 8442d259-d517-49f0-b86f-054ef6b88d9e)
 - New and modified: 0

[09/May/2023:12:10:07] DELETING ACCOUNTS (JobID: 8442d259-d517-49f0-b86f-054ef6b88d9e)
 - Deleted: 0

[09/May/2023:12:11:37] UPDATING PRODUCTS (JobID: d2ea4d77-208f-49e5-8c65-bebce5104736)
 - New and modified: 0

[09/May/2023:12:11:41] UPDATING PREPAGATI (JobID: 50109e56-5016-4100-b9a0-7b762f2a8157)
 - New and modified: 0

[09/May/2023:12:11:41] DELETING PREPAGATI (JobID: 50109e56-5016-4100-b9a0-7b762f2a8157)
 - Deleted: 0

[09/May/2023:12:20:09] UPDATING ACCOUNTS (JobID: 4ba36110-5acb-4565-a280-a71946823f07)
 - New and modified: 0

[09/May/2023:12:20:09] DELETING ACCOUNTS (JobID: 4ba36110-5acb-4565-a280-a71946823f07)
 - Deleted: 0

[09/May/2023:12:21:20] UPDATING PRODUCTS (JobID: c3f12893-b0d5-44c7-82ff-81a5115cd36d)
 - New and modified: 0

[09/May/2023:12:21:26] UPDATING PREPAGATI (JobID: a88f7ed4-cd06-47fb-95dd-155c6f3861c9)
 - New and modified: 0

[09/May/2023:12:21:26] DELETING PREPAGATI (JobID: a88f7ed4-cd06-47fb-95dd-155c6f3861c9)
 - Deleted: 0

[09/May/2023:12:30:12] UPDATING ACCOUNTS (JobID: 84673435-0952-42a5-a13e-b6021a1e49c5)
 - New and modified: 0

[09/May/2023:12:30:12] DELETING ACCOUNTS (JobID: 84673435-0952-42a5-a13e-b6021a1e49c5)
 - Deleted: 0

[09/May/2023:12:31:09] UPDATING PRODUCTS (JobID: dbe9836d-b0f0-4d88-986b-c10a65f4b589)
 - New and modified: 0

[09/May/2023:12:31:13] UPDATING PREPAGATI (JobID: 36f493da-3c63-489a-8c16-8ad55467aac7)
 - New and modified: 0

[09/May/2023:12:31:13] DELETING PREPAGATI (JobID: 36f493da-3c63-489a-8c16-8ad55467aac7)
 - Deleted: 0

[09/May/2023:12:40:06] UPDATING ACCOUNTS (JobID: 7009c9fc-4c39-47aa-9dfc-8cce484e1e0e)
 - New and modified: 0

[09/May/2023:12:40:06] DELETING ACCOUNTS (JobID: 7009c9fc-4c39-47aa-9dfc-8cce484e1e0e)
 - Deleted: 0

[09/May/2023:12:41:09] UPDATING PRODUCTS (JobID: 11fd19c4-1228-4a99-a605-258e133cf9af)
 - New and modified: 0

[09/May/2023:12:41:12] UPDATING PREPAGATI (JobID: 33b04fee-8e74-406d-bc9b-ce9467b3391d)
 - New and modified: 0

[09/May/2023:12:41:12] DELETING PREPAGATI (JobID: 33b04fee-8e74-406d-bc9b-ce9467b3391d)
 - Deleted: 0

[09/May/2023:12:50:04] UPDATING ACCOUNTS (JobID: 55143504-39fb-4620-a518-f4ef834e50e5)
 - New and modified: 0

[09/May/2023:12:50:04] DELETING ACCOUNTS (JobID: 55143504-39fb-4620-a518-f4ef834e50e5)
 - Deleted: 0

[09/May/2023:12:50:38] UPDATING PRODUCTS (JobID: d6e88fb7-900f-4834-8d90-285e5a831563)
 - New and modified: 0

[09/May/2023:12:50:40] UPDATING PREPAGATI (JobID: aa3c2125-1575-4fb6-9bec-a4cb0a587c8c)
 - New and modified: 0

[09/May/2023:12:50:40] DELETING PREPAGATI (JobID: aa3c2125-1575-4fb6-9bec-a4cb0a587c8c)
 - Deleted: 0

[09/May/2023:13:00:04] UPDATING ACCOUNTS (JobID: 8f87c045-fcf5-4d3c-9ed9-210bbd20b8e2)
 - New and modified: 0

[09/May/2023:13:00:04] DELETING ACCOUNTS (JobID: 8f87c045-fcf5-4d3c-9ed9-210bbd20b8e2)
 - Deleted: 0

[09/May/2023:13:00:44] UPDATING PRODUCTS (JobID: f22655d8-35ae-4345-b2d5-126242eedcd8)
 - New and modified: 0

[09/May/2023:13:00:49] UPDATING PREPAGATI (JobID: 70f5a582-f3e1-48e7-88f5-8c3de105231c)
 - New and modified: 0

[09/May/2023:13:00:49] DELETING PREPAGATI (JobID: 70f5a582-f3e1-48e7-88f5-8c3de105231c)
 - Deleted: 0

[09/May/2023:13:10:08] UPDATING ACCOUNTS (JobID: 27ecbbc5-2c28-4cee-960d-cb813eac94c2)
 - New and modified: 0

[09/May/2023:13:10:08] DELETING ACCOUNTS (JobID: 27ecbbc5-2c28-4cee-960d-cb813eac94c2)
 - Deleted: 0

[09/May/2023:13:11:59] UPDATING PRODUCTS (JobID: 9b499d10-d061-46c8-a2c9-3432dccdd212)
 - New and modified: 0

[09/May/2023:13:12:04] UPDATING PREPAGATI (JobID: 8f7f8715-062c-44f6-87e3-2f273de39697)
 - New and modified: 0

[09/May/2023:13:12:04] DELETING PREPAGATI (JobID: 8f7f8715-062c-44f6-87e3-2f273de39697)
 - Deleted: 0

[09/May/2023:13:20:04] UPDATING ACCOUNTS (JobID: 6a2bd9ba-fc85-4e4a-8137-a2e71c50c3f1)
 - New and modified: 0

[09/May/2023:13:20:04] DELETING ACCOUNTS (JobID: 6a2bd9ba-fc85-4e4a-8137-a2e71c50c3f1)
 - Deleted: 0

[09/May/2023:13:20:45] UPDATING PRODUCTS (JobID: 63771270-5a4c-42f7-ac3f-2a36c76b4235)
 - New and modified: 0

[09/May/2023:13:20:47] UPDATING PREPAGATI (JobID: 796866eb-cf65-474d-a491-3ee2a8563c50)
 - New and modified: 0

[09/May/2023:13:20:47] DELETING PREPAGATI (JobID: 796866eb-cf65-474d-a491-3ee2a8563c50)
 - Deleted: 0

[09/May/2023:13:30:06] UPDATING ACCOUNTS (JobID: f5f42fdb-d940-4f35-b283-5c971b79830f)
 - New and modified: 0

[09/May/2023:13:30:06] DELETING ACCOUNTS (JobID: f5f42fdb-d940-4f35-b283-5c971b79830f)
 - Deleted: 0

[09/May/2023:13:30:41] UPDATING PRODUCTS (JobID: 4402dde7-05f4-4d69-b1a8-0bcaef312a67)
 - New and modified: 0

[09/May/2023:13:30:43] UPDATING PREPAGATI (JobID: a9fb429a-c98b-4540-8a9e-38237a766ad6)
 - New and modified: 0

[09/May/2023:13:30:43] DELETING PREPAGATI (JobID: a9fb429a-c98b-4540-8a9e-38237a766ad6)
 - Deleted: 0

[09/May/2023:13:40:03] UPDATING ACCOUNTS (JobID: ad2b133b-116a-43ac-997f-a4c0a92d6b27)
 - New and modified: 0

[09/May/2023:13:40:03] DELETING ACCOUNTS (JobID: ad2b133b-116a-43ac-997f-a4c0a92d6b27)
 - Deleted: 0

[09/May/2023:13:40:38] UPDATING PRODUCTS (JobID: d2be9783-c1ac-4e51-bc89-bdb16b047e19)
 - New and modified: 0

[09/May/2023:13:40:40] UPDATING PREPAGATI (JobID: 1e08ab56-5d88-4eae-973b-220753e2bf9a)
 - New and modified: 0

[09/May/2023:13:40:40] DELETING PREPAGATI (JobID: 1e08ab56-5d88-4eae-973b-220753e2bf9a)
 - Deleted: 0

[09/May/2023:13:50:03] UPDATING ACCOUNTS (JobID: b0b03c8f-babc-43e6-a77e-28f97cadcd00)
 - New and modified: 0

[09/May/2023:13:50:03] DELETING ACCOUNTS (JobID: b0b03c8f-babc-43e6-a77e-28f97cadcd00)
 - Deleted: 0

[09/May/2023:13:50:40] UPDATING PRODUCTS (JobID: 0dc5638f-e32e-4075-a59b-3fbea80eb43d)
 - New and modified: 0

[09/May/2023:13:50:42] UPDATING PREPAGATI (JobID: 890e20be-8b86-4313-a2f6-ea849e749118)
 - New and modified: 0

[09/May/2023:13:50:42] DELETING PREPAGATI (JobID: 890e20be-8b86-4313-a2f6-ea849e749118)
 - Deleted: 0

[09/May/2023:14:00:04] UPDATING ACCOUNTS (JobID: 52f4f269-306e-49b6-885c-fecc83e751c7)
 - New and modified: 0

[09/May/2023:14:00:04] DELETING ACCOUNTS (JobID: 52f4f269-306e-49b6-885c-fecc83e751c7)
 - Deleted: 0

[09/May/2023:14:00:47] UPDATING PRODUCTS (JobID: d16460b9-b508-4e86-af6a-e281b4cb769e)
 - New and modified: 0

[09/May/2023:14:00:49] UPDATING PREPAGATI (JobID: b6605130-0af6-4118-9e29-e25f0afd75e2)
 - New and modified: 0

[09/May/2023:14:00:49] DELETING PREPAGATI (JobID: b6605130-0af6-4118-9e29-e25f0afd75e2)
 - Deleted: 0

[09/May/2023:14:10:36] UPDATING ACCOUNTS (JobID: 3c20d818-db79-469a-8cf0-0707edb532c4)
 - New and modified: 0

[09/May/2023:14:10:36] DELETING ACCOUNTS (JobID: 3c20d818-db79-469a-8cf0-0707edb532c4)
 - Deleted: 0

[09/May/2023:14:12:19] UPDATING PRODUCTS (JobID: e40c1944-70c0-4c3a-a6b5-02818a9cb14f)
 - New and modified: 0

[09/May/2023:14:12:22] UPDATING PREPAGATI (JobID: 98d8a81c-30b7-4a42-b37b-df5e0f7dcd6b)
 - New and modified: 0

[09/May/2023:14:12:22] DELETING PREPAGATI (JobID: 98d8a81c-30b7-4a42-b37b-df5e0f7dcd6b)
 - Deleted: 0

[09/May/2023:14:20:04] UPDATING ACCOUNTS (JobID: 49aaff3d-649c-4ba0-a03b-b0d44d82f7c0)
 - New and modified: 0

[09/May/2023:14:20:04] DELETING ACCOUNTS (JobID: 49aaff3d-649c-4ba0-a03b-b0d44d82f7c0)
 - Deleted: 0

[09/May/2023:14:20:39] UPDATING PRODUCTS (JobID: 32b7cf15-f8f3-4f03-8d1c-33af258b7177)
 - New and modified: 0

[09/May/2023:14:20:42] UPDATING PREPAGATI (JobID: 3acd3c0c-2c34-4451-8949-0d7e5daf1b9c)
 - New and modified: 0

[09/May/2023:14:20:42] DELETING PREPAGATI (JobID: 3acd3c0c-2c34-4451-8949-0d7e5daf1b9c)
 - Deleted: 0

[09/May/2023:14:30:04] UPDATING ACCOUNTS (JobID: 2905ea4c-3dfe-4acf-b767-954ab135da5a)
 - New and modified: 0

[09/May/2023:14:30:04] DELETING ACCOUNTS (JobID: 2905ea4c-3dfe-4acf-b767-954ab135da5a)
 - Deleted: 0

[09/May/2023:14:30:46] UPDATING PRODUCTS (JobID: d83b774c-b87d-4359-9a47-ac0b5aa69c2d)
 - New and modified: 0

[09/May/2023:14:30:47] UPDATING PREPAGATI (JobID: c57933c2-c213-411d-9799-ba2b7e249e2c)
 - New and modified: 0

[09/May/2023:14:30:47] DELETING PREPAGATI (JobID: c57933c2-c213-411d-9799-ba2b7e249e2c)
 - Deleted: 0

[09/May/2023:14:50:12] UPDATING ACCOUNTS (JobID: 7e86cf8d-3f45-4cd4-900b-4ef33b5a080e)
 - New and modified: 0

[09/May/2023:14:50:12] DELETING ACCOUNTS (JobID: 7e86cf8d-3f45-4cd4-900b-4ef33b5a080e)
 - Deleted: 0

[09/May/2023:14:50:49] UPDATING PRODUCTS (JobID: 73e4df90-3b53-4b07-a533-772a93bd3a70)
 - New and modified: 0

[09/May/2023:14:50:52] UPDATING PREPAGATI (JobID: cf1ced33-a424-4d42-8bd1-02083a764fe6)
 - New and modified: 0

[09/May/2023:14:50:52] DELETING PREPAGATI (JobID: cf1ced33-a424-4d42-8bd1-02083a764fe6)
 - Deleted: 0

[09/May/2023:15:00:04] UPDATING ACCOUNTS (JobID: 3fef9cc9-dde5-432b-93a9-2759c1515b9d)
 - New and modified: 0

[09/May/2023:15:00:04] DELETING ACCOUNTS (JobID: 3fef9cc9-dde5-432b-93a9-2759c1515b9d)
 - Deleted: 0

[09/May/2023:15:00:52] UPDATING PRODUCTS (JobID: 41fa60b6-a10e-4fd7-8b0a-88ef9b4001f5)
 - New and modified: 0

[09/May/2023:15:00:55] UPDATING PREPAGATI (JobID: 621477ed-d6a1-48af-98c2-3eaf831b3dcc)
 - New and modified: 0

[09/May/2023:15:00:55] DELETING PREPAGATI (JobID: 621477ed-d6a1-48af-98c2-3eaf831b3dcc)
 - Deleted: 0

[09/May/2023:15:11:41] UPDATING ACCOUNTS (JobID: 37b858c3-80d1-41fe-8b94-294936d8f9f8)
 - New and modified: 0

[09/May/2023:15:11:41] DELETING ACCOUNTS (JobID: 37b858c3-80d1-41fe-8b94-294936d8f9f8)
 - Deleted: 0

[09/May/2023:15:19:22] UPDATING PRODUCTS (JobID: 67f32f8c-c791-4dee-8d68-9157247ddb71)
 - New and modified: 0

[09/May/2023:15:19:30] UPDATING PREPAGATI (JobID: fa3a6e55-3bc4-4c59-a458-43afc38dccbd)
 - New and modified: 0

[09/May/2023:15:19:30] DELETING PREPAGATI (JobID: fa3a6e55-3bc4-4c59-a458-43afc38dccbd)
 - Deleted: 0

[09/May/2023:15:20:33] UPDATING ACCOUNTS (JobID: 4f42cf13-fc87-4f70-a954-bede8b94a13a)
 - New and modified: 0

[09/May/2023:15:20:33] DELETING ACCOUNTS (JobID: 4f42cf13-fc87-4f70-a954-bede8b94a13a)
 - Deleted: 0

[09/May/2023:15:22:59] UPDATING PRODUCTS (JobID: a9d3479a-48af-42d3-9452-6e2413c846e0)
 - New and modified: 0

[09/May/2023:15:23:06] UPDATING PREPAGATI (JobID: 54e26174-3cbe-416c-9d0e-629b18aa8503)
 - New and modified: 0

[09/May/2023:15:23:06] DELETING PREPAGATI (JobID: 54e26174-3cbe-416c-9d0e-629b18aa8503)
 - Deleted: 0

[09/May/2023:15:30:03] UPDATING ACCOUNTS (JobID: 4fc2d7a9-0bdc-4907-a3ae-6481f359330b)
 - New and modified: 0

[09/May/2023:15:30:03] DELETING ACCOUNTS (JobID: 4fc2d7a9-0bdc-4907-a3ae-6481f359330b)
 - Deleted: 0

[09/May/2023:15:30:38] UPDATING PRODUCTS (JobID: a7413b2b-3f99-4295-ac3f-7176aefce1ad)
 - New and modified: 0

[09/May/2023:15:30:39] UPDATING PREPAGATI (JobID: 256c00c5-c5e9-434a-933d-df7a9cdb9963)
 - New and modified: 0

[09/May/2023:15:30:39] DELETING PREPAGATI (JobID: 256c00c5-c5e9-434a-933d-df7a9cdb9963)
 - Deleted: 0

[09/May/2023:15:40:03] UPDATING ACCOUNTS (JobID: 93df908d-0afc-41f9-8bea-cc01ec9d87f0)
 - New and modified: 0

[09/May/2023:15:40:03] DELETING ACCOUNTS (JobID: 93df908d-0afc-41f9-8bea-cc01ec9d87f0)
 - Deleted: 0

[09/May/2023:15:40:42] UPDATING PRODUCTS (JobID: 0a48385a-ceff-4289-91eb-bdac13038f1d)
 - New and modified: 0

[09/May/2023:15:40:43] UPDATING PREPAGATI (JobID: e6d1783e-d346-4a72-994c-0f982c6c2fb4)
 - New and modified: 0

[09/May/2023:15:40:43] DELETING PREPAGATI (JobID: e6d1783e-d346-4a72-994c-0f982c6c2fb4)
 - Deleted: 0

[09/May/2023:15:50:04] UPDATING ACCOUNTS (JobID: 34593a88-f781-40b8-9679-23fe0be3bc40)
 - New and modified: 0

[09/May/2023:15:50:04] DELETING ACCOUNTS (JobID: 34593a88-f781-40b8-9679-23fe0be3bc40)
 - Deleted: 0

[09/May/2023:15:50:39] UPDATING PRODUCTS (JobID: be31e1a1-49e9-40d0-afe2-3f3e46cb12b1)
 - New and modified: 0

[09/May/2023:15:50:41] UPDATING PREPAGATI (JobID: 54d8e74e-2903-4404-8df5-efb2e562f821)
 - New and modified: 0

[09/May/2023:15:50:41] DELETING PREPAGATI (JobID: 54d8e74e-2903-4404-8df5-efb2e562f821)
 - Deleted: 0

[09/May/2023:16:00:04] UPDATING ACCOUNTS (JobID: 0237d86c-709a-47af-a8e2-0c9714f5a91e)
 - New and modified: 0

[09/May/2023:16:00:04] DELETING ACCOUNTS (JobID: 0237d86c-709a-47af-a8e2-0c9714f5a91e)
 - Deleted: 0

[09/May/2023:16:00:40] UPDATING PRODUCTS (JobID: cea1290f-7f67-496a-81dd-5170a3eb61fe)
 - New and modified: 0

[09/May/2023:16:00:44] UPDATING PREPAGATI (JobID: 8e598374-ab58-40fd-8e08-940174b07e1d)
 - New and modified: 0

[09/May/2023:16:00:44] DELETING PREPAGATI (JobID: 8e598374-ab58-40fd-8e08-940174b07e1d)
 - Deleted: 0

[09/May/2023:16:10:05] UPDATING ACCOUNTS (JobID: 622b27a0-069f-4be9-86af-f06bb3bf37fc)
 - New and modified: 0

[09/May/2023:16:10:05] DELETING ACCOUNTS (JobID: 622b27a0-069f-4be9-86af-f06bb3bf37fc)
 - Deleted: 0

[09/May/2023:16:11:31] UPDATING PRODUCTS (JobID: 51353cab-cf33-4800-a5db-03104e9f9d6d)
 - New and modified: 0

[09/May/2023:16:11:37] UPDATING PREPAGATI (JobID: 4d3991c6-9b8b-473f-b071-cd7c83383196)
 - New and modified: 0

[09/May/2023:16:11:37] DELETING PREPAGATI (JobID: 4d3991c6-9b8b-473f-b071-cd7c83383196)
 - Deleted: 0

[09/May/2023:16:20:08] UPDATING ACCOUNTS (JobID: ae1c185e-2828-4a11-af0f-73cb1e88805d)
 - New and modified: 0

[09/May/2023:16:20:08] DELETING ACCOUNTS (JobID: ae1c185e-2828-4a11-af0f-73cb1e88805d)
 - Deleted: 0

[09/May/2023:16:21:28] UPDATING PRODUCTS (JobID: 8153bc57-a502-4004-bd2c-7897e913c635)
 - New and modified: 0

[09/May/2023:16:21:32] UPDATING PREPAGATI (JobID: 080a2351-6a3f-40f7-b019-f4ade77f1b2b)
 - New and modified: 0

[09/May/2023:16:21:32] DELETING PREPAGATI (JobID: 080a2351-6a3f-40f7-b019-f4ade77f1b2b)
 - Deleted: 0

[09/May/2023:16:30:04] UPDATING ACCOUNTS (JobID: c61d98c0-21ca-4d86-abb8-94e99aa20c0a)
 - New and modified: 0

[09/May/2023:16:30:04] DELETING ACCOUNTS (JobID: c61d98c0-21ca-4d86-abb8-94e99aa20c0a)
 - Deleted: 0

[09/May/2023:16:30:41] UPDATING PRODUCTS (JobID: c9e9d2ea-c9af-4088-8e2e-ba3cd8908653)
 - New and modified: 0

[09/May/2023:16:30:43] UPDATING PREPAGATI (JobID: b35e270a-134e-4692-bef0-d81ed3c309fc)
 - New and modified: 0

[09/May/2023:16:30:43] DELETING PREPAGATI (JobID: b35e270a-134e-4692-bef0-d81ed3c309fc)
 - Deleted: 0

[09/May/2023:16:40:04] UPDATING ACCOUNTS (JobID: eac406bd-3dbf-4e2a-9366-b484ff0cee76)
 - New and modified: 0

[09/May/2023:16:40:04] DELETING ACCOUNTS (JobID: eac406bd-3dbf-4e2a-9366-b484ff0cee76)
 - Deleted: 0

[09/May/2023:16:40:43] UPDATING PRODUCTS (JobID: bcfd73ac-56d0-4eb6-b3fe-8d1293d71150)
 - New and modified: 0

[09/May/2023:16:40:46] UPDATING PREPAGATI (JobID: fed9fe85-8e28-47ee-bd2f-78d5f01d2931)
 - New and modified: 0

[09/May/2023:16:40:46] DELETING PREPAGATI (JobID: fed9fe85-8e28-47ee-bd2f-78d5f01d2931)
 - Deleted: 0

[09/May/2023:16:50:04] UPDATING ACCOUNTS (JobID: 8c6caeb7-62db-4a7b-a9f8-13a7aa89c523)
 - New and modified: 0

[09/May/2023:16:50:04] DELETING ACCOUNTS (JobID: 8c6caeb7-62db-4a7b-a9f8-13a7aa89c523)
 - Deleted: 0

[09/May/2023:16:50:41] UPDATING PRODUCTS (JobID: dd303c57-d836-4380-a606-9104ffc48142)
 - New and modified: 0

[09/May/2023:16:50:43] UPDATING PREPAGATI (JobID: c69400f2-ace0-45eb-aeeb-7083dc3e415c)
 - New and modified: 0

[09/May/2023:16:50:43] DELETING PREPAGATI (JobID: c69400f2-ace0-45eb-aeeb-7083dc3e415c)
 - Deleted: 0

[09/May/2023:17:00:05] UPDATING ACCOUNTS (JobID: ada2787a-4b0e-458a-b122-ae80a9f63316)
 - New and modified: 0

[09/May/2023:17:00:05] DELETING ACCOUNTS (JobID: ada2787a-4b0e-458a-b122-ae80a9f63316)
 - Deleted: 0

[09/May/2023:17:00:37] UPDATING PRODUCTS (JobID: 6d170b87-2c88-43f2-9c30-691f487ac692)
 - New and modified: 0

[09/May/2023:17:00:39] UPDATING PREPAGATI (JobID: 19c263e4-b653-4621-a70d-5472aa683273)
 - New and modified: 0

[09/May/2023:17:00:39] DELETING PREPAGATI (JobID: 19c263e4-b653-4621-a70d-5472aa683273)
 - Deleted: 0

[09/May/2023:17:10:04] UPDATING ACCOUNTS (JobID: 2985b809-65f8-4b90-a2a4-2edceca5d75d)
 - New and modified: 0

[09/May/2023:17:10:04] DELETING ACCOUNTS (JobID: 2985b809-65f8-4b90-a2a4-2edceca5d75d)
 - Deleted: 0

[09/May/2023:17:10:40] UPDATING PRODUCTS (JobID: 98829567-d45e-43d2-9566-99ba946729a5)
 - New and modified: 0

[09/May/2023:17:10:42] UPDATING PREPAGATI (JobID: 15e40b7d-af71-4179-b441-c1986480474d)
 - New and modified: 0

[09/May/2023:17:10:42] DELETING PREPAGATI (JobID: 15e40b7d-af71-4179-b441-c1986480474d)
 - Deleted: 0

[09/May/2023:17:20:06] UPDATING ACCOUNTS (JobID: 983576fc-4b7b-4383-a630-73e6b0af1827)
 - New and modified: 0

[09/May/2023:17:20:06] DELETING ACCOUNTS (JobID: 983576fc-4b7b-4383-a630-73e6b0af1827)
 - Deleted: 0

[09/May/2023:17:20:44] UPDATING PRODUCTS (JobID: a8c3779d-eb15-41d8-a495-7b33d6cd9954)
 - New and modified: 0

[09/May/2023:17:20:46] UPDATING PREPAGATI (JobID: eefa853b-35b8-44ed-9a61-e96899da7a31)
 - New and modified: 0

[09/May/2023:17:20:46] DELETING PREPAGATI (JobID: eefa853b-35b8-44ed-9a61-e96899da7a31)
 - Deleted: 0

[09/May/2023:17:30:04] UPDATING ACCOUNTS (JobID: ee563a32-bcaa-47f5-984c-267cd9b8ecc9)
 - New and modified: 0

[09/May/2023:17:30:04] DELETING ACCOUNTS (JobID: ee563a32-bcaa-47f5-984c-267cd9b8ecc9)
 - Deleted: 0

[09/May/2023:17:30:41] UPDATING PRODUCTS (JobID: d0853c48-1722-40a5-b88c-ff3df5f56d9b)
 - New and modified: 0

[09/May/2023:17:30:46] UPDATING PREPAGATI (JobID: 9bf2830e-c6f3-4572-8b85-f00daaff970b)
 - New and modified: 0

[09/May/2023:17:30:46] DELETING PREPAGATI (JobID: 9bf2830e-c6f3-4572-8b85-f00daaff970b)
 - Deleted: 0

[09/May/2023:17:40:04] UPDATING ACCOUNTS (JobID: 281696c7-8e8f-4235-963f-9fa199694d27)
 - New and modified: 0

[09/May/2023:17:40:04] DELETING ACCOUNTS (JobID: 281696c7-8e8f-4235-963f-9fa199694d27)
 - Deleted: 0

[09/May/2023:17:40:41] UPDATING PRODUCTS (JobID: 528b9e55-fe25-4c6f-bf69-976f99533fbf)
 - New and modified: 0

[09/May/2023:17:40:43] UPDATING PREPAGATI (JobID: c1bc915b-eea1-42ed-89ba-1ea945e10156)
 - New and modified: 0

[09/May/2023:17:40:43] DELETING PREPAGATI (JobID: c1bc915b-eea1-42ed-89ba-1ea945e10156)
 - Deleted: 0

[09/May/2023:17:50:08] UPDATING ACCOUNTS (JobID: 491a4df5-0448-4210-99d4-55bdc41f3155)
 - New and modified: 0

[09/May/2023:17:50:08] DELETING ACCOUNTS (JobID: 491a4df5-0448-4210-99d4-55bdc41f3155)
 - Deleted: 0

[09/May/2023:17:50:43] UPDATING PRODUCTS (JobID: ecb0da4d-b6a5-44b7-a868-c0d8463f9962)
 - New and modified: 0

[09/May/2023:17:50:44] UPDATING PREPAGATI (JobID: c4e087f6-527b-4137-b14b-6b9374e01d72)
 - New and modified: 0

[09/May/2023:17:50:44] DELETING PREPAGATI (JobID: c4e087f6-527b-4137-b14b-6b9374e01d72)
 - Deleted: 0

[09/May/2023:18:10:05] UPDATING ACCOUNTS (JobID: ed1e5dde-886b-4915-89e7-20524658485f)
 - New and modified: 0

[09/May/2023:18:10:05] DELETING ACCOUNTS (JobID: ed1e5dde-886b-4915-89e7-20524658485f)
 - Deleted: 0

[09/May/2023:18:10:56] UPDATING PRODUCTS (JobID: a8516111-f83d-484f-9153-b41ea8f0d860)
 - New and modified: 0

[09/May/2023:18:10:58] UPDATING PREPAGATI (JobID: 11880ac1-8529-4330-b028-cb6491d15212)
 - New and modified: 0

[09/May/2023:18:10:58] DELETING PREPAGATI (JobID: 11880ac1-8529-4330-b028-cb6491d15212)
 - Deleted: 0

[09/May/2023:18:20:04] UPDATING ACCOUNTS (JobID: 4c1a1216-bdcc-45f8-a10c-ba569cedef8f)
 - New and modified: 0

[09/May/2023:18:20:04] DELETING ACCOUNTS (JobID: 4c1a1216-bdcc-45f8-a10c-ba569cedef8f)
 - Deleted: 0

[09/May/2023:18:20:41] UPDATING PRODUCTS (JobID: 975ef9a0-ed2c-4b75-89d1-83e89be030a6)
 - New and modified: 0

[09/May/2023:18:20:43] UPDATING PREPAGATI (JobID: 85dc7570-ddea-444a-a753-666ceac6af81)
 - New and modified: 0

[09/May/2023:18:20:43] DELETING PREPAGATI (JobID: 85dc7570-ddea-444a-a753-666ceac6af81)
 - Deleted: 0

[09/May/2023:18:30:05] UPDATING ACCOUNTS (JobID: 5f416c6c-c1ae-427a-97c9-4addff3991c2)
 - New and modified: 0

[09/May/2023:18:30:05] DELETING ACCOUNTS (JobID: 5f416c6c-c1ae-427a-97c9-4addff3991c2)
 - Deleted: 0

[09/May/2023:18:30:40] UPDATING PRODUCTS (JobID: 044426cf-8977-4a63-96ac-7cdb5aafbb74)
 - New and modified: 0

[09/May/2023:18:30:48] UPDATING PREPAGATI (JobID: f5a44176-103b-4196-825f-e93de1da0428)
 - New and modified: 0

[09/May/2023:18:30:48] DELETING PREPAGATI (JobID: f5a44176-103b-4196-825f-e93de1da0428)
 - Deleted: 0

[09/May/2023:18:40:04] UPDATING ACCOUNTS (JobID: c4351a3b-d3c8-4744-96a5-4e6443d7dd3b)
 - New and modified: 0

[09/May/2023:18:40:04] DELETING ACCOUNTS (JobID: c4351a3b-d3c8-4744-96a5-4e6443d7dd3b)
 - Deleted: 0

[09/May/2023:18:40:36] UPDATING PRODUCTS (JobID: 7d8291b8-513c-4865-ae81-8d63c97213a9)
 - New and modified: 0

[09/May/2023:18:40:38] UPDATING PREPAGATI (JobID: d449b38f-2c36-4ed0-872c-594a144ba138)
 - New and modified: 0

[09/May/2023:18:40:38] DELETING PREPAGATI (JobID: d449b38f-2c36-4ed0-872c-594a144ba138)
 - Deleted: 0

[09/May/2023:19:00:14] UPDATING ACCOUNTS (JobID: 426b14df-f956-497e-98ea-cd3161cbcc86)
 - New and modified: 0

[09/May/2023:19:00:14] DELETING ACCOUNTS (JobID: 426b14df-f956-497e-98ea-cd3161cbcc86)
 - Deleted: 0

[09/May/2023:19:00:53] UPDATING PRODUCTS (JobID: 17067f65-584f-4ff5-9536-3fe24c798df0)
 - New and modified: 0

[09/May/2023:19:00:54] UPDATING PREPAGATI (JobID: 611d4d2b-39be-4bd5-9e2b-bb5361cfa4aa)
 - New and modified: 0

[09/May/2023:19:00:54] DELETING PREPAGATI (JobID: 611d4d2b-39be-4bd5-9e2b-bb5361cfa4aa)
 - Deleted: 0

[09/May/2023:19:10:07] UPDATING ACCOUNTS (JobID: 06e6946f-4814-41bd-9b38-4bc078749854)
 - New and modified: 0

[09/May/2023:19:10:07] DELETING ACCOUNTS (JobID: 06e6946f-4814-41bd-9b38-4bc078749854)
 - Deleted: 0

[09/May/2023:19:10:43] UPDATING PRODUCTS (JobID: 1f11ae00-2ea8-4457-9a7d-4e133859514c)
 - New and modified: 0

[09/May/2023:19:10:46] UPDATING PREPAGATI (JobID: 3f738dd8-c82d-44c2-a373-bce34a55014c)
 - New and modified: 0

[09/May/2023:19:10:46] DELETING PREPAGATI (JobID: 3f738dd8-c82d-44c2-a373-bce34a55014c)
 - Deleted: 0

[09/May/2023:19:20:04] UPDATING ACCOUNTS (JobID: 0aa39a32-056c-4041-8f7d-c62773fb70ee)
 - New and modified: 0

[09/May/2023:19:20:04] DELETING ACCOUNTS (JobID: 0aa39a32-056c-4041-8f7d-c62773fb70ee)
 - Deleted: 0

[09/May/2023:19:20:50] UPDATING PRODUCTS (JobID: 4518fbaa-6de1-4123-a485-631b7b56e2dd)
 - New and modified: 0

[09/May/2023:19:20:53] UPDATING PREPAGATI (JobID: ef49b560-b58d-460e-a0e9-3211291d1c65)
 - New and modified: 0

[09/May/2023:19:20:53] DELETING PREPAGATI (JobID: ef49b560-b58d-460e-a0e9-3211291d1c65)
 - Deleted: 0

[09/May/2023:19:30:15] UPDATING ACCOUNTS (JobID: 539f7fd2-b6e1-424c-8a58-c64102165b88)
 - New and modified: 0

[09/May/2023:19:30:15] DELETING ACCOUNTS (JobID: 539f7fd2-b6e1-424c-8a58-c64102165b88)
 - Deleted: 0

[09/May/2023:19:31:31] UPDATING PRODUCTS (JobID: 9da6d3d6-9228-4847-88cf-ac7a0ccd9e56)
 - New and modified: 0

[09/May/2023:19:31:36] UPDATING PREPAGATI (JobID: 5fc6fb9b-3193-4a5c-8d82-ec370f884bf0)
 - New and modified: 0

[09/May/2023:19:31:36] DELETING PREPAGATI (JobID: 5fc6fb9b-3193-4a5c-8d82-ec370f884bf0)
 - Deleted: 0

[09/May/2023:19:40:06] UPDATING ACCOUNTS (JobID: 296358ca-4d54-4049-958f-e3fd85ae6264)
 - New and modified: 0

[09/May/2023:19:40:06] DELETING ACCOUNTS (JobID: 296358ca-4d54-4049-958f-e3fd85ae6264)
 - Deleted: 0

[09/May/2023:19:41:01] UPDATING PRODUCTS (JobID: cae68506-3480-4521-82c1-d40e392c8362)
 - New and modified: 0

[09/May/2023:19:41:04] UPDATING PREPAGATI (JobID: acc26867-8e46-4f5d-8e74-5b137bc3418c)
 - New and modified: 0

[09/May/2023:19:41:04] DELETING PREPAGATI (JobID: acc26867-8e46-4f5d-8e74-5b137bc3418c)
 - Deleted: 0

[09/May/2023:19:50:04] UPDATING ACCOUNTS (JobID: 52116b2c-05c8-4427-945b-3c380e00ff72)
 - New and modified: 0

[09/May/2023:19:50:04] DELETING ACCOUNTS (JobID: 52116b2c-05c8-4427-945b-3c380e00ff72)
 - Deleted: 0

[09/May/2023:19:50:39] UPDATING PRODUCTS (JobID: 15d439a9-853d-4688-b54c-fedda9254b7a)
 - New and modified: 0

[09/May/2023:19:50:40] UPDATING PREPAGATI (JobID: 2ae28813-19a3-427f-ad14-91d458fdc9af)
 - New and modified: 0

[09/May/2023:19:50:40] DELETING PREPAGATI (JobID: 2ae28813-19a3-427f-ad14-91d458fdc9af)
 - Deleted: 0

[09/May/2023:20:00:04] UPDATING ACCOUNTS (JobID: dea718e8-e5db-4763-a6af-93246eccf44c)
 - New and modified: 0

[09/May/2023:20:00:04] DELETING ACCOUNTS (JobID: dea718e8-e5db-4763-a6af-93246eccf44c)
 - Deleted: 0

[09/May/2023:20:00:43] UPDATING PRODUCTS (JobID: 6394ca24-5e72-4f48-a6f6-76d136feb6dd)
 - New and modified: 0

[09/May/2023:20:00:45] UPDATING PREPAGATI (JobID: e6588589-e13d-4a98-af37-a8ddaceb5e26)
 - New and modified: 0

[09/May/2023:20:00:45] DELETING PREPAGATI (JobID: e6588589-e13d-4a98-af37-a8ddaceb5e26)
 - Deleted: 0

[09/May/2023:20:10:04] UPDATING ACCOUNTS (JobID: e5767e01-b4d3-4b72-957d-faf7ca3b925a)
 - New and modified: 0

[09/May/2023:20:10:04] DELETING ACCOUNTS (JobID: e5767e01-b4d3-4b72-957d-faf7ca3b925a)
 - Deleted: 0

[09/May/2023:20:10:38] UPDATING PRODUCTS (JobID: 2b36479f-9113-4329-a732-8d784a47d339)
 - New and modified: 0

[09/May/2023:20:10:40] UPDATING PREPAGATI (JobID: 7004243f-254a-415c-835e-d109f19b3001)
 - New and modified: 0

[09/May/2023:20:10:40] DELETING PREPAGATI (JobID: 7004243f-254a-415c-835e-d109f19b3001)
 - Deleted: 0

[09/May/2023:20:20:04] UPDATING ACCOUNTS (JobID: 0c54742b-e07d-4378-a643-76573b5ac1cc)
 - New and modified: 0

[09/May/2023:20:20:04] DELETING ACCOUNTS (JobID: 0c54742b-e07d-4378-a643-76573b5ac1cc)
 - Deleted: 0

[09/May/2023:20:20:38] UPDATING PRODUCTS (JobID: 5643f847-4307-4005-96c0-9aae6bd2916e)
 - New and modified: 0

[09/May/2023:20:20:39] UPDATING PREPAGATI (JobID: 5ec602dd-9379-4a50-bd93-16389d131bfb)
 - New and modified: 0

[09/May/2023:20:20:39] DELETING PREPAGATI (JobID: 5ec602dd-9379-4a50-bd93-16389d131bfb)
 - Deleted: 0

[09/May/2023:20:30:06] UPDATING ACCOUNTS (JobID: 3a4da185-a853-4a47-98f0-e51b0bde3616)
 - New and modified: 0

[09/May/2023:20:30:06] DELETING ACCOUNTS (JobID: 3a4da185-a853-4a47-98f0-e51b0bde3616)
 - Deleted: 0

[09/May/2023:20:30:41] UPDATING PRODUCTS (JobID: 2bc5cc57-6ff3-435a-bcfd-5ecca49fc9de)
 - New and modified: 0

[09/May/2023:20:30:43] UPDATING PREPAGATI (JobID: de54fbf0-3f64-476c-bf5e-4db4874eece7)
 - New and modified: 0

[09/May/2023:20:30:43] DELETING PREPAGATI (JobID: de54fbf0-3f64-476c-bf5e-4db4874eece7)
 - Deleted: 0

[09/May/2023:20:40:04] UPDATING ACCOUNTS (JobID: 4ebd1218-b750-4960-80f3-5e1d30153dc3)
 - New and modified: 0

[09/May/2023:20:40:04] DELETING ACCOUNTS (JobID: 4ebd1218-b750-4960-80f3-5e1d30153dc3)
 - Deleted: 0

[09/May/2023:20:40:39] UPDATING PRODUCTS (JobID: 0e5ff0d1-ad50-40d2-9c9a-062fa91e5fbc)
 - New and modified: 0

[09/May/2023:20:40:40] UPDATING PREPAGATI (JobID: 7cbcaac3-7f3d-433b-bdb5-501db7fce10e)
 - New and modified: 0

[09/May/2023:20:40:40] DELETING PREPAGATI (JobID: 7cbcaac3-7f3d-433b-bdb5-501db7fce10e)
 - Deleted: 0

[09/May/2023:20:50:04] UPDATING ACCOUNTS (JobID: 1e5e6ab7-cffe-447a-be66-dd8068fc47d7)
 - New and modified: 0

[09/May/2023:20:50:04] DELETING ACCOUNTS (JobID: 1e5e6ab7-cffe-447a-be66-dd8068fc47d7)
 - Deleted: 0

[09/May/2023:20:50:39] UPDATING PRODUCTS (JobID: eaf30ab0-862d-40b2-9943-f874b6bee143)
 - New and modified: 0

[09/May/2023:20:50:40] UPDATING PREPAGATI (JobID: bc74654d-a4e3-4fd5-84b0-4948bb1145be)
 - New and modified: 0

[09/May/2023:20:50:40] DELETING PREPAGATI (JobID: bc74654d-a4e3-4fd5-84b0-4948bb1145be)
 - Deleted: 0

[09/May/2023:21:00:05] UPDATING ACCOUNTS (JobID: 6a5150d2-b04b-488a-aa9c-91d206c5374b)
 - New and modified: 0

[09/May/2023:21:00:05] DELETING ACCOUNTS (JobID: 6a5150d2-b04b-488a-aa9c-91d206c5374b)
 - Deleted: 0

[09/May/2023:21:00:43] UPDATING PRODUCTS (JobID: 03db68fc-e675-4974-81a0-5e925b96c91e)
 - New and modified: 0

[09/May/2023:21:00:46] UPDATING PREPAGATI (JobID: 944c42fa-98bc-4857-b585-52fa3f3a5dd6)
 - New and modified: 0

[09/May/2023:21:00:46] DELETING PREPAGATI (JobID: 944c42fa-98bc-4857-b585-52fa3f3a5dd6)
 - Deleted: 0

[09/May/2023:21:10:07] UPDATING ACCOUNTS (JobID: 31b3bea8-2db7-44a0-b701-1514286c1a1c)
 - New and modified: 0

[09/May/2023:21:10:07] DELETING ACCOUNTS (JobID: 31b3bea8-2db7-44a0-b701-1514286c1a1c)
 - Deleted: 0

[09/May/2023:21:10:55] UPDATING PRODUCTS (JobID: ce73e001-86ad-4597-be13-e7acc1bb67c4)
 - New and modified: 0

[09/May/2023:21:10:57] UPDATING PREPAGATI (JobID: e8774529-9b4e-4b67-9f41-e148f43ca640)
 - New and modified: 0

[09/May/2023:21:10:57] DELETING PREPAGATI (JobID: e8774529-9b4e-4b67-9f41-e148f43ca640)
 - Deleted: 0

[09/May/2023:21:20:04] UPDATING ACCOUNTS (JobID: 1dc5ac07-8f25-41ee-b133-81a01da389e7)
 - New and modified: 0

[09/May/2023:21:20:04] DELETING ACCOUNTS (JobID: 1dc5ac07-8f25-41ee-b133-81a01da389e7)
 - Deleted: 0

[09/May/2023:21:20:44] UPDATING PRODUCTS (JobID: cab52144-1b99-4184-b2aa-af6e2b072bd0)
 - New and modified: 0

[09/May/2023:21:20:46] UPDATING PREPAGATI (JobID: 5a84655c-30d4-4918-ad23-135298225576)
 - New and modified: 0

[09/May/2023:21:20:46] DELETING PREPAGATI (JobID: 5a84655c-30d4-4918-ad23-135298225576)
 - Deleted: 0

[09/May/2023:21:30:04] UPDATING ACCOUNTS (JobID: 2d0e22a4-5b6c-4068-94b9-440ed2c2e441)
 - New and modified: 0

[09/May/2023:21:30:04] DELETING ACCOUNTS (JobID: 2d0e22a4-5b6c-4068-94b9-440ed2c2e441)
 - Deleted: 0

[09/May/2023:21:30:37] UPDATING PRODUCTS (JobID: 8c5a89a7-43f3-4206-9454-a02011deea4a)
 - New and modified: 0

[09/May/2023:21:30:39] UPDATING PREPAGATI (JobID: a9866ff9-5cd1-4876-8683-eb9b483377a2)
 - New and modified: 0

[09/May/2023:21:30:39] DELETING PREPAGATI (JobID: a9866ff9-5cd1-4876-8683-eb9b483377a2)
 - Deleted: 0

[09/May/2023:21:40:04] UPDATING ACCOUNTS (JobID: 2fd9a4db-8a9a-475e-b78e-fda71330233b)
 - New and modified: 0

[09/May/2023:21:40:04] DELETING ACCOUNTS (JobID: 2fd9a4db-8a9a-475e-b78e-fda71330233b)
 - Deleted: 0

[09/May/2023:21:40:41] UPDATING PRODUCTS (JobID: db18bdb9-83a2-48bb-bea2-8688a5ee4d78)
 - New and modified: 0

[09/May/2023:21:40:42] UPDATING PREPAGATI (JobID: b732301b-8f64-4c95-af43-ea169b238176)
 - New and modified: 0

[09/May/2023:21:40:42] DELETING PREPAGATI (JobID: b732301b-8f64-4c95-af43-ea169b238176)
 - Deleted: 0

[09/May/2023:21:50:06] UPDATING ACCOUNTS (JobID: f581dec8-6f92-4e7f-8562-89abc0aef36c)
 - New and modified: 0

[09/May/2023:21:50:06] DELETING ACCOUNTS (JobID: f581dec8-6f92-4e7f-8562-89abc0aef36c)
 - Deleted: 0

[09/May/2023:21:50:41] UPDATING PRODUCTS (JobID: 7995f4ad-1baf-43e5-8390-53a8dc538c41)
 - New and modified: 0

[09/May/2023:21:50:43] UPDATING PREPAGATI (JobID: 166f5975-4951-4136-a193-96cf0835b123)
 - New and modified: 0

[09/May/2023:21:50:43] DELETING PREPAGATI (JobID: 166f5975-4951-4136-a193-96cf0835b123)
 - Deleted: 0

[09/May/2023:22:00:04] UPDATING ACCOUNTS (JobID: 2be43a39-178e-41c4-94f6-827b9fdc3005)
 - New and modified: 0

[09/May/2023:22:00:04] DELETING ACCOUNTS (JobID: 2be43a39-178e-41c4-94f6-827b9fdc3005)
 - Deleted: 0

[09/May/2023:22:00:41] UPDATING PRODUCTS (JobID: 57413996-5b42-4368-b989-50c6e9eb4ac5)
 - New and modified: 0

[09/May/2023:22:00:49] UPDATING PREPAGATI (JobID: 06355521-30dd-4cf3-9a21-0910f9473fc6)
 - New and modified: 0

[09/May/2023:22:00:49] DELETING PREPAGATI (JobID: 06355521-30dd-4cf3-9a21-0910f9473fc6)
 - Deleted: 0

[09/May/2023:22:10:04] UPDATING ACCOUNTS (JobID: 321ae706-7507-4696-b54a-3c0aaf368774)
 - New and modified: 0

[09/May/2023:22:10:04] DELETING ACCOUNTS (JobID: 321ae706-7507-4696-b54a-3c0aaf368774)
 - Deleted: 0

[09/May/2023:22:10:42] UPDATING PRODUCTS (JobID: f8d0095c-8833-478f-9aba-b4e4358fb174)
 - New and modified: 0

[09/May/2023:22:10:44] UPDATING PREPAGATI (JobID: 3a3e3eee-8d9d-475c-a08e-35378f7af7e9)
 - New and modified: 0

[09/May/2023:22:10:44] DELETING PREPAGATI (JobID: 3a3e3eee-8d9d-475c-a08e-35378f7af7e9)
 - Deleted: 0

[09/May/2023:22:20:04] UPDATING ACCOUNTS (JobID: 60453b65-b882-49eb-b9a4-b599b1fea14e)
 - New and modified: 0

[09/May/2023:22:20:04] DELETING ACCOUNTS (JobID: 60453b65-b882-49eb-b9a4-b599b1fea14e)
 - Deleted: 0

[09/May/2023:22:20:39] UPDATING PRODUCTS (JobID: d8241905-dbd1-487b-b6f8-cc28bd2f0937)
 - New and modified: 0

[09/May/2023:22:20:41] UPDATING PREPAGATI (JobID: 6030150a-926f-49e3-a5c8-1ecba81647de)
 - New and modified: 0

[09/May/2023:22:20:41] DELETING PREPAGATI (JobID: 6030150a-926f-49e3-a5c8-1ecba81647de)
 - Deleted: 0

[09/May/2023:22:40:03] UPDATING ACCOUNTS (JobID: 1c4b6a4c-511d-44b8-a412-4ab54e6eeffa)
 - New and modified: 0

[09/May/2023:22:40:03] DELETING ACCOUNTS (JobID: 1c4b6a4c-511d-44b8-a412-4ab54e6eeffa)
 - Deleted: 0

[09/May/2023:22:40:37] UPDATING PRODUCTS (JobID: e53cf4e1-e8cf-4271-bee2-160b562b5c34)
 - New and modified: 0

[09/May/2023:22:40:39] UPDATING PREPAGATI (JobID: 5c248e75-668e-496f-856d-5e511f14acfb)
 - New and modified: 0

[09/May/2023:22:40:39] DELETING PREPAGATI (JobID: 5c248e75-668e-496f-856d-5e511f14acfb)
 - Deleted: 0

[09/May/2023:22:50:05] UPDATING ACCOUNTS (JobID: 798e31d7-219a-4a20-bd08-06c8d670b1de)
 - New and modified: 0

[09/May/2023:22:50:05] DELETING ACCOUNTS (JobID: 798e31d7-219a-4a20-bd08-06c8d670b1de)
 - Deleted: 0

[09/May/2023:22:50:43] UPDATING PRODUCTS (JobID: 48f59b01-c44d-4ddf-bf26-e0f1195e96ef)
 - New and modified: 0

[09/May/2023:22:50:45] UPDATING PREPAGATI (JobID: ecf5318a-0aca-4a10-ba04-35f6e0a59e73)
 - New and modified: 0

[09/May/2023:22:50:45] DELETING PREPAGATI (JobID: ecf5318a-0aca-4a10-ba04-35f6e0a59e73)
 - Deleted: 0

[09/May/2023:23:00:04] UPDATING ACCOUNTS (JobID: a26832b1-07c4-4c94-8f02-20f5ff8a6764)
 - New and modified: 0

[09/May/2023:23:00:04] DELETING ACCOUNTS (JobID: a26832b1-07c4-4c94-8f02-20f5ff8a6764)
 - Deleted: 0

[09/May/2023:23:00:40] UPDATING PRODUCTS (JobID: ac815545-f380-4afc-959a-060b92d3f15e)
 - New and modified: 0

[09/May/2023:23:00:41] UPDATING PREPAGATI (JobID: b31c4369-5441-4c5a-a094-d8f9c07261c4)
 - New and modified: 0

[09/May/2023:23:00:41] DELETING PREPAGATI (JobID: b31c4369-5441-4c5a-a094-d8f9c07261c4)
 - Deleted: 0

[09/May/2023:23:10:05] UPDATING ACCOUNTS (JobID: 9afd51f4-bbab-443e-970e-22caba7c7c8f)
 - New and modified: 0

[09/May/2023:23:10:05] DELETING ACCOUNTS (JobID: 9afd51f4-bbab-443e-970e-22caba7c7c8f)
 - Deleted: 0

[09/May/2023:23:10:39] UPDATING PRODUCTS (JobID: d81eff4d-8dff-49f7-badf-e8dd16e17d47)
 - New and modified: 0

[09/May/2023:23:10:41] UPDATING PREPAGATI (JobID: ba58cc47-3592-4686-94c6-595db7b7c038)
 - New and modified: 0

[09/May/2023:23:10:41] DELETING PREPAGATI (JobID: ba58cc47-3592-4686-94c6-595db7b7c038)
 - Deleted: 0

[09/May/2023:23:20:04] UPDATING ACCOUNTS (JobID: f7456f4a-994f-43e1-8144-5bf6ac1efc7a)
 - New and modified: 0

[09/May/2023:23:20:04] DELETING ACCOUNTS (JobID: f7456f4a-994f-43e1-8144-5bf6ac1efc7a)
 - Deleted: 0

[09/May/2023:23:20:37] UPDATING PRODUCTS (JobID: 827f82ac-2f40-4cd4-90cb-f4d74b76e1f1)
 - New and modified: 0

[09/May/2023:23:20:39] UPDATING PREPAGATI (JobID: 7419ffe9-a396-4c52-828b-aec9197d4d99)
 - New and modified: 0

[09/May/2023:23:20:39] DELETING PREPAGATI (JobID: 7419ffe9-a396-4c52-828b-aec9197d4d99)
 - Deleted: 0

[09/May/2023:23:30:05] UPDATING ACCOUNTS (JobID: 976eaff0-61c4-433c-84c9-1047d7cf0bbf)
 - New and modified: 0

[09/May/2023:23:30:05] DELETING ACCOUNTS (JobID: 976eaff0-61c4-433c-84c9-1047d7cf0bbf)
 - Deleted: 0

[09/May/2023:23:30:38] UPDATING PRODUCTS (JobID: 4113fc80-8616-4f53-b914-5d93af1c6f35)
 - New and modified: 0

[09/May/2023:23:30:40] UPDATING PREPAGATI (JobID: da697ab8-3810-4169-b13e-09fe35d63f5d)
 - New and modified: 0

[09/May/2023:23:30:40] DELETING PREPAGATI (JobID: da697ab8-3810-4169-b13e-09fe35d63f5d)
 - Deleted: 0

[09/May/2023:23:40:04] UPDATING ACCOUNTS (JobID: d5fd183e-0b69-45ea-a6f8-f715f14fd1dd)
 - New and modified: 0

[09/May/2023:23:40:04] DELETING ACCOUNTS (JobID: d5fd183e-0b69-45ea-a6f8-f715f14fd1dd)
 - Deleted: 0

[09/May/2023:23:40:37] UPDATING PRODUCTS (JobID: ae5e9dc1-86a7-4de9-b18d-a9d24f420d38)
 - New and modified: 0

[09/May/2023:23:40:39] UPDATING PREPAGATI (JobID: 7a7442f8-60d0-492e-8e33-c51f7820f4bb)
 - New and modified: 0

[09/May/2023:23:40:39] DELETING PREPAGATI (JobID: 7a7442f8-60d0-492e-8e33-c51f7820f4bb)
 - Deleted: 0

[09/May/2023:23:50:04] UPDATING ACCOUNTS (JobID: a2b90308-125c-4182-a2e4-7f95dce64933)
 - New and modified: 0

[09/May/2023:23:50:04] DELETING ACCOUNTS (JobID: a2b90308-125c-4182-a2e4-7f95dce64933)
 - Deleted: 0

[09/May/2023:23:50:40] UPDATING PRODUCTS (JobID: 8b5a1ecd-f0e5-42f6-9df6-55be612db15c)
 - New and modified: 0

[09/May/2023:23:50:43] UPDATING PREPAGATI (JobID: 9f730c91-ecf6-47a6-8b7b-3a483ef45b2c)
 - New and modified: 0

[09/May/2023:23:50:43] DELETING PREPAGATI (JobID: 9f730c91-ecf6-47a6-8b7b-3a483ef45b2c)
 - Deleted: 0

