[30/Jul/2023:00:30:06] UPDATING ACCOUNTS (JobID: 63fcc676-ba82-4f73-a5aa-a129d3220d38)
 - New and modified: 0

[30/Jul/2023:00:30:06] DELETING ACCOUNTS (JobID: 63fcc676-ba82-4f73-a5aa-a129d3220d38)
 - Deleted: 0

[30/Jul/2023:00:30:36] UPDATING PRODUCTS (JobID: 3d8e851d-464f-4e91-916a-3f0a801a7663)
 - New and modified: 0

[30/Jul/2023:00:30:38] UPDATING PREPAGATI (JobID: 9852f013-7709-4f57-862d-7c4743668614)
 - New and modified: 0

[30/Jul/2023:00:30:38] DELETING PREPAGATI (JobID: 9852f013-7709-4f57-862d-7c4743668614)
 - Deleted: 0

[30/Jul/2023:01:00:08] UPDATING ACCOUNTS (JobID: 6027a0a2-6a13-4471-bb34-179e649ace7e)
 - New and modified: 0

[30/Jul/2023:01:00:08] DELETING ACCOUNTS (JobID: 6027a0a2-6a13-4471-bb34-179e649ace7e)
 - Deleted: 0

[30/Jul/2023:01:00:38] UPDATING PRODUCTS (JobID: ce1127eb-9a98-4e54-9757-4550c208d084)
 - New and modified: 0

[30/Jul/2023:01:00:41] UPDATING PREPAGATI (JobID: 33293ded-897f-4145-93db-4937d656194a)
 - New and modified: 0

[30/Jul/2023:01:00:41] DELETING PREPAGATI (JobID: 33293ded-897f-4145-93db-4937d656194a)
 - Deleted: 0

[30/Jul/2023:02:30:07] UPDATING ACCOUNTS (JobID: 115fc20b-ad9e-4f5e-bc1b-d5c025559037)
 - New and modified: 0

[30/Jul/2023:02:30:07] DELETING ACCOUNTS (JobID: 115fc20b-ad9e-4f5e-bc1b-d5c025559037)
 - Deleted: 0

[30/Jul/2023:02:30:39] UPDATING PRODUCTS (JobID: ad1a78f3-8e9f-4ba1-8261-02dd74d24414)
 - New and modified: 0

[30/Jul/2023:02:30:42] UPDATING PREPAGATI (JobID: 681b2834-731d-4bba-8b3c-af703f640b65)
 - New and modified: 0

[30/Jul/2023:02:30:42] DELETING PREPAGATI (JobID: 681b2834-731d-4bba-8b3c-af703f640b65)
 - Deleted: 0

[30/Jul/2023:03:30:08] UPDATING ACCOUNTS (JobID: 964a3a13-8807-440f-9683-265cfeec1a0b)
 - New and modified: 0

[30/Jul/2023:03:30:08] DELETING ACCOUNTS (JobID: 964a3a13-8807-440f-9683-265cfeec1a0b)
 - Deleted: 0

[30/Jul/2023:03:30:39] UPDATING PRODUCTS (JobID: 9b9f5692-7498-4922-bd2a-00feeb0a9594)
 - New and modified: 0

[30/Jul/2023:03:30:42] UPDATING PREPAGATI (JobID: a626dd25-f556-4bcf-ae6b-c2304c7aaf34)
 - New and modified: 0

[30/Jul/2023:03:30:42] DELETING PREPAGATI (JobID: a626dd25-f556-4bcf-ae6b-c2304c7aaf34)
 - Deleted: 0

[30/Jul/2023:04:00:04] UPDATING ACCOUNTS (JobID: 30dd99ca-ab0b-4d5d-b66d-e94ea199b564)
 - New and modified: 0

[30/Jul/2023:04:00:04] DELETING ACCOUNTS (JobID: 30dd99ca-ab0b-4d5d-b66d-e94ea199b564)
 - Deleted: 0

[30/Jul/2023:04:00:32] UPDATING PRODUCTS (JobID: 4df8ce68-c9a7-4ba5-81a8-6b4b6292a365)
 - New and modified: 0

[30/Jul/2023:04:00:34] UPDATING PREPAGATI (JobID: ad3260f5-0a5b-41cd-a7ef-e9243b9990fb)
 - New and modified: 0

[30/Jul/2023:04:00:34] DELETING PREPAGATI (JobID: ad3260f5-0a5b-41cd-a7ef-e9243b9990fb)
 - Deleted: 0

[30/Jul/2023:04:30:03] UPDATING ACCOUNTS (JobID: 52412835-8b0c-4403-8c75-e460ca845476)
 - New and modified: 0

[30/Jul/2023:04:30:03] DELETING ACCOUNTS (JobID: 52412835-8b0c-4403-8c75-e460ca845476)
 - Deleted: 0

[30/Jul/2023:04:30:33] UPDATING PRODUCTS (JobID: 4a1cf82b-7503-41b6-8ba7-0655f19a42ce)
 - New and modified: 0

[30/Jul/2023:04:30:35] UPDATING PREPAGATI (JobID: c3eccad0-3d21-46fc-9f1c-ba60ad34c675)
 - New and modified: 0

[30/Jul/2023:04:30:35] DELETING PREPAGATI (JobID: c3eccad0-3d21-46fc-9f1c-ba60ad34c675)
 - Deleted: 0

[30/Jul/2023:05:00:04] UPDATING ACCOUNTS (JobID: a2ad1236-b52d-4a0f-83b6-5c4f87d79df5)
 - New and modified: 0

[30/Jul/2023:05:00:04] DELETING ACCOUNTS (JobID: a2ad1236-b52d-4a0f-83b6-5c4f87d79df5)
 - Deleted: 0

[30/Jul/2023:05:00:33] UPDATING PRODUCTS (JobID: 7ef0bab8-8f47-463d-b77b-9f7fbda72df5)
 - New and modified: 0

[30/Jul/2023:05:00:35] UPDATING PREPAGATI (JobID: fc46729d-3777-4aee-9958-ddfc027f23df)
 - New and modified: 0

[30/Jul/2023:05:00:35] DELETING PREPAGATI (JobID: fc46729d-3777-4aee-9958-ddfc027f23df)
 - Deleted: 0

[30/Jul/2023:05:30:07] UPDATING ACCOUNTS (JobID: 5d95ea67-c757-4fba-9c39-91f7921192a5)
 - New and modified: 0

[30/Jul/2023:05:30:07] DELETING ACCOUNTS (JobID: 5d95ea67-c757-4fba-9c39-91f7921192a5)
 - Deleted: 0

[30/Jul/2023:05:30:36] UPDATING PRODUCTS (JobID: b796cbbd-1644-4a6c-829a-15a57b0d5d77)
 - New and modified: 0

[30/Jul/2023:05:30:38] UPDATING PREPAGATI (JobID: ae827aa2-053f-4d72-8692-810647b1bf3d)
 - New and modified: 0

[30/Jul/2023:05:30:38] DELETING PREPAGATI (JobID: ae827aa2-053f-4d72-8692-810647b1bf3d)
 - Deleted: 0

[30/Jul/2023:06:00:09] UPDATING ACCOUNTS (JobID: d76e7f68-6297-4ad8-961d-c52a2902b15d)
 - New and modified: 0

[30/Jul/2023:06:00:09] DELETING ACCOUNTS (JobID: d76e7f68-6297-4ad8-961d-c52a2902b15d)
 - Deleted: 0

[30/Jul/2023:06:00:40] UPDATING PRODUCTS (JobID: ccede6f4-628d-4a53-b021-a7627291f4e3)
 - New and modified: 0

[30/Jul/2023:06:00:43] UPDATING PREPAGATI (JobID: 9f9ab68b-a30c-4c87-bb76-6bb7eacbfebf)
 - New and modified: 0

[30/Jul/2023:06:00:43] DELETING PREPAGATI (JobID: 9f9ab68b-a30c-4c87-bb76-6bb7eacbfebf)
 - Deleted: 0

[30/Jul/2023:06:30:04] UPDATING ACCOUNTS (JobID: 848566b1-f657-4b1d-9ba1-1ecc4b9f160b)
 - New and modified: 0

[30/Jul/2023:06:30:04] DELETING ACCOUNTS (JobID: 848566b1-f657-4b1d-9ba1-1ecc4b9f160b)
 - Deleted: 0

[30/Jul/2023:06:30:35] UPDATING PRODUCTS (JobID: da9f3df3-74dd-4a91-b39e-edee3d712198)
 - New and modified: 0

[30/Jul/2023:06:30:37] UPDATING PREPAGATI (JobID: 070f12b4-c778-415a-a684-a2ef03d0a766)
 - New and modified: 0

[30/Jul/2023:06:30:37] DELETING PREPAGATI (JobID: 070f12b4-c778-415a-a684-a2ef03d0a766)
 - Deleted: 0

[30/Jul/2023:07:00:04] UPDATING ACCOUNTS (JobID: c5a8b049-0830-45a8-b46a-6aa44172597f)
 - New and modified: 0

[30/Jul/2023:07:00:04] DELETING ACCOUNTS (JobID: c5a8b049-0830-45a8-b46a-6aa44172597f)
 - Deleted: 0

[30/Jul/2023:07:00:34] UPDATING PRODUCTS (JobID: 67128e17-378f-4703-a9b1-887ac5821f5e)
 - New and modified: 0

[30/Jul/2023:07:00:36] UPDATING PREPAGATI (JobID: 68dd1b7d-317e-4b6d-8969-cc0a76bba0e1)
 - New and modified: 0

[30/Jul/2023:07:00:36] DELETING PREPAGATI (JobID: 68dd1b7d-317e-4b6d-8969-cc0a76bba0e1)
 - Deleted: 0

[30/Jul/2023:07:30:04] UPDATING ACCOUNTS (JobID: c1100f11-e90f-4e03-abee-4b2732ed097d)
 - New and modified: 0

[30/Jul/2023:07:30:04] DELETING ACCOUNTS (JobID: c1100f11-e90f-4e03-abee-4b2732ed097d)
 - Deleted: 0

[30/Jul/2023:07:30:35] UPDATING PRODUCTS (JobID: 808e558a-9765-4223-84fc-177650b895de)
 - New and modified: 0

[30/Jul/2023:07:30:36] UPDATING PREPAGATI (JobID: 1c2d5bf6-032f-4b00-84cd-0b6c33caa89d)
 - New and modified: 0

[30/Jul/2023:07:30:36] DELETING PREPAGATI (JobID: 1c2d5bf6-032f-4b00-84cd-0b6c33caa89d)
 - Deleted: 0

[30/Jul/2023:08:00:08] UPDATING ACCOUNTS (JobID: c56f886d-65c7-4cb8-b98f-4c4c7913f7c4)
 - New and modified: 0

[30/Jul/2023:08:00:08] DELETING ACCOUNTS (JobID: c56f886d-65c7-4cb8-b98f-4c4c7913f7c4)
 - Deleted: 0

[30/Jul/2023:08:00:37] UPDATING PRODUCTS (JobID: 60b87038-ecb8-4ad1-b794-638f9ae2f96b)
 - New and modified: 0

[30/Jul/2023:08:00:39] UPDATING PREPAGATI (JobID: 1d9198b4-6f56-4579-98c2-d644ecbe4605)
 - New and modified: 0

[30/Jul/2023:08:00:39] DELETING PREPAGATI (JobID: 1d9198b4-6f56-4579-98c2-d644ecbe4605)
 - Deleted: 0

[30/Jul/2023:08:30:03] UPDATING ACCOUNTS (JobID: 275c6159-fe51-46f4-aa34-0ac6444ddd47)
 - New and modified: 0

[30/Jul/2023:08:30:03] DELETING ACCOUNTS (JobID: 275c6159-fe51-46f4-aa34-0ac6444ddd47)
 - Deleted: 0

[30/Jul/2023:08:30:32] UPDATING PRODUCTS (JobID: 768341b4-d950-4fdd-90a7-9fa991838d6d)
 - New and modified: 0

[30/Jul/2023:08:30:34] UPDATING PREPAGATI (JobID: cf79c53a-5b68-46f4-b365-2b5de8b5d0ae)
 - New and modified: 0

[30/Jul/2023:08:30:34] DELETING PREPAGATI (JobID: cf79c53a-5b68-46f4-b365-2b5de8b5d0ae)
 - Deleted: 0

[30/Jul/2023:09:30:06] UPDATING ACCOUNTS (JobID: 0dd84cc1-ae69-4531-8d4f-40d0a85a0db6)
 - New and modified: 0

[30/Jul/2023:09:30:06] DELETING ACCOUNTS (JobID: 0dd84cc1-ae69-4531-8d4f-40d0a85a0db6)
 - Deleted: 0

[30/Jul/2023:09:30:35] UPDATING PRODUCTS (JobID: 5e2c1a0a-6aad-4c78-8c89-3707ecb4e9e5)
 - New and modified: 0

[30/Jul/2023:09:30:38] UPDATING PREPAGATI (JobID: 6a248b57-d6e3-473e-a09f-3805e7e703de)
 - New and modified: 0

[30/Jul/2023:09:30:38] DELETING PREPAGATI (JobID: 6a248b57-d6e3-473e-a09f-3805e7e703de)
 - Deleted: 0

[30/Jul/2023:10:00:07] UPDATING ACCOUNTS (JobID: 03bf8ba3-88b7-4d80-af96-020f88950b8a)
 - New and modified: 0

[30/Jul/2023:10:00:07] DELETING ACCOUNTS (JobID: 03bf8ba3-88b7-4d80-af96-020f88950b8a)
 - Deleted: 0

[30/Jul/2023:10:00:36] UPDATING PRODUCTS (JobID: 4607aebd-c38f-43d7-a5f3-2cd97ab76d03)
 - New and modified: 0

[30/Jul/2023:10:00:39] UPDATING PREPAGATI (JobID: d15e5645-c088-401d-a5fc-24e69175a25a)
 - New and modified: 0

[30/Jul/2023:10:00:39] DELETING PREPAGATI (JobID: d15e5645-c088-401d-a5fc-24e69175a25a)
 - Deleted: 0

[30/Jul/2023:11:30:07] UPDATING ACCOUNTS (JobID: e99b3364-f11d-47c4-b1e4-0c3264b0285b)
 - New and modified: 0

[30/Jul/2023:11:30:07] DELETING ACCOUNTS (JobID: e99b3364-f11d-47c4-b1e4-0c3264b0285b)
 - Deleted: 0

[30/Jul/2023:11:30:38] UPDATING PRODUCTS (JobID: a0cc26f5-1fb4-4088-906f-02a5f5c3e871)
 - New and modified: 0

[30/Jul/2023:11:30:41] UPDATING PREPAGATI (JobID: 666aea84-eef0-4810-939a-c030704c881f)
 - New and modified: 0

[30/Jul/2023:11:30:41] DELETING PREPAGATI (JobID: 666aea84-eef0-4810-939a-c030704c881f)
 - Deleted: 0

[30/Jul/2023:12:00:04] UPDATING ACCOUNTS (JobID: f9172f58-2995-45d2-862d-034f1176f459)
 - New and modified: 0

[30/Jul/2023:12:00:04] DELETING ACCOUNTS (JobID: f9172f58-2995-45d2-862d-034f1176f459)
 - Deleted: 0

[30/Jul/2023:12:00:33] UPDATING PRODUCTS (JobID: 1df6caaa-3ae4-44e5-84cc-1ceee5cc9d41)
 - New and modified: 0

[30/Jul/2023:12:00:36] UPDATING PREPAGATI (JobID: 4375af95-94b9-4e88-a8a9-0dcf663719c5)
 - New and modified: 0

[30/Jul/2023:12:00:36] DELETING PREPAGATI (JobID: 4375af95-94b9-4e88-a8a9-0dcf663719c5)
 - Deleted: 0

[30/Jul/2023:12:30:04] UPDATING ACCOUNTS (JobID: 0d933efa-20c1-44c5-ae6c-1cd5c74a6fc2)
 - New and modified: 0

[30/Jul/2023:12:30:04] DELETING ACCOUNTS (JobID: 0d933efa-20c1-44c5-ae6c-1cd5c74a6fc2)
 - Deleted: 0

[30/Jul/2023:12:30:34] UPDATING PRODUCTS (JobID: 0a157221-b99d-4fff-92d3-d35dd0f527a2)
 - New and modified: 0

[30/Jul/2023:12:30:36] UPDATING PREPAGATI (JobID: 291603af-547e-4f6b-9bef-cefc3c29786c)
 - New and modified: 0

[30/Jul/2023:12:30:36] DELETING PREPAGATI (JobID: 291603af-547e-4f6b-9bef-cefc3c29786c)
 - Deleted: 0

[30/Jul/2023:14:00:09] UPDATING ACCOUNTS (JobID: 749a7a6e-7794-47e6-8637-dcf7bcb91c9d)
 - New and modified: 0

[30/Jul/2023:14:00:09] DELETING ACCOUNTS (JobID: 749a7a6e-7794-47e6-8637-dcf7bcb91c9d)
 - Deleted: 0

[30/Jul/2023:14:00:42] UPDATING PRODUCTS (JobID: 68e4667d-a302-46d9-b6e2-71810012da0a)
 - New and modified: 0

[30/Jul/2023:14:00:45] UPDATING PREPAGATI (JobID: 44b5be57-e277-4805-aa51-d12a5eb6e3df)
 - New and modified: 0

[30/Jul/2023:14:00:45] DELETING PREPAGATI (JobID: 44b5be57-e277-4805-aa51-d12a5eb6e3df)
 - Deleted: 0

[30/Jul/2023:14:30:08] UPDATING ACCOUNTS (JobID: fe2b213d-129d-4972-bfaf-3f754aac94b0)
 - New and modified: 0

[30/Jul/2023:14:30:08] DELETING ACCOUNTS (JobID: fe2b213d-129d-4972-bfaf-3f754aac94b0)
 - Deleted: 0

[30/Jul/2023:14:30:40] UPDATING PRODUCTS (JobID: c32027a7-d834-4e40-85db-18b14ea1dba7)
 - New and modified: 0

[30/Jul/2023:14:30:43] UPDATING PREPAGATI (JobID: 4c8a27dd-f166-4c10-a2b9-fe7869f551e3)
 - New and modified: 0

[30/Jul/2023:14:30:43] DELETING PREPAGATI (JobID: 4c8a27dd-f166-4c10-a2b9-fe7869f551e3)
 - Deleted: 0

[30/Jul/2023:15:00:07] UPDATING ACCOUNTS (JobID: cfde693e-db6d-48da-a658-5920b3ae804f)
 - New and modified: 0

[30/Jul/2023:15:00:07] DELETING ACCOUNTS (JobID: cfde693e-db6d-48da-a658-5920b3ae804f)
 - Deleted: 0

[30/Jul/2023:15:00:37] UPDATING PRODUCTS (JobID: bb6b407d-6913-4d39-b5f0-3d3f24405895)
 - New and modified: 0

[30/Jul/2023:15:00:40] UPDATING PREPAGATI (JobID: 141e5dbb-1a90-4eb1-9bae-2b60c91b23e8)
 - New and modified: 0

[30/Jul/2023:15:00:40] DELETING PREPAGATI (JobID: 141e5dbb-1a90-4eb1-9bae-2b60c91b23e8)
 - Deleted: 0

[30/Jul/2023:15:30:08] UPDATING ACCOUNTS (JobID: 8ca6a693-4be0-454b-9718-b0d798f3623b)
 - New and modified: 0

[30/Jul/2023:15:30:08] DELETING ACCOUNTS (JobID: 8ca6a693-4be0-454b-9718-b0d798f3623b)
 - Deleted: 0

[30/Jul/2023:15:30:38] UPDATING PRODUCTS (JobID: 2cf1715b-a81e-48b3-8f1b-f9d0a2709126)
 - New and modified: 0

[30/Jul/2023:15:30:41] UPDATING PREPAGATI (JobID: fcc266ee-5a4a-46b2-81c4-3aa8420e7e1c)
 - New and modified: 0

[30/Jul/2023:15:30:41] DELETING PREPAGATI (JobID: fcc266ee-5a4a-46b2-81c4-3aa8420e7e1c)
 - Deleted: 0

[30/Jul/2023:16:30:09] UPDATING ACCOUNTS (JobID: 9dd50059-69cc-4fd6-80c3-e69daa6ff6a4)
 - New and modified: 0

[30/Jul/2023:16:30:09] DELETING ACCOUNTS (JobID: 9dd50059-69cc-4fd6-80c3-e69daa6ff6a4)
 - Deleted: 0

[30/Jul/2023:16:30:39] UPDATING PRODUCTS (JobID: 421cce42-94f2-42da-8e84-404c4da5300b)
 - New and modified: 0

[30/Jul/2023:16:30:42] UPDATING PREPAGATI (JobID: 787fbc9d-d4ea-47d3-9890-0631db494b1a)
 - New and modified: 0

[30/Jul/2023:16:30:42] DELETING PREPAGATI (JobID: 787fbc9d-d4ea-47d3-9890-0631db494b1a)
 - Deleted: 0

[30/Jul/2023:17:30:08] UPDATING ACCOUNTS (JobID: 9ef2b285-42d1-4c1b-a412-206c9855403c)
 - New and modified: 0

[30/Jul/2023:17:30:08] DELETING ACCOUNTS (JobID: 9ef2b285-42d1-4c1b-a412-206c9855403c)
 - Deleted: 0

[30/Jul/2023:17:30:37] UPDATING PRODUCTS (JobID: ca9b9346-f83c-4645-a499-dae89fa9310a)
 - New and modified: 0

[30/Jul/2023:17:30:39] UPDATING PREPAGATI (JobID: e9bd8803-a9e6-4bf8-aaf9-3cfbf4975a2c)
 - New and modified: 0

[30/Jul/2023:17:30:39] DELETING PREPAGATI (JobID: e9bd8803-a9e6-4bf8-aaf9-3cfbf4975a2c)
 - Deleted: 0

[30/Jul/2023:19:00:06] UPDATING ACCOUNTS (JobID: 1664bbce-1f46-4b8b-b0f3-c8ea0e6805b7)
 - New and modified: 0

[30/Jul/2023:19:00:06] DELETING ACCOUNTS (JobID: 1664bbce-1f46-4b8b-b0f3-c8ea0e6805b7)
 - Deleted: 0

[30/Jul/2023:19:00:35] UPDATING PRODUCTS (JobID: a5e8115e-58ab-42fd-be1f-6e7085804fa2)
 - New and modified: 0

[30/Jul/2023:19:00:38] UPDATING PREPAGATI (JobID: 5b6654b5-d810-40d9-9615-b06745c4dfa2)
 - New and modified: 0

[30/Jul/2023:19:00:38] DELETING PREPAGATI (JobID: 5b6654b5-d810-40d9-9615-b06745c4dfa2)
 - Deleted: 0

[30/Jul/2023:19:30:08] UPDATING ACCOUNTS (JobID: 673a4d7a-7274-4346-bd0c-e032f373f6d9)
 - New and modified: 0

[30/Jul/2023:19:30:08] DELETING ACCOUNTS (JobID: 673a4d7a-7274-4346-bd0c-e032f373f6d9)
 - Deleted: 0

[30/Jul/2023:19:30:41] UPDATING PRODUCTS (JobID: e6dbfc6a-0f2e-43be-95b8-a4a618d96cf4)
 - New and modified: 0

[30/Jul/2023:19:30:44] UPDATING PREPAGATI (JobID: 3fa8e0f8-a2e5-410d-8693-4aeed12c9b54)
 - New and modified: 0

[30/Jul/2023:19:30:44] DELETING PREPAGATI (JobID: 3fa8e0f8-a2e5-410d-8693-4aeed12c9b54)
 - Deleted: 0

[30/Jul/2023:20:00:04] UPDATING ACCOUNTS (JobID: 2eb7cb08-cab2-428a-bad8-5f4a8d3ed9b7)
 - New and modified: 0

[30/Jul/2023:20:00:04] DELETING ACCOUNTS (JobID: 2eb7cb08-cab2-428a-bad8-5f4a8d3ed9b7)
 - Deleted: 0

[30/Jul/2023:20:00:34] UPDATING PRODUCTS (JobID: 8045bf15-6cf4-4cb4-b342-840aef416d74)
 - New and modified: 0

[30/Jul/2023:20:00:35] UPDATING PREPAGATI (JobID: ed71810b-4bce-45d1-9ee4-d1b720c2675e)
 - New and modified: 0

[30/Jul/2023:20:00:35] DELETING PREPAGATI (JobID: ed71810b-4bce-45d1-9ee4-d1b720c2675e)
 - Deleted: 0

[30/Jul/2023:20:30:08] UPDATING ACCOUNTS (JobID: 64cf3950-7634-4316-9633-3d5aa288e55b)
 - New and modified: 0

[30/Jul/2023:20:30:08] DELETING ACCOUNTS (JobID: 64cf3950-7634-4316-9633-3d5aa288e55b)
 - Deleted: 0

[30/Jul/2023:20:30:38] UPDATING PRODUCTS (JobID: ff4bdbc7-b41e-44da-bc40-2b9fdedd8295)
 - New and modified: 0

[30/Jul/2023:20:30:41] UPDATING PREPAGATI (JobID: 63fae992-4bc5-4bee-8f55-3d210761b31b)
 - New and modified: 0

[30/Jul/2023:20:30:41] DELETING PREPAGATI (JobID: 63fae992-4bc5-4bee-8f55-3d210761b31b)
 - Deleted: 0

[30/Jul/2023:21:30:07] UPDATING ACCOUNTS (JobID: bf0af9c1-38e8-43e9-8971-a1501c4e8826)
 - New and modified: 0

[30/Jul/2023:21:30:07] DELETING ACCOUNTS (JobID: bf0af9c1-38e8-43e9-8971-a1501c4e8826)
 - Deleted: 0

[30/Jul/2023:21:30:36] UPDATING PRODUCTS (JobID: b1f2f862-83ea-45b5-948f-4dfd895810b2)
 - New and modified: 0

[30/Jul/2023:21:30:39] UPDATING PREPAGATI (JobID: 32fc1d31-925d-4b12-82c2-11e93e9a9683)
 - New and modified: 0

[30/Jul/2023:21:30:39] DELETING PREPAGATI (JobID: 32fc1d31-925d-4b12-82c2-11e93e9a9683)
 - Deleted: 0

[30/Jul/2023:22:00:06] UPDATING ACCOUNTS (JobID: 13fbfe98-0cf4-478d-90e1-1f523a786f55)
 - New and modified: 0

[30/Jul/2023:22:00:06] DELETING ACCOUNTS (JobID: 13fbfe98-0cf4-478d-90e1-1f523a786f55)
 - Deleted: 0

[30/Jul/2023:22:00:35] UPDATING PRODUCTS (JobID: 9fc5be68-af6d-4611-b9d4-0bc4e6aa3280)
 - New and modified: 0

[30/Jul/2023:22:00:37] UPDATING PREPAGATI (JobID: 6c30d48b-90f0-4130-8e3d-218852a73feb)
 - New and modified: 0

[30/Jul/2023:22:00:37] DELETING PREPAGATI (JobID: 6c30d48b-90f0-4130-8e3d-218852a73feb)
 - Deleted: 0

