[18/May/2023:00:00:04] UPDATING ACCOUNTS (JobID: 79cf25bf-a9bf-4bc5-a493-26078aa8a07f)
 - New and modified: 0

[18/May/2023:00:00:04] DELETING ACCOUNTS (JobID: 79cf25bf-a9bf-4bc5-a493-26078aa8a07f)
 - Deleted: 0

[18/May/2023:00:00:41] UPDATING PRODUCTS (JobID: 274b33b2-65e8-4f77-9412-122d444b5d9c)
 - New and modified: 0

[18/May/2023:00:00:42] UPDATING PREPAGATI (JobID: 06947bc9-3fbf-4509-80ee-a4c4ff489672)
 - New and modified: 0

[18/May/2023:00:00:42] DELETING PREPAGATI (JobID: 06947bc9-3fbf-4509-80ee-a4c4ff489672)
 - Deleted: 0

[18/May/2023:00:10:04] UPDATING ACCOUNTS (JobID: 014750f1-ae05-4a89-9763-168a3a009304)
 - New and modified: 0

[18/May/2023:00:10:04] DELETING ACCOUNTS (JobID: 014750f1-ae05-4a89-9763-168a3a009304)
 - Deleted: 0

[18/May/2023:00:10:38] UPDATING PRODUCTS (JobID: b7e0a081-d53d-479e-a272-4745f109ea39)
 - New and modified: 0

[18/May/2023:00:10:40] UPDATING PREPAGATI (JobID: 25b43333-3b7d-4903-8c51-c3cdf5eb8f56)
 - New and modified: 0

[18/May/2023:00:10:40] DELETING PREPAGATI (JobID: 25b43333-3b7d-4903-8c51-c3cdf5eb8f56)
 - Deleted: 0

[18/May/2023:00:20:04] UPDATING ACCOUNTS (JobID: 11dd6c75-5486-4b7c-89ca-aa470da0378c)
 - New and modified: 0

[18/May/2023:00:20:04] DELETING ACCOUNTS (JobID: 11dd6c75-5486-4b7c-89ca-aa470da0378c)
 - Deleted: 0

[18/May/2023:00:20:42] UPDATING PRODUCTS (JobID: 79c36c39-4848-4e90-98fb-3ac73598989f)
 - New and modified: 0

[18/May/2023:00:20:44] UPDATING PREPAGATI (JobID: 78a5e2f4-5d21-40c3-8034-e806a777edd0)
 - New and modified: 0

[18/May/2023:00:20:44] DELETING PREPAGATI (JobID: 78a5e2f4-5d21-40c3-8034-e806a777edd0)
 - Deleted: 0

[18/May/2023:00:30:04] UPDATING ACCOUNTS (JobID: aef96c87-39ab-439c-b9cb-1bb718b02599)
 - New and modified: 0

[18/May/2023:00:30:04] DELETING ACCOUNTS (JobID: aef96c87-39ab-439c-b9cb-1bb718b02599)
 - Deleted: 0

[18/May/2023:00:30:37] UPDATING PRODUCTS (JobID: ce84c80b-27d1-4d23-bdc8-681ac04657b4)
 - New and modified: 0

[18/May/2023:00:30:38] UPDATING PREPAGATI (JobID: 6eb5f3c6-39cd-4513-b022-7b85c7d4c4df)
 - New and modified: 0

[18/May/2023:00:30:38] DELETING PREPAGATI (JobID: 6eb5f3c6-39cd-4513-b022-7b85c7d4c4df)
 - Deleted: 0

[18/May/2023:00:40:05] UPDATING ACCOUNTS (JobID: b130f3cb-1f4d-4e02-bed6-37c7b1046725)
 - New and modified: 0

[18/May/2023:00:40:05] DELETING ACCOUNTS (JobID: b130f3cb-1f4d-4e02-bed6-37c7b1046725)
 - Deleted: 0

[18/May/2023:00:40:38] UPDATING PRODUCTS (JobID: 55dac33b-5e02-48d8-841f-d12bcd611f84)
 - New and modified: 0

[18/May/2023:00:40:40] UPDATING PREPAGATI (JobID: e5cdb41c-3e56-4990-ad7f-ec52627ef4b2)
 - New and modified: 0

[18/May/2023:00:40:40] DELETING PREPAGATI (JobID: e5cdb41c-3e56-4990-ad7f-ec52627ef4b2)
 - Deleted: 0

[18/May/2023:00:50:05] UPDATING ACCOUNTS (JobID: 62fbfa4d-2ce6-40e1-9a76-9915c1041aac)
 - New and modified: 0

[18/May/2023:00:50:05] DELETING ACCOUNTS (JobID: 62fbfa4d-2ce6-40e1-9a76-9915c1041aac)
 - Deleted: 0

[18/May/2023:00:50:38] UPDATING PRODUCTS (JobID: be28b321-e865-4acc-bc2d-422616557d96)
 - New and modified: 0

[18/May/2023:00:50:40] UPDATING PREPAGATI (JobID: c0bf3ebe-6954-4805-8728-9a9c5a075e44)
 - New and modified: 0

[18/May/2023:00:50:40] DELETING PREPAGATI (JobID: c0bf3ebe-6954-4805-8728-9a9c5a075e44)
 - Deleted: 0

[18/May/2023:01:00:04] UPDATING ACCOUNTS (JobID: 633c92d6-40e1-4c10-8e27-911c4cbe34d1)
 - New and modified: 0

[18/May/2023:01:00:04] DELETING ACCOUNTS (JobID: 633c92d6-40e1-4c10-8e27-911c4cbe34d1)
 - Deleted: 0

[18/May/2023:01:00:42] UPDATING PRODUCTS (JobID: 4efbdcfa-3909-413c-be3f-1bf691f5d3ae)
 - New and modified: 0

[18/May/2023:01:00:44] UPDATING PREPAGATI (JobID: 08983912-78d0-4397-ad16-accdb242e92e)
 - New and modified: 0

[18/May/2023:01:00:44] DELETING PREPAGATI (JobID: 08983912-78d0-4397-ad16-accdb242e92e)
 - Deleted: 0

[18/May/2023:01:10:04] UPDATING ACCOUNTS (JobID: 8f627090-1088-4fa3-ad63-814f038a773a)
 - New and modified: 0

[18/May/2023:01:10:04] DELETING ACCOUNTS (JobID: 8f627090-1088-4fa3-ad63-814f038a773a)
 - Deleted: 0

[18/May/2023:01:10:38] UPDATING PRODUCTS (JobID: a37fd4df-bf15-408f-b978-e8a16fd37532)
 - New and modified: 0

[18/May/2023:01:10:40] UPDATING PREPAGATI (JobID: e79d6c23-3fd2-43c1-916e-be3b9400b03c)
 - New and modified: 0

[18/May/2023:01:10:40] DELETING PREPAGATI (JobID: e79d6c23-3fd2-43c1-916e-be3b9400b03c)
 - Deleted: 0

[18/May/2023:01:20:04] UPDATING ACCOUNTS (JobID: ce2ca3b9-fca2-4452-bcfe-379f0461edc6)
 - New and modified: 0

[18/May/2023:01:20:04] DELETING ACCOUNTS (JobID: ce2ca3b9-fca2-4452-bcfe-379f0461edc6)
 - Deleted: 0

[18/May/2023:01:20:41] UPDATING PRODUCTS (JobID: 7a1e27e8-c9ed-4169-8e8b-37b6347cb8e0)
 - New and modified: 0

[18/May/2023:01:20:43] UPDATING PREPAGATI (JobID: 47a3a976-6086-4740-9d80-ee069ba37fdf)
 - New and modified: 0

[18/May/2023:01:20:43] DELETING PREPAGATI (JobID: 47a3a976-6086-4740-9d80-ee069ba37fdf)
 - Deleted: 0

[18/May/2023:01:30:05] UPDATING ACCOUNTS (JobID: 8dd7960c-bd8e-4890-a005-eda9bc438f24)
 - New and modified: 0

[18/May/2023:01:30:05] DELETING ACCOUNTS (JobID: 8dd7960c-bd8e-4890-a005-eda9bc438f24)
 - Deleted: 0

[18/May/2023:01:30:39] UPDATING PRODUCTS (JobID: 7deff1ac-a311-4fb0-aed4-df8adb425da5)
 - New and modified: 0

[18/May/2023:01:30:41] UPDATING PREPAGATI (JobID: 8aff32b8-f4c2-40c5-9992-9b3234ca0c50)
 - New and modified: 0

[18/May/2023:01:30:41] DELETING PREPAGATI (JobID: 8aff32b8-f4c2-40c5-9992-9b3234ca0c50)
 - Deleted: 0

[18/May/2023:01:40:05] UPDATING ACCOUNTS (JobID: 756d362c-1049-4077-80a0-6d1599f44a91)
 - New and modified: 0

[18/May/2023:01:40:05] DELETING ACCOUNTS (JobID: 756d362c-1049-4077-80a0-6d1599f44a91)
 - Deleted: 0

[18/May/2023:01:40:37] UPDATING PRODUCTS (JobID: 5502740d-2cb8-43bc-bd64-7da4eac91dc1)
 - New and modified: 0

[18/May/2023:01:40:39] UPDATING PREPAGATI (JobID: ca564a05-61f9-4cea-86ff-0558eaed8000)
 - New and modified: 0

[18/May/2023:01:40:39] DELETING PREPAGATI (JobID: ca564a05-61f9-4cea-86ff-0558eaed8000)
 - Deleted: 0

[18/May/2023:01:50:04] UPDATING ACCOUNTS (JobID: 1915758e-8f02-4912-833f-c53a91fa651c)
 - New and modified: 0

[18/May/2023:01:50:04] DELETING ACCOUNTS (JobID: 1915758e-8f02-4912-833f-c53a91fa651c)
 - Deleted: 0

[18/May/2023:01:50:36] UPDATING PRODUCTS (JobID: 8480c6a1-d9b8-430e-a00f-200617b89da2)
 - New and modified: 0

[18/May/2023:01:50:38] UPDATING PREPAGATI (JobID: d10944e4-cfd0-4681-88a9-00a775b83e57)
 - New and modified: 0

[18/May/2023:01:50:38] DELETING PREPAGATI (JobID: d10944e4-cfd0-4681-88a9-00a775b83e57)
 - Deleted: 0

[18/May/2023:02:00:04] UPDATING ACCOUNTS (JobID: 8d13ab48-eb09-469d-bfbb-299bd7f5184b)
 - New and modified: 0

[18/May/2023:02:00:04] DELETING ACCOUNTS (JobID: 8d13ab48-eb09-469d-bfbb-299bd7f5184b)
 - Deleted: 0

[18/May/2023:02:00:41] UPDATING PRODUCTS (JobID: f9085b8e-83d9-47ed-9d06-0806e75181c9)
 - New and modified: 0

[18/May/2023:02:00:43] UPDATING PREPAGATI (JobID: 5a8d9dce-62ea-4b2b-9b55-ce5f42a4db2f)
 - New and modified: 0

[18/May/2023:02:00:43] DELETING PREPAGATI (JobID: 5a8d9dce-62ea-4b2b-9b55-ce5f42a4db2f)
 - Deleted: 0

[18/May/2023:02:10:04] UPDATING ACCOUNTS (JobID: fb0053a4-ef0c-40f7-a081-d2f799c51cdf)
 - New and modified: 0

[18/May/2023:02:10:04] DELETING ACCOUNTS (JobID: fb0053a4-ef0c-40f7-a081-d2f799c51cdf)
 - Deleted: 0

[18/May/2023:02:10:37] UPDATING PRODUCTS (JobID: d2ad78a7-389a-4088-827d-fe5d647f20e1)
 - New and modified: 0

[18/May/2023:02:10:39] UPDATING PREPAGATI (JobID: 1fe80728-0232-4e7f-bf8a-cb3c6510a515)
 - New and modified: 0

[18/May/2023:02:10:39] DELETING PREPAGATI (JobID: 1fe80728-0232-4e7f-bf8a-cb3c6510a515)
 - Deleted: 0

[18/May/2023:02:20:04] UPDATING ACCOUNTS (JobID: ecc89955-b922-406c-8e77-5952ce63eb01)
 - New and modified: 0

[18/May/2023:02:20:04] DELETING ACCOUNTS (JobID: ecc89955-b922-406c-8e77-5952ce63eb01)
 - Deleted: 0

[18/May/2023:02:20:38] UPDATING PRODUCTS (JobID: 9f6093f3-b0db-48fd-af26-67dac6b1c858)
 - New and modified: 0

[18/May/2023:02:20:39] UPDATING PREPAGATI (JobID: ee099abd-aacf-4f9c-82c3-52b916167cdb)
 - New and modified: 0

[18/May/2023:02:20:39] DELETING PREPAGATI (JobID: ee099abd-aacf-4f9c-82c3-52b916167cdb)
 - Deleted: 0

[18/May/2023:02:30:05] UPDATING ACCOUNTS (JobID: 6ad80380-f9f8-4341-81b3-b36d826491ff)
 - New and modified: 0

[18/May/2023:02:30:05] DELETING ACCOUNTS (JobID: 6ad80380-f9f8-4341-81b3-b36d826491ff)
 - Deleted: 0

[18/May/2023:02:30:40] UPDATING PRODUCTS (JobID: c9e40263-6337-45b4-b120-aaf298e5e849)
 - New and modified: 0

[18/May/2023:02:30:42] UPDATING PREPAGATI (JobID: 343cfba7-3364-4ad6-b29e-06d7bdd2029c)
 - New and modified: 0

[18/May/2023:02:30:42] DELETING PREPAGATI (JobID: 343cfba7-3364-4ad6-b29e-06d7bdd2029c)
 - Deleted: 0

[18/May/2023:02:40:05] UPDATING ACCOUNTS (JobID: 61b34f66-afb9-44ff-a84c-a7cb7d29efc5)
 - New and modified: 0

[18/May/2023:02:40:05] DELETING ACCOUNTS (JobID: 61b34f66-afb9-44ff-a84c-a7cb7d29efc5)
 - Deleted: 0

[18/May/2023:02:40:37] UPDATING PRODUCTS (JobID: 1a0f0e2c-35e1-4be8-860d-806830eebd2c)
 - New and modified: 0

[18/May/2023:02:40:39] UPDATING PREPAGATI (JobID: 0e7bdfbb-71e3-4c6b-9f9f-53649a5ec26a)
 - New and modified: 0

[18/May/2023:02:40:39] DELETING PREPAGATI (JobID: 0e7bdfbb-71e3-4c6b-9f9f-53649a5ec26a)
 - Deleted: 0

[18/May/2023:02:50:04] UPDATING ACCOUNTS (JobID: fb0d3e6a-2549-4929-b107-94a0ee47b7f9)
 - New and modified: 0

[18/May/2023:02:50:04] DELETING ACCOUNTS (JobID: fb0d3e6a-2549-4929-b107-94a0ee47b7f9)
 - Deleted: 0

[18/May/2023:02:50:37] UPDATING PRODUCTS (JobID: 5f3b43d3-a171-4426-aeb5-e8ea66428832)
 - New and modified: 0

[18/May/2023:02:50:39] UPDATING PREPAGATI (JobID: 6702c6a7-861d-4059-8774-7ea8fff289d1)
 - New and modified: 0

[18/May/2023:02:50:39] DELETING PREPAGATI (JobID: 6702c6a7-861d-4059-8774-7ea8fff289d1)
 - Deleted: 0

[18/May/2023:03:00:05] UPDATING ACCOUNTS (JobID: 3df4a166-fdde-49e3-a475-f11cf010ac8b)
 - New and modified: 0

[18/May/2023:03:00:05] DELETING ACCOUNTS (JobID: 3df4a166-fdde-49e3-a475-f11cf010ac8b)
 - Deleted: 0

[18/May/2023:03:00:40] UPDATING PRODUCTS (JobID: 5602e09f-259a-4712-8891-15fdbdc9646c)
 - New and modified: 0

[18/May/2023:03:00:42] UPDATING PREPAGATI (JobID: 09fa5018-a23a-4d3c-8ca7-9b6ea131c940)
 - New and modified: 0

[18/May/2023:03:00:42] DELETING PREPAGATI (JobID: 09fa5018-a23a-4d3c-8ca7-9b6ea131c940)
 - Deleted: 0

[18/May/2023:03:10:05] UPDATING ACCOUNTS (JobID: a448f94b-1938-40a9-9a4f-a6576b337a47)
 - New and modified: 0

[18/May/2023:03:10:05] DELETING ACCOUNTS (JobID: a448f94b-1938-40a9-9a4f-a6576b337a47)
 - Deleted: 0

[18/May/2023:03:10:37] UPDATING PRODUCTS (JobID: a405df53-0b0e-4432-86ac-3df74170383b)
 - New and modified: 0

[18/May/2023:03:10:38] UPDATING PREPAGATI (JobID: f331e428-9e67-49d2-bacb-3276062bf1d4)
 - New and modified: 0

[18/May/2023:03:10:38] DELETING PREPAGATI (JobID: f331e428-9e67-49d2-bacb-3276062bf1d4)
 - Deleted: 0

[18/May/2023:03:20:04] UPDATING ACCOUNTS (JobID: cfa4e00d-3b9d-478c-b27b-ea92057bc24f)
 - New and modified: 0

[18/May/2023:03:20:04] DELETING ACCOUNTS (JobID: cfa4e00d-3b9d-478c-b27b-ea92057bc24f)
 - Deleted: 0

[18/May/2023:03:20:36] UPDATING PRODUCTS (JobID: 34a8a2a9-f2b2-478b-901c-8a1ad7652142)
 - New and modified: 0

[18/May/2023:03:20:37] UPDATING PREPAGATI (JobID: a631f470-defb-4f3d-ae02-cab852075cef)
 - New and modified: 0

[18/May/2023:03:20:37] DELETING PREPAGATI (JobID: a631f470-defb-4f3d-ae02-cab852075cef)
 - Deleted: 0

[18/May/2023:03:30:04] UPDATING ACCOUNTS (JobID: d6baf655-e7cc-4bd0-9969-8f6c5b3404b2)
 - New and modified: 0

[18/May/2023:03:30:04] DELETING ACCOUNTS (JobID: d6baf655-e7cc-4bd0-9969-8f6c5b3404b2)
 - Deleted: 0

[18/May/2023:03:30:38] UPDATING PRODUCTS (JobID: 4aa8a7f0-c1b7-4d8f-8df6-054e1142a826)
 - New and modified: 0

[18/May/2023:03:30:39] UPDATING PREPAGATI (JobID: 784a113c-3bd2-46da-b359-d63da67a7191)
 - New and modified: 0

[18/May/2023:03:30:39] DELETING PREPAGATI (JobID: 784a113c-3bd2-46da-b359-d63da67a7191)
 - Deleted: 0

[18/May/2023:03:40:05] UPDATING ACCOUNTS (JobID: 970010e3-52de-4b33-b179-16e0dcbfc4a5)
 - New and modified: 0

[18/May/2023:03:40:05] DELETING ACCOUNTS (JobID: 970010e3-52de-4b33-b179-16e0dcbfc4a5)
 - Deleted: 0

[18/May/2023:03:40:39] UPDATING PRODUCTS (JobID: 6ec993fc-fff6-4941-81a2-1cd1fdc0a145)
 - New and modified: 0

[18/May/2023:03:40:41] UPDATING PREPAGATI (JobID: 0884dda9-546b-46b8-b919-fa59425f3ebf)
 - New and modified: 0

[18/May/2023:03:40:41] DELETING PREPAGATI (JobID: 0884dda9-546b-46b8-b919-fa59425f3ebf)
 - Deleted: 0

[18/May/2023:03:50:04] UPDATING ACCOUNTS (JobID: 8085c193-fc1f-4e46-a596-c973e0879e35)
 - New and modified: 0

[18/May/2023:03:50:04] DELETING ACCOUNTS (JobID: 8085c193-fc1f-4e46-a596-c973e0879e35)
 - Deleted: 0

[18/May/2023:03:50:36] UPDATING PRODUCTS (JobID: 90bb6dd5-c185-4d49-813e-f56fe759c9a6)
 - New and modified: 0

[18/May/2023:03:50:38] UPDATING PREPAGATI (JobID: 60a8bfcf-d859-4e3a-9a23-94820ee7251f)
 - New and modified: 0

[18/May/2023:03:50:38] DELETING PREPAGATI (JobID: 60a8bfcf-d859-4e3a-9a23-94820ee7251f)
 - Deleted: 0

[18/May/2023:04:00:04] UPDATING ACCOUNTS (JobID: b2e3818e-2e36-4e01-8897-ef59f75d9c80)
 - New and modified: 0

[18/May/2023:04:00:04] DELETING ACCOUNTS (JobID: b2e3818e-2e36-4e01-8897-ef59f75d9c80)
 - Deleted: 0

[18/May/2023:04:00:37] UPDATING PRODUCTS (JobID: 94bdb4b6-1d7a-4e6d-94b1-0274edc6beee)
 - New and modified: 0

[18/May/2023:04:00:38] UPDATING PREPAGATI (JobID: d7978819-86f2-4fb3-a81f-6448d36ce631)
 - New and modified: 0

[18/May/2023:04:00:38] DELETING PREPAGATI (JobID: d7978819-86f2-4fb3-a81f-6448d36ce631)
 - Deleted: 0

[18/May/2023:04:10:04] UPDATING ACCOUNTS (JobID: fa302540-076a-40b4-b470-5507d0fbb3ec)
 - New and modified: 0

[18/May/2023:04:10:04] DELETING ACCOUNTS (JobID: fa302540-076a-40b4-b470-5507d0fbb3ec)
 - Deleted: 0

[18/May/2023:04:10:37] UPDATING PRODUCTS (JobID: e9365b01-078d-493d-8603-9350dd6942ca)
 - New and modified: 0

[18/May/2023:04:10:39] UPDATING PREPAGATI (JobID: f325983d-f7ee-418f-8193-0cb19e5dd233)
 - New and modified: 0

[18/May/2023:04:10:39] DELETING PREPAGATI (JobID: f325983d-f7ee-418f-8193-0cb19e5dd233)
 - Deleted: 0

[18/May/2023:04:20:04] UPDATING ACCOUNTS (JobID: 17d0691a-396d-421d-bcc6-e76f6b0a6cac)
 - New and modified: 0

[18/May/2023:04:20:04] DELETING ACCOUNTS (JobID: 17d0691a-396d-421d-bcc6-e76f6b0a6cac)
 - Deleted: 0

[18/May/2023:04:20:36] UPDATING PRODUCTS (JobID: 6ff89561-e8a4-494f-934f-11ce53992097)
 - New and modified: 0

[18/May/2023:04:20:37] UPDATING PREPAGATI (JobID: e3fd51d9-28b6-40fe-be6b-cad3c6c51656)
 - New and modified: 0

[18/May/2023:04:20:37] DELETING PREPAGATI (JobID: e3fd51d9-28b6-40fe-be6b-cad3c6c51656)
 - Deleted: 0

[18/May/2023:04:30:04] UPDATING ACCOUNTS (JobID: c598c9e8-8725-412c-832a-383dac4641c9)
 - New and modified: 0

[18/May/2023:04:30:04] DELETING ACCOUNTS (JobID: c598c9e8-8725-412c-832a-383dac4641c9)
 - Deleted: 0

[18/May/2023:04:30:36] UPDATING PRODUCTS (JobID: b40a28ac-8034-4d1d-b47f-b318c9cf49ff)
 - New and modified: 0

[18/May/2023:04:30:38] UPDATING PREPAGATI (JobID: 62c91aed-6021-495c-947a-cd9777ac0029)
 - New and modified: 0

[18/May/2023:04:30:38] DELETING PREPAGATI (JobID: 62c91aed-6021-495c-947a-cd9777ac0029)
 - Deleted: 0

[18/May/2023:04:40:04] UPDATING ACCOUNTS (JobID: c0f9a37a-c4c7-4ac8-8071-ca317030e60d)
 - New and modified: 0

[18/May/2023:04:40:04] DELETING ACCOUNTS (JobID: c0f9a37a-c4c7-4ac8-8071-ca317030e60d)
 - Deleted: 0

[18/May/2023:04:40:38] UPDATING PRODUCTS (JobID: 53a6bafd-6185-4e77-b780-934dab4315e5)
 - New and modified: 0

[18/May/2023:04:40:39] UPDATING PREPAGATI (JobID: 3eddb75c-9400-429a-9a29-178736a0b9ef)
 - New and modified: 0

[18/May/2023:04:40:39] DELETING PREPAGATI (JobID: 3eddb75c-9400-429a-9a29-178736a0b9ef)
 - Deleted: 0

[18/May/2023:04:50:04] UPDATING ACCOUNTS (JobID: 886a8387-fb0f-49df-9fcc-8410ca8a368c)
 - New and modified: 0

[18/May/2023:04:50:04] DELETING ACCOUNTS (JobID: 886a8387-fb0f-49df-9fcc-8410ca8a368c)
 - Deleted: 0

[18/May/2023:04:50:35] UPDATING PRODUCTS (JobID: 2b9c6dbc-5849-4d6e-9b15-377b2522cfe1)
 - New and modified: 0

[18/May/2023:04:50:36] UPDATING PREPAGATI (JobID: 061a8134-48e0-4d84-a5e7-a6b3e0bd156f)
 - New and modified: 0

[18/May/2023:04:50:36] DELETING PREPAGATI (JobID: 061a8134-48e0-4d84-a5e7-a6b3e0bd156f)
 - Deleted: 0

[18/May/2023:05:00:04] UPDATING ACCOUNTS (JobID: 2463b57f-235d-4a35-a8ba-cd4c17b1e660)
 - New and modified: 0

[18/May/2023:05:00:04] DELETING ACCOUNTS (JobID: 2463b57f-235d-4a35-a8ba-cd4c17b1e660)
 - Deleted: 0

[18/May/2023:05:00:36] UPDATING PRODUCTS (JobID: 702f2727-85c2-4137-9301-f46c25eaac99)
 - New and modified: 0

[18/May/2023:05:00:38] UPDATING PREPAGATI (JobID: f81ce3c9-069b-4001-ad67-5a68e54ca0b9)
 - New and modified: 0

[18/May/2023:05:00:38] DELETING PREPAGATI (JobID: f81ce3c9-069b-4001-ad67-5a68e54ca0b9)
 - Deleted: 0

[18/May/2023:05:10:04] UPDATING ACCOUNTS (JobID: f80ef876-2645-4287-a67f-f517b20dc8d1)
 - New and modified: 0

[18/May/2023:05:10:04] DELETING ACCOUNTS (JobID: f80ef876-2645-4287-a67f-f517b20dc8d1)
 - Deleted: 0

[18/May/2023:05:10:37] UPDATING PRODUCTS (JobID: 6a1a8f86-a728-4cd3-9142-f2518c862f7d)
 - New and modified: 0

[18/May/2023:05:10:38] UPDATING PREPAGATI (JobID: ff5d79ef-8c10-4aaa-bd6a-0dfa76796ce6)
 - New and modified: 0

[18/May/2023:05:10:38] DELETING PREPAGATI (JobID: ff5d79ef-8c10-4aaa-bd6a-0dfa76796ce6)
 - Deleted: 0

[18/May/2023:05:20:04] UPDATING ACCOUNTS (JobID: 502479bd-8e2a-4078-910d-aa10123c8187)
 - New and modified: 0

[18/May/2023:05:20:04] DELETING ACCOUNTS (JobID: 502479bd-8e2a-4078-910d-aa10123c8187)
 - Deleted: 0

[18/May/2023:05:20:36] UPDATING PRODUCTS (JobID: dc7eb8eb-0ba1-4c84-9e32-bbf80680b618)
 - New and modified: 0

[18/May/2023:05:20:38] UPDATING PREPAGATI (JobID: 52bfa517-65b5-4000-8286-8605a844a11f)
 - New and modified: 0

[18/May/2023:05:20:38] DELETING PREPAGATI (JobID: 52bfa517-65b5-4000-8286-8605a844a11f)
 - Deleted: 0

[18/May/2023:05:30:04] UPDATING ACCOUNTS (JobID: bb80b4a9-daca-4232-80cd-d2ded232d5b0)
 - New and modified: 0

[18/May/2023:05:30:04] DELETING ACCOUNTS (JobID: bb80b4a9-daca-4232-80cd-d2ded232d5b0)
 - Deleted: 0

[18/May/2023:05:30:36] UPDATING PRODUCTS (JobID: f6d38bd3-0307-4cd0-87d7-b2728ef1b698)
 - New and modified: 0

[18/May/2023:05:30:38] UPDATING PREPAGATI (JobID: db54d335-e25f-4d8c-842b-7ff3ae4a09af)
 - New and modified: 0

[18/May/2023:05:30:38] DELETING PREPAGATI (JobID: db54d335-e25f-4d8c-842b-7ff3ae4a09af)
 - Deleted: 0

[18/May/2023:05:40:04] UPDATING ACCOUNTS (JobID: a790fab9-e18a-47f4-94cd-33511a28e596)
 - New and modified: 0

[18/May/2023:05:40:04] DELETING ACCOUNTS (JobID: a790fab9-e18a-47f4-94cd-33511a28e596)
 - Deleted: 0

[18/May/2023:05:40:36] UPDATING PRODUCTS (JobID: 9119922d-9cca-49c7-a4ca-97376aac35a8)
 - New and modified: 0

[18/May/2023:05:40:38] UPDATING PREPAGATI (JobID: f6ed9826-a755-474a-b982-9c63dbc5ff03)
 - New and modified: 0

[18/May/2023:05:40:38] DELETING PREPAGATI (JobID: f6ed9826-a755-474a-b982-9c63dbc5ff03)
 - Deleted: 0

[18/May/2023:05:50:04] UPDATING ACCOUNTS (JobID: 9c937333-8989-45d6-9166-e19eebc24cad)
 - New and modified: 0

[18/May/2023:05:50:04] DELETING ACCOUNTS (JobID: 9c937333-8989-45d6-9166-e19eebc24cad)
 - Deleted: 0

[18/May/2023:05:50:37] UPDATING PRODUCTS (JobID: 960182db-e39d-413c-a938-39eb917f2d92)
 - New and modified: 0

[18/May/2023:05:50:39] UPDATING PREPAGATI (JobID: 570f74bf-e13d-475a-a655-9aa52aa791f9)
 - New and modified: 0

[18/May/2023:05:50:39] DELETING PREPAGATI (JobID: 570f74bf-e13d-475a-a655-9aa52aa791f9)
 - Deleted: 0

[18/May/2023:06:00:04] UPDATING ACCOUNTS (JobID: 5a4e9c3e-ba38-4ee7-b03b-96cdbfc14b87)
 - New and modified: 0

[18/May/2023:06:00:04] DELETING ACCOUNTS (JobID: 5a4e9c3e-ba38-4ee7-b03b-96cdbfc14b87)
 - Deleted: 0

[18/May/2023:06:00:38] UPDATING PRODUCTS (JobID: 6724279c-2d45-4878-8448-3049b2ffc78d)
 - New and modified: 0

[18/May/2023:06:00:40] UPDATING PREPAGATI (JobID: 628d4d94-b4f0-4226-b932-183997479d7e)
 - New and modified: 0

[18/May/2023:06:00:40] DELETING PREPAGATI (JobID: 628d4d94-b4f0-4226-b932-183997479d7e)
 - Deleted: 0

[18/May/2023:06:10:04] UPDATING ACCOUNTS (JobID: 370a39dc-5722-45e2-88ee-627909ca9044)
 - New and modified: 0

[18/May/2023:06:10:04] DELETING ACCOUNTS (JobID: 370a39dc-5722-45e2-88ee-627909ca9044)
 - Deleted: 0

[18/May/2023:06:10:42] UPDATING PRODUCTS (JobID: f13ac079-6dd5-4842-abdf-32d8ec2ef9cf)
 - New and modified: 0

[18/May/2023:06:10:43] UPDATING PREPAGATI (JobID: 67625151-afa4-4341-be2d-0f0694d52e5c)
 - New and modified: 0

[18/May/2023:06:10:43] DELETING PREPAGATI (JobID: 67625151-afa4-4341-be2d-0f0694d52e5c)
 - Deleted: 0

[18/May/2023:06:20:04] UPDATING ACCOUNTS (JobID: 5da813be-d2f2-46a0-bbf8-fd970b8493cb)
 - New and modified: 0

[18/May/2023:06:20:04] DELETING ACCOUNTS (JobID: 5da813be-d2f2-46a0-bbf8-fd970b8493cb)
 - Deleted: 0

[18/May/2023:06:20:39] UPDATING PRODUCTS (JobID: 755d0d88-d1bb-4a7d-a7f0-ea28401e88c7)
 - New and modified: 0

[18/May/2023:06:20:41] UPDATING PREPAGATI (JobID: 92bbe5c4-7a32-4948-b2c6-54fbc19dac3e)
 - New and modified: 0

[18/May/2023:06:20:41] DELETING PREPAGATI (JobID: 92bbe5c4-7a32-4948-b2c6-54fbc19dac3e)
 - Deleted: 0

[18/May/2023:06:30:04] UPDATING ACCOUNTS (JobID: 1dc49d52-87a1-4d6f-a513-19b49e09b961)
 - New and modified: 0

[18/May/2023:06:30:04] DELETING ACCOUNTS (JobID: 1dc49d52-87a1-4d6f-a513-19b49e09b961)
 - Deleted: 0

[18/May/2023:06:30:39] UPDATING PRODUCTS (JobID: 3881acc5-87b3-4a3d-832e-fbfb563529b8)
 - New and modified: 0

[18/May/2023:06:30:40] UPDATING PREPAGATI (JobID: c5b925ad-a661-4693-a958-d5710ca1e164)
 - New and modified: 0

[18/May/2023:06:30:40] DELETING PREPAGATI (JobID: c5b925ad-a661-4693-a958-d5710ca1e164)
 - Deleted: 0

[18/May/2023:06:40:04] UPDATING ACCOUNTS (JobID: 45fa4d29-25a4-44fb-b8a1-0423a3945795)
 - New and modified: 0

[18/May/2023:06:40:04] DELETING ACCOUNTS (JobID: 45fa4d29-25a4-44fb-b8a1-0423a3945795)
 - Deleted: 0

[18/May/2023:06:40:35] UPDATING PRODUCTS (JobID: ae383c05-46d2-4c0f-8a8d-f320fa3f6c0d)
 - New and modified: 0

[18/May/2023:06:40:38] UPDATING PREPAGATI (JobID: 2ed275f8-eac3-4182-86f2-fe6e5a06af0c)
 - New and modified: 0

[18/May/2023:06:40:38] DELETING PREPAGATI (JobID: 2ed275f8-eac3-4182-86f2-fe6e5a06af0c)
 - Deleted: 0

[18/May/2023:06:50:04] UPDATING ACCOUNTS (JobID: 80e4f85a-ca86-4c39-bdb1-d9b11ce086d6)
 - New and modified: 0

[18/May/2023:06:50:04] DELETING ACCOUNTS (JobID: 80e4f85a-ca86-4c39-bdb1-d9b11ce086d6)
 - Deleted: 0

[18/May/2023:06:50:38] UPDATING PRODUCTS (JobID: f0151213-8a8f-4271-af21-a62ab1747623)
 - New and modified: 0

[18/May/2023:06:50:40] UPDATING PREPAGATI (JobID: edbb2abc-94f8-4e15-9c2c-bb0e96140cd7)
 - New and modified: 0

[18/May/2023:06:50:40] DELETING PREPAGATI (JobID: edbb2abc-94f8-4e15-9c2c-bb0e96140cd7)
 - Deleted: 0

[18/May/2023:07:00:16] UPDATING ACCOUNTS (JobID: a2174fde-8eec-42f6-99cc-3587b9d68a8b)
 - New and modified: 0

[18/May/2023:07:00:16] DELETING ACCOUNTS (JobID: a2174fde-8eec-42f6-99cc-3587b9d68a8b)
 - Deleted: 0

[18/May/2023:07:00:52] UPDATING PRODUCTS (JobID: cd4c2d0b-0b25-48f9-9aa4-1ed12cbdcda1)
 - New and modified: 0

[18/May/2023:07:00:53] UPDATING PREPAGATI (JobID: b94bdc42-4b25-4f09-ab8d-18ac5d0cc257)
 - New and modified: 0

[18/May/2023:07:00:53] DELETING PREPAGATI (JobID: b94bdc42-4b25-4f09-ab8d-18ac5d0cc257)
 - Deleted: 0

[18/May/2023:07:10:04] UPDATING ACCOUNTS (JobID: d40a731b-763d-46cd-8f85-772d2fece0e8)
 - New and modified: 0

[18/May/2023:07:10:04] DELETING ACCOUNTS (JobID: d40a731b-763d-46cd-8f85-772d2fece0e8)
 - Deleted: 0

[18/May/2023:07:10:41] UPDATING PRODUCTS (JobID: 48861e0a-8d0e-448b-b2a9-2a812466f76f)
 - New and modified: 0

[18/May/2023:07:10:43] UPDATING PREPAGATI (JobID: 9e00bc2b-6562-4fb4-9445-a8c31a6bfdad)
 - New and modified: 0

[18/May/2023:07:10:43] DELETING PREPAGATI (JobID: 9e00bc2b-6562-4fb4-9445-a8c31a6bfdad)
 - Deleted: 0

[18/May/2023:07:20:04] UPDATING ACCOUNTS (JobID: 9b57adae-d3a9-4a94-8190-4a94d5c88963)
 - New and modified: 0

[18/May/2023:07:20:04] DELETING ACCOUNTS (JobID: 9b57adae-d3a9-4a94-8190-4a94d5c88963)
 - Deleted: 0

[18/May/2023:07:20:39] UPDATING PRODUCTS (JobID: f68ecdce-ce13-4dc2-9176-7ece6ab561b7)
 - New and modified: 0

[18/May/2023:07:20:41] UPDATING PREPAGATI (JobID: 404e78c4-7bc3-494a-b0b0-5b34135be55f)
 - New and modified: 0

[18/May/2023:07:20:41] DELETING PREPAGATI (JobID: 404e78c4-7bc3-494a-b0b0-5b34135be55f)
 - Deleted: 0

[18/May/2023:07:30:04] UPDATING ACCOUNTS (JobID: 26c241e7-b9f0-46cf-b860-5fccff3a8608)
 - New and modified: 0

[18/May/2023:07:30:04] DELETING ACCOUNTS (JobID: 26c241e7-b9f0-46cf-b860-5fccff3a8608)
 - Deleted: 0

[18/May/2023:07:30:42] UPDATING PRODUCTS (JobID: f73fd010-efd4-49f7-86a4-14fdb82324a2)
 - New and modified: 0

[18/May/2023:07:30:44] UPDATING PREPAGATI (JobID: 11eb5a81-6e89-4d02-9566-409da66b5381)
 - New and modified: 0

[18/May/2023:07:30:44] DELETING PREPAGATI (JobID: 11eb5a81-6e89-4d02-9566-409da66b5381)
 - Deleted: 0

[18/May/2023:07:40:04] UPDATING ACCOUNTS (JobID: 0035928b-8216-4cda-938e-212727f2ffb9)
 - New and modified: 0

[18/May/2023:07:40:04] DELETING ACCOUNTS (JobID: 0035928b-8216-4cda-938e-212727f2ffb9)
 - Deleted: 0

[18/May/2023:07:40:39] UPDATING PRODUCTS (JobID: 9d3ce3f2-8c7c-4629-8e11-fad53d3158db)
 - New and modified: 0

[18/May/2023:07:40:41] UPDATING PREPAGATI (JobID: 7b05b734-e149-4a56-bcc6-464fae81e269)
 - New and modified: 0

[18/May/2023:07:40:41] DELETING PREPAGATI (JobID: 7b05b734-e149-4a56-bcc6-464fae81e269)
 - Deleted: 0

[18/May/2023:07:50:04] UPDATING ACCOUNTS (JobID: 54e53b84-9695-44fa-aa64-ea0469d9e49d)
 - New and modified: 0

[18/May/2023:07:50:04] DELETING ACCOUNTS (JobID: 54e53b84-9695-44fa-aa64-ea0469d9e49d)
 - Deleted: 0

[18/May/2023:07:50:37] UPDATING PRODUCTS (JobID: 7fafadb9-93db-4ab8-8096-340ac47bf17c)
 - New and modified: 0

[18/May/2023:07:50:39] UPDATING PREPAGATI (JobID: d59f4d85-aab0-4a91-93d5-6a6f4050945b)
 - New and modified: 0

[18/May/2023:07:50:39] DELETING PREPAGATI (JobID: d59f4d85-aab0-4a91-93d5-6a6f4050945b)
 - Deleted: 0

[18/May/2023:08:00:04] UPDATING ACCOUNTS (JobID: d74fa5e4-a99d-41cc-a27d-4ee465e510fa)
 - New and modified: 0

[18/May/2023:08:00:04] DELETING ACCOUNTS (JobID: d74fa5e4-a99d-41cc-a27d-4ee465e510fa)
 - Deleted: 0

[18/May/2023:08:00:41] UPDATING PRODUCTS (JobID: aa406262-71d5-46a5-b9a7-bf3dedefb488)
 - New and modified: 0

[18/May/2023:08:00:43] UPDATING PREPAGATI (JobID: 1d8735d1-64dc-4026-97ff-c0d6af830c72)
 - New and modified: 0

[18/May/2023:08:00:43] DELETING PREPAGATI (JobID: 1d8735d1-64dc-4026-97ff-c0d6af830c72)
 - Deleted: 0

[18/May/2023:08:10:05] UPDATING ACCOUNTS (JobID: 478a176a-0233-49d2-a260-27d5a2364ec5)
 - New and modified: 0

[18/May/2023:08:10:05] DELETING ACCOUNTS (JobID: 478a176a-0233-49d2-a260-27d5a2364ec5)
 - Deleted: 0

[18/May/2023:08:10:42] UPDATING PRODUCTS (JobID: decd7b0a-245f-4387-97b4-645b819e1229)
 - New and modified: 0

[18/May/2023:08:10:44] UPDATING PREPAGATI (JobID: 78ae8d09-168d-4720-894d-6e6851398b79)
 - New and modified: 0

[18/May/2023:08:10:44] DELETING PREPAGATI (JobID: 78ae8d09-168d-4720-894d-6e6851398b79)
 - Deleted: 0

[18/May/2023:08:20:05] UPDATING ACCOUNTS (JobID: fdeb7868-be3d-4c69-95f6-08010607c0c5)
 - New and modified: 0

[18/May/2023:08:20:05] DELETING ACCOUNTS (JobID: fdeb7868-be3d-4c69-95f6-08010607c0c5)
 - Deleted: 0

[18/May/2023:08:20:43] UPDATING PRODUCTS (JobID: b5cc9a00-bf29-4d28-9be7-d93d23f142bd)
 - New and modified: 0

[18/May/2023:08:20:46] UPDATING PREPAGATI (JobID: 2a1355f0-8d4b-4c91-9ebe-6d77ffb628fe)
 - New and modified: 0

[18/May/2023:08:20:46] DELETING PREPAGATI (JobID: 2a1355f0-8d4b-4c91-9ebe-6d77ffb628fe)
 - Deleted: 0

[18/May/2023:08:30:05] UPDATING ACCOUNTS (JobID: 2c369191-0d5c-4e79-b00f-214d6619772a)
 - New and modified: 0

[18/May/2023:08:30:05] DELETING ACCOUNTS (JobID: 2c369191-0d5c-4e79-b00f-214d6619772a)
 - Deleted: 0

[18/May/2023:08:30:41] UPDATING PRODUCTS (JobID: 7a83fa8d-110c-49e3-8cae-b078d74a22fe)
 - New and modified: 0

[18/May/2023:08:30:43] UPDATING PREPAGATI (JobID: 7769f533-abe2-4a39-ad8b-f0e08729931e)
 - New and modified: 0

[18/May/2023:08:30:43] DELETING PREPAGATI (JobID: 7769f533-abe2-4a39-ad8b-f0e08729931e)
 - Deleted: 0

[18/May/2023:08:40:05] UPDATING ACCOUNTS (JobID: c27018f3-094a-4f57-b499-4ca94f97d63c)
 - New and modified: 0

[18/May/2023:08:40:05] DELETING ACCOUNTS (JobID: c27018f3-094a-4f57-b499-4ca94f97d63c)
 - Deleted: 0

[18/May/2023:08:40:39] UPDATING PRODUCTS (JobID: bda97456-6d22-4a8a-8b16-165fd2381154)
 - New and modified: 0

[18/May/2023:08:40:41] UPDATING PREPAGATI (JobID: e9cf6706-ca46-4a4d-979a-0d5aadca1022)
 - New and modified: 0

[18/May/2023:08:40:41] DELETING PREPAGATI (JobID: e9cf6706-ca46-4a4d-979a-0d5aadca1022)
 - Deleted: 0

[18/May/2023:08:50:04] UPDATING ACCOUNTS (JobID: 38e0a70d-621a-493d-bf2c-8bb4b636ebda)
 - New and modified: 0

[18/May/2023:08:50:04] DELETING ACCOUNTS (JobID: 38e0a70d-621a-493d-bf2c-8bb4b636ebda)
 - Deleted: 0

[18/May/2023:08:50:40] UPDATING PRODUCTS (JobID: 04f61280-0f77-4a0d-afb0-cc1dad9f42fa)
 - New and modified: 0

[18/May/2023:08:50:42] UPDATING PREPAGATI (JobID: 720cf369-0604-4841-8c62-4314ab42550d)
 - New and modified: 0

[18/May/2023:08:50:42] DELETING PREPAGATI (JobID: 720cf369-0604-4841-8c62-4314ab42550d)
 - Deleted: 0

[18/May/2023:09:00:04] UPDATING ACCOUNTS (JobID: 8c0e0cde-4b89-436c-a2aa-59a69ea865bb)
 - New and modified: 0

[18/May/2023:09:00:04] DELETING ACCOUNTS (JobID: 8c0e0cde-4b89-436c-a2aa-59a69ea865bb)
 - Deleted: 0

[18/May/2023:09:00:40] UPDATING PRODUCTS (JobID: 00a17852-b626-449e-a0b2-c27182c798bb)
 - New and modified: 0

[18/May/2023:09:00:42] UPDATING PREPAGATI (JobID: 4a0d3286-58af-44dc-8171-50b9489f106d)
 - New and modified: 0

[18/May/2023:09:00:42] DELETING PREPAGATI (JobID: 4a0d3286-58af-44dc-8171-50b9489f106d)
 - Deleted: 0

[18/May/2023:09:10:05] UPDATING ACCOUNTS (JobID: f328ed7f-52ed-480a-b6d5-39b1c7c649da)
 - New and modified: 0

[18/May/2023:09:10:05] DELETING ACCOUNTS (JobID: f328ed7f-52ed-480a-b6d5-39b1c7c649da)
 - Deleted: 0

[18/May/2023:09:10:39] UPDATING PRODUCTS (JobID: be78978e-0e72-4517-81d0-7b812b00c4f2)
 - New and modified: 0

[18/May/2023:09:10:41] UPDATING PREPAGATI (JobID: 14b0e492-1be2-41f4-870a-360d167e0aaf)
 - New and modified: 0

[18/May/2023:09:10:41] DELETING PREPAGATI (JobID: 14b0e492-1be2-41f4-870a-360d167e0aaf)
 - Deleted: 0

[18/May/2023:09:20:16] UPDATING ACCOUNTS (JobID: 89c35698-ebd9-4ac3-bb4e-4969feaf3386)
 - New and modified: 0

[18/May/2023:09:20:16] DELETING ACCOUNTS (JobID: 89c35698-ebd9-4ac3-bb4e-4969feaf3386)
 - Deleted: 0

[18/May/2023:09:21:54] UPDATING PRODUCTS (JobID: 926a6fc2-2155-4ba1-b1be-976b1ecf1cef)
 - New and modified: 0

[18/May/2023:09:22:05] UPDATING PREPAGATI (JobID: 009e168c-ce70-43d4-96d8-5e377e127224)
 - New and modified: 0

[18/May/2023:09:22:05] DELETING PREPAGATI (JobID: 009e168c-ce70-43d4-96d8-5e377e127224)
 - Deleted: 0

[18/May/2023:09:30:05] UPDATING ACCOUNTS (JobID: e9ba1a10-d55d-4714-a241-f3081de97716)
 - New and modified: 0

[18/May/2023:09:30:05] DELETING ACCOUNTS (JobID: e9ba1a10-d55d-4714-a241-f3081de97716)
 - Deleted: 0

[18/May/2023:09:30:40] UPDATING PRODUCTS (JobID: a80d9e98-1409-4775-ad5d-9d36ba2076af)
 - New and modified: 0

[18/May/2023:09:30:42] UPDATING PREPAGATI (JobID: 2ecd2d2a-ef91-4d7c-89c1-8117c431a094)
 - New and modified: 0

[18/May/2023:09:30:42] DELETING PREPAGATI (JobID: 2ecd2d2a-ef91-4d7c-89c1-8117c431a094)
 - Deleted: 0

[18/May/2023:09:40:06] UPDATING ACCOUNTS (JobID: 754994ca-c3a2-40d0-a5ea-54e7703cb69d)
 - New and modified: 0

[18/May/2023:09:40:06] DELETING ACCOUNTS (JobID: 754994ca-c3a2-40d0-a5ea-54e7703cb69d)
 - Deleted: 0

[18/May/2023:09:41:07] UPDATING PRODUCTS (JobID: 6e8fa17d-5838-4dba-a6a9-ae67fad480a4)
 - New and modified: 0

[18/May/2023:09:41:10] UPDATING PREPAGATI (JobID: ed16a5d9-5093-4888-8423-d5dd0bddf3ff)
 - New and modified: 0

[18/May/2023:09:41:10] DELETING PREPAGATI (JobID: ed16a5d9-5093-4888-8423-d5dd0bddf3ff)
 - Deleted: 0

[18/May/2023:09:50:17] UPDATING ACCOUNTS (JobID: ea6cb7d5-8ee6-4414-bc96-a51aad5b0d20)
 - New and modified: 0

[18/May/2023:09:50:17] DELETING ACCOUNTS (JobID: ea6cb7d5-8ee6-4414-bc96-a51aad5b0d20)
 - Deleted: 0

[18/May/2023:09:51:14] UPDATING PRODUCTS (JobID: e1856458-6771-44be-a83d-e3737dfe1ab7)
 - New and modified: 0

[18/May/2023:09:51:17] UPDATING PREPAGATI (JobID: bb56ddb9-c71b-470c-82a5-ad3e1c705797)
 - New and modified: 0

[18/May/2023:09:51:17] DELETING PREPAGATI (JobID: bb56ddb9-c71b-470c-82a5-ad3e1c705797)
 - Deleted: 0

[18/May/2023:10:00:07] UPDATING ACCOUNTS (JobID: 487f1eb9-4e00-4157-b151-32472746185f)
 - New and modified: 0

[18/May/2023:10:00:07] DELETING ACCOUNTS (JobID: 487f1eb9-4e00-4157-b151-32472746185f)
 - Deleted: 0

[18/May/2023:10:01:36] UPDATING PRODUCTS (JobID: a73bff4e-5a35-4b4b-bac5-e4d4b400993b)
 - New and modified: 0

[18/May/2023:10:01:38] UPDATING PREPAGATI (JobID: 70990676-28e6-44cd-836e-8a216a6139f7)
 - New and modified: 0

[18/May/2023:10:01:38] DELETING PREPAGATI (JobID: 70990676-28e6-44cd-836e-8a216a6139f7)
 - Deleted: 0

[18/May/2023:10:10:05] UPDATING ACCOUNTS (JobID: c56e9923-4cec-4c5f-bc7a-5d0c1a27e26b)
 - New and modified: 0

[18/May/2023:10:10:05] DELETING ACCOUNTS (JobID: c56e9923-4cec-4c5f-bc7a-5d0c1a27e26b)
 - Deleted: 0

[18/May/2023:10:10:40] UPDATING PRODUCTS (JobID: d2f5a45a-a5f5-431a-8322-205fc9077fc6)
 - New and modified: 0

[18/May/2023:10:10:42] UPDATING PREPAGATI (JobID: 11e6bd87-3080-423b-96b5-c2cd9f12ebae)
 - New and modified: 0

[18/May/2023:10:10:42] DELETING PREPAGATI (JobID: 11e6bd87-3080-423b-96b5-c2cd9f12ebae)
 - Deleted: 0

[18/May/2023:10:20:05] UPDATING ACCOUNTS (JobID: dc4e2ded-e024-4747-b1a8-610f7d431a8d)
 - New and modified: 0

[18/May/2023:10:20:05] DELETING ACCOUNTS (JobID: dc4e2ded-e024-4747-b1a8-610f7d431a8d)
 - Deleted: 0

[18/May/2023:10:20:39] UPDATING PRODUCTS (JobID: c0699d25-944c-47cc-9369-9df5a5d2115a)
 - New and modified: 0

[18/May/2023:10:20:41] UPDATING PREPAGATI (JobID: f4344c3b-07cd-4906-be2b-7a970517a5fa)
 - New and modified: 0

[18/May/2023:10:20:41] DELETING PREPAGATI (JobID: f4344c3b-07cd-4906-be2b-7a970517a5fa)
 - Deleted: 0

[18/May/2023:10:30:05] UPDATING ACCOUNTS (JobID: 580261a5-ec2f-49da-8885-32d5771a4526)
 - New and modified: 0

[18/May/2023:10:30:05] DELETING ACCOUNTS (JobID: 580261a5-ec2f-49da-8885-32d5771a4526)
 - Deleted: 0

[18/May/2023:10:30:40] UPDATING PRODUCTS (JobID: e0485882-e8d5-4798-b83d-890cfca4aea6)
 - New and modified: 0

[18/May/2023:10:30:42] UPDATING PREPAGATI (JobID: 8e0ada67-624c-4735-92c5-8be67380d7d7)
 - New and modified: 0

[18/May/2023:10:30:42] DELETING PREPAGATI (JobID: 8e0ada67-624c-4735-92c5-8be67380d7d7)
 - Deleted: 0

[18/May/2023:10:40:05] UPDATING ACCOUNTS (JobID: b20389ff-35fe-4d9b-a46d-3333747effec)
 - New and modified: 0

[18/May/2023:10:40:05] DELETING ACCOUNTS (JobID: b20389ff-35fe-4d9b-a46d-3333747effec)
 - Deleted: 0

[18/May/2023:10:40:42] UPDATING PRODUCTS (JobID: 9e4c9ec5-9096-4f9f-9f4f-65554ce1c6fd)
 - New and modified: 0

[18/May/2023:10:40:44] UPDATING PREPAGATI (JobID: 841fb5dc-ce23-4afc-a827-f9bd38a0d233)
 - New and modified: 0

[18/May/2023:10:40:44] DELETING PREPAGATI (JobID: 841fb5dc-ce23-4afc-a827-f9bd38a0d233)
 - Deleted: 0

[18/May/2023:10:50:05] UPDATING ACCOUNTS (JobID: 5e89f243-b498-48a9-a48e-71778551d529)
 - New and modified: 0

[18/May/2023:10:50:05] DELETING ACCOUNTS (JobID: 5e89f243-b498-48a9-a48e-71778551d529)
 - Deleted: 0

[18/May/2023:10:50:39] UPDATING PRODUCTS (JobID: df367ccf-182d-4f07-8be6-e2b1c017f5a5)
 - New and modified: 0

[18/May/2023:10:50:42] UPDATING PREPAGATI (JobID: 3bda7a66-a775-45b0-aed4-859f70d3ead0)
 - New and modified: 0

[18/May/2023:10:50:42] DELETING PREPAGATI (JobID: 3bda7a66-a775-45b0-aed4-859f70d3ead0)
 - Deleted: 0

[18/May/2023:11:00:05] UPDATING ACCOUNTS (JobID: 944c8fbf-802b-47cc-b42e-23657191cc1e)
 - New and modified: 0

[18/May/2023:11:00:05] DELETING ACCOUNTS (JobID: 944c8fbf-802b-47cc-b42e-23657191cc1e)
 - Deleted: 0

[18/May/2023:11:00:42] UPDATING PRODUCTS (JobID: c4c66e36-d0e5-42af-ac85-9e904aed72b3)
 - New and modified: 0

[18/May/2023:11:00:45] UPDATING PREPAGATI (JobID: 789b176b-a908-427f-99e6-623894387ad9)
 - New and modified: 0

[18/May/2023:11:00:45] DELETING PREPAGATI (JobID: 789b176b-a908-427f-99e6-623894387ad9)
 - Deleted: 0

[18/May/2023:11:10:05] UPDATING ACCOUNTS (JobID: be0e1e1d-f077-4b6f-8f23-8e89f5fa7511)
 - New and modified: 0

[18/May/2023:11:10:05] DELETING ACCOUNTS (JobID: be0e1e1d-f077-4b6f-8f23-8e89f5fa7511)
 - Deleted: 0

[18/May/2023:11:10:43] UPDATING PRODUCTS (JobID: 0e9ba58d-58ef-4c57-84d3-4c75973704cf)
 - New and modified: 0

[18/May/2023:11:10:44] UPDATING PREPAGATI (JobID: 904efdb2-f95b-4748-9647-f77c473b12b2)
 - New and modified: 0

[18/May/2023:11:10:44] DELETING PREPAGATI (JobID: 904efdb2-f95b-4748-9647-f77c473b12b2)
 - Deleted: 0

[18/May/2023:11:20:04] UPDATING ACCOUNTS (JobID: ac3b050d-684b-4b1b-b00a-ae4f045a0743)
 - New and modified: 0

[18/May/2023:11:20:04] DELETING ACCOUNTS (JobID: ac3b050d-684b-4b1b-b00a-ae4f045a0743)
 - Deleted: 0

[18/May/2023:11:20:38] UPDATING PRODUCTS (JobID: 95a30442-b60d-438e-8396-40b04a8e1a77)
 - New and modified: 0

[18/May/2023:11:20:41] UPDATING PREPAGATI (JobID: c8928c45-fd95-4a2b-8c6e-e565735641a8)
 - New and modified: 0

[18/May/2023:11:20:41] DELETING PREPAGATI (JobID: c8928c45-fd95-4a2b-8c6e-e565735641a8)
 - Deleted: 0

[18/May/2023:11:30:04] UPDATING ACCOUNTS (JobID: 2f0ecf69-1dce-43fd-acc8-bc4025d2a8b7)
 - New and modified: 0

[18/May/2023:11:30:04] DELETING ACCOUNTS (JobID: 2f0ecf69-1dce-43fd-acc8-bc4025d2a8b7)
 - Deleted: 0

[18/May/2023:11:30:41] UPDATING PRODUCTS (JobID: 3faead9f-b5bf-49cf-a3f9-35a4be8fdcc4)
 - New and modified: 0

[18/May/2023:11:30:43] UPDATING PREPAGATI (JobID: 8275b85a-da94-4177-9525-773f458af180)
 - New and modified: 0

[18/May/2023:11:30:43] DELETING PREPAGATI (JobID: 8275b85a-da94-4177-9525-773f458af180)
 - Deleted: 0

[18/May/2023:11:40:04] UPDATING ACCOUNTS (JobID: 5556cd2d-a05e-4966-a8f4-15cbc8b87856)
 - New and modified: 0

[18/May/2023:11:40:04] DELETING ACCOUNTS (JobID: 5556cd2d-a05e-4966-a8f4-15cbc8b87856)
 - Deleted: 0

[18/May/2023:11:40:40] UPDATING PRODUCTS (JobID: d7ab6b2b-0f3b-4b4b-8c68-236f8994b31f)
 - New and modified: 0

[18/May/2023:11:40:42] UPDATING PREPAGATI (JobID: f7e8f338-79b7-4fb0-b3e0-48189ed25937)
 - New and modified: 0

[18/May/2023:11:40:42] DELETING PREPAGATI (JobID: f7e8f338-79b7-4fb0-b3e0-48189ed25937)
 - Deleted: 0

[18/May/2023:11:50:05] UPDATING ACCOUNTS (JobID: 1a6e96b6-c8fb-4580-8f4c-0b57f102564b)
 - New and modified: 0

[18/May/2023:11:50:05] DELETING ACCOUNTS (JobID: 1a6e96b6-c8fb-4580-8f4c-0b57f102564b)
 - Deleted: 0

[18/May/2023:11:50:38] UPDATING PRODUCTS (JobID: d51beb99-f1ee-4911-8549-5081233a5b79)
 - New and modified: 0

[18/May/2023:11:50:40] UPDATING PREPAGATI (JobID: ea9ff7cc-283c-44b4-afef-fc0cbe916991)
 - New and modified: 0

[18/May/2023:11:50:40] DELETING PREPAGATI (JobID: ea9ff7cc-283c-44b4-afef-fc0cbe916991)
 - Deleted: 0

[18/May/2023:12:00:04] UPDATING ACCOUNTS (JobID: 014ec3bd-1fe4-4d4d-8709-7cc1f4ee63de)
 - New and modified: 0

[18/May/2023:12:00:04] DELETING ACCOUNTS (JobID: 014ec3bd-1fe4-4d4d-8709-7cc1f4ee63de)
 - Deleted: 0

[18/May/2023:12:00:41] UPDATING PRODUCTS (JobID: badae248-f927-49c1-94d5-e6e28b86d705)
 - New and modified: 0

[18/May/2023:12:00:43] UPDATING PREPAGATI (JobID: 30f00159-5868-4bed-89d5-456f06ce35a5)
 - New and modified: 0

[18/May/2023:12:00:43] DELETING PREPAGATI (JobID: 30f00159-5868-4bed-89d5-456f06ce35a5)
 - Deleted: 0

[18/May/2023:12:10:04] UPDATING ACCOUNTS (JobID: ae6e395a-7544-4583-8d6b-64d5c2bb9cb8)
 - New and modified: 0

[18/May/2023:12:10:04] DELETING ACCOUNTS (JobID: ae6e395a-7544-4583-8d6b-64d5c2bb9cb8)
 - Deleted: 0

[18/May/2023:12:10:41] UPDATING PRODUCTS (JobID: 119cd416-23e5-4d88-bda5-dc4b20a025ce)
 - New and modified: 0

[18/May/2023:12:10:43] UPDATING PREPAGATI (JobID: d3f9ce70-4488-4d39-8af0-5df2240e8091)
 - New and modified: 0

[18/May/2023:12:10:43] DELETING PREPAGATI (JobID: d3f9ce70-4488-4d39-8af0-5df2240e8091)
 - Deleted: 0

[18/May/2023:12:20:04] UPDATING ACCOUNTS (JobID: 2b3b864b-fe07-4280-ba0c-44bb4c940e0f)
 - New and modified: 0

[18/May/2023:12:20:04] DELETING ACCOUNTS (JobID: 2b3b864b-fe07-4280-ba0c-44bb4c940e0f)
 - Deleted: 0

[18/May/2023:12:20:41] UPDATING PRODUCTS (JobID: 97716a27-7cc1-41ca-8ba3-89ce73636569)
 - New and modified: 0

[18/May/2023:12:20:43] UPDATING PREPAGATI (JobID: fb5ceaee-1c9f-42e8-83b0-bcad512170c3)
 - New and modified: 0

[18/May/2023:12:20:43] DELETING PREPAGATI (JobID: fb5ceaee-1c9f-42e8-83b0-bcad512170c3)
 - Deleted: 0

[18/May/2023:12:30:05] UPDATING ACCOUNTS (JobID: 121e089e-a861-49cf-a13e-be59b6f054d8)
 - New and modified: 0

[18/May/2023:12:30:05] DELETING ACCOUNTS (JobID: 121e089e-a861-49cf-a13e-be59b6f054d8)
 - Deleted: 0

[18/May/2023:12:30:40] UPDATING PRODUCTS (JobID: 816d4c40-c361-4145-abb5-579e14d6ec6b)
 - New and modified: 0

[18/May/2023:12:30:42] UPDATING PREPAGATI (JobID: c3b0640d-53af-4be9-83d7-af968e4acd67)
 - New and modified: 0

[18/May/2023:12:30:42] DELETING PREPAGATI (JobID: c3b0640d-53af-4be9-83d7-af968e4acd67)
 - Deleted: 0

[18/May/2023:12:40:04] UPDATING ACCOUNTS (JobID: 331c73a9-3e23-4819-b36e-5a42c25fd68b)
 - New and modified: 0

[18/May/2023:12:40:04] DELETING ACCOUNTS (JobID: 331c73a9-3e23-4819-b36e-5a42c25fd68b)
 - Deleted: 0

[18/May/2023:12:40:41] UPDATING PRODUCTS (JobID: 0673682f-fac8-4a12-a639-66ebc302cbaa)
 - New and modified: 0

[18/May/2023:12:40:43] UPDATING PREPAGATI (JobID: 0ff39f39-c656-4dc7-919e-7a2340ec9571)
 - New and modified: 0

[18/May/2023:12:40:43] DELETING PREPAGATI (JobID: 0ff39f39-c656-4dc7-919e-7a2340ec9571)
 - Deleted: 0

[18/May/2023:12:50:04] UPDATING ACCOUNTS (JobID: fccd3029-7873-4cc0-807a-0e2d849cffae)
 - New and modified: 0

[18/May/2023:12:50:04] DELETING ACCOUNTS (JobID: fccd3029-7873-4cc0-807a-0e2d849cffae)
 - Deleted: 0

[18/May/2023:12:50:40] UPDATING PRODUCTS (JobID: 32e3d0ca-9875-4f7c-90ab-2ff0ff0af847)
 - New and modified: 0

[18/May/2023:12:50:41] UPDATING PREPAGATI (JobID: a37c01c7-f1fb-4dbc-ac7a-d8839dca75c7)
 - New and modified: 0

[18/May/2023:12:50:41] DELETING PREPAGATI (JobID: a37c01c7-f1fb-4dbc-ac7a-d8839dca75c7)
 - Deleted: 0

[18/May/2023:13:00:04] UPDATING ACCOUNTS (JobID: 61e7c08e-d03f-4490-8d5e-62dd510d44d9)
 - New and modified: 0

[18/May/2023:13:00:04] DELETING ACCOUNTS (JobID: 61e7c08e-d03f-4490-8d5e-62dd510d44d9)
 - Deleted: 0

[18/May/2023:13:00:38] UPDATING PRODUCTS (JobID: 585c89be-17cb-49b5-b4cb-4c959ba98a96)
 - New and modified: 0

[18/May/2023:13:00:40] UPDATING PREPAGATI (JobID: 4a5faf8d-89af-4544-9083-0a7da4ca20ad)
 - New and modified: 0

[18/May/2023:13:00:40] DELETING PREPAGATI (JobID: 4a5faf8d-89af-4544-9083-0a7da4ca20ad)
 - Deleted: 0

[18/May/2023:13:10:04] UPDATING ACCOUNTS (JobID: b56a7654-ea04-4d07-8dd9-8b2bb307bd96)
 - New and modified: 0

[18/May/2023:13:10:04] DELETING ACCOUNTS (JobID: b56a7654-ea04-4d07-8dd9-8b2bb307bd96)
 - Deleted: 0

[18/May/2023:13:10:45] UPDATING PRODUCTS (JobID: 43bb9099-4709-407e-8bd7-4836333dbfa8)
 - New and modified: 0

[18/May/2023:13:10:47] UPDATING PREPAGATI (JobID: 32c2a6a6-cde0-41f5-af9f-fb334d7be791)
 - New and modified: 0

[18/May/2023:13:10:47] DELETING PREPAGATI (JobID: 32c2a6a6-cde0-41f5-af9f-fb334d7be791)
 - Deleted: 0

[18/May/2023:13:20:04] UPDATING ACCOUNTS (JobID: 83210174-e650-4f35-86ae-9b66de515f9e)
 - New and modified: 0

[18/May/2023:13:20:04] DELETING ACCOUNTS (JobID: 83210174-e650-4f35-86ae-9b66de515f9e)
 - Deleted: 0

[18/May/2023:13:20:42] UPDATING PRODUCTS (JobID: fb01bbe7-82fe-4a0d-be12-6c1ad61214b6)
 - New and modified: 0

[18/May/2023:13:20:43] UPDATING PREPAGATI (JobID: 5af7c770-e500-47e5-b132-b6ddcbff5d21)
 - New and modified: 0

[18/May/2023:13:20:44] DELETING PREPAGATI (JobID: 5af7c770-e500-47e5-b132-b6ddcbff5d21)
 - Deleted: 0

[18/May/2023:13:30:04] UPDATING ACCOUNTS (JobID: 059cc00b-3a31-439a-91c6-1374c9ceb23b)
 - New and modified: 0

[18/May/2023:13:30:04] DELETING ACCOUNTS (JobID: 059cc00b-3a31-439a-91c6-1374c9ceb23b)
 - Deleted: 0

[18/May/2023:13:30:39] UPDATING PRODUCTS (JobID: c03488a5-2dce-4d6b-b027-72b7472955e8)
 - New and modified: 0

[18/May/2023:13:30:41] UPDATING PREPAGATI (JobID: 6c4387f5-275a-42ce-b115-f72a831797db)
 - New and modified: 0

[18/May/2023:13:30:41] DELETING PREPAGATI (JobID: 6c4387f5-275a-42ce-b115-f72a831797db)
 - Deleted: 0

[18/May/2023:13:40:05] UPDATING ACCOUNTS (JobID: 1889613b-e203-4e5f-b6e7-f959d1bc0bc8)
 - New and modified: 0

[18/May/2023:13:40:05] DELETING ACCOUNTS (JobID: 1889613b-e203-4e5f-b6e7-f959d1bc0bc8)
 - Deleted: 0

[18/May/2023:13:40:42] UPDATING PRODUCTS (JobID: 8e234feb-2d30-4003-9a27-178438e52d91)
 - New and modified: 0

[18/May/2023:13:40:43] UPDATING PREPAGATI (JobID: 92ff1d4e-c2b8-4450-8fa9-57125528dd2c)
 - New and modified: 0

[18/May/2023:13:40:43] DELETING PREPAGATI (JobID: 92ff1d4e-c2b8-4450-8fa9-57125528dd2c)
 - Deleted: 0

[18/May/2023:13:50:04] UPDATING ACCOUNTS (JobID: 2acff6b8-0b88-432e-830d-426faed2efe3)
 - New and modified: 0

[18/May/2023:13:50:04] DELETING ACCOUNTS (JobID: 2acff6b8-0b88-432e-830d-426faed2efe3)
 - Deleted: 0

[18/May/2023:13:50:37] UPDATING PRODUCTS (JobID: 4d29dd17-db7a-45b0-bc62-2bb9befee20a)
 - New and modified: 0

[18/May/2023:13:50:39] UPDATING PREPAGATI (JobID: 9938e608-e56a-4ca4-bb36-43df9d9b18ca)
 - New and modified: 0

[18/May/2023:13:50:39] DELETING PREPAGATI (JobID: 9938e608-e56a-4ca4-bb36-43df9d9b18ca)
 - Deleted: 0

[18/May/2023:14:00:04] UPDATING ACCOUNTS (JobID: 789b1a21-da9a-45fc-9a9d-f7844673ab4f)
 - New and modified: 1
   0000071

[18/May/2023:14:00:04] DELETING ACCOUNTS (JobID: 789b1a21-da9a-45fc-9a9d-f7844673ab4f)
 - Deleted: 0

[18/May/2023:14:00:42] UPDATING PRODUCTS (JobID: 96b1226c-408e-43e5-967c-e348dae8eb50)
 - New and modified: 0

[18/May/2023:14:00:44] UPDATING PREPAGATI (JobID: 9ac45518-37e2-42d3-887d-ea2cb8052dec)
 - New and modified: 0

[18/May/2023:14:00:44] DELETING PREPAGATI (JobID: 9ac45518-37e2-42d3-887d-ea2cb8052dec)
 - Deleted: 0

[18/May/2023:14:10:04] UPDATING ACCOUNTS (JobID: e0fcb201-5fff-4cee-a216-5d4f08d777cc)
 - New and modified: 0

[18/May/2023:14:10:04] DELETING ACCOUNTS (JobID: e0fcb201-5fff-4cee-a216-5d4f08d777cc)
 - Deleted: 0

[18/May/2023:14:10:41] UPDATING PRODUCTS (JobID: 506de3e9-f149-4303-940c-debc5b799c8e)
 - New and modified: 0

[18/May/2023:14:10:43] UPDATING PREPAGATI (JobID: cfe243d1-3187-4128-b07d-1271e876c17d)
 - New and modified: 0

[18/May/2023:14:10:43] DELETING PREPAGATI (JobID: cfe243d1-3187-4128-b07d-1271e876c17d)
 - Deleted: 0

[18/May/2023:14:20:05] UPDATING ACCOUNTS (JobID: 59000a67-e28d-4280-a54a-bb5b69d583f3)
 - New and modified: 0

[18/May/2023:14:20:05] DELETING ACCOUNTS (JobID: 59000a67-e28d-4280-a54a-bb5b69d583f3)
 - Deleted: 0

[18/May/2023:14:20:42] UPDATING PRODUCTS (JobID: daa964ad-2263-444f-8c3a-34cd0f6315b5)
 - New and modified: 0

[18/May/2023:14:20:44] UPDATING PREPAGATI (JobID: 84d9b065-9fdf-4fdd-8729-aeaf1615f75c)
 - New and modified: 0

[18/May/2023:14:20:44] DELETING PREPAGATI (JobID: 84d9b065-9fdf-4fdd-8729-aeaf1615f75c)
 - Deleted: 0

[18/May/2023:14:30:05] UPDATING ACCOUNTS (JobID: 83b3b5d1-d104-46d7-b985-21ab822b3175)
 - New and modified: 0

[18/May/2023:14:30:05] DELETING ACCOUNTS (JobID: 83b3b5d1-d104-46d7-b985-21ab822b3175)
 - Deleted: 0

[18/May/2023:14:30:41] UPDATING PRODUCTS (JobID: 91dd71ff-2c01-4a7a-a6e3-a21e04afdc18)
 - New and modified: 0

[18/May/2023:14:30:42] UPDATING PREPAGATI (JobID: d4afabb2-bf31-4119-9c29-ce9abf98bbfb)
 - New and modified: 0

[18/May/2023:14:30:42] DELETING PREPAGATI (JobID: d4afabb2-bf31-4119-9c29-ce9abf98bbfb)
 - Deleted: 0

[18/May/2023:14:40:05] UPDATING ACCOUNTS (JobID: e3a7682b-45e1-41c9-8cab-15f52eaecbfe)
 - New and modified: 0

[18/May/2023:14:40:05] DELETING ACCOUNTS (JobID: e3a7682b-45e1-41c9-8cab-15f52eaecbfe)
 - Deleted: 0

[18/May/2023:14:40:40] UPDATING PRODUCTS (JobID: 30d82ba2-8208-4495-87e9-e38832ab0180)
 - New and modified: 0

[18/May/2023:14:40:42] UPDATING PREPAGATI (JobID: 9c2c7e92-e7fc-4899-8844-267b0d88aaa8)
 - New and modified: 0

[18/May/2023:14:40:42] DELETING PREPAGATI (JobID: 9c2c7e92-e7fc-4899-8844-267b0d88aaa8)
 - Deleted: 0

[18/May/2023:14:50:04] UPDATING ACCOUNTS (JobID: de117e27-10cf-421c-b63b-1f37330f607b)
 - New and modified: 0

[18/May/2023:14:50:04] DELETING ACCOUNTS (JobID: de117e27-10cf-421c-b63b-1f37330f607b)
 - Deleted: 0

[18/May/2023:14:50:38] UPDATING PRODUCTS (JobID: a1f20aaf-e31a-4e0a-bcf4-43105ea6f752)
 - New and modified: 0

[18/May/2023:14:50:40] UPDATING PREPAGATI (JobID: af74a166-7f7c-4e96-9b8e-22e40a4b267d)
 - New and modified: 0

[18/May/2023:14:50:40] DELETING PREPAGATI (JobID: af74a166-7f7c-4e96-9b8e-22e40a4b267d)
 - Deleted: 0

[18/May/2023:15:00:05] UPDATING ACCOUNTS (JobID: d54ad6bb-1927-4be2-9e62-793366e480ce)
 - New and modified: 0

[18/May/2023:15:00:05] DELETING ACCOUNTS (JobID: d54ad6bb-1927-4be2-9e62-793366e480ce)
 - Deleted: 0

[18/May/2023:15:00:42] UPDATING PRODUCTS (JobID: 18b90e59-4aa1-465e-890f-98f31d19b968)
 - New and modified: 0

[18/May/2023:15:00:44] UPDATING PREPAGATI (JobID: 8d6ac158-ce68-4c56-9169-ac79cd0044ea)
 - New and modified: 0

[18/May/2023:15:00:44] DELETING PREPAGATI (JobID: 8d6ac158-ce68-4c56-9169-ac79cd0044ea)
 - Deleted: 0

[18/May/2023:15:10:04] UPDATING ACCOUNTS (JobID: 191b3aeb-5d52-404d-8dc0-f68424f21b2b)
 - New and modified: 0

[18/May/2023:15:10:04] DELETING ACCOUNTS (JobID: 191b3aeb-5d52-404d-8dc0-f68424f21b2b)
 - Deleted: 0

[18/May/2023:15:10:40] UPDATING PRODUCTS (JobID: 26cf06e3-ef06-44dd-94e4-68f9c0c5254d)
 - New and modified: 0

[18/May/2023:15:10:42] UPDATING PREPAGATI (JobID: bdfd5b85-f101-4bcb-8e5c-ea1b3b464ff7)
 - New and modified: 0

[18/May/2023:15:10:42] DELETING PREPAGATI (JobID: bdfd5b85-f101-4bcb-8e5c-ea1b3b464ff7)
 - Deleted: 0

[18/May/2023:15:20:05] UPDATING ACCOUNTS (JobID: 959efd3b-3dd4-4d43-a8eb-c8d8a7a1aa31)
 - New and modified: 0

[18/May/2023:15:20:05] DELETING ACCOUNTS (JobID: 959efd3b-3dd4-4d43-a8eb-c8d8a7a1aa31)
 - Deleted: 0

[18/May/2023:15:20:41] UPDATING PRODUCTS (JobID: b0c49764-81f8-4ca4-90e6-3da0f2363e5f)
 - New and modified: 0

[18/May/2023:15:20:43] UPDATING PREPAGATI (JobID: c7e4d041-e7bb-48da-a859-349b6a5c36a8)
 - New and modified: 0

[18/May/2023:15:20:43] DELETING PREPAGATI (JobID: c7e4d041-e7bb-48da-a859-349b6a5c36a8)
 - Deleted: 0

[18/May/2023:15:30:04] UPDATING ACCOUNTS (JobID: d572a750-dc9e-447d-bf5b-4adb306d99d0)
 - New and modified: 0

[18/May/2023:15:30:04] DELETING ACCOUNTS (JobID: d572a750-dc9e-447d-bf5b-4adb306d99d0)
 - Deleted: 0

[18/May/2023:15:30:38] UPDATING PRODUCTS (JobID: 9314cc44-003b-4d3f-9229-34c842acda00)
 - New and modified: 0

[18/May/2023:15:30:40] UPDATING PREPAGATI (JobID: e4237806-06c5-4fe7-aa84-a389c6a4d985)
 - New and modified: 0

[18/May/2023:15:30:40] DELETING PREPAGATI (JobID: e4237806-06c5-4fe7-aa84-a389c6a4d985)
 - Deleted: 0

[18/May/2023:15:40:04] UPDATING ACCOUNTS (JobID: 59aefe5a-2bb1-4271-afc0-7f74ce89d29e)
 - New and modified: 0

[18/May/2023:15:40:04] DELETING ACCOUNTS (JobID: 59aefe5a-2bb1-4271-afc0-7f74ce89d29e)
 - Deleted: 0

[18/May/2023:15:40:39] UPDATING PRODUCTS (JobID: e9749bfc-0e7e-4868-b1b4-16fd041d8091)
 - New and modified: 0

[18/May/2023:15:40:41] UPDATING PREPAGATI (JobID: 5adf0b8b-4a2d-4b49-95e2-a26bdd2ac7e2)
 - New and modified: 0

[18/May/2023:15:40:41] DELETING PREPAGATI (JobID: 5adf0b8b-4a2d-4b49-95e2-a26bdd2ac7e2)
 - Deleted: 0

[18/May/2023:15:50:04] UPDATING ACCOUNTS (JobID: b943383d-66ea-45a2-9f42-9cc8b8d8e67e)
 - New and modified: 0

[18/May/2023:15:50:04] DELETING ACCOUNTS (JobID: b943383d-66ea-45a2-9f42-9cc8b8d8e67e)
 - Deleted: 0

[18/May/2023:15:50:38] UPDATING PRODUCTS (JobID: d3e84507-7c99-443e-b8de-3fccd2ca34a1)
 - New and modified: 0

[18/May/2023:15:50:40] UPDATING PREPAGATI (JobID: 487d622e-99f3-4d48-8d46-5b10fab13bb7)
 - New and modified: 0

[18/May/2023:15:50:40] DELETING PREPAGATI (JobID: 487d622e-99f3-4d48-8d46-5b10fab13bb7)
 - Deleted: 0

[18/May/2023:16:00:04] UPDATING ACCOUNTS (JobID: 32cc136d-b2fd-4edd-96d1-e5a45a868247)
 - New and modified: 0

[18/May/2023:16:00:04] DELETING ACCOUNTS (JobID: 32cc136d-b2fd-4edd-96d1-e5a45a868247)
 - Deleted: 0

[18/May/2023:16:00:43] UPDATING PRODUCTS (JobID: 6fbb8ebf-7cd1-4820-a7d2-07cce5d88f3e)
 - New and modified: 0

[18/May/2023:16:00:45] UPDATING PREPAGATI (JobID: b3771316-e988-4746-88b0-b070885790e7)
 - New and modified: 0

[18/May/2023:16:00:45] DELETING PREPAGATI (JobID: b3771316-e988-4746-88b0-b070885790e7)
 - Deleted: 0

[18/May/2023:16:10:04] UPDATING ACCOUNTS (JobID: c2d2872e-5fbd-4c57-a329-9ecaa0e0afb2)
 - New and modified: 0

[18/May/2023:16:10:04] DELETING ACCOUNTS (JobID: c2d2872e-5fbd-4c57-a329-9ecaa0e0afb2)
 - Deleted: 0

[18/May/2023:16:10:42] UPDATING PRODUCTS (JobID: e41f2c50-bc47-407b-bf4f-50798663ef00)
 - New and modified: 0

[18/May/2023:16:10:44] UPDATING PREPAGATI (JobID: e9490929-efd9-43ba-b27c-52c75d9fb8b5)
 - New and modified: 0

[18/May/2023:16:10:44] DELETING PREPAGATI (JobID: e9490929-efd9-43ba-b27c-52c75d9fb8b5)
 - Deleted: 0

[18/May/2023:16:20:04] UPDATING ACCOUNTS (JobID: df7e0448-5ac5-4ead-bcb3-64965e4fb3cf)
 - New and modified: 0

[18/May/2023:16:20:04] DELETING ACCOUNTS (JobID: df7e0448-5ac5-4ead-bcb3-64965e4fb3cf)
 - Deleted: 0

[18/May/2023:16:20:42] UPDATING PRODUCTS (JobID: a847cb6d-338c-4ac6-9c7a-3e62af2fe984)
 - New and modified: 0

[18/May/2023:16:20:44] UPDATING PREPAGATI (JobID: 86bed17f-4cc3-447b-87fe-cce01523b873)
 - New and modified: 0

[18/May/2023:16:20:44] DELETING PREPAGATI (JobID: 86bed17f-4cc3-447b-87fe-cce01523b873)
 - Deleted: 0

[18/May/2023:16:30:04] UPDATING ACCOUNTS (JobID: d2a3f3d8-679a-4e1f-945b-9591035bb213)
 - New and modified: 0

[18/May/2023:16:30:04] DELETING ACCOUNTS (JobID: d2a3f3d8-679a-4e1f-945b-9591035bb213)
 - Deleted: 0

[18/May/2023:16:30:38] UPDATING PRODUCTS (JobID: ed0ac233-3abf-430e-bbb1-036853461a19)
 - New and modified: 0

[18/May/2023:16:30:40] UPDATING PREPAGATI (JobID: 2388d4fe-1ea9-4533-8034-fcfcee9b543e)
 - New and modified: 0

[18/May/2023:16:30:40] DELETING PREPAGATI (JobID: 2388d4fe-1ea9-4533-8034-fcfcee9b543e)
 - Deleted: 0

[18/May/2023:16:40:04] UPDATING ACCOUNTS (JobID: 2af12096-9fd2-4d0b-8a51-c1f3b7749d38)
 - New and modified: 0

[18/May/2023:16:40:04] DELETING ACCOUNTS (JobID: 2af12096-9fd2-4d0b-8a51-c1f3b7749d38)
 - Deleted: 0

[18/May/2023:16:40:38] UPDATING PRODUCTS (JobID: a9eed47a-8382-4ca3-81f1-693808fbd559)
 - New and modified: 0

[18/May/2023:16:40:40] UPDATING PREPAGATI (JobID: 10bbf906-d32f-4ab2-8f6e-7eaa81db9123)
 - New and modified: 0

[18/May/2023:16:40:40] DELETING PREPAGATI (JobID: 10bbf906-d32f-4ab2-8f6e-7eaa81db9123)
 - Deleted: 0

[18/May/2023:16:50:05] UPDATING ACCOUNTS (JobID: 2e108b53-5ee8-468d-a8b7-7a5ec081f547)
 - New and modified: 0

[18/May/2023:16:50:05] DELETING ACCOUNTS (JobID: 2e108b53-5ee8-468d-a8b7-7a5ec081f547)
 - Deleted: 0

[18/May/2023:16:50:40] UPDATING PRODUCTS (JobID: d34dcac7-3c80-40ba-9a1b-5c9287ae90e0)
 - New and modified: 0

[18/May/2023:16:50:42] UPDATING PREPAGATI (JobID: c8a7c39b-6e3e-4f67-bcc7-d83961ea4026)
 - New and modified: 0

[18/May/2023:16:50:42] DELETING PREPAGATI (JobID: c8a7c39b-6e3e-4f67-bcc7-d83961ea4026)
 - Deleted: 0

[18/May/2023:17:00:05] UPDATING ACCOUNTS (JobID: 35d04fca-cd00-42a4-bdb8-12db8181f348)
 - New and modified: 0

[18/May/2023:17:00:05] DELETING ACCOUNTS (JobID: 35d04fca-cd00-42a4-bdb8-12db8181f348)
 - Deleted: 0

[18/May/2023:17:00:41] UPDATING PRODUCTS (JobID: dc4053cb-98e3-4414-ac64-5f7a9c11400b)
 - New and modified: 0

[18/May/2023:17:00:43] UPDATING PREPAGATI (JobID: 0a22bae1-bae1-42ae-ab67-8c71b65204b1)
 - New and modified: 0

[18/May/2023:17:00:43] DELETING PREPAGATI (JobID: 0a22bae1-bae1-42ae-ab67-8c71b65204b1)
 - Deleted: 0

[18/May/2023:17:10:04] UPDATING ACCOUNTS (JobID: 46710c69-c1be-4b0f-be3c-f4a79607958d)
 - New and modified: 0

[18/May/2023:17:10:04] DELETING ACCOUNTS (JobID: 46710c69-c1be-4b0f-be3c-f4a79607958d)
 - Deleted: 0

[18/May/2023:17:10:40] UPDATING PRODUCTS (JobID: 53bd4c69-586a-4833-800e-02374d652a71)
 - New and modified: 0

[18/May/2023:17:10:42] UPDATING PREPAGATI (JobID: 4f868058-703c-4e32-b1ca-ca6acaa441f6)
 - New and modified: 0

[18/May/2023:17:10:42] DELETING PREPAGATI (JobID: 4f868058-703c-4e32-b1ca-ca6acaa441f6)
 - Deleted: 0

[18/May/2023:17:20:04] UPDATING ACCOUNTS (JobID: 741223c7-a9e2-4408-9274-356deb3511d1)
 - New and modified: 0

[18/May/2023:17:20:04] DELETING ACCOUNTS (JobID: 741223c7-a9e2-4408-9274-356deb3511d1)
 - Deleted: 0

[18/May/2023:17:20:40] UPDATING PRODUCTS (JobID: 4f6e296e-3b09-44b9-a829-1fcd6e313334)
 - New and modified: 0

[18/May/2023:17:20:42] UPDATING PREPAGATI (JobID: 054438dd-35f5-4897-9b72-be3c9160f32c)
 - New and modified: 0

[18/May/2023:17:20:42] DELETING PREPAGATI (JobID: 054438dd-35f5-4897-9b72-be3c9160f32c)
 - Deleted: 0

[18/May/2023:17:30:05] UPDATING ACCOUNTS (JobID: cc400c0e-f177-46f8-9b2d-5518aadcd237)
 - New and modified: 0

[18/May/2023:17:30:05] DELETING ACCOUNTS (JobID: cc400c0e-f177-46f8-9b2d-5518aadcd237)
 - Deleted: 0

[18/May/2023:17:30:39] UPDATING PRODUCTS (JobID: c2b84b2d-3975-43b3-bcad-937007964a3d)
 - New and modified: 0

[18/May/2023:17:30:41] UPDATING PREPAGATI (JobID: 37e6a480-2017-4d01-8633-cfe7cf68ee45)
 - New and modified: 0

[18/May/2023:17:30:41] DELETING PREPAGATI (JobID: 37e6a480-2017-4d01-8633-cfe7cf68ee45)
 - Deleted: 0

[18/May/2023:17:40:05] UPDATING ACCOUNTS (JobID: 75849d4f-1f11-41cf-b5f7-8c7cd24f9ef3)
 - New and modified: 0

[18/May/2023:17:40:05] DELETING ACCOUNTS (JobID: 75849d4f-1f11-41cf-b5f7-8c7cd24f9ef3)
 - Deleted: 0

[18/May/2023:17:40:39] UPDATING PRODUCTS (JobID: 4087c863-57c2-4b3d-8065-a05f602931f3)
 - New and modified: 0

[18/May/2023:17:40:40] UPDATING PREPAGATI (JobID: ca6fc6ea-cf48-4433-875d-31638720add6)
 - New and modified: 0

[18/May/2023:17:40:40] DELETING PREPAGATI (JobID: ca6fc6ea-cf48-4433-875d-31638720add6)
 - Deleted: 0

[18/May/2023:17:50:04] UPDATING ACCOUNTS (JobID: 9527a409-4024-4c33-ae9c-50f1a4880c41)
 - New and modified: 0

[18/May/2023:17:50:04] DELETING ACCOUNTS (JobID: 9527a409-4024-4c33-ae9c-50f1a4880c41)
 - Deleted: 0

[18/May/2023:17:50:38] UPDATING PRODUCTS (JobID: 11368edf-7f82-43de-9b81-d3c677bc8c3d)
 - New and modified: 0

[18/May/2023:17:50:39] UPDATING PREPAGATI (JobID: 7a36e6b5-714b-47a0-b614-af55ac365f3e)
 - New and modified: 0

[18/May/2023:17:50:39] DELETING PREPAGATI (JobID: 7a36e6b5-714b-47a0-b614-af55ac365f3e)
 - Deleted: 0

[18/May/2023:18:00:07] UPDATING ACCOUNTS (JobID: cd90e4a4-419a-41c8-b072-e856b13b4f7f)
 - New and modified: 0

[18/May/2023:18:00:07] DELETING ACCOUNTS (JobID: cd90e4a4-419a-41c8-b072-e856b13b4f7f)
 - Deleted: 0

[18/May/2023:18:00:48] UPDATING PRODUCTS (JobID: 9717f211-cab9-44ed-a0e6-7eb6172e0826)
 - New and modified: 0

[18/May/2023:18:00:50] UPDATING PREPAGATI (JobID: 38564e85-fef9-45c5-95a1-2f2c5952c80a)
 - New and modified: 0

[18/May/2023:18:00:50] DELETING PREPAGATI (JobID: 38564e85-fef9-45c5-95a1-2f2c5952c80a)
 - Deleted: 0

[18/May/2023:18:10:04] UPDATING ACCOUNTS (JobID: 67eeb025-9d10-4ad9-a07b-d585171ccd07)
 - New and modified: 0

[18/May/2023:18:10:04] DELETING ACCOUNTS (JobID: 67eeb025-9d10-4ad9-a07b-d585171ccd07)
 - Deleted: 0

[18/May/2023:18:10:38] UPDATING PRODUCTS (JobID: b1fd1a86-7583-45b2-931b-c338b95e7f76)
 - New and modified: 0

[18/May/2023:18:10:40] UPDATING PREPAGATI (JobID: f6530d13-a586-4bbe-b409-e000bbeb6324)
 - New and modified: 0

[18/May/2023:18:10:40] DELETING PREPAGATI (JobID: f6530d13-a586-4bbe-b409-e000bbeb6324)
 - Deleted: 0

[18/May/2023:18:20:04] UPDATING ACCOUNTS (JobID: 9db04486-eefa-4337-80c2-e02b90c0edb1)
 - New and modified: 0

[18/May/2023:18:20:04] DELETING ACCOUNTS (JobID: 9db04486-eefa-4337-80c2-e02b90c0edb1)
 - Deleted: 0

[18/May/2023:18:20:39] UPDATING PRODUCTS (JobID: 64469a01-fbc6-45fd-a9b2-2973c377a24a)
 - New and modified: 0

[18/May/2023:18:20:42] UPDATING PREPAGATI (JobID: a8fa916c-96f7-4378-80ab-14a331a8235b)
 - New and modified: 0

[18/May/2023:18:20:42] DELETING PREPAGATI (JobID: a8fa916c-96f7-4378-80ab-14a331a8235b)
 - Deleted: 0

[18/May/2023:18:30:06] UPDATING ACCOUNTS (JobID: 5f78a1ed-359e-4ffb-8703-af2500e00803)
 - New and modified: 0

[18/May/2023:18:30:06] DELETING ACCOUNTS (JobID: 5f78a1ed-359e-4ffb-8703-af2500e00803)
 - Deleted: 0

[18/May/2023:18:30:49] UPDATING PRODUCTS (JobID: cfa2cbc5-8913-4f72-b170-4d9ebd03bc2b)
 - New and modified: 0

[18/May/2023:18:30:50] UPDATING PREPAGATI (JobID: 1993b49b-2f06-446f-8fb9-9e634ab73465)
 - New and modified: 0

[18/May/2023:18:30:50] DELETING PREPAGATI (JobID: 1993b49b-2f06-446f-8fb9-9e634ab73465)
 - Deleted: 0

[18/May/2023:18:40:04] UPDATING ACCOUNTS (JobID: 900198bc-34bd-487c-8e66-b18aa0cb64b1)
 - New and modified: 0

[18/May/2023:18:40:04] DELETING ACCOUNTS (JobID: 900198bc-34bd-487c-8e66-b18aa0cb64b1)
 - Deleted: 0

[18/May/2023:18:40:37] UPDATING PRODUCTS (JobID: 673b980a-06eb-4b89-960f-0b81173c7f96)
 - New and modified: 0

[18/May/2023:18:40:39] UPDATING PREPAGATI (JobID: 08c6c18c-b1f6-4c2a-9792-cfe142fa1f9f)
 - New and modified: 0

[18/May/2023:18:40:39] DELETING PREPAGATI (JobID: 08c6c18c-b1f6-4c2a-9792-cfe142fa1f9f)
 - Deleted: 0

[18/May/2023:18:50:04] UPDATING ACCOUNTS (JobID: e35e4d22-ab7a-4d2d-b39c-f1eb8f7434dc)
 - New and modified: 0

[18/May/2023:18:50:04] DELETING ACCOUNTS (JobID: e35e4d22-ab7a-4d2d-b39c-f1eb8f7434dc)
 - Deleted: 0

[18/May/2023:18:50:40] UPDATING PRODUCTS (JobID: 45eeeb6e-0b4b-4c40-a984-c05f0a81cdb8)
 - New and modified: 0

[18/May/2023:18:50:43] UPDATING PREPAGATI (JobID: 32660a59-6484-484f-93ed-5c7cf658cd78)
 - New and modified: 0

[18/May/2023:18:50:43] DELETING PREPAGATI (JobID: 32660a59-6484-484f-93ed-5c7cf658cd78)
 - Deleted: 0

[18/May/2023:19:00:17] UPDATING ACCOUNTS (JobID: 30d13522-6d72-435c-886d-0f2fe9574710)
 - New and modified: 0

[18/May/2023:19:00:17] DELETING ACCOUNTS (JobID: 30d13522-6d72-435c-886d-0f2fe9574710)
 - Deleted: 0

[18/May/2023:19:00:50] UPDATING PRODUCTS (JobID: 75cf0232-c39b-415e-bab9-84dccd1c80b2)
 - New and modified: 0

[18/May/2023:19:00:51] UPDATING PREPAGATI (JobID: 0a93a2d2-2464-4545-9f82-545dc152a18f)
 - New and modified: 0

[18/May/2023:19:00:51] DELETING PREPAGATI (JobID: 0a93a2d2-2464-4545-9f82-545dc152a18f)
 - Deleted: 0

[18/May/2023:19:10:04] UPDATING ACCOUNTS (JobID: 2397d324-2381-4aab-adc5-98a8707a47f9)
 - New and modified: 0

[18/May/2023:19:10:04] DELETING ACCOUNTS (JobID: 2397d324-2381-4aab-adc5-98a8707a47f9)
 - Deleted: 0

[18/May/2023:19:10:38] UPDATING PRODUCTS (JobID: 064d2c86-aed3-4ea5-9317-e5de7c654644)
 - New and modified: 0

[18/May/2023:19:10:40] UPDATING PREPAGATI (JobID: 0c1c6f17-311b-4c4f-9365-fd7e751053f0)
 - New and modified: 0

[18/May/2023:19:10:40] DELETING PREPAGATI (JobID: 0c1c6f17-311b-4c4f-9365-fd7e751053f0)
 - Deleted: 0

[18/May/2023:19:20:04] UPDATING ACCOUNTS (JobID: 86c52e64-6fb5-4202-8cc2-3bd949bfe0db)
 - New and modified: 0

[18/May/2023:19:20:04] DELETING ACCOUNTS (JobID: 86c52e64-6fb5-4202-8cc2-3bd949bfe0db)
 - Deleted: 0

[18/May/2023:19:20:39] UPDATING PRODUCTS (JobID: 0ace22dd-5532-45b7-a850-e84feb31b977)
 - New and modified: 0

[18/May/2023:19:20:41] UPDATING PREPAGATI (JobID: c8ecdf50-2a7b-49e4-86b5-94ad853d1bf3)
 - New and modified: 0

[18/May/2023:19:20:41] DELETING PREPAGATI (JobID: c8ecdf50-2a7b-49e4-86b5-94ad853d1bf3)
 - Deleted: 0

[18/May/2023:19:30:04] UPDATING ACCOUNTS (JobID: 93326aca-0c3c-4693-ba70-bed54fe3677f)
 - New and modified: 0

[18/May/2023:19:30:04] DELETING ACCOUNTS (JobID: 93326aca-0c3c-4693-ba70-bed54fe3677f)
 - Deleted: 0

[18/May/2023:19:30:38] UPDATING PRODUCTS (JobID: 87c277ae-c1cb-469a-b925-cc9aad176407)
 - New and modified: 0

[18/May/2023:19:30:40] UPDATING PREPAGATI (JobID: d70761ec-13c0-4dde-867d-dc1d40337c7c)
 - New and modified: 0

[18/May/2023:19:30:40] DELETING PREPAGATI (JobID: d70761ec-13c0-4dde-867d-dc1d40337c7c)
 - Deleted: 0

[18/May/2023:19:40:04] UPDATING ACCOUNTS (JobID: e51808c3-3e41-42b4-8d77-d5ed01a31761)
 - New and modified: 0

[18/May/2023:19:40:04] DELETING ACCOUNTS (JobID: e51808c3-3e41-42b4-8d77-d5ed01a31761)
 - Deleted: 0

[18/May/2023:19:40:37] UPDATING PRODUCTS (JobID: 69063f09-9b4e-47d7-b855-13b341496026)
 - New and modified: 0

[18/May/2023:19:40:38] UPDATING PREPAGATI (JobID: bcbf5748-5945-4953-9d04-9b30d24509b6)
 - New and modified: 0

[18/May/2023:19:40:38] DELETING PREPAGATI (JobID: bcbf5748-5945-4953-9d04-9b30d24509b6)
 - Deleted: 0

[18/May/2023:20:00:04] UPDATING ACCOUNTS (JobID: 6c1ecab7-f542-42c7-ac49-bf5eccd8712e)
 - New and modified: 0

[18/May/2023:20:00:04] DELETING ACCOUNTS (JobID: 6c1ecab7-f542-42c7-ac49-bf5eccd8712e)
 - Deleted: 0

[18/May/2023:20:00:38] UPDATING PRODUCTS (JobID: d7301786-5196-4c8e-a7a3-b5625eb5c592)
 - New and modified: 0

[18/May/2023:20:00:40] UPDATING PREPAGATI (JobID: 7f8f71b8-fe83-4ccc-8db2-abd552a17b95)
 - New and modified: 0

[18/May/2023:20:00:40] DELETING PREPAGATI (JobID: 7f8f71b8-fe83-4ccc-8db2-abd552a17b95)
 - Deleted: 0

[18/May/2023:20:10:04] UPDATING ACCOUNTS (JobID: 16f5f36a-fdc2-4bea-a577-ec711acb44b3)
 - New and modified: 0

[18/May/2023:20:10:04] DELETING ACCOUNTS (JobID: 16f5f36a-fdc2-4bea-a577-ec711acb44b3)
 - Deleted: 0

[18/May/2023:20:10:37] UPDATING PRODUCTS (JobID: e0af0cec-2d97-4dd1-9f73-079b28a66393)
 - New and modified: 0

[18/May/2023:20:10:39] UPDATING PREPAGATI (JobID: 2a7c375e-bc29-4f62-98d5-9ac86d77e272)
 - New and modified: 0

[18/May/2023:20:10:39] DELETING PREPAGATI (JobID: 2a7c375e-bc29-4f62-98d5-9ac86d77e272)
 - Deleted: 0

[18/May/2023:20:20:04] UPDATING ACCOUNTS (JobID: 2d750045-9741-4add-8966-a6bf56d07b1c)
 - New and modified: 0

[18/May/2023:20:20:04] DELETING ACCOUNTS (JobID: 2d750045-9741-4add-8966-a6bf56d07b1c)
 - Deleted: 0

[18/May/2023:20:20:37] UPDATING PRODUCTS (JobID: 2f75166f-dfb1-4e7f-b5ad-b54d94e3073b)
 - New and modified: 0

[18/May/2023:20:20:39] UPDATING PREPAGATI (JobID: 8324a3fd-72db-48f6-b07f-c086ce0e7280)
 - New and modified: 0

[18/May/2023:20:20:39] DELETING PREPAGATI (JobID: 8324a3fd-72db-48f6-b07f-c086ce0e7280)
 - Deleted: 0

[18/May/2023:20:30:04] UPDATING ACCOUNTS (JobID: 7dd8d2c1-6feb-4352-ba3a-400ba8c149b7)
 - New and modified: 0

[18/May/2023:20:30:04] DELETING ACCOUNTS (JobID: 7dd8d2c1-6feb-4352-ba3a-400ba8c149b7)
 - Deleted: 0

[18/May/2023:20:30:37] UPDATING PRODUCTS (JobID: d824cd03-44b9-4c0a-98d4-e5bb3cb1b7b6)
 - New and modified: 0

[18/May/2023:20:30:39] UPDATING PREPAGATI (JobID: 442fe4e8-6b30-4407-840e-c16150e00f5d)
 - New and modified: 0

[18/May/2023:20:30:39] DELETING PREPAGATI (JobID: 442fe4e8-6b30-4407-840e-c16150e00f5d)
 - Deleted: 0

[18/May/2023:20:40:04] UPDATING ACCOUNTS (JobID: 91e8b426-c075-407e-8c6a-6cd74424d1ab)
 - New and modified: 0

[18/May/2023:20:40:04] DELETING ACCOUNTS (JobID: 91e8b426-c075-407e-8c6a-6cd74424d1ab)
 - Deleted: 0

[18/May/2023:20:40:37] UPDATING PRODUCTS (JobID: b17d564f-b1fb-42c7-9eb2-2c59d263fcce)
 - New and modified: 0

[18/May/2023:20:40:39] UPDATING PREPAGATI (JobID: a828613d-596d-466c-83b0-3a55ba824159)
 - New and modified: 0

[18/May/2023:20:40:39] DELETING PREPAGATI (JobID: a828613d-596d-466c-83b0-3a55ba824159)
 - Deleted: 0

[18/May/2023:20:50:04] UPDATING ACCOUNTS (JobID: 800f93af-f361-4f3f-8cc7-ded7a1328e1d)
 - New and modified: 0

[18/May/2023:20:50:04] DELETING ACCOUNTS (JobID: 800f93af-f361-4f3f-8cc7-ded7a1328e1d)
 - Deleted: 0

[18/May/2023:20:50:38] UPDATING PRODUCTS (JobID: 1d45d2c3-a6c9-45b6-ab17-84b1ecfede8f)
 - New and modified: 0

[18/May/2023:20:50:39] UPDATING PREPAGATI (JobID: debad057-4828-4f51-aad0-223d31727f31)
 - New and modified: 0

[18/May/2023:20:50:39] DELETING PREPAGATI (JobID: debad057-4828-4f51-aad0-223d31727f31)
 - Deleted: 0

[18/May/2023:21:00:04] UPDATING ACCOUNTS (JobID: a145e21d-3f3a-494c-9480-8626aad0180d)
 - New and modified: 0

[18/May/2023:21:00:04] DELETING ACCOUNTS (JobID: a145e21d-3f3a-494c-9480-8626aad0180d)
 - Deleted: 0

[18/May/2023:21:00:34] UPDATING PRODUCTS (JobID: 1189f584-4302-439a-ab96-f1cda891d57b)
 - New and modified: 0

[18/May/2023:21:00:36] UPDATING PREPAGATI (JobID: 0f744349-63bb-4830-ade1-780d7b449baf)
 - New and modified: 0

[18/May/2023:21:00:36] DELETING PREPAGATI (JobID: 0f744349-63bb-4830-ade1-780d7b449baf)
 - Deleted: 0

[18/May/2023:21:10:04] UPDATING ACCOUNTS (JobID: b8f85392-4894-420f-ac75-bbb2daf35a2b)
 - New and modified: 0

[18/May/2023:21:10:04] DELETING ACCOUNTS (JobID: b8f85392-4894-420f-ac75-bbb2daf35a2b)
 - Deleted: 0

[18/May/2023:21:10:37] UPDATING PRODUCTS (JobID: 2db1fb44-6380-4638-8b08-0b9696f52534)
 - New and modified: 0

[18/May/2023:21:10:38] UPDATING PREPAGATI (JobID: 0f8f9450-1c60-49c4-b3dd-e6f291635fc6)
 - New and modified: 0

[18/May/2023:21:10:38] DELETING PREPAGATI (JobID: 0f8f9450-1c60-49c4-b3dd-e6f291635fc6)
 - Deleted: 0

[18/May/2023:21:20:04] UPDATING ACCOUNTS (JobID: 68e060db-bbed-4617-aca2-122f99b65d94)
 - New and modified: 0

[18/May/2023:21:20:04] DELETING ACCOUNTS (JobID: 68e060db-bbed-4617-aca2-122f99b65d94)
 - Deleted: 0

[18/May/2023:21:20:37] UPDATING PRODUCTS (JobID: 685c01a6-653d-4841-9a5e-a727fc1f4422)
 - New and modified: 0

[18/May/2023:21:20:39] UPDATING PREPAGATI (JobID: edcea557-b140-49ff-92cb-4c60af2eda94)
 - New and modified: 0

[18/May/2023:21:20:39] DELETING PREPAGATI (JobID: edcea557-b140-49ff-92cb-4c60af2eda94)
 - Deleted: 0

[18/May/2023:21:30:05] UPDATING ACCOUNTS (JobID: ab59ac2a-96ac-4fdc-8680-2b8a4a750289)
 - New and modified: 0

[18/May/2023:21:30:05] DELETING ACCOUNTS (JobID: ab59ac2a-96ac-4fdc-8680-2b8a4a750289)
 - Deleted: 0

[18/May/2023:21:30:38] UPDATING PRODUCTS (JobID: dc978c29-a79e-44c5-8ce2-40c1b87785ed)
 - New and modified: 0

[18/May/2023:21:30:39] UPDATING PREPAGATI (JobID: 9109ba34-d5c5-438f-a9cd-ec077c06889c)
 - New and modified: 0

[18/May/2023:21:30:39] DELETING PREPAGATI (JobID: 9109ba34-d5c5-438f-a9cd-ec077c06889c)
 - Deleted: 0

[18/May/2023:21:40:03] UPDATING ACCOUNTS (JobID: fdcadb38-d834-44a3-bb44-451c304102ce)
 - New and modified: 0

[18/May/2023:21:40:03] DELETING ACCOUNTS (JobID: fdcadb38-d834-44a3-bb44-451c304102ce)
 - Deleted: 0

[18/May/2023:21:40:35] UPDATING PRODUCTS (JobID: 1d075d75-7df6-48de-8e18-9102268ec7ad)
 - New and modified: 0

[18/May/2023:21:40:37] UPDATING PREPAGATI (JobID: 8ed21448-5c34-4cca-94ad-80d6e461d982)
 - New and modified: 0

[18/May/2023:21:40:37] DELETING PREPAGATI (JobID: 8ed21448-5c34-4cca-94ad-80d6e461d982)
 - Deleted: 0

[18/May/2023:21:50:05] UPDATING ACCOUNTS (JobID: 39fce1d9-abd9-42de-897e-15581c96b799)
 - New and modified: 0

[18/May/2023:21:50:05] DELETING ACCOUNTS (JobID: 39fce1d9-abd9-42de-897e-15581c96b799)
 - Deleted: 0

[18/May/2023:21:50:37] UPDATING PRODUCTS (JobID: 5b238b7d-54f3-43b8-9132-d3d77e056726)
 - New and modified: 0

[18/May/2023:21:50:39] UPDATING PREPAGATI (JobID: aa477110-a6ea-4d27-a6f0-0c1e3c828825)
 - New and modified: 0

[18/May/2023:21:50:39] DELETING PREPAGATI (JobID: aa477110-a6ea-4d27-a6f0-0c1e3c828825)
 - Deleted: 0

[18/May/2023:22:00:04] UPDATING ACCOUNTS (JobID: 0905b169-0b7d-474e-b2d2-1d1177fd86ca)
 - New and modified: 0

[18/May/2023:22:00:04] DELETING ACCOUNTS (JobID: 0905b169-0b7d-474e-b2d2-1d1177fd86ca)
 - Deleted: 0

[18/May/2023:22:00:38] UPDATING PRODUCTS (JobID: 214b2b4d-5e37-4650-8d2c-35a2101fac19)
 - New and modified: 0

[18/May/2023:22:00:40] UPDATING PREPAGATI (JobID: 812c4c03-495d-427e-9fa0-aec826d2001d)
 - New and modified: 0

[18/May/2023:22:00:40] DELETING PREPAGATI (JobID: 812c4c03-495d-427e-9fa0-aec826d2001d)
 - Deleted: 0

[18/May/2023:22:10:05] UPDATING ACCOUNTS (JobID: c8cc0995-4af0-4429-827b-425a007dc198)
 - New and modified: 0

[18/May/2023:22:10:05] DELETING ACCOUNTS (JobID: c8cc0995-4af0-4429-827b-425a007dc198)
 - Deleted: 0

[18/May/2023:22:10:41] UPDATING PRODUCTS (JobID: 5a8a2a0d-44f7-46f9-9f89-6a5384dbe0bb)
 - New and modified: 0

[18/May/2023:22:10:44] UPDATING PREPAGATI (JobID: 8342b4d4-9521-4b54-8cd1-aa8409e9054a)
 - New and modified: 0

[18/May/2023:22:10:44] DELETING PREPAGATI (JobID: 8342b4d4-9521-4b54-8cd1-aa8409e9054a)
 - Deleted: 0

[18/May/2023:22:20:04] UPDATING ACCOUNTS (JobID: d20c7f83-ef72-4ae7-b24c-77719009c0a4)
 - New and modified: 0

[18/May/2023:22:20:04] DELETING ACCOUNTS (JobID: d20c7f83-ef72-4ae7-b24c-77719009c0a4)
 - Deleted: 0

[18/May/2023:22:20:40] UPDATING PRODUCTS (JobID: 33c6dcda-7d7c-4db5-b611-0b1135e4fd7e)
 - New and modified: 0

[18/May/2023:22:20:42] UPDATING PREPAGATI (JobID: a7313e49-4f77-4e98-bc1c-06dcb3030008)
 - New and modified: 0

[18/May/2023:22:20:42] DELETING PREPAGATI (JobID: a7313e49-4f77-4e98-bc1c-06dcb3030008)
 - Deleted: 0

[18/May/2023:22:30:09] UPDATING ACCOUNTS (JobID: 5bcc8fba-a7e4-4be5-ab0e-c5340f060602)
 - New and modified: 0

[18/May/2023:22:30:09] DELETING ACCOUNTS (JobID: 5bcc8fba-a7e4-4be5-ab0e-c5340f060602)
 - Deleted: 0

[18/May/2023:22:30:44] UPDATING PRODUCTS (JobID: ba935d79-b61f-4d4c-8214-1e968ab398c2)
 - New and modified: 0

[18/May/2023:22:30:47] UPDATING PREPAGATI (JobID: 30986ef0-e0f4-4292-8dcf-8438be393415)
 - New and modified: 0

[18/May/2023:22:30:47] DELETING PREPAGATI (JobID: 30986ef0-e0f4-4292-8dcf-8438be393415)
 - Deleted: 0

[18/May/2023:22:40:04] UPDATING ACCOUNTS (JobID: ab0e8ce5-4279-4d55-b9bc-18aec0bc1b49)
 - New and modified: 0

[18/May/2023:22:40:04] DELETING ACCOUNTS (JobID: ab0e8ce5-4279-4d55-b9bc-18aec0bc1b49)
 - Deleted: 0

[18/May/2023:22:40:39] UPDATING PRODUCTS (JobID: cec12835-8707-4082-be93-5af1ce097bda)
 - New and modified: 0

[18/May/2023:22:40:41] UPDATING PREPAGATI (JobID: d43ed232-4320-4aa3-bcfa-72e3f2e7e7c7)
 - New and modified: 0

[18/May/2023:22:40:41] DELETING PREPAGATI (JobID: d43ed232-4320-4aa3-bcfa-72e3f2e7e7c7)
 - Deleted: 0

[18/May/2023:22:50:04] UPDATING ACCOUNTS (JobID: 74848d77-f04d-4df5-bf4c-322aa790fad1)
 - New and modified: 0

[18/May/2023:22:50:04] DELETING ACCOUNTS (JobID: 74848d77-f04d-4df5-bf4c-322aa790fad1)
 - Deleted: 0

[18/May/2023:22:50:37] UPDATING PRODUCTS (JobID: 9ada98b0-29ec-463f-a6f8-9d822d79edf7)
 - New and modified: 0

[18/May/2023:22:50:39] UPDATING PREPAGATI (JobID: ff4f3670-d40b-4605-9cbd-8568ae8776d8)
 - New and modified: 0

[18/May/2023:22:50:39] DELETING PREPAGATI (JobID: ff4f3670-d40b-4605-9cbd-8568ae8776d8)
 - Deleted: 0

[18/May/2023:23:00:04] UPDATING ACCOUNTS (JobID: 296b9170-fe28-4f03-8ed3-4c180196123e)
 - New and modified: 0

[18/May/2023:23:00:04] DELETING ACCOUNTS (JobID: 296b9170-fe28-4f03-8ed3-4c180196123e)
 - Deleted: 0

[18/May/2023:23:00:37] UPDATING PRODUCTS (JobID: d0cac2cd-4de6-43a2-ae14-9cf3eee71187)
 - New and modified: 0

[18/May/2023:23:00:39] UPDATING PREPAGATI (JobID: 9240603d-a5f7-4635-84b8-e696cda03c68)
 - New and modified: 0

[18/May/2023:23:00:39] DELETING PREPAGATI (JobID: 9240603d-a5f7-4635-84b8-e696cda03c68)
 - Deleted: 0

[18/May/2023:23:10:04] UPDATING ACCOUNTS (JobID: ac9e8c1d-bcab-4253-a4a7-1c0c94d79001)
 - New and modified: 0

[18/May/2023:23:10:04] DELETING ACCOUNTS (JobID: ac9e8c1d-bcab-4253-a4a7-1c0c94d79001)
 - Deleted: 0

[18/May/2023:23:10:36] UPDATING PRODUCTS (JobID: d8320dd9-4ce4-46bf-89e8-e5613f0821dc)
 - New and modified: 0

[18/May/2023:23:10:37] UPDATING PREPAGATI (JobID: 485208d7-d5c8-474d-8551-c944c0fb1916)
 - New and modified: 0

[18/May/2023:23:10:37] DELETING PREPAGATI (JobID: 485208d7-d5c8-474d-8551-c944c0fb1916)
 - Deleted: 0

[18/May/2023:23:20:04] UPDATING ACCOUNTS (JobID: e4d05268-cc3d-48e0-b226-9d5ae4a649ad)
 - New and modified: 0

[18/May/2023:23:20:04] DELETING ACCOUNTS (JobID: e4d05268-cc3d-48e0-b226-9d5ae4a649ad)
 - Deleted: 0

[18/May/2023:23:20:36] UPDATING PRODUCTS (JobID: f95d7333-4c4b-4d3f-8000-9606b871e2b4)
 - New and modified: 0

[18/May/2023:23:20:38] UPDATING PREPAGATI (JobID: 86fb1cb9-0df4-482f-abd7-94ceb435f0a1)
 - New and modified: 0

[18/May/2023:23:20:38] DELETING PREPAGATI (JobID: 86fb1cb9-0df4-482f-abd7-94ceb435f0a1)
 - Deleted: 0

[18/May/2023:23:33:13] UPDATING ACCOUNTS (JobID: 5e3bc000-e4e0-407a-a484-ca8e3de7e0f9)
 - New and modified: 0

[18/May/2023:23:33:13] DELETING ACCOUNTS (JobID: 5e3bc000-e4e0-407a-a484-ca8e3de7e0f9)
 - Deleted: 0

[18/May/2023:23:33:45] UPDATING PRODUCTS (JobID: 8e351b4f-b4c9-4777-ba6c-c5533d1d7fa3)
 - New and modified: 0

[18/May/2023:23:33:47] UPDATING PREPAGATI (JobID: f573d440-209c-4cd8-9323-a5d505e4e94b)
 - New and modified: 0

[18/May/2023:23:33:47] DELETING PREPAGATI (JobID: f573d440-209c-4cd8-9323-a5d505e4e94b)
 - Deleted: 0

[18/May/2023:23:50:04] UPDATING ACCOUNTS (JobID: a9a1ce71-bace-493f-bcb9-e02e770857f3)
 - New and modified: 0

[18/May/2023:23:50:04] DELETING ACCOUNTS (JobID: a9a1ce71-bace-493f-bcb9-e02e770857f3)
 - Deleted: 0

[18/May/2023:23:50:35] UPDATING PRODUCTS (JobID: 145d1d84-1f6b-4a6f-b0e6-4b4251023354)
 - New and modified: 0

[18/May/2023:23:50:37] UPDATING PREPAGATI (JobID: 43343a9c-4bfc-44f5-9955-3e9028a5b192)
 - New and modified: 0

[18/May/2023:23:50:37] DELETING PREPAGATI (JobID: 43343a9c-4bfc-44f5-9955-3e9028a5b192)
 - Deleted: 0

