[03/Nov/2023:00:00:09] UPDATING ACCOUNTS (JobID: 059451fe-f0dc-43aa-99c2-c9a7ee234a8b)
 - New and modified: 0

[03/Nov/2023:00:00:09] DELETING ACCOUNTS (JobID: 059451fe-f0dc-43aa-99c2-c9a7ee234a8b)
 - Deleted: 0

[03/Nov/2023:00:00:47] UPDATING PRODUCTS (JobID: 62ef055b-7fe7-4a30-a707-bfff278dff61)
 - New and modified: 0

[03/Nov/2023:00:00:50] UPDATING PREPAGATI (JobID: 28a0ab96-a031-4bb7-89db-7e34c5c8b5f9)
 - New and modified: 0

[03/Nov/2023:00:00:50] DELETING PREPAGATI (JobID: 28a0ab96-a031-4bb7-89db-7e34c5c8b5f9)
 - Deleted: 0

[03/Nov/2023:00:30:05] UPDATING ACCOUNTS (JobID: 9a4b3051-d67c-4f5b-90f4-848852b491c8)
 - New and modified: 0

[03/Nov/2023:00:30:05] DELETING ACCOUNTS (JobID: 9a4b3051-d67c-4f5b-90f4-848852b491c8)
 - Deleted: 0

[03/Nov/2023:00:30:40] UPDATING PRODUCTS (JobID: 886eb920-9289-4ef6-b804-1a7ab32dd0ed)
 - New and modified: 0

[03/Nov/2023:00:30:42] UPDATING PREPAGATI (JobID: 5ba5f3a1-bcfe-4c02-bca9-ab8ba278de63)
 - New and modified: 0

[03/Nov/2023:00:30:42] DELETING PREPAGATI (JobID: 5ba5f3a1-bcfe-4c02-bca9-ab8ba278de63)
 - Deleted: 0

