[02/Aug/2023:00:00:08] UPDATING ACCOUNTS (JobID: 3f89fe64-45d2-4904-8ed1-fa8ce1fc0a74)
 - New and modified: 0

[02/Aug/2023:00:00:08] DELETING ACCOUNTS (JobID: 3f89fe64-45d2-4904-8ed1-fa8ce1fc0a74)
 - Deleted: 0

[02/Aug/2023:00:00:38] UPDATING PRODUCTS (JobID: fbedea24-6b6e-4424-923e-b83ea5e15d76)
 - New and modified: 0

[02/Aug/2023:00:00:41] UPDATING PREPAGATI (JobID: f778e8cd-41a5-443b-8203-1a8e04123714)
 - New and modified: 0

[02/Aug/2023:00:00:41] DELETING PREPAGATI (JobID: f778e8cd-41a5-443b-8203-1a8e04123714)
 - Deleted: 0

[02/Aug/2023:00:30:07] UPDATING ACCOUNTS (JobID: 0b151a78-25a2-4776-8dd4-bad265d53f61)
 - New and modified: 0

[02/Aug/2023:00:30:07] DELETING ACCOUNTS (JobID: 0b151a78-25a2-4776-8dd4-bad265d53f61)
 - Deleted: 0

[02/Aug/2023:00:30:38] UPDATING PRODUCTS (JobID: dd148a10-07b1-4ba8-98a2-32f934e8f171)
 - New and modified: 0

[02/Aug/2023:00:30:40] UPDATING PREPAGATI (JobID: 0a5c6ab2-e0ac-4547-9620-1cb00af00d89)
 - New and modified: 0

[02/Aug/2023:00:30:40] DELETING PREPAGATI (JobID: 0a5c6ab2-e0ac-4547-9620-1cb00af00d89)
 - Deleted: 0

[02/Aug/2023:01:00:08] UPDATING ACCOUNTS (JobID: 262f0ced-c2ed-4c6f-a89a-679289693ae8)
 - New and modified: 0

[02/Aug/2023:01:00:08] DELETING ACCOUNTS (JobID: 262f0ced-c2ed-4c6f-a89a-679289693ae8)
 - Deleted: 0

[02/Aug/2023:01:00:41] UPDATING PRODUCTS (JobID: 4a3bdd8f-4b79-4796-b5a8-84a47d7c3dd4)
 - New and modified: 0

[02/Aug/2023:01:00:43] UPDATING PREPAGATI (JobID: 08c5322d-c74f-4f4f-8f54-bda6d322d70e)
 - New and modified: 0

[02/Aug/2023:01:00:43] DELETING PREPAGATI (JobID: 08c5322d-c74f-4f4f-8f54-bda6d322d70e)
 - Deleted: 0

[02/Aug/2023:02:00:08] UPDATING ACCOUNTS (JobID: a7acb22c-9601-4267-a785-6dd092529d64)
 - New and modified: 0

[02/Aug/2023:02:00:08] DELETING ACCOUNTS (JobID: a7acb22c-9601-4267-a785-6dd092529d64)
 - Deleted: 0

[02/Aug/2023:02:00:38] UPDATING PRODUCTS (JobID: 8ea1d418-419d-49bb-a078-05cc5ae1ec26)
 - New and modified: 0

[02/Aug/2023:02:00:41] UPDATING PREPAGATI (JobID: b5b6278b-5bd0-42c3-8330-947eb43d3b09)
 - New and modified: 0

[02/Aug/2023:02:00:41] DELETING PREPAGATI (JobID: b5b6278b-5bd0-42c3-8330-947eb43d3b09)
 - Deleted: 0

[02/Aug/2023:02:30:03] UPDATING ACCOUNTS (JobID: 323d262d-a719-4b79-b8f6-e5404d3d0f4e)
 - New and modified: 0

[02/Aug/2023:02:30:03] DELETING ACCOUNTS (JobID: 323d262d-a719-4b79-b8f6-e5404d3d0f4e)
 - Deleted: 0

[02/Aug/2023:02:30:34] UPDATING PRODUCTS (JobID: aa3e8c53-f905-4812-9f16-d873f7251faa)
 - New and modified: 0

[02/Aug/2023:02:30:35] UPDATING PREPAGATI (JobID: c640bf20-f02c-4953-ab46-96201e23a625)
 - New and modified: 0

[02/Aug/2023:02:30:35] DELETING PREPAGATI (JobID: c640bf20-f02c-4953-ab46-96201e23a625)
 - Deleted: 0

[02/Aug/2023:03:00:08] UPDATING ACCOUNTS (JobID: 2454c7f7-3769-4aba-b1a7-13a7ffb1f653)
 - New and modified: 0

[02/Aug/2023:03:00:08] DELETING ACCOUNTS (JobID: 2454c7f7-3769-4aba-b1a7-13a7ffb1f653)
 - Deleted: 0

[02/Aug/2023:03:00:38] UPDATING PRODUCTS (JobID: 33350165-55ba-4c6b-92a7-71a79f85a24b)
 - New and modified: 0

[02/Aug/2023:03:00:41] UPDATING PREPAGATI (JobID: 3332a562-fb85-44ce-8b68-085cca4144c0)
 - New and modified: 0

[02/Aug/2023:03:00:41] DELETING PREPAGATI (JobID: 3332a562-fb85-44ce-8b68-085cca4144c0)
 - Deleted: 0

[02/Aug/2023:03:30:08] UPDATING ACCOUNTS (JobID: 7a7c6fa9-7fe2-4114-bf64-fc6dbbeaf3af)
 - New and modified: 0

[02/Aug/2023:03:30:08] DELETING ACCOUNTS (JobID: 7a7c6fa9-7fe2-4114-bf64-fc6dbbeaf3af)
 - Deleted: 0

[02/Aug/2023:03:30:37] UPDATING PRODUCTS (JobID: caadb743-ed69-4e96-be96-e8d5822e3f62)
 - New and modified: 0

[02/Aug/2023:03:30:40] UPDATING PREPAGATI (JobID: e7e1f48f-4621-45e3-854e-4e284dfb63fc)
 - New and modified: 0

[02/Aug/2023:03:30:40] DELETING PREPAGATI (JobID: e7e1f48f-4621-45e3-854e-4e284dfb63fc)
 - Deleted: 0

[02/Aug/2023:04:00:03] UPDATING ACCOUNTS (JobID: 5aecc674-3edf-4027-9654-ed3ccd848c00)
 - New and modified: 0

[02/Aug/2023:04:00:03] DELETING ACCOUNTS (JobID: 5aecc674-3edf-4027-9654-ed3ccd848c00)
 - Deleted: 0

[02/Aug/2023:04:00:33] UPDATING PRODUCTS (JobID: a1771778-27fa-41f2-bf83-618725fe99e3)
 - New and modified: 0

[02/Aug/2023:04:00:35] UPDATING PREPAGATI (JobID: 07b145dd-5b04-4b75-9653-1bb87b5761f2)
 - New and modified: 0

[02/Aug/2023:04:00:35] DELETING PREPAGATI (JobID: 07b145dd-5b04-4b75-9653-1bb87b5761f2)
 - Deleted: 0

[02/Aug/2023:04:30:05] UPDATING ACCOUNTS (JobID: f3c656d5-3ec3-4e22-ad38-fa0286cfc2a6)
 - New and modified: 0

[02/Aug/2023:04:30:05] DELETING ACCOUNTS (JobID: f3c656d5-3ec3-4e22-ad38-fa0286cfc2a6)
 - Deleted: 0

[02/Aug/2023:04:30:37] UPDATING PRODUCTS (JobID: b6c04ca1-8f96-4f54-894f-c9ffac717c92)
 - New and modified: 0

[02/Aug/2023:04:30:38] UPDATING PREPAGATI (JobID: a0b02101-0e04-498c-b04e-d45dfc73d79a)
 - New and modified: 0

[02/Aug/2023:04:30:38] DELETING PREPAGATI (JobID: a0b02101-0e04-498c-b04e-d45dfc73d79a)
 - Deleted: 0

[02/Aug/2023:05:00:08] UPDATING ACCOUNTS (JobID: 91509fe8-281f-41ab-92c8-b753ca2a3cdb)
 - New and modified: 0

[02/Aug/2023:05:00:08] DELETING ACCOUNTS (JobID: 91509fe8-281f-41ab-92c8-b753ca2a3cdb)
 - Deleted: 0

[02/Aug/2023:05:00:41] UPDATING PRODUCTS (JobID: 9c69f9fe-25c9-4de6-8cfb-d22e28642555)
 - New and modified: 0

[02/Aug/2023:05:00:44] UPDATING PREPAGATI (JobID: 3ca535d2-e60f-41df-9093-3fe9ff432667)
 - New and modified: 0

[02/Aug/2023:05:00:44] DELETING PREPAGATI (JobID: 3ca535d2-e60f-41df-9093-3fe9ff432667)
 - Deleted: 0

[02/Aug/2023:05:30:06] UPDATING ACCOUNTS (JobID: 6b9e65ae-3eea-4067-ac53-4bbfea4b7d19)
 - New and modified: 0

[02/Aug/2023:05:30:06] DELETING ACCOUNTS (JobID: 6b9e65ae-3eea-4067-ac53-4bbfea4b7d19)
 - Deleted: 0

[02/Aug/2023:05:30:34] UPDATING PRODUCTS (JobID: 9aac2d94-f20d-44e4-a89d-1fb534a78131)
 - New and modified: 0

[02/Aug/2023:05:30:36] UPDATING PREPAGATI (JobID: 88843956-cb85-42c5-89be-cb893b2affba)
 - New and modified: 0

[02/Aug/2023:05:30:36] DELETING PREPAGATI (JobID: 88843956-cb85-42c5-89be-cb893b2affba)
 - Deleted: 0

[02/Aug/2023:06:30:07] UPDATING ACCOUNTS (JobID: 29919c31-8a70-452b-9e21-dba1d4f0c065)
 - New and modified: 0

[02/Aug/2023:06:30:07] DELETING ACCOUNTS (JobID: 29919c31-8a70-452b-9e21-dba1d4f0c065)
 - Deleted: 0

[02/Aug/2023:06:30:39] UPDATING PRODUCTS (JobID: 739d338d-3973-45c9-9842-36edbb0eb6a0)
 - New and modified: 0

[02/Aug/2023:06:30:42] UPDATING PREPAGATI (JobID: bb8334f2-33ea-4152-9e42-77890c04d85b)
 - New and modified: 0

[02/Aug/2023:06:30:42] DELETING PREPAGATI (JobID: bb8334f2-33ea-4152-9e42-77890c04d85b)
 - Deleted: 0

[02/Aug/2023:07:00:21] UPDATING ACCOUNTS (JobID: dc1584bb-eee4-434e-85e8-699476a40dd0)
 - New and modified: 0

[02/Aug/2023:07:00:21] DELETING ACCOUNTS (JobID: dc1584bb-eee4-434e-85e8-699476a40dd0)
 - Deleted: 0

[02/Aug/2023:07:00:51] UPDATING PRODUCTS (JobID: e5c7d50e-010c-4e49-a39c-045fd8a29bac)
 - New and modified: 0

[02/Aug/2023:07:00:54] UPDATING PREPAGATI (JobID: 737b441a-07d6-4948-938c-2d39a590d963)
 - New and modified: 0

[02/Aug/2023:07:00:54] DELETING PREPAGATI (JobID: 737b441a-07d6-4948-938c-2d39a590d963)
 - Deleted: 0

[02/Aug/2023:07:30:08] UPDATING ACCOUNTS (JobID: a3ac717a-9d7e-4fce-b574-88340604c0d4)
 - New and modified: 0

[02/Aug/2023:07:30:08] DELETING ACCOUNTS (JobID: a3ac717a-9d7e-4fce-b574-88340604c0d4)
 - Deleted: 0

[02/Aug/2023:07:30:40] UPDATING PRODUCTS (JobID: c77ff90d-c537-48c4-b0c8-fa4afb875448)
 - New and modified: 0

[02/Aug/2023:07:30:42] UPDATING PREPAGATI (JobID: 5c742f09-b5c7-463a-9784-ffc50f2d1e48)
 - New and modified: 0

[02/Aug/2023:07:30:42] DELETING PREPAGATI (JobID: 5c742f09-b5c7-463a-9784-ffc50f2d1e48)
 - Deleted: 0

[02/Aug/2023:08:30:07] UPDATING ACCOUNTS (JobID: a8a41ebc-171b-4940-9d30-fb9552a0c51b)
 - New and modified: 0

[02/Aug/2023:08:30:07] DELETING ACCOUNTS (JobID: a8a41ebc-171b-4940-9d30-fb9552a0c51b)
 - Deleted: 0

[02/Aug/2023:08:30:37] UPDATING PRODUCTS (JobID: 899d43ac-107f-40b3-bea2-beb39e0c17bb)
 - New and modified: 0

[02/Aug/2023:08:30:40] UPDATING PREPAGATI (JobID: 4abf841e-45fb-4cc2-bb2b-dcb8c9829828)
 - New and modified: 0

[02/Aug/2023:08:30:40] DELETING PREPAGATI (JobID: 4abf841e-45fb-4cc2-bb2b-dcb8c9829828)
 - Deleted: 0

[02/Aug/2023:09:00:04] UPDATING ACCOUNTS (JobID: c399fe21-b3cf-4803-89fb-eb02ea3a3882)
 - New and modified: 1
   0000217

[02/Aug/2023:09:00:04] DELETING ACCOUNTS (JobID: c399fe21-b3cf-4803-89fb-eb02ea3a3882)
 - Deleted: 0

[02/Aug/2023:09:00:33] UPDATING PRODUCTS (JobID: eb11e1a9-6997-4d85-8506-d4b46a097980)
 - New and modified: 0

[02/Aug/2023:09:00:35] UPDATING PREPAGATI (JobID: 71be92e5-0eb0-43ba-bd3b-835193ab3e69)
 - New and modified: 1
   0000011572

[02/Aug/2023:09:00:35] DELETING PREPAGATI (JobID: 71be92e5-0eb0-43ba-bd3b-835193ab3e69)
 - Deleted: 0

[02/Aug/2023:09:30:04] UPDATING ACCOUNTS (JobID: d319f074-22dd-4451-b5c2-7ef099db9d1c)
 - New and modified: 1
   0000217

[02/Aug/2023:09:30:04] DELETING ACCOUNTS (JobID: d319f074-22dd-4451-b5c2-7ef099db9d1c)
 - Deleted: 0

[02/Aug/2023:09:30:33] UPDATING PRODUCTS (JobID: 77476314-989b-466d-bacb-8bef11855e30)
 - New and modified: 0

[02/Aug/2023:09:30:35] UPDATING PREPAGATI (JobID: 1d5aa709-3e0c-4efd-9a98-2fa17cc31dae)
 - New and modified: 0

[02/Aug/2023:09:30:35] DELETING PREPAGATI (JobID: 1d5aa709-3e0c-4efd-9a98-2fa17cc31dae)
 - Deleted: 0

[02/Aug/2023:10:00:09] UPDATING ACCOUNTS (JobID: a7c7e264-5eac-49ca-a4ed-f37e909c66a5)
 - New and modified: 0

[02/Aug/2023:10:00:09] DELETING ACCOUNTS (JobID: a7c7e264-5eac-49ca-a4ed-f37e909c66a5)
 - Deleted: 0

[02/Aug/2023:10:00:40] UPDATING PRODUCTS (JobID: 98b411d0-9e20-46cb-a8b0-32e7048ad24f)
 - New and modified: 0

[02/Aug/2023:10:00:42] UPDATING PREPAGATI (JobID: f52f4186-b23e-47ec-82f6-2c48af17b265)
 - New and modified: 0

[02/Aug/2023:10:00:42] DELETING PREPAGATI (JobID: f52f4186-b23e-47ec-82f6-2c48af17b265)
 - Deleted: 0

[02/Aug/2023:11:00:03] UPDATING ACCOUNTS (JobID: 25d663d3-ed0f-44cd-b1c7-a46ba103854c)
 - New and modified: 0

[02/Aug/2023:11:00:03] DELETING ACCOUNTS (JobID: 25d663d3-ed0f-44cd-b1c7-a46ba103854c)
 - Deleted: 0

[02/Aug/2023:11:00:32] UPDATING PRODUCTS (JobID: e4710e5d-8d9e-4ece-b9ce-eacb8482bf88)
 - New and modified: 0

[02/Aug/2023:11:00:34] UPDATING PREPAGATI (JobID: 857b04f4-c20c-4ace-8e97-27cf61c5e56c)
 - New and modified: 2
   0000011603
   0000011606

[02/Aug/2023:11:00:34] DELETING PREPAGATI (JobID: 857b04f4-c20c-4ace-8e97-27cf61c5e56c)
 - Deleted: 0

[02/Aug/2023:11:30:09] UPDATING ACCOUNTS (JobID: df50f8f1-5b3a-4ab6-aad4-f127c91e351b)
 - New and modified: 0

[02/Aug/2023:11:30:09] DELETING ACCOUNTS (JobID: df50f8f1-5b3a-4ab6-aad4-f127c91e351b)
 - Deleted: 0

[02/Aug/2023:11:30:39] UPDATING PRODUCTS (JobID: cdd53b83-9ba2-46f0-b2b3-033f36bc48b8)
 - New and modified: 0

[02/Aug/2023:11:30:42] UPDATING PREPAGATI (JobID: b5de05da-5faa-4e0b-9dd5-20d85460dc7c)
 - New and modified: 0

[02/Aug/2023:11:30:42] DELETING PREPAGATI (JobID: b5de05da-5faa-4e0b-9dd5-20d85460dc7c)
 - Deleted: 0

[02/Aug/2023:12:30:04] UPDATING ACCOUNTS (JobID: 0481eecc-598d-42d6-ab83-ef88b68b2099)
 - New and modified: 0

[02/Aug/2023:12:30:04] DELETING ACCOUNTS (JobID: 0481eecc-598d-42d6-ab83-ef88b68b2099)
 - Deleted: 0

[02/Aug/2023:12:30:35] UPDATING PRODUCTS (JobID: f26d3d92-2e78-4736-b8a9-d8cb26d73c8f)
 - New and modified: 0

[02/Aug/2023:12:30:36] UPDATING PREPAGATI (JobID: 4fdad33d-725a-4de5-9876-5c0d63592b9e)
 - New and modified: 0

[02/Aug/2023:12:30:36] DELETING PREPAGATI (JobID: 4fdad33d-725a-4de5-9876-5c0d63592b9e)
 - Deleted: 0

[02/Aug/2023:13:00:06] UPDATING ACCOUNTS (JobID: f8683e12-6f7c-4138-bf2b-92bd0b9b8088)
 - New and modified: 0

[02/Aug/2023:13:00:06] DELETING ACCOUNTS (JobID: f8683e12-6f7c-4138-bf2b-92bd0b9b8088)
 - Deleted: 0

[02/Aug/2023:13:00:36] UPDATING PRODUCTS (JobID: c81f52b2-d83c-408c-a2a2-a3a03a4469fa)
 - New and modified: 0

[02/Aug/2023:13:00:39] UPDATING PREPAGATI (JobID: c8171954-bf24-4bfe-b967-967551103a56)
 - New and modified: 0

[02/Aug/2023:13:00:39] DELETING PREPAGATI (JobID: c8171954-bf24-4bfe-b967-967551103a56)
 - Deleted: 0

[02/Aug/2023:13:30:06] UPDATING ACCOUNTS (JobID: 68b9bd92-bc80-44a2-a6df-d73f89ce2d6f)
 - New and modified: 0

[02/Aug/2023:13:30:06] DELETING ACCOUNTS (JobID: 68b9bd92-bc80-44a2-a6df-d73f89ce2d6f)
 - Deleted: 0

[02/Aug/2023:13:30:35] UPDATING PRODUCTS (JobID: b2620773-c773-4261-981f-d73514e477f5)
 - New and modified: 0

[02/Aug/2023:13:30:38] UPDATING PREPAGATI (JobID: 4d54a276-6a19-4ce6-a606-1288739bc260)
 - New and modified: 0

[02/Aug/2023:13:30:38] DELETING PREPAGATI (JobID: 4d54a276-6a19-4ce6-a606-1288739bc260)
 - Deleted: 0

[02/Aug/2023:14:00:07] UPDATING ACCOUNTS (JobID: 69b05a32-4081-4e58-a36a-3ce4dc78f6b5)
 - New and modified: 0

[02/Aug/2023:14:00:07] DELETING ACCOUNTS (JobID: 69b05a32-4081-4e58-a36a-3ce4dc78f6b5)
 - Deleted: 0

[02/Aug/2023:14:00:36] UPDATING PRODUCTS (JobID: 6025032b-78ba-4aa3-a945-c9d9486083fc)
 - New and modified: 0

[02/Aug/2023:14:00:39] UPDATING PREPAGATI (JobID: a3c37e7e-fee8-49e6-8ab4-8d4d18567fb3)
 - New and modified: 0

[02/Aug/2023:14:00:39] DELETING PREPAGATI (JobID: a3c37e7e-fee8-49e6-8ab4-8d4d18567fb3)
 - Deleted: 0

[02/Aug/2023:14:30:08] UPDATING ACCOUNTS (JobID: 2895c860-a855-4a4a-bb60-4d564cdc2054)
 - New and modified: 0

[02/Aug/2023:14:30:08] DELETING ACCOUNTS (JobID: 2895c860-a855-4a4a-bb60-4d564cdc2054)
 - Deleted: 0

[02/Aug/2023:14:30:40] UPDATING PRODUCTS (JobID: d0b16e4c-feb3-412d-be7e-37bc98c240d1)
 - New and modified: 0

[02/Aug/2023:14:30:43] UPDATING PREPAGATI (JobID: f18a83c0-4198-4507-b47f-ac767e9875ef)
 - New and modified: 0

[02/Aug/2023:14:30:43] DELETING PREPAGATI (JobID: f18a83c0-4198-4507-b47f-ac767e9875ef)
 - Deleted: 0

[02/Aug/2023:15:00:04] UPDATING ACCOUNTS (JobID: 05069340-e00c-4c6e-a7fd-d39f7f335945)
 - New and modified: 0

[02/Aug/2023:15:00:04] DELETING ACCOUNTS (JobID: 05069340-e00c-4c6e-a7fd-d39f7f335945)
 - Deleted: 0

[02/Aug/2023:15:00:34] UPDATING PRODUCTS (JobID: 73e47be1-608d-44f5-91f7-1994c2ca63b3)
 - New and modified: 0

[02/Aug/2023:15:00:36] UPDATING PREPAGATI (JobID: bc531b64-fd05-43fd-90a3-6f273a69aa91)
 - New and modified: 0

[02/Aug/2023:15:00:36] DELETING PREPAGATI (JobID: bc531b64-fd05-43fd-90a3-6f273a69aa91)
 - Deleted: 0

[02/Aug/2023:16:00:07] UPDATING ACCOUNTS (JobID: 8b5bfa05-9e9c-4982-9fd4-a6b52d716143)
 - New and modified: 0

[02/Aug/2023:16:00:07] DELETING ACCOUNTS (JobID: 8b5bfa05-9e9c-4982-9fd4-a6b52d716143)
 - Deleted: 0

[02/Aug/2023:16:00:36] UPDATING PRODUCTS (JobID: dc079e2d-0075-4622-bbf8-f0353e6acbce)
 - New and modified: 0

[02/Aug/2023:16:00:39] UPDATING PREPAGATI (JobID: 839d98be-e130-4e75-b4c9-39bee3682d65)
 - New and modified: 0

[02/Aug/2023:16:00:39] DELETING PREPAGATI (JobID: 839d98be-e130-4e75-b4c9-39bee3682d65)
 - Deleted: 0

[02/Aug/2023:16:30:08] UPDATING ACCOUNTS (JobID: d80515fd-dc3a-4a28-8e29-9f0bbf25cb2a)
 - New and modified: 0

[02/Aug/2023:16:30:08] DELETING ACCOUNTS (JobID: d80515fd-dc3a-4a28-8e29-9f0bbf25cb2a)
 - Deleted: 0

[02/Aug/2023:16:30:38] UPDATING PRODUCTS (JobID: edf71a2d-3949-4e1a-8ba7-fe9533347cb5)
 - New and modified: 0

[02/Aug/2023:16:30:41] UPDATING PREPAGATI (JobID: 10bf6c9c-31a2-4781-833d-3e91cd53a73a)
 - New and modified: 0

[02/Aug/2023:16:30:41] DELETING PREPAGATI (JobID: 10bf6c9c-31a2-4781-833d-3e91cd53a73a)
 - Deleted: 0

[02/Aug/2023:17:30:08] UPDATING ACCOUNTS (JobID: e45dbc10-73c2-435e-82fc-ce6943788f93)
 - New and modified: 0

[02/Aug/2023:17:30:08] DELETING ACCOUNTS (JobID: e45dbc10-73c2-435e-82fc-ce6943788f93)
 - Deleted: 0

[02/Aug/2023:17:30:38] UPDATING PRODUCTS (JobID: d088db57-611f-4dac-b536-a38ca9b66fbd)
 - New and modified: 0

[02/Aug/2023:17:30:41] UPDATING PREPAGATI (JobID: bf2ccf39-29d2-43e5-a0c1-541e2bdb1d7e)
 - New and modified: 0

[02/Aug/2023:17:30:41] DELETING PREPAGATI (JobID: bf2ccf39-29d2-43e5-a0c1-541e2bdb1d7e)
 - Deleted: 0

[02/Aug/2023:19:00:22] UPDATING ACCOUNTS (JobID: 1bea7ea8-32ce-46ee-bb2b-edab82f5a749)
 - New and modified: 0

[02/Aug/2023:19:00:22] DELETING ACCOUNTS (JobID: 1bea7ea8-32ce-46ee-bb2b-edab82f5a749)
 - Deleted: 0

[02/Aug/2023:19:00:52] UPDATING PRODUCTS (JobID: 31a6b06d-1017-4cfa-8dd4-4df5bb7e7117)
 - New and modified: 0

[02/Aug/2023:19:00:54] UPDATING PREPAGATI (JobID: d2a99d38-4671-460d-b11c-8dc71cd2f67f)
 - New and modified: 0

[02/Aug/2023:19:00:54] DELETING PREPAGATI (JobID: d2a99d38-4671-460d-b11c-8dc71cd2f67f)
 - Deleted: 0

[02/Aug/2023:19:30:09] UPDATING ACCOUNTS (JobID: a61eb87b-a3fc-4795-813f-4f24b87ef949)
 - New and modified: 0

[02/Aug/2023:19:30:09] DELETING ACCOUNTS (JobID: a61eb87b-a3fc-4795-813f-4f24b87ef949)
 - Deleted: 0

[02/Aug/2023:19:30:39] UPDATING PRODUCTS (JobID: d8c40076-d204-4f33-9902-e72e8ecf4d7b)
 - New and modified: 0

[02/Aug/2023:19:30:42] UPDATING PREPAGATI (JobID: be8281fd-9703-44c0-a734-f66e363b16a0)
 - New and modified: 0

[02/Aug/2023:19:30:42] DELETING PREPAGATI (JobID: be8281fd-9703-44c0-a734-f66e363b16a0)
 - Deleted: 0

[02/Aug/2023:20:00:04] UPDATING ACCOUNTS (JobID: 96bf1d66-34bc-4132-843d-f066fba0584b)
 - New and modified: 0

[02/Aug/2023:20:00:04] DELETING ACCOUNTS (JobID: 96bf1d66-34bc-4132-843d-f066fba0584b)
 - Deleted: 0

[02/Aug/2023:20:00:35] UPDATING PRODUCTS (JobID: 3a4b0e72-50d4-4336-8290-82533db0e7d1)
 - New and modified: 0

[02/Aug/2023:20:00:37] UPDATING PREPAGATI (JobID: be348ab1-8175-4ff8-9a4b-fe381844d9e1)
 - New and modified: 0

[02/Aug/2023:20:00:37] DELETING PREPAGATI (JobID: be348ab1-8175-4ff8-9a4b-fe381844d9e1)
 - Deleted: 0

[02/Aug/2023:20:30:08] UPDATING ACCOUNTS (JobID: af1e49cf-c367-4fa9-a1f5-c54f109fa041)
 - New and modified: 0

[02/Aug/2023:20:30:08] DELETING ACCOUNTS (JobID: af1e49cf-c367-4fa9-a1f5-c54f109fa041)
 - Deleted: 0

[02/Aug/2023:20:30:40] UPDATING PRODUCTS (JobID: f088952e-ab35-440a-b2c0-9ee454f262f8)
 - New and modified: 0

[02/Aug/2023:20:30:43] UPDATING PREPAGATI (JobID: 2801dca9-e279-4a09-8e49-06ca6f6b419d)
 - New and modified: 0

[02/Aug/2023:20:30:43] DELETING PREPAGATI (JobID: 2801dca9-e279-4a09-8e49-06ca6f6b419d)
 - Deleted: 0

[02/Aug/2023:22:00:08] UPDATING ACCOUNTS (JobID: 2c98d46a-9786-4307-b0cf-06b14cced5fd)
 - New and modified: 0

[02/Aug/2023:22:00:08] DELETING ACCOUNTS (JobID: 2c98d46a-9786-4307-b0cf-06b14cced5fd)
 - Deleted: 0

[02/Aug/2023:22:00:40] UPDATING PRODUCTS (JobID: 3a03b167-5010-4579-9a07-fdca30c16eef)
 - New and modified: 0

[02/Aug/2023:22:00:42] UPDATING PREPAGATI (JobID: 7d5fca93-5528-44f4-82b5-1efe50d8ddf4)
 - New and modified: 0

[02/Aug/2023:22:00:42] DELETING PREPAGATI (JobID: 7d5fca93-5528-44f4-82b5-1efe50d8ddf4)
 - Deleted: 0

[02/Aug/2023:22:30:09] UPDATING ACCOUNTS (JobID: 0cdae5a3-9805-460d-9f3f-42c4afe7299a)
 - New and modified: 0

[02/Aug/2023:22:30:09] DELETING ACCOUNTS (JobID: 0cdae5a3-9805-460d-9f3f-42c4afe7299a)
 - Deleted: 0

[02/Aug/2023:22:30:40] UPDATING PRODUCTS (JobID: 1bedca50-8867-43e8-bd65-bb40d15a2435)
 - New and modified: 0

[02/Aug/2023:22:30:42] UPDATING PREPAGATI (JobID: 47ad7f83-cb8e-4716-a37e-9732662a775d)
 - New and modified: 0

[02/Aug/2023:22:30:42] DELETING PREPAGATI (JobID: 47ad7f83-cb8e-4716-a37e-9732662a775d)
 - Deleted: 0

[02/Aug/2023:23:00:07] UPDATING ACCOUNTS (JobID: 2f445236-7c31-47fb-8a01-f4a75693deb0)
 - New and modified: 0

[02/Aug/2023:23:00:07] DELETING ACCOUNTS (JobID: 2f445236-7c31-47fb-8a01-f4a75693deb0)
 - Deleted: 0

[02/Aug/2023:23:00:39] UPDATING PRODUCTS (JobID: d8f89dfb-dc64-412f-ad49-5038b8f1f1a1)
 - New and modified: 0

[02/Aug/2023:23:00:42] UPDATING PREPAGATI (JobID: 281d7176-2275-4f45-9374-90cd1f7d0a4f)
 - New and modified: 0

[02/Aug/2023:23:00:42] DELETING PREPAGATI (JobID: 281d7176-2275-4f45-9374-90cd1f7d0a4f)
 - Deleted: 0

[02/Aug/2023:23:30:07] UPDATING ACCOUNTS (JobID: ecc8a43f-c255-403b-af74-5e8d83438673)
 - New and modified: 0

[02/Aug/2023:23:30:07] DELETING ACCOUNTS (JobID: ecc8a43f-c255-403b-af74-5e8d83438673)
 - Deleted: 0

[02/Aug/2023:23:30:38] UPDATING PRODUCTS (JobID: 4f756c7a-6f44-47f0-a13d-556c7a0678c9)
 - New and modified: 0

[02/Aug/2023:23:30:41] UPDATING PREPAGATI (JobID: d5959e5f-4b49-424e-88c6-8563b8c950ee)
 - New and modified: 0

[02/Aug/2023:23:30:41] DELETING PREPAGATI (JobID: d5959e5f-4b49-424e-88c6-8563b8c950ee)
 - Deleted: 0

