[13/Aug/2023:00:00:08] UPDATING ACCOUNTS (JobID: 825d3bbc-3203-4d59-91b0-f609123922c3)
 - New and modified: 0

[13/Aug/2023:00:00:08] DELETING ACCOUNTS (JobID: 825d3bbc-3203-4d59-91b0-f609123922c3)
 - Deleted: 0

[13/Aug/2023:00:00:39] UPDATING PRODUCTS (JobID: f76399a4-fae1-432a-aaa0-ee1236cb8484)
 - New and modified: 0

[13/Aug/2023:00:00:42] UPDATING PREPAGATI (JobID: 94ef4009-f2b8-4b73-a64b-23923d77645d)
 - New and modified: 0

[13/Aug/2023:00:00:42] DELETING PREPAGATI (JobID: 94ef4009-f2b8-4b73-a64b-23923d77645d)
 - Deleted: 0

[13/Aug/2023:01:00:08] UPDATING ACCOUNTS (JobID: e5f3388a-2139-4003-b8bd-4a0e2dc87d6a)
 - New and modified: 0

[13/Aug/2023:01:00:08] DELETING ACCOUNTS (JobID: e5f3388a-2139-4003-b8bd-4a0e2dc87d6a)
 - Deleted: 0

[13/Aug/2023:01:00:39] UPDATING PRODUCTS (JobID: 2ba2ca08-8fb5-4a9d-bdd9-bc04dc54abe4)
 - New and modified: 0

[13/Aug/2023:01:00:42] UPDATING PREPAGATI (JobID: c7fee206-87d4-4a0a-b821-2f89afc7196a)
 - New and modified: 0

[13/Aug/2023:01:00:42] DELETING PREPAGATI (JobID: c7fee206-87d4-4a0a-b821-2f89afc7196a)
 - Deleted: 0

[13/Aug/2023:04:00:08] UPDATING ACCOUNTS (JobID: 7152f76f-c311-467a-9074-4f8c8d5cf326)
 - New and modified: 0

[13/Aug/2023:04:00:08] DELETING ACCOUNTS (JobID: 7152f76f-c311-467a-9074-4f8c8d5cf326)
 - Deleted: 0

[13/Aug/2023:04:00:40] UPDATING PRODUCTS (JobID: be3a86ce-6f06-4302-adc4-5a6a9097224f)
 - New and modified: 0

[13/Aug/2023:04:00:43] UPDATING PREPAGATI (JobID: 537987b3-b1ca-49c7-84e7-3b9d4d082de7)
 - New and modified: 0

[13/Aug/2023:04:00:43] DELETING PREPAGATI (JobID: 537987b3-b1ca-49c7-84e7-3b9d4d082de7)
 - Deleted: 0

[13/Aug/2023:05:00:08] UPDATING ACCOUNTS (JobID: 1fc6cb98-c7fb-4ae8-8977-d5f4b5dc8568)
 - New and modified: 0

[13/Aug/2023:05:00:08] DELETING ACCOUNTS (JobID: 1fc6cb98-c7fb-4ae8-8977-d5f4b5dc8568)
 - Deleted: 0

[13/Aug/2023:05:00:39] UPDATING PRODUCTS (JobID: b3a1c78d-464f-4a36-8a67-d99bff77ddb6)
 - New and modified: 0

[13/Aug/2023:05:00:42] UPDATING PREPAGATI (JobID: 7eb8a055-78b2-4482-9511-ce8453bf14ea)
 - New and modified: 0

[13/Aug/2023:05:00:42] DELETING PREPAGATI (JobID: 7eb8a055-78b2-4482-9511-ce8453bf14ea)
 - Deleted: 0

[13/Aug/2023:06:30:08] UPDATING ACCOUNTS (JobID: 812216c7-ba4b-4a71-864b-7cf731c9507b)
 - New and modified: 0

[13/Aug/2023:06:30:08] DELETING ACCOUNTS (JobID: 812216c7-ba4b-4a71-864b-7cf731c9507b)
 - Deleted: 0

[13/Aug/2023:06:30:40] UPDATING PRODUCTS (JobID: 2ac931ff-1539-4ad4-bf5e-4e62b80692db)
 - New and modified: 0

[13/Aug/2023:06:30:43] UPDATING PREPAGATI (JobID: 47dbba0e-619e-44af-8148-366be629a062)
 - New and modified: 0

[13/Aug/2023:06:30:43] DELETING PREPAGATI (JobID: 47dbba0e-619e-44af-8148-366be629a062)
 - Deleted: 0

[13/Aug/2023:07:00:10] UPDATING ACCOUNTS (JobID: 9724b01e-5a7a-4715-8413-75f551aea29b)
 - New and modified: 0

[13/Aug/2023:07:00:10] DELETING ACCOUNTS (JobID: 9724b01e-5a7a-4715-8413-75f551aea29b)
 - Deleted: 0

[13/Aug/2023:07:00:43] UPDATING PRODUCTS (JobID: 37bf16bd-afb7-4a98-89b6-e7e4d483a3ae)
 - New and modified: 0

[13/Aug/2023:07:00:46] UPDATING PREPAGATI (JobID: b15b4164-6abf-44c9-b141-51e7e944836a)
 - New and modified: 0

[13/Aug/2023:07:00:46] DELETING PREPAGATI (JobID: b15b4164-6abf-44c9-b141-51e7e944836a)
 - Deleted: 0

[13/Aug/2023:07:30:09] UPDATING ACCOUNTS (JobID: 17af6f3d-19f3-46c2-a56d-9a423b90a33e)
 - New and modified: 0

[13/Aug/2023:07:30:09] DELETING ACCOUNTS (JobID: 17af6f3d-19f3-46c2-a56d-9a423b90a33e)
 - Deleted: 0

[13/Aug/2023:07:30:39] UPDATING PRODUCTS (JobID: 34791827-51ba-4335-b97a-09f2c7b409cb)
 - New and modified: 0

[13/Aug/2023:07:30:42] UPDATING PREPAGATI (JobID: 6dab2bc4-5a5b-4591-bfdc-5703cd6d4c07)
 - New and modified: 0

[13/Aug/2023:07:30:42] DELETING PREPAGATI (JobID: 6dab2bc4-5a5b-4591-bfdc-5703cd6d4c07)
 - Deleted: 0

[13/Aug/2023:10:00:04] UPDATING ACCOUNTS (JobID: 33035fd6-c69e-48ea-bb3c-51bee360dc8c)
 - New and modified: 0

[13/Aug/2023:10:00:04] DELETING ACCOUNTS (JobID: 33035fd6-c69e-48ea-bb3c-51bee360dc8c)
 - Deleted: 0

[13/Aug/2023:10:00:37] UPDATING PRODUCTS (JobID: fd102380-ef38-4c0b-bdbf-a5261ef6ff33)
 - New and modified: 0

[13/Aug/2023:10:00:40] UPDATING PREPAGATI (JobID: 1d390e9e-566f-4db4-bea1-529ed17c12c7)
 - New and modified: 0

[13/Aug/2023:10:00:40] DELETING PREPAGATI (JobID: 1d390e9e-566f-4db4-bea1-529ed17c12c7)
 - Deleted: 0

[13/Aug/2023:11:30:04] UPDATING ACCOUNTS (JobID: f8e7d8f5-f1ba-44a5-8b41-4ba50094d3a9)
 - New and modified: 0

[13/Aug/2023:11:30:04] DELETING ACCOUNTS (JobID: f8e7d8f5-f1ba-44a5-8b41-4ba50094d3a9)
 - Deleted: 0

[13/Aug/2023:11:30:34] UPDATING PRODUCTS (JobID: e6f5fe9b-13c7-4f38-bbf0-35aa913fcc53)
 - New and modified: 0

[13/Aug/2023:11:30:37] UPDATING PREPAGATI (JobID: a6f5658d-1622-4deb-a1d5-5bb895e46622)
 - New and modified: 0

[13/Aug/2023:11:30:37] DELETING PREPAGATI (JobID: a6f5658d-1622-4deb-a1d5-5bb895e46622)
 - Deleted: 0

[13/Aug/2023:12:30:04] UPDATING ACCOUNTS (JobID: ccd75a5f-20b9-4235-8782-ccca1a562487)
 - New and modified: 0

[13/Aug/2023:12:30:04] DELETING ACCOUNTS (JobID: ccd75a5f-20b9-4235-8782-ccca1a562487)
 - Deleted: 0

[13/Aug/2023:12:30:39] UPDATING PRODUCTS (JobID: beb105c5-6d99-4fdd-9b95-90ba59c1f52a)
 - New and modified: 0

[13/Aug/2023:12:30:42] UPDATING PREPAGATI (JobID: dd6d7cf2-d0a5-4d16-bb99-9ffce58cb35c)
 - New and modified: 0

[13/Aug/2023:12:30:42] DELETING PREPAGATI (JobID: dd6d7cf2-d0a5-4d16-bb99-9ffce58cb35c)
 - Deleted: 0

[13/Aug/2023:13:30:07] UPDATING ACCOUNTS (JobID: 7f7dca0c-af9f-4eb1-93af-99d2d582f985)
 - New and modified: 0

[13/Aug/2023:13:30:07] DELETING ACCOUNTS (JobID: 7f7dca0c-af9f-4eb1-93af-99d2d582f985)
 - Deleted: 0

[13/Aug/2023:13:30:39] UPDATING PRODUCTS (JobID: 02136470-8a3b-4220-b7dd-c43da7d8ab97)
 - New and modified: 0

[13/Aug/2023:13:30:42] UPDATING PREPAGATI (JobID: 630c5eb2-c5f1-4788-a8bf-3b498983696f)
 - New and modified: 0

[13/Aug/2023:13:30:42] DELETING PREPAGATI (JobID: 630c5eb2-c5f1-4788-a8bf-3b498983696f)
 - Deleted: 0

[13/Aug/2023:15:00:04] UPDATING ACCOUNTS (JobID: 28793cc7-60bc-4ece-9de8-bb578400d04e)
 - New and modified: 0

[13/Aug/2023:15:00:04] DELETING ACCOUNTS (JobID: 28793cc7-60bc-4ece-9de8-bb578400d04e)
 - Deleted: 0

[13/Aug/2023:15:00:36] UPDATING PRODUCTS (JobID: 93a77177-4818-48ac-b9b6-4ff26d0b57b8)
 - New and modified: 0

[13/Aug/2023:15:00:39] UPDATING PREPAGATI (JobID: 459040f5-6f7d-4288-b974-56d73254e4cc)
 - New and modified: 0

[13/Aug/2023:15:00:39] DELETING PREPAGATI (JobID: 459040f5-6f7d-4288-b974-56d73254e4cc)
 - Deleted: 0

[13/Aug/2023:16:00:04] UPDATING ACCOUNTS (JobID: 0d61fdc5-942c-4cc3-ba6a-7711cddcf2bd)
 - New and modified: 0

[13/Aug/2023:16:00:04] DELETING ACCOUNTS (JobID: 0d61fdc5-942c-4cc3-ba6a-7711cddcf2bd)
 - Deleted: 0

[13/Aug/2023:16:00:37] UPDATING PRODUCTS (JobID: 1d23972a-cb28-4eee-b987-9a6c9dc20ba8)
 - New and modified: 0

[13/Aug/2023:16:00:40] UPDATING PREPAGATI (JobID: d0ae7ecd-51cf-43aa-a6b8-3e97cce28314)
 - New and modified: 0

[13/Aug/2023:16:00:40] DELETING PREPAGATI (JobID: d0ae7ecd-51cf-43aa-a6b8-3e97cce28314)
 - Deleted: 0

[13/Aug/2023:18:30:08] UPDATING ACCOUNTS (JobID: 0c292304-495a-4c7c-b6b0-d7572f56c8d5)
 - New and modified: 0

[13/Aug/2023:18:30:09] DELETING ACCOUNTS (JobID: 0c292304-495a-4c7c-b6b0-d7572f56c8d5)
 - Deleted: 0

[13/Aug/2023:18:30:40] UPDATING PRODUCTS (JobID: 53c9ca72-8a85-46fd-abe4-c59a47d82178)
 - New and modified: 0

[13/Aug/2023:18:30:43] UPDATING PREPAGATI (JobID: 26196a50-694c-471e-99dd-18cb096ebbfc)
 - New and modified: 0

[13/Aug/2023:18:30:43] DELETING PREPAGATI (JobID: 26196a50-694c-471e-99dd-18cb096ebbfc)
 - Deleted: 0

[13/Aug/2023:19:00:08] UPDATING ACCOUNTS (JobID: 6320f395-74b7-4d0c-b6c3-a4b74875f2ce)
 - New and modified: 0

[13/Aug/2023:19:00:08] DELETING ACCOUNTS (JobID: 6320f395-74b7-4d0c-b6c3-a4b74875f2ce)
 - Deleted: 0

[13/Aug/2023:19:00:41] UPDATING PRODUCTS (JobID: f9303c7e-aec8-4a5a-95be-40d68fc0a252)
 - New and modified: 0

[13/Aug/2023:19:00:44] UPDATING PREPAGATI (JobID: 13b47a95-6d50-4c6e-8314-0e5b4fe17383)
 - New and modified: 0

[13/Aug/2023:19:00:44] DELETING PREPAGATI (JobID: 13b47a95-6d50-4c6e-8314-0e5b4fe17383)
 - Deleted: 0

[13/Aug/2023:21:00:08] UPDATING ACCOUNTS (JobID: 1d0a4935-287b-47dd-888b-9809a1d6ea05)
 - New and modified: 0

[13/Aug/2023:21:00:08] DELETING ACCOUNTS (JobID: 1d0a4935-287b-47dd-888b-9809a1d6ea05)
 - Deleted: 0

[13/Aug/2023:21:00:39] UPDATING PRODUCTS (JobID: 1c3cf50e-b9ca-4721-a532-4d2f887fcd40)
 - New and modified: 0

[13/Aug/2023:21:00:42] UPDATING PREPAGATI (JobID: 5a27c156-9588-4d9c-a004-f8382a7e2fe8)
 - New and modified: 0

[13/Aug/2023:21:00:42] DELETING PREPAGATI (JobID: 5a27c156-9588-4d9c-a004-f8382a7e2fe8)
 - Deleted: 0

[13/Aug/2023:21:30:07] UPDATING ACCOUNTS (JobID: b77b5bb2-8c2b-4a0f-8007-e0d1ad7ce4fe)
 - New and modified: 0

[13/Aug/2023:21:30:07] DELETING ACCOUNTS (JobID: b77b5bb2-8c2b-4a0f-8007-e0d1ad7ce4fe)
 - Deleted: 0

[13/Aug/2023:21:30:40] UPDATING PRODUCTS (JobID: a6917046-7bda-4abd-8789-f2c6b804df10)
 - New and modified: 0

[13/Aug/2023:21:30:43] UPDATING PREPAGATI (JobID: dc73352d-5c69-4b6e-8805-077a62030f1d)
 - New and modified: 0

[13/Aug/2023:21:30:43] DELETING PREPAGATI (JobID: dc73352d-5c69-4b6e-8805-077a62030f1d)
 - Deleted: 0

[13/Aug/2023:22:30:08] UPDATING ACCOUNTS (JobID: f08ce589-105a-40d4-bee7-16489dccc474)
 - New and modified: 0

[13/Aug/2023:22:30:08] DELETING ACCOUNTS (JobID: f08ce589-105a-40d4-bee7-16489dccc474)
 - Deleted: 0

[13/Aug/2023:22:30:43] UPDATING PRODUCTS (JobID: 6596e91e-e3ce-4e1e-bf3b-11582d01b0e7)
 - New and modified: 0

[13/Aug/2023:22:30:45] UPDATING PREPAGATI (JobID: 31563f41-573f-4aa3-bac7-73b8b81cd276)
 - New and modified: 0

[13/Aug/2023:22:30:45] DELETING PREPAGATI (JobID: 31563f41-573f-4aa3-bac7-73b8b81cd276)
 - Deleted: 0

[13/Aug/2023:23:00:08] UPDATING ACCOUNTS (JobID: 54438444-43a6-4447-b7af-3593efd8a268)
 - New and modified: 0

[13/Aug/2023:23:00:08] DELETING ACCOUNTS (JobID: 54438444-43a6-4447-b7af-3593efd8a268)
 - Deleted: 0

[13/Aug/2023:23:00:42] UPDATING PRODUCTS (JobID: e1be62dc-d625-4db5-a2c5-eae1d309c371)
 - New and modified: 0

[13/Aug/2023:23:00:45] UPDATING PREPAGATI (JobID: 5eec48ac-d2c6-4e13-bb00-6c104c64c245)
 - New and modified: 0

[13/Aug/2023:23:00:45] DELETING PREPAGATI (JobID: 5eec48ac-d2c6-4e13-bb00-6c104c64c245)
 - Deleted: 0

