[22/May/2023:00:00:04] UPDATING ACCOUNTS (JobID: 03df5701-4390-4ba5-8b69-967acf18eb2c)
 - New and modified: 0

[22/May/2023:00:00:04] DELETING ACCOUNTS (JobID: 03df5701-4390-4ba5-8b69-967acf18eb2c)
 - Deleted: 0

[22/May/2023:00:00:36] UPDATING PRODUCTS (JobID: 39c1d46d-dba5-4103-890a-ac8e786c5e43)
 - New and modified: 0

[22/May/2023:00:00:38] UPDATING PREPAGATI (JobID: dc25623a-e388-4680-95ff-007789b32631)
 - New and modified: 0

[22/May/2023:00:00:38] DELETING PREPAGATI (JobID: dc25623a-e388-4680-95ff-007789b32631)
 - Deleted: 0

[22/May/2023:00:10:04] UPDATING ACCOUNTS (JobID: c7b6be34-d15a-43ed-8ff0-6eb28d3741fc)
 - New and modified: 0

[22/May/2023:00:10:04] DELETING ACCOUNTS (JobID: c7b6be34-d15a-43ed-8ff0-6eb28d3741fc)
 - Deleted: 0

[22/May/2023:00:10:36] UPDATING PRODUCTS (JobID: 30a0b953-87d1-4772-a21a-111f4232fa3f)
 - New and modified: 0

[22/May/2023:00:10:38] UPDATING PREPAGATI (JobID: 82f9d2d1-a683-4c24-b4e2-d4d77f5cdcaa)
 - New and modified: 0

[22/May/2023:00:10:38] DELETING PREPAGATI (JobID: 82f9d2d1-a683-4c24-b4e2-d4d77f5cdcaa)
 - Deleted: 0

[22/May/2023:00:20:04] UPDATING ACCOUNTS (JobID: 0e373297-524a-4b80-9420-b5f2263f7e79)
 - New and modified: 0

[22/May/2023:00:20:04] DELETING ACCOUNTS (JobID: 0e373297-524a-4b80-9420-b5f2263f7e79)
 - Deleted: 0

[22/May/2023:00:20:36] UPDATING PRODUCTS (JobID: 28f56722-dd6a-48b0-8dbc-efbecc99fc8e)
 - New and modified: 0

[22/May/2023:00:20:38] UPDATING PREPAGATI (JobID: bb4903f9-33bd-4559-9e8e-1663faa86171)
 - New and modified: 0

[22/May/2023:00:20:38] DELETING PREPAGATI (JobID: bb4903f9-33bd-4559-9e8e-1663faa86171)
 - Deleted: 0

[22/May/2023:00:30:04] UPDATING ACCOUNTS (JobID: 28ae086d-adcc-4201-805e-7a3716989d9d)
 - New and modified: 0

[22/May/2023:00:30:04] DELETING ACCOUNTS (JobID: 28ae086d-adcc-4201-805e-7a3716989d9d)
 - Deleted: 0

[22/May/2023:00:30:36] UPDATING PRODUCTS (JobID: d97e8250-9d48-421e-9f5f-0a13ad333ee3)
 - New and modified: 0

[22/May/2023:00:30:38] UPDATING PREPAGATI (JobID: 9c88a5c0-9103-47cb-a60d-0b73aae559d6)
 - New and modified: 0

[22/May/2023:00:30:38] DELETING PREPAGATI (JobID: 9c88a5c0-9103-47cb-a60d-0b73aae559d6)
 - Deleted: 0

[22/May/2023:00:40:04] UPDATING ACCOUNTS (JobID: fe49440e-0db4-4a24-8e44-97ff81fa203f)
 - New and modified: 0

[22/May/2023:00:40:04] DELETING ACCOUNTS (JobID: fe49440e-0db4-4a24-8e44-97ff81fa203f)
 - Deleted: 0

[22/May/2023:00:40:36] UPDATING PRODUCTS (JobID: 9663720f-e267-427b-9b35-7d009235b31c)
 - New and modified: 0

[22/May/2023:00:40:38] UPDATING PREPAGATI (JobID: f0d8984b-a33d-43ca-ac8f-b9482b9c4ea7)
 - New and modified: 0

[22/May/2023:00:40:38] DELETING PREPAGATI (JobID: f0d8984b-a33d-43ca-ac8f-b9482b9c4ea7)
 - Deleted: 0

[22/May/2023:00:50:04] UPDATING ACCOUNTS (JobID: fae1e125-87b7-4e9b-beca-5a0d9307d49f)
 - New and modified: 0

[22/May/2023:00:50:04] DELETING ACCOUNTS (JobID: fae1e125-87b7-4e9b-beca-5a0d9307d49f)
 - Deleted: 0

[22/May/2023:00:50:36] UPDATING PRODUCTS (JobID: ed6b3d9f-a006-48c0-a7db-d1018cb806b2)
 - New and modified: 0

[22/May/2023:00:50:38] UPDATING PREPAGATI (JobID: 2952bb9e-8621-443a-be49-20d60121c567)
 - New and modified: 0

[22/May/2023:00:50:38] DELETING PREPAGATI (JobID: 2952bb9e-8621-443a-be49-20d60121c567)
 - Deleted: 0

[22/May/2023:01:00:04] UPDATING ACCOUNTS (JobID: 389a91f0-42bd-402c-978d-c68f607ff0f8)
 - New and modified: 0

[22/May/2023:01:00:04] DELETING ACCOUNTS (JobID: 389a91f0-42bd-402c-978d-c68f607ff0f8)
 - Deleted: 0

[22/May/2023:01:00:37] UPDATING PRODUCTS (JobID: 73237afe-bca4-4242-bcf5-885a333cfe0f)
 - New and modified: 0

[22/May/2023:01:00:38] UPDATING PREPAGATI (JobID: b40b2615-7162-42cc-9f04-5bcade702a4d)
 - New and modified: 0

[22/May/2023:01:00:38] DELETING PREPAGATI (JobID: b40b2615-7162-42cc-9f04-5bcade702a4d)
 - Deleted: 0

[22/May/2023:01:10:04] UPDATING ACCOUNTS (JobID: 448cafbc-e359-4250-aca3-2a6688764fd0)
 - New and modified: 0

[22/May/2023:01:10:04] DELETING ACCOUNTS (JobID: 448cafbc-e359-4250-aca3-2a6688764fd0)
 - Deleted: 0

[22/May/2023:01:10:37] UPDATING PRODUCTS (JobID: d5291cf3-bf87-4176-8d4f-b70128a5d29e)
 - New and modified: 0

[22/May/2023:01:10:39] UPDATING PREPAGATI (JobID: b5599378-bfe0-49b4-a2c7-9bb9884323f9)
 - New and modified: 0

[22/May/2023:01:10:39] DELETING PREPAGATI (JobID: b5599378-bfe0-49b4-a2c7-9bb9884323f9)
 - Deleted: 0

[22/May/2023:01:20:04] UPDATING ACCOUNTS (JobID: da80c658-fea5-48d6-85e1-629903d47510)
 - New and modified: 0

[22/May/2023:01:20:04] DELETING ACCOUNTS (JobID: da80c658-fea5-48d6-85e1-629903d47510)
 - Deleted: 0

[22/May/2023:01:20:36] UPDATING PRODUCTS (JobID: 6a926ba8-ea98-4e4b-9825-8099cfe48b1b)
 - New and modified: 0

[22/May/2023:01:20:38] UPDATING PREPAGATI (JobID: 09347968-d8f3-4eb1-9976-0577bb4f4869)
 - New and modified: 0

[22/May/2023:01:20:38] DELETING PREPAGATI (JobID: 09347968-d8f3-4eb1-9976-0577bb4f4869)
 - Deleted: 0

[22/May/2023:01:30:04] UPDATING ACCOUNTS (JobID: 646f7783-6559-4d35-8530-5a440b059422)
 - New and modified: 0

[22/May/2023:01:30:04] DELETING ACCOUNTS (JobID: 646f7783-6559-4d35-8530-5a440b059422)
 - Deleted: 0

[22/May/2023:01:30:36] UPDATING PRODUCTS (JobID: 50e64d1a-93dc-40b5-a5b1-05df376c741d)
 - New and modified: 0

[22/May/2023:01:30:38] UPDATING PREPAGATI (JobID: db0a34e6-1334-43c4-9101-2710c433f258)
 - New and modified: 0

[22/May/2023:01:30:38] DELETING PREPAGATI (JobID: db0a34e6-1334-43c4-9101-2710c433f258)
 - Deleted: 0

[22/May/2023:01:40:04] UPDATING ACCOUNTS (JobID: b6db37ea-4da8-41ba-a3a2-ace0f9be0f63)
 - New and modified: 0

[22/May/2023:01:40:04] DELETING ACCOUNTS (JobID: b6db37ea-4da8-41ba-a3a2-ace0f9be0f63)
 - Deleted: 0

[22/May/2023:01:40:37] UPDATING PRODUCTS (JobID: c14cdf6b-048a-4daa-a55e-38b43ff637ee)
 - New and modified: 0

[22/May/2023:01:40:38] UPDATING PREPAGATI (JobID: a5f88f33-8ce2-4b14-a0ab-026a4639ea6c)
 - New and modified: 0

[22/May/2023:01:40:38] DELETING PREPAGATI (JobID: a5f88f33-8ce2-4b14-a0ab-026a4639ea6c)
 - Deleted: 0

[22/May/2023:01:50:04] UPDATING ACCOUNTS (JobID: 04ec8916-4375-424e-81a1-6bcb2a83914f)
 - New and modified: 0

[22/May/2023:01:50:04] DELETING ACCOUNTS (JobID: 04ec8916-4375-424e-81a1-6bcb2a83914f)
 - Deleted: 0

[22/May/2023:01:50:36] UPDATING PRODUCTS (JobID: dde044c5-a08e-4ce9-8748-8390d418c874)
 - New and modified: 0

[22/May/2023:01:50:37] UPDATING PREPAGATI (JobID: 3da863ff-cdc6-4bcd-a283-8ef9a27f80f2)
 - New and modified: 0

[22/May/2023:01:50:37] DELETING PREPAGATI (JobID: 3da863ff-cdc6-4bcd-a283-8ef9a27f80f2)
 - Deleted: 0

[22/May/2023:02:00:04] UPDATING ACCOUNTS (JobID: 2ef99cee-5302-4167-9b11-8d763de81713)
 - New and modified: 0

[22/May/2023:02:00:04] DELETING ACCOUNTS (JobID: 2ef99cee-5302-4167-9b11-8d763de81713)
 - Deleted: 0

[22/May/2023:02:00:38] UPDATING PRODUCTS (JobID: 8618a7b4-f0a7-4ee8-b7f7-c4e0462bd4e3)
 - New and modified: 0

[22/May/2023:02:00:40] UPDATING PREPAGATI (JobID: 6a41e17f-e7e4-42fe-8e62-5c6ca2ef448e)
 - New and modified: 0

[22/May/2023:02:00:40] DELETING PREPAGATI (JobID: 6a41e17f-e7e4-42fe-8e62-5c6ca2ef448e)
 - Deleted: 0

[22/May/2023:02:10:04] UPDATING ACCOUNTS (JobID: f3318e76-1a03-4922-9691-f3d282851035)
 - New and modified: 0

[22/May/2023:02:10:04] DELETING ACCOUNTS (JobID: f3318e76-1a03-4922-9691-f3d282851035)
 - Deleted: 0

[22/May/2023:02:10:37] UPDATING PRODUCTS (JobID: 59606577-8a5c-4e43-bb67-14e717933790)
 - New and modified: 0

[22/May/2023:02:10:38] UPDATING PREPAGATI (JobID: 60b66eb8-c504-4cf2-8e25-8375db4b5c37)
 - New and modified: 0

[22/May/2023:02:10:38] DELETING PREPAGATI (JobID: 60b66eb8-c504-4cf2-8e25-8375db4b5c37)
 - Deleted: 0

[22/May/2023:02:20:04] UPDATING ACCOUNTS (JobID: 04296784-a7e5-453f-9da6-6024ec81b08a)
 - New and modified: 0

[22/May/2023:02:20:04] DELETING ACCOUNTS (JobID: 04296784-a7e5-453f-9da6-6024ec81b08a)
 - Deleted: 0

[22/May/2023:02:20:37] UPDATING PRODUCTS (JobID: 3b2564f2-a8b6-4100-a91b-97ea3c7aeb8e)
 - New and modified: 0

[22/May/2023:02:20:38] UPDATING PREPAGATI (JobID: 629dae47-7212-4251-b8a7-513d48167c79)
 - New and modified: 0

[22/May/2023:02:20:38] DELETING PREPAGATI (JobID: 629dae47-7212-4251-b8a7-513d48167c79)
 - Deleted: 0

[22/May/2023:02:30:04] UPDATING ACCOUNTS (JobID: 6f604310-cf2a-4c35-b740-aab47dd5aedd)
 - New and modified: 0

[22/May/2023:02:30:04] DELETING ACCOUNTS (JobID: 6f604310-cf2a-4c35-b740-aab47dd5aedd)
 - Deleted: 0

[22/May/2023:02:30:36] UPDATING PRODUCTS (JobID: 3aaea75f-2787-4be0-9fca-f44352a3c3d9)
 - New and modified: 0

[22/May/2023:02:30:38] UPDATING PREPAGATI (JobID: c729c0e5-adc3-4c8c-8de7-f08f2fecde92)
 - New and modified: 0

[22/May/2023:02:30:38] DELETING PREPAGATI (JobID: c729c0e5-adc3-4c8c-8de7-f08f2fecde92)
 - Deleted: 0

[22/May/2023:02:40:04] UPDATING ACCOUNTS (JobID: b2285a38-706b-4a9f-a8b2-d19532cedd5d)
 - New and modified: 0

[22/May/2023:02:40:04] DELETING ACCOUNTS (JobID: b2285a38-706b-4a9f-a8b2-d19532cedd5d)
 - Deleted: 0

[22/May/2023:02:40:36] UPDATING PRODUCTS (JobID: c919a17b-a3bc-47ab-a736-4cbe63675172)
 - New and modified: 0

[22/May/2023:02:40:38] UPDATING PREPAGATI (JobID: b28e7db2-69c5-4526-9c9b-0239ecf733c8)
 - New and modified: 0

[22/May/2023:02:40:38] DELETING PREPAGATI (JobID: b28e7db2-69c5-4526-9c9b-0239ecf733c8)
 - Deleted: 0

[22/May/2023:02:50:04] UPDATING ACCOUNTS (JobID: 2c23323b-653e-4bae-9d25-6164109d2665)
 - New and modified: 0

[22/May/2023:02:50:04] DELETING ACCOUNTS (JobID: 2c23323b-653e-4bae-9d25-6164109d2665)
 - Deleted: 0

[22/May/2023:02:50:37] UPDATING PRODUCTS (JobID: 216e4cd8-6774-462b-97e8-9905f32a6414)
 - New and modified: 0

[22/May/2023:02:50:39] UPDATING PREPAGATI (JobID: b2cd4466-3555-4446-a9b1-be6cea098be5)
 - New and modified: 0

[22/May/2023:02:50:39] DELETING PREPAGATI (JobID: b2cd4466-3555-4446-a9b1-be6cea098be5)
 - Deleted: 0

[22/May/2023:03:00:04] UPDATING ACCOUNTS (JobID: f181c4c9-0330-432c-b086-926484dab109)
 - New and modified: 0

[22/May/2023:03:00:04] DELETING ACCOUNTS (JobID: f181c4c9-0330-432c-b086-926484dab109)
 - Deleted: 0

[22/May/2023:03:00:37] UPDATING PRODUCTS (JobID: 9a22ad5e-0c3d-4500-a660-1aaa4f3ce7c5)
 - New and modified: 0

[22/May/2023:03:00:38] UPDATING PREPAGATI (JobID: daf12c59-1005-4c74-a958-b4db32beeefb)
 - New and modified: 0

[22/May/2023:03:00:38] DELETING PREPAGATI (JobID: daf12c59-1005-4c74-a958-b4db32beeefb)
 - Deleted: 0

[22/May/2023:03:10:04] UPDATING ACCOUNTS (JobID: 2a309c97-e110-41fa-b48a-bbc7d5d2ec22)
 - New and modified: 0

[22/May/2023:03:10:04] DELETING ACCOUNTS (JobID: 2a309c97-e110-41fa-b48a-bbc7d5d2ec22)
 - Deleted: 0

[22/May/2023:03:10:36] UPDATING PRODUCTS (JobID: 705fc6b0-c7b9-462d-b3e1-4f2c4b3cfcce)
 - New and modified: 0

[22/May/2023:03:10:38] UPDATING PREPAGATI (JobID: 4d964f9d-10c6-4768-80cf-e4d2ee1c21c0)
 - New and modified: 0

[22/May/2023:03:10:38] DELETING PREPAGATI (JobID: 4d964f9d-10c6-4768-80cf-e4d2ee1c21c0)
 - Deleted: 0

[22/May/2023:03:20:05] UPDATING ACCOUNTS (JobID: b1a9a623-9cbf-4e8d-8fb2-0af88ce931f0)
 - New and modified: 0

[22/May/2023:03:20:05] DELETING ACCOUNTS (JobID: b1a9a623-9cbf-4e8d-8fb2-0af88ce931f0)
 - Deleted: 0

[22/May/2023:03:20:37] UPDATING PRODUCTS (JobID: 5436697f-9cf3-48e4-9daa-a149755990aa)
 - New and modified: 0

[22/May/2023:03:20:38] UPDATING PREPAGATI (JobID: 063c3afd-6f70-4ad0-993d-06043394d0d2)
 - New and modified: 0

[22/May/2023:03:20:38] DELETING PREPAGATI (JobID: 063c3afd-6f70-4ad0-993d-06043394d0d2)
 - Deleted: 0

[22/May/2023:03:30:04] UPDATING ACCOUNTS (JobID: 9b426fc1-17dd-4521-9ed6-440918b5f7f9)
 - New and modified: 0

[22/May/2023:03:30:04] DELETING ACCOUNTS (JobID: 9b426fc1-17dd-4521-9ed6-440918b5f7f9)
 - Deleted: 0

[22/May/2023:03:30:38] UPDATING PRODUCTS (JobID: 5cd0ac43-cb6f-4fab-b6a2-79dbef0e5b1d)
 - New and modified: 0

[22/May/2023:03:30:40] UPDATING PREPAGATI (JobID: 22c62636-0d79-4b9e-a409-8948448982c5)
 - New and modified: 0

[22/May/2023:03:30:40] DELETING PREPAGATI (JobID: 22c62636-0d79-4b9e-a409-8948448982c5)
 - Deleted: 0

[22/May/2023:03:40:04] UPDATING ACCOUNTS (JobID: 18e2d35b-1171-4244-a8f8-790c953761e5)
 - New and modified: 0

[22/May/2023:03:40:04] DELETING ACCOUNTS (JobID: 18e2d35b-1171-4244-a8f8-790c953761e5)
 - Deleted: 0

[22/May/2023:03:40:36] UPDATING PRODUCTS (JobID: cc7189d7-794f-47da-a7b6-0e884faa774d)
 - New and modified: 0

[22/May/2023:03:40:37] UPDATING PREPAGATI (JobID: 8d7e4ed0-1819-4168-98c8-ea59c741c4c1)
 - New and modified: 0

[22/May/2023:03:40:37] DELETING PREPAGATI (JobID: 8d7e4ed0-1819-4168-98c8-ea59c741c4c1)
 - Deleted: 0

[22/May/2023:03:50:04] UPDATING ACCOUNTS (JobID: a587c873-284a-404c-b655-d149eb6103a8)
 - New and modified: 0

[22/May/2023:03:50:04] DELETING ACCOUNTS (JobID: a587c873-284a-404c-b655-d149eb6103a8)
 - Deleted: 0

[22/May/2023:03:50:36] UPDATING PRODUCTS (JobID: a925aff4-68f4-4b65-b233-b05c8dcd77ce)
 - New and modified: 0

[22/May/2023:03:50:38] UPDATING PREPAGATI (JobID: 24dc29bd-feb3-4d8d-ae3a-3ac8654be9d4)
 - New and modified: 0

[22/May/2023:03:50:38] DELETING PREPAGATI (JobID: 24dc29bd-feb3-4d8d-ae3a-3ac8654be9d4)
 - Deleted: 0

[22/May/2023:04:00:04] UPDATING ACCOUNTS (JobID: d1d81bf4-8196-49f7-9be4-ed49ca099e7b)
 - New and modified: 0

[22/May/2023:04:00:04] DELETING ACCOUNTS (JobID: d1d81bf4-8196-49f7-9be4-ed49ca099e7b)
 - Deleted: 0

[22/May/2023:04:00:39] UPDATING PRODUCTS (JobID: fbd212f8-6600-4c2c-bf15-087a8d0d6e1d)
 - New and modified: 0

[22/May/2023:04:00:40] UPDATING PREPAGATI (JobID: e8604969-5d0e-4eb2-b9dd-bb88a6b4ff41)
 - New and modified: 0

[22/May/2023:04:00:40] DELETING PREPAGATI (JobID: e8604969-5d0e-4eb2-b9dd-bb88a6b4ff41)
 - Deleted: 0

[22/May/2023:04:10:04] UPDATING ACCOUNTS (JobID: bb49befd-7512-46e1-b684-7e4513e18c18)
 - New and modified: 0

[22/May/2023:04:10:04] DELETING ACCOUNTS (JobID: bb49befd-7512-46e1-b684-7e4513e18c18)
 - Deleted: 0

[22/May/2023:04:10:37] UPDATING PRODUCTS (JobID: 5387c66c-472b-470f-8814-d4e9449acd35)
 - New and modified: 0

[22/May/2023:04:10:39] UPDATING PREPAGATI (JobID: ec8546ad-a0bb-4ea6-b1e7-0e30fc34505a)
 - New and modified: 0

[22/May/2023:04:10:39] DELETING PREPAGATI (JobID: ec8546ad-a0bb-4ea6-b1e7-0e30fc34505a)
 - Deleted: 0

[22/May/2023:04:20:04] UPDATING ACCOUNTS (JobID: 8ed42437-32d1-4404-9d31-81d3e2810ac8)
 - New and modified: 0

[22/May/2023:04:20:04] DELETING ACCOUNTS (JobID: 8ed42437-32d1-4404-9d31-81d3e2810ac8)
 - Deleted: 0

[22/May/2023:04:20:37] UPDATING PRODUCTS (JobID: 1614126a-4bde-46f1-a520-0d666f0a52c2)
 - New and modified: 0

[22/May/2023:04:20:39] UPDATING PREPAGATI (JobID: a8092e9f-302e-4601-8629-86b96d936f4c)
 - New and modified: 0

[22/May/2023:04:20:39] DELETING PREPAGATI (JobID: a8092e9f-302e-4601-8629-86b96d936f4c)
 - Deleted: 0

[22/May/2023:04:30:04] UPDATING ACCOUNTS (JobID: 61fdfa84-b0b7-49ed-8768-4b023001fd20)
 - New and modified: 0

[22/May/2023:04:30:04] DELETING ACCOUNTS (JobID: 61fdfa84-b0b7-49ed-8768-4b023001fd20)
 - Deleted: 0

[22/May/2023:04:30:37] UPDATING PRODUCTS (JobID: f9b6bac4-43fe-4f89-958e-05583f3340f7)
 - New and modified: 0

[22/May/2023:04:30:39] UPDATING PREPAGATI (JobID: fb29669f-bcc8-49f6-83d6-d39aaab27fbd)
 - New and modified: 0

[22/May/2023:04:30:39] DELETING PREPAGATI (JobID: fb29669f-bcc8-49f6-83d6-d39aaab27fbd)
 - Deleted: 0

[22/May/2023:04:40:04] UPDATING ACCOUNTS (JobID: ce0cb576-5d3a-4cc5-9fc6-7c8168249d6d)
 - New and modified: 0

[22/May/2023:04:40:04] DELETING ACCOUNTS (JobID: ce0cb576-5d3a-4cc5-9fc6-7c8168249d6d)
 - Deleted: 0

[22/May/2023:04:40:36] UPDATING PRODUCTS (JobID: 2ccb44ee-3f55-4488-b3cb-31a278cdaa6a)
 - New and modified: 0

[22/May/2023:04:40:38] UPDATING PREPAGATI (JobID: 09e5447a-5f94-4884-910d-70633e428d04)
 - New and modified: 0

[22/May/2023:04:40:38] DELETING PREPAGATI (JobID: 09e5447a-5f94-4884-910d-70633e428d04)
 - Deleted: 0

[22/May/2023:04:50:04] UPDATING ACCOUNTS (JobID: bf60a446-8956-4ffc-a726-6a9389e287e0)
 - New and modified: 0

[22/May/2023:04:50:04] DELETING ACCOUNTS (JobID: bf60a446-8956-4ffc-a726-6a9389e287e0)
 - Deleted: 0

[22/May/2023:04:50:36] UPDATING PRODUCTS (JobID: 4af57a78-b922-44c3-922c-f4c6b639d786)
 - New and modified: 0

[22/May/2023:04:50:37] UPDATING PREPAGATI (JobID: 4929e237-31cf-4c8b-b948-02b524fd1a38)
 - New and modified: 0

[22/May/2023:04:50:37] DELETING PREPAGATI (JobID: 4929e237-31cf-4c8b-b948-02b524fd1a38)
 - Deleted: 0

[22/May/2023:05:00:04] UPDATING ACCOUNTS (JobID: e3712f6d-c742-4b31-b763-afeee36a9561)
 - New and modified: 0

[22/May/2023:05:00:04] DELETING ACCOUNTS (JobID: e3712f6d-c742-4b31-b763-afeee36a9561)
 - Deleted: 0

[22/May/2023:05:00:36] UPDATING PRODUCTS (JobID: 3c1e9ab2-2a0e-4cc5-837f-c9b5d52bd0c9)
 - New and modified: 0

[22/May/2023:05:00:38] UPDATING PREPAGATI (JobID: e52f8766-d5f5-4861-822d-d22e3d2e7148)
 - New and modified: 0

[22/May/2023:05:00:38] DELETING PREPAGATI (JobID: e52f8766-d5f5-4861-822d-d22e3d2e7148)
 - Deleted: 0

[22/May/2023:05:10:04] UPDATING ACCOUNTS (JobID: b3e8f053-3025-486d-ac7b-c594f4e619bf)
 - New and modified: 0

[22/May/2023:05:10:04] DELETING ACCOUNTS (JobID: b3e8f053-3025-486d-ac7b-c594f4e619bf)
 - Deleted: 0

[22/May/2023:05:10:36] UPDATING PRODUCTS (JobID: 5d164709-be36-4a2a-bfa7-2f3b791bbe01)
 - New and modified: 0

[22/May/2023:05:10:37] UPDATING PREPAGATI (JobID: c9c283ba-e0c5-4898-b8b9-1f61beaabf77)
 - New and modified: 0

[22/May/2023:05:10:37] DELETING PREPAGATI (JobID: c9c283ba-e0c5-4898-b8b9-1f61beaabf77)
 - Deleted: 0

[22/May/2023:05:20:04] UPDATING ACCOUNTS (JobID: 5954f1be-48f6-4ec0-84c4-8d4be6ef49ae)
 - New and modified: 0

[22/May/2023:05:20:04] DELETING ACCOUNTS (JobID: 5954f1be-48f6-4ec0-84c4-8d4be6ef49ae)
 - Deleted: 0

[22/May/2023:05:20:35] UPDATING PRODUCTS (JobID: fefc98e5-f57a-460d-853a-4ccfcd870386)
 - New and modified: 0

[22/May/2023:05:20:37] UPDATING PREPAGATI (JobID: a26c004d-70d3-465b-b5cc-9a668103d1f3)
 - New and modified: 0

[22/May/2023:05:20:37] DELETING PREPAGATI (JobID: a26c004d-70d3-465b-b5cc-9a668103d1f3)
 - Deleted: 0

[22/May/2023:05:30:04] UPDATING ACCOUNTS (JobID: a8da7ee6-e113-4b0c-842c-47b43189536a)
 - New and modified: 0

[22/May/2023:05:30:04] DELETING ACCOUNTS (JobID: a8da7ee6-e113-4b0c-842c-47b43189536a)
 - Deleted: 0

[22/May/2023:05:30:37] UPDATING PRODUCTS (JobID: d2a35aa4-2a1f-44c9-9704-319232f00632)
 - New and modified: 0

[22/May/2023:05:30:39] UPDATING PREPAGATI (JobID: a4558b3a-0740-4826-9b75-df239ddff6b3)
 - New and modified: 0

[22/May/2023:05:30:39] DELETING PREPAGATI (JobID: a4558b3a-0740-4826-9b75-df239ddff6b3)
 - Deleted: 0

[22/May/2023:05:40:04] UPDATING ACCOUNTS (JobID: 185f182d-cd8e-44a3-8f4a-689ac1196cf5)
 - New and modified: 0

[22/May/2023:05:40:04] DELETING ACCOUNTS (JobID: 185f182d-cd8e-44a3-8f4a-689ac1196cf5)
 - Deleted: 0

[22/May/2023:05:40:37] UPDATING PRODUCTS (JobID: d210ff54-b794-4dae-a92c-2d2faf44df5f)
 - New and modified: 0

[22/May/2023:05:40:39] UPDATING PREPAGATI (JobID: a0a91cf4-927a-40b6-81af-664f4ad1f7a7)
 - New and modified: 0

[22/May/2023:05:40:39] DELETING PREPAGATI (JobID: a0a91cf4-927a-40b6-81af-664f4ad1f7a7)
 - Deleted: 0

[22/May/2023:05:50:05] UPDATING ACCOUNTS (JobID: 8f5f57b2-80a5-4b1d-bad1-57941c156a1d)
 - New and modified: 0

[22/May/2023:05:50:05] DELETING ACCOUNTS (JobID: 8f5f57b2-80a5-4b1d-bad1-57941c156a1d)
 - Deleted: 0

[22/May/2023:05:50:37] UPDATING PRODUCTS (JobID: 3c30633d-d440-4948-b885-3d52ae11808c)
 - New and modified: 0

[22/May/2023:05:50:38] UPDATING PREPAGATI (JobID: ef249941-7b36-4e16-b469-f6a2e3b93f02)
 - New and modified: 0

[22/May/2023:05:50:38] DELETING PREPAGATI (JobID: ef249941-7b36-4e16-b469-f6a2e3b93f02)
 - Deleted: 0

[22/May/2023:06:00:04] UPDATING ACCOUNTS (JobID: 1306b8a3-b67f-4a60-ab3d-b94758f800b4)
 - New and modified: 0

[22/May/2023:06:00:04] DELETING ACCOUNTS (JobID: 1306b8a3-b67f-4a60-ab3d-b94758f800b4)
 - Deleted: 0

[22/May/2023:06:00:36] UPDATING PRODUCTS (JobID: b29ac966-04d6-41ed-9a3b-1acb662a9df4)
 - New and modified: 0

[22/May/2023:06:00:39] UPDATING PREPAGATI (JobID: 2ba524c4-582c-430f-9483-cf7167442b44)
 - New and modified: 0

[22/May/2023:06:00:39] DELETING PREPAGATI (JobID: 2ba524c4-582c-430f-9483-cf7167442b44)
 - Deleted: 0

[22/May/2023:06:10:04] UPDATING ACCOUNTS (JobID: 830942b4-da93-4178-aa68-cc002612aada)
 - New and modified: 0

[22/May/2023:06:10:04] DELETING ACCOUNTS (JobID: 830942b4-da93-4178-aa68-cc002612aada)
 - Deleted: 0

[22/May/2023:06:10:40] UPDATING PRODUCTS (JobID: 1d73a051-717e-40ef-8d1b-dac86adba65a)
 - New and modified: 0

[22/May/2023:06:10:42] UPDATING PREPAGATI (JobID: 75476ff6-f8fa-4aa7-8fe6-ea294f0835b1)
 - New and modified: 0

[22/May/2023:06:10:42] DELETING PREPAGATI (JobID: 75476ff6-f8fa-4aa7-8fe6-ea294f0835b1)
 - Deleted: 0

[22/May/2023:06:20:05] UPDATING ACCOUNTS (JobID: 62ec38b3-6b67-47bf-9d10-c4a735da3d20)
 - New and modified: 0

[22/May/2023:06:20:05] DELETING ACCOUNTS (JobID: 62ec38b3-6b67-47bf-9d10-c4a735da3d20)
 - Deleted: 0

[22/May/2023:06:20:41] UPDATING PRODUCTS (JobID: 1964195f-cd59-4333-b0c1-7467d6eb3453)
 - New and modified: 0

[22/May/2023:06:20:43] UPDATING PREPAGATI (JobID: bca10f57-73bd-48fe-b7bc-5a6ee80fd016)
 - New and modified: 0

[22/May/2023:06:20:43] DELETING PREPAGATI (JobID: bca10f57-73bd-48fe-b7bc-5a6ee80fd016)
 - Deleted: 0

[22/May/2023:06:30:05] UPDATING ACCOUNTS (JobID: b7e3b358-d2b2-4908-a35d-ab0aedc40442)
 - New and modified: 0

[22/May/2023:06:30:05] DELETING ACCOUNTS (JobID: b7e3b358-d2b2-4908-a35d-ab0aedc40442)
 - Deleted: 0

[22/May/2023:06:30:41] UPDATING PRODUCTS (JobID: 1de0f462-03b7-4513-af0e-308f4eb49786)
 - New and modified: 0

[22/May/2023:06:30:42] UPDATING PREPAGATI (JobID: b935f093-1df6-4465-971a-4ec2920687fc)
 - New and modified: 0

[22/May/2023:06:30:42] DELETING PREPAGATI (JobID: b935f093-1df6-4465-971a-4ec2920687fc)
 - Deleted: 0

[22/May/2023:06:40:06] UPDATING ACCOUNTS (JobID: 6729c122-e552-42c9-961e-cb174c13f86f)
 - New and modified: 0

[22/May/2023:06:40:06] DELETING ACCOUNTS (JobID: 6729c122-e552-42c9-961e-cb174c13f86f)
 - Deleted: 0

[22/May/2023:06:40:40] UPDATING PRODUCTS (JobID: 3166138f-d155-4388-ab41-4175416b361d)
 - New and modified: 0

[22/May/2023:06:40:41] UPDATING PREPAGATI (JobID: fdd7d57f-c6e4-4795-8e0d-e931a42799ab)
 - New and modified: 0

[22/May/2023:06:40:41] DELETING PREPAGATI (JobID: fdd7d57f-c6e4-4795-8e0d-e931a42799ab)
 - Deleted: 0

[22/May/2023:06:50:04] UPDATING ACCOUNTS (JobID: ba46e098-947e-4cca-a201-6a8d8420bc47)
 - New and modified: 0

[22/May/2023:06:50:04] DELETING ACCOUNTS (JobID: ba46e098-947e-4cca-a201-6a8d8420bc47)
 - Deleted: 0

[22/May/2023:06:50:38] UPDATING PRODUCTS (JobID: 33c9f4a1-3e6b-42d5-8e25-83e2ebcd9e17)
 - New and modified: 0

[22/May/2023:06:50:40] UPDATING PREPAGATI (JobID: f97a0692-b884-456b-bdb2-a29c83782e30)
 - New and modified: 0

[22/May/2023:06:50:40] DELETING PREPAGATI (JobID: f97a0692-b884-456b-bdb2-a29c83782e30)
 - Deleted: 0

[22/May/2023:07:00:16] UPDATING ACCOUNTS (JobID: e7d9d672-f4c0-46a9-8d2c-ddda8efff16b)
 - New and modified: 0

[22/May/2023:07:00:16] DELETING ACCOUNTS (JobID: e7d9d672-f4c0-46a9-8d2c-ddda8efff16b)
 - Deleted: 0

[22/May/2023:07:00:48] UPDATING PRODUCTS (JobID: e04b0edd-ac23-4b19-897f-96468cd2501b)
 - New and modified: 0

[22/May/2023:07:00:50] UPDATING PREPAGATI (JobID: 1c7c2255-7ab3-4e8d-ab32-b73c5cf662d3)
 - New and modified: 0

[22/May/2023:07:00:50] DELETING PREPAGATI (JobID: 1c7c2255-7ab3-4e8d-ab32-b73c5cf662d3)
 - Deleted: 0

[22/May/2023:07:10:03] UPDATING ACCOUNTS (JobID: 2f526918-0d43-4d3a-8cd9-d71156018840)
 - New and modified: 0

[22/May/2023:07:10:03] DELETING ACCOUNTS (JobID: 2f526918-0d43-4d3a-8cd9-d71156018840)
 - Deleted: 0

[22/May/2023:07:10:36] UPDATING PRODUCTS (JobID: ee732d0f-6b6e-4a09-9f54-f46671749d92)
 - New and modified: 0

[22/May/2023:07:10:38] UPDATING PREPAGATI (JobID: c5af82a3-eff2-4d84-9053-505dedc147d3)
 - New and modified: 0

[22/May/2023:07:10:38] DELETING PREPAGATI (JobID: c5af82a3-eff2-4d84-9053-505dedc147d3)
 - Deleted: 0

[22/May/2023:07:20:05] UPDATING ACCOUNTS (JobID: f9f04593-167f-44f2-85f2-fa5ef0923904)
 - New and modified: 0

[22/May/2023:07:20:05] DELETING ACCOUNTS (JobID: f9f04593-167f-44f2-85f2-fa5ef0923904)
 - Deleted: 0

[22/May/2023:07:20:40] UPDATING PRODUCTS (JobID: e50c79ef-c739-46e7-a552-3956d1739938)
 - New and modified: 0

[22/May/2023:07:20:42] UPDATING PREPAGATI (JobID: 8b49d7f0-0feb-49bb-955d-009af285d9fb)
 - New and modified: 0

[22/May/2023:07:20:42] DELETING PREPAGATI (JobID: 8b49d7f0-0feb-49bb-955d-009af285d9fb)
 - Deleted: 0

[22/May/2023:07:30:04] UPDATING ACCOUNTS (JobID: 210699ba-3e4d-45b0-871b-8d220e21eb2c)
 - New and modified: 0

[22/May/2023:07:30:04] DELETING ACCOUNTS (JobID: 210699ba-3e4d-45b0-871b-8d220e21eb2c)
 - Deleted: 0

[22/May/2023:07:30:39] UPDATING PRODUCTS (JobID: 6b37324f-a395-4cec-9d36-dc5b3d352df4)
 - New and modified: 0

[22/May/2023:07:30:41] UPDATING PREPAGATI (JobID: c00693cf-6f2d-4112-b422-a99d97016e4a)
 - New and modified: 0

[22/May/2023:07:30:41] DELETING PREPAGATI (JobID: c00693cf-6f2d-4112-b422-a99d97016e4a)
 - Deleted: 0

[22/May/2023:07:40:04] UPDATING ACCOUNTS (JobID: 6716d49f-9dbf-4db8-aaad-fe3da96500bf)
 - New and modified: 0

[22/May/2023:07:40:04] DELETING ACCOUNTS (JobID: 6716d49f-9dbf-4db8-aaad-fe3da96500bf)
 - Deleted: 0

[22/May/2023:07:40:38] UPDATING PRODUCTS (JobID: 2bad2078-e115-4201-b0b2-6d596da651f1)
 - New and modified: 0

[22/May/2023:07:40:40] UPDATING PREPAGATI (JobID: 8d911469-0ef3-4027-82bb-f2d8e3318896)
 - New and modified: 0

[22/May/2023:07:40:40] DELETING PREPAGATI (JobID: 8d911469-0ef3-4027-82bb-f2d8e3318896)
 - Deleted: 0

[22/May/2023:07:50:06] UPDATING ACCOUNTS (JobID: daf8c279-d022-4565-b5a5-813b81753fa0)
 - New and modified: 0

[22/May/2023:07:50:06] DELETING ACCOUNTS (JobID: daf8c279-d022-4565-b5a5-813b81753fa0)
 - Deleted: 0

[22/May/2023:07:50:43] UPDATING PRODUCTS (JobID: f089a163-5418-4c33-ac6e-920e25b5ee42)
 - New and modified: 0

[22/May/2023:07:50:44] UPDATING PREPAGATI (JobID: 1ac226bc-0b38-44e4-ba41-dd6747bf476c)
 - New and modified: 0

[22/May/2023:07:50:44] DELETING PREPAGATI (JobID: 1ac226bc-0b38-44e4-ba41-dd6747bf476c)
 - Deleted: 0

[22/May/2023:08:00:05] UPDATING ACCOUNTS (JobID: e675a121-7eb3-4b06-b627-0ca3a2ad603a)
 - New and modified: 0

[22/May/2023:08:00:05] DELETING ACCOUNTS (JobID: e675a121-7eb3-4b06-b627-0ca3a2ad603a)
 - Deleted: 0

[22/May/2023:08:00:41] UPDATING PRODUCTS (JobID: 0795be3b-d644-49c6-9228-8137873646e3)
 - New and modified: 0

[22/May/2023:08:00:43] UPDATING PREPAGATI (JobID: 42dd5a31-f3cb-440b-b35e-14e5d150a6d4)
 - New and modified: 0

[22/May/2023:08:00:43] DELETING PREPAGATI (JobID: 42dd5a31-f3cb-440b-b35e-14e5d150a6d4)
 - Deleted: 0

[22/May/2023:08:10:05] UPDATING ACCOUNTS (JobID: 2924f8a4-107f-4c9c-9000-ec7299d41221)
 - New and modified: 0

[22/May/2023:08:10:05] DELETING ACCOUNTS (JobID: 2924f8a4-107f-4c9c-9000-ec7299d41221)
 - Deleted: 0

[22/May/2023:08:10:41] UPDATING PRODUCTS (JobID: 11317521-f398-49ab-9047-e1cb4f566861)
 - New and modified: 0

[22/May/2023:08:10:43] UPDATING PREPAGATI (JobID: e6223f79-4fc5-4b63-a4a1-34ab9183ef1b)
 - New and modified: 0

[22/May/2023:08:10:43] DELETING PREPAGATI (JobID: e6223f79-4fc5-4b63-a4a1-34ab9183ef1b)
 - Deleted: 0

[22/May/2023:08:20:05] UPDATING ACCOUNTS (JobID: 7c816f5a-f423-401f-8f6c-3e444c13f98a)
 - New and modified: 0

[22/May/2023:08:20:05] DELETING ACCOUNTS (JobID: 7c816f5a-f423-401f-8f6c-3e444c13f98a)
 - Deleted: 0

[22/May/2023:08:20:40] UPDATING PRODUCTS (JobID: a68bfe7d-9cfd-4799-810a-0b5b2565c47a)
 - New and modified: 0

[22/May/2023:08:20:42] UPDATING PREPAGATI (JobID: 647f7d69-f455-47e1-b0e1-80dc71ee73c9)
 - New and modified: 0

[22/May/2023:08:20:42] DELETING PREPAGATI (JobID: 647f7d69-f455-47e1-b0e1-80dc71ee73c9)
 - Deleted: 0

[22/May/2023:08:30:05] UPDATING ACCOUNTS (JobID: e07ed306-ec5e-4501-9c59-d8cacb95e226)
 - New and modified: 0

[22/May/2023:08:30:05] DELETING ACCOUNTS (JobID: e07ed306-ec5e-4501-9c59-d8cacb95e226)
 - Deleted: 0

[22/May/2023:08:30:41] UPDATING PRODUCTS (JobID: ae30a6cc-bb0f-4ce4-9c7b-13c9fc7d39c7)
 - New and modified: 0

[22/May/2023:08:30:43] UPDATING PREPAGATI (JobID: 18513bb7-37d5-473e-a38f-9ba1ef0d64ac)
 - New and modified: 0

[22/May/2023:08:30:43] DELETING PREPAGATI (JobID: 18513bb7-37d5-473e-a38f-9ba1ef0d64ac)
 - Deleted: 0

[22/May/2023:08:40:05] UPDATING ACCOUNTS (JobID: a72accd2-ed55-43aa-9b48-29742c845e54)
 - New and modified: 0

[22/May/2023:08:40:05] DELETING ACCOUNTS (JobID: a72accd2-ed55-43aa-9b48-29742c845e54)
 - Deleted: 0

[22/May/2023:08:40:41] UPDATING PRODUCTS (JobID: 4bf53839-d021-49d2-824f-407b79ed7202)
 - New and modified: 0

[22/May/2023:08:40:43] UPDATING PREPAGATI (JobID: b4b4bcc5-12bd-4165-b574-5920f58fe6d9)
 - New and modified: 0

[22/May/2023:08:40:43] DELETING PREPAGATI (JobID: b4b4bcc5-12bd-4165-b574-5920f58fe6d9)
 - Deleted: 0

[22/May/2023:08:50:05] UPDATING ACCOUNTS (JobID: 1eca80c5-e92f-49d8-bf5d-e91b68c663a8)
 - New and modified: 0

[22/May/2023:08:50:05] DELETING ACCOUNTS (JobID: 1eca80c5-e92f-49d8-bf5d-e91b68c663a8)
 - Deleted: 0

[22/May/2023:08:50:40] UPDATING PRODUCTS (JobID: ffa879a3-8eaa-4bec-9194-1288a7374e36)
 - New and modified: 0

[22/May/2023:08:50:42] UPDATING PREPAGATI (JobID: e744a505-0259-4b72-9860-b7af8de19897)
 - New and modified: 0

[22/May/2023:08:50:42] DELETING PREPAGATI (JobID: e744a505-0259-4b72-9860-b7af8de19897)
 - Deleted: 0

[22/May/2023:09:00:06] UPDATING ACCOUNTS (JobID: b77c26c8-bf0c-4652-af00-c4f38014828a)
 - New and modified: 0

[22/May/2023:09:00:06] DELETING ACCOUNTS (JobID: b77c26c8-bf0c-4652-af00-c4f38014828a)
 - Deleted: 0

[22/May/2023:09:00:43] UPDATING PRODUCTS (JobID: 3d456c2c-4d35-41c2-ad59-993d4bef53e7)
 - New and modified: 0

[22/May/2023:09:00:45] UPDATING PREPAGATI (JobID: 9f59ec18-c77a-4f5a-b822-ab23a6f4db60)
 - New and modified: 0

[22/May/2023:09:00:45] DELETING PREPAGATI (JobID: 9f59ec18-c77a-4f5a-b822-ab23a6f4db60)
 - Deleted: 0

[22/May/2023:09:10:04] UPDATING ACCOUNTS (JobID: d39b9937-4447-4e66-bd3d-6bd956d60385)
 - New and modified: 0

[22/May/2023:09:10:04] DELETING ACCOUNTS (JobID: d39b9937-4447-4e66-bd3d-6bd956d60385)
 - Deleted: 0

[22/May/2023:09:10:39] UPDATING PRODUCTS (JobID: 8051f04a-436a-43e9-926c-afae4813e6a4)
 - New and modified: 0

[22/May/2023:09:10:41] UPDATING PREPAGATI (JobID: 03424987-a56a-4511-8579-f38fdccf552a)
 - New and modified: 0

[22/May/2023:09:10:41] DELETING PREPAGATI (JobID: 03424987-a56a-4511-8579-f38fdccf552a)
 - Deleted: 0

[22/May/2023:09:20:05] UPDATING ACCOUNTS (JobID: 623132c5-53fb-4c89-b80e-fe1fd58d909b)
 - New and modified: 0

[22/May/2023:09:20:05] DELETING ACCOUNTS (JobID: 623132c5-53fb-4c89-b80e-fe1fd58d909b)
 - Deleted: 0

[22/May/2023:09:20:41] UPDATING PRODUCTS (JobID: 4064542b-4a2a-4260-9dcb-4944e45acbda)
 - New and modified: 0

[22/May/2023:09:20:43] UPDATING PREPAGATI (JobID: 0df39875-409d-4fc3-a596-3e9236bee406)
 - New and modified: 0

[22/May/2023:09:20:43] DELETING PREPAGATI (JobID: 0df39875-409d-4fc3-a596-3e9236bee406)
 - Deleted: 0

[22/May/2023:09:40:05] UPDATING ACCOUNTS (JobID: 587ee779-b52f-4c9f-8e53-7c719a44475d)
 - New and modified: 0

[22/May/2023:09:40:05] DELETING ACCOUNTS (JobID: 587ee779-b52f-4c9f-8e53-7c719a44475d)
 - Deleted: 0

[22/May/2023:09:40:39] UPDATING PRODUCTS (JobID: 31124b51-5055-43d0-8fca-c7dfd0f3fb7c)
 - New and modified: 0

[22/May/2023:09:40:41] UPDATING PREPAGATI (JobID: ab8c5a33-edb7-490b-9cea-573ee803d3ec)
 - New and modified: 0

[22/May/2023:09:40:41] DELETING PREPAGATI (JobID: ab8c5a33-edb7-490b-9cea-573ee803d3ec)
 - Deleted: 0

[22/May/2023:09:50:04] UPDATING ACCOUNTS (JobID: 1638fe01-c65b-4303-ad11-00793253cf36)
 - New and modified: 0

[22/May/2023:09:50:04] DELETING ACCOUNTS (JobID: 1638fe01-c65b-4303-ad11-00793253cf36)
 - Deleted: 0

[22/May/2023:09:50:38] UPDATING PRODUCTS (JobID: 28fa0a68-748f-4dc0-9a24-5932a61f9ccc)
 - New and modified: 0

[22/May/2023:09:50:39] UPDATING PREPAGATI (JobID: 06dde99c-7f24-466d-93d6-7521993b0250)
 - New and modified: 0

[22/May/2023:09:50:39] DELETING PREPAGATI (JobID: 06dde99c-7f24-466d-93d6-7521993b0250)
 - Deleted: 0

[22/May/2023:10:00:04] UPDATING ACCOUNTS (JobID: aae607d8-ceb8-4256-ade8-dab8ed46b88b)
 - New and modified: 0

[22/May/2023:10:00:04] DELETING ACCOUNTS (JobID: aae607d8-ceb8-4256-ade8-dab8ed46b88b)
 - Deleted: 0

[22/May/2023:10:00:39] UPDATING PRODUCTS (JobID: 1c9a2efa-54b5-4807-a8ba-9efbd561e4c5)
 - New and modified: 0

[22/May/2023:10:00:40] UPDATING PREPAGATI (JobID: c694a416-b38f-4f31-952e-5d732ccf5547)
 - New and modified: 0

[22/May/2023:10:00:40] DELETING PREPAGATI (JobID: c694a416-b38f-4f31-952e-5d732ccf5547)
 - Deleted: 0

[22/May/2023:10:10:05] UPDATING ACCOUNTS (JobID: 7a14b6d3-bc56-4b4d-bed5-4413415b51cb)
 - New and modified: 0

[22/May/2023:10:10:05] DELETING ACCOUNTS (JobID: 7a14b6d3-bc56-4b4d-bed5-4413415b51cb)
 - Deleted: 0

[22/May/2023:10:10:40] UPDATING PRODUCTS (JobID: 236d6e9a-3d17-43d8-b20f-a8470d498842)
 - New and modified: 0

[22/May/2023:10:10:43] UPDATING PREPAGATI (JobID: a355c341-54e4-4b55-b883-a2cc5ee1dd8e)
 - New and modified: 0

[22/May/2023:10:10:43] DELETING PREPAGATI (JobID: a355c341-54e4-4b55-b883-a2cc5ee1dd8e)
 - Deleted: 0

[22/May/2023:10:20:04] UPDATING ACCOUNTS (JobID: d56ab4f1-e421-4376-ae5d-a29239d6960e)
 - New and modified: 0

[22/May/2023:10:20:04] DELETING ACCOUNTS (JobID: d56ab4f1-e421-4376-ae5d-a29239d6960e)
 - Deleted: 0

[22/May/2023:10:20:39] UPDATING PRODUCTS (JobID: c2742331-e9a7-4e6f-8c98-cf5b81b11e92)
 - New and modified: 0

[22/May/2023:10:20:41] UPDATING PREPAGATI (JobID: 68831ac8-f194-4a15-b9cc-756df7cd3b72)
 - New and modified: 0

[22/May/2023:10:20:41] DELETING PREPAGATI (JobID: 68831ac8-f194-4a15-b9cc-756df7cd3b72)
 - Deleted: 0

[22/May/2023:10:30:05] UPDATING ACCOUNTS (JobID: 91da2149-8477-4992-86e4-abb9685784a6)
 - New and modified: 0

[22/May/2023:10:30:05] DELETING ACCOUNTS (JobID: 91da2149-8477-4992-86e4-abb9685784a6)
 - Deleted: 0

[22/May/2023:10:30:38] UPDATING PRODUCTS (JobID: 3da816f3-c13d-46e0-8652-1c59b1315da4)
 - New and modified: 0

[22/May/2023:10:30:40] UPDATING PREPAGATI (JobID: a02113a7-482b-4ee3-8695-3aec68c9c879)
 - New and modified: 0

[22/May/2023:10:30:40] DELETING PREPAGATI (JobID: a02113a7-482b-4ee3-8695-3aec68c9c879)
 - Deleted: 0

[22/May/2023:10:40:04] UPDATING ACCOUNTS (JobID: 259833ea-a5aa-4268-bff1-3c98cedbd92a)
 - New and modified: 0

[22/May/2023:10:40:04] DELETING ACCOUNTS (JobID: 259833ea-a5aa-4268-bff1-3c98cedbd92a)
 - Deleted: 0

[22/May/2023:10:40:37] UPDATING PRODUCTS (JobID: ef9c795c-d643-4339-a8c6-377f43fd0b64)
 - New and modified: 0

[22/May/2023:10:40:39] UPDATING PREPAGATI (JobID: 8ef30d14-cc42-44f5-964f-347b98feb53b)
 - New and modified: 0

[22/May/2023:10:40:39] DELETING PREPAGATI (JobID: 8ef30d14-cc42-44f5-964f-347b98feb53b)
 - Deleted: 0

[22/May/2023:10:50:04] UPDATING ACCOUNTS (JobID: 2876d608-86bb-4e3e-9582-25345b1e3646)
 - New and modified: 0

[22/May/2023:10:50:04] DELETING ACCOUNTS (JobID: 2876d608-86bb-4e3e-9582-25345b1e3646)
 - Deleted: 0

[22/May/2023:10:50:37] UPDATING PRODUCTS (JobID: e0647dac-1455-449e-9a0f-567f9cf1e726)
 - New and modified: 0

[22/May/2023:10:50:38] UPDATING PREPAGATI (JobID: 381b3ba5-788c-4edb-b7df-8f62ed37bd99)
 - New and modified: 0

[22/May/2023:10:50:38] DELETING PREPAGATI (JobID: 381b3ba5-788c-4edb-b7df-8f62ed37bd99)
 - Deleted: 0

[22/May/2023:11:00:04] UPDATING ACCOUNTS (JobID: 26fe58b4-4274-483a-8108-b14056220b79)
 - New and modified: 0

[22/May/2023:11:00:04] DELETING ACCOUNTS (JobID: 26fe58b4-4274-483a-8108-b14056220b79)
 - Deleted: 0

[22/May/2023:11:00:37] UPDATING PRODUCTS (JobID: 1315cb41-625c-48e3-8b02-72f0a1e28dbc)
 - New and modified: 0

[22/May/2023:11:00:38] UPDATING PREPAGATI (JobID: ce5a2ecf-04bd-4d1c-8eae-e6f65601dbe4)
 - New and modified: 0

[22/May/2023:11:00:38] DELETING PREPAGATI (JobID: ce5a2ecf-04bd-4d1c-8eae-e6f65601dbe4)
 - Deleted: 0

[22/May/2023:11:10:04] UPDATING ACCOUNTS (JobID: cbe69a13-905d-4a7a-9e33-dd8c859644ff)
 - New and modified: 0

[22/May/2023:11:10:04] DELETING ACCOUNTS (JobID: cbe69a13-905d-4a7a-9e33-dd8c859644ff)
 - Deleted: 0

[22/May/2023:11:10:39] UPDATING PRODUCTS (JobID: e83c7433-c767-4d9a-80fe-6d187531a58d)
 - New and modified: 0

[22/May/2023:11:10:41] UPDATING PREPAGATI (JobID: c78a5d27-4b64-4cd8-b9e3-c446822c5029)
 - New and modified: 0

[22/May/2023:11:10:41] DELETING PREPAGATI (JobID: c78a5d27-4b64-4cd8-b9e3-c446822c5029)
 - Deleted: 0

[22/May/2023:11:20:04] UPDATING ACCOUNTS (JobID: 09ccd7b5-177c-4429-975c-25f1883d914e)
 - New and modified: 0

[22/May/2023:11:20:04] DELETING ACCOUNTS (JobID: 09ccd7b5-177c-4429-975c-25f1883d914e)
 - Deleted: 0

[22/May/2023:11:20:39] UPDATING PRODUCTS (JobID: 4be297d7-7820-4c1a-abce-c59444289181)
 - New and modified: 0

[22/May/2023:11:20:41] UPDATING PREPAGATI (JobID: ad556b1a-e5a7-4120-8940-172df8d8b7ef)
 - New and modified: 0

[22/May/2023:11:20:41] DELETING PREPAGATI (JobID: ad556b1a-e5a7-4120-8940-172df8d8b7ef)
 - Deleted: 0

[22/May/2023:11:30:04] UPDATING ACCOUNTS (JobID: e801f563-3541-420c-9d36-1e0314749335)
 - New and modified: 0

[22/May/2023:11:30:04] DELETING ACCOUNTS (JobID: e801f563-3541-420c-9d36-1e0314749335)
 - Deleted: 0

[22/May/2023:11:30:37] UPDATING PRODUCTS (JobID: faa15ae8-2529-4de3-b05b-f01d95256e7f)
 - New and modified: 0

[22/May/2023:11:30:39] UPDATING PREPAGATI (JobID: 87f75344-7855-497d-bd3f-e94573560662)
 - New and modified: 0

[22/May/2023:11:30:39] DELETING PREPAGATI (JobID: 87f75344-7855-497d-bd3f-e94573560662)
 - Deleted: 0

[22/May/2023:11:40:04] UPDATING ACCOUNTS (JobID: 3234971c-84c0-4313-8503-fe98e1b1d374)
 - New and modified: 0

[22/May/2023:11:40:04] DELETING ACCOUNTS (JobID: 3234971c-84c0-4313-8503-fe98e1b1d374)
 - Deleted: 0

[22/May/2023:11:40:37] UPDATING PRODUCTS (JobID: 2e30179d-d687-4a41-b01a-b8ba7ff8f7c7)
 - New and modified: 0

[22/May/2023:11:40:39] UPDATING PREPAGATI (JobID: e13dd5b0-eb1b-4329-affe-42ba701c803f)
 - New and modified: 0

[22/May/2023:11:40:39] DELETING PREPAGATI (JobID: e13dd5b0-eb1b-4329-affe-42ba701c803f)
 - Deleted: 0

[22/May/2023:11:50:04] UPDATING ACCOUNTS (JobID: 111273f6-5e79-4171-9e38-3c12d04d636f)
 - New and modified: 0

[22/May/2023:11:50:04] DELETING ACCOUNTS (JobID: 111273f6-5e79-4171-9e38-3c12d04d636f)
 - Deleted: 0

[22/May/2023:11:50:37] UPDATING PRODUCTS (JobID: ea55a7fb-5676-4299-8893-9666f789da79)
 - New and modified: 0

[22/May/2023:11:50:38] UPDATING PREPAGATI (JobID: 172c4b01-d86e-450b-8d32-c847add52544)
 - New and modified: 0

[22/May/2023:11:50:38] DELETING PREPAGATI (JobID: 172c4b01-d86e-450b-8d32-c847add52544)
 - Deleted: 0

[22/May/2023:12:00:05] UPDATING ACCOUNTS (JobID: 6df21bab-8958-4fd2-99a4-c06a92ddf53f)
 - New and modified: 0

[22/May/2023:12:00:05] DELETING ACCOUNTS (JobID: 6df21bab-8958-4fd2-99a4-c06a92ddf53f)
 - Deleted: 0

[22/May/2023:12:00:40] UPDATING PRODUCTS (JobID: 9f617ea4-b992-4712-a056-b23685637871)
 - New and modified: 0

[22/May/2023:12:00:42] UPDATING PREPAGATI (JobID: 7690b263-cad2-478f-b7c5-94037867fcd2)
 - New and modified: 0

[22/May/2023:12:00:42] DELETING PREPAGATI (JobID: 7690b263-cad2-478f-b7c5-94037867fcd2)
 - Deleted: 0

[22/May/2023:12:10:04] UPDATING ACCOUNTS (JobID: b10efd6b-3c16-416d-a4c6-c791f032aa3e)
 - New and modified: 0

[22/May/2023:12:10:04] DELETING ACCOUNTS (JobID: b10efd6b-3c16-416d-a4c6-c791f032aa3e)
 - Deleted: 0

[22/May/2023:12:10:38] UPDATING PRODUCTS (JobID: f9ad8c0e-04e5-4fbe-ae75-f6a7ade8b430)
 - New and modified: 0

[22/May/2023:12:10:40] UPDATING PREPAGATI (JobID: 3d62b21c-8ab2-4994-af34-7a62f42188f7)
 - New and modified: 0

[22/May/2023:12:10:40] DELETING PREPAGATI (JobID: 3d62b21c-8ab2-4994-af34-7a62f42188f7)
 - Deleted: 0

[22/May/2023:12:20:04] UPDATING ACCOUNTS (JobID: d780f629-ff66-47aa-a197-7827274ed4d2)
 - New and modified: 0

[22/May/2023:12:20:04] DELETING ACCOUNTS (JobID: d780f629-ff66-47aa-a197-7827274ed4d2)
 - Deleted: 0

[22/May/2023:12:20:37] UPDATING PRODUCTS (JobID: f166c647-51ff-49dd-a2bc-c2104e49b56b)
 - New and modified: 0

[22/May/2023:12:20:39] UPDATING PREPAGATI (JobID: cde09598-be7d-403c-9ae9-7e2058229241)
 - New and modified: 0

[22/May/2023:12:20:39] DELETING PREPAGATI (JobID: cde09598-be7d-403c-9ae9-7e2058229241)
 - Deleted: 0

[22/May/2023:12:30:04] UPDATING ACCOUNTS (JobID: 08bef973-a997-4a04-8ad5-8f777f32f07a)
 - New and modified: 0

[22/May/2023:12:30:04] DELETING ACCOUNTS (JobID: 08bef973-a997-4a04-8ad5-8f777f32f07a)
 - Deleted: 0

[22/May/2023:12:30:39] UPDATING PRODUCTS (JobID: 448b23d4-8832-4d98-9e11-32a52e1ed43b)
 - New and modified: 0

[22/May/2023:12:30:40] UPDATING PREPAGATI (JobID: 685ec471-a9f4-4f4d-9650-6abf4d385bb6)
 - New and modified: 0

[22/May/2023:12:30:40] DELETING PREPAGATI (JobID: 685ec471-a9f4-4f4d-9650-6abf4d385bb6)
 - Deleted: 0

[22/May/2023:12:40:03] UPDATING ACCOUNTS (JobID: 45e40f2e-0c79-43f2-9bad-a5d4cfe3fd3a)
 - New and modified: 0

[22/May/2023:12:40:03] DELETING ACCOUNTS (JobID: 45e40f2e-0c79-43f2-9bad-a5d4cfe3fd3a)
 - Deleted: 0

[22/May/2023:12:40:36] UPDATING PRODUCTS (JobID: 8bd9e309-500f-46a8-9b99-267aae17387a)
 - New and modified: 0

[22/May/2023:12:40:37] UPDATING PREPAGATI (JobID: a8b6decf-1b73-43b8-97a7-ae4da902b667)
 - New and modified: 0

[22/May/2023:12:40:37] DELETING PREPAGATI (JobID: a8b6decf-1b73-43b8-97a7-ae4da902b667)
 - Deleted: 0

[22/May/2023:12:50:04] UPDATING ACCOUNTS (JobID: 7a8619cb-16da-4d35-b892-7d80e0d295f0)
 - New and modified: 0

[22/May/2023:12:50:04] DELETING ACCOUNTS (JobID: 7a8619cb-16da-4d35-b892-7d80e0d295f0)
 - Deleted: 0

[22/May/2023:12:50:36] UPDATING PRODUCTS (JobID: 95343d28-43e3-446c-a5b5-d03a9848ca43)
 - New and modified: 0

[22/May/2023:12:50:38] UPDATING PREPAGATI (JobID: a9e4271d-163d-4226-8bd6-153abfc387ed)
 - New and modified: 0

[22/May/2023:12:50:38] DELETING PREPAGATI (JobID: a9e4271d-163d-4226-8bd6-153abfc387ed)
 - Deleted: 0

[22/May/2023:13:00:05] UPDATING ACCOUNTS (JobID: 572568de-01d4-4e4a-a027-e8e77d7e28a1)
 - New and modified: 0

[22/May/2023:13:00:05] DELETING ACCOUNTS (JobID: 572568de-01d4-4e4a-a027-e8e77d7e28a1)
 - Deleted: 0

[22/May/2023:13:00:38] UPDATING PRODUCTS (JobID: d87b24ac-2329-4aea-b19f-ca9efbb8ffbf)
 - New and modified: 0

[22/May/2023:13:00:40] UPDATING PREPAGATI (JobID: 797b0cc0-85b7-4ea0-8f21-6649c4e0d809)
 - New and modified: 0

[22/May/2023:13:00:40] DELETING PREPAGATI (JobID: 797b0cc0-85b7-4ea0-8f21-6649c4e0d809)
 - Deleted: 0

[22/May/2023:13:10:04] UPDATING ACCOUNTS (JobID: 98381e84-4b80-432d-9115-c970c584ed63)
 - New and modified: 0

[22/May/2023:13:10:04] DELETING ACCOUNTS (JobID: 98381e84-4b80-432d-9115-c970c584ed63)
 - Deleted: 0

[22/May/2023:13:10:38] UPDATING PRODUCTS (JobID: 0f2d0277-0edc-4c9c-882e-4bc3ea1c326f)
 - New and modified: 0

[22/May/2023:13:10:40] UPDATING PREPAGATI (JobID: 123e249c-96f1-4886-b813-4b9376d0da85)
 - New and modified: 0

[22/May/2023:13:10:40] DELETING PREPAGATI (JobID: 123e249c-96f1-4886-b813-4b9376d0da85)
 - Deleted: 0

[22/May/2023:13:20:04] UPDATING ACCOUNTS (JobID: 93e01033-6152-4579-9536-235d7cddefc1)
 - New and modified: 0

[22/May/2023:13:20:04] DELETING ACCOUNTS (JobID: 93e01033-6152-4579-9536-235d7cddefc1)
 - Deleted: 0

[22/May/2023:13:20:37] UPDATING PRODUCTS (JobID: 740969c8-6acd-435e-a6e6-77d58725c757)
 - New and modified: 0

[22/May/2023:13:20:39] UPDATING PREPAGATI (JobID: 18648f2e-e172-4b89-bf00-ec1cbaab00d0)
 - New and modified: 0

[22/May/2023:13:20:39] DELETING PREPAGATI (JobID: 18648f2e-e172-4b89-bf00-ec1cbaab00d0)
 - Deleted: 0

[22/May/2023:13:30:04] UPDATING ACCOUNTS (JobID: 1ef80b7c-879b-41a2-afa9-b2869311eea7)
 - New and modified: 0

[22/May/2023:13:30:04] DELETING ACCOUNTS (JobID: 1ef80b7c-879b-41a2-afa9-b2869311eea7)
 - Deleted: 0

[22/May/2023:13:30:36] UPDATING PRODUCTS (JobID: 2706d4ce-65c7-42ef-aebd-e3d5b04a9911)
 - New and modified: 0

[22/May/2023:13:30:38] UPDATING PREPAGATI (JobID: d6672c44-6ab3-48cf-a9d1-7e476fc3b94d)
 - New and modified: 0

[22/May/2023:13:30:38] DELETING PREPAGATI (JobID: d6672c44-6ab3-48cf-a9d1-7e476fc3b94d)
 - Deleted: 0

[22/May/2023:13:40:04] UPDATING ACCOUNTS (JobID: ae95795a-aac8-48c6-952c-8487adf7d592)
 - New and modified: 0

[22/May/2023:13:40:04] DELETING ACCOUNTS (JobID: ae95795a-aac8-48c6-952c-8487adf7d592)
 - Deleted: 0

[22/May/2023:13:40:36] UPDATING PRODUCTS (JobID: d888e29f-b587-45bc-89a4-9edfb774d132)
 - New and modified: 0

[22/May/2023:13:40:37] UPDATING PREPAGATI (JobID: 239cbe41-1b78-43ea-97e6-961711f6cab6)
 - New and modified: 0

[22/May/2023:13:40:37] DELETING PREPAGATI (JobID: 239cbe41-1b78-43ea-97e6-961711f6cab6)
 - Deleted: 0

[22/May/2023:13:50:09] UPDATING ACCOUNTS (JobID: 7b8990a9-d4df-4c76-81b4-d32dd51b8b93)
 - New and modified: 0

[22/May/2023:13:50:09] DELETING ACCOUNTS (JobID: 7b8990a9-d4df-4c76-81b4-d32dd51b8b93)
 - Deleted: 0

[22/May/2023:13:50:41] UPDATING PRODUCTS (JobID: c21c3ab9-8a27-4b6f-8e4b-ea5ed7d20450)
 - New and modified: 0

[22/May/2023:13:50:44] UPDATING PREPAGATI (JobID: b78a9cdc-1847-4d85-ba4d-0773c7182e88)
 - New and modified: 0

[22/May/2023:13:50:44] DELETING PREPAGATI (JobID: b78a9cdc-1847-4d85-ba4d-0773c7182e88)
 - Deleted: 0

[22/May/2023:14:00:04] UPDATING ACCOUNTS (JobID: 60fb9009-bc6e-453f-8543-4cf6561e877d)
 - New and modified: 0

[22/May/2023:14:00:04] DELETING ACCOUNTS (JobID: 60fb9009-bc6e-453f-8543-4cf6561e877d)
 - Deleted: 0

[22/May/2023:14:00:38] UPDATING PRODUCTS (JobID: 6581c271-5f0d-469d-8c14-96397dc59d32)
 - New and modified: 0

[22/May/2023:14:00:39] UPDATING PREPAGATI (JobID: 9dd2ce05-6ed5-495a-88c9-57532bf20532)
 - New and modified: 0

[22/May/2023:14:00:39] DELETING PREPAGATI (JobID: 9dd2ce05-6ed5-495a-88c9-57532bf20532)
 - Deleted: 0

[22/May/2023:14:10:04] UPDATING ACCOUNTS (JobID: 3651971a-96f0-4ce1-ad96-951fe9ef1de3)
 - New and modified: 0

[22/May/2023:14:10:04] DELETING ACCOUNTS (JobID: 3651971a-96f0-4ce1-ad96-951fe9ef1de3)
 - Deleted: 0

[22/May/2023:14:10:36] UPDATING PRODUCTS (JobID: 695a5945-a76b-4c09-914a-e3478ada66de)
 - New and modified: 0

[22/May/2023:14:10:38] UPDATING PREPAGATI (JobID: ae1cdb13-f8b1-4085-9b24-8ed1fa7768f2)
 - New and modified: 0

[22/May/2023:14:10:38] DELETING PREPAGATI (JobID: ae1cdb13-f8b1-4085-9b24-8ed1fa7768f2)
 - Deleted: 0

[22/May/2023:14:20:04] UPDATING ACCOUNTS (JobID: 28b1d288-09bd-43a8-872f-a52185e0e057)
 - New and modified: 0

[22/May/2023:14:20:04] DELETING ACCOUNTS (JobID: 28b1d288-09bd-43a8-872f-a52185e0e057)
 - Deleted: 0

[22/May/2023:14:20:38] UPDATING PRODUCTS (JobID: 41946a26-e3de-4879-808d-2b4949477904)
 - New and modified: 0

[22/May/2023:14:20:40] UPDATING PREPAGATI (JobID: 79e5f28f-0bda-43b4-a82b-d59480e50126)
 - New and modified: 0

[22/May/2023:14:20:40] DELETING PREPAGATI (JobID: 79e5f28f-0bda-43b4-a82b-d59480e50126)
 - Deleted: 0

[22/May/2023:14:30:05] UPDATING ACCOUNTS (JobID: 4d03d612-f2c6-41be-97e2-922ed581b20e)
 - New and modified: 0

[22/May/2023:14:30:05] DELETING ACCOUNTS (JobID: 4d03d612-f2c6-41be-97e2-922ed581b20e)
 - Deleted: 0

[22/May/2023:14:30:41] UPDATING PRODUCTS (JobID: 6af27a82-73e1-45c6-b3ff-1f3fa5e09501)
 - New and modified: 0

[22/May/2023:14:30:43] UPDATING PREPAGATI (JobID: 453575fa-daa8-4ca0-a2ae-f579540e6f84)
 - New and modified: 0

[22/May/2023:14:30:43] DELETING PREPAGATI (JobID: 453575fa-daa8-4ca0-a2ae-f579540e6f84)
 - Deleted: 0

[22/May/2023:14:50:04] UPDATING ACCOUNTS (JobID: 29b41fb1-252f-43d5-bb08-2885ed486743)
 - New and modified: 0

[22/May/2023:14:50:04] DELETING ACCOUNTS (JobID: 29b41fb1-252f-43d5-bb08-2885ed486743)
 - Deleted: 0

[22/May/2023:14:50:36] UPDATING PRODUCTS (JobID: c4e00448-a00b-454e-8f3f-2d4fd5782323)
 - New and modified: 0

[22/May/2023:14:50:38] UPDATING PREPAGATI (JobID: 010133ef-9075-4244-b0fa-cdd5d143d53f)
 - New and modified: 0

[22/May/2023:14:50:38] DELETING PREPAGATI (JobID: 010133ef-9075-4244-b0fa-cdd5d143d53f)
 - Deleted: 0

[22/May/2023:15:00:05] UPDATING ACCOUNTS (JobID: 6de0456d-4299-4941-946f-6ae548cf6865)
 - New and modified: 0

[22/May/2023:15:00:05] DELETING ACCOUNTS (JobID: 6de0456d-4299-4941-946f-6ae548cf6865)
 - Deleted: 0

[22/May/2023:15:00:38] UPDATING PRODUCTS (JobID: c880a578-72fe-4a97-8357-f42e95fc50bd)
 - New and modified: 0

[22/May/2023:15:00:40] UPDATING PREPAGATI (JobID: aff2b8d5-2f7c-41d6-9679-0c185a35c7ab)
 - New and modified: 0

[22/May/2023:15:00:40] DELETING PREPAGATI (JobID: aff2b8d5-2f7c-41d6-9679-0c185a35c7ab)
 - Deleted: 0

[22/May/2023:15:10:04] UPDATING ACCOUNTS (JobID: af242362-6c65-4d30-8326-9d000e47107e)
 - New and modified: 0

[22/May/2023:15:10:04] DELETING ACCOUNTS (JobID: af242362-6c65-4d30-8326-9d000e47107e)
 - Deleted: 0

[22/May/2023:15:10:37] UPDATING PRODUCTS (JobID: 234ce2e6-a55a-4c63-bdb1-d48ee5b5347f)
 - New and modified: 0

[22/May/2023:15:10:39] UPDATING PREPAGATI (JobID: dcc7bcb2-0d5c-4a33-851a-83ab2b1766d4)
 - New and modified: 0

[22/May/2023:15:10:39] DELETING PREPAGATI (JobID: dcc7bcb2-0d5c-4a33-851a-83ab2b1766d4)
 - Deleted: 0

[22/May/2023:15:20:05] UPDATING ACCOUNTS (JobID: 13f5900a-e3ad-4e19-b705-fc06606b42eb)
 - New and modified: 0

[22/May/2023:15:20:05] DELETING ACCOUNTS (JobID: 13f5900a-e3ad-4e19-b705-fc06606b42eb)
 - Deleted: 0

[22/May/2023:15:20:38] UPDATING PRODUCTS (JobID: 9a198bfe-b119-4136-8a5e-9d81c2353ebb)
 - New and modified: 0

[22/May/2023:15:20:40] UPDATING PREPAGATI (JobID: c4752950-7390-4d60-8e13-9f21a2063243)
 - New and modified: 0

[22/May/2023:15:20:40] DELETING PREPAGATI (JobID: c4752950-7390-4d60-8e13-9f21a2063243)
 - Deleted: 0

[22/May/2023:15:30:04] UPDATING ACCOUNTS (JobID: a93a6db0-388a-4d19-af1d-67f29de9147f)
 - New and modified: 0

[22/May/2023:15:30:04] DELETING ACCOUNTS (JobID: a93a6db0-388a-4d19-af1d-67f29de9147f)
 - Deleted: 0

[22/May/2023:15:30:38] UPDATING PRODUCTS (JobID: 2739b1c9-a6e4-405c-a1b5-d95daf2dd5e4)
 - New and modified: 0

[22/May/2023:15:30:40] UPDATING PREPAGATI (JobID: f06ba7bd-6a0f-4f9b-a3ea-aed74a714008)
 - New and modified: 0

[22/May/2023:15:30:40] DELETING PREPAGATI (JobID: f06ba7bd-6a0f-4f9b-a3ea-aed74a714008)
 - Deleted: 0

[22/May/2023:15:40:04] UPDATING ACCOUNTS (JobID: 0df8a91c-aec8-4668-92fa-32b2b41d7eba)
 - New and modified: 0

[22/May/2023:15:40:04] DELETING ACCOUNTS (JobID: 0df8a91c-aec8-4668-92fa-32b2b41d7eba)
 - Deleted: 0

[22/May/2023:15:40:36] UPDATING PRODUCTS (JobID: 5f3f5c66-d74d-48ad-a6f9-a7e4d59af635)
 - New and modified: 0

[22/May/2023:15:40:38] UPDATING PREPAGATI (JobID: 598c6c8d-5055-4ccb-828e-8f8e9a182f5a)
 - New and modified: 0

[22/May/2023:15:40:38] DELETING PREPAGATI (JobID: 598c6c8d-5055-4ccb-828e-8f8e9a182f5a)
 - Deleted: 0

[22/May/2023:15:50:04] UPDATING ACCOUNTS (JobID: 3129db98-c9ee-4c91-90e4-3f09a61fe73d)
 - New and modified: 0

[22/May/2023:15:50:04] DELETING ACCOUNTS (JobID: 3129db98-c9ee-4c91-90e4-3f09a61fe73d)
 - Deleted: 0

[22/May/2023:15:50:36] UPDATING PRODUCTS (JobID: 1185851c-21ad-40ee-89d5-b968c33e25b9)
 - New and modified: 0

[22/May/2023:15:50:38] UPDATING PREPAGATI (JobID: 16807b09-9e28-4db4-98a9-46d1926b7f98)
 - New and modified: 0

[22/May/2023:15:50:38] DELETING PREPAGATI (JobID: 16807b09-9e28-4db4-98a9-46d1926b7f98)
 - Deleted: 0

[22/May/2023:16:00:04] UPDATING ACCOUNTS (JobID: c51a32af-caa1-4631-b74d-ba3ab78cbef7)
 - New and modified: 0

[22/May/2023:16:00:04] DELETING ACCOUNTS (JobID: c51a32af-caa1-4631-b74d-ba3ab78cbef7)
 - Deleted: 0

[22/May/2023:16:00:38] UPDATING PRODUCTS (JobID: 8a0ed68c-014c-400d-b14b-4b8d26fce838)
 - New and modified: 0

[22/May/2023:16:00:40] UPDATING PREPAGATI (JobID: d5a6df1c-1eb7-4079-966f-fc1cd316ebec)
 - New and modified: 0

[22/May/2023:16:00:40] DELETING PREPAGATI (JobID: d5a6df1c-1eb7-4079-966f-fc1cd316ebec)
 - Deleted: 0

[22/May/2023:16:10:05] UPDATING ACCOUNTS (JobID: 4e70457e-2165-4a88-bcfb-5cbc5f2a2039)
 - New and modified: 0

[22/May/2023:16:10:05] DELETING ACCOUNTS (JobID: 4e70457e-2165-4a88-bcfb-5cbc5f2a2039)
 - Deleted: 0

[22/May/2023:16:10:37] UPDATING PRODUCTS (JobID: 25d39cd2-1573-475d-a868-9243c5df9f90)
 - New and modified: 0

[22/May/2023:16:10:39] UPDATING PREPAGATI (JobID: ff5cfcd1-2beb-4dae-9b19-7be11ac4423d)
 - New and modified: 0

[22/May/2023:16:10:39] DELETING PREPAGATI (JobID: ff5cfcd1-2beb-4dae-9b19-7be11ac4423d)
 - Deleted: 0

[22/May/2023:16:20:04] UPDATING ACCOUNTS (JobID: 41c02297-973a-4600-bfc8-aa87de848944)
 - New and modified: 0

[22/May/2023:16:20:04] DELETING ACCOUNTS (JobID: 41c02297-973a-4600-bfc8-aa87de848944)
 - Deleted: 0

[22/May/2023:16:20:37] UPDATING PRODUCTS (JobID: eb7f9bfc-1237-4103-91d0-5f050ebaade7)
 - New and modified: 0

[22/May/2023:16:20:39] UPDATING PREPAGATI (JobID: 20315e2d-bf5a-4dc9-9f11-e87bd7fe02c8)
 - New and modified: 0

[22/May/2023:16:20:39] DELETING PREPAGATI (JobID: 20315e2d-bf5a-4dc9-9f11-e87bd7fe02c8)
 - Deleted: 0

[22/May/2023:16:30:04] UPDATING ACCOUNTS (JobID: 82fee57a-bcd2-4015-a80c-43ae289c2c70)
 - New and modified: 0

[22/May/2023:16:30:04] DELETING ACCOUNTS (JobID: 82fee57a-bcd2-4015-a80c-43ae289c2c70)
 - Deleted: 0

[22/May/2023:16:30:39] UPDATING PRODUCTS (JobID: 100b4093-0b97-4c2d-bad9-9cec3544704b)
 - New and modified: 0

[22/May/2023:16:30:41] UPDATING PREPAGATI (JobID: b3bb8050-f480-4d6b-91db-2d5670b86140)
 - New and modified: 0

[22/May/2023:16:30:41] DELETING PREPAGATI (JobID: b3bb8050-f480-4d6b-91db-2d5670b86140)
 - Deleted: 0

[22/May/2023:16:40:04] UPDATING ACCOUNTS (JobID: e4ca8ffc-2994-4c9b-a37c-95e48edd6190)
 - New and modified: 0

[22/May/2023:16:40:04] DELETING ACCOUNTS (JobID: e4ca8ffc-2994-4c9b-a37c-95e48edd6190)
 - Deleted: 0

[22/May/2023:16:40:36] UPDATING PRODUCTS (JobID: e64f27b5-e1a5-4ad4-a072-15264fffa230)
 - New and modified: 0

[22/May/2023:16:40:38] UPDATING PREPAGATI (JobID: 6e7653fe-da56-45e1-b0b0-8c4196ca7af6)
 - New and modified: 0

[22/May/2023:16:40:38] DELETING PREPAGATI (JobID: 6e7653fe-da56-45e1-b0b0-8c4196ca7af6)
 - Deleted: 0

[22/May/2023:16:50:04] UPDATING ACCOUNTS (JobID: 9c89187e-f0d2-4ff2-8304-1b1999100f0c)
 - New and modified: 0

[22/May/2023:16:50:04] DELETING ACCOUNTS (JobID: 9c89187e-f0d2-4ff2-8304-1b1999100f0c)
 - Deleted: 0

[22/May/2023:16:50:37] UPDATING PRODUCTS (JobID: f65e04c3-cc82-4b47-90e3-6fa762107ee9)
 - New and modified: 0

[22/May/2023:16:50:38] UPDATING PREPAGATI (JobID: 0d0f986e-6ad2-4484-9799-63a9092b6f6f)
 - New and modified: 0

[22/May/2023:16:50:38] DELETING PREPAGATI (JobID: 0d0f986e-6ad2-4484-9799-63a9092b6f6f)
 - Deleted: 0

[22/May/2023:17:00:04] UPDATING ACCOUNTS (JobID: 4eace5d3-1e3e-4f32-816a-a548a95dd81b)
 - New and modified: 0

[22/May/2023:17:00:04] DELETING ACCOUNTS (JobID: 4eace5d3-1e3e-4f32-816a-a548a95dd81b)
 - Deleted: 0

[22/May/2023:17:00:38] UPDATING PRODUCTS (JobID: a1423e87-67be-4773-b53e-51d46c71a07b)
 - New and modified: 0

[22/May/2023:17:00:39] UPDATING PREPAGATI (JobID: be3cce5d-53b3-4853-a7e9-fa695b9d1b9b)
 - New and modified: 0

[22/May/2023:17:00:39] DELETING PREPAGATI (JobID: be3cce5d-53b3-4853-a7e9-fa695b9d1b9b)
 - Deleted: 0

[22/May/2023:17:10:04] UPDATING ACCOUNTS (JobID: 9d988689-2ec4-40f4-8d4b-a293de0dad74)
 - New and modified: 0

[22/May/2023:17:10:04] DELETING ACCOUNTS (JobID: 9d988689-2ec4-40f4-8d4b-a293de0dad74)
 - Deleted: 0

[22/May/2023:17:10:37] UPDATING PRODUCTS (JobID: 9c3f49f9-a249-40d2-961a-b00849cd2ced)
 - New and modified: 0

[22/May/2023:17:10:38] UPDATING PREPAGATI (JobID: 6cc6291b-7ad7-436e-88ae-4a3a1cb45751)
 - New and modified: 0

[22/May/2023:17:10:38] DELETING PREPAGATI (JobID: 6cc6291b-7ad7-436e-88ae-4a3a1cb45751)
 - Deleted: 0

[22/May/2023:17:20:03] UPDATING ACCOUNTS (JobID: 5d15cacd-40e4-4ec1-9918-cb806b0e1351)
 - New and modified: 0

[22/May/2023:17:20:03] DELETING ACCOUNTS (JobID: 5d15cacd-40e4-4ec1-9918-cb806b0e1351)
 - Deleted: 0

[22/May/2023:17:20:35] UPDATING PRODUCTS (JobID: 1d53aed3-066d-4ec3-9375-978ca272eb6c)
 - New and modified: 0

[22/May/2023:17:20:37] UPDATING PREPAGATI (JobID: 0a8d8a9b-e3f7-4a3b-a90b-0c5c8d946042)
 - New and modified: 0

[22/May/2023:17:20:37] DELETING PREPAGATI (JobID: 0a8d8a9b-e3f7-4a3b-a90b-0c5c8d946042)
 - Deleted: 0

[22/May/2023:17:40:04] UPDATING ACCOUNTS (JobID: 25e45f25-e154-4812-976c-0faffddeb0a6)
 - New and modified: 0

[22/May/2023:17:40:04] DELETING ACCOUNTS (JobID: 25e45f25-e154-4812-976c-0faffddeb0a6)
 - Deleted: 0

[22/May/2023:17:40:36] UPDATING PRODUCTS (JobID: 06e82c08-7140-420b-9fc8-5373d37c4ced)
 - New and modified: 0

[22/May/2023:17:40:38] UPDATING PREPAGATI (JobID: fe5d55b3-c51e-43a2-bba0-598cdb1c7bde)
 - New and modified: 0

[22/May/2023:17:40:38] DELETING PREPAGATI (JobID: fe5d55b3-c51e-43a2-bba0-598cdb1c7bde)
 - Deleted: 0

[22/May/2023:17:50:04] UPDATING ACCOUNTS (JobID: 18bc0ebc-949e-4b03-9fd3-ddbbfacd35f1)
 - New and modified: 0

[22/May/2023:17:50:04] DELETING ACCOUNTS (JobID: 18bc0ebc-949e-4b03-9fd3-ddbbfacd35f1)
 - Deleted: 0

[22/May/2023:17:50:36] UPDATING PRODUCTS (JobID: 04310e73-9aea-47c8-9ade-b690cca54537)
 - New and modified: 0

[22/May/2023:17:50:38] UPDATING PREPAGATI (JobID: 47f10eaa-153b-4913-bcbc-3c59a8a60624)
 - New and modified: 0

[22/May/2023:17:50:38] DELETING PREPAGATI (JobID: 47f10eaa-153b-4913-bcbc-3c59a8a60624)
 - Deleted: 0

[22/May/2023:18:00:08] UPDATING ACCOUNTS (JobID: 30925c59-71bf-4720-b0e0-24941a6433ba)
 - New and modified: 0

[22/May/2023:18:00:08] DELETING ACCOUNTS (JobID: 30925c59-71bf-4720-b0e0-24941a6433ba)
 - Deleted: 0

[22/May/2023:18:00:41] UPDATING PRODUCTS (JobID: 8c030569-0501-4ac5-a29e-ce0e98b83a60)
 - New and modified: 0

[22/May/2023:18:00:43] UPDATING PREPAGATI (JobID: 8324eb2f-9267-43d8-956d-0619a7494b2b)
 - New and modified: 0

[22/May/2023:18:00:43] DELETING PREPAGATI (JobID: 8324eb2f-9267-43d8-956d-0619a7494b2b)
 - Deleted: 0

[22/May/2023:18:10:04] UPDATING ACCOUNTS (JobID: 62bf006b-a070-494e-be57-84dc733c4f84)
 - New and modified: 0

[22/May/2023:18:10:04] DELETING ACCOUNTS (JobID: 62bf006b-a070-494e-be57-84dc733c4f84)
 - Deleted: 0

[22/May/2023:18:10:36] UPDATING PRODUCTS (JobID: 8cc3cddd-9d35-4144-85c9-91fa34068ff4)
 - New and modified: 0

[22/May/2023:18:10:38] UPDATING PREPAGATI (JobID: d98ca3e6-7db5-4424-85fa-3c1ecab6e09c)
 - New and modified: 0

[22/May/2023:18:10:38] DELETING PREPAGATI (JobID: d98ca3e6-7db5-4424-85fa-3c1ecab6e09c)
 - Deleted: 0

[22/May/2023:18:20:04] UPDATING ACCOUNTS (JobID: feb12766-3bf3-4f68-bb4f-728bae5dc7a9)
 - New and modified: 0

[22/May/2023:18:20:04] DELETING ACCOUNTS (JobID: feb12766-3bf3-4f68-bb4f-728bae5dc7a9)
 - Deleted: 0

[22/May/2023:18:20:36] UPDATING PRODUCTS (JobID: 14ec5c9d-da1a-4866-a911-61a6fb1009ce)
 - New and modified: 0

[22/May/2023:18:20:38] UPDATING PREPAGATI (JobID: ecef4195-9e60-4d5c-888b-f8c0367ae2d7)
 - New and modified: 0

[22/May/2023:18:20:38] DELETING PREPAGATI (JobID: ecef4195-9e60-4d5c-888b-f8c0367ae2d7)
 - Deleted: 0

[22/May/2023:18:30:04] UPDATING ACCOUNTS (JobID: 1bcd9cc1-266e-47a1-b1f6-fd6532525135)
 - New and modified: 0

[22/May/2023:18:30:04] DELETING ACCOUNTS (JobID: 1bcd9cc1-266e-47a1-b1f6-fd6532525135)
 - Deleted: 0

[22/May/2023:18:30:36] UPDATING PRODUCTS (JobID: 94bec2b4-3f5a-4a4c-9517-c7c5ea93abcd)
 - New and modified: 0

[22/May/2023:18:30:38] UPDATING PREPAGATI (JobID: 124b4899-5424-4da1-b6f8-5202e76e8147)
 - New and modified: 0

[22/May/2023:18:30:38] DELETING PREPAGATI (JobID: 124b4899-5424-4da1-b6f8-5202e76e8147)
 - Deleted: 0

[22/May/2023:18:40:05] UPDATING ACCOUNTS (JobID: d94d78c6-d1f5-4d21-bcca-787af46519dd)
 - New and modified: 0

[22/May/2023:18:40:05] DELETING ACCOUNTS (JobID: d94d78c6-d1f5-4d21-bcca-787af46519dd)
 - Deleted: 0

[22/May/2023:18:40:36] UPDATING PRODUCTS (JobID: c8cb5bcb-2106-4078-a918-b429b041bea6)
 - New and modified: 0

[22/May/2023:18:40:38] UPDATING PREPAGATI (JobID: 5b7b253c-a4c5-4df0-ab96-bcd6026fefc1)
 - New and modified: 0

[22/May/2023:18:40:38] DELETING PREPAGATI (JobID: 5b7b253c-a4c5-4df0-ab96-bcd6026fefc1)
 - Deleted: 0

[22/May/2023:18:50:04] UPDATING ACCOUNTS (JobID: 5ed26728-0126-413a-a119-c2b286e6c5dd)
 - New and modified: 0

[22/May/2023:18:50:04] DELETING ACCOUNTS (JobID: 5ed26728-0126-413a-a119-c2b286e6c5dd)
 - Deleted: 0

[22/May/2023:18:50:37] UPDATING PRODUCTS (JobID: 07020d94-3c76-4b69-9c91-b3d60e43c555)
 - New and modified: 0

[22/May/2023:18:50:38] UPDATING PREPAGATI (JobID: 9c378476-2465-4452-89dc-2fd18d610bf0)
 - New and modified: 0

[22/May/2023:18:50:38] DELETING PREPAGATI (JobID: 9c378476-2465-4452-89dc-2fd18d610bf0)
 - Deleted: 0

[22/May/2023:19:00:16] UPDATING ACCOUNTS (JobID: 6707c549-f2e6-49cb-bf65-11804a13d0ca)
 - New and modified: 0

[22/May/2023:19:00:16] DELETING ACCOUNTS (JobID: 6707c549-f2e6-49cb-bf65-11804a13d0ca)
 - Deleted: 0

[22/May/2023:19:00:48] UPDATING PRODUCTS (JobID: 7c12fa69-6557-4bab-a4c0-ab9e4890f3f5)
 - New and modified: 0

[22/May/2023:19:00:50] UPDATING PREPAGATI (JobID: 8bc3c7e9-8168-4095-bbeb-f527bddc0eb9)
 - New and modified: 0

[22/May/2023:19:00:50] DELETING PREPAGATI (JobID: 8bc3c7e9-8168-4095-bbeb-f527bddc0eb9)
 - Deleted: 0

[22/May/2023:19:10:04] UPDATING ACCOUNTS (JobID: ec8e5a75-a032-4271-bc06-33a2ef363aa5)
 - New and modified: 0

[22/May/2023:19:10:04] DELETING ACCOUNTS (JobID: ec8e5a75-a032-4271-bc06-33a2ef363aa5)
 - Deleted: 0

[22/May/2023:19:10:36] UPDATING PRODUCTS (JobID: 7ec0b771-1301-45b1-9538-b2152e01a6d8)
 - New and modified: 0

[22/May/2023:19:10:38] UPDATING PREPAGATI (JobID: b254f5c6-5d50-4dbe-9711-cb391d7104f6)
 - New and modified: 0

[22/May/2023:19:10:38] DELETING PREPAGATI (JobID: b254f5c6-5d50-4dbe-9711-cb391d7104f6)
 - Deleted: 0

[22/May/2023:19:20:04] UPDATING ACCOUNTS (JobID: affdc540-580c-41d8-a339-4bc65af4e19b)
 - New and modified: 0

[22/May/2023:19:20:04] DELETING ACCOUNTS (JobID: affdc540-580c-41d8-a339-4bc65af4e19b)
 - Deleted: 0

[22/May/2023:19:20:37] UPDATING PRODUCTS (JobID: 6255b32b-2857-4e99-817c-811b9b405dba)
 - New and modified: 0

[22/May/2023:19:20:39] UPDATING PREPAGATI (JobID: 61deeb9d-c0e1-43d4-8956-c46f69bb86d3)
 - New and modified: 0

[22/May/2023:19:20:39] DELETING PREPAGATI (JobID: 61deeb9d-c0e1-43d4-8956-c46f69bb86d3)
 - Deleted: 0

[22/May/2023:19:30:04] UPDATING ACCOUNTS (JobID: 8f5ac14a-4055-4e1a-ac48-b3655f257f60)
 - New and modified: 0

[22/May/2023:19:30:04] DELETING ACCOUNTS (JobID: 8f5ac14a-4055-4e1a-ac48-b3655f257f60)
 - Deleted: 0

[22/May/2023:19:30:37] UPDATING PRODUCTS (JobID: 906f8508-12c6-4d24-8c62-d16e67203d3c)
 - New and modified: 0

[22/May/2023:19:30:38] UPDATING PREPAGATI (JobID: 56b8cf1a-ee23-4d1c-8321-546e081ec639)
 - New and modified: 0

[22/May/2023:19:30:38] DELETING PREPAGATI (JobID: 56b8cf1a-ee23-4d1c-8321-546e081ec639)
 - Deleted: 0

[22/May/2023:19:40:04] UPDATING ACCOUNTS (JobID: cfcc8974-468f-452e-a142-a8eb1893ae48)
 - New and modified: 0

[22/May/2023:19:40:04] DELETING ACCOUNTS (JobID: cfcc8974-468f-452e-a142-a8eb1893ae48)
 - Deleted: 0

[22/May/2023:19:40:37] UPDATING PRODUCTS (JobID: f8f91971-14bb-45fb-9b32-8b31406bfd92)
 - New and modified: 0

[22/May/2023:19:40:39] UPDATING PREPAGATI (JobID: 8e883f5f-de27-4c61-8dbc-68a115e7f688)
 - New and modified: 0

[22/May/2023:19:40:39] DELETING PREPAGATI (JobID: 8e883f5f-de27-4c61-8dbc-68a115e7f688)
 - Deleted: 0

[22/May/2023:19:50:04] UPDATING ACCOUNTS (JobID: 165f0067-670c-4119-8980-432c44749470)
 - New and modified: 0

[22/May/2023:19:50:04] DELETING ACCOUNTS (JobID: 165f0067-670c-4119-8980-432c44749470)
 - Deleted: 0

[22/May/2023:19:50:36] UPDATING PRODUCTS (JobID: 6c3fddd3-e60a-4b8c-b531-c9bcf41e333b)
 - New and modified: 0

[22/May/2023:19:50:37] UPDATING PREPAGATI (JobID: 87989165-a168-4217-85b5-b0ce94a8685e)
 - New and modified: 0

[22/May/2023:19:50:37] DELETING PREPAGATI (JobID: 87989165-a168-4217-85b5-b0ce94a8685e)
 - Deleted: 0

[22/May/2023:20:00:04] UPDATING ACCOUNTS (JobID: 953a82e0-c43b-4d62-8c3d-f1d8bcbb656c)
 - New and modified: 0

[22/May/2023:20:00:04] DELETING ACCOUNTS (JobID: 953a82e0-c43b-4d62-8c3d-f1d8bcbb656c)
 - Deleted: 0

[22/May/2023:20:00:36] UPDATING PRODUCTS (JobID: e37290ae-01e2-4483-9249-81a9bf53384e)
 - New and modified: 0

[22/May/2023:20:00:38] UPDATING PREPAGATI (JobID: 32ddc1e0-62e5-4135-ac60-7a5a034035d7)
 - New and modified: 0

[22/May/2023:20:00:38] DELETING PREPAGATI (JobID: 32ddc1e0-62e5-4135-ac60-7a5a034035d7)
 - Deleted: 0

[22/May/2023:20:10:04] UPDATING ACCOUNTS (JobID: 0e57ae66-4130-483e-8bc9-ae3294640966)
 - New and modified: 0

[22/May/2023:20:10:04] DELETING ACCOUNTS (JobID: 0e57ae66-4130-483e-8bc9-ae3294640966)
 - Deleted: 0

[22/May/2023:20:10:37] UPDATING PRODUCTS (JobID: cad960a0-79ab-4ec0-9729-b4e1ec377ceb)
 - New and modified: 0

[22/May/2023:20:10:39] UPDATING PREPAGATI (JobID: a2d1f5c6-6476-4290-95f8-e70aca54a97b)
 - New and modified: 0

[22/May/2023:20:10:39] DELETING PREPAGATI (JobID: a2d1f5c6-6476-4290-95f8-e70aca54a97b)
 - Deleted: 0

[22/May/2023:20:20:04] UPDATING ACCOUNTS (JobID: a2f4171f-9456-4720-84aa-0c31de6e4147)
 - New and modified: 0

[22/May/2023:20:20:04] DELETING ACCOUNTS (JobID: a2f4171f-9456-4720-84aa-0c31de6e4147)
 - Deleted: 0

[22/May/2023:20:20:36] UPDATING PRODUCTS (JobID: cb65acb5-f407-4cb8-84d9-b185f6830d9a)
 - New and modified: 0

[22/May/2023:20:20:38] UPDATING PREPAGATI (JobID: 3cb2f6b7-04ea-4b13-9082-28099ef89355)
 - New and modified: 0

[22/May/2023:20:20:38] DELETING PREPAGATI (JobID: 3cb2f6b7-04ea-4b13-9082-28099ef89355)
 - Deleted: 0

[22/May/2023:20:30:04] UPDATING ACCOUNTS (JobID: 475679c2-d9b3-4b38-a0b7-9eb19dccce18)
 - New and modified: 0

[22/May/2023:20:30:04] DELETING ACCOUNTS (JobID: 475679c2-d9b3-4b38-a0b7-9eb19dccce18)
 - Deleted: 0

[22/May/2023:20:30:36] UPDATING PRODUCTS (JobID: 1f5ce744-dc96-4d06-8eb4-022e9dcc32ed)
 - New and modified: 0

[22/May/2023:20:30:38] UPDATING PREPAGATI (JobID: 418628c3-c7fd-46b8-b582-9f329b4b6f15)
 - New and modified: 0

[22/May/2023:20:30:38] DELETING PREPAGATI (JobID: 418628c3-c7fd-46b8-b582-9f329b4b6f15)
 - Deleted: 0

[22/May/2023:20:40:04] UPDATING ACCOUNTS (JobID: d5a1640e-a89c-4a2b-b543-4c4d1a246804)
 - New and modified: 0

[22/May/2023:20:40:04] DELETING ACCOUNTS (JobID: d5a1640e-a89c-4a2b-b543-4c4d1a246804)
 - Deleted: 0

[22/May/2023:20:40:36] UPDATING PRODUCTS (JobID: ff3520fd-0134-44eb-b2ce-55a47f5fb3a3)
 - New and modified: 0

[22/May/2023:20:40:38] UPDATING PREPAGATI (JobID: 107b6ee8-e454-4147-a3a3-2479d9d2337a)
 - New and modified: 0

[22/May/2023:20:40:38] DELETING PREPAGATI (JobID: 107b6ee8-e454-4147-a3a3-2479d9d2337a)
 - Deleted: 0

[22/May/2023:20:50:04] UPDATING ACCOUNTS (JobID: bce53bc2-44dc-4d66-a203-fc5007a207a5)
 - New and modified: 0

[22/May/2023:20:50:04] DELETING ACCOUNTS (JobID: bce53bc2-44dc-4d66-a203-fc5007a207a5)
 - Deleted: 0

[22/May/2023:20:50:37] UPDATING PRODUCTS (JobID: 3cc583cd-30ea-4981-bee1-f22857fd7870)
 - New and modified: 0

[22/May/2023:20:50:38] UPDATING PREPAGATI (JobID: e1e5407d-5e38-4e12-9583-993ae0fa4537)
 - New and modified: 0

[22/May/2023:20:50:38] DELETING PREPAGATI (JobID: e1e5407d-5e38-4e12-9583-993ae0fa4537)
 - Deleted: 0

[22/May/2023:21:10:04] UPDATING ACCOUNTS (JobID: f03dd48d-b16f-4c81-9dd8-1695921df532)
 - New and modified: 0

[22/May/2023:21:10:04] DELETING ACCOUNTS (JobID: f03dd48d-b16f-4c81-9dd8-1695921df532)
 - Deleted: 0

[22/May/2023:21:10:36] UPDATING PRODUCTS (JobID: 11abf5be-178d-4c15-8f85-d639d511e772)
 - New and modified: 0

[22/May/2023:21:10:38] UPDATING PREPAGATI (JobID: d12b1274-7b75-409a-8311-2c9405146725)
 - New and modified: 0

[22/May/2023:21:10:38] DELETING PREPAGATI (JobID: d12b1274-7b75-409a-8311-2c9405146725)
 - Deleted: 0

[22/May/2023:21:20:04] UPDATING ACCOUNTS (JobID: 95f428a9-581b-4480-837a-0d095ca4bc1d)
 - New and modified: 0

[22/May/2023:21:20:04] DELETING ACCOUNTS (JobID: 95f428a9-581b-4480-837a-0d095ca4bc1d)
 - Deleted: 0

[22/May/2023:21:20:39] UPDATING PRODUCTS (JobID: 3c80bbe7-4c1d-443f-b3da-e9a6b8f1c7fe)
 - New and modified: 0

[22/May/2023:21:20:41] UPDATING PREPAGATI (JobID: 14599f6e-a5ea-4378-be2a-c59cf42d5462)
 - New and modified: 0

[22/May/2023:21:20:41] DELETING PREPAGATI (JobID: 14599f6e-a5ea-4378-be2a-c59cf42d5462)
 - Deleted: 0

[22/May/2023:21:30:04] UPDATING ACCOUNTS (JobID: fb26ad49-6aae-4928-bb22-0c0348e8f835)
 - New and modified: 0

[22/May/2023:21:30:04] DELETING ACCOUNTS (JobID: fb26ad49-6aae-4928-bb22-0c0348e8f835)
 - Deleted: 0

[22/May/2023:21:30:37] UPDATING PRODUCTS (JobID: 18f4d8ec-58f1-4180-8244-3674241a7f22)
 - New and modified: 0

[22/May/2023:21:30:38] UPDATING PREPAGATI (JobID: d2d497e8-2ab5-46e2-9746-312b4e6ca835)
 - New and modified: 0

[22/May/2023:21:30:38] DELETING PREPAGATI (JobID: d2d497e8-2ab5-46e2-9746-312b4e6ca835)
 - Deleted: 0

[22/May/2023:21:40:04] UPDATING ACCOUNTS (JobID: 653af336-9613-4126-a170-e72f4a5c7aa5)
 - New and modified: 0

[22/May/2023:21:40:04] DELETING ACCOUNTS (JobID: 653af336-9613-4126-a170-e72f4a5c7aa5)
 - Deleted: 0

[22/May/2023:21:40:36] UPDATING PRODUCTS (JobID: 5bde7269-af17-43a3-abb5-be65fcb6f1aa)
 - New and modified: 0

[22/May/2023:21:40:38] UPDATING PREPAGATI (JobID: 1be6640e-578b-41b9-837d-d3b12a939669)
 - New and modified: 0

[22/May/2023:21:40:38] DELETING PREPAGATI (JobID: 1be6640e-578b-41b9-837d-d3b12a939669)
 - Deleted: 0

[22/May/2023:21:50:04] UPDATING ACCOUNTS (JobID: 74a7a126-0109-46a1-b6dc-b013a92dc26b)
 - New and modified: 0

[22/May/2023:21:50:04] DELETING ACCOUNTS (JobID: 74a7a126-0109-46a1-b6dc-b013a92dc26b)
 - Deleted: 0

[22/May/2023:21:50:36] UPDATING PRODUCTS (JobID: 531f4bca-b028-4ab0-88e4-3ce50fd0d2e3)
 - New and modified: 0

[22/May/2023:21:50:37] UPDATING PREPAGATI (JobID: ae178b79-a75e-4b75-a33b-861445903a28)
 - New and modified: 0

[22/May/2023:21:50:37] DELETING PREPAGATI (JobID: ae178b79-a75e-4b75-a33b-861445903a28)
 - Deleted: 0

[22/May/2023:22:00:04] UPDATING ACCOUNTS (JobID: 5fbc6049-f42a-477b-834a-8cf96e39fe5d)
 - New and modified: 0

[22/May/2023:22:00:04] DELETING ACCOUNTS (JobID: 5fbc6049-f42a-477b-834a-8cf96e39fe5d)
 - Deleted: 0

[22/May/2023:22:00:36] UPDATING PRODUCTS (JobID: 743e498f-cdaf-4c77-8684-49bb156cbbb4)
 - New and modified: 0

[22/May/2023:22:00:37] UPDATING PREPAGATI (JobID: 01ef5b36-90c7-4b04-a80c-a941fe24ff3c)
 - New and modified: 0

[22/May/2023:22:00:37] DELETING PREPAGATI (JobID: 01ef5b36-90c7-4b04-a80c-a941fe24ff3c)
 - Deleted: 0

[22/May/2023:22:10:04] UPDATING ACCOUNTS (JobID: 572510b3-95ea-4dd2-8ac9-321e01ef078d)
 - New and modified: 0

[22/May/2023:22:10:04] DELETING ACCOUNTS (JobID: 572510b3-95ea-4dd2-8ac9-321e01ef078d)
 - Deleted: 0

[22/May/2023:22:10:35] UPDATING PRODUCTS (JobID: b6c133d5-db5a-4746-abad-a756e6ab0874)
 - New and modified: 0

[22/May/2023:22:10:37] UPDATING PREPAGATI (JobID: 6c6052e1-4e13-408b-a3a1-242f846c182d)
 - New and modified: 0

[22/May/2023:22:10:37] DELETING PREPAGATI (JobID: 6c6052e1-4e13-408b-a3a1-242f846c182d)
 - Deleted: 0

[22/May/2023:22:20:04] UPDATING ACCOUNTS (JobID: 27e3d674-4ff5-4fab-a1f1-9302f615f2ae)
 - New and modified: 0

[22/May/2023:22:20:04] DELETING ACCOUNTS (JobID: 27e3d674-4ff5-4fab-a1f1-9302f615f2ae)
 - Deleted: 0

[22/May/2023:22:20:36] UPDATING PRODUCTS (JobID: 5c4b2cb6-f70b-4f1e-b05d-9c97a5c938c1)
 - New and modified: 0

[22/May/2023:22:20:38] UPDATING PREPAGATI (JobID: 1782e921-e7c9-42e5-adf3-2b4573d134a0)
 - New and modified: 0

[22/May/2023:22:20:38] DELETING PREPAGATI (JobID: 1782e921-e7c9-42e5-adf3-2b4573d134a0)
 - Deleted: 0

[22/May/2023:22:30:04] UPDATING ACCOUNTS (JobID: 08e43261-be5b-4c87-84c7-105f937096e0)
 - New and modified: 0

[22/May/2023:22:30:04] DELETING ACCOUNTS (JobID: 08e43261-be5b-4c87-84c7-105f937096e0)
 - Deleted: 0

[22/May/2023:22:30:36] UPDATING PRODUCTS (JobID: 7413c44c-4386-436f-8c9a-e65c76a30b40)
 - New and modified: 0

[22/May/2023:22:30:38] UPDATING PREPAGATI (JobID: fc164375-7ff3-41b0-a7a6-f432f7ffcb4e)
 - New and modified: 0

[22/May/2023:22:30:38] DELETING PREPAGATI (JobID: fc164375-7ff3-41b0-a7a6-f432f7ffcb4e)
 - Deleted: 0

[22/May/2023:22:40:03] UPDATING ACCOUNTS (JobID: a392f18d-c30b-461a-8190-54ccdcfa02a7)
 - New and modified: 0

[22/May/2023:22:40:03] DELETING ACCOUNTS (JobID: a392f18d-c30b-461a-8190-54ccdcfa02a7)
 - Deleted: 0

[22/May/2023:22:40:35] UPDATING PRODUCTS (JobID: fd07e9f2-b914-4f0c-b42f-dece2a7d411d)
 - New and modified: 0

[22/May/2023:22:40:37] UPDATING PREPAGATI (JobID: 6c753bc1-fb92-4e47-86c1-45baf39f40f4)
 - New and modified: 0

[22/May/2023:22:40:37] DELETING PREPAGATI (JobID: 6c753bc1-fb92-4e47-86c1-45baf39f40f4)
 - Deleted: 0

[22/May/2023:22:50:04] UPDATING ACCOUNTS (JobID: 4f9ce395-eae2-4db6-ab94-b26a6d354b7a)
 - New and modified: 0

[22/May/2023:22:50:04] DELETING ACCOUNTS (JobID: 4f9ce395-eae2-4db6-ab94-b26a6d354b7a)
 - Deleted: 0

[22/May/2023:22:50:36] UPDATING PRODUCTS (JobID: 98c4124d-99ed-4035-9ab3-7c66878d8c34)
 - New and modified: 0

[22/May/2023:22:50:38] UPDATING PREPAGATI (JobID: 53822eb2-2294-425e-848c-144c8d0a193f)
 - New and modified: 0

[22/May/2023:22:50:38] DELETING PREPAGATI (JobID: 53822eb2-2294-425e-848c-144c8d0a193f)
 - Deleted: 0

[22/May/2023:23:00:04] UPDATING ACCOUNTS (JobID: 6cae6cb1-1683-4ba8-b7f0-658cae13c8b0)
 - New and modified: 0

[22/May/2023:23:00:04] DELETING ACCOUNTS (JobID: 6cae6cb1-1683-4ba8-b7f0-658cae13c8b0)
 - Deleted: 0

[22/May/2023:23:00:36] UPDATING PRODUCTS (JobID: 09fca769-2beb-4ce5-9f52-8a48234a71cf)
 - New and modified: 0

[22/May/2023:23:00:38] UPDATING PREPAGATI (JobID: 97e68903-fede-4707-8e1e-073c75bd68f6)
 - New and modified: 0

[22/May/2023:23:00:38] DELETING PREPAGATI (JobID: 97e68903-fede-4707-8e1e-073c75bd68f6)
 - Deleted: 0

[22/May/2023:23:10:04] UPDATING ACCOUNTS (JobID: 05036d22-4b03-4209-bd6c-0e4203eac919)
 - New and modified: 0

[22/May/2023:23:10:04] DELETING ACCOUNTS (JobID: 05036d22-4b03-4209-bd6c-0e4203eac919)
 - Deleted: 0

[22/May/2023:23:10:36] UPDATING PRODUCTS (JobID: 7f102f92-ee20-4941-a6a4-83484ab519a3)
 - New and modified: 0

[22/May/2023:23:10:37] UPDATING PREPAGATI (JobID: e48c0093-c97f-4041-ae6b-b0ef40052b9e)
 - New and modified: 0

[22/May/2023:23:10:37] DELETING PREPAGATI (JobID: e48c0093-c97f-4041-ae6b-b0ef40052b9e)
 - Deleted: 0

[22/May/2023:23:20:04] UPDATING ACCOUNTS (JobID: b0c6b5b7-5259-40c1-9949-aad7a1eca733)
 - New and modified: 0

[22/May/2023:23:20:04] DELETING ACCOUNTS (JobID: b0c6b5b7-5259-40c1-9949-aad7a1eca733)
 - Deleted: 0

[22/May/2023:23:20:36] UPDATING PRODUCTS (JobID: c71c926b-7c5b-4cc8-8a4c-15266e198088)
 - New and modified: 0

[22/May/2023:23:20:38] UPDATING PREPAGATI (JobID: 553417f9-7eb6-4c1e-bfa4-69bb8acb666a)
 - New and modified: 0

[22/May/2023:23:20:38] DELETING PREPAGATI (JobID: 553417f9-7eb6-4c1e-bfa4-69bb8acb666a)
 - Deleted: 0

[22/May/2023:23:30:04] UPDATING ACCOUNTS (JobID: 8357edbb-31f3-47c8-b84f-529686d63f09)
 - New and modified: 0

[22/May/2023:23:30:04] DELETING ACCOUNTS (JobID: 8357edbb-31f3-47c8-b84f-529686d63f09)
 - Deleted: 0

[22/May/2023:23:30:36] UPDATING PRODUCTS (JobID: 7c1e5804-2d1d-47ba-9eda-be0d695e075a)
 - New and modified: 0

[22/May/2023:23:30:37] UPDATING PREPAGATI (JobID: 9f1b4c29-ef6e-4dca-a792-6b7413a68089)
 - New and modified: 0

[22/May/2023:23:30:37] DELETING PREPAGATI (JobID: 9f1b4c29-ef6e-4dca-a792-6b7413a68089)
 - Deleted: 0

[22/May/2023:23:40:04] UPDATING ACCOUNTS (JobID: 2d4b1875-0ac0-4ff7-80fb-a381858f41bd)
 - New and modified: 0

[22/May/2023:23:40:04] DELETING ACCOUNTS (JobID: 2d4b1875-0ac0-4ff7-80fb-a381858f41bd)
 - Deleted: 0

[22/May/2023:23:40:36] UPDATING PRODUCTS (JobID: b7f471de-2234-4b4f-b57e-83f7e6a42ff3)
 - New and modified: 0

[22/May/2023:23:40:37] UPDATING PREPAGATI (JobID: 393250b4-af86-4c80-b2e5-22fe034583fa)
 - New and modified: 0

[22/May/2023:23:40:37] DELETING PREPAGATI (JobID: 393250b4-af86-4c80-b2e5-22fe034583fa)
 - Deleted: 0

[22/May/2023:23:50:04] UPDATING ACCOUNTS (JobID: 931eae82-6c87-4410-b559-1107c25b0ace)
 - New and modified: 0

[22/May/2023:23:50:04] DELETING ACCOUNTS (JobID: 931eae82-6c87-4410-b559-1107c25b0ace)
 - Deleted: 0

[22/May/2023:23:50:37] UPDATING PRODUCTS (JobID: 7478958c-33bc-4bb7-988d-793a295658c2)
 - New and modified: 0

[22/May/2023:23:50:38] UPDATING PREPAGATI (JobID: 484dcdaa-168c-4e51-855e-3756f89fec82)
 - New and modified: 0

[22/May/2023:23:50:38] DELETING PREPAGATI (JobID: 484dcdaa-168c-4e51-855e-3756f89fec82)
 - Deleted: 0

