[29/Apr/2023:00:00:05] UPDATING ACCOUNTS (JobID: 7ca8077e-37e6-462b-b96b-c8f29b19782a)
 - New and modified: 0

[29/Apr/2023:00:00:05] DELETING ACCOUNTS (JobID: 7ca8077e-37e6-462b-b96b-c8f29b19782a)
 - Deleted: 0

[29/Apr/2023:00:00:48] UPDATING PRODUCTS (JobID: 6fc1179d-db25-466f-bf50-cc2f53ff2c1e)
 - New and modified: 0

[29/Apr/2023:00:00:50] UPDATING PREPAGATI (JobID: bd6a5a7f-e3fe-4344-a0b0-2af3cf0c9cdb)
 - New and modified: 0

[29/Apr/2023:00:00:50] DELETING PREPAGATI (JobID: bd6a5a7f-e3fe-4344-a0b0-2af3cf0c9cdb)
 - Deleted: 0

[29/Apr/2023:00:10:06] UPDATING ACCOUNTS (JobID: 68c78d24-539d-40ec-a6bf-0f61a38c5deb)
 - New and modified: 0

[29/Apr/2023:00:10:06] DELETING ACCOUNTS (JobID: 68c78d24-539d-40ec-a6bf-0f61a38c5deb)
 - Deleted: 0

[29/Apr/2023:00:10:46] UPDATING PRODUCTS (JobID: 59c2e11c-3806-437a-a5dc-31cce942a9c3)
 - New and modified: 0

[29/Apr/2023:00:10:48] UPDATING PREPAGATI (JobID: 61d7e009-68ba-4204-98b8-012fa5acefa6)
 - New and modified: 0

[29/Apr/2023:00:10:48] DELETING PREPAGATI (JobID: 61d7e009-68ba-4204-98b8-012fa5acefa6)
 - Deleted: 0

[29/Apr/2023:00:20:05] UPDATING ACCOUNTS (JobID: d687339d-cc7a-4b24-81ad-ba60ceebab46)
 - New and modified: 0

[29/Apr/2023:00:20:05] DELETING ACCOUNTS (JobID: d687339d-cc7a-4b24-81ad-ba60ceebab46)
 - Deleted: 0

[29/Apr/2023:00:20:45] UPDATING PRODUCTS (JobID: 9960aae1-0dfe-4814-a498-e55727f99e93)
 - New and modified: 0

[29/Apr/2023:00:20:47] UPDATING PREPAGATI (JobID: ca8f6a7c-c54f-4f3f-97e3-2eb29691fcc7)
 - New and modified: 0

[29/Apr/2023:00:20:47] DELETING PREPAGATI (JobID: ca8f6a7c-c54f-4f3f-97e3-2eb29691fcc7)
 - Deleted: 0

[29/Apr/2023:00:30:05] UPDATING ACCOUNTS (JobID: 4ad0b9d4-0cad-4616-90b8-f79eef771a5b)
 - New and modified: 0

[29/Apr/2023:00:30:05] DELETING ACCOUNTS (JobID: 4ad0b9d4-0cad-4616-90b8-f79eef771a5b)
 - Deleted: 0

[29/Apr/2023:00:30:47] UPDATING PRODUCTS (JobID: 6d780775-a211-4d77-a8a0-3336f3d1aa6b)
 - New and modified: 0

[29/Apr/2023:00:30:49] UPDATING PREPAGATI (JobID: 291f19d5-ba9c-44e5-8793-41ec6ae01f6d)
 - New and modified: 0

[29/Apr/2023:00:30:49] DELETING PREPAGATI (JobID: 291f19d5-ba9c-44e5-8793-41ec6ae01f6d)
 - Deleted: 0

[29/Apr/2023:00:50:04] UPDATING ACCOUNTS (JobID: 747ce456-0a05-4750-920f-4e8d1d09dc85)
 - New and modified: 0

[29/Apr/2023:00:50:04] DELETING ACCOUNTS (JobID: 747ce456-0a05-4750-920f-4e8d1d09dc85)
 - Deleted: 0

[29/Apr/2023:00:50:41] UPDATING PRODUCTS (JobID: 183da6e7-68fa-465d-bba7-465b1157445d)
 - New and modified: 0

[29/Apr/2023:00:50:43] UPDATING PREPAGATI (JobID: 94d69c13-fe67-42bc-8d56-1bd1d8521129)
 - New and modified: 0

[29/Apr/2023:00:50:43] DELETING PREPAGATI (JobID: 94d69c13-fe67-42bc-8d56-1bd1d8521129)
 - Deleted: 0

[29/Apr/2023:01:10:08] UPDATING ACCOUNTS (JobID: a16d6a7b-411d-4a53-a2fd-16c2c79ce65b)
 - New and modified: 0

[29/Apr/2023:01:10:08] DELETING ACCOUNTS (JobID: a16d6a7b-411d-4a53-a2fd-16c2c79ce65b)
 - Deleted: 0

[29/Apr/2023:01:11:11] UPDATING PRODUCTS (JobID: b0410300-259f-4d7c-a18e-9ca249883b04)
 - New and modified: 0

[29/Apr/2023:01:11:15] UPDATING PREPAGATI (JobID: 633bbb85-1ac6-4a8b-8b02-e1958358fa66)
 - New and modified: 0

[29/Apr/2023:01:11:15] DELETING PREPAGATI (JobID: 633bbb85-1ac6-4a8b-8b02-e1958358fa66)
 - Deleted: 0

[29/Apr/2023:01:30:12] UPDATING ACCOUNTS (JobID: f62bfdba-4f49-40bf-a8fc-06229b6f84ea)
 - New and modified: 0

[29/Apr/2023:01:30:12] DELETING ACCOUNTS (JobID: f62bfdba-4f49-40bf-a8fc-06229b6f84ea)
 - Deleted: 0

[29/Apr/2023:01:31:10] UPDATING PRODUCTS (JobID: d9d2b97b-3047-426b-a8a1-18dfa1257b66)
 - New and modified: 0

[29/Apr/2023:01:31:12] UPDATING PREPAGATI (JobID: acaa78b4-7958-4673-b964-370ea86cb3b1)
 - New and modified: 0

[29/Apr/2023:01:31:12] DELETING PREPAGATI (JobID: acaa78b4-7958-4673-b964-370ea86cb3b1)
 - Deleted: 0

[29/Apr/2023:01:40:04] UPDATING ACCOUNTS (JobID: 1ca66c0b-98ce-49be-a23e-114bfb3479e9)
 - New and modified: 0

[29/Apr/2023:01:40:04] DELETING ACCOUNTS (JobID: 1ca66c0b-98ce-49be-a23e-114bfb3479e9)
 - Deleted: 0

[29/Apr/2023:01:40:44] UPDATING PRODUCTS (JobID: 80e60268-d67e-4e6e-a105-0cf847072f0a)
 - New and modified: 0

[29/Apr/2023:01:40:46] UPDATING PREPAGATI (JobID: 65fb496a-8543-4109-abeb-83e2ce1aca07)
 - New and modified: 0

[29/Apr/2023:01:40:46] DELETING PREPAGATI (JobID: 65fb496a-8543-4109-abeb-83e2ce1aca07)
 - Deleted: 0

[29/Apr/2023:01:50:07] UPDATING ACCOUNTS (JobID: 18be1f83-86e7-49d4-8da4-c172deacb349)
 - New and modified: 0

[29/Apr/2023:01:50:07] DELETING ACCOUNTS (JobID: 18be1f83-86e7-49d4-8da4-c172deacb349)
 - Deleted: 0

[29/Apr/2023:01:50:48] UPDATING PRODUCTS (JobID: e64751af-6e9e-45be-abbb-cf9e4ebae318)
 - New and modified: 0

[29/Apr/2023:01:50:50] UPDATING PREPAGATI (JobID: 94bf1ab5-780d-42b4-b7d9-b178fe313a52)
 - New and modified: 0

[29/Apr/2023:01:50:50] DELETING PREPAGATI (JobID: 94bf1ab5-780d-42b4-b7d9-b178fe313a52)
 - Deleted: 0

[29/Apr/2023:02:00:05] UPDATING ACCOUNTS (JobID: 51c15839-5326-48fa-9378-7cf4d59795a1)
 - New and modified: 0

[29/Apr/2023:02:00:05] DELETING ACCOUNTS (JobID: 51c15839-5326-48fa-9378-7cf4d59795a1)
 - Deleted: 0

[29/Apr/2023:02:00:46] UPDATING PRODUCTS (JobID: f1134efc-a817-407c-877f-1da117319813)
 - New and modified: 0

[29/Apr/2023:02:00:48] UPDATING PREPAGATI (JobID: 1cff5056-286f-4647-8d93-287ebdb61652)
 - New and modified: 0

[29/Apr/2023:02:00:48] DELETING PREPAGATI (JobID: 1cff5056-286f-4647-8d93-287ebdb61652)
 - Deleted: 0

[29/Apr/2023:02:10:05] UPDATING ACCOUNTS (JobID: bc1e69b5-acb8-41b7-a7d8-df416158fe55)
 - New and modified: 0

[29/Apr/2023:02:10:05] DELETING ACCOUNTS (JobID: bc1e69b5-acb8-41b7-a7d8-df416158fe55)
 - Deleted: 0

[29/Apr/2023:02:10:44] UPDATING PRODUCTS (JobID: 46bb9586-c2b1-4a69-bf31-6d6d7951a59e)
 - New and modified: 0

[29/Apr/2023:02:10:46] UPDATING PREPAGATI (JobID: dcd52854-0543-4b2f-8a13-1b850b4b6de3)
 - New and modified: 0

[29/Apr/2023:02:10:46] DELETING PREPAGATI (JobID: dcd52854-0543-4b2f-8a13-1b850b4b6de3)
 - Deleted: 0

[29/Apr/2023:02:20:04] UPDATING ACCOUNTS (JobID: 11f4652f-937f-4b02-81f9-b7e63ae7e0f0)
 - New and modified: 0

[29/Apr/2023:02:20:04] DELETING ACCOUNTS (JobID: 11f4652f-937f-4b02-81f9-b7e63ae7e0f0)
 - Deleted: 0

[29/Apr/2023:02:20:45] UPDATING PRODUCTS (JobID: aae0206b-db50-449b-adab-570320e3bb37)
 - New and modified: 0

[29/Apr/2023:02:20:47] UPDATING PREPAGATI (JobID: 7c306551-ac44-4b7d-88d5-f38a7e7d2a94)
 - New and modified: 0

[29/Apr/2023:02:20:47] DELETING PREPAGATI (JobID: 7c306551-ac44-4b7d-88d5-f38a7e7d2a94)
 - Deleted: 0

[29/Apr/2023:02:30:04] UPDATING ACCOUNTS (JobID: df03ec33-239f-4c70-aa09-1cfc8dff69af)
 - New and modified: 0

[29/Apr/2023:02:30:04] DELETING ACCOUNTS (JobID: df03ec33-239f-4c70-aa09-1cfc8dff69af)
 - Deleted: 0

[29/Apr/2023:02:30:43] UPDATING PRODUCTS (JobID: 8301c25e-e477-4410-a0c5-453c09677943)
 - New and modified: 0

[29/Apr/2023:02:30:47] UPDATING PREPAGATI (JobID: 114f1f73-3f48-43f5-aa2a-6c27063e8b40)
 - New and modified: 0

[29/Apr/2023:02:30:47] DELETING PREPAGATI (JobID: 114f1f73-3f48-43f5-aa2a-6c27063e8b40)
 - Deleted: 0

[29/Apr/2023:02:40:04] UPDATING ACCOUNTS (JobID: 01a222dc-a966-4041-82ce-4b9dc0d01cc8)
 - New and modified: 0

[29/Apr/2023:02:40:04] DELETING ACCOUNTS (JobID: 01a222dc-a966-4041-82ce-4b9dc0d01cc8)
 - Deleted: 0

[29/Apr/2023:02:40:44] UPDATING PRODUCTS (JobID: b040e800-d261-4746-b7fe-3fbc63596e55)
 - New and modified: 0

[29/Apr/2023:02:40:46] UPDATING PREPAGATI (JobID: ee5e3604-413d-4fa8-a493-4e33988b22b1)
 - New and modified: 0

[29/Apr/2023:02:40:46] DELETING PREPAGATI (JobID: ee5e3604-413d-4fa8-a493-4e33988b22b1)
 - Deleted: 0

[29/Apr/2023:02:50:08] UPDATING ACCOUNTS (JobID: ee9110ef-b760-432b-9e6e-d51b91e7de1d)
 - New and modified: 0

[29/Apr/2023:02:50:08] DELETING ACCOUNTS (JobID: ee9110ef-b760-432b-9e6e-d51b91e7de1d)
 - Deleted: 0

[29/Apr/2023:02:50:47] UPDATING PRODUCTS (JobID: 3be3c1f2-55e2-4a45-8529-3a94482c6e1b)
 - New and modified: 0

[29/Apr/2023:02:50:50] UPDATING PREPAGATI (JobID: 631473fa-b568-48ed-bc01-e382909d72c0)
 - New and modified: 0

[29/Apr/2023:02:50:50] DELETING PREPAGATI (JobID: 631473fa-b568-48ed-bc01-e382909d72c0)
 - Deleted: 0

[29/Apr/2023:03:10:04] UPDATING ACCOUNTS (JobID: 1242a8d6-3e98-4176-9edf-465be77b8a13)
 - New and modified: 0

[29/Apr/2023:03:10:04] DELETING ACCOUNTS (JobID: 1242a8d6-3e98-4176-9edf-465be77b8a13)
 - Deleted: 0

[29/Apr/2023:03:10:42] UPDATING PRODUCTS (JobID: d7ca71a1-3c9f-4515-907e-6cc9f74794bc)
 - New and modified: 0

[29/Apr/2023:03:10:44] UPDATING PREPAGATI (JobID: f49be69e-45aa-4017-8d25-692ece65a550)
 - New and modified: 0

[29/Apr/2023:03:10:44] DELETING PREPAGATI (JobID: f49be69e-45aa-4017-8d25-692ece65a550)
 - Deleted: 0

[29/Apr/2023:03:20:04] UPDATING ACCOUNTS (JobID: 2c81ed7b-1137-491b-8be3-182d5f5028de)
 - New and modified: 0

[29/Apr/2023:03:20:04] DELETING ACCOUNTS (JobID: 2c81ed7b-1137-491b-8be3-182d5f5028de)
 - Deleted: 0

[29/Apr/2023:03:20:40] UPDATING PRODUCTS (JobID: 425be05f-c921-4d36-bbdb-e4c44cb48d10)
 - New and modified: 0

[29/Apr/2023:03:20:42] UPDATING PREPAGATI (JobID: 121b0c9d-10ad-45a8-9065-5eaa3c55359e)
 - New and modified: 0

[29/Apr/2023:03:20:42] DELETING PREPAGATI (JobID: 121b0c9d-10ad-45a8-9065-5eaa3c55359e)
 - Deleted: 0

[29/Apr/2023:03:30:04] UPDATING ACCOUNTS (JobID: 4e7ca7ea-e0ff-441f-b2df-b58fcca013f9)
 - New and modified: 0

[29/Apr/2023:03:30:04] DELETING ACCOUNTS (JobID: 4e7ca7ea-e0ff-441f-b2df-b58fcca013f9)
 - Deleted: 0

[29/Apr/2023:03:30:43] UPDATING PRODUCTS (JobID: d6443a88-ef30-491f-b442-98f429e833af)
 - New and modified: 0

[29/Apr/2023:03:30:45] UPDATING PREPAGATI (JobID: 0fbdd80e-fc30-46ce-8a22-f542cb469fee)
 - New and modified: 0

[29/Apr/2023:03:30:45] DELETING PREPAGATI (JobID: 0fbdd80e-fc30-46ce-8a22-f542cb469fee)
 - Deleted: 0

[29/Apr/2023:03:40:05] UPDATING ACCOUNTS (JobID: 651e0cfe-76b0-4481-b7a3-df848bcf80df)
 - New and modified: 0

[29/Apr/2023:03:40:05] DELETING ACCOUNTS (JobID: 651e0cfe-76b0-4481-b7a3-df848bcf80df)
 - Deleted: 0

[29/Apr/2023:03:40:47] UPDATING PRODUCTS (JobID: dd56b238-2f20-40c7-94c3-660cc2ea0138)
 - New and modified: 0

[29/Apr/2023:03:40:49] UPDATING PREPAGATI (JobID: 7dd40be0-294b-40ed-8303-9b795aadb53c)
 - New and modified: 0

[29/Apr/2023:03:40:49] DELETING PREPAGATI (JobID: 7dd40be0-294b-40ed-8303-9b795aadb53c)
 - Deleted: 0

[29/Apr/2023:04:20:08] UPDATING ACCOUNTS (JobID: 57d1b279-86ba-48a4-9b94-d702789d1c6c)
 - New and modified: 0

[29/Apr/2023:04:20:08] DELETING ACCOUNTS (JobID: 57d1b279-86ba-48a4-9b94-d702789d1c6c)
 - Deleted: 0

[29/Apr/2023:04:20:51] UPDATING PRODUCTS (JobID: b3743bf3-3002-4129-b5a8-f50bef5bf9b4)
 - New and modified: 0

[29/Apr/2023:04:20:53] UPDATING PREPAGATI (JobID: 8616ad64-9cb7-4ff3-bcc9-c5e3a48e5fb2)
 - New and modified: 0

[29/Apr/2023:04:20:53] DELETING PREPAGATI (JobID: 8616ad64-9cb7-4ff3-bcc9-c5e3a48e5fb2)
 - Deleted: 0

[29/Apr/2023:04:30:05] UPDATING ACCOUNTS (JobID: debc33a9-73c0-4994-a550-f94a835ed2d0)
 - New and modified: 0

[29/Apr/2023:04:30:05] DELETING ACCOUNTS (JobID: debc33a9-73c0-4994-a550-f94a835ed2d0)
 - Deleted: 0

[29/Apr/2023:04:30:47] UPDATING PRODUCTS (JobID: 7f2bbe42-d493-490c-b1db-6409a9c13c3a)
 - New and modified: 0

[29/Apr/2023:04:30:53] UPDATING PREPAGATI (JobID: cd13688c-887a-4452-b8bf-cc3809716ff8)
 - New and modified: 0

[29/Apr/2023:04:30:53] DELETING PREPAGATI (JobID: cd13688c-887a-4452-b8bf-cc3809716ff8)
 - Deleted: 0

[29/Apr/2023:04:50:04] UPDATING ACCOUNTS (JobID: 04460a8c-b69d-4e1d-b5e3-1b2b110532f1)
 - New and modified: 0

[29/Apr/2023:04:50:04] DELETING ACCOUNTS (JobID: 04460a8c-b69d-4e1d-b5e3-1b2b110532f1)
 - Deleted: 0

[29/Apr/2023:04:50:41] UPDATING PRODUCTS (JobID: 48923771-4227-420f-9322-7a056f9afc5c)
 - New and modified: 0

[29/Apr/2023:04:50:43] UPDATING PREPAGATI (JobID: f7b0cabe-f816-4a83-8dc2-14a93596342e)
 - New and modified: 0

[29/Apr/2023:04:50:43] DELETING PREPAGATI (JobID: f7b0cabe-f816-4a83-8dc2-14a93596342e)
 - Deleted: 0

[29/Apr/2023:05:00:05] UPDATING ACCOUNTS (JobID: 360282e4-4992-4dec-87fc-c949c8961a24)
 - New and modified: 0

[29/Apr/2023:05:00:05] DELETING ACCOUNTS (JobID: 360282e4-4992-4dec-87fc-c949c8961a24)
 - Deleted: 0

[29/Apr/2023:05:00:44] UPDATING PRODUCTS (JobID: 1c8cc160-963f-4d0a-b257-e7ac26b8054c)
 - New and modified: 0

[29/Apr/2023:05:00:46] UPDATING PREPAGATI (JobID: ef591da9-13de-477f-bcea-9745c7f29b5e)
 - New and modified: 0

[29/Apr/2023:05:00:46] DELETING PREPAGATI (JobID: ef591da9-13de-477f-bcea-9745c7f29b5e)
 - Deleted: 0

[29/Apr/2023:05:10:05] UPDATING ACCOUNTS (JobID: 221a5621-74c4-4993-942e-f49d00cc4be4)
 - New and modified: 0

[29/Apr/2023:05:10:05] DELETING ACCOUNTS (JobID: 221a5621-74c4-4993-942e-f49d00cc4be4)
 - Deleted: 0

[29/Apr/2023:05:10:40] UPDATING PRODUCTS (JobID: 217bf5f1-e993-4116-a59b-3206fbcef6bb)
 - New and modified: 0

[29/Apr/2023:05:10:41] UPDATING PREPAGATI (JobID: 4b4546d1-961e-4e15-b725-d287adb585fb)
 - New and modified: 0

[29/Apr/2023:05:10:41] DELETING PREPAGATI (JobID: 4b4546d1-961e-4e15-b725-d287adb585fb)
 - Deleted: 0

[29/Apr/2023:05:20:04] UPDATING ACCOUNTS (JobID: 2103da8d-b8e9-4823-91a0-3bcad4dc58ff)
 - New and modified: 0

[29/Apr/2023:05:20:04] DELETING ACCOUNTS (JobID: 2103da8d-b8e9-4823-91a0-3bcad4dc58ff)
 - Deleted: 0

[29/Apr/2023:05:20:36] UPDATING PRODUCTS (JobID: c94095d7-f7a2-4455-b819-52623cede9ba)
 - New and modified: 0

[29/Apr/2023:05:20:38] UPDATING PREPAGATI (JobID: d559b988-0e6c-4647-9acb-41521b5829c7)
 - New and modified: 0

[29/Apr/2023:05:20:38] DELETING PREPAGATI (JobID: d559b988-0e6c-4647-9acb-41521b5829c7)
 - Deleted: 0

[29/Apr/2023:05:30:04] UPDATING ACCOUNTS (JobID: 7712db5f-9b8b-4356-a0ad-f5729f1f6a6a)
 - New and modified: 0

[29/Apr/2023:05:30:04] DELETING ACCOUNTS (JobID: 7712db5f-9b8b-4356-a0ad-f5729f1f6a6a)
 - Deleted: 0

[29/Apr/2023:05:30:42] UPDATING PRODUCTS (JobID: 32fa4341-5712-481d-a8ea-0f1e4718547b)
 - New and modified: 0

[29/Apr/2023:05:30:44] UPDATING PREPAGATI (JobID: fc836b9f-4f5c-4415-92ae-a669d2a75966)
 - New and modified: 0

[29/Apr/2023:05:30:44] DELETING PREPAGATI (JobID: fc836b9f-4f5c-4415-92ae-a669d2a75966)
 - Deleted: 0

[29/Apr/2023:05:40:04] UPDATING ACCOUNTS (JobID: 92e355c4-e07a-4919-8faf-4b5f6b2267c1)
 - New and modified: 0

[29/Apr/2023:05:40:04] DELETING ACCOUNTS (JobID: 92e355c4-e07a-4919-8faf-4b5f6b2267c1)
 - Deleted: 0

[29/Apr/2023:05:40:46] UPDATING PRODUCTS (JobID: cbf688d4-7e0e-4ad7-a4ba-14191256e27c)
 - New and modified: 0

[29/Apr/2023:05:40:48] UPDATING PREPAGATI (JobID: c98f880e-345d-4e80-b457-abac2133ac1c)
 - New and modified: 0

[29/Apr/2023:05:40:48] DELETING PREPAGATI (JobID: c98f880e-345d-4e80-b457-abac2133ac1c)
 - Deleted: 0

[29/Apr/2023:05:50:05] UPDATING ACCOUNTS (JobID: 9f0c0bd5-e0e3-4690-a506-9148fd99031f)
 - New and modified: 0

[29/Apr/2023:05:50:05] DELETING ACCOUNTS (JobID: 9f0c0bd5-e0e3-4690-a506-9148fd99031f)
 - Deleted: 0

[29/Apr/2023:05:50:42] UPDATING PRODUCTS (JobID: 568394fb-02e7-4abb-8f63-31c8372764bc)
 - New and modified: 0

[29/Apr/2023:05:50:44] UPDATING PREPAGATI (JobID: e95f86ed-618c-478f-a210-ca7106c9776a)
 - New and modified: 0

[29/Apr/2023:05:50:44] DELETING PREPAGATI (JobID: e95f86ed-618c-478f-a210-ca7106c9776a)
 - Deleted: 0

[29/Apr/2023:06:00:15] UPDATING ACCOUNTS (JobID: e7f4d909-4744-4e2a-803d-1b60027a49cb)
 - New and modified: 0

[29/Apr/2023:06:00:15] DELETING ACCOUNTS (JobID: e7f4d909-4744-4e2a-803d-1b60027a49cb)
 - Deleted: 0

[29/Apr/2023:06:01:02] UPDATING PRODUCTS (JobID: 194108b0-8f2f-4da6-bf76-3453e0bcb683)
 - New and modified: 0

[29/Apr/2023:06:01:04] UPDATING PREPAGATI (JobID: cabb07de-e63c-4b5b-b103-358b9b48793d)
 - New and modified: 0

[29/Apr/2023:06:01:04] DELETING PREPAGATI (JobID: cabb07de-e63c-4b5b-b103-358b9b48793d)
 - Deleted: 0

[29/Apr/2023:06:10:04] UPDATING ACCOUNTS (JobID: 919e8dbe-685c-4e9a-a7c8-9e6263d88a24)
 - New and modified: 0

[29/Apr/2023:06:10:04] DELETING ACCOUNTS (JobID: 919e8dbe-685c-4e9a-a7c8-9e6263d88a24)
 - Deleted: 0

[29/Apr/2023:06:10:47] UPDATING PRODUCTS (JobID: c9d3777b-bb00-43fc-85c2-c53f16b5c273)
 - New and modified: 0

[29/Apr/2023:06:10:49] UPDATING PREPAGATI (JobID: ee0a6f25-cdc8-4a3b-8edf-25f5ba947cf8)
 - New and modified: 0

[29/Apr/2023:06:10:49] DELETING PREPAGATI (JobID: ee0a6f25-cdc8-4a3b-8edf-25f5ba947cf8)
 - Deleted: 0

[29/Apr/2023:06:20:07] UPDATING ACCOUNTS (JobID: d8589f72-0daa-4647-a02e-392fea3f7f00)
 - New and modified: 0

[29/Apr/2023:06:20:07] DELETING ACCOUNTS (JobID: d8589f72-0daa-4647-a02e-392fea3f7f00)
 - Deleted: 0

[29/Apr/2023:06:20:49] UPDATING PRODUCTS (JobID: 416aea00-4f04-4f27-8344-31100933fe20)
 - New and modified: 0

[29/Apr/2023:06:20:51] UPDATING PREPAGATI (JobID: 533b5147-4cc8-4f65-9117-a999716da312)
 - New and modified: 0

[29/Apr/2023:06:20:51] DELETING PREPAGATI (JobID: 533b5147-4cc8-4f65-9117-a999716da312)
 - Deleted: 0

[29/Apr/2023:06:30:31] UPDATING ACCOUNTS (JobID: 04212680-7fad-4793-9fcf-981784db5a0e)
 - New and modified: 0

[29/Apr/2023:06:30:31] DELETING ACCOUNTS (JobID: 04212680-7fad-4793-9fcf-981784db5a0e)
 - Deleted: 0

[29/Apr/2023:06:31:41] UPDATING PRODUCTS (JobID: 7c32d56f-9932-47aa-bcda-b4e25b75dcaf)
 - New and modified: 0

[29/Apr/2023:06:31:43] UPDATING PREPAGATI (JobID: 2e051e11-5c26-4553-ad9c-0c360f4fb3b8)
 - New and modified: 0

[29/Apr/2023:06:31:43] DELETING PREPAGATI (JobID: 2e051e11-5c26-4553-ad9c-0c360f4fb3b8)
 - Deleted: 0

[29/Apr/2023:07:00:05] UPDATING ACCOUNTS (JobID: a4a643a8-9518-483a-a3c9-9b545ddebe73)
 - New and modified: 0

[29/Apr/2023:07:00:05] DELETING ACCOUNTS (JobID: a4a643a8-9518-483a-a3c9-9b545ddebe73)
 - Deleted: 0

[29/Apr/2023:07:01:14] UPDATING PRODUCTS (JobID: 34a867d3-f4f8-4822-8933-c0e9ee06673d)
 - New and modified: 0

[29/Apr/2023:07:01:21] UPDATING PREPAGATI (JobID: b00f3ec8-fcfb-432f-ae81-613f522b496f)
 - New and modified: 0

[29/Apr/2023:07:01:21] DELETING PREPAGATI (JobID: b00f3ec8-fcfb-432f-ae81-613f522b496f)
 - Deleted: 0

[29/Apr/2023:07:11:05] UPDATING ACCOUNTS (JobID: 3d9c221b-62a4-4342-afa1-faaa4a3a1b1a)
 - New and modified: 0

[29/Apr/2023:07:11:05] DELETING ACCOUNTS (JobID: 3d9c221b-62a4-4342-afa1-faaa4a3a1b1a)
 - Deleted: 0

[29/Apr/2023:07:15:22] UPDATING PRODUCTS (JobID: fcd6db0d-03d7-45e6-b9d0-3deeb23bb8c8)
 - New and modified: 0

[29/Apr/2023:07:15:25] UPDATING PREPAGATI (JobID: 6b076878-5e60-440d-bf4b-2526abbf1e60)
 - New and modified: 0

[29/Apr/2023:07:15:25] DELETING PREPAGATI (JobID: 6b076878-5e60-440d-bf4b-2526abbf1e60)
 - Deleted: 0

[29/Apr/2023:07:50:06] UPDATING ACCOUNTS (JobID: d1a0822e-1e4b-48bb-831d-64cd1738f2ce)
 - New and modified: 0

[29/Apr/2023:07:50:06] DELETING ACCOUNTS (JobID: d1a0822e-1e4b-48bb-831d-64cd1738f2ce)
 - Deleted: 0

[29/Apr/2023:07:51:12] UPDATING PRODUCTS (JobID: df6afdfe-286e-491d-ad02-e9364fc3274b)
 - New and modified: 0

[29/Apr/2023:07:51:18] UPDATING PREPAGATI (JobID: fdaf7586-5825-4336-9ab8-e3aedaf29348)
 - New and modified: 0

[29/Apr/2023:07:51:18] DELETING PREPAGATI (JobID: fdaf7586-5825-4336-9ab8-e3aedaf29348)
 - Deleted: 0

[29/Apr/2023:08:11:15] UPDATING ACCOUNTS (JobID: afa6d22b-aa36-452f-8769-6d71a1548cad)
 - New and modified: 0

[29/Apr/2023:08:11:15] DELETING ACCOUNTS (JobID: afa6d22b-aa36-452f-8769-6d71a1548cad)
 - Deleted: 0

[29/Apr/2023:08:12:31] UPDATING PRODUCTS (JobID: 2ada91a6-c1d9-4b76-8e83-b0c11ea1c4ad)
 - New and modified: 0

[29/Apr/2023:08:12:35] UPDATING PREPAGATI (JobID: ad48529c-5282-44ab-8cbf-b5b8b8251d25)
 - New and modified: 0

[29/Apr/2023:08:12:35] DELETING PREPAGATI (JobID: ad48529c-5282-44ab-8cbf-b5b8b8251d25)
 - Deleted: 0

[29/Apr/2023:08:50:07] UPDATING ACCOUNTS (JobID: 35824d23-bb55-4bc7-a227-eee952ccf9c2)
 - New and modified: 0

[29/Apr/2023:08:50:07] DELETING ACCOUNTS (JobID: 35824d23-bb55-4bc7-a227-eee952ccf9c2)
 - Deleted: 0

[29/Apr/2023:08:51:09] UPDATING PRODUCTS (JobID: 30dceb53-c864-4957-817d-efe50595f767)
 - New and modified: 0

[29/Apr/2023:08:51:12] UPDATING PREPAGATI (JobID: c9122855-b569-441e-8885-07dae94c17f6)
 - New and modified: 0

[29/Apr/2023:08:51:12] DELETING PREPAGATI (JobID: c9122855-b569-441e-8885-07dae94c17f6)
 - Deleted: 0

[29/Apr/2023:09:10:06] UPDATING ACCOUNTS (JobID: d7560f27-76c2-43a3-bf25-be494174d2c8)
 - New and modified: 0

[29/Apr/2023:09:10:06] DELETING ACCOUNTS (JobID: d7560f27-76c2-43a3-bf25-be494174d2c8)
 - Deleted: 0

[29/Apr/2023:09:11:30] UPDATING PRODUCTS (JobID: 4492f394-2833-4b1c-b947-1e9cc0067d37)
 - New and modified: 0

[29/Apr/2023:09:11:33] UPDATING PREPAGATI (JobID: 28bce9e6-c70e-4fee-850e-332c089b6fc9)
 - New and modified: 0

[29/Apr/2023:09:11:33] DELETING PREPAGATI (JobID: 28bce9e6-c70e-4fee-850e-332c089b6fc9)
 - Deleted: 0

[29/Apr/2023:09:40:05] UPDATING ACCOUNTS (JobID: ba100ba6-a9c0-4d2f-8c26-d7f5167ad27e)
 - New and modified: 0

[29/Apr/2023:09:40:05] DELETING ACCOUNTS (JobID: ba100ba6-a9c0-4d2f-8c26-d7f5167ad27e)
 - Deleted: 0

[29/Apr/2023:09:41:11] UPDATING PRODUCTS (JobID: 1e2a1c27-0430-453f-b705-354d64992e46)
 - New and modified: 0

[29/Apr/2023:09:41:13] UPDATING PREPAGATI (JobID: a92a3bc7-dff8-4649-a33c-4407f48f6fa4)
 - New and modified: 0

[29/Apr/2023:09:41:13] DELETING PREPAGATI (JobID: a92a3bc7-dff8-4649-a33c-4407f48f6fa4)
 - Deleted: 0

[29/Apr/2023:10:30:15] UPDATING ACCOUNTS (JobID: 15382c08-21fd-4972-adad-dbf032d0546a)
 - New and modified: 0

[29/Apr/2023:10:30:15] DELETING ACCOUNTS (JobID: 15382c08-21fd-4972-adad-dbf032d0546a)
 - Deleted: 0

[29/Apr/2023:10:31:09] UPDATING PRODUCTS (JobID: 7b8d0c12-281f-4c03-8be9-80c3e2d9dc1a)
 - New and modified: 0

[29/Apr/2023:10:31:11] UPDATING PREPAGATI (JobID: 91bb5d59-0286-4a70-a310-769e6bc74bea)
 - New and modified: 0

[29/Apr/2023:10:31:11] DELETING PREPAGATI (JobID: 91bb5d59-0286-4a70-a310-769e6bc74bea)
 - Deleted: 0

[29/Apr/2023:10:40:10] UPDATING ACCOUNTS (JobID: 869e8e22-5f3d-4a6c-9814-92ea6fbe2728)
 - New and modified: 0

[29/Apr/2023:10:40:10] DELETING ACCOUNTS (JobID: 869e8e22-5f3d-4a6c-9814-92ea6fbe2728)
 - Deleted: 0

[29/Apr/2023:10:40:51] UPDATING PRODUCTS (JobID: 8699f5be-e380-4c03-8a94-184d40fcebf6)
 - New and modified: 0

[29/Apr/2023:10:40:54] UPDATING PREPAGATI (JobID: 72412343-3da9-4bb7-9a95-9ce7d20d143f)
 - New and modified: 0

[29/Apr/2023:10:40:54] DELETING PREPAGATI (JobID: 72412343-3da9-4bb7-9a95-9ce7d20d143f)
 - Deleted: 0

[29/Apr/2023:11:00:05] UPDATING ACCOUNTS (JobID: 0405a083-544f-44bb-b658-d075ebe0257d)
 - New and modified: 0

[29/Apr/2023:11:00:05] DELETING ACCOUNTS (JobID: 0405a083-544f-44bb-b658-d075ebe0257d)
 - Deleted: 0

[29/Apr/2023:11:01:07] UPDATING PRODUCTS (JobID: 179fbba5-3933-43b0-89e1-47a6935bec26)
 - New and modified: 0

[29/Apr/2023:11:01:17] UPDATING PREPAGATI (JobID: f37e70e4-d716-4849-afb4-227455dec0b7)
 - New and modified: 0

[29/Apr/2023:11:01:17] DELETING PREPAGATI (JobID: f37e70e4-d716-4849-afb4-227455dec0b7)
 - Deleted: 0

[29/Apr/2023:11:10:10] UPDATING ACCOUNTS (JobID: 54b730bc-3b93-40a8-8552-f3507754a23f)
 - New and modified: 0

[29/Apr/2023:11:10:10] DELETING ACCOUNTS (JobID: 54b730bc-3b93-40a8-8552-f3507754a23f)
 - Deleted: 0

[29/Apr/2023:11:11:29] UPDATING PRODUCTS (JobID: 7bdc9809-1a87-468d-93d1-63b89ff22358)
 - New and modified: 0

[29/Apr/2023:11:11:31] UPDATING PREPAGATI (JobID: 4e2129d0-28f3-4945-a71f-6ddbff3baa1d)
 - New and modified: 0

[29/Apr/2023:11:11:31] DELETING PREPAGATI (JobID: 4e2129d0-28f3-4945-a71f-6ddbff3baa1d)
 - Deleted: 0

[29/Apr/2023:11:30:05] UPDATING ACCOUNTS (JobID: 4ad68581-aefd-43bb-8be6-7bf34880dea7)
 - New and modified: 0

[29/Apr/2023:11:30:05] DELETING ACCOUNTS (JobID: 4ad68581-aefd-43bb-8be6-7bf34880dea7)
 - Deleted: 0

[29/Apr/2023:11:30:59] UPDATING PRODUCTS (JobID: d0d039dd-b66d-487e-8b65-f69a813d70b6)
 - New and modified: 0

[29/Apr/2023:11:31:06] UPDATING PREPAGATI (JobID: b38c343e-b966-47ea-b45c-c990362984f2)
 - New and modified: 0

[29/Apr/2023:11:31:06] DELETING PREPAGATI (JobID: b38c343e-b966-47ea-b45c-c990362984f2)
 - Deleted: 0

[29/Apr/2023:11:40:04] UPDATING ACCOUNTS (JobID: d4d7baef-47d7-40ee-87a2-6aecd1b4bbfa)
 - New and modified: 0

[29/Apr/2023:11:40:04] DELETING ACCOUNTS (JobID: d4d7baef-47d7-40ee-87a2-6aecd1b4bbfa)
 - Deleted: 0

[29/Apr/2023:11:40:50] UPDATING PRODUCTS (JobID: d5af3ae4-0548-41e4-96c0-f3c630da7162)
 - New and modified: 0

[29/Apr/2023:11:40:53] UPDATING PREPAGATI (JobID: 1afce388-9233-411a-ad2d-14b5eacc4730)
 - New and modified: 0

[29/Apr/2023:11:40:53] DELETING PREPAGATI (JobID: 1afce388-9233-411a-ad2d-14b5eacc4730)
 - Deleted: 0

[29/Apr/2023:12:00:05] UPDATING ACCOUNTS (JobID: 60a108f1-22df-434e-b8b2-bf62dc0befd5)
 - New and modified: 0

[29/Apr/2023:12:00:05] DELETING ACCOUNTS (JobID: 60a108f1-22df-434e-b8b2-bf62dc0befd5)
 - Deleted: 0

[29/Apr/2023:12:01:37] UPDATING PRODUCTS (JobID: aba33005-03e1-428d-8296-959bd8618a9a)
 - New and modified: 0

[29/Apr/2023:12:01:41] UPDATING PREPAGATI (JobID: 21bacd1c-3f69-4767-91fa-ebf536ea4b9a)
 - New and modified: 0

[29/Apr/2023:12:01:41] DELETING PREPAGATI (JobID: 21bacd1c-3f69-4767-91fa-ebf536ea4b9a)
 - Deleted: 0

[29/Apr/2023:12:10:24] UPDATING ACCOUNTS (JobID: c39821d0-4d73-4195-9bbf-e36e938217eb)
 - New and modified: 0

[29/Apr/2023:12:10:24] DELETING ACCOUNTS (JobID: c39821d0-4d73-4195-9bbf-e36e938217eb)
 - Deleted: 0

[29/Apr/2023:12:11:37] UPDATING PRODUCTS (JobID: 2ad69551-9cca-4583-8f60-95bf20436ec8)
 - New and modified: 0

[29/Apr/2023:12:11:41] UPDATING PREPAGATI (JobID: c42b9187-88ea-460e-bb5a-a1cb456d85b3)
 - New and modified: 0

[29/Apr/2023:12:11:41] DELETING PREPAGATI (JobID: c42b9187-88ea-460e-bb5a-a1cb456d85b3)
 - Deleted: 0

[29/Apr/2023:12:20:07] UPDATING ACCOUNTS (JobID: 9eb6fd4f-2356-4378-a45f-3e8f5e83cd79)
 - New and modified: 0

[29/Apr/2023:12:20:07] DELETING ACCOUNTS (JobID: 9eb6fd4f-2356-4378-a45f-3e8f5e83cd79)
 - Deleted: 0

[29/Apr/2023:12:20:47] UPDATING PRODUCTS (JobID: c82be064-047a-4ad9-97f4-95494efc500c)
 - New and modified: 0

[29/Apr/2023:12:20:49] UPDATING PREPAGATI (JobID: 41956ac6-ce22-47e4-ae35-2569356dbd49)
 - New and modified: 0

[29/Apr/2023:12:20:49] DELETING PREPAGATI (JobID: 41956ac6-ce22-47e4-ae35-2569356dbd49)
 - Deleted: 0

[29/Apr/2023:12:40:04] UPDATING ACCOUNTS (JobID: 5830b303-e043-4580-99ed-c9e4596f5089)
 - New and modified: 0

[29/Apr/2023:12:40:04] DELETING ACCOUNTS (JobID: 5830b303-e043-4580-99ed-c9e4596f5089)
 - Deleted: 0

[29/Apr/2023:12:40:48] UPDATING PRODUCTS (JobID: 6ea99827-b74e-4ebc-ae77-961fe2476b49)
 - New and modified: 0

[29/Apr/2023:12:40:51] UPDATING PREPAGATI (JobID: 07c3e8ec-c746-4d40-8368-0e3c81abd3f6)
 - New and modified: 0

[29/Apr/2023:12:40:51] DELETING PREPAGATI (JobID: 07c3e8ec-c746-4d40-8368-0e3c81abd3f6)
 - Deleted: 0

[29/Apr/2023:12:50:06] UPDATING ACCOUNTS (JobID: 8490d693-8d0f-4553-89e9-b1a005b59f82)
 - New and modified: 0

[29/Apr/2023:12:50:06] DELETING ACCOUNTS (JobID: 8490d693-8d0f-4553-89e9-b1a005b59f82)
 - Deleted: 0

[29/Apr/2023:12:50:51] UPDATING PRODUCTS (JobID: dc79c86c-c27c-416a-8c89-510140845869)
 - New and modified: 0

[29/Apr/2023:12:50:54] UPDATING PREPAGATI (JobID: fc86517e-7ea6-4631-9bac-3372025c48b2)
 - New and modified: 0

[29/Apr/2023:12:50:54] DELETING PREPAGATI (JobID: fc86517e-7ea6-4631-9bac-3372025c48b2)
 - Deleted: 0

[29/Apr/2023:13:20:07] UPDATING ACCOUNTS (JobID: 78c00257-3add-412b-a6d5-35a1079d7401)
 - New and modified: 0

[29/Apr/2023:13:20:07] DELETING ACCOUNTS (JobID: 78c00257-3add-412b-a6d5-35a1079d7401)
 - Deleted: 0

[29/Apr/2023:13:21:05] UPDATING PRODUCTS (JobID: d2d1ecce-da05-4e1f-99f6-5f7d2ea4f0f0)
 - New and modified: 0

[29/Apr/2023:13:21:08] UPDATING PREPAGATI (JobID: e19ea2c5-d172-48df-a78e-9b1be68f3cba)
 - New and modified: 0

[29/Apr/2023:13:21:08] DELETING PREPAGATI (JobID: e19ea2c5-d172-48df-a78e-9b1be68f3cba)
 - Deleted: 0

[29/Apr/2023:13:50:05] UPDATING ACCOUNTS (JobID: 9504f7bb-5a6c-47c7-bef2-4a691f175359)
 - New and modified: 0

[29/Apr/2023:13:50:05] DELETING ACCOUNTS (JobID: 9504f7bb-5a6c-47c7-bef2-4a691f175359)
 - Deleted: 0

[29/Apr/2023:13:50:49] UPDATING PRODUCTS (JobID: 7831241a-5a0e-4dc7-97f0-f8490455a6c0)
 - New and modified: 0

[29/Apr/2023:13:50:51] UPDATING PREPAGATI (JobID: 261aa38f-c29b-4c26-9ef6-956913eccd86)
 - New and modified: 0

[29/Apr/2023:13:50:51] DELETING PREPAGATI (JobID: 261aa38f-c29b-4c26-9ef6-956913eccd86)
 - Deleted: 0

[29/Apr/2023:14:10:06] UPDATING ACCOUNTS (JobID: a0b99ed9-ca33-42aa-8d96-ec06715e78a1)
 - New and modified: 0

[29/Apr/2023:14:10:06] DELETING ACCOUNTS (JobID: a0b99ed9-ca33-42aa-8d96-ec06715e78a1)
 - Deleted: 0

[29/Apr/2023:14:11:20] UPDATING PRODUCTS (JobID: 6036d6fc-7f86-4410-8fb6-b7e3d5e2b719)
 - New and modified: 0

[29/Apr/2023:14:11:24] UPDATING PREPAGATI (JobID: 84df70ac-97b4-4e5c-a343-ecc5f5036bef)
 - New and modified: 0

[29/Apr/2023:14:11:24] DELETING PREPAGATI (JobID: 84df70ac-97b4-4e5c-a343-ecc5f5036bef)
 - Deleted: 0

[29/Apr/2023:14:20:05] UPDATING ACCOUNTS (JobID: 88522742-a1ad-4d39-8e24-8a5b26d9cd7e)
 - New and modified: 0

[29/Apr/2023:14:20:05] DELETING ACCOUNTS (JobID: 88522742-a1ad-4d39-8e24-8a5b26d9cd7e)
 - Deleted: 0

[29/Apr/2023:14:21:32] UPDATING PRODUCTS (JobID: a60cef33-adae-43c2-a770-a87d6ea71945)
 - New and modified: 0

[29/Apr/2023:14:21:40] UPDATING PREPAGATI (JobID: ec431f59-dc6c-4b57-8229-53a703250fb2)
 - New and modified: 0

[29/Apr/2023:14:21:40] DELETING PREPAGATI (JobID: ec431f59-dc6c-4b57-8229-53a703250fb2)
 - Deleted: 0

[29/Apr/2023:14:30:08] UPDATING ACCOUNTS (JobID: f7694683-ee76-4444-9746-f8d9f980815b)
 - New and modified: 0

[29/Apr/2023:14:30:08] DELETING ACCOUNTS (JobID: f7694683-ee76-4444-9746-f8d9f980815b)
 - Deleted: 0

[29/Apr/2023:14:30:57] UPDATING PRODUCTS (JobID: 6a0ad9eb-bc41-4942-9e1e-b92cd6fb8a65)
 - New and modified: 0

[29/Apr/2023:14:30:59] UPDATING PREPAGATI (JobID: bc303825-ce04-4758-89f0-68f5fd565375)
 - New and modified: 0

[29/Apr/2023:14:30:59] DELETING PREPAGATI (JobID: bc303825-ce04-4758-89f0-68f5fd565375)
 - Deleted: 0

[29/Apr/2023:14:40:04] UPDATING ACCOUNTS (JobID: d9544a45-b7e8-4b7d-95e6-453ed0f2b995)
 - New and modified: 0

[29/Apr/2023:14:40:04] DELETING ACCOUNTS (JobID: d9544a45-b7e8-4b7d-95e6-453ed0f2b995)
 - Deleted: 0

[29/Apr/2023:14:40:47] UPDATING PRODUCTS (JobID: 00f13c60-520a-42d3-8b64-b24e561ae370)
 - New and modified: 0

[29/Apr/2023:14:40:49] UPDATING PREPAGATI (JobID: bd0a1286-2177-44f2-bada-d81103e41254)
 - New and modified: 0

[29/Apr/2023:14:40:49] DELETING PREPAGATI (JobID: bd0a1286-2177-44f2-bada-d81103e41254)
 - Deleted: 0

[29/Apr/2023:14:50:06] UPDATING ACCOUNTS (JobID: ccf382dc-3999-4e1a-a95c-6bfb14dc919a)
 - New and modified: 0

[29/Apr/2023:14:50:06] DELETING ACCOUNTS (JobID: ccf382dc-3999-4e1a-a95c-6bfb14dc919a)
 - Deleted: 0

[29/Apr/2023:14:50:50] UPDATING PRODUCTS (JobID: 82ea4e3e-1e9a-4be8-9652-30d5320841d4)
 - New and modified: 0

[29/Apr/2023:14:50:52] UPDATING PREPAGATI (JobID: b1a205da-5a0e-40aa-81de-b7268a1643f4)
 - New and modified: 0

[29/Apr/2023:14:50:52] DELETING PREPAGATI (JobID: b1a205da-5a0e-40aa-81de-b7268a1643f4)
 - Deleted: 0

[29/Apr/2023:15:00:06] UPDATING ACCOUNTS (JobID: b464a6bd-3e77-4a63-9965-f93643703afb)
 - New and modified: 0

[29/Apr/2023:15:00:06] DELETING ACCOUNTS (JobID: b464a6bd-3e77-4a63-9965-f93643703afb)
 - Deleted: 0

[29/Apr/2023:15:01:19] UPDATING PRODUCTS (JobID: ab5ef29a-09f5-49bd-aee2-df0e0e670d6e)
 - New and modified: 0

[29/Apr/2023:15:01:22] UPDATING PREPAGATI (JobID: 50f8c6a5-ad00-481c-b44d-c42d340d2c34)
 - New and modified: 0

[29/Apr/2023:15:01:22] DELETING PREPAGATI (JobID: 50f8c6a5-ad00-481c-b44d-c42d340d2c34)
 - Deleted: 0

[29/Apr/2023:16:00:05] UPDATING ACCOUNTS (JobID: 274ffcf4-5d82-4f7b-9476-40821c74266a)
 - New and modified: 0

[29/Apr/2023:16:00:05] DELETING ACCOUNTS (JobID: 274ffcf4-5d82-4f7b-9476-40821c74266a)
 - Deleted: 0

[29/Apr/2023:16:01:25] UPDATING PRODUCTS (JobID: 77e6fa6b-a3e0-4bb6-b485-cb02f07ff8a2)
 - New and modified: 0

[29/Apr/2023:16:01:31] UPDATING PREPAGATI (JobID: 1ef1fd12-e864-49ec-8b29-6eb112a0ea29)
 - New and modified: 0

[29/Apr/2023:16:01:31] DELETING PREPAGATI (JobID: 1ef1fd12-e864-49ec-8b29-6eb112a0ea29)
 - Deleted: 0

[29/Apr/2023:16:10:09] UPDATING ACCOUNTS (JobID: 4c08e808-9d82-4279-a0c1-151117e22409)
 - New and modified: 0

[29/Apr/2023:16:10:09] DELETING ACCOUNTS (JobID: 4c08e808-9d82-4279-a0c1-151117e22409)
 - Deleted: 0

[29/Apr/2023:16:11:52] UPDATING PRODUCTS (JobID: 600f0002-e5e0-42d5-a010-8747607c0ce0)
 - New and modified: 0

[29/Apr/2023:16:11:57] UPDATING PREPAGATI (JobID: b892f681-5246-4750-ac28-095e86920deb)
 - New and modified: 0

[29/Apr/2023:16:11:57] DELETING PREPAGATI (JobID: b892f681-5246-4750-ac28-095e86920deb)
 - Deleted: 0

[29/Apr/2023:16:20:05] UPDATING ACCOUNTS (JobID: 948c3bfc-4563-440c-bbfc-e36ef96b86d9)
 - New and modified: 0

[29/Apr/2023:16:20:05] DELETING ACCOUNTS (JobID: 948c3bfc-4563-440c-bbfc-e36ef96b86d9)
 - Deleted: 0

[29/Apr/2023:16:21:04] UPDATING PRODUCTS (JobID: dc59eb75-ff67-4a14-b952-5668b8401cdb)
 - New and modified: 0

[29/Apr/2023:16:21:07] UPDATING PREPAGATI (JobID: 5f623a36-1aa1-4082-8d67-3c1ad3eabf62)
 - New and modified: 0

[29/Apr/2023:16:21:07] DELETING PREPAGATI (JobID: 5f623a36-1aa1-4082-8d67-3c1ad3eabf62)
 - Deleted: 0

[29/Apr/2023:16:40:07] UPDATING ACCOUNTS (JobID: 81c0d9c3-d3cf-4841-a6a2-46dc6f100cec)
 - New and modified: 0

[29/Apr/2023:16:40:07] DELETING ACCOUNTS (JobID: 81c0d9c3-d3cf-4841-a6a2-46dc6f100cec)
 - Deleted: 0

[29/Apr/2023:16:40:50] UPDATING PRODUCTS (JobID: 5b2dcb5f-5b74-4bd4-9549-181e70602141)
 - New and modified: 0

[29/Apr/2023:16:40:52] UPDATING PREPAGATI (JobID: 48400b82-95a8-4f9d-b323-326a9ef4f8b0)
 - New and modified: 0

[29/Apr/2023:16:40:52] DELETING PREPAGATI (JobID: 48400b82-95a8-4f9d-b323-326a9ef4f8b0)
 - Deleted: 0

[29/Apr/2023:16:50:11] UPDATING ACCOUNTS (JobID: 3efffa08-81f2-4ac3-a0a1-f098ed91167f)
 - New and modified: 0

[29/Apr/2023:16:50:11] DELETING ACCOUNTS (JobID: 3efffa08-81f2-4ac3-a0a1-f098ed91167f)
 - Deleted: 0

[29/Apr/2023:16:51:14] UPDATING PRODUCTS (JobID: 415829c6-bdcb-4a05-87fd-db03fd0865b8)
 - New and modified: 0

[29/Apr/2023:16:51:16] UPDATING PREPAGATI (JobID: 75e89f43-e9f2-4abe-969a-5eb46dc94b62)
 - New and modified: 0

[29/Apr/2023:16:51:16] DELETING PREPAGATI (JobID: 75e89f43-e9f2-4abe-969a-5eb46dc94b62)
 - Deleted: 0

[29/Apr/2023:17:40:05] UPDATING ACCOUNTS (JobID: 65e44d5a-8f11-421b-8d38-61f0089925d3)
 - New and modified: 0

[29/Apr/2023:17:40:05] DELETING ACCOUNTS (JobID: 65e44d5a-8f11-421b-8d38-61f0089925d3)
 - Deleted: 0

[29/Apr/2023:17:40:55] UPDATING PRODUCTS (JobID: 2a631aa2-404b-4367-b21b-faa52b08dc01)
 - New and modified: 0

[29/Apr/2023:17:40:57] UPDATING PREPAGATI (JobID: b2023d2e-7b7b-471f-9e4b-f48bccef7ef8)
 - New and modified: 0

[29/Apr/2023:17:40:57] DELETING PREPAGATI (JobID: b2023d2e-7b7b-471f-9e4b-f48bccef7ef8)
 - Deleted: 0

[29/Apr/2023:18:40:05] UPDATING ACCOUNTS (JobID: 0d5561b2-3b7f-46e5-b3e5-6ce3d66320da)
 - New and modified: 0

[29/Apr/2023:18:40:05] DELETING ACCOUNTS (JobID: 0d5561b2-3b7f-46e5-b3e5-6ce3d66320da)
 - Deleted: 0

[29/Apr/2023:18:40:57] UPDATING PRODUCTS (JobID: 3387c37d-ee3e-41e5-8d48-e468b752fcbe)
 - New and modified: 0

[29/Apr/2023:18:40:59] UPDATING PREPAGATI (JobID: 4f17d6b4-917b-4918-afda-5ff9ed97cd75)
 - New and modified: 0

[29/Apr/2023:18:40:59] DELETING PREPAGATI (JobID: 4f17d6b4-917b-4918-afda-5ff9ed97cd75)
 - Deleted: 0

[29/Apr/2023:19:00:06] UPDATING ACCOUNTS (JobID: 8ba64dbd-2f0e-40c5-93f2-aab84f51dcec)
 - New and modified: 0

[29/Apr/2023:19:00:06] DELETING ACCOUNTS (JobID: 8ba64dbd-2f0e-40c5-93f2-aab84f51dcec)
 - Deleted: 0

[29/Apr/2023:19:00:48] UPDATING PRODUCTS (JobID: 1d30fbc2-77c6-4474-a178-4478293b7d47)
 - New and modified: 0

[29/Apr/2023:19:00:50] UPDATING PREPAGATI (JobID: fe854830-a143-4fd7-b98f-aa4e01eb3fbd)
 - New and modified: 0

[29/Apr/2023:19:00:50] DELETING PREPAGATI (JobID: fe854830-a143-4fd7-b98f-aa4e01eb3fbd)
 - Deleted: 0

[29/Apr/2023:19:40:05] UPDATING ACCOUNTS (JobID: fa06cf9b-d565-42a9-92e6-5cf28ec61bf6)
 - New and modified: 0

[29/Apr/2023:19:40:05] DELETING ACCOUNTS (JobID: fa06cf9b-d565-42a9-92e6-5cf28ec61bf6)
 - Deleted: 0

[29/Apr/2023:19:40:49] UPDATING PRODUCTS (JobID: 7e82aa73-f758-4961-9dfb-29b015d0eebb)
 - New and modified: 0

[29/Apr/2023:19:40:51] UPDATING PREPAGATI (JobID: 7c7f758f-8f24-4e26-a83b-f2b7aabd75a1)
 - New and modified: 0

[29/Apr/2023:19:40:51] DELETING PREPAGATI (JobID: 7c7f758f-8f24-4e26-a83b-f2b7aabd75a1)
 - Deleted: 0

[29/Apr/2023:20:20:10] UPDATING ACCOUNTS (JobID: 7d7d85a3-3bde-4a53-9ec1-7f07976f29ca)
 - New and modified: 0

[29/Apr/2023:20:20:10] DELETING ACCOUNTS (JobID: 7d7d85a3-3bde-4a53-9ec1-7f07976f29ca)
 - Deleted: 0

[29/Apr/2023:20:20:56] UPDATING PRODUCTS (JobID: 1fb449b0-7450-4250-b26a-3b9724a7550d)
 - New and modified: 0

[29/Apr/2023:20:20:58] UPDATING PREPAGATI (JobID: 7c6a4483-11f1-4fcf-91af-d4f52a61e96d)
 - New and modified: 0

[29/Apr/2023:20:20:58] DELETING PREPAGATI (JobID: 7c6a4483-11f1-4fcf-91af-d4f52a61e96d)
 - Deleted: 0

[29/Apr/2023:20:30:05] UPDATING ACCOUNTS (JobID: 69518d42-0a4c-48c7-a5e1-c84e0dbff302)
 - New and modified: 0

[29/Apr/2023:20:30:05] DELETING ACCOUNTS (JobID: 69518d42-0a4c-48c7-a5e1-c84e0dbff302)
 - Deleted: 0

[29/Apr/2023:20:30:50] UPDATING PRODUCTS (JobID: a88f1f8b-f1c9-4430-b838-82e96b474fff)
 - New and modified: 0

[29/Apr/2023:20:30:52] UPDATING PREPAGATI (JobID: 847addeb-ada9-4201-af17-b5a81c8c41d7)
 - New and modified: 0

[29/Apr/2023:20:30:52] DELETING PREPAGATI (JobID: 847addeb-ada9-4201-af17-b5a81c8c41d7)
 - Deleted: 0

[29/Apr/2023:20:40:04] UPDATING ACCOUNTS (JobID: de746664-b0c6-4cd3-a382-7597e95f9dac)
 - New and modified: 0

[29/Apr/2023:20:40:04] DELETING ACCOUNTS (JobID: de746664-b0c6-4cd3-a382-7597e95f9dac)
 - Deleted: 0

[29/Apr/2023:20:40:54] UPDATING PRODUCTS (JobID: 352a37ff-40bd-4ab5-8684-0874a8c3edab)
 - New and modified: 0

[29/Apr/2023:20:40:56] UPDATING PREPAGATI (JobID: 0c2c4424-2ef0-4d97-a4a9-2aebacc97b95)
 - New and modified: 0

[29/Apr/2023:20:40:56] DELETING PREPAGATI (JobID: 0c2c4424-2ef0-4d97-a4a9-2aebacc97b95)
 - Deleted: 0

[29/Apr/2023:21:20:05] UPDATING ACCOUNTS (JobID: db9c93ea-16aa-4ef8-b8bc-5ff958583d72)
 - New and modified: 0

[29/Apr/2023:21:20:05] DELETING ACCOUNTS (JobID: db9c93ea-16aa-4ef8-b8bc-5ff958583d72)
 - Deleted: 0

[29/Apr/2023:21:20:45] UPDATING PRODUCTS (JobID: dc114311-fdd7-4ebd-befc-d3a20dbb5aed)
 - New and modified: 0

[29/Apr/2023:21:20:47] UPDATING PREPAGATI (JobID: f5fe92cc-d339-4881-89af-91a67b16383c)
 - New and modified: 0

[29/Apr/2023:21:20:47] DELETING PREPAGATI (JobID: f5fe92cc-d339-4881-89af-91a67b16383c)
 - Deleted: 0

[29/Apr/2023:21:30:08] UPDATING ACCOUNTS (JobID: 8c7d0313-1167-41b4-9056-49e0404a0649)
 - New and modified: 0

[29/Apr/2023:21:30:08] DELETING ACCOUNTS (JobID: 8c7d0313-1167-41b4-9056-49e0404a0649)
 - Deleted: 0

[29/Apr/2023:21:30:54] UPDATING PRODUCTS (JobID: 4851e06c-a12a-4d72-8f79-af200cdb9168)
 - New and modified: 0

[29/Apr/2023:21:30:56] UPDATING PREPAGATI (JobID: caf765e1-9498-4dee-80ef-a1adb3f863c4)
 - New and modified: 0

[29/Apr/2023:21:30:56] DELETING PREPAGATI (JobID: caf765e1-9498-4dee-80ef-a1adb3f863c4)
 - Deleted: 0

[29/Apr/2023:21:40:07] UPDATING ACCOUNTS (JobID: 0cb5b36a-d7c4-4bd8-9454-62a532570850)
 - New and modified: 0

[29/Apr/2023:21:40:07] DELETING ACCOUNTS (JobID: 0cb5b36a-d7c4-4bd8-9454-62a532570850)
 - Deleted: 0

[29/Apr/2023:21:40:47] UPDATING PRODUCTS (JobID: fe7ca70c-2246-452e-bf63-49561377480d)
 - New and modified: 0

[29/Apr/2023:21:40:48] UPDATING PREPAGATI (JobID: fff3749d-aaee-49e7-8046-64765f66db80)
 - New and modified: 0

[29/Apr/2023:21:40:48] DELETING PREPAGATI (JobID: fff3749d-aaee-49e7-8046-64765f66db80)
 - Deleted: 0

[29/Apr/2023:21:50:04] UPDATING ACCOUNTS (JobID: ed43b086-830d-4563-ad74-dd10cd1b0fd0)
 - New and modified: 0

[29/Apr/2023:21:50:04] DELETING ACCOUNTS (JobID: ed43b086-830d-4563-ad74-dd10cd1b0fd0)
 - Deleted: 0

[29/Apr/2023:21:50:47] UPDATING PRODUCTS (JobID: faf974c4-db8f-46d2-b83e-5651a8581735)
 - New and modified: 0

[29/Apr/2023:21:50:50] UPDATING PREPAGATI (JobID: c64ec583-6ec5-46e3-bf26-51dfad8f12cc)
 - New and modified: 0

[29/Apr/2023:21:50:50] DELETING PREPAGATI (JobID: c64ec583-6ec5-46e3-bf26-51dfad8f12cc)
 - Deleted: 0

[29/Apr/2023:22:00:07] UPDATING ACCOUNTS (JobID: b7f35a67-6f4a-4420-b1a2-12e09b35c395)
 - New and modified: 0

[29/Apr/2023:22:00:07] DELETING ACCOUNTS (JobID: b7f35a67-6f4a-4420-b1a2-12e09b35c395)
 - Deleted: 0

[29/Apr/2023:22:01:08] UPDATING PRODUCTS (JobID: 0bd97ebb-37c1-4ba0-a21d-c40c80418d8c)
 - New and modified: 0

[29/Apr/2023:22:01:11] UPDATING PREPAGATI (JobID: 1d2fdf83-b668-4171-87e1-b9bb4ed13602)
 - New and modified: 0

[29/Apr/2023:22:01:11] DELETING PREPAGATI (JobID: 1d2fdf83-b668-4171-87e1-b9bb4ed13602)
 - Deleted: 0

[29/Apr/2023:22:30:06] UPDATING ACCOUNTS (JobID: 434c4b98-f808-48cb-ad04-2a34b5c9197f)
 - New and modified: 0

[29/Apr/2023:22:30:06] DELETING ACCOUNTS (JobID: 434c4b98-f808-48cb-ad04-2a34b5c9197f)
 - Deleted: 0

[29/Apr/2023:22:30:45] UPDATING PRODUCTS (JobID: 1cf979b6-722b-441f-95b8-a1509c139660)
 - New and modified: 0

[29/Apr/2023:22:30:47] UPDATING PREPAGATI (JobID: f99f5632-8222-4872-b834-e5983a528ef3)
 - New and modified: 0

[29/Apr/2023:22:30:47] DELETING PREPAGATI (JobID: f99f5632-8222-4872-b834-e5983a528ef3)
 - Deleted: 0

[29/Apr/2023:22:50:10] UPDATING ACCOUNTS (JobID: b16d9473-a498-4e35-952d-a1ad47b2c27e)
 - New and modified: 0

[29/Apr/2023:22:50:10] DELETING ACCOUNTS (JobID: b16d9473-a498-4e35-952d-a1ad47b2c27e)
 - Deleted: 0

[29/Apr/2023:22:50:51] UPDATING PRODUCTS (JobID: 155474e0-e0a9-4175-9267-1bcc75b17ee0)
 - New and modified: 0

[29/Apr/2023:22:50:54] UPDATING PREPAGATI (JobID: 8b4d6320-9b01-4b82-a728-1371c9d76048)
 - New and modified: 0

[29/Apr/2023:22:50:54] DELETING PREPAGATI (JobID: 8b4d6320-9b01-4b82-a728-1371c9d76048)
 - Deleted: 0

[29/Apr/2023:23:00:04] UPDATING ACCOUNTS (JobID: 71775a78-6ef1-44e3-95d2-c3183c3bbd4b)
 - New and modified: 0

[29/Apr/2023:23:00:04] DELETING ACCOUNTS (JobID: 71775a78-6ef1-44e3-95d2-c3183c3bbd4b)
 - Deleted: 0

[29/Apr/2023:23:00:43] UPDATING PRODUCTS (JobID: ef393d28-2020-4a90-8aa2-25f3af1ca4a6)
 - New and modified: 0

[29/Apr/2023:23:00:45] UPDATING PREPAGATI (JobID: 7ea1244d-2955-4131-b868-7e1e2fc7fb74)
 - New and modified: 0

[29/Apr/2023:23:00:45] DELETING PREPAGATI (JobID: 7ea1244d-2955-4131-b868-7e1e2fc7fb74)
 - Deleted: 0

[29/Apr/2023:23:10:04] UPDATING ACCOUNTS (JobID: d906d7a2-bc08-47cf-a50a-a7db8453ec04)
 - New and modified: 0

[29/Apr/2023:23:10:04] DELETING ACCOUNTS (JobID: d906d7a2-bc08-47cf-a50a-a7db8453ec04)
 - Deleted: 0

[29/Apr/2023:23:10:43] UPDATING PRODUCTS (JobID: 373e4b21-ff29-4b88-8c20-c8fbe573dc6d)
 - New and modified: 0

[29/Apr/2023:23:10:45] UPDATING PREPAGATI (JobID: 51c0ed82-8a31-49cb-9113-15dfe450389d)
 - New and modified: 0

[29/Apr/2023:23:10:45] DELETING PREPAGATI (JobID: 51c0ed82-8a31-49cb-9113-15dfe450389d)
 - Deleted: 0

[29/Apr/2023:23:30:04] UPDATING ACCOUNTS (JobID: fe798c29-f987-4ad4-a6db-00bc50bc1164)
 - New and modified: 0

[29/Apr/2023:23:30:04] DELETING ACCOUNTS (JobID: fe798c29-f987-4ad4-a6db-00bc50bc1164)
 - Deleted: 0

[29/Apr/2023:23:30:44] UPDATING PRODUCTS (JobID: 6c2ae227-ec66-4962-a8b9-45ce58dbc556)
 - New and modified: 0

[29/Apr/2023:23:30:45] UPDATING PREPAGATI (JobID: af5f7657-4930-46cd-aba1-c0cf9848808e)
 - New and modified: 0

[29/Apr/2023:23:30:45] DELETING PREPAGATI (JobID: af5f7657-4930-46cd-aba1-c0cf9848808e)
 - Deleted: 0

