[25/Aug/2023:00:00:09] UPDATING ACCOUNTS (JobID: c6270f76-3739-4d98-b4dd-6b05bb4388dd)
 - New and modified: 0

[25/Aug/2023:00:00:09] DELETING ACCOUNTS (JobID: c6270f76-3739-4d98-b4dd-6b05bb4388dd)
 - Deleted: 0

[25/Aug/2023:00:00:41] UPDATING PRODUCTS (JobID: 454f1b8c-bcda-4267-b0d2-445d7b9c1342)
 - New and modified: 0

[25/Aug/2023:00:00:44] UPDATING PREPAGATI (JobID: 2f9f7ee7-f809-4994-835c-9ead050ed515)
 - New and modified: 0

[25/Aug/2023:00:00:44] DELETING PREPAGATI (JobID: 2f9f7ee7-f809-4994-835c-9ead050ed515)
 - Deleted: 0

[25/Aug/2023:01:00:08] UPDATING ACCOUNTS (JobID: e3b691dc-5f40-4db8-bf12-5a8579854973)
 - New and modified: 0

[25/Aug/2023:01:00:08] DELETING ACCOUNTS (JobID: e3b691dc-5f40-4db8-bf12-5a8579854973)
 - Deleted: 0

[25/Aug/2023:01:00:42] UPDATING PRODUCTS (JobID: e572262d-9412-475e-a65f-1bd16f927659)
 - New and modified: 0

[25/Aug/2023:01:00:45] UPDATING PREPAGATI (JobID: a1569f80-72cc-497a-ace2-3cf3716d17d6)
 - New and modified: 0

[25/Aug/2023:01:00:45] DELETING PREPAGATI (JobID: a1569f80-72cc-497a-ace2-3cf3716d17d6)
 - Deleted: 0

[25/Aug/2023:02:00:08] UPDATING ACCOUNTS (JobID: c2031867-d843-40f1-b7f9-d351a0447d39)
 - New and modified: 0

[25/Aug/2023:02:00:08] DELETING ACCOUNTS (JobID: c2031867-d843-40f1-b7f9-d351a0447d39)
 - Deleted: 0

[25/Aug/2023:02:00:40] UPDATING PRODUCTS (JobID: 450e645d-e5cc-41d1-94ea-74322378a0d8)
 - New and modified: 0

[25/Aug/2023:02:00:43] UPDATING PREPAGATI (JobID: 264d766c-c883-4d8f-94f6-886490ee39fe)
 - New and modified: 0

[25/Aug/2023:02:00:43] DELETING PREPAGATI (JobID: 264d766c-c883-4d8f-94f6-886490ee39fe)
 - Deleted: 0

[25/Aug/2023:02:30:09] UPDATING ACCOUNTS (JobID: fa09ea54-1c59-486d-a58c-74631a32e667)
 - New and modified: 0

[25/Aug/2023:02:30:09] DELETING ACCOUNTS (JobID: fa09ea54-1c59-486d-a58c-74631a32e667)
 - Deleted: 0

[25/Aug/2023:02:30:42] UPDATING PRODUCTS (JobID: 668887bc-c569-4e73-beb4-5f7b95948ebf)
 - New and modified: 0

[25/Aug/2023:02:30:45] UPDATING PREPAGATI (JobID: dd251f31-98bc-423d-b016-9cf919a40c15)
 - New and modified: 0

[25/Aug/2023:02:30:45] DELETING PREPAGATI (JobID: dd251f31-98bc-423d-b016-9cf919a40c15)
 - Deleted: 0

[25/Aug/2023:04:00:08] UPDATING ACCOUNTS (JobID: e6bf2df8-9dfc-4f11-9821-2af4600ffca8)
 - New and modified: 0

[25/Aug/2023:04:00:08] DELETING ACCOUNTS (JobID: e6bf2df8-9dfc-4f11-9821-2af4600ffca8)
 - Deleted: 0

[25/Aug/2023:04:00:40] UPDATING PRODUCTS (JobID: be25a4c0-bc78-487c-b955-c34a4a9e42a6)
 - New and modified: 0

[25/Aug/2023:04:00:43] UPDATING PREPAGATI (JobID: d2c666e7-e0cb-45bd-9240-513d0639be62)
 - New and modified: 0

[25/Aug/2023:04:00:43] DELETING PREPAGATI (JobID: d2c666e7-e0cb-45bd-9240-513d0639be62)
 - Deleted: 0

[25/Aug/2023:05:30:08] UPDATING ACCOUNTS (JobID: 2fb95fda-6e6e-4a0b-ba18-0b783df789cc)
 - New and modified: 0

[25/Aug/2023:05:30:08] DELETING ACCOUNTS (JobID: 2fb95fda-6e6e-4a0b-ba18-0b783df789cc)
 - Deleted: 0

[25/Aug/2023:05:30:41] UPDATING PRODUCTS (JobID: 975625e3-81bd-410c-8e56-231b6974e12e)
 - New and modified: 0

[25/Aug/2023:05:30:43] UPDATING PREPAGATI (JobID: 4adcd53a-36ac-4450-913a-ad150cd17eaf)
 - New and modified: 0

[25/Aug/2023:05:30:43] DELETING PREPAGATI (JobID: 4adcd53a-36ac-4450-913a-ad150cd17eaf)
 - Deleted: 0

[25/Aug/2023:06:30:08] UPDATING ACCOUNTS (JobID: 51e3d254-89b5-436c-a49f-eaab4e4ad4c3)
 - New and modified: 0

[25/Aug/2023:06:30:08] DELETING ACCOUNTS (JobID: 51e3d254-89b5-436c-a49f-eaab4e4ad4c3)
 - Deleted: 0

[25/Aug/2023:06:30:39] UPDATING PRODUCTS (JobID: 7a0ae67d-a193-4995-bcc8-a9b11546f25f)
 - New and modified: 0

[25/Aug/2023:06:30:42] UPDATING PREPAGATI (JobID: b22239b4-7481-40c8-84b8-f923073f442c)
 - New and modified: 0

[25/Aug/2023:06:30:42] DELETING PREPAGATI (JobID: b22239b4-7481-40c8-84b8-f923073f442c)
 - Deleted: 0

[25/Aug/2023:08:30:08] UPDATING ACCOUNTS (JobID: e1f0b23a-1688-46c3-90f4-7e158f4ecabb)
 - New and modified: 0

[25/Aug/2023:08:30:08] DELETING ACCOUNTS (JobID: e1f0b23a-1688-46c3-90f4-7e158f4ecabb)
 - Deleted: 0

[25/Aug/2023:08:30:39] UPDATING PRODUCTS (JobID: 3857615c-00e9-4bbe-8497-ec2a7b134aaa)
 - New and modified: 0

[25/Aug/2023:08:30:42] UPDATING PREPAGATI (JobID: 414a9335-ba2e-4de9-b89e-1020d9eb5256)
 - New and modified: 0

[25/Aug/2023:08:30:42] DELETING PREPAGATI (JobID: 414a9335-ba2e-4de9-b89e-1020d9eb5256)
 - Deleted: 0

[25/Aug/2023:09:00:09] UPDATING ACCOUNTS (JobID: 634759dd-f480-4cb6-992e-11b83292731f)
 - New and modified: 0

[25/Aug/2023:09:00:09] DELETING ACCOUNTS (JobID: 634759dd-f480-4cb6-992e-11b83292731f)
 - Deleted: 0

[25/Aug/2023:09:00:40] UPDATING PRODUCTS (JobID: ddc4f5f8-213e-401e-8191-29844d3fd1ce)
 - New and modified: 0

[25/Aug/2023:09:00:44] UPDATING PREPAGATI (JobID: a8728a5e-ce3f-430f-9955-7d657baf87de)
 - New and modified: 0

[25/Aug/2023:09:00:44] DELETING PREPAGATI (JobID: a8728a5e-ce3f-430f-9955-7d657baf87de)
 - Deleted: 0

[25/Aug/2023:10:00:10] UPDATING ACCOUNTS (JobID: 97578ead-8d84-42aa-b9e7-6b3439a8dbd2)
 - New and modified: 0

[25/Aug/2023:10:00:10] DELETING ACCOUNTS (JobID: 97578ead-8d84-42aa-b9e7-6b3439a8dbd2)
 - Deleted: 0

[25/Aug/2023:10:00:41] UPDATING PRODUCTS (JobID: acbae13b-a457-46d6-99b9-72d59f087861)
 - New and modified: 0

[25/Aug/2023:10:00:43] UPDATING PREPAGATI (JobID: 35a843c1-a786-4cce-9195-e47227bb2d44)
 - New and modified: 0

[25/Aug/2023:10:00:43] DELETING PREPAGATI (JobID: 35a843c1-a786-4cce-9195-e47227bb2d44)
 - Deleted: 0

[25/Aug/2023:10:30:08] UPDATING ACCOUNTS (JobID: 82cd3b4a-874d-49ef-8c43-c2b59cd1b662)
 - New and modified: 0

[25/Aug/2023:10:30:08] DELETING ACCOUNTS (JobID: 82cd3b4a-874d-49ef-8c43-c2b59cd1b662)
 - Deleted: 0

[25/Aug/2023:10:30:38] UPDATING PRODUCTS (JobID: 70a80f1e-c3cc-44a5-bf60-5125ad701d7f)
 - New and modified: 0

[25/Aug/2023:10:30:41] UPDATING PREPAGATI (JobID: 8570086e-992f-486b-ac4e-049e9b70deeb)
 - New and modified: 0

[25/Aug/2023:10:30:41] DELETING PREPAGATI (JobID: 8570086e-992f-486b-ac4e-049e9b70deeb)
 - Deleted: 0

[25/Aug/2023:11:00:06] UPDATING ACCOUNTS (JobID: 1e681441-f613-4f8b-a411-c5dc67763003)
 - New and modified: 0

[25/Aug/2023:11:00:07] DELETING ACCOUNTS (JobID: 1e681441-f613-4f8b-a411-c5dc67763003)
 - Deleted: 0

[25/Aug/2023:11:00:36] UPDATING PRODUCTS (JobID: b606309e-b21a-43ad-a78c-29153ec0b45b)
 - New and modified: 0

[25/Aug/2023:11:00:39] UPDATING PREPAGATI (JobID: 8a3a5555-ef65-4862-9f51-6102e3ff7e0a)
 - New and modified: 0

[25/Aug/2023:11:00:39] DELETING PREPAGATI (JobID: 8a3a5555-ef65-4862-9f51-6102e3ff7e0a)
 - Deleted: 0

[25/Aug/2023:12:00:09] UPDATING ACCOUNTS (JobID: 98e235e5-c295-49d3-acc9-aacca94e4c87)
 - New and modified: 0

[25/Aug/2023:12:00:09] DELETING ACCOUNTS (JobID: 98e235e5-c295-49d3-acc9-aacca94e4c87)
 - Deleted: 0

[25/Aug/2023:12:00:39] UPDATING PRODUCTS (JobID: cfde155b-3d9c-44ab-be95-09c18c30345a)
 - New and modified: 0

[25/Aug/2023:12:00:41] UPDATING PREPAGATI (JobID: ebd301f0-b576-4a5e-9a96-f211417972e0)
 - New and modified: 0

[25/Aug/2023:12:00:41] DELETING PREPAGATI (JobID: ebd301f0-b576-4a5e-9a96-f211417972e0)
 - Deleted: 0

[25/Aug/2023:12:30:04] UPDATING ACCOUNTS (JobID: 8ebf1790-6e96-4fc4-acce-918da7d4812e)
 - New and modified: 0

[25/Aug/2023:12:30:04] DELETING ACCOUNTS (JobID: 8ebf1790-6e96-4fc4-acce-918da7d4812e)
 - Deleted: 0

[25/Aug/2023:12:30:34] UPDATING PRODUCTS (JobID: 6fe83e78-1cdd-4482-8b0e-9f5860a64eb0)
 - New and modified: 0

[25/Aug/2023:12:30:36] UPDATING PREPAGATI (JobID: e71ddb84-620c-40bf-89f4-f497822894dc)
 - New and modified: 0

[25/Aug/2023:12:30:36] DELETING PREPAGATI (JobID: e71ddb84-620c-40bf-89f4-f497822894dc)
 - Deleted: 0

[25/Aug/2023:14:30:06] UPDATING ACCOUNTS (JobID: c8311eb2-099c-4bbd-a30d-47cfd76e4884)
 - New and modified: 0

[25/Aug/2023:14:30:06] DELETING ACCOUNTS (JobID: c8311eb2-099c-4bbd-a30d-47cfd76e4884)
 - Deleted: 0

[25/Aug/2023:14:30:37] UPDATING PRODUCTS (JobID: 193d534a-a20a-4131-96a9-1089a4eeeb17)
 - New and modified: 0

[25/Aug/2023:14:30:40] UPDATING PREPAGATI (JobID: 2fd3528a-1311-4bbf-a6be-561d5d8c5d89)
 - New and modified: 0

[25/Aug/2023:14:30:40] DELETING PREPAGATI (JobID: 2fd3528a-1311-4bbf-a6be-561d5d8c5d89)
 - Deleted: 0

[25/Aug/2023:15:00:07] UPDATING ACCOUNTS (JobID: 0c980aed-289a-4cb8-af27-03bc656bc93d)
 - New and modified: 0

[25/Aug/2023:15:00:07] DELETING ACCOUNTS (JobID: 0c980aed-289a-4cb8-af27-03bc656bc93d)
 - Deleted: 0

[25/Aug/2023:15:00:37] UPDATING PRODUCTS (JobID: 531fd9c5-9d0a-46c7-8f17-f4973b49d38f)
 - New and modified: 0

[25/Aug/2023:15:00:40] UPDATING PREPAGATI (JobID: 7ab5f765-568f-4569-a069-bcd89bd8a6d3)
 - New and modified: 0

[25/Aug/2023:15:00:40] DELETING PREPAGATI (JobID: 7ab5f765-568f-4569-a069-bcd89bd8a6d3)
 - Deleted: 0

[25/Aug/2023:16:00:05] UPDATING ACCOUNTS (JobID: 148664f0-c5c1-4909-b24c-7e4f7edd8a28)
 - New and modified: 0

[25/Aug/2023:16:00:05] DELETING ACCOUNTS (JobID: 148664f0-c5c1-4909-b24c-7e4f7edd8a28)
 - Deleted: 0

[25/Aug/2023:16:00:35] UPDATING PRODUCTS (JobID: 0ba55985-1747-4c83-a4d4-6490a5db2e99)
 - New and modified: 0

[25/Aug/2023:16:00:37] UPDATING PREPAGATI (JobID: 9b51c0c0-ec5e-4fa7-b93a-37b06df4807d)
 - New and modified: 0

[25/Aug/2023:16:00:37] DELETING PREPAGATI (JobID: 9b51c0c0-ec5e-4fa7-b93a-37b06df4807d)
 - Deleted: 0

[25/Aug/2023:17:00:07] UPDATING ACCOUNTS (JobID: 29a48816-383c-4fef-aef7-812e6ef6d285)
 - New and modified: 0

[25/Aug/2023:17:00:07] DELETING ACCOUNTS (JobID: 29a48816-383c-4fef-aef7-812e6ef6d285)
 - Deleted: 0

[25/Aug/2023:17:00:38] UPDATING PRODUCTS (JobID: ef43e3e0-b9a7-4080-ae8c-111d103e5bf7)
 - New and modified: 0

[25/Aug/2023:17:00:41] UPDATING PREPAGATI (JobID: 7b60fb17-e7e0-41cb-8042-e071d870c3f4)
 - New and modified: 0

[25/Aug/2023:17:00:41] DELETING PREPAGATI (JobID: 7b60fb17-e7e0-41cb-8042-e071d870c3f4)
 - Deleted: 0

[25/Aug/2023:17:30:04] UPDATING ACCOUNTS (JobID: 99ad6d57-4cd3-4bb1-be9e-9c92bf2966f9)
 - New and modified: 0

[25/Aug/2023:17:30:04] DELETING ACCOUNTS (JobID: 99ad6d57-4cd3-4bb1-be9e-9c92bf2966f9)
 - Deleted: 0

[25/Aug/2023:17:30:33] UPDATING PRODUCTS (JobID: fe345cfb-e6bd-46fb-984b-abbb00f5f0af)
 - New and modified: 0

[25/Aug/2023:17:30:35] UPDATING PREPAGATI (JobID: 96f6239b-4e81-428f-a9ef-84867ceefd72)
 - New and modified: 0

[25/Aug/2023:17:30:35] DELETING PREPAGATI (JobID: 96f6239b-4e81-428f-a9ef-84867ceefd72)
 - Deleted: 0

[25/Aug/2023:18:00:12] UPDATING ACCOUNTS (JobID: 69555051-aef6-41f8-a28c-777395d8e873)
 - New and modified: 0

[25/Aug/2023:18:00:12] DELETING ACCOUNTS (JobID: 69555051-aef6-41f8-a28c-777395d8e873)
 - Deleted: 0

[25/Aug/2023:18:00:53] UPDATING PRODUCTS (JobID: 60b40d91-bb12-44a1-ba06-c989a99f27f8)
 - New and modified: 0

[25/Aug/2023:18:00:57] UPDATING PREPAGATI (JobID: a1881c51-1ec4-4a66-ae8d-f6ad5c9af0cc)
 - New and modified: 0

[25/Aug/2023:18:00:57] DELETING PREPAGATI (JobID: a1881c51-1ec4-4a66-ae8d-f6ad5c9af0cc)
 - Deleted: 0

[25/Aug/2023:21:30:08] UPDATING ACCOUNTS (JobID: d97b0f0e-4a6a-47d7-827d-814a16564772)
 - New and modified: 0

[25/Aug/2023:21:30:08] DELETING ACCOUNTS (JobID: d97b0f0e-4a6a-47d7-827d-814a16564772)
 - Deleted: 0

[25/Aug/2023:21:30:41] UPDATING PRODUCTS (JobID: b58ece9b-4205-445e-991f-ca381a13c0f3)
 - New and modified: 0

[25/Aug/2023:21:30:44] UPDATING PREPAGATI (JobID: e895c1ac-ba53-4e3a-9b3c-c7fb0652f5e3)
 - New and modified: 0

[25/Aug/2023:21:30:44] DELETING PREPAGATI (JobID: e895c1ac-ba53-4e3a-9b3c-c7fb0652f5e3)
 - Deleted: 0

[25/Aug/2023:23:30:08] UPDATING ACCOUNTS (JobID: 2331a90c-b1fd-4f49-8c31-9b8cd681f323)
 - New and modified: 0

[25/Aug/2023:23:30:08] DELETING ACCOUNTS (JobID: 2331a90c-b1fd-4f49-8c31-9b8cd681f323)
 - Deleted: 0

[25/Aug/2023:23:30:41] UPDATING PRODUCTS (JobID: 33f92632-7341-453e-b4dd-78c3c090a34f)
 - New and modified: 0

[25/Aug/2023:23:30:43] UPDATING PREPAGATI (JobID: 33cc3718-b4c3-4779-bb91-15d2532b7fd4)
 - New and modified: 0

[25/Aug/2023:23:30:43] DELETING PREPAGATI (JobID: 33cc3718-b4c3-4779-bb91-15d2532b7fd4)
 - Deleted: 0

