[27/May/2023:00:00:04] UPDATING ACCOUNTS (JobID: 78a4d3c2-0c87-4b4b-8eb5-3c79e1c153da)
 - New and modified: 0

[27/May/2023:00:00:04] DELETING ACCOUNTS (JobID: 78a4d3c2-0c87-4b4b-8eb5-3c79e1c153da)
 - Deleted: 0

[27/May/2023:00:00:37] UPDATING PRODUCTS (JobID: cca30717-04f6-43ad-a7de-e18eb09b493a)
 - New and modified: 0

[27/May/2023:00:00:38] UPDATING PREPAGATI (JobID: 4f97c657-4f9a-4287-8bbb-18f497d108ea)
 - New and modified: 0

[27/May/2023:00:00:38] DELETING PREPAGATI (JobID: 4f97c657-4f9a-4287-8bbb-18f497d108ea)
 - Deleted: 0

[27/May/2023:00:10:04] UPDATING ACCOUNTS (JobID: 59afae5e-e50a-4dda-acdc-8767fa0d5b8b)
 - New and modified: 0

[27/May/2023:00:10:04] DELETING ACCOUNTS (JobID: 59afae5e-e50a-4dda-acdc-8767fa0d5b8b)
 - Deleted: 0

[27/May/2023:00:10:37] UPDATING PRODUCTS (JobID: e31890bd-065f-4c79-9cc5-73a8ade7fc4b)
 - New and modified: 0

[27/May/2023:00:10:39] UPDATING PREPAGATI (JobID: 2f012adf-a808-47d6-93a7-90f45bedcb96)
 - New and modified: 0

[27/May/2023:00:10:39] DELETING PREPAGATI (JobID: 2f012adf-a808-47d6-93a7-90f45bedcb96)
 - Deleted: 0

[27/May/2023:00:20:05] UPDATING ACCOUNTS (JobID: 8779e9b3-d2e0-4b63-9797-67ee0f8c8192)
 - New and modified: 0

[27/May/2023:00:20:05] DELETING ACCOUNTS (JobID: 8779e9b3-d2e0-4b63-9797-67ee0f8c8192)
 - Deleted: 0

[27/May/2023:00:20:37] UPDATING PRODUCTS (JobID: 21b7f5e9-4489-48c6-bf38-d827825bb791)
 - New and modified: 0

[27/May/2023:00:20:39] UPDATING PREPAGATI (JobID: 052dcb51-0e49-4249-be50-e93c1edac326)
 - New and modified: 0

[27/May/2023:00:20:39] DELETING PREPAGATI (JobID: 052dcb51-0e49-4249-be50-e93c1edac326)
 - Deleted: 0

[27/May/2023:00:40:04] UPDATING ACCOUNTS (JobID: 172e4b61-5c61-455c-a4d1-6102a8ac0a5e)
 - New and modified: 0

[27/May/2023:00:40:04] DELETING ACCOUNTS (JobID: 172e4b61-5c61-455c-a4d1-6102a8ac0a5e)
 - Deleted: 0

[27/May/2023:00:40:39] UPDATING PRODUCTS (JobID: 696ef77d-6f46-4878-95ad-bdc9b1d741db)
 - New and modified: 0

[27/May/2023:00:40:41] UPDATING PREPAGATI (JobID: 1a6eee34-30c3-459c-9000-09a7ccc20db0)
 - New and modified: 0

[27/May/2023:00:40:41] DELETING PREPAGATI (JobID: 1a6eee34-30c3-459c-9000-09a7ccc20db0)
 - Deleted: 0

[27/May/2023:00:50:04] UPDATING ACCOUNTS (JobID: e637407e-4fa1-4ab8-a041-07fb6c1c24d9)
 - New and modified: 0

[27/May/2023:00:50:04] DELETING ACCOUNTS (JobID: e637407e-4fa1-4ab8-a041-07fb6c1c24d9)
 - Deleted: 0

[27/May/2023:00:50:38] UPDATING PRODUCTS (JobID: cb77eb02-9ad6-4247-8324-834d975ff788)
 - New and modified: 0

[27/May/2023:00:50:40] UPDATING PREPAGATI (JobID: 5f0f5257-9eb4-4da7-981f-77920a340653)
 - New and modified: 0

[27/May/2023:00:50:40] DELETING PREPAGATI (JobID: 5f0f5257-9eb4-4da7-981f-77920a340653)
 - Deleted: 0

[27/May/2023:01:10:05] UPDATING ACCOUNTS (JobID: 1ab1417e-f569-482a-be04-cca4b2db77ae)
 - New and modified: 0

[27/May/2023:01:10:05] DELETING ACCOUNTS (JobID: 1ab1417e-f569-482a-be04-cca4b2db77ae)
 - Deleted: 0

[27/May/2023:01:10:46] UPDATING PRODUCTS (JobID: f2ec4922-e8d4-4a67-8c21-11f55d1fe0a9)
 - New and modified: 0

[27/May/2023:01:10:49] UPDATING PREPAGATI (JobID: 38aed8cf-60b6-4b6a-82ad-6f9291e62321)
 - New and modified: 0

[27/May/2023:01:10:49] DELETING PREPAGATI (JobID: 38aed8cf-60b6-4b6a-82ad-6f9291e62321)
 - Deleted: 0

[27/May/2023:01:20:04] UPDATING ACCOUNTS (JobID: 25c66056-5f05-4cdc-ab45-8336b70931eb)
 - New and modified: 0

[27/May/2023:01:20:04] DELETING ACCOUNTS (JobID: 25c66056-5f05-4cdc-ab45-8336b70931eb)
 - Deleted: 0

[27/May/2023:01:20:43] UPDATING PRODUCTS (JobID: 1528dc83-36f0-40ef-9844-7a23b5e8e6e3)
 - New and modified: 0

[27/May/2023:01:20:45] UPDATING PREPAGATI (JobID: 24ae1de1-0f13-4f48-874f-9f385d7fc6f2)
 - New and modified: 0

[27/May/2023:01:20:45] DELETING PREPAGATI (JobID: 24ae1de1-0f13-4f48-874f-9f385d7fc6f2)
 - Deleted: 0

[27/May/2023:01:30:04] UPDATING ACCOUNTS (JobID: 3466899a-8ca0-481b-93d3-32316b7ff5ef)
 - New and modified: 0

[27/May/2023:01:30:04] DELETING ACCOUNTS (JobID: 3466899a-8ca0-481b-93d3-32316b7ff5ef)
 - Deleted: 0

[27/May/2023:01:30:41] UPDATING PRODUCTS (JobID: 2dd22c81-5bf8-47bb-b703-d779d8a1f50c)
 - New and modified: 0

[27/May/2023:01:30:43] UPDATING PREPAGATI (JobID: 01551109-2e2c-4863-bf33-6ab015a67501)
 - New and modified: 0

[27/May/2023:01:30:43] DELETING PREPAGATI (JobID: 01551109-2e2c-4863-bf33-6ab015a67501)
 - Deleted: 0

[27/May/2023:01:40:05] UPDATING ACCOUNTS (JobID: ecae31a8-1d58-4602-b8cc-834ab23acb59)
 - New and modified: 0

[27/May/2023:01:40:05] DELETING ACCOUNTS (JobID: ecae31a8-1d58-4602-b8cc-834ab23acb59)
 - Deleted: 0

[27/May/2023:01:40:43] UPDATING PRODUCTS (JobID: 53ed8bae-b2af-45b2-9810-c4d1c74cf262)
 - New and modified: 0

[27/May/2023:01:40:45] UPDATING PREPAGATI (JobID: bf6d5ac5-30c3-4591-bbf2-cf9529681912)
 - New and modified: 0

[27/May/2023:01:40:45] DELETING PREPAGATI (JobID: bf6d5ac5-30c3-4591-bbf2-cf9529681912)
 - Deleted: 0

[27/May/2023:01:50:05] UPDATING ACCOUNTS (JobID: 3b9bef88-e458-4424-aa6d-47bb24ba0eee)
 - New and modified: 0

[27/May/2023:01:50:05] DELETING ACCOUNTS (JobID: 3b9bef88-e458-4424-aa6d-47bb24ba0eee)
 - Deleted: 0

[27/May/2023:01:50:45] UPDATING PRODUCTS (JobID: c91cc6a2-3fc7-4928-a621-cb8cb00951a1)
 - New and modified: 0

[27/May/2023:01:50:47] UPDATING PREPAGATI (JobID: 08ccb6a2-bec0-4648-8f89-b8637b9c25df)
 - New and modified: 0

[27/May/2023:01:50:47] DELETING PREPAGATI (JobID: 08ccb6a2-bec0-4648-8f89-b8637b9c25df)
 - Deleted: 0

[27/May/2023:02:20:04] UPDATING ACCOUNTS (JobID: e60ace47-9fbe-4ab1-8498-48804d4e1a49)
 - New and modified: 0

[27/May/2023:02:20:04] DELETING ACCOUNTS (JobID: e60ace47-9fbe-4ab1-8498-48804d4e1a49)
 - Deleted: 0

[27/May/2023:02:20:43] UPDATING PRODUCTS (JobID: 4f997ac7-6aab-4232-a8a6-cfba469a7917)
 - New and modified: 0

[27/May/2023:02:20:45] UPDATING PREPAGATI (JobID: fc894ddb-5714-44bb-8f1c-5a6c0d7f81b0)
 - New and modified: 0

[27/May/2023:02:20:45] DELETING PREPAGATI (JobID: fc894ddb-5714-44bb-8f1c-5a6c0d7f81b0)
 - Deleted: 0

[27/May/2023:02:40:04] UPDATING ACCOUNTS (JobID: 79420571-c6bb-4da5-a1f7-d5bab7af8071)
 - New and modified: 0

[27/May/2023:02:40:04] DELETING ACCOUNTS (JobID: 79420571-c6bb-4da5-a1f7-d5bab7af8071)
 - Deleted: 0

[27/May/2023:02:40:39] UPDATING PRODUCTS (JobID: f328e06e-e934-4ebb-ae3e-98157a925076)
 - New and modified: 0

[27/May/2023:02:40:41] UPDATING PREPAGATI (JobID: 9d224bd3-822a-486e-a41f-5a4ececda198)
 - New and modified: 0

[27/May/2023:02:40:41] DELETING PREPAGATI (JobID: 9d224bd3-822a-486e-a41f-5a4ececda198)
 - Deleted: 0

[27/May/2023:02:50:04] UPDATING ACCOUNTS (JobID: 0c5d30e8-9fed-435b-927c-9de496f6b1cb)
 - New and modified: 0

[27/May/2023:02:50:04] DELETING ACCOUNTS (JobID: 0c5d30e8-9fed-435b-927c-9de496f6b1cb)
 - Deleted: 0

[27/May/2023:02:50:42] UPDATING PRODUCTS (JobID: 4305e3b9-a4ba-4b6f-9756-fb0f0dfd51b8)
 - New and modified: 0

[27/May/2023:02:50:44] UPDATING PREPAGATI (JobID: afd771cc-b0c1-4ae5-94de-b61aa62b375e)
 - New and modified: 0

[27/May/2023:02:50:44] DELETING PREPAGATI (JobID: afd771cc-b0c1-4ae5-94de-b61aa62b375e)
 - Deleted: 0

[27/May/2023:03:20:04] UPDATING ACCOUNTS (JobID: be7acf96-27da-4ec9-a869-0cca8b394c1f)
 - New and modified: 0

[27/May/2023:03:20:04] DELETING ACCOUNTS (JobID: be7acf96-27da-4ec9-a869-0cca8b394c1f)
 - Deleted: 0

[27/May/2023:03:20:37] UPDATING PRODUCTS (JobID: 6fe2de8f-88e5-41c1-a892-93b8ede59b17)
 - New and modified: 0

[27/May/2023:03:20:39] UPDATING PREPAGATI (JobID: 5d70d25e-e7dc-447b-9241-af100587fe56)
 - New and modified: 0

[27/May/2023:03:20:39] DELETING PREPAGATI (JobID: 5d70d25e-e7dc-447b-9241-af100587fe56)
 - Deleted: 0

[27/May/2023:03:50:04] UPDATING ACCOUNTS (JobID: 006cf598-fe4b-4ba8-9c9c-711527da8748)
 - New and modified: 0

[27/May/2023:03:50:04] DELETING ACCOUNTS (JobID: 006cf598-fe4b-4ba8-9c9c-711527da8748)
 - Deleted: 0

[27/May/2023:03:50:39] UPDATING PRODUCTS (JobID: 69ad90ed-4c1c-49c5-a5bf-1e593293ad28)
 - New and modified: 0

[27/May/2023:03:50:40] UPDATING PREPAGATI (JobID: cf6c0d23-de0c-41fb-80ce-1f8d3bac2c53)
 - New and modified: 0

[27/May/2023:03:50:40] DELETING PREPAGATI (JobID: cf6c0d23-de0c-41fb-80ce-1f8d3bac2c53)
 - Deleted: 0

[27/May/2023:04:10:04] UPDATING ACCOUNTS (JobID: 8d1fb868-93a9-43cf-ac86-457ffa90b90e)
 - New and modified: 0

[27/May/2023:04:10:04] DELETING ACCOUNTS (JobID: 8d1fb868-93a9-43cf-ac86-457ffa90b90e)
 - Deleted: 0

[27/May/2023:04:10:37] UPDATING PRODUCTS (JobID: 7db0ad24-a045-4df8-a461-226e3664bfb0)
 - New and modified: 0

[27/May/2023:04:10:39] UPDATING PREPAGATI (JobID: 442ae1be-2271-4483-9290-8d719b24905b)
 - New and modified: 0

[27/May/2023:04:10:39] DELETING PREPAGATI (JobID: 442ae1be-2271-4483-9290-8d719b24905b)
 - Deleted: 0

[27/May/2023:04:20:04] UPDATING ACCOUNTS (JobID: d95d1f24-abd6-4c6b-8d14-8d9e31e33ea8)
 - New and modified: 0

[27/May/2023:04:20:04] DELETING ACCOUNTS (JobID: d95d1f24-abd6-4c6b-8d14-8d9e31e33ea8)
 - Deleted: 0

[27/May/2023:04:20:37] UPDATING PRODUCTS (JobID: 663247d2-ec57-4e30-ba50-0809396aa2ec)
 - New and modified: 0

[27/May/2023:04:20:38] UPDATING PREPAGATI (JobID: f8a19707-897a-448d-9166-da35b2e246da)
 - New and modified: 0

[27/May/2023:04:20:38] DELETING PREPAGATI (JobID: f8a19707-897a-448d-9166-da35b2e246da)
 - Deleted: 0

[27/May/2023:04:30:04] UPDATING ACCOUNTS (JobID: b3ac65d1-7df3-4bd9-ad31-e000df334814)
 - New and modified: 0

[27/May/2023:04:30:04] DELETING ACCOUNTS (JobID: b3ac65d1-7df3-4bd9-ad31-e000df334814)
 - Deleted: 0

[27/May/2023:04:30:37] UPDATING PRODUCTS (JobID: 6c4d00c3-9686-4480-8b54-4d867a10e48a)
 - New and modified: 0

[27/May/2023:04:30:38] UPDATING PREPAGATI (JobID: 521b8be0-c897-4f1a-8911-10e80dd51d4b)
 - New and modified: 0

[27/May/2023:04:30:38] DELETING PREPAGATI (JobID: 521b8be0-c897-4f1a-8911-10e80dd51d4b)
 - Deleted: 0

[27/May/2023:05:20:04] UPDATING ACCOUNTS (JobID: 4a1f74c7-4764-4e9f-989a-63e787a8f259)
 - New and modified: 0

[27/May/2023:05:20:04] DELETING ACCOUNTS (JobID: 4a1f74c7-4764-4e9f-989a-63e787a8f259)
 - Deleted: 0

[27/May/2023:05:20:37] UPDATING PRODUCTS (JobID: afa3ada8-6553-43f7-a826-6f1d336fded9)
 - New and modified: 0

[27/May/2023:05:20:39] UPDATING PREPAGATI (JobID: bd9035fc-44e0-49c6-9065-80572200f7a2)
 - New and modified: 0

[27/May/2023:05:20:39] DELETING PREPAGATI (JobID: bd9035fc-44e0-49c6-9065-80572200f7a2)
 - Deleted: 0

[27/May/2023:05:40:05] UPDATING ACCOUNTS (JobID: f77125fd-fc46-4a96-ac4e-1880f92c6dc9)
 - New and modified: 0

[27/May/2023:05:40:05] DELETING ACCOUNTS (JobID: f77125fd-fc46-4a96-ac4e-1880f92c6dc9)
 - Deleted: 0

[27/May/2023:05:40:39] UPDATING PRODUCTS (JobID: 5b44881c-c63a-4f4e-ab51-485e34c813f4)
 - New and modified: 0

[27/May/2023:05:40:40] UPDATING PREPAGATI (JobID: 274a0889-4c9c-4584-aa19-4d7fb5b50727)
 - New and modified: 0

[27/May/2023:05:40:40] DELETING PREPAGATI (JobID: 274a0889-4c9c-4584-aa19-4d7fb5b50727)
 - Deleted: 0

[27/May/2023:05:50:04] UPDATING ACCOUNTS (JobID: c5aa7d21-d099-4845-b676-580b38c15e52)
 - New and modified: 0

[27/May/2023:05:50:04] DELETING ACCOUNTS (JobID: c5aa7d21-d099-4845-b676-580b38c15e52)
 - Deleted: 0

[27/May/2023:05:50:38] UPDATING PRODUCTS (JobID: 20a84d54-4d1d-48aa-b6c3-a2a4824a9632)
 - New and modified: 0

[27/May/2023:05:50:40] UPDATING PREPAGATI (JobID: 0b5cfd86-3627-421e-8bc2-721fe9acf425)
 - New and modified: 0

[27/May/2023:05:50:40] DELETING PREPAGATI (JobID: 0b5cfd86-3627-421e-8bc2-721fe9acf425)
 - Deleted: 0

[27/May/2023:06:20:04] UPDATING ACCOUNTS (JobID: 130f0fad-1abe-46db-a06f-2e43e2503e15)
 - New and modified: 0

[27/May/2023:06:20:04] DELETING ACCOUNTS (JobID: 130f0fad-1abe-46db-a06f-2e43e2503e15)
 - Deleted: 0

[27/May/2023:06:20:39] UPDATING PRODUCTS (JobID: f6e85cc0-3d21-4e7b-b214-382daab07da2)
 - New and modified: 0

[27/May/2023:06:20:41] UPDATING PREPAGATI (JobID: e6190e25-50ff-4ffd-a5bb-32f1942a37a4)
 - New and modified: 0

[27/May/2023:06:20:41] DELETING PREPAGATI (JobID: e6190e25-50ff-4ffd-a5bb-32f1942a37a4)
 - Deleted: 0

[27/May/2023:06:40:04] UPDATING ACCOUNTS (JobID: 960ff17c-11cb-407a-9227-aa923c2ea3ed)
 - New and modified: 0

[27/May/2023:06:40:04] DELETING ACCOUNTS (JobID: 960ff17c-11cb-407a-9227-aa923c2ea3ed)
 - Deleted: 0

[27/May/2023:06:40:42] UPDATING PRODUCTS (JobID: 928829f3-18dd-42b0-b9ac-dd24332398d8)
 - New and modified: 0

[27/May/2023:06:40:44] UPDATING PREPAGATI (JobID: bd051665-23d7-4752-aa48-c6683d56ba80)
 - New and modified: 0

[27/May/2023:06:40:44] DELETING PREPAGATI (JobID: bd051665-23d7-4752-aa48-c6683d56ba80)
 - Deleted: 0

[27/May/2023:06:50:04] UPDATING ACCOUNTS (JobID: 8896480d-d055-458f-9fb2-bc55b58adf52)
 - New and modified: 0

[27/May/2023:06:50:04] DELETING ACCOUNTS (JobID: 8896480d-d055-458f-9fb2-bc55b58adf52)
 - Deleted: 0

[27/May/2023:06:50:39] UPDATING PRODUCTS (JobID: ecb1d651-01d8-4f7d-b6ab-cfaa28fc9fe6)
 - New and modified: 0

[27/May/2023:06:50:41] UPDATING PREPAGATI (JobID: 58f3bf84-7540-443b-9a9d-1632ce231639)
 - New and modified: 0

[27/May/2023:06:50:41] DELETING PREPAGATI (JobID: 58f3bf84-7540-443b-9a9d-1632ce231639)
 - Deleted: 0

[27/May/2023:07:10:04] UPDATING ACCOUNTS (JobID: 785e5f50-a825-4ac0-9e63-3f377aff47f4)
 - New and modified: 0

[27/May/2023:07:10:04] DELETING ACCOUNTS (JobID: 785e5f50-a825-4ac0-9e63-3f377aff47f4)
 - Deleted: 0

[27/May/2023:07:10:39] UPDATING PRODUCTS (JobID: 55776544-7214-4ffc-ba00-457a2f775125)
 - New and modified: 0

[27/May/2023:07:10:41] UPDATING PREPAGATI (JobID: f92debc0-9e5e-40cf-acda-85e6f2c1c893)
 - New and modified: 0

[27/May/2023:07:10:41] DELETING PREPAGATI (JobID: f92debc0-9e5e-40cf-acda-85e6f2c1c893)
 - Deleted: 0

[27/May/2023:07:30:05] UPDATING ACCOUNTS (JobID: 8f833d53-5027-493e-82cf-96891900ba45)
 - New and modified: 0

[27/May/2023:07:30:05] DELETING ACCOUNTS (JobID: 8f833d53-5027-493e-82cf-96891900ba45)
 - Deleted: 0

[27/May/2023:07:30:41] UPDATING PRODUCTS (JobID: 17b52b49-61f3-4d1d-8d75-adcdd0e253e8)
 - New and modified: 0

[27/May/2023:07:30:43] UPDATING PREPAGATI (JobID: 20195a8a-a938-40d2-b607-9f0e04ee0ddf)
 - New and modified: 0

[27/May/2023:07:30:43] DELETING PREPAGATI (JobID: 20195a8a-a938-40d2-b607-9f0e04ee0ddf)
 - Deleted: 0

[27/May/2023:07:40:05] UPDATING ACCOUNTS (JobID: 4c380817-ffcb-486a-8682-a6fcfc2e45f9)
 - New and modified: 0

[27/May/2023:07:40:05] DELETING ACCOUNTS (JobID: 4c380817-ffcb-486a-8682-a6fcfc2e45f9)
 - Deleted: 0

[27/May/2023:07:40:42] UPDATING PRODUCTS (JobID: 5250344c-9e1f-4ce7-acc1-01c90b7285ae)
 - New and modified: 0

[27/May/2023:07:40:44] UPDATING PREPAGATI (JobID: 11e5fd83-265d-4a3f-9bd7-8cf056097533)
 - New and modified: 0

[27/May/2023:07:40:44] DELETING PREPAGATI (JobID: 11e5fd83-265d-4a3f-9bd7-8cf056097533)
 - Deleted: 0

[27/May/2023:08:00:05] UPDATING ACCOUNTS (JobID: d69d745e-1cc2-4379-b07f-8c9e63899299)
 - New and modified: 0

[27/May/2023:08:00:05] DELETING ACCOUNTS (JobID: d69d745e-1cc2-4379-b07f-8c9e63899299)
 - Deleted: 0

[27/May/2023:08:00:42] UPDATING PRODUCTS (JobID: da014290-1390-40d0-bd39-ecf28899b4fd)
 - New and modified: 0

[27/May/2023:08:00:44] UPDATING PREPAGATI (JobID: ecadb59d-7a22-4493-9b0e-f2cae1cb2b2d)
 - New and modified: 0

[27/May/2023:08:00:44] DELETING PREPAGATI (JobID: ecadb59d-7a22-4493-9b0e-f2cae1cb2b2d)
 - Deleted: 0

[27/May/2023:08:20:04] UPDATING ACCOUNTS (JobID: a70e06e3-e46a-4ff8-a8c1-8ca2550c500d)
 - New and modified: 0

[27/May/2023:08:20:04] DELETING ACCOUNTS (JobID: a70e06e3-e46a-4ff8-a8c1-8ca2550c500d)
 - Deleted: 0

[27/May/2023:08:20:40] UPDATING PRODUCTS (JobID: 86861554-5d98-4d00-ab38-2fdfd08b5eaf)
 - New and modified: 0

[27/May/2023:08:20:42] UPDATING PREPAGATI (JobID: 1659f592-fa7e-4faf-ab15-d844fa82c35f)
 - New and modified: 0

[27/May/2023:08:20:42] DELETING PREPAGATI (JobID: 1659f592-fa7e-4faf-ab15-d844fa82c35f)
 - Deleted: 0

[27/May/2023:08:40:04] UPDATING ACCOUNTS (JobID: 0ba9ac06-6f7c-4a88-b037-5a5a9456034a)
 - New and modified: 0

[27/May/2023:08:40:04] DELETING ACCOUNTS (JobID: 0ba9ac06-6f7c-4a88-b037-5a5a9456034a)
 - Deleted: 0

[27/May/2023:08:40:40] UPDATING PRODUCTS (JobID: 6cc77d51-87db-4e0a-b0a3-1e54f872b7bc)
 - New and modified: 0

[27/May/2023:08:40:41] UPDATING PREPAGATI (JobID: f08ef45b-910d-4514-9c87-935fe02b0067)
 - New and modified: 0

[27/May/2023:08:40:41] DELETING PREPAGATI (JobID: f08ef45b-910d-4514-9c87-935fe02b0067)
 - Deleted: 0

[27/May/2023:08:50:05] UPDATING ACCOUNTS (JobID: 0862caa8-3f53-411a-8a21-9172a78e22e7)
 - New and modified: 0

[27/May/2023:08:50:05] DELETING ACCOUNTS (JobID: 0862caa8-3f53-411a-8a21-9172a78e22e7)
 - Deleted: 0

[27/May/2023:08:50:41] UPDATING PRODUCTS (JobID: bcd048b6-7d86-4cab-bfbe-a40a69340891)
 - New and modified: 0

[27/May/2023:08:50:43] UPDATING PREPAGATI (JobID: 969abf0e-6959-46b0-97ce-45715aa122a1)
 - New and modified: 0

[27/May/2023:08:50:43] DELETING PREPAGATI (JobID: 969abf0e-6959-46b0-97ce-45715aa122a1)
 - Deleted: 0

[27/May/2023:09:00:05] UPDATING ACCOUNTS (JobID: d2db4c5f-4b89-443d-bb80-272c1c7e8572)
 - New and modified: 0

[27/May/2023:09:00:05] DELETING ACCOUNTS (JobID: d2db4c5f-4b89-443d-bb80-272c1c7e8572)
 - Deleted: 0

[27/May/2023:09:00:40] UPDATING PRODUCTS (JobID: 6f29ea39-f786-43f4-8ab4-a36e2dc6d861)
 - New and modified: 0

[27/May/2023:09:00:42] UPDATING PREPAGATI (JobID: 3adf0910-6bf5-483d-b8c7-4633c262fc73)
 - New and modified: 0

[27/May/2023:09:00:42] DELETING PREPAGATI (JobID: 3adf0910-6bf5-483d-b8c7-4633c262fc73)
 - Deleted: 0

[27/May/2023:09:10:04] UPDATING ACCOUNTS (JobID: dd116c6e-fbde-4ecd-afed-53834ff20057)
 - New and modified: 0

[27/May/2023:09:10:04] DELETING ACCOUNTS (JobID: dd116c6e-fbde-4ecd-afed-53834ff20057)
 - Deleted: 0

[27/May/2023:09:10:41] UPDATING PRODUCTS (JobID: 9ab81906-8f74-4963-b52b-572a006813db)
 - New and modified: 0

[27/May/2023:09:10:43] UPDATING PREPAGATI (JobID: 148f77e2-dfba-4ca4-a516-a1ddede2c07f)
 - New and modified: 0

[27/May/2023:09:10:43] DELETING PREPAGATI (JobID: 148f77e2-dfba-4ca4-a516-a1ddede2c07f)
 - Deleted: 0

[27/May/2023:09:20:05] UPDATING ACCOUNTS (JobID: e51fc235-1ccf-42ff-9574-462336c6cb0f)
 - New and modified: 0

[27/May/2023:09:20:05] DELETING ACCOUNTS (JobID: e51fc235-1ccf-42ff-9574-462336c6cb0f)
 - Deleted: 0

[27/May/2023:09:20:38] UPDATING PRODUCTS (JobID: 35534a3d-65d1-45ac-910c-d121cedadccf)
 - New and modified: 0

[27/May/2023:09:20:40] UPDATING PREPAGATI (JobID: 760d6ee2-e6b9-419d-bb75-04bea917b574)
 - New and modified: 0

[27/May/2023:09:20:40] DELETING PREPAGATI (JobID: 760d6ee2-e6b9-419d-bb75-04bea917b574)
 - Deleted: 0

[27/May/2023:09:30:04] UPDATING ACCOUNTS (JobID: 338dbff6-af21-480b-8b7b-2e864805b625)
 - New and modified: 0

[27/May/2023:09:30:04] DELETING ACCOUNTS (JobID: 338dbff6-af21-480b-8b7b-2e864805b625)
 - Deleted: 0

[27/May/2023:09:30:40] UPDATING PRODUCTS (JobID: 47f9c6db-a3c0-4696-b1e5-33b4138c4052)
 - New and modified: 0

[27/May/2023:09:30:42] UPDATING PREPAGATI (JobID: 5616e760-7043-4f60-ac97-0d68c2490f07)
 - New and modified: 0

[27/May/2023:09:30:42] DELETING PREPAGATI (JobID: 5616e760-7043-4f60-ac97-0d68c2490f07)
 - Deleted: 0

[27/May/2023:09:40:04] UPDATING ACCOUNTS (JobID: 524a952a-9e5d-4b7d-9b4d-856554ba4916)
 - New and modified: 0

[27/May/2023:09:40:04] DELETING ACCOUNTS (JobID: 524a952a-9e5d-4b7d-9b4d-856554ba4916)
 - Deleted: 0

[27/May/2023:09:40:39] UPDATING PRODUCTS (JobID: 81c840d4-6008-4bde-8418-4403f34adff8)
 - New and modified: 0

[27/May/2023:09:40:41] UPDATING PREPAGATI (JobID: 3876cc03-e34f-4bcc-9fd9-74169cf7d436)
 - New and modified: 0

[27/May/2023:09:40:41] DELETING PREPAGATI (JobID: 3876cc03-e34f-4bcc-9fd9-74169cf7d436)
 - Deleted: 0

[27/May/2023:10:00:04] UPDATING ACCOUNTS (JobID: 99771192-31d9-49db-92c7-8a32a77d0760)
 - New and modified: 0

[27/May/2023:10:00:04] DELETING ACCOUNTS (JobID: 99771192-31d9-49db-92c7-8a32a77d0760)
 - Deleted: 0

[27/May/2023:10:00:41] UPDATING PRODUCTS (JobID: 40dd3e42-b6a2-46cc-adf3-2799e2750895)
 - New and modified: 0

[27/May/2023:10:00:45] UPDATING PREPAGATI (JobID: 65e335c7-ccb8-4d42-9ab0-16a68fe3efc4)
 - New and modified: 0

[27/May/2023:10:00:45] DELETING PREPAGATI (JobID: 65e335c7-ccb8-4d42-9ab0-16a68fe3efc4)
 - Deleted: 0

[27/May/2023:10:20:04] UPDATING ACCOUNTS (JobID: a75ff1e8-100d-482a-8d73-9ec784824718)
 - New and modified: 0

[27/May/2023:10:20:04] DELETING ACCOUNTS (JobID: a75ff1e8-100d-482a-8d73-9ec784824718)
 - Deleted: 0

[27/May/2023:10:20:41] UPDATING PRODUCTS (JobID: 147a5b77-c3b9-404d-86b3-cdbc27ff9b41)
 - New and modified: 0

[27/May/2023:10:20:43] UPDATING PREPAGATI (JobID: 4846059b-3257-495b-9e93-6fc7c2683a07)
 - New and modified: 0

[27/May/2023:10:20:43] DELETING PREPAGATI (JobID: 4846059b-3257-495b-9e93-6fc7c2683a07)
 - Deleted: 0

[27/May/2023:10:40:04] UPDATING ACCOUNTS (JobID: 22ef0a43-802f-47e2-a46f-e605b4c1f1b3)
 - New and modified: 0

[27/May/2023:10:40:04] DELETING ACCOUNTS (JobID: 22ef0a43-802f-47e2-a46f-e605b4c1f1b3)
 - Deleted: 0

[27/May/2023:10:40:42] UPDATING PRODUCTS (JobID: 7426621c-e2aa-4985-8db3-3d5da0306690)
 - New and modified: 0

[27/May/2023:10:40:43] UPDATING PREPAGATI (JobID: e6f3a05e-02a6-4539-9dc2-2f784b9470d3)
 - New and modified: 0

[27/May/2023:10:40:43] DELETING PREPAGATI (JobID: e6f3a05e-02a6-4539-9dc2-2f784b9470d3)
 - Deleted: 0

[27/May/2023:11:10:04] UPDATING ACCOUNTS (JobID: 0778919b-6f03-4173-bbb7-1941c06d0518)
 - New and modified: 0

[27/May/2023:11:10:04] DELETING ACCOUNTS (JobID: 0778919b-6f03-4173-bbb7-1941c06d0518)
 - Deleted: 0

[27/May/2023:11:10:40] UPDATING PRODUCTS (JobID: 05753ced-0018-4137-b3c9-3892591a092e)
 - New and modified: 0

[27/May/2023:11:10:42] UPDATING PREPAGATI (JobID: 1aa0d385-4e67-4ce5-8013-9cddc428ec90)
 - New and modified: 0

[27/May/2023:11:10:42] DELETING PREPAGATI (JobID: 1aa0d385-4e67-4ce5-8013-9cddc428ec90)
 - Deleted: 0

[27/May/2023:11:40:05] UPDATING ACCOUNTS (JobID: 51208371-eb8b-4b3c-aaea-b231910a8f1c)
 - New and modified: 0

[27/May/2023:11:40:05] DELETING ACCOUNTS (JobID: 51208371-eb8b-4b3c-aaea-b231910a8f1c)
 - Deleted: 0

[27/May/2023:11:40:40] UPDATING PRODUCTS (JobID: 2a396945-c0c0-4be4-a101-7028b933dcd9)
 - New and modified: 0

[27/May/2023:11:40:41] UPDATING PREPAGATI (JobID: 8d9e583c-c829-4aff-a460-75fa0ac8dea1)
 - New and modified: 0

[27/May/2023:11:40:41] DELETING PREPAGATI (JobID: 8d9e583c-c829-4aff-a460-75fa0ac8dea1)
 - Deleted: 0

[27/May/2023:11:50:05] UPDATING ACCOUNTS (JobID: 5212f177-13e4-490b-bb2f-e764d1f9b0b0)
 - New and modified: 0

[27/May/2023:11:50:05] DELETING ACCOUNTS (JobID: 5212f177-13e4-490b-bb2f-e764d1f9b0b0)
 - Deleted: 0

[27/May/2023:11:50:41] UPDATING PRODUCTS (JobID: c6235115-e84c-4b19-a4a3-9fdcc700338b)
 - New and modified: 0

[27/May/2023:11:50:43] UPDATING PREPAGATI (JobID: 198676a6-5be9-4639-b9a1-c48ff1574ad3)
 - New and modified: 0

[27/May/2023:11:50:43] DELETING PREPAGATI (JobID: 198676a6-5be9-4639-b9a1-c48ff1574ad3)
 - Deleted: 0

[27/May/2023:12:00:04] UPDATING ACCOUNTS (JobID: 7e10060b-1d89-4fe4-9ae9-59d952c1960f)
 - New and modified: 0

[27/May/2023:12:00:04] DELETING ACCOUNTS (JobID: 7e10060b-1d89-4fe4-9ae9-59d952c1960f)
 - Deleted: 0

[27/May/2023:12:00:39] UPDATING PRODUCTS (JobID: 761181c0-f6e3-4ae9-b59f-8c6c9f129236)
 - New and modified: 0

[27/May/2023:12:00:41] UPDATING PREPAGATI (JobID: 4299e223-0c44-4fcf-93b8-585efa2a7c9d)
 - New and modified: 0

[27/May/2023:12:00:41] DELETING PREPAGATI (JobID: 4299e223-0c44-4fcf-93b8-585efa2a7c9d)
 - Deleted: 0

[27/May/2023:13:10:04] UPDATING ACCOUNTS (JobID: 74dc7af8-9d18-4281-b14e-763bf32cd1eb)
 - New and modified: 0

[27/May/2023:13:10:04] DELETING ACCOUNTS (JobID: 74dc7af8-9d18-4281-b14e-763bf32cd1eb)
 - Deleted: 0

[27/May/2023:13:10:41] UPDATING PRODUCTS (JobID: d08f0e4d-9c2a-4778-876a-6767e2d96b90)
 - New and modified: 0

[27/May/2023:13:10:44] UPDATING PREPAGATI (JobID: d3511d33-fa52-4801-b46d-aa54e03330b0)
 - New and modified: 0

[27/May/2023:13:10:44] DELETING PREPAGATI (JobID: d3511d33-fa52-4801-b46d-aa54e03330b0)
 - Deleted: 0

[27/May/2023:13:20:04] UPDATING ACCOUNTS (JobID: aa4dbb27-ac29-421e-80be-1c2bc4f153f5)
 - New and modified: 0

[27/May/2023:13:20:04] DELETING ACCOUNTS (JobID: aa4dbb27-ac29-421e-80be-1c2bc4f153f5)
 - Deleted: 0

[27/May/2023:13:20:39] UPDATING PRODUCTS (JobID: 23fa819a-a7aa-4de2-a987-e76ea81fa12f)
 - New and modified: 0

[27/May/2023:13:20:41] UPDATING PREPAGATI (JobID: 243d995c-8282-46d7-aaff-ea258af20e0a)
 - New and modified: 0

[27/May/2023:13:20:41] DELETING PREPAGATI (JobID: 243d995c-8282-46d7-aaff-ea258af20e0a)
 - Deleted: 0

[27/May/2023:13:40:05] UPDATING ACCOUNTS (JobID: 0a4bdf12-96e2-4162-9188-e1acf8f46397)
 - New and modified: 0

[27/May/2023:13:40:05] DELETING ACCOUNTS (JobID: 0a4bdf12-96e2-4162-9188-e1acf8f46397)
 - Deleted: 0

[27/May/2023:13:40:40] UPDATING PRODUCTS (JobID: 9bb80baa-1a96-45bd-bd91-278f155a3d4c)
 - New and modified: 0

[27/May/2023:13:40:42] UPDATING PREPAGATI (JobID: c16366b8-a99b-4b47-94cf-eb5f66195ac3)
 - New and modified: 0

[27/May/2023:13:40:42] DELETING PREPAGATI (JobID: c16366b8-a99b-4b47-94cf-eb5f66195ac3)
 - Deleted: 0

[27/May/2023:13:50:04] UPDATING ACCOUNTS (JobID: 14b9040f-5cfc-43bf-b1f0-866612982431)
 - New and modified: 0

[27/May/2023:13:50:04] DELETING ACCOUNTS (JobID: 14b9040f-5cfc-43bf-b1f0-866612982431)
 - Deleted: 0

[27/May/2023:13:50:39] UPDATING PRODUCTS (JobID: d3cd0b70-c487-4adb-9c67-ff33d4437778)
 - New and modified: 0

[27/May/2023:13:50:41] UPDATING PREPAGATI (JobID: bc8bb036-05ae-409f-aecc-42a7a577b511)
 - New and modified: 0

[27/May/2023:13:50:41] DELETING PREPAGATI (JobID: bc8bb036-05ae-409f-aecc-42a7a577b511)
 - Deleted: 0

[27/May/2023:14:30:04] UPDATING ACCOUNTS (JobID: 8da2f8d1-b0d3-40e7-b59c-5a12eaee7255)
 - New and modified: 0

[27/May/2023:14:30:04] DELETING ACCOUNTS (JobID: 8da2f8d1-b0d3-40e7-b59c-5a12eaee7255)
 - Deleted: 0

[27/May/2023:14:30:39] UPDATING PRODUCTS (JobID: a03a34c8-9032-4637-a1e3-3efbc6f7980f)
 - New and modified: 0

[27/May/2023:14:30:41] UPDATING PREPAGATI (JobID: 7c6ea001-6b53-4709-9392-9b222e77c6d4)
 - New and modified: 0

[27/May/2023:14:30:41] DELETING PREPAGATI (JobID: 7c6ea001-6b53-4709-9392-9b222e77c6d4)
 - Deleted: 0

[27/May/2023:15:10:05] UPDATING ACCOUNTS (JobID: fd37fa8c-1ad4-41cd-a597-39237de482a0)
 - New and modified: 0

[27/May/2023:15:10:05] DELETING ACCOUNTS (JobID: fd37fa8c-1ad4-41cd-a597-39237de482a0)
 - Deleted: 0

[27/May/2023:15:10:41] UPDATING PRODUCTS (JobID: 6805a717-9b48-4156-af04-19ed2734b6f0)
 - New and modified: 0

[27/May/2023:15:10:43] UPDATING PREPAGATI (JobID: 46c216de-a2df-4cf6-8c10-feb391202679)
 - New and modified: 0

[27/May/2023:15:10:43] DELETING PREPAGATI (JobID: 46c216de-a2df-4cf6-8c10-feb391202679)
 - Deleted: 0

[27/May/2023:15:30:04] UPDATING ACCOUNTS (JobID: 02db47af-7cad-4b4a-9fec-2eef75ccc0ec)
 - New and modified: 0

[27/May/2023:15:30:04] DELETING ACCOUNTS (JobID: 02db47af-7cad-4b4a-9fec-2eef75ccc0ec)
 - Deleted: 0

[27/May/2023:15:30:40] UPDATING PRODUCTS (JobID: f5e9cf7c-f8d2-4205-8fab-4ed49f2d3317)
 - New and modified: 0

[27/May/2023:15:30:42] UPDATING PREPAGATI (JobID: 080acd96-2631-49a2-89b5-25251320dcf8)
 - New and modified: 0

[27/May/2023:15:30:42] DELETING PREPAGATI (JobID: 080acd96-2631-49a2-89b5-25251320dcf8)
 - Deleted: 0

[27/May/2023:15:40:04] UPDATING ACCOUNTS (JobID: 5df7d10e-5018-4428-9a8d-c527e677fb3e)
 - New and modified: 0

[27/May/2023:15:40:04] DELETING ACCOUNTS (JobID: 5df7d10e-5018-4428-9a8d-c527e677fb3e)
 - Deleted: 0

[27/May/2023:15:40:40] UPDATING PRODUCTS (JobID: 09c43a78-de85-4242-a341-ab9372bb86ae)
 - New and modified: 0

[27/May/2023:15:40:41] UPDATING PREPAGATI (JobID: d987a2eb-da18-4560-86b5-9dd95d144dfe)
 - New and modified: 0

[27/May/2023:15:40:41] DELETING PREPAGATI (JobID: d987a2eb-da18-4560-86b5-9dd95d144dfe)
 - Deleted: 0

[27/May/2023:15:50:04] UPDATING ACCOUNTS (JobID: ae1fe906-edea-4925-8517-98ab02e8d7b5)
 - New and modified: 0

[27/May/2023:15:50:04] DELETING ACCOUNTS (JobID: ae1fe906-edea-4925-8517-98ab02e8d7b5)
 - Deleted: 0

[27/May/2023:15:50:39] UPDATING PRODUCTS (JobID: 3d7c8efd-6e16-4c16-ac4f-2f62712e3c46)
 - New and modified: 0

[27/May/2023:15:50:41] UPDATING PREPAGATI (JobID: bd62fd26-c71b-4cfd-ab93-ee0eb16d8c80)
 - New and modified: 0

[27/May/2023:15:50:41] DELETING PREPAGATI (JobID: bd62fd26-c71b-4cfd-ab93-ee0eb16d8c80)
 - Deleted: 0

[27/May/2023:16:00:04] UPDATING ACCOUNTS (JobID: 50737489-b1b2-4f55-97a2-8a4378319fb1)
 - New and modified: 0

[27/May/2023:16:00:04] DELETING ACCOUNTS (JobID: 50737489-b1b2-4f55-97a2-8a4378319fb1)
 - Deleted: 0

[27/May/2023:16:00:38] UPDATING PRODUCTS (JobID: 14c0700d-d1f5-4134-b456-b9f5f3406e31)
 - New and modified: 0

[27/May/2023:16:00:39] UPDATING PREPAGATI (JobID: a672220b-5590-4d01-963a-5a42c50a7289)
 - New and modified: 0

[27/May/2023:16:00:39] DELETING PREPAGATI (JobID: a672220b-5590-4d01-963a-5a42c50a7289)
 - Deleted: 0

[27/May/2023:16:10:04] UPDATING ACCOUNTS (JobID: 6a53b91c-f0c8-4c0f-8985-e72c66d82e6e)
 - New and modified: 0

[27/May/2023:16:10:04] DELETING ACCOUNTS (JobID: 6a53b91c-f0c8-4c0f-8985-e72c66d82e6e)
 - Deleted: 0

[27/May/2023:16:10:37] UPDATING PRODUCTS (JobID: b22b5d33-edea-4752-aa91-e59b4169d61d)
 - New and modified: 0

[27/May/2023:16:10:39] UPDATING PREPAGATI (JobID: 8358a9a8-75b5-49fd-9112-1816aa140ad5)
 - New and modified: 0

[27/May/2023:16:10:39] DELETING PREPAGATI (JobID: 8358a9a8-75b5-49fd-9112-1816aa140ad5)
 - Deleted: 0

[27/May/2023:16:20:04] UPDATING ACCOUNTS (JobID: d802cf61-20ca-48d9-b238-5c4d163e7277)
 - New and modified: 0

[27/May/2023:16:20:04] DELETING ACCOUNTS (JobID: d802cf61-20ca-48d9-b238-5c4d163e7277)
 - Deleted: 0

[27/May/2023:16:20:38] UPDATING PRODUCTS (JobID: c84ac1ce-e25c-42f5-9a05-65469fbd5c6c)
 - New and modified: 0

[27/May/2023:16:20:40] UPDATING PREPAGATI (JobID: 66c2a855-1251-446c-ae4e-f53db3567d8c)
 - New and modified: 0

[27/May/2023:16:20:40] DELETING PREPAGATI (JobID: 66c2a855-1251-446c-ae4e-f53db3567d8c)
 - Deleted: 0

[27/May/2023:16:40:04] UPDATING ACCOUNTS (JobID: f48b1c21-1d77-4f2e-b2e0-78d0572984a1)
 - New and modified: 0

[27/May/2023:16:40:04] DELETING ACCOUNTS (JobID: f48b1c21-1d77-4f2e-b2e0-78d0572984a1)
 - Deleted: 0

[27/May/2023:16:40:39] UPDATING PRODUCTS (JobID: 56351f10-276b-48d6-a77b-a3d000005e12)
 - New and modified: 0

[27/May/2023:16:40:41] UPDATING PREPAGATI (JobID: 0417e97f-e6af-4190-bc56-3a602e467511)
 - New and modified: 0

[27/May/2023:16:40:41] DELETING PREPAGATI (JobID: 0417e97f-e6af-4190-bc56-3a602e467511)
 - Deleted: 0

[27/May/2023:16:50:04] UPDATING ACCOUNTS (JobID: ff223c91-6203-4efc-8a90-72cdf5259c39)
 - New and modified: 0

[27/May/2023:16:50:04] DELETING ACCOUNTS (JobID: ff223c91-6203-4efc-8a90-72cdf5259c39)
 - Deleted: 0

[27/May/2023:16:50:37] UPDATING PRODUCTS (JobID: 2e455787-53ef-4e92-950d-f526b9221d8f)
 - New and modified: 0

[27/May/2023:16:50:39] UPDATING PREPAGATI (JobID: a21ed0b7-a0ab-43be-a48d-aa3e8ab18562)
 - New and modified: 0

[27/May/2023:16:50:39] DELETING PREPAGATI (JobID: a21ed0b7-a0ab-43be-a48d-aa3e8ab18562)
 - Deleted: 0

[27/May/2023:17:30:04] UPDATING ACCOUNTS (JobID: 5328f97d-0b58-45d3-8b81-b8e73e0ee10a)
 - New and modified: 0

[27/May/2023:17:30:04] DELETING ACCOUNTS (JobID: 5328f97d-0b58-45d3-8b81-b8e73e0ee10a)
 - Deleted: 0

[27/May/2023:17:30:39] UPDATING PRODUCTS (JobID: 2644b7dc-2793-45f4-973e-b8460acfc9f3)
 - New and modified: 0

[27/May/2023:17:30:40] UPDATING PREPAGATI (JobID: 2b1b8813-657f-4bf5-b01f-8fce79ff8f81)
 - New and modified: 0

[27/May/2023:17:30:40] DELETING PREPAGATI (JobID: 2b1b8813-657f-4bf5-b01f-8fce79ff8f81)
 - Deleted: 0

[27/May/2023:18:00:07] UPDATING ACCOUNTS (JobID: 994e3ea7-63c0-46a8-91d0-df8d04afc18b)
 - New and modified: 0

[27/May/2023:18:00:07] DELETING ACCOUNTS (JobID: 994e3ea7-63c0-46a8-91d0-df8d04afc18b)
 - Deleted: 0

[27/May/2023:18:00:42] UPDATING PRODUCTS (JobID: e3c9a063-0b81-4136-9f71-f3c9581c74f6)
 - New and modified: 0

[27/May/2023:18:00:44] UPDATING PREPAGATI (JobID: 2cf2be65-e2c1-4003-9a79-5b296080d33a)
 - New and modified: 0

[27/May/2023:18:00:44] DELETING PREPAGATI (JobID: 2cf2be65-e2c1-4003-9a79-5b296080d33a)
 - Deleted: 0

[27/May/2023:18:10:04] UPDATING ACCOUNTS (JobID: 09095545-2545-4503-bf5f-dfa25c81316a)
 - New and modified: 0

[27/May/2023:18:10:04] DELETING ACCOUNTS (JobID: 09095545-2545-4503-bf5f-dfa25c81316a)
 - Deleted: 0

[27/May/2023:18:10:38] UPDATING PRODUCTS (JobID: 41f17519-d3b2-4040-9052-bb22ae5b7406)
 - New and modified: 0

[27/May/2023:18:10:40] UPDATING PREPAGATI (JobID: 888a1f38-d8f8-4882-a083-5f8b94db9244)
 - New and modified: 0

[27/May/2023:18:10:40] DELETING PREPAGATI (JobID: 888a1f38-d8f8-4882-a083-5f8b94db9244)
 - Deleted: 0

[27/May/2023:18:20:04] UPDATING ACCOUNTS (JobID: ee761bef-cde2-4d39-a321-587cc069f2cb)
 - New and modified: 0

[27/May/2023:18:20:04] DELETING ACCOUNTS (JobID: ee761bef-cde2-4d39-a321-587cc069f2cb)
 - Deleted: 0

[27/May/2023:18:20:40] UPDATING PRODUCTS (JobID: 81044e93-694e-4ed2-83e1-5ad873bc38b6)
 - New and modified: 0

[27/May/2023:18:20:42] UPDATING PREPAGATI (JobID: 159ec575-5193-487f-bdf2-b6df8040c555)
 - New and modified: 0

[27/May/2023:18:20:42] DELETING PREPAGATI (JobID: 159ec575-5193-487f-bdf2-b6df8040c555)
 - Deleted: 0

[27/May/2023:18:40:04] UPDATING ACCOUNTS (JobID: 5bac52ca-1011-4007-b381-ab0b1e153be0)
 - New and modified: 0

[27/May/2023:18:40:04] DELETING ACCOUNTS (JobID: 5bac52ca-1011-4007-b381-ab0b1e153be0)
 - Deleted: 0

[27/May/2023:18:40:39] UPDATING PRODUCTS (JobID: 1bc15fbb-628e-435b-b606-9492fe04d5a4)
 - New and modified: 0

[27/May/2023:18:40:41] UPDATING PREPAGATI (JobID: 91a9c989-16bc-4103-bb18-989e4dcd8f79)
 - New and modified: 0

[27/May/2023:18:40:41] DELETING PREPAGATI (JobID: 91a9c989-16bc-4103-bb18-989e4dcd8f79)
 - Deleted: 0

[27/May/2023:18:50:04] UPDATING ACCOUNTS (JobID: cdddabe3-360d-46aa-ab5a-e3b94fb5f8f0)
 - New and modified: 0

[27/May/2023:18:50:04] DELETING ACCOUNTS (JobID: cdddabe3-360d-46aa-ab5a-e3b94fb5f8f0)
 - Deleted: 0

[27/May/2023:18:50:36] UPDATING PRODUCTS (JobID: 4ea30552-03d1-43d6-88bc-5811dcbec3e6)
 - New and modified: 0

[27/May/2023:18:50:38] UPDATING PREPAGATI (JobID: 725c79a9-cfc5-407a-83bd-4ef5376b2847)
 - New and modified: 0

[27/May/2023:18:50:38] DELETING PREPAGATI (JobID: 725c79a9-cfc5-407a-83bd-4ef5376b2847)
 - Deleted: 0

[27/May/2023:19:10:04] UPDATING ACCOUNTS (JobID: 0b7ac936-1751-42c5-8819-e55ae5cff1e6)
 - New and modified: 0

[27/May/2023:19:10:04] DELETING ACCOUNTS (JobID: 0b7ac936-1751-42c5-8819-e55ae5cff1e6)
 - Deleted: 0

[27/May/2023:19:10:37] UPDATING PRODUCTS (JobID: bf608555-8d2c-45d6-96a9-e36cdbf18b36)
 - New and modified: 0

[27/May/2023:19:10:39] UPDATING PREPAGATI (JobID: 0463806c-ecb1-4ec9-b066-20b33976cb1c)
 - New and modified: 0

[27/May/2023:19:10:39] DELETING PREPAGATI (JobID: 0463806c-ecb1-4ec9-b066-20b33976cb1c)
 - Deleted: 0

[27/May/2023:19:50:04] UPDATING ACCOUNTS (JobID: 5cc1c319-f808-4a62-83c3-24c409f4afb6)
 - New and modified: 0

[27/May/2023:19:50:04] DELETING ACCOUNTS (JobID: 5cc1c319-f808-4a62-83c3-24c409f4afb6)
 - Deleted: 0

[27/May/2023:19:50:38] UPDATING PRODUCTS (JobID: b40798d6-6711-46fc-9e07-51763dbd1017)
 - New and modified: 0

[27/May/2023:19:50:39] UPDATING PREPAGATI (JobID: 5b254251-7289-4552-a8de-e4f40dcdd001)
 - New and modified: 0

[27/May/2023:19:50:39] DELETING PREPAGATI (JobID: 5b254251-7289-4552-a8de-e4f40dcdd001)
 - Deleted: 0

[27/May/2023:20:00:04] UPDATING ACCOUNTS (JobID: cd20eb88-19d2-4554-8226-6f621c78c76d)
 - New and modified: 0

[27/May/2023:20:00:04] DELETING ACCOUNTS (JobID: cd20eb88-19d2-4554-8226-6f621c78c76d)
 - Deleted: 0

[27/May/2023:20:00:37] UPDATING PRODUCTS (JobID: 05f45c39-9f33-430d-9595-32d9f26b26dc)
 - New and modified: 0

[27/May/2023:20:00:39] UPDATING PREPAGATI (JobID: 5fb438cd-9f5e-4913-9bb1-3a415fe7b603)
 - New and modified: 0

[27/May/2023:20:00:39] DELETING PREPAGATI (JobID: 5fb438cd-9f5e-4913-9bb1-3a415fe7b603)
 - Deleted: 0

[27/May/2023:20:20:04] UPDATING ACCOUNTS (JobID: 9854c92f-b7ea-4e93-a96c-1a73b5adff8a)
 - New and modified: 0

[27/May/2023:20:20:04] DELETING ACCOUNTS (JobID: 9854c92f-b7ea-4e93-a96c-1a73b5adff8a)
 - Deleted: 0

[27/May/2023:20:20:38] UPDATING PRODUCTS (JobID: 807d8336-488b-4616-a15b-5745e4a380c4)
 - New and modified: 0

[27/May/2023:20:20:40] UPDATING PREPAGATI (JobID: 42858e11-7ba6-4572-b6e9-a4b8d4bd1834)
 - New and modified: 0

[27/May/2023:20:20:40] DELETING PREPAGATI (JobID: 42858e11-7ba6-4572-b6e9-a4b8d4bd1834)
 - Deleted: 0

[27/May/2023:20:50:04] UPDATING ACCOUNTS (JobID: a9184999-bccb-40cd-a21f-2c1b60dcdc57)
 - New and modified: 0

[27/May/2023:20:50:04] DELETING ACCOUNTS (JobID: a9184999-bccb-40cd-a21f-2c1b60dcdc57)
 - Deleted: 0

[27/May/2023:20:50:38] UPDATING PRODUCTS (JobID: d2cdd4e5-1c25-4afd-9974-c2187ab6c4e9)
 - New and modified: 0

[27/May/2023:20:50:39] UPDATING PREPAGATI (JobID: f987dc97-d905-469b-8572-c3d5cd0337db)
 - New and modified: 0

[27/May/2023:20:50:39] DELETING PREPAGATI (JobID: f987dc97-d905-469b-8572-c3d5cd0337db)
 - Deleted: 0

[27/May/2023:21:40:04] UPDATING ACCOUNTS (JobID: da73e1ee-50f3-4148-bf95-01133bd74c3e)
 - New and modified: 0

[27/May/2023:21:40:04] DELETING ACCOUNTS (JobID: da73e1ee-50f3-4148-bf95-01133bd74c3e)
 - Deleted: 0

[27/May/2023:21:40:36] UPDATING PRODUCTS (JobID: 9f190483-ed14-408e-8456-4a607a327a12)
 - New and modified: 0

[27/May/2023:21:40:38] UPDATING PREPAGATI (JobID: 88db5916-ba54-43fc-b6c1-19918aebf353)
 - New and modified: 0

[27/May/2023:21:40:38] DELETING PREPAGATI (JobID: 88db5916-ba54-43fc-b6c1-19918aebf353)
 - Deleted: 0

[27/May/2023:21:50:04] UPDATING ACCOUNTS (JobID: 4aa5844a-7ba3-4787-b4c5-5e2679cbb11b)
 - New and modified: 0

[27/May/2023:21:50:04] DELETING ACCOUNTS (JobID: 4aa5844a-7ba3-4787-b4c5-5e2679cbb11b)
 - Deleted: 0

[27/May/2023:21:50:38] UPDATING PRODUCTS (JobID: f0bff74a-3c6f-4860-aa54-47621f43cadd)
 - New and modified: 0

[27/May/2023:21:50:40] UPDATING PREPAGATI (JobID: 67ad8af7-63cb-4d8e-a574-c37805783e43)
 - New and modified: 0

[27/May/2023:21:50:40] DELETING PREPAGATI (JobID: 67ad8af7-63cb-4d8e-a574-c37805783e43)
 - Deleted: 0

[27/May/2023:22:00:05] UPDATING ACCOUNTS (JobID: 5cc505bb-162e-475b-8794-fc64c9f0b934)
 - New and modified: 0

[27/May/2023:22:00:05] DELETING ACCOUNTS (JobID: 5cc505bb-162e-475b-8794-fc64c9f0b934)
 - Deleted: 0

[27/May/2023:22:00:38] UPDATING PRODUCTS (JobID: 65c4d018-397c-4bb2-9698-41f497dd7e49)
 - New and modified: 0

[27/May/2023:22:00:39] UPDATING PREPAGATI (JobID: c06736c7-fe5a-4096-a2b8-befb91b048d8)
 - New and modified: 0

[27/May/2023:22:00:39] DELETING PREPAGATI (JobID: c06736c7-fe5a-4096-a2b8-befb91b048d8)
 - Deleted: 0

[27/May/2023:22:50:04] UPDATING ACCOUNTS (JobID: 2b4db329-e114-49da-b126-3ec2ca53e416)
 - New and modified: 0

[27/May/2023:22:50:04] DELETING ACCOUNTS (JobID: 2b4db329-e114-49da-b126-3ec2ca53e416)
 - Deleted: 0

[27/May/2023:22:50:38] UPDATING PRODUCTS (JobID: cdefc45a-0270-4266-ad9c-043dd5878bd4)
 - New and modified: 0

[27/May/2023:22:50:40] UPDATING PREPAGATI (JobID: fc9c595c-727b-4165-a03a-5f178c61d87e)
 - New and modified: 0

[27/May/2023:22:50:40] DELETING PREPAGATI (JobID: fc9c595c-727b-4165-a03a-5f178c61d87e)
 - Deleted: 0

[27/May/2023:23:00:05] UPDATING ACCOUNTS (JobID: 83f8cb2e-9b52-42f1-bd91-ba526d581a30)
 - New and modified: 0

[27/May/2023:23:00:05] DELETING ACCOUNTS (JobID: 83f8cb2e-9b52-42f1-bd91-ba526d581a30)
 - Deleted: 0

[27/May/2023:23:00:39] UPDATING PRODUCTS (JobID: 359f7e7c-2f5f-4b98-a7d3-da6dc1c6fa66)
 - New and modified: 0

[27/May/2023:23:00:41] UPDATING PREPAGATI (JobID: 6360593a-7408-4636-bc35-ac70cf70353a)
 - New and modified: 0

[27/May/2023:23:00:41] DELETING PREPAGATI (JobID: 6360593a-7408-4636-bc35-ac70cf70353a)
 - Deleted: 0

[27/May/2023:23:10:04] UPDATING ACCOUNTS (JobID: 4f369986-30be-4dd6-9112-8f05c92c468d)
 - New and modified: 0

[27/May/2023:23:10:04] DELETING ACCOUNTS (JobID: 4f369986-30be-4dd6-9112-8f05c92c468d)
 - Deleted: 0

[27/May/2023:23:10:37] UPDATING PRODUCTS (JobID: 9a323bed-81f7-4dd9-911e-c7783a95f1c0)
 - New and modified: 0

[27/May/2023:23:10:39] UPDATING PREPAGATI (JobID: 43c4e66a-7c83-4ba2-ab6a-833787a4cab7)
 - New and modified: 0

[27/May/2023:23:10:39] DELETING PREPAGATI (JobID: 43c4e66a-7c83-4ba2-ab6a-833787a4cab7)
 - Deleted: 0

