[21/Jul/2023:00:00:04] UPDATING ACCOUNTS (JobID: a302b1cb-21bd-44ca-93d5-3fa804e9cd54)
 - New and modified: 0

[21/Jul/2023:00:00:04] DELETING ACCOUNTS (JobID: a302b1cb-21bd-44ca-93d5-3fa804e9cd54)
 - Deleted: 0

[21/Jul/2023:00:00:36] UPDATING PRODUCTS (JobID: 89014c66-7499-465a-b1bb-e9c57e798857)
 - New and modified: 0

[21/Jul/2023:00:00:37] UPDATING PREPAGATI (JobID: 1a8b18a1-ea88-48d6-aca7-c1affce5dbb3)
 - New and modified: 0

[21/Jul/2023:00:00:37] DELETING PREPAGATI (JobID: 1a8b18a1-ea88-48d6-aca7-c1affce5dbb3)
 - Deleted: 0

[21/Jul/2023:00:30:04] UPDATING ACCOUNTS (JobID: 7f201138-5a41-4670-9fcf-25d0d6558ac7)
 - New and modified: 0

[21/Jul/2023:00:30:04] DELETING ACCOUNTS (JobID: 7f201138-5a41-4670-9fcf-25d0d6558ac7)
 - Deleted: 0

[21/Jul/2023:00:30:34] UPDATING PRODUCTS (JobID: a4749a7a-ff81-40b4-8713-fd2af9f56fae)
 - New and modified: 0

[21/Jul/2023:00:30:36] UPDATING PREPAGATI (JobID: 75b0fbfb-7191-405e-9613-da2715f1c420)
 - New and modified: 0

[21/Jul/2023:00:30:36] DELETING PREPAGATI (JobID: 75b0fbfb-7191-405e-9613-da2715f1c420)
 - Deleted: 0

[21/Jul/2023:01:00:09] UPDATING ACCOUNTS (JobID: 3b0f622e-de4c-496c-9cd4-480cc37770fd)
 - New and modified: 0

[21/Jul/2023:01:00:09] DELETING ACCOUNTS (JobID: 3b0f622e-de4c-496c-9cd4-480cc37770fd)
 - Deleted: 0

[21/Jul/2023:01:00:39] UPDATING PRODUCTS (JobID: 14de2b86-591f-4779-91cc-87cd392ea348)
 - New and modified: 0

[21/Jul/2023:01:00:42] UPDATING PREPAGATI (JobID: 920faf16-7b4c-478d-af04-a086493600b4)
 - New and modified: 0

[21/Jul/2023:01:00:42] DELETING PREPAGATI (JobID: 920faf16-7b4c-478d-af04-a086493600b4)
 - Deleted: 0

[21/Jul/2023:02:00:07] UPDATING ACCOUNTS (JobID: e1a4c395-1b39-4e0c-bc88-dfbc921dbc7d)
 - New and modified: 0

[21/Jul/2023:02:00:07] DELETING ACCOUNTS (JobID: e1a4c395-1b39-4e0c-bc88-dfbc921dbc7d)
 - Deleted: 0

[21/Jul/2023:02:00:40] UPDATING PRODUCTS (JobID: 8d93726d-379c-4195-9ca3-377770f54404)
 - New and modified: 0

[21/Jul/2023:02:00:43] UPDATING PREPAGATI (JobID: 66a1a8b1-3bea-46d1-ba51-a5b2fb07d966)
 - New and modified: 0

[21/Jul/2023:02:00:43] DELETING PREPAGATI (JobID: 66a1a8b1-3bea-46d1-ba51-a5b2fb07d966)
 - Deleted: 0

[21/Jul/2023:02:30:03] UPDATING ACCOUNTS (JobID: fcee741b-0b25-480f-b5d9-71979a1d38ca)
 - New and modified: 0

[21/Jul/2023:02:30:03] DELETING ACCOUNTS (JobID: fcee741b-0b25-480f-b5d9-71979a1d38ca)
 - Deleted: 0

[21/Jul/2023:02:30:37] UPDATING PRODUCTS (JobID: 21e5fdaf-daf9-4cbf-8509-f96ec121a48e)
 - New and modified: 0

[21/Jul/2023:02:30:39] UPDATING PREPAGATI (JobID: ea5dff5a-adfa-4875-b6dd-e9abf216fbf8)
 - New and modified: 0

[21/Jul/2023:02:30:39] DELETING PREPAGATI (JobID: ea5dff5a-adfa-4875-b6dd-e9abf216fbf8)
 - Deleted: 0

[21/Jul/2023:03:00:04] UPDATING ACCOUNTS (JobID: 05b13ae0-d820-4df0-8ac8-2cc260a071aa)
 - New and modified: 0

[21/Jul/2023:03:00:04] DELETING ACCOUNTS (JobID: 05b13ae0-d820-4df0-8ac8-2cc260a071aa)
 - Deleted: 0

[21/Jul/2023:03:00:37] UPDATING PRODUCTS (JobID: 1a3d7342-f7c7-4eb9-9ae0-01ed355a3871)
 - New and modified: 0

[21/Jul/2023:03:00:39] UPDATING PREPAGATI (JobID: 0947967c-a4f7-4053-844a-9dcdc61f5704)
 - New and modified: 0

[21/Jul/2023:03:00:39] DELETING PREPAGATI (JobID: 0947967c-a4f7-4053-844a-9dcdc61f5704)
 - Deleted: 0

[21/Jul/2023:03:30:09] UPDATING ACCOUNTS (JobID: cc1d26ea-9186-4661-ac5e-b27a50a74edd)
 - New and modified: 0

[21/Jul/2023:03:30:09] DELETING ACCOUNTS (JobID: cc1d26ea-9186-4661-ac5e-b27a50a74edd)
 - Deleted: 0

[21/Jul/2023:03:30:40] UPDATING PRODUCTS (JobID: b7581a5e-e8d0-4f2c-a882-3b40bfaca4b2)
 - New and modified: 0

[21/Jul/2023:03:30:43] UPDATING PREPAGATI (JobID: a95cac38-47af-4813-a196-69fb489ca057)
 - New and modified: 0

[21/Jul/2023:03:30:43] DELETING PREPAGATI (JobID: a95cac38-47af-4813-a196-69fb489ca057)
 - Deleted: 0

[21/Jul/2023:04:00:04] UPDATING ACCOUNTS (JobID: 971510d8-c5a5-4bde-99bb-94f2bb1eff00)
 - New and modified: 0

[21/Jul/2023:04:00:04] DELETING ACCOUNTS (JobID: 971510d8-c5a5-4bde-99bb-94f2bb1eff00)
 - Deleted: 0

[21/Jul/2023:04:00:42] UPDATING PRODUCTS (JobID: c69ca259-86ec-4354-b246-e7f3e634f0d6)
 - New and modified: 0

[21/Jul/2023:04:00:44] UPDATING PREPAGATI (JobID: 173f9276-5885-4e5d-a8e6-1678181c40f0)
 - New and modified: 0

[21/Jul/2023:04:00:44] DELETING PREPAGATI (JobID: 173f9276-5885-4e5d-a8e6-1678181c40f0)
 - Deleted: 0

[21/Jul/2023:04:30:05] UPDATING ACCOUNTS (JobID: 85668e95-a318-499f-af25-a6d2e615da10)
 - New and modified: 0

[21/Jul/2023:04:30:05] DELETING ACCOUNTS (JobID: 85668e95-a318-499f-af25-a6d2e615da10)
 - Deleted: 0

[21/Jul/2023:04:30:45] UPDATING PRODUCTS (JobID: 40ccfa47-838e-4c19-8bff-4dc18f9a3ed4)
 - New and modified: 0

[21/Jul/2023:04:30:47] UPDATING PREPAGATI (JobID: 3693988c-2435-40d1-aa31-77e5b4835030)
 - New and modified: 0

[21/Jul/2023:04:30:47] DELETING PREPAGATI (JobID: 3693988c-2435-40d1-aa31-77e5b4835030)
 - Deleted: 0

[21/Jul/2023:05:00:04] UPDATING ACCOUNTS (JobID: 29de37d9-5fe9-4505-8f14-c9d0e44d6d1b)
 - New and modified: 0

[21/Jul/2023:05:00:04] DELETING ACCOUNTS (JobID: 29de37d9-5fe9-4505-8f14-c9d0e44d6d1b)
 - Deleted: 0

[21/Jul/2023:05:00:37] UPDATING PRODUCTS (JobID: c2ba229d-7043-4043-ad19-18195a3c163b)
 - New and modified: 0

[21/Jul/2023:05:00:39] UPDATING PREPAGATI (JobID: 438eb129-cee5-492f-97da-695d17893166)
 - New and modified: 0

[21/Jul/2023:05:00:39] DELETING PREPAGATI (JobID: 438eb129-cee5-492f-97da-695d17893166)
 - Deleted: 0

[21/Jul/2023:05:30:04] UPDATING ACCOUNTS (JobID: af1edd65-26bd-46ab-95e0-c906cc74ff83)
 - New and modified: 0

[21/Jul/2023:05:30:04] DELETING ACCOUNTS (JobID: af1edd65-26bd-46ab-95e0-c906cc74ff83)
 - Deleted: 0

[21/Jul/2023:05:30:36] UPDATING PRODUCTS (JobID: aa1894ea-0281-433a-92a4-681fb87b4e74)
 - New and modified: 0

[21/Jul/2023:05:30:38] UPDATING PREPAGATI (JobID: 8e3188f6-e104-4b34-8c67-80862ed2aaa5)
 - New and modified: 0

[21/Jul/2023:05:30:38] DELETING PREPAGATI (JobID: 8e3188f6-e104-4b34-8c67-80862ed2aaa5)
 - Deleted: 0

[21/Jul/2023:06:00:04] UPDATING ACCOUNTS (JobID: fb5d3cc8-a805-4f68-89ee-080750fff579)
 - New and modified: 0

[21/Jul/2023:06:00:04] DELETING ACCOUNTS (JobID: fb5d3cc8-a805-4f68-89ee-080750fff579)
 - Deleted: 0

[21/Jul/2023:06:00:36] UPDATING PRODUCTS (JobID: e3cb774f-745b-4741-850d-1c0056c72c9b)
 - New and modified: 0

[21/Jul/2023:06:00:37] UPDATING PREPAGATI (JobID: 5531ef2b-0628-4920-8526-9d33d8915e07)
 - New and modified: 0

[21/Jul/2023:06:00:37] DELETING PREPAGATI (JobID: 5531ef2b-0628-4920-8526-9d33d8915e07)
 - Deleted: 0

[21/Jul/2023:06:30:04] UPDATING ACCOUNTS (JobID: aa15cff0-440e-45d5-b4e1-ec08098e9cd0)
 - New and modified: 0

[21/Jul/2023:06:30:04] DELETING ACCOUNTS (JobID: aa15cff0-440e-45d5-b4e1-ec08098e9cd0)
 - Deleted: 0

[21/Jul/2023:06:30:38] UPDATING PRODUCTS (JobID: 6fc13d3d-064d-4df0-a2d0-040e33da38d3)
 - New and modified: 0

[21/Jul/2023:06:30:40] UPDATING PREPAGATI (JobID: e2dd9de4-10f5-4c19-b853-508d4b08cb68)
 - New and modified: 0

[21/Jul/2023:06:30:40] DELETING PREPAGATI (JobID: e2dd9de4-10f5-4c19-b853-508d4b08cb68)
 - Deleted: 0

[21/Jul/2023:07:30:07] UPDATING ACCOUNTS (JobID: 194a8133-7f54-47da-93fd-54ab0b19574d)
 - New and modified: 0

[21/Jul/2023:07:30:07] DELETING ACCOUNTS (JobID: 194a8133-7f54-47da-93fd-54ab0b19574d)
 - Deleted: 0

[21/Jul/2023:07:30:40] UPDATING PRODUCTS (JobID: 4fed7ec0-bbc3-4027-89e5-69c75ebfb1f9)
 - New and modified: 0

[21/Jul/2023:07:30:43] UPDATING PREPAGATI (JobID: eb936d05-26b8-4004-bcc7-6815c98a7169)
 - New and modified: 0

[21/Jul/2023:07:30:43] DELETING PREPAGATI (JobID: eb936d05-26b8-4004-bcc7-6815c98a7169)
 - Deleted: 0

[21/Jul/2023:08:00:09] UPDATING ACCOUNTS (JobID: 53c4e571-c606-48d0-a2ac-c4159a4ba4f8)
 - New and modified: 0

[21/Jul/2023:08:00:09] DELETING ACCOUNTS (JobID: 53c4e571-c606-48d0-a2ac-c4159a4ba4f8)
 - Deleted: 0

[21/Jul/2023:08:00:42] UPDATING PRODUCTS (JobID: 4f8caa6a-c3cb-47b4-9b6d-40c75d1b5e2e)
 - New and modified: 0

[21/Jul/2023:08:00:45] UPDATING PREPAGATI (JobID: d95c1eb4-b5ab-4ef8-b625-a738781ed449)
 - New and modified: 0

[21/Jul/2023:08:00:45] DELETING PREPAGATI (JobID: d95c1eb4-b5ab-4ef8-b625-a738781ed449)
 - Deleted: 0

[21/Jul/2023:08:30:09] UPDATING ACCOUNTS (JobID: 4168c164-9b47-478a-b721-7aaf0552e520)
 - New and modified: 0

[21/Jul/2023:08:30:09] DELETING ACCOUNTS (JobID: 4168c164-9b47-478a-b721-7aaf0552e520)
 - Deleted: 0

[21/Jul/2023:08:30:40] UPDATING PRODUCTS (JobID: 1a4ff426-4e5a-4fb2-be66-798c2ff6ee16)
 - New and modified: 0

[21/Jul/2023:08:30:43] UPDATING PREPAGATI (JobID: 42cfe4c6-fbaa-468a-ac2e-174073a9c20c)
 - New and modified: 0

[21/Jul/2023:08:30:43] DELETING PREPAGATI (JobID: 42cfe4c6-fbaa-468a-ac2e-174073a9c20c)
 - Deleted: 0

[21/Jul/2023:09:00:07] UPDATING ACCOUNTS (JobID: 826061f5-357b-44c6-ac52-983780999962)
 - New and modified: 0

[21/Jul/2023:09:00:07] DELETING ACCOUNTS (JobID: 826061f5-357b-44c6-ac52-983780999962)
 - Deleted: 0

[21/Jul/2023:09:00:37] UPDATING PRODUCTS (JobID: 4020bd2f-5528-4e71-a962-b20dff91fc96)
 - New and modified: 0

[21/Jul/2023:09:00:40] UPDATING PREPAGATI (JobID: 296f47b0-5c80-48ed-8f4c-5089f7d7aa4a)
 - New and modified: 0

[21/Jul/2023:09:00:40] DELETING PREPAGATI (JobID: 296f47b0-5c80-48ed-8f4c-5089f7d7aa4a)
 - Deleted: 0

[21/Jul/2023:09:30:09] UPDATING ACCOUNTS (JobID: 124265ce-885d-4df8-bf0b-f2e10a7acff7)
 - New and modified: 0

[21/Jul/2023:09:30:09] DELETING ACCOUNTS (JobID: 124265ce-885d-4df8-bf0b-f2e10a7acff7)
 - Deleted: 0

[21/Jul/2023:09:30:40] UPDATING PRODUCTS (JobID: fbdb0e0e-b515-4a8b-a037-74001ca249bb)
 - New and modified: 0

[21/Jul/2023:09:30:44] UPDATING PREPAGATI (JobID: e70c7fbc-4614-4e0b-97b9-82c0cb6bda93)
 - New and modified: 0

[21/Jul/2023:09:30:44] DELETING PREPAGATI (JobID: e70c7fbc-4614-4e0b-97b9-82c0cb6bda93)
 - Deleted: 0

[21/Jul/2023:10:00:04] UPDATING ACCOUNTS (JobID: 1bf14f9d-a6c5-4cb0-872b-574026647193)
 - New and modified: 1
   0000128

[21/Jul/2023:10:00:04] DELETING ACCOUNTS (JobID: 1bf14f9d-a6c5-4cb0-872b-574026647193)
 - Deleted: 0

[21/Jul/2023:10:00:36] UPDATING PRODUCTS (JobID: e783b725-6c8e-47e7-9bc7-b81c9b83e845)
 - New and modified: 0

[21/Jul/2023:10:00:38] UPDATING PREPAGATI (JobID: c01d1043-6b80-42c1-8d85-5b3295e10ec5)
 - New and modified: 0

[21/Jul/2023:10:00:38] DELETING PREPAGATI (JobID: c01d1043-6b80-42c1-8d85-5b3295e10ec5)
 - Deleted: 0

[21/Jul/2023:10:30:04] UPDATING ACCOUNTS (JobID: 8ed929b8-6d54-4a78-a3d8-beb3ad829879)
 - New and modified: 0

[21/Jul/2023:10:30:04] DELETING ACCOUNTS (JobID: 8ed929b8-6d54-4a78-a3d8-beb3ad829879)
 - Deleted: 0

[21/Jul/2023:10:30:37] UPDATING PRODUCTS (JobID: f50b6488-389a-47b3-bda9-66b57c13f8e0)
 - New and modified: 0

[21/Jul/2023:10:30:38] UPDATING PREPAGATI (JobID: c3fc7cfb-21b7-4a63-b118-673701253fbf)
 - New and modified: 0

[21/Jul/2023:10:30:38] DELETING PREPAGATI (JobID: c3fc7cfb-21b7-4a63-b118-673701253fbf)
 - Deleted: 0

[21/Jul/2023:11:00:04] UPDATING ACCOUNTS (JobID: d7200d7b-bc7c-46b7-88b3-1e7b0496ff7e)
 - New and modified: 0

[21/Jul/2023:11:00:04] DELETING ACCOUNTS (JobID: d7200d7b-bc7c-46b7-88b3-1e7b0496ff7e)
 - Deleted: 0

[21/Jul/2023:11:00:37] UPDATING PRODUCTS (JobID: 236e661c-db45-40a4-8582-754f8d173038)
 - New and modified: 0

[21/Jul/2023:11:00:38] UPDATING PREPAGATI (JobID: 7244dac5-f52a-46ba-a908-39872803e267)
 - New and modified: 0

[21/Jul/2023:11:00:38] DELETING PREPAGATI (JobID: 7244dac5-f52a-46ba-a908-39872803e267)
 - Deleted: 0

[21/Jul/2023:11:30:07] UPDATING ACCOUNTS (JobID: aceb8377-51cc-4386-a508-fb8fc3645327)
 - New and modified: 0

[21/Jul/2023:11:30:07] DELETING ACCOUNTS (JobID: aceb8377-51cc-4386-a508-fb8fc3645327)
 - Deleted: 0

[21/Jul/2023:11:30:39] UPDATING PRODUCTS (JobID: e2be58d9-10c8-47bf-bc74-8edce4ecc886)
 - New and modified: 0

[21/Jul/2023:11:30:42] UPDATING PREPAGATI (JobID: 87d3b611-5985-49d5-969e-25cfdd20d1f1)
 - New and modified: 0

[21/Jul/2023:11:30:42] DELETING PREPAGATI (JobID: 87d3b611-5985-49d5-969e-25cfdd20d1f1)
 - Deleted: 0

[21/Jul/2023:12:00:04] UPDATING ACCOUNTS (JobID: ddf305dc-4cd0-4dab-b60b-7fd5d8f3efb2)
 - New and modified: 0

[21/Jul/2023:12:00:04] DELETING ACCOUNTS (JobID: ddf305dc-4cd0-4dab-b60b-7fd5d8f3efb2)
 - Deleted: 0

[21/Jul/2023:12:00:36] UPDATING PRODUCTS (JobID: 615ceebd-28ab-46a8-97c3-035b20baf5cd)
 - New and modified: 0

[21/Jul/2023:12:00:38] UPDATING PREPAGATI (JobID: d8e0a1b1-235c-48d3-9b9b-6768a1bd635b)
 - New and modified: 0

[21/Jul/2023:12:00:38] DELETING PREPAGATI (JobID: d8e0a1b1-235c-48d3-9b9b-6768a1bd635b)
 - Deleted: 0

[21/Jul/2023:12:30:08] UPDATING ACCOUNTS (JobID: d9fef2e1-5982-4e18-830b-92f47c4ef2d3)
 - New and modified: 0

[21/Jul/2023:12:30:08] DELETING ACCOUNTS (JobID: d9fef2e1-5982-4e18-830b-92f47c4ef2d3)
 - Deleted: 0

[21/Jul/2023:12:30:40] UPDATING PRODUCTS (JobID: 524b4723-0ab4-4088-bd17-7477277272fd)
 - New and modified: 0

[21/Jul/2023:12:30:43] UPDATING PREPAGATI (JobID: 6205e6ad-6cbf-4c08-afdd-cbac93a5dea0)
 - New and modified: 0

[21/Jul/2023:12:30:43] DELETING PREPAGATI (JobID: 6205e6ad-6cbf-4c08-afdd-cbac93a5dea0)
 - Deleted: 0

[21/Jul/2023:13:00:08] UPDATING ACCOUNTS (JobID: bb3cdf5f-6f6c-4f0b-92a9-fba042104311)
 - New and modified: 0

[21/Jul/2023:13:00:08] DELETING ACCOUNTS (JobID: bb3cdf5f-6f6c-4f0b-92a9-fba042104311)
 - Deleted: 0

[21/Jul/2023:13:00:39] UPDATING PRODUCTS (JobID: a3ba9e3d-d161-4b97-ad55-0857f32e356d)
 - New and modified: 0

[21/Jul/2023:13:00:42] UPDATING PREPAGATI (JobID: df58b5bd-288e-4758-a3dc-8f204157489f)
 - New and modified: 0

[21/Jul/2023:13:00:42] DELETING PREPAGATI (JobID: df58b5bd-288e-4758-a3dc-8f204157489f)
 - Deleted: 0

[21/Jul/2023:13:30:04] UPDATING ACCOUNTS (JobID: f3b8a365-e656-4096-bdaf-cd26fb723c1b)
 - New and modified: 0

[21/Jul/2023:13:30:04] DELETING ACCOUNTS (JobID: f3b8a365-e656-4096-bdaf-cd26fb723c1b)
 - Deleted: 0

[21/Jul/2023:13:30:36] UPDATING PRODUCTS (JobID: c97fa02d-4eb8-478d-86a7-6b3d5d8572a3)
 - New and modified: 1
   Apple care Ipad

[21/Jul/2023:13:30:38] UPDATING PREPAGATI (JobID: 0b797e1f-3a01-4200-bf01-e926d498c382)
 - New and modified: 0

[21/Jul/2023:13:30:38] DELETING PREPAGATI (JobID: 0b797e1f-3a01-4200-bf01-e926d498c382)
 - Deleted: 0

[21/Jul/2023:14:00:04] UPDATING ACCOUNTS (JobID: b4e3f70e-b1cd-473d-aed2-d568c49b35f7)
 - New and modified: 0

[21/Jul/2023:14:00:04] DELETING ACCOUNTS (JobID: b4e3f70e-b1cd-473d-aed2-d568c49b35f7)
 - Deleted: 0

[21/Jul/2023:14:00:36] UPDATING PRODUCTS (JobID: f11a5157-3061-41cd-8f44-9391fa829b78)
 - New and modified: 0

[21/Jul/2023:14:00:38] UPDATING PREPAGATI (JobID: 3cfa3c4b-ac71-4f54-9349-a6ce912e9f2c)
 - New and modified: 0

[21/Jul/2023:14:00:38] DELETING PREPAGATI (JobID: 3cfa3c4b-ac71-4f54-9349-a6ce912e9f2c)
 - Deleted: 0

[21/Jul/2023:14:30:04] UPDATING ACCOUNTS (JobID: c617ac05-dce1-4d5b-bacf-d406cc7c7e65)
 - New and modified: 0

[21/Jul/2023:14:30:04] DELETING ACCOUNTS (JobID: c617ac05-dce1-4d5b-bacf-d406cc7c7e65)
 - Deleted: 0

[21/Jul/2023:14:30:37] UPDATING PRODUCTS (JobID: 461b6a35-c7f7-4780-8d97-8197698c2d57)
 - New and modified: 0

[21/Jul/2023:14:30:39] UPDATING PREPAGATI (JobID: b492bec1-60b4-4a2a-b7b4-52c2b5508dfe)
 - New and modified: 0

[21/Jul/2023:14:30:39] DELETING PREPAGATI (JobID: b492bec1-60b4-4a2a-b7b4-52c2b5508dfe)
 - Deleted: 0

[21/Jul/2023:15:00:04] UPDATING ACCOUNTS (JobID: cdb5f543-cf50-488b-8555-d8a10c7ec679)
 - New and modified: 0

[21/Jul/2023:15:00:04] DELETING ACCOUNTS (JobID: cdb5f543-cf50-488b-8555-d8a10c7ec679)
 - Deleted: 0

[21/Jul/2023:15:00:36] UPDATING PRODUCTS (JobID: 7d936caa-c7ab-41fc-953b-599f16d2a826)
 - New and modified: 0

[21/Jul/2023:15:00:38] UPDATING PREPAGATI (JobID: 4032ac47-ef89-4c24-a37e-597763859af4)
 - New and modified: 0

[21/Jul/2023:15:00:38] DELETING PREPAGATI (JobID: 4032ac47-ef89-4c24-a37e-597763859af4)
 - Deleted: 0

[21/Jul/2023:15:30:09] UPDATING ACCOUNTS (JobID: 67abdd24-69f2-43a2-820e-09b3f3b2300f)
 - New and modified: 0

[21/Jul/2023:15:30:09] DELETING ACCOUNTS (JobID: 67abdd24-69f2-43a2-820e-09b3f3b2300f)
 - Deleted: 0

[21/Jul/2023:15:30:46] UPDATING PRODUCTS (JobID: a25fe182-a620-4f60-aa5a-83acee18e411)
 - New and modified: 0

[21/Jul/2023:15:30:49] UPDATING PREPAGATI (JobID: 0c335208-d74c-432f-bacc-cc68aece2988)
 - New and modified: 0

[21/Jul/2023:15:30:49] DELETING PREPAGATI (JobID: 0c335208-d74c-432f-bacc-cc68aece2988)
 - Deleted: 0

[21/Jul/2023:16:00:09] UPDATING ACCOUNTS (JobID: 9284dcf4-26f5-4ef3-9cb9-f02ba5680196)
 - New and modified: 0

[21/Jul/2023:16:00:09] DELETING ACCOUNTS (JobID: 9284dcf4-26f5-4ef3-9cb9-f02ba5680196)
 - Deleted: 0

[21/Jul/2023:16:00:44] UPDATING PRODUCTS (JobID: 33c2026b-0af1-43e1-ae6a-4ffdbd0f723f)
 - New and modified: 0

[21/Jul/2023:16:00:47] UPDATING PREPAGATI (JobID: befcb063-4358-4bff-9775-948a0d53fd06)
 - New and modified: 0

[21/Jul/2023:16:00:47] DELETING PREPAGATI (JobID: befcb063-4358-4bff-9775-948a0d53fd06)
 - Deleted: 0

[21/Jul/2023:16:30:03] UPDATING ACCOUNTS (JobID: b7afd9b2-d6e1-41b2-8778-93671832bf0f)
 - New and modified: 0

[21/Jul/2023:16:30:03] DELETING ACCOUNTS (JobID: b7afd9b2-d6e1-41b2-8778-93671832bf0f)
 - Deleted: 0

[21/Jul/2023:16:30:36] UPDATING PRODUCTS (JobID: 8958c91a-6c59-4566-b464-a7920e52b6dc)
 - New and modified: 0

[21/Jul/2023:16:30:38] UPDATING PREPAGATI (JobID: 22f6ccfc-a377-402b-8217-c8330ac443b5)
 - New and modified: 0

[21/Jul/2023:16:30:38] DELETING PREPAGATI (JobID: 22f6ccfc-a377-402b-8217-c8330ac443b5)
 - Deleted: 0

[21/Jul/2023:17:00:09] UPDATING ACCOUNTS (JobID: e409512b-4f0f-4093-b74f-24abc90ed62f)
 - New and modified: 0

[21/Jul/2023:17:00:09] DELETING ACCOUNTS (JobID: e409512b-4f0f-4093-b74f-24abc90ed62f)
 - Deleted: 0

[21/Jul/2023:17:00:42] UPDATING PRODUCTS (JobID: 364f53cb-008b-45b2-ad8f-98d6993cb0f9)
 - New and modified: 0

[21/Jul/2023:17:00:45] UPDATING PREPAGATI (JobID: c48807a4-ba42-447f-a264-2f85720e0824)
 - New and modified: 0

[21/Jul/2023:17:00:45] DELETING PREPAGATI (JobID: c48807a4-ba42-447f-a264-2f85720e0824)
 - Deleted: 0

[21/Jul/2023:17:30:08] UPDATING ACCOUNTS (JobID: 062d3fac-7132-4a60-9968-0acb096a1246)
 - New and modified: 0

[21/Jul/2023:17:30:08] DELETING ACCOUNTS (JobID: 062d3fac-7132-4a60-9968-0acb096a1246)
 - Deleted: 0

[21/Jul/2023:17:30:41] UPDATING PRODUCTS (JobID: 843247f4-f09a-41d0-b238-aedcc54d19ca)
 - New and modified: 0

[21/Jul/2023:17:30:44] UPDATING PREPAGATI (JobID: 7c3c624a-cae9-4b0e-a3bc-05a7d878ec14)
 - New and modified: 0

[21/Jul/2023:17:30:44] DELETING PREPAGATI (JobID: 7c3c624a-cae9-4b0e-a3bc-05a7d878ec14)
 - Deleted: 0

[21/Jul/2023:18:00:09] UPDATING ACCOUNTS (JobID: 70edd09d-ce55-4a75-8f1f-6ff023e0efd1)
 - New and modified: 0

[21/Jul/2023:18:00:09] DELETING ACCOUNTS (JobID: 70edd09d-ce55-4a75-8f1f-6ff023e0efd1)
 - Deleted: 0

[21/Jul/2023:18:00:47] UPDATING PRODUCTS (JobID: 67bfcd3b-0875-4322-b9df-7ea8c473cfd1)
 - New and modified: 0

[21/Jul/2023:18:00:50] UPDATING PREPAGATI (JobID: ce969d6a-3b26-4b3c-badf-a58862bdab07)
 - New and modified: 0

[21/Jul/2023:18:00:50] DELETING PREPAGATI (JobID: ce969d6a-3b26-4b3c-badf-a58862bdab07)
 - Deleted: 0

[21/Jul/2023:18:30:04] UPDATING ACCOUNTS (JobID: a54fd156-c391-4e1f-9a0b-018d23ab8d19)
 - New and modified: 0

[21/Jul/2023:18:30:04] DELETING ACCOUNTS (JobID: a54fd156-c391-4e1f-9a0b-018d23ab8d19)
 - Deleted: 0

[21/Jul/2023:18:30:38] UPDATING PRODUCTS (JobID: 6625ee39-9552-4bc6-93ce-46bfe59c4c30)
 - New and modified: 0

[21/Jul/2023:18:30:40] UPDATING PREPAGATI (JobID: cd82743c-8c42-4ad2-a9f5-9bea0593bac4)
 - New and modified: 0

[21/Jul/2023:18:30:40] DELETING PREPAGATI (JobID: cd82743c-8c42-4ad2-a9f5-9bea0593bac4)
 - Deleted: 0

[21/Jul/2023:19:00:24] UPDATING ACCOUNTS (JobID: 52783950-4373-42b2-9a1a-aca49ecc5f08)
 - New and modified: 0

[21/Jul/2023:19:00:24] DELETING ACCOUNTS (JobID: 52783950-4373-42b2-9a1a-aca49ecc5f08)
 - Deleted: 0

[21/Jul/2023:19:00:59] UPDATING PRODUCTS (JobID: c027391b-f2c1-4e8b-bc33-ed864b3dfcc9)
 - New and modified: 0

[21/Jul/2023:19:01:02] UPDATING PREPAGATI (JobID: 778ef25e-a3c7-4d3a-8b58-341017a71cd6)
 - New and modified: 0

[21/Jul/2023:19:01:02] DELETING PREPAGATI (JobID: 778ef25e-a3c7-4d3a-8b58-341017a71cd6)
 - Deleted: 0

[21/Jul/2023:19:30:07] UPDATING ACCOUNTS (JobID: b9f9bfd0-43c5-4882-8699-91bf5d78cf13)
 - New and modified: 0

[21/Jul/2023:19:30:07] DELETING ACCOUNTS (JobID: b9f9bfd0-43c5-4882-8699-91bf5d78cf13)
 - Deleted: 0

[21/Jul/2023:19:30:40] UPDATING PRODUCTS (JobID: 067b3ffc-eae3-4de2-b989-8144b25ba5c6)
 - New and modified: 0

[21/Jul/2023:19:30:43] UPDATING PREPAGATI (JobID: 5ac6f4cd-a3c9-424f-a1b2-d13f8c09869a)
 - New and modified: 0

[21/Jul/2023:19:30:43] DELETING PREPAGATI (JobID: 5ac6f4cd-a3c9-424f-a1b2-d13f8c09869a)
 - Deleted: 0

[21/Jul/2023:20:00:04] UPDATING ACCOUNTS (JobID: 33265d2c-0249-4b4f-b66c-91f992f085b4)
 - New and modified: 0

[21/Jul/2023:20:00:04] DELETING ACCOUNTS (JobID: 33265d2c-0249-4b4f-b66c-91f992f085b4)
 - Deleted: 0

[21/Jul/2023:20:00:37] UPDATING PRODUCTS (JobID: d2f94feb-44b4-4aba-80c1-7e89b3a54aa1)
 - New and modified: 0

[21/Jul/2023:20:00:38] UPDATING PREPAGATI (JobID: 645d90b2-8574-46f9-8a7d-077515562742)
 - New and modified: 0

[21/Jul/2023:20:00:38] DELETING PREPAGATI (JobID: 645d90b2-8574-46f9-8a7d-077515562742)
 - Deleted: 0

[21/Jul/2023:20:30:08] UPDATING ACCOUNTS (JobID: e3c4f005-faae-4522-9398-c0d081c61d77)
 - New and modified: 0

[21/Jul/2023:20:30:08] DELETING ACCOUNTS (JobID: e3c4f005-faae-4522-9398-c0d081c61d77)
 - Deleted: 0

[21/Jul/2023:20:30:41] UPDATING PRODUCTS (JobID: 47d0b3ab-0eca-4922-ad9e-15f532e6353b)
 - New and modified: 0

[21/Jul/2023:20:30:44] UPDATING PREPAGATI (JobID: 68db62eb-1d08-4ace-ae30-4620f8c8d97a)
 - New and modified: 0

[21/Jul/2023:20:30:44] DELETING PREPAGATI (JobID: 68db62eb-1d08-4ace-ae30-4620f8c8d97a)
 - Deleted: 0

[21/Jul/2023:21:30:07] UPDATING ACCOUNTS (JobID: e4cdfd79-67be-4bf1-bf22-ad5ef0a25caf)
 - New and modified: 0

[21/Jul/2023:21:30:07] DELETING ACCOUNTS (JobID: e4cdfd79-67be-4bf1-bf22-ad5ef0a25caf)
 - Deleted: 0

[21/Jul/2023:21:30:40] UPDATING PRODUCTS (JobID: 829aee93-8909-43db-876f-cffbe10d1ae3)
 - New and modified: 0

[21/Jul/2023:21:30:43] UPDATING PREPAGATI (JobID: 2a23b8bb-2627-4df4-80d8-139f955d95b1)
 - New and modified: 0

[21/Jul/2023:21:30:43] DELETING PREPAGATI (JobID: 2a23b8bb-2627-4df4-80d8-139f955d95b1)
 - Deleted: 0

[21/Jul/2023:22:00:09] UPDATING ACCOUNTS (JobID: 9c4ab54e-090c-4c0f-bec5-ba4ccab096ba)
 - New and modified: 0

[21/Jul/2023:22:00:09] DELETING ACCOUNTS (JobID: 9c4ab54e-090c-4c0f-bec5-ba4ccab096ba)
 - Deleted: 0

[21/Jul/2023:22:00:42] UPDATING PRODUCTS (JobID: 7adcbee6-e8a9-4279-83d6-c39c52b4e8f3)
 - New and modified: 0

[21/Jul/2023:22:00:44] UPDATING PREPAGATI (JobID: 73e53370-cee3-4a86-8806-f42cd236ae83)
 - New and modified: 0

[21/Jul/2023:22:00:44] DELETING PREPAGATI (JobID: 73e53370-cee3-4a86-8806-f42cd236ae83)
 - Deleted: 0

[21/Jul/2023:22:30:08] UPDATING ACCOUNTS (JobID: b57ea1ca-c3ae-4d2a-9476-4c4cb8a89ee3)
 - New and modified: 0

[21/Jul/2023:22:30:08] DELETING ACCOUNTS (JobID: b57ea1ca-c3ae-4d2a-9476-4c4cb8a89ee3)
 - Deleted: 0

[21/Jul/2023:22:30:40] UPDATING PRODUCTS (JobID: c50211f6-0555-4303-99cf-314680f849f3)
 - New and modified: 0

[21/Jul/2023:22:30:43] UPDATING PREPAGATI (JobID: 06e0f82c-2b34-46f6-9e91-17dfb57dab73)
 - New and modified: 0

[21/Jul/2023:22:30:43] DELETING PREPAGATI (JobID: 06e0f82c-2b34-46f6-9e91-17dfb57dab73)
 - Deleted: 0

[21/Jul/2023:23:00:04] UPDATING ACCOUNTS (JobID: 62ab6a70-c13a-42eb-bc5b-3b503f18a202)
 - New and modified: 0

[21/Jul/2023:23:00:04] DELETING ACCOUNTS (JobID: 62ab6a70-c13a-42eb-bc5b-3b503f18a202)
 - Deleted: 0

[21/Jul/2023:23:00:35] UPDATING PRODUCTS (JobID: fead8510-e6c5-4758-ac62-eed23d3c5fa6)
 - New and modified: 0

[21/Jul/2023:23:00:37] UPDATING PREPAGATI (JobID: 0386df01-df98-46e5-935a-7b9dc7e60cc0)
 - New and modified: 0

[21/Jul/2023:23:00:37] DELETING PREPAGATI (JobID: 0386df01-df98-46e5-935a-7b9dc7e60cc0)
 - Deleted: 0

[21/Jul/2023:23:30:03] UPDATING ACCOUNTS (JobID: d01b4379-7d17-4c21-9b6e-a95a33e9dadb)
 - New and modified: 0

[21/Jul/2023:23:30:03] DELETING ACCOUNTS (JobID: d01b4379-7d17-4c21-9b6e-a95a33e9dadb)
 - Deleted: 0

[21/Jul/2023:23:30:35] UPDATING PRODUCTS (JobID: d111b83b-f06e-495a-857c-ef87a9151a5a)
 - New and modified: 0

[21/Jul/2023:23:30:37] UPDATING PREPAGATI (JobID: 5be8845a-edae-4bd6-8ce5-f9d861a4275f)
 - New and modified: 0

[21/Jul/2023:23:30:37] DELETING PREPAGATI (JobID: 5be8845a-edae-4bd6-8ce5-f9d861a4275f)
 - Deleted: 0

