[07/Oct/2023:00:00:08] UPDATING ACCOUNTS (JobID: 37086bbe-3cc3-44a3-b053-6506001ee11e)
 - New and modified: 0

[07/Oct/2023:00:00:08] DELETING ACCOUNTS (JobID: 37086bbe-3cc3-44a3-b053-6506001ee11e)
 - Deleted: 0

[07/Oct/2023:00:00:38] UPDATING PRODUCTS (JobID: e768ef9e-5b17-463d-beca-4e119918e69a)
 - New and modified: 0

[07/Oct/2023:00:00:42] UPDATING PREPAGATI (JobID: ada64f47-128d-4ffb-88f8-d703d049678b)
 - New and modified: 0

[07/Oct/2023:00:00:42] DELETING PREPAGATI (JobID: ada64f47-128d-4ffb-88f8-d703d049678b)
 - Deleted: 0

[07/Oct/2023:00:30:04] UPDATING ACCOUNTS (JobID: 5cc764b3-bcdd-4d2c-82ec-ac39ff94fb0f)
 - New and modified: 0

[07/Oct/2023:00:30:04] DELETING ACCOUNTS (JobID: 5cc764b3-bcdd-4d2c-82ec-ac39ff94fb0f)
 - Deleted: 0

[07/Oct/2023:00:30:34] UPDATING PRODUCTS (JobID: ce677a23-6956-4289-b768-b922d81e0db4)
 - New and modified: 0

[07/Oct/2023:00:30:36] UPDATING PREPAGATI (JobID: 383ba06d-d6a8-4ada-86b2-6191483e86b9)
 - New and modified: 0

[07/Oct/2023:00:30:36] DELETING PREPAGATI (JobID: 383ba06d-d6a8-4ada-86b2-6191483e86b9)
 - Deleted: 0

[07/Oct/2023:01:00:04] UPDATING ACCOUNTS (JobID: 7faf021f-5ad6-44cd-8b25-22574f642d6b)
 - New and modified: 0

[07/Oct/2023:01:00:04] DELETING ACCOUNTS (JobID: 7faf021f-5ad6-44cd-8b25-22574f642d6b)
 - Deleted: 0

[07/Oct/2023:01:00:34] UPDATING PRODUCTS (JobID: 0820313d-a705-42ee-9f38-56a741a2d358)
 - New and modified: 0

[07/Oct/2023:01:00:36] UPDATING PREPAGATI (JobID: f603d93e-2fb7-4aac-b0d5-eec75c56cea3)
 - New and modified: 0

[07/Oct/2023:01:00:36] DELETING PREPAGATI (JobID: f603d93e-2fb7-4aac-b0d5-eec75c56cea3)
 - Deleted: 0

[07/Oct/2023:01:30:09] UPDATING ACCOUNTS (JobID: db523000-2085-4092-a14c-1a3bf87d7998)
 - New and modified: 0

[07/Oct/2023:01:30:09] DELETING ACCOUNTS (JobID: db523000-2085-4092-a14c-1a3bf87d7998)
 - Deleted: 0

[07/Oct/2023:01:30:34] UPDATING PRODUCTS (JobID: 4363159c-34ba-4286-a5df-9118e1426f80)
 - New and modified: 0

[07/Oct/2023:01:30:37] UPDATING PREPAGATI (JobID: e848f636-f0e9-47a1-bf39-1a93e6f07be1)
 - New and modified: 0

[07/Oct/2023:01:30:37] DELETING PREPAGATI (JobID: e848f636-f0e9-47a1-bf39-1a93e6f07be1)
 - Deleted: 0

[07/Oct/2023:02:00:04] UPDATING ACCOUNTS (JobID: df1814d1-befe-4ca4-9716-8b0ad514ced5)
 - New and modified: 0

[07/Oct/2023:02:00:04] DELETING ACCOUNTS (JobID: df1814d1-befe-4ca4-9716-8b0ad514ced5)
 - Deleted: 0

[07/Oct/2023:02:00:37] UPDATING PRODUCTS (JobID: b2a22492-5ab3-4446-8aa0-7173dca1ab41)
 - New and modified: 0

[07/Oct/2023:02:00:39] UPDATING PREPAGATI (JobID: 517fc437-934e-4b66-82e9-ecad3d8e31f0)
 - New and modified: 0

[07/Oct/2023:02:00:39] DELETING PREPAGATI (JobID: 517fc437-934e-4b66-82e9-ecad3d8e31f0)
 - Deleted: 0

[07/Oct/2023:03:00:09] UPDATING ACCOUNTS (JobID: 52488348-9cc6-4c4a-b081-4c6ddf355e97)
 - New and modified: 0

[07/Oct/2023:03:00:09] DELETING ACCOUNTS (JobID: 52488348-9cc6-4c4a-b081-4c6ddf355e97)
 - Deleted: 0

[07/Oct/2023:03:00:40] UPDATING PRODUCTS (JobID: da408da8-944a-47c7-ab67-371ca1534661)
 - New and modified: 0

[07/Oct/2023:03:00:43] UPDATING PREPAGATI (JobID: cff4e236-8527-49a6-9204-6ae048c0e754)
 - New and modified: 0

[07/Oct/2023:03:00:43] DELETING PREPAGATI (JobID: cff4e236-8527-49a6-9204-6ae048c0e754)
 - Deleted: 0

[07/Oct/2023:03:30:04] UPDATING ACCOUNTS (JobID: 074c262f-bbff-4787-b7fd-d5eea9394e39)
 - New and modified: 0

[07/Oct/2023:03:30:04] DELETING ACCOUNTS (JobID: 074c262f-bbff-4787-b7fd-d5eea9394e39)
 - Deleted: 0

[07/Oct/2023:03:30:35] UPDATING PRODUCTS (JobID: 95480517-7c74-4f4e-95e0-d4405d6dd896)
 - New and modified: 0

[07/Oct/2023:03:30:37] UPDATING PREPAGATI (JobID: 49c7807c-088e-432b-8175-85b88f2a3f6a)
 - New and modified: 0

[07/Oct/2023:03:30:37] DELETING PREPAGATI (JobID: 49c7807c-088e-432b-8175-85b88f2a3f6a)
 - Deleted: 0

[07/Oct/2023:05:00:07] UPDATING ACCOUNTS (JobID: ae1d7cf2-cd81-4a35-8f8d-5ccb877e52e1)
 - New and modified: 0

[07/Oct/2023:05:00:07] DELETING ACCOUNTS (JobID: ae1d7cf2-cd81-4a35-8f8d-5ccb877e52e1)
 - Deleted: 0

[07/Oct/2023:05:00:39] UPDATING PRODUCTS (JobID: e4c7af73-1074-4bc0-83a9-34b1918d1eab)
 - New and modified: 0

[07/Oct/2023:05:00:42] UPDATING PREPAGATI (JobID: b0c65875-7f63-4df7-8ccb-16c73cf694d6)
 - New and modified: 0

[07/Oct/2023:05:00:42] DELETING PREPAGATI (JobID: b0c65875-7f63-4df7-8ccb-16c73cf694d6)
 - Deleted: 0

[07/Oct/2023:05:30:04] UPDATING ACCOUNTS (JobID: 757ff869-dbd0-4e58-8126-2d3277979e83)
 - New and modified: 0

[07/Oct/2023:05:30:04] DELETING ACCOUNTS (JobID: 757ff869-dbd0-4e58-8126-2d3277979e83)
 - Deleted: 0

[07/Oct/2023:05:30:35] UPDATING PRODUCTS (JobID: 278bae4d-972f-4b3c-b16c-34d001f0a561)
 - New and modified: 0

[07/Oct/2023:05:30:37] UPDATING PREPAGATI (JobID: e1acdabc-2751-4bb6-b63b-d98c2efff3f2)
 - New and modified: 0

[07/Oct/2023:05:30:37] DELETING PREPAGATI (JobID: e1acdabc-2751-4bb6-b63b-d98c2efff3f2)
 - Deleted: 0

[07/Oct/2023:06:00:07] UPDATING ACCOUNTS (JobID: f1999c6b-2290-4390-a7d1-057da3b81ea7)
 - New and modified: 0

[07/Oct/2023:06:00:07] DELETING ACCOUNTS (JobID: f1999c6b-2290-4390-a7d1-057da3b81ea7)
 - Deleted: 0

[07/Oct/2023:06:00:39] UPDATING PRODUCTS (JobID: 7e2c480b-4371-4ee8-a275-7502163e1036)
 - New and modified: 0

[07/Oct/2023:06:00:42] UPDATING PREPAGATI (JobID: 57893fe1-ce2d-4626-b5d6-2d657f9002d3)
 - New and modified: 0

[07/Oct/2023:06:00:42] DELETING PREPAGATI (JobID: 57893fe1-ce2d-4626-b5d6-2d657f9002d3)
 - Deleted: 0

[07/Oct/2023:06:30:04] UPDATING ACCOUNTS (JobID: 512a29ab-bef4-4692-85ed-ee5da3c1499f)
 - New and modified: 0

[07/Oct/2023:06:30:04] DELETING ACCOUNTS (JobID: 512a29ab-bef4-4692-85ed-ee5da3c1499f)
 - Deleted: 0

[07/Oct/2023:06:30:38] UPDATING PRODUCTS (JobID: 543f212d-5cbe-466f-8e0e-76d1306edcb4)
 - New and modified: 0

[07/Oct/2023:06:30:40] UPDATING PREPAGATI (JobID: 9f7a612d-3acc-40f0-88b6-8d373d9a293d)
 - New and modified: 0

[07/Oct/2023:06:30:40] DELETING PREPAGATI (JobID: 9f7a612d-3acc-40f0-88b6-8d373d9a293d)
 - Deleted: 0

[07/Oct/2023:07:00:09] UPDATING ACCOUNTS (JobID: 6f6a96bb-95d1-4f30-8c32-3c4ba705f7af)
 - New and modified: 0

[07/Oct/2023:07:00:09] DELETING ACCOUNTS (JobID: 6f6a96bb-95d1-4f30-8c32-3c4ba705f7af)
 - Deleted: 0

[07/Oct/2023:07:00:40] UPDATING PRODUCTS (JobID: 64efc1cd-ecfe-4a74-8399-9c82b4a7994f)
 - New and modified: 0

[07/Oct/2023:07:00:43] UPDATING PREPAGATI (JobID: 8d30087a-e168-4ae7-a5b9-98beee2d25cb)
 - New and modified: 0

[07/Oct/2023:07:00:43] DELETING PREPAGATI (JobID: 8d30087a-e168-4ae7-a5b9-98beee2d25cb)
 - Deleted: 0

[07/Oct/2023:07:30:10] UPDATING ACCOUNTS (JobID: c7e99fd8-d018-427a-8c0e-b0ae8d959e4c)
 - New and modified: 0

[07/Oct/2023:07:30:10] DELETING ACCOUNTS (JobID: c7e99fd8-d018-427a-8c0e-b0ae8d959e4c)
 - Deleted: 0

[07/Oct/2023:07:30:42] UPDATING PRODUCTS (JobID: 68fdb580-352b-4174-aab4-a3cd4e84ad09)
 - New and modified: 0

[07/Oct/2023:07:30:45] UPDATING PREPAGATI (JobID: b289b2aa-744c-412e-807f-ec4c86959746)
 - New and modified: 0

[07/Oct/2023:07:30:45] DELETING PREPAGATI (JobID: b289b2aa-744c-412e-807f-ec4c86959746)
 - Deleted: 0

[07/Oct/2023:08:00:07] UPDATING ACCOUNTS (JobID: e5fe09b0-eca6-42aa-befb-02fb21443f76)
 - New and modified: 0

[07/Oct/2023:08:00:07] DELETING ACCOUNTS (JobID: e5fe09b0-eca6-42aa-befb-02fb21443f76)
 - Deleted: 0

[07/Oct/2023:08:00:38] UPDATING PRODUCTS (JobID: 30fcdd7f-6e85-42e2-9a0b-242c07e663fc)
 - New and modified: 0

[07/Oct/2023:08:00:41] UPDATING PREPAGATI (JobID: 7bae3999-590b-45a8-a666-45fa4246bcd2)
 - New and modified: 0

[07/Oct/2023:08:00:41] DELETING PREPAGATI (JobID: 7bae3999-590b-45a8-a666-45fa4246bcd2)
 - Deleted: 0

[07/Oct/2023:08:30:09] UPDATING ACCOUNTS (JobID: 80604b29-c31d-4f79-9574-a062e35ad49f)
 - New and modified: 0

[07/Oct/2023:08:30:09] DELETING ACCOUNTS (JobID: 80604b29-c31d-4f79-9574-a062e35ad49f)
 - Deleted: 0

[07/Oct/2023:08:30:40] UPDATING PRODUCTS (JobID: 8972ff07-149a-4664-ab0c-cd9b59ee3070)
 - New and modified: 0

[07/Oct/2023:08:30:43] UPDATING PREPAGATI (JobID: 0358358a-0591-43ec-ab29-3283e301d7c1)
 - New and modified: 0

[07/Oct/2023:08:30:43] DELETING PREPAGATI (JobID: 0358358a-0591-43ec-ab29-3283e301d7c1)
 - Deleted: 0

[07/Oct/2023:09:00:04] UPDATING ACCOUNTS (JobID: 8d2a9cf3-a7b7-4c6e-b3c8-c75104be881b)
 - New and modified: 0

[07/Oct/2023:09:00:04] DELETING ACCOUNTS (JobID: 8d2a9cf3-a7b7-4c6e-b3c8-c75104be881b)
 - Deleted: 0

[07/Oct/2023:09:00:36] UPDATING PRODUCTS (JobID: c74a947e-03fe-4fc6-b8d4-087395d61c47)
 - New and modified: 0

[07/Oct/2023:09:00:38] UPDATING PREPAGATI (JobID: 7ec4cc46-e0b5-4818-a701-0792675ecf12)
 - New and modified: 0

[07/Oct/2023:09:00:38] DELETING PREPAGATI (JobID: 7ec4cc46-e0b5-4818-a701-0792675ecf12)
 - Deleted: 0

[07/Oct/2023:09:30:07] UPDATING ACCOUNTS (JobID: 989509e8-a8cc-4c7b-9673-fea1d80e6428)
 - New and modified: 0

[07/Oct/2023:09:30:07] DELETING ACCOUNTS (JobID: 989509e8-a8cc-4c7b-9673-fea1d80e6428)
 - Deleted: 0

[07/Oct/2023:09:30:39] UPDATING PRODUCTS (JobID: 21cb33e2-cb01-4a2b-bcdf-923262f85f84)
 - New and modified: 0

[07/Oct/2023:09:30:42] UPDATING PREPAGATI (JobID: 20fd75d6-633f-456d-a205-4fff12a552e3)
 - New and modified: 0

[07/Oct/2023:09:30:42] DELETING PREPAGATI (JobID: 20fd75d6-633f-456d-a205-4fff12a552e3)
 - Deleted: 0

[07/Oct/2023:10:00:07] UPDATING ACCOUNTS (JobID: 8373a1af-3715-4060-8295-da80360ae155)
 - New and modified: 0

[07/Oct/2023:10:00:07] DELETING ACCOUNTS (JobID: 8373a1af-3715-4060-8295-da80360ae155)
 - Deleted: 0

[07/Oct/2023:10:00:38] UPDATING PRODUCTS (JobID: 60693bdc-b732-4348-8a4f-e03608891cd6)
 - New and modified: 0

[07/Oct/2023:10:00:41] UPDATING PREPAGATI (JobID: c13ea16c-fcff-4ea1-bdc7-d7c683b20038)
 - New and modified: 0

[07/Oct/2023:10:00:41] DELETING PREPAGATI (JobID: c13ea16c-fcff-4ea1-bdc7-d7c683b20038)
 - Deleted: 0

[07/Oct/2023:10:30:09] UPDATING ACCOUNTS (JobID: a311c02c-2c0e-486b-87d5-c2139afc11ca)
 - New and modified: 0

[07/Oct/2023:10:30:09] DELETING ACCOUNTS (JobID: a311c02c-2c0e-486b-87d5-c2139afc11ca)
 - Deleted: 0

[07/Oct/2023:10:30:40] UPDATING PRODUCTS (JobID: e88a7fb4-26f7-4a9e-aefb-7987692c671b)
 - New and modified: 0

[07/Oct/2023:10:30:43] UPDATING PREPAGATI (JobID: bb786792-7b2a-4d40-9bb1-b1a1a97f8245)
 - New and modified: 0

[07/Oct/2023:10:30:43] DELETING PREPAGATI (JobID: bb786792-7b2a-4d40-9bb1-b1a1a97f8245)
 - Deleted: 0

[07/Oct/2023:11:00:08] UPDATING ACCOUNTS (JobID: 0c7dcea5-2db0-4cb7-8409-146393dc4749)
 - New and modified: 0

[07/Oct/2023:11:00:08] DELETING ACCOUNTS (JobID: 0c7dcea5-2db0-4cb7-8409-146393dc4749)
 - Deleted: 0

[07/Oct/2023:11:00:38] UPDATING PRODUCTS (JobID: 6e39892e-f434-404f-bf49-f870c6bea5b3)
 - New and modified: 0

[07/Oct/2023:11:00:43] UPDATING PREPAGATI (JobID: a42ca170-acd1-45a8-94c0-8293dd58ad3a)
 - New and modified: 0

[07/Oct/2023:11:00:43] DELETING PREPAGATI (JobID: a42ca170-acd1-45a8-94c0-8293dd58ad3a)
 - Deleted: 0

[07/Oct/2023:11:30:09] UPDATING ACCOUNTS (JobID: fd8e9221-5cd8-47bf-806d-9365c056f1d2)
 - New and modified: 0

[07/Oct/2023:11:30:09] DELETING ACCOUNTS (JobID: fd8e9221-5cd8-47bf-806d-9365c056f1d2)
 - Deleted: 0

[07/Oct/2023:11:30:42] UPDATING PRODUCTS (JobID: 4058b290-91dd-4bd1-bbba-58820c9d13de)
 - New and modified: 0

[07/Oct/2023:11:30:45] UPDATING PREPAGATI (JobID: 4b067b02-1978-4794-b959-ae4a73dbc5f6)
 - New and modified: 0

[07/Oct/2023:11:30:45] DELETING PREPAGATI (JobID: 4b067b02-1978-4794-b959-ae4a73dbc5f6)
 - Deleted: 0

[07/Oct/2023:12:00:04] UPDATING ACCOUNTS (JobID: e74623bd-86c1-4185-b305-04e0ffa7ebea)
 - New and modified: 0

[07/Oct/2023:12:00:04] DELETING ACCOUNTS (JobID: e74623bd-86c1-4185-b305-04e0ffa7ebea)
 - Deleted: 0

[07/Oct/2023:12:00:37] UPDATING PRODUCTS (JobID: d2c05137-be0b-4058-9a87-80ff2bc33edc)
 - New and modified: 0

[07/Oct/2023:12:00:39] UPDATING PREPAGATI (JobID: a62f16e3-7eaf-484a-9e45-1b61e3a90d0a)
 - New and modified: 0

[07/Oct/2023:12:00:39] DELETING PREPAGATI (JobID: a62f16e3-7eaf-484a-9e45-1b61e3a90d0a)
 - Deleted: 0

[07/Oct/2023:12:30:04] UPDATING ACCOUNTS (JobID: b6993252-34c4-400f-873c-6a5932169ae4)
 - New and modified: 0

[07/Oct/2023:12:30:04] DELETING ACCOUNTS (JobID: b6993252-34c4-400f-873c-6a5932169ae4)
 - Deleted: 0

[07/Oct/2023:12:30:35] UPDATING PRODUCTS (JobID: 7f132d16-a04a-4ee3-adda-78e8357b928f)
 - New and modified: 0

[07/Oct/2023:12:30:37] UPDATING PREPAGATI (JobID: 47eeb22a-16bb-4342-9fb2-cc4881fd534e)
 - New and modified: 0

[07/Oct/2023:12:30:37] DELETING PREPAGATI (JobID: 47eeb22a-16bb-4342-9fb2-cc4881fd534e)
 - Deleted: 0

[07/Oct/2023:13:00:09] UPDATING ACCOUNTS (JobID: 73008401-d4e7-4023-8e5d-13dbc71cda27)
 - New and modified: 0

[07/Oct/2023:13:00:09] DELETING ACCOUNTS (JobID: 73008401-d4e7-4023-8e5d-13dbc71cda27)
 - Deleted: 0

[07/Oct/2023:13:00:41] UPDATING PRODUCTS (JobID: 49ca590b-4b23-4930-a491-c287bd09106c)
 - New and modified: 0

[07/Oct/2023:13:00:44] UPDATING PREPAGATI (JobID: 2e55d32d-76d8-4de1-8d8f-8f9ef1d202be)
 - New and modified: 0

[07/Oct/2023:13:00:44] DELETING PREPAGATI (JobID: 2e55d32d-76d8-4de1-8d8f-8f9ef1d202be)
 - Deleted: 0

[07/Oct/2023:13:30:08] UPDATING ACCOUNTS (JobID: 9db5a48f-335c-4983-a1d7-fc063266ec07)
 - New and modified: 0

[07/Oct/2023:13:30:08] DELETING ACCOUNTS (JobID: 9db5a48f-335c-4983-a1d7-fc063266ec07)
 - Deleted: 0

[07/Oct/2023:13:30:38] UPDATING PRODUCTS (JobID: 33ccae87-fb72-4b57-9c19-bccfd5a67b64)
 - New and modified: 0

[07/Oct/2023:13:30:42] UPDATING PREPAGATI (JobID: 12584286-7e73-4669-add9-7d37307b0865)
 - New and modified: 0

[07/Oct/2023:13:30:42] DELETING PREPAGATI (JobID: 12584286-7e73-4669-add9-7d37307b0865)
 - Deleted: 0

[07/Oct/2023:15:00:09] UPDATING ACCOUNTS (JobID: ff493b25-4d4a-4cdb-8c10-03531e58ddff)
 - New and modified: 0

[07/Oct/2023:15:00:09] DELETING ACCOUNTS (JobID: ff493b25-4d4a-4cdb-8c10-03531e58ddff)
 - Deleted: 0

[07/Oct/2023:15:00:43] UPDATING PRODUCTS (JobID: 12d719b2-d5c1-44ed-b437-ea23423d3bba)
 - New and modified: 0

[07/Oct/2023:15:00:47] UPDATING PREPAGATI (JobID: 01c07505-b7e4-4516-98fa-1d63764b7587)
 - New and modified: 0

[07/Oct/2023:15:00:47] DELETING PREPAGATI (JobID: 01c07505-b7e4-4516-98fa-1d63764b7587)
 - Deleted: 0

[07/Oct/2023:15:30:04] UPDATING ACCOUNTS (JobID: 68b9c510-0750-4586-a3a7-22ac9840fb49)
 - New and modified: 0

[07/Oct/2023:15:30:04] DELETING ACCOUNTS (JobID: 68b9c510-0750-4586-a3a7-22ac9840fb49)
 - Deleted: 0

[07/Oct/2023:15:30:35] UPDATING PRODUCTS (JobID: 76cb1f99-e199-4ecc-8cdd-6a9e9f92ccb4)
 - New and modified: 0

[07/Oct/2023:15:30:37] UPDATING PREPAGATI (JobID: bdaebdc9-908d-4348-816c-cc0a8731589b)
 - New and modified: 0

[07/Oct/2023:15:30:37] DELETING PREPAGATI (JobID: bdaebdc9-908d-4348-816c-cc0a8731589b)
 - Deleted: 0

[07/Oct/2023:16:00:04] UPDATING ACCOUNTS (JobID: 75dcf903-4541-4a24-81fa-1e45b833eff9)
 - New and modified: 0

[07/Oct/2023:16:00:04] DELETING ACCOUNTS (JobID: 75dcf903-4541-4a24-81fa-1e45b833eff9)
 - Deleted: 0

[07/Oct/2023:16:00:35] UPDATING PRODUCTS (JobID: 2ee3c467-1682-4681-a9c7-4dcad13711a3)
 - New and modified: 0

[07/Oct/2023:16:00:37] UPDATING PREPAGATI (JobID: 0808f7ab-3fdf-4d3c-baff-cba00cb37b66)
 - New and modified: 0

[07/Oct/2023:16:00:37] DELETING PREPAGATI (JobID: 0808f7ab-3fdf-4d3c-baff-cba00cb37b66)
 - Deleted: 0

[07/Oct/2023:16:30:09] UPDATING ACCOUNTS (JobID: 61ae50f1-5960-433c-aab3-f357c78f29b8)
 - New and modified: 0

[07/Oct/2023:16:30:09] DELETING ACCOUNTS (JobID: 61ae50f1-5960-433c-aab3-f357c78f29b8)
 - Deleted: 0

[07/Oct/2023:16:30:39] UPDATING PRODUCTS (JobID: bb3ac73d-9db6-47b1-a99f-a3f0cb22c778)
 - New and modified: 0

[07/Oct/2023:16:30:42] UPDATING PREPAGATI (JobID: 566ab0c8-459f-48e4-bbe4-820f3a75ae6c)
 - New and modified: 0

[07/Oct/2023:16:30:42] DELETING PREPAGATI (JobID: 566ab0c8-459f-48e4-bbe4-820f3a75ae6c)
 - Deleted: 0

[07/Oct/2023:17:00:10] UPDATING ACCOUNTS (JobID: 2defef39-e320-4c44-abcc-63dc6b7eaaeb)
 - New and modified: 0

[07/Oct/2023:17:00:10] DELETING ACCOUNTS (JobID: 2defef39-e320-4c44-abcc-63dc6b7eaaeb)
 - Deleted: 0

[07/Oct/2023:17:00:43] UPDATING PRODUCTS (JobID: f3ffd21f-a34a-4c5f-9cb0-c75a37b350f6)
 - New and modified: 0

[07/Oct/2023:17:00:46] UPDATING PREPAGATI (JobID: 98b8ec33-0fe7-47b1-849f-7cab3f4ea011)
 - New and modified: 0

[07/Oct/2023:17:00:46] DELETING PREPAGATI (JobID: 98b8ec33-0fe7-47b1-849f-7cab3f4ea011)
 - Deleted: 0

[07/Oct/2023:17:30:04] UPDATING ACCOUNTS (JobID: 4cfc7d6a-3312-42d1-9ba6-884b49466099)
 - New and modified: 0

[07/Oct/2023:17:30:04] DELETING ACCOUNTS (JobID: 4cfc7d6a-3312-42d1-9ba6-884b49466099)
 - Deleted: 0

[07/Oct/2023:17:30:35] UPDATING PRODUCTS (JobID: 78272f63-ccb3-4d10-b18d-2cb2d10156f6)
 - New and modified: 0

[07/Oct/2023:17:30:37] UPDATING PREPAGATI (JobID: 3e01fbf2-9526-4d05-a1c9-7222b834fcdb)
 - New and modified: 0

[07/Oct/2023:17:30:37] DELETING PREPAGATI (JobID: 3e01fbf2-9526-4d05-a1c9-7222b834fcdb)
 - Deleted: 0

[07/Oct/2023:18:00:13] UPDATING ACCOUNTS (JobID: 62b241c1-397f-4578-867d-e5787106f627)
 - New and modified: 0

[07/Oct/2023:18:00:13] DELETING ACCOUNTS (JobID: 62b241c1-397f-4578-867d-e5787106f627)
 - Deleted: 0

[07/Oct/2023:18:00:48] UPDATING PRODUCTS (JobID: 5d2d3c3e-99b6-4499-b98a-9b361acf6ace)
 - New and modified: 0

[07/Oct/2023:18:00:52] UPDATING PREPAGATI (JobID: e9971c76-2ce5-4886-a3f1-9fba7b6d9bac)
 - New and modified: 0

[07/Oct/2023:18:00:52] DELETING PREPAGATI (JobID: e9971c76-2ce5-4886-a3f1-9fba7b6d9bac)
 - Deleted: 0

[07/Oct/2023:18:30:09] UPDATING ACCOUNTS (JobID: 732a74ff-1e26-4952-b088-2808eb85aa68)
 - New and modified: 0

[07/Oct/2023:18:30:09] DELETING ACCOUNTS (JobID: 732a74ff-1e26-4952-b088-2808eb85aa68)
 - Deleted: 0

[07/Oct/2023:18:30:41] UPDATING PRODUCTS (JobID: 6c8769d9-8360-463f-8a21-a514ef731f0c)
 - New and modified: 0

[07/Oct/2023:18:30:44] UPDATING PREPAGATI (JobID: fc0ce358-6ab7-4e38-8691-3d95a174120f)
 - New and modified: 0

[07/Oct/2023:18:30:44] DELETING PREPAGATI (JobID: fc0ce358-6ab7-4e38-8691-3d95a174120f)
 - Deleted: 0

[07/Oct/2023:19:00:04] UPDATING ACCOUNTS (JobID: 7f33f3ab-5e8e-4d55-a491-744256843418)
 - New and modified: 0

[07/Oct/2023:19:00:04] DELETING ACCOUNTS (JobID: 7f33f3ab-5e8e-4d55-a491-744256843418)
 - Deleted: 0

[07/Oct/2023:19:00:36] UPDATING PRODUCTS (JobID: fe24256a-4322-4d38-a1c7-1d253894f731)
 - New and modified: 0

[07/Oct/2023:19:00:38] UPDATING PREPAGATI (JobID: 3f8b8d0b-98bf-4655-a8ec-d99b1a403270)
 - New and modified: 0

[07/Oct/2023:19:00:38] DELETING PREPAGATI (JobID: 3f8b8d0b-98bf-4655-a8ec-d99b1a403270)
 - Deleted: 0

[07/Oct/2023:19:30:04] UPDATING ACCOUNTS (JobID: c055d2ef-8657-405a-9f5d-0d21b709fc8a)
 - New and modified: 0

[07/Oct/2023:19:30:04] DELETING ACCOUNTS (JobID: c055d2ef-8657-405a-9f5d-0d21b709fc8a)
 - Deleted: 0

[07/Oct/2023:19:30:36] UPDATING PRODUCTS (JobID: 826418f4-270f-4f01-a79c-0b9a1e0eb596)
 - New and modified: 0

[07/Oct/2023:19:30:38] UPDATING PREPAGATI (JobID: 0c6dcbf0-1790-431b-9c48-e7752807badf)
 - New and modified: 0

[07/Oct/2023:19:30:38] DELETING PREPAGATI (JobID: 0c6dcbf0-1790-431b-9c48-e7752807badf)
 - Deleted: 0

[07/Oct/2023:20:00:09] UPDATING ACCOUNTS (JobID: 0493c42f-b16b-43b5-ad40-c8c40d08dab3)
 - New and modified: 0

[07/Oct/2023:20:00:09] DELETING ACCOUNTS (JobID: 0493c42f-b16b-43b5-ad40-c8c40d08dab3)
 - Deleted: 0

[07/Oct/2023:20:00:40] UPDATING PRODUCTS (JobID: 8bfa86bf-9654-476e-89af-498194514b88)
 - New and modified: 0

[07/Oct/2023:20:00:43] UPDATING PREPAGATI (JobID: 32e2f975-0f3c-4aac-bad7-aac06ff22479)
 - New and modified: 0

[07/Oct/2023:20:00:43] DELETING PREPAGATI (JobID: 32e2f975-0f3c-4aac-bad7-aac06ff22479)
 - Deleted: 0

[07/Oct/2023:20:30:04] UPDATING ACCOUNTS (JobID: 1da28e05-4504-4f0e-b0eb-2ad1c163a4a2)
 - New and modified: 0

[07/Oct/2023:20:30:04] DELETING ACCOUNTS (JobID: 1da28e05-4504-4f0e-b0eb-2ad1c163a4a2)
 - Deleted: 0

[07/Oct/2023:20:30:43] UPDATING PRODUCTS (JobID: ae114f88-8a65-4eb2-a6ca-ee0de10ab65c)
 - New and modified: 0

[07/Oct/2023:20:30:45] UPDATING PREPAGATI (JobID: 228bf330-8e4d-4f24-b749-1078d758e7d0)
 - New and modified: 0

[07/Oct/2023:20:30:45] DELETING PREPAGATI (JobID: 228bf330-8e4d-4f24-b749-1078d758e7d0)
 - Deleted: 0

[07/Oct/2023:21:00:04] UPDATING ACCOUNTS (JobID: 7031bf04-572d-4794-8244-bc7aefbb74e5)
 - New and modified: 0

[07/Oct/2023:21:00:04] DELETING ACCOUNTS (JobID: 7031bf04-572d-4794-8244-bc7aefbb74e5)
 - Deleted: 0

[07/Oct/2023:21:00:35] UPDATING PRODUCTS (JobID: 49a1e79a-5252-498d-8620-41ca11d65d75)
 - New and modified: 0

[07/Oct/2023:21:00:37] UPDATING PREPAGATI (JobID: 5973805d-09f6-45b4-a3e2-67878cff15e9)
 - New and modified: 0

[07/Oct/2023:21:00:37] DELETING PREPAGATI (JobID: 5973805d-09f6-45b4-a3e2-67878cff15e9)
 - Deleted: 0

[07/Oct/2023:21:30:04] UPDATING ACCOUNTS (JobID: d762c1df-d879-41b9-b5b3-4dcf7237d8b0)
 - New and modified: 0

[07/Oct/2023:21:30:04] DELETING ACCOUNTS (JobID: d762c1df-d879-41b9-b5b3-4dcf7237d8b0)
 - Deleted: 0

[07/Oct/2023:21:30:36] UPDATING PRODUCTS (JobID: e230ecc5-fa7a-4757-a13e-40afd9bcd0bc)
 - New and modified: 0

[07/Oct/2023:21:30:38] UPDATING PREPAGATI (JobID: a1a527dd-80d9-4a4f-b653-1a15efbd8b6b)
 - New and modified: 0

[07/Oct/2023:21:30:38] DELETING PREPAGATI (JobID: a1a527dd-80d9-4a4f-b653-1a15efbd8b6b)
 - Deleted: 0

[07/Oct/2023:22:00:04] UPDATING ACCOUNTS (JobID: 29b4b1a9-c154-4c71-901f-ccdb806effb3)
 - New and modified: 0

[07/Oct/2023:22:00:04] DELETING ACCOUNTS (JobID: 29b4b1a9-c154-4c71-901f-ccdb806effb3)
 - Deleted: 0

[07/Oct/2023:22:00:38] UPDATING PRODUCTS (JobID: 5f9fe7c7-463d-498b-af1c-ee687189c953)
 - New and modified: 0

[07/Oct/2023:22:00:40] UPDATING PREPAGATI (JobID: 57184336-c12e-4668-aaa8-36e258a75998)
 - New and modified: 0

[07/Oct/2023:22:00:40] DELETING PREPAGATI (JobID: 57184336-c12e-4668-aaa8-36e258a75998)
 - Deleted: 0

[07/Oct/2023:22:30:09] UPDATING ACCOUNTS (JobID: 32019b2d-53c4-4862-bc6a-52716bc76605)
 - New and modified: 0

[07/Oct/2023:22:30:09] DELETING ACCOUNTS (JobID: 32019b2d-53c4-4862-bc6a-52716bc76605)
 - Deleted: 0

[07/Oct/2023:22:30:42] UPDATING PRODUCTS (JobID: e7dff271-53a0-46e9-97f1-f91c2b8a08d6)
 - New and modified: 0

[07/Oct/2023:22:30:45] UPDATING PREPAGATI (JobID: ad8abe15-e5d1-4a36-b3ab-bdcd15122e2a)
 - New and modified: 0

[07/Oct/2023:22:30:45] DELETING PREPAGATI (JobID: ad8abe15-e5d1-4a36-b3ab-bdcd15122e2a)
 - Deleted: 0

[07/Oct/2023:23:30:08] UPDATING ACCOUNTS (JobID: 90deb284-e56a-42e7-b187-ddc9ad82cb67)
 - New and modified: 0

[07/Oct/2023:23:30:08] DELETING ACCOUNTS (JobID: 90deb284-e56a-42e7-b187-ddc9ad82cb67)
 - Deleted: 0

[07/Oct/2023:23:30:40] UPDATING PRODUCTS (JobID: 8f9ba660-b763-48b9-8bac-7a34a2632ba2)
 - New and modified: 0

[07/Oct/2023:23:30:43] UPDATING PREPAGATI (JobID: 00f151da-d860-467e-8492-5d3f40aac95d)
 - New and modified: 0

[07/Oct/2023:23:30:43] DELETING PREPAGATI (JobID: 00f151da-d860-467e-8492-5d3f40aac95d)
 - Deleted: 0

