[27/Sep/2023:00:00:04] UPDATING ACCOUNTS (JobID: 5eda7668-ffa6-48a0-a821-81cb30ed2bd8)
 - New and modified: 0

[27/Sep/2023:00:00:04] DELETING ACCOUNTS (JobID: 5eda7668-ffa6-48a0-a821-81cb30ed2bd8)
 - Deleted: 0

[27/Sep/2023:00:00:35] UPDATING PRODUCTS (JobID: 87c62907-8a50-4632-a3b0-a869415573ab)
 - New and modified: 0

[27/Sep/2023:00:00:36] UPDATING PREPAGATI (JobID: b37bb766-d8fa-4915-85cf-569c07b46821)
 - New and modified: 0

[27/Sep/2023:00:00:36] DELETING PREPAGATI (JobID: b37bb766-d8fa-4915-85cf-569c07b46821)
 - Deleted: 0

[27/Sep/2023:00:30:10] UPDATING ACCOUNTS (JobID: da976501-fa16-470f-9647-fcdf6a40cf07)
 - New and modified: 0

[27/Sep/2023:00:30:10] DELETING ACCOUNTS (JobID: da976501-fa16-470f-9647-fcdf6a40cf07)
 - Deleted: 0

[27/Sep/2023:00:30:43] UPDATING PRODUCTS (JobID: fa56ea5e-2153-4539-a070-bef9099a2e8b)
 - New and modified: 0

[27/Sep/2023:00:30:47] UPDATING PREPAGATI (JobID: b6be6d04-bddc-41fc-9b8e-3690f3bbdd61)
 - New and modified: 0

[27/Sep/2023:00:30:47] DELETING PREPAGATI (JobID: b6be6d04-bddc-41fc-9b8e-3690f3bbdd61)
 - Deleted: 0

[27/Sep/2023:01:00:09] UPDATING ACCOUNTS (JobID: 79aca61f-e780-4431-9094-b8c4b065ef75)
 - New and modified: 0

[27/Sep/2023:01:00:09] DELETING ACCOUNTS (JobID: 79aca61f-e780-4431-9094-b8c4b065ef75)
 - Deleted: 0

[27/Sep/2023:01:00:44] UPDATING PRODUCTS (JobID: 73feeec0-c91a-40cd-aa6f-c3d419bf6014)
 - New and modified: 0

[27/Sep/2023:01:00:47] UPDATING PREPAGATI (JobID: 0757d126-8112-4de6-ba1d-eac72de76d7d)
 - New and modified: 0

[27/Sep/2023:01:00:47] DELETING PREPAGATI (JobID: 0757d126-8112-4de6-ba1d-eac72de76d7d)
 - Deleted: 0

[27/Sep/2023:01:30:07] UPDATING ACCOUNTS (JobID: ef0c1207-561b-4601-88ae-b5d1fb3a6695)
 - New and modified: 0

[27/Sep/2023:01:30:07] DELETING ACCOUNTS (JobID: ef0c1207-561b-4601-88ae-b5d1fb3a6695)
 - Deleted: 0

[27/Sep/2023:01:30:32] UPDATING PRODUCTS (JobID: 140127f9-c7c7-4d69-87b8-564b627b756f)
 - New and modified: 0

[27/Sep/2023:01:30:35] UPDATING PREPAGATI (JobID: c019f1b9-38c8-4fa7-b50b-eaee56fe33ef)
 - New and modified: 0

[27/Sep/2023:01:30:35] DELETING PREPAGATI (JobID: c019f1b9-38c8-4fa7-b50b-eaee56fe33ef)
 - Deleted: 0

[27/Sep/2023:02:00:10] UPDATING ACCOUNTS (JobID: b0904497-2107-4134-bb5a-eb2a52f0e498)
 - New and modified: 0

[27/Sep/2023:02:00:10] DELETING ACCOUNTS (JobID: b0904497-2107-4134-bb5a-eb2a52f0e498)
 - Deleted: 0

[27/Sep/2023:02:00:43] UPDATING PRODUCTS (JobID: 06971d82-40b1-415e-9031-a7a8e166a068)
 - New and modified: 0

[27/Sep/2023:02:00:47] UPDATING PREPAGATI (JobID: 71127a68-023e-4942-9adf-e34d2ffafafd)
 - New and modified: 0

[27/Sep/2023:02:00:47] DELETING PREPAGATI (JobID: 71127a68-023e-4942-9adf-e34d2ffafafd)
 - Deleted: 0

[27/Sep/2023:02:30:08] UPDATING ACCOUNTS (JobID: 54656579-6fdf-4f2f-b8df-6e1a76d754bb)
 - New and modified: 0

[27/Sep/2023:02:30:08] DELETING ACCOUNTS (JobID: 54656579-6fdf-4f2f-b8df-6e1a76d754bb)
 - Deleted: 0

[27/Sep/2023:02:30:42] UPDATING PRODUCTS (JobID: bad15878-39da-4194-aeef-daf7940ed51c)
 - New and modified: 0

[27/Sep/2023:02:30:45] UPDATING PREPAGATI (JobID: 3b5d7929-5963-48bb-91d9-5f29560aab1c)
 - New and modified: 0

[27/Sep/2023:02:30:45] DELETING PREPAGATI (JobID: 3b5d7929-5963-48bb-91d9-5f29560aab1c)
 - Deleted: 0

[27/Sep/2023:03:00:09] UPDATING ACCOUNTS (JobID: 4218d56d-af9d-420a-9074-497768bafee3)
 - New and modified: 0

[27/Sep/2023:03:00:09] DELETING ACCOUNTS (JobID: 4218d56d-af9d-420a-9074-497768bafee3)
 - Deleted: 0

[27/Sep/2023:03:00:39] UPDATING PRODUCTS (JobID: 974e0080-8df4-4215-9fd7-3c9420300926)
 - New and modified: 0

[27/Sep/2023:03:00:43] UPDATING PREPAGATI (JobID: 14eb28fa-efa0-45ec-be58-0c18456c45f4)
 - New and modified: 0

[27/Sep/2023:03:00:43] DELETING PREPAGATI (JobID: 14eb28fa-efa0-45ec-be58-0c18456c45f4)
 - Deleted: 0

[27/Sep/2023:03:30:04] UPDATING ACCOUNTS (JobID: 640a3f71-2028-4743-8133-c3e2318bc940)
 - New and modified: 0

[27/Sep/2023:03:30:04] DELETING ACCOUNTS (JobID: 640a3f71-2028-4743-8133-c3e2318bc940)
 - Deleted: 0

[27/Sep/2023:03:30:35] UPDATING PRODUCTS (JobID: 28d6785b-efec-4e85-8d7b-0862e097e287)
 - New and modified: 0

[27/Sep/2023:03:30:37] UPDATING PREPAGATI (JobID: 032608b7-f1b8-4531-81c2-ba061ead66bd)
 - New and modified: 0

[27/Sep/2023:03:30:37] DELETING PREPAGATI (JobID: 032608b7-f1b8-4531-81c2-ba061ead66bd)
 - Deleted: 0

[27/Sep/2023:04:30:07] UPDATING ACCOUNTS (JobID: 63816d03-61c5-4a32-b02f-5dc21d3b9855)
 - New and modified: 0

[27/Sep/2023:04:30:07] DELETING ACCOUNTS (JobID: 63816d03-61c5-4a32-b02f-5dc21d3b9855)
 - Deleted: 0

[27/Sep/2023:04:30:37] UPDATING PRODUCTS (JobID: 1e2287f9-ae1c-4557-ad27-b31616e21486)
 - New and modified: 0

[27/Sep/2023:04:30:40] UPDATING PREPAGATI (JobID: f23e5551-606c-4030-8fc0-ce03e7a681dd)
 - New and modified: 0

[27/Sep/2023:04:30:40] DELETING PREPAGATI (JobID: f23e5551-606c-4030-8fc0-ce03e7a681dd)
 - Deleted: 0

[27/Sep/2023:05:30:08] UPDATING ACCOUNTS (JobID: db5e484d-cc22-4680-8fbf-03c93e28ca25)
 - New and modified: 0

[27/Sep/2023:05:30:08] DELETING ACCOUNTS (JobID: db5e484d-cc22-4680-8fbf-03c93e28ca25)
 - Deleted: 0

[27/Sep/2023:05:30:39] UPDATING PRODUCTS (JobID: aa68a9b6-45e9-47d9-a0c0-833349d742bf)
 - New and modified: 0

[27/Sep/2023:05:30:42] UPDATING PREPAGATI (JobID: 6fd19ac4-b77f-4ebe-bea4-d816572978d2)
 - New and modified: 0

[27/Sep/2023:05:30:42] DELETING PREPAGATI (JobID: 6fd19ac4-b77f-4ebe-bea4-d816572978d2)
 - Deleted: 0

[27/Sep/2023:06:00:09] UPDATING ACCOUNTS (JobID: 12b97369-5231-403b-93de-99776cf40d05)
 - New and modified: 0

[27/Sep/2023:06:00:09] DELETING ACCOUNTS (JobID: 12b97369-5231-403b-93de-99776cf40d05)
 - Deleted: 0

[27/Sep/2023:06:00:40] UPDATING PRODUCTS (JobID: 4e3fd3f8-9523-4811-9cc3-f14e075540df)
 - New and modified: 0

[27/Sep/2023:06:00:43] UPDATING PREPAGATI (JobID: f8c6ef88-2902-4c8d-87a2-f98e49ea26eb)
 - New and modified: 0

[27/Sep/2023:06:00:43] DELETING PREPAGATI (JobID: f8c6ef88-2902-4c8d-87a2-f98e49ea26eb)
 - Deleted: 0

[27/Sep/2023:06:30:09] UPDATING ACCOUNTS (JobID: 5d1b5806-e694-4e44-9047-d5d271e9dbeb)
 - New and modified: 0

[27/Sep/2023:06:30:09] DELETING ACCOUNTS (JobID: 5d1b5806-e694-4e44-9047-d5d271e9dbeb)
 - Deleted: 0

[27/Sep/2023:06:30:42] UPDATING PRODUCTS (JobID: 89275edb-ec7c-4830-92f9-9fd2d794e256)
 - New and modified: 0

[27/Sep/2023:06:30:45] UPDATING PREPAGATI (JobID: 2b7477f2-b8c0-4305-a742-8b0e1500076e)
 - New and modified: 0

[27/Sep/2023:06:30:45] DELETING PREPAGATI (JobID: 2b7477f2-b8c0-4305-a742-8b0e1500076e)
 - Deleted: 0

[27/Sep/2023:07:00:19] UPDATING ACCOUNTS (JobID: ee1fc71b-bf45-440a-9b04-914d3dfe3848)
 - New and modified: 0

[27/Sep/2023:07:00:19] DELETING ACCOUNTS (JobID: ee1fc71b-bf45-440a-9b04-914d3dfe3848)
 - Deleted: 0

[27/Sep/2023:07:00:53] UPDATING PRODUCTS (JobID: 8ccdf5f7-59e2-4e5f-9d81-a36ab9e70a7a)
 - New and modified: 0

[27/Sep/2023:07:00:54] UPDATING PREPAGATI (JobID: 473e0df4-e990-479f-a48b-4f08c20947cc)
 - New and modified: 0

[27/Sep/2023:07:00:54] DELETING PREPAGATI (JobID: 473e0df4-e990-479f-a48b-4f08c20947cc)
 - Deleted: 0

[27/Sep/2023:07:30:09] UPDATING ACCOUNTS (JobID: a76b5813-323d-4236-b990-e86198e6be54)
 - New and modified: 0

[27/Sep/2023:07:30:09] DELETING ACCOUNTS (JobID: a76b5813-323d-4236-b990-e86198e6be54)
 - Deleted: 0

[27/Sep/2023:07:30:42] UPDATING PRODUCTS (JobID: 235d9d01-2080-48bb-9389-3ffdc2c21a6d)
 - New and modified: 0

[27/Sep/2023:07:30:45] UPDATING PREPAGATI (JobID: 6aa63826-e8f6-457e-b7fb-25d584fbf748)
 - New and modified: 0

[27/Sep/2023:07:30:45] DELETING PREPAGATI (JobID: 6aa63826-e8f6-457e-b7fb-25d584fbf748)
 - Deleted: 0

[27/Sep/2023:08:00:04] UPDATING ACCOUNTS (JobID: 9ea841eb-d904-4d6a-94da-261515a3484e)
 - New and modified: 0

[27/Sep/2023:08:00:04] DELETING ACCOUNTS (JobID: 9ea841eb-d904-4d6a-94da-261515a3484e)
 - Deleted: 0

[27/Sep/2023:08:00:38] UPDATING PRODUCTS (JobID: 4617d429-3ac6-4e23-a006-ee8cfea9fe1f)
 - New and modified: 0

[27/Sep/2023:08:00:40] UPDATING PREPAGATI (JobID: f3abdb01-1b1e-4e53-af3b-5d4f7525945f)
 - New and modified: 0

[27/Sep/2023:08:00:40] DELETING PREPAGATI (JobID: f3abdb01-1b1e-4e53-af3b-5d4f7525945f)
 - Deleted: 0

[27/Sep/2023:08:30:04] UPDATING ACCOUNTS (JobID: 609005ad-96e6-4102-a25b-6c959996691c)
 - New and modified: 0

[27/Sep/2023:08:30:04] DELETING ACCOUNTS (JobID: 609005ad-96e6-4102-a25b-6c959996691c)
 - Deleted: 0

[27/Sep/2023:08:30:38] UPDATING PRODUCTS (JobID: 1f1555ee-eba2-44da-b0b1-a11eee62d524)
 - New and modified: 0

[27/Sep/2023:08:30:40] UPDATING PREPAGATI (JobID: 9cda8f92-78e6-42db-ae5c-e24fb7da584f)
 - New and modified: 0

[27/Sep/2023:08:30:40] DELETING PREPAGATI (JobID: 9cda8f92-78e6-42db-ae5c-e24fb7da584f)
 - Deleted: 0

[27/Sep/2023:09:00:09] UPDATING ACCOUNTS (JobID: 0b0ceab7-d354-47e7-98b3-6127bbdc9871)
 - New and modified: 0

[27/Sep/2023:09:00:09] DELETING ACCOUNTS (JobID: 0b0ceab7-d354-47e7-98b3-6127bbdc9871)
 - Deleted: 0

[27/Sep/2023:09:00:41] UPDATING PRODUCTS (JobID: 55a42d2b-c5cf-4942-acc7-40b4162e2eae)
 - New and modified: 0

[27/Sep/2023:09:00:45] UPDATING PREPAGATI (JobID: aedc6089-5d4e-4cab-9af3-ed22f388bcd3)
 - New and modified: 0

[27/Sep/2023:09:00:45] DELETING PREPAGATI (JobID: aedc6089-5d4e-4cab-9af3-ed22f388bcd3)
 - Deleted: 0

[27/Sep/2023:09:30:04] UPDATING ACCOUNTS (JobID: ea05cf4e-9ad2-4e59-8934-3310624328bf)
 - New and modified: 0

[27/Sep/2023:09:30:04] DELETING ACCOUNTS (JobID: ea05cf4e-9ad2-4e59-8934-3310624328bf)
 - Deleted: 0

[27/Sep/2023:09:30:36] UPDATING PRODUCTS (JobID: 73184666-0afa-4df5-97e6-5c1bcf1d54c4)
 - New and modified: 0

[27/Sep/2023:09:30:39] UPDATING PREPAGATI (JobID: 260b6db9-b412-4c45-b8e4-12d9dbe1520d)
 - New and modified: 0

[27/Sep/2023:09:30:39] DELETING PREPAGATI (JobID: 260b6db9-b412-4c45-b8e4-12d9dbe1520d)
 - Deleted: 0

[27/Sep/2023:10:00:05] UPDATING ACCOUNTS (JobID: 2cb5849a-a82f-484e-adfe-ef8429e7858d)
 - New and modified: 0

[27/Sep/2023:10:00:05] DELETING ACCOUNTS (JobID: 2cb5849a-a82f-484e-adfe-ef8429e7858d)
 - Deleted: 0

[27/Sep/2023:10:00:38] UPDATING PRODUCTS (JobID: 4deb2b8a-361e-400f-85e0-9efdc63eb3c7)
 - New and modified: 0

[27/Sep/2023:10:00:39] UPDATING PREPAGATI (JobID: 0ab15906-f446-44a3-b02e-c380af7c3388)
 - New and modified: 0

[27/Sep/2023:10:00:39] DELETING PREPAGATI (JobID: 0ab15906-f446-44a3-b02e-c380af7c3388)
 - Deleted: 0

[27/Sep/2023:10:30:04] UPDATING ACCOUNTS (JobID: a32a1982-8c01-45a2-b799-c2ddd6217c97)
 - New and modified: 0

[27/Sep/2023:10:30:04] DELETING ACCOUNTS (JobID: a32a1982-8c01-45a2-b799-c2ddd6217c97)
 - Deleted: 0

[27/Sep/2023:10:30:36] UPDATING PRODUCTS (JobID: b57da996-53ca-441a-8874-8df9c052f306)
 - New and modified: 0

[27/Sep/2023:10:30:38] UPDATING PREPAGATI (JobID: 4bd9b485-665f-434a-a471-6189ed4c2e5c)
 - New and modified: 0

[27/Sep/2023:10:30:38] DELETING PREPAGATI (JobID: 4bd9b485-665f-434a-a471-6189ed4c2e5c)
 - Deleted: 0

[27/Sep/2023:12:00:08] UPDATING ACCOUNTS (JobID: 426f8a89-0edc-44f2-a418-b14cb629471c)
 - New and modified: 0

[27/Sep/2023:12:00:08] DELETING ACCOUNTS (JobID: 426f8a89-0edc-44f2-a418-b14cb629471c)
 - Deleted: 0

[27/Sep/2023:12:00:39] UPDATING PRODUCTS (JobID: 2375bf1b-5521-4dd4-be85-5388d230f6fa)
 - New and modified: 0

[27/Sep/2023:12:00:43] UPDATING PREPAGATI (JobID: 4e60d8d8-a25e-4aad-a4a6-c6c248a8fd6f)
 - New and modified: 0

[27/Sep/2023:12:00:43] DELETING PREPAGATI (JobID: 4e60d8d8-a25e-4aad-a4a6-c6c248a8fd6f)
 - Deleted: 0

[27/Sep/2023:12:30:04] UPDATING ACCOUNTS (JobID: 53131704-9596-43cc-965a-cbaf0aeac593)
 - New and modified: 0

[27/Sep/2023:12:30:04] DELETING ACCOUNTS (JobID: 53131704-9596-43cc-965a-cbaf0aeac593)
 - Deleted: 0

[27/Sep/2023:12:30:38] UPDATING PRODUCTS (JobID: 0a2f8400-b415-40a2-80bb-750b5c9e4cc2)
 - New and modified: 0

[27/Sep/2023:12:30:40] UPDATING PREPAGATI (JobID: ec8acda4-042f-4608-9335-26d28afe372a)
 - New and modified: 0

[27/Sep/2023:12:30:40] DELETING PREPAGATI (JobID: ec8acda4-042f-4608-9335-26d28afe372a)
 - Deleted: 0

[27/Sep/2023:13:00:09] UPDATING ACCOUNTS (JobID: b0960ea9-95b7-49c3-96d9-fd1bbc48251d)
 - New and modified: 0

[27/Sep/2023:13:00:09] DELETING ACCOUNTS (JobID: b0960ea9-95b7-49c3-96d9-fd1bbc48251d)
 - Deleted: 0

[27/Sep/2023:13:00:39] UPDATING PRODUCTS (JobID: a5d4a687-c16e-42d5-ab02-a2e9320f3597)
 - New and modified: 0

[27/Sep/2023:13:00:42] UPDATING PREPAGATI (JobID: 23fc66c0-c68a-4234-8d03-63a022005f7e)
 - New and modified: 0

[27/Sep/2023:13:00:42] DELETING PREPAGATI (JobID: 23fc66c0-c68a-4234-8d03-63a022005f7e)
 - Deleted: 0

[27/Sep/2023:13:30:07] UPDATING ACCOUNTS (JobID: f35c66b5-8256-4521-b780-3723e785ce4c)
 - New and modified: 0

[27/Sep/2023:13:30:07] DELETING ACCOUNTS (JobID: f35c66b5-8256-4521-b780-3723e785ce4c)
 - Deleted: 0

[27/Sep/2023:13:30:38] UPDATING PRODUCTS (JobID: f15b1fd3-64c3-4cf0-a42e-a997f8bb8e48)
 - New and modified: 0

[27/Sep/2023:13:30:42] UPDATING PREPAGATI (JobID: d69769d0-fbe2-4fd4-bebe-2078c86c3132)
 - New and modified: 0

[27/Sep/2023:13:30:42] DELETING PREPAGATI (JobID: d69769d0-fbe2-4fd4-bebe-2078c86c3132)
 - Deleted: 0

[27/Sep/2023:14:00:03] UPDATING ACCOUNTS (JobID: 9362c90a-296b-4101-b24c-a6b8aa2761d3)
 - New and modified: 0

[27/Sep/2023:14:00:03] DELETING ACCOUNTS (JobID: 9362c90a-296b-4101-b24c-a6b8aa2761d3)
 - Deleted: 0

[27/Sep/2023:14:00:35] UPDATING PRODUCTS (JobID: 1c1e378b-629c-4967-a5b8-407747bdf73c)
 - New and modified: 0

[27/Sep/2023:14:00:37] UPDATING PREPAGATI (JobID: 112b4b4c-c4c3-46b1-b962-e72d77cd0956)
 - New and modified: 0

[27/Sep/2023:14:00:37] DELETING PREPAGATI (JobID: 112b4b4c-c4c3-46b1-b962-e72d77cd0956)
 - Deleted: 0

[27/Sep/2023:14:30:09] UPDATING ACCOUNTS (JobID: ee09b12f-378f-40b2-909c-531874d4548c)
 - New and modified: 0

[27/Sep/2023:14:30:09] DELETING ACCOUNTS (JobID: ee09b12f-378f-40b2-909c-531874d4548c)
 - Deleted: 0

[27/Sep/2023:14:30:42] UPDATING PRODUCTS (JobID: 4bf9de1c-2373-4647-902e-b43d6d83cf2c)
 - New and modified: 0

[27/Sep/2023:14:30:45] UPDATING PREPAGATI (JobID: d01ada72-3508-4963-a37a-c4adc11c1adb)
 - New and modified: 0

[27/Sep/2023:14:30:45] DELETING PREPAGATI (JobID: d01ada72-3508-4963-a37a-c4adc11c1adb)
 - Deleted: 0

[27/Sep/2023:15:00:04] UPDATING ACCOUNTS (JobID: 462a2271-5c6a-4521-ae1e-bb1954bc4ab7)
 - New and modified: 0

[27/Sep/2023:15:00:04] DELETING ACCOUNTS (JobID: 462a2271-5c6a-4521-ae1e-bb1954bc4ab7)
 - Deleted: 0

[27/Sep/2023:15:00:34] UPDATING PRODUCTS (JobID: f98516ac-e03d-43d1-8a2d-d8a9193ba8d7)
 - New and modified: 0

[27/Sep/2023:15:00:43] UPDATING PREPAGATI (JobID: fa437b9f-d50b-4eda-92d6-dadc2b563b73)
 - New and modified: 0

[27/Sep/2023:15:00:43] DELETING PREPAGATI (JobID: fa437b9f-d50b-4eda-92d6-dadc2b563b73)
 - Deleted: 0

[27/Sep/2023:15:30:04] UPDATING ACCOUNTS (JobID: 25fe601b-dc5b-4ae0-9b93-15855343f211)
 - New and modified: 0

[27/Sep/2023:15:30:04] DELETING ACCOUNTS (JobID: 25fe601b-dc5b-4ae0-9b93-15855343f211)
 - Deleted: 0

[27/Sep/2023:15:30:36] UPDATING PRODUCTS (JobID: d407a2ff-9bdb-466f-a0e6-587f9ce814b3)
 - New and modified: 0

[27/Sep/2023:15:30:38] UPDATING PREPAGATI (JobID: 4e082f60-a359-409e-bf00-848753d03ce1)
 - New and modified: 0

[27/Sep/2023:15:30:38] DELETING PREPAGATI (JobID: 4e082f60-a359-409e-bf00-848753d03ce1)
 - Deleted: 0

[27/Sep/2023:16:30:08] UPDATING ACCOUNTS (JobID: 0b9669f2-1609-45f1-b4bb-8acd45bae391)
 - New and modified: 0

[27/Sep/2023:16:30:08] DELETING ACCOUNTS (JobID: 0b9669f2-1609-45f1-b4bb-8acd45bae391)
 - Deleted: 0

[27/Sep/2023:16:30:39] UPDATING PRODUCTS (JobID: 9a5fa774-3af1-4ef9-a683-9f1c55aab7ca)
 - New and modified: 0

[27/Sep/2023:16:30:42] UPDATING PREPAGATI (JobID: 07b2daa9-1f43-4089-93f0-ab05a7541708)
 - New and modified: 0

[27/Sep/2023:16:30:42] DELETING PREPAGATI (JobID: 07b2daa9-1f43-4089-93f0-ab05a7541708)
 - Deleted: 0

[27/Sep/2023:17:00:07] UPDATING ACCOUNTS (JobID: 611d736e-5d07-4e64-b786-1ebf451567f6)
 - New and modified: 0

[27/Sep/2023:17:00:07] DELETING ACCOUNTS (JobID: 611d736e-5d07-4e64-b786-1ebf451567f6)
 - Deleted: 0

[27/Sep/2023:17:00:39] UPDATING PRODUCTS (JobID: 593fdd7b-f5bf-4c05-99ff-f1bee997e46c)
 - New and modified: 0

[27/Sep/2023:17:00:42] UPDATING PREPAGATI (JobID: 57d5105c-4954-4b6d-be9d-27140af254ba)
 - New and modified: 0

[27/Sep/2023:17:00:42] DELETING PREPAGATI (JobID: 57d5105c-4954-4b6d-be9d-27140af254ba)
 - Deleted: 0

[27/Sep/2023:17:30:04] UPDATING ACCOUNTS (JobID: c68a208d-7d7c-498f-a87b-aaa4ce36c113)
 - New and modified: 0

[27/Sep/2023:17:30:04] DELETING ACCOUNTS (JobID: c68a208d-7d7c-498f-a87b-aaa4ce36c113)
 - Deleted: 0

[27/Sep/2023:17:30:38] UPDATING PRODUCTS (JobID: 56f4953a-652d-4ac3-90f1-281204800696)
 - New and modified: 0

[27/Sep/2023:17:30:40] UPDATING PREPAGATI (JobID: 40f4abec-2de6-45dc-9e1a-b0a08438141b)
 - New and modified: 0

[27/Sep/2023:17:30:40] DELETING PREPAGATI (JobID: 40f4abec-2de6-45dc-9e1a-b0a08438141b)
 - Deleted: 0

[27/Sep/2023:19:00:22] UPDATING ACCOUNTS (JobID: 8a603c79-6ab6-42bb-a6f3-c3e1362f0b2e)
 - New and modified: 0

[27/Sep/2023:19:00:22] DELETING ACCOUNTS (JobID: 8a603c79-6ab6-42bb-a6f3-c3e1362f0b2e)
 - Deleted: 0

[27/Sep/2023:19:00:56] UPDATING PRODUCTS (JobID: ceeb5570-f90b-4b66-addc-f6cf3fb0b920)
 - New and modified: 0

[27/Sep/2023:19:00:59] UPDATING PREPAGATI (JobID: 12470f9c-bb53-47cb-a9da-d11df54768f1)
 - New and modified: 0

[27/Sep/2023:19:00:59] DELETING PREPAGATI (JobID: 12470f9c-bb53-47cb-a9da-d11df54768f1)
 - Deleted: 0

[27/Sep/2023:19:30:04] UPDATING ACCOUNTS (JobID: ca5c08d8-76ca-4594-a0df-b8574d5a1108)
 - New and modified: 0

[27/Sep/2023:19:30:04] DELETING ACCOUNTS (JobID: ca5c08d8-76ca-4594-a0df-b8574d5a1108)
 - Deleted: 0

[27/Sep/2023:19:30:37] UPDATING PRODUCTS (JobID: 290fe4af-b107-43a4-b558-0abf60168dd4)
 - New and modified: 0

[27/Sep/2023:19:30:39] UPDATING PREPAGATI (JobID: 19a1badd-e0a0-4368-aa52-813f18340b6a)
 - New and modified: 0

[27/Sep/2023:19:30:39] DELETING PREPAGATI (JobID: 19a1badd-e0a0-4368-aa52-813f18340b6a)
 - Deleted: 0

[27/Sep/2023:20:00:09] UPDATING ACCOUNTS (JobID: ccd06561-763b-4cbd-b753-5d82bf5cf44e)
 - New and modified: 0

[27/Sep/2023:20:00:09] DELETING ACCOUNTS (JobID: ccd06561-763b-4cbd-b753-5d82bf5cf44e)
 - Deleted: 0

[27/Sep/2023:20:00:41] UPDATING PRODUCTS (JobID: ff2a2057-24cb-4aff-b462-2bb2a806e596)
 - New and modified: 0

[27/Sep/2023:20:00:44] UPDATING PREPAGATI (JobID: fc51dadb-0264-4473-8e6f-7520d2bd417b)
 - New and modified: 0

[27/Sep/2023:20:00:44] DELETING PREPAGATI (JobID: fc51dadb-0264-4473-8e6f-7520d2bd417b)
 - Deleted: 0

[27/Sep/2023:20:30:09] UPDATING ACCOUNTS (JobID: 1dd1028e-9cc3-4416-92bd-2348b7177da6)
 - New and modified: 0

[27/Sep/2023:20:30:09] DELETING ACCOUNTS (JobID: 1dd1028e-9cc3-4416-92bd-2348b7177da6)
 - Deleted: 0

[27/Sep/2023:20:30:42] UPDATING PRODUCTS (JobID: 06d57946-5f25-4b60-9ea0-a3aef43d965c)
 - New and modified: 0

[27/Sep/2023:20:30:45] UPDATING PREPAGATI (JobID: 2b470bbf-355c-45c5-ac1c-e9fae0ff55cc)
 - New and modified: 0

[27/Sep/2023:20:30:45] DELETING PREPAGATI (JobID: 2b470bbf-355c-45c5-ac1c-e9fae0ff55cc)
 - Deleted: 0

[27/Sep/2023:21:00:04] UPDATING ACCOUNTS (JobID: ea73bf2d-0391-4ee4-90e3-82513174ec6e)
 - New and modified: 0

[27/Sep/2023:21:00:04] DELETING ACCOUNTS (JobID: ea73bf2d-0391-4ee4-90e3-82513174ec6e)
 - Deleted: 0

[27/Sep/2023:21:00:36] UPDATING PRODUCTS (JobID: fb94e963-2fd1-4d1a-8384-288025e389ff)
 - New and modified: 0

[27/Sep/2023:21:00:38] UPDATING PREPAGATI (JobID: 58b634af-b36f-4e88-8f9d-b104057efb15)
 - New and modified: 0

[27/Sep/2023:21:00:38] DELETING PREPAGATI (JobID: 58b634af-b36f-4e88-8f9d-b104057efb15)
 - Deleted: 0

[27/Sep/2023:21:30:09] UPDATING ACCOUNTS (JobID: 65d44d1f-fb01-4f10-bc2a-16027d23ccbd)
 - New and modified: 0

[27/Sep/2023:21:30:09] DELETING ACCOUNTS (JobID: 65d44d1f-fb01-4f10-bc2a-16027d23ccbd)
 - Deleted: 0

[27/Sep/2023:21:30:42] UPDATING PRODUCTS (JobID: 71e0c5c9-f6ea-47e3-b7f8-166d9bec004a)
 - New and modified: 0

[27/Sep/2023:21:30:46] UPDATING PREPAGATI (JobID: 3a13a5b9-4935-4c43-94b6-d27605666016)
 - New and modified: 0

[27/Sep/2023:21:30:46] DELETING PREPAGATI (JobID: 3a13a5b9-4935-4c43-94b6-d27605666016)
 - Deleted: 0

[27/Sep/2023:22:00:09] UPDATING ACCOUNTS (JobID: e2f67254-4d37-42e3-9624-a59936262ff1)
 - New and modified: 0

[27/Sep/2023:22:00:09] DELETING ACCOUNTS (JobID: e2f67254-4d37-42e3-9624-a59936262ff1)
 - Deleted: 0

[27/Sep/2023:22:00:43] UPDATING PRODUCTS (JobID: 300478e8-205c-4d21-974d-59b393966c6f)
 - New and modified: 0

[27/Sep/2023:22:00:46] UPDATING PREPAGATI (JobID: cf2f5fc8-e3e1-4ea1-be6f-673167172f80)
 - New and modified: 0

[27/Sep/2023:22:00:46] DELETING PREPAGATI (JobID: cf2f5fc8-e3e1-4ea1-be6f-673167172f80)
 - Deleted: 0

[27/Sep/2023:22:30:11] UPDATING ACCOUNTS (JobID: 0e965652-7178-42de-acd0-833514398b2f)
 - New and modified: 0

[27/Sep/2023:22:30:11] DELETING ACCOUNTS (JobID: 0e965652-7178-42de-acd0-833514398b2f)
 - Deleted: 0

[27/Sep/2023:22:30:42] UPDATING PRODUCTS (JobID: e49a8d10-d498-4810-92f7-c6a95b25c502)
 - New and modified: 0

[27/Sep/2023:22:30:45] UPDATING PREPAGATI (JobID: 7d7e00f5-c9dd-4770-afb1-48575c32733b)
 - New and modified: 0

[27/Sep/2023:22:30:45] DELETING PREPAGATI (JobID: 7d7e00f5-c9dd-4770-afb1-48575c32733b)
 - Deleted: 0

