[06/Oct/2023:00:00:09] UPDATING ACCOUNTS (JobID: e234d585-6ca8-48a6-83c2-db02a3363b8a)
 - New and modified: 0

[06/Oct/2023:00:00:09] DELETING ACCOUNTS (JobID: e234d585-6ca8-48a6-83c2-db02a3363b8a)
 - Deleted: 0

[06/Oct/2023:00:00:42] UPDATING PRODUCTS (JobID: 2459087f-6fe7-4abc-b49e-c0bd7cd4a99e)
 - New and modified: 0

[06/Oct/2023:00:00:47] UPDATING PREPAGATI (JobID: 6fbe3f98-bae4-479d-ba51-4db56e0f4b7a)
 - New and modified: 0

[06/Oct/2023:00:00:47] DELETING PREPAGATI (JobID: 6fbe3f98-bae4-479d-ba51-4db56e0f4b7a)
 - Deleted: 0

[06/Oct/2023:02:00:04] UPDATING ACCOUNTS (JobID: f4788372-5920-4f81-831b-b2873a19b466)
 - New and modified: 0

[06/Oct/2023:02:00:04] DELETING ACCOUNTS (JobID: f4788372-5920-4f81-831b-b2873a19b466)
 - Deleted: 0

[06/Oct/2023:02:00:36] UPDATING PRODUCTS (JobID: 59d78e60-083b-4148-8268-a6e20bbda845)
 - New and modified: 0

[06/Oct/2023:02:00:40] UPDATING PREPAGATI (JobID: cbe95f76-7ecd-434d-b5f7-b69441284198)
 - New and modified: 0

[06/Oct/2023:02:00:40] DELETING PREPAGATI (JobID: cbe95f76-7ecd-434d-b5f7-b69441284198)
 - Deleted: 0

[06/Oct/2023:05:30:09] UPDATING ACCOUNTS (JobID: 1ceb13a6-4667-4167-8b93-381731035f73)
 - New and modified: 0

[06/Oct/2023:05:30:09] DELETING ACCOUNTS (JobID: 1ceb13a6-4667-4167-8b93-381731035f73)
 - Deleted: 0

[06/Oct/2023:05:30:42] UPDATING PRODUCTS (JobID: 561dea9d-9d23-4e01-aab3-0609b567969d)
 - New and modified: 0

[06/Oct/2023:05:30:45] UPDATING PREPAGATI (JobID: 77b3acb5-edde-419d-91a2-089d986bf830)
 - New and modified: 0

[06/Oct/2023:05:30:45] DELETING PREPAGATI (JobID: 77b3acb5-edde-419d-91a2-089d986bf830)
 - Deleted: 0

[06/Oct/2023:06:30:05] UPDATING ACCOUNTS (JobID: 277d5ba3-f47d-4124-8ecf-8037b4790dd1)
 - New and modified: 0

[06/Oct/2023:06:30:05] DELETING ACCOUNTS (JobID: 277d5ba3-f47d-4124-8ecf-8037b4790dd1)
 - Deleted: 0

[06/Oct/2023:06:30:39] UPDATING PRODUCTS (JobID: 6f4a7853-ca4d-4416-ac20-ec8fdf72c56d)
 - New and modified: 0

[06/Oct/2023:06:30:42] UPDATING PREPAGATI (JobID: 641c750c-e99c-41d7-b220-3d354e7cb1dc)
 - New and modified: 0

[06/Oct/2023:06:30:42] DELETING PREPAGATI (JobID: 641c750c-e99c-41d7-b220-3d354e7cb1dc)
 - Deleted: 0

[06/Oct/2023:07:30:07] UPDATING ACCOUNTS (JobID: 6d9d13f3-c1cb-4606-a7ab-3b99897c23f7)
 - New and modified: 0

[06/Oct/2023:07:30:07] DELETING ACCOUNTS (JobID: 6d9d13f3-c1cb-4606-a7ab-3b99897c23f7)
 - Deleted: 0

[06/Oct/2023:07:30:40] UPDATING PRODUCTS (JobID: 3369f080-107f-4acf-8f02-e26bea16229b)
 - New and modified: 0

[06/Oct/2023:07:30:43] UPDATING PREPAGATI (JobID: 5e345e16-9ba7-4ac3-be84-a3b93969a41a)
 - New and modified: 0

[06/Oct/2023:07:30:43] DELETING PREPAGATI (JobID: 5e345e16-9ba7-4ac3-be84-a3b93969a41a)
 - Deleted: 0

[06/Oct/2023:08:30:08] UPDATING ACCOUNTS (JobID: 3e63f919-92ec-4145-a832-6932e2ca7dfa)
 - New and modified: 0

[06/Oct/2023:08:30:08] DELETING ACCOUNTS (JobID: 3e63f919-92ec-4145-a832-6932e2ca7dfa)
 - Deleted: 0

[06/Oct/2023:08:30:44] UPDATING PRODUCTS (JobID: c070fff7-7300-455b-816a-72933cf44e49)
 - New and modified: 0

[06/Oct/2023:08:30:47] UPDATING PREPAGATI (JobID: 680899f6-5659-4355-8fe5-56654d1f41a4)
 - New and modified: 0

[06/Oct/2023:08:30:47] DELETING PREPAGATI (JobID: 680899f6-5659-4355-8fe5-56654d1f41a4)
 - Deleted: 0

[06/Oct/2023:09:30:04] UPDATING ACCOUNTS (JobID: e1887083-f030-486e-a0fd-f07c109a49ab)
 - New and modified: 0

[06/Oct/2023:09:30:04] DELETING ACCOUNTS (JobID: e1887083-f030-486e-a0fd-f07c109a49ab)
 - Deleted: 0

[06/Oct/2023:09:30:33] UPDATING PRODUCTS (JobID: dc5a7efc-be15-42da-a10a-6e3bca6e3367)
 - New and modified: 0

[06/Oct/2023:09:30:36] UPDATING PREPAGATI (JobID: f41975cb-bdd7-4442-bbe9-55b62864f5f3)
 - New and modified: 0

[06/Oct/2023:09:30:36] DELETING PREPAGATI (JobID: f41975cb-bdd7-4442-bbe9-55b62864f5f3)
 - Deleted: 0

[06/Oct/2023:10:30:03] UPDATING ACCOUNTS (JobID: 23b15e86-58c7-4a51-8711-0a2c27d393a9)
 - New and modified: 0

[06/Oct/2023:10:30:03] DELETING ACCOUNTS (JobID: 23b15e86-58c7-4a51-8711-0a2c27d393a9)
 - Deleted: 0

[06/Oct/2023:10:30:36] UPDATING PRODUCTS (JobID: c67db6df-df94-462c-bbe4-3048ac595821)
 - New and modified: 0

[06/Oct/2023:10:30:38] UPDATING PREPAGATI (JobID: c94da346-f182-42f5-a8ec-d357007c878d)
 - New and modified: 0

[06/Oct/2023:10:30:38] DELETING PREPAGATI (JobID: c94da346-f182-42f5-a8ec-d357007c878d)
 - Deleted: 0

[06/Oct/2023:12:30:09] UPDATING ACCOUNTS (JobID: 3fcb6d8d-5210-4cfc-9a31-a23d93cc905c)
 - New and modified: 0

[06/Oct/2023:12:30:09] DELETING ACCOUNTS (JobID: 3fcb6d8d-5210-4cfc-9a31-a23d93cc905c)
 - Deleted: 0

[06/Oct/2023:12:30:44] UPDATING PRODUCTS (JobID: d2524620-3354-4c30-aba9-d7a810fe54c6)
 - New and modified: 0

[06/Oct/2023:12:30:47] UPDATING PREPAGATI (JobID: b816e3ec-5d68-406d-955a-70c035f35c2a)
 - New and modified: 0

[06/Oct/2023:12:30:47] DELETING PREPAGATI (JobID: b816e3ec-5d68-406d-955a-70c035f35c2a)
 - Deleted: 0

[06/Oct/2023:13:00:09] UPDATING ACCOUNTS (JobID: f11843c0-6e00-4ae3-84e8-4e2731f03d12)
 - New and modified: 0

[06/Oct/2023:13:00:09] DELETING ACCOUNTS (JobID: f11843c0-6e00-4ae3-84e8-4e2731f03d12)
 - Deleted: 0

[06/Oct/2023:13:00:43] UPDATING PRODUCTS (JobID: bfe17a3b-2bda-43b0-b4b6-ef53d5166774)
 - New and modified: 0

[06/Oct/2023:13:00:46] UPDATING PREPAGATI (JobID: b1610b64-0842-46b4-a5e3-0c6f4ceaf4bd)
 - New and modified: 0

[06/Oct/2023:13:00:46] DELETING PREPAGATI (JobID: b1610b64-0842-46b4-a5e3-0c6f4ceaf4bd)
 - Deleted: 0

[06/Oct/2023:13:30:04] UPDATING ACCOUNTS (JobID: 30c3cb1c-6450-46da-8fb3-5f8944ceb6c4)
 - New and modified: 0

[06/Oct/2023:13:30:04] DELETING ACCOUNTS (JobID: 30c3cb1c-6450-46da-8fb3-5f8944ceb6c4)
 - Deleted: 0

[06/Oct/2023:13:30:38] UPDATING PRODUCTS (JobID: 0253cf10-3f32-4b35-bdb3-1aa8fde97f43)
 - New and modified: 0

[06/Oct/2023:13:30:40] UPDATING PREPAGATI (JobID: 65f58921-835d-4f88-890f-8dd80b10a56c)
 - New and modified: 0

[06/Oct/2023:13:30:40] DELETING PREPAGATI (JobID: 65f58921-835d-4f88-890f-8dd80b10a56c)
 - Deleted: 0

[06/Oct/2023:14:00:04] UPDATING ACCOUNTS (JobID: 4ba6851c-0848-41ee-b082-98bfa9ec1914)
 - New and modified: 0

[06/Oct/2023:14:00:04] DELETING ACCOUNTS (JobID: 4ba6851c-0848-41ee-b082-98bfa9ec1914)
 - Deleted: 0

[06/Oct/2023:14:00:37] UPDATING PRODUCTS (JobID: 87cfcad3-10c8-4cdb-b81c-b7f593eca407)
 - New and modified: 0

[06/Oct/2023:14:00:39] UPDATING PREPAGATI (JobID: df4f6a2f-dbb4-42df-a351-9630fc5bd175)
 - New and modified: 0

[06/Oct/2023:14:00:39] DELETING PREPAGATI (JobID: df4f6a2f-dbb4-42df-a351-9630fc5bd175)
 - Deleted: 0

[06/Oct/2023:15:30:09] UPDATING ACCOUNTS (JobID: da5f0c6f-57f8-4142-bee0-d2af0b3b1dd6)
 - New and modified: 0

[06/Oct/2023:15:30:09] DELETING ACCOUNTS (JobID: da5f0c6f-57f8-4142-bee0-d2af0b3b1dd6)
 - Deleted: 0

[06/Oct/2023:15:30:44] UPDATING PRODUCTS (JobID: d1a7c45b-e0e3-443b-bcf0-c78c999dd8d6)
 - New and modified: 0

[06/Oct/2023:15:30:47] UPDATING PREPAGATI (JobID: cb9ac98c-670a-475f-808e-54559a1e3d98)
 - New and modified: 0

[06/Oct/2023:15:30:47] DELETING PREPAGATI (JobID: cb9ac98c-670a-475f-808e-54559a1e3d98)
 - Deleted: 0

[06/Oct/2023:20:00:04] UPDATING ACCOUNTS (JobID: 1d05468e-f0a5-43db-bf48-5b2acf679ddf)
 - New and modified: 0

[06/Oct/2023:20:00:04] DELETING ACCOUNTS (JobID: 1d05468e-f0a5-43db-bf48-5b2acf679ddf)
 - Deleted: 0

[06/Oct/2023:20:00:43] UPDATING PRODUCTS (JobID: 6eaa7d48-6487-460d-a3da-cf45fbac5be9)
 - New and modified: 0

[06/Oct/2023:20:00:47] UPDATING PREPAGATI (JobID: 95c1e8b1-db11-4d2c-b8da-89d55cd88e2f)
 - New and modified: 0

[06/Oct/2023:20:00:47] DELETING PREPAGATI (JobID: 95c1e8b1-db11-4d2c-b8da-89d55cd88e2f)
 - Deleted: 0

[06/Oct/2023:21:00:09] UPDATING ACCOUNTS (JobID: 70e84c33-b229-40a5-8db8-e2e9e0ddb409)
 - New and modified: 0

[06/Oct/2023:21:00:09] DELETING ACCOUNTS (JobID: 70e84c33-b229-40a5-8db8-e2e9e0ddb409)
 - Deleted: 0

[06/Oct/2023:21:00:41] UPDATING PRODUCTS (JobID: 5699eb85-bfc9-4f68-a58f-f61277d38861)
 - New and modified: 0

[06/Oct/2023:21:00:44] UPDATING PREPAGATI (JobID: 247f9877-8ba2-4a3d-9e3e-5c198de4cbee)
 - New and modified: 0

[06/Oct/2023:21:00:44] DELETING PREPAGATI (JobID: 247f9877-8ba2-4a3d-9e3e-5c198de4cbee)
 - Deleted: 0

[06/Oct/2023:21:30:09] UPDATING ACCOUNTS (JobID: 950767e7-1eda-4674-94bb-6a89af4c5e0d)
 - New and modified: 0

[06/Oct/2023:21:30:09] DELETING ACCOUNTS (JobID: 950767e7-1eda-4674-94bb-6a89af4c5e0d)
 - Deleted: 0

[06/Oct/2023:21:30:42] UPDATING PRODUCTS (JobID: 6df74894-74c9-405d-b6df-a2ff9a4c36ef)
 - New and modified: 0

[06/Oct/2023:21:30:45] UPDATING PREPAGATI (JobID: 9c31552e-5909-4b2b-b768-459483f1298e)
 - New and modified: 0

[06/Oct/2023:21:30:45] DELETING PREPAGATI (JobID: 9c31552e-5909-4b2b-b768-459483f1298e)
 - Deleted: 0

[06/Oct/2023:22:00:04] UPDATING ACCOUNTS (JobID: e9edacf8-bd46-45a0-9344-a63d5795b690)
 - New and modified: 0

[06/Oct/2023:22:00:04] DELETING ACCOUNTS (JobID: e9edacf8-bd46-45a0-9344-a63d5795b690)
 - Deleted: 0

[06/Oct/2023:22:00:35] UPDATING PRODUCTS (JobID: 3dec002a-43a1-429e-8e17-da6b76264616)
 - New and modified: 0

[06/Oct/2023:22:00:37] UPDATING PREPAGATI (JobID: 30dfe83b-6fe0-4339-b179-e305e749687b)
 - New and modified: 0

[06/Oct/2023:22:00:37] DELETING PREPAGATI (JobID: 30dfe83b-6fe0-4339-b179-e305e749687b)
 - Deleted: 0

[06/Oct/2023:23:00:08] UPDATING ACCOUNTS (JobID: 98e276b5-d0f3-435d-b723-c391cf74d9b6)
 - New and modified: 0

[06/Oct/2023:23:00:08] DELETING ACCOUNTS (JobID: 98e276b5-d0f3-435d-b723-c391cf74d9b6)
 - Deleted: 0

[06/Oct/2023:23:00:42] UPDATING PRODUCTS (JobID: c359f123-1814-4a83-bbe2-903950093d23)
 - New and modified: 0

[06/Oct/2023:23:00:45] UPDATING PREPAGATI (JobID: 9eab0d5e-c744-484e-a9a2-ffa4fa319931)
 - New and modified: 0

[06/Oct/2023:23:00:45] DELETING PREPAGATI (JobID: 9eab0d5e-c744-484e-a9a2-ffa4fa319931)
 - Deleted: 0

[06/Oct/2023:23:30:09] UPDATING ACCOUNTS (JobID: c9213d37-7e03-4cf4-b6bd-ffd8f8a24d0f)
 - New and modified: 0

[06/Oct/2023:23:30:09] DELETING ACCOUNTS (JobID: c9213d37-7e03-4cf4-b6bd-ffd8f8a24d0f)
 - Deleted: 0

[06/Oct/2023:23:30:41] UPDATING PRODUCTS (JobID: 938d7321-ba85-4209-bfad-3b920d6e81b1)
 - New and modified: 0

[06/Oct/2023:23:30:44] UPDATING PREPAGATI (JobID: 269e0317-071a-4586-bf6b-0e6a7f9c8f2d)
 - New and modified: 0

[06/Oct/2023:23:30:44] DELETING PREPAGATI (JobID: 269e0317-071a-4586-bf6b-0e6a7f9c8f2d)
 - Deleted: 0

