[24/Aug/2023:00:30:08] UPDATING ACCOUNTS (JobID: 2b5fb36b-c8dd-45f7-8730-e5e928eda2d4)
 - New and modified: 0

[24/Aug/2023:00:30:08] DELETING ACCOUNTS (JobID: 2b5fb36b-c8dd-45f7-8730-e5e928eda2d4)
 - Deleted: 0

[24/Aug/2023:00:30:41] UPDATING PRODUCTS (JobID: 5102f9a0-8e4a-41c2-a68a-a1f127ed98b7)
 - New and modified: 0

[24/Aug/2023:00:30:45] UPDATING PREPAGATI (JobID: 12a32040-6287-4ae7-9519-04f0ea1c68e3)
 - New and modified: 0

[24/Aug/2023:00:30:45] DELETING PREPAGATI (JobID: 12a32040-6287-4ae7-9519-04f0ea1c68e3)
 - Deleted: 0

[24/Aug/2023:01:00:04] UPDATING ACCOUNTS (JobID: 872a3c3c-17f7-41df-b316-d73aa9d054e2)
 - New and modified: 0

[24/Aug/2023:01:00:04] DELETING ACCOUNTS (JobID: 872a3c3c-17f7-41df-b316-d73aa9d054e2)
 - Deleted: 0

[24/Aug/2023:01:00:37] UPDATING PRODUCTS (JobID: 102d800b-a90d-4f76-922d-bae2fcbd861d)
 - New and modified: 0

[24/Aug/2023:01:00:39] UPDATING PREPAGATI (JobID: 746a94ef-0437-4eed-9663-6bba4c0e971a)
 - New and modified: 0

[24/Aug/2023:01:00:39] DELETING PREPAGATI (JobID: 746a94ef-0437-4eed-9663-6bba4c0e971a)
 - Deleted: 0

[24/Aug/2023:01:30:08] UPDATING ACCOUNTS (JobID: 3a369d72-2a83-4f7d-8e5d-62aa76369fcf)
 - New and modified: 0

[24/Aug/2023:01:30:08] DELETING ACCOUNTS (JobID: 3a369d72-2a83-4f7d-8e5d-62aa76369fcf)
 - Deleted: 0

[24/Aug/2023:01:30:43] UPDATING PRODUCTS (JobID: 41663f8a-4d7b-4bc1-8235-573962bc441d)
 - New and modified: 0

[24/Aug/2023:01:30:46] UPDATING PREPAGATI (JobID: 9469c8e6-1729-46a5-a5b3-18df8eb8ad80)
 - New and modified: 0

[24/Aug/2023:01:30:46] DELETING PREPAGATI (JobID: 9469c8e6-1729-46a5-a5b3-18df8eb8ad80)
 - Deleted: 0

[24/Aug/2023:02:00:08] UPDATING ACCOUNTS (JobID: 4f4960fd-57fb-4b7c-b3dc-bef9b78e1493)
 - New and modified: 0

[24/Aug/2023:02:00:08] DELETING ACCOUNTS (JobID: 4f4960fd-57fb-4b7c-b3dc-bef9b78e1493)
 - Deleted: 0

[24/Aug/2023:02:00:42] UPDATING PRODUCTS (JobID: ecb8c8ef-4d38-4e39-8c1f-60399e6ba85c)
 - New and modified: 0

[24/Aug/2023:02:00:45] UPDATING PREPAGATI (JobID: d0192cab-224b-4996-9582-37d17163c233)
 - New and modified: 0

[24/Aug/2023:02:00:45] DELETING PREPAGATI (JobID: d0192cab-224b-4996-9582-37d17163c233)
 - Deleted: 0

[24/Aug/2023:02:30:04] UPDATING ACCOUNTS (JobID: d85b990b-bd84-4fe9-be15-fae0022760c7)
 - New and modified: 0

[24/Aug/2023:02:30:04] DELETING ACCOUNTS (JobID: d85b990b-bd84-4fe9-be15-fae0022760c7)
 - Deleted: 0

[24/Aug/2023:02:30:35] UPDATING PRODUCTS (JobID: 44474d14-42d6-4ec4-8065-c763f019469a)
 - New and modified: 0

[24/Aug/2023:02:30:37] UPDATING PREPAGATI (JobID: 84e84db2-3c0b-44e0-b130-14786ddc622c)
 - New and modified: 0

[24/Aug/2023:02:30:37] DELETING PREPAGATI (JobID: 84e84db2-3c0b-44e0-b130-14786ddc622c)
 - Deleted: 0

[24/Aug/2023:03:00:09] UPDATING ACCOUNTS (JobID: b5ba5500-0a07-449d-9c86-3419071ba4d7)
 - New and modified: 0

[24/Aug/2023:03:00:09] DELETING ACCOUNTS (JobID: b5ba5500-0a07-449d-9c86-3419071ba4d7)
 - Deleted: 0

[24/Aug/2023:03:00:41] UPDATING PRODUCTS (JobID: 0a92a371-9013-41ed-bec6-701a8131d2d1)
 - New and modified: 0

[24/Aug/2023:03:00:44] UPDATING PREPAGATI (JobID: 954a4c2f-f173-4da3-a482-cf241fcfbfed)
 - New and modified: 0

[24/Aug/2023:03:00:44] DELETING PREPAGATI (JobID: 954a4c2f-f173-4da3-a482-cf241fcfbfed)
 - Deleted: 0

[24/Aug/2023:03:30:08] UPDATING ACCOUNTS (JobID: e8c69576-04d8-46a2-8bd8-0914e843189d)
 - New and modified: 0

[24/Aug/2023:03:30:08] DELETING ACCOUNTS (JobID: e8c69576-04d8-46a2-8bd8-0914e843189d)
 - Deleted: 0

[24/Aug/2023:03:30:38] UPDATING PRODUCTS (JobID: 97ee6b82-4464-45ac-b957-79ff96c7fbd4)
 - New and modified: 0

[24/Aug/2023:03:30:41] UPDATING PREPAGATI (JobID: 78d7ed71-60bb-4cef-8fb1-2ca565033073)
 - New and modified: 0

[24/Aug/2023:03:30:41] DELETING PREPAGATI (JobID: 78d7ed71-60bb-4cef-8fb1-2ca565033073)
 - Deleted: 0

[24/Aug/2023:04:00:04] UPDATING ACCOUNTS (JobID: e68bee72-dfce-49e9-8988-c711deb76414)
 - New and modified: 0

[24/Aug/2023:04:00:04] DELETING ACCOUNTS (JobID: e68bee72-dfce-49e9-8988-c711deb76414)
 - Deleted: 0

[24/Aug/2023:04:00:34] UPDATING PRODUCTS (JobID: bd9cb4c7-3b14-43eb-80af-af7dfa520480)
 - New and modified: 0

[24/Aug/2023:04:00:36] UPDATING PREPAGATI (JobID: 844bade8-cdd8-4241-9017-4e6079d07353)
 - New and modified: 0

[24/Aug/2023:04:00:36] DELETING PREPAGATI (JobID: 844bade8-cdd8-4241-9017-4e6079d07353)
 - Deleted: 0

[24/Aug/2023:04:30:09] UPDATING ACCOUNTS (JobID: 764a572f-a6df-438d-b9d7-f7698162d0ce)
 - New and modified: 0

[24/Aug/2023:04:30:09] DELETING ACCOUNTS (JobID: 764a572f-a6df-438d-b9d7-f7698162d0ce)
 - Deleted: 0

[24/Aug/2023:04:30:40] UPDATING PRODUCTS (JobID: 7896e781-c435-4623-a04b-e16757c84480)
 - New and modified: 0

[24/Aug/2023:04:30:42] UPDATING PREPAGATI (JobID: b64871a7-8313-4676-9745-13f0e0284801)
 - New and modified: 0

[24/Aug/2023:04:30:42] DELETING PREPAGATI (JobID: b64871a7-8313-4676-9745-13f0e0284801)
 - Deleted: 0

[24/Aug/2023:05:30:07] UPDATING ACCOUNTS (JobID: 3175ebaf-0261-4e89-849b-b034964ce3b1)
 - New and modified: 0

[24/Aug/2023:05:30:07] DELETING ACCOUNTS (JobID: 3175ebaf-0261-4e89-849b-b034964ce3b1)
 - Deleted: 0

[24/Aug/2023:05:30:37] UPDATING PRODUCTS (JobID: a2052328-49b9-4dcf-b571-3c9875d8b734)
 - New and modified: 0

[24/Aug/2023:05:30:40] UPDATING PREPAGATI (JobID: 6d9e70bf-8fb1-4f35-83c7-74b42443846f)
 - New and modified: 0

[24/Aug/2023:05:30:40] DELETING PREPAGATI (JobID: 6d9e70bf-8fb1-4f35-83c7-74b42443846f)
 - Deleted: 0

[24/Aug/2023:07:00:25] UPDATING ACCOUNTS (JobID: 14adc573-be97-46cb-93f1-d4bf46cf0ddd)
 - New and modified: 0

[24/Aug/2023:07:00:25] DELETING ACCOUNTS (JobID: 14adc573-be97-46cb-93f1-d4bf46cf0ddd)
 - Deleted: 0

[24/Aug/2023:07:00:57] UPDATING PRODUCTS (JobID: 00859d72-1918-44c8-b2b7-65b3379bcdb4)
 - New and modified: 0

[24/Aug/2023:07:01:00] UPDATING PREPAGATI (JobID: eeb25af7-4d7b-4aa4-9f51-722d245bd8f2)
 - New and modified: 0

[24/Aug/2023:07:01:00] DELETING PREPAGATI (JobID: eeb25af7-4d7b-4aa4-9f51-722d245bd8f2)
 - Deleted: 0

[24/Aug/2023:07:30:04] UPDATING ACCOUNTS (JobID: 2cb0c1cf-0de6-4e35-915e-c9704c2524d9)
 - New and modified: 0

[24/Aug/2023:07:30:04] DELETING ACCOUNTS (JobID: 2cb0c1cf-0de6-4e35-915e-c9704c2524d9)
 - Deleted: 0

[24/Aug/2023:07:30:36] UPDATING PRODUCTS (JobID: 5dd1dd6e-a2c7-49ec-94c2-d3a6e4215c6b)
 - New and modified: 0

[24/Aug/2023:07:30:38] UPDATING PREPAGATI (JobID: ec2016bb-7236-439b-b334-08e8dcf8dbf3)
 - New and modified: 0

[24/Aug/2023:07:30:38] DELETING PREPAGATI (JobID: ec2016bb-7236-439b-b334-08e8dcf8dbf3)
 - Deleted: 0

[24/Aug/2023:08:30:08] UPDATING ACCOUNTS (JobID: 83396728-5ca8-4dfe-89b3-b25f3ba70f71)
 - New and modified: 0

[24/Aug/2023:08:30:08] DELETING ACCOUNTS (JobID: 83396728-5ca8-4dfe-89b3-b25f3ba70f71)
 - Deleted: 0

[24/Aug/2023:08:30:39] UPDATING PRODUCTS (JobID: 37fef39c-26b4-4fef-8121-54569cdcaad0)
 - New and modified: 0

[24/Aug/2023:08:30:42] UPDATING PREPAGATI (JobID: d2a8f530-c3a3-483d-aa27-586b1fcf4677)
 - New and modified: 0

[24/Aug/2023:08:30:42] DELETING PREPAGATI (JobID: d2a8f530-c3a3-483d-aa27-586b1fcf4677)
 - Deleted: 0

[24/Aug/2023:09:00:04] UPDATING ACCOUNTS (JobID: b0884b1f-dfe1-4b8b-8c42-ad51d563ca3b)
 - New and modified: 0

[24/Aug/2023:09:00:04] DELETING ACCOUNTS (JobID: b0884b1f-dfe1-4b8b-8c42-ad51d563ca3b)
 - Deleted: 0

[24/Aug/2023:09:00:34] UPDATING PRODUCTS (JobID: fceab49f-cb68-46f0-bd62-7ab48e7c2a99)
 - New and modified: 0

[24/Aug/2023:09:00:36] UPDATING PREPAGATI (JobID: 92b7c140-296a-471a-b2ce-aac4564cafef)
 - New and modified: 0

[24/Aug/2023:09:00:36] DELETING PREPAGATI (JobID: 92b7c140-296a-471a-b2ce-aac4564cafef)
 - Deleted: 0

[24/Aug/2023:09:30:08] UPDATING ACCOUNTS (JobID: 0879d2ec-16a2-41f5-8f5a-0c3852e5968f)
 - New and modified: 0

[24/Aug/2023:09:30:08] DELETING ACCOUNTS (JobID: 0879d2ec-16a2-41f5-8f5a-0c3852e5968f)
 - Deleted: 0

[24/Aug/2023:09:30:41] UPDATING PRODUCTS (JobID: 3cd0d24f-dac3-4674-9dcd-13500ed4e520)
 - New and modified: 0

[24/Aug/2023:09:30:43] UPDATING PREPAGATI (JobID: 2c432de0-ce78-4e1f-ad2f-a23ebbdafcb6)
 - New and modified: 0

[24/Aug/2023:09:30:43] DELETING PREPAGATI (JobID: 2c432de0-ce78-4e1f-ad2f-a23ebbdafcb6)
 - Deleted: 0

[24/Aug/2023:10:00:09] UPDATING ACCOUNTS (JobID: f75cf6b0-2dd3-47eb-bdc3-4fef40086941)
 - New and modified: 0

[24/Aug/2023:10:00:09] DELETING ACCOUNTS (JobID: f75cf6b0-2dd3-47eb-bdc3-4fef40086941)
 - Deleted: 0

[24/Aug/2023:10:00:39] UPDATING PRODUCTS (JobID: dfea3852-1b1c-4717-99d3-f4c2668e219b)
 - New and modified: 0

[24/Aug/2023:10:00:41] UPDATING PREPAGATI (JobID: 5110a668-9691-402e-ba2a-c88bfccf3baa)
 - New and modified: 0

[24/Aug/2023:10:00:41] DELETING PREPAGATI (JobID: 5110a668-9691-402e-ba2a-c88bfccf3baa)
 - Deleted: 0

[24/Aug/2023:10:30:07] UPDATING ACCOUNTS (JobID: 908ee2f6-21a0-4d45-877b-c19d49bb4714)
 - New and modified: 0

[24/Aug/2023:10:30:07] DELETING ACCOUNTS (JobID: 908ee2f6-21a0-4d45-877b-c19d49bb4714)
 - Deleted: 0

[24/Aug/2023:10:30:37] UPDATING PRODUCTS (JobID: 3bf5ea17-225b-4894-8fa5-8b1a60615271)
 - New and modified: 0

[24/Aug/2023:10:30:40] UPDATING PREPAGATI (JobID: f8cbcab6-3598-4563-b24b-b3bc6e0e064d)
 - New and modified: 0

[24/Aug/2023:10:30:40] DELETING PREPAGATI (JobID: f8cbcab6-3598-4563-b24b-b3bc6e0e064d)
 - Deleted: 0

[24/Aug/2023:11:00:03] UPDATING ACCOUNTS (JobID: 784853a1-e095-4d36-8385-0b86d62ea7ee)
 - New and modified: 0

[24/Aug/2023:11:00:03] DELETING ACCOUNTS (JobID: 784853a1-e095-4d36-8385-0b86d62ea7ee)
 - Deleted: 0

[24/Aug/2023:11:00:34] UPDATING PRODUCTS (JobID: 2924f384-f00c-459e-a71f-60bdee8757c5)
 - New and modified: 0

[24/Aug/2023:11:00:35] UPDATING PREPAGATI (JobID: 4d122f31-2b10-4548-998a-c2d2b2ee3623)
 - New and modified: 0

[24/Aug/2023:11:00:35] DELETING PREPAGATI (JobID: 4d122f31-2b10-4548-998a-c2d2b2ee3623)
 - Deleted: 0

[24/Aug/2023:11:30:09] UPDATING ACCOUNTS (JobID: 9f017d0a-c6f2-4054-98b0-6964bdf2f220)
 - New and modified: 0

[24/Aug/2023:11:30:09] DELETING ACCOUNTS (JobID: 9f017d0a-c6f2-4054-98b0-6964bdf2f220)
 - Deleted: 0

[24/Aug/2023:11:30:38] UPDATING PRODUCTS (JobID: 412ad63b-44e4-422f-bb14-7cd909e6d6c2)
 - New and modified: 0

[24/Aug/2023:11:30:41] UPDATING PREPAGATI (JobID: 37dd43fb-51ac-4e8b-a031-fa1db3638aa0)
 - New and modified: 0

[24/Aug/2023:11:30:41] DELETING PREPAGATI (JobID: 37dd43fb-51ac-4e8b-a031-fa1db3638aa0)
 - Deleted: 0

[24/Aug/2023:12:00:08] UPDATING ACCOUNTS (JobID: 4ba26fec-e7d1-4546-b48d-80decf61a9fe)
 - New and modified: 0

[24/Aug/2023:12:00:08] DELETING ACCOUNTS (JobID: 4ba26fec-e7d1-4546-b48d-80decf61a9fe)
 - Deleted: 0

[24/Aug/2023:12:00:37] UPDATING PRODUCTS (JobID: 73b5c68e-e64b-4d8f-b0fa-bfade9b219a4)
 - New and modified: 0

[24/Aug/2023:12:00:40] UPDATING PREPAGATI (JobID: 0b55dfd8-dfd4-4133-94b1-06b4ec06590c)
 - New and modified: 0

[24/Aug/2023:12:00:40] DELETING PREPAGATI (JobID: 0b55dfd8-dfd4-4133-94b1-06b4ec06590c)
 - Deleted: 0

[24/Aug/2023:13:00:07] UPDATING ACCOUNTS (JobID: e998af7a-f6d4-4bcc-8f77-7b5b01ddbd9f)
 - New and modified: 0

[24/Aug/2023:13:00:07] DELETING ACCOUNTS (JobID: e998af7a-f6d4-4bcc-8f77-7b5b01ddbd9f)
 - Deleted: 0

[24/Aug/2023:13:00:36] UPDATING PRODUCTS (JobID: ee4c7c1d-9b4f-4835-af68-209e13f4edaa)
 - New and modified: 0

[24/Aug/2023:13:00:38] UPDATING PREPAGATI (JobID: f163e262-ea29-49fd-a725-0243db6f0019)
 - New and modified: 0

[24/Aug/2023:13:00:38] DELETING PREPAGATI (JobID: f163e262-ea29-49fd-a725-0243db6f0019)
 - Deleted: 0

[24/Aug/2023:13:30:08] UPDATING ACCOUNTS (JobID: e6635d14-7189-40cf-927b-de00cc525707)
 - New and modified: 0

[24/Aug/2023:13:30:08] DELETING ACCOUNTS (JobID: e6635d14-7189-40cf-927b-de00cc525707)
 - Deleted: 0

[24/Aug/2023:13:30:38] UPDATING PRODUCTS (JobID: 114085a1-c2e0-48e1-8e02-4d6309fbba04)
 - New and modified: 0

[24/Aug/2023:13:30:41] UPDATING PREPAGATI (JobID: 44652d57-1135-46b6-935b-02f85752ba08)
 - New and modified: 0

[24/Aug/2023:13:30:41] DELETING PREPAGATI (JobID: 44652d57-1135-46b6-935b-02f85752ba08)
 - Deleted: 0

[24/Aug/2023:14:00:04] UPDATING ACCOUNTS (JobID: 0bd71892-95e2-4497-b8fa-6847cdd6fc99)
 - New and modified: 0

[24/Aug/2023:14:00:04] DELETING ACCOUNTS (JobID: 0bd71892-95e2-4497-b8fa-6847cdd6fc99)
 - Deleted: 0

[24/Aug/2023:14:00:34] UPDATING PRODUCTS (JobID: fee3a6c7-14c6-4f14-b6c6-2ad6806c5418)
 - New and modified: 0

[24/Aug/2023:14:00:36] UPDATING PREPAGATI (JobID: 6f576408-defd-4087-a99b-9e871acc72c1)
 - New and modified: 0

[24/Aug/2023:14:00:36] DELETING PREPAGATI (JobID: 6f576408-defd-4087-a99b-9e871acc72c1)
 - Deleted: 0

[24/Aug/2023:14:30:08] UPDATING ACCOUNTS (JobID: de8a2cf9-cea2-41cb-99f4-f55c3f7e8215)
 - New and modified: 0

[24/Aug/2023:14:30:08] DELETING ACCOUNTS (JobID: de8a2cf9-cea2-41cb-99f4-f55c3f7e8215)
 - Deleted: 0

[24/Aug/2023:14:30:38] UPDATING PRODUCTS (JobID: 65f0b658-16ed-4b34-b3f3-70caae8e6dc1)
 - New and modified: 0

[24/Aug/2023:14:30:41] UPDATING PREPAGATI (JobID: ba65f455-28c0-4af9-8eaa-d760bf074538)
 - New and modified: 0

[24/Aug/2023:14:30:41] DELETING PREPAGATI (JobID: ba65f455-28c0-4af9-8eaa-d760bf074538)
 - Deleted: 0

[24/Aug/2023:15:30:07] UPDATING ACCOUNTS (JobID: bf547684-1aa5-4f68-ba63-7111de179357)
 - New and modified: 0

[24/Aug/2023:15:30:07] DELETING ACCOUNTS (JobID: bf547684-1aa5-4f68-ba63-7111de179357)
 - Deleted: 0

[24/Aug/2023:15:30:40] UPDATING PRODUCTS (JobID: 24c66c4e-4279-4a1f-91a5-9081f4d1822c)
 - New and modified: 0

[24/Aug/2023:15:30:42] UPDATING PREPAGATI (JobID: 19522877-b019-4875-810a-7a3f7d60e4af)
 - New and modified: 0

[24/Aug/2023:15:30:42] DELETING PREPAGATI (JobID: 19522877-b019-4875-810a-7a3f7d60e4af)
 - Deleted: 0

[24/Aug/2023:16:00:08] UPDATING ACCOUNTS (JobID: 792ab871-77e2-4185-87d9-f914fedbedb0)
 - New and modified: 0

[24/Aug/2023:16:00:08] DELETING ACCOUNTS (JobID: 792ab871-77e2-4185-87d9-f914fedbedb0)
 - Deleted: 0

[24/Aug/2023:16:00:38] UPDATING PRODUCTS (JobID: ef1d97a7-3082-4088-b14c-984b6196c66b)
 - New and modified: 0

[24/Aug/2023:16:00:40] UPDATING PREPAGATI (JobID: 9901ab12-eb11-4886-a1b6-f6188726b3bf)
 - New and modified: 0

[24/Aug/2023:16:00:40] DELETING PREPAGATI (JobID: 9901ab12-eb11-4886-a1b6-f6188726b3bf)
 - Deleted: 0

[24/Aug/2023:16:30:08] UPDATING ACCOUNTS (JobID: 7b48ea48-b73a-4a44-a036-68755e46ebd5)
 - New and modified: 0

[24/Aug/2023:16:30:08] DELETING ACCOUNTS (JobID: 7b48ea48-b73a-4a44-a036-68755e46ebd5)
 - Deleted: 0

[24/Aug/2023:16:30:39] UPDATING PRODUCTS (JobID: ba55346c-6dfd-4e10-b348-3bc3c5029972)
 - New and modified: 0

[24/Aug/2023:16:30:42] UPDATING PREPAGATI (JobID: dcffdf16-6229-4dd7-ad01-f7aab614a47d)
 - New and modified: 0

[24/Aug/2023:16:30:42] DELETING PREPAGATI (JobID: dcffdf16-6229-4dd7-ad01-f7aab614a47d)
 - Deleted: 0

[24/Aug/2023:17:30:08] UPDATING ACCOUNTS (JobID: 30b48c85-6f06-4f1e-b1b5-b8b1981c3b86)
 - New and modified: 0

[24/Aug/2023:17:30:08] DELETING ACCOUNTS (JobID: 30b48c85-6f06-4f1e-b1b5-b8b1981c3b86)
 - Deleted: 0

[24/Aug/2023:17:30:38] UPDATING PRODUCTS (JobID: cc1d5284-0d53-4658-9025-f0decbce8fc2)
 - New and modified: 0

[24/Aug/2023:17:30:40] UPDATING PREPAGATI (JobID: 2850253f-72d0-4e03-926e-b4c00cea174e)
 - New and modified: 0

[24/Aug/2023:17:30:40] DELETING PREPAGATI (JobID: 2850253f-72d0-4e03-926e-b4c00cea174e)
 - Deleted: 0

[24/Aug/2023:18:30:08] UPDATING ACCOUNTS (JobID: c01f2cba-a121-4155-88cf-ac05d082bf3b)
 - New and modified: 0

[24/Aug/2023:18:30:08] DELETING ACCOUNTS (JobID: c01f2cba-a121-4155-88cf-ac05d082bf3b)
 - Deleted: 0

[24/Aug/2023:18:30:39] UPDATING PRODUCTS (JobID: 7a7e4ad4-7a46-4b64-9ea8-ad0691014cb9)
 - New and modified: 0

[24/Aug/2023:18:30:43] UPDATING PREPAGATI (JobID: db0ced6f-7c1c-4465-bfb0-11614b3648bf)
 - New and modified: 0

[24/Aug/2023:18:30:43] DELETING PREPAGATI (JobID: db0ced6f-7c1c-4465-bfb0-11614b3648bf)
 - Deleted: 0

[24/Aug/2023:19:00:18] UPDATING ACCOUNTS (JobID: ce66c664-6ead-4d4a-96a3-13f814c97d1c)
 - New and modified: 0

[24/Aug/2023:19:00:18] DELETING ACCOUNTS (JobID: ce66c664-6ead-4d4a-96a3-13f814c97d1c)
 - Deleted: 0

[24/Aug/2023:19:00:48] UPDATING PRODUCTS (JobID: 008f332d-5d54-4ae0-8cd4-ad20d055656c)
 - New and modified: 0

[24/Aug/2023:19:00:50] UPDATING PREPAGATI (JobID: d8b44975-1353-4d15-bc19-a400a04b0e4b)
 - New and modified: 0

[24/Aug/2023:19:00:50] DELETING PREPAGATI (JobID: d8b44975-1353-4d15-bc19-a400a04b0e4b)
 - Deleted: 0

[24/Aug/2023:19:30:09] UPDATING ACCOUNTS (JobID: 60e78647-f44b-46cf-8a12-b73301c12e7c)
 - New and modified: 0

[24/Aug/2023:19:30:09] DELETING ACCOUNTS (JobID: 60e78647-f44b-46cf-8a12-b73301c12e7c)
 - Deleted: 0

[24/Aug/2023:19:30:42] UPDATING PRODUCTS (JobID: 05d53820-39de-4bd0-8085-9c6b0743bf60)
 - New and modified: 0

[24/Aug/2023:19:30:45] UPDATING PREPAGATI (JobID: ce1b0036-29c7-43bf-8aab-f61d8a862536)
 - New and modified: 0

[24/Aug/2023:19:30:45] DELETING PREPAGATI (JobID: ce1b0036-29c7-43bf-8aab-f61d8a862536)
 - Deleted: 0

[24/Aug/2023:20:00:09] UPDATING ACCOUNTS (JobID: 34021709-9fd6-4bd6-ad31-14446e2cd3b9)
 - New and modified: 0

[24/Aug/2023:20:00:09] DELETING ACCOUNTS (JobID: 34021709-9fd6-4bd6-ad31-14446e2cd3b9)
 - Deleted: 0

[24/Aug/2023:20:00:44] UPDATING PRODUCTS (JobID: 5213b46b-4dbd-4e9a-be3c-5562900b52f7)
 - New and modified: 0

[24/Aug/2023:20:00:47] UPDATING PREPAGATI (JobID: 8a35fd2d-35d5-4605-acc2-b4e65de43b33)
 - New and modified: 0

[24/Aug/2023:20:00:47] DELETING PREPAGATI (JobID: 8a35fd2d-35d5-4605-acc2-b4e65de43b33)
 - Deleted: 0

[24/Aug/2023:20:30:04] UPDATING ACCOUNTS (JobID: 9a51ea8c-9380-4767-bbdd-867cf0519361)
 - New and modified: 0

[24/Aug/2023:20:30:04] DELETING ACCOUNTS (JobID: 9a51ea8c-9380-4767-bbdd-867cf0519361)
 - Deleted: 0

[24/Aug/2023:20:30:36] UPDATING PRODUCTS (JobID: d66dcadc-45a3-401a-a28f-502595f816f4)
 - New and modified: 0

[24/Aug/2023:20:30:37] UPDATING PREPAGATI (JobID: 5fd35312-7726-42cc-a76a-f9855c4c630b)
 - New and modified: 0

[24/Aug/2023:20:30:37] DELETING PREPAGATI (JobID: 5fd35312-7726-42cc-a76a-f9855c4c630b)
 - Deleted: 0

[24/Aug/2023:21:00:09] UPDATING ACCOUNTS (JobID: 000426e0-2863-458c-9a7e-65fc1a1b2ebd)
 - New and modified: 0

[24/Aug/2023:21:00:09] DELETING ACCOUNTS (JobID: 000426e0-2863-458c-9a7e-65fc1a1b2ebd)
 - Deleted: 0

[24/Aug/2023:21:00:42] UPDATING PRODUCTS (JobID: e7c2f666-0a52-4399-85ad-43ea90ad345e)
 - New and modified: 0

[24/Aug/2023:21:00:45] UPDATING PREPAGATI (JobID: d192b029-d9b3-4ef5-8ebf-9c138236f4ab)
 - New and modified: 0

[24/Aug/2023:21:00:45] DELETING PREPAGATI (JobID: d192b029-d9b3-4ef5-8ebf-9c138236f4ab)
 - Deleted: 0

[24/Aug/2023:21:30:09] UPDATING ACCOUNTS (JobID: ed419d5a-d835-4977-ad09-3eef879e0699)
 - New and modified: 0

[24/Aug/2023:21:30:09] DELETING ACCOUNTS (JobID: ed419d5a-d835-4977-ad09-3eef879e0699)
 - Deleted: 0

[24/Aug/2023:21:30:41] UPDATING PRODUCTS (JobID: 6ef54233-2e76-4cab-b78b-e0c13519d5b7)
 - New and modified: 0

[24/Aug/2023:21:30:44] UPDATING PREPAGATI (JobID: 5ee01064-12fc-445f-972e-0852624db3ce)
 - New and modified: 0

[24/Aug/2023:21:30:44] DELETING PREPAGATI (JobID: 5ee01064-12fc-445f-972e-0852624db3ce)
 - Deleted: 0

[24/Aug/2023:22:00:04] UPDATING ACCOUNTS (JobID: b0e2b0d2-31a0-42ec-aa31-02ad2ded6a89)
 - New and modified: 0

[24/Aug/2023:22:00:04] DELETING ACCOUNTS (JobID: b0e2b0d2-31a0-42ec-aa31-02ad2ded6a89)
 - Deleted: 0

[24/Aug/2023:22:00:37] UPDATING PRODUCTS (JobID: d6406a53-94ed-487c-af25-9276d2c9ed36)
 - New and modified: 0

[24/Aug/2023:22:00:39] UPDATING PREPAGATI (JobID: 50f6c293-c75a-4011-a3ad-d2ce90ba77bd)
 - New and modified: 0

[24/Aug/2023:22:00:39] DELETING PREPAGATI (JobID: 50f6c293-c75a-4011-a3ad-d2ce90ba77bd)
 - Deleted: 0

[24/Aug/2023:23:00:09] UPDATING ACCOUNTS (JobID: ddb2e73a-a7e3-41d7-a38d-0be9e97f94d3)
 - New and modified: 0

[24/Aug/2023:23:00:09] DELETING ACCOUNTS (JobID: ddb2e73a-a7e3-41d7-a38d-0be9e97f94d3)
 - Deleted: 0

[24/Aug/2023:23:00:42] UPDATING PRODUCTS (JobID: bb465d9d-c41c-4280-af70-9e529382a69a)
 - New and modified: 0

[24/Aug/2023:23:00:45] UPDATING PREPAGATI (JobID: fbef9fa5-5af6-4dc2-bd9d-98ec2bcf09d5)
 - New and modified: 0

[24/Aug/2023:23:00:45] DELETING PREPAGATI (JobID: fbef9fa5-5af6-4dc2-bd9d-98ec2bcf09d5)
 - Deleted: 0

[24/Aug/2023:23:30:04] UPDATING ACCOUNTS (JobID: 0dc7da63-5f33-487f-88c2-7c073228dc29)
 - New and modified: 0

[24/Aug/2023:23:30:04] DELETING ACCOUNTS (JobID: 0dc7da63-5f33-487f-88c2-7c073228dc29)
 - Deleted: 0

[24/Aug/2023:23:30:38] UPDATING PRODUCTS (JobID: a558b332-f43f-47f9-8f6e-8a54ed97b261)
 - New and modified: 0

[24/Aug/2023:23:30:40] UPDATING PREPAGATI (JobID: 6977c16a-8805-4acc-8c95-a2bc01942bba)
 - New and modified: 0

[24/Aug/2023:23:30:40] DELETING PREPAGATI (JobID: 6977c16a-8805-4acc-8c95-a2bc01942bba)
 - Deleted: 0

