[20/Aug/2023:00:00:08] UPDATING ACCOUNTS (JobID: c4987d11-708d-42ab-85b0-c325747b0693)
 - New and modified: 0

[20/Aug/2023:00:00:08] DELETING ACCOUNTS (JobID: c4987d11-708d-42ab-85b0-c325747b0693)
 - Deleted: 0

[20/Aug/2023:00:00:41] UPDATING PRODUCTS (JobID: 5e2ec73b-a9f5-45dd-8074-22c462722c95)
 - New and modified: 0

[20/Aug/2023:00:00:44] UPDATING PREPAGATI (JobID: dec38f91-ee90-4605-9479-5d2a41c276f1)
 - New and modified: 0

[20/Aug/2023:00:00:44] DELETING PREPAGATI (JobID: dec38f91-ee90-4605-9479-5d2a41c276f1)
 - Deleted: 0

[20/Aug/2023:00:30:04] UPDATING ACCOUNTS (JobID: 12d2963c-a0ae-4b4c-b5ec-93da6806fd3e)
 - New and modified: 0

[20/Aug/2023:00:30:04] DELETING ACCOUNTS (JobID: 12d2963c-a0ae-4b4c-b5ec-93da6806fd3e)
 - Deleted: 0

[20/Aug/2023:00:30:36] UPDATING PRODUCTS (JobID: 988cb6c4-777f-449f-a4c1-6a4427c71e90)
 - New and modified: 0

[20/Aug/2023:00:30:38] UPDATING PREPAGATI (JobID: 8f2dee32-a685-4fef-b710-9ad978b09ca3)
 - New and modified: 0

[20/Aug/2023:00:30:38] DELETING PREPAGATI (JobID: 8f2dee32-a685-4fef-b710-9ad978b09ca3)
 - Deleted: 0

[20/Aug/2023:03:00:05] UPDATING ACCOUNTS (JobID: a506cd33-7a43-471b-bd7a-8d0b220dd5f3)
 - New and modified: 0

[20/Aug/2023:03:00:05] DELETING ACCOUNTS (JobID: a506cd33-7a43-471b-bd7a-8d0b220dd5f3)
 - Deleted: 0

[20/Aug/2023:03:00:37] UPDATING PRODUCTS (JobID: 64327308-aaee-41c8-ba89-3090b6d99dd3)
 - New and modified: 0

[20/Aug/2023:03:00:40] UPDATING PREPAGATI (JobID: 4d59199b-77a5-47f9-89fc-12ee03a3eab1)
 - New and modified: 0

[20/Aug/2023:03:00:40] DELETING PREPAGATI (JobID: 4d59199b-77a5-47f9-89fc-12ee03a3eab1)
 - Deleted: 0

[20/Aug/2023:05:00:09] UPDATING ACCOUNTS (JobID: 7a62d5ee-dfa1-42b6-b424-7e563409f908)
 - New and modified: 0

[20/Aug/2023:05:00:09] DELETING ACCOUNTS (JobID: 7a62d5ee-dfa1-42b6-b424-7e563409f908)
 - Deleted: 0

[20/Aug/2023:05:00:38] UPDATING PRODUCTS (JobID: 724ce9f8-306c-462d-93a0-5e8396c72e52)
 - New and modified: 0

[20/Aug/2023:05:00:41] UPDATING PREPAGATI (JobID: 76e2f1de-a67d-486d-971a-589dd39d3dfe)
 - New and modified: 0

[20/Aug/2023:05:00:41] DELETING PREPAGATI (JobID: 76e2f1de-a67d-486d-971a-589dd39d3dfe)
 - Deleted: 0

[20/Aug/2023:06:00:07] UPDATING ACCOUNTS (JobID: 30d72aca-4cec-4170-86ae-4334553c7d62)
 - New and modified: 0

[20/Aug/2023:06:00:07] DELETING ACCOUNTS (JobID: 30d72aca-4cec-4170-86ae-4334553c7d62)
 - Deleted: 0

[20/Aug/2023:06:00:37] UPDATING PRODUCTS (JobID: ab03819e-e235-4f33-9eb5-8743bb0a5220)
 - New and modified: 0

[20/Aug/2023:06:00:40] UPDATING PREPAGATI (JobID: 4bcb36a9-07e4-43f6-8b1d-b3ebad61637d)
 - New and modified: 0

[20/Aug/2023:06:00:40] DELETING PREPAGATI (JobID: 4bcb36a9-07e4-43f6-8b1d-b3ebad61637d)
 - Deleted: 0

[20/Aug/2023:06:30:08] UPDATING ACCOUNTS (JobID: 99ac41af-dc64-465f-9891-e8e424a26e56)
 - New and modified: 0

[20/Aug/2023:06:30:08] DELETING ACCOUNTS (JobID: 99ac41af-dc64-465f-9891-e8e424a26e56)
 - Deleted: 0

[20/Aug/2023:06:30:41] UPDATING PRODUCTS (JobID: 1757a1d8-e6a0-4254-8fd3-9d357c3f78a1)
 - New and modified: 0

[20/Aug/2023:06:30:44] UPDATING PREPAGATI (JobID: 705f3be1-3ae6-4f1d-8359-636aa319a88a)
 - New and modified: 0

[20/Aug/2023:06:30:44] DELETING PREPAGATI (JobID: 705f3be1-3ae6-4f1d-8359-636aa319a88a)
 - Deleted: 0

[20/Aug/2023:07:30:07] UPDATING ACCOUNTS (JobID: 8ff2286c-fbe1-4b6f-86e7-7a39b81abcb6)
 - New and modified: 0

[20/Aug/2023:07:30:07] DELETING ACCOUNTS (JobID: 8ff2286c-fbe1-4b6f-86e7-7a39b81abcb6)
 - Deleted: 0

[20/Aug/2023:07:30:38] UPDATING PRODUCTS (JobID: cbf18d4e-5688-44f2-a2eb-ea15ae4071a5)
 - New and modified: 0

[20/Aug/2023:07:30:41] UPDATING PREPAGATI (JobID: 56c2b3f0-6731-4bd8-8730-2f19d1237e13)
 - New and modified: 0

[20/Aug/2023:07:30:41] DELETING PREPAGATI (JobID: 56c2b3f0-6731-4bd8-8730-2f19d1237e13)
 - Deleted: 0

[20/Aug/2023:08:00:08] UPDATING ACCOUNTS (JobID: c79e2512-ac11-454c-8ecf-e23ec6b7fbba)
 - New and modified: 0

[20/Aug/2023:08:00:08] DELETING ACCOUNTS (JobID: c79e2512-ac11-454c-8ecf-e23ec6b7fbba)
 - Deleted: 0

[20/Aug/2023:08:00:41] UPDATING PRODUCTS (JobID: ada7f543-6d9c-4c16-be4b-2d192374452e)
 - New and modified: 0

[20/Aug/2023:08:00:45] UPDATING PREPAGATI (JobID: 8a9f5ca7-1f2c-419d-a4bf-f1d8cc030a69)
 - New and modified: 0

[20/Aug/2023:08:00:45] DELETING PREPAGATI (JobID: 8a9f5ca7-1f2c-419d-a4bf-f1d8cc030a69)
 - Deleted: 0

[20/Aug/2023:08:30:08] UPDATING ACCOUNTS (JobID: eec0902e-f1c1-4d69-ba32-bde207de430f)
 - New and modified: 0

[20/Aug/2023:08:30:08] DELETING ACCOUNTS (JobID: eec0902e-f1c1-4d69-ba32-bde207de430f)
 - Deleted: 0

[20/Aug/2023:08:30:40] UPDATING PRODUCTS (JobID: 27c2535c-1ed1-4fff-acd2-d3e20b692565)
 - New and modified: 0

[20/Aug/2023:08:30:42] UPDATING PREPAGATI (JobID: 86ded4ae-c42e-4db7-b4cf-4d88eb1cef62)
 - New and modified: 0

[20/Aug/2023:08:30:42] DELETING PREPAGATI (JobID: 86ded4ae-c42e-4db7-b4cf-4d88eb1cef62)
 - Deleted: 0

[20/Aug/2023:09:00:03] UPDATING ACCOUNTS (JobID: aa234e2d-b313-4030-bc38-744be2118026)
 - New and modified: 0

[20/Aug/2023:09:00:03] DELETING ACCOUNTS (JobID: aa234e2d-b313-4030-bc38-744be2118026)
 - Deleted: 0

[20/Aug/2023:09:00:35] UPDATING PRODUCTS (JobID: 7748e47b-1af3-473c-84af-1907639b6893)
 - New and modified: 0

[20/Aug/2023:09:00:37] UPDATING PREPAGATI (JobID: 14ca2f86-5e21-491f-90e5-69246ca38f32)
 - New and modified: 0

[20/Aug/2023:09:00:37] DELETING PREPAGATI (JobID: 14ca2f86-5e21-491f-90e5-69246ca38f32)
 - Deleted: 0

[20/Aug/2023:10:30:05] UPDATING ACCOUNTS (JobID: 47ff25f5-d180-4d9e-bf54-be35d69b762f)
 - New and modified: 0

[20/Aug/2023:10:30:05] DELETING ACCOUNTS (JobID: 47ff25f5-d180-4d9e-bf54-be35d69b762f)
 - Deleted: 0

[20/Aug/2023:10:30:35] UPDATING PRODUCTS (JobID: f4222a9b-b98f-4ab7-a62b-5391dee588b5)
 - New and modified: 0

[20/Aug/2023:10:30:38] UPDATING PREPAGATI (JobID: 1f868010-e256-4286-bda6-020338c0fc7e)
 - New and modified: 0

[20/Aug/2023:10:30:38] DELETING PREPAGATI (JobID: 1f868010-e256-4286-bda6-020338c0fc7e)
 - Deleted: 0

[20/Aug/2023:12:00:04] UPDATING ACCOUNTS (JobID: 259dd751-6ceb-4f2e-afeb-b289f14939eb)
 - New and modified: 0

[20/Aug/2023:12:00:04] DELETING ACCOUNTS (JobID: 259dd751-6ceb-4f2e-afeb-b289f14939eb)
 - Deleted: 0

[20/Aug/2023:12:00:36] UPDATING PRODUCTS (JobID: b3c066f3-4aef-4dac-b2c5-9ff18caddbb2)
 - New and modified: 0

[20/Aug/2023:12:00:43] UPDATING PREPAGATI (JobID: ba67cd41-dac1-4c08-8c74-e1fff2ab02ee)
 - New and modified: 0

[20/Aug/2023:12:00:43] DELETING PREPAGATI (JobID: ba67cd41-dac1-4c08-8c74-e1fff2ab02ee)
 - Deleted: 0

[20/Aug/2023:13:00:08] UPDATING ACCOUNTS (JobID: 3658dbbf-32f0-4a39-b816-8c6fc26f229c)
 - New and modified: 0

[20/Aug/2023:13:00:08] DELETING ACCOUNTS (JobID: 3658dbbf-32f0-4a39-b816-8c6fc26f229c)
 - Deleted: 0

[20/Aug/2023:13:00:41] UPDATING PRODUCTS (JobID: e631778b-a020-4676-9dfd-54e22879f1e3)
 - New and modified: 0

[20/Aug/2023:13:00:44] UPDATING PREPAGATI (JobID: c75a5eb4-3dfc-435f-8588-2e675bd4cb41)
 - New and modified: 0

[20/Aug/2023:13:00:44] DELETING PREPAGATI (JobID: c75a5eb4-3dfc-435f-8588-2e675bd4cb41)
 - Deleted: 0

[20/Aug/2023:14:30:09] UPDATING ACCOUNTS (JobID: 193c0093-57db-4da1-b652-0df89030fe65)
 - New and modified: 0

[20/Aug/2023:14:30:09] DELETING ACCOUNTS (JobID: 193c0093-57db-4da1-b652-0df89030fe65)
 - Deleted: 0

[20/Aug/2023:14:30:41] UPDATING PRODUCTS (JobID: 26052653-b0d7-4c39-8384-069e85869244)
 - New and modified: 0

[20/Aug/2023:14:30:44] UPDATING PREPAGATI (JobID: 1e544ccb-e943-49e0-b93d-581b331b44f3)
 - New and modified: 0

[20/Aug/2023:14:30:44] DELETING PREPAGATI (JobID: 1e544ccb-e943-49e0-b93d-581b331b44f3)
 - Deleted: 0

[20/Aug/2023:15:30:08] UPDATING ACCOUNTS (JobID: 29919cdf-9bac-4e5e-90bf-d02f723a7e22)
 - New and modified: 0

[20/Aug/2023:15:30:08] DELETING ACCOUNTS (JobID: 29919cdf-9bac-4e5e-90bf-d02f723a7e22)
 - Deleted: 0

[20/Aug/2023:15:30:40] UPDATING PRODUCTS (JobID: 27f19395-c656-46a7-baa2-2eba948de776)
 - New and modified: 0

[20/Aug/2023:15:30:43] UPDATING PREPAGATI (JobID: 8a10e8e4-4fd6-4bd5-ac94-69d8cfac7f78)
 - New and modified: 0

[20/Aug/2023:15:30:43] DELETING PREPAGATI (JobID: 8a10e8e4-4fd6-4bd5-ac94-69d8cfac7f78)
 - Deleted: 0

[20/Aug/2023:17:30:07] UPDATING ACCOUNTS (JobID: 9896c835-aba5-4c16-8ad3-a0c5f89c7acf)
 - New and modified: 0

[20/Aug/2023:17:30:07] DELETING ACCOUNTS (JobID: 9896c835-aba5-4c16-8ad3-a0c5f89c7acf)
 - Deleted: 0

[20/Aug/2023:17:30:38] UPDATING PRODUCTS (JobID: 7e6825b6-4f57-40bd-814e-bc4cc06b7058)
 - New and modified: 0

[20/Aug/2023:17:30:41] UPDATING PREPAGATI (JobID: ac011ab0-f5d6-4fd8-9396-3ad13dc9953e)
 - New and modified: 0

[20/Aug/2023:17:30:41] DELETING PREPAGATI (JobID: ac011ab0-f5d6-4fd8-9396-3ad13dc9953e)
 - Deleted: 0

[20/Aug/2023:18:30:05] UPDATING ACCOUNTS (JobID: f59da416-6866-4143-ba74-5a3c0c7f6143)
 - New and modified: 0

[20/Aug/2023:18:30:05] DELETING ACCOUNTS (JobID: f59da416-6866-4143-ba74-5a3c0c7f6143)
 - Deleted: 0

[20/Aug/2023:18:30:36] UPDATING PRODUCTS (JobID: d158c598-8cce-4384-b806-26f7481aaff4)
 - New and modified: 0

[20/Aug/2023:18:30:39] UPDATING PREPAGATI (JobID: fdce56ae-b456-4ed5-83aa-350686d2c1f6)
 - New and modified: 0

[20/Aug/2023:18:30:39] DELETING PREPAGATI (JobID: fdce56ae-b456-4ed5-83aa-350686d2c1f6)
 - Deleted: 0

[20/Aug/2023:19:00:09] UPDATING ACCOUNTS (JobID: bb97063b-7cb5-4f0a-98aa-e59f20bc6c70)
 - New and modified: 0

[20/Aug/2023:19:00:09] DELETING ACCOUNTS (JobID: bb97063b-7cb5-4f0a-98aa-e59f20bc6c70)
 - Deleted: 0

[20/Aug/2023:19:00:41] UPDATING PRODUCTS (JobID: 2803137d-f973-4828-a823-dc1d0633a3f8)
 - New and modified: 0

[20/Aug/2023:19:00:44] UPDATING PREPAGATI (JobID: ee0d0482-9c18-4407-81ff-1c15d917de0b)
 - New and modified: 0

[20/Aug/2023:19:00:44] DELETING PREPAGATI (JobID: ee0d0482-9c18-4407-81ff-1c15d917de0b)
 - Deleted: 0

[20/Aug/2023:22:30:09] UPDATING ACCOUNTS (JobID: f88d3ada-9233-4402-af02-d384d7ac7987)
 - New and modified: 0

[20/Aug/2023:22:30:09] DELETING ACCOUNTS (JobID: f88d3ada-9233-4402-af02-d384d7ac7987)
 - Deleted: 0

[20/Aug/2023:22:30:42] UPDATING PRODUCTS (JobID: dfa1c971-0da9-4780-9719-4fddc1daed2a)
 - New and modified: 0

[20/Aug/2023:22:30:45] UPDATING PREPAGATI (JobID: 0468775b-5946-4913-a473-d2f3fd77f435)
 - New and modified: 0

[20/Aug/2023:22:30:45] DELETING PREPAGATI (JobID: 0468775b-5946-4913-a473-d2f3fd77f435)
 - Deleted: 0

