[03/Aug/2023:00:00:09] UPDATING ACCOUNTS (JobID: 183aa528-df5c-4c4e-8ee6-b6b6c39e6a4e)
 - New and modified: 0

[03/Aug/2023:00:00:09] DELETING ACCOUNTS (JobID: 183aa528-df5c-4c4e-8ee6-b6b6c39e6a4e)
 - Deleted: 0

[03/Aug/2023:00:00:40] UPDATING PRODUCTS (JobID: 35679436-f94f-453b-9858-f4caa4d83201)
 - New and modified: 0

[03/Aug/2023:00:00:43] UPDATING PREPAGATI (JobID: 5399771f-a99b-4e58-bfa3-0acf8cc77515)
 - New and modified: 0

[03/Aug/2023:00:00:43] DELETING PREPAGATI (JobID: 5399771f-a99b-4e58-bfa3-0acf8cc77515)
 - Deleted: 0

[03/Aug/2023:02:30:07] UPDATING ACCOUNTS (JobID: 00a392c4-86a9-4ade-abdc-54d5df841887)
 - New and modified: 0

[03/Aug/2023:02:30:07] DELETING ACCOUNTS (JobID: 00a392c4-86a9-4ade-abdc-54d5df841887)
 - Deleted: 0

[03/Aug/2023:02:30:38] UPDATING PRODUCTS (JobID: ccb0029f-88e4-4b63-8582-34827bfd7eae)
 - New and modified: 0

[03/Aug/2023:02:30:41] UPDATING PREPAGATI (JobID: f9071072-8e6b-4959-9a4c-5fe4c89d4e52)
 - New and modified: 0

[03/Aug/2023:02:30:41] DELETING PREPAGATI (JobID: f9071072-8e6b-4959-9a4c-5fe4c89d4e52)
 - Deleted: 0

[03/Aug/2023:05:00:10] UPDATING ACCOUNTS (JobID: 8b0f153c-29de-48c0-b696-24852bf13127)
 - New and modified: 0

[03/Aug/2023:05:00:10] DELETING ACCOUNTS (JobID: 8b0f153c-29de-48c0-b696-24852bf13127)
 - Deleted: 0

[03/Aug/2023:05:00:40] UPDATING PRODUCTS (JobID: 371c315a-4658-4ba1-828f-ab55e0468d9f)
 - New and modified: 0

[03/Aug/2023:05:00:43] UPDATING PREPAGATI (JobID: d3ead98a-3753-4aa4-88cb-564d5cd7c6a6)
 - New and modified: 0

[03/Aug/2023:05:00:43] DELETING PREPAGATI (JobID: d3ead98a-3753-4aa4-88cb-564d5cd7c6a6)
 - Deleted: 0

[03/Aug/2023:06:30:08] UPDATING ACCOUNTS (JobID: 3ad56423-16d9-4d76-a069-c8fcd811f04b)
 - New and modified: 0

[03/Aug/2023:06:30:08] DELETING ACCOUNTS (JobID: 3ad56423-16d9-4d76-a069-c8fcd811f04b)
 - Deleted: 0

[03/Aug/2023:06:30:41] UPDATING PRODUCTS (JobID: 5780abc4-534d-4e84-af2f-d380fb7fe7c7)
 - New and modified: 0

[03/Aug/2023:06:30:44] UPDATING PREPAGATI (JobID: fe5e80d5-2b22-4377-8341-7efc5b6fa3af)
 - New and modified: 0

[03/Aug/2023:06:30:44] DELETING PREPAGATI (JobID: fe5e80d5-2b22-4377-8341-7efc5b6fa3af)
 - Deleted: 0

[03/Aug/2023:09:00:09] UPDATING ACCOUNTS (JobID: 3c3313f3-5dec-4b88-8305-6f4a4d62dd1f)
 - New and modified: 0

[03/Aug/2023:09:00:09] DELETING ACCOUNTS (JobID: 3c3313f3-5dec-4b88-8305-6f4a4d62dd1f)
 - Deleted: 0

[03/Aug/2023:09:00:42] UPDATING PRODUCTS (JobID: 7e1118ed-598b-4d94-8296-b21b58390d3e)
 - New and modified: 0

[03/Aug/2023:09:00:45] UPDATING PREPAGATI (JobID: 0e242710-33ba-42db-b778-ffea1c6ff9f0)
 - New and modified: 0

[03/Aug/2023:09:00:45] DELETING PREPAGATI (JobID: 0e242710-33ba-42db-b778-ffea1c6ff9f0)
 - Deleted: 0

[03/Aug/2023:09:30:09] UPDATING ACCOUNTS (JobID: 461d72c5-58ce-4c60-8a0f-b4c3af3a351d)
 - New and modified: 0

[03/Aug/2023:09:30:09] DELETING ACCOUNTS (JobID: 461d72c5-58ce-4c60-8a0f-b4c3af3a351d)
 - Deleted: 0

[03/Aug/2023:09:30:38] UPDATING PRODUCTS (JobID: 2eabc1eb-a049-431f-aaca-29243d2bad8d)
 - New and modified: 0

[03/Aug/2023:09:30:41] UPDATING PREPAGATI (JobID: 18649f5d-6e3e-42d6-9230-902c434d839e)
 - New and modified: 0

[03/Aug/2023:09:30:41] DELETING PREPAGATI (JobID: 18649f5d-6e3e-42d6-9230-902c434d839e)
 - Deleted: 0

[03/Aug/2023:14:30:07] UPDATING ACCOUNTS (JobID: addf13fc-e532-4904-b30f-120d2da38e0d)
 - New and modified: 0

[03/Aug/2023:14:30:07] DELETING ACCOUNTS (JobID: addf13fc-e532-4904-b30f-120d2da38e0d)
 - Deleted: 0

[03/Aug/2023:14:30:41] UPDATING PRODUCTS (JobID: f0aaad0a-2988-4c2a-9d2f-4df8b118bc51)
 - New and modified: 2
   116102 BK
   818H5EA

[03/Aug/2023:14:30:44] UPDATING PREPAGATI (JobID: d8768a04-9dbf-47b8-bd5e-a319c2748c48)
 - New and modified: 0

[03/Aug/2023:14:30:44] DELETING PREPAGATI (JobID: d8768a04-9dbf-47b8-bd5e-a319c2748c48)
 - Deleted: 0

[03/Aug/2023:15:00:04] UPDATING ACCOUNTS (JobID: 3d073636-be67-4c40-807f-ab05c2bb3427)
 - New and modified: 0

[03/Aug/2023:15:00:04] DELETING ACCOUNTS (JobID: 3d073636-be67-4c40-807f-ab05c2bb3427)
 - Deleted: 0

[03/Aug/2023:15:00:33] UPDATING PRODUCTS (JobID: 78690379-e747-4e84-82ba-9e96da1d8e74)
 - New and modified: 0

[03/Aug/2023:15:00:35] UPDATING PREPAGATI (JobID: 4ce1931b-e0cb-4138-8de2-1ba1d0394901)
 - New and modified: 0

[03/Aug/2023:15:00:35] DELETING PREPAGATI (JobID: 4ce1931b-e0cb-4138-8de2-1ba1d0394901)
 - Deleted: 0

[03/Aug/2023:16:00:07] UPDATING ACCOUNTS (JobID: bb9090e5-7cc3-49e7-9267-afc140b421f0)
 - New and modified: 0

[03/Aug/2023:16:00:07] DELETING ACCOUNTS (JobID: bb9090e5-7cc3-49e7-9267-afc140b421f0)
 - Deleted: 0

[03/Aug/2023:16:00:37] UPDATING PRODUCTS (JobID: 3570e2f1-aa0c-462c-b0d4-0aaa8d2f3b3d)
 - New and modified: 0

[03/Aug/2023:16:00:40] UPDATING PREPAGATI (JobID: 33188827-3a14-4fdb-8c62-7bbf0efb4df8)
 - New and modified: 0

[03/Aug/2023:16:00:40] DELETING PREPAGATI (JobID: 33188827-3a14-4fdb-8c62-7bbf0efb4df8)
 - Deleted: 0

[03/Aug/2023:17:00:07] UPDATING ACCOUNTS (JobID: 9e7cbf5b-6735-4f8e-a3f5-db53f0465951)
 - New and modified: 0

[03/Aug/2023:17:00:07] DELETING ACCOUNTS (JobID: 9e7cbf5b-6735-4f8e-a3f5-db53f0465951)
 - Deleted: 0

[03/Aug/2023:17:00:37] UPDATING PRODUCTS (JobID: b4c0e402-1e9e-47c5-941f-bb186d6d3ce4)
 - New and modified: 0

[03/Aug/2023:17:00:40] UPDATING PREPAGATI (JobID: 0356cc87-3920-4f81-8de8-26db08624fa5)
 - New and modified: 0

[03/Aug/2023:17:00:40] DELETING PREPAGATI (JobID: 0356cc87-3920-4f81-8de8-26db08624fa5)
 - Deleted: 0

[03/Aug/2023:17:30:04] UPDATING ACCOUNTS (JobID: ddd81642-9ce5-4a4c-86e2-f554dfe4d0ad)
 - New and modified: 0

[03/Aug/2023:17:30:04] DELETING ACCOUNTS (JobID: ddd81642-9ce5-4a4c-86e2-f554dfe4d0ad)
 - Deleted: 0

[03/Aug/2023:17:30:34] UPDATING PRODUCTS (JobID: 0fc5f0ef-17b7-40ac-aa37-a79a9ee0d7da)
 - New and modified: 0

[03/Aug/2023:17:30:36] UPDATING PREPAGATI (JobID: bd12ab43-7859-4bf4-9387-5cd4c40553c9)
 - New and modified: 0

[03/Aug/2023:17:30:36] DELETING PREPAGATI (JobID: bd12ab43-7859-4bf4-9387-5cd4c40553c9)
 - Deleted: 0

[03/Aug/2023:18:00:15] UPDATING ACCOUNTS (JobID: 898236f8-44fd-41d3-bec7-fbb1c032da9b)
 - New and modified: 0

[03/Aug/2023:18:00:15] DELETING ACCOUNTS (JobID: 898236f8-44fd-41d3-bec7-fbb1c032da9b)
 - Deleted: 0

[03/Aug/2023:18:00:54] UPDATING PRODUCTS (JobID: cb9992e2-e793-4a17-bbb2-4d8a2dbb9166)
 - New and modified: 0

[03/Aug/2023:18:00:59] UPDATING PREPAGATI (JobID: 438ac6b6-d902-46fd-882f-c3751fa71a84)
 - New and modified: 0

[03/Aug/2023:18:00:59] DELETING PREPAGATI (JobID: 438ac6b6-d902-46fd-882f-c3751fa71a84)
 - Deleted: 0

[03/Aug/2023:18:30:04] UPDATING ACCOUNTS (JobID: c455eb7a-0957-4e14-8ad1-ba9b04570736)
 - New and modified: 0

[03/Aug/2023:18:30:04] DELETING ACCOUNTS (JobID: c455eb7a-0957-4e14-8ad1-ba9b04570736)
 - Deleted: 0

[03/Aug/2023:18:30:35] UPDATING PRODUCTS (JobID: 61e60a67-391f-4e35-ac9a-93b7612cb6ff)
 - New and modified: 0

[03/Aug/2023:18:30:37] UPDATING PREPAGATI (JobID: de078215-3f05-4641-81bf-68adf7e1eba7)
 - New and modified: 0

[03/Aug/2023:18:30:37] DELETING PREPAGATI (JobID: de078215-3f05-4641-81bf-68adf7e1eba7)
 - Deleted: 0

[03/Aug/2023:19:00:19] UPDATING ACCOUNTS (JobID: ab3ce0b9-dac1-4891-8d0e-5c58adeeb4e2)
 - New and modified: 0

[03/Aug/2023:19:00:19] DELETING ACCOUNTS (JobID: ab3ce0b9-dac1-4891-8d0e-5c58adeeb4e2)
 - Deleted: 0

[03/Aug/2023:19:00:51] UPDATING PRODUCTS (JobID: 0bf3c56a-420c-4a8e-93d3-b8d7d8124f7a)
 - New and modified: 0

[03/Aug/2023:19:00:53] UPDATING PREPAGATI (JobID: b26d6822-32cc-432c-8509-c135118059c3)
 - New and modified: 0

[03/Aug/2023:19:00:53] DELETING PREPAGATI (JobID: b26d6822-32cc-432c-8509-c135118059c3)
 - Deleted: 0

[03/Aug/2023:22:30:07] UPDATING ACCOUNTS (JobID: 55b9a7ef-ba9a-4a18-9ca6-9d56e2976fea)
 - New and modified: 0

[03/Aug/2023:22:30:07] DELETING ACCOUNTS (JobID: 55b9a7ef-ba9a-4a18-9ca6-9d56e2976fea)
 - Deleted: 0

[03/Aug/2023:22:30:38] UPDATING PRODUCTS (JobID: 7df76f9b-48b4-4826-9d72-ef1e27ca099c)
 - New and modified: 0

[03/Aug/2023:22:30:42] UPDATING PREPAGATI (JobID: 19f0ee09-f720-4aea-ad4b-b5d655b5dd60)
 - New and modified: 0

[03/Aug/2023:22:30:42] DELETING PREPAGATI (JobID: 19f0ee09-f720-4aea-ad4b-b5d655b5dd60)
 - Deleted: 0

[03/Aug/2023:23:30:09] UPDATING ACCOUNTS (JobID: 636a11ee-23b4-4704-9ad2-77fae734f1de)
 - New and modified: 0

[03/Aug/2023:23:30:09] DELETING ACCOUNTS (JobID: 636a11ee-23b4-4704-9ad2-77fae734f1de)
 - Deleted: 0

[03/Aug/2023:23:30:41] UPDATING PRODUCTS (JobID: 4c603e19-6374-46d9-959c-7721fdec58ff)
 - New and modified: 0

[03/Aug/2023:23:30:44] UPDATING PREPAGATI (JobID: 6102b4d2-24c5-4b13-b96b-80799ec39c65)
 - New and modified: 0

[03/Aug/2023:23:30:44] DELETING PREPAGATI (JobID: 6102b4d2-24c5-4b13-b96b-80799ec39c65)
 - Deleted: 0

