[21/Jun/2023:00:00:04] UPDATING ACCOUNTS (JobID: 80de6d2b-da16-4a0f-9ecd-f8a070d1c67a)
 - New and modified: 0

[21/Jun/2023:00:00:04] DELETING ACCOUNTS (JobID: 80de6d2b-da16-4a0f-9ecd-f8a070d1c67a)
 - Deleted: 0

[21/Jun/2023:00:00:35] UPDATING PRODUCTS (JobID: a13996d0-530f-4347-84b1-8da0fa0c62c9)
 - New and modified: 0

[21/Jun/2023:00:00:36] UPDATING PREPAGATI (JobID: ffee1eae-b566-4086-9a71-094f48497e1a)
 - New and modified: 0

[21/Jun/2023:00:00:36] DELETING PREPAGATI (JobID: ffee1eae-b566-4086-9a71-094f48497e1a)
 - Deleted: 0

[21/Jun/2023:00:10:04] UPDATING ACCOUNTS (JobID: a63e2c97-74be-4596-ae0c-09d86052d2d5)
 - New and modified: 0

[21/Jun/2023:00:10:04] DELETING ACCOUNTS (JobID: a63e2c97-74be-4596-ae0c-09d86052d2d5)
 - Deleted: 0

[21/Jun/2023:00:10:36] UPDATING PRODUCTS (JobID: 4330bf75-da56-462f-a7d5-3b05b0f363a3)
 - New and modified: 0

[21/Jun/2023:00:10:38] UPDATING PREPAGATI (JobID: 39edd21a-ee63-49cc-abdc-f169c112baa7)
 - New and modified: 0

[21/Jun/2023:00:10:38] DELETING PREPAGATI (JobID: 39edd21a-ee63-49cc-abdc-f169c112baa7)
 - Deleted: 0

[21/Jun/2023:00:20:05] UPDATING ACCOUNTS (JobID: 931ea0e4-1406-44ab-859d-88f576266530)
 - New and modified: 0

[21/Jun/2023:00:20:05] DELETING ACCOUNTS (JobID: 931ea0e4-1406-44ab-859d-88f576266530)
 - Deleted: 0

[21/Jun/2023:00:20:36] UPDATING PRODUCTS (JobID: 41cc3eff-6323-4fb4-9c2f-dc7bf1496f9a)
 - New and modified: 0

[21/Jun/2023:00:20:38] UPDATING PREPAGATI (JobID: 49d01f18-eea5-4b3e-8d58-be7d5b957847)
 - New and modified: 0

[21/Jun/2023:00:20:38] DELETING PREPAGATI (JobID: 49d01f18-eea5-4b3e-8d58-be7d5b957847)
 - Deleted: 0

[21/Jun/2023:00:30:04] UPDATING ACCOUNTS (JobID: b9e4e1da-13a4-4c56-83b5-c143b5a70853)
 - New and modified: 0

[21/Jun/2023:00:30:04] DELETING ACCOUNTS (JobID: b9e4e1da-13a4-4c56-83b5-c143b5a70853)
 - Deleted: 0

[21/Jun/2023:00:30:35] UPDATING PRODUCTS (JobID: 9522511c-a463-4522-b65e-011b1e93a042)
 - New and modified: 0

[21/Jun/2023:00:30:37] UPDATING PREPAGATI (JobID: 838d2bfc-94bc-4a2f-bef5-868c86d993be)
 - New and modified: 0

[21/Jun/2023:00:30:37] DELETING PREPAGATI (JobID: 838d2bfc-94bc-4a2f-bef5-868c86d993be)
 - Deleted: 0

[21/Jun/2023:00:50:03] UPDATING ACCOUNTS (JobID: 6c84340f-b2c6-474a-9270-9f7f0348864d)
 - New and modified: 0

[21/Jun/2023:00:50:03] DELETING ACCOUNTS (JobID: 6c84340f-b2c6-474a-9270-9f7f0348864d)
 - Deleted: 0

[21/Jun/2023:00:50:35] UPDATING PRODUCTS (JobID: f55bdbfc-687a-4ddf-a428-9a4313c914db)
 - New and modified: 0

[21/Jun/2023:00:50:37] UPDATING PREPAGATI (JobID: 406bf880-eede-4a64-ba06-a703386b5a2d)
 - New and modified: 0

[21/Jun/2023:00:50:37] DELETING PREPAGATI (JobID: 406bf880-eede-4a64-ba06-a703386b5a2d)
 - Deleted: 0

[21/Jun/2023:01:00:04] UPDATING ACCOUNTS (JobID: 7a041696-c62c-4d75-8693-142c4d926a59)
 - New and modified: 0

[21/Jun/2023:01:00:04] DELETING ACCOUNTS (JobID: 7a041696-c62c-4d75-8693-142c4d926a59)
 - Deleted: 0

[21/Jun/2023:01:00:35] UPDATING PRODUCTS (JobID: 073d220c-c11a-4ff9-915d-b284b14102e5)
 - New and modified: 0

[21/Jun/2023:01:00:37] UPDATING PREPAGATI (JobID: de6dc160-e945-4c80-9655-841aec0ed2e3)
 - New and modified: 0

[21/Jun/2023:01:00:37] DELETING PREPAGATI (JobID: de6dc160-e945-4c80-9655-841aec0ed2e3)
 - Deleted: 0

[21/Jun/2023:01:10:04] UPDATING ACCOUNTS (JobID: d8e5c5c8-f98b-4701-b093-90ae157a801c)
 - New and modified: 0

[21/Jun/2023:01:10:04] DELETING ACCOUNTS (JobID: d8e5c5c8-f98b-4701-b093-90ae157a801c)
 - Deleted: 0

[21/Jun/2023:01:10:41] UPDATING PRODUCTS (JobID: 4818511b-af5f-49d5-8c89-4ab8b74a8515)
 - New and modified: 0

[21/Jun/2023:01:10:43] UPDATING PREPAGATI (JobID: c66c7a82-2273-452f-b972-c9e25e6a7054)
 - New and modified: 0

[21/Jun/2023:01:10:43] DELETING PREPAGATI (JobID: c66c7a82-2273-452f-b972-c9e25e6a7054)
 - Deleted: 0

[21/Jun/2023:01:20:04] UPDATING ACCOUNTS (JobID: f2b00a9c-e496-4360-84f0-e3590c2cf553)
 - New and modified: 0

[21/Jun/2023:01:20:04] DELETING ACCOUNTS (JobID: f2b00a9c-e496-4360-84f0-e3590c2cf553)
 - Deleted: 0

[21/Jun/2023:01:20:39] UPDATING PRODUCTS (JobID: 9f6b9ee3-d9e4-45f6-8333-b00901580ec5)
 - New and modified: 0

[21/Jun/2023:01:20:41] UPDATING PREPAGATI (JobID: 09ff2620-cf15-479b-8698-4c4cc26e2a06)
 - New and modified: 0

[21/Jun/2023:01:20:41] DELETING PREPAGATI (JobID: 09ff2620-cf15-479b-8698-4c4cc26e2a06)
 - Deleted: 0

[21/Jun/2023:01:30:05] UPDATING ACCOUNTS (JobID: 06bca1a3-5019-4f7a-a8ed-8cba12de1f1f)
 - New and modified: 0

[21/Jun/2023:01:30:05] DELETING ACCOUNTS (JobID: 06bca1a3-5019-4f7a-a8ed-8cba12de1f1f)
 - Deleted: 0

[21/Jun/2023:01:30:38] UPDATING PRODUCTS (JobID: bc657c82-f8b1-41c6-9c28-cd9559f262ed)
 - New and modified: 0

[21/Jun/2023:01:30:40] UPDATING PREPAGATI (JobID: 17689db1-47ab-46e6-8647-e4e539920044)
 - New and modified: 0

[21/Jun/2023:01:30:40] DELETING PREPAGATI (JobID: 17689db1-47ab-46e6-8647-e4e539920044)
 - Deleted: 0

[21/Jun/2023:01:40:04] UPDATING ACCOUNTS (JobID: f5a60653-078c-42f2-9a2f-bdfb6ac6297d)
 - New and modified: 0

[21/Jun/2023:01:40:04] DELETING ACCOUNTS (JobID: f5a60653-078c-42f2-9a2f-bdfb6ac6297d)
 - Deleted: 0

[21/Jun/2023:01:40:37] UPDATING PRODUCTS (JobID: a0caebbb-d64f-4133-8f7d-87cfc26ff62e)
 - New and modified: 0

[21/Jun/2023:01:40:39] UPDATING PREPAGATI (JobID: cac6e0ed-dafe-4407-b360-ab6833768b85)
 - New and modified: 0

[21/Jun/2023:01:40:39] DELETING PREPAGATI (JobID: cac6e0ed-dafe-4407-b360-ab6833768b85)
 - Deleted: 0

[21/Jun/2023:01:50:06] UPDATING ACCOUNTS (JobID: f5806b2e-8ab0-4725-b586-4f0eac3be360)
 - New and modified: 0

[21/Jun/2023:01:50:06] DELETING ACCOUNTS (JobID: f5806b2e-8ab0-4725-b586-4f0eac3be360)
 - Deleted: 0

[21/Jun/2023:01:50:40] UPDATING PRODUCTS (JobID: 55b8b61b-5a5c-48e3-af52-269cb4c53c39)
 - New and modified: 0

[21/Jun/2023:01:50:42] UPDATING PREPAGATI (JobID: c137eafb-4112-450f-9e1c-e24c2dc42396)
 - New and modified: 0

[21/Jun/2023:01:50:42] DELETING PREPAGATI (JobID: c137eafb-4112-450f-9e1c-e24c2dc42396)
 - Deleted: 0

[21/Jun/2023:02:00:04] UPDATING ACCOUNTS (JobID: ca966755-5973-41c4-a127-415ea1fc2814)
 - New and modified: 0

[21/Jun/2023:02:00:04] DELETING ACCOUNTS (JobID: ca966755-5973-41c4-a127-415ea1fc2814)
 - Deleted: 0

[21/Jun/2023:02:00:38] UPDATING PRODUCTS (JobID: 9def31e6-ad11-4ba4-93f6-e4022535a1b0)
 - New and modified: 0

[21/Jun/2023:02:00:40] UPDATING PREPAGATI (JobID: 622d3370-d986-4d52-b033-f71caf5b3c93)
 - New and modified: 0

[21/Jun/2023:02:00:40] DELETING PREPAGATI (JobID: 622d3370-d986-4d52-b033-f71caf5b3c93)
 - Deleted: 0

[21/Jun/2023:02:10:05] UPDATING ACCOUNTS (JobID: c5214f74-528b-45b2-ad52-955c2135704e)
 - New and modified: 0

[21/Jun/2023:02:10:05] DELETING ACCOUNTS (JobID: c5214f74-528b-45b2-ad52-955c2135704e)
 - Deleted: 0

[21/Jun/2023:02:10:38] UPDATING PRODUCTS (JobID: 82c36e28-38ae-40b9-b715-ada14c930631)
 - New and modified: 0

[21/Jun/2023:02:10:40] UPDATING PREPAGATI (JobID: 8dafde1a-e813-4640-be25-28ad0ee09adc)
 - New and modified: 0

[21/Jun/2023:02:10:40] DELETING PREPAGATI (JobID: 8dafde1a-e813-4640-be25-28ad0ee09adc)
 - Deleted: 0

[21/Jun/2023:02:20:04] UPDATING ACCOUNTS (JobID: 96fddd20-497a-4e94-bc37-70ff8fd69394)
 - New and modified: 0

[21/Jun/2023:02:20:04] DELETING ACCOUNTS (JobID: 96fddd20-497a-4e94-bc37-70ff8fd69394)
 - Deleted: 0

[21/Jun/2023:02:20:37] UPDATING PRODUCTS (JobID: f826d66e-c2a7-46ee-8f23-39c955da49e5)
 - New and modified: 0

[21/Jun/2023:02:20:38] UPDATING PREPAGATI (JobID: b3005ce6-c37e-40aa-b1b2-0e99ea1a4763)
 - New and modified: 0

[21/Jun/2023:02:20:38] DELETING PREPAGATI (JobID: b3005ce6-c37e-40aa-b1b2-0e99ea1a4763)
 - Deleted: 0

[21/Jun/2023:02:30:04] UPDATING ACCOUNTS (JobID: c54fe2ad-2260-4058-9b96-7709c1956b2b)
 - New and modified: 0

[21/Jun/2023:02:30:04] DELETING ACCOUNTS (JobID: c54fe2ad-2260-4058-9b96-7709c1956b2b)
 - Deleted: 0

[21/Jun/2023:02:30:36] UPDATING PRODUCTS (JobID: f2e47e09-213f-45ed-bb89-862cca8e7350)
 - New and modified: 0

[21/Jun/2023:02:30:38] UPDATING PREPAGATI (JobID: 7e58021f-6f12-47c3-ace1-2735a013a033)
 - New and modified: 0

[21/Jun/2023:02:30:38] DELETING PREPAGATI (JobID: 7e58021f-6f12-47c3-ace1-2735a013a033)
 - Deleted: 0

[21/Jun/2023:02:40:04] UPDATING ACCOUNTS (JobID: 36e1e3a9-5a1a-4de0-952b-4a473b6e6d32)
 - New and modified: 0

[21/Jun/2023:02:40:04] DELETING ACCOUNTS (JobID: 36e1e3a9-5a1a-4de0-952b-4a473b6e6d32)
 - Deleted: 0

[21/Jun/2023:02:40:35] UPDATING PRODUCTS (JobID: 34131921-457b-475d-96fa-2cb1cde47ec5)
 - New and modified: 0

[21/Jun/2023:02:40:37] UPDATING PREPAGATI (JobID: 6d399e59-c8e7-41ce-a85b-a99df0bda499)
 - New and modified: 0

[21/Jun/2023:02:40:37] DELETING PREPAGATI (JobID: 6d399e59-c8e7-41ce-a85b-a99df0bda499)
 - Deleted: 0

[21/Jun/2023:02:50:05] UPDATING ACCOUNTS (JobID: 0af135f0-0003-41a9-aaea-edcba1d2457b)
 - New and modified: 0

[21/Jun/2023:02:50:05] DELETING ACCOUNTS (JobID: 0af135f0-0003-41a9-aaea-edcba1d2457b)
 - Deleted: 0

[21/Jun/2023:02:50:36] UPDATING PRODUCTS (JobID: 9294afa3-901e-433e-9c82-0b894483b0d9)
 - New and modified: 0

[21/Jun/2023:02:50:38] UPDATING PREPAGATI (JobID: 543b5072-f37d-4e9d-9b74-07dd0317ef6c)
 - New and modified: 0

[21/Jun/2023:02:50:38] DELETING PREPAGATI (JobID: 543b5072-f37d-4e9d-9b74-07dd0317ef6c)
 - Deleted: 0

[21/Jun/2023:03:00:04] UPDATING ACCOUNTS (JobID: a12d7f1c-9a3b-4cca-b9d1-ff5efb180419)
 - New and modified: 0

[21/Jun/2023:03:00:04] DELETING ACCOUNTS (JobID: a12d7f1c-9a3b-4cca-b9d1-ff5efb180419)
 - Deleted: 0

[21/Jun/2023:03:00:36] UPDATING PRODUCTS (JobID: dbaeb8ad-eb14-44d7-9532-2cc861b5abbf)
 - New and modified: 0

[21/Jun/2023:03:00:38] UPDATING PREPAGATI (JobID: 90786dfb-29c3-48ad-8bc6-28e4ab949135)
 - New and modified: 0

[21/Jun/2023:03:00:38] DELETING PREPAGATI (JobID: 90786dfb-29c3-48ad-8bc6-28e4ab949135)
 - Deleted: 0

[21/Jun/2023:03:10:04] UPDATING ACCOUNTS (JobID: cee43bac-9bc5-4fd2-990c-0f71ee53fd5d)
 - New and modified: 0

[21/Jun/2023:03:10:04] DELETING ACCOUNTS (JobID: cee43bac-9bc5-4fd2-990c-0f71ee53fd5d)
 - Deleted: 0

[21/Jun/2023:03:10:38] UPDATING PRODUCTS (JobID: 8f49f61b-8372-45b5-b33d-bc4aa24e532b)
 - New and modified: 0

[21/Jun/2023:03:10:40] UPDATING PREPAGATI (JobID: 9687aa6e-5a0e-4554-b44e-32489bcb8cd3)
 - New and modified: 0

[21/Jun/2023:03:10:40] DELETING PREPAGATI (JobID: 9687aa6e-5a0e-4554-b44e-32489bcb8cd3)
 - Deleted: 0

[21/Jun/2023:03:20:04] UPDATING ACCOUNTS (JobID: 1b7c250d-277c-48c3-b2db-e5036c007638)
 - New and modified: 0

[21/Jun/2023:03:20:04] DELETING ACCOUNTS (JobID: 1b7c250d-277c-48c3-b2db-e5036c007638)
 - Deleted: 0

[21/Jun/2023:03:20:37] UPDATING PRODUCTS (JobID: c6800ba4-76dc-4610-8e99-6974f3b5cf4a)
 - New and modified: 0

[21/Jun/2023:03:20:39] UPDATING PREPAGATI (JobID: 3b03a25c-d7b3-4f68-95a9-516fa660796d)
 - New and modified: 0

[21/Jun/2023:03:20:39] DELETING PREPAGATI (JobID: 3b03a25c-d7b3-4f68-95a9-516fa660796d)
 - Deleted: 0

[21/Jun/2023:03:30:04] UPDATING ACCOUNTS (JobID: b43617a1-d67e-44d1-8b38-b9e545462308)
 - New and modified: 0

[21/Jun/2023:03:30:04] DELETING ACCOUNTS (JobID: b43617a1-d67e-44d1-8b38-b9e545462308)
 - Deleted: 0

[21/Jun/2023:03:30:41] UPDATING PRODUCTS (JobID: 3abdf8b3-4053-4cb0-8dc0-f452a7469ea6)
 - New and modified: 0

[21/Jun/2023:03:30:43] UPDATING PREPAGATI (JobID: ed6c093b-dc83-47f3-8e95-bcbe1d1d068e)
 - New and modified: 0

[21/Jun/2023:03:30:43] DELETING PREPAGATI (JobID: ed6c093b-dc83-47f3-8e95-bcbe1d1d068e)
 - Deleted: 0

[21/Jun/2023:03:40:04] UPDATING ACCOUNTS (JobID: 9c2cba33-47d6-458f-a827-25c371731585)
 - New and modified: 0

[21/Jun/2023:03:40:04] DELETING ACCOUNTS (JobID: 9c2cba33-47d6-458f-a827-25c371731585)
 - Deleted: 0

[21/Jun/2023:03:40:38] UPDATING PRODUCTS (JobID: 136e4605-3883-4f4d-96e4-905b703d282f)
 - New and modified: 0

[21/Jun/2023:03:40:40] UPDATING PREPAGATI (JobID: 039fc2fb-3405-48ec-9d71-361b8e4f4cf0)
 - New and modified: 0

[21/Jun/2023:03:40:40] DELETING PREPAGATI (JobID: 039fc2fb-3405-48ec-9d71-361b8e4f4cf0)
 - Deleted: 0

[21/Jun/2023:03:50:04] UPDATING ACCOUNTS (JobID: f31dd397-837a-423e-803c-665a95c3268e)
 - New and modified: 0

[21/Jun/2023:03:50:04] DELETING ACCOUNTS (JobID: f31dd397-837a-423e-803c-665a95c3268e)
 - Deleted: 0

[21/Jun/2023:03:50:41] UPDATING PRODUCTS (JobID: 978cc973-71c7-43ce-8b27-5a7bfb62dea4)
 - New and modified: 0

[21/Jun/2023:03:50:43] UPDATING PREPAGATI (JobID: 2c6c26b7-83b1-4166-8b6a-79dd79249445)
 - New and modified: 0

[21/Jun/2023:03:50:43] DELETING PREPAGATI (JobID: 2c6c26b7-83b1-4166-8b6a-79dd79249445)
 - Deleted: 0

[21/Jun/2023:04:00:04] UPDATING ACCOUNTS (JobID: 5d42daa0-4b15-4082-8eda-9b9cf189223f)
 - New and modified: 0

[21/Jun/2023:04:00:04] DELETING ACCOUNTS (JobID: 5d42daa0-4b15-4082-8eda-9b9cf189223f)
 - Deleted: 0

[21/Jun/2023:04:00:37] UPDATING PRODUCTS (JobID: 603c90de-fa34-43ef-bbb2-ba7667066135)
 - New and modified: 0

[21/Jun/2023:04:00:39] UPDATING PREPAGATI (JobID: e6ff7020-7aa3-4ba5-8f1c-8df77133023f)
 - New and modified: 0

[21/Jun/2023:04:00:39] DELETING PREPAGATI (JobID: e6ff7020-7aa3-4ba5-8f1c-8df77133023f)
 - Deleted: 0

[21/Jun/2023:04:10:04] UPDATING ACCOUNTS (JobID: 2584b930-866b-4520-a74a-7641fc572896)
 - New and modified: 0

[21/Jun/2023:04:10:04] DELETING ACCOUNTS (JobID: 2584b930-866b-4520-a74a-7641fc572896)
 - Deleted: 0

[21/Jun/2023:04:10:37] UPDATING PRODUCTS (JobID: 006ed6fd-d9e8-4fb6-9d86-d81bc946906f)
 - New and modified: 0

[21/Jun/2023:04:10:39] UPDATING PREPAGATI (JobID: 80a965a6-89b3-4e78-8fed-37d62220ce92)
 - New and modified: 0

[21/Jun/2023:04:10:39] DELETING PREPAGATI (JobID: 80a965a6-89b3-4e78-8fed-37d62220ce92)
 - Deleted: 0

[21/Jun/2023:04:20:04] UPDATING ACCOUNTS (JobID: c5d9036a-8945-482d-8be0-9a0c6642dc9a)
 - New and modified: 0

[21/Jun/2023:04:20:04] DELETING ACCOUNTS (JobID: c5d9036a-8945-482d-8be0-9a0c6642dc9a)
 - Deleted: 0

[21/Jun/2023:04:20:37] UPDATING PRODUCTS (JobID: 0159f85c-9fa7-4e04-a3c7-2e11d0c31bd7)
 - New and modified: 0

[21/Jun/2023:04:20:38] UPDATING PREPAGATI (JobID: c73f898c-183a-405c-81e9-298bdc1ef187)
 - New and modified: 0

[21/Jun/2023:04:20:39] DELETING PREPAGATI (JobID: c73f898c-183a-405c-81e9-298bdc1ef187)
 - Deleted: 0

[21/Jun/2023:04:30:04] UPDATING ACCOUNTS (JobID: 25bd321d-ec28-4c20-8816-f611b72ee9f5)
 - New and modified: 0

[21/Jun/2023:04:30:04] DELETING ACCOUNTS (JobID: 25bd321d-ec28-4c20-8816-f611b72ee9f5)
 - Deleted: 0

[21/Jun/2023:04:30:37] UPDATING PRODUCTS (JobID: 088446f7-7e12-4369-bb10-2665c55f1847)
 - New and modified: 0

[21/Jun/2023:04:30:39] UPDATING PREPAGATI (JobID: 7446be5f-8de4-4ede-854b-7d4a829307ae)
 - New and modified: 0

[21/Jun/2023:04:30:39] DELETING PREPAGATI (JobID: 7446be5f-8de4-4ede-854b-7d4a829307ae)
 - Deleted: 0

[21/Jun/2023:04:40:04] UPDATING ACCOUNTS (JobID: 9a6d4984-0d1d-40a6-897e-5a42c0481b68)
 - New and modified: 0

[21/Jun/2023:04:40:04] DELETING ACCOUNTS (JobID: 9a6d4984-0d1d-40a6-897e-5a42c0481b68)
 - Deleted: 0

[21/Jun/2023:04:40:37] UPDATING PRODUCTS (JobID: 23adec7c-be05-48b9-9547-3701b07e1b95)
 - New and modified: 0

[21/Jun/2023:04:40:39] UPDATING PREPAGATI (JobID: 91c560bf-a025-42b3-9030-14715cb77db2)
 - New and modified: 0

[21/Jun/2023:04:40:39] DELETING PREPAGATI (JobID: 91c560bf-a025-42b3-9030-14715cb77db2)
 - Deleted: 0

[21/Jun/2023:04:50:04] UPDATING ACCOUNTS (JobID: fbc4c1b9-c414-4803-bb59-de89dc5b8036)
 - New and modified: 0

[21/Jun/2023:04:50:04] DELETING ACCOUNTS (JobID: fbc4c1b9-c414-4803-bb59-de89dc5b8036)
 - Deleted: 0

[21/Jun/2023:04:50:36] UPDATING PRODUCTS (JobID: 1041aee9-4ee1-464d-8b28-f840f5d1ddee)
 - New and modified: 0

[21/Jun/2023:04:50:38] UPDATING PREPAGATI (JobID: bb4ea5a5-a2f3-43db-9cd4-654aec63e625)
 - New and modified: 0

[21/Jun/2023:04:50:38] DELETING PREPAGATI (JobID: bb4ea5a5-a2f3-43db-9cd4-654aec63e625)
 - Deleted: 0

[21/Jun/2023:05:00:04] UPDATING ACCOUNTS (JobID: e84ccd0f-b674-431c-b786-5d9cb31ed20f)
 - New and modified: 0

[21/Jun/2023:05:00:04] DELETING ACCOUNTS (JobID: e84ccd0f-b674-431c-b786-5d9cb31ed20f)
 - Deleted: 0

[21/Jun/2023:05:00:35] UPDATING PRODUCTS (JobID: a90ec1f6-484e-4599-9719-9f332d2fa838)
 - New and modified: 0

[21/Jun/2023:05:00:36] UPDATING PREPAGATI (JobID: a6e9b104-d946-4d71-a5be-5f957e658294)
 - New and modified: 0

[21/Jun/2023:05:00:36] DELETING PREPAGATI (JobID: a6e9b104-d946-4d71-a5be-5f957e658294)
 - Deleted: 0

[21/Jun/2023:05:10:04] UPDATING ACCOUNTS (JobID: f49926c6-5b04-45c5-b91e-157099f72ccb)
 - New and modified: 0

[21/Jun/2023:05:10:04] DELETING ACCOUNTS (JobID: f49926c6-5b04-45c5-b91e-157099f72ccb)
 - Deleted: 0

[21/Jun/2023:05:10:36] UPDATING PRODUCTS (JobID: 6e41c188-153e-47aa-9226-482c1d15c2ed)
 - New and modified: 0

[21/Jun/2023:05:10:38] UPDATING PREPAGATI (JobID: 7d8be697-7d16-4a07-ae4c-323ea24d8e08)
 - New and modified: 0

[21/Jun/2023:05:10:38] DELETING PREPAGATI (JobID: 7d8be697-7d16-4a07-ae4c-323ea24d8e08)
 - Deleted: 0

[21/Jun/2023:05:20:04] UPDATING ACCOUNTS (JobID: 0c1b12b8-6017-4eb7-a9cc-07002829b532)
 - New and modified: 0

[21/Jun/2023:05:20:04] DELETING ACCOUNTS (JobID: 0c1b12b8-6017-4eb7-a9cc-07002829b532)
 - Deleted: 0

[21/Jun/2023:05:20:36] UPDATING PRODUCTS (JobID: d76ff334-8888-4888-af93-fd49e085ada2)
 - New and modified: 0

[21/Jun/2023:05:20:38] UPDATING PREPAGATI (JobID: 86847e16-e276-401b-a27a-a8f4eb18f468)
 - New and modified: 0

[21/Jun/2023:05:20:38] DELETING PREPAGATI (JobID: 86847e16-e276-401b-a27a-a8f4eb18f468)
 - Deleted: 0

[21/Jun/2023:05:30:04] UPDATING ACCOUNTS (JobID: 4769df54-9f7a-4737-9b42-2bc6b2d9ed33)
 - New and modified: 0

[21/Jun/2023:05:30:04] DELETING ACCOUNTS (JobID: 4769df54-9f7a-4737-9b42-2bc6b2d9ed33)
 - Deleted: 0

[21/Jun/2023:05:30:35] UPDATING PRODUCTS (JobID: f10415bd-25ea-4000-984c-9c038c1f3ba8)
 - New and modified: 0

[21/Jun/2023:05:30:37] UPDATING PREPAGATI (JobID: 06c63abb-86ee-4fbf-9685-db119afa6a34)
 - New and modified: 0

[21/Jun/2023:05:30:37] DELETING PREPAGATI (JobID: 06c63abb-86ee-4fbf-9685-db119afa6a34)
 - Deleted: 0

[21/Jun/2023:05:40:04] UPDATING ACCOUNTS (JobID: a0a2e173-a16e-46b0-b6c9-0012932ebcfd)
 - New and modified: 0

[21/Jun/2023:05:40:04] DELETING ACCOUNTS (JobID: a0a2e173-a16e-46b0-b6c9-0012932ebcfd)
 - Deleted: 0

[21/Jun/2023:05:40:38] UPDATING PRODUCTS (JobID: a27e271d-e305-4f6f-aec6-297bc8d0dd19)
 - New and modified: 0

[21/Jun/2023:05:40:40] UPDATING PREPAGATI (JobID: 562d0f3f-47f6-4583-a5fa-d7e6e9c9e41a)
 - New and modified: 0

[21/Jun/2023:05:40:40] DELETING PREPAGATI (JobID: 562d0f3f-47f6-4583-a5fa-d7e6e9c9e41a)
 - Deleted: 0

[21/Jun/2023:05:50:04] UPDATING ACCOUNTS (JobID: 788b7dea-b36c-4a4b-ad3a-f3a747178f1b)
 - New and modified: 0

[21/Jun/2023:05:50:04] DELETING ACCOUNTS (JobID: 788b7dea-b36c-4a4b-ad3a-f3a747178f1b)
 - Deleted: 0

[21/Jun/2023:05:50:35] UPDATING PRODUCTS (JobID: bcbb9322-285b-41a8-b077-3e4d8d8cb9eb)
 - New and modified: 0

[21/Jun/2023:05:50:37] UPDATING PREPAGATI (JobID: be7db930-20ac-4c22-ab69-47b300ba1243)
 - New and modified: 0

[21/Jun/2023:05:50:37] DELETING PREPAGATI (JobID: be7db930-20ac-4c22-ab69-47b300ba1243)
 - Deleted: 0

[21/Jun/2023:06:00:04] UPDATING ACCOUNTS (JobID: 7d5e7652-57a4-4bf4-8f9b-8b86ec0e1c78)
 - New and modified: 0

[21/Jun/2023:06:00:04] DELETING ACCOUNTS (JobID: 7d5e7652-57a4-4bf4-8f9b-8b86ec0e1c78)
 - Deleted: 0

[21/Jun/2023:06:00:37] UPDATING PRODUCTS (JobID: 791c17a3-a3e3-4703-8cb0-aef5574ee0d9)
 - New and modified: 0

[21/Jun/2023:06:00:39] UPDATING PREPAGATI (JobID: 80ac83dc-6d5e-4753-b0c5-9386f4f82ea9)
 - New and modified: 0

[21/Jun/2023:06:00:39] DELETING PREPAGATI (JobID: 80ac83dc-6d5e-4753-b0c5-9386f4f82ea9)
 - Deleted: 0

[21/Jun/2023:06:10:04] UPDATING ACCOUNTS (JobID: 3dceca66-7747-4d86-8957-e1c2aac65d9f)
 - New and modified: 0

[21/Jun/2023:06:10:04] DELETING ACCOUNTS (JobID: 3dceca66-7747-4d86-8957-e1c2aac65d9f)
 - Deleted: 0

[21/Jun/2023:06:10:38] UPDATING PRODUCTS (JobID: f60a2c6a-a344-4522-b4e9-87d3929d121b)
 - New and modified: 0

[21/Jun/2023:06:10:40] UPDATING PREPAGATI (JobID: e95682ef-49d5-4e53-833f-13f99154061a)
 - New and modified: 0

[21/Jun/2023:06:10:40] DELETING PREPAGATI (JobID: e95682ef-49d5-4e53-833f-13f99154061a)
 - Deleted: 0

[21/Jun/2023:06:20:05] UPDATING ACCOUNTS (JobID: 2fffe78d-d975-4249-81d7-27cecc693f03)
 - New and modified: 0

[21/Jun/2023:06:20:05] DELETING ACCOUNTS (JobID: 2fffe78d-d975-4249-81d7-27cecc693f03)
 - Deleted: 0

[21/Jun/2023:06:20:40] UPDATING PRODUCTS (JobID: a899d9b6-0dff-457b-ac2c-8d226707f473)
 - New and modified: 0

[21/Jun/2023:06:20:41] UPDATING PREPAGATI (JobID: d5b9490e-980b-4944-90a7-820bbf0efc05)
 - New and modified: 0

[21/Jun/2023:06:20:41] DELETING PREPAGATI (JobID: d5b9490e-980b-4944-90a7-820bbf0efc05)
 - Deleted: 0

[21/Jun/2023:06:30:05] UPDATING ACCOUNTS (JobID: 2cc7d097-b509-43f5-a93b-503b3b24a6d8)
 - New and modified: 0

[21/Jun/2023:06:30:05] DELETING ACCOUNTS (JobID: 2cc7d097-b509-43f5-a93b-503b3b24a6d8)
 - Deleted: 0

[21/Jun/2023:06:30:38] UPDATING PRODUCTS (JobID: 66bc4ed1-92d6-4d8a-a7ff-0b8a7f603b2d)
 - New and modified: 0

[21/Jun/2023:06:30:39] UPDATING PREPAGATI (JobID: 6b44cf1d-9db2-4870-a64f-29bbf6a7a565)
 - New and modified: 0

[21/Jun/2023:06:30:39] DELETING PREPAGATI (JobID: 6b44cf1d-9db2-4870-a64f-29bbf6a7a565)
 - Deleted: 0

[21/Jun/2023:06:40:04] UPDATING ACCOUNTS (JobID: 111e2f79-e07f-4b9c-9183-d2920ad33960)
 - New and modified: 0

[21/Jun/2023:06:40:04] DELETING ACCOUNTS (JobID: 111e2f79-e07f-4b9c-9183-d2920ad33960)
 - Deleted: 0

[21/Jun/2023:06:40:35] UPDATING PRODUCTS (JobID: b9c29837-c7e7-40a4-984a-f670327843eb)
 - New and modified: 0

[21/Jun/2023:06:40:36] UPDATING PREPAGATI (JobID: 15837b76-d733-49f4-a07d-0356e5ad6149)
 - New and modified: 0

[21/Jun/2023:06:40:36] DELETING PREPAGATI (JobID: 15837b76-d733-49f4-a07d-0356e5ad6149)
 - Deleted: 0

[21/Jun/2023:06:50:04] UPDATING ACCOUNTS (JobID: 7a0c8153-5888-4cd2-9a7d-8b65a14e045d)
 - New and modified: 0

[21/Jun/2023:06:50:04] DELETING ACCOUNTS (JobID: 7a0c8153-5888-4cd2-9a7d-8b65a14e045d)
 - Deleted: 0

[21/Jun/2023:06:50:35] UPDATING PRODUCTS (JobID: 174b105c-d929-4312-9df8-e54445daa32c)
 - New and modified: 0

[21/Jun/2023:06:50:37] UPDATING PREPAGATI (JobID: 33a40003-c635-4d9f-928c-fd085ad153b9)
 - New and modified: 0

[21/Jun/2023:06:50:37] DELETING PREPAGATI (JobID: 33a40003-c635-4d9f-928c-fd085ad153b9)
 - Deleted: 0

[21/Jun/2023:07:00:15] UPDATING ACCOUNTS (JobID: 7720246d-f4ad-4ce9-bae2-e197c99c80cb)
 - New and modified: 0

[21/Jun/2023:07:00:15] DELETING ACCOUNTS (JobID: 7720246d-f4ad-4ce9-bae2-e197c99c80cb)
 - Deleted: 0

[21/Jun/2023:07:00:45] UPDATING PRODUCTS (JobID: cb1c7809-b147-476d-90c3-41e4461bcea0)
 - New and modified: 0

[21/Jun/2023:07:00:47] UPDATING PREPAGATI (JobID: f6bdefee-ae61-4380-ba2f-c2d3a93cade4)
 - New and modified: 0

[21/Jun/2023:07:00:47] DELETING PREPAGATI (JobID: f6bdefee-ae61-4380-ba2f-c2d3a93cade4)
 - Deleted: 0

[21/Jun/2023:07:10:04] UPDATING ACCOUNTS (JobID: 3bbab4d5-da3f-437f-826e-3d3dfa63f927)
 - New and modified: 0

[21/Jun/2023:07:10:04] DELETING ACCOUNTS (JobID: 3bbab4d5-da3f-437f-826e-3d3dfa63f927)
 - Deleted: 0

[21/Jun/2023:07:10:37] UPDATING PRODUCTS (JobID: b914872d-db95-4352-b01a-be8f28766fb0)
 - New and modified: 0

[21/Jun/2023:07:10:38] UPDATING PREPAGATI (JobID: efd377c3-953e-46f5-8d22-02c9c27629ee)
 - New and modified: 0

[21/Jun/2023:07:10:38] DELETING PREPAGATI (JobID: efd377c3-953e-46f5-8d22-02c9c27629ee)
 - Deleted: 0

[21/Jun/2023:07:20:05] UPDATING ACCOUNTS (JobID: b71b6e44-74b4-4ed9-889b-db016399dadf)
 - New and modified: 0

[21/Jun/2023:07:20:05] DELETING ACCOUNTS (JobID: b71b6e44-74b4-4ed9-889b-db016399dadf)
 - Deleted: 0

[21/Jun/2023:07:20:38] UPDATING PRODUCTS (JobID: 00148841-8e12-419b-98cc-a54d4ce5e927)
 - New and modified: 0

[21/Jun/2023:07:20:41] UPDATING PREPAGATI (JobID: 9bcd0d2c-9b4f-47c8-97ec-7ddfdb42befb)
 - New and modified: 0

[21/Jun/2023:07:20:41] DELETING PREPAGATI (JobID: 9bcd0d2c-9b4f-47c8-97ec-7ddfdb42befb)
 - Deleted: 0

[21/Jun/2023:07:30:04] UPDATING ACCOUNTS (JobID: b4f1ac3b-75b8-456f-a741-52e7926ccbbe)
 - New and modified: 0

[21/Jun/2023:07:30:04] DELETING ACCOUNTS (JobID: b4f1ac3b-75b8-456f-a741-52e7926ccbbe)
 - Deleted: 0

[21/Jun/2023:07:30:37] UPDATING PRODUCTS (JobID: 07d03f3d-5979-4680-a0a0-65b9ad8ad3c2)
 - New and modified: 0

[21/Jun/2023:07:30:39] UPDATING PREPAGATI (JobID: 348b5329-a219-4338-bda4-9ab93e44b702)
 - New and modified: 0

[21/Jun/2023:07:30:39] DELETING PREPAGATI (JobID: 348b5329-a219-4338-bda4-9ab93e44b702)
 - Deleted: 0

[21/Jun/2023:07:50:04] UPDATING ACCOUNTS (JobID: 1443a90d-ee4f-4333-8715-c5c5460fa943)
 - New and modified: 0

[21/Jun/2023:07:50:04] DELETING ACCOUNTS (JobID: 1443a90d-ee4f-4333-8715-c5c5460fa943)
 - Deleted: 0

[21/Jun/2023:07:50:38] UPDATING PRODUCTS (JobID: 7646b054-8c5c-470a-b26a-f34782d342ab)
 - New and modified: 0

[21/Jun/2023:07:50:40] UPDATING PREPAGATI (JobID: 665d0a95-e765-4e75-a3c4-e8a41e6e9193)
 - New and modified: 0

[21/Jun/2023:07:50:40] DELETING PREPAGATI (JobID: 665d0a95-e765-4e75-a3c4-e8a41e6e9193)
 - Deleted: 0

[21/Jun/2023:08:00:04] UPDATING ACCOUNTS (JobID: 38af35bc-c1c9-4cf2-a620-72203fc97245)
 - New and modified: 0

[21/Jun/2023:08:00:04] DELETING ACCOUNTS (JobID: 38af35bc-c1c9-4cf2-a620-72203fc97245)
 - Deleted: 0

[21/Jun/2023:08:00:37] UPDATING PRODUCTS (JobID: dc572c9a-f28c-4db7-ad39-bdc5835310d2)
 - New and modified: 0

[21/Jun/2023:08:00:38] UPDATING PREPAGATI (JobID: 3f95324a-f8ca-4ea9-986d-05aaa54a9673)
 - New and modified: 0

[21/Jun/2023:08:00:38] DELETING PREPAGATI (JobID: 3f95324a-f8ca-4ea9-986d-05aaa54a9673)
 - Deleted: 0

[21/Jun/2023:08:10:04] UPDATING ACCOUNTS (JobID: c30641fd-28d6-45cf-9b2e-ae69dcf3e99b)
 - New and modified: 0

[21/Jun/2023:08:10:04] DELETING ACCOUNTS (JobID: c30641fd-28d6-45cf-9b2e-ae69dcf3e99b)
 - Deleted: 0

[21/Jun/2023:08:10:39] UPDATING PRODUCTS (JobID: f223fa26-4a28-425e-924d-361bb80d065c)
 - New and modified: 0

[21/Jun/2023:08:10:42] UPDATING PREPAGATI (JobID: c786ffb0-b9c0-4e82-a28a-a4b00fb8e34d)
 - New and modified: 0

[21/Jun/2023:08:10:42] DELETING PREPAGATI (JobID: c786ffb0-b9c0-4e82-a28a-a4b00fb8e34d)
 - Deleted: 0

[21/Jun/2023:08:20:04] UPDATING ACCOUNTS (JobID: 8e367866-cfaa-4cee-92e7-7377ccc1e607)
 - New and modified: 0

[21/Jun/2023:08:20:04] DELETING ACCOUNTS (JobID: 8e367866-cfaa-4cee-92e7-7377ccc1e607)
 - Deleted: 0

[21/Jun/2023:08:20:37] UPDATING PRODUCTS (JobID: 8038de2f-842d-43b0-9735-84c9cce0f4e9)
 - New and modified: 0

[21/Jun/2023:08:20:39] UPDATING PREPAGATI (JobID: ed2dbfa5-aa15-4449-ba3d-50610e605733)
 - New and modified: 0

[21/Jun/2023:08:20:39] DELETING PREPAGATI (JobID: ed2dbfa5-aa15-4449-ba3d-50610e605733)
 - Deleted: 0

[21/Jun/2023:08:30:04] UPDATING ACCOUNTS (JobID: aab09717-c192-4066-95eb-bbe0229a050d)
 - New and modified: 0

[21/Jun/2023:08:30:04] DELETING ACCOUNTS (JobID: aab09717-c192-4066-95eb-bbe0229a050d)
 - Deleted: 0

[21/Jun/2023:08:30:36] UPDATING PRODUCTS (JobID: 69134dd5-a202-49be-a397-42ee95c52ab1)
 - New and modified: 0

[21/Jun/2023:08:30:38] UPDATING PREPAGATI (JobID: 7d4e71eb-24cf-4e45-ac60-e698b3fce697)
 - New and modified: 0

[21/Jun/2023:08:30:38] DELETING PREPAGATI (JobID: 7d4e71eb-24cf-4e45-ac60-e698b3fce697)
 - Deleted: 0

[21/Jun/2023:08:40:04] UPDATING ACCOUNTS (JobID: 958065a2-34f7-47f4-9262-7c6b5fe89b61)
 - New and modified: 0

[21/Jun/2023:08:40:04] DELETING ACCOUNTS (JobID: 958065a2-34f7-47f4-9262-7c6b5fe89b61)
 - Deleted: 0

[21/Jun/2023:08:40:38] UPDATING PRODUCTS (JobID: d7049662-70b2-415f-80c6-a87aae1d3220)
 - New and modified: 2
   Ad Hoc DocuMa Ass.z
   Ad Hoc Document Mana

[21/Jun/2023:08:40:40] UPDATING PREPAGATI (JobID: 01941b20-7a1c-49be-a284-6684a7e03c6b)
 - New and modified: 0

[21/Jun/2023:08:40:40] DELETING PREPAGATI (JobID: 01941b20-7a1c-49be-a284-6684a7e03c6b)
 - Deleted: 0

[21/Jun/2023:08:50:04] UPDATING ACCOUNTS (JobID: 2b4a5c5a-689b-42ea-9f50-aaee1c06f46f)
 - New and modified: 0

[21/Jun/2023:08:50:04] DELETING ACCOUNTS (JobID: 2b4a5c5a-689b-42ea-9f50-aaee1c06f46f)
 - Deleted: 0

[21/Jun/2023:08:50:36] UPDATING PRODUCTS (JobID: 61f15607-bf68-480d-a269-bbbe6b0fb6ae)
 - New and modified: 1
   Ad Hoc sched.re ass.

[21/Jun/2023:08:50:38] UPDATING PREPAGATI (JobID: 78a3d604-4e30-4e7e-9274-79d4fc059a80)
 - New and modified: 0

[21/Jun/2023:08:50:38] DELETING PREPAGATI (JobID: 78a3d604-4e30-4e7e-9274-79d4fc059a80)
 - Deleted: 0

[21/Jun/2023:09:00:04] UPDATING ACCOUNTS (JobID: a566da03-2470-460a-b5b0-c2ea67643003)
 - New and modified: 0

[21/Jun/2023:09:00:04] DELETING ACCOUNTS (JobID: a566da03-2470-460a-b5b0-c2ea67643003)
 - Deleted: 0

[21/Jun/2023:09:00:34] UPDATING PRODUCTS (JobID: 471d6e33-83dc-4ed5-bed9-65338e2652a4)
 - New and modified: 0

[21/Jun/2023:09:00:36] UPDATING PREPAGATI (JobID: 61e563cd-e81c-4a71-b72a-f31326f7f823)
 - New and modified: 0

[21/Jun/2023:09:00:36] DELETING PREPAGATI (JobID: 61e563cd-e81c-4a71-b72a-f31326f7f823)
 - Deleted: 0

[21/Jun/2023:09:10:04] UPDATING ACCOUNTS (JobID: 957190ba-2262-48ca-9efb-70c1920e1f85)
 - New and modified: 0

[21/Jun/2023:09:10:04] DELETING ACCOUNTS (JobID: 957190ba-2262-48ca-9efb-70c1920e1f85)
 - Deleted: 0

[21/Jun/2023:09:10:38] UPDATING PRODUCTS (JobID: f2b1c3ac-159b-4d60-8e0d-7f43621f2bcd)
 - New and modified: 0

[21/Jun/2023:09:10:41] UPDATING PREPAGATI (JobID: fad6beca-ad65-4fa7-b803-3b78c7222536)
 - New and modified: 0

[21/Jun/2023:09:10:41] DELETING PREPAGATI (JobID: fad6beca-ad65-4fa7-b803-3b78c7222536)
 - Deleted: 0

[21/Jun/2023:09:20:04] UPDATING ACCOUNTS (JobID: 4818a9a6-6264-46eb-8a23-8c5f79f4367e)
 - New and modified: 0

[21/Jun/2023:09:20:04] DELETING ACCOUNTS (JobID: 4818a9a6-6264-46eb-8a23-8c5f79f4367e)
 - Deleted: 0

[21/Jun/2023:09:20:35] UPDATING PRODUCTS (JobID: 1774d83c-75bc-4ee2-af16-1aeda21d7086)
 - New and modified: 0

[21/Jun/2023:09:20:37] UPDATING PREPAGATI (JobID: 166364fe-82a5-44ca-8371-b0082aee680c)
 - New and modified: 0

[21/Jun/2023:09:20:37] DELETING PREPAGATI (JobID: 166364fe-82a5-44ca-8371-b0082aee680c)
 - Deleted: 0

[21/Jun/2023:09:30:04] UPDATING ACCOUNTS (JobID: d69eff49-b409-4e78-8ff3-1db05359e6a9)
 - New and modified: 0

[21/Jun/2023:09:30:04] DELETING ACCOUNTS (JobID: d69eff49-b409-4e78-8ff3-1db05359e6a9)
 - Deleted: 0

[21/Jun/2023:09:30:35] UPDATING PRODUCTS (JobID: bdb2ec24-eca1-4f10-8686-7a6f8d137cc2)
 - New and modified: 0

[21/Jun/2023:09:30:37] UPDATING PREPAGATI (JobID: a91c33ce-89ee-4902-be0a-b43e3f95ccbf)
 - New and modified: 0

[21/Jun/2023:09:30:37] DELETING PREPAGATI (JobID: a91c33ce-89ee-4902-be0a-b43e3f95ccbf)
 - Deleted: 0

[21/Jun/2023:09:40:04] UPDATING ACCOUNTS (JobID: a9e62a5c-0c92-4664-988d-cfbd17b0040a)
 - New and modified: 0

[21/Jun/2023:09:40:04] DELETING ACCOUNTS (JobID: a9e62a5c-0c92-4664-988d-cfbd17b0040a)
 - Deleted: 0

[21/Jun/2023:09:40:34] UPDATING PRODUCTS (JobID: cb7c2f97-1da8-4442-b21e-42f4d252b7cb)
 - New and modified: 1
   2M36HE4

[21/Jun/2023:09:40:36] UPDATING PREPAGATI (JobID: a8561a03-da4a-412d-89ac-831cbf83153c)
 - New and modified: 0

[21/Jun/2023:09:40:36] DELETING PREPAGATI (JobID: a8561a03-da4a-412d-89ac-831cbf83153c)
 - Deleted: 0

[21/Jun/2023:09:50:04] UPDATING ACCOUNTS (JobID: 9d42264c-5ae7-48e8-af89-f7549dd0297c)
 - New and modified: 0

[21/Jun/2023:09:50:04] DELETING ACCOUNTS (JobID: 9d42264c-5ae7-48e8-af89-f7549dd0297c)
 - Deleted: 0

[21/Jun/2023:09:50:35] UPDATING PRODUCTS (JobID: c44f0cfd-1e20-4f73-b0bb-f5dd5c31609f)
 - New and modified: 0

[21/Jun/2023:09:50:36] UPDATING PREPAGATI (JobID: c237e4c6-5982-4a2f-a37b-4ed3c29ee5b6)
 - New and modified: 0

[21/Jun/2023:09:50:36] DELETING PREPAGATI (JobID: c237e4c6-5982-4a2f-a37b-4ed3c29ee5b6)
 - Deleted: 0

[21/Jun/2023:10:00:04] UPDATING ACCOUNTS (JobID: 34272408-0680-47b8-92e1-8e16ccc19125)
 - New and modified: 0

[21/Jun/2023:10:00:04] DELETING ACCOUNTS (JobID: 34272408-0680-47b8-92e1-8e16ccc19125)
 - Deleted: 0

[21/Jun/2023:10:00:37] UPDATING PRODUCTS (JobID: 65275403-7bcb-42b0-9332-08dc8dd78282)
 - New and modified: 0

[21/Jun/2023:10:00:38] UPDATING PREPAGATI (JobID: 047dba14-4c37-4565-9bbc-72a5dd07acbc)
 - New and modified: 0

[21/Jun/2023:10:00:38] DELETING PREPAGATI (JobID: 047dba14-4c37-4565-9bbc-72a5dd07acbc)
 - Deleted: 0

[21/Jun/2023:10:10:05] UPDATING ACCOUNTS (JobID: 3aa69ac0-402e-4d8e-9531-7fc30654152c)
 - New and modified: 0

[21/Jun/2023:10:10:05] DELETING ACCOUNTS (JobID: 3aa69ac0-402e-4d8e-9531-7fc30654152c)
 - Deleted: 0

[21/Jun/2023:10:10:38] UPDATING PRODUCTS (JobID: b5dbc662-577c-483e-a85b-b9f67e2a53a2)
 - New and modified: 0

[21/Jun/2023:10:10:39] UPDATING PREPAGATI (JobID: 24a6e501-20df-41ce-af20-23c286b980c9)
 - New and modified: 0

[21/Jun/2023:10:10:39] DELETING PREPAGATI (JobID: 24a6e501-20df-41ce-af20-23c286b980c9)
 - Deleted: 0

[21/Jun/2023:10:20:04] UPDATING ACCOUNTS (JobID: a5582c9c-fffa-4c88-9dcd-3c2dd32beb4b)
 - New and modified: 0

[21/Jun/2023:10:20:04] DELETING ACCOUNTS (JobID: a5582c9c-fffa-4c88-9dcd-3c2dd32beb4b)
 - Deleted: 0

[21/Jun/2023:10:20:36] UPDATING PRODUCTS (JobID: 8d23bbbc-3cdc-4c45-82eb-401b092666c7)
 - New and modified: 0

[21/Jun/2023:10:20:38] UPDATING PREPAGATI (JobID: d540bc36-88f3-4ddb-8689-4762e44b112c)
 - New and modified: 0

[21/Jun/2023:10:20:38] DELETING PREPAGATI (JobID: d540bc36-88f3-4ddb-8689-4762e44b112c)
 - Deleted: 0

[21/Jun/2023:10:30:04] UPDATING ACCOUNTS (JobID: b0f5dcb1-76b4-4acf-b5c9-dbbdda20cac7)
 - New and modified: 0

[21/Jun/2023:10:30:04] DELETING ACCOUNTS (JobID: b0f5dcb1-76b4-4acf-b5c9-dbbdda20cac7)
 - Deleted: 0

[21/Jun/2023:10:30:35] UPDATING PRODUCTS (JobID: 5aaf41af-65af-41d6-bc50-386ef75b3d80)
 - New and modified: 0

[21/Jun/2023:10:30:37] UPDATING PREPAGATI (JobID: 7fe2130c-4c77-449d-893f-1fc638ba2093)
 - New and modified: 0

[21/Jun/2023:10:30:37] DELETING PREPAGATI (JobID: 7fe2130c-4c77-449d-893f-1fc638ba2093)
 - Deleted: 0

[21/Jun/2023:10:40:03] UPDATING ACCOUNTS (JobID: 03441531-c3af-4058-86af-6c6dd3defebe)
 - New and modified: 0

[21/Jun/2023:10:40:03] DELETING ACCOUNTS (JobID: 03441531-c3af-4058-86af-6c6dd3defebe)
 - Deleted: 0

[21/Jun/2023:10:40:34] UPDATING PRODUCTS (JobID: b0f0875d-b211-46f3-ae20-4c44ab1eb35d)
 - New and modified: 0

[21/Jun/2023:10:40:36] UPDATING PREPAGATI (JobID: 3da91568-2bf3-485c-8a71-f6ed01d49d39)
 - New and modified: 0

[21/Jun/2023:10:40:36] DELETING PREPAGATI (JobID: 3da91568-2bf3-485c-8a71-f6ed01d49d39)
 - Deleted: 0

[21/Jun/2023:10:50:04] UPDATING ACCOUNTS (JobID: 3ca8de43-b1e6-4949-be63-e56a64c0b1f0)
 - New and modified: 0

[21/Jun/2023:10:50:04] DELETING ACCOUNTS (JobID: 3ca8de43-b1e6-4949-be63-e56a64c0b1f0)
 - Deleted: 0

[21/Jun/2023:10:50:34] UPDATING PRODUCTS (JobID: f06394a3-b3c3-498e-974d-d6b83bc98ce5)
 - New and modified: 0

[21/Jun/2023:10:50:36] UPDATING PREPAGATI (JobID: 1827c877-3835-499e-9b38-e2fc8a22d707)
 - New and modified: 0

[21/Jun/2023:10:50:36] DELETING PREPAGATI (JobID: 1827c877-3835-499e-9b38-e2fc8a22d707)
 - Deleted: 0

[21/Jun/2023:11:00:04] UPDATING ACCOUNTS (JobID: 6aa58704-625a-4ab5-b31e-033431731155)
 - New and modified: 0

[21/Jun/2023:11:00:04] DELETING ACCOUNTS (JobID: 6aa58704-625a-4ab5-b31e-033431731155)
 - Deleted: 0

[21/Jun/2023:11:00:35] UPDATING PRODUCTS (JobID: 307d33b6-69e6-4d8a-ac55-48dae2dd5905)
 - New and modified: 0

[21/Jun/2023:11:00:37] UPDATING PREPAGATI (JobID: 398a511e-306c-490e-be20-6ce4e7e8cc10)
 - New and modified: 0

[21/Jun/2023:11:00:37] DELETING PREPAGATI (JobID: 398a511e-306c-490e-be20-6ce4e7e8cc10)
 - Deleted: 0

[21/Jun/2023:11:10:04] UPDATING ACCOUNTS (JobID: 150b1600-9912-4a2d-a68b-af28d2618f85)
 - New and modified: 0

[21/Jun/2023:11:10:04] DELETING ACCOUNTS (JobID: 150b1600-9912-4a2d-a68b-af28d2618f85)
 - Deleted: 0

[21/Jun/2023:11:10:35] UPDATING PRODUCTS (JobID: 76e965ca-1751-4533-a7f5-5f1795e8a99b)
 - New and modified: 0

[21/Jun/2023:11:10:36] UPDATING PREPAGATI (JobID: 75cec4b8-2f58-4136-be5d-561e3f3ab7fc)
 - New and modified: 0

[21/Jun/2023:11:10:36] DELETING PREPAGATI (JobID: 75cec4b8-2f58-4136-be5d-561e3f3ab7fc)
 - Deleted: 0

[21/Jun/2023:11:30:04] UPDATING ACCOUNTS (JobID: 023913b2-d5c9-4ac9-a3ad-b7cea4845e9f)
 - New and modified: 0

[21/Jun/2023:11:30:04] DELETING ACCOUNTS (JobID: 023913b2-d5c9-4ac9-a3ad-b7cea4845e9f)
 - Deleted: 0

[21/Jun/2023:11:30:37] UPDATING PRODUCTS (JobID: 96170b53-19bc-49fd-98a7-de4eb4ff846f)
 - New and modified: 0

[21/Jun/2023:11:30:39] UPDATING PREPAGATI (JobID: 3158f996-12a8-482d-907b-8816d2aef202)
 - New and modified: 0

[21/Jun/2023:11:30:39] DELETING PREPAGATI (JobID: 3158f996-12a8-482d-907b-8816d2aef202)
 - Deleted: 0

[21/Jun/2023:11:40:04] UPDATING ACCOUNTS (JobID: 62ad2d1e-3ff7-4f8f-9443-fd124b469a62)
 - New and modified: 0

[21/Jun/2023:11:40:04] DELETING ACCOUNTS (JobID: 62ad2d1e-3ff7-4f8f-9443-fd124b469a62)
 - Deleted: 0

[21/Jun/2023:11:40:35] UPDATING PRODUCTS (JobID: 7c8847b4-4fd0-41c1-967e-e7d331175625)
 - New and modified: 0

[21/Jun/2023:11:40:36] UPDATING PREPAGATI (JobID: 6cb76304-a712-4b5a-84c2-8a8244203c98)
 - New and modified: 0

[21/Jun/2023:11:40:36] DELETING PREPAGATI (JobID: 6cb76304-a712-4b5a-84c2-8a8244203c98)
 - Deleted: 0

[21/Jun/2023:11:50:04] UPDATING ACCOUNTS (JobID: 54ad95e2-dbeb-4d5e-9012-8dc1ea145b8d)
 - New and modified: 0

[21/Jun/2023:11:50:04] DELETING ACCOUNTS (JobID: 54ad95e2-dbeb-4d5e-9012-8dc1ea145b8d)
 - Deleted: 0

[21/Jun/2023:11:50:36] UPDATING PRODUCTS (JobID: 6d434a03-7616-400b-abfe-14f4a2b04568)
 - New and modified: 0

[21/Jun/2023:11:50:37] UPDATING PREPAGATI (JobID: 1e1e5fbe-3ffb-40cc-b758-71f91bb91372)
 - New and modified: 0

[21/Jun/2023:11:50:37] DELETING PREPAGATI (JobID: 1e1e5fbe-3ffb-40cc-b758-71f91bb91372)
 - Deleted: 0

[21/Jun/2023:12:00:03] UPDATING ACCOUNTS (JobID: 0d84d88f-f2e2-4ee4-af7b-88533845b583)
 - New and modified: 0

[21/Jun/2023:12:00:03] DELETING ACCOUNTS (JobID: 0d84d88f-f2e2-4ee4-af7b-88533845b583)
 - Deleted: 0

[21/Jun/2023:12:00:37] UPDATING PRODUCTS (JobID: 53e984f2-e0e2-4b1f-8e6b-836c982fece5)
 - New and modified: 0

[21/Jun/2023:12:00:38] UPDATING PREPAGATI (JobID: 3ce186db-a3b6-485e-aa19-433bbfaed0a2)
 - New and modified: 0

[21/Jun/2023:12:00:38] DELETING PREPAGATI (JobID: 3ce186db-a3b6-485e-aa19-433bbfaed0a2)
 - Deleted: 0

[21/Jun/2023:12:10:04] UPDATING ACCOUNTS (JobID: f733a654-b608-42c9-9d9f-48519f1dd178)
 - New and modified: 0

[21/Jun/2023:12:10:04] DELETING ACCOUNTS (JobID: f733a654-b608-42c9-9d9f-48519f1dd178)
 - Deleted: 0

[21/Jun/2023:12:10:37] UPDATING PRODUCTS (JobID: 28bedc84-9664-4883-a397-88b7cb5009d0)
 - New and modified: 0

[21/Jun/2023:12:10:39] UPDATING PREPAGATI (JobID: 27271498-6b5e-430d-854c-25811399abc4)
 - New and modified: 0

[21/Jun/2023:12:10:39] DELETING PREPAGATI (JobID: 27271498-6b5e-430d-854c-25811399abc4)
 - Deleted: 0

[21/Jun/2023:12:20:04] UPDATING ACCOUNTS (JobID: 9216d894-7e59-4e6a-8736-b2886fda803a)
 - New and modified: 0

[21/Jun/2023:12:20:04] DELETING ACCOUNTS (JobID: 9216d894-7e59-4e6a-8736-b2886fda803a)
 - Deleted: 0

[21/Jun/2023:12:20:36] UPDATING PRODUCTS (JobID: 5f6afafc-e85b-4706-a994-e0e2fc82b6d1)
 - New and modified: 0

[21/Jun/2023:12:20:38] UPDATING PREPAGATI (JobID: d6a7eb3b-a4a9-44f1-abc8-be202d9c2c2e)
 - New and modified: 0

[21/Jun/2023:12:20:38] DELETING PREPAGATI (JobID: d6a7eb3b-a4a9-44f1-abc8-be202d9c2c2e)
 - Deleted: 0

[21/Jun/2023:12:30:04] UPDATING ACCOUNTS (JobID: 25617d8e-3dd3-45ca-8a46-02424cba9a51)
 - New and modified: 0

[21/Jun/2023:12:30:04] DELETING ACCOUNTS (JobID: 25617d8e-3dd3-45ca-8a46-02424cba9a51)
 - Deleted: 0

[21/Jun/2023:12:30:35] UPDATING PRODUCTS (JobID: fb41d40f-1837-4d89-ab6c-b090be8bf8ac)
 - New and modified: 0

[21/Jun/2023:12:30:37] UPDATING PREPAGATI (JobID: 1af52cd7-617d-44b6-8d94-34fc92c661e8)
 - New and modified: 0

[21/Jun/2023:12:30:37] DELETING PREPAGATI (JobID: 1af52cd7-617d-44b6-8d94-34fc92c661e8)
 - Deleted: 0

[21/Jun/2023:12:40:04] UPDATING ACCOUNTS (JobID: 49b4c392-ef9a-4791-88f1-f522dc4f7a4d)
 - New and modified: 0

[21/Jun/2023:12:40:04] DELETING ACCOUNTS (JobID: 49b4c392-ef9a-4791-88f1-f522dc4f7a4d)
 - Deleted: 0

[21/Jun/2023:12:40:35] UPDATING PRODUCTS (JobID: 76e6251a-bc5e-46fc-b238-1235517ebd51)
 - New and modified: 1
   CF-131

[21/Jun/2023:12:40:36] UPDATING PREPAGATI (JobID: 0ea3cceb-73e7-4d41-a0f9-1b05e6e1eb97)
 - New and modified: 0

[21/Jun/2023:12:40:36] DELETING PREPAGATI (JobID: 0ea3cceb-73e7-4d41-a0f9-1b05e6e1eb97)
 - Deleted: 0

[21/Jun/2023:12:50:03] UPDATING ACCOUNTS (JobID: f42b39f7-220a-45a7-ac4e-f3e08ca69fbd)
 - New and modified: 0

[21/Jun/2023:12:50:03] DELETING ACCOUNTS (JobID: f42b39f7-220a-45a7-ac4e-f3e08ca69fbd)
 - Deleted: 0

[21/Jun/2023:12:50:35] UPDATING PRODUCTS (JobID: 44f32704-c6d0-4384-bd73-37b1f6de260a)
 - New and modified: 0

[21/Jun/2023:12:50:36] UPDATING PREPAGATI (JobID: 16a195be-7e84-48e2-8eb5-bf0d5512c3ec)
 - New and modified: 0

[21/Jun/2023:12:50:36] DELETING PREPAGATI (JobID: 16a195be-7e84-48e2-8eb5-bf0d5512c3ec)
 - Deleted: 0

[21/Jun/2023:13:00:03] UPDATING ACCOUNTS (JobID: dd0aa974-900e-4b5b-ba73-c255934a4daa)
 - New and modified: 0

[21/Jun/2023:13:00:03] DELETING ACCOUNTS (JobID: dd0aa974-900e-4b5b-ba73-c255934a4daa)
 - Deleted: 0

[21/Jun/2023:13:00:34] UPDATING PRODUCTS (JobID: 6bc6a5e1-47cb-4fc6-9f6c-948e5552b81c)
 - New and modified: 0

[21/Jun/2023:13:00:36] UPDATING PREPAGATI (JobID: 498269d9-9c70-473f-a893-336c8541765a)
 - New and modified: 0

[21/Jun/2023:13:00:36] DELETING PREPAGATI (JobID: 498269d9-9c70-473f-a893-336c8541765a)
 - Deleted: 0

[21/Jun/2023:13:10:04] UPDATING ACCOUNTS (JobID: 0984e2b7-6a1c-476a-bd31-94b8dfbef709)
 - New and modified: 0

[21/Jun/2023:13:10:04] DELETING ACCOUNTS (JobID: 0984e2b7-6a1c-476a-bd31-94b8dfbef709)
 - Deleted: 0

[21/Jun/2023:13:10:35] UPDATING PRODUCTS (JobID: 8b56bc77-9c01-4baa-8f3c-2883d989838d)
 - New and modified: 0

[21/Jun/2023:13:10:37] UPDATING PREPAGATI (JobID: b6b33b3c-b0a5-43bf-8727-763ff71c7ed8)
 - New and modified: 0

[21/Jun/2023:13:10:37] DELETING PREPAGATI (JobID: b6b33b3c-b0a5-43bf-8727-763ff71c7ed8)
 - Deleted: 0

[21/Jun/2023:13:20:04] UPDATING ACCOUNTS (JobID: c3352598-8909-4cc7-a25c-c4c41e9bdbe7)
 - New and modified: 0

[21/Jun/2023:13:20:04] DELETING ACCOUNTS (JobID: c3352598-8909-4cc7-a25c-c4c41e9bdbe7)
 - Deleted: 0

[21/Jun/2023:13:20:34] UPDATING PRODUCTS (JobID: 51d98f8d-ccf4-41c1-84e9-d67e46672f82)
 - New and modified: 0

[21/Jun/2023:13:20:36] UPDATING PREPAGATI (JobID: aef1b371-74ac-43e3-af4f-4a4698504e93)
 - New and modified: 0

[21/Jun/2023:13:20:36] DELETING PREPAGATI (JobID: aef1b371-74ac-43e3-af4f-4a4698504e93)
 - Deleted: 0

[21/Jun/2023:13:50:08] UPDATING ACCOUNTS (JobID: 9ba994f2-c3cb-4fd0-9217-9ac3c1d410e6)
 - New and modified: 0

[21/Jun/2023:13:50:08] DELETING ACCOUNTS (JobID: 9ba994f2-c3cb-4fd0-9217-9ac3c1d410e6)
 - Deleted: 0

[21/Jun/2023:13:50:38] UPDATING PRODUCTS (JobID: 4d735668-e89b-4180-a2c3-2e423e819dfd)
 - New and modified: 0

[21/Jun/2023:13:50:41] UPDATING PREPAGATI (JobID: 9ee328ff-6eb3-46fb-afc8-2232a680ff11)
 - New and modified: 0

[21/Jun/2023:13:50:41] DELETING PREPAGATI (JobID: 9ee328ff-6eb3-46fb-afc8-2232a680ff11)
 - Deleted: 0

[21/Jun/2023:14:00:04] UPDATING ACCOUNTS (JobID: 3184feea-54be-4e59-bfad-4c0dcc25b1e3)
 - New and modified: 0

[21/Jun/2023:14:00:04] DELETING ACCOUNTS (JobID: 3184feea-54be-4e59-bfad-4c0dcc25b1e3)
 - Deleted: 0

[21/Jun/2023:14:00:36] UPDATING PRODUCTS (JobID: 60315362-6fa9-4440-929d-fbe612628a17)
 - New and modified: 0

[21/Jun/2023:14:00:38] UPDATING PREPAGATI (JobID: 3e0a7752-da06-4d87-ae3a-ffd5793224ac)
 - New and modified: 0

[21/Jun/2023:14:00:38] DELETING PREPAGATI (JobID: 3e0a7752-da06-4d87-ae3a-ffd5793224ac)
 - Deleted: 0

[21/Jun/2023:14:10:04] UPDATING ACCOUNTS (JobID: ef9c1a45-2a56-438b-914c-188bdb510df3)
 - New and modified: 0

[21/Jun/2023:14:10:04] DELETING ACCOUNTS (JobID: ef9c1a45-2a56-438b-914c-188bdb510df3)
 - Deleted: 0

[21/Jun/2023:14:10:38] UPDATING PRODUCTS (JobID: 0d298b19-8762-4af0-9656-46ee9bc07a2c)
 - New and modified: 0

[21/Jun/2023:14:10:39] UPDATING PREPAGATI (JobID: 61c9f851-81fb-42a1-8e92-d8a456ebf74a)
 - New and modified: 0

[21/Jun/2023:14:10:39] DELETING PREPAGATI (JobID: 61c9f851-81fb-42a1-8e92-d8a456ebf74a)
 - Deleted: 0

[21/Jun/2023:14:20:04] UPDATING ACCOUNTS (JobID: cf04abcf-0878-4f80-a7d6-5abef9c38582)
 - New and modified: 0

[21/Jun/2023:14:20:04] DELETING ACCOUNTS (JobID: cf04abcf-0878-4f80-a7d6-5abef9c38582)
 - Deleted: 0

[21/Jun/2023:14:20:36] UPDATING PRODUCTS (JobID: 8f3f0172-46f7-45e9-b515-e5a8b33d2893)
 - New and modified: 0

[21/Jun/2023:14:20:38] UPDATING PREPAGATI (JobID: 22771290-bfd4-46cd-8384-eed09c50ec14)
 - New and modified: 0

[21/Jun/2023:14:20:38] DELETING PREPAGATI (JobID: 22771290-bfd4-46cd-8384-eed09c50ec14)
 - Deleted: 0

[21/Jun/2023:14:30:04] UPDATING ACCOUNTS (JobID: bac3c7d4-564e-48da-adb1-a3140e7d3a19)
 - New and modified: 0

[21/Jun/2023:14:30:04] DELETING ACCOUNTS (JobID: bac3c7d4-564e-48da-adb1-a3140e7d3a19)
 - Deleted: 0

[21/Jun/2023:14:30:35] UPDATING PRODUCTS (JobID: dd9a1305-8315-4f63-9d23-1baa9f9c2cbf)
 - New and modified: 0

[21/Jun/2023:14:30:36] UPDATING PREPAGATI (JobID: 750509e1-92df-4754-863d-d91c80d06215)
 - New and modified: 0

[21/Jun/2023:14:30:36] DELETING PREPAGATI (JobID: 750509e1-92df-4754-863d-d91c80d06215)
 - Deleted: 0

[21/Jun/2023:14:40:04] UPDATING ACCOUNTS (JobID: 8d12dae7-7806-4157-bb38-9438bf062255)
 - New and modified: 0

[21/Jun/2023:14:40:04] DELETING ACCOUNTS (JobID: 8d12dae7-7806-4157-bb38-9438bf062255)
 - Deleted: 0

[21/Jun/2023:14:40:34] UPDATING PRODUCTS (JobID: 35454970-1489-4192-8538-417d71561296)
 - New and modified: 0

[21/Jun/2023:14:40:36] UPDATING PREPAGATI (JobID: 037edd07-d454-4192-b432-51c2db9f7999)
 - New and modified: 0

[21/Jun/2023:14:40:36] DELETING PREPAGATI (JobID: 037edd07-d454-4192-b432-51c2db9f7999)
 - Deleted: 0

[21/Jun/2023:14:50:04] UPDATING ACCOUNTS (JobID: 3eeab734-70ee-4e74-b01a-1644e15eac26)
 - New and modified: 0

[21/Jun/2023:14:50:04] DELETING ACCOUNTS (JobID: 3eeab734-70ee-4e74-b01a-1644e15eac26)
 - Deleted: 0

[21/Jun/2023:14:50:34] UPDATING PRODUCTS (JobID: 043bc293-c66c-4c16-85df-db99d8b39b13)
 - New and modified: 0

[21/Jun/2023:14:50:36] UPDATING PREPAGATI (JobID: 75bb935a-6daf-4e01-8640-906c3bd2720d)
 - New and modified: 0

[21/Jun/2023:14:50:36] DELETING PREPAGATI (JobID: 75bb935a-6daf-4e01-8640-906c3bd2720d)
 - Deleted: 0

[21/Jun/2023:15:00:04] UPDATING ACCOUNTS (JobID: 8d0f8451-8fdd-4999-971a-86267c4bea82)
 - New and modified: 0

[21/Jun/2023:15:00:04] DELETING ACCOUNTS (JobID: 8d0f8451-8fdd-4999-971a-86267c4bea82)
 - Deleted: 0

[21/Jun/2023:15:00:36] UPDATING PRODUCTS (JobID: c3a953ce-fed7-490a-943f-38e759ed841a)
 - New and modified: 0

[21/Jun/2023:15:00:37] UPDATING PREPAGATI (JobID: b883e4cc-bd9c-4936-b5e9-d0b8816ed158)
 - New and modified: 0

[21/Jun/2023:15:00:37] DELETING PREPAGATI (JobID: b883e4cc-bd9c-4936-b5e9-d0b8816ed158)
 - Deleted: 0

[21/Jun/2023:15:10:04] UPDATING ACCOUNTS (JobID: 42934fd9-20ba-4aa7-9b19-95c73ca3322a)
 - New and modified: 0

[21/Jun/2023:15:10:04] DELETING ACCOUNTS (JobID: 42934fd9-20ba-4aa7-9b19-95c73ca3322a)
 - Deleted: 0

[21/Jun/2023:15:10:37] UPDATING PRODUCTS (JobID: 846e5bcc-c447-4c13-83b0-31d6d22bcd0e)
 - New and modified: 0

[21/Jun/2023:15:10:39] UPDATING PREPAGATI (JobID: 32ffe057-1433-4928-82ed-392133a1f12d)
 - New and modified: 0

[21/Jun/2023:15:10:39] DELETING PREPAGATI (JobID: 32ffe057-1433-4928-82ed-392133a1f12d)
 - Deleted: 0

[21/Jun/2023:15:20:04] UPDATING ACCOUNTS (JobID: b065642f-5f61-412c-a7fb-8f936d60c0b4)
 - New and modified: 0

[21/Jun/2023:15:20:04] DELETING ACCOUNTS (JobID: b065642f-5f61-412c-a7fb-8f936d60c0b4)
 - Deleted: 0

[21/Jun/2023:15:20:36] UPDATING PRODUCTS (JobID: 8a4e4d00-e221-4e75-ac1c-5b0b724faa81)
 - New and modified: 0

[21/Jun/2023:15:20:38] UPDATING PREPAGATI (JobID: e01fcab9-a386-4d8b-8689-745e68d18ab2)
 - New and modified: 0

[21/Jun/2023:15:20:38] DELETING PREPAGATI (JobID: e01fcab9-a386-4d8b-8689-745e68d18ab2)
 - Deleted: 0

[21/Jun/2023:15:30:04] UPDATING ACCOUNTS (JobID: 97f41ebf-1f39-4be0-951b-31e98c7eb400)
 - New and modified: 0

[21/Jun/2023:15:30:05] DELETING ACCOUNTS (JobID: 97f41ebf-1f39-4be0-951b-31e98c7eb400)
 - Deleted: 0

[21/Jun/2023:15:30:35] UPDATING PRODUCTS (JobID: 83220cd0-59b0-4323-a134-48b752c3a5b7)
 - New and modified: 0

[21/Jun/2023:15:30:36] UPDATING PREPAGATI (JobID: 6857f8d8-8b84-4f39-9767-cb3a1581b3aa)
 - New and modified: 0

[21/Jun/2023:15:30:36] DELETING PREPAGATI (JobID: 6857f8d8-8b84-4f39-9767-cb3a1581b3aa)
 - Deleted: 0

[21/Jun/2023:15:40:04] UPDATING ACCOUNTS (JobID: c8e49afb-7acc-4490-9070-5bc05a4ab9fa)
 - New and modified: 0

[21/Jun/2023:15:40:04] DELETING ACCOUNTS (JobID: c8e49afb-7acc-4490-9070-5bc05a4ab9fa)
 - Deleted: 0

[21/Jun/2023:15:40:34] UPDATING PRODUCTS (JobID: 6dc38d80-8452-4cee-8d26-bec071af2d30)
 - New and modified: 0

[21/Jun/2023:15:40:36] UPDATING PREPAGATI (JobID: f18f654a-a900-483f-8f44-33525b73bd39)
 - New and modified: 0

[21/Jun/2023:15:40:36] DELETING PREPAGATI (JobID: f18f654a-a900-483f-8f44-33525b73bd39)
 - Deleted: 0

[21/Jun/2023:15:50:04] UPDATING ACCOUNTS (JobID: f1846d65-c64c-4cbb-be05-96eed685b268)
 - New and modified: 0

[21/Jun/2023:15:50:04] DELETING ACCOUNTS (JobID: f1846d65-c64c-4cbb-be05-96eed685b268)
 - Deleted: 0

[21/Jun/2023:15:50:35] UPDATING PRODUCTS (JobID: e65df0c2-7e63-4c6d-ad18-0cc1a7b2a0c7)
 - New and modified: 0

[21/Jun/2023:15:50:37] UPDATING PREPAGATI (JobID: ce91c146-d2fb-454b-b90d-77fa94bd5696)
 - New and modified: 0

[21/Jun/2023:15:50:37] DELETING PREPAGATI (JobID: ce91c146-d2fb-454b-b90d-77fa94bd5696)
 - Deleted: 0

[21/Jun/2023:16:00:04] UPDATING ACCOUNTS (JobID: 67952251-e8d7-4b32-b5c9-feb0c603df5f)
 - New and modified: 0

[21/Jun/2023:16:00:04] DELETING ACCOUNTS (JobID: 67952251-e8d7-4b32-b5c9-feb0c603df5f)
 - Deleted: 0

[21/Jun/2023:16:00:39] UPDATING PRODUCTS (JobID: ee6bab4e-d67c-4898-b517-d15793859f35)
 - New and modified: 0

[21/Jun/2023:16:00:40] UPDATING PREPAGATI (JobID: bab3cdcf-b453-40ee-a99d-6239b88b3e5d)
 - New and modified: 0

[21/Jun/2023:16:00:40] DELETING PREPAGATI (JobID: bab3cdcf-b453-40ee-a99d-6239b88b3e5d)
 - Deleted: 0

[21/Jun/2023:16:10:04] UPDATING ACCOUNTS (JobID: 7bedc29d-cf7f-4b84-b2bf-08c65687b3c9)
 - New and modified: 0

[21/Jun/2023:16:10:04] DELETING ACCOUNTS (JobID: 7bedc29d-cf7f-4b84-b2bf-08c65687b3c9)
 - Deleted: 0

[21/Jun/2023:16:10:35] UPDATING PRODUCTS (JobID: 32483709-6138-45d1-a0d2-41dff35df10a)
 - New and modified: 0

[21/Jun/2023:16:10:37] UPDATING PREPAGATI (JobID: 523cd80d-f250-4d32-9ec2-e3376e907d9a)
 - New and modified: 0

[21/Jun/2023:16:10:37] DELETING PREPAGATI (JobID: 523cd80d-f250-4d32-9ec2-e3376e907d9a)
 - Deleted: 0

[21/Jun/2023:16:20:04] UPDATING ACCOUNTS (JobID: 5bb397cf-0311-4b9e-b844-3cc88fd2397c)
 - New and modified: 0

[21/Jun/2023:16:20:04] DELETING ACCOUNTS (JobID: 5bb397cf-0311-4b9e-b844-3cc88fd2397c)
 - Deleted: 0

[21/Jun/2023:16:20:36] UPDATING PRODUCTS (JobID: a634e07f-b3f4-4774-8f5e-70922a064af4)
 - New and modified: 0

[21/Jun/2023:16:20:37] UPDATING PREPAGATI (JobID: c54dd5dc-04ad-46f2-80e3-434752c80548)
 - New and modified: 0

[21/Jun/2023:16:20:37] DELETING PREPAGATI (JobID: c54dd5dc-04ad-46f2-80e3-434752c80548)
 - Deleted: 0

[21/Jun/2023:16:30:04] UPDATING ACCOUNTS (JobID: 84acf7e5-c1b8-48a8-a856-8d18d8ce2b47)
 - New and modified: 0

[21/Jun/2023:16:30:04] DELETING ACCOUNTS (JobID: 84acf7e5-c1b8-48a8-a856-8d18d8ce2b47)
 - Deleted: 0

[21/Jun/2023:16:30:35] UPDATING PRODUCTS (JobID: 83390883-e224-4e1a-b79e-508677083fab)
 - New and modified: 0

[21/Jun/2023:16:30:37] UPDATING PREPAGATI (JobID: 83847506-c9af-4ea8-a2d9-746e3fd4a378)
 - New and modified: 0

[21/Jun/2023:16:30:37] DELETING PREPAGATI (JobID: 83847506-c9af-4ea8-a2d9-746e3fd4a378)
 - Deleted: 0

[21/Jun/2023:16:40:04] UPDATING ACCOUNTS (JobID: 881b1ed5-9e0f-447c-95b4-76813bb50254)
 - New and modified: 0

[21/Jun/2023:16:40:04] DELETING ACCOUNTS (JobID: 881b1ed5-9e0f-447c-95b4-76813bb50254)
 - Deleted: 0

[21/Jun/2023:16:40:35] UPDATING PRODUCTS (JobID: faf85611-6f94-45ac-b2b0-5f0d7616601b)
 - New and modified: 0

[21/Jun/2023:16:40:37] UPDATING PREPAGATI (JobID: dcac3015-ad99-41f4-90e0-f975880048fb)
 - New and modified: 0

[21/Jun/2023:16:40:37] DELETING PREPAGATI (JobID: dcac3015-ad99-41f4-90e0-f975880048fb)
 - Deleted: 0

[21/Jun/2023:16:50:04] UPDATING ACCOUNTS (JobID: c2d816d9-bb07-4d28-81db-1bc32626061e)
 - New and modified: 0

[21/Jun/2023:16:50:04] DELETING ACCOUNTS (JobID: c2d816d9-bb07-4d28-81db-1bc32626061e)
 - Deleted: 0

[21/Jun/2023:16:50:35] UPDATING PRODUCTS (JobID: ceb2afa4-b887-4756-9c9a-f2962e962e4c)
 - New and modified: 0

[21/Jun/2023:16:50:37] UPDATING PREPAGATI (JobID: 23674d3e-bea4-418b-b308-2eb67d35556d)
 - New and modified: 0

[21/Jun/2023:16:50:37] DELETING PREPAGATI (JobID: 23674d3e-bea4-418b-b308-2eb67d35556d)
 - Deleted: 0

[21/Jun/2023:17:00:04] UPDATING ACCOUNTS (JobID: cdedec7b-1f01-4cc5-a1df-528fd1aec65b)
 - New and modified: 0

[21/Jun/2023:17:00:04] DELETING ACCOUNTS (JobID: cdedec7b-1f01-4cc5-a1df-528fd1aec65b)
 - Deleted: 0

[21/Jun/2023:17:00:36] UPDATING PRODUCTS (JobID: 0edddcc8-bf0c-4931-9cb0-886fc762c49f)
 - New and modified: 0

[21/Jun/2023:17:00:38] UPDATING PREPAGATI (JobID: 346472fc-e62f-4001-b339-300fab41077f)
 - New and modified: 0

[21/Jun/2023:17:00:38] DELETING PREPAGATI (JobID: 346472fc-e62f-4001-b339-300fab41077f)
 - Deleted: 0

[21/Jun/2023:17:10:03] UPDATING ACCOUNTS (JobID: a3a3f6dc-589d-4443-8e22-50ddbe25f637)
 - New and modified: 0

[21/Jun/2023:17:10:03] DELETING ACCOUNTS (JobID: a3a3f6dc-589d-4443-8e22-50ddbe25f637)
 - Deleted: 0

[21/Jun/2023:17:10:35] UPDATING PRODUCTS (JobID: c2199b71-e159-44b4-ab4e-f5ad1d1f4d5a)
 - New and modified: 0

[21/Jun/2023:17:10:36] UPDATING PREPAGATI (JobID: cd6c8fc8-b130-48e7-bd31-99603649a658)
 - New and modified: 0

[21/Jun/2023:17:10:36] DELETING PREPAGATI (JobID: cd6c8fc8-b130-48e7-bd31-99603649a658)
 - Deleted: 0

[21/Jun/2023:17:20:04] UPDATING ACCOUNTS (JobID: cfaab7c6-036f-433d-a56a-08bba17b52f9)
 - New and modified: 0

[21/Jun/2023:17:20:04] DELETING ACCOUNTS (JobID: cfaab7c6-036f-433d-a56a-08bba17b52f9)
 - Deleted: 0

[21/Jun/2023:17:20:36] UPDATING PRODUCTS (JobID: 15d419f6-1a4f-4e78-b012-550b6ee311b6)
 - New and modified: 0

[21/Jun/2023:17:20:38] UPDATING PREPAGATI (JobID: bff33e5e-415c-4a69-9b5f-e106ca2170f7)
 - New and modified: 0

[21/Jun/2023:17:20:38] DELETING PREPAGATI (JobID: bff33e5e-415c-4a69-9b5f-e106ca2170f7)
 - Deleted: 0

[21/Jun/2023:17:30:04] UPDATING ACCOUNTS (JobID: d4b9b7fd-b9d8-4e21-a127-4c9c7899aab5)
 - New and modified: 0

[21/Jun/2023:17:30:04] DELETING ACCOUNTS (JobID: d4b9b7fd-b9d8-4e21-a127-4c9c7899aab5)
 - Deleted: 0

[21/Jun/2023:17:30:37] UPDATING PRODUCTS (JobID: 64f444f4-f1c4-4a4f-8347-fcc1a3fc29d6)
 - New and modified: 0

[21/Jun/2023:17:30:39] UPDATING PREPAGATI (JobID: 163e2ca0-8901-49a4-8ff1-9b8f0cc5cdcd)
 - New and modified: 0

[21/Jun/2023:17:30:39] DELETING PREPAGATI (JobID: 163e2ca0-8901-49a4-8ff1-9b8f0cc5cdcd)
 - Deleted: 0

[21/Jun/2023:17:40:03] UPDATING ACCOUNTS (JobID: b5bd4a60-04f3-41ba-8277-3f634f5fb373)
 - New and modified: 0

[21/Jun/2023:17:40:03] DELETING ACCOUNTS (JobID: b5bd4a60-04f3-41ba-8277-3f634f5fb373)
 - Deleted: 0

[21/Jun/2023:17:40:34] UPDATING PRODUCTS (JobID: 6b5e78c4-319d-4fe3-b6e7-4527a6770e4c)
 - New and modified: 0

[21/Jun/2023:17:40:36] UPDATING PREPAGATI (JobID: be958dbd-707c-4e6a-a2c7-22389ee7f2b7)
 - New and modified: 0

[21/Jun/2023:17:40:36] DELETING PREPAGATI (JobID: be958dbd-707c-4e6a-a2c7-22389ee7f2b7)
 - Deleted: 0

[21/Jun/2023:17:50:04] UPDATING ACCOUNTS (JobID: 8895d6ea-00b9-4c7b-bdcd-6aea3fd87095)
 - New and modified: 0

[21/Jun/2023:17:50:04] DELETING ACCOUNTS (JobID: 8895d6ea-00b9-4c7b-bdcd-6aea3fd87095)
 - Deleted: 0

[21/Jun/2023:17:50:35] UPDATING PRODUCTS (JobID: b4a8914e-ce8e-4d8c-8b16-752f2eec2e0a)
 - New and modified: 0

[21/Jun/2023:17:50:36] UPDATING PREPAGATI (JobID: c0cc79ae-dee7-4a15-9f8f-1558b2bf38a3)
 - New and modified: 0

[21/Jun/2023:17:50:36] DELETING PREPAGATI (JobID: c0cc79ae-dee7-4a15-9f8f-1558b2bf38a3)
 - Deleted: 0

[21/Jun/2023:18:00:08] UPDATING ACCOUNTS (JobID: 3368cd5d-5bba-482b-8cfe-e835f782ed50)
 - New and modified: 0

[21/Jun/2023:18:00:08] DELETING ACCOUNTS (JobID: 3368cd5d-5bba-482b-8cfe-e835f782ed50)
 - Deleted: 0

[21/Jun/2023:18:00:41] UPDATING PRODUCTS (JobID: f71d5e46-d169-4d93-897f-b00a7d90afcc)
 - New and modified: 0

[21/Jun/2023:18:00:43] UPDATING PREPAGATI (JobID: 231a16d9-778c-40b2-b7b5-8ca606d271f1)
 - New and modified: 0

[21/Jun/2023:18:00:43] DELETING PREPAGATI (JobID: 231a16d9-778c-40b2-b7b5-8ca606d271f1)
 - Deleted: 0

[21/Jun/2023:18:10:03] UPDATING ACCOUNTS (JobID: 175ffe6a-2923-46c0-aaf9-80e5546dedf5)
 - New and modified: 0

[21/Jun/2023:18:10:03] DELETING ACCOUNTS (JobID: 175ffe6a-2923-46c0-aaf9-80e5546dedf5)
 - Deleted: 0

[21/Jun/2023:18:10:35] UPDATING PRODUCTS (JobID: 0be9a99b-4e56-4103-a023-893f24ea534e)
 - New and modified: 0

[21/Jun/2023:18:10:37] UPDATING PREPAGATI (JobID: 593a407d-bed0-4bdd-8aa7-e462802e583f)
 - New and modified: 0

[21/Jun/2023:18:10:37] DELETING PREPAGATI (JobID: 593a407d-bed0-4bdd-8aa7-e462802e583f)
 - Deleted: 0

[21/Jun/2023:18:20:04] UPDATING ACCOUNTS (JobID: b61fd9dc-e0ba-49d2-b7cb-3d929bf4c290)
 - New and modified: 0

[21/Jun/2023:18:20:04] DELETING ACCOUNTS (JobID: b61fd9dc-e0ba-49d2-b7cb-3d929bf4c290)
 - Deleted: 0

[21/Jun/2023:18:20:38] UPDATING PRODUCTS (JobID: 0c14326b-50e5-4ef2-a5ac-616de6f36799)
 - New and modified: 0

[21/Jun/2023:18:20:39] UPDATING PREPAGATI (JobID: d9be04d2-5abd-4f69-8c4e-8f433166abcf)
 - New and modified: 0

[21/Jun/2023:18:20:39] DELETING PREPAGATI (JobID: d9be04d2-5abd-4f69-8c4e-8f433166abcf)
 - Deleted: 0

[21/Jun/2023:18:30:04] UPDATING ACCOUNTS (JobID: 554d355f-c8c0-42a3-a913-ced702241b8c)
 - New and modified: 0

[21/Jun/2023:18:30:04] DELETING ACCOUNTS (JobID: 554d355f-c8c0-42a3-a913-ced702241b8c)
 - Deleted: 0

[21/Jun/2023:18:30:35] UPDATING PRODUCTS (JobID: d89eb295-7cd3-458f-92e7-51cf894fa89a)
 - New and modified: 0

[21/Jun/2023:18:30:37] UPDATING PREPAGATI (JobID: 0d67584a-5c19-426d-b3d5-e1d75854df7c)
 - New and modified: 0

[21/Jun/2023:18:30:37] DELETING PREPAGATI (JobID: 0d67584a-5c19-426d-b3d5-e1d75854df7c)
 - Deleted: 0

[21/Jun/2023:18:40:04] UPDATING ACCOUNTS (JobID: 2bd0b9a2-a695-4a3f-9930-3c56c29a448d)
 - New and modified: 0

[21/Jun/2023:18:40:04] DELETING ACCOUNTS (JobID: 2bd0b9a2-a695-4a3f-9930-3c56c29a448d)
 - Deleted: 0

[21/Jun/2023:18:40:38] UPDATING PRODUCTS (JobID: 2333629c-f157-4f01-a746-6867d69eb4b8)
 - New and modified: 0

[21/Jun/2023:18:40:40] UPDATING PREPAGATI (JobID: 74856b65-80c2-4072-9a73-b4e76408d5da)
 - New and modified: 0

[21/Jun/2023:18:40:40] DELETING PREPAGATI (JobID: 74856b65-80c2-4072-9a73-b4e76408d5da)
 - Deleted: 0

[21/Jun/2023:18:50:04] UPDATING ACCOUNTS (JobID: ad561ff7-0ed8-476d-901f-05ef1de68aed)
 - New and modified: 0

[21/Jun/2023:18:50:04] DELETING ACCOUNTS (JobID: ad561ff7-0ed8-476d-901f-05ef1de68aed)
 - Deleted: 0

[21/Jun/2023:18:50:36] UPDATING PRODUCTS (JobID: 2c26f603-55e1-4e72-80b0-6e90456a3c0c)
 - New and modified: 0

[21/Jun/2023:18:50:38] UPDATING PREPAGATI (JobID: 63121417-87bf-4d1c-951b-4817a794d7d5)
 - New and modified: 0

[21/Jun/2023:18:50:38] DELETING PREPAGATI (JobID: 63121417-87bf-4d1c-951b-4817a794d7d5)
 - Deleted: 0

[21/Jun/2023:19:00:17] UPDATING ACCOUNTS (JobID: 9269a9de-e0d3-4fa6-8891-b291b6843d12)
 - New and modified: 0

[21/Jun/2023:19:00:17] DELETING ACCOUNTS (JobID: 9269a9de-e0d3-4fa6-8891-b291b6843d12)
 - Deleted: 0

[21/Jun/2023:19:00:50] UPDATING PRODUCTS (JobID: 9174288c-14de-454f-be8b-f2a54b4381dd)
 - New and modified: 0

[21/Jun/2023:19:00:52] UPDATING PREPAGATI (JobID: b1ddd6ad-5d9f-4b44-9db5-ab6437f54a02)
 - New and modified: 0

[21/Jun/2023:19:00:52] DELETING PREPAGATI (JobID: b1ddd6ad-5d9f-4b44-9db5-ab6437f54a02)
 - Deleted: 0

[21/Jun/2023:19:10:05] UPDATING ACCOUNTS (JobID: 70630fda-1924-40f5-a447-94d0e7bbadc0)
 - New and modified: 0

[21/Jun/2023:19:10:05] DELETING ACCOUNTS (JobID: 70630fda-1924-40f5-a447-94d0e7bbadc0)
 - Deleted: 0

[21/Jun/2023:19:10:37] UPDATING PRODUCTS (JobID: 1c28ec47-1013-4d6d-bbf7-41e29f0dfb8a)
 - New and modified: 0

[21/Jun/2023:19:10:39] UPDATING PREPAGATI (JobID: 35488dc3-023b-4564-a3cc-64dc609d63b0)
 - New and modified: 0

[21/Jun/2023:19:10:39] DELETING PREPAGATI (JobID: 35488dc3-023b-4564-a3cc-64dc609d63b0)
 - Deleted: 0

[21/Jun/2023:19:20:04] UPDATING ACCOUNTS (JobID: 49b1d96b-2a5a-4d0f-915b-c67c66d99277)
 - New and modified: 0

[21/Jun/2023:19:20:04] DELETING ACCOUNTS (JobID: 49b1d96b-2a5a-4d0f-915b-c67c66d99277)
 - Deleted: 0

[21/Jun/2023:19:20:38] UPDATING PRODUCTS (JobID: 316fa7c7-aa41-48ef-ac12-449e7de971ad)
 - New and modified: 0

[21/Jun/2023:19:20:40] UPDATING PREPAGATI (JobID: 92996e23-898f-47d9-876b-e685ee8434d4)
 - New and modified: 0

[21/Jun/2023:19:20:40] DELETING PREPAGATI (JobID: 92996e23-898f-47d9-876b-e685ee8434d4)
 - Deleted: 0

[21/Jun/2023:19:30:04] UPDATING ACCOUNTS (JobID: 8af93a22-516d-4d8f-8865-2c0d6169e3ff)
 - New and modified: 0

[21/Jun/2023:19:30:04] DELETING ACCOUNTS (JobID: 8af93a22-516d-4d8f-8865-2c0d6169e3ff)
 - Deleted: 0

[21/Jun/2023:19:30:37] UPDATING PRODUCTS (JobID: bc14d630-4aa9-4920-a1e5-64d07b5a0ade)
 - New and modified: 0

[21/Jun/2023:19:30:39] UPDATING PREPAGATI (JobID: 3daf82e9-ef82-4829-b8d7-5326dfc31326)
 - New and modified: 0

[21/Jun/2023:19:30:39] DELETING PREPAGATI (JobID: 3daf82e9-ef82-4829-b8d7-5326dfc31326)
 - Deleted: 0

[21/Jun/2023:19:40:04] UPDATING ACCOUNTS (JobID: 0cde9770-df3f-47c1-bb1a-153d071af462)
 - New and modified: 0

[21/Jun/2023:19:40:04] DELETING ACCOUNTS (JobID: 0cde9770-df3f-47c1-bb1a-153d071af462)
 - Deleted: 0

[21/Jun/2023:19:40:37] UPDATING PRODUCTS (JobID: 9f145e8b-6cec-4f32-b72f-c2b46a8f9018)
 - New and modified: 0

[21/Jun/2023:19:40:39] UPDATING PREPAGATI (JobID: 638d5908-1b37-4cb7-bf80-b2104dc56dbb)
 - New and modified: 0

[21/Jun/2023:19:40:39] DELETING PREPAGATI (JobID: 638d5908-1b37-4cb7-bf80-b2104dc56dbb)
 - Deleted: 0

[21/Jun/2023:19:50:04] UPDATING ACCOUNTS (JobID: b72d6404-38f2-49e8-a4dc-1f3d4b150a4e)
 - New and modified: 0

[21/Jun/2023:19:50:04] DELETING ACCOUNTS (JobID: b72d6404-38f2-49e8-a4dc-1f3d4b150a4e)
 - Deleted: 0

[21/Jun/2023:19:50:36] UPDATING PRODUCTS (JobID: d34720ac-db6c-4ad4-bbe9-987aaf0db228)
 - New and modified: 0

[21/Jun/2023:19:50:37] UPDATING PREPAGATI (JobID: ae3e9d9c-3e01-4d72-9a76-04605a936d78)
 - New and modified: 0

[21/Jun/2023:19:50:37] DELETING PREPAGATI (JobID: ae3e9d9c-3e01-4d72-9a76-04605a936d78)
 - Deleted: 0

[21/Jun/2023:20:00:04] UPDATING ACCOUNTS (JobID: 4f4c11b9-79ec-4b57-9fed-4a75a456d05f)
 - New and modified: 0

[21/Jun/2023:20:00:04] DELETING ACCOUNTS (JobID: 4f4c11b9-79ec-4b57-9fed-4a75a456d05f)
 - Deleted: 0

[21/Jun/2023:20:00:37] UPDATING PRODUCTS (JobID: b1551098-28cf-4dbf-ab9f-1910a0757f25)
 - New and modified: 0

[21/Jun/2023:20:00:38] UPDATING PREPAGATI (JobID: 10a20316-3276-4d47-905e-53f0e551e1e6)
 - New and modified: 0

[21/Jun/2023:20:00:38] DELETING PREPAGATI (JobID: 10a20316-3276-4d47-905e-53f0e551e1e6)
 - Deleted: 0

[21/Jun/2023:20:10:04] UPDATING ACCOUNTS (JobID: 10943c7d-dbd7-4484-a7b5-695fefe6e881)
 - New and modified: 0

[21/Jun/2023:20:10:04] DELETING ACCOUNTS (JobID: 10943c7d-dbd7-4484-a7b5-695fefe6e881)
 - Deleted: 0

[21/Jun/2023:20:10:37] UPDATING PRODUCTS (JobID: 82b3e2d4-33d1-491f-bb44-a0b8956aa506)
 - New and modified: 0

[21/Jun/2023:20:10:38] UPDATING PREPAGATI (JobID: 2e01c070-82f6-4545-8cb2-17fc8456e3b8)
 - New and modified: 0

[21/Jun/2023:20:10:38] DELETING PREPAGATI (JobID: 2e01c070-82f6-4545-8cb2-17fc8456e3b8)
 - Deleted: 0

[21/Jun/2023:20:20:04] UPDATING ACCOUNTS (JobID: 34becf56-66c1-4639-9f32-e0cb140f0035)
 - New and modified: 0

[21/Jun/2023:20:20:04] DELETING ACCOUNTS (JobID: 34becf56-66c1-4639-9f32-e0cb140f0035)
 - Deleted: 0

[21/Jun/2023:20:20:37] UPDATING PRODUCTS (JobID: 6e0ee89a-3b6b-4530-8d52-5fe97f71f169)
 - New and modified: 0

[21/Jun/2023:20:20:39] UPDATING PREPAGATI (JobID: 80f13f6f-d6f1-4a38-914f-f19c30e8a534)
 - New and modified: 0

[21/Jun/2023:20:20:39] DELETING PREPAGATI (JobID: 80f13f6f-d6f1-4a38-914f-f19c30e8a534)
 - Deleted: 0

[21/Jun/2023:20:30:04] UPDATING ACCOUNTS (JobID: 53a4c8ca-cd04-4afa-85cf-6bd1f5b5091a)
 - New and modified: 0

[21/Jun/2023:20:30:04] DELETING ACCOUNTS (JobID: 53a4c8ca-cd04-4afa-85cf-6bd1f5b5091a)
 - Deleted: 0

[21/Jun/2023:20:30:37] UPDATING PRODUCTS (JobID: 29a3d743-da83-405c-9a44-53928bc4b992)
 - New and modified: 0

[21/Jun/2023:20:30:39] UPDATING PREPAGATI (JobID: 55f5b79c-2b0b-4aad-99b7-3327445edf74)
 - New and modified: 0

[21/Jun/2023:20:30:39] DELETING PREPAGATI (JobID: 55f5b79c-2b0b-4aad-99b7-3327445edf74)
 - Deleted: 0

[21/Jun/2023:20:40:05] UPDATING ACCOUNTS (JobID: 0db4e10e-22aa-4a59-8c87-2b7540f11f28)
 - New and modified: 0

[21/Jun/2023:20:40:05] DELETING ACCOUNTS (JobID: 0db4e10e-22aa-4a59-8c87-2b7540f11f28)
 - Deleted: 0

[21/Jun/2023:20:40:36] UPDATING PRODUCTS (JobID: 3d454c34-6339-492c-8dea-8a7b72006d32)
 - New and modified: 0

[21/Jun/2023:20:40:37] UPDATING PREPAGATI (JobID: 75635d7a-af0a-4cae-9739-fb1e44c75f64)
 - New and modified: 0

[21/Jun/2023:20:40:37] DELETING PREPAGATI (JobID: 75635d7a-af0a-4cae-9739-fb1e44c75f64)
 - Deleted: 0

[21/Jun/2023:20:50:04] UPDATING ACCOUNTS (JobID: 925680c5-6851-44ef-ba2c-a8c041ec8a25)
 - New and modified: 0

[21/Jun/2023:20:50:04] DELETING ACCOUNTS (JobID: 925680c5-6851-44ef-ba2c-a8c041ec8a25)
 - Deleted: 0

[21/Jun/2023:20:50:34] UPDATING PRODUCTS (JobID: 2c11705b-98a1-4c5a-ab49-1516b4b4b432)
 - New and modified: 0

[21/Jun/2023:20:50:36] UPDATING PREPAGATI (JobID: 6d1b22ee-a2c8-402d-9221-a3d81142a99b)
 - New and modified: 0

[21/Jun/2023:20:50:36] DELETING PREPAGATI (JobID: 6d1b22ee-a2c8-402d-9221-a3d81142a99b)
 - Deleted: 0

[21/Jun/2023:21:00:04] UPDATING ACCOUNTS (JobID: 56613b81-5309-48b9-a228-3ea74db581fb)
 - New and modified: 0

[21/Jun/2023:21:00:04] DELETING ACCOUNTS (JobID: 56613b81-5309-48b9-a228-3ea74db581fb)
 - Deleted: 0

[21/Jun/2023:21:00:34] UPDATING PRODUCTS (JobID: 54d1f042-7d26-413f-84c3-cc00eff035d7)
 - New and modified: 0

[21/Jun/2023:21:00:36] UPDATING PREPAGATI (JobID: d20bd8f3-62bd-412d-b7a9-2cf87d606f77)
 - New and modified: 0

[21/Jun/2023:21:00:36] DELETING PREPAGATI (JobID: d20bd8f3-62bd-412d-b7a9-2cf87d606f77)
 - Deleted: 0

[21/Jun/2023:21:10:04] UPDATING ACCOUNTS (JobID: 0c77f84c-620a-461b-91d1-ac83fdbb21e9)
 - New and modified: 0

[21/Jun/2023:21:10:04] DELETING ACCOUNTS (JobID: 0c77f84c-620a-461b-91d1-ac83fdbb21e9)
 - Deleted: 0

[21/Jun/2023:21:10:36] UPDATING PRODUCTS (JobID: f85da721-831c-49f2-8323-8a849252bc5f)
 - New and modified: 0

[21/Jun/2023:21:10:37] UPDATING PREPAGATI (JobID: b7561d38-4582-4be8-b097-424149d0e672)
 - New and modified: 0

[21/Jun/2023:21:10:37] DELETING PREPAGATI (JobID: b7561d38-4582-4be8-b097-424149d0e672)
 - Deleted: 0

[21/Jun/2023:21:20:04] UPDATING ACCOUNTS (JobID: 6d29c2f2-44bc-4548-9cf5-a497297fe159)
 - New and modified: 0

[21/Jun/2023:21:20:04] DELETING ACCOUNTS (JobID: 6d29c2f2-44bc-4548-9cf5-a497297fe159)
 - Deleted: 0

[21/Jun/2023:21:20:34] UPDATING PRODUCTS (JobID: 5577754d-cc93-4508-8878-f30e57b61bbe)
 - New and modified: 0

[21/Jun/2023:21:20:36] UPDATING PREPAGATI (JobID: 01f6a763-4672-49f4-a704-226997a62bce)
 - New and modified: 0

[21/Jun/2023:21:20:36] DELETING PREPAGATI (JobID: 01f6a763-4672-49f4-a704-226997a62bce)
 - Deleted: 0

[21/Jun/2023:21:30:03] UPDATING ACCOUNTS (JobID: 6d7b6c1e-5330-403d-8c4f-2edc4aa9baaa)
 - New and modified: 0

[21/Jun/2023:21:30:03] DELETING ACCOUNTS (JobID: 6d7b6c1e-5330-403d-8c4f-2edc4aa9baaa)
 - Deleted: 0

[21/Jun/2023:21:30:34] UPDATING PRODUCTS (JobID: 8f08112e-dcf3-4610-bfc8-16d2524d0bb9)
 - New and modified: 0

[21/Jun/2023:21:30:36] UPDATING PREPAGATI (JobID: 1fa083d0-6e5c-47a1-bb56-d201be60449d)
 - New and modified: 0

[21/Jun/2023:21:30:36] DELETING PREPAGATI (JobID: 1fa083d0-6e5c-47a1-bb56-d201be60449d)
 - Deleted: 0

[21/Jun/2023:21:40:04] UPDATING ACCOUNTS (JobID: de6e932f-febc-4744-aa72-1b351fe62b0b)
 - New and modified: 0

[21/Jun/2023:21:40:04] DELETING ACCOUNTS (JobID: de6e932f-febc-4744-aa72-1b351fe62b0b)
 - Deleted: 0

[21/Jun/2023:21:40:35] UPDATING PRODUCTS (JobID: 570800dd-c9c9-491d-bd3e-3e29cd17f803)
 - New and modified: 0

[21/Jun/2023:21:40:37] UPDATING PREPAGATI (JobID: 5f0925fe-44dd-45fe-884d-452ccb891001)
 - New and modified: 0

[21/Jun/2023:21:40:37] DELETING PREPAGATI (JobID: 5f0925fe-44dd-45fe-884d-452ccb891001)
 - Deleted: 0

[21/Jun/2023:21:50:04] UPDATING ACCOUNTS (JobID: b522f587-adc6-48b0-acb8-270271aac114)
 - New and modified: 0

[21/Jun/2023:21:50:04] DELETING ACCOUNTS (JobID: b522f587-adc6-48b0-acb8-270271aac114)
 - Deleted: 0

[21/Jun/2023:21:50:35] UPDATING PRODUCTS (JobID: 3a67158b-b9dd-4ad2-8431-e48a538bd686)
 - New and modified: 0

[21/Jun/2023:21:50:37] UPDATING PREPAGATI (JobID: 4ae2be97-2a32-4841-bce5-e8236a9cb026)
 - New and modified: 0

[21/Jun/2023:21:50:37] DELETING PREPAGATI (JobID: 4ae2be97-2a32-4841-bce5-e8236a9cb026)
 - Deleted: 0

[21/Jun/2023:22:00:04] UPDATING ACCOUNTS (JobID: 5aa95753-ac97-4194-a411-3fd12897ee30)
 - New and modified: 0

[21/Jun/2023:22:00:04] DELETING ACCOUNTS (JobID: 5aa95753-ac97-4194-a411-3fd12897ee30)
 - Deleted: 0

[21/Jun/2023:22:00:34] UPDATING PRODUCTS (JobID: 5e0ab6fe-d991-4b9d-b29e-510817e12a7f)
 - New and modified: 0

[21/Jun/2023:22:00:36] UPDATING PREPAGATI (JobID: cf06297c-c6f6-49d6-bc86-0ae5980065ee)
 - New and modified: 0

[21/Jun/2023:22:00:36] DELETING PREPAGATI (JobID: cf06297c-c6f6-49d6-bc86-0ae5980065ee)
 - Deleted: 0

[21/Jun/2023:22:10:04] UPDATING ACCOUNTS (JobID: 2a5d7f2f-c744-4b53-9bad-1c3aebec77a1)
 - New and modified: 0

[21/Jun/2023:22:10:04] DELETING ACCOUNTS (JobID: 2a5d7f2f-c744-4b53-9bad-1c3aebec77a1)
 - Deleted: 0

[21/Jun/2023:22:10:35] UPDATING PRODUCTS (JobID: dcc7db15-9876-47a9-a49d-c103f58d7e7e)
 - New and modified: 0

[21/Jun/2023:22:10:37] UPDATING PREPAGATI (JobID: 69696d3f-c5ca-406b-8ba7-2f0096c76d00)
 - New and modified: 0

[21/Jun/2023:22:10:37] DELETING PREPAGATI (JobID: 69696d3f-c5ca-406b-8ba7-2f0096c76d00)
 - Deleted: 0

[21/Jun/2023:22:20:04] UPDATING ACCOUNTS (JobID: 7bbdfb04-ad1b-4ee5-b7e6-8cc05c58059f)
 - New and modified: 0

[21/Jun/2023:22:20:04] DELETING ACCOUNTS (JobID: 7bbdfb04-ad1b-4ee5-b7e6-8cc05c58059f)
 - Deleted: 0

[21/Jun/2023:22:20:37] UPDATING PRODUCTS (JobID: a112f2e0-c206-4034-8934-cc60b68dae6a)
 - New and modified: 0

[21/Jun/2023:22:20:39] UPDATING PREPAGATI (JobID: 4f009c33-4e0c-4cce-a0a7-02ada60d5995)
 - New and modified: 0

[21/Jun/2023:22:20:39] DELETING PREPAGATI (JobID: 4f009c33-4e0c-4cce-a0a7-02ada60d5995)
 - Deleted: 0

[21/Jun/2023:22:30:04] UPDATING ACCOUNTS (JobID: 671f9910-ecb3-4ae7-b6c2-1aaaaa56267f)
 - New and modified: 0

[21/Jun/2023:22:30:04] DELETING ACCOUNTS (JobID: 671f9910-ecb3-4ae7-b6c2-1aaaaa56267f)
 - Deleted: 0

[21/Jun/2023:22:30:37] UPDATING PRODUCTS (JobID: 8de9b5d5-f0ae-49bd-b52a-d1a891fcab86)
 - New and modified: 0

[21/Jun/2023:22:30:39] UPDATING PREPAGATI (JobID: fdfa6abf-ca84-4221-beb1-2f1c5da96a45)
 - New and modified: 0

[21/Jun/2023:22:30:39] DELETING PREPAGATI (JobID: fdfa6abf-ca84-4221-beb1-2f1c5da96a45)
 - Deleted: 0

[21/Jun/2023:22:40:04] UPDATING ACCOUNTS (JobID: 52a9fe6f-f076-4d87-99e7-0c037a27e94e)
 - New and modified: 0

[21/Jun/2023:22:40:04] DELETING ACCOUNTS (JobID: 52a9fe6f-f076-4d87-99e7-0c037a27e94e)
 - Deleted: 0

[21/Jun/2023:22:40:35] UPDATING PRODUCTS (JobID: d71ac994-a372-4578-ab0e-16e29336c722)
 - New and modified: 0

[21/Jun/2023:22:40:36] UPDATING PREPAGATI (JobID: 37d27621-7f87-4a1d-8487-afc83ba2b956)
 - New and modified: 0

[21/Jun/2023:22:40:36] DELETING PREPAGATI (JobID: 37d27621-7f87-4a1d-8487-afc83ba2b956)
 - Deleted: 0

[21/Jun/2023:22:50:04] UPDATING ACCOUNTS (JobID: f359b1f0-8aa9-41f7-ad94-cdb87996dcb3)
 - New and modified: 0

[21/Jun/2023:22:50:04] DELETING ACCOUNTS (JobID: f359b1f0-8aa9-41f7-ad94-cdb87996dcb3)
 - Deleted: 0

[21/Jun/2023:22:50:35] UPDATING PRODUCTS (JobID: 75baee79-79cb-42d1-9da4-7bceeda31227)
 - New and modified: 0

[21/Jun/2023:22:50:37] UPDATING PREPAGATI (JobID: fb336f28-6b8e-46a9-bb1f-8be902e274a1)
 - New and modified: 0

[21/Jun/2023:22:50:37] DELETING PREPAGATI (JobID: fb336f28-6b8e-46a9-bb1f-8be902e274a1)
 - Deleted: 0

[21/Jun/2023:23:00:04] UPDATING ACCOUNTS (JobID: 2e013fad-239d-4818-9d64-46f32cc58dee)
 - New and modified: 0

[21/Jun/2023:23:00:04] DELETING ACCOUNTS (JobID: 2e013fad-239d-4818-9d64-46f32cc58dee)
 - Deleted: 0

[21/Jun/2023:23:00:35] UPDATING PRODUCTS (JobID: acf0b366-c7ab-4220-ae95-070cfb17482c)
 - New and modified: 0

[21/Jun/2023:23:00:37] UPDATING PREPAGATI (JobID: 00e598b5-ca2a-4d2c-b895-72bfa04ff90b)
 - New and modified: 0

[21/Jun/2023:23:00:37] DELETING PREPAGATI (JobID: 00e598b5-ca2a-4d2c-b895-72bfa04ff90b)
 - Deleted: 0

[21/Jun/2023:23:10:04] UPDATING ACCOUNTS (JobID: e2c6f589-cd31-4e71-9a5d-2c40b40273eb)
 - New and modified: 0

[21/Jun/2023:23:10:04] DELETING ACCOUNTS (JobID: e2c6f589-cd31-4e71-9a5d-2c40b40273eb)
 - Deleted: 0

[21/Jun/2023:23:10:35] UPDATING PRODUCTS (JobID: e4c19451-cee0-4be8-ae96-76309eb347dd)
 - New and modified: 0

[21/Jun/2023:23:10:37] UPDATING PREPAGATI (JobID: 72884fe6-6db9-4fc6-92d4-71d0aafe092f)
 - New and modified: 0

[21/Jun/2023:23:10:37] DELETING PREPAGATI (JobID: 72884fe6-6db9-4fc6-92d4-71d0aafe092f)
 - Deleted: 0

[21/Jun/2023:23:20:04] UPDATING ACCOUNTS (JobID: 683b753d-b8af-4308-a59f-754e3d60f146)
 - New and modified: 0

[21/Jun/2023:23:20:04] DELETING ACCOUNTS (JobID: 683b753d-b8af-4308-a59f-754e3d60f146)
 - Deleted: 0

[21/Jun/2023:23:20:35] UPDATING PRODUCTS (JobID: 9194746a-a458-4752-8d7c-299a05cf3510)
 - New and modified: 0

[21/Jun/2023:23:20:36] UPDATING PREPAGATI (JobID: fed71437-da9e-4066-9ad0-8de548334034)
 - New and modified: 0

[21/Jun/2023:23:20:36] DELETING PREPAGATI (JobID: fed71437-da9e-4066-9ad0-8de548334034)
 - Deleted: 0

[21/Jun/2023:23:30:04] UPDATING ACCOUNTS (JobID: e43e1383-763d-4d36-82b2-66c371bea815)
 - New and modified: 0

[21/Jun/2023:23:30:04] DELETING ACCOUNTS (JobID: e43e1383-763d-4d36-82b2-66c371bea815)
 - Deleted: 0

[21/Jun/2023:23:30:35] UPDATING PRODUCTS (JobID: 181ff972-578f-4e7b-8ac5-e2effea5b37f)
 - New and modified: 0

[21/Jun/2023:23:30:37] UPDATING PREPAGATI (JobID: 4db993fb-7b81-4d7d-aa25-864cd70f0e56)
 - New and modified: 0

[21/Jun/2023:23:30:37] DELETING PREPAGATI (JobID: 4db993fb-7b81-4d7d-aa25-864cd70f0e56)
 - Deleted: 0

[21/Jun/2023:23:40:04] UPDATING ACCOUNTS (JobID: e3462521-8c0e-4830-b4a6-c6697902da4b)
 - New and modified: 0

[21/Jun/2023:23:40:04] DELETING ACCOUNTS (JobID: e3462521-8c0e-4830-b4a6-c6697902da4b)
 - Deleted: 0

[21/Jun/2023:23:40:35] UPDATING PRODUCTS (JobID: c1083bce-075a-48e9-9a15-8ad4420d8f78)
 - New and modified: 0

[21/Jun/2023:23:40:37] UPDATING PREPAGATI (JobID: 684d1385-cfbc-4bef-a5c0-a1add1b582ba)
 - New and modified: 0

[21/Jun/2023:23:40:37] DELETING PREPAGATI (JobID: 684d1385-cfbc-4bef-a5c0-a1add1b582ba)
 - Deleted: 0

[21/Jun/2023:23:50:04] UPDATING ACCOUNTS (JobID: b0a8722a-44a1-4d7d-af79-ad272e95bb80)
 - New and modified: 0

[21/Jun/2023:23:50:04] DELETING ACCOUNTS (JobID: b0a8722a-44a1-4d7d-af79-ad272e95bb80)
 - Deleted: 0

[21/Jun/2023:23:50:37] UPDATING PRODUCTS (JobID: 0c1ef522-2ffd-4abd-a6b5-6745b42bcdf1)
 - New and modified: 0

[21/Jun/2023:23:50:39] UPDATING PREPAGATI (JobID: 5f4acbeb-3698-410d-99bb-e4de62269fd9)
 - New and modified: 0

[21/Jun/2023:23:50:39] DELETING PREPAGATI (JobID: 5f4acbeb-3698-410d-99bb-e4de62269fd9)
 - Deleted: 0

