[29/Oct/2023:00:30:09] UPDATING ACCOUNTS (JobID: 90a4bd5d-36be-47b9-8045-daba225fc725)
 - New and modified: 0

[29/Oct/2023:00:30:09] DELETING ACCOUNTS (JobID: 90a4bd5d-36be-47b9-8045-daba225fc725)
 - Deleted: 0

[29/Oct/2023:00:30:43] UPDATING PRODUCTS (JobID: f797a38c-ecab-4ae3-8d19-3d73fbbfb2c3)
 - New and modified: 0

[29/Oct/2023:00:30:47] UPDATING PREPAGATI (JobID: 29800c2e-2925-4c0c-9955-0a2431a85e37)
 - New and modified: 0

[29/Oct/2023:00:30:47] DELETING PREPAGATI (JobID: 29800c2e-2925-4c0c-9955-0a2431a85e37)
 - Deleted: 0

[29/Oct/2023:01:00:09] UPDATING ACCOUNTS (JobID: 0672555c-ae39-40cc-8769-3130c75c4d05)
 - New and modified: 0

[29/Oct/2023:01:00:09] DELETING ACCOUNTS (JobID: 0672555c-ae39-40cc-8769-3130c75c4d05)
 - Deleted: 0

[29/Oct/2023:01:00:45] UPDATING PRODUCTS (JobID: 5c130fe9-6bf9-49f4-a8b4-2a6ec13c95fe)
 - New and modified: 0

[29/Oct/2023:01:00:49] UPDATING PREPAGATI (JobID: 877e6a0d-87ca-4538-acfe-693dc57f7380)
 - New and modified: 0

[29/Oct/2023:01:00:49] DELETING PREPAGATI (JobID: 877e6a0d-87ca-4538-acfe-693dc57f7380)
 - Deleted: 0

[29/Oct/2023:01:30:03] UPDATING ACCOUNTS (JobID: 85dc6bfd-02e6-4c72-b33f-5c3dfc8304b6)
 - New and modified: 0

[29/Oct/2023:01:30:03] DELETING ACCOUNTS (JobID: 85dc6bfd-02e6-4c72-b33f-5c3dfc8304b6)
 - Deleted: 0

[29/Oct/2023:01:30:30] UPDATING PRODUCTS (JobID: e7e363a0-7671-4818-947f-d9c2396bdf8d)
 - New and modified: 0

[29/Oct/2023:01:30:32] UPDATING PREPAGATI (JobID: c89d33a2-e1c6-4973-aa11-dc3efab5950d)
 - New and modified: 0

[29/Oct/2023:01:30:32] DELETING PREPAGATI (JobID: c89d33a2-e1c6-4973-aa11-dc3efab5950d)
 - Deleted: 0

[29/Oct/2023:02:00:07] UPDATING ACCOUNTS (JobID: 989cff6e-eb28-42d6-87b5-9a8e1f00b78d)
 - New and modified: 0

[29/Oct/2023:02:00:07] DELETING ACCOUNTS (JobID: 989cff6e-eb28-42d6-87b5-9a8e1f00b78d)
 - Deleted: 0

[29/Oct/2023:02:00:42] UPDATING PRODUCTS (JobID: fdf0af8a-7c6b-45f4-a619-bd0b312144d8)
 - New and modified: 0

[29/Oct/2023:02:00:46] UPDATING PREPAGATI (JobID: 79ccaa3b-bff3-4a1e-bdcb-50a5a667955a)
 - New and modified: 0

[29/Oct/2023:02:00:46] DELETING PREPAGATI (JobID: 79ccaa3b-bff3-4a1e-bdcb-50a5a667955a)
 - Deleted: 0

[29/Oct/2023:02:30:09] UPDATING ACCOUNTS (JobID: 017ed1a1-2082-4f77-b599-57f3f2d86659)
 - New and modified: 0

[29/Oct/2023:02:30:09] DELETING ACCOUNTS (JobID: 017ed1a1-2082-4f77-b599-57f3f2d86659)
 - Deleted: 0

[29/Oct/2023:02:30:45] UPDATING PRODUCTS (JobID: 36daf1f5-048d-42cd-b748-7557e8c6cb71)
 - New and modified: 0

[29/Oct/2023:02:30:48] UPDATING PREPAGATI (JobID: 88cf26ea-f489-4637-9dad-ba4e6e7b3cac)
 - New and modified: 0

[29/Oct/2023:02:30:48] DELETING PREPAGATI (JobID: 88cf26ea-f489-4637-9dad-ba4e6e7b3cac)
 - Deleted: 0

[29/Oct/2023:03:00:09] UPDATING ACCOUNTS (JobID: cd8ddc8c-ffa0-4bdf-8497-22fa5583b56b)
 - New and modified: 0

[29/Oct/2023:03:00:09] DELETING ACCOUNTS (JobID: cd8ddc8c-ffa0-4bdf-8497-22fa5583b56b)
 - Deleted: 0

[29/Oct/2023:03:00:42] UPDATING PRODUCTS (JobID: 7e78cbe7-3e13-40e6-a091-ee8c808dd0f4)
 - New and modified: 0

[29/Oct/2023:03:00:46] UPDATING PREPAGATI (JobID: 7684b7c0-9c9a-4d29-82a1-415e885d67b3)
 - New and modified: 0

[29/Oct/2023:03:00:46] DELETING PREPAGATI (JobID: 7684b7c0-9c9a-4d29-82a1-415e885d67b3)
 - Deleted: 0

[29/Oct/2023:03:30:04] UPDATING ACCOUNTS (JobID: 42c92d32-dc19-4af7-bbf6-a224f92d67aa)
 - New and modified: 0

[29/Oct/2023:03:30:04] DELETING ACCOUNTS (JobID: 42c92d32-dc19-4af7-bbf6-a224f92d67aa)
 - Deleted: 0

[29/Oct/2023:03:30:41] UPDATING PRODUCTS (JobID: c014b03b-9db0-4f1d-bf0e-1a716cdb8178)
 - New and modified: 0

[29/Oct/2023:03:30:43] UPDATING PREPAGATI (JobID: 3547b878-f500-4b3a-8e23-57e00b852c48)
 - New and modified: 0

[29/Oct/2023:03:30:43] DELETING PREPAGATI (JobID: 3547b878-f500-4b3a-8e23-57e00b852c48)
 - Deleted: 0

[29/Oct/2023:04:00:05] UPDATING ACCOUNTS (JobID: fcb83a2c-79fd-4289-9035-27eedc4de2d6)
 - New and modified: 0

[29/Oct/2023:04:00:05] DELETING ACCOUNTS (JobID: fcb83a2c-79fd-4289-9035-27eedc4de2d6)
 - Deleted: 0

[29/Oct/2023:04:00:39] UPDATING PRODUCTS (JobID: c7d906d6-ada6-47fe-9a7b-79fbe5b5d218)
 - New and modified: 0

[29/Oct/2023:04:00:41] UPDATING PREPAGATI (JobID: 2f19f807-6955-4c9a-81ab-73c9720751c0)
 - New and modified: 0

[29/Oct/2023:04:00:41] DELETING PREPAGATI (JobID: 2f19f807-6955-4c9a-81ab-73c9720751c0)
 - Deleted: 0

[29/Oct/2023:04:30:09] UPDATING ACCOUNTS (JobID: 7ad08aee-b78b-43b0-b95a-999df6820b43)
 - New and modified: 0

[29/Oct/2023:04:30:09] DELETING ACCOUNTS (JobID: 7ad08aee-b78b-43b0-b95a-999df6820b43)
 - Deleted: 0

[29/Oct/2023:04:30:45] UPDATING PRODUCTS (JobID: 9919bff0-bb2b-4ea6-88ec-67ea3f8f5dec)
 - New and modified: 0

[29/Oct/2023:04:30:49] UPDATING PREPAGATI (JobID: a24e085a-baab-4483-8ccd-3f11dfbacd9e)
 - New and modified: 0

[29/Oct/2023:04:30:49] DELETING PREPAGATI (JobID: a24e085a-baab-4483-8ccd-3f11dfbacd9e)
 - Deleted: 0

[29/Oct/2023:05:00:04] UPDATING ACCOUNTS (JobID: fe914502-1e5c-4a81-8ea6-910ac4894572)
 - New and modified: 0

[29/Oct/2023:05:00:04] DELETING ACCOUNTS (JobID: fe914502-1e5c-4a81-8ea6-910ac4894572)
 - Deleted: 0

[29/Oct/2023:05:00:40] UPDATING PRODUCTS (JobID: 2f2ec520-deae-4cc1-96fa-43b4782b9c07)
 - New and modified: 0

[29/Oct/2023:05:00:42] UPDATING PREPAGATI (JobID: f6f33da6-aa84-46fd-9e9c-122a6b42608a)
 - New and modified: 0

[29/Oct/2023:05:00:42] DELETING PREPAGATI (JobID: f6f33da6-aa84-46fd-9e9c-122a6b42608a)
 - Deleted: 0

[29/Oct/2023:05:30:04] UPDATING ACCOUNTS (JobID: 608ea580-2467-4023-9e6f-e06cc219b17b)
 - New and modified: 0

[29/Oct/2023:05:30:04] DELETING ACCOUNTS (JobID: 608ea580-2467-4023-9e6f-e06cc219b17b)
 - Deleted: 0

[29/Oct/2023:05:30:38] UPDATING PRODUCTS (JobID: 3d1296f4-c39e-4d72-a4c6-ab2340e88875)
 - New and modified: 0

[29/Oct/2023:05:30:40] UPDATING PREPAGATI (JobID: d4823a84-5e74-4507-aa42-746296059fbc)
 - New and modified: 0

[29/Oct/2023:05:30:40] DELETING PREPAGATI (JobID: d4823a84-5e74-4507-aa42-746296059fbc)
 - Deleted: 0

[29/Oct/2023:06:00:11] UPDATING ACCOUNTS (JobID: 3c2959f0-c175-4996-83e4-e917eb2b2420)
 - New and modified: 0

[29/Oct/2023:06:00:11] DELETING ACCOUNTS (JobID: 3c2959f0-c175-4996-83e4-e917eb2b2420)
 - Deleted: 0

[29/Oct/2023:06:00:46] UPDATING PRODUCTS (JobID: b9f468e5-7650-4fcc-9125-4ab1429685dd)
 - New and modified: 0

[29/Oct/2023:06:00:49] UPDATING PREPAGATI (JobID: 9b9410db-9a33-475a-828c-87c1218171b6)
 - New and modified: 0

[29/Oct/2023:06:00:49] DELETING PREPAGATI (JobID: 9b9410db-9a33-475a-828c-87c1218171b6)
 - Deleted: 0

[29/Oct/2023:06:30:10] UPDATING ACCOUNTS (JobID: 1fa210f6-79b9-441e-9e42-fe9d16d83270)
 - New and modified: 0

[29/Oct/2023:06:30:10] DELETING ACCOUNTS (JobID: 1fa210f6-79b9-441e-9e42-fe9d16d83270)
 - Deleted: 0

[29/Oct/2023:06:30:42] UPDATING PRODUCTS (JobID: 0e7c607f-af7a-4401-8659-76ac049341a6)
 - New and modified: 0

[29/Oct/2023:06:30:45] UPDATING PREPAGATI (JobID: dede2837-2a23-454d-a29a-a5772b6fe279)
 - New and modified: 0

[29/Oct/2023:06:30:45] DELETING PREPAGATI (JobID: dede2837-2a23-454d-a29a-a5772b6fe279)
 - Deleted: 0

[29/Oct/2023:07:00:04] UPDATING ACCOUNTS (JobID: 56613ee3-14ed-43c8-833a-3edd46016bc5)
 - New and modified: 0

[29/Oct/2023:07:00:04] DELETING ACCOUNTS (JobID: 56613ee3-14ed-43c8-833a-3edd46016bc5)
 - Deleted: 0

[29/Oct/2023:07:00:37] UPDATING PRODUCTS (JobID: 98886b3b-9703-4dfd-980a-cd79fc2405ec)
 - New and modified: 0

[29/Oct/2023:07:00:39] UPDATING PREPAGATI (JobID: 6c4d1cd8-6b0d-4028-a3ec-1c0f2d9ae577)
 - New and modified: 0

[29/Oct/2023:07:00:39] DELETING PREPAGATI (JobID: 6c4d1cd8-6b0d-4028-a3ec-1c0f2d9ae577)
 - Deleted: 0

[29/Oct/2023:07:30:04] UPDATING ACCOUNTS (JobID: 679a6cd0-76f8-4c83-aa89-0584eb40157e)
 - New and modified: 0

[29/Oct/2023:07:30:04] DELETING ACCOUNTS (JobID: 679a6cd0-76f8-4c83-aa89-0584eb40157e)
 - Deleted: 0

[29/Oct/2023:07:30:37] UPDATING PRODUCTS (JobID: 001ef322-fea3-4d84-a398-db23e1790d00)
 - New and modified: 0

[29/Oct/2023:07:30:39] UPDATING PREPAGATI (JobID: 842a0b9f-897f-47bc-8132-bcf9345a4790)
 - New and modified: 0

[29/Oct/2023:07:30:39] DELETING PREPAGATI (JobID: 842a0b9f-897f-47bc-8132-bcf9345a4790)
 - Deleted: 0

[29/Oct/2023:08:00:10] UPDATING ACCOUNTS (JobID: 90a5e3e5-322c-4149-8cfa-2b56741fa995)
 - New and modified: 0

[29/Oct/2023:08:00:10] DELETING ACCOUNTS (JobID: 90a5e3e5-322c-4149-8cfa-2b56741fa995)
 - Deleted: 0

[29/Oct/2023:08:00:43] UPDATING PRODUCTS (JobID: 8bc915d3-946d-4b34-affb-25a8b3438dd7)
 - New and modified: 0

[29/Oct/2023:08:00:46] UPDATING PREPAGATI (JobID: 910ecbea-6e9e-4570-b33a-c65e2e3dd53c)
 - New and modified: 0

[29/Oct/2023:08:00:46] DELETING PREPAGATI (JobID: 910ecbea-6e9e-4570-b33a-c65e2e3dd53c)
 - Deleted: 0

[29/Oct/2023:08:30:04] UPDATING ACCOUNTS (JobID: 1e05a98f-d038-4a15-a6a8-4d2b6cba5fd7)
 - New and modified: 0

[29/Oct/2023:08:30:04] DELETING ACCOUNTS (JobID: 1e05a98f-d038-4a15-a6a8-4d2b6cba5fd7)
 - Deleted: 0

[29/Oct/2023:08:30:37] UPDATING PRODUCTS (JobID: aa12389c-03ff-4732-92c6-aac0dc8807e9)
 - New and modified: 0

[29/Oct/2023:08:30:39] UPDATING PREPAGATI (JobID: 42254d06-df91-4f46-90a4-54edd8506376)
 - New and modified: 0

[29/Oct/2023:08:30:39] DELETING PREPAGATI (JobID: 42254d06-df91-4f46-90a4-54edd8506376)
 - Deleted: 0

[29/Oct/2023:09:00:09] UPDATING ACCOUNTS (JobID: f9bb4c31-8267-4a34-96db-baeec1b1fa23)
 - New and modified: 0

[29/Oct/2023:09:00:09] DELETING ACCOUNTS (JobID: f9bb4c31-8267-4a34-96db-baeec1b1fa23)
 - Deleted: 0

[29/Oct/2023:09:00:42] UPDATING PRODUCTS (JobID: 7a84405d-63bc-496d-a6f1-aec4dc9ae06d)
 - New and modified: 0

[29/Oct/2023:09:00:46] UPDATING PREPAGATI (JobID: 6c723973-3558-432a-a1d7-79f26c46fbee)
 - New and modified: 0

[29/Oct/2023:09:00:46] DELETING PREPAGATI (JobID: 6c723973-3558-432a-a1d7-79f26c46fbee)
 - Deleted: 0

[29/Oct/2023:09:30:08] UPDATING ACCOUNTS (JobID: a7bdb834-e501-4434-9ca6-297b5b5b99ff)
 - New and modified: 0

[29/Oct/2023:09:30:08] DELETING ACCOUNTS (JobID: a7bdb834-e501-4434-9ca6-297b5b5b99ff)
 - Deleted: 0

[29/Oct/2023:09:30:42] UPDATING PRODUCTS (JobID: e31eb613-905a-4cce-8e0a-0a7ff9734139)
 - New and modified: 0

[29/Oct/2023:09:30:45] UPDATING PREPAGATI (JobID: 3a63ca38-cce9-4b3c-bcb3-3a4a71cb9d2a)
 - New and modified: 0

[29/Oct/2023:09:30:45] DELETING PREPAGATI (JobID: 3a63ca38-cce9-4b3c-bcb3-3a4a71cb9d2a)
 - Deleted: 0

[29/Oct/2023:10:00:08] UPDATING ACCOUNTS (JobID: 7431d0a9-6581-4118-b838-766f3b590762)
 - New and modified: 0

[29/Oct/2023:10:00:08] DELETING ACCOUNTS (JobID: 7431d0a9-6581-4118-b838-766f3b590762)
 - Deleted: 0

[29/Oct/2023:10:00:40] UPDATING PRODUCTS (JobID: f10e95d3-3b38-45bf-a584-0df3470a321e)
 - New and modified: 0

[29/Oct/2023:10:00:43] UPDATING PREPAGATI (JobID: 923aead1-6e8a-40ea-9796-2ea9a82ba604)
 - New and modified: 0

[29/Oct/2023:10:00:43] DELETING PREPAGATI (JobID: 923aead1-6e8a-40ea-9796-2ea9a82ba604)
 - Deleted: 0

[29/Oct/2023:10:30:10] UPDATING ACCOUNTS (JobID: 37d31dd7-c296-4424-adcf-676878c4163c)
 - New and modified: 0

[29/Oct/2023:10:30:10] DELETING ACCOUNTS (JobID: 37d31dd7-c296-4424-adcf-676878c4163c)
 - Deleted: 0

[29/Oct/2023:10:30:44] UPDATING PRODUCTS (JobID: 45d78e7a-e2f1-451a-a910-8bbbb0e16888)
 - New and modified: 0

[29/Oct/2023:10:30:48] UPDATING PREPAGATI (JobID: 8689ce06-6d1a-45ac-8e5a-7b3210322c9a)
 - New and modified: 0

[29/Oct/2023:10:30:48] DELETING PREPAGATI (JobID: 8689ce06-6d1a-45ac-8e5a-7b3210322c9a)
 - Deleted: 0

[29/Oct/2023:11:00:08] UPDATING ACCOUNTS (JobID: bae0ddd9-0bd4-441d-85b7-32295690474a)
 - New and modified: 0

[29/Oct/2023:11:00:08] DELETING ACCOUNTS (JobID: bae0ddd9-0bd4-441d-85b7-32295690474a)
 - Deleted: 0

[29/Oct/2023:11:00:41] UPDATING PRODUCTS (JobID: 1d49bc31-67b0-4a71-9c3d-e401c41980fd)
 - New and modified: 0

[29/Oct/2023:11:00:45] UPDATING PREPAGATI (JobID: 52675e0c-8917-4cc4-8e4e-c01cf7d5e2e9)
 - New and modified: 0

[29/Oct/2023:11:00:45] DELETING PREPAGATI (JobID: 52675e0c-8917-4cc4-8e4e-c01cf7d5e2e9)
 - Deleted: 0

[29/Oct/2023:11:30:04] UPDATING ACCOUNTS (JobID: 45e5d657-edb1-4b95-9ab9-cf039dd279bd)
 - New and modified: 0

[29/Oct/2023:11:30:04] DELETING ACCOUNTS (JobID: 45e5d657-edb1-4b95-9ab9-cf039dd279bd)
 - Deleted: 0

[29/Oct/2023:11:30:37] UPDATING PRODUCTS (JobID: c0bdbae8-7d29-4686-965f-227809b9d6a1)
 - New and modified: 0

[29/Oct/2023:11:30:39] UPDATING PREPAGATI (JobID: 44446322-c0f9-4bd9-a100-f0969ef848ae)
 - New and modified: 0

[29/Oct/2023:11:30:39] DELETING PREPAGATI (JobID: 44446322-c0f9-4bd9-a100-f0969ef848ae)
 - Deleted: 0

[29/Oct/2023:12:00:05] UPDATING ACCOUNTS (JobID: 06273479-94c6-45b5-a923-8e990267bda9)
 - New and modified: 0

[29/Oct/2023:12:00:05] DELETING ACCOUNTS (JobID: 06273479-94c6-45b5-a923-8e990267bda9)
 - Deleted: 0

[29/Oct/2023:12:00:37] UPDATING PRODUCTS (JobID: a0ab1c5c-8313-4c21-98fa-62370f502385)
 - New and modified: 0

[29/Oct/2023:12:00:39] UPDATING PREPAGATI (JobID: c96c90d1-49ac-4ac8-8ce1-ef86a356ded9)
 - New and modified: 0

[29/Oct/2023:12:00:39] DELETING PREPAGATI (JobID: c96c90d1-49ac-4ac8-8ce1-ef86a356ded9)
 - Deleted: 0

[29/Oct/2023:12:30:09] UPDATING ACCOUNTS (JobID: e1c33706-bf2a-4d78-a9c2-be883ca44743)
 - New and modified: 0

[29/Oct/2023:12:30:09] DELETING ACCOUNTS (JobID: e1c33706-bf2a-4d78-a9c2-be883ca44743)
 - Deleted: 0

[29/Oct/2023:12:30:40] UPDATING PRODUCTS (JobID: 26b7d81f-3049-4408-9bc9-64f3642f1044)
 - New and modified: 0

[29/Oct/2023:12:30:43] UPDATING PREPAGATI (JobID: 9205c093-6404-4004-98b6-64c02d3788bd)
 - New and modified: 0

[29/Oct/2023:12:30:43] DELETING PREPAGATI (JobID: 9205c093-6404-4004-98b6-64c02d3788bd)
 - Deleted: 0

[29/Oct/2023:13:00:04] UPDATING ACCOUNTS (JobID: 39fc3846-a081-417d-8392-8492a40573cf)
 - New and modified: 0

[29/Oct/2023:13:00:04] DELETING ACCOUNTS (JobID: 39fc3846-a081-417d-8392-8492a40573cf)
 - Deleted: 0

[29/Oct/2023:13:00:37] UPDATING PRODUCTS (JobID: a6ae8329-4128-4a55-a962-8e27f3568f59)
 - New and modified: 0

[29/Oct/2023:13:00:40] UPDATING PREPAGATI (JobID: c25cc95e-6428-4511-8ffc-0a114cde0f13)
 - New and modified: 0

[29/Oct/2023:13:00:40] DELETING PREPAGATI (JobID: c25cc95e-6428-4511-8ffc-0a114cde0f13)
 - Deleted: 0

[29/Oct/2023:13:30:04] UPDATING ACCOUNTS (JobID: feb399c0-ee3c-4886-b21d-be44d9cddb87)
 - New and modified: 0

[29/Oct/2023:13:30:04] DELETING ACCOUNTS (JobID: feb399c0-ee3c-4886-b21d-be44d9cddb87)
 - Deleted: 0

[29/Oct/2023:13:30:40] UPDATING PRODUCTS (JobID: efe059bc-ecc0-43c5-adeb-bfb5410b43de)
 - New and modified: 0

[29/Oct/2023:13:30:42] UPDATING PREPAGATI (JobID: c703b6cb-0964-4587-a44e-26c020ad721d)
 - New and modified: 0

[29/Oct/2023:13:30:42] DELETING PREPAGATI (JobID: c703b6cb-0964-4587-a44e-26c020ad721d)
 - Deleted: 0

[29/Oct/2023:14:00:09] UPDATING ACCOUNTS (JobID: 1ca1f7b2-9ab9-4865-ae55-b315c31deff1)
 - New and modified: 0

[29/Oct/2023:14:00:09] DELETING ACCOUNTS (JobID: 1ca1f7b2-9ab9-4865-ae55-b315c31deff1)
 - Deleted: 0

[29/Oct/2023:14:00:42] UPDATING PRODUCTS (JobID: 8988bbbd-0ddd-4840-b271-fef8efb86063)
 - New and modified: 0

[29/Oct/2023:14:00:46] UPDATING PREPAGATI (JobID: b71b8456-bb73-43fb-baaf-00caa317e7d5)
 - New and modified: 0

[29/Oct/2023:14:00:46] DELETING PREPAGATI (JobID: b71b8456-bb73-43fb-baaf-00caa317e7d5)
 - Deleted: 0

[29/Oct/2023:14:30:09] UPDATING ACCOUNTS (JobID: fa50dc73-1a81-43a9-8efa-d85dbd7353f0)
 - New and modified: 0

[29/Oct/2023:14:30:09] DELETING ACCOUNTS (JobID: fa50dc73-1a81-43a9-8efa-d85dbd7353f0)
 - Deleted: 0

[29/Oct/2023:14:30:42] UPDATING PRODUCTS (JobID: e8636946-d017-40c9-8cdb-22090097bd5c)
 - New and modified: 0

[29/Oct/2023:14:30:45] UPDATING PREPAGATI (JobID: 6f9c8c5b-b38c-4cfc-a1e6-07a04b0f8d6c)
 - New and modified: 0

[29/Oct/2023:14:30:45] DELETING PREPAGATI (JobID: 6f9c8c5b-b38c-4cfc-a1e6-07a04b0f8d6c)
 - Deleted: 0

[29/Oct/2023:15:00:04] UPDATING ACCOUNTS (JobID: a018fc72-100b-4d1f-830e-1092f38508ea)
 - New and modified: 0

[29/Oct/2023:15:00:05] DELETING ACCOUNTS (JobID: a018fc72-100b-4d1f-830e-1092f38508ea)
 - Deleted: 0

[29/Oct/2023:15:00:38] UPDATING PRODUCTS (JobID: d71d6784-2839-4f5f-8986-2305a5004014)
 - New and modified: 0

[29/Oct/2023:15:00:40] UPDATING PREPAGATI (JobID: a9c6e52f-a3f9-4b8e-a52b-9b531e457d1d)
 - New and modified: 0

[29/Oct/2023:15:00:40] DELETING PREPAGATI (JobID: a9c6e52f-a3f9-4b8e-a52b-9b531e457d1d)
 - Deleted: 0

[29/Oct/2023:15:30:09] UPDATING ACCOUNTS (JobID: aff0754e-b72b-4756-a895-585dbe3e0959)
 - New and modified: 0

[29/Oct/2023:15:30:09] DELETING ACCOUNTS (JobID: aff0754e-b72b-4756-a895-585dbe3e0959)
 - Deleted: 0

[29/Oct/2023:15:30:42] UPDATING PRODUCTS (JobID: 1c621193-bd7a-41bf-ac85-4cb6b013e54c)
 - New and modified: 0

[29/Oct/2023:15:30:45] UPDATING PREPAGATI (JobID: 3b9fb492-0b66-4229-aabd-935545f6ed4c)
 - New and modified: 0

[29/Oct/2023:15:30:45] DELETING PREPAGATI (JobID: 3b9fb492-0b66-4229-aabd-935545f6ed4c)
 - Deleted: 0

[29/Oct/2023:16:00:09] UPDATING ACCOUNTS (JobID: 7fdfec13-b4bf-47c6-b1cf-f664bfe7d58a)
 - New and modified: 0

[29/Oct/2023:16:00:09] DELETING ACCOUNTS (JobID: 7fdfec13-b4bf-47c6-b1cf-f664bfe7d58a)
 - Deleted: 0

[29/Oct/2023:16:00:43] UPDATING PRODUCTS (JobID: 4d4f6335-4754-48fd-a0c6-e66f39d7f01c)
 - New and modified: 0

[29/Oct/2023:16:00:46] UPDATING PREPAGATI (JobID: 3bb68155-cad6-483e-9062-c689b80b55d5)
 - New and modified: 0

[29/Oct/2023:16:00:46] DELETING PREPAGATI (JobID: 3bb68155-cad6-483e-9062-c689b80b55d5)
 - Deleted: 0

[29/Oct/2023:16:30:08] UPDATING ACCOUNTS (JobID: 3f129097-d7bf-4699-a01f-bb946421bfb8)
 - New and modified: 0

[29/Oct/2023:16:30:08] DELETING ACCOUNTS (JobID: 3f129097-d7bf-4699-a01f-bb946421bfb8)
 - Deleted: 0

[29/Oct/2023:16:30:39] UPDATING PRODUCTS (JobID: e2079476-204a-4edf-8fd8-25f8b4ec7592)
 - New and modified: 0

[29/Oct/2023:16:30:42] UPDATING PREPAGATI (JobID: b68669d2-0599-4b06-8775-ad82cc9c7412)
 - New and modified: 0

[29/Oct/2023:16:30:42] DELETING PREPAGATI (JobID: b68669d2-0599-4b06-8775-ad82cc9c7412)
 - Deleted: 0

[29/Oct/2023:17:00:04] UPDATING ACCOUNTS (JobID: 39fe0c9e-4b63-4c19-acbe-e59944c5c880)
 - New and modified: 0

[29/Oct/2023:17:00:04] DELETING ACCOUNTS (JobID: 39fe0c9e-4b63-4c19-acbe-e59944c5c880)
 - Deleted: 0

[29/Oct/2023:17:00:38] UPDATING PRODUCTS (JobID: 0cf0af15-8cb9-46a1-a876-edeee892552f)
 - New and modified: 0

[29/Oct/2023:17:00:40] UPDATING PREPAGATI (JobID: ba64bdca-64e3-4130-967f-deae0ce3f670)
 - New and modified: 0

[29/Oct/2023:17:00:40] DELETING PREPAGATI (JobID: ba64bdca-64e3-4130-967f-deae0ce3f670)
 - Deleted: 0

[29/Oct/2023:17:30:09] UPDATING ACCOUNTS (JobID: 9e27726b-9971-4550-8b38-a4c412a6665e)
 - New and modified: 0

[29/Oct/2023:17:30:09] DELETING ACCOUNTS (JobID: 9e27726b-9971-4550-8b38-a4c412a6665e)
 - Deleted: 0

[29/Oct/2023:17:30:42] UPDATING PRODUCTS (JobID: e57950d7-ad35-47f9-baf8-6e8b9d8c27fe)
 - New and modified: 0

[29/Oct/2023:17:30:45] UPDATING PREPAGATI (JobID: 78954452-7509-4c7e-90e5-9dab8c829dbe)
 - New and modified: 0

[29/Oct/2023:17:30:45] DELETING PREPAGATI (JobID: 78954452-7509-4c7e-90e5-9dab8c829dbe)
 - Deleted: 0

[29/Oct/2023:18:00:09] UPDATING ACCOUNTS (JobID: b152c8ea-a47d-4020-99d8-ebcc54d8c5e4)
 - New and modified: 0

[29/Oct/2023:18:00:09] DELETING ACCOUNTS (JobID: b152c8ea-a47d-4020-99d8-ebcc54d8c5e4)
 - Deleted: 0

[29/Oct/2023:18:00:43] UPDATING PRODUCTS (JobID: 6f7534de-1bf4-4c85-a46a-e8db0075ca89)
 - New and modified: 0

[29/Oct/2023:18:00:46] UPDATING PREPAGATI (JobID: 864455f4-ba61-4916-9c65-013a57edcd6e)
 - New and modified: 0

[29/Oct/2023:18:00:46] DELETING PREPAGATI (JobID: 864455f4-ba61-4916-9c65-013a57edcd6e)
 - Deleted: 0

[29/Oct/2023:18:30:04] UPDATING ACCOUNTS (JobID: 67c718ef-9033-4864-acd1-d374af5a0862)
 - New and modified: 0

[29/Oct/2023:18:30:04] DELETING ACCOUNTS (JobID: 67c718ef-9033-4864-acd1-d374af5a0862)
 - Deleted: 0

[29/Oct/2023:18:30:37] UPDATING PRODUCTS (JobID: 2537ef46-1d2c-4608-8a99-734cb9d8f4e2)
 - New and modified: 0

[29/Oct/2023:18:30:39] UPDATING PREPAGATI (JobID: 4d3637bf-a764-4ed2-bf2d-69d7f1a01776)
 - New and modified: 0

[29/Oct/2023:18:30:39] DELETING PREPAGATI (JobID: 4d3637bf-a764-4ed2-bf2d-69d7f1a01776)
 - Deleted: 0

[29/Oct/2023:19:00:07] UPDATING ACCOUNTS (JobID: 0b2932de-55b7-495d-bc79-264fc1cbf1a0)
 - New and modified: 0

[29/Oct/2023:19:00:07] DELETING ACCOUNTS (JobID: 0b2932de-55b7-495d-bc79-264fc1cbf1a0)
 - Deleted: 0

[29/Oct/2023:19:00:42] UPDATING PRODUCTS (JobID: 8b0f08a1-3474-4be3-8b40-a00f3ac2e021)
 - New and modified: 0

[29/Oct/2023:19:00:45] UPDATING PREPAGATI (JobID: b243d7d4-1bdb-4585-93a1-020ceddb16c2)
 - New and modified: 0

[29/Oct/2023:19:00:45] DELETING PREPAGATI (JobID: b243d7d4-1bdb-4585-93a1-020ceddb16c2)
 - Deleted: 0

[29/Oct/2023:19:30:09] UPDATING ACCOUNTS (JobID: 0ba5f906-10f4-41c3-af70-ca486fef8fd8)
 - New and modified: 0

[29/Oct/2023:19:30:09] DELETING ACCOUNTS (JobID: 0ba5f906-10f4-41c3-af70-ca486fef8fd8)
 - Deleted: 0

[29/Oct/2023:19:30:44] UPDATING PRODUCTS (JobID: 29fbe45f-90ce-4663-a10c-1e0267800c36)
 - New and modified: 0

[29/Oct/2023:19:30:47] UPDATING PREPAGATI (JobID: 6f38e9f4-bc21-49a6-b13c-7865f245e699)
 - New and modified: 0

[29/Oct/2023:19:30:47] DELETING PREPAGATI (JobID: 6f38e9f4-bc21-49a6-b13c-7865f245e699)
 - Deleted: 0

[29/Oct/2023:20:00:03] UPDATING ACCOUNTS (JobID: b5dbcd05-83d5-4e22-aefb-af4ac351256d)
 - New and modified: 0

[29/Oct/2023:20:00:03] DELETING ACCOUNTS (JobID: b5dbcd05-83d5-4e22-aefb-af4ac351256d)
 - Deleted: 0

[29/Oct/2023:20:00:38] UPDATING PRODUCTS (JobID: e25dd303-ce85-485d-9292-0696215277ac)
 - New and modified: 0

[29/Oct/2023:20:00:40] UPDATING PREPAGATI (JobID: 01cfc532-4b52-4fdf-aa4a-e85c463d0949)
 - New and modified: 0

[29/Oct/2023:20:00:40] DELETING PREPAGATI (JobID: 01cfc532-4b52-4fdf-aa4a-e85c463d0949)
 - Deleted: 0

[29/Oct/2023:20:30:04] UPDATING ACCOUNTS (JobID: 78e26766-1df9-4d22-84fe-bb6f493a9b03)
 - New and modified: 0

[29/Oct/2023:20:30:04] DELETING ACCOUNTS (JobID: 78e26766-1df9-4d22-84fe-bb6f493a9b03)
 - Deleted: 0

[29/Oct/2023:20:30:37] UPDATING PRODUCTS (JobID: ec9b20d5-cd4f-441d-81e1-ed4adbf114f4)
 - New and modified: 0

[29/Oct/2023:20:30:39] UPDATING PREPAGATI (JobID: 39ba993c-c030-4921-9d0f-c76f5c6c5eef)
 - New and modified: 0

[29/Oct/2023:20:30:39] DELETING PREPAGATI (JobID: 39ba993c-c030-4921-9d0f-c76f5c6c5eef)
 - Deleted: 0

[29/Oct/2023:21:00:04] UPDATING ACCOUNTS (JobID: 5ae57dcd-c731-4b80-a2ea-d3a2eeaa8d7a)
 - New and modified: 0

[29/Oct/2023:21:00:04] DELETING ACCOUNTS (JobID: 5ae57dcd-c731-4b80-a2ea-d3a2eeaa8d7a)
 - Deleted: 0

[29/Oct/2023:21:00:39] UPDATING PRODUCTS (JobID: 317e7c03-f4bd-4e4a-a717-11578dd58b8d)
 - New and modified: 0

[29/Oct/2023:21:00:41] UPDATING PREPAGATI (JobID: ba727829-2fa6-4ed3-8155-7145d2c42baa)
 - New and modified: 0

[29/Oct/2023:21:00:41] DELETING PREPAGATI (JobID: ba727829-2fa6-4ed3-8155-7145d2c42baa)
 - Deleted: 0

[29/Oct/2023:21:30:10] UPDATING ACCOUNTS (JobID: d875575c-ee08-42ac-98cc-7c49cbadc962)
 - New and modified: 0

[29/Oct/2023:21:30:10] DELETING ACCOUNTS (JobID: d875575c-ee08-42ac-98cc-7c49cbadc962)
 - Deleted: 0

[29/Oct/2023:21:30:44] UPDATING PRODUCTS (JobID: 39cf7886-cb9f-4eaf-bfee-8e973e1b1d88)
 - New and modified: 0

[29/Oct/2023:21:30:47] UPDATING PREPAGATI (JobID: 30ba8913-b114-4a5b-b2e7-6eed7b4ce8e3)
 - New and modified: 0

[29/Oct/2023:21:30:47] DELETING PREPAGATI (JobID: 30ba8913-b114-4a5b-b2e7-6eed7b4ce8e3)
 - Deleted: 0

[29/Oct/2023:22:00:04] UPDATING ACCOUNTS (JobID: ed66cc5e-6138-4f99-a044-de0d1c9ec28d)
 - New and modified: 0

[29/Oct/2023:22:00:04] DELETING ACCOUNTS (JobID: ed66cc5e-6138-4f99-a044-de0d1c9ec28d)
 - Deleted: 0

[29/Oct/2023:22:00:39] UPDATING PRODUCTS (JobID: ba14f557-96ba-46a1-ac7a-6b1d1a166dba)
 - New and modified: 0

[29/Oct/2023:22:00:41] UPDATING PREPAGATI (JobID: 8dd44b47-7cff-4a7d-83d6-e65c9161c215)
 - New and modified: 0

[29/Oct/2023:22:00:41] DELETING PREPAGATI (JobID: 8dd44b47-7cff-4a7d-83d6-e65c9161c215)
 - Deleted: 0

[29/Oct/2023:22:30:09] UPDATING ACCOUNTS (JobID: bd87c09a-c162-4e21-b8c2-cfbd34dbd7fc)
 - New and modified: 0

[29/Oct/2023:22:30:09] DELETING ACCOUNTS (JobID: bd87c09a-c162-4e21-b8c2-cfbd34dbd7fc)
 - Deleted: 0

[29/Oct/2023:22:30:44] UPDATING PRODUCTS (JobID: e25a2e64-813f-46b1-aa3f-9425f2bfcb42)
 - New and modified: 0

[29/Oct/2023:22:30:47] UPDATING PREPAGATI (JobID: 869e11bc-542d-4f99-a2d2-7a17332ed35b)
 - New and modified: 0

[29/Oct/2023:22:30:47] DELETING PREPAGATI (JobID: 869e11bc-542d-4f99-a2d2-7a17332ed35b)
 - Deleted: 0

[29/Oct/2023:23:00:09] UPDATING ACCOUNTS (JobID: 25d7d972-de34-45e9-9b41-89cb8c171c17)
 - New and modified: 0

[29/Oct/2023:23:00:09] DELETING ACCOUNTS (JobID: 25d7d972-de34-45e9-9b41-89cb8c171c17)
 - Deleted: 0

[29/Oct/2023:23:00:44] UPDATING PRODUCTS (JobID: 2cd70846-000e-4c68-8d35-b507106f66a7)
 - New and modified: 0

[29/Oct/2023:23:00:48] UPDATING PREPAGATI (JobID: 30ed8142-0a01-4925-afdc-4107d08885fd)
 - New and modified: 0

[29/Oct/2023:23:00:48] DELETING PREPAGATI (JobID: 30ed8142-0a01-4925-afdc-4107d08885fd)
 - Deleted: 0

[29/Oct/2023:23:30:04] UPDATING ACCOUNTS (JobID: 51012a9b-4585-411f-b226-212656e48f8d)
 - New and modified: 0

[29/Oct/2023:23:30:04] DELETING ACCOUNTS (JobID: 51012a9b-4585-411f-b226-212656e48f8d)
 - Deleted: 0

[29/Oct/2023:23:30:39] UPDATING PRODUCTS (JobID: 05327e10-9e0e-482e-bcf2-7ae33d5c0d08)
 - New and modified: 0

[29/Oct/2023:23:30:41] UPDATING PREPAGATI (JobID: fc41c035-c35d-4414-9a79-e374f8a147f2)
 - New and modified: 0

[29/Oct/2023:23:30:41] DELETING PREPAGATI (JobID: fc41c035-c35d-4414-9a79-e374f8a147f2)
 - Deleted: 0

