[05/Aug/2023:00:00:09] UPDATING ACCOUNTS (JobID: 44ac24f9-5857-44d5-aa5d-941b6d53d84c)
 - New and modified: 0

[05/Aug/2023:00:00:09] DELETING ACCOUNTS (JobID: 44ac24f9-5857-44d5-aa5d-941b6d53d84c)
 - Deleted: 0

[05/Aug/2023:00:00:39] UPDATING PRODUCTS (JobID: 5769ce9c-c707-417e-b8b7-c2b504ed705f)
 - New and modified: 0

[05/Aug/2023:00:00:42] UPDATING PREPAGATI (JobID: e0ce6fcb-ebac-43b8-be5a-71621d8e51df)
 - New and modified: 0

[05/Aug/2023:00:00:42] DELETING PREPAGATI (JobID: e0ce6fcb-ebac-43b8-be5a-71621d8e51df)
 - Deleted: 0

[05/Aug/2023:00:30:08] UPDATING ACCOUNTS (JobID: b16f1e94-7368-48e6-9f92-3b5efb991c2b)
 - New and modified: 0

[05/Aug/2023:00:30:08] DELETING ACCOUNTS (JobID: b16f1e94-7368-48e6-9f92-3b5efb991c2b)
 - Deleted: 0

[05/Aug/2023:00:30:39] UPDATING PRODUCTS (JobID: 3b3234b0-e052-4289-a4ba-18e018141a0e)
 - New and modified: 0

[05/Aug/2023:00:30:42] UPDATING PREPAGATI (JobID: 11b97c2d-aba7-4ef8-837a-fdd3ec687b71)
 - New and modified: 0

[05/Aug/2023:00:30:42] DELETING PREPAGATI (JobID: 11b97c2d-aba7-4ef8-837a-fdd3ec687b71)
 - Deleted: 0

[05/Aug/2023:01:00:09] UPDATING ACCOUNTS (JobID: b36946ec-f6fa-453e-98d3-df242d9a1053)
 - New and modified: 0

[05/Aug/2023:01:00:09] DELETING ACCOUNTS (JobID: b36946ec-f6fa-453e-98d3-df242d9a1053)
 - Deleted: 0

[05/Aug/2023:01:00:38] UPDATING PRODUCTS (JobID: 3dcd2f9c-3d34-4aeb-be06-a33fc26f7793)
 - New and modified: 0

[05/Aug/2023:01:00:41] UPDATING PREPAGATI (JobID: 27a4b682-9c5e-41e4-8653-02e90231ff19)
 - New and modified: 0

[05/Aug/2023:01:00:41] DELETING PREPAGATI (JobID: 27a4b682-9c5e-41e4-8653-02e90231ff19)
 - Deleted: 0

[05/Aug/2023:02:00:04] UPDATING ACCOUNTS (JobID: 4a01076f-cebd-4f2a-97ba-57dad9931c6d)
 - New and modified: 0

[05/Aug/2023:02:00:04] DELETING ACCOUNTS (JobID: 4a01076f-cebd-4f2a-97ba-57dad9931c6d)
 - Deleted: 0

[05/Aug/2023:02:00:33] UPDATING PRODUCTS (JobID: 384fbd58-3a44-4f6b-a563-bf1cbf96eaa5)
 - New and modified: 0

[05/Aug/2023:02:00:35] UPDATING PREPAGATI (JobID: 2596599f-d6d7-4cc2-b281-6a751ae23f3e)
 - New and modified: 0

[05/Aug/2023:02:00:35] DELETING PREPAGATI (JobID: 2596599f-d6d7-4cc2-b281-6a751ae23f3e)
 - Deleted: 0

[05/Aug/2023:02:30:04] UPDATING ACCOUNTS (JobID: c80377b6-d667-486e-9d52-2f3efac5f734)
 - New and modified: 0

[05/Aug/2023:02:30:04] DELETING ACCOUNTS (JobID: c80377b6-d667-486e-9d52-2f3efac5f734)
 - Deleted: 0

[05/Aug/2023:02:30:34] UPDATING PRODUCTS (JobID: e3726a60-79f3-4b8e-ba3d-b1aa10c72e56)
 - New and modified: 0

[05/Aug/2023:02:30:35] UPDATING PREPAGATI (JobID: 92745493-5ae0-4894-bc83-00db10653d9a)
 - New and modified: 0

[05/Aug/2023:02:30:35] DELETING PREPAGATI (JobID: 92745493-5ae0-4894-bc83-00db10653d9a)
 - Deleted: 0

[05/Aug/2023:03:30:07] UPDATING ACCOUNTS (JobID: 444da542-aa73-4966-ae20-fc3fa17e5e3c)
 - New and modified: 0

[05/Aug/2023:03:30:07] DELETING ACCOUNTS (JobID: 444da542-aa73-4966-ae20-fc3fa17e5e3c)
 - Deleted: 0

[05/Aug/2023:03:30:38] UPDATING PRODUCTS (JobID: 4993dac8-9619-4fbb-9186-197196aa5c99)
 - New and modified: 0

[05/Aug/2023:03:30:41] UPDATING PREPAGATI (JobID: 1376cb5c-6a11-4d42-8c3b-c4b887bf0904)
 - New and modified: 0

[05/Aug/2023:03:30:41] DELETING PREPAGATI (JobID: 1376cb5c-6a11-4d42-8c3b-c4b887bf0904)
 - Deleted: 0

[05/Aug/2023:04:00:04] UPDATING ACCOUNTS (JobID: d8ab1ae9-5c0e-466f-b6d3-a6e0d4c54ff6)
 - New and modified: 0

[05/Aug/2023:04:00:04] DELETING ACCOUNTS (JobID: d8ab1ae9-5c0e-466f-b6d3-a6e0d4c54ff6)
 - Deleted: 0

[05/Aug/2023:04:00:34] UPDATING PRODUCTS (JobID: b5e64b38-ef68-4425-a687-03f8bd52735a)
 - New and modified: 0

[05/Aug/2023:04:00:36] UPDATING PREPAGATI (JobID: 29d23de1-d9bb-4c72-beba-60a8773e8100)
 - New and modified: 0

[05/Aug/2023:04:00:36] DELETING PREPAGATI (JobID: 29d23de1-d9bb-4c72-beba-60a8773e8100)
 - Deleted: 0

[05/Aug/2023:04:30:04] UPDATING ACCOUNTS (JobID: 3fc0d058-f19a-4c29-9264-9da437c0158d)
 - New and modified: 0

[05/Aug/2023:04:30:04] DELETING ACCOUNTS (JobID: 3fc0d058-f19a-4c29-9264-9da437c0158d)
 - Deleted: 0

[05/Aug/2023:04:30:35] UPDATING PRODUCTS (JobID: e6c70e15-99d7-49cc-a420-84188738cbd4)
 - New and modified: 0

[05/Aug/2023:04:30:37] UPDATING PREPAGATI (JobID: 6341eb07-84cf-4ab3-a5ce-63aff93cc977)
 - New and modified: 0

[05/Aug/2023:04:30:37] DELETING PREPAGATI (JobID: 6341eb07-84cf-4ab3-a5ce-63aff93cc977)
 - Deleted: 0

[05/Aug/2023:05:00:07] UPDATING ACCOUNTS (JobID: bdedee11-10ed-4347-88a4-026d85641fa0)
 - New and modified: 0

[05/Aug/2023:05:00:07] DELETING ACCOUNTS (JobID: bdedee11-10ed-4347-88a4-026d85641fa0)
 - Deleted: 0

[05/Aug/2023:05:00:37] UPDATING PRODUCTS (JobID: 9bae9e24-8eb9-4304-a97d-76d0164ea996)
 - New and modified: 0

[05/Aug/2023:05:00:40] UPDATING PREPAGATI (JobID: 208fe602-0e65-4df2-b42a-4da0d397584d)
 - New and modified: 0

[05/Aug/2023:05:00:40] DELETING PREPAGATI (JobID: 208fe602-0e65-4df2-b42a-4da0d397584d)
 - Deleted: 0

[05/Aug/2023:05:30:04] UPDATING ACCOUNTS (JobID: 928bb2ec-e2d4-41d5-b87a-a4826f973333)
 - New and modified: 0

[05/Aug/2023:05:30:04] DELETING ACCOUNTS (JobID: 928bb2ec-e2d4-41d5-b87a-a4826f973333)
 - Deleted: 0

[05/Aug/2023:05:30:35] UPDATING PRODUCTS (JobID: b89b77c1-5700-469f-add3-fdef95b2bea2)
 - New and modified: 0

[05/Aug/2023:05:30:36] UPDATING PREPAGATI (JobID: 587a9b9c-155a-4af1-b461-e01e6c22459f)
 - New and modified: 0

[05/Aug/2023:05:30:36] DELETING PREPAGATI (JobID: 587a9b9c-155a-4af1-b461-e01e6c22459f)
 - Deleted: 0

[05/Aug/2023:06:00:04] UPDATING ACCOUNTS (JobID: 1502a173-dd20-4ff5-98c1-4585ae74a725)
 - New and modified: 0

[05/Aug/2023:06:00:04] DELETING ACCOUNTS (JobID: 1502a173-dd20-4ff5-98c1-4585ae74a725)
 - Deleted: 0

[05/Aug/2023:06:00:34] UPDATING PRODUCTS (JobID: 0367b4f4-98ef-4e80-9258-7c7a276cb293)
 - New and modified: 0

[05/Aug/2023:06:00:36] UPDATING PREPAGATI (JobID: ab9e8a1b-d256-4f19-b833-2ac033899c6c)
 - New and modified: 0

[05/Aug/2023:06:00:36] DELETING PREPAGATI (JobID: ab9e8a1b-d256-4f19-b833-2ac033899c6c)
 - Deleted: 0

[05/Aug/2023:06:30:07] UPDATING ACCOUNTS (JobID: 7be9f280-ba54-430d-a5ae-0d69f70fab0a)
 - New and modified: 0

[05/Aug/2023:06:30:07] DELETING ACCOUNTS (JobID: 7be9f280-ba54-430d-a5ae-0d69f70fab0a)
 - Deleted: 0

[05/Aug/2023:06:30:38] UPDATING PRODUCTS (JobID: cbef663b-f6ea-4658-b79e-4099ad21d08b)
 - New and modified: 0

[05/Aug/2023:06:30:41] UPDATING PREPAGATI (JobID: 923cdfcd-a1a9-43e6-9d8c-5512bdc88cc7)
 - New and modified: 0

[05/Aug/2023:06:30:41] DELETING PREPAGATI (JobID: 923cdfcd-a1a9-43e6-9d8c-5512bdc88cc7)
 - Deleted: 0

[05/Aug/2023:07:00:07] UPDATING ACCOUNTS (JobID: c0e41158-897c-4b1b-8f15-f6d10a680299)
 - New and modified: 0

[05/Aug/2023:07:00:07] DELETING ACCOUNTS (JobID: c0e41158-897c-4b1b-8f15-f6d10a680299)
 - Deleted: 0

[05/Aug/2023:07:00:40] UPDATING PRODUCTS (JobID: 5f512dd5-4962-43e7-a9a3-ce86f808894d)
 - New and modified: 0

[05/Aug/2023:07:00:44] UPDATING PREPAGATI (JobID: 9a4fc94c-6361-419e-ac75-0cea1d59c858)
 - New and modified: 0

[05/Aug/2023:07:00:44] DELETING PREPAGATI (JobID: 9a4fc94c-6361-419e-ac75-0cea1d59c858)
 - Deleted: 0

[05/Aug/2023:07:30:04] UPDATING ACCOUNTS (JobID: 85f94b81-7591-473b-bd06-262b40913f3b)
 - New and modified: 0

[05/Aug/2023:07:30:04] DELETING ACCOUNTS (JobID: 85f94b81-7591-473b-bd06-262b40913f3b)
 - Deleted: 0

[05/Aug/2023:07:30:37] UPDATING PRODUCTS (JobID: 3e5fb026-88b0-4aa8-812a-d5469d87ac1e)
 - New and modified: 0

[05/Aug/2023:07:30:38] UPDATING PREPAGATI (JobID: 3818e118-73fb-446d-ae1a-5e1faa236e53)
 - New and modified: 0

[05/Aug/2023:07:30:38] DELETING PREPAGATI (JobID: 3818e118-73fb-446d-ae1a-5e1faa236e53)
 - Deleted: 0

[05/Aug/2023:08:00:09] UPDATING ACCOUNTS (JobID: ba2c8199-2876-4959-8eb6-d712457f92b3)
 - New and modified: 0

[05/Aug/2023:08:00:09] DELETING ACCOUNTS (JobID: ba2c8199-2876-4959-8eb6-d712457f92b3)
 - Deleted: 0

[05/Aug/2023:08:00:42] UPDATING PRODUCTS (JobID: 3a821569-a544-4074-b093-452c239d65c0)
 - New and modified: 0

[05/Aug/2023:08:00:45] UPDATING PREPAGATI (JobID: 29139589-1cbd-4155-911a-d0926f431714)
 - New and modified: 0

[05/Aug/2023:08:00:45] DELETING PREPAGATI (JobID: 29139589-1cbd-4155-911a-d0926f431714)
 - Deleted: 0

[05/Aug/2023:08:30:09] UPDATING ACCOUNTS (JobID: 02999dcd-c750-449c-8743-e4761c753b1d)
 - New and modified: 0

[05/Aug/2023:08:30:09] DELETING ACCOUNTS (JobID: 02999dcd-c750-449c-8743-e4761c753b1d)
 - Deleted: 0

[05/Aug/2023:08:30:41] UPDATING PRODUCTS (JobID: 21625483-c65e-45de-b635-e8237e731f06)
 - New and modified: 0

[05/Aug/2023:08:30:44] UPDATING PREPAGATI (JobID: a92f51d4-7bce-4893-81fb-69bbf81f1b87)
 - New and modified: 0

[05/Aug/2023:08:30:44] DELETING PREPAGATI (JobID: a92f51d4-7bce-4893-81fb-69bbf81f1b87)
 - Deleted: 0

[05/Aug/2023:09:30:08] UPDATING ACCOUNTS (JobID: e5f78967-7bec-4645-a5e5-062bc59c8b49)
 - New and modified: 0

[05/Aug/2023:09:30:08] DELETING ACCOUNTS (JobID: e5f78967-7bec-4645-a5e5-062bc59c8b49)
 - Deleted: 0

[05/Aug/2023:09:30:41] UPDATING PRODUCTS (JobID: 07dc6559-8ba9-41f3-ab17-997406884dfd)
 - New and modified: 0

[05/Aug/2023:09:30:44] UPDATING PREPAGATI (JobID: 2805d110-f3e6-4bb9-82a4-60d25efce549)
 - New and modified: 0

[05/Aug/2023:09:30:44] DELETING PREPAGATI (JobID: 2805d110-f3e6-4bb9-82a4-60d25efce549)
 - Deleted: 0

[05/Aug/2023:10:00:08] UPDATING ACCOUNTS (JobID: 5da8dbff-cb77-45d4-913c-27f252fd5278)
 - New and modified: 0

[05/Aug/2023:10:00:08] DELETING ACCOUNTS (JobID: 5da8dbff-cb77-45d4-913c-27f252fd5278)
 - Deleted: 0

[05/Aug/2023:10:00:41] UPDATING PRODUCTS (JobID: 2ddf204c-8a84-420c-abb4-48eefc825ccf)
 - New and modified: 0

[05/Aug/2023:10:00:44] UPDATING PREPAGATI (JobID: ec72eee3-31a7-4121-95ec-cec56e708677)
 - New and modified: 0

[05/Aug/2023:10:00:44] DELETING PREPAGATI (JobID: ec72eee3-31a7-4121-95ec-cec56e708677)
 - Deleted: 0

[05/Aug/2023:10:30:04] UPDATING ACCOUNTS (JobID: 2686857a-ba9b-48e7-9883-eff3c77e852f)
 - New and modified: 0

[05/Aug/2023:10:30:04] DELETING ACCOUNTS (JobID: 2686857a-ba9b-48e7-9883-eff3c77e852f)
 - Deleted: 0

[05/Aug/2023:10:30:36] UPDATING PRODUCTS (JobID: 724b08bf-6358-4853-ab10-f8d76060b0ec)
 - New and modified: 0

[05/Aug/2023:10:30:38] UPDATING PREPAGATI (JobID: aaff4ce0-a7c8-444a-a590-89d238307628)
 - New and modified: 0

[05/Aug/2023:10:30:38] DELETING PREPAGATI (JobID: aaff4ce0-a7c8-444a-a590-89d238307628)
 - Deleted: 0

[05/Aug/2023:11:00:07] UPDATING ACCOUNTS (JobID: 4fa55ca9-4ca2-41d3-b31c-37dcb987edaa)
 - New and modified: 0

[05/Aug/2023:11:00:07] DELETING ACCOUNTS (JobID: 4fa55ca9-4ca2-41d3-b31c-37dcb987edaa)
 - Deleted: 0

[05/Aug/2023:11:00:40] UPDATING PRODUCTS (JobID: 800b330d-9605-4771-b058-3801050f7a53)
 - New and modified: 0

[05/Aug/2023:11:00:43] UPDATING PREPAGATI (JobID: e9c83fad-b4e1-4577-a5b2-fc7fdf9b5afe)
 - New and modified: 0

[05/Aug/2023:11:00:43] DELETING PREPAGATI (JobID: e9c83fad-b4e1-4577-a5b2-fc7fdf9b5afe)
 - Deleted: 0

[05/Aug/2023:11:30:04] UPDATING ACCOUNTS (JobID: 8da65b97-3fe5-41cc-811d-0add0a4747ad)
 - New and modified: 0

[05/Aug/2023:11:30:04] DELETING ACCOUNTS (JobID: 8da65b97-3fe5-41cc-811d-0add0a4747ad)
 - Deleted: 0

[05/Aug/2023:11:30:36] UPDATING PRODUCTS (JobID: fc7a686c-89a8-4468-830a-daa9238ba51a)
 - New and modified: 0

[05/Aug/2023:11:30:38] UPDATING PREPAGATI (JobID: 3005f0da-9220-4d57-84b5-4f005b9974b1)
 - New and modified: 0

[05/Aug/2023:11:30:38] DELETING PREPAGATI (JobID: 3005f0da-9220-4d57-84b5-4f005b9974b1)
 - Deleted: 0

[05/Aug/2023:12:00:04] UPDATING ACCOUNTS (JobID: 647b4306-b735-437c-aa79-f99ddffe8ffa)
 - New and modified: 0

[05/Aug/2023:12:00:04] DELETING ACCOUNTS (JobID: 647b4306-b735-437c-aa79-f99ddffe8ffa)
 - Deleted: 0

[05/Aug/2023:12:00:36] UPDATING PRODUCTS (JobID: e7910147-0d9f-4414-825a-318ee7dcfc20)
 - New and modified: 0

[05/Aug/2023:12:00:38] UPDATING PREPAGATI (JobID: 34a5b62a-5020-42fa-bd35-65d645130077)
 - New and modified: 0

[05/Aug/2023:12:00:38] DELETING PREPAGATI (JobID: 34a5b62a-5020-42fa-bd35-65d645130077)
 - Deleted: 0

[05/Aug/2023:13:00:07] UPDATING ACCOUNTS (JobID: 447db1f7-65e4-4ba6-ac39-8d4b11c36d88)
 - New and modified: 0

[05/Aug/2023:13:00:07] DELETING ACCOUNTS (JobID: 447db1f7-65e4-4ba6-ac39-8d4b11c36d88)
 - Deleted: 0

[05/Aug/2023:13:00:40] UPDATING PRODUCTS (JobID: ef325556-936c-4206-aba1-12ae770dfe6d)
 - New and modified: 0

[05/Aug/2023:13:00:43] UPDATING PREPAGATI (JobID: a58cfda4-5850-43f8-9673-3b9dc5b9c913)
 - New and modified: 0

[05/Aug/2023:13:00:43] DELETING PREPAGATI (JobID: a58cfda4-5850-43f8-9673-3b9dc5b9c913)
 - Deleted: 0

[05/Aug/2023:13:30:07] UPDATING ACCOUNTS (JobID: 8b95969e-06e7-4d13-9696-4e2e6251377f)
 - New and modified: 0

[05/Aug/2023:13:30:07] DELETING ACCOUNTS (JobID: 8b95969e-06e7-4d13-9696-4e2e6251377f)
 - Deleted: 0

[05/Aug/2023:13:30:37] UPDATING PRODUCTS (JobID: ea0a937c-6585-4300-b5ec-2da31020b71f)
 - New and modified: 0

[05/Aug/2023:13:30:41] UPDATING PREPAGATI (JobID: 7bdaffa8-d811-4fb0-91e3-6dbce9cfb14e)
 - New and modified: 0

[05/Aug/2023:13:30:41] DELETING PREPAGATI (JobID: 7bdaffa8-d811-4fb0-91e3-6dbce9cfb14e)
 - Deleted: 0

[05/Aug/2023:15:00:07] UPDATING ACCOUNTS (JobID: c68ae888-f553-4dc7-a91f-fcf650d75ef8)
 - New and modified: 0

[05/Aug/2023:15:00:07] DELETING ACCOUNTS (JobID: c68ae888-f553-4dc7-a91f-fcf650d75ef8)
 - Deleted: 0

[05/Aug/2023:15:00:39] UPDATING PRODUCTS (JobID: 924d6871-45ce-4de9-9cc6-91c9f7d6c5ef)
 - New and modified: 0

[05/Aug/2023:15:00:42] UPDATING PREPAGATI (JobID: 27062d6e-a3f8-4dad-8042-6d663521e92c)
 - New and modified: 0

[05/Aug/2023:15:00:42] DELETING PREPAGATI (JobID: 27062d6e-a3f8-4dad-8042-6d663521e92c)
 - Deleted: 0

[05/Aug/2023:16:00:07] UPDATING ACCOUNTS (JobID: 0a59b4b0-4a37-4496-bd6c-ac719639f94b)
 - New and modified: 0

[05/Aug/2023:16:00:07] DELETING ACCOUNTS (JobID: 0a59b4b0-4a37-4496-bd6c-ac719639f94b)
 - Deleted: 0

[05/Aug/2023:16:00:39] UPDATING PRODUCTS (JobID: 4ead95f6-6144-4bd2-b82a-994a81d8ecea)
 - New and modified: 0

[05/Aug/2023:16:00:42] UPDATING PREPAGATI (JobID: 1137fa0a-0ed3-4ab7-95ed-3b6d252b14b2)
 - New and modified: 0

[05/Aug/2023:16:00:42] DELETING PREPAGATI (JobID: 1137fa0a-0ed3-4ab7-95ed-3b6d252b14b2)
 - Deleted: 0

[05/Aug/2023:17:00:07] UPDATING ACCOUNTS (JobID: d417755e-8dea-44f5-b4ec-de4528bb9aaf)
 - New and modified: 0

[05/Aug/2023:17:00:07] DELETING ACCOUNTS (JobID: d417755e-8dea-44f5-b4ec-de4528bb9aaf)
 - Deleted: 0

[05/Aug/2023:17:00:38] UPDATING PRODUCTS (JobID: 7e142b10-0790-4dcd-8cc8-5eaa27a66368)
 - New and modified: 0

[05/Aug/2023:17:00:41] UPDATING PREPAGATI (JobID: 8e47016e-0cc5-4e93-8028-f97290375037)
 - New and modified: 0

[05/Aug/2023:17:00:41] DELETING PREPAGATI (JobID: 8e47016e-0cc5-4e93-8028-f97290375037)
 - Deleted: 0

[05/Aug/2023:17:30:09] UPDATING ACCOUNTS (JobID: c10c7a16-2d7a-4fac-8611-76b4812546e9)
 - New and modified: 0

[05/Aug/2023:17:30:09] DELETING ACCOUNTS (JobID: c10c7a16-2d7a-4fac-8611-76b4812546e9)
 - Deleted: 0

[05/Aug/2023:17:30:39] UPDATING PRODUCTS (JobID: 4709acc6-3a8b-4da4-a7ea-998ce326f592)
 - New and modified: 0

[05/Aug/2023:17:30:42] UPDATING PREPAGATI (JobID: 69bdeb1d-70fe-4e82-bd5e-49b22557788d)
 - New and modified: 0

[05/Aug/2023:17:30:42] DELETING PREPAGATI (JobID: 69bdeb1d-70fe-4e82-bd5e-49b22557788d)
 - Deleted: 0

[05/Aug/2023:19:00:10] UPDATING ACCOUNTS (JobID: 2b8a5f90-0cdf-4cdb-ab23-5bbb34adc1a4)
 - New and modified: 0

[05/Aug/2023:19:00:10] DELETING ACCOUNTS (JobID: 2b8a5f90-0cdf-4cdb-ab23-5bbb34adc1a4)
 - Deleted: 0

[05/Aug/2023:19:00:43] UPDATING PRODUCTS (JobID: 9f4397ec-d575-44cd-8be7-ff49730dc8af)
 - New and modified: 0

[05/Aug/2023:19:00:46] UPDATING PREPAGATI (JobID: 83cbfd86-4cda-4113-b703-9047c9919d6e)
 - New and modified: 0

[05/Aug/2023:19:00:46] DELETING PREPAGATI (JobID: 83cbfd86-4cda-4113-b703-9047c9919d6e)
 - Deleted: 0

[05/Aug/2023:20:00:07] UPDATING ACCOUNTS (JobID: fe2e52b9-6a7e-4368-af92-52df8fd2e2a4)
 - New and modified: 0

[05/Aug/2023:20:00:07] DELETING ACCOUNTS (JobID: fe2e52b9-6a7e-4368-af92-52df8fd2e2a4)
 - Deleted: 0

[05/Aug/2023:20:00:41] UPDATING PRODUCTS (JobID: 4322530f-db7b-4bda-ae25-10a10a868469)
 - New and modified: 0

[05/Aug/2023:20:00:43] UPDATING PREPAGATI (JobID: 05b39d86-44c9-4441-91f2-eb230ca98885)
 - New and modified: 0

[05/Aug/2023:20:00:43] DELETING PREPAGATI (JobID: 05b39d86-44c9-4441-91f2-eb230ca98885)
 - Deleted: 0

[05/Aug/2023:20:30:07] UPDATING ACCOUNTS (JobID: 7999a6f8-373f-4d8a-85df-2f2f4c6627a6)
 - New and modified: 0

[05/Aug/2023:20:30:07] DELETING ACCOUNTS (JobID: 7999a6f8-373f-4d8a-85df-2f2f4c6627a6)
 - Deleted: 0

[05/Aug/2023:20:30:39] UPDATING PRODUCTS (JobID: 64827ecf-01b2-4ed8-a060-3a9e9214b6ec)
 - New and modified: 0

[05/Aug/2023:20:30:42] UPDATING PREPAGATI (JobID: 4b032dd5-d2a9-4dc5-bd76-ea5d9361f984)
 - New and modified: 0

[05/Aug/2023:20:30:42] DELETING PREPAGATI (JobID: 4b032dd5-d2a9-4dc5-bd76-ea5d9361f984)
 - Deleted: 0

[05/Aug/2023:21:00:04] UPDATING ACCOUNTS (JobID: a3a13676-4865-4b66-8d9e-8babe19f04ce)
 - New and modified: 0

[05/Aug/2023:21:00:04] DELETING ACCOUNTS (JobID: a3a13676-4865-4b66-8d9e-8babe19f04ce)
 - Deleted: 0

[05/Aug/2023:21:00:36] UPDATING PRODUCTS (JobID: ac365ed3-1b2c-4648-9750-d630c2a17790)
 - New and modified: 0

[05/Aug/2023:21:00:38] UPDATING PREPAGATI (JobID: 8f5af8d7-65df-4b8e-80fc-e6f4a9213fb5)
 - New and modified: 0

[05/Aug/2023:21:00:38] DELETING PREPAGATI (JobID: 8f5af8d7-65df-4b8e-80fc-e6f4a9213fb5)
 - Deleted: 0

[05/Aug/2023:21:30:07] UPDATING ACCOUNTS (JobID: 72f4b40f-8cc0-4a76-8441-e9e098dda20c)
 - New and modified: 0

[05/Aug/2023:21:30:07] DELETING ACCOUNTS (JobID: 72f4b40f-8cc0-4a76-8441-e9e098dda20c)
 - Deleted: 0

[05/Aug/2023:21:30:39] UPDATING PRODUCTS (JobID: e4e83590-d0ac-434d-a65f-e401de3642e0)
 - New and modified: 0

[05/Aug/2023:21:30:42] UPDATING PREPAGATI (JobID: 533ef3dd-00a5-4cd8-80da-34f715b7a013)
 - New and modified: 0

[05/Aug/2023:21:30:42] DELETING PREPAGATI (JobID: 533ef3dd-00a5-4cd8-80da-34f715b7a013)
 - Deleted: 0

[05/Aug/2023:22:00:09] UPDATING ACCOUNTS (JobID: 14d706f4-cc0a-4b7f-9596-71af024345fd)
 - New and modified: 0

[05/Aug/2023:22:00:09] DELETING ACCOUNTS (JobID: 14d706f4-cc0a-4b7f-9596-71af024345fd)
 - Deleted: 0

[05/Aug/2023:22:00:39] UPDATING PRODUCTS (JobID: 9daeb687-c875-4294-8119-21224c3614e0)
 - New and modified: 0

[05/Aug/2023:22:00:42] UPDATING PREPAGATI (JobID: 88a4609b-d851-4827-9afa-b2be339e2e43)
 - New and modified: 0

[05/Aug/2023:22:00:42] DELETING PREPAGATI (JobID: 88a4609b-d851-4827-9afa-b2be339e2e43)
 - Deleted: 0

[05/Aug/2023:23:30:07] UPDATING ACCOUNTS (JobID: 0ccc82e9-9c05-44bc-a026-4745e2df97c1)
 - New and modified: 0

[05/Aug/2023:23:30:07] DELETING ACCOUNTS (JobID: 0ccc82e9-9c05-44bc-a026-4745e2df97c1)
 - Deleted: 0

[05/Aug/2023:23:30:37] UPDATING PRODUCTS (JobID: 9f7f3860-5b08-4b7c-aba5-6f88d6676ea7)
 - New and modified: 0

[05/Aug/2023:23:30:40] UPDATING PREPAGATI (JobID: d8608f93-87fa-422b-9759-49f3b62327fc)
 - New and modified: 0

[05/Aug/2023:23:30:40] DELETING PREPAGATI (JobID: d8608f93-87fa-422b-9759-49f3b62327fc)
 - Deleted: 0

