[21/May/2023:00:00:04] UPDATING ACCOUNTS (JobID: a154197a-dfc6-4508-a4d5-7a54f386fa5c)
 - New and modified: 0

[21/May/2023:00:00:04] DELETING ACCOUNTS (JobID: a154197a-dfc6-4508-a4d5-7a54f386fa5c)
 - Deleted: 0

[21/May/2023:00:00:36] UPDATING PRODUCTS (JobID: 6d3598d7-f886-495c-aa2e-ba78d466ee26)
 - New and modified: 0

[21/May/2023:00:00:37] UPDATING PREPAGATI (JobID: 58bd3cb2-4782-4971-a1be-4bcf1df4e5f0)
 - New and modified: 0

[21/May/2023:00:00:37] DELETING PREPAGATI (JobID: 58bd3cb2-4782-4971-a1be-4bcf1df4e5f0)
 - Deleted: 0

[21/May/2023:00:10:04] UPDATING ACCOUNTS (JobID: e8acbc82-dd8b-46ce-a625-d63f5093b757)
 - New and modified: 0

[21/May/2023:00:10:04] DELETING ACCOUNTS (JobID: e8acbc82-dd8b-46ce-a625-d63f5093b757)
 - Deleted: 0

[21/May/2023:00:10:36] UPDATING PRODUCTS (JobID: 99e04aa4-5669-4f48-8b12-c6fe375e82ba)
 - New and modified: 0

[21/May/2023:00:10:38] UPDATING PREPAGATI (JobID: 96f8ce42-f608-4c03-b76b-319b8d10ac3b)
 - New and modified: 0

[21/May/2023:00:10:38] DELETING PREPAGATI (JobID: 96f8ce42-f608-4c03-b76b-319b8d10ac3b)
 - Deleted: 0

[21/May/2023:00:20:04] UPDATING ACCOUNTS (JobID: 2c22b862-c78d-4347-920f-6cefa01223a5)
 - New and modified: 0

[21/May/2023:00:20:04] DELETING ACCOUNTS (JobID: 2c22b862-c78d-4347-920f-6cefa01223a5)
 - Deleted: 0

[21/May/2023:00:20:36] UPDATING PRODUCTS (JobID: 7e3e0b55-2767-4272-ba1e-7afd755ae5d1)
 - New and modified: 0

[21/May/2023:00:20:38] UPDATING PREPAGATI (JobID: f6a4dd68-3c2d-491b-bd91-92ec08eb8794)
 - New and modified: 0

[21/May/2023:00:20:38] DELETING PREPAGATI (JobID: f6a4dd68-3c2d-491b-bd91-92ec08eb8794)
 - Deleted: 0

[21/May/2023:00:30:04] UPDATING ACCOUNTS (JobID: e6cbc35b-4020-478a-9a1c-2c0a08c8e1c9)
 - New and modified: 0

[21/May/2023:00:30:04] DELETING ACCOUNTS (JobID: e6cbc35b-4020-478a-9a1c-2c0a08c8e1c9)
 - Deleted: 0

[21/May/2023:00:30:36] UPDATING PRODUCTS (JobID: 569d8ea3-128d-4c58-a469-d7b4e5f10f51)
 - New and modified: 0

[21/May/2023:00:30:37] UPDATING PREPAGATI (JobID: 846baa27-f455-4364-bc04-12fd348cb472)
 - New and modified: 0

[21/May/2023:00:30:37] DELETING PREPAGATI (JobID: 846baa27-f455-4364-bc04-12fd348cb472)
 - Deleted: 0

[21/May/2023:00:40:04] UPDATING ACCOUNTS (JobID: a7555f1b-df1c-425b-9606-43babe25923e)
 - New and modified: 0

[21/May/2023:00:40:04] DELETING ACCOUNTS (JobID: a7555f1b-df1c-425b-9606-43babe25923e)
 - Deleted: 0

[21/May/2023:00:40:36] UPDATING PRODUCTS (JobID: 580f7ea1-87da-40dc-b6ff-bd8cbb49e699)
 - New and modified: 0

[21/May/2023:00:40:38] UPDATING PREPAGATI (JobID: ef73e886-16d0-4462-ae41-76dee02ab34f)
 - New and modified: 0

[21/May/2023:00:40:38] DELETING PREPAGATI (JobID: ef73e886-16d0-4462-ae41-76dee02ab34f)
 - Deleted: 0

[21/May/2023:00:50:04] UPDATING ACCOUNTS (JobID: 0554fabe-21ef-4441-ab1d-ced943f8dc60)
 - New and modified: 0

[21/May/2023:00:50:04] DELETING ACCOUNTS (JobID: 0554fabe-21ef-4441-ab1d-ced943f8dc60)
 - Deleted: 0

[21/May/2023:00:50:36] UPDATING PRODUCTS (JobID: 9e1579a7-d412-41ea-988b-31345875d81c)
 - New and modified: 0

[21/May/2023:00:50:38] UPDATING PREPAGATI (JobID: ce819454-aeb8-49f0-b3f0-67453c418e4a)
 - New and modified: 0

[21/May/2023:00:50:38] DELETING PREPAGATI (JobID: ce819454-aeb8-49f0-b3f0-67453c418e4a)
 - Deleted: 0

[21/May/2023:01:00:04] UPDATING ACCOUNTS (JobID: dafe0f5b-710d-4b90-a021-f3efd8771289)
 - New and modified: 0

[21/May/2023:01:00:04] DELETING ACCOUNTS (JobID: dafe0f5b-710d-4b90-a021-f3efd8771289)
 - Deleted: 0

[21/May/2023:01:00:36] UPDATING PRODUCTS (JobID: e05ef085-a854-40f9-8709-8bca9f8129d8)
 - New and modified: 0

[21/May/2023:01:00:38] UPDATING PREPAGATI (JobID: e3f62b3f-9071-4e38-b541-7af10a012345)
 - New and modified: 0

[21/May/2023:01:00:38] DELETING PREPAGATI (JobID: e3f62b3f-9071-4e38-b541-7af10a012345)
 - Deleted: 0

[21/May/2023:01:10:04] UPDATING ACCOUNTS (JobID: 58691a93-c487-4ebe-acdd-0b4d4264bb31)
 - New and modified: 0

[21/May/2023:01:10:04] DELETING ACCOUNTS (JobID: 58691a93-c487-4ebe-acdd-0b4d4264bb31)
 - Deleted: 0

[21/May/2023:01:10:34] UPDATING PRODUCTS (JobID: 7c9d684a-c45c-4ece-85d5-bf80eb2b8942)
 - New and modified: 0

[21/May/2023:01:10:36] UPDATING PREPAGATI (JobID: e60d8e3d-1867-442b-b11e-c794956c0940)
 - New and modified: 0

[21/May/2023:01:10:36] DELETING PREPAGATI (JobID: e60d8e3d-1867-442b-b11e-c794956c0940)
 - Deleted: 0

[21/May/2023:01:20:04] UPDATING ACCOUNTS (JobID: c48b551b-f231-4feb-b944-3fe7f0846654)
 - New and modified: 0

[21/May/2023:01:20:04] DELETING ACCOUNTS (JobID: c48b551b-f231-4feb-b944-3fe7f0846654)
 - Deleted: 0

[21/May/2023:01:20:35] UPDATING PRODUCTS (JobID: f93dd4e4-c81d-4d7a-b786-c6dc9c0a70dc)
 - New and modified: 0

[21/May/2023:01:20:37] UPDATING PREPAGATI (JobID: 4f771e34-400b-44e3-95b5-3d6201adfd5b)
 - New and modified: 0

[21/May/2023:01:20:37] DELETING PREPAGATI (JobID: 4f771e34-400b-44e3-95b5-3d6201adfd5b)
 - Deleted: 0

[21/May/2023:01:30:04] UPDATING ACCOUNTS (JobID: 82f1cbe0-fd4f-4fe1-a73a-b24d3c384977)
 - New and modified: 0

[21/May/2023:01:30:04] DELETING ACCOUNTS (JobID: 82f1cbe0-fd4f-4fe1-a73a-b24d3c384977)
 - Deleted: 0

[21/May/2023:01:30:39] UPDATING PRODUCTS (JobID: 56b2f16f-aa35-49b4-8cb0-fcc43c6a0232)
 - New and modified: 0

[21/May/2023:01:30:41] UPDATING PREPAGATI (JobID: 9062815b-178f-4d6c-b541-6a0165fe817d)
 - New and modified: 0

[21/May/2023:01:30:41] DELETING PREPAGATI (JobID: 9062815b-178f-4d6c-b541-6a0165fe817d)
 - Deleted: 0

[21/May/2023:01:40:04] UPDATING ACCOUNTS (JobID: 1d151431-2e1f-4bf6-9397-478fe9ab97fb)
 - New and modified: 0

[21/May/2023:01:40:04] DELETING ACCOUNTS (JobID: 1d151431-2e1f-4bf6-9397-478fe9ab97fb)
 - Deleted: 0

[21/May/2023:01:40:36] UPDATING PRODUCTS (JobID: 7504efba-567d-403b-846f-74b88c34b533)
 - New and modified: 0

[21/May/2023:01:40:37] UPDATING PREPAGATI (JobID: 5bfb4d7b-c26f-4790-b307-e895572c7eeb)
 - New and modified: 0

[21/May/2023:01:40:37] DELETING PREPAGATI (JobID: 5bfb4d7b-c26f-4790-b307-e895572c7eeb)
 - Deleted: 0

[21/May/2023:01:50:04] UPDATING ACCOUNTS (JobID: 01f3c940-0ce3-415f-9ad2-1a148f2212ef)
 - New and modified: 0

[21/May/2023:01:50:04] DELETING ACCOUNTS (JobID: 01f3c940-0ce3-415f-9ad2-1a148f2212ef)
 - Deleted: 0

[21/May/2023:01:50:36] UPDATING PRODUCTS (JobID: 1ab32170-0b4f-4056-b607-69de38079319)
 - New and modified: 0

[21/May/2023:01:50:38] UPDATING PREPAGATI (JobID: 9454a05d-2046-4fd0-aeae-9d1d0ab1f9cf)
 - New and modified: 0

[21/May/2023:01:50:38] DELETING PREPAGATI (JobID: 9454a05d-2046-4fd0-aeae-9d1d0ab1f9cf)
 - Deleted: 0

[21/May/2023:02:00:04] UPDATING ACCOUNTS (JobID: ff407605-c00e-4ddc-81a6-c0b5c661a8e8)
 - New and modified: 0

[21/May/2023:02:00:04] DELETING ACCOUNTS (JobID: ff407605-c00e-4ddc-81a6-c0b5c661a8e8)
 - Deleted: 0

[21/May/2023:02:00:36] UPDATING PRODUCTS (JobID: 0e5c76e9-e5be-4d16-9756-86fd98de87fa)
 - New and modified: 0

[21/May/2023:02:00:38] UPDATING PREPAGATI (JobID: 19e9d799-746e-4f51-a0e6-042ce541f97f)
 - New and modified: 0

[21/May/2023:02:00:38] DELETING PREPAGATI (JobID: 19e9d799-746e-4f51-a0e6-042ce541f97f)
 - Deleted: 0

[21/May/2023:02:10:05] UPDATING ACCOUNTS (JobID: c637162c-32b7-4616-ab12-849854abc079)
 - New and modified: 0

[21/May/2023:02:10:05] DELETING ACCOUNTS (JobID: c637162c-32b7-4616-ab12-849854abc079)
 - Deleted: 0

[21/May/2023:02:10:36] UPDATING PRODUCTS (JobID: 72b645be-50fc-47bc-81dd-664ddef8f696)
 - New and modified: 0

[21/May/2023:02:10:38] UPDATING PREPAGATI (JobID: 09d5dead-919e-4cb7-adfe-37558720dba5)
 - New and modified: 0

[21/May/2023:02:10:38] DELETING PREPAGATI (JobID: 09d5dead-919e-4cb7-adfe-37558720dba5)
 - Deleted: 0

[21/May/2023:02:20:04] UPDATING ACCOUNTS (JobID: 93b42f01-6e8e-48c6-973a-b9bc7a93ca2e)
 - New and modified: 0

[21/May/2023:02:20:04] DELETING ACCOUNTS (JobID: 93b42f01-6e8e-48c6-973a-b9bc7a93ca2e)
 - Deleted: 0

[21/May/2023:02:20:37] UPDATING PRODUCTS (JobID: b453e949-e3ae-4c77-8eb6-63c1630d4ba8)
 - New and modified: 0

[21/May/2023:02:20:39] UPDATING PREPAGATI (JobID: f802c128-1dde-4c96-b47c-5e84081115cf)
 - New and modified: 0

[21/May/2023:02:20:39] DELETING PREPAGATI (JobID: f802c128-1dde-4c96-b47c-5e84081115cf)
 - Deleted: 0

[21/May/2023:02:30:04] UPDATING ACCOUNTS (JobID: 63956213-df6a-44d5-9619-5c20dc393fc5)
 - New and modified: 0

[21/May/2023:02:30:04] DELETING ACCOUNTS (JobID: 63956213-df6a-44d5-9619-5c20dc393fc5)
 - Deleted: 0

[21/May/2023:02:30:36] UPDATING PRODUCTS (JobID: a29bccc1-3776-47d5-930b-c01b90be6481)
 - New and modified: 0

[21/May/2023:02:30:38] UPDATING PREPAGATI (JobID: bc3f6472-aad9-4966-af86-97f8a73d2328)
 - New and modified: 0

[21/May/2023:02:30:38] DELETING PREPAGATI (JobID: bc3f6472-aad9-4966-af86-97f8a73d2328)
 - Deleted: 0

[21/May/2023:02:40:04] UPDATING ACCOUNTS (JobID: 7ee3ffe8-62a5-4123-b81c-abfbf9c85507)
 - New and modified: 0

[21/May/2023:02:40:04] DELETING ACCOUNTS (JobID: 7ee3ffe8-62a5-4123-b81c-abfbf9c85507)
 - Deleted: 0

[21/May/2023:02:40:40] UPDATING PRODUCTS (JobID: b15891a4-f950-4311-b777-64f0222ee4af)
 - New and modified: 0

[21/May/2023:02:40:42] UPDATING PREPAGATI (JobID: 0300feff-d7e8-448f-8be7-1b00c5442d68)
 - New and modified: 0

[21/May/2023:02:40:42] DELETING PREPAGATI (JobID: 0300feff-d7e8-448f-8be7-1b00c5442d68)
 - Deleted: 0

[21/May/2023:02:50:04] UPDATING ACCOUNTS (JobID: fca9efef-9096-438f-9199-5f79494fcd4f)
 - New and modified: 0

[21/May/2023:02:50:04] DELETING ACCOUNTS (JobID: fca9efef-9096-438f-9199-5f79494fcd4f)
 - Deleted: 0

[21/May/2023:02:50:37] UPDATING PRODUCTS (JobID: 7d00ad08-3051-437b-a2f3-af55d8302ccc)
 - New and modified: 0

[21/May/2023:02:50:38] UPDATING PREPAGATI (JobID: 6de7eeac-8428-4046-9197-93555d8f5410)
 - New and modified: 0

[21/May/2023:02:50:38] DELETING PREPAGATI (JobID: 6de7eeac-8428-4046-9197-93555d8f5410)
 - Deleted: 0

[21/May/2023:03:00:04] UPDATING ACCOUNTS (JobID: 8a996410-34d6-4bb0-9af7-95a6c5fbcc46)
 - New and modified: 0

[21/May/2023:03:00:04] DELETING ACCOUNTS (JobID: 8a996410-34d6-4bb0-9af7-95a6c5fbcc46)
 - Deleted: 0

[21/May/2023:03:00:37] UPDATING PRODUCTS (JobID: 76466d6c-21e3-42eb-b7bc-3cb5f2bfb41b)
 - New and modified: 0

[21/May/2023:03:00:38] UPDATING PREPAGATI (JobID: 2c8d38f0-8a11-43b7-a48c-e4791929fc11)
 - New and modified: 0

[21/May/2023:03:00:38] DELETING PREPAGATI (JobID: 2c8d38f0-8a11-43b7-a48c-e4791929fc11)
 - Deleted: 0

[21/May/2023:03:10:04] UPDATING ACCOUNTS (JobID: 1daf6dd5-ab64-4f7f-a92b-f0db19030273)
 - New and modified: 0

[21/May/2023:03:10:04] DELETING ACCOUNTS (JobID: 1daf6dd5-ab64-4f7f-a92b-f0db19030273)
 - Deleted: 0

[21/May/2023:03:10:36] UPDATING PRODUCTS (JobID: 8c328b1d-1878-43b9-8551-943523f907e2)
 - New and modified: 0

[21/May/2023:03:10:38] UPDATING PREPAGATI (JobID: c056f6c1-c047-4a6d-8ceb-aa4022d64e05)
 - New and modified: 0

[21/May/2023:03:10:38] DELETING PREPAGATI (JobID: c056f6c1-c047-4a6d-8ceb-aa4022d64e05)
 - Deleted: 0

[21/May/2023:03:20:03] UPDATING ACCOUNTS (JobID: 322d80f1-1814-4cca-8463-39e738b85988)
 - New and modified: 0

[21/May/2023:03:20:03] DELETING ACCOUNTS (JobID: 322d80f1-1814-4cca-8463-39e738b85988)
 - Deleted: 0

[21/May/2023:03:20:35] UPDATING PRODUCTS (JobID: b9a2383d-e8fe-4464-ae0f-cf893778d290)
 - New and modified: 0

[21/May/2023:03:20:37] UPDATING PREPAGATI (JobID: c8a938a2-3ee9-4bcf-9adf-5d5957bfaa89)
 - New and modified: 0

[21/May/2023:03:20:37] DELETING PREPAGATI (JobID: c8a938a2-3ee9-4bcf-9adf-5d5957bfaa89)
 - Deleted: 0

[21/May/2023:03:30:04] UPDATING ACCOUNTS (JobID: 84337094-20e7-4666-a585-b6b017652ee9)
 - New and modified: 0

[21/May/2023:03:30:04] DELETING ACCOUNTS (JobID: 84337094-20e7-4666-a585-b6b017652ee9)
 - Deleted: 0

[21/May/2023:03:30:36] UPDATING PRODUCTS (JobID: 086849db-8470-4e8f-b2c3-74de91f7d713)
 - New and modified: 0

[21/May/2023:03:30:38] UPDATING PREPAGATI (JobID: ea0272db-3837-4edb-bd83-2a75bf6a0212)
 - New and modified: 0

[21/May/2023:03:30:38] DELETING PREPAGATI (JobID: ea0272db-3837-4edb-bd83-2a75bf6a0212)
 - Deleted: 0

[21/May/2023:03:40:04] UPDATING ACCOUNTS (JobID: 737ef409-6e83-47a8-9ab4-0c42d56da814)
 - New and modified: 0

[21/May/2023:03:40:04] DELETING ACCOUNTS (JobID: 737ef409-6e83-47a8-9ab4-0c42d56da814)
 - Deleted: 0

[21/May/2023:03:40:36] UPDATING PRODUCTS (JobID: 55528249-1067-4d67-92a1-45a43ec7bf1e)
 - New and modified: 0

[21/May/2023:03:40:38] UPDATING PREPAGATI (JobID: 50f6e772-c899-4ebb-b2e5-3542d455992a)
 - New and modified: 0

[21/May/2023:03:40:38] DELETING PREPAGATI (JobID: 50f6e772-c899-4ebb-b2e5-3542d455992a)
 - Deleted: 0

[21/May/2023:03:50:04] UPDATING ACCOUNTS (JobID: 64b3514a-bb06-435b-a6cb-0c3c890ed0c0)
 - New and modified: 0

[21/May/2023:03:50:04] DELETING ACCOUNTS (JobID: 64b3514a-bb06-435b-a6cb-0c3c890ed0c0)
 - Deleted: 0

[21/May/2023:03:50:36] UPDATING PRODUCTS (JobID: 2aaff8f8-ff4f-49d9-8678-a5317a4f90e2)
 - New and modified: 0

[21/May/2023:03:50:38] UPDATING PREPAGATI (JobID: 63bd3a0e-cff2-4eb9-9122-f9262b00abb8)
 - New and modified: 0

[21/May/2023:03:50:38] DELETING PREPAGATI (JobID: 63bd3a0e-cff2-4eb9-9122-f9262b00abb8)
 - Deleted: 0

[21/May/2023:04:00:04] UPDATING ACCOUNTS (JobID: faf324b5-22c8-4543-9198-7aa20cab5f45)
 - New and modified: 0

[21/May/2023:04:00:04] DELETING ACCOUNTS (JobID: faf324b5-22c8-4543-9198-7aa20cab5f45)
 - Deleted: 0

[21/May/2023:04:00:36] UPDATING PRODUCTS (JobID: 7bfb0a1f-1007-4bde-aab0-38fe3e9ad20f)
 - New and modified: 0

[21/May/2023:04:00:38] UPDATING PREPAGATI (JobID: c87989f0-c59d-490f-b496-5236fab9bc36)
 - New and modified: 0

[21/May/2023:04:00:38] DELETING PREPAGATI (JobID: c87989f0-c59d-490f-b496-5236fab9bc36)
 - Deleted: 0

[21/May/2023:04:10:04] UPDATING ACCOUNTS (JobID: 298628a7-c5d6-4f55-8186-26484661ff6f)
 - New and modified: 0

[21/May/2023:04:10:04] DELETING ACCOUNTS (JobID: 298628a7-c5d6-4f55-8186-26484661ff6f)
 - Deleted: 0

[21/May/2023:04:10:37] UPDATING PRODUCTS (JobID: 48424975-0865-4590-ad95-8f9814cdde10)
 - New and modified: 0

[21/May/2023:04:10:38] UPDATING PREPAGATI (JobID: ca79a811-2315-4e54-abb3-a6a2032136e8)
 - New and modified: 0

[21/May/2023:04:10:38] DELETING PREPAGATI (JobID: ca79a811-2315-4e54-abb3-a6a2032136e8)
 - Deleted: 0

[21/May/2023:04:20:04] UPDATING ACCOUNTS (JobID: d397780c-c861-4e62-831a-46cf92034b14)
 - New and modified: 0

[21/May/2023:04:20:04] DELETING ACCOUNTS (JobID: d397780c-c861-4e62-831a-46cf92034b14)
 - Deleted: 0

[21/May/2023:04:20:36] UPDATING PRODUCTS (JobID: 7b3f9075-0f13-460b-8c28-adf2278171d3)
 - New and modified: 0

[21/May/2023:04:20:37] UPDATING PREPAGATI (JobID: 8cbaa2be-68f6-4f23-8495-8999e4c68b2a)
 - New and modified: 0

[21/May/2023:04:20:37] DELETING PREPAGATI (JobID: 8cbaa2be-68f6-4f23-8495-8999e4c68b2a)
 - Deleted: 0

[21/May/2023:04:30:05] UPDATING ACCOUNTS (JobID: 2511ecd2-5d35-41a0-b106-e4e1f4fde25d)
 - New and modified: 0

[21/May/2023:04:30:05] DELETING ACCOUNTS (JobID: 2511ecd2-5d35-41a0-b106-e4e1f4fde25d)
 - Deleted: 0

[21/May/2023:04:30:38] UPDATING PRODUCTS (JobID: c2ec899e-c9bb-4fe5-a144-3770bb23b2a9)
 - New and modified: 0

[21/May/2023:04:30:40] UPDATING PREPAGATI (JobID: 372aed45-6efd-4955-a21f-e114f8609072)
 - New and modified: 0

[21/May/2023:04:30:40] DELETING PREPAGATI (JobID: 372aed45-6efd-4955-a21f-e114f8609072)
 - Deleted: 0

[21/May/2023:04:40:04] UPDATING ACCOUNTS (JobID: 2a54d765-1c4f-4a07-a6b6-7a5390137a13)
 - New and modified: 0

[21/May/2023:04:40:04] DELETING ACCOUNTS (JobID: 2a54d765-1c4f-4a07-a6b6-7a5390137a13)
 - Deleted: 0

[21/May/2023:04:40:36] UPDATING PRODUCTS (JobID: 8599fed4-e623-430f-9cc0-22b00d0584e2)
 - New and modified: 0

[21/May/2023:04:40:38] UPDATING PREPAGATI (JobID: dec7feab-f918-462f-8dee-c44a53f14e31)
 - New and modified: 0

[21/May/2023:04:40:38] DELETING PREPAGATI (JobID: dec7feab-f918-462f-8dee-c44a53f14e31)
 - Deleted: 0

[21/May/2023:04:50:04] UPDATING ACCOUNTS (JobID: accd7dd5-e780-4df6-9a1b-194daa0b8f3f)
 - New and modified: 0

[21/May/2023:04:50:04] DELETING ACCOUNTS (JobID: accd7dd5-e780-4df6-9a1b-194daa0b8f3f)
 - Deleted: 0

[21/May/2023:04:50:36] UPDATING PRODUCTS (JobID: 4b1aa0bd-1f12-49c6-b613-bfc2f954f2b4)
 - New and modified: 0

[21/May/2023:04:50:38] UPDATING PREPAGATI (JobID: eb1d1860-1ebb-492a-a5a3-f33a70517baf)
 - New and modified: 0

[21/May/2023:04:50:38] DELETING PREPAGATI (JobID: eb1d1860-1ebb-492a-a5a3-f33a70517baf)
 - Deleted: 0

[21/May/2023:05:00:03] UPDATING ACCOUNTS (JobID: abc8147b-c70d-431d-938f-8e15a4e2f279)
 - New and modified: 0

[21/May/2023:05:00:03] DELETING ACCOUNTS (JobID: abc8147b-c70d-431d-938f-8e15a4e2f279)
 - Deleted: 0

[21/May/2023:05:00:35] UPDATING PRODUCTS (JobID: 84cb2645-7ef0-46c0-b3a2-b26275af0dca)
 - New and modified: 0

[21/May/2023:05:00:37] UPDATING PREPAGATI (JobID: 5ad13f2e-e5a1-43ed-b9c8-5b84a783f704)
 - New and modified: 0

[21/May/2023:05:00:37] DELETING PREPAGATI (JobID: 5ad13f2e-e5a1-43ed-b9c8-5b84a783f704)
 - Deleted: 0

[21/May/2023:05:10:04] UPDATING ACCOUNTS (JobID: 1acc5c4c-0751-4df2-953d-a876e34789cc)
 - New and modified: 0

[21/May/2023:05:10:04] DELETING ACCOUNTS (JobID: 1acc5c4c-0751-4df2-953d-a876e34789cc)
 - Deleted: 0

[21/May/2023:05:10:37] UPDATING PRODUCTS (JobID: f0b0b259-187a-4760-a0b5-875f5d531068)
 - New and modified: 0

[21/May/2023:05:10:39] UPDATING PREPAGATI (JobID: 8d9ed2ea-cd4d-4ac8-8bd1-0637a3162dec)
 - New and modified: 0

[21/May/2023:05:10:39] DELETING PREPAGATI (JobID: 8d9ed2ea-cd4d-4ac8-8bd1-0637a3162dec)
 - Deleted: 0

[21/May/2023:05:20:04] UPDATING ACCOUNTS (JobID: b2611da5-f576-42b9-932a-d5675915bcca)
 - New and modified: 0

[21/May/2023:05:20:04] DELETING ACCOUNTS (JobID: b2611da5-f576-42b9-932a-d5675915bcca)
 - Deleted: 0

[21/May/2023:05:20:37] UPDATING PRODUCTS (JobID: fe593e11-cd81-4d46-a9a5-bfb6d6ddd70e)
 - New and modified: 0

[21/May/2023:05:20:38] UPDATING PREPAGATI (JobID: 2b3c360d-5a65-451d-b746-df17a522c024)
 - New and modified: 0

[21/May/2023:05:20:38] DELETING PREPAGATI (JobID: 2b3c360d-5a65-451d-b746-df17a522c024)
 - Deleted: 0

[21/May/2023:05:30:04] UPDATING ACCOUNTS (JobID: d052901c-4aaa-47f0-a51e-9f26a5bd8000)
 - New and modified: 0

[21/May/2023:05:30:04] DELETING ACCOUNTS (JobID: d052901c-4aaa-47f0-a51e-9f26a5bd8000)
 - Deleted: 0

[21/May/2023:05:30:36] UPDATING PRODUCTS (JobID: 759bc074-3454-4795-ab89-c64d0ac635ed)
 - New and modified: 0

[21/May/2023:05:30:38] UPDATING PREPAGATI (JobID: c3c33198-65af-4100-97b9-d23e47ecc1d9)
 - New and modified: 0

[21/May/2023:05:30:38] DELETING PREPAGATI (JobID: c3c33198-65af-4100-97b9-d23e47ecc1d9)
 - Deleted: 0

[21/May/2023:05:40:04] UPDATING ACCOUNTS (JobID: 2ce23ffa-ec69-4e55-83bd-8362402c01b0)
 - New and modified: 0

[21/May/2023:05:40:04] DELETING ACCOUNTS (JobID: 2ce23ffa-ec69-4e55-83bd-8362402c01b0)
 - Deleted: 0

[21/May/2023:05:40:36] UPDATING PRODUCTS (JobID: de43c655-cf6e-4d89-b4d7-f1109bc86c47)
 - New and modified: 0

[21/May/2023:05:40:38] UPDATING PREPAGATI (JobID: 312c5545-a51f-4af4-ad77-13871a116a2f)
 - New and modified: 0

[21/May/2023:05:40:38] DELETING PREPAGATI (JobID: 312c5545-a51f-4af4-ad77-13871a116a2f)
 - Deleted: 0

[21/May/2023:05:50:04] UPDATING ACCOUNTS (JobID: a74aa912-9884-4371-b49a-720ec4184a09)
 - New and modified: 0

[21/May/2023:05:50:04] DELETING ACCOUNTS (JobID: a74aa912-9884-4371-b49a-720ec4184a09)
 - Deleted: 0

[21/May/2023:05:50:36] UPDATING PRODUCTS (JobID: f70faa9e-7fd6-4ed8-b0da-ac0c241310f2)
 - New and modified: 0

[21/May/2023:05:50:38] UPDATING PREPAGATI (JobID: c451ee6a-f11e-4192-a46f-48dbc5848028)
 - New and modified: 0

[21/May/2023:05:50:38] DELETING PREPAGATI (JobID: c451ee6a-f11e-4192-a46f-48dbc5848028)
 - Deleted: 0

[21/May/2023:06:00:04] UPDATING ACCOUNTS (JobID: dcd56a7b-78f9-4580-969f-67e44d59ef77)
 - New and modified: 0

[21/May/2023:06:00:04] DELETING ACCOUNTS (JobID: dcd56a7b-78f9-4580-969f-67e44d59ef77)
 - Deleted: 0

[21/May/2023:06:00:36] UPDATING PRODUCTS (JobID: 18963c93-3c63-43d5-887d-f18213bd91b6)
 - New and modified: 0

[21/May/2023:06:00:38] UPDATING PREPAGATI (JobID: e20957e1-3224-4fa4-addf-02097130459b)
 - New and modified: 0

[21/May/2023:06:00:38] DELETING PREPAGATI (JobID: e20957e1-3224-4fa4-addf-02097130459b)
 - Deleted: 0

[21/May/2023:06:10:04] UPDATING ACCOUNTS (JobID: bc13931d-039b-401f-b74e-d8730261a34e)
 - New and modified: 0

[21/May/2023:06:10:04] DELETING ACCOUNTS (JobID: bc13931d-039b-401f-b74e-d8730261a34e)
 - Deleted: 0

[21/May/2023:06:10:37] UPDATING PRODUCTS (JobID: 808ed468-36e4-4d15-ac3d-57053a51aa8a)
 - New and modified: 0

[21/May/2023:06:10:39] UPDATING PREPAGATI (JobID: 6d6b46c3-0c2f-4d32-90ec-fce5b42e0c67)
 - New and modified: 0

[21/May/2023:06:10:39] DELETING PREPAGATI (JobID: 6d6b46c3-0c2f-4d32-90ec-fce5b42e0c67)
 - Deleted: 0

[21/May/2023:06:20:04] UPDATING ACCOUNTS (JobID: 15338c30-323e-419f-b2c7-9967e3b08b00)
 - New and modified: 0

[21/May/2023:06:20:04] DELETING ACCOUNTS (JobID: 15338c30-323e-419f-b2c7-9967e3b08b00)
 - Deleted: 0

[21/May/2023:06:20:35] UPDATING PRODUCTS (JobID: 99432d54-e1a1-42d7-9fc5-c88c1aae41ae)
 - New and modified: 0

[21/May/2023:06:20:36] UPDATING PREPAGATI (JobID: 92e895c3-5ef9-431b-924b-1deeab31220f)
 - New and modified: 0

[21/May/2023:06:20:36] DELETING PREPAGATI (JobID: 92e895c3-5ef9-431b-924b-1deeab31220f)
 - Deleted: 0

[21/May/2023:06:30:04] UPDATING ACCOUNTS (JobID: 00bbdc58-0880-408a-ae8e-e1f9c59b4558)
 - New and modified: 0

[21/May/2023:06:30:04] DELETING ACCOUNTS (JobID: 00bbdc58-0880-408a-ae8e-e1f9c59b4558)
 - Deleted: 0

[21/May/2023:06:30:37] UPDATING PRODUCTS (JobID: 4d1d7618-699d-4c6d-817e-63b559336ff0)
 - New and modified: 0

[21/May/2023:06:30:39] UPDATING PREPAGATI (JobID: 09090a82-0ac7-4a02-b8a2-ad6b417e265a)
 - New and modified: 0

[21/May/2023:06:30:39] DELETING PREPAGATI (JobID: 09090a82-0ac7-4a02-b8a2-ad6b417e265a)
 - Deleted: 0

[21/May/2023:06:40:03] UPDATING ACCOUNTS (JobID: 52649f00-fd1e-4402-935d-50f0eb006ee0)
 - New and modified: 0

[21/May/2023:06:40:03] DELETING ACCOUNTS (JobID: 52649f00-fd1e-4402-935d-50f0eb006ee0)
 - Deleted: 0

[21/May/2023:06:40:34] UPDATING PRODUCTS (JobID: af7fc683-9780-4d71-b2e1-197273961427)
 - New and modified: 0

[21/May/2023:06:40:35] UPDATING PREPAGATI (JobID: e654178b-404f-4f07-8bd7-0e31e256f7b6)
 - New and modified: 0

[21/May/2023:06:40:35] DELETING PREPAGATI (JobID: e654178b-404f-4f07-8bd7-0e31e256f7b6)
 - Deleted: 0

[21/May/2023:06:50:04] UPDATING ACCOUNTS (JobID: 22382903-7202-4cee-9bf7-b18225a1c015)
 - New and modified: 0

[21/May/2023:06:50:04] DELETING ACCOUNTS (JobID: 22382903-7202-4cee-9bf7-b18225a1c015)
 - Deleted: 0

[21/May/2023:06:50:35] UPDATING PRODUCTS (JobID: 1b59b2db-07fe-41c7-9c84-48a609fa9580)
 - New and modified: 0

[21/May/2023:06:50:37] UPDATING PREPAGATI (JobID: 86a36d0f-51ea-4b1e-911d-92b516582e7a)
 - New and modified: 0

[21/May/2023:06:50:37] DELETING PREPAGATI (JobID: 86a36d0f-51ea-4b1e-911d-92b516582e7a)
 - Deleted: 0

[21/May/2023:07:00:04] UPDATING ACCOUNTS (JobID: f033165f-623c-48ef-ba64-56c3c0a2a3f0)
 - New and modified: 0

[21/May/2023:07:00:04] DELETING ACCOUNTS (JobID: f033165f-623c-48ef-ba64-56c3c0a2a3f0)
 - Deleted: 0

[21/May/2023:07:00:36] UPDATING PRODUCTS (JobID: e6a58e10-7790-435b-a929-a0ffe0cf0b1a)
 - New and modified: 0

[21/May/2023:07:00:37] UPDATING PREPAGATI (JobID: d8d244e4-aff7-4c74-b6d9-245b1d419f67)
 - New and modified: 0

[21/May/2023:07:00:37] DELETING PREPAGATI (JobID: d8d244e4-aff7-4c74-b6d9-245b1d419f67)
 - Deleted: 0

[21/May/2023:07:10:04] UPDATING ACCOUNTS (JobID: f63ffe02-e944-4717-b847-17ff3c5afeb3)
 - New and modified: 0

[21/May/2023:07:10:04] DELETING ACCOUNTS (JobID: f63ffe02-e944-4717-b847-17ff3c5afeb3)
 - Deleted: 0

[21/May/2023:07:10:38] UPDATING PRODUCTS (JobID: 13dc4bd1-4414-4907-b9cf-8a6c0b3539b8)
 - New and modified: 0

[21/May/2023:07:10:40] UPDATING PREPAGATI (JobID: dfe03e3c-5aa2-46bc-95a7-13c203ef321f)
 - New and modified: 0

[21/May/2023:07:10:40] DELETING PREPAGATI (JobID: dfe03e3c-5aa2-46bc-95a7-13c203ef321f)
 - Deleted: 0

[21/May/2023:07:20:04] UPDATING ACCOUNTS (JobID: 2166d31c-0a03-457e-b813-eb7311c173d7)
 - New and modified: 0

[21/May/2023:07:20:04] DELETING ACCOUNTS (JobID: 2166d31c-0a03-457e-b813-eb7311c173d7)
 - Deleted: 0

[21/May/2023:07:20:38] UPDATING PRODUCTS (JobID: 8756c7af-b1b1-44a3-bc60-b8c216a0263e)
 - New and modified: 0

[21/May/2023:07:20:40] UPDATING PREPAGATI (JobID: 646e8729-258f-4547-85b7-1a524a834c58)
 - New and modified: 0

[21/May/2023:07:20:40] DELETING PREPAGATI (JobID: 646e8729-258f-4547-85b7-1a524a834c58)
 - Deleted: 0

[21/May/2023:07:30:05] UPDATING ACCOUNTS (JobID: fa1c79c7-dfb8-4338-b920-4d6772dda6f0)
 - New and modified: 0

[21/May/2023:07:30:05] DELETING ACCOUNTS (JobID: fa1c79c7-dfb8-4338-b920-4d6772dda6f0)
 - Deleted: 0

[21/May/2023:07:30:40] UPDATING PRODUCTS (JobID: 956271f7-c2ce-4d04-919a-723be99da2d4)
 - New and modified: 0

[21/May/2023:07:30:42] UPDATING PREPAGATI (JobID: 908759bc-dcd1-4df5-8840-3fb71a8c7a6a)
 - New and modified: 0

[21/May/2023:07:30:42] DELETING PREPAGATI (JobID: 908759bc-dcd1-4df5-8840-3fb71a8c7a6a)
 - Deleted: 0

[21/May/2023:07:40:04] UPDATING ACCOUNTS (JobID: 8b29142c-b892-416b-be45-141426c8dd6a)
 - New and modified: 0

[21/May/2023:07:40:04] DELETING ACCOUNTS (JobID: 8b29142c-b892-416b-be45-141426c8dd6a)
 - Deleted: 0

[21/May/2023:07:40:40] UPDATING PRODUCTS (JobID: 794ed475-88a3-4115-b5da-a09230c3a820)
 - New and modified: 0

[21/May/2023:07:40:42] UPDATING PREPAGATI (JobID: aa9ef6b3-2117-4223-9eed-5a49758b6fff)
 - New and modified: 0

[21/May/2023:07:40:42] DELETING PREPAGATI (JobID: aa9ef6b3-2117-4223-9eed-5a49758b6fff)
 - Deleted: 0

[21/May/2023:07:50:04] UPDATING ACCOUNTS (JobID: bfc47910-1f37-48b6-a53e-bfdfde4365c1)
 - New and modified: 0

[21/May/2023:07:50:04] DELETING ACCOUNTS (JobID: bfc47910-1f37-48b6-a53e-bfdfde4365c1)
 - Deleted: 0

[21/May/2023:07:50:40] UPDATING PRODUCTS (JobID: 2d2f1c49-ddfe-44ab-8733-b33068200ce0)
 - New and modified: 0

[21/May/2023:07:50:43] UPDATING PREPAGATI (JobID: e6720f00-2228-4fef-871d-a2c611ba1fdb)
 - New and modified: 0

[21/May/2023:07:50:43] DELETING PREPAGATI (JobID: e6720f00-2228-4fef-871d-a2c611ba1fdb)
 - Deleted: 0

[21/May/2023:08:00:05] UPDATING ACCOUNTS (JobID: 3afe2c4e-3125-4f42-ada5-9d7287e1a12e)
 - New and modified: 0

[21/May/2023:08:00:05] DELETING ACCOUNTS (JobID: 3afe2c4e-3125-4f42-ada5-9d7287e1a12e)
 - Deleted: 0

[21/May/2023:08:00:41] UPDATING PRODUCTS (JobID: 6cf54c5e-2bd2-4c4c-863c-7bec0741935a)
 - New and modified: 0

[21/May/2023:08:00:43] UPDATING PREPAGATI (JobID: 2b702f53-0b57-45ab-aa53-f5991f00261c)
 - New and modified: 0

[21/May/2023:08:00:43] DELETING PREPAGATI (JobID: 2b702f53-0b57-45ab-aa53-f5991f00261c)
 - Deleted: 0

[21/May/2023:08:10:04] UPDATING ACCOUNTS (JobID: 8d1b0d5e-e3a1-4bc1-80cb-53f3bcc7ad05)
 - New and modified: 0

[21/May/2023:08:10:04] DELETING ACCOUNTS (JobID: 8d1b0d5e-e3a1-4bc1-80cb-53f3bcc7ad05)
 - Deleted: 0

[21/May/2023:08:10:38] UPDATING PRODUCTS (JobID: 4bf6d2f6-f460-4aae-b2a0-bfd199ed67b9)
 - New and modified: 0

[21/May/2023:08:10:40] UPDATING PREPAGATI (JobID: d9465e4d-548a-410d-a80d-7d3f18f4d8ae)
 - New and modified: 0

[21/May/2023:08:10:40] DELETING PREPAGATI (JobID: d9465e4d-548a-410d-a80d-7d3f18f4d8ae)
 - Deleted: 0

[21/May/2023:08:20:04] UPDATING ACCOUNTS (JobID: ce159ce9-d641-47fc-9bbb-af90c3422449)
 - New and modified: 0

[21/May/2023:08:20:04] DELETING ACCOUNTS (JobID: ce159ce9-d641-47fc-9bbb-af90c3422449)
 - Deleted: 0

[21/May/2023:08:20:41] UPDATING PRODUCTS (JobID: cd1b2e08-f38b-433d-9ea3-edf2910688e0)
 - New and modified: 0

[21/May/2023:08:20:43] UPDATING PREPAGATI (JobID: 628ca4f7-ad98-408b-8b7e-75752a48aa20)
 - New and modified: 0

[21/May/2023:08:20:43] DELETING PREPAGATI (JobID: 628ca4f7-ad98-408b-8b7e-75752a48aa20)
 - Deleted: 0

[21/May/2023:08:30:04] UPDATING ACCOUNTS (JobID: c7b9cda3-0522-41a2-ac4e-1ad4097bf70c)
 - New and modified: 0

[21/May/2023:08:30:04] DELETING ACCOUNTS (JobID: c7b9cda3-0522-41a2-ac4e-1ad4097bf70c)
 - Deleted: 0

[21/May/2023:08:30:41] UPDATING PRODUCTS (JobID: a86ef15b-f362-40a8-8d0d-baf93ca8420a)
 - New and modified: 0

[21/May/2023:08:30:43] UPDATING PREPAGATI (JobID: ce7a4766-29ba-4e51-a93a-d471864ee07d)
 - New and modified: 0

[21/May/2023:08:30:43] DELETING PREPAGATI (JobID: ce7a4766-29ba-4e51-a93a-d471864ee07d)
 - Deleted: 0

[21/May/2023:08:40:04] UPDATING ACCOUNTS (JobID: 05da6a9f-e190-4c14-8b0c-9012a427092f)
 - New and modified: 0

[21/May/2023:08:40:04] DELETING ACCOUNTS (JobID: 05da6a9f-e190-4c14-8b0c-9012a427092f)
 - Deleted: 0

[21/May/2023:08:40:40] UPDATING PRODUCTS (JobID: f90c4409-4dbb-413d-87bf-68a6c6c57179)
 - New and modified: 0

[21/May/2023:08:40:42] UPDATING PREPAGATI (JobID: fc1ebfbf-116e-4fd0-8790-9f6fce81724b)
 - New and modified: 0

[21/May/2023:08:40:42] DELETING PREPAGATI (JobID: fc1ebfbf-116e-4fd0-8790-9f6fce81724b)
 - Deleted: 0

[21/May/2023:08:50:09] UPDATING ACCOUNTS (JobID: 36c99460-d0c4-44bb-8d17-d0f9acd6a1f3)
 - New and modified: 0

[21/May/2023:08:50:09] DELETING ACCOUNTS (JobID: 36c99460-d0c4-44bb-8d17-d0f9acd6a1f3)
 - Deleted: 0

[21/May/2023:08:50:46] UPDATING PRODUCTS (JobID: 5700a0d9-a83c-4943-b7c4-1fcdea039c07)
 - New and modified: 0

[21/May/2023:08:50:49] UPDATING PREPAGATI (JobID: fb36e3c1-dccc-458c-acbc-46a6a97dc8c8)
 - New and modified: 0

[21/May/2023:08:50:49] DELETING PREPAGATI (JobID: fb36e3c1-dccc-458c-acbc-46a6a97dc8c8)
 - Deleted: 0

[21/May/2023:09:00:06] UPDATING ACCOUNTS (JobID: 72fe5189-7d13-4002-9eb5-16d2a1d84068)
 - New and modified: 0

[21/May/2023:09:00:06] DELETING ACCOUNTS (JobID: 72fe5189-7d13-4002-9eb5-16d2a1d84068)
 - Deleted: 0

[21/May/2023:09:00:44] UPDATING PRODUCTS (JobID: ddf8f421-8187-4042-a71a-7e21c1a23887)
 - New and modified: 0

[21/May/2023:09:00:46] UPDATING PREPAGATI (JobID: ba29a90e-7396-44b0-af62-51497c53e0e3)
 - New and modified: 0

[21/May/2023:09:00:46] DELETING PREPAGATI (JobID: ba29a90e-7396-44b0-af62-51497c53e0e3)
 - Deleted: 0

[21/May/2023:09:10:04] UPDATING ACCOUNTS (JobID: 38218f20-c114-4b75-9103-b5f2a7caed6c)
 - New and modified: 0

[21/May/2023:09:10:04] DELETING ACCOUNTS (JobID: 38218f20-c114-4b75-9103-b5f2a7caed6c)
 - Deleted: 0

[21/May/2023:09:10:39] UPDATING PRODUCTS (JobID: 191d26a7-1ca4-476b-89b1-21dfcd0e76c6)
 - New and modified: 0

[21/May/2023:09:10:41] UPDATING PREPAGATI (JobID: c667be37-d920-40b4-afe1-063c9cd0b106)
 - New and modified: 0

[21/May/2023:09:10:41] DELETING PREPAGATI (JobID: c667be37-d920-40b4-afe1-063c9cd0b106)
 - Deleted: 0

[21/May/2023:09:20:04] UPDATING ACCOUNTS (JobID: c00d79f0-1b5c-4a9e-aea1-52aff3ec89fe)
 - New and modified: 0

[21/May/2023:09:20:04] DELETING ACCOUNTS (JobID: c00d79f0-1b5c-4a9e-aea1-52aff3ec89fe)
 - Deleted: 0

[21/May/2023:09:20:38] UPDATING PRODUCTS (JobID: 07e6632f-6d45-4ac2-a1c7-ec91d70fcbd2)
 - New and modified: 0

[21/May/2023:09:20:40] UPDATING PREPAGATI (JobID: be72cadb-aa71-474a-bb6b-2ffd12cb31bc)
 - New and modified: 0

[21/May/2023:09:20:40] DELETING PREPAGATI (JobID: be72cadb-aa71-474a-bb6b-2ffd12cb31bc)
 - Deleted: 0

[21/May/2023:09:30:04] UPDATING ACCOUNTS (JobID: be6ca776-722f-47dc-a1fb-69c9d5e13106)
 - New and modified: 0

[21/May/2023:09:30:04] DELETING ACCOUNTS (JobID: be6ca776-722f-47dc-a1fb-69c9d5e13106)
 - Deleted: 0

[21/May/2023:09:30:38] UPDATING PRODUCTS (JobID: 8e2b4d01-e31d-4624-aa4c-ba2b6d6f03ef)
 - New and modified: 0

[21/May/2023:09:30:40] UPDATING PREPAGATI (JobID: 22354df0-1a80-4d45-809f-1dcdc669a2cd)
 - New and modified: 0

[21/May/2023:09:30:40] DELETING PREPAGATI (JobID: 22354df0-1a80-4d45-809f-1dcdc669a2cd)
 - Deleted: 0

[21/May/2023:09:40:04] UPDATING ACCOUNTS (JobID: bacc2b52-5517-4a4a-a9e8-3237042aa939)
 - New and modified: 0

[21/May/2023:09:40:04] DELETING ACCOUNTS (JobID: bacc2b52-5517-4a4a-a9e8-3237042aa939)
 - Deleted: 0

[21/May/2023:09:40:38] UPDATING PRODUCTS (JobID: 6da72d57-cbb5-4e51-ad71-11784ab0866e)
 - New and modified: 0

[21/May/2023:09:40:40] UPDATING PREPAGATI (JobID: c32d38b9-88f2-45ba-8249-7fb1257dbaa6)
 - New and modified: 0

[21/May/2023:09:40:40] DELETING PREPAGATI (JobID: c32d38b9-88f2-45ba-8249-7fb1257dbaa6)
 - Deleted: 0

[21/May/2023:09:50:04] UPDATING ACCOUNTS (JobID: bb613a8a-89be-414b-9ea4-716cd8155aea)
 - New and modified: 0

[21/May/2023:09:50:04] DELETING ACCOUNTS (JobID: bb613a8a-89be-414b-9ea4-716cd8155aea)
 - Deleted: 0

[21/May/2023:09:50:41] UPDATING PRODUCTS (JobID: 9e26132a-29dc-4ea6-b02c-9a7113a1d19e)
 - New and modified: 0

[21/May/2023:09:50:43] UPDATING PREPAGATI (JobID: 814b9f9b-27b8-4c29-9983-67a6eeb52987)
 - New and modified: 0

[21/May/2023:09:50:43] DELETING PREPAGATI (JobID: 814b9f9b-27b8-4c29-9983-67a6eeb52987)
 - Deleted: 0

[21/May/2023:10:00:05] UPDATING ACCOUNTS (JobID: 73172319-323a-4a89-bdc4-797225b046fe)
 - New and modified: 0

[21/May/2023:10:00:05] DELETING ACCOUNTS (JobID: 73172319-323a-4a89-bdc4-797225b046fe)
 - Deleted: 0

[21/May/2023:10:00:43] UPDATING PRODUCTS (JobID: 68e15266-1de0-4f78-b44d-5bb8f1a83fbe)
 - New and modified: 0

[21/May/2023:10:00:44] UPDATING PREPAGATI (JobID: 7f3a99e4-f543-46b6-8eae-e0c80b7b3cc6)
 - New and modified: 0

[21/May/2023:10:00:44] DELETING PREPAGATI (JobID: 7f3a99e4-f543-46b6-8eae-e0c80b7b3cc6)
 - Deleted: 0

[21/May/2023:10:10:05] UPDATING ACCOUNTS (JobID: 0d32ef4d-2cb4-4fe8-b85d-eb4bd44ef6f0)
 - New and modified: 0

[21/May/2023:10:10:05] DELETING ACCOUNTS (JobID: 0d32ef4d-2cb4-4fe8-b85d-eb4bd44ef6f0)
 - Deleted: 0

[21/May/2023:10:10:38] UPDATING PRODUCTS (JobID: 07c0f584-1972-4039-8856-41c84f9c16e9)
 - New and modified: 0

[21/May/2023:10:10:41] UPDATING PREPAGATI (JobID: 04a59111-8962-4470-83e7-c6ee44d40885)
 - New and modified: 0

[21/May/2023:10:10:41] DELETING PREPAGATI (JobID: 04a59111-8962-4470-83e7-c6ee44d40885)
 - Deleted: 0

[21/May/2023:10:20:04] UPDATING ACCOUNTS (JobID: 8eef27d2-f6d4-4fdb-90bd-7b6dead26f54)
 - New and modified: 0

[21/May/2023:10:20:04] DELETING ACCOUNTS (JobID: 8eef27d2-f6d4-4fdb-90bd-7b6dead26f54)
 - Deleted: 0

[21/May/2023:10:20:39] UPDATING PRODUCTS (JobID: a28bfd18-ccd5-45ff-b7f5-4de104913f7b)
 - New and modified: 0

[21/May/2023:10:20:40] UPDATING PREPAGATI (JobID: 4460390e-a3ee-4020-88ac-08acb7fbef4d)
 - New and modified: 0

[21/May/2023:10:20:40] DELETING PREPAGATI (JobID: 4460390e-a3ee-4020-88ac-08acb7fbef4d)
 - Deleted: 0

[21/May/2023:10:30:05] UPDATING ACCOUNTS (JobID: 0adcccba-79d0-4187-a141-90b31060c051)
 - New and modified: 0

[21/May/2023:10:30:05] DELETING ACCOUNTS (JobID: 0adcccba-79d0-4187-a141-90b31060c051)
 - Deleted: 0

[21/May/2023:10:30:40] UPDATING PRODUCTS (JobID: 9f7a352b-d563-4a3d-903b-3e9edf9ff065)
 - New and modified: 0

[21/May/2023:10:30:42] UPDATING PREPAGATI (JobID: bf9ca9e2-0a49-4388-a8f3-ae18d4a1f69a)
 - New and modified: 0

[21/May/2023:10:30:42] DELETING PREPAGATI (JobID: bf9ca9e2-0a49-4388-a8f3-ae18d4a1f69a)
 - Deleted: 0

[21/May/2023:10:40:04] UPDATING ACCOUNTS (JobID: 1c2ca9f1-7ead-4cd8-827f-e3e753ce24f2)
 - New and modified: 0

[21/May/2023:10:40:04] DELETING ACCOUNTS (JobID: 1c2ca9f1-7ead-4cd8-827f-e3e753ce24f2)
 - Deleted: 0

[21/May/2023:10:40:37] UPDATING PRODUCTS (JobID: 1fbe3dbe-288b-429a-998b-f7ced4a15a09)
 - New and modified: 0

[21/May/2023:10:40:39] UPDATING PREPAGATI (JobID: 9b562bbd-c139-40e6-ace7-db944693ee60)
 - New and modified: 0

[21/May/2023:10:40:39] DELETING PREPAGATI (JobID: 9b562bbd-c139-40e6-ace7-db944693ee60)
 - Deleted: 0

[21/May/2023:10:50:05] UPDATING ACCOUNTS (JobID: 5e22d93f-e905-448d-8ea6-0646e092283e)
 - New and modified: 0

[21/May/2023:10:50:05] DELETING ACCOUNTS (JobID: 5e22d93f-e905-448d-8ea6-0646e092283e)
 - Deleted: 0

[21/May/2023:10:50:38] UPDATING PRODUCTS (JobID: 9f701af5-fbc7-4f71-afd9-26f835326988)
 - New and modified: 0

[21/May/2023:10:50:39] UPDATING PREPAGATI (JobID: 6181daf0-286d-4aaa-b6e1-6daba1c642ae)
 - New and modified: 0

[21/May/2023:10:50:39] DELETING PREPAGATI (JobID: 6181daf0-286d-4aaa-b6e1-6daba1c642ae)
 - Deleted: 0

[21/May/2023:11:00:04] UPDATING ACCOUNTS (JobID: 64ae1054-9e01-4619-a118-aec497fae0de)
 - New and modified: 0

[21/May/2023:11:00:04] DELETING ACCOUNTS (JobID: 64ae1054-9e01-4619-a118-aec497fae0de)
 - Deleted: 0

[21/May/2023:11:00:38] UPDATING PRODUCTS (JobID: ecb6308d-7dcb-4212-ac0b-188ba9bbc404)
 - New and modified: 0

[21/May/2023:11:00:40] UPDATING PREPAGATI (JobID: c941baa4-c6e6-4335-b9f5-957fda63d8dd)
 - New and modified: 0

[21/May/2023:11:00:40] DELETING PREPAGATI (JobID: c941baa4-c6e6-4335-b9f5-957fda63d8dd)
 - Deleted: 0

[21/May/2023:11:10:04] UPDATING ACCOUNTS (JobID: 8d0c5765-007f-4783-88ff-e84a829620a9)
 - New and modified: 0

[21/May/2023:11:10:04] DELETING ACCOUNTS (JobID: 8d0c5765-007f-4783-88ff-e84a829620a9)
 - Deleted: 0

[21/May/2023:11:10:39] UPDATING PRODUCTS (JobID: 3b8549ee-b72d-404b-846b-1ac86b0a8a55)
 - New and modified: 0

[21/May/2023:11:10:41] UPDATING PREPAGATI (JobID: 6b8307a6-fe5a-4e4e-aa99-4bbfb9daf1b0)
 - New and modified: 0

[21/May/2023:11:10:41] DELETING PREPAGATI (JobID: 6b8307a6-fe5a-4e4e-aa99-4bbfb9daf1b0)
 - Deleted: 0

[21/May/2023:11:20:04] UPDATING ACCOUNTS (JobID: a94de5d5-2cb4-4323-8960-7be498dfcef9)
 - New and modified: 0

[21/May/2023:11:20:04] DELETING ACCOUNTS (JobID: a94de5d5-2cb4-4323-8960-7be498dfcef9)
 - Deleted: 0

[21/May/2023:11:20:39] UPDATING PRODUCTS (JobID: ac32888e-5053-44a2-b847-1162bc2a8850)
 - New and modified: 0

[21/May/2023:11:20:41] UPDATING PREPAGATI (JobID: 1187b5ab-fc01-496f-8bb2-496b2374caab)
 - New and modified: 0

[21/May/2023:11:20:41] DELETING PREPAGATI (JobID: 1187b5ab-fc01-496f-8bb2-496b2374caab)
 - Deleted: 0

[21/May/2023:11:30:04] UPDATING ACCOUNTS (JobID: fbc933a0-ec66-49a1-8c8f-60cce487a24c)
 - New and modified: 0

[21/May/2023:11:30:04] DELETING ACCOUNTS (JobID: fbc933a0-ec66-49a1-8c8f-60cce487a24c)
 - Deleted: 0

[21/May/2023:11:30:39] UPDATING PRODUCTS (JobID: 250b71a9-3958-4baf-b56a-78bc933064f9)
 - New and modified: 0

[21/May/2023:11:30:41] UPDATING PREPAGATI (JobID: 0c8dae9d-14c3-4f1f-ad3e-b8c3d004668a)
 - New and modified: 0

[21/May/2023:11:30:41] DELETING PREPAGATI (JobID: 0c8dae9d-14c3-4f1f-ad3e-b8c3d004668a)
 - Deleted: 0

[21/May/2023:11:40:05] UPDATING ACCOUNTS (JobID: bff05151-97b7-432d-a8cb-599aa9e8f192)
 - New and modified: 0

[21/May/2023:11:40:05] DELETING ACCOUNTS (JobID: bff05151-97b7-432d-a8cb-599aa9e8f192)
 - Deleted: 0

[21/May/2023:11:40:37] UPDATING PRODUCTS (JobID: 99138782-296a-46c8-8124-1906fef5ae8d)
 - New and modified: 0

[21/May/2023:11:40:39] UPDATING PREPAGATI (JobID: 541e23a4-8a18-42b5-9d2e-de92671b7edd)
 - New and modified: 0

[21/May/2023:11:40:39] DELETING PREPAGATI (JobID: 541e23a4-8a18-42b5-9d2e-de92671b7edd)
 - Deleted: 0

[21/May/2023:11:50:04] UPDATING ACCOUNTS (JobID: 47570422-dc90-4dba-b614-6160cfc4c68e)
 - New and modified: 0

[21/May/2023:11:50:04] DELETING ACCOUNTS (JobID: 47570422-dc90-4dba-b614-6160cfc4c68e)
 - Deleted: 0

[21/May/2023:11:50:36] UPDATING PRODUCTS (JobID: e5970e67-3720-4830-bac1-87a3bf84db59)
 - New and modified: 0

[21/May/2023:11:50:38] UPDATING PREPAGATI (JobID: d597596d-7429-41ee-90f4-d491eb8caa8a)
 - New and modified: 0

[21/May/2023:11:50:38] DELETING PREPAGATI (JobID: d597596d-7429-41ee-90f4-d491eb8caa8a)
 - Deleted: 0

[21/May/2023:12:00:04] UPDATING ACCOUNTS (JobID: 3f27d318-2af4-4677-8471-d98ae73debeb)
 - New and modified: 0

[21/May/2023:12:00:04] DELETING ACCOUNTS (JobID: 3f27d318-2af4-4677-8471-d98ae73debeb)
 - Deleted: 0

[21/May/2023:12:00:39] UPDATING PRODUCTS (JobID: 77ca81ee-8c23-4d61-b953-90483f1c282b)
 - New and modified: 0

[21/May/2023:12:00:41] UPDATING PREPAGATI (JobID: 1af3e479-46a5-49ab-ac4e-aa57486c8ca5)
 - New and modified: 0

[21/May/2023:12:00:41] DELETING PREPAGATI (JobID: 1af3e479-46a5-49ab-ac4e-aa57486c8ca5)
 - Deleted: 0

[21/May/2023:12:10:04] UPDATING ACCOUNTS (JobID: b2a4d35e-82db-43cc-9667-8a5469bb4de1)
 - New and modified: 0

[21/May/2023:12:10:04] DELETING ACCOUNTS (JobID: b2a4d35e-82db-43cc-9667-8a5469bb4de1)
 - Deleted: 0

[21/May/2023:12:10:38] UPDATING PRODUCTS (JobID: b3553e67-521f-45c3-88fb-4f09da7ad886)
 - New and modified: 0

[21/May/2023:12:10:40] UPDATING PREPAGATI (JobID: 8a997685-bd05-4eb2-ae55-0faa60095810)
 - New and modified: 0

[21/May/2023:12:10:40] DELETING PREPAGATI (JobID: 8a997685-bd05-4eb2-ae55-0faa60095810)
 - Deleted: 0

[21/May/2023:12:20:04] UPDATING ACCOUNTS (JobID: 204b27c5-cf63-4025-8051-85947c012e72)
 - New and modified: 0

[21/May/2023:12:20:04] DELETING ACCOUNTS (JobID: 204b27c5-cf63-4025-8051-85947c012e72)
 - Deleted: 0

[21/May/2023:12:20:39] UPDATING PRODUCTS (JobID: 7cd0a295-20bb-4e5b-88dc-7087653530cf)
 - New and modified: 0

[21/May/2023:12:20:40] UPDATING PREPAGATI (JobID: 803df8d2-35ab-4adf-8ce5-634f664b3cf0)
 - New and modified: 0

[21/May/2023:12:20:40] DELETING PREPAGATI (JobID: 803df8d2-35ab-4adf-8ce5-634f664b3cf0)
 - Deleted: 0

[21/May/2023:12:30:05] UPDATING ACCOUNTS (JobID: 461e3764-61a2-4d02-b422-20dd34a59d6f)
 - New and modified: 0

[21/May/2023:12:30:05] DELETING ACCOUNTS (JobID: 461e3764-61a2-4d02-b422-20dd34a59d6f)
 - Deleted: 0

[21/May/2023:12:30:40] UPDATING PRODUCTS (JobID: 9ca11807-b48e-4417-b599-eafa2881ad7d)
 - New and modified: 0

[21/May/2023:12:30:42] UPDATING PREPAGATI (JobID: 51f54cb1-f8db-4ce3-ac53-6f8724f6519c)
 - New and modified: 0

[21/May/2023:12:30:42] DELETING PREPAGATI (JobID: 51f54cb1-f8db-4ce3-ac53-6f8724f6519c)
 - Deleted: 0

[21/May/2023:12:40:04] UPDATING ACCOUNTS (JobID: bb97a4b9-0854-4737-b428-169f627ca726)
 - New and modified: 0

[21/May/2023:12:40:04] DELETING ACCOUNTS (JobID: bb97a4b9-0854-4737-b428-169f627ca726)
 - Deleted: 0

[21/May/2023:12:40:37] UPDATING PRODUCTS (JobID: eac0c06c-1531-45f8-a732-0b4d5bf77917)
 - New and modified: 0

[21/May/2023:12:40:38] UPDATING PREPAGATI (JobID: ea6759f4-c819-4ffc-8249-748255e0fc77)
 - New and modified: 0

[21/May/2023:12:40:38] DELETING PREPAGATI (JobID: ea6759f4-c819-4ffc-8249-748255e0fc77)
 - Deleted: 0

[21/May/2023:12:50:04] UPDATING ACCOUNTS (JobID: efcb0e45-1f58-4115-a647-917a269d09dd)
 - New and modified: 0

[21/May/2023:12:50:04] DELETING ACCOUNTS (JobID: efcb0e45-1f58-4115-a647-917a269d09dd)
 - Deleted: 0

[21/May/2023:12:50:38] UPDATING PRODUCTS (JobID: 72310b12-5c14-4fe0-ae85-b3ec5d49ede8)
 - New and modified: 0

[21/May/2023:12:50:39] UPDATING PREPAGATI (JobID: 208d8a56-9076-4b05-af73-95e289d6826e)
 - New and modified: 0

[21/May/2023:12:50:39] DELETING PREPAGATI (JobID: 208d8a56-9076-4b05-af73-95e289d6826e)
 - Deleted: 0

[21/May/2023:13:00:04] UPDATING ACCOUNTS (JobID: 979e7813-101e-4dbe-a5ec-bf1d1aaa6541)
 - New and modified: 0

[21/May/2023:13:00:04] DELETING ACCOUNTS (JobID: 979e7813-101e-4dbe-a5ec-bf1d1aaa6541)
 - Deleted: 0

[21/May/2023:13:00:38] UPDATING PRODUCTS (JobID: f2f89d7f-98f1-42fc-b719-bd57b5a22d8f)
 - New and modified: 0

[21/May/2023:13:00:40] UPDATING PREPAGATI (JobID: 4f6ea0f1-c568-49f5-9b6d-155300a1146c)
 - New and modified: 0

[21/May/2023:13:00:40] DELETING PREPAGATI (JobID: 4f6ea0f1-c568-49f5-9b6d-155300a1146c)
 - Deleted: 0

[21/May/2023:13:10:04] UPDATING ACCOUNTS (JobID: f4487b2a-c33c-42a0-b43a-d3b474b1bf4b)
 - New and modified: 0

[21/May/2023:13:10:04] DELETING ACCOUNTS (JobID: f4487b2a-c33c-42a0-b43a-d3b474b1bf4b)
 - Deleted: 0

[21/May/2023:13:10:38] UPDATING PRODUCTS (JobID: 886c4114-1a28-4797-8ba6-65beae156522)
 - New and modified: 0

[21/May/2023:13:10:40] UPDATING PREPAGATI (JobID: 41c4b512-1db4-4f15-b9c7-7ef610815954)
 - New and modified: 0

[21/May/2023:13:10:40] DELETING PREPAGATI (JobID: 41c4b512-1db4-4f15-b9c7-7ef610815954)
 - Deleted: 0

[21/May/2023:13:20:04] UPDATING ACCOUNTS (JobID: 2bc0dc72-befc-44e3-a685-6d2b3648ea58)
 - New and modified: 0

[21/May/2023:13:20:04] DELETING ACCOUNTS (JobID: 2bc0dc72-befc-44e3-a685-6d2b3648ea58)
 - Deleted: 0

[21/May/2023:13:20:38] UPDATING PRODUCTS (JobID: ced879ec-92f0-4e27-954a-b6fc1e61f873)
 - New and modified: 0

[21/May/2023:13:20:40] UPDATING PREPAGATI (JobID: 6a8de8cf-baf8-4582-9650-328da7b5b4c2)
 - New and modified: 0

[21/May/2023:13:20:40] DELETING PREPAGATI (JobID: 6a8de8cf-baf8-4582-9650-328da7b5b4c2)
 - Deleted: 0

[21/May/2023:13:30:05] UPDATING ACCOUNTS (JobID: 4989888b-ff6c-433b-a849-b036d1e592d7)
 - New and modified: 0

[21/May/2023:13:30:05] DELETING ACCOUNTS (JobID: 4989888b-ff6c-433b-a849-b036d1e592d7)
 - Deleted: 0

[21/May/2023:13:30:40] UPDATING PRODUCTS (JobID: 68495ceb-2237-4bb6-850a-35fe57c4d220)
 - New and modified: 0

[21/May/2023:13:30:43] UPDATING PREPAGATI (JobID: cdee3368-55e7-4fa1-bfc0-b78fa0e20d33)
 - New and modified: 0

[21/May/2023:13:30:43] DELETING PREPAGATI (JobID: cdee3368-55e7-4fa1-bfc0-b78fa0e20d33)
 - Deleted: 0

[21/May/2023:13:40:04] UPDATING ACCOUNTS (JobID: 4fbc6a66-3ee2-4c63-80b5-26ee75eef011)
 - New and modified: 0

[21/May/2023:13:40:04] DELETING ACCOUNTS (JobID: 4fbc6a66-3ee2-4c63-80b5-26ee75eef011)
 - Deleted: 0

[21/May/2023:13:40:37] UPDATING PRODUCTS (JobID: 704b26c1-7605-4d50-9ba3-2c1be112188b)
 - New and modified: 0

[21/May/2023:13:40:39] UPDATING PREPAGATI (JobID: 8ed5d604-ae2b-4657-8e76-5aed7858dd73)
 - New and modified: 0

[21/May/2023:13:40:39] DELETING PREPAGATI (JobID: 8ed5d604-ae2b-4657-8e76-5aed7858dd73)
 - Deleted: 0

[21/May/2023:13:50:04] UPDATING ACCOUNTS (JobID: a8f2e619-627e-4c8c-ae18-3fbd7c988827)
 - New and modified: 0

[21/May/2023:13:50:04] DELETING ACCOUNTS (JobID: a8f2e619-627e-4c8c-ae18-3fbd7c988827)
 - Deleted: 0

[21/May/2023:13:50:37] UPDATING PRODUCTS (JobID: 547c47a1-3744-45c9-a2cf-ee8c96c5fbfd)
 - New and modified: 0

[21/May/2023:13:50:39] UPDATING PREPAGATI (JobID: 2ffb10c8-87e0-4b4b-9ab0-4d2273116a4d)
 - New and modified: 0

[21/May/2023:13:50:39] DELETING PREPAGATI (JobID: 2ffb10c8-87e0-4b4b-9ab0-4d2273116a4d)
 - Deleted: 0

[21/May/2023:14:00:05] UPDATING ACCOUNTS (JobID: c921d418-2e56-47e5-b71a-1bd53ce3ad71)
 - New and modified: 0

[21/May/2023:14:00:05] DELETING ACCOUNTS (JobID: c921d418-2e56-47e5-b71a-1bd53ce3ad71)
 - Deleted: 0

[21/May/2023:14:00:39] UPDATING PRODUCTS (JobID: 3de65a26-561d-4376-97af-b2f9ac16ca25)
 - New and modified: 0

[21/May/2023:14:00:41] UPDATING PREPAGATI (JobID: 1dfb9288-d0af-49ba-8339-ff91e1f548cc)
 - New and modified: 0

[21/May/2023:14:00:41] DELETING PREPAGATI (JobID: 1dfb9288-d0af-49ba-8339-ff91e1f548cc)
 - Deleted: 0

[21/May/2023:14:10:04] UPDATING ACCOUNTS (JobID: d9ad81a9-00d2-4440-8215-7fdf3acbb750)
 - New and modified: 0

[21/May/2023:14:10:04] DELETING ACCOUNTS (JobID: d9ad81a9-00d2-4440-8215-7fdf3acbb750)
 - Deleted: 0

[21/May/2023:14:10:37] UPDATING PRODUCTS (JobID: 7b43c48d-61b1-4ea3-a112-90d620b88c58)
 - New and modified: 0

[21/May/2023:14:10:39] UPDATING PREPAGATI (JobID: 7766c556-3a98-40c1-931d-fb53008f7638)
 - New and modified: 0

[21/May/2023:14:10:39] DELETING PREPAGATI (JobID: 7766c556-3a98-40c1-931d-fb53008f7638)
 - Deleted: 0

[21/May/2023:14:20:04] UPDATING ACCOUNTS (JobID: bb503e27-72d2-4c83-b22d-0b91bef93477)
 - New and modified: 0

[21/May/2023:14:20:04] DELETING ACCOUNTS (JobID: bb503e27-72d2-4c83-b22d-0b91bef93477)
 - Deleted: 0

[21/May/2023:14:20:37] UPDATING PRODUCTS (JobID: 828ffb1a-cee2-4e34-8d85-be6aa2ca0fc0)
 - New and modified: 0

[21/May/2023:14:20:39] UPDATING PREPAGATI (JobID: 0b8839d2-e383-48e7-be48-06e562a07ac8)
 - New and modified: 0

[21/May/2023:14:20:39] DELETING PREPAGATI (JobID: 0b8839d2-e383-48e7-be48-06e562a07ac8)
 - Deleted: 0

[21/May/2023:14:30:04] UPDATING ACCOUNTS (JobID: f14c51a4-9b57-4675-9700-307e990bed28)
 - New and modified: 0

[21/May/2023:14:30:04] DELETING ACCOUNTS (JobID: f14c51a4-9b57-4675-9700-307e990bed28)
 - Deleted: 0

[21/May/2023:14:30:38] UPDATING PRODUCTS (JobID: 2f1ca452-4338-42f7-b6dc-a73d8e2f87c9)
 - New and modified: 0

[21/May/2023:14:30:39] UPDATING PREPAGATI (JobID: 5e395b04-ebe5-4b40-9fa0-8d4258580d31)
 - New and modified: 0

[21/May/2023:14:30:39] DELETING PREPAGATI (JobID: 5e395b04-ebe5-4b40-9fa0-8d4258580d31)
 - Deleted: 0

[21/May/2023:14:40:04] UPDATING ACCOUNTS (JobID: c95350ed-cea7-4338-a402-8a86ff75253f)
 - New and modified: 0

[21/May/2023:14:40:04] DELETING ACCOUNTS (JobID: c95350ed-cea7-4338-a402-8a86ff75253f)
 - Deleted: 0

[21/May/2023:14:40:37] UPDATING PRODUCTS (JobID: 298724dc-0d60-499e-b512-6c67e604af30)
 - New and modified: 0

[21/May/2023:14:40:39] UPDATING PREPAGATI (JobID: 615397f5-9130-41f3-9cad-6a10e2e2929f)
 - New and modified: 0

[21/May/2023:14:40:39] DELETING PREPAGATI (JobID: 615397f5-9130-41f3-9cad-6a10e2e2929f)
 - Deleted: 0

[21/May/2023:14:50:04] UPDATING ACCOUNTS (JobID: 52533db9-1a17-4c3e-857a-0da8a03b3476)
 - New and modified: 0

[21/May/2023:14:50:04] DELETING ACCOUNTS (JobID: 52533db9-1a17-4c3e-857a-0da8a03b3476)
 - Deleted: 0

[21/May/2023:14:50:36] UPDATING PRODUCTS (JobID: 087caafb-10b4-42d4-97db-de6e5adccd63)
 - New and modified: 0

[21/May/2023:14:50:38] UPDATING PREPAGATI (JobID: fb24b8bd-1d28-406b-9d3d-1588f1564053)
 - New and modified: 0

[21/May/2023:14:50:38] DELETING PREPAGATI (JobID: fb24b8bd-1d28-406b-9d3d-1588f1564053)
 - Deleted: 0

[21/May/2023:15:10:06] UPDATING ACCOUNTS (JobID: 4d035c4b-6c9d-477a-95cf-f728a1323c78)
 - New and modified: 0

[21/May/2023:15:10:06] DELETING ACCOUNTS (JobID: 4d035c4b-6c9d-477a-95cf-f728a1323c78)
 - Deleted: 0

[21/May/2023:15:10:41] UPDATING PRODUCTS (JobID: 75ba38d9-2c0a-48b5-a881-4d63863eacb0)
 - New and modified: 0

[21/May/2023:15:10:43] UPDATING PREPAGATI (JobID: f70dd26a-df11-48e0-8caa-e31d334377c1)
 - New and modified: 0

[21/May/2023:15:10:43] DELETING PREPAGATI (JobID: f70dd26a-df11-48e0-8caa-e31d334377c1)
 - Deleted: 0

[21/May/2023:15:20:06] UPDATING ACCOUNTS (JobID: 8cd80ac9-a017-456f-9f4f-b4defb8cb792)
 - New and modified: 0

[21/May/2023:15:20:06] DELETING ACCOUNTS (JobID: 8cd80ac9-a017-456f-9f4f-b4defb8cb792)
 - Deleted: 0

[21/May/2023:15:20:40] UPDATING PRODUCTS (JobID: c9716861-b0fe-4fa2-a035-a64c61eaf43f)
 - New and modified: 0

[21/May/2023:15:20:42] UPDATING PREPAGATI (JobID: 9694bc90-9026-4de9-9eeb-67094cf117a8)
 - New and modified: 0

[21/May/2023:15:20:42] DELETING PREPAGATI (JobID: 9694bc90-9026-4de9-9eeb-67094cf117a8)
 - Deleted: 0

[21/May/2023:15:30:04] UPDATING ACCOUNTS (JobID: ba3a76f3-981f-4629-b1dd-a9d8402c9f94)
 - New and modified: 0

[21/May/2023:15:30:04] DELETING ACCOUNTS (JobID: ba3a76f3-981f-4629-b1dd-a9d8402c9f94)
 - Deleted: 0

[21/May/2023:15:30:38] UPDATING PRODUCTS (JobID: 93d9a042-966e-4df1-add8-6d1b47bf09cb)
 - New and modified: 0

[21/May/2023:15:30:40] UPDATING PREPAGATI (JobID: e4042b23-8600-48b3-bd4d-c74bc36e118f)
 - New and modified: 0

[21/May/2023:15:30:40] DELETING PREPAGATI (JobID: e4042b23-8600-48b3-bd4d-c74bc36e118f)
 - Deleted: 0

[21/May/2023:15:40:04] UPDATING ACCOUNTS (JobID: 96040dfc-90a0-4fa7-ae2e-c64fbb3450a2)
 - New and modified: 0

[21/May/2023:15:40:04] DELETING ACCOUNTS (JobID: 96040dfc-90a0-4fa7-ae2e-c64fbb3450a2)
 - Deleted: 0

[21/May/2023:15:40:37] UPDATING PRODUCTS (JobID: a7f1ff44-ce8b-477c-974f-8d4a9e07bd59)
 - New and modified: 0

[21/May/2023:15:40:39] UPDATING PREPAGATI (JobID: b44c5bc5-eec8-4daf-8d1a-1557bf1afc82)
 - New and modified: 0

[21/May/2023:15:40:39] DELETING PREPAGATI (JobID: b44c5bc5-eec8-4daf-8d1a-1557bf1afc82)
 - Deleted: 0

[21/May/2023:15:50:04] UPDATING ACCOUNTS (JobID: ac05cc93-29c8-424e-aa0e-6a23639af3d4)
 - New and modified: 0

[21/May/2023:15:50:04] DELETING ACCOUNTS (JobID: ac05cc93-29c8-424e-aa0e-6a23639af3d4)
 - Deleted: 0

[21/May/2023:15:50:37] UPDATING PRODUCTS (JobID: f042a480-1d4f-42e0-8e26-6b68c5144f67)
 - New and modified: 0

[21/May/2023:15:50:38] UPDATING PREPAGATI (JobID: 90ef4936-4709-4948-8584-6c3a0356a968)
 - New and modified: 0

[21/May/2023:15:50:38] DELETING PREPAGATI (JobID: 90ef4936-4709-4948-8584-6c3a0356a968)
 - Deleted: 0

[21/May/2023:16:00:04] UPDATING ACCOUNTS (JobID: f15d1765-9797-44aa-b5f1-e590c4fc26d5)
 - New and modified: 0

[21/May/2023:16:00:04] DELETING ACCOUNTS (JobID: f15d1765-9797-44aa-b5f1-e590c4fc26d5)
 - Deleted: 0

[21/May/2023:16:00:38] UPDATING PRODUCTS (JobID: c26b3937-a717-4980-8eb7-0a5c1813bb7e)
 - New and modified: 0

[21/May/2023:16:00:40] UPDATING PREPAGATI (JobID: 455b4206-85bd-4962-bc5f-86ce3dea76cd)
 - New and modified: 0

[21/May/2023:16:00:40] DELETING PREPAGATI (JobID: 455b4206-85bd-4962-bc5f-86ce3dea76cd)
 - Deleted: 0

[21/May/2023:16:10:04] UPDATING ACCOUNTS (JobID: 0facd7d7-2056-4bcb-a0c6-b800ace1469e)
 - New and modified: 0

[21/May/2023:16:10:04] DELETING ACCOUNTS (JobID: 0facd7d7-2056-4bcb-a0c6-b800ace1469e)
 - Deleted: 0

[21/May/2023:16:10:39] UPDATING PRODUCTS (JobID: 902ede8e-2f7d-4dc3-ba8d-735a791f6018)
 - New and modified: 0

[21/May/2023:16:10:41] UPDATING PREPAGATI (JobID: 50729098-ee6a-452e-bc2a-fee268db5d30)
 - New and modified: 0

[21/May/2023:16:10:41] DELETING PREPAGATI (JobID: 50729098-ee6a-452e-bc2a-fee268db5d30)
 - Deleted: 0

[21/May/2023:16:20:04] UPDATING ACCOUNTS (JobID: b293202c-a891-4532-a1d4-12cd2787df48)
 - New and modified: 0

[21/May/2023:16:20:04] DELETING ACCOUNTS (JobID: b293202c-a891-4532-a1d4-12cd2787df48)
 - Deleted: 0

[21/May/2023:16:20:39] UPDATING PRODUCTS (JobID: b53fb6b0-c1ad-45f8-b961-919712d3c6c3)
 - New and modified: 0

[21/May/2023:16:20:41] UPDATING PREPAGATI (JobID: c3ed091d-0e7a-40f5-9aa0-9f16f98f08fa)
 - New and modified: 0

[21/May/2023:16:20:41] DELETING PREPAGATI (JobID: c3ed091d-0e7a-40f5-9aa0-9f16f98f08fa)
 - Deleted: 0

[21/May/2023:16:30:05] UPDATING ACCOUNTS (JobID: c19a6d06-0a75-42dc-906b-1c6f193b3d89)
 - New and modified: 0

[21/May/2023:16:30:05] DELETING ACCOUNTS (JobID: c19a6d06-0a75-42dc-906b-1c6f193b3d89)
 - Deleted: 0

[21/May/2023:16:30:39] UPDATING PRODUCTS (JobID: 3ac14e3d-1fd0-4e6c-b982-c2d9c76639b7)
 - New and modified: 0

[21/May/2023:16:30:41] UPDATING PREPAGATI (JobID: efaa4701-19dc-414d-bc5d-dedf82e61f3c)
 - New and modified: 0

[21/May/2023:16:30:41] DELETING PREPAGATI (JobID: efaa4701-19dc-414d-bc5d-dedf82e61f3c)
 - Deleted: 0

[21/May/2023:16:40:05] UPDATING ACCOUNTS (JobID: f0405e45-37e6-4c1b-bc39-283aa9469933)
 - New and modified: 0

[21/May/2023:16:40:05] DELETING ACCOUNTS (JobID: f0405e45-37e6-4c1b-bc39-283aa9469933)
 - Deleted: 0

[21/May/2023:16:40:37] UPDATING PRODUCTS (JobID: ee96e9e2-a3f2-4486-a7df-e7fb0fc6d8de)
 - New and modified: 0

[21/May/2023:16:40:39] UPDATING PREPAGATI (JobID: 45d5eb45-4f45-4a06-a8fc-c3295c9eb779)
 - New and modified: 0

[21/May/2023:16:40:39] DELETING PREPAGATI (JobID: 45d5eb45-4f45-4a06-a8fc-c3295c9eb779)
 - Deleted: 0

[21/May/2023:16:50:04] UPDATING ACCOUNTS (JobID: 3f63f43e-4a76-49b2-8264-90fa4103ba59)
 - New and modified: 0

[21/May/2023:16:50:04] DELETING ACCOUNTS (JobID: 3f63f43e-4a76-49b2-8264-90fa4103ba59)
 - Deleted: 0

[21/May/2023:16:50:36] UPDATING PRODUCTS (JobID: fed802f8-620c-4406-a431-e5fd727569ec)
 - New and modified: 0

[21/May/2023:16:50:38] UPDATING PREPAGATI (JobID: b48c240b-0be2-401e-a9b6-57ccb5f0a5b0)
 - New and modified: 0

[21/May/2023:16:50:38] DELETING PREPAGATI (JobID: b48c240b-0be2-401e-a9b6-57ccb5f0a5b0)
 - Deleted: 0

[21/May/2023:17:00:04] UPDATING ACCOUNTS (JobID: a257e859-4476-4b58-b536-99cdd6ee3c56)
 - New and modified: 0

[21/May/2023:17:00:04] DELETING ACCOUNTS (JobID: a257e859-4476-4b58-b536-99cdd6ee3c56)
 - Deleted: 0

[21/May/2023:17:00:38] UPDATING PRODUCTS (JobID: e5b88852-9ccf-4a5e-8c69-2ae21a3527b3)
 - New and modified: 0

[21/May/2023:17:00:40] UPDATING PREPAGATI (JobID: 485ba9b9-9103-460c-905b-68a2974380fa)
 - New and modified: 0

[21/May/2023:17:00:40] DELETING PREPAGATI (JobID: 485ba9b9-9103-460c-905b-68a2974380fa)
 - Deleted: 0

[21/May/2023:17:10:04] UPDATING ACCOUNTS (JobID: 00cdc8f7-493a-4791-ab7c-fbf026c89850)
 - New and modified: 0

[21/May/2023:17:10:04] DELETING ACCOUNTS (JobID: 00cdc8f7-493a-4791-ab7c-fbf026c89850)
 - Deleted: 0

[21/May/2023:17:10:37] UPDATING PRODUCTS (JobID: 2eb627e8-79f8-4e23-9ddf-535265b69817)
 - New and modified: 0

[21/May/2023:17:10:39] UPDATING PREPAGATI (JobID: c75eb66f-2f94-4cef-8fec-25053c92d891)
 - New and modified: 0

[21/May/2023:17:10:39] DELETING PREPAGATI (JobID: c75eb66f-2f94-4cef-8fec-25053c92d891)
 - Deleted: 0

[21/May/2023:17:20:04] UPDATING ACCOUNTS (JobID: 1315ce1b-6210-4ce1-b630-0c82f8b090b5)
 - New and modified: 0

[21/May/2023:17:20:04] DELETING ACCOUNTS (JobID: 1315ce1b-6210-4ce1-b630-0c82f8b090b5)
 - Deleted: 0

[21/May/2023:17:20:37] UPDATING PRODUCTS (JobID: 32596513-d5ae-4228-8c1f-2fd4ec9b9c8f)
 - New and modified: 0

[21/May/2023:17:20:39] UPDATING PREPAGATI (JobID: 57d03787-10b3-4621-b931-9284c28a41e3)
 - New and modified: 0

[21/May/2023:17:20:39] DELETING PREPAGATI (JobID: 57d03787-10b3-4621-b931-9284c28a41e3)
 - Deleted: 0

[21/May/2023:17:30:04] UPDATING ACCOUNTS (JobID: 5424504a-8a1d-4fcf-863e-b678078981b3)
 - New and modified: 0

[21/May/2023:17:30:04] DELETING ACCOUNTS (JobID: 5424504a-8a1d-4fcf-863e-b678078981b3)
 - Deleted: 0

[21/May/2023:17:30:36] UPDATING PRODUCTS (JobID: b5d8771e-13c3-4088-b001-ac8d07a60580)
 - New and modified: 0

[21/May/2023:17:30:38] UPDATING PREPAGATI (JobID: d9d4bcd5-35f3-4cab-85b9-97d2a237a7d2)
 - New and modified: 0

[21/May/2023:17:30:38] DELETING PREPAGATI (JobID: d9d4bcd5-35f3-4cab-85b9-97d2a237a7d2)
 - Deleted: 0

[21/May/2023:17:40:04] UPDATING ACCOUNTS (JobID: 21d212ce-4c94-4bb8-8a89-7c38ee05a4df)
 - New and modified: 0

[21/May/2023:17:40:04] DELETING ACCOUNTS (JobID: 21d212ce-4c94-4bb8-8a89-7c38ee05a4df)
 - Deleted: 0

[21/May/2023:17:40:37] UPDATING PRODUCTS (JobID: 7d205332-837a-459d-a3f8-a6ec3cf0969f)
 - New and modified: 0

[21/May/2023:17:40:38] UPDATING PREPAGATI (JobID: 68b63767-65d2-4616-85d2-16edda52889e)
 - New and modified: 0

[21/May/2023:17:40:38] DELETING PREPAGATI (JobID: 68b63767-65d2-4616-85d2-16edda52889e)
 - Deleted: 0

[21/May/2023:17:50:04] UPDATING ACCOUNTS (JobID: 2fb9d9f2-4681-4b5f-89e7-c6ca248fa82f)
 - New and modified: 0

[21/May/2023:17:50:04] DELETING ACCOUNTS (JobID: 2fb9d9f2-4681-4b5f-89e7-c6ca248fa82f)
 - Deleted: 0

[21/May/2023:17:50:37] UPDATING PRODUCTS (JobID: cb1332db-f9aa-4030-8e1a-a6c283137f89)
 - New and modified: 0

[21/May/2023:17:50:38] UPDATING PREPAGATI (JobID: c5a3d6e4-3dc0-4e6b-bc03-b392d352a078)
 - New and modified: 0

[21/May/2023:17:50:38] DELETING PREPAGATI (JobID: c5a3d6e4-3dc0-4e6b-bc03-b392d352a078)
 - Deleted: 0

[21/May/2023:18:00:06] UPDATING ACCOUNTS (JobID: 670aaae8-a6e8-4907-9ab2-97be8be56d89)
 - New and modified: 0

[21/May/2023:18:00:06] DELETING ACCOUNTS (JobID: 670aaae8-a6e8-4907-9ab2-97be8be56d89)
 - Deleted: 0

[21/May/2023:18:00:39] UPDATING PRODUCTS (JobID: a90994ec-9f6c-4db8-9e4d-1db80d8facd5)
 - New and modified: 0

[21/May/2023:18:00:41] UPDATING PREPAGATI (JobID: 65d9e257-6d30-4356-b3af-025d8bf753a2)
 - New and modified: 0

[21/May/2023:18:00:41] DELETING PREPAGATI (JobID: 65d9e257-6d30-4356-b3af-025d8bf753a2)
 - Deleted: 0

[21/May/2023:18:10:04] UPDATING ACCOUNTS (JobID: 943e9437-41ef-443f-b4c0-240be703d305)
 - New and modified: 0

[21/May/2023:18:10:04] DELETING ACCOUNTS (JobID: 943e9437-41ef-443f-b4c0-240be703d305)
 - Deleted: 0

[21/May/2023:18:10:36] UPDATING PRODUCTS (JobID: 615f869e-5b0d-4f42-be91-0573acb107c8)
 - New and modified: 0

[21/May/2023:18:10:38] UPDATING PREPAGATI (JobID: 51518da6-aa34-4574-891d-98f32b001eb1)
 - New and modified: 0

[21/May/2023:18:10:38] DELETING PREPAGATI (JobID: 51518da6-aa34-4574-891d-98f32b001eb1)
 - Deleted: 0

[21/May/2023:18:20:04] UPDATING ACCOUNTS (JobID: 2983ff0b-5fbc-4cbc-be08-cf32bcb9d505)
 - New and modified: 0

[21/May/2023:18:20:04] DELETING ACCOUNTS (JobID: 2983ff0b-5fbc-4cbc-be08-cf32bcb9d505)
 - Deleted: 0

[21/May/2023:18:20:37] UPDATING PRODUCTS (JobID: c7bc1c04-9d4d-4d1c-949b-57ee0a777012)
 - New and modified: 0

[21/May/2023:18:20:38] UPDATING PREPAGATI (JobID: 7100fcd5-daa2-4356-baf1-7bca89f74445)
 - New and modified: 0

[21/May/2023:18:20:38] DELETING PREPAGATI (JobID: 7100fcd5-daa2-4356-baf1-7bca89f74445)
 - Deleted: 0

[21/May/2023:18:30:04] UPDATING ACCOUNTS (JobID: 060b0898-b823-40bb-9af3-898dd66a4717)
 - New and modified: 0

[21/May/2023:18:30:04] DELETING ACCOUNTS (JobID: 060b0898-b823-40bb-9af3-898dd66a4717)
 - Deleted: 0

[21/May/2023:18:30:37] UPDATING PRODUCTS (JobID: 4083e412-05d7-49ca-bf15-693b71901162)
 - New and modified: 0

[21/May/2023:18:30:38] UPDATING PREPAGATI (JobID: 50104d94-8973-4dde-9dba-77c921b79292)
 - New and modified: 0

[21/May/2023:18:30:38] DELETING PREPAGATI (JobID: 50104d94-8973-4dde-9dba-77c921b79292)
 - Deleted: 0

[21/May/2023:18:40:05] UPDATING ACCOUNTS (JobID: ecfee7b6-9ce2-450b-8fd8-a0e1f45aec1e)
 - New and modified: 0

[21/May/2023:18:40:05] DELETING ACCOUNTS (JobID: ecfee7b6-9ce2-450b-8fd8-a0e1f45aec1e)
 - Deleted: 0

[21/May/2023:18:40:37] UPDATING PRODUCTS (JobID: dc247b54-fc6c-463c-a060-83776690b02b)
 - New and modified: 0

[21/May/2023:18:40:39] UPDATING PREPAGATI (JobID: 048676e4-7001-4114-b2e2-91f555f1aa68)
 - New and modified: 0

[21/May/2023:18:40:39] DELETING PREPAGATI (JobID: 048676e4-7001-4114-b2e2-91f555f1aa68)
 - Deleted: 0

[21/May/2023:18:50:04] UPDATING ACCOUNTS (JobID: d6379181-3c72-4e71-883e-b428fe206c30)
 - New and modified: 0

[21/May/2023:18:50:04] DELETING ACCOUNTS (JobID: d6379181-3c72-4e71-883e-b428fe206c30)
 - Deleted: 0

[21/May/2023:18:50:36] UPDATING PRODUCTS (JobID: 8d78ba43-e31f-4d53-9ea6-307dcce2e5b0)
 - New and modified: 0

[21/May/2023:18:50:37] UPDATING PREPAGATI (JobID: 75b9ad1e-2cfe-4a8a-8d85-e046041b1419)
 - New and modified: 0

[21/May/2023:18:50:37] DELETING PREPAGATI (JobID: 75b9ad1e-2cfe-4a8a-8d85-e046041b1419)
 - Deleted: 0

[21/May/2023:19:00:03] UPDATING ACCOUNTS (JobID: 20f67255-8c4c-4aa4-8bf4-a0382ed4262f)
 - New and modified: 0

[21/May/2023:19:00:03] DELETING ACCOUNTS (JobID: 20f67255-8c4c-4aa4-8bf4-a0382ed4262f)
 - Deleted: 0

[21/May/2023:19:00:35] UPDATING PRODUCTS (JobID: b42488c3-db31-40fd-badf-8038967cd735)
 - New and modified: 0

[21/May/2023:19:00:37] UPDATING PREPAGATI (JobID: 1f631c05-59ed-493d-85ca-98405773fa24)
 - New and modified: 0

[21/May/2023:19:00:37] DELETING PREPAGATI (JobID: 1f631c05-59ed-493d-85ca-98405773fa24)
 - Deleted: 0

[21/May/2023:19:10:04] UPDATING ACCOUNTS (JobID: dc9af6aa-78f2-4543-97f3-836719f04394)
 - New and modified: 0

[21/May/2023:19:10:04] DELETING ACCOUNTS (JobID: dc9af6aa-78f2-4543-97f3-836719f04394)
 - Deleted: 0

[21/May/2023:19:10:37] UPDATING PRODUCTS (JobID: 7192f682-e7b3-427b-a452-f7565d001629)
 - New and modified: 0

[21/May/2023:19:10:38] UPDATING PREPAGATI (JobID: ebe91169-ba44-4094-85de-bcb4886ab710)
 - New and modified: 0

[21/May/2023:19:10:38] DELETING PREPAGATI (JobID: ebe91169-ba44-4094-85de-bcb4886ab710)
 - Deleted: 0

[21/May/2023:19:20:04] UPDATING ACCOUNTS (JobID: 67e0486d-967d-41b4-b3ed-78050518defd)
 - New and modified: 0

[21/May/2023:19:20:04] DELETING ACCOUNTS (JobID: 67e0486d-967d-41b4-b3ed-78050518defd)
 - Deleted: 0

[21/May/2023:19:20:36] UPDATING PRODUCTS (JobID: a3e98318-2cc8-403a-84c7-a6d618828354)
 - New and modified: 0

[21/May/2023:19:20:37] UPDATING PREPAGATI (JobID: 290821c0-f11d-49de-8d9e-b469b758ab5f)
 - New and modified: 0

[21/May/2023:19:20:37] DELETING PREPAGATI (JobID: 290821c0-f11d-49de-8d9e-b469b758ab5f)
 - Deleted: 0

[21/May/2023:19:30:04] UPDATING ACCOUNTS (JobID: 010e2873-e34a-4af0-9778-c498b2dd42b0)
 - New and modified: 0

[21/May/2023:19:30:04] DELETING ACCOUNTS (JobID: 010e2873-e34a-4af0-9778-c498b2dd42b0)
 - Deleted: 0

[21/May/2023:19:30:35] UPDATING PRODUCTS (JobID: f2df9d04-1004-4cce-bf96-bcc2932e0bb8)
 - New and modified: 0

[21/May/2023:19:30:37] UPDATING PREPAGATI (JobID: ef1fedab-10fb-4e09-b90f-c530f7a2d108)
 - New and modified: 0

[21/May/2023:19:30:37] DELETING PREPAGATI (JobID: ef1fedab-10fb-4e09-b90f-c530f7a2d108)
 - Deleted: 0

[21/May/2023:19:40:04] UPDATING ACCOUNTS (JobID: fe9611ea-4088-43fb-bfe5-7e90456ceea7)
 - New and modified: 0

[21/May/2023:19:40:04] DELETING ACCOUNTS (JobID: fe9611ea-4088-43fb-bfe5-7e90456ceea7)
 - Deleted: 0

[21/May/2023:19:40:37] UPDATING PRODUCTS (JobID: 7573b278-ad2e-42d1-b715-6fac63199ebc)
 - New and modified: 0

[21/May/2023:19:40:39] UPDATING PREPAGATI (JobID: 3bb1893d-c971-4530-ad16-bd1be0138dce)
 - New and modified: 0

[21/May/2023:19:40:39] DELETING PREPAGATI (JobID: 3bb1893d-c971-4530-ad16-bd1be0138dce)
 - Deleted: 0

[21/May/2023:19:50:04] UPDATING ACCOUNTS (JobID: 7c19fc86-b621-4dc5-9f81-c4619c9f1650)
 - New and modified: 0

[21/May/2023:19:50:04] DELETING ACCOUNTS (JobID: 7c19fc86-b621-4dc5-9f81-c4619c9f1650)
 - Deleted: 0

[21/May/2023:19:50:36] UPDATING PRODUCTS (JobID: 3a68fcc3-d3ae-43f0-8c33-7e4cfe374f8a)
 - New and modified: 0

[21/May/2023:19:50:37] UPDATING PREPAGATI (JobID: 7493bfa6-673a-4e2e-82f4-5bc38e58cdd5)
 - New and modified: 0

[21/May/2023:19:50:37] DELETING PREPAGATI (JobID: 7493bfa6-673a-4e2e-82f4-5bc38e58cdd5)
 - Deleted: 0

[21/May/2023:20:00:04] UPDATING ACCOUNTS (JobID: e4a37e37-d5d9-44ee-a8ff-4cf68675399b)
 - New and modified: 0

[21/May/2023:20:00:04] DELETING ACCOUNTS (JobID: e4a37e37-d5d9-44ee-a8ff-4cf68675399b)
 - Deleted: 0

[21/May/2023:20:00:36] UPDATING PRODUCTS (JobID: abca80ac-5850-46b9-92e2-4c4ef7846d7c)
 - New and modified: 0

[21/May/2023:20:00:38] UPDATING PREPAGATI (JobID: 9c7f491e-3f19-4b42-9dcf-54720a7c8780)
 - New and modified: 0

[21/May/2023:20:00:38] DELETING PREPAGATI (JobID: 9c7f491e-3f19-4b42-9dcf-54720a7c8780)
 - Deleted: 0

[21/May/2023:20:10:04] UPDATING ACCOUNTS (JobID: f1089113-a197-4a06-8217-dad87f03fccf)
 - New and modified: 0

[21/May/2023:20:10:04] DELETING ACCOUNTS (JobID: f1089113-a197-4a06-8217-dad87f03fccf)
 - Deleted: 0

[21/May/2023:20:10:36] UPDATING PRODUCTS (JobID: bd3aa37d-854d-475a-baef-88c6890665ec)
 - New and modified: 0

[21/May/2023:20:10:38] UPDATING PREPAGATI (JobID: 0f64a1ec-338c-4d6d-8965-c47e3a7ef36d)
 - New and modified: 0

[21/May/2023:20:10:38] DELETING PREPAGATI (JobID: 0f64a1ec-338c-4d6d-8965-c47e3a7ef36d)
 - Deleted: 0

[21/May/2023:20:20:04] UPDATING ACCOUNTS (JobID: 483a2f84-1d05-4bd6-a5a6-8bad87cd3a78)
 - New and modified: 0

[21/May/2023:20:20:04] DELETING ACCOUNTS (JobID: 483a2f84-1d05-4bd6-a5a6-8bad87cd3a78)
 - Deleted: 0

[21/May/2023:20:20:36] UPDATING PRODUCTS (JobID: 055dc4ec-212f-4407-b325-f908b3a6321b)
 - New and modified: 0

[21/May/2023:20:20:38] UPDATING PREPAGATI (JobID: 08bfc7a9-93ae-4947-9345-bbed18a4d037)
 - New and modified: 0

[21/May/2023:20:20:38] DELETING PREPAGATI (JobID: 08bfc7a9-93ae-4947-9345-bbed18a4d037)
 - Deleted: 0

[21/May/2023:20:30:04] UPDATING ACCOUNTS (JobID: eef5ad34-0a0b-45e8-a007-ca728a2641bc)
 - New and modified: 0

[21/May/2023:20:30:04] DELETING ACCOUNTS (JobID: eef5ad34-0a0b-45e8-a007-ca728a2641bc)
 - Deleted: 0

[21/May/2023:20:30:36] UPDATING PRODUCTS (JobID: 930496dc-e9eb-40ef-a089-9673908e3d7c)
 - New and modified: 0

[21/May/2023:20:30:38] UPDATING PREPAGATI (JobID: 99ecab7c-0019-42bc-83ed-c6883b8c5f80)
 - New and modified: 0

[21/May/2023:20:30:38] DELETING PREPAGATI (JobID: 99ecab7c-0019-42bc-83ed-c6883b8c5f80)
 - Deleted: 0

[21/May/2023:20:40:03] UPDATING ACCOUNTS (JobID: ab153c0b-6131-4050-a41d-9aad48d6023a)
 - New and modified: 0

[21/May/2023:20:40:03] DELETING ACCOUNTS (JobID: ab153c0b-6131-4050-a41d-9aad48d6023a)
 - Deleted: 0

[21/May/2023:20:40:36] UPDATING PRODUCTS (JobID: 834a3641-e74d-4551-a72b-75b2ba625925)
 - New and modified: 0

[21/May/2023:20:40:37] UPDATING PREPAGATI (JobID: df069e91-5908-4ca2-97e7-a5f678e765ce)
 - New and modified: 0

[21/May/2023:20:40:37] DELETING PREPAGATI (JobID: df069e91-5908-4ca2-97e7-a5f678e765ce)
 - Deleted: 0

[21/May/2023:20:50:04] UPDATING ACCOUNTS (JobID: 81fc8cc4-d4a7-430f-8aa9-92f985cd923c)
 - New and modified: 0

[21/May/2023:20:50:04] DELETING ACCOUNTS (JobID: 81fc8cc4-d4a7-430f-8aa9-92f985cd923c)
 - Deleted: 0

[21/May/2023:20:50:36] UPDATING PRODUCTS (JobID: ca5b9116-1d8e-433f-b2a7-67c6f20f0298)
 - New and modified: 0

[21/May/2023:20:50:38] UPDATING PREPAGATI (JobID: b23a1c6e-5886-401c-99dc-aa01231c2cee)
 - New and modified: 0

[21/May/2023:20:50:38] DELETING PREPAGATI (JobID: b23a1c6e-5886-401c-99dc-aa01231c2cee)
 - Deleted: 0

[21/May/2023:21:00:04] UPDATING ACCOUNTS (JobID: d5ec66a9-f1c3-49c6-8477-03f08010fb20)
 - New and modified: 0

[21/May/2023:21:00:04] DELETING ACCOUNTS (JobID: d5ec66a9-f1c3-49c6-8477-03f08010fb20)
 - Deleted: 0

[21/May/2023:21:00:38] UPDATING PRODUCTS (JobID: 2e26c634-f1f3-4aa4-8a52-12af9075ed3b)
 - New and modified: 0

[21/May/2023:21:00:40] UPDATING PREPAGATI (JobID: 47ce349c-3a17-4900-b4d2-3b060f5f1dfa)
 - New and modified: 0

[21/May/2023:21:00:40] DELETING PREPAGATI (JobID: 47ce349c-3a17-4900-b4d2-3b060f5f1dfa)
 - Deleted: 0

[21/May/2023:21:10:04] UPDATING ACCOUNTS (JobID: 46f8a74f-a2ac-4904-a972-50be12f3c917)
 - New and modified: 0

[21/May/2023:21:10:04] DELETING ACCOUNTS (JobID: 46f8a74f-a2ac-4904-a972-50be12f3c917)
 - Deleted: 0

[21/May/2023:21:10:36] UPDATING PRODUCTS (JobID: 21f7bbbb-757f-4d1f-8b33-5e0a8824344c)
 - New and modified: 0

[21/May/2023:21:10:38] UPDATING PREPAGATI (JobID: d7c7b72a-48ba-45ea-a07e-c80582c449aa)
 - New and modified: 0

[21/May/2023:21:10:38] DELETING PREPAGATI (JobID: d7c7b72a-48ba-45ea-a07e-c80582c449aa)
 - Deleted: 0

[21/May/2023:21:20:04] UPDATING ACCOUNTS (JobID: fe1c052f-2c95-4672-a822-7e570db73013)
 - New and modified: 0

[21/May/2023:21:20:04] DELETING ACCOUNTS (JobID: fe1c052f-2c95-4672-a822-7e570db73013)
 - Deleted: 0

[21/May/2023:21:20:36] UPDATING PRODUCTS (JobID: d6cf2535-4d02-4a7e-9942-88ced14147cc)
 - New and modified: 0

[21/May/2023:21:20:37] UPDATING PREPAGATI (JobID: a0ad9e17-6d55-4191-a7ed-a057ba502fce)
 - New and modified: 0

[21/May/2023:21:20:37] DELETING PREPAGATI (JobID: a0ad9e17-6d55-4191-a7ed-a057ba502fce)
 - Deleted: 0

[21/May/2023:21:30:05] UPDATING ACCOUNTS (JobID: 433d8147-355c-45fd-8835-dcae5e6245d3)
 - New and modified: 0

[21/May/2023:21:30:05] DELETING ACCOUNTS (JobID: 433d8147-355c-45fd-8835-dcae5e6245d3)
 - Deleted: 0

[21/May/2023:21:30:36] UPDATING PRODUCTS (JobID: fca69421-251a-448a-92bd-daa06c2583e4)
 - New and modified: 0

[21/May/2023:21:30:38] UPDATING PREPAGATI (JobID: 7c71781e-1b2c-4cd2-b7fe-08a8a6a977ca)
 - New and modified: 0

[21/May/2023:21:30:38] DELETING PREPAGATI (JobID: 7c71781e-1b2c-4cd2-b7fe-08a8a6a977ca)
 - Deleted: 0

[21/May/2023:21:40:04] UPDATING ACCOUNTS (JobID: 14a5db11-e73f-4b14-ba83-44345d9a6e3e)
 - New and modified: 0

[21/May/2023:21:40:04] DELETING ACCOUNTS (JobID: 14a5db11-e73f-4b14-ba83-44345d9a6e3e)
 - Deleted: 0

[21/May/2023:21:40:36] UPDATING PRODUCTS (JobID: 9f3eb9da-f1a5-41a0-944c-4eaacedf8786)
 - New and modified: 0

[21/May/2023:21:40:37] UPDATING PREPAGATI (JobID: b356f388-d13d-4806-af26-c2699a8de468)
 - New and modified: 0

[21/May/2023:21:40:37] DELETING PREPAGATI (JobID: b356f388-d13d-4806-af26-c2699a8de468)
 - Deleted: 0

[21/May/2023:21:50:04] UPDATING ACCOUNTS (JobID: 30c31ce7-09c0-4784-a2a3-f25e8d095429)
 - New and modified: 0

[21/May/2023:21:50:04] DELETING ACCOUNTS (JobID: 30c31ce7-09c0-4784-a2a3-f25e8d095429)
 - Deleted: 0

[21/May/2023:21:50:35] UPDATING PRODUCTS (JobID: dd7f9ad0-ff3f-4e10-b6bb-38aaa1d2c4db)
 - New and modified: 0

[21/May/2023:21:50:37] UPDATING PREPAGATI (JobID: a22ea9cf-0e74-4ade-9af9-e710b711929e)
 - New and modified: 0

[21/May/2023:21:50:37] DELETING PREPAGATI (JobID: a22ea9cf-0e74-4ade-9af9-e710b711929e)
 - Deleted: 0

[21/May/2023:22:00:04] UPDATING ACCOUNTS (JobID: 8a4d0dd5-55ef-4aca-aea3-948195813a91)
 - New and modified: 0

[21/May/2023:22:00:04] DELETING ACCOUNTS (JobID: 8a4d0dd5-55ef-4aca-aea3-948195813a91)
 - Deleted: 0

[21/May/2023:22:00:37] UPDATING PRODUCTS (JobID: 45f1b228-22ed-4c82-84cb-da3f40689edc)
 - New and modified: 0

[21/May/2023:22:00:39] UPDATING PREPAGATI (JobID: da553995-37ac-4275-9fc8-77b4f386a264)
 - New and modified: 0

[21/May/2023:22:00:39] DELETING PREPAGATI (JobID: da553995-37ac-4275-9fc8-77b4f386a264)
 - Deleted: 0

[21/May/2023:22:10:04] UPDATING ACCOUNTS (JobID: 59999286-ee5d-4b4a-b3c3-93c534ecbd2e)
 - New and modified: 0

[21/May/2023:22:10:04] DELETING ACCOUNTS (JobID: 59999286-ee5d-4b4a-b3c3-93c534ecbd2e)
 - Deleted: 0

[21/May/2023:22:10:39] UPDATING PRODUCTS (JobID: 4f985b9f-7b6d-40f0-9853-d56714ccb47b)
 - New and modified: 0

[21/May/2023:22:10:40] UPDATING PREPAGATI (JobID: 8f80fd22-a985-4c85-9737-223d991c6ff7)
 - New and modified: 0

[21/May/2023:22:10:40] DELETING PREPAGATI (JobID: 8f80fd22-a985-4c85-9737-223d991c6ff7)
 - Deleted: 0

[21/May/2023:22:20:04] UPDATING ACCOUNTS (JobID: ad27f49c-0239-4fe7-813c-c59de97de610)
 - New and modified: 0

[21/May/2023:22:20:04] DELETING ACCOUNTS (JobID: ad27f49c-0239-4fe7-813c-c59de97de610)
 - Deleted: 0

[21/May/2023:22:20:39] UPDATING PRODUCTS (JobID: 82a0b232-91f2-48f3-94c0-204567870e73)
 - New and modified: 0

[21/May/2023:22:20:41] UPDATING PREPAGATI (JobID: 1a3672cb-04e7-4083-bf7a-52cd1dd769dd)
 - New and modified: 0

[21/May/2023:22:20:41] DELETING PREPAGATI (JobID: 1a3672cb-04e7-4083-bf7a-52cd1dd769dd)
 - Deleted: 0

[21/May/2023:22:30:05] UPDATING ACCOUNTS (JobID: 39c1c866-09e0-4888-8cd9-82d6ca516c66)
 - New and modified: 0

[21/May/2023:22:30:05] DELETING ACCOUNTS (JobID: 39c1c866-09e0-4888-8cd9-82d6ca516c66)
 - Deleted: 0

[21/May/2023:22:30:41] UPDATING PRODUCTS (JobID: 0b7fff5e-5ac5-4be1-b430-4c8cac0034f4)
 - New and modified: 0

[21/May/2023:22:30:43] UPDATING PREPAGATI (JobID: 0c89e59f-f203-48bf-8ae7-4b32f67b1567)
 - New and modified: 0

[21/May/2023:22:30:43] DELETING PREPAGATI (JobID: 0c89e59f-f203-48bf-8ae7-4b32f67b1567)
 - Deleted: 0

[21/May/2023:22:40:05] UPDATING ACCOUNTS (JobID: 0b02e6ec-3253-4b49-8b8c-fa432fa4ba5a)
 - New and modified: 0

[21/May/2023:22:40:05] DELETING ACCOUNTS (JobID: 0b02e6ec-3253-4b49-8b8c-fa432fa4ba5a)
 - Deleted: 0

[21/May/2023:22:40:37] UPDATING PRODUCTS (JobID: b319bc3a-ea91-4f10-b147-3adc39917d4b)
 - New and modified: 0

[21/May/2023:22:40:39] UPDATING PREPAGATI (JobID: 2612f4f7-02d7-44d5-87a5-67e8aef0f14d)
 - New and modified: 0

[21/May/2023:22:40:39] DELETING PREPAGATI (JobID: 2612f4f7-02d7-44d5-87a5-67e8aef0f14d)
 - Deleted: 0

[21/May/2023:22:50:04] UPDATING ACCOUNTS (JobID: 4fa07064-fab0-4e6e-bd3a-750710677d47)
 - New and modified: 0

[21/May/2023:22:50:04] DELETING ACCOUNTS (JobID: 4fa07064-fab0-4e6e-bd3a-750710677d47)
 - Deleted: 0

[21/May/2023:22:50:36] UPDATING PRODUCTS (JobID: 692e1175-2233-4ac7-be49-df823a26a079)
 - New and modified: 0

[21/May/2023:22:50:37] UPDATING PREPAGATI (JobID: bf41abf6-f748-4e62-9b06-5e40acad6137)
 - New and modified: 0

[21/May/2023:22:50:37] DELETING PREPAGATI (JobID: bf41abf6-f748-4e62-9b06-5e40acad6137)
 - Deleted: 0

[21/May/2023:23:00:04] UPDATING ACCOUNTS (JobID: b4ff41f1-94d2-435a-ad86-3b1362393206)
 - New and modified: 0

[21/May/2023:23:00:04] DELETING ACCOUNTS (JobID: b4ff41f1-94d2-435a-ad86-3b1362393206)
 - Deleted: 0

[21/May/2023:23:00:36] UPDATING PRODUCTS (JobID: 2625e10f-e4fb-4bc1-9769-1068e30e6e93)
 - New and modified: 0

[21/May/2023:23:00:37] UPDATING PREPAGATI (JobID: 90dd08e9-d830-4b57-a1c3-e4ea8f078aa7)
 - New and modified: 0

[21/May/2023:23:00:37] DELETING PREPAGATI (JobID: 90dd08e9-d830-4b57-a1c3-e4ea8f078aa7)
 - Deleted: 0

[21/May/2023:23:10:04] UPDATING ACCOUNTS (JobID: d4e0a89d-8e4f-4062-a606-c289a87d276f)
 - New and modified: 0

[21/May/2023:23:10:04] DELETING ACCOUNTS (JobID: d4e0a89d-8e4f-4062-a606-c289a87d276f)
 - Deleted: 0

[21/May/2023:23:10:36] UPDATING PRODUCTS (JobID: 3b1d9c92-a969-4e25-9424-8380bee54796)
 - New and modified: 0

[21/May/2023:23:10:37] UPDATING PREPAGATI (JobID: 831d84e8-e5d5-46e0-be9c-0069a096f8bf)
 - New and modified: 0

[21/May/2023:23:10:37] DELETING PREPAGATI (JobID: 831d84e8-e5d5-46e0-be9c-0069a096f8bf)
 - Deleted: 0

[21/May/2023:23:20:04] UPDATING ACCOUNTS (JobID: 0fa19db2-5930-4326-bad3-828b7183d4de)
 - New and modified: 0

[21/May/2023:23:20:04] DELETING ACCOUNTS (JobID: 0fa19db2-5930-4326-bad3-828b7183d4de)
 - Deleted: 0

[21/May/2023:23:20:37] UPDATING PRODUCTS (JobID: ab3b7ac1-9f2c-417d-a140-e952aecb87be)
 - New and modified: 0

[21/May/2023:23:20:39] UPDATING PREPAGATI (JobID: 0fc258ad-ca3e-4c3c-8ba2-88e90cfd6867)
 - New and modified: 0

[21/May/2023:23:20:39] DELETING PREPAGATI (JobID: 0fc258ad-ca3e-4c3c-8ba2-88e90cfd6867)
 - Deleted: 0

[21/May/2023:23:30:04] UPDATING ACCOUNTS (JobID: f8cb589d-69eb-405a-a99a-aa80133d70e3)
 - New and modified: 0

[21/May/2023:23:30:04] DELETING ACCOUNTS (JobID: f8cb589d-69eb-405a-a99a-aa80133d70e3)
 - Deleted: 0

[21/May/2023:23:30:36] UPDATING PRODUCTS (JobID: bc4d1c5f-86f6-4ebc-a6bc-e6b52f557af8)
 - New and modified: 0

[21/May/2023:23:30:38] UPDATING PREPAGATI (JobID: 279e2ae8-bb86-419f-8e42-c09815101bee)
 - New and modified: 0

[21/May/2023:23:30:38] DELETING PREPAGATI (JobID: 279e2ae8-bb86-419f-8e42-c09815101bee)
 - Deleted: 0

[21/May/2023:23:40:05] UPDATING ACCOUNTS (JobID: 262c619c-a4a8-4813-92b4-c2d2c5b5863d)
 - New and modified: 0

[21/May/2023:23:40:05] DELETING ACCOUNTS (JobID: 262c619c-a4a8-4813-92b4-c2d2c5b5863d)
 - Deleted: 0

[21/May/2023:23:40:37] UPDATING PRODUCTS (JobID: da473111-e9c6-4356-9707-5dcf5eb1697c)
 - New and modified: 0

[21/May/2023:23:40:39] UPDATING PREPAGATI (JobID: 446d9380-3a3d-479e-bcb0-8bd4bcebde95)
 - New and modified: 0

[21/May/2023:23:40:39] DELETING PREPAGATI (JobID: 446d9380-3a3d-479e-bcb0-8bd4bcebde95)
 - Deleted: 0

[21/May/2023:23:50:04] UPDATING ACCOUNTS (JobID: f7ac6448-a599-4a7d-a80b-27e6efeaaccd)
 - New and modified: 0

[21/May/2023:23:50:04] DELETING ACCOUNTS (JobID: f7ac6448-a599-4a7d-a80b-27e6efeaaccd)
 - Deleted: 0

[21/May/2023:23:50:37] UPDATING PRODUCTS (JobID: 738b116b-b915-4c6a-a672-74174f3d80f8)
 - New and modified: 0

[21/May/2023:23:50:38] UPDATING PREPAGATI (JobID: a7034876-720b-4037-8a27-a4a7f7a55eea)
 - New and modified: 0

[21/May/2023:23:50:38] DELETING PREPAGATI (JobID: a7034876-720b-4037-8a27-a4a7f7a55eea)
 - Deleted: 0

