[20/Oct/2023:03:41:04] UPDATING ACCOUNTS (JobID: bf313ec0-a6cf-4d80-b1fc-20d4e161e6f4)
 - New and modified: 0

[20/Oct/2023:03:41:04] DELETING ACCOUNTS (JobID: bf313ec0-a6cf-4d80-b1fc-20d4e161e6f4)
 - Deleted: 0

[20/Oct/2023:03:41:36] UPDATING PRODUCTS (JobID: 7c00601f-0ad7-4c0f-9ce9-f6455ae09c48)
 - New and modified: 0

[20/Oct/2023:03:41:40] UPDATING PREPAGATI (JobID: 030743e6-cab5-4c73-91c1-3e487df241fe)
 - New and modified: 0

[20/Oct/2023:03:41:40] DELETING PREPAGATI (JobID: 030743e6-cab5-4c73-91c1-3e487df241fe)
 - Deleted: 0

[20/Oct/2023:04:00:04] UPDATING ACCOUNTS (JobID: fcce0510-72be-4175-ac08-1e3c6d98dadf)
 - New and modified: 0

[20/Oct/2023:04:00:04] DELETING ACCOUNTS (JobID: fcce0510-72be-4175-ac08-1e3c6d98dadf)
 - Deleted: 0

[20/Oct/2023:04:00:37] UPDATING PRODUCTS (JobID: bf1acf83-c7a1-4f54-b992-baa602c20444)
 - New and modified: 0

[20/Oct/2023:04:00:39] UPDATING PREPAGATI (JobID: 5efcf5c5-016c-4db2-92a1-f1a5bae1e3dc)
 - New and modified: 0

[20/Oct/2023:04:00:39] DELETING PREPAGATI (JobID: 5efcf5c5-016c-4db2-92a1-f1a5bae1e3dc)
 - Deleted: 0

[20/Oct/2023:04:30:07] UPDATING ACCOUNTS (JobID: 30ca4ea3-0773-4351-ac3e-8d67a17f048d)
 - New and modified: 0

[20/Oct/2023:04:30:07] DELETING ACCOUNTS (JobID: 30ca4ea3-0773-4351-ac3e-8d67a17f048d)
 - Deleted: 0

[20/Oct/2023:04:30:42] UPDATING PRODUCTS (JobID: d86778ef-0412-475d-a73f-dfff330ad1e5)
 - New and modified: 0

[20/Oct/2023:04:30:45] UPDATING PREPAGATI (JobID: 1a12d278-b604-47f7-b04d-70be114c07bb)
 - New and modified: 0

[20/Oct/2023:04:30:45] DELETING PREPAGATI (JobID: 1a12d278-b604-47f7-b04d-70be114c07bb)
 - Deleted: 0

[20/Oct/2023:05:00:04] UPDATING ACCOUNTS (JobID: 70e85fdc-8aa1-4d2f-8ae6-d375c459de23)
 - New and modified: 0

[20/Oct/2023:05:00:04] DELETING ACCOUNTS (JobID: 70e85fdc-8aa1-4d2f-8ae6-d375c459de23)
 - Deleted: 0

[20/Oct/2023:05:00:37] UPDATING PRODUCTS (JobID: 2ffef7b6-e2ca-412b-bae8-ace9e556d9c3)
 - New and modified: 0

[20/Oct/2023:05:00:39] UPDATING PREPAGATI (JobID: c505de52-1efd-4d7c-88da-9d6c449ba7f5)
 - New and modified: 0

[20/Oct/2023:05:00:39] DELETING PREPAGATI (JobID: c505de52-1efd-4d7c-88da-9d6c449ba7f5)
 - Deleted: 0

[20/Oct/2023:05:30:09] UPDATING ACCOUNTS (JobID: d0eb4165-9998-42b2-978c-574ea3c7fbd0)
 - New and modified: 0

[20/Oct/2023:05:30:09] DELETING ACCOUNTS (JobID: d0eb4165-9998-42b2-978c-574ea3c7fbd0)
 - Deleted: 0

[20/Oct/2023:05:30:45] UPDATING PRODUCTS (JobID: 22802a43-ea68-4102-9560-e7c79363ddf6)
 - New and modified: 0

[20/Oct/2023:05:30:49] UPDATING PREPAGATI (JobID: c9633bee-aae0-4ead-8530-1e7d8c17b260)
 - New and modified: 0

[20/Oct/2023:05:30:49] DELETING PREPAGATI (JobID: c9633bee-aae0-4ead-8530-1e7d8c17b260)
 - Deleted: 0

[20/Oct/2023:07:00:24] UPDATING ACCOUNTS (JobID: c1c3dd85-25a5-4940-a975-546c039e85f6)
 - New and modified: 0

[20/Oct/2023:07:00:24] DELETING ACCOUNTS (JobID: c1c3dd85-25a5-4940-a975-546c039e85f6)
 - Deleted: 0

[20/Oct/2023:07:01:00] UPDATING PRODUCTS (JobID: 2466f005-f171-4312-880b-0f693fe358fc)
 - New and modified: 0

[20/Oct/2023:07:01:03] UPDATING PREPAGATI (JobID: 4a4a890d-86bd-4844-bf72-2fa0b7324981)
 - New and modified: 0

[20/Oct/2023:07:01:03] DELETING PREPAGATI (JobID: 4a4a890d-86bd-4844-bf72-2fa0b7324981)
 - Deleted: 0

[20/Oct/2023:09:00:10] UPDATING ACCOUNTS (JobID: 064f5de6-26d1-4ff8-867a-e7e164c50372)
 - New and modified: 0

[20/Oct/2023:09:00:10] DELETING ACCOUNTS (JobID: 064f5de6-26d1-4ff8-867a-e7e164c50372)
 - Deleted: 0

[20/Oct/2023:09:00:45] UPDATING PRODUCTS (JobID: 1fb3d2ea-b2cd-4cf3-af9e-5922eac2c622)
 - New and modified: 0

[20/Oct/2023:09:00:48] UPDATING PREPAGATI (JobID: 8a45c0af-c0e3-4738-8964-1c2f95a1d2ab)
 - New and modified: 0

[20/Oct/2023:09:00:48] DELETING PREPAGATI (JobID: 8a45c0af-c0e3-4738-8964-1c2f95a1d2ab)
 - Deleted: 0

[20/Oct/2023:09:30:08] UPDATING ACCOUNTS (JobID: ec9ea65e-a564-4461-a03c-7e1f191a4bbc)
 - New and modified: 0

[20/Oct/2023:09:30:08] DELETING ACCOUNTS (JobID: ec9ea65e-a564-4461-a03c-7e1f191a4bbc)
 - Deleted: 0

[20/Oct/2023:09:30:43] UPDATING PRODUCTS (JobID: c8cedb56-7f48-4c50-aaa3-1ad2e7aaab43)
 - New and modified: 0

[20/Oct/2023:09:30:46] UPDATING PREPAGATI (JobID: c7a2c4df-b059-43b9-9ed1-a083e0b2f197)
 - New and modified: 0

[20/Oct/2023:09:30:46] DELETING PREPAGATI (JobID: c7a2c4df-b059-43b9-9ed1-a083e0b2f197)
 - Deleted: 0

[20/Oct/2023:15:00:07] UPDATING ACCOUNTS (JobID: b413b76e-1617-4c47-ad96-356743b0d787)
 - New and modified: 0

[20/Oct/2023:15:00:07] DELETING ACCOUNTS (JobID: b413b76e-1617-4c47-ad96-356743b0d787)
 - Deleted: 0

[20/Oct/2023:15:00:40] UPDATING PRODUCTS (JobID: 5555c9fe-0aa3-4676-a26d-b8262d293e11)
 - New and modified: 0

[20/Oct/2023:15:00:43] UPDATING PREPAGATI (JobID: 013bc0c2-d13c-49de-a9d3-68b310e53423)
 - New and modified: 0

[20/Oct/2023:15:00:43] DELETING PREPAGATI (JobID: 013bc0c2-d13c-49de-a9d3-68b310e53423)
 - Deleted: 0

[20/Oct/2023:16:30:09] UPDATING ACCOUNTS (JobID: 058db9b5-fd16-42a2-a083-9824c2d11d38)
 - New and modified: 0

[20/Oct/2023:16:30:09] DELETING ACCOUNTS (JobID: 058db9b5-fd16-42a2-a083-9824c2d11d38)
 - Deleted: 0

[20/Oct/2023:16:30:43] UPDATING PRODUCTS (JobID: 0957bea1-db1d-4ea7-9024-bfd1764569bb)
 - New and modified: 0

[20/Oct/2023:16:30:46] UPDATING PREPAGATI (JobID: 0415606f-8915-421e-9c9e-85fdda7b7afe)
 - New and modified: 0

[20/Oct/2023:16:30:46] DELETING PREPAGATI (JobID: 0415606f-8915-421e-9c9e-85fdda7b7afe)
 - Deleted: 0

[20/Oct/2023:17:00:08] UPDATING ACCOUNTS (JobID: 2f89dc6a-e8e1-4433-9866-4bcca5458111)
 - New and modified: 0

[20/Oct/2023:17:00:08] DELETING ACCOUNTS (JobID: 2f89dc6a-e8e1-4433-9866-4bcca5458111)
 - Deleted: 0

[20/Oct/2023:17:00:41] UPDATING PRODUCTS (JobID: 7493dd42-1f63-402d-9b38-d98dabaf5690)
 - New and modified: 0

[20/Oct/2023:17:00:44] UPDATING PREPAGATI (JobID: d071baac-8431-4fbe-8cdf-fecdd1c3c583)
 - New and modified: 0

[20/Oct/2023:17:00:44] DELETING PREPAGATI (JobID: d071baac-8431-4fbe-8cdf-fecdd1c3c583)
 - Deleted: 0

[20/Oct/2023:17:30:04] UPDATING ACCOUNTS (JobID: cf336cf1-b1aa-4478-bc08-adcfbb5e7b5b)
 - New and modified: 0

[20/Oct/2023:17:30:04] DELETING ACCOUNTS (JobID: cf336cf1-b1aa-4478-bc08-adcfbb5e7b5b)
 - Deleted: 0

[20/Oct/2023:17:30:36] UPDATING PRODUCTS (JobID: 6af99a05-3618-473c-9b6c-25b0e5e31857)
 - New and modified: 0

[20/Oct/2023:17:30:37] UPDATING PREPAGATI (JobID: 9670df98-70a8-4ba7-ba08-c90f50d10813)
 - New and modified: 0

[20/Oct/2023:17:30:37] DELETING PREPAGATI (JobID: 9670df98-70a8-4ba7-ba08-c90f50d10813)
 - Deleted: 0

[20/Oct/2023:18:30:09] UPDATING ACCOUNTS (JobID: 8f63dc46-c9f5-4cb1-8abf-c565ba101470)
 - New and modified: 0

[20/Oct/2023:18:30:09] DELETING ACCOUNTS (JobID: 8f63dc46-c9f5-4cb1-8abf-c565ba101470)
 - Deleted: 0

[20/Oct/2023:18:30:41] UPDATING PRODUCTS (JobID: e87e9dc2-d9a9-414a-b761-63c8e9bc6054)
 - New and modified: 0

[20/Oct/2023:18:30:44] UPDATING PREPAGATI (JobID: 06ae09a2-b8fc-465c-a353-a1c33068a117)
 - New and modified: 0

[20/Oct/2023:18:30:44] DELETING PREPAGATI (JobID: 06ae09a2-b8fc-465c-a353-a1c33068a117)
 - Deleted: 0

[20/Oct/2023:19:30:04] UPDATING ACCOUNTS (JobID: ea404953-7261-4ae6-9e95-6e7194aebe80)
 - New and modified: 0

[20/Oct/2023:19:30:04] DELETING ACCOUNTS (JobID: ea404953-7261-4ae6-9e95-6e7194aebe80)
 - Deleted: 0

[20/Oct/2023:19:30:37] UPDATING PRODUCTS (JobID: 589d4fa5-0d1c-4c21-bbdc-f4ec77651a87)
 - New and modified: 0

[20/Oct/2023:19:30:40] UPDATING PREPAGATI (JobID: 9a9eda98-8e72-4912-8726-91f6bca34fcf)
 - New and modified: 0

[20/Oct/2023:19:30:40] DELETING PREPAGATI (JobID: 9a9eda98-8e72-4912-8726-91f6bca34fcf)
 - Deleted: 0

