[29/Jul/2023:00:00:08] UPDATING ACCOUNTS (JobID: 1ccf8b43-f05d-489b-8e1e-e0ae63a4d4a6)
 - New and modified: 0

[29/Jul/2023:00:00:08] DELETING ACCOUNTS (JobID: 1ccf8b43-f05d-489b-8e1e-e0ae63a4d4a6)
 - Deleted: 0

[29/Jul/2023:00:00:38] UPDATING PRODUCTS (JobID: 4e37382f-e2ed-4a39-b6d8-ebe8beb82564)
 - New and modified: 0

[29/Jul/2023:00:00:41] UPDATING PREPAGATI (JobID: 4d6d89f1-974e-43d8-855a-6921d718c8a7)
 - New and modified: 0

[29/Jul/2023:00:00:41] DELETING PREPAGATI (JobID: 4d6d89f1-974e-43d8-855a-6921d718c8a7)
 - Deleted: 0

[29/Jul/2023:00:30:08] UPDATING ACCOUNTS (JobID: e2a9b9eb-230d-4a35-9006-28ec67e4b9c9)
 - New and modified: 0

[29/Jul/2023:00:30:08] DELETING ACCOUNTS (JobID: e2a9b9eb-230d-4a35-9006-28ec67e4b9c9)
 - Deleted: 0

[29/Jul/2023:00:30:37] UPDATING PRODUCTS (JobID: 42b2ce80-1c37-4820-9648-94fe2fb98085)
 - New and modified: 0

[29/Jul/2023:00:30:40] UPDATING PREPAGATI (JobID: 099c9286-524e-4f42-98bb-380851d1002e)
 - New and modified: 0

[29/Jul/2023:00:30:40] DELETING PREPAGATI (JobID: 099c9286-524e-4f42-98bb-380851d1002e)
 - Deleted: 0

[29/Jul/2023:02:00:08] UPDATING ACCOUNTS (JobID: bd73e7b3-9990-46a2-a9f1-e061c90c3496)
 - New and modified: 0

[29/Jul/2023:02:00:08] DELETING ACCOUNTS (JobID: bd73e7b3-9990-46a2-a9f1-e061c90c3496)
 - Deleted: 0

[29/Jul/2023:02:00:38] UPDATING PRODUCTS (JobID: 581d2872-e977-44ba-bc52-b79dad821d66)
 - New and modified: 0

[29/Jul/2023:02:00:41] UPDATING PREPAGATI (JobID: af2e008a-fc8e-40ca-9ba4-a033b250bdba)
 - New and modified: 0

[29/Jul/2023:02:00:41] DELETING PREPAGATI (JobID: af2e008a-fc8e-40ca-9ba4-a033b250bdba)
 - Deleted: 0

[29/Jul/2023:03:30:08] UPDATING ACCOUNTS (JobID: 5a1f3aff-fa19-4832-a46e-a3a0d82533a0)
 - New and modified: 0

[29/Jul/2023:03:30:08] DELETING ACCOUNTS (JobID: 5a1f3aff-fa19-4832-a46e-a3a0d82533a0)
 - Deleted: 0

[29/Jul/2023:03:30:37] UPDATING PRODUCTS (JobID: d37ee332-601e-4ea9-8398-ee15fa5d2f8a)
 - New and modified: 0

[29/Jul/2023:03:30:40] UPDATING PREPAGATI (JobID: 6d3b2c26-4b77-424c-bdee-f167d51b4f81)
 - New and modified: 0

[29/Jul/2023:03:30:40] DELETING PREPAGATI (JobID: 6d3b2c26-4b77-424c-bdee-f167d51b4f81)
 - Deleted: 0

[29/Jul/2023:05:00:07] UPDATING ACCOUNTS (JobID: 66038a24-5835-4397-9a99-62169f382006)
 - New and modified: 0

[29/Jul/2023:05:00:07] DELETING ACCOUNTS (JobID: 66038a24-5835-4397-9a99-62169f382006)
 - Deleted: 0

[29/Jul/2023:05:00:38] UPDATING PRODUCTS (JobID: ca42b1d1-d8a6-4e37-a71a-8b6c921a30eb)
 - New and modified: 0

[29/Jul/2023:05:00:41] UPDATING PREPAGATI (JobID: 233f99db-3360-48e4-b22d-a5c9264ecbfa)
 - New and modified: 0

[29/Jul/2023:05:00:41] DELETING PREPAGATI (JobID: 233f99db-3360-48e4-b22d-a5c9264ecbfa)
 - Deleted: 0

[29/Jul/2023:06:30:07] UPDATING ACCOUNTS (JobID: 97408adb-ea2d-4498-b707-f4b4d4bbf3d9)
 - New and modified: 0

[29/Jul/2023:06:30:07] DELETING ACCOUNTS (JobID: 97408adb-ea2d-4498-b707-f4b4d4bbf3d9)
 - Deleted: 0

[29/Jul/2023:06:30:39] UPDATING PRODUCTS (JobID: 9c0732bc-7481-429a-9f01-3775d1512168)
 - New and modified: 0

[29/Jul/2023:06:30:42] UPDATING PREPAGATI (JobID: ba8b8ea6-3fc9-4129-a5f3-0ae3e3caf65c)
 - New and modified: 0

[29/Jul/2023:06:30:42] DELETING PREPAGATI (JobID: ba8b8ea6-3fc9-4129-a5f3-0ae3e3caf65c)
 - Deleted: 0

[29/Jul/2023:07:30:08] UPDATING ACCOUNTS (JobID: e4745ede-88a0-46d7-9ef2-21bfbe943116)
 - New and modified: 0

[29/Jul/2023:07:30:08] DELETING ACCOUNTS (JobID: e4745ede-88a0-46d7-9ef2-21bfbe943116)
 - Deleted: 0

[29/Jul/2023:07:30:38] UPDATING PRODUCTS (JobID: 310e5e55-830a-439a-96fc-8e06545b822c)
 - New and modified: 0

[29/Jul/2023:07:30:40] UPDATING PREPAGATI (JobID: d9fc0e80-c1b4-4952-b3aa-eae3107d122c)
 - New and modified: 0

[29/Jul/2023:07:30:40] DELETING PREPAGATI (JobID: d9fc0e80-c1b4-4952-b3aa-eae3107d122c)
 - Deleted: 0

[29/Jul/2023:09:00:08] UPDATING ACCOUNTS (JobID: 40005110-19a8-4c4d-a2b1-bcc69913c5f3)
 - New and modified: 0

[29/Jul/2023:09:00:08] DELETING ACCOUNTS (JobID: 40005110-19a8-4c4d-a2b1-bcc69913c5f3)
 - Deleted: 0

[29/Jul/2023:09:00:39] UPDATING PRODUCTS (JobID: a986f398-e2a5-45f1-85f9-05a43dbb1cad)
 - New and modified: 0

[29/Jul/2023:09:00:41] UPDATING PREPAGATI (JobID: be7daa5f-1a1e-40d0-b200-1c9e02a50270)
 - New and modified: 0

[29/Jul/2023:09:00:41] DELETING PREPAGATI (JobID: be7daa5f-1a1e-40d0-b200-1c9e02a50270)
 - Deleted: 0

[29/Jul/2023:09:30:08] UPDATING ACCOUNTS (JobID: a5a659c6-0a32-4a1a-90bc-37b168d69456)
 - New and modified: 0

[29/Jul/2023:09:30:08] DELETING ACCOUNTS (JobID: a5a659c6-0a32-4a1a-90bc-37b168d69456)
 - Deleted: 0

[29/Jul/2023:09:30:39] UPDATING PRODUCTS (JobID: efad4d2d-3c3f-40ea-aa4d-b515cb3ef2ec)
 - New and modified: 0

[29/Jul/2023:09:30:42] UPDATING PREPAGATI (JobID: 45ccfd31-d747-4fc3-932e-4431bbb2f235)
 - New and modified: 0

[29/Jul/2023:09:30:42] DELETING PREPAGATI (JobID: 45ccfd31-d747-4fc3-932e-4431bbb2f235)
 - Deleted: 0

[29/Jul/2023:11:00:09] UPDATING ACCOUNTS (JobID: 2190a9ac-ab65-4ef4-bdaf-64ead6dfc933)
 - New and modified: 0

[29/Jul/2023:11:00:09] DELETING ACCOUNTS (JobID: 2190a9ac-ab65-4ef4-bdaf-64ead6dfc933)
 - Deleted: 0

[29/Jul/2023:11:00:39] UPDATING PRODUCTS (JobID: db9494b4-cdcf-4e22-a3ba-63e790b46900)
 - New and modified: 0

[29/Jul/2023:11:00:42] UPDATING PREPAGATI (JobID: 1e20fff1-e945-4d53-a6d7-001e8bd76b98)
 - New and modified: 0

[29/Jul/2023:11:00:42] DELETING PREPAGATI (JobID: 1e20fff1-e945-4d53-a6d7-001e8bd76b98)
 - Deleted: 0

[29/Jul/2023:11:30:08] UPDATING ACCOUNTS (JobID: b40b6568-5ba7-4b26-a818-6228562f417a)
 - New and modified: 0

[29/Jul/2023:11:30:08] DELETING ACCOUNTS (JobID: b40b6568-5ba7-4b26-a818-6228562f417a)
 - Deleted: 0

[29/Jul/2023:11:30:37] UPDATING PRODUCTS (JobID: 458a5b29-e44f-4da1-a118-51796c98509a)
 - New and modified: 0

[29/Jul/2023:11:30:39] UPDATING PREPAGATI (JobID: d524f4f4-84d4-41c7-9461-cdd6e4b2425b)
 - New and modified: 0

[29/Jul/2023:11:30:39] DELETING PREPAGATI (JobID: d524f4f4-84d4-41c7-9461-cdd6e4b2425b)
 - Deleted: 0

[29/Jul/2023:13:00:08] UPDATING ACCOUNTS (JobID: a389529a-f6e5-4f50-af4b-c2bb6a417f1a)
 - New and modified: 0

[29/Jul/2023:13:00:08] DELETING ACCOUNTS (JobID: a389529a-f6e5-4f50-af4b-c2bb6a417f1a)
 - Deleted: 0

[29/Jul/2023:13:00:39] UPDATING PRODUCTS (JobID: 0d8fb892-e556-4a96-87cb-f7ec613e054a)
 - New and modified: 0

[29/Jul/2023:13:00:42] UPDATING PREPAGATI (JobID: a3265572-894b-4c91-b5bb-4252a8532c3d)
 - New and modified: 0

[29/Jul/2023:13:00:42] DELETING PREPAGATI (JobID: a3265572-894b-4c91-b5bb-4252a8532c3d)
 - Deleted: 0

[29/Jul/2023:13:30:07] UPDATING ACCOUNTS (JobID: 45ad2233-c061-481b-a928-707cf96dd8f2)
 - New and modified: 0

[29/Jul/2023:13:30:07] DELETING ACCOUNTS (JobID: 45ad2233-c061-481b-a928-707cf96dd8f2)
 - Deleted: 0

[29/Jul/2023:13:30:37] UPDATING PRODUCTS (JobID: 6d98f7ea-886f-4f44-8da6-8f226bcb7e7f)
 - New and modified: 0

[29/Jul/2023:13:30:40] UPDATING PREPAGATI (JobID: be2e6479-1008-4212-88d4-e065a6881539)
 - New and modified: 0

[29/Jul/2023:13:30:40] DELETING PREPAGATI (JobID: be2e6479-1008-4212-88d4-e065a6881539)
 - Deleted: 0

[29/Jul/2023:16:30:07] UPDATING ACCOUNTS (JobID: 2ed36224-63ff-4330-9de8-bc18ee6782b8)
 - New and modified: 0

[29/Jul/2023:16:30:07] DELETING ACCOUNTS (JobID: 2ed36224-63ff-4330-9de8-bc18ee6782b8)
 - Deleted: 0

[29/Jul/2023:16:30:37] UPDATING PRODUCTS (JobID: 34dac688-1563-4aa0-915f-f996003ea9e7)
 - New and modified: 0

[29/Jul/2023:16:30:40] UPDATING PREPAGATI (JobID: 2b3f5821-893e-44c5-a5f5-4f10452746de)
 - New and modified: 0

[29/Jul/2023:16:30:40] DELETING PREPAGATI (JobID: 2b3f5821-893e-44c5-a5f5-4f10452746de)
 - Deleted: 0

[29/Jul/2023:20:00:04] UPDATING ACCOUNTS (JobID: 90580354-3fd0-4186-a176-69391b7cc691)
 - New and modified: 0

[29/Jul/2023:20:00:04] DELETING ACCOUNTS (JobID: 90580354-3fd0-4186-a176-69391b7cc691)
 - Deleted: 0

[29/Jul/2023:20:00:36] UPDATING PRODUCTS (JobID: 7ce445d4-4e9e-4de7-a0c0-40c5a158e6d2)
 - New and modified: 0

[29/Jul/2023:20:00:39] UPDATING PREPAGATI (JobID: e5bdd1b7-5d21-41b0-99c0-f0a8a0ea787a)
 - New and modified: 0

[29/Jul/2023:20:00:39] DELETING PREPAGATI (JobID: e5bdd1b7-5d21-41b0-99c0-f0a8a0ea787a)
 - Deleted: 0

[29/Jul/2023:23:00:07] UPDATING ACCOUNTS (JobID: d0ec8225-184c-4611-b063-fdbc8a052b7d)
 - New and modified: 0

[29/Jul/2023:23:00:07] DELETING ACCOUNTS (JobID: d0ec8225-184c-4611-b063-fdbc8a052b7d)
 - Deleted: 0

[29/Jul/2023:23:00:36] UPDATING PRODUCTS (JobID: eff1090f-a475-4a52-960e-10a2d931a0af)
 - New and modified: 0

[29/Jul/2023:23:00:39] UPDATING PREPAGATI (JobID: 3b4ab461-0d5d-4c5d-a770-2e5a7750f45f)
 - New and modified: 0

[29/Jul/2023:23:00:39] DELETING PREPAGATI (JobID: 3b4ab461-0d5d-4c5d-a770-2e5a7750f45f)
 - Deleted: 0

