[31/Aug/2023:00:00:07] UPDATING ACCOUNTS (JobID: 72a04d84-67cf-4366-babe-fdb2e8a56493)
 - New and modified: 0

[31/Aug/2023:00:00:07] DELETING ACCOUNTS (JobID: 72a04d84-67cf-4366-babe-fdb2e8a56493)
 - Deleted: 0

[31/Aug/2023:00:00:27] UPDATING PRODUCTS (JobID: 7bbc3f3c-4cce-48d3-882a-cec6c7fba2bb)
 - New and modified: 0

[31/Aug/2023:00:00:29] UPDATING PREPAGATI (JobID: 723c1c86-5b5e-4718-9792-d8782891ead4)
 - New and modified: 0

[31/Aug/2023:00:00:29] DELETING PREPAGATI (JobID: 723c1c86-5b5e-4718-9792-d8782891ead4)
 - Deleted: 0

[31/Aug/2023:05:30:08] UPDATING ACCOUNTS (JobID: 1b463d56-6583-4fee-85ac-14f9444e0a62)
 - New and modified: 0

[31/Aug/2023:05:30:08] DELETING ACCOUNTS (JobID: 1b463d56-6583-4fee-85ac-14f9444e0a62)
 - Deleted: 0

[31/Aug/2023:05:30:24] UPDATING PRODUCTS (JobID: fd2a03e5-65d0-404c-8bcf-460a207ed48a)
 - New and modified: 0

[31/Aug/2023:05:30:27] UPDATING PREPAGATI (JobID: 2082d9e3-23fe-48f2-98e9-456e01772b96)
 - New and modified: 0

[31/Aug/2023:05:30:27] DELETING PREPAGATI (JobID: 2082d9e3-23fe-48f2-98e9-456e01772b96)
 - Deleted: 0

[31/Aug/2023:06:00:03] UPDATING ACCOUNTS (JobID: 795b5b80-2dd0-43af-9d6c-b0229033d83e)
 - New and modified: 0

[31/Aug/2023:06:00:03] DELETING ACCOUNTS (JobID: 795b5b80-2dd0-43af-9d6c-b0229033d83e)
 - Deleted: 0

[31/Aug/2023:06:00:20] UPDATING PRODUCTS (JobID: c8e7674d-558c-467f-a733-65ec130a9cd0)
 - New and modified: 0

[31/Aug/2023:06:00:22] UPDATING PREPAGATI (JobID: b9977c91-1793-46fe-ac26-00ee009d4b8a)
 - New and modified: 0

[31/Aug/2023:06:00:22] DELETING PREPAGATI (JobID: b9977c91-1793-46fe-ac26-00ee009d4b8a)
 - Deleted: 0

[31/Aug/2023:10:00:09] UPDATING ACCOUNTS (JobID: 26cf2694-89f4-4292-979a-f8fff94302fa)
 - New and modified: 0

[31/Aug/2023:10:00:09] DELETING ACCOUNTS (JobID: 26cf2694-89f4-4292-979a-f8fff94302fa)
 - Deleted: 0

[31/Aug/2023:10:00:27] UPDATING PRODUCTS (JobID: d5aa6cd4-ad2b-45fb-bda2-e3555d7445df)
 - New and modified: 0

[31/Aug/2023:10:00:30] UPDATING PREPAGATI (JobID: 11b04bcb-1a0f-45e3-8a50-e66cdc232aeb)
 - New and modified: 0

[31/Aug/2023:10:00:30] DELETING PREPAGATI (JobID: 11b04bcb-1a0f-45e3-8a50-e66cdc232aeb)
 - Deleted: 0

[31/Aug/2023:10:30:08] UPDATING ACCOUNTS (JobID: fa6b3e53-2937-4953-910a-ab3b23a29ed9)
 - New and modified: 0

[31/Aug/2023:10:30:08] DELETING ACCOUNTS (JobID: fa6b3e53-2937-4953-910a-ab3b23a29ed9)
 - Deleted: 0

[31/Aug/2023:10:30:26] UPDATING PRODUCTS (JobID: 6da2afe4-6864-4bde-9043-f82ac7643bec)
 - New and modified: 0

[31/Aug/2023:10:30:29] UPDATING PREPAGATI (JobID: 56c4a0c0-1c99-4147-8119-d3d84395a613)
 - New and modified: 0

[31/Aug/2023:10:30:29] DELETING PREPAGATI (JobID: 56c4a0c0-1c99-4147-8119-d3d84395a613)
 - Deleted: 0

[31/Aug/2023:13:30:08] UPDATING ACCOUNTS (JobID: 4afb1e98-1c54-4672-8e67-16fdc864bdeb)
 - New and modified: 0

[31/Aug/2023:13:30:08] DELETING ACCOUNTS (JobID: 4afb1e98-1c54-4672-8e67-16fdc864bdeb)
 - Deleted: 0

[31/Aug/2023:13:30:28] UPDATING PRODUCTS (JobID: 7bbe4dfc-3459-4ba0-8feb-d01e5f09bf47)
 - New and modified: 0

[31/Aug/2023:13:30:31] UPDATING PREPAGATI (JobID: c759b07a-403d-485d-b0e0-142a8ff4b55c)
 - New and modified: 0

[31/Aug/2023:13:30:31] DELETING PREPAGATI (JobID: c759b07a-403d-485d-b0e0-142a8ff4b55c)
 - Deleted: 0

[31/Aug/2023:14:00:07] UPDATING ACCOUNTS (JobID: 1cee1fab-89f1-4879-9266-c89169808e64)
 - New and modified: 0

[31/Aug/2023:14:00:07] DELETING ACCOUNTS (JobID: 1cee1fab-89f1-4879-9266-c89169808e64)
 - Deleted: 0

[31/Aug/2023:14:00:23] UPDATING PRODUCTS (JobID: e7d65f27-e7b6-4d13-9417-6f3f7c848de2)
 - New and modified: 0

[31/Aug/2023:14:00:28] UPDATING PREPAGATI (JobID: 6dbf1939-b594-44b8-88ce-72db8526fa02)
 - New and modified: 0

[31/Aug/2023:14:00:28] DELETING PREPAGATI (JobID: 6dbf1939-b594-44b8-88ce-72db8526fa02)
 - Deleted: 0

