[14/Jul/2023:00:00:13] UPDATING ACCOUNTS (JobID: 2147b3a3-24de-4ef9-9d7e-c95f3a587e02)
 - New and modified: 0

[14/Jul/2023:00:00:13] DELETING ACCOUNTS (JobID: 2147b3a3-24de-4ef9-9d7e-c95f3a587e02)
 - Deleted: 0

[14/Jul/2023:00:00:49] UPDATING PRODUCTS (JobID: f609ede6-5591-4e9e-8207-7e35977b42ca)
 - New and modified: 0

[14/Jul/2023:00:00:52] UPDATING PREPAGATI (JobID: 78d13d2a-b5e4-463d-9c1b-40f298f01438)
 - New and modified: 0

[14/Jul/2023:00:00:52] DELETING PREPAGATI (JobID: 78d13d2a-b5e4-463d-9c1b-40f298f01438)
 - Deleted: 0

[14/Jul/2023:00:30:04] UPDATING ACCOUNTS (JobID: 74ff7a0d-b2b9-45a4-9a91-02579c4e9e0d)
 - New and modified: 0

[14/Jul/2023:00:30:04] DELETING ACCOUNTS (JobID: 74ff7a0d-b2b9-45a4-9a91-02579c4e9e0d)
 - Deleted: 0

[14/Jul/2023:00:30:35] UPDATING PRODUCTS (JobID: 352eaba2-a77a-497b-b85c-55bd4dc6ad3d)
 - New and modified: 0

[14/Jul/2023:00:30:37] UPDATING PREPAGATI (JobID: 3a82fa75-ab27-45ef-961d-8c30b2d1a2e7)
 - New and modified: 0

[14/Jul/2023:00:30:37] DELETING PREPAGATI (JobID: 3a82fa75-ab27-45ef-961d-8c30b2d1a2e7)
 - Deleted: 0

[14/Jul/2023:01:00:04] UPDATING ACCOUNTS (JobID: 89c8c8d0-4adc-4956-99e4-260e6df87ce1)
 - New and modified: 0

[14/Jul/2023:01:00:04] DELETING ACCOUNTS (JobID: 89c8c8d0-4adc-4956-99e4-260e6df87ce1)
 - Deleted: 0

[14/Jul/2023:01:00:37] UPDATING PRODUCTS (JobID: 40fe5fc3-5faf-4854-ba00-adc1f4d55608)
 - New and modified: 0

[14/Jul/2023:01:00:38] UPDATING PREPAGATI (JobID: 9e9aa44e-ceb1-429b-a229-7935f6dacde0)
 - New and modified: 0

[14/Jul/2023:01:00:38] DELETING PREPAGATI (JobID: 9e9aa44e-ceb1-429b-a229-7935f6dacde0)
 - Deleted: 0

[14/Jul/2023:01:30:04] UPDATING ACCOUNTS (JobID: 9fe10643-11f4-49ca-a0a8-08337fb57c37)
 - New and modified: 0

[14/Jul/2023:01:30:04] DELETING ACCOUNTS (JobID: 9fe10643-11f4-49ca-a0a8-08337fb57c37)
 - Deleted: 0

[14/Jul/2023:01:30:31] UPDATING PRODUCTS (JobID: 0145e888-c4db-4df3-a69b-c0d121b30b5e)
 - New and modified: 0

[14/Jul/2023:01:30:32] UPDATING PREPAGATI (JobID: 1e73578a-836c-43ef-a7f7-7f3111266978)
 - New and modified: 0

[14/Jul/2023:01:30:32] DELETING PREPAGATI (JobID: 1e73578a-836c-43ef-a7f7-7f3111266978)
 - Deleted: 0

[14/Jul/2023:02:00:04] UPDATING ACCOUNTS (JobID: e7109a16-7479-48d8-95e2-eae176d40019)
 - New and modified: 0

[14/Jul/2023:02:00:04] DELETING ACCOUNTS (JobID: e7109a16-7479-48d8-95e2-eae176d40019)
 - Deleted: 0

[14/Jul/2023:02:00:35] UPDATING PRODUCTS (JobID: db614c42-6e67-4762-81f9-9bd241684783)
 - New and modified: 0

[14/Jul/2023:02:00:37] UPDATING PREPAGATI (JobID: 914924c0-1588-4a98-bf78-36d542a62a29)
 - New and modified: 0

[14/Jul/2023:02:00:37] DELETING PREPAGATI (JobID: 914924c0-1588-4a98-bf78-36d542a62a29)
 - Deleted: 0

[14/Jul/2023:02:30:07] UPDATING ACCOUNTS (JobID: b9a51a68-422e-4117-95b5-2b0e6e219e22)
 - New and modified: 0

[14/Jul/2023:02:30:07] DELETING ACCOUNTS (JobID: b9a51a68-422e-4117-95b5-2b0e6e219e22)
 - Deleted: 0

[14/Jul/2023:02:30:38] UPDATING PRODUCTS (JobID: f0de6bf8-2c49-4cfd-aacf-1193fd0b9802)
 - New and modified: 0

[14/Jul/2023:02:30:41] UPDATING PREPAGATI (JobID: 7ed56c8b-c3b2-446b-a433-adceff9ccaf9)
 - New and modified: 0

[14/Jul/2023:02:30:41] DELETING PREPAGATI (JobID: 7ed56c8b-c3b2-446b-a433-adceff9ccaf9)
 - Deleted: 0

[14/Jul/2023:04:00:10] UPDATING ACCOUNTS (JobID: ce317209-05ba-4893-8763-6b462554df6e)
 - New and modified: 0

[14/Jul/2023:04:00:10] DELETING ACCOUNTS (JobID: ce317209-05ba-4893-8763-6b462554df6e)
 - Deleted: 0

[14/Jul/2023:04:00:46] UPDATING PRODUCTS (JobID: 3f1008ae-09d7-4fbe-be8b-77e9056cc43f)
 - New and modified: 0

[14/Jul/2023:04:00:49] UPDATING PREPAGATI (JobID: bcea6408-7da3-417b-b74f-f93a75b430c0)
 - New and modified: 0

[14/Jul/2023:04:00:49] DELETING PREPAGATI (JobID: bcea6408-7da3-417b-b74f-f93a75b430c0)
 - Deleted: 0

[14/Jul/2023:04:30:09] UPDATING ACCOUNTS (JobID: 3ebed7d0-29ee-4e9c-8f7c-b7fddcae2ec7)
 - New and modified: 0

[14/Jul/2023:04:30:09] DELETING ACCOUNTS (JobID: 3ebed7d0-29ee-4e9c-8f7c-b7fddcae2ec7)
 - Deleted: 0

[14/Jul/2023:04:30:47] UPDATING PRODUCTS (JobID: e5c47e1f-01e9-44bd-9222-eb865e8de4c5)
 - New and modified: 0

[14/Jul/2023:04:30:51] UPDATING PREPAGATI (JobID: d65cab76-a4af-4c04-91ce-bbebcf7e3548)
 - New and modified: 0

[14/Jul/2023:04:30:51] DELETING PREPAGATI (JobID: d65cab76-a4af-4c04-91ce-bbebcf7e3548)
 - Deleted: 0

[14/Jul/2023:05:30:09] UPDATING ACCOUNTS (JobID: aed6cbb6-6cd8-48ec-bdcc-4bafecad8cf2)
 - New and modified: 0

[14/Jul/2023:05:30:09] DELETING ACCOUNTS (JobID: aed6cbb6-6cd8-48ec-bdcc-4bafecad8cf2)
 - Deleted: 0

[14/Jul/2023:05:30:41] UPDATING PRODUCTS (JobID: aefdcc9d-42b5-4e93-a26e-19284421d7ac)
 - New and modified: 0

[14/Jul/2023:05:30:44] UPDATING PREPAGATI (JobID: fd3d803c-9e4c-4d50-bbe7-044a2cac625f)
 - New and modified: 0

[14/Jul/2023:05:30:44] DELETING PREPAGATI (JobID: fd3d803c-9e4c-4d50-bbe7-044a2cac625f)
 - Deleted: 0

[14/Jul/2023:06:00:04] UPDATING ACCOUNTS (JobID: 411af1ff-d29f-438b-a986-42c36e41ad50)
 - New and modified: 0

[14/Jul/2023:06:00:04] DELETING ACCOUNTS (JobID: 411af1ff-d29f-438b-a986-42c36e41ad50)
 - Deleted: 0

[14/Jul/2023:06:00:37] UPDATING PRODUCTS (JobID: 55f2b9a8-2e84-4998-a512-f69e30adc39d)
 - New and modified: 0

[14/Jul/2023:06:00:39] UPDATING PREPAGATI (JobID: a2c48298-a7b3-449c-ad68-747f16e07ad4)
 - New and modified: 0

[14/Jul/2023:06:00:39] DELETING PREPAGATI (JobID: a2c48298-a7b3-449c-ad68-747f16e07ad4)
 - Deleted: 0

[14/Jul/2023:06:30:07] UPDATING ACCOUNTS (JobID: 42e27e99-0fbd-4ec8-9061-f7e3b8506bb1)
 - New and modified: 0

[14/Jul/2023:06:30:07] DELETING ACCOUNTS (JobID: 42e27e99-0fbd-4ec8-9061-f7e3b8506bb1)
 - Deleted: 0

[14/Jul/2023:06:30:41] UPDATING PRODUCTS (JobID: feb743fb-be26-43ca-8a30-ec9a414cd585)
 - New and modified: 0

[14/Jul/2023:06:30:44] UPDATING PREPAGATI (JobID: 92137335-3ba3-4d76-932b-45fc5712b1b5)
 - New and modified: 0

[14/Jul/2023:06:30:44] DELETING PREPAGATI (JobID: 92137335-3ba3-4d76-932b-45fc5712b1b5)
 - Deleted: 0

[14/Jul/2023:07:00:20] UPDATING ACCOUNTS (JobID: c4326b54-f12a-466f-94a4-6cf21d82f79e)
 - New and modified: 0

[14/Jul/2023:07:00:20] DELETING ACCOUNTS (JobID: c4326b54-f12a-466f-94a4-6cf21d82f79e)
 - Deleted: 0

[14/Jul/2023:07:00:55] UPDATING PRODUCTS (JobID: 55b32e41-54bc-4c0f-bb2d-fb340095820c)
 - New and modified: 0

[14/Jul/2023:07:00:59] UPDATING PREPAGATI (JobID: d69a5e10-97ac-4852-8957-599d0d7ce24d)
 - New and modified: 0

[14/Jul/2023:07:00:59] DELETING PREPAGATI (JobID: d69a5e10-97ac-4852-8957-599d0d7ce24d)
 - Deleted: 0

[14/Jul/2023:07:30:04] UPDATING ACCOUNTS (JobID: 0c6411fb-7b38-425a-b73c-0b6b3e89f189)
 - New and modified: 0

[14/Jul/2023:07:30:04] DELETING ACCOUNTS (JobID: 0c6411fb-7b38-425a-b73c-0b6b3e89f189)
 - Deleted: 0

[14/Jul/2023:07:30:37] UPDATING PRODUCTS (JobID: da351fad-e613-4518-9b63-406b339139b3)
 - New and modified: 0

[14/Jul/2023:07:30:38] UPDATING PREPAGATI (JobID: 12cb31f7-351c-44ae-9b71-4ffd689b467e)
 - New and modified: 0

[14/Jul/2023:07:30:38] DELETING PREPAGATI (JobID: 12cb31f7-351c-44ae-9b71-4ffd689b467e)
 - Deleted: 0

[14/Jul/2023:08:00:04] UPDATING ACCOUNTS (JobID: 81fdcdbc-e315-49be-be87-6e8e4316bf35)
 - New and modified: 0

[14/Jul/2023:08:00:04] DELETING ACCOUNTS (JobID: 81fdcdbc-e315-49be-be87-6e8e4316bf35)
 - Deleted: 0

[14/Jul/2023:08:00:39] UPDATING PRODUCTS (JobID: 78b4f640-7547-46f6-95f7-7b03255b1501)
 - New and modified: 0

[14/Jul/2023:08:00:41] UPDATING PREPAGATI (JobID: dca025bc-f89a-4c0d-8ed3-dd43e54064f3)
 - New and modified: 0

[14/Jul/2023:08:00:41] DELETING PREPAGATI (JobID: dca025bc-f89a-4c0d-8ed3-dd43e54064f3)
 - Deleted: 0

[14/Jul/2023:08:30:08] UPDATING ACCOUNTS (JobID: 5a733f97-047b-481a-93f6-174a8abba5b0)
 - New and modified: 0

[14/Jul/2023:08:30:08] DELETING ACCOUNTS (JobID: 5a733f97-047b-481a-93f6-174a8abba5b0)
 - Deleted: 0

[14/Jul/2023:08:30:42] UPDATING PRODUCTS (JobID: 6ac3f4de-8e1d-40bf-996b-82289f2b3877)
 - New and modified: 0

[14/Jul/2023:08:30:44] UPDATING PREPAGATI (JobID: 195d7297-691b-4cd8-9326-da7c49f376b1)
 - New and modified: 0

[14/Jul/2023:08:30:44] DELETING PREPAGATI (JobID: 195d7297-691b-4cd8-9326-da7c49f376b1)
 - Deleted: 0

[14/Jul/2023:09:00:04] UPDATING ACCOUNTS (JobID: 7386bf30-fa23-4ebf-951f-159c82774cec)
 - New and modified: 0

[14/Jul/2023:09:00:04] DELETING ACCOUNTS (JobID: 7386bf30-fa23-4ebf-951f-159c82774cec)
 - Deleted: 0

[14/Jul/2023:09:00:36] UPDATING PRODUCTS (JobID: 2d0bbde0-3e28-4690-8f3f-9b842cb0d422)
 - New and modified: 0

[14/Jul/2023:09:00:38] UPDATING PREPAGATI (JobID: c9c0e539-2603-4c97-99a0-8dd59d602761)
 - New and modified: 0

[14/Jul/2023:09:00:38] DELETING PREPAGATI (JobID: c9c0e539-2603-4c97-99a0-8dd59d602761)
 - Deleted: 0

[14/Jul/2023:09:30:05] UPDATING ACCOUNTS (JobID: c626585d-8b35-4bd3-88f7-f71ebe177ccf)
 - New and modified: 0

[14/Jul/2023:09:30:05] DELETING ACCOUNTS (JobID: c626585d-8b35-4bd3-88f7-f71ebe177ccf)
 - Deleted: 0

[14/Jul/2023:09:30:36] UPDATING PRODUCTS (JobID: 74007c10-7a9a-4d58-910a-725c6b857ac9)
 - New and modified: 0

[14/Jul/2023:09:30:38] UPDATING PREPAGATI (JobID: 98eb0e30-08f0-48db-acee-5bac6d68d6fd)
 - New and modified: 0

[14/Jul/2023:09:30:38] DELETING PREPAGATI (JobID: 98eb0e30-08f0-48db-acee-5bac6d68d6fd)
 - Deleted: 0

[14/Jul/2023:10:00:06] UPDATING ACCOUNTS (JobID: dc5e5b98-e648-4714-8cfa-d0db500f94e5)
 - New and modified: 0

[14/Jul/2023:10:00:06] DELETING ACCOUNTS (JobID: dc5e5b98-e648-4714-8cfa-d0db500f94e5)
 - Deleted: 0

[14/Jul/2023:10:00:39] UPDATING PRODUCTS (JobID: 55be7ed1-ad9f-4cff-bf5f-9792114108f8)
 - New and modified: 0

[14/Jul/2023:10:00:41] UPDATING PREPAGATI (JobID: 3cd9f9c9-734a-4ec1-85c0-31dbb8679235)
 - New and modified: 0

[14/Jul/2023:10:00:41] DELETING PREPAGATI (JobID: 3cd9f9c9-734a-4ec1-85c0-31dbb8679235)
 - Deleted: 0

[14/Jul/2023:10:30:04] UPDATING ACCOUNTS (JobID: cc00d692-ccad-41ce-9f6d-c9908285ae39)
 - New and modified: 0

[14/Jul/2023:10:30:04] DELETING ACCOUNTS (JobID: cc00d692-ccad-41ce-9f6d-c9908285ae39)
 - Deleted: 0

[14/Jul/2023:10:30:36] UPDATING PRODUCTS (JobID: da3323e2-1f03-455f-afe8-43af3ef4dfbf)
 - New and modified: 0

[14/Jul/2023:10:30:38] UPDATING PREPAGATI (JobID: 5171f7cf-611e-40ed-9251-0f5969d2071f)
 - New and modified: 0

[14/Jul/2023:10:30:38] DELETING PREPAGATI (JobID: 5171f7cf-611e-40ed-9251-0f5969d2071f)
 - Deleted: 0

[14/Jul/2023:11:00:08] UPDATING ACCOUNTS (JobID: 80cea111-e0bd-43d9-bccc-3d33c3133ff9)
 - New and modified: 0

[14/Jul/2023:11:00:08] DELETING ACCOUNTS (JobID: 80cea111-e0bd-43d9-bccc-3d33c3133ff9)
 - Deleted: 0

[14/Jul/2023:11:00:39] UPDATING PRODUCTS (JobID: 36fe4063-07ec-4c57-b3c3-1b55b3d7644b)
 - New and modified: 0

[14/Jul/2023:11:00:42] UPDATING PREPAGATI (JobID: 4a893a62-b5a0-472a-83ed-121d557e8f80)
 - New and modified: 0

[14/Jul/2023:11:00:42] DELETING PREPAGATI (JobID: 4a893a62-b5a0-472a-83ed-121d557e8f80)
 - Deleted: 0

[14/Jul/2023:11:30:09] UPDATING ACCOUNTS (JobID: 40894079-eed9-4f77-b74f-a69c0577a468)
 - New and modified: 0

[14/Jul/2023:11:30:09] DELETING ACCOUNTS (JobID: 40894079-eed9-4f77-b74f-a69c0577a468)
 - Deleted: 0

[14/Jul/2023:11:30:40] UPDATING PRODUCTS (JobID: 88ed5e70-a264-4442-98ea-e2024fbb2fdc)
 - New and modified: 0

[14/Jul/2023:11:30:43] UPDATING PREPAGATI (JobID: 97f7e9b4-6126-4e12-9679-c6f85643765a)
 - New and modified: 0

[14/Jul/2023:11:30:43] DELETING PREPAGATI (JobID: 97f7e9b4-6126-4e12-9679-c6f85643765a)
 - Deleted: 0

[14/Jul/2023:12:00:07] UPDATING ACCOUNTS (JobID: ffe4c8d2-5ae9-44de-be13-3a8410273a61)
 - New and modified: 0

[14/Jul/2023:12:00:07] DELETING ACCOUNTS (JobID: ffe4c8d2-5ae9-44de-be13-3a8410273a61)
 - Deleted: 0

[14/Jul/2023:12:00:38] UPDATING PRODUCTS (JobID: 7e02efbf-e338-4dfa-b1e7-f9a56882b3b2)
 - New and modified: 0

[14/Jul/2023:12:00:41] UPDATING PREPAGATI (JobID: 43abdb49-7935-425c-a04a-eb1e3bdf2cca)
 - New and modified: 0

[14/Jul/2023:12:00:41] DELETING PREPAGATI (JobID: 43abdb49-7935-425c-a04a-eb1e3bdf2cca)
 - Deleted: 0

[14/Jul/2023:12:30:08] UPDATING ACCOUNTS (JobID: 1b223a16-bddd-4d05-8298-185951df2823)
 - New and modified: 0

[14/Jul/2023:12:30:08] DELETING ACCOUNTS (JobID: 1b223a16-bddd-4d05-8298-185951df2823)
 - Deleted: 0

[14/Jul/2023:12:30:39] UPDATING PRODUCTS (JobID: 12c87825-0e0c-4624-a07b-307b8a2d7539)
 - New and modified: 0

[14/Jul/2023:12:30:41] UPDATING PREPAGATI (JobID: 314f413b-b657-4bf6-acad-ae08ecf759db)
 - New and modified: 0

[14/Jul/2023:12:30:41] DELETING PREPAGATI (JobID: 314f413b-b657-4bf6-acad-ae08ecf759db)
 - Deleted: 0

[14/Jul/2023:13:00:04] UPDATING ACCOUNTS (JobID: b13e1249-2f17-4d5a-89e6-2f8419292a85)
 - New and modified: 0

[14/Jul/2023:13:00:04] DELETING ACCOUNTS (JobID: b13e1249-2f17-4d5a-89e6-2f8419292a85)
 - Deleted: 0

[14/Jul/2023:13:00:35] UPDATING PRODUCTS (JobID: b157f18d-1a52-48ab-8998-928933c89145)
 - New and modified: 0

[14/Jul/2023:13:00:37] UPDATING PREPAGATI (JobID: df3a86bc-d291-491a-a755-6512ec1542a6)
 - New and modified: 0

[14/Jul/2023:13:00:37] DELETING PREPAGATI (JobID: df3a86bc-d291-491a-a755-6512ec1542a6)
 - Deleted: 0

[14/Jul/2023:13:30:08] UPDATING ACCOUNTS (JobID: 3f5aebbc-9b97-4c06-9e8f-7ebe1cfcd278)
 - New and modified: 0

[14/Jul/2023:13:30:08] DELETING ACCOUNTS (JobID: 3f5aebbc-9b97-4c06-9e8f-7ebe1cfcd278)
 - Deleted: 0

[14/Jul/2023:13:30:39] UPDATING PRODUCTS (JobID: 6f9762e0-d36e-4e3d-8c2d-c07300645271)
 - New and modified: 0

[14/Jul/2023:13:30:42] UPDATING PREPAGATI (JobID: 2e672827-4763-42ef-bc51-0e3c9f04767f)
 - New and modified: 0

[14/Jul/2023:13:30:42] DELETING PREPAGATI (JobID: 2e672827-4763-42ef-bc51-0e3c9f04767f)
 - Deleted: 0

[14/Jul/2023:14:00:04] UPDATING ACCOUNTS (JobID: 8e9a197e-6487-4025-8b89-4044c7cc3a33)
 - New and modified: 0

[14/Jul/2023:14:00:04] DELETING ACCOUNTS (JobID: 8e9a197e-6487-4025-8b89-4044c7cc3a33)
 - Deleted: 0

[14/Jul/2023:14:00:35] UPDATING PRODUCTS (JobID: 4cb38684-7705-4e3d-b182-28985ed3d77e)
 - New and modified: 0

[14/Jul/2023:14:00:37] UPDATING PREPAGATI (JobID: 4c8c783b-65e3-403f-8fef-ac1aa93a0a16)
 - New and modified: 0

[14/Jul/2023:14:00:37] DELETING PREPAGATI (JobID: 4c8c783b-65e3-403f-8fef-ac1aa93a0a16)
 - Deleted: 0

[14/Jul/2023:14:30:04] UPDATING ACCOUNTS (JobID: bcefd633-753f-49d3-9d4c-ef633e63044a)
 - New and modified: 0

[14/Jul/2023:14:30:04] DELETING ACCOUNTS (JobID: bcefd633-753f-49d3-9d4c-ef633e63044a)
 - Deleted: 0

[14/Jul/2023:14:30:34] UPDATING PRODUCTS (JobID: 257bcab0-be67-48b5-be56-71714ede8755)
 - New and modified: 0

[14/Jul/2023:14:30:35] UPDATING PREPAGATI (JobID: f77c8341-d007-478b-a199-a2df3ea88931)
 - New and modified: 0

[14/Jul/2023:14:30:35] DELETING PREPAGATI (JobID: f77c8341-d007-478b-a199-a2df3ea88931)
 - Deleted: 0

[14/Jul/2023:15:00:09] UPDATING ACCOUNTS (JobID: d4a632e8-2aba-4f20-8f35-0b70c0676299)
 - New and modified: 0

[14/Jul/2023:15:00:09] DELETING ACCOUNTS (JobID: d4a632e8-2aba-4f20-8f35-0b70c0676299)
 - Deleted: 0

[14/Jul/2023:15:00:39] UPDATING PRODUCTS (JobID: 119f1bfd-3648-464e-9527-cf9e51116cac)
 - New and modified: 0

[14/Jul/2023:15:00:42] UPDATING PREPAGATI (JobID: d249ff64-1a81-4215-93c8-06b71ecc7e27)
 - New and modified: 0

[14/Jul/2023:15:00:42] DELETING PREPAGATI (JobID: d249ff64-1a81-4215-93c8-06b71ecc7e27)
 - Deleted: 0

[14/Jul/2023:15:30:09] UPDATING ACCOUNTS (JobID: bc295eca-1896-42de-bfc6-d742696b5b26)
 - New and modified: 0

[14/Jul/2023:15:30:09] DELETING ACCOUNTS (JobID: bc295eca-1896-42de-bfc6-d742696b5b26)
 - Deleted: 0

[14/Jul/2023:15:30:39] UPDATING PRODUCTS (JobID: 3efd610c-d7c7-447d-bda2-a320e169663f)
 - New and modified: 0

[14/Jul/2023:15:30:42] UPDATING PREPAGATI (JobID: 9fb607b5-0010-49c7-93eb-48d056a3037a)
 - New and modified: 0

[14/Jul/2023:15:30:42] DELETING PREPAGATI (JobID: 9fb607b5-0010-49c7-93eb-48d056a3037a)
 - Deleted: 0

[14/Jul/2023:17:00:08] UPDATING ACCOUNTS (JobID: 0a7302f1-f4d6-4e89-a01c-5322d3f1f57e)
 - New and modified: 0

[14/Jul/2023:17:00:08] DELETING ACCOUNTS (JobID: 0a7302f1-f4d6-4e89-a01c-5322d3f1f57e)
 - Deleted: 0

[14/Jul/2023:17:00:39] UPDATING PRODUCTS (JobID: e2393474-a28a-448e-bae2-7fafb1404ce4)
 - New and modified: 0

[14/Jul/2023:17:00:42] UPDATING PREPAGATI (JobID: a5e4b45e-bdd6-4665-a7ae-4230202d45ec)
 - New and modified: 0

[14/Jul/2023:17:00:42] DELETING PREPAGATI (JobID: a5e4b45e-bdd6-4665-a7ae-4230202d45ec)
 - Deleted: 0

[14/Jul/2023:17:30:04] UPDATING ACCOUNTS (JobID: bf4c8431-57ef-487b-905b-9cd1ed061974)
 - New and modified: 0

[14/Jul/2023:17:30:04] DELETING ACCOUNTS (JobID: bf4c8431-57ef-487b-905b-9cd1ed061974)
 - Deleted: 0

[14/Jul/2023:17:30:35] UPDATING PRODUCTS (JobID: 168a6e28-2338-4d61-a06f-dec764722f9c)
 - New and modified: 0

[14/Jul/2023:17:30:45] UPDATING PREPAGATI
 - AdHocAPI connection failed.

[14/Jul/2023:19:00:33] UPDATING ACCOUNTS (JobID: 096b964b-816a-4210-8c9b-afc10103776f)
 - New and modified: 0

[14/Jul/2023:19:00:33] DELETING ACCOUNTS (JobID: 096b964b-816a-4210-8c9b-afc10103776f)
 - Deleted: 0

[14/Jul/2023:19:01:21] UPDATING PRODUCTS (JobID: 26588fc3-fdc0-4287-987f-07ace77a6093)
 - New and modified: 0

[14/Jul/2023:19:01:32] UPDATING PREPAGATI (JobID: f55cb9ab-d73c-4ca8-8739-b2d33e6197c7)
 - New and modified: 0

[14/Jul/2023:19:01:32] DELETING PREPAGATI (JobID: f55cb9ab-d73c-4ca8-8739-b2d33e6197c7)
 - Deleted: 0

[14/Jul/2023:19:30:04] UPDATING ACCOUNTS (JobID: 94988ad2-a3df-4328-a91d-4c45958fa4fa)
 - New and modified: 0

[14/Jul/2023:19:30:04] DELETING ACCOUNTS (JobID: 94988ad2-a3df-4328-a91d-4c45958fa4fa)
 - Deleted: 0

[14/Jul/2023:19:30:46] UPDATING PRODUCTS (JobID: 8b2b7f08-9f12-4681-a0b0-e6b6a5b1a9b6)
 - New and modified: 0

[14/Jul/2023:19:30:48] UPDATING PREPAGATI (JobID: 8ec413bc-b034-40db-913d-abce1f569e1e)
 - New and modified: 0

[14/Jul/2023:19:30:48] DELETING PREPAGATI (JobID: 8ec413bc-b034-40db-913d-abce1f569e1e)
 - Deleted: 0

[14/Jul/2023:20:00:05] UPDATING ACCOUNTS (JobID: 3c066191-21cb-44a1-b207-7aa277a8c4be)
 - New and modified: 0

[14/Jul/2023:20:00:05] DELETING ACCOUNTS (JobID: 3c066191-21cb-44a1-b207-7aa277a8c4be)
 - Deleted: 0

[14/Jul/2023:20:00:48] UPDATING PRODUCTS (JobID: 8b602d86-c7a9-45bd-acc8-4fcae8bda1ee)
 - New and modified: 0

[14/Jul/2023:20:00:50] UPDATING PREPAGATI (JobID: db1d807a-6108-4fbb-b73d-0a79ea7b74f9)
 - New and modified: 0

[14/Jul/2023:20:00:50] DELETING PREPAGATI (JobID: db1d807a-6108-4fbb-b73d-0a79ea7b74f9)
 - Deleted: 0

[14/Jul/2023:20:30:05] UPDATING ACCOUNTS (JobID: 976caf4a-e54c-4e97-8c67-0ee619f00fae)
 - New and modified: 0

[14/Jul/2023:20:30:05] DELETING ACCOUNTS (JobID: 976caf4a-e54c-4e97-8c67-0ee619f00fae)
 - Deleted: 0

[14/Jul/2023:20:30:44] UPDATING PRODUCTS (JobID: 4b384b96-ecab-44cf-9474-5854888fe379)
 - New and modified: 0

[14/Jul/2023:20:30:46] UPDATING PREPAGATI (JobID: cff9f599-908c-471f-8302-ba264bff5f36)
 - New and modified: 0

[14/Jul/2023:20:30:46] DELETING PREPAGATI (JobID: cff9f599-908c-471f-8302-ba264bff5f36)
 - Deleted: 0

[14/Jul/2023:21:00:07] UPDATING ACCOUNTS (JobID: a0a7f735-328f-4321-938a-f9f9dc47499a)
 - New and modified: 0

[14/Jul/2023:21:00:07] DELETING ACCOUNTS (JobID: a0a7f735-328f-4321-938a-f9f9dc47499a)
 - Deleted: 0

[14/Jul/2023:21:00:50] UPDATING PRODUCTS (JobID: aebd403b-4157-4681-8848-ef9efb69bf28)
 - New and modified: 0

[14/Jul/2023:21:00:54] UPDATING PREPAGATI (JobID: dd6d8717-f818-49bb-b4d2-641f984a998b)
 - New and modified: 0

[14/Jul/2023:21:00:54] DELETING PREPAGATI (JobID: dd6d8717-f818-49bb-b4d2-641f984a998b)
 - Deleted: 0

[14/Jul/2023:21:30:08] UPDATING ACCOUNTS (JobID: 3a7e9b2b-826e-4f68-a6fc-9f545fef194b)
 - New and modified: 0

[14/Jul/2023:21:30:08] DELETING ACCOUNTS (JobID: 3a7e9b2b-826e-4f68-a6fc-9f545fef194b)
 - Deleted: 0

[14/Jul/2023:21:30:49] UPDATING PRODUCTS (JobID: cf2bd980-179e-4638-850a-bafcc0da4b67)
 - New and modified: 0

[14/Jul/2023:21:30:52] UPDATING PREPAGATI (JobID: 0d38d32d-ec7c-428d-a624-fff9b362812e)
 - New and modified: 0

[14/Jul/2023:21:30:52] DELETING PREPAGATI (JobID: 0d38d32d-ec7c-428d-a624-fff9b362812e)
 - Deleted: 0

[14/Jul/2023:22:00:07] UPDATING ACCOUNTS (JobID: 3e4f0c33-ee6f-45c1-bb07-66b42b5e5e8b)
 - New and modified: 0

[14/Jul/2023:22:00:07] DELETING ACCOUNTS (JobID: 3e4f0c33-ee6f-45c1-bb07-66b42b5e5e8b)
 - Deleted: 0

[14/Jul/2023:22:00:54] UPDATING PRODUCTS (JobID: 38815573-da10-4a92-853d-b026e724afe2)
 - New and modified: 0

[14/Jul/2023:22:00:57] UPDATING PREPAGATI (JobID: a6e66d4e-ae6d-4e4e-94b8-898d4fa6e707)
 - New and modified: 0

[14/Jul/2023:22:00:57] DELETING PREPAGATI (JobID: a6e66d4e-ae6d-4e4e-94b8-898d4fa6e707)
 - Deleted: 0

[14/Jul/2023:22:30:08] UPDATING ACCOUNTS (JobID: 4335b562-5056-476a-84bf-bf5c106da066)
 - New and modified: 0

[14/Jul/2023:22:30:08] DELETING ACCOUNTS (JobID: 4335b562-5056-476a-84bf-bf5c106da066)
 - Deleted: 0

[14/Jul/2023:22:30:55] UPDATING PRODUCTS (JobID: 2a9fe635-a13c-4c7a-9b28-289e77620a5c)
 - New and modified: 0

[14/Jul/2023:22:30:59] UPDATING PREPAGATI (JobID: 7aebd7ac-5b93-4f2f-9386-5df012efe6de)
 - New and modified: 0

[14/Jul/2023:22:30:59] DELETING PREPAGATI (JobID: 7aebd7ac-5b93-4f2f-9386-5df012efe6de)
 - Deleted: 0

[14/Jul/2023:23:00:05] UPDATING ACCOUNTS (JobID: 58fe5301-9b28-46f7-903f-999f802f9868)
 - New and modified: 0

[14/Jul/2023:23:00:05] DELETING ACCOUNTS (JobID: 58fe5301-9b28-46f7-903f-999f802f9868)
 - Deleted: 0

[14/Jul/2023:23:00:45] UPDATING PRODUCTS (JobID: 8778af51-01dc-4e2d-9996-4740819eae7e)
 - New and modified: 0

[14/Jul/2023:23:00:47] UPDATING PREPAGATI (JobID: 119b35a9-888e-4cf8-a4dd-8529b329a2b9)
 - New and modified: 0

[14/Jul/2023:23:00:47] DELETING PREPAGATI (JobID: 119b35a9-888e-4cf8-a4dd-8529b329a2b9)
 - Deleted: 0

[14/Jul/2023:23:30:04] UPDATING ACCOUNTS (JobID: 8358d842-9f68-4ac2-94f1-da87c0b02f8c)
 - New and modified: 0

[14/Jul/2023:23:30:04] DELETING ACCOUNTS (JobID: 8358d842-9f68-4ac2-94f1-da87c0b02f8c)
 - Deleted: 0

[14/Jul/2023:23:30:47] UPDATING PRODUCTS (JobID: 9ab2465a-6937-4a75-9b7f-2f55ba9a055c)
 - New and modified: 0

[14/Jul/2023:23:30:49] UPDATING PREPAGATI (JobID: e4dc2e4d-0bf8-4dd4-86df-f963c23577e0)
 - New and modified: 0

[14/Jul/2023:23:30:49] DELETING PREPAGATI (JobID: e4dc2e4d-0bf8-4dd4-86df-f963c23577e0)
 - Deleted: 0

