[29/Jun/2023:00:00:04] UPDATING ACCOUNTS (JobID: e4a4951c-60b4-43d2-a249-41408d10f6fe)
 - New and modified: 0

[29/Jun/2023:00:00:04] DELETING ACCOUNTS (JobID: e4a4951c-60b4-43d2-a249-41408d10f6fe)
 - Deleted: 0

[29/Jun/2023:00:00:36] UPDATING PRODUCTS (JobID: dfa4133c-957d-4857-883f-850485ebdfd3)
 - New and modified: 0

[29/Jun/2023:00:00:37] UPDATING PREPAGATI (JobID: 9600b880-2e1e-4f61-9c80-e1f31f333e91)
 - New and modified: 0

[29/Jun/2023:00:00:37] DELETING PREPAGATI (JobID: 9600b880-2e1e-4f61-9c80-e1f31f333e91)
 - Deleted: 0

[29/Jun/2023:00:10:04] UPDATING ACCOUNTS (JobID: a6a1cdab-b5c4-4526-a90f-8be8ec35964b)
 - New and modified: 0

[29/Jun/2023:00:10:04] DELETING ACCOUNTS (JobID: a6a1cdab-b5c4-4526-a90f-8be8ec35964b)
 - Deleted: 0

[29/Jun/2023:00:10:37] UPDATING PRODUCTS (JobID: b891384c-9490-4ee9-81f1-900862a8554a)
 - New and modified: 0

[29/Jun/2023:00:10:39] UPDATING PREPAGATI (JobID: 0b53f785-371e-4b8d-8a6b-b56fd8545a9c)
 - New and modified: 0

[29/Jun/2023:00:10:39] DELETING PREPAGATI (JobID: 0b53f785-371e-4b8d-8a6b-b56fd8545a9c)
 - Deleted: 0

[29/Jun/2023:00:40:04] UPDATING ACCOUNTS (JobID: e689e831-4d93-44a4-b5d3-210398044f1e)
 - New and modified: 0

[29/Jun/2023:00:40:04] DELETING ACCOUNTS (JobID: e689e831-4d93-44a4-b5d3-210398044f1e)
 - Deleted: 0

[29/Jun/2023:00:40:35] UPDATING PRODUCTS (JobID: 2742b379-7fe8-44ff-8725-27a91c23bc54)
 - New and modified: 0

[29/Jun/2023:00:40:37] UPDATING PREPAGATI (JobID: 9221d2d8-49bf-4da3-8a73-f269400cf011)
 - New and modified: 0

[29/Jun/2023:00:40:37] DELETING PREPAGATI (JobID: 9221d2d8-49bf-4da3-8a73-f269400cf011)
 - Deleted: 0

[29/Jun/2023:00:50:04] UPDATING ACCOUNTS (JobID: e75750fd-0a52-420d-9a86-ecf6f587605b)
 - New and modified: 0

[29/Jun/2023:00:50:04] DELETING ACCOUNTS (JobID: e75750fd-0a52-420d-9a86-ecf6f587605b)
 - Deleted: 0

[29/Jun/2023:00:50:38] UPDATING PRODUCTS (JobID: 32bcf4ca-e374-4e38-aaa2-056da345c35c)
 - New and modified: 0

[29/Jun/2023:00:50:40] UPDATING PREPAGATI (JobID: 4b3de5b9-6460-47ac-9e80-8325e00a900d)
 - New and modified: 0

[29/Jun/2023:00:50:40] DELETING PREPAGATI (JobID: 4b3de5b9-6460-47ac-9e80-8325e00a900d)
 - Deleted: 0

[29/Jun/2023:01:00:04] UPDATING ACCOUNTS (JobID: 323ae9a6-c583-4f2d-b67e-f416945a8fa1)
 - New and modified: 0

[29/Jun/2023:01:00:04] DELETING ACCOUNTS (JobID: 323ae9a6-c583-4f2d-b67e-f416945a8fa1)
 - Deleted: 0

[29/Jun/2023:01:00:37] UPDATING PRODUCTS (JobID: 80f32b94-eea6-485e-8a1c-0a56d9afcae3)
 - New and modified: 0

[29/Jun/2023:01:00:39] UPDATING PREPAGATI (JobID: 5c482eaa-bd10-4d98-89e3-4c2cf9ca5922)
 - New and modified: 0

[29/Jun/2023:01:00:39] DELETING PREPAGATI (JobID: 5c482eaa-bd10-4d98-89e3-4c2cf9ca5922)
 - Deleted: 0

[29/Jun/2023:01:10:05] UPDATING ACCOUNTS (JobID: d9bd68b7-7808-4e41-88bd-b18f2b3ffe71)
 - New and modified: 0

[29/Jun/2023:01:10:05] DELETING ACCOUNTS (JobID: d9bd68b7-7808-4e41-88bd-b18f2b3ffe71)
 - Deleted: 0

[29/Jun/2023:01:10:46] UPDATING PRODUCTS (JobID: 4d20927e-fcf0-4d7a-a6ef-02cb5a15e76a)
 - New and modified: 0

[29/Jun/2023:01:10:48] UPDATING PREPAGATI (JobID: 3c17b565-cdf1-4ed7-916b-edb24c1994cf)
 - New and modified: 0

[29/Jun/2023:01:10:48] DELETING PREPAGATI (JobID: 3c17b565-cdf1-4ed7-916b-edb24c1994cf)
 - Deleted: 0

[29/Jun/2023:01:30:04] UPDATING ACCOUNTS (JobID: ff51f149-7488-45ed-886e-6c628fa5f0ab)
 - New and modified: 0

[29/Jun/2023:01:30:04] DELETING ACCOUNTS (JobID: ff51f149-7488-45ed-886e-6c628fa5f0ab)
 - Deleted: 0

[29/Jun/2023:01:30:37] UPDATING PRODUCTS (JobID: aceed582-ab69-4302-b7d7-86fdcdd907d0)
 - New and modified: 0

[29/Jun/2023:01:30:39] UPDATING PREPAGATI (JobID: 09740825-fba3-482f-b423-b9906eefadfb)
 - New and modified: 0

[29/Jun/2023:01:30:39] DELETING PREPAGATI (JobID: 09740825-fba3-482f-b423-b9906eefadfb)
 - Deleted: 0

[29/Jun/2023:02:00:04] UPDATING ACCOUNTS (JobID: df30c528-2196-40ed-b271-bb0b63c0db0e)
 - New and modified: 0

[29/Jun/2023:02:00:04] DELETING ACCOUNTS (JobID: df30c528-2196-40ed-b271-bb0b63c0db0e)
 - Deleted: 0

[29/Jun/2023:02:00:46] UPDATING PRODUCTS (JobID: e3ca3c7f-403a-4515-8cbe-77ea1572ba3c)
 - New and modified: 0

[29/Jun/2023:02:00:48] UPDATING PREPAGATI (JobID: 30361931-9368-46ad-8132-bb2061f7d37b)
 - New and modified: 0

[29/Jun/2023:02:00:48] DELETING PREPAGATI (JobID: 30361931-9368-46ad-8132-bb2061f7d37b)
 - Deleted: 0

[29/Jun/2023:02:10:04] UPDATING ACCOUNTS (JobID: 848b1e63-027f-494a-8dda-da1f66097137)
 - New and modified: 0

[29/Jun/2023:02:10:04] DELETING ACCOUNTS (JobID: 848b1e63-027f-494a-8dda-da1f66097137)
 - Deleted: 0

[29/Jun/2023:02:10:40] UPDATING PRODUCTS (JobID: 2d1e8980-4183-48db-a4d0-cdead3b01939)
 - New and modified: 0

[29/Jun/2023:02:10:42] UPDATING PREPAGATI (JobID: f9d27dfd-7fcd-4231-9e7d-3301ad93d46c)
 - New and modified: 0

[29/Jun/2023:02:10:42] DELETING PREPAGATI (JobID: f9d27dfd-7fcd-4231-9e7d-3301ad93d46c)
 - Deleted: 0

[29/Jun/2023:02:20:04] UPDATING ACCOUNTS (JobID: cb41b6cf-1e33-4673-aab5-5e3653576627)
 - New and modified: 0

[29/Jun/2023:02:20:04] DELETING ACCOUNTS (JobID: cb41b6cf-1e33-4673-aab5-5e3653576627)
 - Deleted: 0

[29/Jun/2023:02:20:41] UPDATING PRODUCTS (JobID: ec6931b7-f8c6-400a-8739-1876eb1ab5ac)
 - New and modified: 0

[29/Jun/2023:02:20:43] UPDATING PREPAGATI (JobID: a60374f4-5db5-46dc-b3cf-079a03f59e2d)
 - New and modified: 0

[29/Jun/2023:02:20:43] DELETING PREPAGATI (JobID: a60374f4-5db5-46dc-b3cf-079a03f59e2d)
 - Deleted: 0

[29/Jun/2023:02:40:05] UPDATING ACCOUNTS (JobID: 89cc4d08-ca80-4e64-a294-1a26a1947c7d)
 - New and modified: 0

[29/Jun/2023:02:40:05] DELETING ACCOUNTS (JobID: 89cc4d08-ca80-4e64-a294-1a26a1947c7d)
 - Deleted: 0

[29/Jun/2023:02:40:40] UPDATING PRODUCTS (JobID: 1efe8b9b-eb90-4522-a558-45bece5553a9)
 - New and modified: 0

[29/Jun/2023:02:40:42] UPDATING PREPAGATI (JobID: b024bec1-4a77-44e9-9243-d27c502db5bc)
 - New and modified: 0

[29/Jun/2023:02:40:42] DELETING PREPAGATI (JobID: b024bec1-4a77-44e9-9243-d27c502db5bc)
 - Deleted: 0

[29/Jun/2023:03:00:04] UPDATING ACCOUNTS (JobID: 02db7890-4373-404b-8c98-5e823b2a9128)
 - New and modified: 0

[29/Jun/2023:03:00:04] DELETING ACCOUNTS (JobID: 02db7890-4373-404b-8c98-5e823b2a9128)
 - Deleted: 0

[29/Jun/2023:03:00:42] UPDATING PRODUCTS (JobID: 29492cde-fb9a-4cba-982c-4e988a54cfd7)
 - New and modified: 0

[29/Jun/2023:03:00:44] UPDATING PREPAGATI (JobID: de0dc683-2947-47d6-820f-86176800a8b7)
 - New and modified: 0

[29/Jun/2023:03:00:44] DELETING PREPAGATI (JobID: de0dc683-2947-47d6-820f-86176800a8b7)
 - Deleted: 0

[29/Jun/2023:03:10:05] UPDATING ACCOUNTS (JobID: d0255417-16df-4eb8-8499-65bc828aea6f)
 - New and modified: 0

[29/Jun/2023:03:10:05] DELETING ACCOUNTS (JobID: d0255417-16df-4eb8-8499-65bc828aea6f)
 - Deleted: 0

[29/Jun/2023:03:10:40] UPDATING PRODUCTS (JobID: 76fa7795-1982-41f9-9a84-b44f30d0c922)
 - New and modified: 0

[29/Jun/2023:03:10:42] UPDATING PREPAGATI (JobID: 8d70748d-242b-4449-945b-ab36d13c1a42)
 - New and modified: 0

[29/Jun/2023:03:10:42] DELETING PREPAGATI (JobID: 8d70748d-242b-4449-945b-ab36d13c1a42)
 - Deleted: 0

[29/Jun/2023:03:30:04] UPDATING ACCOUNTS (JobID: 81e1bb79-8ded-4e77-a118-631e067f5bcf)
 - New and modified: 0

[29/Jun/2023:03:30:04] DELETING ACCOUNTS (JobID: 81e1bb79-8ded-4e77-a118-631e067f5bcf)
 - Deleted: 0

[29/Jun/2023:03:30:41] UPDATING PRODUCTS (JobID: 6bbccf63-da6e-41d7-ba50-1a49571379cc)
 - New and modified: 0

[29/Jun/2023:03:30:43] UPDATING PREPAGATI (JobID: 8043294c-9472-41b6-a62c-2bc62862d73b)
 - New and modified: 0

[29/Jun/2023:03:30:43] DELETING PREPAGATI (JobID: 8043294c-9472-41b6-a62c-2bc62862d73b)
 - Deleted: 0

[29/Jun/2023:03:50:04] UPDATING ACCOUNTS (JobID: 2742598b-64bc-4d75-828b-94f5c4b9d3bb)
 - New and modified: 0

[29/Jun/2023:03:50:04] DELETING ACCOUNTS (JobID: 2742598b-64bc-4d75-828b-94f5c4b9d3bb)
 - Deleted: 0

[29/Jun/2023:03:50:44] UPDATING PRODUCTS (JobID: 9e3c1e61-4a26-45d5-bc56-d1859540459b)
 - New and modified: 0

[29/Jun/2023:03:50:47] UPDATING PREPAGATI (JobID: 15210393-588e-4cfb-91d8-91267530780b)
 - New and modified: 0

[29/Jun/2023:03:50:47] DELETING PREPAGATI (JobID: 15210393-588e-4cfb-91d8-91267530780b)
 - Deleted: 0

[29/Jun/2023:04:10:05] UPDATING ACCOUNTS (JobID: a9a2dbc2-c368-4ced-96f6-f80f657ab357)
 - New and modified: 0

[29/Jun/2023:04:10:05] DELETING ACCOUNTS (JobID: a9a2dbc2-c368-4ced-96f6-f80f657ab357)
 - Deleted: 0

[29/Jun/2023:04:10:42] UPDATING PRODUCTS (JobID: c0ed216d-ac15-43d9-80cd-d5a43df0bcdf)
 - New and modified: 0

[29/Jun/2023:04:10:44] UPDATING PREPAGATI (JobID: 26b5d809-38fb-4ef7-92b7-5e7ca3cb4141)
 - New and modified: 0

[29/Jun/2023:04:10:44] DELETING PREPAGATI (JobID: 26b5d809-38fb-4ef7-92b7-5e7ca3cb4141)
 - Deleted: 0

[29/Jun/2023:05:20:05] UPDATING ACCOUNTS (JobID: bdacb212-d2eb-42f9-8896-2930d1121884)
 - New and modified: 0

[29/Jun/2023:05:20:05] DELETING ACCOUNTS (JobID: bdacb212-d2eb-42f9-8896-2930d1121884)
 - Deleted: 0

[29/Jun/2023:05:20:41] UPDATING PRODUCTS (JobID: 597cee35-0070-44cf-8ada-5661b877eb37)
 - New and modified: 0

[29/Jun/2023:05:20:42] UPDATING PREPAGATI (JobID: 7f65dc05-4aa3-42ee-a302-a26808f812a0)
 - New and modified: 0

[29/Jun/2023:05:20:42] DELETING PREPAGATI (JobID: 7f65dc05-4aa3-42ee-a302-a26808f812a0)
 - Deleted: 0

[29/Jun/2023:05:40:05] UPDATING ACCOUNTS (JobID: b32af1a5-ded9-41fc-93cf-0c243e9384cb)
 - New and modified: 0

[29/Jun/2023:05:40:05] DELETING ACCOUNTS (JobID: b32af1a5-ded9-41fc-93cf-0c243e9384cb)
 - Deleted: 0

[29/Jun/2023:05:40:39] UPDATING PRODUCTS (JobID: be410272-e1ff-45ed-a178-d799a74f0232)
 - New and modified: 0

[29/Jun/2023:05:40:41] UPDATING PREPAGATI (JobID: 3fbd074e-5255-4a1f-89c3-264ce3f5552a)
 - New and modified: 0

[29/Jun/2023:05:40:41] DELETING PREPAGATI (JobID: 3fbd074e-5255-4a1f-89c3-264ce3f5552a)
 - Deleted: 0

[29/Jun/2023:06:10:04] UPDATING ACCOUNTS (JobID: 1de5314e-0d6c-42c8-aa28-498ad73b9177)
 - New and modified: 0

[29/Jun/2023:06:10:04] DELETING ACCOUNTS (JobID: 1de5314e-0d6c-42c8-aa28-498ad73b9177)
 - Deleted: 0

[29/Jun/2023:06:10:39] UPDATING PRODUCTS (JobID: 5da5bf74-d3c1-4455-8991-1f9d2e2574b4)
 - New and modified: 0

[29/Jun/2023:06:10:41] UPDATING PREPAGATI (JobID: 830481a2-27ba-4328-b943-d40f4863d5ee)
 - New and modified: 0

[29/Jun/2023:06:10:41] DELETING PREPAGATI (JobID: 830481a2-27ba-4328-b943-d40f4863d5ee)
 - Deleted: 0

[29/Jun/2023:06:20:04] UPDATING ACCOUNTS (JobID: 9599ab24-86c1-4576-902f-c58cd24545d1)
 - New and modified: 0

[29/Jun/2023:06:20:04] DELETING ACCOUNTS (JobID: 9599ab24-86c1-4576-902f-c58cd24545d1)
 - Deleted: 0

[29/Jun/2023:06:20:39] UPDATING PRODUCTS (JobID: 651db6aa-3546-4831-a0e3-89b7e9862362)
 - New and modified: 0

[29/Jun/2023:06:20:41] UPDATING PREPAGATI (JobID: 4605a2a7-2d0d-4a02-bb7e-4dd5f6f10d0a)
 - New and modified: 0

[29/Jun/2023:06:20:41] DELETING PREPAGATI (JobID: 4605a2a7-2d0d-4a02-bb7e-4dd5f6f10d0a)
 - Deleted: 0

[29/Jun/2023:07:20:04] UPDATING ACCOUNTS (JobID: fd9ea448-3c63-482f-8be3-c8c9e7c6d981)
 - New and modified: 0

[29/Jun/2023:07:20:04] DELETING ACCOUNTS (JobID: fd9ea448-3c63-482f-8be3-c8c9e7c6d981)
 - Deleted: 0

[29/Jun/2023:07:20:40] UPDATING PRODUCTS (JobID: feb49d76-955a-4472-87b8-45c77aa971bd)
 - New and modified: 0

[29/Jun/2023:07:20:41] UPDATING PREPAGATI (JobID: cd059be7-6f3a-4ce8-b8f4-c3bfdd9530e7)
 - New and modified: 0

[29/Jun/2023:07:20:41] DELETING PREPAGATI (JobID: cd059be7-6f3a-4ce8-b8f4-c3bfdd9530e7)
 - Deleted: 0

[29/Jun/2023:07:40:05] UPDATING ACCOUNTS (JobID: 231459e2-2ce1-4d58-8153-89f60c33f731)
 - New and modified: 0

[29/Jun/2023:07:40:05] DELETING ACCOUNTS (JobID: 231459e2-2ce1-4d58-8153-89f60c33f731)
 - Deleted: 0

[29/Jun/2023:07:40:40] UPDATING PRODUCTS (JobID: c2a2461f-cfa5-433e-bed6-04c6c1e5294d)
 - New and modified: 0

[29/Jun/2023:07:40:42] UPDATING PREPAGATI (JobID: ed5a7c63-b9b5-465d-8ae8-7ba484e82114)
 - New and modified: 0

[29/Jun/2023:07:40:42] DELETING PREPAGATI (JobID: ed5a7c63-b9b5-465d-8ae8-7ba484e82114)
 - Deleted: 0

[29/Jun/2023:07:50:06] UPDATING ACCOUNTS (JobID: b43fb921-9ed6-4e99-b2b8-7cdfa526f4b5)
 - New and modified: 0

[29/Jun/2023:07:50:06] DELETING ACCOUNTS (JobID: b43fb921-9ed6-4e99-b2b8-7cdfa526f4b5)
 - Deleted: 0

[29/Jun/2023:07:50:42] UPDATING PRODUCTS (JobID: 570ff12f-575a-4d3e-8160-64ddec365e00)
 - New and modified: 0

[29/Jun/2023:07:50:44] UPDATING PREPAGATI (JobID: b8871025-0d21-4918-9559-644370413397)
 - New and modified: 0

[29/Jun/2023:07:50:44] DELETING PREPAGATI (JobID: b8871025-0d21-4918-9559-644370413397)
 - Deleted: 0

[29/Jun/2023:08:00:04] UPDATING ACCOUNTS (JobID: d7a943d5-332e-4dd0-b54f-894a102e74f4)
 - New and modified: 0

[29/Jun/2023:08:00:04] DELETING ACCOUNTS (JobID: d7a943d5-332e-4dd0-b54f-894a102e74f4)
 - Deleted: 0

[29/Jun/2023:08:00:42] UPDATING PRODUCTS (JobID: d5ce06ce-2f3b-49ce-a939-b01dcb567ca9)
 - New and modified: 0

[29/Jun/2023:08:00:44] UPDATING PREPAGATI (JobID: 7c7f12cc-0617-4048-87f5-e97c6ad57f19)
 - New and modified: 0

[29/Jun/2023:08:00:44] DELETING PREPAGATI (JobID: 7c7f12cc-0617-4048-87f5-e97c6ad57f19)
 - Deleted: 0

[29/Jun/2023:08:40:04] UPDATING ACCOUNTS (JobID: fe8f2ab9-7788-4b8f-8ce0-d897e6ed29b5)
 - New and modified: 0

[29/Jun/2023:08:40:04] DELETING ACCOUNTS (JobID: fe8f2ab9-7788-4b8f-8ce0-d897e6ed29b5)
 - Deleted: 0

[29/Jun/2023:08:40:38] UPDATING PRODUCTS (JobID: aa9ee736-53d7-457c-a63d-b6de42f67b72)
 - New and modified: 0

[29/Jun/2023:08:40:40] UPDATING PREPAGATI (JobID: 69c9ca29-7d52-4768-91fe-9f0c435063b6)
 - New and modified: 0

[29/Jun/2023:08:40:40] DELETING PREPAGATI (JobID: 69c9ca29-7d52-4768-91fe-9f0c435063b6)
 - Deleted: 0

[29/Jun/2023:09:00:05] UPDATING ACCOUNTS (JobID: a5f93625-8775-4a3d-9cd2-9533a41181c4)
 - New and modified: 0

[29/Jun/2023:09:00:05] DELETING ACCOUNTS (JobID: a5f93625-8775-4a3d-9cd2-9533a41181c4)
 - Deleted: 0

[29/Jun/2023:09:00:41] UPDATING PRODUCTS (JobID: 9672b507-92ce-4355-bd39-8370861ca7ce)
 - New and modified: 0

[29/Jun/2023:09:00:43] UPDATING PREPAGATI (JobID: 761a18a1-f0e5-4cf7-930f-fa6e96302261)
 - New and modified: 0

[29/Jun/2023:09:00:43] DELETING PREPAGATI (JobID: 761a18a1-f0e5-4cf7-930f-fa6e96302261)
 - Deleted: 0

[29/Jun/2023:09:20:05] UPDATING ACCOUNTS (JobID: ac676fad-43d9-4197-97c3-c6adbccc9bae)
 - New and modified: 0

[29/Jun/2023:09:20:05] DELETING ACCOUNTS (JobID: ac676fad-43d9-4197-97c3-c6adbccc9bae)
 - Deleted: 0

[29/Jun/2023:09:20:40] UPDATING PRODUCTS (JobID: 62dbc4ac-d288-4899-87e1-cef0f9ce1a8f)
 - New and modified: 0

[29/Jun/2023:09:20:42] UPDATING PREPAGATI (JobID: da30d023-b7a9-440e-91d7-67eda04f8b16)
 - New and modified: 0

[29/Jun/2023:09:20:42] DELETING PREPAGATI (JobID: da30d023-b7a9-440e-91d7-67eda04f8b16)
 - Deleted: 0

[29/Jun/2023:09:30:04] UPDATING ACCOUNTS (JobID: 7fbb9118-723d-43ee-a560-52b708e906eb)
 - New and modified: 1
   0000149

[29/Jun/2023:09:30:04] DELETING ACCOUNTS (JobID: 7fbb9118-723d-43ee-a560-52b708e906eb)
 - Deleted: 0

[29/Jun/2023:09:30:40] UPDATING PRODUCTS (JobID: 0b2273cf-de54-4d97-a6e6-a6a89ab0813b)
 - New and modified: 0

[29/Jun/2023:09:30:42] UPDATING PREPAGATI (JobID: 8fdf1ab7-d5a4-432b-8ee7-0d0d33c34c58)
 - New and modified: 0

[29/Jun/2023:09:30:42] DELETING PREPAGATI (JobID: 8fdf1ab7-d5a4-432b-8ee7-0d0d33c34c58)
 - Deleted: 0

[29/Jun/2023:09:50:04] UPDATING ACCOUNTS (JobID: 9463bff0-43fb-4151-9341-d18d0d241df5)
 - New and modified: 0

[29/Jun/2023:09:50:04] DELETING ACCOUNTS (JobID: 9463bff0-43fb-4151-9341-d18d0d241df5)
 - Deleted: 0

[29/Jun/2023:09:50:38] UPDATING PRODUCTS (JobID: 4084b4f3-ed09-423a-beb7-a28b38e8f35c)
 - New and modified: 0

[29/Jun/2023:09:50:40] UPDATING PREPAGATI (JobID: 4b057726-d138-41f0-8cc2-ae884c30a7c8)
 - New and modified: 0

[29/Jun/2023:09:50:40] DELETING PREPAGATI (JobID: 4b057726-d138-41f0-8cc2-ae884c30a7c8)
 - Deleted: 0

[29/Jun/2023:10:10:04] UPDATING ACCOUNTS (JobID: 8f29a97a-81f5-4abd-89a6-e6f572934884)
 - New and modified: 0

[29/Jun/2023:10:10:04] DELETING ACCOUNTS (JobID: 8f29a97a-81f5-4abd-89a6-e6f572934884)
 - Deleted: 0

[29/Jun/2023:10:10:38] UPDATING PRODUCTS (JobID: 4cbcec07-0eed-4882-94d7-b926bef56171)
 - New and modified: 0

[29/Jun/2023:10:10:39] UPDATING PREPAGATI (JobID: 332a2543-f63a-4093-8ca6-8f0628d98659)
 - New and modified: 0

[29/Jun/2023:10:10:39] DELETING PREPAGATI (JobID: 332a2543-f63a-4093-8ca6-8f0628d98659)
 - Deleted: 0

[29/Jun/2023:10:20:04] UPDATING ACCOUNTS (JobID: e363e326-ea91-4f30-b96e-166c1dc35dc1)
 - New and modified: 0

[29/Jun/2023:10:20:04] DELETING ACCOUNTS (JobID: e363e326-ea91-4f30-b96e-166c1dc35dc1)
 - Deleted: 0

[29/Jun/2023:10:20:38] UPDATING PRODUCTS (JobID: 81439c92-f31a-4316-a403-40b71a7f9dbd)
 - New and modified: 0

[29/Jun/2023:10:20:40] UPDATING PREPAGATI (JobID: fb1148ef-c7fb-49e5-9c50-5068081b009f)
 - New and modified: 0

[29/Jun/2023:10:20:40] DELETING PREPAGATI (JobID: fb1148ef-c7fb-49e5-9c50-5068081b009f)
 - Deleted: 0

[29/Jun/2023:10:50:09] UPDATING ACCOUNTS (JobID: 68a767d3-9dd5-4336-9893-13c8caf494e7)
 - New and modified: 0

[29/Jun/2023:10:50:09] DELETING ACCOUNTS (JobID: 68a767d3-9dd5-4336-9893-13c8caf494e7)
 - Deleted: 0

[29/Jun/2023:10:50:42] UPDATING PRODUCTS (JobID: e2fc2bbe-92f6-484c-8ed2-c0a2b7e0c235)
 - New and modified: 0

[29/Jun/2023:10:50:45] UPDATING PREPAGATI (JobID: 54ef2e2a-a469-4420-8240-e1567c30381e)
 - New and modified: 0

[29/Jun/2023:10:50:45] DELETING PREPAGATI (JobID: 54ef2e2a-a469-4420-8240-e1567c30381e)
 - Deleted: 0

[29/Jun/2023:11:10:04] UPDATING ACCOUNTS (JobID: 7d953fc1-30a3-4e09-9c6a-bdcc4cffb036)
 - New and modified: 0

[29/Jun/2023:11:10:04] DELETING ACCOUNTS (JobID: 7d953fc1-30a3-4e09-9c6a-bdcc4cffb036)
 - Deleted: 0

[29/Jun/2023:11:10:37] UPDATING PRODUCTS (JobID: 2cbdb0ea-a5f7-4418-81ba-67b30b2d7800)
 - New and modified: 0

[29/Jun/2023:11:10:39] UPDATING PREPAGATI (JobID: 01f37a78-4fb4-4dc6-8339-1a71104f96be)
 - New and modified: 0

[29/Jun/2023:11:10:39] DELETING PREPAGATI (JobID: 01f37a78-4fb4-4dc6-8339-1a71104f96be)
 - Deleted: 0

[29/Jun/2023:11:20:04] UPDATING ACCOUNTS (JobID: 23307a51-7b0f-4228-a65e-9fe8e55962f6)
 - New and modified: 0

[29/Jun/2023:11:20:04] DELETING ACCOUNTS (JobID: 23307a51-7b0f-4228-a65e-9fe8e55962f6)
 - Deleted: 0

[29/Jun/2023:11:20:38] UPDATING PRODUCTS (JobID: b7f2adb2-fd24-4f3c-8573-4d21879bd899)
 - New and modified: 0

[29/Jun/2023:11:20:39] UPDATING PREPAGATI (JobID: a43e73a8-aadb-4b92-a0d8-b3f8714847ed)
 - New and modified: 0

[29/Jun/2023:11:20:39] DELETING PREPAGATI (JobID: a43e73a8-aadb-4b92-a0d8-b3f8714847ed)
 - Deleted: 0

[29/Jun/2023:11:30:04] UPDATING ACCOUNTS (JobID: ac9b6f86-5269-4203-9eec-465628702edc)
 - New and modified: 0

[29/Jun/2023:11:30:04] DELETING ACCOUNTS (JobID: ac9b6f86-5269-4203-9eec-465628702edc)
 - Deleted: 0

[29/Jun/2023:11:30:36] UPDATING PRODUCTS (JobID: 078e7107-ddea-4f0f-ad05-b648f6964a49)
 - New and modified: 0

[29/Jun/2023:11:30:38] UPDATING PREPAGATI (JobID: a06923ba-1615-49bd-840d-1a36b34cfb8c)
 - New and modified: 0

[29/Jun/2023:11:30:38] DELETING PREPAGATI (JobID: a06923ba-1615-49bd-840d-1a36b34cfb8c)
 - Deleted: 0

[29/Jun/2023:11:40:03] UPDATING ACCOUNTS (JobID: 87d85305-cc1a-4221-a240-fd7147dee5fe)
 - New and modified: 0

[29/Jun/2023:11:40:03] DELETING ACCOUNTS (JobID: 87d85305-cc1a-4221-a240-fd7147dee5fe)
 - Deleted: 0

[29/Jun/2023:11:40:36] UPDATING PRODUCTS (JobID: f723d0c6-fdf4-442e-8799-a08049f453dd)
 - New and modified: 0

[29/Jun/2023:11:40:38] UPDATING PREPAGATI (JobID: 98fc6a80-9bd3-4a8c-8196-506cc2d54898)
 - New and modified: 0

[29/Jun/2023:11:40:38] DELETING PREPAGATI (JobID: 98fc6a80-9bd3-4a8c-8196-506cc2d54898)
 - Deleted: 0

[29/Jun/2023:12:10:04] UPDATING ACCOUNTS (JobID: abcf9702-44e5-4ad9-8830-cfaa9dcc49f6)
 - New and modified: 0

[29/Jun/2023:12:10:04] DELETING ACCOUNTS (JobID: abcf9702-44e5-4ad9-8830-cfaa9dcc49f6)
 - Deleted: 0

[29/Jun/2023:12:10:37] UPDATING PRODUCTS (JobID: 402f74a9-e484-4b0c-b7d8-890c15667abc)
 - New and modified: 0

[29/Jun/2023:12:10:38] UPDATING PREPAGATI (JobID: f8add798-e4dd-40e2-9991-43b9fa40a1a3)
 - New and modified: 0

[29/Jun/2023:12:10:38] DELETING PREPAGATI (JobID: f8add798-e4dd-40e2-9991-43b9fa40a1a3)
 - Deleted: 0

[29/Jun/2023:12:20:04] UPDATING ACCOUNTS (JobID: e2eeae2a-b30a-4e5d-853a-e5e1dd213550)
 - New and modified: 0

[29/Jun/2023:12:20:04] DELETING ACCOUNTS (JobID: e2eeae2a-b30a-4e5d-853a-e5e1dd213550)
 - Deleted: 0

[29/Jun/2023:12:20:37] UPDATING PRODUCTS (JobID: 9caa25d6-3ace-4263-8f28-4d3bada8fd5b)
 - New and modified: 0

[29/Jun/2023:12:20:39] UPDATING PREPAGATI (JobID: f810651c-6b21-4632-8cf7-a2d36046e333)
 - New and modified: 0

[29/Jun/2023:12:20:39] DELETING PREPAGATI (JobID: f810651c-6b21-4632-8cf7-a2d36046e333)
 - Deleted: 0

[29/Jun/2023:12:50:04] UPDATING ACCOUNTS (JobID: 9bbf88df-1c49-4a39-b41f-2fba76bd6be2)
 - New and modified: 0

[29/Jun/2023:12:50:04] DELETING ACCOUNTS (JobID: 9bbf88df-1c49-4a39-b41f-2fba76bd6be2)
 - Deleted: 0

[29/Jun/2023:12:50:35] UPDATING PRODUCTS (JobID: 6c84013e-df74-4457-9440-a9b51a1b2b7e)
 - New and modified: 0

[29/Jun/2023:12:50:37] UPDATING PREPAGATI (JobID: 27f43003-29bf-4d5d-aa28-8e2b449c5d43)
 - New and modified: 0

[29/Jun/2023:12:50:37] DELETING PREPAGATI (JobID: 27f43003-29bf-4d5d-aa28-8e2b449c5d43)
 - Deleted: 0

[29/Jun/2023:13:00:05] UPDATING ACCOUNTS (JobID: 44ecd18d-ffe1-4b2d-9af9-42b5a935b888)
 - New and modified: 1
   0000103

[29/Jun/2023:13:00:05] DELETING ACCOUNTS (JobID: 44ecd18d-ffe1-4b2d-9af9-42b5a935b888)
 - Deleted: 0

[29/Jun/2023:13:00:37] UPDATING PRODUCTS (JobID: c7a1e095-e188-4f39-ab68-030c6512fe90)
 - New and modified: 0

[29/Jun/2023:13:00:39] UPDATING PREPAGATI (JobID: 2a55a4e7-8411-47b2-83c3-8a7fc6a3ad8a)
 - New and modified: 0

[29/Jun/2023:13:00:39] DELETING PREPAGATI (JobID: 2a55a4e7-8411-47b2-83c3-8a7fc6a3ad8a)
 - Deleted: 0

[29/Jun/2023:13:30:04] UPDATING ACCOUNTS (JobID: 940f8654-0c30-4df5-b849-3b708a79b9ff)
 - New and modified: 0

[29/Jun/2023:13:30:04] DELETING ACCOUNTS (JobID: 940f8654-0c30-4df5-b849-3b708a79b9ff)
 - Deleted: 0

[29/Jun/2023:13:30:37] UPDATING PRODUCTS (JobID: b72e1ca3-eda8-4c2f-bf5e-63b521624fda)
 - New and modified: 0

[29/Jun/2023:13:30:38] UPDATING PREPAGATI (JobID: f3b569a2-3f8e-4be0-915a-30ffda7362fa)
 - New and modified: 0

[29/Jun/2023:13:30:38] DELETING PREPAGATI (JobID: f3b569a2-3f8e-4be0-915a-30ffda7362fa)
 - Deleted: 0

[29/Jun/2023:13:50:03] UPDATING ACCOUNTS (JobID: f2ed485a-a1e3-4b66-a464-5b2be428b866)
 - New and modified: 0

[29/Jun/2023:13:50:04] DELETING ACCOUNTS (JobID: f2ed485a-a1e3-4b66-a464-5b2be428b866)
 - Deleted: 0

[29/Jun/2023:13:50:36] UPDATING PRODUCTS (JobID: 036768d8-c631-413c-9d8c-e84d564fe218)
 - New and modified: 0

[29/Jun/2023:13:50:37] UPDATING PREPAGATI (JobID: 4410a7bd-0556-41c8-bfbf-63c99dd27d46)
 - New and modified: 0

[29/Jun/2023:13:50:37] DELETING PREPAGATI (JobID: 4410a7bd-0556-41c8-bfbf-63c99dd27d46)
 - Deleted: 0

[29/Jun/2023:14:30:04] UPDATING ACCOUNTS (JobID: df5232a7-446f-47dc-af5f-8501fe23d575)
 - New and modified: 0

[29/Jun/2023:14:30:04] DELETING ACCOUNTS (JobID: df5232a7-446f-47dc-af5f-8501fe23d575)
 - Deleted: 0

[29/Jun/2023:14:30:36] UPDATING PRODUCTS (JobID: 814c4288-41db-4e09-8595-a94590bd959d)
 - New and modified: 0

[29/Jun/2023:14:30:38] UPDATING PREPAGATI (JobID: 36143238-ee40-4d1e-afea-72f7f0730bab)
 - New and modified: 0

[29/Jun/2023:14:30:38] DELETING PREPAGATI (JobID: 36143238-ee40-4d1e-afea-72f7f0730bab)
 - Deleted: 0

[29/Jun/2023:14:40:04] UPDATING ACCOUNTS (JobID: 14ec24db-2521-4098-8a71-8de28bb03090)
 - New and modified: 0

[29/Jun/2023:14:40:04] DELETING ACCOUNTS (JobID: 14ec24db-2521-4098-8a71-8de28bb03090)
 - Deleted: 0

[29/Jun/2023:14:40:39] UPDATING PRODUCTS (JobID: 675109ed-0651-4d71-9597-0a4484c5a8c2)
 - New and modified: 0

[29/Jun/2023:14:40:41] UPDATING PREPAGATI (JobID: e0f49cb4-02f7-488a-8b8f-1c57e5621649)
 - New and modified: 0

[29/Jun/2023:14:40:41] DELETING PREPAGATI (JobID: e0f49cb4-02f7-488a-8b8f-1c57e5621649)
 - Deleted: 0

[29/Jun/2023:14:50:04] UPDATING ACCOUNTS (JobID: 2d110001-90c6-465e-9a31-4e99ca5405e4)
 - New and modified: 0

[29/Jun/2023:14:50:04] DELETING ACCOUNTS (JobID: 2d110001-90c6-465e-9a31-4e99ca5405e4)
 - Deleted: 0

[29/Jun/2023:14:50:37] UPDATING PRODUCTS (JobID: 8d63609f-84da-45fb-a449-328e3b6c53a3)
 - New and modified: 0

[29/Jun/2023:14:50:39] UPDATING PREPAGATI (JobID: 67867434-0908-4ce4-95ec-fd976317804a)
 - New and modified: 0

[29/Jun/2023:14:50:39] DELETING PREPAGATI (JobID: 67867434-0908-4ce4-95ec-fd976317804a)
 - Deleted: 0

[29/Jun/2023:15:20:05] UPDATING ACCOUNTS (JobID: 0e4f9a2a-d9bc-4cd7-a149-0b1f50a50c98)
 - New and modified: 0

[29/Jun/2023:15:20:05] DELETING ACCOUNTS (JobID: 0e4f9a2a-d9bc-4cd7-a149-0b1f50a50c98)
 - Deleted: 0

[29/Jun/2023:15:20:41] UPDATING PRODUCTS (JobID: 14211065-b223-40a3-bbb6-ef4697d95394)
 - New and modified: 0

[29/Jun/2023:15:20:43] UPDATING PREPAGATI (JobID: 0dd23dcf-2392-455a-88ba-fef20f28707c)
 - New and modified: 0

[29/Jun/2023:15:20:43] DELETING PREPAGATI (JobID: 0dd23dcf-2392-455a-88ba-fef20f28707c)
 - Deleted: 0

[29/Jun/2023:15:30:04] UPDATING ACCOUNTS (JobID: 5bb922f6-1032-43c1-83ea-78a4e2424716)
 - New and modified: 0

[29/Jun/2023:15:30:04] DELETING ACCOUNTS (JobID: 5bb922f6-1032-43c1-83ea-78a4e2424716)
 - Deleted: 0

[29/Jun/2023:15:30:39] UPDATING PRODUCTS (JobID: 33570797-b4db-4da9-a77a-51d6bcf3447b)
 - New and modified: 0

[29/Jun/2023:15:30:41] UPDATING PREPAGATI (JobID: a3152a19-85e8-49ea-b7f9-31667f0e73ae)
 - New and modified: 0

[29/Jun/2023:15:30:41] DELETING PREPAGATI (JobID: a3152a19-85e8-49ea-b7f9-31667f0e73ae)
 - Deleted: 0

[29/Jun/2023:16:00:05] UPDATING ACCOUNTS (JobID: 69453466-5574-475a-9c77-32b6ba6bd182)
 - New and modified: 0

[29/Jun/2023:16:00:05] DELETING ACCOUNTS (JobID: 69453466-5574-475a-9c77-32b6ba6bd182)
 - Deleted: 0

[29/Jun/2023:16:00:41] UPDATING PRODUCTS (JobID: 40861198-50d7-4f41-aca1-120fc32ed199)
 - New and modified: 0

[29/Jun/2023:16:00:42] UPDATING PREPAGATI (JobID: fab19875-5035-4802-b5b4-c2bbcf058b15)
 - New and modified: 0

[29/Jun/2023:16:00:42] DELETING PREPAGATI (JobID: fab19875-5035-4802-b5b4-c2bbcf058b15)
 - Deleted: 0

[29/Jun/2023:17:20:04] UPDATING ACCOUNTS (JobID: ab38c33f-89b8-42b5-bbb5-70228c0cc139)
 - New and modified: 0

[29/Jun/2023:17:20:04] DELETING ACCOUNTS (JobID: ab38c33f-89b8-42b5-bbb5-70228c0cc139)
 - Deleted: 0

[29/Jun/2023:17:20:38] UPDATING PRODUCTS (JobID: 7aae3ffc-6a46-4ab8-b121-755577c98a87)
 - New and modified: 0

[29/Jun/2023:17:20:40] UPDATING PREPAGATI (JobID: e29a927d-5a3a-4dfe-ac5c-1ce812537a1f)
 - New and modified: 0

[29/Jun/2023:17:20:40] DELETING PREPAGATI (JobID: e29a927d-5a3a-4dfe-ac5c-1ce812537a1f)
 - Deleted: 0

[29/Jun/2023:17:50:04] UPDATING ACCOUNTS (JobID: c9b6e289-43fa-40fe-a2e2-0199dba353d3)
 - New and modified: 0

[29/Jun/2023:17:50:04] DELETING ACCOUNTS (JobID: c9b6e289-43fa-40fe-a2e2-0199dba353d3)
 - Deleted: 0

[29/Jun/2023:17:50:38] UPDATING PRODUCTS (JobID: aa53d66f-c45e-4503-9460-60048a562758)
 - New and modified: 0

[29/Jun/2023:17:50:40] UPDATING PREPAGATI (JobID: 2caebfa5-22aa-4b56-91a5-a918ae451c69)
 - New and modified: 0

[29/Jun/2023:17:50:40] DELETING PREPAGATI (JobID: 2caebfa5-22aa-4b56-91a5-a918ae451c69)
 - Deleted: 0

[29/Jun/2023:18:00:07] UPDATING ACCOUNTS (JobID: 4ff57378-2ec7-46bd-a7dc-cbcb68008646)
 - New and modified: 0

[29/Jun/2023:18:00:07] DELETING ACCOUNTS (JobID: 4ff57378-2ec7-46bd-a7dc-cbcb68008646)
 - Deleted: 0

[29/Jun/2023:18:00:51] UPDATING PRODUCTS (JobID: 33afed5d-1d67-4c11-99cb-b3c734243ee7)
 - New and modified: 0

[29/Jun/2023:18:00:56] UPDATING PREPAGATI (JobID: 26379f8b-9c27-4a70-b903-8dfb09705491)
 - New and modified: 0

[29/Jun/2023:18:00:56] DELETING PREPAGATI (JobID: 26379f8b-9c27-4a70-b903-8dfb09705491)
 - Deleted: 0

[29/Jun/2023:18:20:04] UPDATING ACCOUNTS (JobID: 2ad7c8fe-1db8-4131-b677-f67fbcd3966a)
 - New and modified: 0

[29/Jun/2023:18:20:04] DELETING ACCOUNTS (JobID: 2ad7c8fe-1db8-4131-b677-f67fbcd3966a)
 - Deleted: 0

[29/Jun/2023:18:20:39] UPDATING PRODUCTS (JobID: 795a99c2-9e46-433e-ae5c-f191e208a095)
 - New and modified: 0

[29/Jun/2023:18:20:41] UPDATING PREPAGATI (JobID: 01c3ccb7-aec5-4768-959d-656521cbc273)
 - New and modified: 0

[29/Jun/2023:18:20:41] DELETING PREPAGATI (JobID: 01c3ccb7-aec5-4768-959d-656521cbc273)
 - Deleted: 0

[29/Jun/2023:18:30:04] UPDATING ACCOUNTS (JobID: a99c36bd-9a4c-46ad-a0e4-e4b0b24d34ca)
 - New and modified: 0

[29/Jun/2023:18:30:04] DELETING ACCOUNTS (JobID: a99c36bd-9a4c-46ad-a0e4-e4b0b24d34ca)
 - Deleted: 0

[29/Jun/2023:18:30:39] UPDATING PRODUCTS (JobID: 353d236a-e48e-4586-85a9-9523b5a2a91f)
 - New and modified: 0

[29/Jun/2023:18:30:41] UPDATING PREPAGATI (JobID: e9b35e22-8b20-4437-a649-5c739ee0910d)
 - New and modified: 0

[29/Jun/2023:18:30:41] DELETING PREPAGATI (JobID: e9b35e22-8b20-4437-a649-5c739ee0910d)
 - Deleted: 0

[29/Jun/2023:19:00:16] UPDATING ACCOUNTS (JobID: 684857f4-b603-4eaf-8652-720b5b306e01)
 - New and modified: 0

[29/Jun/2023:19:00:16] DELETING ACCOUNTS (JobID: 684857f4-b603-4eaf-8652-720b5b306e01)
 - Deleted: 0

[29/Jun/2023:19:00:50] UPDATING PRODUCTS (JobID: 63279213-13a6-4baa-b166-1ce5f64d4f11)
 - New and modified: 0

[29/Jun/2023:19:00:52] UPDATING PREPAGATI (JobID: b8bccd19-4f9c-4fb8-913b-0074748bea0f)
 - New and modified: 0

[29/Jun/2023:19:00:52] DELETING PREPAGATI (JobID: b8bccd19-4f9c-4fb8-913b-0074748bea0f)
 - Deleted: 0

[29/Jun/2023:20:00:04] UPDATING ACCOUNTS (JobID: 6c02deae-7593-4b40-9fc5-a788ff8b6754)
 - New and modified: 0

[29/Jun/2023:20:00:04] DELETING ACCOUNTS (JobID: 6c02deae-7593-4b40-9fc5-a788ff8b6754)
 - Deleted: 0

[29/Jun/2023:20:00:37] UPDATING PRODUCTS (JobID: adbbb734-12fe-44c0-a6d7-c4da5f5a476f)
 - New and modified: 0

[29/Jun/2023:20:00:39] UPDATING PREPAGATI (JobID: 206d5306-6d4f-402a-b9c4-6121c76c9810)
 - New and modified: 0

[29/Jun/2023:20:00:39] DELETING PREPAGATI (JobID: 206d5306-6d4f-402a-b9c4-6121c76c9810)
 - Deleted: 0

[29/Jun/2023:20:20:05] UPDATING ACCOUNTS (JobID: fa59e89c-3854-49d6-b28d-198591d5f942)
 - New and modified: 0

[29/Jun/2023:20:20:05] DELETING ACCOUNTS (JobID: fa59e89c-3854-49d6-b28d-198591d5f942)
 - Deleted: 0

[29/Jun/2023:20:20:39] UPDATING PRODUCTS (JobID: 41bbd09b-4294-4b1e-b425-5ae5727669ef)
 - New and modified: 0

[29/Jun/2023:20:20:41] UPDATING PREPAGATI (JobID: 4e2eeb5a-a32c-4cb7-8808-166d559ce6f7)
 - New and modified: 0

[29/Jun/2023:20:20:41] DELETING PREPAGATI (JobID: 4e2eeb5a-a32c-4cb7-8808-166d559ce6f7)
 - Deleted: 0

[29/Jun/2023:20:40:04] UPDATING ACCOUNTS (JobID: c175d76e-c275-440a-a7b1-47a97f6c1d29)
 - New and modified: 0

[29/Jun/2023:20:40:04] DELETING ACCOUNTS (JobID: c175d76e-c275-440a-a7b1-47a97f6c1d29)
 - Deleted: 0

[29/Jun/2023:20:40:39] UPDATING PRODUCTS (JobID: aeba21c8-3e0a-43d7-b892-947dee1c6d87)
 - New and modified: 0

[29/Jun/2023:20:40:41] UPDATING PREPAGATI (JobID: ac16f0f4-7803-4a82-ac17-54f0fe50f396)
 - New and modified: 0

[29/Jun/2023:20:40:41] DELETING PREPAGATI (JobID: ac16f0f4-7803-4a82-ac17-54f0fe50f396)
 - Deleted: 0

[29/Jun/2023:21:00:04] UPDATING ACCOUNTS (JobID: f52688d0-efc1-42a0-a323-3b87997824a6)
 - New and modified: 0

[29/Jun/2023:21:00:04] DELETING ACCOUNTS (JobID: f52688d0-efc1-42a0-a323-3b87997824a6)
 - Deleted: 0

[29/Jun/2023:21:00:38] UPDATING PRODUCTS (JobID: 434e6969-505b-4df5-a0be-ebad628ce976)
 - New and modified: 0

[29/Jun/2023:21:00:40] UPDATING PREPAGATI (JobID: a512f269-f86e-49d8-92ce-cfe3c1ec2bfc)
 - New and modified: 0

[29/Jun/2023:21:00:40] DELETING PREPAGATI (JobID: a512f269-f86e-49d8-92ce-cfe3c1ec2bfc)
 - Deleted: 0

[29/Jun/2023:21:30:04] UPDATING ACCOUNTS (JobID: af1d884a-b4f8-4de3-96b0-1789d3f5998a)
 - New and modified: 0

[29/Jun/2023:21:30:04] DELETING ACCOUNTS (JobID: af1d884a-b4f8-4de3-96b0-1789d3f5998a)
 - Deleted: 0

[29/Jun/2023:21:30:37] UPDATING PRODUCTS (JobID: 8b4e6290-716d-4a53-b79e-c7999d63beb1)
 - New and modified: 0

[29/Jun/2023:21:30:38] UPDATING PREPAGATI (JobID: 6ef078e3-2f26-4a3d-8085-502010f54cf3)
 - New and modified: 0

[29/Jun/2023:21:30:38] DELETING PREPAGATI (JobID: 6ef078e3-2f26-4a3d-8085-502010f54cf3)
 - Deleted: 0

[29/Jun/2023:22:40:04] UPDATING ACCOUNTS (JobID: ff658161-27ea-4a3b-9b2e-44058b5965c1)
 - New and modified: 0

[29/Jun/2023:22:40:04] DELETING ACCOUNTS (JobID: ff658161-27ea-4a3b-9b2e-44058b5965c1)
 - Deleted: 0

[29/Jun/2023:22:40:36] UPDATING PRODUCTS (JobID: 0e3d5c3b-6601-4424-bb3d-4c723509da50)
 - New and modified: 0

[29/Jun/2023:22:40:38] UPDATING PREPAGATI (JobID: 0eb3fa7e-f201-48a4-b017-8b294e14f3ac)
 - New and modified: 0

[29/Jun/2023:22:40:38] DELETING PREPAGATI (JobID: 0eb3fa7e-f201-48a4-b017-8b294e14f3ac)
 - Deleted: 0

[29/Jun/2023:23:40:04] UPDATING ACCOUNTS (JobID: c28ebc36-b706-44e7-86c2-0a5946964d00)
 - New and modified: 0

[29/Jun/2023:23:40:04] DELETING ACCOUNTS (JobID: c28ebc36-b706-44e7-86c2-0a5946964d00)
 - Deleted: 0

[29/Jun/2023:23:40:38] UPDATING PRODUCTS (JobID: 9382835c-6f68-4837-ac75-4d8886ed4c15)
 - New and modified: 0

[29/Jun/2023:23:40:39] UPDATING PREPAGATI (JobID: fae990c7-a18e-4025-8009-0e5d26de5968)
 - New and modified: 0

[29/Jun/2023:23:40:39] DELETING PREPAGATI (JobID: fae990c7-a18e-4025-8009-0e5d26de5968)
 - Deleted: 0

